# Seed = 0.985948783366
# Site = pointlakeshore
# Method = spls-select
# fold = 1
# threshold = 1.90677422709
# requested specificity = 0.875
# actual training-set specificity = 0.884615384615
# tpos = 3
# tneg = 11
# fpos = 3
# fneg = 0
# raw predictions:
[1.6293812 2.6456082 1.1867844 2.080274 1.7349268 1.8614923 1.1375982
 2.9021945 2.7944073 -0.19161482 0.93099303 1.3061472 1.068722 2.0486515
 0.51686196 1.8148054 2.0546397]
# truth:
[0.47712126 1.2944662 1.5943926 3.2980448 0.49136169 1.7972675 0.0
 2.4201208 3.1911994 1.3201463 0.99122608 1.4653829 1.7299743 1.1903317
 2.1975562 2.0827854 1.607455]
# fitted:
[2.5859253349553404, 1.0487262857006952, 1.7516882771768292, 2.17667453895063, 2.0258274431121532, 1.2280350102936026, 0.96806601478654553, 0.95750706896834692, 1.1504617650158644, 1.904789678860436, 1.5239447561992001, 1.0874432048580114, 1.8063857857628558, 1.7831552473310037, 1.2556496609075245, 1.6154282719835311, 1.8458923321676048, 1.5957833128851182, 1.496950532458773, 2.43453660897817, 1.4802815777298906, 0.90683555436422525, 0.76960945542204495, 1.2306334951919304, 2.291799209233721, 1.6421689477005523, 1.2659359001319204, 1.5160482353225127, 1.7418703507162516, 1.6002466836191285, 1.4364819440948164, 1.4925808353914922, 1.9970792822516268, 2.031252574000612, 3.060282252631618, 1.2248814145935487, 2.29360061855274, 1.5840756553376312, 1.5164741933729218, 0.91677634475332748, 0.7606376466563346, 0.7087373986550306, 0.83094476783079496, 2.258956687938201, 2.2322021339716116, 0.93674450888182048, 0.80218582024090179, 0.86454587641857494, 1.177327688747456, 1.0631704352907545, 0.36399097929235114, 1.74350278860439, 0.32081229012782631, 1.6782054792926393, 1.3663266754495398, 1.9067742270926322, 1.762883703911947, 1.4482742334402903, 1.8044095611940831, 1.5917292144903483, 1.7582386017077245]
# actual:
[2.886547123, 1.907411361, 1.227886705, 1.774516966, 1.769377326, 0.30102999600000002, 0.87506126299999998, 0.61278385700000004, 0.61278385700000004, 2.495544338, 2.561816664, 1.193124598, 1.72427587, 1.489958479, 0.79934054899999996, 1.434568904, 1.812913357, 1.555094449, 1.589949601, 3.238773502, 1.600972896, 1.206825876, 0.70757017600000005, 0.0, 2.454997217, 1.784617293, 1.271841607, 1.238046103, 1.309630167, 1.59439255, 1.334453751, 0.30102999600000002, 1.588831726, 1.913813852, 3.298044843, 1.779596491, 3.113843119, 2.061829307, 1.675778342, 0.70757017600000005, 0.0, 1.127104798, 1.120573931, 2.058805487, 2.033825694, 1.537819095, 0.0, 1.394451681, 1.439332694, 1.376576957, 0.98677173399999996, 1.682145076, 1.025305865, 2.208441356, 1.037426498, 0.71600334399999999, 0.61278385700000004, 0.30102999600000002, 3.383743576, 2.45909079, 2.314709693]
# fold = 2
# threshold = 2.15116259034
# requested specificity = 0.975609756098
# actual training-set specificity = 0.981132075472
# tpos = 0
# tneg = 13
# fpos = 0
# fneg = 2
# raw predictions:
[1.6405497 2.0434674 1.9485073 1.0431015 1.4198619 1.6630721 1.0348278
 1.7688407 1.6601208 0.89804438 1.3558701 1.8223671 1.5165773 1.1988115
 1.131931]
# truth:
[0.61278386 1.7242759 3.2387735 1.2068259 0.0 1.3096302 1.7795965 3.1138431
 1.6757783 0.70757018 0.0 2.0338257 0.0 2.2084414 1.0374265]
# fitted:
[1.327405017370059, 1.7645359288660725, 2.2936096180918497, 1.478555481943625, 2.1701463005178407, 2.151162590342548, 1.8542154841746135, 1.386195625251275, 1.7250921441239493, 1.5668616115542804, 1.4402159792650167, 2.1877549323967025, 1.7932392979783818, 2.1120461929815493, 1.6747656309401688, 1.4262615384464081, 1.0756869005558143, 1.3323075101008943, 1.3935833007689573, 1.6223264978470782, 2.0045401648674894, 1.3933709987722849, 1.5289206607918306, 1.1639683658469047, 1.8339811917643143, 1.1466114115981496, 1.2363440103447043, 1.6340293289510621, 1.338684643847135, 1.6804059285669322, 1.4274041262640576, 0.84086946504516236, 1.0028147853973382, 1.4945907713786715, 2.1424870008547194, 2.821651690839949, 2.729646132400034, 2.5416290983153456, 1.1259274820241756, 0.97170294475100594, 0.48874507641138887, 1.638075941974527, 1.206457654259924, 1.7080488824721545, 1.8540920793521554, 1.412761923922468, 1.4952148849358495, 1.6307058846156322, 1.4176879279395058, 1.7821247568694576, 1.2882700401429168, 0.98926004288461544, 1.1893552074015812, 1.8067372764035965, 1.7546722347290644, 0.77535593658442792, 1.7590220559804741, 1.3368465424751093, 1.6090068953543764, 1.136282204252624, 1.7688455455353604, 0.96360252284204417, 1.2757283035223979]
# actual:
[0.47712125500000002, 1.294466226, 2.886547123, 1.907411361, 1.227886705, 1.774516966, 1.769377326, 0.30102999600000002, 0.87506126299999998, 0.61278385700000004, 1.59439255, 3.298044843, 2.495544338, 2.561816664, 1.193124598, 1.489958479, 0.79934054899999996, 1.434568904, 1.812913357, 1.555094449, 1.589949601, 0.49136169400000002, 1.600972896, 0.70757017600000005, 2.454997217, 1.784617293, 1.271841607, 1.797267541, 1.238046103, 1.59439255, 1.334453751, 0.0, 0.30102999600000002, 1.588831726, 1.913813852, 2.420120848, 3.298044843, 3.19119942, 2.061829307, 1.127104798, 1.320146286, 1.120573931, 0.99122607600000001, 2.058805487, 1.537819095, 1.465382851, 1.394451681, 1.729974286, 1.190331698, 1.439332694, 1.376576957, 0.98677173399999996, 2.197556213, 2.08278537, 1.682145076, 1.025305865, 0.71600334399999999, 0.61278385700000004, 1.607455023, 0.30102999600000002, 3.383743576, 2.45909079, 2.314709693]
# fold = 3
# threshold = 1.98525943482
# requested specificity = 0.9
# actual training-set specificity = 0.903846153846
# tpos = 2
# tneg = 12
# fpos = 2
# fneg = 0
# raw predictions:
[2.774645 2.3438434 -0.47897028 1.9868825 1.1556597 1.8841455 0.75526454
 2.3235546 1.0594042 -0.1205212 0.56677444 1.3913012 0.99074165 0.38354035
 1.6656799 1.5077407]
# truth:
[2.8865471 1.774517 0.87506126 2.5618167 1.1931246 0.79934055 1.5899496
 1.6009729 1.2380461 1.3344538 0.30103 1.1271048 1.376577 0.98677173
 1.6821451 0.71600334]
# fitted:
[1.2008987221621994, 2.253166850618464, 1.4916791075171074, 1.4230510629758746, 1.9852594348151849, 0.70112787512837604, 0.46104096978814535, 1.0485254461084328, 0.847512242746291, 2.612213446959075, 2.5020070060964996, 2.2396241152402574, 1.9155887369711733, 1.4944061870025356, 1.5646274087752825, 1.6538651105937952, 1.0095136421090671, 2.774082701380459, 0.97267680765275488, 1.259970460155638, 0.84822818072992068, 3.008364132223823, 1.763182895089786, 0.98885159486109775, 1.7232653569279022, 1.3386436069987906, 1.3003595071052196, 0.62285406597895299, 1.5070687346137617, 1.8410192715336526, 2.396912605327075, 3.284126454776843, 2.944451349391292, 1.123573691523951, 2.6985432166471663, 1.1495677909282438, 1.8849665146054033, 1.2180115969683725, 0.55078823682643296, 0.89520875438877079, 1.2279933929189624, 0.92062645286037093, 2.184695583794774, 1.905586876703855, 1.5013187348899726, 1.0415379694826217, 0.55317998542158042, 1.6009585019231145, 0.8968473867506046, 0.97893523519034853, 2.209928512760535, 1.5072113742730573, 1.8018467554073498, 0.49926238085940655, 2.3849009820770193, 1.6674631743531345, 1.183824547827731, 1.3205412486539194, 1.3315694475615305, 2.1562411910499932, 1.4352851975076462, 1.9191773114894009]
# actual:
[0.47712125500000002, 1.294466226, 1.907411361, 1.227886705, 1.769377326, 0.30102999600000002, 0.61278385700000004, 0.61278385700000004, 1.59439255, 3.298044843, 2.495544338, 1.72427587, 1.489958479, 1.434568904, 1.812913357, 1.555094449, 0.49136169400000002, 3.238773502, 1.206825876, 0.70757017600000005, 0.0, 2.454997217, 1.784617293, 1.271841607, 1.797267541, 1.309630167, 1.59439255, 0.0, 1.588831726, 1.913813852, 2.420120848, 3.298044843, 3.19119942, 1.779596491, 3.113843119, 2.061829307, 1.675778342, 0.70757017600000005, 0.0, 1.320146286, 1.120573931, 0.99122607600000001, 2.058805487, 2.033825694, 1.537819095, 0.0, 1.465382851, 1.394451681, 1.729974286, 1.190331698, 1.439332694, 2.197556213, 2.08278537, 1.025305865, 2.208441356, 1.037426498, 0.61278385700000004, 1.607455023, 0.30102999600000002, 3.383743576, 2.45909079, 2.314709693]
# fold = 4
# threshold = 2.01098193369
# requested specificity = 0.9
# actual training-set specificity = 0.905660377358
# tpos = 1
# tneg = 12
# fpos = 1
# fneg = 1
# raw predictions:
[1.1145285 2.0319563 1.6287518 1.5128403 1.4453856 0.99499216 1.2195829
 1.7848408 1.5440154 2.3809156 1.469585 1.4507968 1.9130326 1.049664
 0.94718795]
# truth:
[1.9074114 1.2278867 0.30103 0.61278386 1.4899585 0.70757018 1.7846173
 1.5943926 1.9138139 3.2980448 1.1205739 1.3944517 1.4393327 0.30103
 2.4590908]
# fitted:
[1.2358732176352936, 1.9991402167211714, 1.7978801955888948, 2.0109819336880213, 2.1845715385371935, 1.7195957391391628, 1.7447052469375914, 1.3218379876724904, 2.7514966151024502, 2.047143159564837, 2.051064236773777, 1.3440226718547499, 1.8344116040066758, 1.109621515401358, 1.4883403707054461, 1.2913042319212233, 1.778954451290791, 1.5153846899345713, 1.35572475427127, 2.1976683750438206, 1.6374301846592534, 0.96009438450129558, 1.5211243396121084, 2.0394408490879536, 1.1976692874602826, 1.589928855792708, 1.304802249803377, 2.2872180860457023, 1.5122841921681736, 0.83668547628538481, 0.96381719817196498, 1.9081577874086904, 2.4998736455515544, 2.051875300709295, 0.87436313060128168, 2.5309623675881063, 1.052928224927872, 2.179821460913303, 0.91805579532359149, 0.99242623949330044, 0.56531952517863115, 0.4489058467692516, 0.86929556433460953, 2.229886851173141, 2.1711533814818815, 1.6140599678106782, 1.2376233298651223, 1.441927227709574, 1.4886631364731622, 1.5829038331135206, 1.2071537956561291, 0.79001163083441961, 1.4237041092372829, 1.881964799095868, 1.5929932792589285, 0.53098512462689451, 1.53212885958134, 1.1995084303272576, 1.4594656188399917, 1.5298653613662219, 1.6619280147932003, 1.7570418513663764, 1.3640590042105298]
# actual:
[0.47712125500000002, 1.294466226, 2.886547123, 1.774516966, 1.769377326, 0.87506126299999998, 0.61278385700000004, 1.59439255, 3.298044843, 2.495544338, 2.561816664, 1.193124598, 1.72427587, 0.79934054899999996, 1.434568904, 1.812913357, 1.555094449, 1.589949601, 0.49136169400000002, 3.238773502, 1.600972896, 1.206825876, 0.0, 2.454997217, 1.271841607, 1.797267541, 1.238046103, 1.309630167, 1.334453751, 0.0, 0.30102999600000002, 1.588831726, 2.420120848, 3.19119942, 1.779596491, 3.113843119, 2.061829307, 1.675778342, 0.70757017600000005, 0.0, 1.127104798, 1.320146286, 0.99122607600000001, 2.058805487, 2.033825694, 1.537819095, 0.0, 1.465382851, 1.729974286, 1.190331698, 1.376576957, 0.98677173399999996, 2.197556213, 2.08278537, 1.682145076, 1.025305865, 2.208441356, 1.037426498, 0.71600334399999999, 0.61278385700000004, 1.607455023, 3.383743576, 2.314709693]
# fold = 5
# threshold = 1.83957869726
# requested specificity = 0.9
# actual training-set specificity = 0.907407407407
# tpos = 2
# tneg = 9
# fpos = 3
# fneg = 1
# raw predictions:
[2.9003262 1.9469053 1.1662431 1.3627853 1.6012189 1.8616863 0.81676546
 2.0218069 1.3035446 2.6912525 1.3722023 0.21689988 1.3771966 1.1609471
 1.1195758]
# truth:
[1.7693773 2.4955443 1.4345689 1.8129134 1.5550944 2.4549972 1.2718416
 1.5888317 2.0618293 2.0588055 1.5378191 1.0253059 0.61278386 3.3837436
 2.3147097]
# fitted:
[1.414804386132619, 2.563506992333722, 2.0572064165350588, 1.085367866565781, 1.9567349048045675, 1.7120700832948712, 1.2781425319162854, 1.4508249391167256, 1.6888416146802214, 1.6011169638746408, 1.4831209522164042, 2.9554561395467793, 1.991569397466248, 1.5044874353975917, 1.516329629054482, 1.8413898921385383, 0.96742265596844068, 1.229224912679776, 1.3153328674075828, 2.6379281703929793, 1.595148424642104, 0.42229223301538454, 0.86950802355816792, 1.0980803407010176, 1.373965410590931, 1.4330162429820055, 0.92936668057145555, 1.8395786972631267, 1.1689299349617532, 1.3426647556203248, 0.80415257272741592, 0.90472057032967801, 1.5873696751230149, 2.4489949520897603, 2.3515695745629697, 2.1072088044765174, 0.6448356191153819, 2.9273062468680004, 1.7361164808068024, 0.94905068365664791, 0.82147204901321735, 0.76306574938404159, 0.63237906692988033, 1.2000253860121812, 0.66248264780757116, 2.0696485192547485, 0.98664736454794078, 1.2575141810850699, 0.97043551027574226, 1.18239087894457, 1.488059195386041, 1.6915149288859162, 1.5332695878389484, 0.74056056742674825, 1.3088877454453956, 1.956195049095391, 1.530883644457987, 1.6040669041457005, 0.87945042348866498, 1.5243717007646067, 1.4351132954290065, 1.0999163688060387, 1.269947311388819]
# actual:
[0.47712125500000002, 1.294466226, 2.886547123, 1.907411361, 1.227886705, 1.774516966, 0.30102999600000002, 0.87506126299999998, 0.61278385700000004, 0.61278385700000004, 1.59439255, 3.298044843, 2.561816664, 1.193124598, 1.72427587, 1.489958479, 0.79934054899999996, 1.589949601, 0.49136169400000002, 3.238773502, 1.600972896, 1.206825876, 0.70757017600000005, 0.0, 1.784617293, 1.797267541, 1.238046103, 1.309630167, 1.59439255, 1.334453751, 0.0, 0.30102999600000002, 1.913813852, 2.420120848, 3.298044843, 3.19119942, 1.779596491, 3.113843119, 1.675778342, 0.70757017600000005, 0.0, 1.127104798, 1.320146286, 1.120573931, 0.99122607600000001, 2.033825694, 0.0, 1.465382851, 1.394451681, 1.729974286, 1.190331698, 1.439332694, 1.376576957, 0.98677173399999996, 2.197556213, 2.08278537, 1.682145076, 2.208441356, 1.037426498, 0.71600334399999999, 1.607455023, 0.30102999600000002, 2.45909079]
# Area under ROC curve = 0.368686868687
# aggregate.tpos = 8
# aggregate.tneg = 57
# aggregate.fpos = 9
# aggregate.fneg = 4
# variables: wvperpmean12, dirwvhperpmean6, wvperpmean24, wvperpmean6, dirwvhperpmean1, logbeachturbiditybeach, dirwvhperpmean12, dirwvhperpmean2
# decision threshold: 1.96247921079
# Seed = 0.985948783366
# Site = pointlakeshore
# Method = spls-select
# Seed = 0.985948783366
# Site = pointlakeshore
# Method = spls-select
# fold = 1
# threshold = 1.92200831577
# requested specificity = 0.883720930233
# actual training-set specificity = 0.903846153846
# tpos = 3
# tneg = 11
# fpos = 3
# fneg = 0
# raw predictions:
[1.6695532 2.6158859 1.1409901 2.0535273 1.6918803 1.7834221 1.1643794
 2.9716376 2.7849823 -0.22142082 0.86759585 1.3214929 1.1286688 2.0572172
 0.57413448 1.8185641 2.094947]
# truth:
[0.47712126 1.2944662 1.5943926 3.2980448 0.49136169 1.7972675 0.0
 2.4201208 3.1911994 1.3201463 0.99122608 1.4653829 1.7299743 1.1903317
 2.1975562 2.0827854 1.607455]
# fitted:
[2.537539646624203, 1.021890437040951, 1.7536898928805669, 2.2115996593703735, 1.9220083157720549, 1.292498987881542, 0.89717912984942738, 0.96777608027987605, 1.1700682546906693, 1.9077411493237235, 1.501564834617331, 1.0806057873951165, 1.8356148878257939, 1.7879984268519995, 1.2818304444373194, 1.6394696489848852, 1.8171559379143278, 1.638025644619281, 1.4793423752121249, 2.4917657909352373, 1.4961116023912116, 0.88568781816320941, 0.76915506614371376, 1.2532179817143094, 2.3051596055876975, 1.6149140427465858, 1.276563664016732, 1.5302295935160934, 1.8384801281695724, 1.6973903628990854, 1.4203103179214907, 1.5644150453854333, 2.041504097718959, 2.0140648319552477, 3.116092948421996, 1.2252595088573322, 2.3445542377289024, 1.5667601595256464, 1.5407127912895047, 0.85474405003011289, 0.75069750569662963, 0.71918903350264896, 0.81606472192465018, 2.2106818994030504, 2.1643014084254304, 0.9685620183548761, 0.79869101383212571, 0.90204358695674458, 1.276381637660172, 0.95434960904499866, 0.34915506301323074, 1.7008218005420996, 0.34854277636157072, 1.6799788224350274, 1.3574798775776884, 1.670135369631836, 1.7697907480347466, 1.4412542894004796, 1.8227517389728347, 1.5644873222023499, 1.7663329453371717]
# actual:
[2.886547123, 1.907411361, 1.227886705, 1.774516966, 1.769377326, 0.30102999600000002, 0.87506126299999998, 0.61278385700000004, 0.61278385700000004, 2.495544338, 2.561816664, 1.193124598, 1.72427587, 1.489958479, 0.79934054899999996, 1.434568904, 1.812913357, 1.555094449, 1.589949601, 3.238773502, 1.600972896, 1.206825876, 0.70757017600000005, 0.0, 2.454997217, 1.784617293, 1.271841607, 1.238046103, 1.309630167, 1.59439255, 1.334453751, 0.30102999600000002, 1.588831726, 1.913813852, 3.298044843, 1.779596491, 3.113843119, 2.061829307, 1.675778342, 0.70757017600000005, 0.0, 1.127104798, 1.120573931, 2.058805487, 2.033825694, 1.537819095, 0.0, 1.394451681, 1.439332694, 1.376576957, 0.98677173399999996, 1.682145076, 1.025305865, 2.208441356, 1.037426498, 0.71600334399999999, 0.61278385700000004, 0.30102999600000002, 3.383743576, 2.45909079, 2.314709693]
# fold = 2
# threshold = 2.15883328946
# requested specificity = 1.0
# actual training-set specificity = 1.0
# tpos = 2
# tneg = 13
# fpos = 0
# fneg = 0
# raw predictions:
[1.5941936 1.8458468 2.3368931 0.87356643 1.524456 1.3474419 1.0244244
 2.3822255 1.2061335 0.90770449 1.6134154 1.9453318 1.2527895 1.4668009
 0.92098914]
# truth:
[0.61278386 1.7242759 3.2387735 1.2068259 0.0 1.3096302 1.7795965 3.1138431
 1.6757783 0.70757018 0.0 2.0338257 0.0 2.2084414 1.0374265]
# fitted:
[1.2355081257180527, 2.009083443293758, 2.2878694833820505, 1.4766232584964976, 2.001109999231384, 1.8941823169855556, 2.022386935102408, 1.2855870036899577, 1.445470254066583, 1.638642260072399, 1.3663302739511112, 2.6570070000845556, 1.7401383815159393, 2.242455709438906, 1.8112331852948913, 1.6429444013490497, 1.0742351867448163, 1.3658982787537588, 1.713942637982294, 1.476889884289723, 1.9797225371880882, 1.3678137255114578, 1.1490223269269408, 1.2563685482697569, 2.059406658458518, 1.332966541683962, 1.1165777320716728, 1.5976023960874675, 1.2909353409808109, 1.6347979924143137, 1.2907914048871336, 0.79435824510650277, 0.95513181876479691, 1.5492575952213896, 2.0463421213562922, 2.959518270509931, 2.9760040830970746, 2.4764052854717358, 1.385182557207247, 1.0533489098986626, 0.56365424947761389, 1.2708978782729867, 1.2718495931510854, 2.158833289464374, 2.1055202935216264, 1.1371112572847992, 1.3858556668281963, 1.2621664857053012, 1.6219316233885026, 1.5931214255977864, 1.1192747265060024, 0.92581690747725964, 1.267328767343985, 1.7583325816017017, 1.6049285957716362, 0.70492526424007007, 1.5272788350232471, 1.2591096990150663, 1.5964253634842551, 1.23864793334412, 1.3821531205546855, 1.2972247921662328, 1.4109671472220213]
# actual:
[0.47712125500000002, 1.294466226, 2.886547123, 1.907411361, 1.227886705, 1.774516966, 1.769377326, 0.30102999600000002, 0.87506126299999998, 0.61278385700000004, 1.59439255, 3.298044843, 2.495544338, 2.561816664, 1.193124598, 1.489958479, 0.79934054899999996, 1.434568904, 1.812913357, 1.555094449, 1.589949601, 0.49136169400000002, 1.600972896, 0.70757017600000005, 2.454997217, 1.784617293, 1.271841607, 1.797267541, 1.238046103, 1.59439255, 1.334453751, 0.0, 0.30102999600000002, 1.588831726, 1.913813852, 2.420120848, 3.298044843, 3.19119942, 2.061829307, 1.127104798, 1.320146286, 1.120573931, 0.99122607600000001, 2.058805487, 1.537819095, 1.465382851, 1.394451681, 1.729974286, 1.190331698, 1.439332694, 1.376576957, 0.98677173399999996, 2.197556213, 2.08278537, 1.682145076, 1.025305865, 0.71600334399999999, 0.61278385700000004, 1.607455023, 0.30102999600000002, 3.383743576, 2.45909079, 2.314709693]
# fold = 3
# threshold = 1.95790244732
# requested specificity = 0.9
# actual training-set specificity = 0.903846153846
# tpos = 1
# tneg = 13
# fpos = 1
# fneg = 1
# raw predictions:
[2.1473444 2.0429275 1.2721674 1.5139586 1.2178713 1.5843908 1.5025781
 1.3443084 1.3018676 1.1266577 0.96975539 0.99762402 1.4016069 0.55908167
 1.4900861 1.6328861]
# truth:
[2.8865471 1.774517 0.87506126 2.5618167 1.1931246 0.79934055 1.5899496
 1.6009729 1.2380461 1.3344538 0.30103 1.1271048 1.376577 0.98677173
 1.6821451 0.71600334]
# fitted:
[1.4060801658802147, 2.3182766414803635, 0.96559417635827849, 1.846926881526597, 2.2732202862410498, 1.2907536186184556, 1.137031673027662, 1.0236764631528044, 1.2128437358778794, 2.463653080938074, 1.7615210620694932, 1.9579024473159752, 1.6282143070973063, 1.6605013509446858, 1.6649539257318904, 1.722495922683135, 1.5158903865239266, 1.9803331914978164, 0.7683869366737075, 0.86538635053218982, 1.3694508203851277, 2.4975486048373647, 1.6290241304752415, 1.2634789910576252, 1.7920053425799207, 1.904780549065884, 1.3050340194245822, 0.89502170321889185, 2.1511331499037056, 1.5986171313286466, 2.330204492646521, 3.3270137650973237, 3.115441386624047, 1.195959479977835, 2.644128813757939, 1.135955965231086, 1.7577360456661868, 0.8992215759538783, 0.83809904593724249, 1.0472973744508727, 1.3388339855405484, 0.68162710091511425, 2.281488199479015, 1.9615561144756475, 1.3486498826329163, 1.0011641983293906, 1.176936091904956, 1.4205278941552704, 1.126010224059819, 1.4696670072899782, 1.7047228142379223, 0.90062970172812551, 1.6809317510830801, 0.62371692621387265, 1.634645094662178, 1.358402403381273, 1.5473690454858393, 1.6488912298998544, 0.9587272588557314, 1.7624336533986673, 1.3239216182032014, 1.6161099482761705]
# actual:
[0.47712125500000002, 1.294466226, 1.907411361, 1.227886705, 1.769377326, 0.30102999600000002, 0.61278385700000004, 0.61278385700000004, 1.59439255, 3.298044843, 2.495544338, 1.72427587, 1.489958479, 1.434568904, 1.812913357, 1.555094449, 0.49136169400000002, 3.238773502, 1.206825876, 0.70757017600000005, 0.0, 2.454997217, 1.784617293, 1.271841607, 1.797267541, 1.309630167, 1.59439255, 0.0, 1.588831726, 1.913813852, 2.420120848, 3.298044843, 3.19119942, 1.779596491, 3.113843119, 2.061829307, 1.675778342, 0.70757017600000005, 0.0, 1.320146286, 1.120573931, 0.99122607600000001, 2.058805487, 2.033825694, 1.537819095, 0.0, 1.465382851, 1.394451681, 1.729974286, 1.190331698, 1.439332694, 2.197556213, 2.08278537, 1.025305865, 2.208441356, 1.037426498, 0.61278385700000004, 1.607455023, 0.30102999600000002, 3.383743576, 2.45909079, 2.314709693]
# fold = 4
# threshold = 2.22988685117
# requested specificity = 0.977272727273
# actual training-set specificity = 0.981132075472
# tpos = 1
# tneg = 13
# fpos = 0
# fneg = 1
# raw predictions:
[1.1145285 2.0319563 1.6287518 1.5128403 1.4453856 0.99499216 1.2195829
 1.7848408 1.5440154 2.3809156 1.469585 1.4507968 1.9130326 1.049664
 0.94718795]
# truth:
[1.9074114 1.2278867 0.30103 0.61278386 1.4899585 0.70757018 1.7846173
 1.5943926 1.9138139 3.2980448 1.1205739 1.3944517 1.4393327 0.30103
 2.4590908]
# fitted:
[1.2358732176352936, 1.9991402167211714, 1.7978801955888948, 2.0109819336880213, 2.1845715385371935, 1.7195957391391628, 1.7447052469375914, 1.3218379876724904, 2.7514966151024502, 2.047143159564837, 2.051064236773777, 1.3440226718547499, 1.8344116040066758, 1.109621515401358, 1.4883403707054461, 1.2913042319212233, 1.778954451290791, 1.5153846899345713, 1.35572475427127, 2.1976683750438206, 1.6374301846592534, 0.96009438450129558, 1.5211243396121084, 2.0394408490879536, 1.1976692874602826, 1.589928855792708, 1.304802249803377, 2.2872180860457023, 1.5122841921681736, 0.83668547628538481, 0.96381719817196498, 1.9081577874086904, 2.4998736455515544, 2.051875300709295, 0.87436313060128168, 2.5309623675881063, 1.052928224927872, 2.179821460913303, 0.91805579532359149, 0.99242623949330044, 0.56531952517863115, 0.4489058467692516, 0.86929556433460953, 2.229886851173141, 2.1711533814818815, 1.6140599678106782, 1.2376233298651223, 1.441927227709574, 1.4886631364731622, 1.5829038331135206, 1.2071537956561291, 0.79001163083441961, 1.4237041092372829, 1.881964799095868, 1.5929932792589285, 0.53098512462689451, 1.53212885958134, 1.1995084303272576, 1.4594656188399917, 1.5298653613662219, 1.6619280147932003, 1.7570418513663764, 1.3640590042105298]
# actual:
[0.47712125500000002, 1.294466226, 2.886547123, 1.774516966, 1.769377326, 0.87506126299999998, 0.61278385700000004, 1.59439255, 3.298044843, 2.495544338, 2.561816664, 1.193124598, 1.72427587, 0.79934054899999996, 1.434568904, 1.812913357, 1.555094449, 1.589949601, 0.49136169400000002, 3.238773502, 1.600972896, 1.206825876, 0.0, 2.454997217, 1.271841607, 1.797267541, 1.238046103, 1.309630167, 1.334453751, 0.0, 0.30102999600000002, 1.588831726, 2.420120848, 3.19119942, 1.779596491, 3.113843119, 2.061829307, 1.675778342, 0.70757017600000005, 0.0, 1.127104798, 1.320146286, 0.99122607600000001, 2.058805487, 2.033825694, 1.537819095, 0.0, 1.465382851, 1.729974286, 1.190331698, 1.376576957, 0.98677173399999996, 2.197556213, 2.08278537, 1.682145076, 1.025305865, 2.208441356, 1.037426498, 0.71600334399999999, 0.61278385700000004, 1.607455023, 3.383743576, 2.314709693]
# fold = 5
# threshold = 1.85505592816
# requested specificity = 0.9
# actual training-set specificity = 0.907407407407
# tpos = 1
# tneg = 8
# fpos = 4
# fneg = 2
# raw predictions:
[2.3267069 1.8343679 1.6793724 2.0969964 0.30109252 2.3176174 0.83867799
 1.6158851 1.0984585 2.6955512 1.9267443 0.22193631 1.0941045 1.1880787
 1.3186117]
# truth:
[1.7693773 2.4955443 1.4345689 1.8129134 1.5550944 2.4549972 1.2718416
 1.5888317 2.0618293 2.0588055 1.5378191 1.0253059 0.61278386 3.3837436
 2.3147097]
# fitted:
[1.0281512463753206, 2.1958008016003148, 3.394037882461636, 1.7202006523014866, 1.7252305724071797, 2.0946928672856027, 0.65218631398030058, 0.54711010027778184, 0.81793290089489434, 1.5259912578740615, 1.3971254658496144, 3.113545056844249, 2.4309061705916313, 1.2475343988235277, 1.180742230342985, 1.523067704961578, 1.0996460001545494, 1.2962583453882601, 0.80820635243902861, 2.7232714879087117, 1.386824683093893, 1.1583461281542937, 0.41236515958393083, 0.27167651336776283, 1.6242050877341479, 1.9722761637967576, 1.1559791489417965, 1.3292701690455049, 1.289089257271585, 1.3676737641451926, 0.0014305430033644949, 0.49256216475714953, 1.403810674648935, 2.4263466308961905, 3.2326584131286586, 2.788224484077057, 1.3152191857980564, 3.4654671927553524, 1.7497208200585925, 0.80378065212184302, 0.88421772189591163, 1.1793241464499589, 0.95081597261009154, 1.2084740555002456, 1.0861903962288038, 1.9358469928410218, 0.81175893248186726, 1.1573410833087303, 1.6851922449361805, 1.0470649316901208, 1.1161362938579753, 1.855055928161299, 1.0939486346904692, 0.94340346819379639, 1.5651991218575827, 1.1412230951401616, 1.6408106487948004, 1.8688558232438357, 1.4211199812021678, 0.8517348924800715, 1.3344994531629444, 0.97783962640356092, 1.4684346607256247]
# actual:
[0.47712125500000002, 1.294466226, 2.886547123, 1.907411361, 1.227886705, 1.774516966, 0.30102999600000002, 0.87506126299999998, 0.61278385700000004, 0.61278385700000004, 1.59439255, 3.298044843, 2.561816664, 1.193124598, 1.72427587, 1.489958479, 0.79934054899999996, 1.589949601, 0.49136169400000002, 3.238773502, 1.600972896, 1.206825876, 0.70757017600000005, 0.0, 1.784617293, 1.797267541, 1.238046103, 1.309630167, 1.59439255, 1.334453751, 0.0, 0.30102999600000002, 1.913813852, 2.420120848, 3.298044843, 3.19119942, 1.779596491, 3.113843119, 1.675778342, 0.70757017600000005, 0.0, 1.127104798, 1.320146286, 1.120573931, 0.99122607600000001, 2.033825694, 0.0, 1.465382851, 1.394451681, 1.729974286, 1.190331698, 1.439332694, 1.376576957, 0.98677173399999996, 2.197556213, 2.08278537, 1.682145076, 2.208441356, 1.037426498, 0.71600334399999999, 1.607455023, 0.30102999600000002, 2.45909079]
# Area under ROC curve = 0.954545454545
# aggregate.tpos = 8
# aggregate.tneg = 58
# aggregate.fpos = 8
# aggregate.fneg = 4
# variables: wvperpmean12, dirwvhperpmean6, wvperpmean24, wvperpmean6, dirwvhperpmean1, logbeachturbiditybeach, dirwvhperpmean12, dirwvhperpmean2
# decision threshold: 1.96247921079
# Seed = 0.985948783366
# Site = pointlakeshore
# Method = spls-select
# fold = 1
# threshold = 2.12180265094
# requested specificity = 0.925
# actual training-set specificity = 0.942307692308
# tpos = 0
# tneg = 0
# fpos = 0
# fneg = 0
# raw predictions:
[nan nan nan nan nan nan nan nan nan nan nan nan nan nan nan nan nan]
# truth:
[0.47712126 1.2944662 1.5943926 3.2980448 0.49136169 1.7972675 0.0
 2.4201208 3.1911994 1.3201463 0.99122608 1.4653829 1.7299743 1.1903317
 2.1975562 2.0827854 1.607455]
# fitted:
[2.889375412440712, 1.6998598424335942, 1.579749590027952, 1.844329349832221, 2.147192237529454, 0.76255785484770811, 0.3498763818381817, 0.96588571291385161, 1.6853484909748588, 1.7151588218899425, 1.6004132576579404, 1.1263355965351263, 1.7045329088314116, 1.639536725683768, 0.62891460915224551, 1.4755756391520116, 2.2182759077308596, 1.5659077033268498, 1.8458275543304885, 2.866855159107514, 1.7942710924153618, 1.2759090077927575, 0.78435568608016082, 0.75860802856653964, 2.236056132746054, 2.072291075595269, 1.3353433878936944, 0.86815861032632546, 1.669719515224817, 1.662039878062023, 1.0612513112335136, 1.208655723131837, 2.0892088649257956, 2.0442392784400276, 3.211117440294512, 1.1785663415589514, 2.427919442745818, 1.9594117009422813, 1.4405778243037721, 0.74299877159824368, 0.71850310487787694, 0.30802514822636329, 0.98447672202318715, 2.234263757155956, 1.8590544567859062, 1.7430800032999054, 0.57962442514546497, 1.1127077339879632, 1.6180777955445145, 0.9564662120354287, 0.73425802293726106, 1.4340308953925671, 0.19556246218010875, 2.121802650939324, 1.7131583768288612, 1.4161296601328868, 1.3619397730870793, 0.82738857726588244, 2.19568569965967, 1.42584617654187, 1.9500968508374783]
# actual:
[2.886547123, 1.907411361, 1.227886705, 1.774516966, 1.769377326, 0.30102999600000002, 0.87506126299999998, 0.61278385700000004, 0.61278385700000004, 2.495544338, 2.561816664, 1.193124598, 1.72427587, 1.489958479, 0.79934054899999996, 1.434568904, 1.812913357, 1.555094449, 1.589949601, 3.238773502, 1.600972896, 1.206825876, 0.70757017600000005, 0.0, 2.454997217, 1.784617293, 1.271841607, 1.238046103, 1.309630167, 1.59439255, 1.334453751, 0.30102999600000002, 1.588831726, 1.913813852, 3.298044843, 1.779596491, 3.113843119, 2.061829307, 1.675778342, 0.70757017600000005, 0.0, 1.127104798, 1.120573931, 2.058805487, 2.033825694, 1.537819095, 0.0, 1.394451681, 1.439332694, 1.376576957, 0.98677173399999996, 1.682145076, 1.025305865, 2.208441356, 1.037426498, 0.71600334399999999, 0.61278385700000004, 0.30102999600000002, 3.383743576, 2.45909079, 2.314709693]
# fold = 2
# threshold = 2.15891262034
# requested specificity = 1.0
# actual training-set specificity = 1.0
# tpos = 0
# tneg = 13
# fpos = 0
# fneg = 2
# raw predictions:
[1.6139773 2.0444445 1.8886242 1.0318838 1.395047 1.6126441 1.033711
 1.7584581 1.6458026 0.91986139 1.3709698 1.8310451 1.5088655 1.1908778
 1.1228995]
# truth:
[0.61278386 1.7242759 3.2387735 1.2068259 0.0 1.3096302 1.7795965 3.1138431
 1.6757783 0.70757018 0.0 2.0338257 0.0 2.2084414 1.0374265]
# fitted:
[1.32483235922504, 1.7619619052510605, 2.3035012773633206, 1.5056705297149517, 2.15891262034133, 2.1529936664858056, 1.886254249633923, 1.3798851571464346, 1.7462514271930743, 1.5506044002185329, 1.4519892178829004, 2.2086505818804456, 1.7901822796488425, 2.1021619016225337, 1.6795771830647823, 1.415445461457288, 1.0763139682403435, 1.3150075468668732, 1.3910094832869877, 1.6011214696412492, 2.0112887817308467, 1.379905133418213, 1.5190583236916804, 1.1742686183011741, 1.8270104640835232, 1.1551149198043937, 1.2337077849639277, 1.6537713425952578, 1.313239610377413, 1.6302772592736543, 1.4047369640917076, 0.84996550233664137, 0.98299339450622714, 1.5029329917878818, 2.133983705228033, 2.809673079258988, 2.7117389276636836, 2.5589543453694454, 1.1331413350437394, 0.97485858949770676, 0.51233906283951125, 1.6276482256696223, 1.2279367746953387, 1.7145231675124713, 1.844778552308001, 1.394597469815089, 1.4843707470072354, 1.6390464544923806, 1.4143381269498903, 1.802103626429885, 1.3145697199832427, 0.99700872172176891, 1.1633991081685386, 1.8018607024196276, 1.7657644949501634, 0.78473343605797896, 1.8287145565255816, 1.337201430923865, 1.5889365667835387, 1.1238602611302515, 1.7585628127605348, 0.97056113984594905, 1.2626446888196783]
# actual:
[0.47712125500000002, 1.294466226, 2.886547123, 1.907411361, 1.227886705, 1.774516966, 1.769377326, 0.30102999600000002, 0.87506126299999998, 0.61278385700000004, 1.59439255, 3.298044843, 2.495544338, 2.561816664, 1.193124598, 1.489958479, 0.79934054899999996, 1.434568904, 1.812913357, 1.555094449, 1.589949601, 0.49136169400000002, 1.600972896, 0.70757017600000005, 2.454997217, 1.784617293, 1.271841607, 1.797267541, 1.238046103, 1.59439255, 1.334453751, 0.0, 0.30102999600000002, 1.588831726, 1.913813852, 2.420120848, 3.298044843, 3.19119942, 2.061829307, 1.127104798, 1.320146286, 1.120573931, 0.99122607600000001, 2.058805487, 1.537819095, 1.465382851, 1.394451681, 1.729974286, 1.190331698, 1.439332694, 1.376576957, 0.98677173399999996, 2.197556213, 2.08278537, 1.682145076, 1.025305865, 0.71600334399999999, 0.61278385700000004, 1.607455023, 0.30102999600000002, 3.383743576, 2.45909079, 2.314709693]
# fold = 3
# threshold = 2.28829463957
# requested specificity = 0.952380952381
# actual training-set specificity = 0.961538461538
# tpos = 0
# tneg = 14
# fpos = 0
# fneg = 2
# raw predictions:
[2.0764467 2.1114227 1.2920873 1.4448422 1.6716859 1.6619707 1.5169732
 1.6114347 1.3061297 1.1014362 0.84119087 0.84570859 1.4179783 0.014250983
 1.5194789 1.5689752]
# truth:
[2.8865471 1.774517 0.87506126 2.5618167 1.1931246 0.79934055 1.5899496
 1.6009729 1.2380461 1.3344538 0.30103 1.1271048 1.376577 0.98677173
 1.6821451 0.71600334]
# fitted:
[1.440329670189203, 2.37103696873484, 1.0773405762652408, 1.858744227747291, 2.28829463957185, 1.3120584258366923, 1.157756365904601, 1.0230607216434762, 1.2240315414302587, 2.3487679752499213, 1.8668745130012279, 2.01278523592638, 1.242163174277809, 1.705345287759297, 1.5653193070736946, 1.7309565583326987, 1.2784445267879812, 2.049933939158658, 0.8092371762947872, 0.84974535759324055, 1.434096466321184, 2.5300460435963354, 1.6587950413091404, 1.3070115097461772, 1.7849883721477013, 1.7755082441514336, 1.3244928891853567, 0.93936562368734922, 2.177719964327456, 1.585951959859997, 2.2187781208977455, 3.381406823789693, 3.2099418562328483, 1.258591600889405, 2.6572614010508624, 1.1087387938592759, 1.7150216948336015, 0.99910609985216059, 0.83330334910744763, 0.84651070124458005, 1.3542261139840042, 0.76575035298589178, 2.347783438530936, 1.8926544500191542, 1.4044170062173385, 0.99663050722987923, 1.1680153411684477, 1.5776165982075456, 0.93837648704579757, 1.5134478203332127, 1.7315621694540992, 0.9799253359427802, 1.715238482803241, 0.5895934209495941, 1.7416076750673168, 1.364915834226973, 1.349964893119886, 1.6125209282337736, 0.96514709418034395, 1.7955839396828988, 1.3770053987720505, 1.5869111029759373]
# actual:
[0.47712125500000002, 1.294466226, 1.907411361, 1.227886705, 1.769377326, 0.30102999600000002, 0.61278385700000004, 0.61278385700000004, 1.59439255, 3.298044843, 2.495544338, 1.72427587, 1.489958479, 1.434568904, 1.812913357, 1.555094449, 0.49136169400000002, 3.238773502, 1.206825876, 0.70757017600000005, 0.0, 2.454997217, 1.784617293, 1.271841607, 1.797267541, 1.309630167, 1.59439255, 0.0, 1.588831726, 1.913813852, 2.420120848, 3.298044843, 3.19119942, 1.779596491, 3.113843119, 2.061829307, 1.675778342, 0.70757017600000005, 0.0, 1.320146286, 1.120573931, 0.99122607600000001, 2.058805487, 2.033825694, 1.537819095, 0.0, 1.465382851, 1.394451681, 1.729974286, 1.190331698, 1.439332694, 2.197556213, 2.08278537, 1.025305865, 2.208441356, 1.037426498, 0.61278385700000004, 1.607455023, 0.30102999600000002, 3.383743576, 2.45909079, 2.314709693]
# fold = 4
# threshold = 2.15831397792
# requested specificity = 0.976744186047
# actual training-set specificity = 0.981132075472
# tpos = 1
# tneg = 9
# fpos = 4
# fneg = 1
# raw predictions:
[1.0680928 2.4691637 2.6626442 1.3746245 2.2373676 1.5591316 1.7633262
 1.291609 1.6143983 2.2302737 1.38454 1.7653331 2.850428 0.92337877
 1.2010268]
# truth:
[1.9074114 1.2278867 0.30103 0.61278386 1.4899585 0.70757018 1.7846173
 1.5943926 1.9138139 3.2980448 1.1205739 1.3944517 1.4393327 0.30103
 2.4590908]
# fitted:
[0.74878558541147189, 1.205632921274564, 2.474081742502088, 1.957900265870327, 2.293448694453434, 1.5458969101485587, 1.1258819352132397, 1.550504739163201, 3.374166257521032, 2.3266975539779495, 2.322585520608691, 2.0214764153603264, 1.913834764574662, 1.3266083040294787, 1.7266615834084695, 2.1583139779196188, 1.623113204926427, 1.1510478648630047, 1.2095981384070613, 2.338981371544305, 1.7273989607421247, 1.2579656402462527, 1.1423059100750144, 2.227959906476344, 1.4974839022998463, 1.6390145195023933, 0.80989165015717934, 1.7201041084462676, 1.6838554825072039, 0.49610532999812063, 0.61032701219829932, 1.593808522237125, 2.682676905564498, 2.172189590789743, 1.0098296830313234, 3.549921874350152, 1.4231732709468836, 1.647911857123686, 0.96180605904502903, 1.0692373842536644, 0.86882302807847678, 1.0124228466073348, 1.136090813402612, 2.1114467983183616, 1.8323890946611297, 1.8251483468977487, 0.67639872819043179, 1.2382443143950956, 1.6747322785741006, 1.7048121940849916, 1.136188925914451, 1.1148069977017086, 1.5849425284340308, 1.6925920682262663, 1.4082062250174414, 0.86304095469542208, 1.2807478066908336, 0.81020658777906007, 1.3183854743773777, 0.73017775097107729, 1.5438129600078947, 1.42933800610288, 0.90809030070221386]
# actual:
[0.47712125500000002, 1.294466226, 2.886547123, 1.774516966, 1.769377326, 0.87506126299999998, 0.61278385700000004, 1.59439255, 3.298044843, 2.495544338, 2.561816664, 1.193124598, 1.72427587, 0.79934054899999996, 1.434568904, 1.812913357, 1.555094449, 1.589949601, 0.49136169400000002, 3.238773502, 1.600972896, 1.206825876, 0.0, 2.454997217, 1.271841607, 1.797267541, 1.238046103, 1.309630167, 1.334453751, 0.0, 0.30102999600000002, 1.588831726, 2.420120848, 3.19119942, 1.779596491, 3.113843119, 2.061829307, 1.675778342, 0.70757017600000005, 0.0, 1.127104798, 1.320146286, 0.99122607600000001, 2.058805487, 2.033825694, 1.537819095, 0.0, 1.465382851, 1.729974286, 1.190331698, 1.376576957, 0.98677173399999996, 2.197556213, 2.08278537, 1.682145076, 1.025305865, 2.208441356, 1.037426498, 0.71600334399999999, 0.61278385700000004, 1.607455023, 3.383743576, 2.314709693]
# fold = 5
# threshold = 1.79559212702
# requested specificity = 0.9
# actual training-set specificity = 0.907407407407
# tpos = 0
# tneg = 9
# fpos = 3
# fneg = 3
# raw predictions:
[3.003974 1.4754318 1.3459712 1.4074159 1.2751914 1.5706145 0.9659547
 2.0468106 1.4128557 2.6925725 1.0727067 0.62826499 1.1512519 0.77717071
 1.0292777]
# truth:
[1.7693773 2.4955443 1.4345689 1.8129134 1.5550944 2.4549972 1.2718416
 1.5888317 2.0618293 2.0588055 1.5378191 1.0253059 0.61278386 3.3837436
 2.3147097]
# fitted:
[1.2895849927496899, 2.274646346911865, 2.7850974214842497, 1.3426872844142523, 1.9085667088581868, 1.5748342572074046, 1.0692504698194454, 0.94383685663846628, 1.481014236837225, 1.381060063580181, 1.3195739207706971, 2.78722150938996, 1.5637881481648401, 1.7495438841358484, 1.5109628433000728, 1.686795058954351, 0.99565788354820106, 1.3133781432270715, 1.5820418559098324, 2.2913595704715184, 1.4126834303913882, 0.86481718281928999, 0.6053325754540736, 0.76828799119134328, 1.1469628939530272, 1.5007029127277995, 0.96895713261023231, 1.9098255194112548, 0.85856424296500145, 1.1075199485140774, 0.037114918426490014, 0.58814185708230826, 1.5803928032586596, 2.7731229970897666, 2.9682101144828406, 2.7303891719921856, 0.98183202385239443, 3.2401347298255243, 1.7955921270192534, 1.103369288800042, 1.1396544405611213, 1.2838336185835557, 0.78160415952209739, 1.15831996040424, 0.98681066304987608, 1.958944796590228, 1.0743721723324067, 1.4622146046529208, 1.1862015695009842, 1.2753019794687324, 1.3518667051204518, 1.6000978320772203, 1.4890217737490794, 0.68512401214627117, 1.252134781004799, 2.1277478499142988, 1.6969099646575272, 1.739615690033629, 0.66649038244571646, 1.1070957004478268, 1.458554219434577, 1.0237848383156103, 1.09449571874652]
# actual:
[0.47712125500000002, 1.294466226, 2.886547123, 1.907411361, 1.227886705, 1.774516966, 0.30102999600000002, 0.87506126299999998, 0.61278385700000004, 0.61278385700000004, 1.59439255, 3.298044843, 2.561816664, 1.193124598, 1.72427587, 1.489958479, 0.79934054899999996, 1.589949601, 0.49136169400000002, 3.238773502, 1.600972896, 1.206825876, 0.70757017600000005, 0.0, 1.784617293, 1.797267541, 1.238046103, 1.309630167, 1.59439255, 1.334453751, 0.0, 0.30102999600000002, 1.913813852, 2.420120848, 3.298044843, 3.19119942, 1.779596491, 3.113843119, 1.675778342, 0.70757017600000005, 0.0, 1.127104798, 1.320146286, 1.120573931, 0.99122607600000001, 2.033825694, 0.0, 1.465382851, 1.394451681, 1.729974286, 1.190331698, 1.439332694, 1.376576957, 0.98677173399999996, 2.197556213, 2.08278537, 1.682145076, 2.208441356, 1.037426498, 0.71600334399999999, 1.607455023, 0.30102999600000002, 2.45909079]
# Area under ROC curve = 0.903846153846
# aggregate.tpos = 1
# aggregate.tneg = 45
# aggregate.fpos = 7
# aggregate.fneg = 8
# variables: wvperpmean12, dirwvhperpmean6, wvperpmean24, wvperpmean6, dirwvhperpmean1, logbeachturbiditybeach, dirwvhperpmean12, dirwvhperpmean2
# decision threshold: 1.96247921079
# Seed = 0.985948783366
# Site = pointlakeshore
# Method = spls-select
# Seed = 0.985948783366
# Site = pointlakeshore
# Method = spls-select
# Seed = 985.948783366
# Site = pointlakeshore
# Method = spls-select
# fold = 1
# threshold = 2.11640054675
# requested specificity = 0.975609756098
# actual training-set specificity = 0.980769230769
# tpos = 2
# tneg = 12
# fpos = 2
# fneg = 0
# raw predictions:
[2.9375651 2.7100556 1.1994239 1.8656355 1.2685987 1.8470467 2.3850057
 1.5412117 1.34682 2.4965108 1.4931412 1.1000606 1.0407985 1.0605842
 0.67460331 1.8965133]
# truth:
[2.8865471 1.774517 0.61278386 0.61278386 1.8129134 1.6009729 2.4549972
 1.3096302 0.30103 1.5888317 1.1271048 0.99122608 0.0 1.3944517 1.376577
 2.0827854]
# fitted:
[1.0902166861499638, 2.0565575189881087, 1.3447660524149316, 1.6025920847441686, 1.8679425827572087, 1.114043153942417, 1.2425642180400205, 1.0226600976112714, 2.9614776582733633, 2.3037927077371614, 2.149269077814753, 1.1527957521471368, 2.1164005467518185, 1.9208788908134948, 0.86958209490841043, 1.4513988752260734, 1.7380218130131764, 1.8450087710736056, 1.4295712291832672, 2.809263965810471, 1.3567846289137056, 0.85277885770532547, 1.1908001039719403, 1.4600975193065349, 0.87989794629721052, 1.8855673036630285, 0.79951165719056494, 1.4862099912193196, 1.207582061388589, 0.68686739265902896, 1.6781087929280767, 3.1836160249396066, 2.771128808604695, 2.4245985964952395, 0.78088580206628877, 2.9007942976610392, 1.463745515471242, 1.481675934503018, 1.0604348670237875, 1.0352938118662323, 0.69029388401414182, 1.4833403887649301, 1.9543389846555408, 2.0134221005398225, 1.9712177101654325, 1.462578533258092, 1.103133256626875, 1.38814337629481, 1.879662035879984, 0.78267762364985105, 1.59834965336534, 1.8090265786299842, 0.73572604124210206, 2.333593362866222, 1.8774404961906894, 0.92267052803320559, 0.80485058953817146, 1.3927649311140573, 1.50117975953612, 1.5807223265392374, 1.4272928089416892, 1.456457849878405]
# actual:
[0.47712125500000002, 1.294466226, 1.907411361, 1.227886705, 1.769377326, 0.30102999600000002, 0.87506126299999998, 1.59439255, 3.298044843, 2.495544338, 2.561816664, 1.193124598, 1.72427587, 1.489958479, 0.79934054899999996, 1.434568904, 1.555094449, 1.589949601, 0.49136169400000002, 3.238773502, 1.206825876, 0.70757017600000005, 0.0, 1.784617293, 1.271841607, 1.797267541, 1.238046103, 1.59439255, 1.334453751, 0.0, 1.913813852, 2.420120848, 3.298044843, 3.19119942, 1.779596491, 3.113843119, 2.061829307, 1.675778342, 0.70757017600000005, 0.0, 1.320146286, 1.120573931, 2.058805487, 2.033825694, 1.537819095, 1.465382851, 1.729974286, 1.190331698, 1.439332694, 0.98677173399999996, 2.197556213, 1.682145076, 1.025305865, 2.208441356, 1.037426498, 0.71600334399999999, 0.61278385700000004, 1.607455023, 0.30102999600000002, 3.383743576, 2.45909079, 2.314709693]
# fold = 2
# threshold = 2.02636509303
# requested specificity = 0.954545454545
# actual training-set specificity = 0.962264150943
# tpos = 0
# tneg = 12
# fpos = 1
# fneg = 2
# raw predictions:
[2.312947 1.834489 1.8384145 1.6801963 1.6710593 1.7593279 1.8782284
 1.3088978 0.4365336 1.4612151 1.2567267 1.5801008 1.7534654 1.3330523
 1.7170226]
# truth:
[1.2278867 1.7693773 2.5618167 1.4899585 0.0 3.1138431 1.6757783 0.0
 1.3201463 1.1205739 1.4653829 1.7299743 1.4393327 1.6821451 0.61278386]
# fitted:
[1.329928550404611, 1.4654641781895428, 1.6272816249873059, 1.659882194029222, 2.5833608311682994, 1.7664080241068603, 1.8099402993390235, 1.5670175224218943, 1.4275439517324298, 1.6299026879973297, 2.177785171051794, 1.827600688013316, 1.3613861037509292, 2.3903343503304018, 1.4093778908565824, 1.5468199745437983, 1.7313901509030696, 2.026365093025407, 1.5534138574178686, 1.5226857391836435, 1.5358261674710305, 1.4768841098318677, 1.3376850521520778, 1.6640426790758875, 1.8160552700425527, 1.5332381573562461, 1.517284883342528, 1.5860886310641351, 1.6152317532206142, 1.4869450434945504, 1.5315018734191428, 1.4809440634190547, 0.95099888893129481, 0.81936349805905717, 1.1111679124629892, 1.4503555420208363, 2.3669373968666036, 2.2823785263206933, 2.2938129197368493, 1.0667662296010962, 1.6013254849321363, 1.145117781857862, 0.39085957684877026, 1.226257260413662, 1.7941567798664524, 1.791318198766975, 1.5509560237449733, 1.089687047157982, 1.7025531509944172, 1.811862996974233, 1.250846077636265, 0.97837726434463101, 0.85259807514070052, 1.5991899081274092, 1.0734732501405022, 1.3088977564196984, 1.2468687409291226, 1.9353930369570305, 1.786809424556615, 1.2346514750360629, 1.9561295115556059, 1.3004517205723338, 1.597040914684123]
# actual:
[0.47712125500000002, 1.294466226, 2.886547123, 1.907411361, 1.774516966, 0.30102999600000002, 0.87506126299999998, 0.61278385700000004, 0.61278385700000004, 1.59439255, 3.298044843, 2.495544338, 1.193124598, 1.72427587, 0.79934054899999996, 1.434568904, 1.812913357, 1.555094449, 1.589949601, 0.49136169400000002, 3.238773502, 1.600972896, 1.206825876, 0.70757017600000005, 2.454997217, 1.784617293, 1.271841607, 1.797267541, 1.238046103, 1.309630167, 1.59439255, 1.334453751, 0.0, 0.30102999600000002, 1.588831726, 1.913813852, 2.420120848, 3.298044843, 3.19119942, 1.779596491, 2.061829307, 0.70757017600000005, 1.127104798, 0.99122607600000001, 2.058805487, 2.033825694, 1.537819095, 0.0, 1.394451681, 1.190331698, 1.376576957, 0.98677173399999996, 2.197556213, 2.08278537, 1.025305865, 2.208441356, 1.037426498, 0.71600334399999999, 1.607455023, 0.30102999600000002, 3.383743576, 2.45909079, 2.314709693]
# fold = 3
# threshold = 1.79878958988
# requested specificity = 0.9
# actual training-set specificity = 0.905660377358
# tpos = 1
# tneg = 9
# fpos = 4
# fneg = 2
# raw predictions:
[0.8083059 0.81289324 2.2469778 -1.7646104 -0.037465538 1.9154144 1.8217639
 0.46331146 1.5554537 0.32070342 2.3678089 1.1927492 3.0944097 0.39929129
 0.17360052 0.32309639]
# truth:
[1.9074114 1.5943926 3.2980448 1.1931246 0.70757018 1.7972675 1.2380461
 1.5943926 3.2980448 1.7795965 2.0588055 2.0338257 2.2084414 1.607455
 3.3837436 2.3147097]
# fitted:
[0.58713754599243118, 1.651601859545372, 2.9812308845335873, 1.175921849225917, 1.77752943262977, 1.592993706989126, 0.74493819911123271, 0.58292693348791169, 1.1319510848471621, 0.96426658680440513, 1.8283230261728394, 2.7348674300803277, 1.9537436143902822, 1.651763248909408, 0.73146458551395022, 1.2915030989890335, 2.1729008139056445, 1.124197370924815, 1.1745841291511636, 0.37113429678446519, 3.0521475985737334, 1.8053051474640318, 1.1476934248570263, 0.4170094970434306, 2.305004460736309, 1.5745786052462953, 1.1216846055677958, 1.0892696909898323, 1.4326598643859643, 0.10348512345555921, 0.05725279346800316, 2.036724082029245, 1.7007597427022074, 2.2965451763287974, 3.228798940347827, 3.385575683128105, 1.8753166380136965, 1.5829735351274614, 0.83801528096635858, 0.26588858532778392, 1.09064619948649, 1.3150454951913928, 1.5020599684651499, 0.66921379874652231, 1.2788945679976114, 0.38379954280433159, 1.3939506619444062, 1.5690793136161998, 1.3629942865152547, 1.095654584246251, 1.6367697372570453, 1.0790657767571452, 0.91795588687694285, 1.7239981182828805, 1.7485640523078043, 1.798789589883893, 1.1027472670998915, 1.0394299155363658, 1.049995472028029, 0.59338779065662806, 1.35421528607749, 1.5084211844739672]
# actual:
[0.47712125500000002, 1.294466226, 2.886547123, 1.227886705, 1.774516966, 1.769377326, 0.30102999600000002, 0.87506126299999998, 0.61278385700000004, 0.61278385700000004, 2.495544338, 2.561816664, 1.72427587, 1.489958479, 0.79934054899999996, 1.434568904, 1.812913357, 1.555094449, 1.589949601, 0.49136169400000002, 3.238773502, 1.600972896, 1.206825876, 0.0, 2.454997217, 1.784617293, 1.271841607, 1.309630167, 1.334453751, 0.0, 0.30102999600000002, 1.588831726, 1.913813852, 2.420120848, 3.19119942, 3.113843119, 2.061829307, 1.675778342, 0.70757017600000005, 0.0, 1.127104798, 1.320146286, 1.120573931, 0.99122607600000001, 1.537819095, 0.0, 1.465382851, 1.394451681, 1.729974286, 1.190331698, 1.439332694, 1.376576957, 0.98677173399999996, 2.197556213, 2.08278537, 1.682145076, 1.025305865, 1.037426498, 0.71600334399999999, 0.61278385700000004, 0.30102999600000002, 2.45909079]
# fold = 4
# threshold = 2.08184039260
# requested specificity = 0.9
# actual training-set specificity = 0.905660377358
# tpos = 2
# tneg = 11
# fpos = 2
# fneg = 0
# raw predictions:
[2.2288772 1.5939174 1.7060299 1.2156377 1.4525331 1.0133101 1.0333389
 2.6393356 2.1730916 1.1294966 0.84206545 0.93445208 1.1639402 2.6810779
 1.3343038]
# truth:
[1.2944662 0.30103 1.7242759 1.4345689 1.5550944 1.7846173 0.0 2.4201208
 3.1911994 2.0618293 0.70757018 0.98677173 2.1975562 0.71600334 0.30103]
# fitted:
[1.5035893495024304, 2.2877425031330385, 1.128106605183072, 1.6929923705877314, 2.2787530068003052, 2.678856114721306, 1.6225550209391966, 1.601901792651495, 1.3726089024636896, 1.2650714184060128, 2.640424594891832, 2.075161704055639, 2.0917325955961945, 1.291444605086959, 1.5623549588044343, 1.1466830607356877, 1.2096232584885098, 1.5541890487929715, 1.4342968971942314, 2.3202529581286604, 1.3547617705828337, 1.0755695490316597, 0.94312027492628747, 1.363613521551002, 2.1053443715457796, 1.1577460488250027, 2.1285265244137843, 0.93102776521078512, 1.6465560446908503, 1.7147560180434773, 0.92697204227930119, 1.134633123053081, 1.8516260181536537, 1.8268568537308736, 2.6220215148428427, 0.96253819432220333, 2.014040667786294, 2.0227488113417964, 1.104200749142148, 0.77336822933469684, 0.45334271725705089, 1.2638960093597915, 1.135890227864245, 2.567443226131926, 2.244422388776807, 1.2997058087822833, 1.1376320562277742, 1.2458590670201264, 1.2659869877682108, 1.4625763839508588, 1.7017678671283885, 1.4073948955731586, 0.94738068020223065, 2.0818403926043576, 1.8135163584925604, 0.90985196132452795, 1.9044947586613799, 1.4867762565693794, 1.3929011721352032, 1.3500932389565568, 2.052993178356311, 1.167646737897436, 1.38330354898769]
# actual:
[0.47712125500000002, 2.886547123, 1.907411361, 1.227886705, 1.774516966, 1.769377326, 0.87506126299999998, 0.61278385700000004, 0.61278385700000004, 1.59439255, 3.298044843, 2.495544338, 2.561816664, 1.193124598, 1.489958479, 0.79934054899999996, 1.812913357, 1.589949601, 0.49136169400000002, 3.238773502, 1.600972896, 1.206825876, 0.70757017600000005, 0.0, 2.454997217, 1.271841607, 1.797267541, 1.238046103, 1.309630167, 1.59439255, 1.334453751, 0.30102999600000002, 1.588831726, 1.913813852, 3.298044843, 1.779596491, 3.113843119, 1.675778342, 0.0, 1.127104798, 1.320146286, 1.120573931, 0.99122607600000001, 2.058805487, 2.033825694, 1.537819095, 0.0, 1.465382851, 1.394451681, 1.729974286, 1.190331698, 1.439332694, 1.376576957, 2.08278537, 1.682145076, 1.025305865, 2.208441356, 1.037426498, 0.61278385700000004, 1.607455023, 3.383743576, 2.45909079, 2.314709693]
# fold = 5
# threshold = 2.25387507698
# requested specificity = 0.981481481481
# actual training-set specificity = 0.984848484848
# tpos = 0
# tneg = 0
# fpos = 0
# fneg = 0
# raw predictions:
[]
# truth:
[]
# fitted:
[1.2568757328899536, 2.195499556895099, 1.8784162557909216, 1.1904884076966922, 1.9177799373389648, 2.253875076984149, 2.2453344333312915, 1.4445584034343666, 1.7358959622939683, 1.8366384740180068, 1.39129147000933, 1.3530096787974018, 2.484147604642276, 2.08467627268352, 1.9427549777499866, 1.233383773186222, 1.808917190161483, 1.5596687646058318, 1.1277069093212966, 1.4347497446752524, 1.490667857258801, 1.6699895227447357, 1.5468325843381983, 1.6206590999955748, 2.3701203901896988, 1.3560900268395149, 0.821890008166418, 0.80691379110579298, 1.4261627281714375, 2.11812407709579, 1.3347201923405585, 1.1724810609186156, 1.6502649665091966, 1.3411057262532526, 1.9376734997844989, 1.7167904804331404, 1.4630848442655524, 0.84052789880479128, 1.0761187782924309, 1.7755297637079817, 1.6228701591284604, 2.3897389855724405, 2.3678247405969426, 2.175571977626211, 1.0856893748923877, 2.240159432051079, 1.0771535424575054, 1.6952740847911978, 0.9155522211604904, 1.1313465917145036, 0.67655621568782776, 0.44020156166227298, 1.4139527072752056, 0.9846449958627812, 2.3070501425683214, 2.2161687981694276, 1.3950903850565604, 1.1576835258952953, 1.2992456822236846, 1.3050676359719955, 1.4875419737752313, 1.712235781399166, 1.5800822447854122, 1.1990519313399664, 0.95563977622664564, 1.1773679564420148, 1.8116576413133816, 1.6899538882639598, 0.43945051353413656, 1.6042336591693147, 1.0666182780639495, 1.9003425913452363, 1.4710842598144018, 1.5807559746167752, 1.1419767525553204, 1.6362779631100768, 1.0809318054537063, 1.4277568797047198]
# actual:
[0.47712125500000002, 1.294466226, 2.886547123, 1.907411361, 1.227886705, 1.774516966, 1.769377326, 0.30102999600000002, 0.87506126299999998, 0.61278385700000004, 0.61278385700000004, 1.59439255, 3.298044843, 2.495544338, 2.561816664, 1.193124598, 1.72427587, 1.489958479, 0.79934054899999996, 1.434568904, 1.812913357, 1.555094449, 1.589949601, 0.49136169400000002, 3.238773502, 1.600972896, 1.206825876, 0.70757017600000005, 0.0, 2.454997217, 1.784617293, 1.271841607, 1.797267541, 1.238046103, 1.309630167, 1.59439255, 1.334453751, 0.0, 0.30102999600000002, 1.588831726, 1.913813852, 2.420120848, 3.298044843, 3.19119942, 1.779596491, 3.113843119, 2.061829307, 1.675778342, 0.70757017600000005, 0.0, 1.127104798, 1.320146286, 1.120573931, 0.99122607600000001, 2.058805487, 2.033825694, 1.537819095, 0.0, 1.465382851, 1.394451681, 1.729974286, 1.190331698, 1.439332694, 1.376576957, 0.98677173399999996, 2.197556213, 2.08278537, 1.682145076, 1.025305865, 2.208441356, 1.037426498, 0.71600334399999999, 0.61278385700000004, 1.607455023, 0.30102999600000002, 3.383743576, 2.45909079, 2.314709693]
# Area under ROC curve = 0.339622641509
# aggregate.tpos = 5
# aggregate.tneg = 44
# aggregate.fpos = 9
# aggregate.fneg = 4
# variables: wvperpmean12, dirwvhperpmean6, wvperpmean24, wvperpmean6, dirwvhperpmean1, logbeachturbiditybeach, dirwvhperpmean12, dirwvhperpmean2
# decision threshold: 1.96247921079
# Seed = 985.948783366
# Site = pointlakeshore
# Method = spls-select
# fold = 1
# threshold = 2.19114988858
# requested specificity = 0.975609756098
# actual training-set specificity = 0.980769230769
# tpos = 1
# tneg = 11
# fpos = 3
# fneg = 1
# raw predictions:
[1.8564435 3.3795842 1.7313269 1.6087942 1.4298447 1.5538981 2.2492482
 2.4267385 1.2941152 2.4486423 1.2054784 0.7632208 1.3358044 1.5333978
 1.0686754 2.0020323]
# truth:
[2.8865471 1.774517 0.61278386 0.61278386 1.8129134 1.6009729 2.4549972
 1.3096302 0.30103 1.5888317 1.1271048 0.99122608 0.0 1.3944517 1.376577
 2.0827854]
# fitted:
[1.186629502753667, 2.146467051268428, 0.98714825799101535, 2.1072704069907684, 2.1911498885813274, 1.2724747748216019, 1.6334584817545397, 1.1010692084459834, 2.6824976933525737, 2.1470340323597634, 1.8864022674092369, 1.2963385714030582, 2.1903486184185867, 1.3422523521162104, 1.1004181263391848, 1.4674411970341896, 1.748943163408025, 1.5279556720221121, 1.4391449851067935, 2.6414963500006037, 0.86789146656993355, 0.61010855005324627, 1.5255964609844672, 1.2805563248218848, 1.0559238188741826, 1.6354434107771052, 1.5729138165652037, 1.8172710129656073, 1.682589280175704, 0.98404229325180304, 1.4369720646556061, 2.952318330833063, 2.5429287564959333, 2.1946239372799736, 0.7176240121839712, 2.5745270516811667, 0.91798581165801618, 1.715881043224267, 1.043435366296059, 0.94995881651190528, 1.0207405830423841, 1.5055127690621308, 2.34646504031515, 2.0516050767781113, 1.5290644328296932, 1.577365493514324, 1.397060542608548, 1.4448918947868146, 1.9053226061538044, 0.91287038803656839, 1.635445482720086, 1.7091491308195994, 0.60825155303264888, 1.8399706039047918, 1.3743537833077093, 1.1151623781743223, 1.2713783234447993, 1.6384340329716105, 1.3358049022141736, 1.7221334861744166, 1.2923696683546204, 1.4361821113169233]
# actual:
[0.47712125500000002, 1.294466226, 1.907411361, 1.227886705, 1.769377326, 0.30102999600000002, 0.87506126299999998, 1.59439255, 3.298044843, 2.495544338, 2.561816664, 1.193124598, 1.72427587, 1.489958479, 0.79934054899999996, 1.434568904, 1.555094449, 1.589949601, 0.49136169400000002, 3.238773502, 1.206825876, 0.70757017600000005, 0.0, 1.784617293, 1.271841607, 1.797267541, 1.238046103, 1.59439255, 1.334453751, 0.0, 1.913813852, 2.420120848, 3.298044843, 3.19119942, 1.779596491, 3.113843119, 2.061829307, 1.675778342, 0.70757017600000005, 0.0, 1.320146286, 1.120573931, 2.058805487, 2.033825694, 1.537819095, 1.465382851, 1.729974286, 1.190331698, 1.439332694, 0.98677173399999996, 2.197556213, 1.682145076, 1.025305865, 2.208441356, 1.037426498, 0.71600334399999999, 0.61278385700000004, 1.607455023, 0.30102999600000002, 3.383743576, 2.45909079, 2.314709693]
# fold = 2
# threshold = 2.02636509303
# requested specificity = 0.954545454545
# actual training-set specificity = 0.962264150943
# tpos = 0
# tneg = 12
# fpos = 1
# fneg = 2
# raw predictions:
[2.312947 1.834489 1.8384145 1.6801963 1.6710593 1.7593279 1.8782284
 1.3088978 0.4365336 1.4612151 1.2567267 1.5801008 1.7534654 1.3330523
 1.7170226]
# truth:
[1.2278867 1.7693773 2.5618167 1.4899585 0.0 3.1138431 1.6757783 0.0
 1.3201463 1.1205739 1.4653829 1.7299743 1.4393327 1.6821451 0.61278386]
# fitted:
[1.329928550404611, 1.4654641781895428, 1.6272816249873059, 1.659882194029222, 2.5833608311682994, 1.7664080241068603, 1.8099402993390235, 1.5670175224218943, 1.4275439517324298, 1.6299026879973297, 2.177785171051794, 1.827600688013316, 1.3613861037509292, 2.3903343503304018, 1.4093778908565824, 1.5468199745437983, 1.7313901509030696, 2.026365093025407, 1.5534138574178686, 1.5226857391836435, 1.5358261674710305, 1.4768841098318677, 1.3376850521520778, 1.6640426790758875, 1.8160552700425527, 1.5332381573562461, 1.517284883342528, 1.5860886310641351, 1.6152317532206142, 1.4869450434945504, 1.5315018734191428, 1.4809440634190547, 0.95099888893129481, 0.81936349805905717, 1.1111679124629892, 1.4503555420208363, 2.3669373968666036, 2.2823785263206933, 2.2938129197368493, 1.0667662296010962, 1.6013254849321363, 1.145117781857862, 0.39085957684877026, 1.226257260413662, 1.7941567798664524, 1.791318198766975, 1.5509560237449733, 1.089687047157982, 1.7025531509944172, 1.811862996974233, 1.250846077636265, 0.97837726434463101, 0.85259807514070052, 1.5991899081274092, 1.0734732501405022, 1.3088977564196984, 1.2468687409291226, 1.9353930369570305, 1.786809424556615, 1.2346514750360629, 1.9561295115556059, 1.3004517205723338, 1.597040914684123]
# actual:
[0.47712125500000002, 1.294466226, 2.886547123, 1.907411361, 1.774516966, 0.30102999600000002, 0.87506126299999998, 0.61278385700000004, 0.61278385700000004, 1.59439255, 3.298044843, 2.495544338, 1.193124598, 1.72427587, 0.79934054899999996, 1.434568904, 1.812913357, 1.555094449, 1.589949601, 0.49136169400000002, 3.238773502, 1.600972896, 1.206825876, 0.70757017600000005, 2.454997217, 1.784617293, 1.271841607, 1.797267541, 1.238046103, 1.309630167, 1.59439255, 1.334453751, 0.0, 0.30102999600000002, 1.588831726, 1.913813852, 2.420120848, 3.298044843, 3.19119942, 1.779596491, 2.061829307, 0.70757017600000005, 1.127104798, 0.99122607600000001, 2.058805487, 2.033825694, 1.537819095, 0.0, 1.394451681, 1.190331698, 1.376576957, 0.98677173399999996, 2.197556213, 2.08278537, 1.025305865, 2.208441356, 1.037426498, 0.71600334399999999, 1.607455023, 0.30102999600000002, 3.383743576, 2.45909079, 2.314709693]
# fold = 3
# threshold = 1.94520313105
# requested specificity = 0.911111111111
# actual training-set specificity = 0.924528301887
# tpos = 1
# tneg = 13
# fpos = 0
# fneg = 2
# raw predictions:
[1.1299989 1.0421166 1.6999745 1.7433089 1.065535 1.852874 1.1069222
 1.1524835 2.1532203 1.3695337 1.8272412 1.6713821 0.5505926 0.95478296
 0.60908725 0.25674893]
# truth:
[1.9074114 1.5943926 3.2980448 1.1931246 0.70757018 1.7972675 1.2380461
 1.5943926 3.2980448 1.7795965 2.0588055 2.0338257 2.2084414 1.607455
 3.3837436 2.3147097]
# fitted:
[1.844041367665041, 2.3154842810732172, 2.399216541295656, 1.4611425277794896, 1.0407853779546747, 2.1777774809329538, 1.120929473994149, 0.79365206887258066, 1.0956088813554206, 1.4474227491589837, 1.4749800578430032, 2.17004053425375, 1.0422183818304025, 1.7043440270171193, 1.3637508675506698, 1.6576429778139026, 1.9139752211222163, 1.517338105463646, 1.2196915148495362, 1.180871384374343, 2.3154818257024212, 1.7269327532055323, 0.77965467809911804, 1.0091768295207386, 1.7962811903031728, 1.9452031310452482, 1.4854575752036618, 1.734215622214762, 1.2243414947283533, 0.36505050873552725, 1.1132887757343202, 2.0309387600060047, 1.8458851661312492, 2.216146083713225, 2.460119777368339, 2.976499676337897, 1.9591428876609855, 1.4603748367174787, 0.90019385861095924, 0.47074160327401848, 1.3534149500388522, 0.93516139734390946, 1.436702213920139, 0.75914870763381137, 1.019710406061462, 0.64817720116023558, 1.2612989591295185, 0.95695318383459282, 1.0565972423551804, 0.67682611789133351, 1.7358040245990298, 1.287010945253179, 0.87614705140396443, 1.6452518561157987, 1.5692862783861885, 1.6759449658269972, 0.73010565786658532, 0.78780167026323489, 1.3956009578155022, 0.65010284282875308, 0.70551534369827529, 0.8377438400596906]
# actual:
[0.47712125500000002, 1.294466226, 2.886547123, 1.227886705, 1.774516966, 1.769377326, 0.30102999600000002, 0.87506126299999998, 0.61278385700000004, 0.61278385700000004, 2.495544338, 2.561816664, 1.72427587, 1.489958479, 0.79934054899999996, 1.434568904, 1.812913357, 1.555094449, 1.589949601, 0.49136169400000002, 3.238773502, 1.600972896, 1.206825876, 0.0, 2.454997217, 1.784617293, 1.271841607, 1.309630167, 1.334453751, 0.0, 0.30102999600000002, 1.588831726, 1.913813852, 2.420120848, 3.19119942, 3.113843119, 2.061829307, 1.675778342, 0.70757017600000005, 0.0, 1.127104798, 1.320146286, 1.120573931, 0.99122607600000001, 1.537819095, 0.0, 1.465382851, 1.394451681, 1.729974286, 1.190331698, 1.439332694, 1.376576957, 0.98677173399999996, 2.197556213, 2.08278537, 1.682145076, 1.025305865, 1.037426498, 0.71600334399999999, 0.61278385700000004, 0.30102999600000002, 2.45909079]
# fold = 4
# threshold = 1.84088565888
# requested specificity = 0.829268292683
# actual training-set specificity = 0.849056603774
# tpos = 2
# tneg = 11
# fpos = 2
# fneg = 0
# raw predictions:
[2.5074476 1.2904953 1.2089431 1.3563625 1.2692242 1.3745546 1.1944359
 1.9350299 1.8630905 0.99085197 1.2177956 1.2917687 1.6553455 2.2410215
 1.245003]
# truth:
[1.2944662 0.30103 1.7242759 1.4345689 1.5550944 1.7846173 0.0 2.4201208
 3.1911994 2.0618293 0.70757018 0.98677173 2.1975562 0.71600334 0.30103]
# fitted:
[1.3809739529573122, 2.0978556621222455, 1.1081018329140893, 1.4020973594074009, 1.4912720286926102, 2.439688916340486, 1.7200125355433071, 1.8327094687348344, 1.4197328645384872, 1.2901816949822023, 2.417560739624747, 2.081809116894424, 1.8985101785658682, 1.350965624705087, 1.4050368570861112, 1.142616506925836, 1.3001003083541924, 1.5821342539783758, 1.6372405642001413, 2.3519079702223804, 1.4395752487814062, 0.81823805289470752, 0.57976914141234981, 1.2165174586063061, 2.0465783320182194, 1.104658824294913, 1.8408856588794391, 1.1581971149764159, 1.9635054578023876, 1.6251355202806785, 1.5121080021053757, 1.476135083385172, 2.2047146888178806, 1.8562850288420039, 1.962613673153681, 1.3793046148901442, 2.2578451406740543, 1.6201410462872907, 1.2321735510722098, 1.4015756532666406, 1.1518702093215734, 1.4939103950674868, 1.1848092770572132, 2.37182748379715, 2.4016960240514456, 1.3867187394212737, 1.4320603113529742, 1.4660898242707012, 1.0669599695927818, 1.4257899332316122, 1.5139748052860649, 1.4435905380654688, 1.6308666674388448, 1.841748625547795, 2.0568705497678734, 0.61090406751043269, 1.7546181885483376, 1.2593690987678565, 1.390228163322948, 1.3631725630037586, 1.3450004332880026, 1.1559251486436204, 1.3006180334133717]
# actual:
[0.47712125500000002, 2.886547123, 1.907411361, 1.227886705, 1.774516966, 1.769377326, 0.87506126299999998, 0.61278385700000004, 0.61278385700000004, 1.59439255, 3.298044843, 2.495544338, 2.561816664, 1.193124598, 1.489958479, 0.79934054899999996, 1.812913357, 1.589949601, 0.49136169400000002, 3.238773502, 1.600972896, 1.206825876, 0.70757017600000005, 0.0, 2.454997217, 1.271841607, 1.797267541, 1.238046103, 1.309630167, 1.59439255, 1.334453751, 0.30102999600000002, 1.588831726, 1.913813852, 3.298044843, 1.779596491, 3.113843119, 1.675778342, 0.0, 1.127104798, 1.320146286, 1.120573931, 0.99122607600000001, 2.058805487, 2.033825694, 1.537819095, 0.0, 1.465382851, 1.394451681, 1.729974286, 1.190331698, 1.439332694, 1.376576957, 2.08278537, 1.682145076, 1.025305865, 2.208441356, 1.037426498, 0.61278385700000004, 1.607455023, 3.383743576, 2.45909079, 2.314709693]
# fold = 5
# threshold = 2.03746340992
# requested specificity = 0.921568627451
# actual training-set specificity = 0.924242424242
# tpos = 0
# tneg = 0
# fpos = 0
# fneg = 0
# raw predictions:
[]
# truth:
[]
# fitted:
[1.3505964820498495, 2.178817448775411, 1.9168472861106334, 1.275085961343506, 1.8682187941247936, 2.1770227212401165, 2.194491693295065, 1.5732618267432907, 1.6709652754550044, 1.8270638694820476, 1.4862841048569888, 1.285908642879549, 2.522355317097243, 2.1061694353263296, 1.9316926975611324, 1.2642398977875244, 1.9060275267871951, 1.5012703915368726, 1.1800116233414866, 1.395183930645101, 1.4579870502310324, 1.6632756482397024, 1.448603742644494, 1.5390372759349529, 2.3770502908752613, 1.4926950964854546, 0.7441681652863994, 0.73011064217534016, 1.3177294009700815, 2.1395884704439356, 1.4352141888079713, 1.1265180395848093, 1.5496553436923646, 1.3276230762031933, 2.037463409924836, 1.7360665221714227, 1.5282804313559568, 0.89204502356843962, 1.097851946088379, 1.7548426612956938, 1.6685227887010177, 2.4657341548279343, 2.4030335315131324, 2.193833553646786, 0.96604605969774293, 2.302147655606607, 1.1877078113274902, 1.8287951658739758, 0.95515801543566936, 1.0571362348504962, 0.75010964243122036, 0.42296743400087167, 1.383795344661124, 0.90810799664117015, 2.264247267625505, 2.226457897662525, 1.3892948706438921, 1.1056056189230858, 1.3643836050220835, 1.2841224183029345, 1.4469751667488335, 1.711888151880073, 1.5891342357360307, 1.193229410397682, 0.87531473097777901, 1.2334868508801309, 1.7970683226989368, 1.6316059819353805, 0.49926600514581088, 1.5084959051158835, 1.086621508491099, 1.788815279858512, 1.5382284152603354, 1.6243016170151667, 1.14075933935503, 1.564132588646136, 1.0839759175705577, 1.3233907074724973]
# actual:
[0.47712125500000002, 1.294466226, 2.886547123, 1.907411361, 1.227886705, 1.774516966, 1.769377326, 0.30102999600000002, 0.87506126299999998, 0.61278385700000004, 0.61278385700000004, 1.59439255, 3.298044843, 2.495544338, 2.561816664, 1.193124598, 1.72427587, 1.489958479, 0.79934054899999996, 1.434568904, 1.812913357, 1.555094449, 1.589949601, 0.49136169400000002, 3.238773502, 1.600972896, 1.206825876, 0.70757017600000005, 0.0, 2.454997217, 1.784617293, 1.271841607, 1.797267541, 1.238046103, 1.309630167, 1.59439255, 1.334453751, 0.0, 0.30102999600000002, 1.588831726, 1.913813852, 2.420120848, 3.298044843, 3.19119942, 1.779596491, 3.113843119, 2.061829307, 1.675778342, 0.70757017600000005, 0.0, 1.127104798, 1.320146286, 1.120573931, 0.99122607600000001, 2.058805487, 2.033825694, 1.537819095, 0.0, 1.465382851, 1.394451681, 1.729974286, 1.190331698, 1.439332694, 1.376576957, 0.98677173399999996, 2.197556213, 2.08278537, 1.682145076, 1.025305865, 2.208441356, 1.037426498, 0.71600334399999999, 0.61278385700000004, 1.607455023, 0.30102999600000002, 3.383743576, 2.45909079, 2.314709693]
# Area under ROC curve = 0.0188679245283
# aggregate.tpos = 4
# aggregate.tneg = 47
# aggregate.fpos = 6
# aggregate.fneg = 5
# variables: wvperpmean12, dirwvhperpmean1, logbeachturbiditybeach, dirwvhperpmean2
# decision threshold: 1.91777993734
# Seed = 985.948783366
# Site = pointlakeshore
# Method = spls-select
# Seed = 985.948783366
# Site = pointlakeshore
# Method = spls-select
# Seed = 985.948783366
# Site = pointlakeshore
# Method = spls-select
# Seed = 985.948783366
# Site = pointlakeshore
# Method = spls-select
# Seed = 985.948783366
# Site = pointlakeshore
# Method = spls-select
# Seed = 985.948783366
# Site = pointlakeshore
# Method = spls-select
# Seed = 985.948783366
# Site = pointlakeshore
# Method = spls-select
# Seed = 985.948783366
# Site = pointlakeshore
# Method = spls-select
# Seed = 985.948783366
# Site = pointlakeshore
# Method = spls-select
# Seed = 985.948783366
# Site = pointlakeshore
# Method = spls-select
# Seed = 985.948783366
# Site = pointlakeshore
# Method = spls-select
# Seed = 985.948783366
# Site = pointlakeshore
# Method = spls-select
# Seed = 985.948783366
# Site = pointlakeshore
# Method = spls-select
# Seed = 985.948783366
# Site = pointlakeshore
# Method = spls-select
# Seed = 985.948783366
# Site = pointlakeshore
# Method = spls-select
# Seed = 985.948783366
# Site = pointlakeshore
# Method = spls-select
# Seed = 985.948783366
# Site = pointlakeshore
# Method = spls-select
# Seed = 985.948783366
# Site = pointlakeshore
# Method = spls-select
# Seed = 985.948783366
# Site = pointlakeshore
# Method = spls-select
# Seed = 985.948783366
# Site = pointlakeshore
# Method = spls-select
# Seed = 985.948783366
# Site = pointlakeshore
# Method = spls-select
# Seed = 985.948783366
# Site = pointlakeshore
# Method = spls-select
# Seed = 985.948783366
# Site = pointlakeshore
# Method = spls-select
# Seed = 985.948783366
# Site = pointlakeshore
# Method = spls-select
# Seed = 985.948783366
# Site = pointlakeshore
# Method = spls-select
# Seed = 985.948783366
# Site = pointlakeshore
# Method = spls-select
# Seed = 985.948783366
# Site = pointlakeshore
# Method = spls-select
# Seed = 985.948783366
# Site = pointlakeshore
# Method = spls-select
# Seed = 985.948783366
# Site = pointlakeshore
# Method = spls-select
# Seed = 985.948783366
# Site = pointlakeshore
# Method = spls-select
# Seed = 985.948783366
# Site = pointlakeshore
# Method = spls-select
# Seed = 985.948783366
# Site = pointlakeshore
# Method = spls-select
# Seed = 985.948783366
# Site = pointlakeshore
# Method = spls-select
# Seed = 985.948783366
# Site = pointlakeshore
# Method = spls-select
# Seed = 985.948783366
# Site = pointlakeshore
# Method = spls-select
# Seed = 985.948783366
# Site = pointlakeshore
# Method = spls-select
# Seed = 985.948783366
# Site = pointlakeshore
# Method = spls-select
# Seed = 985.948783366
# Site = pointlakeshore
# Method = spls-select
# Seed = 985.948783366
# Site = pointlakeshore
# Method = spls-select
# Seed = 985.948783366
# Site = pointlakeshore
# Method = spls-select
# fold = 1
# threshold = 2.32656411572
# requested specificity = 1.0
# actual training-set specificity = 1.0
# tpos = 0
# tneg = 11
# fpos = 2
# fneg = 3
# raw predictions:
[1.1904298 2.3807643 1.1666558 -0.42880282 2.0670969 1.7847157 0.86860825
 3.1154218 2.2225408 0.63277209 0.7706614 2.0422137 1.8623613 1.9843392
 1.5055485 -0.15135987]
# truth:
[0.47712126 0.87506126 2.4955443 0.79934055 1.5899496 0.49136169 3.2387735
 1.2068259 1.2718416 1.3344538 1.9138139 1.5378191 1.1903317 1.0253059
 1.0374265 2.4590908]
# fitted:
[1.6483301042729357, 2.7397601095045108, 1.8181039228454776, 1.252626076036087, 1.8769630453262678, 1.761323913404279, 0.60162121138355029, 0.79392674539106134, 0.7350498786891474, 1.5775720154779709, 2.8149070131543557, 2.21636560219212, 1.7527041652080806, 1.6344616837613206, 1.4979314446641103, 2.3265641157204846, 1.590014338662254, 1.5980920106364591, 1.4988686284095911, 0.97161544599090854, 0.94872306616444979, 2.671352428537614, 1.1303216129408258, 2.132329901667173, 0.76944732179989705, 1.7610621781869118, 1.4783649434263069, -0.16784884049257637, 0.77104188235318061, 1.7920584774792272, 2.4798442950329505, 3.446461844979082, 3.341228755749464, 1.4063046979357974, 3.2187150564611566, 1.5804952043517235, 2.1851850548908596, 1.1611951269847691, 0.11879783547370411, 0.96976052704933369, 1.025919678119344, 1.0276090575740295, 0.73902332405632165, 1.9653415451266547, 1.74297865627323, 0.2533484784419805, 1.3984348547560763, 1.3886640203362621, 1.2610927065527373, 1.669556125766623, 1.1360523304020556, 1.489692800815783, 1.485635455634608, 1.3632379217059893, 1.2388838109506317, 2.0806508824107475, 1.347996667512752, 1.3396708086215083, 1.332823660159607, 0.93092490061250355, 1.7541135579888199, 1.9538632354789125]
# actual:
[1.294466226, 2.886547123, 1.907411361, 1.227886705, 1.774516966, 1.769377326, 0.30102999600000002, 0.61278385700000004, 0.61278385700000004, 1.59439255, 3.298044843, 2.561816664, 1.193124598, 1.72427587, 1.489958479, 1.434568904, 1.812913357, 1.555094449, 1.600972896, 0.70757017600000005, 0.0, 2.454997217, 1.784617293, 1.797267541, 1.238046103, 1.309630167, 1.59439255, 0.0, 0.30102999600000002, 1.588831726, 2.420120848, 3.298044843, 3.19119942, 1.779596491, 3.113843119, 2.061829307, 1.675778342, 0.70757017600000005, 0.0, 1.127104798, 1.320146286, 1.120573931, 0.99122607600000001, 2.058805487, 2.033825694, 0.0, 1.465382851, 1.394451681, 1.729974286, 1.439332694, 1.376576957, 0.98677173399999996, 2.197556213, 2.08278537, 1.682145076, 2.208441356, 0.71600334399999999, 0.61278385700000004, 1.607455023, 0.30102999600000002, 3.383743576, 2.314709693]
# fold = 2
# threshold = 2.19034861842
# requested specificity = 0.951219512195
# actual training-set specificity = 0.961538461538
# tpos = 1
# tneg = 11
# fpos = 3
# fneg = 1
# raw predictions:
[1.8564435 3.3795842 1.7313269 1.6087942 1.4298447 1.5538981 2.2492482
 2.4267385 1.2941152 2.4486423 1.2054784 0.7632208 1.3358044 1.5333978
 1.0686754 2.0020323]
# truth:
[2.8865471 1.774517 0.61278386 0.61278386 1.8129134 1.6009729 2.4549972
 1.3096302 0.30103 1.5888317 1.1271048 0.99122608 0.0 1.3944517 1.376577
 2.0827854]
# fitted:
[1.186629502753667, 2.146467051268428, 0.98714825799101535, 2.1072704069907684, 2.1911498885813274, 1.2724747748216019, 1.6334584817545397, 1.1010692084459834, 2.6824976933525737, 2.1470340323597634, 1.8864022674092369, 1.2963385714030582, 2.1903486184185867, 1.3422523521162104, 1.1004181263391848, 1.4674411970341896, 1.748943163408025, 1.5279556720221121, 1.4391449851067935, 2.6414963500006037, 0.86789146656993355, 0.61010855005324627, 1.5255964609844672, 1.2805563248218848, 1.0559238188741826, 1.6354434107771052, 1.5729138165652037, 1.8172710129656073, 1.682589280175704, 0.98404229325180304, 1.4369720646556061, 2.952318330833063, 2.5429287564959333, 2.1946239372799736, 0.7176240121839712, 2.5745270516811667, 0.91798581165801618, 1.715881043224267, 1.043435366296059, 0.94995881651190528, 1.0207405830423841, 1.5055127690621308, 2.34646504031515, 2.0516050767781113, 1.5290644328296932, 1.577365493514324, 1.397060542608548, 1.4448918947868146, 1.9053226061538044, 0.91287038803656839, 1.635445482720086, 1.7091491308195994, 0.60825155303264888, 1.8399706039047918, 1.3743537833077093, 1.1151623781743223, 1.2713783234447993, 1.6384340329716105, 1.3358049022141736, 1.7221334861744166, 1.2923696683546204, 1.4361821113169233]
# actual:
[0.47712125500000002, 1.294466226, 1.907411361, 1.227886705, 1.769377326, 0.30102999600000002, 0.87506126299999998, 1.59439255, 3.298044843, 2.495544338, 2.561816664, 1.193124598, 1.72427587, 1.489958479, 0.79934054899999996, 1.434568904, 1.555094449, 1.589949601, 0.49136169400000002, 3.238773502, 1.206825876, 0.70757017600000005, 0.0, 1.784617293, 1.271841607, 1.797267541, 1.238046103, 1.59439255, 1.334453751, 0.0, 1.913813852, 2.420120848, 3.298044843, 3.19119942, 1.779596491, 3.113843119, 2.061829307, 1.675778342, 0.70757017600000005, 0.0, 1.320146286, 1.120573931, 2.058805487, 2.033825694, 1.537819095, 1.465382851, 1.729974286, 1.190331698, 1.439332694, 0.98677173399999996, 2.197556213, 1.682145076, 1.025305865, 2.208441356, 1.037426498, 0.71600334399999999, 0.61278385700000004, 1.607455023, 0.30102999600000002, 3.383743576, 2.45909079, 2.314709693]
# fold = 3
# threshold = 1.76640802411
# requested specificity = 0.809523809524
# actual training-set specificity = 0.830188679245
# tpos = 1
# tneg = 10
# fpos = 3
# fneg = 1
# raw predictions:
[2.312947 1.834489 1.8384145 1.6801963 1.6710593 1.7593279 1.8782284
 1.3088978 0.4365336 1.4612151 1.2567267 1.5801008 1.7534654 1.3330523
 1.7170226]
# truth:
[1.2278867 1.7693773 2.5618167 1.4899585 0.0 3.1138431 1.6757783 0.0
 1.3201463 1.1205739 1.4653829 1.7299743 1.4393327 1.6821451 0.61278386]
# fitted:
[1.329928550404611, 1.4654641781895428, 1.6272816249873059, 1.659882194029222, 2.5833608311682994, 1.7664080241068603, 1.8099402993390235, 1.5670175224218943, 1.4275439517324298, 1.6299026879973297, 2.177785171051794, 1.827600688013316, 1.3613861037509292, 2.3903343503304018, 1.4093778908565824, 1.5468199745437983, 1.7313901509030696, 2.026365093025407, 1.5534138574178686, 1.5226857391836435, 1.5358261674710305, 1.4768841098318677, 1.3376850521520778, 1.6640426790758875, 1.8160552700425527, 1.5332381573562461, 1.517284883342528, 1.5860886310641351, 1.6152317532206142, 1.4869450434945504, 1.5315018734191428, 1.4809440634190547, 0.95099888893129481, 0.81936349805905717, 1.1111679124629892, 1.4503555420208363, 2.3669373968666036, 2.2823785263206933, 2.2938129197368493, 1.0667662296010962, 1.6013254849321363, 1.145117781857862, 0.39085957684877026, 1.226257260413662, 1.7941567798664524, 1.791318198766975, 1.5509560237449733, 1.089687047157982, 1.7025531509944172, 1.811862996974233, 1.250846077636265, 0.97837726434463101, 0.85259807514070052, 1.5991899081274092, 1.0734732501405022, 1.3088977564196984, 1.2468687409291226, 1.9353930369570305, 1.786809424556615, 1.2346514750360629, 1.9561295115556059, 1.3004517205723338, 1.597040914684123]
# actual:
[0.47712125500000002, 1.294466226, 2.886547123, 1.907411361, 1.774516966, 0.30102999600000002, 0.87506126299999998, 0.61278385700000004, 0.61278385700000004, 1.59439255, 3.298044843, 2.495544338, 1.193124598, 1.72427587, 0.79934054899999996, 1.434568904, 1.812913357, 1.555094449, 1.589949601, 0.49136169400000002, 3.238773502, 1.600972896, 1.206825876, 0.70757017600000005, 2.454997217, 1.784617293, 1.271841607, 1.797267541, 1.238046103, 1.309630167, 1.59439255, 1.334453751, 0.0, 0.30102999600000002, 1.588831726, 1.913813852, 2.420120848, 3.298044843, 3.19119942, 1.779596491, 2.061829307, 0.70757017600000005, 1.127104798, 0.99122607600000001, 2.058805487, 2.033825694, 1.537819095, 0.0, 1.394451681, 1.190331698, 1.376576957, 0.98677173399999996, 2.197556213, 2.08278537, 1.025305865, 2.208441356, 1.037426498, 0.71600334399999999, 1.607455023, 0.30102999600000002, 3.383743576, 2.45909079, 2.314709693]
# fold = 4
# threshold = 2.02927538189
# requested specificity = 0.951219512195
# actual training-set specificity = 0.962264150943
# tpos = 1
# tneg = 12
# fpos = 1
# fneg = 2
# raw predictions:
[1.3430702 1.0386712 2.196982 1.942731 0.42184875 2.0907286 0.66769276
 0.99686295 2.0047316 0.77408111 1.6375271 1.5371381 0.46994652 0.68844222
 0.571274 -0.34249053]
# truth:
[1.9074114 1.5943926 3.2980448 1.1931246 0.70757018 1.7972675 1.2380461
 1.5943926 3.2980448 1.7795965 2.0588055 2.0338257 2.2084414 1.607455
 3.3837436 2.3147097]
# fitted:
[1.7471727315674093, 1.8740361507589416, 1.9657413129903048, 1.2703882848895605, 0.95338308367124491, 1.8917259351085298, 1.126309802661038, 1.3124168670699437, 0.97480389171459725, 1.7547754966098874, 2.1138229129834523, 2.1128599696376824, 1.4056286027804188, 1.539010998573701, 1.2824876924249289, 1.4855020930201797, 2.2637855362743906, 0.98784666707412738, 0.97312946464056793, 1.0183659993987129, 2.4721445157386057, 2.434947802483774, 0.79593949669558406, 0.59266030358800037, 2.1442037645483665, 1.953381435769929, 1.4639132825887382, 1.7726580722310406, 0.90548135949527453, 0.31195264694578395, 0.75003064226129879, 1.6336250696236565, 2.026279640568687, 2.1473544262076185, 2.2210650265236236, 2.51863431207609, 1.8337861214305318, 1.4923541817584929, 0.73604739443188161, 0.34912027568322357, 1.599919175257101, 1.4489854631409878, 1.8878113956730518, 0.7541504168369495, 1.366759923044783, 0.6525751808807505, 1.514550181689814, 1.0499575868764173, 1.2079773412352242, 0.80071583978214511, 2.02927538189435, 1.4174162129939465, 0.69927877018971296, 1.903083638439632, 1.7913413078593279, 1.5458764463259735, 0.96459883002769686, 0.79778346888810514, 0.9147677438283297, 0.27323543931521876, 0.69498337394863441, 0.83253028737202883]
# actual:
[0.47712125500000002, 1.294466226, 2.886547123, 1.227886705, 1.774516966, 1.769377326, 0.30102999600000002, 0.87506126299999998, 0.61278385700000004, 0.61278385700000004, 2.495544338, 2.561816664, 1.72427587, 1.489958479, 0.79934054899999996, 1.434568904, 1.812913357, 1.555094449, 1.589949601, 0.49136169400000002, 3.238773502, 1.600972896, 1.206825876, 0.0, 2.454997217, 1.784617293, 1.271841607, 1.309630167, 1.334453751, 0.0, 0.30102999600000002, 1.588831726, 1.913813852, 2.420120848, 3.19119942, 3.113843119, 2.061829307, 1.675778342, 0.70757017600000005, 0.0, 1.127104798, 1.320146286, 1.120573931, 0.99122607600000001, 1.537819095, 0.0, 1.465382851, 1.394451681, 1.729974286, 1.190331698, 1.439332694, 1.376576957, 0.98677173399999996, 2.197556213, 2.08278537, 1.682145076, 1.025305865, 1.037426498, 0.71600334399999999, 0.61278385700000004, 0.30102999600000002, 2.45909079]
# fold = 5
# threshold = 2.27268040361
# requested specificity = 0.952380952381
# actual training-set specificity = 0.962264150943
# tpos = 1
# tneg = 12
# fpos = 1
# fneg = 1
# raw predictions:
[2.163047 1.5552264 1.7061219 1.2004853 1.4888106 1.0112213 0.98364379
 2.6998655 2.2518134 1.1043659 0.83388011 0.88670319 1.1183325 2.9624598
 1.3244451]
# truth:
[1.2944662 0.30103 1.7242759 1.4345689 1.5550944 1.7846173 0.0 2.4201208
 3.1911994 2.0618293 0.70757018 0.98677173 2.1975562 0.71600334 0.30103]
# fitted:
[1.5277816693012567, 2.3969276613053605, 1.1209940921588029, 1.7174217922349382, 2.251674652430157, 2.6527343172145095, 1.661237406110696, 1.5644094264543094, 1.3761963480210668, 1.2342565996463855, 2.5103543119416223, 2.1074677460011246, 2.1189844596381433, 1.3011553543301992, 1.5272290322296702, 1.1177805724345276, 1.2071580711725352, 1.6159677135574369, 1.4840895166005719, 2.234145366717061, 1.3800320593204611, 1.0774567172367102, 0.97537643217357883, 1.3695267859741371, 2.099244789655309, 1.1393843392195824, 2.224394552249191, 0.98237867068766394, 1.5716177535725922, 1.7425602330132406, 0.93758057368837822, 1.1259660347254887, 1.8047769803661196, 1.972831992943302, 2.659589391811711, 0.93614029798686627, 1.8607423243606625, 2.0042092045476645, 1.027515003230514, 0.72614447601148369, 0.42232553305159171, 1.3195178079597758, 1.0871269258577647, 2.4632315788266483, 2.27268040360644, 1.3484910454985262, 1.1394323034623035, 1.269645905358247, 1.2830952912379205, 1.4710498285867144, 1.597521607715945, 1.4128896000954723, 0.98365773505921017, 2.0339613903549805, 1.8977125965776744, 0.9852420812659507, 1.7489648838063645, 1.5789002912252572, 1.375953129237291, 1.3434527935144804, 2.163546657144636, 1.1743234948882455, 1.3769271723935308]
# actual:
[0.47712125500000002, 2.886547123, 1.907411361, 1.227886705, 1.774516966, 1.769377326, 0.87506126299999998, 0.61278385700000004, 0.61278385700000004, 1.59439255, 3.298044843, 2.495544338, 2.561816664, 1.193124598, 1.489958479, 0.79934054899999996, 1.812913357, 1.589949601, 0.49136169400000002, 3.238773502, 1.600972896, 1.206825876, 0.70757017600000005, 0.0, 2.454997217, 1.271841607, 1.797267541, 1.238046103, 1.309630167, 1.59439255, 1.334453751, 0.30102999600000002, 1.588831726, 1.913813852, 3.298044843, 1.779596491, 3.113843119, 1.675778342, 0.0, 1.127104798, 1.320146286, 1.120573931, 0.99122607600000001, 2.058805487, 2.033825694, 1.537819095, 0.0, 1.465382851, 1.394451681, 1.729974286, 1.190331698, 1.439332694, 1.376576957, 2.08278537, 1.682145076, 1.025305865, 2.208441356, 1.037426498, 0.61278385700000004, 1.607455023, 3.383743576, 2.45909079, 2.314709693]
# Area under ROC curve = 0.103535353535
# aggregate.tpos = 4
# aggregate.tneg = 56
# aggregate.fpos = 10
# aggregate.fneg = 8
# variables: wvperpmean12, dirwvhperpmean6, wvperpmean24, dirwvhperpmean1, logbeachturbiditybeach, dirwvhperpmean12, dirwvhperpmean2
# decision threshold: 1.90602752679
# Seed = 985.948783366
# Site = pointlakeshore
# Method = spls-select
# fold = 1
# threshold = 2.08593866197
# requested specificity = 0.953488372093
# actual training-set specificity = 0.962264150943
# tpos = 0
# tneg = 13
# fpos = 0
# fneg = 3
# raw predictions:
[1.4148174 1.6698055 1.9236794 1.9284455 1.5060913 1.3646658 1.7939666
 0.73843303 1.305421 1.2436018 1.5621848 1.4256541 1.3742914 0.52555611
 0.96361914 0.70918746]
# truth:
[0.47712126 0.87506126 2.4955443 0.79934055 1.5899496 0.49136169 3.2387735
 1.2068259 1.2718416 1.3344538 1.9138139 1.5378191 1.1903317 1.0253059
 1.0374265 2.4590908]
# fitted:
[1.9733140013500712, 1.876679030986792, 1.146080760911011, 1.8083040284432892, 2.0859386619676057, 2.1891293938679235, 1.4349493981009875, 1.4343693480259847, 1.192071617108486, 1.1839946826828047, 2.3149729005700213, 1.945303554095763, 1.1994567795768656, 2.023490417254985, 1.6932529819015292, 1.6926681554685754, 1.4189376965565457, 1.7173257866710168, 1.335380429613032, 0.94608677114576811, 1.2647120865905805, 2.260569976667721, 1.4706047878365194, 1.7593866489845749, 1.2585663839264598, 1.750809723559906, 1.5806440185502135, 0.76376400965783242, 0.9190542325638017, 1.7730399745757506, 2.389301874234284, 2.8674050080659046, 3.6513095232146062, 1.7360234307759106, 2.4495808187143004, 1.2134803211946181, 1.8307478819118863, 0.82088256751672861, 0.95363163288293296, 1.3325542735376161, 0.7040555221581728, 1.4745974451065786, 1.0131362003712243, 2.0172943887109143, 2.1001927895680885, 1.0415418254390254, 1.1716484063792252, 1.2321191754459655, 1.4900634140093234, 1.8348317594206263, 0.95723276152351211, 0.75612887928422012, 1.0180928640196465, 1.6021971492475122, 1.6426064080546268, 1.1962527738997155, 1.9551389201661455, 1.2107407321514025, 1.3056265606532107, 0.78753752065337301, 1.5817339123445215, 1.0766123411317623]
# actual:
[1.294466226, 2.886547123, 1.907411361, 1.227886705, 1.774516966, 1.769377326, 0.30102999600000002, 0.61278385700000004, 0.61278385700000004, 1.59439255, 3.298044843, 2.561816664, 1.193124598, 1.72427587, 1.489958479, 1.434568904, 1.812913357, 1.555094449, 1.600972896, 0.70757017600000005, 0.0, 2.454997217, 1.784617293, 1.797267541, 1.238046103, 1.309630167, 1.59439255, 0.0, 0.30102999600000002, 1.588831726, 2.420120848, 3.298044843, 3.19119942, 1.779596491, 3.113843119, 2.061829307, 1.675778342, 0.70757017600000005, 0.0, 1.127104798, 1.320146286, 1.120573931, 0.99122607600000001, 2.058805487, 2.033825694, 0.0, 1.465382851, 1.394451681, 1.729974286, 1.439332694, 1.376576957, 0.98677173399999996, 2.197556213, 2.08278537, 1.682145076, 2.208441356, 0.71600334399999999, 0.61278385700000004, 1.607455023, 0.30102999600000002, 3.383743576, 2.314709693]
# fold = 2
# threshold = 2.34105023461
# requested specificity = 0.975
# actual training-set specificity = 0.980769230769
# tpos = 0
# tneg = 12
# fpos = 2
# fneg = 2
# raw predictions:
[1.9181726 1.4623106 1.8995902 1.8045652 1.3639562 1.8228838 2.2111582
 2.7185858 1.4277216 2.8010342 1.2283141 0.79397763 1.5793536 1.4726941
 1.4289776 2.0896304]
# truth:
[2.8865471 1.774517 0.61278386 0.61278386 1.8129134 1.6009729 2.4549972
 1.3096302 0.30103 1.5888317 1.1271048 0.99122608 0.0 1.3944517 1.376577
 2.0827854]
# fitted:
[1.3942010039365815, 2.3410502346134727, 0.96930723482085923, 1.5688830393798678, 2.169658735701725, 1.3188744796634766, 1.6704509479880407, 1.2785116630748559, 2.461261619506539, 2.0862859404994873, 1.92531090412681, 1.5385886490238936, 1.2615428884108506, 1.347276521392341, 1.0835503399928803, 1.5646336576037845, 1.5669271213246865, 1.6698930120181847, 1.5837997946276614, 2.7979206113148813, 0.84816062726222174, 0.59714654007408008, 1.5089343569414822, 1.3911120673418596, 1.0712006597295078, 1.6499534292862124, 1.409729926822814, 1.919862621520024, 1.6586629450070178, 1.047529650041025, 1.62696374170346, 2.30239583935997, 2.1695493325550457, 1.7074816262660317, 0.77247139726786851, 2.765553344109992, 0.85529204741251585, 1.8433739381108332, 1.2062141702390365, 0.95602995004843316, 1.1257440078536514, 1.683479582970251, 2.372865681515479, 2.1556555525986116, 1.690120615543212, 1.828159939026294, 1.4501224444359706, 1.3653647960561073, 1.9860324631929354, 0.93975163638998627, 1.8520666139508644, 1.8697099243246695, 0.68090107800869371, 1.7174355066660862, 1.4754903427223827, 1.0371861244208847, 1.4368918232952792, 1.585031379867907, 1.3135439185949578, 1.6115855587861443, 1.3395468939500483, 1.4218340167092731]
# actual:
[0.47712125500000002, 1.294466226, 1.907411361, 1.227886705, 1.769377326, 0.30102999600000002, 0.87506126299999998, 1.59439255, 3.298044843, 2.495544338, 2.561816664, 1.193124598, 1.72427587, 1.489958479, 0.79934054899999996, 1.434568904, 1.555094449, 1.589949601, 0.49136169400000002, 3.238773502, 1.206825876, 0.70757017600000005, 0.0, 1.784617293, 1.271841607, 1.797267541, 1.238046103, 1.59439255, 1.334453751, 0.0, 1.913813852, 2.420120848, 3.298044843, 3.19119942, 1.779596491, 3.113843119, 2.061829307, 1.675778342, 0.70757017600000005, 0.0, 1.320146286, 1.120573931, 2.058805487, 2.033825694, 1.537819095, 1.465382851, 1.729974286, 1.190331698, 1.439332694, 0.98677173399999996, 2.197556213, 1.682145076, 1.025305865, 2.208441356, 1.037426498, 0.71600334399999999, 0.61278385700000004, 1.607455023, 0.30102999600000002, 3.383743576, 2.45909079, 2.314709693]
# fold = 3
# threshold = 1.93539303696
# requested specificity = 0.928571428571
# actual training-set specificity = 0.943396226415
# tpos = 0
# tneg = 12
# fpos = 1
# fneg = 2
# raw predictions:
[2.312947 1.834489 1.8384145 1.6801963 1.6710593 1.7593279 1.8782284
 1.3088978 0.4365336 1.4612151 1.2567267 1.5801008 1.7534654 1.3330523
 1.7170226]
# truth:
[1.2278867 1.7693773 2.5618167 1.4899585 0.0 3.1138431 1.6757783 0.0
 1.3201463 1.1205739 1.4653829 1.7299743 1.4393327 1.6821451 0.61278386]
# fitted:
[1.329928550404611, 1.4654641781895428, 1.6272816249873059, 1.659882194029222, 2.5833608311682994, 1.7664080241068603, 1.8099402993390235, 1.5670175224218943, 1.4275439517324298, 1.6299026879973297, 2.177785171051794, 1.827600688013316, 1.3613861037509292, 2.3903343503304018, 1.4093778908565824, 1.5468199745437983, 1.7313901509030696, 2.026365093025407, 1.5534138574178686, 1.5226857391836435, 1.5358261674710305, 1.4768841098318677, 1.3376850521520778, 1.6640426790758875, 1.8160552700425527, 1.5332381573562461, 1.517284883342528, 1.5860886310641351, 1.6152317532206142, 1.4869450434945504, 1.5315018734191428, 1.4809440634190547, 0.95099888893129481, 0.81936349805905717, 1.1111679124629892, 1.4503555420208363, 2.3669373968666036, 2.2823785263206933, 2.2938129197368493, 1.0667662296010962, 1.6013254849321363, 1.145117781857862, 0.39085957684877026, 1.226257260413662, 1.7941567798664524, 1.791318198766975, 1.5509560237449733, 1.089687047157982, 1.7025531509944172, 1.811862996974233, 1.250846077636265, 0.97837726434463101, 0.85259807514070052, 1.5991899081274092, 1.0734732501405022, 1.3088977564196984, 1.2468687409291226, 1.9353930369570305, 1.786809424556615, 1.2346514750360629, 1.9561295115556059, 1.3004517205723338, 1.597040914684123]
# actual:
[0.47712125500000002, 1.294466226, 2.886547123, 1.907411361, 1.774516966, 0.30102999600000002, 0.87506126299999998, 0.61278385700000004, 0.61278385700000004, 1.59439255, 3.298044843, 2.495544338, 1.193124598, 1.72427587, 0.79934054899999996, 1.434568904, 1.812913357, 1.555094449, 1.589949601, 0.49136169400000002, 3.238773502, 1.600972896, 1.206825876, 0.70757017600000005, 2.454997217, 1.784617293, 1.271841607, 1.797267541, 1.238046103, 1.309630167, 1.59439255, 1.334453751, 0.0, 0.30102999600000002, 1.588831726, 1.913813852, 2.420120848, 3.298044843, 3.19119942, 1.779596491, 2.061829307, 0.70757017600000005, 1.127104798, 0.99122607600000001, 2.058805487, 2.033825694, 1.537819095, 0.0, 1.394451681, 1.190331698, 1.376576957, 0.98677173399999996, 2.197556213, 2.08278537, 1.025305865, 2.208441356, 1.037426498, 0.71600334399999999, 1.607455023, 0.30102999600000002, 3.383743576, 2.45909079, 2.314709693]
# fold = 4
# threshold = 1.82576199956
# requested specificity = 0.9
# actual training-set specificity = 0.905660377358
# tpos = 1
# tneg = 9
# fpos = 4
# fneg = 2
# raw predictions:
[0.71860588 0.97228598 2.1199481 1.3883645 0.6079892 1.8607788 1.833487
 0.80090368 1.7818147 0.14469516 2.1693783 1.4143936 1.8259618 0.76826986
 0.56563259 0.53947953]
# truth:
[1.9074114 1.5943926 3.2980448 1.1931246 0.70757018 1.7972675 1.2380461
 1.5943926 3.2980448 1.7795965 2.0588055 2.0338257 2.2084414 1.607455
 3.3837436 2.3147097]
# fitted:
[1.0186093330074404, 1.822880447866969, 3.0900725499847033, 1.511233616279156, 1.7250972695935851, 1.6549484419107452, 0.8996491662806575, 0.42413042214394858, 1.1421015007458315, 1.3807804329449869, 1.8295636339480743, 2.3008315227820537, 1.838520024431694, 1.5351107494350769, 0.86405063530186987, 1.6397207874042648, 1.9365182466880262, 0.74264856878755736, 1.721042606002705, 0.56061773765165668, 2.73694588326494, 1.6258448618172483, 0.90216156549630877, 0.69696457699779923, 2.040575248391014, 1.8257619995602132, 0.94833897137610612, 1.2364531548647681, 1.5442681647933827, -0.014939032420505306, 0.39621693780024336, 1.993861785396013, 1.2559821664712012, 2.43087403278531, 3.2444703880463504, 3.221941141045759, 2.052814992610021, 1.6374550656926805, 0.50912720527351785, 0.60117803939319647, 1.0281296038164685, 1.2393141586252023, 1.4339758986455877, 0.68678892921894996, 1.485321090572536, 0.24659205945396065, 1.3102389864990347, 1.4770058532680332, 0.93990244724544458, 0.93535582348364588, 1.7840893439815884, 1.0435684226513062, 0.99437051065818061, 1.7022618524790596, 1.647795387091794, 1.8584535615986122, 0.69965623832890689, 1.2629249957861148, 1.092535823225272, 0.61909843487429472, 1.211682488040482, 1.532859918608955]
# actual:
[0.47712125500000002, 1.294466226, 2.886547123, 1.227886705, 1.774516966, 1.769377326, 0.30102999600000002, 0.87506126299999998, 0.61278385700000004, 0.61278385700000004, 2.495544338, 2.561816664, 1.72427587, 1.489958479, 0.79934054899999996, 1.434568904, 1.812913357, 1.555094449, 1.589949601, 0.49136169400000002, 3.238773502, 1.600972896, 1.206825876, 0.0, 2.454997217, 1.784617293, 1.271841607, 1.309630167, 1.334453751, 0.0, 0.30102999600000002, 1.588831726, 1.913813852, 2.420120848, 3.19119942, 3.113843119, 2.061829307, 1.675778342, 0.70757017600000005, 0.0, 1.127104798, 1.320146286, 1.120573931, 0.99122607600000001, 1.537819095, 0.0, 1.465382851, 1.394451681, 1.729974286, 1.190331698, 1.439332694, 1.376576957, 0.98677173399999996, 2.197556213, 2.08278537, 1.682145076, 1.025305865, 1.037426498, 0.71600334399999999, 0.61278385700000004, 0.30102999600000002, 2.45909079]
# fold = 5
# threshold = 2.37182748380
# requested specificity = 0.952380952381
# actual training-set specificity = 0.962264150943
# tpos = 0
# tneg = 12
# fpos = 1
# fneg = 2
# raw predictions:
[2.5074476 1.2904953 1.2089431 1.3563625 1.2692242 1.3745546 1.1944359
 1.9350299 1.8630905 0.99085197 1.2177956 1.2917687 1.6553455 2.2410215
 1.245003]
# truth:
[1.2944662 0.30103 1.7242759 1.4345689 1.5550944 1.7846173 0.0 2.4201208
 3.1911994 2.0618293 0.70757018 0.98677173 2.1975562 0.71600334 0.30103]
# fitted:
[1.3809739529573122, 2.0978556621222455, 1.1081018329140893, 1.4020973594074009, 1.4912720286926102, 2.439688916340486, 1.7200125355433071, 1.8327094687348344, 1.4197328645384872, 1.2901816949822023, 2.417560739624747, 2.081809116894424, 1.8985101785658682, 1.350965624705087, 1.4050368570861112, 1.142616506925836, 1.3001003083541924, 1.5821342539783758, 1.6372405642001413, 2.3519079702223804, 1.4395752487814062, 0.81823805289470752, 0.57976914141234981, 1.2165174586063061, 2.0465783320182194, 1.104658824294913, 1.8408856588794391, 1.1581971149764159, 1.9635054578023876, 1.6251355202806785, 1.5121080021053757, 1.476135083385172, 2.2047146888178806, 1.8562850288420039, 1.962613673153681, 1.3793046148901442, 2.2578451406740543, 1.6201410462872907, 1.2321735510722098, 1.4015756532666406, 1.1518702093215734, 1.4939103950674868, 1.1848092770572132, 2.37182748379715, 2.4016960240514456, 1.3867187394212737, 1.4320603113529742, 1.4660898242707012, 1.0669599695927818, 1.4257899332316122, 1.5139748052860649, 1.4435905380654688, 1.6308666674388448, 1.841748625547795, 2.0568705497678734, 0.61090406751043269, 1.7546181885483376, 1.2593690987678565, 1.390228163322948, 1.3631725630037586, 1.3450004332880026, 1.1559251486436204, 1.3006180334133717]
# actual:
[0.47712125500000002, 2.886547123, 1.907411361, 1.227886705, 1.774516966, 1.769377326, 0.87506126299999998, 0.61278385700000004, 0.61278385700000004, 1.59439255, 3.298044843, 2.495544338, 2.561816664, 1.193124598, 1.489958479, 0.79934054899999996, 1.812913357, 1.589949601, 0.49136169400000002, 3.238773502, 1.600972896, 1.206825876, 0.70757017600000005, 0.0, 2.454997217, 1.271841607, 1.797267541, 1.238046103, 1.309630167, 1.59439255, 1.334453751, 0.30102999600000002, 1.588831726, 1.913813852, 3.298044843, 1.779596491, 3.113843119, 1.675778342, 0.0, 1.127104798, 1.320146286, 1.120573931, 0.99122607600000001, 2.058805487, 2.033825694, 1.537819095, 0.0, 1.465382851, 1.394451681, 1.729974286, 1.190331698, 1.439332694, 1.376576957, 2.08278537, 1.682145076, 1.025305865, 2.208441356, 1.037426498, 0.61278385700000004, 1.607455023, 3.383743576, 2.45909079, 2.314709693]
# Area under ROC curve = 0.0921717171717
# aggregate.tpos = 1
# aggregate.tneg = 58
# aggregate.fpos = 8
# aggregate.fneg = 11
# variables: wvperpmean12, dirwvhperpmean6, wvperpmean24, wvperpmean6, dirwvhperpmean24, dirwvhperpmean1, cloudcovermean1hr, logbeachturbiditybeach, cloudcovermean2hr, dirwvhperpmean12, dirwvhperpmean2
# decision threshold: 1.99488746673
