# Seed = 0.728359806414
# Site = pointlakeshore
# Method = galogistic-unweighted
# fold = 1
# threshold = 2.22044604925e-16
# requested specificity = 0.734693877551
# actual training-set specificity = 0.786885245902
# tpos = 2
# tneg = 13
# fpos = 1
# fneg = 1
# raw predictions:
[-2669.41685489 -1332.22720425 -1660.41001378 1052.80397554 -1407.17259019
 -1316.51899804 -1938.70243770 511.443506283 -1478.37384382 -1769.98422421
 -1437.52301672 -2767.16045616 68.1635895077 -2101.85922311 -2294.17433563
 -1245.23974126 -2761.04352666]
# truth:
[0.47712126 1.2944662 1.5943926 3.2980448 0.49136169 1.7972675 0.0
 2.4201208 3.1911994 1.3201463 0.99122608 1.4653829 1.7299743 1.1903317
 2.1975562 2.0827854 1.607455]
# fold = 2
# threshold = 0.999999997651
# requested specificity = 0.9
# actual training-set specificity = 0.904761904762
# tpos = 1
# tneg = 10
# fpos = 3
# fneg = 1
# raw predictions:
[-1347.53456193 -458.642898480 187.140895780 -143.278803440 -1865.68830126
 -911.211890016 -761.650697345 -1001.52199118 -320.068381293 -1378.96890552
 -1090.80778534 440.495577828 -427.189693707 250.548660057 522.157659687]
# truth:
[0.61278386 1.7242759 3.2387735 1.2068259 0.0 1.3096302 1.7795965 3.1138431
 1.6757783 0.70757018 0.0 2.0338257 0.0 2.2084414 1.0374265]
# fold = 3
# threshold = 2.22044604925e-16
# requested specificity = 0.68
# actual training-set specificity = 0.709677419355
# tpos = 0
# tneg = 11
# fpos = 3
# fneg = 2
# raw predictions:
[-645.501270032 -292.939827160 -334.165873762 -179.751563461 -255.439034113
 69.8294302460 -215.442981038 -73.3153066590 -537.393713548 -384.176738682
 -242.445742000 478.115332446 -140.610152158 -83.0339070429 41.1515846623
 -102.268876200]
# truth:
[2.8865471 1.774517 0.87506126 2.5618167 1.1931246 0.79934055 1.5899496
 1.6009729 1.2380461 1.3344538 0.30103 1.1271048 1.376577 0.98677173
 1.6821451 0.71600334]
# fold = 4
# threshold = 1.0
# requested specificity = 0.9
# actual training-set specificity = 1.0
# tpos = 1
# tneg = 10
# fpos = 3
# fneg = 1
# raw predictions:
[-314.924345083 13.4588442042 -97.2533381145 -196.060350167 -61.7922401155
 -227.460382490 -212.065854894 -86.8080737703 22.2435241009 83.1401624421
 -201.434664838 -136.426544866 10.0653022146 -96.6260153344 -146.094019739]
# truth:
[1.9074114 1.2278867 0.30103 0.61278386 1.4899585 0.70757018 1.7846173
 1.5943926 1.9138139 3.2980448 1.1205739 1.3944517 1.4393327 0.30103
 2.4590908]
# fold = 5
# threshold = 0.99999998388
# requested specificity = 0.9
# actual training-set specificity = 0.904761904762
# tpos = 0
# tneg = 12
# fpos = 0
# fneg = 3
# raw predictions:
[-1611.03775008 -2870.87002508 -3541.99929186 -752.586150187 -2184.50961127
 -1725.47560146 -2140.62577969 -2445.92807790 -750.690522446 -218.709403721
 -509.238041161 -980.555111864 -2690.72927188 -1983.39145707 -1921.67286429]
# truth:
[1.7693773 2.4955443 1.4345689 1.8129134 1.5550944 2.4549972 1.2718416
 1.5888317 2.0618293 2.0588055 1.5378191 1.0253059 0.61278386 3.3837436
 2.3147097]
# Area under ROC curve = 0.848484848485
# aggregate.tpos = 4
# aggregate.tneg = 56
# aggregate.fpos = 10
# aggregate.fneg = 8
# variables: seawatertemp0stdev12hr, wvperpmean24, seawatertemp0stdev120hr, logbeachturbiditybeach, jday, logtribmolashcreektribturbidity
# decision threshold: 1.0
