# Seed = 0.163463691304
# Site = neshotah
# Method = galogistic-unweighted
# fold = 1
# threshold = 2.22044604925e-16
# requested specificity = 0.804347826087
# actual training-set specificity = 0.877192982456
# tpos = 0
# tneg = 14
# fpos = 1
# fneg = 1
# raw predictions:
[-117.380327685 -194.527083919 -186.494111104 5.96973841069 -195.821085786
 -191.887962143 -130.742113758 -40.8654971739 -47.3055224312 -17.1248549165
 -78.7108482572 -12.9338577080 -177.433445230 -163.078832032 -133.076609416
 -203.473871726]
# truth:
[1.2148438 1.1398791 1.8680564 1.9947569 1.4232459 1.161368 2.0413927
 1.2988531 3.1138431 1.6384893 0.79934055 2.1711412 1.7355989 1.7737864
 0.98677173 1.7505084]
# fold = 2
# threshold = 2.22044604925e-16
# requested specificity = 0.829787234043
# actual training-set specificity = 0.847457627119
# tpos = 0
# tneg = 14
# fpos = 0
# fneg = 0
# raw predictions:
[-144.917346831 -166.101378761 -184.057192583 -130.088597305 -239.173107927
 -13.5718452781 -33.9617900602 -265.680245979 -208.942539273 -166.862382248
 -148.330880237 -175.338705926 -120.965177895 -85.7700954257]
# truth:
[1.6170003 0.61278386 1.7846173 1.6201361 1.3856063 1.2329961 2.0726175
 1.20412 1.1643529 0.79239169 1.7226339 1.8175654 1.0791812 1.6444386]
# fold = 3
# threshold = 2.22044604925e-16
# requested specificity = 0.847826086957
# actual training-set specificity = 0.879310344828
# tpos = 0
# tneg = 14
# fpos = 0
# fneg = 1
# raw predictions:
[-545.512992987 -430.306299073 -354.011159920 -311.853270215 -242.973383166
 -467.568959195 -558.716945347 -93.6230481405 -200.130928851 -134.881489903
 -413.091512345 -477.674438814 -328.821321916 -319.374952149
 -0.641126391011]
# truth:
[1.2671717 2.0759118 1.5378191 0.79934055 1.382017 1.948413 1.8469553
 0.61278386 2.7875313 0.71600334 1.8920946 1.075547 0.47712126 1.4785665
 2.079543]
# fold = 4
# threshold = 7.48496182372e-10
# requested specificity = 0.9
# actual training-set specificity = 0.915254237288
# tpos = 1
# tneg = 10
# fpos = 3
# fneg = 0
# raw predictions:
[21.3343659248 -71.2321619632 -102.521441900 -188.460259284 44.0464277008
 -216.400278259 54.7419854041 -255.282080556 0.720164487681 -202.381954985
 -269.585972352 -151.190704746 -334.530528187 -296.361605559]
# truth:
[1.9036325 1.0374265 2.2652896 0.0 2.4549972 1.510545 2.3232521 0.70757018
 1.4593925 1.7795965 1.3483049 1.9580858 1.4440448 1.1335389]
# fold = 5
# threshold = 7.7963643753e-12
# requested specificity = 0.9
# actual training-set specificity = 0.915254237288
# tpos = 0
# tneg = 9
# fpos = 3
# fneg = 2
# raw predictions:
[199.456141111 14.7051917498 -109.938693307 -129.127762115 -97.5662305071
 -116.728369540 -126.647883600 -135.327458402 -131.607640630 127.539664178
 -127.887822857 -153.926547264 -128.821377103 -170.045757611]
# truth:
[1.6730209 2.112605 1.8088859 0.0 1.1271048 1.9057959 1.4456042 0.70757018
 2.836767 2.0437551 0.79934055 0.49136169 2.9914033 1.5502284]
# Area under ROC curve = 0.9
# aggregate.tpos = 1
# aggregate.tneg = 61
# aggregate.fpos = 7
# aggregate.fneg = 4
# variables: parwaveheightmean6hr, krqmin1, perpwaveheightmean6hr
# decision threshold: 3.87470032414e-12
