# Seed = 0.0563749333115
# Site = maslowski
# Method = adalasso-unweighted
# fold = 1
# threshold = 0.883520334725
# requested specificity = 0.723404255319
# actual training-set specificity = 0.745098039216
# tpos = 0
# tneg = 13
# fpos = 2
# fneg = 1
# raw predictions:
[0.878272465042 0.869665885752 0.883266220431 0.879254583134 0.880686518401
 0.880385321721 0.877728194516 0.886097149 0.88294597193 0.883955457868
 0.880488526989 0.883042888062 0.882526220688 0.882137267435 0.880859451535
 0.881744493574]
# truth:
[1.3856063 2.9914033 1.6954817 1.8344207 2.2671717 1.4456042 2.006038
 1.2576786 1.5899496 1.5024271 2.286681 1.5263393 2.1142773 1.3031961
 1.6963564 1.382017]
# fold = 2
# threshold = 0.900766998887
# requested specificity = 0.875
# actual training-set specificity = 1.0
# tpos = 0
# tneg = 13
# fpos = 0
# fneg = 2
# raw predictions:
[0.899012168035 0.900243418083 0.900418217388 0.90059274422 0.900068346001
 0.897588523916 0.893581505839 0.90059274422 0.900766998887 0.900766998887
 0.900766998887 0.900766998887 0.899893000835 0.900766998887 0.895419725947]
# truth:
[1.075547 1.5611014 1.7581546 1.4785665 2.7629785 3.3837436 2.0652061
 1.5728716 0.99122608 2.1051694 1.8802418 1.4983106 2.1664301 1.3856063
 2.2913689]
# fold = 3
# threshold = 0.905474039029
# requested specificity = 0.877551020408
# actual training-set specificity = 0.962962962963
# tpos = 1
# tneg = 12
# fpos = 0
# fneg = 1
# raw predictions:
[0.83887614646 0.890819388769 0.884419051397 0.90269153528 0.90269153528
 0.90269153528 0.859402431337 0.899836185209 0.899836185209 0.905474039029
 0.899836185209 0.908185070718 0.905474039029 0.905474039029]
# truth:
[1.8773713 0.93449845 2.3147097 0.71600334 1.6812412 2.1251558 2.5627685
 1.7566361 2.3040595 0.97772361 1.6551384 3.3837436 1.30103 1.8382192]
# fold = 4
# threshold = 0.944456354259
# requested specificity = 0.914893617021
# actual training-set specificity = 0.923076923077
# tpos = 0
# tneg = 14
# fpos = 0
# fneg = 1
# raw predictions:
[0.75061811613 0.831993255565 0.825819571613 0.933568610024 0.877382136911
 0.739710807609 0.937131038041 0.93732323607 0.895657025387 0.863069704704
 0.817724173096 0.931802064421 0.940359681164 0.916639794906 0.896909669583]
# truth:
[1.70927 3.1503265 2.0557605 1.7767012 0.61278386 2.1664301 1.7024305
 0.30103 1.3344538 1.4548449 1.6821451 1.7715875 1.0374265 2.0195317
 1.9822712]
# fold = 5
# threshold = 0.904743344216
# requested specificity = 0.851063829787
# actual training-set specificity = 0.87037037037
# tpos = 1
# tneg = 11
# fpos = 1
# fneg = 1
# raw predictions:
[0.890801705079 0.902958210654 0.889799671007 0.901310298773 0.901637772698
 0.902271012193 0.902116987621 0.903192921015 0.88945198866 0.904873491522
 0.905127453246 0.902537398943 0.90445366319 0.903504283213]
# truth:
[2.0318123 0.79934055 2.1525941 2.7383841 2.0338257 2.0318123 1.5327544
 1.1303338 2.0182843 0.71600334 2.6386889 1.161368 2.1752218 1.2068259]
# Area under ROC curve = 0.390151515152
# aggregate.tpos = 2
# aggregate.tneg = 63
# aggregate.fpos = 3
# aggregate.fneg = 6
# variables: wcqmin2, minheightabovemodelsealevelmover1hrx3y12, maslowskisum120sqrt, maxheightabovemodelsealevelmover1hrx3y12, wcqmean48log, meanheightabovemodelsealevelmover1hrx3y12, beachturbiditybeach, wcqmax24, perpvairanglemean24hr
# decision threshold: 0.955115811469
