# Seed = 0.499913376269
# Site = kreher
# Method = adalasso-weighted-select
# fold = 1
# threshold = 0.0772212658792
# requested specificity = 0.904761904762
# actual training-set specificity = 0.977272727273
# tpos = 2
# tneg = 11
# fpos = 1
# fneg = 1
# raw predictions:
[7.78817624751 -2.48071459723 -2.48071459723 -2.48071459723 17.8889514678
 -2.48071459723 -2.48071459723 -2.48071459723 -2.48071459723 -2.48071459723
 -2.48071459723 -2.48071459723 -2.48071459723 12.1204029083 -2.48071459723]
# truth:
[2.9914033 0.0 2.7136585 0.93449845 2.3960249 1.7024305 0.0 0.30103
 0.61278386 1.4842998 0.71600334 1.1931246 1.392697 1.4955443 0.61278386]
# fold = 2
# threshold = 0.0337073668271
# requested specificity = 0.0227272727273
# actual training-set specificity = 0.0666666666667
# tpos = 0
# tneg = 10
# fpos = 1
# fneg = 3
# raw predictions:
[-1.56358396908 -2.58767901963 0.996653657311 -2.58767901963 -2.84370278227
 -1.56358396908 -1.56358396908 -3.09972654491 -3.09972654491 -3.09972654491
 -3.09972654491 -3.35575030755 -3.09972654491 -3.09972654491]
# truth:
[1.4742163 0.61278386 0.49136169 1.5888317 0.92427929 1.9464523 3.3837436
 0.87506126 0.0 1.0413927 2.4549972 2.512551 1.6009729 2.2370408]
