# Seed = 0.455347624675
# Site = redarrow
# Method = galogistic-unweighted
# fold = 1
# threshold = 2.22044604925e-16
# requested specificity = 0.530612244898
# actual training-set specificity = 0.583333333333
# tpos = 1
# tneg = 9
# fpos = 2
# fneg = 4
# raw predictions:
[-66.3501929724 -589.332628222 -804.725973258 -1041.42274026 710.447329202
 686.523053785 -864.172063084 -1349.95089743 -682.076606512 -224.078841394
 -644.222086003 -1040.11037744 -1207.05784299 -690.760678523 -733.502661600
 297.636237839]
# truth:
[1.3541 3.1138 3.3837 3.2388 2.3577 3.3837 2.2695 1.8848 2.2227 1.4928
 0.7076 1.9934 1.9504 2.236 3.3837 2.2238]
# fold = 2
# threshold = 1.0
# requested specificity = 0.9
# actual training-set specificity = 1.0
# tpos = 3
# tneg = 9
# fpos = 1
# fneg = 2
# raw predictions:
[-372.194995043 -386.198810922 -150.239965188 170.111226846 27.7273619556
 -614.941929185 -221.195099413 -622.792167035 -187.159317348 1433.87123761
 -202.053039562 -498.069152539 88.9008390367 -90.9514589506 -208.267039492]
# truth:
[1.0374 2.4366 3.298 2.3829 2.0969 1.8651 1.9345 1.8899 2.1878 3.0804
 1.0374 1.7308 3.3837 1.9939 1.7582]
# fold = 3
# threshold = 1.0
# requested specificity = 0.9
# actual training-set specificity = 1.0
# tpos = 2
# tneg = 6
# fpos = 2
# fneg = 5
# raw predictions:
[-938.633365867 -1379.94077315 -959.984830202 -488.464168992 -282.868859793
 253.158828127 611.687078618 969.824800129 25.9693722772 -1460.23237207
 -138.000395162 -473.789400068 -1225.11709998 -213.265239516 -2007.58772618]
# truth:
[3.0492 1.6599 2.6888 1.933 1.3032 2.588 2.2871 3.0492 2.2363 0.9345 1.2068
 1.6375 2.588 2.8615 3.3837]
# fold = 4
# threshold = 2.22044604925e-16
# requested specificity = 0.489795918367
# actual training-set specificity = 0.55737704918
# tpos = 2
# tneg = 4
# fpos = 7
# fneg = 2
# raw predictions:
[-347.234271186 -506.288090489 -286.454542264 54.1192040341 -503.442021340
 376.129688155 196.364540200 1623.56771699 1335.87344893 -68.8703754553
 84.5730643803 17.6686343312 -7.72728100263 382.696427438 225.098511836]
# truth:
[0.0 2.6888 1.6464 2.1912 1.5441 2.5628 2.3308 3.3837 2.2227 3.1138 2.3398
 2.3041 1.8681 2.3516 2.1761]
# fold = 5
# threshold = 1.0
# requested specificity = 0.9
# actual training-set specificity = 1.0
# tpos = 2
# tneg = 10
# fpos = 0
# fneg = 3
# raw predictions:
[517.211628015 -222.535050714 -768.738049049 -689.735739287 -827.402910877
 -243.087681064 -649.567558628 -857.736468768 -94.1368567499 -874.320095809
 -326.694121117 -264.792938488 122.252818772 -131.106761891 -399.053088023]
# truth:
[2.6387 2.5367 2.2867 1.7024 1.7952 3.3837 2.0195 2.1196 1.1173 1.5843
 1.8681 1.3201 2.6638 1.1903 3.3837]
# Area under ROC curve = 0.76
# aggregate.tpos = 10
# aggregate.tneg = 38
# aggregate.fpos = 12
# aggregate.fneg = 16
# variables: meancloudcoverover6hr, perpwavedirmean1hr, stdevseawatertemperaturecover48hr, meanairtempcover6hr, meanairtempcover1hr, stdevairtempcover72hr, beachturbiditybeach, mangdpsum1sqrt, tribsouthstormwateroutfalltribsc
# decision threshold: 1.0
