# Seed = 0.313368463263
# Site = pointconcessions
# Method = galogistic-unweighted
# fold = 1
# threshold = 7.55082006292e-10
# requested specificity = 0.9
# actual training-set specificity = 0.907407407407
# tpos = 1
# tneg = 13
# fpos = 0
# fneg = 1
# raw predictions:
[-14.0213412427 -156.686645906 -131.940058936 -97.3100388653 -207.472865559
 -32.9550289016 -248.496574343 -188.968093170 18.0709041080 -52.6875073660
 -54.1332551708 -191.151981355 -256.201733498 -149.186281951 -194.523058718]
# truth:
[3.0803739 2.112605 1.9703469 1.4983106 1.0791812 1.7715875 1.1303338
 1.3541084 3.2387735 2.0318123 0.92427929 1.392697 1.9818186 1.2944662
 0.30103]
# fold = 2
# threshold = 2.22044604925e-16
# requested specificity = 0.772727272727
# actual training-set specificity = 0.872727272727
# tpos = 2
# tneg = 12
# fpos = 0
# fneg = 0
# raw predictions:
[-52.8854028915 -71.7305555242 -204.074041294 -450.777198452 -97.5900743212
 -179.775503635 -721.696209331 -134.756252445 251.045636739 921.080653327
 -278.299606907 -159.853252796 -272.804436540 -459.199172489]
# truth:
[0.93449845 1.2988531 1.7810369 0.47712126 1.8344207 2.0211893 0.0
 1.7923917 3.3837436 2.9914033 0.49136169 1.9222063 0.79934055 0.0]
# fold = 3
# threshold = 2.22044604925e-16
# requested specificity = 0.840909090909
# actual training-set specificity = 0.857142857143
# tpos = 0
# tneg = 12
# fpos = 0
# fneg = 1
# raw predictions:
[-567.954386755 -926.551390477 -664.847078694 -313.334269911 -101.204206852
 -638.187717415 -336.427857972 -728.164033348 -755.133114833 -385.761239322
 -214.495124720 -40.3820276512 -217.020952822]
# truth:
[1.161368 1.6294096 3.3837436 1.7363965 1.2380461 1.5024271 1.363612
 1.3710679 1.1986571 0.0 1.2576786 1.9585639 1.519828]
# fold = 4
# threshold = 1.1532708378e-13
# requested specificity = 0.75
# actual training-set specificity = 0.763636363636
# tpos = 1
# tneg = 12
# fpos = 1
# fneg = 0
# raw predictions:
[-163.538541353 -249.444746417 -20.8026848434 -238.965816724 -182.252541613
 -60.0646664468 292.082493129 -153.414710797 15.5195892260 -169.749213686
 -129.247043151 -313.295370515 -252.178676342 -221.362013403]
# truth:
[1.161368 1.2329961 1.7226339 1.3961993 0.0 2.0211893 3.3837436 0.61278386
 0.0 2.064458 0.61278386 0.70757018 0.79934055 0.79934055]
# fold = 5
# threshold = 2.22044604925e-16
# requested specificity = 0.822222222222
# actual training-set specificity = 0.857142857143
# tpos = 0
# tneg = 11
# fpos = 1
# fneg = 1
# raw predictions:
[-230.728636975 193.407565695 -343.110652550 -330.970334571 -350.619608274
 -353.167899553 -315.838072920 -369.530355193 -366.677431542 -378.639729551
 -366.609916755 -356.454572190 -44.7836027929]
# truth:
[1.8260748 0.30103 0.94448267 1.8048207 0.30103 1.1702617 2.4879863 0.0
 1.5658478 1.2741578 1.0374265 2.1379867 1.7923917]
# Area under ROC curve = 0.967741935484
# aggregate.tpos = 4
# aggregate.tneg = 60
# aggregate.fpos = 2
# aggregate.fneg = 3
# variables: scperpmean6, scparlmean48, logbeachturbiditybeach, heightabovesealevelmax24hr
# decision threshold: 0.999999997337
