# Seed = 0.499913376269
# Site = kreher
# Method = spls-select
# fold = 1
# threshold = 1.98971284112
# requested specificity = 0.9
# actual training-set specificity = 0.909090909091
# tpos = 2
# tneg = 10
# fpos = 2
# fneg = 1
# raw predictions:
[4.2932697 1.1409533 1.3500136 0.86552141 5.129595 2.3289342 0.36283518
 0.71815209 1.5252423 1.3721218 0.98372854 1.7410172 1.5172797 5.0136158
 1.462802]
# truth:
[2.9914033 0.0 2.7136585 0.93449845 2.3960249 1.7024305 0.0 0.30103
 0.61278386 1.4842998 0.71600334 1.1931246 1.392697 1.4955443 0.61278386]
# fold = 2
# threshold = 1.65626920155
# requested specificity = 0.771428571429
# actual training-set specificity = 0.777777777778
# tpos = 2
# tneg = 4
# fpos = 7
# fneg = 1
# raw predictions:
[1.9987233 5.256146 5.821775 -3.0838192 -1.0374646 -0.37099759 4.8234264
 0.048149213 5.9655974 1.8672534 0.13743439 2.2860533 2.5527091 2.6406749]
# truth:
[1.4742163 0.61278386 0.49136169 1.5888317 0.92427929 1.9464523 3.3837436
 0.87506126 0.0 1.0413927 2.4549972 2.512551 1.6009729 2.2370408]
# fold = 3
# threshold = 2.29498077352
# requested specificity = 0.948717948718
# actual training-set specificity = 0.957446808511
# tpos = 0
# tneg = 8
# fpos = 1
# fneg = 4
# raw predictions:
[0.42696986 0.41883695 0.23480453 3.2297679 0.75923884 0.95325399 1.0480689
 1.4284116 0.97512566 0.92212643 1.9894335 1.5586443 1.7469888]
# truth:
[0.0 2.6386889 2.0406023 2.3040595 0.0 0.71600334 2.8615344 2.1504494
 2.4879863 2.2367891 2.7629785 1.5658478 1.7795965]
# fold = 4
# threshold = 1.89175081576
# requested specificity = 0.852941176471
# actual training-set specificity = 0.863636363636
# tpos = 1
# tneg = 9
# fpos = 3
# fneg = 1
# raw predictions:
[0.95723728 -0.016496832 1.5598867 0.27850441 2.7548259 1.0763244 2.178173
 1.9330952 1.8428438 1.3699362 1.7553677 2.5857519 1.3803569 0.79581823]
# truth:
[1.1271048 1.4899585 0.79934055 0.0 2.5985717 2.7136585 1.2068259 0.30103
 1.1643529 2.3529539 1.5854607 0.86923172 0.8573325 1.4393327]
# fold = 5
# threshold = 2.19714415316
# requested specificity = 0.970588235294
# actual training-set specificity = 0.977272727273
# tpos = 0
# tneg = 5
# fpos = 7
# fneg = 1
# raw predictions:
[1.941939 7.1429588 0.3100566 2.8023314 6.2865123 2.2709048 0.35654253
 -0.54686104 -0.72418352 3.9914759 2.3069885 5.5166388 2.1895167]
# truth:
[2.1316187 1.2855573 1.1303338 1.1903317 1.6812412 0.0 0.30103 1.2329961
 2.1525941 0.79934055 1.0374265 0.99122608 2.8615344]
# Area under ROC curve = 0.556318681319
# aggregate.tpos = 5
# aggregate.tneg = 36
# aggregate.fpos = 20
# aggregate.fneg = 8
# variables: uploadmaslowski12hrsqrt, uploadmaslowski6hrsqrt, wcrainsum12sqrt, uploadmaslowski2hrsqrt, meairtemperaturecover72hrx3y12, minheightabovemodelsealevelmover24hrx3y12, wcqmean48log, logbeachturbiditybeach, wcqmean72log, maxheightabovemodelsealevelmover24hrx3y12, beachturbiditybeachlog, uploadkreher12hrsqrt, meairtemperaturecover48hrx3y12, uploadkreher2hrsqrt
# decision threshold: 1.98152034624
