# Seed = 0.0563749333115
# Site = maslowski
# Method = adalasso-unweighted-select
# fold = 1
# threshold = 0.000156168680606
# requested specificity = 0.0212765957447
# actual training-set specificity = 0.0588235294118
# tpos = 0
# tneg = 15
# fpos = 0
# fneg = 1
# raw predictions:
[-3.51967527155 -6.13751765199 -5.29502454220 -4.32115415933 -3.38585895772
 -3.71123658064 -5.17833502033 -6.97386742701 -5.10146974790 -5.30482909772
 -3.59252698789 -5.31749123228 -8.87635996307 -4.15941125654 -1.13273529441
 -1.39592873901]
# truth:
[1.3856063 2.9914033 1.6954817 1.8344207 2.2671717 1.4456042 2.006038
 1.2576786 1.5899496 1.5024271 2.286681 1.5263393 2.1142773 1.3031961
 1.6963564 1.382017]
# fold = 2
# threshold = 0.0510624949497
# requested specificity = 0.0425531914894
# actual training-set specificity = 0.150943396226
# tpos = 0
# tneg = 13
# fpos = 0
# fneg = 2
# raw predictions:
[-2.57256341296 -2.81737389236 -2.85234681799 -2.88731974362 -2.78240096673
 -2.29278000794 -1.52337564411 -2.88731974362 -2.92229266925 -2.92229266925
 -2.92229266925 -2.92229266925 -2.74742804111 -2.92229266925 -1.87310490039]
# truth:
[1.075547 1.5611014 1.7581546 1.4785665 2.7629785 3.3837436 2.0652061
 1.5728716 0.99122608 2.1051694 1.8802418 1.4983106 2.1664301 1.3856063
 2.2913689]
# fold = 3
# threshold = 0.0279246766968
# requested specificity = 0.0204081632653
# actual training-set specificity = 0.166666666667
# tpos = 1
# tneg = 11
# fpos = 1
# fneg = 1
# raw predictions:
[5.40171994325 -1.19422714026 -0.251948985476 -3.07878344984 -3.07878344984
 -3.07878344984 3.04602455628 -2.60764437245 -2.60764437245 -3.54992252723
 -2.60764437245 -4.02106160463 -3.54992252723 -3.54992252723]
# truth:
[1.8773713 0.93449845 2.3147097 0.71600334 1.6812412 2.1251558 2.5627685
 1.7566361 2.3040595 0.97772361 1.6551384 3.3837436 1.30103 1.8382192]
# fold = 4
# threshold = 1.1660379746e-05
# requested specificity = 0.0208333333333
# actual training-set specificity = 0.0576923076923
# tpos = 0
# tneg = 13
# fpos = 1
# fneg = 1
# raw predictions:
[-1.39136492606 -0.305523959729 -0.315598614991 -7.78095190336
 -0.209702590592 -7.57585603974 -5.57764882578 -11.1927424893
 -2.86536630211 -4.72595282247 -1.98867492393 -8.41323192518 -4.58930530501
 -1.42256582081 0.239722163349]
# truth:
[1.70927 3.1503265 2.0557605 1.7767012 0.61278386 2.1664301 1.7024305
 0.30103 1.3344538 1.4548449 1.6821451 1.7715875 1.0374265 2.0195317
 1.9822712]
# fold = 5
# threshold = 0.0245881744126
# requested specificity = 0.0208333333333
# actual training-set specificity = 0.0555555555556
# tpos = 0
# tneg = 12
# fpos = 0
# fneg = 2
# raw predictions:
[-1.28393902678 -3.27946726710 -1.12833579707 -2.99638321067 -3.05230064114
 -3.16090085359 -3.13442812561 -3.32013492160 -1.07463482305 -3.61392386865
 -3.65872327793 -3.2067735941 -3.54009937801 -3.37421991050]
# truth:
[2.0318123 0.79934055 2.1525941 2.7383841 2.0338257 2.0318123 1.5327544
 1.1303338 2.0182843 0.71600334 2.6386889 1.161368 2.1752218 1.2068259]
# Area under ROC curve = 0.971590909091
# aggregate.tpos = 1
# aggregate.tneg = 64
# aggregate.fpos = 2
# aggregate.fneg = 7
# variables: wcqmin2, minheightabovemodelsealevelmover1hrx3y12, maslowskisum120sqrt, maxheightabovemodelsealevelmover1hrx3y12, wcqmean48log, meanheightabovemodelsealevelmover1hrx3y12, beachturbiditybeach, wcqmax24, perpvairanglemean24hr
# decision threshold: 0.181006419585
