# Seed = 0.0563749333115
# Site = maslowski
# Method = galogistic-unweighted
# fold = 1
# threshold = 2.22044604925e-16
# requested specificity = 0.765957446809
# actual training-set specificity = 0.793103448276
# tpos = 0
# tneg = 15
# fpos = 0
# fneg = 1
# raw predictions:
[-465.039626225 -166.487499586 -478.071233711 -1045.12145411 -663.428238525
 -644.741430743 -1002.12704897 -402.929736403 -219.867508733 -733.467935577
 -865.217114302 -755.820280623 -1398.95999838 -636.167932416 -445.853322277
 -267.889017842]
# truth:
[1.3856063 2.9914033 1.6954817 1.8344207 2.2671717 1.4456042 2.006038
 1.2576786 1.5899496 1.5024271 2.286681 1.5263393 2.1142773 1.3031961
 1.6963564 1.382017]
# fold = 2
# threshold = 2.22044604925e-16
# requested specificity = 0.808510638298
# actual training-set specificity = 0.864406779661
# tpos = 0
# tneg = 11
# fpos = 2
# fneg = 2
# raw predictions:
[-404.728014828 -340.236993733 -241.962262933 -223.297740285 -422.346483947
 -176.800675844 -414.634460475 71.2107706836 -372.519546810 -237.860971565
 -676.180193790 -92.3170399525 -239.222908491 -70.9547541534 34.5382158748]
# truth:
[1.075547 1.5611014 1.7581546 1.4785665 2.7629785 3.3837436 2.0652061
 1.5728716 0.99122608 2.1051694 1.8802418 1.4983106 2.1664301 1.3856063
 2.2913689]
# fold = 3
# threshold = 0.999999985006
# requested specificity = 0.9
# actual training-set specificity = 0.916666666667
# tpos = 1
# tneg = 9
# fpos = 3
# fneg = 1
# raw predictions:
[-559.649671656 -436.986342109 132.038006345 -310.671379304 54.1448498530
 -674.155763534 130.784041769 -1013.32343241 -991.510285273 -496.791322995
 -465.322998736 -22.1715470252 -304.260415719 220.865175504]
# truth:
[1.8773713 0.93449845 2.3147097 0.71600334 1.6812412 2.1251558 2.5627685
 1.7566361 2.3040595 0.97772361 1.6551384 3.3837436 1.30103 1.8382192]
# fold = 4
# threshold = 0.999999999446
# requested specificity = 0.9
# actual training-set specificity = 0.915254237288
# tpos = 1
# tneg = 11
# fpos = 3
# fneg = 0
# raw predictions:
[-87.5791984106 265.518064616 172.350422303 -960.737063759 -43.6958587317
 -1050.70679590 -1053.53427230 -1360.25242172 -203.439905056 -667.305328672
 259.324721807 -1493.64319886 -525.126058974 66.7704462495 -59.2327135072]
# truth:
[1.70927 3.1503265 2.0557605 1.7767012 0.61278386 2.1664301 1.7024305
 0.30103 1.3344538 1.4548449 1.6821451 1.7715875 1.0374265 2.0195317
 1.9822712]
# fold = 5
# threshold = 2.22044604925e-16
# requested specificity = 0.808510638298
# actual training-set specificity = 0.85
# tpos = 0
# tneg = 9
# fpos = 3
# fneg = 2
# raw predictions:
[15.7020350853 -399.951368126 9.26366801939 -116.768876956 527.397046879
 -103.631375264 -276.932432017 -375.872045315 -163.284799539 -254.861388704
 -357.894519785 -236.329940399 -645.236727584 -916.404433565]
# truth:
[2.0318123 0.79934055 2.1525941 2.7383841 2.0338257 2.0318123 1.5327544
 1.1303338 2.0182843 0.71600334 2.6386889 1.161368 2.1752218 1.2068259]
# Area under ROC curve = 0.833333333333
# aggregate.tpos = 2
# aggregate.tneg = 55
# aggregate.fpos = 11
# aggregate.fneg = 6
# variables: minheightabovemodelsealevelmover1hrx3y12, wcqmin48, parvairanglemean1hr, meanheightabovemodelsealevelmover1hrx3y12, wcqmean72log, perpvairanglemean24hr
# decision threshold: 0.999999995886
