# Seed = 0.0563749333115
# Site = maslowski
# Method = adapt-select
# fold = 1
# threshold = 2.34151020091
# requested specificity = 0.974358974359
# actual training-set specificity = 0.980392156863
# tpos = 1
# tneg = 15
# fpos = 0
# fneg = 0
# raw predictions:
[1.9225466 2.5178364 1.480108 1.8234174 1.6701556 1.6752046 1.7205993
 1.383007 1.4008442 1.3793246 1.6701512 1.4717952 1.5481994 1.5391853
 1.6560707 1.5425716]
# truth:
[1.3856063 2.9914033 1.6954817 1.8344207 2.2671717 1.4456042 2.006038
 1.2576786 1.5899496 1.5024271 2.286681 1.5263393 2.1142773 1.3031961
 1.6963564 1.382017]
# fold = 2
# threshold = 2.16592961064
# requested specificity = 0.909090909091
# actual training-set specificity = 0.924528301887
# tpos = 0
# tneg = 11
# fpos = 2
# fneg = 2
# raw predictions:
[1.9774008 2.0693141 1.7468918 1.5036198 1.4538713 1.9892846 1.8470946
 1.4339474 1.517764 1.4179074 1.7165586 1.6905176 2.2330405 1.651308
 2.9121612]
# truth:
[1.075547 1.5611014 1.7581546 1.4785665 2.7629785 3.3837436 2.0652061
 1.5728716 0.99122608 2.1051694 1.8802418 1.4983106 2.1664301 1.3856063
 2.2913689]
# fold = 3
# threshold = 2.34441647119
# requested specificity = 0.906976744186
# actual training-set specificity = 0.925925925926
# tpos = 1
# tneg = 12
# fpos = 0
# fneg = 1
# raw predictions:
[1.9259451 1.3864183 1.8231889 1.6807705 1.789028 1.94198 2.637903
 1.2999437 2.082006 1.1040335 1.3892711 1.7372243 1.829803 1.7562978]
# truth:
[1.8773713 0.93449845 2.3147097 0.71600334 1.6812412 2.1251558 2.5627685
 1.7566361 2.3040595 0.97772361 1.6551384 3.3837436 1.30103 1.8382192]
# fold = 4
# threshold = 2.29207977655
# requested specificity = 0.925
# actual training-set specificity = 0.942307692308
# tpos = 1
# tneg = 14
# fpos = 0
# fneg = 0
# raw predictions:
[2.0187395 2.5201592 2.23066 1.2231174 1.589617 2.1574612 1.0558994
 2.1169346 1.487019 1.6281081 1.7976522 1.2213375 0.9684144 1.4700889
 1.5109168]
# truth:
[1.70927 3.1503265 2.0557605 1.7767012 0.61278386 2.1664301 1.7024305
 0.30103 1.3344538 1.4548449 1.6821451 1.7715875 1.0374265 2.0195317
 1.9822712]
# fold = 5
# threshold = 2.22529134600
# requested specificity = 0.955555555556
# actual training-set specificity = 0.962962962963
# tpos = 0
# tneg = 10
# fpos = 2
# fneg = 2
# raw predictions:
[2.1814769 1.7263033 2.3278022 2.1351942 1.5779685 1.5699353 1.5585652
 1.4163 2.4098078 1.5474928 1.5677632 1.7326632 1.6793858 1.5450654]
# truth:
[2.0318123 0.79934055 2.1525941 2.7383841 2.0338257 2.0318123 1.5327544
 1.1303338 2.0182843 0.71600334 2.6386889 1.161368 2.1752218 1.2068259]
# Area under ROC curve = 0.736742424242
# aggregate.tpos = 3
# aggregate.tneg = 62
# aggregate.fpos = 4
# aggregate.fneg = 5
# variables: wcqmean120log, maslowskisum120sqrt, maslowskisum12sqrt, wcqmin1, tribsouthfishcreekathwy137tribsc, tribsouthfishcreekathwy137waterelevation, wcqmean72log
# decision threshold: 2.25149635258
