# Seed = 0.480939816905
# Site = hika
# Method = galogistic-unweighted
# fold = 1
# threshold = 2.22044604925e-16
# requested specificity = 0.611111111111
# actual training-set specificity = 0.641791044776
# tpos = 3
# tneg = 9
# fpos = 2
# fneg = 4
# raw predictions:
[-385.781943498 -536.055515410 -81.3264114363 3697.29761056 114.245945133
 -12.6043990072 -337.611466731 86.5989423158 -138.479709718 -368.654340792
 459.248934081 -883.915604029 -295.849566140 -281.570503291 -575.398209121
 -190.501726867 -133.872896580 438.794585152]
# truth:
[2.4350476 2.5627685 3.3837436 3.3837436 2.1804126 1.6532125 1.6042261
 2.512551 1.3579348 1.6009729 2.7136585 2.7567882 2.1027766 1.9355073
 0.30103 1.948413 1.9703469 1.9355073]
# fold = 2
# threshold = 2.22044604925e-16
# requested specificity = 0.518518518519
# actual training-set specificity = 0.573529411765
# tpos = 0
# tneg = 12
# fpos = 4
# fneg = 1
# raw predictions:
[-155.627854204 -365.828285001 -49.2447719558 -421.862417600 -633.681229675
 -575.528255576 -320.543351239 68.6133498158 -217.858314311 -233.965721942
 -470.727942807 213.735775503 -129.366864344 454.850868251 -454.698652188
 302.321343233 -270.679454378]
# truth:
[1.7767012 1.1172713 2.1664301 1.1643529 0.79934055 1.1430148 2.0674428
 1.8469553 1.6884198 1.3710679 1.9020029 2.3583156 1.4712917 2.3380579
 2.6190933 1.8000294 0.30103]
# fold = 3
# threshold = 1.0
# requested specificity = 0.9
# actual training-set specificity = 1.0
# tpos = 0
# tneg = 6
# fpos = 4
# fneg = 7
# raw predictions:
[-215.781994126 -316.982157352 21.7602281358 181.483728209 -119.578845125
 198.057206376 3.11439391628 -24.5273198579 -218.544663056 -48.7867005795
 -221.451250767 -214.590245154 -266.301959890 -633.153110256 -177.369090457
 -42.9938201934 -34.6329718731]
# truth:
[3.3837436 3.2980448 1.376577 2.0297895 2.4834446 2.1580608 2.2367891
 2.8121108 1.8709888 1.3031961 2.2355284 3.3837436 2.2000293 1.39794
 1.5786392 2.6887757 2.5161386]
# fold = 4
# threshold = 1.0
# requested specificity = 0.9
# actual training-set specificity = 1.0
# tpos = 0
# tneg = 12
# fpos = 3
# fneg = 2
# raw predictions:
[268.914721771 -58.8407012944 -184.422882065 257.868163244 -153.818333513
 -195.052791607 -370.708201680 -36.2965194015 -503.168639384 -516.002291929
 -74.1234785340 5.09388427437 -393.033137843 -574.035758902 -468.351693895
 -415.836097774 -493.732123935]
# truth:
[2.286681 3.3837436 0.30103 1.8920946 1.8469553 2.6134189 2.2000293
 1.3384565 1.4593925 1.3483049 2.1433271 2.1598678 0.61278386 2.0406023
 1.0374265 1.1643529 2.1195858]
# fold = 5
# threshold = 2.22044604925e-16
# requested specificity = 0.607142857143
# actual training-set specificity = 0.666666666667
# tpos = 1
# tneg = 6
# fpos = 3
# fneg = 6
# raw predictions:
[-251.471818594 1039.98971075 -415.635467811 -291.132914258 391.767957556
 -936.683832960 163.011893976 967.745449665 -498.888182923 -623.198284738
 -736.983185588 -288.692725828 -263.780723005 -1212.17051722 -257.383488154
 -1502.87575020]
# truth:
[2.5375673 2.5779511 1.5717088 2.5880475 1.5263393 1.382017 2.3398488
 2.0318123 2.4637437 1.3961993 2.0338257 2.9914033 3.3837436 3.3837436
 1.6866363 0.70757018]
# Area under ROC curve = 0.737704918033
# aggregate.tpos = 4
# aggregate.tneg = 45
# aggregate.fpos = 16
# aggregate.fneg = 20
# variables: beachsc, precipitationsheboyganrsum1hrsqrt, waveperpdirmean24hr, precipitationsheboyganrsum2hrsqrt, precipitationsum12hrsqrt, dischargemanitowocrdiff6hr, precipitationsheboyganrsum12hrsqrt, seawatertempstdev72hr, waveperpheightmean1hr, airtempstdev48hr
# decision threshold: 1.0
