# threshold = 1.90258807485831
# Area under ROC curve = 0.818383167220377
# aggregate.tpos = 10
# aggregate.tneg = 112
# aggregate.fpos = 17
# aggregate.fneg = 4
# rocframe: 
       predicted    actual   threshold fold tpos tneg fpos fneg
9    0.143364916 1.6314438 0.000000000    1   13   10  119    1
12   0.272617414 1.2671717 0.000000000    1   13   10  119    1
13  -0.262794771 1.4132998 0.000000000    1   13   10  119    1
21  -0.867969444 2.8121108 0.000000000    2   13   10  119    1
25   0.009482166 0.9242793 0.000000000    2   13   10  119    1
33  -0.877151684 0.0000000 0.000000000    2   13   10  119    1
34  -0.306826016 0.0000000 0.000000000    2   13   10  119    1
41  -0.172222658 1.4955443 0.000000000    2   13   10  119    1
47  -0.517934277 1.5327544 0.000000000    2   13   10  119    1
71   0.349652342 0.7993405 0.000000000    3   13   10  119    1
73   0.363554250 0.3010300 0.000000000    3   13   10  119    1
2    0.407668143 0.3010300 0.008547009    1   13   12  117    1
7    0.408934947 1.0253059 0.008547009    1   13   12  117    1
51   0.168443211 0.3010300 0.012048193    2   13   13  116    1
85   0.392512979 1.0827854 0.012500000    3   13   14  115    1
4    0.444193688 0.7160033 0.017094017    1   13   15  114    1
16   0.246160991 1.9329808 0.024096386    2   13   16  113    1
18   0.291573962 1.4248816 0.036144578    2   13   19  110    1
37   0.337510157 0.9294189 0.036144578    2   13   19  110    1
42   0.265125922 1.4456042 0.036144578    2   13   19  110    1
8    0.541802559 2.0557605 0.042735043    1   13   20  109    1
38   0.404429572 0.0000000 0.084337349    2   13   21  108    1
72   0.580541946 0.7160033 0.100000000    3   13   26  103    1
75   0.530694147 0.9344985 0.100000000    3   13   26  103    1
77   0.559171216 1.2041200 0.100000000    3   13   26  103    1
120  0.581048354 0.4913617 0.100000000    3   13   26  103    1
121  0.593260934 0.3010300 0.100000000    3   13   26  103    1
35   0.471524562 1.6138418 0.120481928    2   13   28  101    1
36   0.484431367 1.5263393 0.120481928    2   13   28  101    1
135  0.718312259 0.4771213 0.121495327    4   13   29  100    1
140  0.755676615 1.0863598 0.130841121    4   13   30   99    1
19   0.511428454 0.3010300 0.144578313    2   13   32   97    1
23   0.530681545 1.3483049 0.144578313    2   13   32   97    1
46   0.537933433 2.1433271 0.156626506    2   13   33   96    1
24   0.578242363 0.0000000 0.168674699    2   13   34   95    1
141  0.826123293 0.8633229 0.177570093    4   13   35   94    1
26   0.608838891 0.0000000 0.180722892    2   13   36   93    1
86   0.735334725 1.9818186 0.200000000    3   13   38   91    1
113  0.737847771 1.4132998 0.200000000    3   13   38   91    1
32   0.665084208 0.7160033 0.204819277    2   13   39   90    1
74   0.751565461 0.4913617 0.212500000    3   13   40   89    1
17   0.709103781 2.1316187 0.228915663    2   13   42   87    1
62   0.703528834 1.2430380 0.228915663    2   13   42   87    1
104  0.774092296 1.2718416 0.237500000    3   13   43   86    1
87   0.808694457 0.0000000 0.250000000    3   13   44   85    1
132  0.947456855 0.7160033 0.271028037    4   13   45   84    1
56   0.803266798 1.3031961 0.277108434    2   13   46   83    1
134  0.960370434 1.2380461 0.280373832    4   13   47   82    1
111  0.846491591 0.4771213 0.287500000    3   13   48   81    1
131  0.968261854 0.3010300 0.289719626    4   13   49   80    1
129  0.995289935 0.7993405 0.299065421    4   13   50   79    1
6    0.851284805 2.0338257 0.299145299    1   13   51   78    1
99   0.863313610 1.5378191 0.300000000    3   13   52   77    1
84   0.919640516 0.0000000 0.325000000    3   13   56   73    1
96   0.889890000 0.7993405 0.325000000    3   13   56   73    1
98   0.907137355 1.4393327 0.325000000    3   13   56   73    1
112  0.898356833 1.2068259 0.325000000    3   13   56   73    1
142  1.045864026 1.3074960 0.355140187    4   13   57   72    1
70   0.970185546 1.6812412 0.362500000    3   13   59   70    1
115  0.974248867 0.6127839 0.362500000    3   13   59   70    1
117  1.004343185 1.2718416 0.375000000    3   13   60   69    1
93   1.042672620 1.7489629 0.387500000    3   13   62   67    1
95   1.040622543 1.0827854 0.387500000    3   13   62   67    1
130  1.119106854 0.8750613 0.392523364    4   13   63   66    1
15   0.990675036 1.9947569 0.393162393    1   13   64   65    1
92   1.076456390 1.2329961 0.400000000    3   13   65   64    1
125  1.141343451 0.6127839 0.401869159    4   13   67   62    1
128  1.139106322 1.6875290 0.401869159    4   13   67   62    1
29   0.995787796 1.9947569 0.409638554    2   13   68   61    1
94   1.091554339 0.7993405 0.412500000    3   13   69   60    1
100  1.105508174 0.0000000 0.425000000    3   13   70   59    1
143  1.186383290 1.7505084 0.439252336    4   13   71   58    1
28   1.030188396 2.0652061 0.445783133    2   13   72   57    1
109  1.116355057 1.0827854 0.450000000    3   13   73   56    1
126  1.215425670 0.3010300 0.467289720    4   13   74   55    1
48   1.053405477 2.6889535 0.469879518    2   12   74   55    2
78   1.145528546 1.0413927 0.475000000    3   12   79   50    2
91   1.168243119 0.9912261 0.475000000    3   12   79   50    2
106  1.145573415 1.5611014 0.475000000    3   12   79   50    2
108  1.161220736 0.7993405 0.475000000    3   12   79   50    2
116  1.174490414 1.2380461 0.475000000    3   12   79   50    2
124  1.291544478 0.6127839 0.514018692    4   12   80   49    2
83   1.321676129 0.6127839 0.537500000    3   12   83   46    2
105  1.342118557 2.1760913 0.537500000    3   12   83   46    2
119  1.291019615 1.7092700 0.537500000    3   12   83   46    2
127  1.325548657 0.0000000 0.542056075    4   12   84   45    2
133  1.329860614 1.0863598 0.551401869    4   12   85   44    2
27   1.233467476 0.4771213 0.578313253    2   12   87   42    2
50   1.234163535 1.2068259 0.578313253    2   12   87   42    2
118  1.392875206 0.4913617 0.600000000    3   12   88   41    2
139  1.449538300 0.7160033 0.616822430    4   12   89   40    2
20   1.434443963 0.0000000 0.686746988    2   12   92   37    2
54   1.404351020 1.7656686 0.686746988    2   12   92   37    2
65   1.411001569 1.3856063 0.686746988    2   12   92   37    2
76   1.487984471 1.8920946 0.687500000    3   12   93   36    2
43   1.458433820 2.4637437 0.698795181    2   11   93   36    3
102  1.510713100 1.5327544 0.700000000    3   11   95   34    3
103  1.502258014 2.1844075 0.700000000    3   11   95   34    3
138  1.622828392 0.0000000 0.766355140    4   11   96   33    3
57   1.575912578 2.1316187 0.783132530    2   11   98   31    3
58   1.592237854 2.1251558 0.783132530    2   11   98   31    3
44   1.626082033 1.5717088 0.795180723    2   11   99   30    3
89   1.664785088 0.3010300 0.800000000    3   11  102   27    3
90   1.664905189 1.9344985 0.800000000    3   11  102   27    3
97   1.679795324 1.0791812 0.800000000    3   11  102   27    3
31   1.706952330 1.9585639 0.819277108    2   10  105   24    4
45   1.709695849 3.0196147 0.819277108    2   10  105   24    4
61   1.704656576 0.3010300 0.819277108    2   10  105   24    4
63   1.718711690 0.9822712 0.819277108    2   10  105   24    4
53   1.741065874 1.7737864 0.831325301    2   10  106   23    4
110  1.789479106 1.3283796 0.875000000    3   10  107   22    4
137  1.862416660 2.3040595 0.878504673    4   10  108   21    4
59   1.826009383 0.9867717 0.879518072    2   10  109   20    4
69   1.835827987 1.8948697 0.887500000    3   10  110   19    4
11   1.805906384 1.9818186 0.888888889    1   10  111   18    4
64   1.849155676 1.2624511 0.903614458    2   10  112   17    4
136  1.921092490 1.7581546 0.915887850    4   10  113   16    4
39   1.951706968 1.0827854 0.927710843    2   10  115   14    4
49   1.947719076 1.1205739 0.927710843    2   10  115   14    4
14   1.924248604 1.6748611 0.931623932    1   10  116   13    4
114  1.989016564 2.3040595 0.937500000    3   10  117   12    4
82   2.165743135 2.5375673 0.962500000    3    9  118   11    5
107  2.139208450 1.3483049 0.962500000    3    9  118   11    5
1    2.097947556 1.5440680 0.974358974    1    8  119   10    6
3    2.038894721 2.5884958 0.974358974    1    8  119   10    6
123  2.254991124 1.2380461 0.981308411    4    8  120    9    6
5    2.194396475 2.5880475 0.982905983    1    7  120    9    7
60   2.148329657 0.4913617 0.987951807    2    7  121    8    7
122  2.387387295 1.3961993 0.990654206    4    7  122    7    7
10   3.023789894 3.3837436 1.000000000    1    0  129    0   14
22   2.399083447 1.0374265 1.000000000    2    0  129    0   14
30   5.432948381 2.6637951 1.000000000    2    0  129    0   14
40   3.387749156 1.5502284 1.000000000    2    0  129    0   14
52   3.414874508 2.8367670 1.000000000    2    0  129    0   14
55   5.621619278 3.1503265 1.000000000    2    0  129    0   14
66   2.528714674 0.9084850 1.000000000    2    0  129    0   14
67   2.383386046 1.2201081 1.000000000    2    0  129    0   14
68   2.542626378 2.2105860 1.000000000    2    0  129    0   14
79   2.796553534 1.8000294 1.000000000    3    0  129    0   14
80   2.356676307 3.2387735 1.000000000    3    0  129    0   14
81   2.997324082 2.9641653 1.000000000    3    0  129    0   14
88   2.413986411 1.5717088 1.000000000    3    0  129    0   14
101  4.397783138 2.4485517 1.000000000    3    0  129    0   14
# predperf: 
  tpos tneg fpos fneg
1    3   10    2    0
2    3   38    8    4
3    4   45    4    0
4    0   19    3    0
