# threshold = 1
# Area under ROC curve = 0.259136212624585
# aggregate.tpos = 4
# aggregate.tneg = 117
# aggregate.fpos = 12
# aggregate.fneg = 10
# rocframe: 
       predicted    actual threshold fold tpos tneg fpos fneg
1    -430.242257 1.5440680         0    1    4  117   12   10
2    -725.009947 0.3010300         0    1    4  117   12   10
4    -633.291708 0.7160033         0    1    4  117   12   10
5    -335.124733 2.5880475         0    1    4  117   12   10
6   -1430.135317 2.0338257         0    1    4  117   12   10
7   -2561.141584 1.0253059         0    1    4  117   12   10
8    -710.254464 2.0557605         0    1    4  117   12   10
9    -724.282365 1.6314438         0    1    4  117   12   10
11   -691.635060 1.9818186         0    1    4  117   12   10
12  -2315.597151 1.2671717         0    1    4  117   12   10
13   -917.057176 1.4132998         0    1    4  117   12   10
15  -1471.115228 1.9947569         0    1    4  117   12   10
17     -5.867900 2.1316187         0    2    4  117   12   10
18   -171.562583 1.4248816         0    2    4  117   12   10
19   -128.348769 0.3010300         0    2    4  117   12   10
20    -21.959992 0.0000000         0    2    4  117   12   10
21   -125.871438 2.8121108         0    2    4  117   12   10
23    -52.262120 1.3483049         0    2    4  117   12   10
24    -98.775315 0.0000000         0    2    4  117   12   10
25    -82.469548 0.9242793         0    2    4  117   12   10
26   -135.594397 0.0000000         0    2    4  117   12   10
27    -73.911446 0.4771213         0    2    4  117   12   10
28    -36.207805 2.0652061         0    2    4  117   12   10
29    -82.313970 1.9947569         0    2    4  117   12   10
30    -32.137491 2.6637951         0    2    4  117   12   10
32   -123.770341 0.7160033         0    2    4  117   12   10
33   -106.700085 0.0000000         0    2    4  117   12   10
34    -69.695698 0.0000000         0    2    4  117   12   10
35    -93.627722 1.6138418         0    2    4  117   12   10
36   -116.020051 1.5263393         0    2    4  117   12   10
37    -97.321292 0.9294189         0    2    4  117   12   10
38    -69.816936 0.0000000         0    2    4  117   12   10
39    -88.867085 1.0827854         0    2    4  117   12   10
40   -100.418758 1.5502284         0    2    4  117   12   10
41    -55.858812 1.4955443         0    2    4  117   12   10
42    -96.133430 1.4456042         0    2    4  117   12   10
43    -90.610206 2.4637437         0    2    4  117   12   10
44    -96.873561 1.5717088         0    2    4  117   12   10
45    -87.612706 3.0196147         0    2    4  117   12   10
46    -85.372143 2.1433271         0    2    4  117   12   10
47    -85.437453 1.5327544         0    2    4  117   12   10
48   -111.604097 2.6889535         0    2    4  117   12   10
49    -96.710093 1.1205739         0    2    4  117   12   10
50    -86.349713 1.2068259         0    2    4  117   12   10
51   -104.323633 0.3010300         0    2    4  117   12   10
52    -76.898912 2.8367670         0    2    4  117   12   10
53    -69.505517 1.7737864         0    2    4  117   12   10
54    -81.987002 1.7656686         0    2    4  117   12   10
55    -57.780398 3.1503265         0    2    4  117   12   10
56    -34.616275 1.3031961         0    2    4  117   12   10
57    -68.884702 2.1316187         0    2    4  117   12   10
58    -68.070300 2.1251558         0    2    4  117   12   10
59    -85.245117 0.9867717         0    2    4  117   12   10
60    -59.273188 0.4913617         0    2    4  117   12   10
61    -33.507652 0.3010300         0    2    4  117   12   10
62    -95.686693 1.2430380         0    2    4  117   12   10
63    -81.299923 0.9822712         0    2    4  117   12   10
64    -57.814207 1.2624511         0    2    4  117   12   10
65    -87.459346 1.3856063         0    2    4  117   12   10
66    -99.150958 0.9084850         0    2    4  117   12   10
67    -66.895364 1.2201081         0    2    4  117   12   10
68    -91.783045 2.2105860         0    2    4  117   12   10
69   -837.390152 1.8948697         0    3    4  117   12   10
70  -1012.202399 1.6812412         0    3    4  117   12   10
71   -632.923193 0.7993405         0    3    4  117   12   10
72   -786.758312 0.7160033         0    3    4  117   12   10
73   -669.829344 0.3010300         0    3    4  117   12   10
74   -563.973784 0.4913617         0    3    4  117   12   10
75   -647.444094 0.9344985         0    3    4  117   12   10
76   -560.930226 1.8920946         0    3    4  117   12   10
77   -753.415851 1.2041200         0    3    4  117   12   10
78   -586.113538 1.0413927         0    3    4  117   12   10
80   -319.960667 3.2387735         0    3    4  117   12   10
82   -531.168408 2.5375673         0    3    4  117   12   10
83   -303.131275 0.6127839         0    3    4  117   12   10
84   -653.267543 0.0000000         0    3    4  117   12   10
85   -525.908334 1.0827854         0    3    4  117   12   10
86   -772.175240 1.9818186         0    3    4  117   12   10
87   -294.779509 0.0000000         0    3    4  117   12   10
88   -331.143476 1.5717088         0    3    4  117   12   10
89    -89.503083 0.3010300         0    3    4  117   12   10
90   -161.709759 1.9344985         0    3    4  117   12   10
91   -479.316350 0.9912261         0    3    4  117   12   10
92   -289.477551 1.2329961         0    3    4  117   12   10
93   -467.727972 1.7489629         0    3    4  117   12   10
94   -643.367371 0.7993405         0    3    4  117   12   10
95   -479.389753 1.0827854         0    3    4  117   12   10
96   -277.328532 0.7993405         0    3    4  117   12   10
98   -170.117387 1.4393327         0    3    4  117   12   10
99   -707.394078 1.5378191         0    3    4  117   12   10
100  -551.487425 0.0000000         0    3    4  117   12   10
103  -574.611771 2.1844075         0    3    4  117   12   10
104  -685.850871 1.2718416         0    3    4  117   12   10
105  -669.119228 2.1760913         0    3    4  117   12   10
106  -830.932246 1.5611014         0    3    4  117   12   10
107  -620.606421 1.3483049         0    3    4  117   12   10
108  -499.582035 0.7993405         0    3    4  117   12   10
109  -220.329410 1.0827854         0    3    4  117   12   10
110  -430.085484 1.3283796         0    3    4  117   12   10
111  -765.510690 0.4771213         0    3    4  117   12   10
112  -658.475716 1.2068259         0    3    4  117   12   10
113  -620.269265 1.4132998         0    3    4  117   12   10
114  -694.044458 2.3040595         0    3    4  117   12   10
115  -637.828067 0.6127839         0    3    4  117   12   10
116  -835.320844 1.2380461         0    3    4  117   12   10
117  -755.034880 1.2718416         0    3    4  117   12   10
118  -476.023240 0.4913617         0    3    4  117   12   10
119  -245.265414 1.7092700         0    3    4  117   12   10
120  -468.965219 0.4913617         0    3    4  117   12   10
121  -275.809037 0.3010300         0    3    4  117   12   10
122 -2907.384827 1.3961993         0    4    4  117   12   10
124  -106.460588 0.6127839         0    4    4  117   12   10
125  -699.669122 0.6127839         0    4    4  117   12   10
126  -333.400782 0.3010300         0    4    4  117   12   10
127  -592.807419 0.0000000         0    4    4  117   12   10
128  -392.021712 1.6875290         0    4    4  117   12   10
129   -61.764212 0.7993405         0    4    4  117   12   10
130  -911.145564 0.8750613         0    4    4  117   12   10
132  -123.161126 0.7160033         0    4    4  117   12   10
133  -330.243090 1.0863598         0    4    4  117   12   10
135  -771.993254 0.4771213         0    4    4  117   12   10
137  -646.129011 2.3040595         0    4    4  117   12   10
138 -1894.542438 0.0000000         0    4    4  117   12   10
139 -1915.012009 0.7160033         0    4    4  117   12   10
140  -790.544510 1.0863598         0    4    4  117   12   10
141 -1394.575655 0.8633229         0    4    4  117   12   10
142   -90.102905 1.3074960         0    4    4  117   12   10
3    1031.866542 2.5884958         1    1    0  129    0   14
10   1313.997308 3.3837436         1    1    0  129    0   14
14   2149.897233 1.6748611         1    1    0  129    0   14
16    125.759288 1.9329808         1    2    0  129    0   14
22      7.368671 1.0374265         1    2    0  129    0   14
31     47.334793 1.9585639         1    2    0  129    0   14
79    617.803713 1.8000294         1    3    0  129    0   14
81    742.832564 2.9641653         1    3    0  129    0   14
97      9.440356 1.0791812         1    3    0  129    0   14
101   181.845865 2.4485517         1    3    0  129    0   14
102   165.358319 1.5327544         1    3    0  129    0   14
123   410.256361 1.2380461         1    4    0  129    0   14
131   134.051492 0.3010300         1    4    0  129    0   14
134   857.067205 1.2380461         1    4    0  129    0   14
136  1388.452384 1.7581546         1    4    0  129    0   14
143   982.240748 1.7505084         1    4    0  129    0   14
# predperf: 
  tpos tneg fpos fneg
1    2   11    1    1
2    0   43    3    7
3    2   46    3    2
4    0   17    5    0
