# Seed = 469
# Site = redarrow
# Method = spls
# Area under ROC curve = 0.927883880825057
# aggregate.tpos = 54
# aggregate.tneg = 68
# aggregate.fpos = 51
# aggregate.fneg = 1
# variables: beach_EColiValue, beach_AirTemp, Wind_Mean_6_perp, beach_AlgaeNearshore4, yday, log.beach_TurbidityBeach, beach_WindVector_parl
# thresholding specificity: 0.593220338983051
# decision threshold: 1.85427996040902
# full results: 
    predicted    actual  threshold fold tpos tneg fpos fneg
73   1.350212 0.7708520 0.01694915   73   55    2  117    0
78   1.243460 1.5263393 0.01694915   78   55    2  117    0
46   1.325903 1.1172713 0.02542373   46   55    3  116    0
32   1.282272 1.8847954 0.03389831   32   55    5  114    0
74   1.374031 2.0153598 0.03389831   74   55    5  114    0
77   1.465792 1.2253093 0.05932203   77   55    6  113    0
47   1.405831 1.4927604 0.06779661   47   55    9  110    0
76   1.432743 0.8692317 0.06779661   76   55    9  110    0
137  1.415330 1.4593925 0.06779661  137   55    9  110    0
136  1.363816 1.6954817 0.09322034  136   55   10  109    0
6    1.555894 0.0000000 0.10169492    6   55   11  108    0
36   1.445362 1.5440680 0.11016949   36   55   13  106    0
146  1.398289 1.3909351 0.11016949  146   55   13  106    0
90   1.527512 1.6720979 0.11864407   90   55   14  105    0
135  1.532218 1.5502284 0.12711864  135   55   17  102    0
145  1.449684 1.4031205 0.12711864  145   55   17  102    0
150  1.526697 1.1522883 0.12711864  150   55   17  102    0
79   1.489128 1.3636120 0.15254237   79   55   18  101    0
72   1.519049 1.1903317 0.16101695   72   55   19  100    0
81   1.505994 1.1986571 0.16949153   81   55   20   99    0
59   1.544120 1.1903317 0.17796610   59   55   22   97    0
96   1.572450 1.8299467 0.17796610   96   55   22   97    0
2    1.566731 1.0374265 0.18644068    1   55   23   96    0
35   1.564974 0.9344985 0.19491525   35   55   25   94    0
51   1.551558 1.7307823 0.19491525   51   55   25   94    0
57   1.552501 1.3201463 0.20338983   57   55   27   92    0
138  1.568588 2.3398488 0.20338983  138   55   27   92    0
95   1.508222 1.3856063 0.22033898   95   55   29   90    0
149  1.593374 1.3926970 0.22033898  149   55   29   90    0
125  1.517920 1.8898617 0.23728814  125   55   30   89    0
130  1.623554 2.1316187 0.24576271  130   55   31   88    0
132  1.633496 2.1495270 0.27118644  132   55   32   87    0
144  1.645084 1.3031961 0.28813559  144   55   33   86    0
97   1.607361 1.5611014 0.29661017   97   55   35   84    0
114  1.594863 1.1522883 0.29661017  114   55   35   84    0
34   1.649181 1.9344985 0.30508475   34   55   37   82    0
131  1.651676 1.4082400 0.30508475  131   55   37   82    0
123  1.637699 2.0831441 0.31355932  123   55   39   80    0
151  1.633691 0.6127839 0.31355932  151   55   39   80    0
94   1.656729 1.6551384 0.32203390   94   55   40   79    0
44   1.618571 1.8680564 0.33050847   44   55   43   76    0
153  1.611396 1.2329961 0.33050847  153   55   43   76    0
154  1.681793 0.6127839 0.33050847  154   55   43   76    0
42   1.689059 1.5843312 0.33898305   42   55   45   74    0
140  1.685584 0.9242793 0.33898305  140   55   45   74    0
5    1.646105 1.6599162 0.35593220    5   55   46   73    0
92   1.702761 1.5276299 0.36440678   92   55   48   71    0
93   1.662691 1.9818186 0.36440678   93   55   48   71    0
88   1.702001 1.8215135 0.37288136   88   55   50   69    0
104  1.662027 2.0870712 0.37288136  104   55   50   69    0
105  1.732122 2.1878026 0.44067797  105   55   52   67    0
143  1.695508 1.5943926 0.44067797  143   55   52   67    0
75   1.738736 1.2380461 0.44915254   75   55   54   65    0
82   1.746041 1.6020600 0.44915254   82   55   54   65    0
8    1.780497 1.9329808 0.45762712    8   55   55   64    0
23   1.821967 1.6464037 0.49152542   23   55   57   62    0
155  1.770134 1.4345689 0.49152542  155   55   57   62    0
9    1.808075 1.6170003 0.50847458    9   55   59   60    0
83   1.735442 2.2367891 0.50847458   83   55   59   60    0
33   1.733203 2.2227165 0.51694915   33   55   60   59    0
52   1.796508 1.6374897 0.52542373   52   55   61   58    0
133  1.851451 2.3769418 0.55462185  133   54   61   58    1
112  1.803668 2.2237555 0.56779661  112   54   62   57    1
21   1.811352 1.3541084 0.57627119    2   54   63   56    1
152  1.863557 0.3010300 0.58474576  152   54   64   55    1
48   1.842112 0.7075702 0.59322034   48   54   68   51    1
54   1.806903 2.2227165 0.59322034   54   54   68   51    1
99   1.889565 1.5658478 0.59322034   99   54   68   51    1
103  1.876745 1.3031961 0.59322034  103   54   68   51    1
139  1.880783 2.1553360 0.61016949  139   54   69   50    1
156  1.848725 1.8419848 0.61864407  156   54   70   49    1
17   1.857656 2.3829171 0.62184874   17   52   70   49    3
55   1.900125 2.5880475 0.62184874   55   52   70   49    3
98   1.892751 1.4393327 0.62711864   98   52   71   48    3
110  1.901994 1.7505084 0.63559322  110   52   72   47    3
53   1.890745 1.9934362 0.64406780   53   52   73   46    3
129  1.949531 2.4637437 0.64705882  129   51   73   46    4
68   1.900947 2.3516031 0.65254237   68   51   75   44    4
158  1.887207 1.1643529 0.65254237  158   51   75   44    4
45   1.861779 1.2068259 0.66949153   45   51   76   43    4
38   1.915769 2.5627685 0.67226891   38   50   76   43    5
142  1.940206 1.9929951 0.67796610  142   50   77   42    5
37   1.902328 1.8898617 0.68644068   37   50   78   41    5
31   1.933561 1.6954817 0.69491525   31   50   81   38    5
80   1.920191 2.1628630 0.69491525   80   50   81   38    5
160  1.936794 2.3516031 0.69491525  160   50   81   38    5
20   1.965555 2.0969100 0.70338983   20   50   82   37    5
122  1.917333 2.1000257 0.72033898  122   50   84   35    5
167  1.978320 2.1126050 0.72033898  167   50   84   35    5
39   2.020906 2.3308195 0.74576271   39   50   86   33    5
128  1.987110 1.0791812 0.74576271  128   50   86   33    5
86   1.999126 2.0166155 0.75423729   86   50   88   31    5
127  1.959620 1.5831988 0.75423729  127   50   88   31    5
49   2.010459 1.0374265 0.76271186   49   50   90   29    5
118  2.005848 1.4785665 0.76271186  118   50   90   29    5
26   1.984966 1.7024305 0.77118644   26   50   92   27    5
157  2.038234 1.6954817 0.77118644  157   50   92   27    5
64   2.036143 2.2360331 0.78813559   64   50   93   26    5
56   2.053040 2.8615344 0.78991597   56   49   93   26    6
124  2.040065 1.9703469 0.80508475  124   49   94   25    6
63   2.023978 1.9503649 0.81355932   63   49   95   24    6
18   2.056185 2.5366847 0.81512605   18   47   95   24    8
141  1.996308 2.5161386 0.81512605  141   47   95   24    8
66   2.056694 2.3040595 0.82203390   66   47   96   23    8
134  2.050794 2.8865471 0.82352941  134   46   96   23    9
30   2.083149 2.1195858 0.83050847   30   46   97   22    9
69   2.084348 2.1760913 0.84745763   69   46   99   20    9
126  2.080389 1.7291648 0.84745763  126   46   99   20    9
10   2.048151 2.4366396 0.84873950   10   45   99   20   10
119  2.086020 2.1580608 0.87288136  119   45  101   18   10
168  2.125266 2.1251558 0.87288136  168   45  101   18   10
22   2.092827 2.2866810 0.88135593   22   45  103   16   10
117  2.126790 2.3147097 0.88135593  117   45  103   16   10
58   2.154898 2.6637951 0.88235294   58   44  103   16   11
211  2.120722 2.2871296 0.88983051   21   44  105   14   11
70   2.120319 2.2237555 0.88983051   70   44  105   14   11
19   2.181528 2.5880475 0.90756303   19   43  105   14   12
111  2.126461 1.9571282 0.91525424  111   43  106   13   12
67   2.177257 1.8680564 0.92372881   67   43  107   12   12
11   2.196328 2.6386889 0.92436975   11   39  107   12   16
91   2.186555 2.8615344 0.92436975   91   39  107   12   16
108  2.195261 2.6134189 0.92436975  108   39  107   12   16
121  2.169646 2.5125510 0.92436975  121   39  107   12   16
109  2.139401 2.0795430 0.93220339  109   39  108   11   16
29   2.173813 2.0195317 0.94067797   29   39  111    8   16
113  2.190440 1.9464523 0.94067797  113   39  111    8   16
165  2.206201 2.1580608 0.94067797  165   39  111    8   16
169  2.143826 2.5125510 0.94957983  169   38  111    8   17
28   2.226182 2.2362853 0.95762712   28   38  113    6   17
40   2.222966 2.1878026 0.95762712   40   38  113    6   17
62   2.212326 2.3398488 0.96610169   62   38  114    5   17
7    2.194099 2.6887757 0.96638655    7   36  114    5   19
85   2.233179 2.9189211 0.96638655   85   36  114    5   19
14   2.350859 2.3577443 0.97457627   14   36  115    4   19
43   2.275027 2.7136585 0.97478992   43   34  115    4   21
171  2.355256 2.6386889 0.97478992  171   34  115    4   21
89   2.342746 2.1051694 0.98305085   89   34  116    3   21
24   2.344963 2.4549972 0.98319328   24   32  116    3   23
166  2.374420 2.4401216 0.98319328  166   32  116    3   23
115  2.427824 1.9722028 0.99152542  115   32  119    0   23
170  2.476318 2.3310222 0.99152542  170   32  119    0   23
173  2.439317 2.1580608 0.99152542  173   32  119    0   23
3    2.448696 3.0491792 0.99159664    3   28  119    0   27
87   2.374100 2.7595168 0.99159664   87   28  119    0   27
102  2.575887 2.8615344 0.99159664  102   28  119    0   27
172  2.479475 2.4879863 0.99159664  172   28  119    0   27
4    3.623544 3.3837436 1.00000000    4    0  119    0   55
12   2.685576 3.2387735 1.00000000   12    0  119    0   55
13   3.509724 3.3837436 1.00000000   13    0  119    0   55
15   3.805208 3.3837436 1.00000000   15    0  119    0   55
16   3.278431 3.2980448 1.00000000   16    0  119    0   55
25   2.606578 3.0491792 1.00000000   25    0  119    0   55
27   3.429090 3.3837436 1.00000000   27    0  119    0   55
41   3.089560 3.0803739 1.00000000   41    0  119    0   55
50   3.368907 3.3837436 1.00000000   50    0  119    0   55
60   3.801841 3.3837436 1.00000000   60    0  119    0   55
61   2.733022 3.1138431 1.00000000   61    0  119    0   55
65   3.111209 3.3837436 1.00000000   65    0  119    0   55
71   3.950230 3.3837436 1.00000000   71    0  119    0   55
84   2.603379 3.0048371 1.00000000   84    0  119    0   55
100  3.458097 3.3837436 1.00000000  100    0  119    0   55
101  3.500029 3.2980448 1.00000000  101    0  119    0   55
106  2.455956 2.9119030 1.00000000  106    0  119    0   55
107  3.541555 3.3837436 1.00000000  107    0  119    0   55
116  4.029860 3.3837436 1.00000000  116    0  119    0   55
120  3.675547 3.3837436 1.00000000  120    0  119    0   55
147  3.807266 3.3837436 1.00000000  147    0  119    0   55
148  2.806197 3.0196147 1.00000000  148    0  119    0   55
159  2.527728 2.6386889 1.00000000  159    0  119    0   55
161  2.947891 2.8615344 1.00000000  161    0  119    0   55
162  2.958277 2.6134189 1.00000000  162    0  119    0   55
163  3.444889 3.3837436 1.00000000  163    0  119    0   55
164  2.505578 2.7629785 1.00000000  164    0  119    0   55
174  2.664372 2.5627685 1.00000000  174    0  119    0   55
