# threshold = 1.88492481128351
# Area under ROC curve = 0.859911406423035
# aggregate.tpos = 10
# aggregate.tneg = 118
# aggregate.fpos = 11
# aggregate.fneg = 4
# rocframe: 
     predicted    actual  threshold fold tpos tneg fpos fneg
9    0.1875453 1.6314438 0.00000000    1   14    8  121    0
12   0.2739503 1.2671717 0.00000000    1   14    8  121    0
13  -0.2279478 1.4132998 0.00000000    1   14    8  121    0
23   0.4895861 1.3483049 0.00000000    2   14    8  121    0
34   0.5889491 0.0000000 0.00000000    2   14    8  121    0
38   0.5073353 0.0000000 0.00000000    2   14    8  121    0
41   0.5342929 1.4955443 0.00000000    2   14    8  121    0
71   0.1172753 0.7993405 0.00000000    3   14    8  121    0
20   0.6719633 0.0000000 0.01204819    2   13    9  120    1
45   0.6791107 3.0196147 0.01204819    2   13    9  120    1
85   0.3281487 1.0827854 0.01250000    3   13   10  119    1
2    0.4177202 0.3010300 0.01709402    1   13   13  116    1
4    0.4562302 0.7160033 0.01709402    1   13   13  116    1
7    0.4549453 1.0253059 0.01709402    1   13   13  116    1
19   0.7182296 0.3010300 0.02409639    2   13   15  114    1
51   0.7153598 0.3010300 0.02409639    2   13   15  114    1
77   0.3664637 1.2041200 0.03750000    3   13   16  113    1
73   0.4558067 0.3010300 0.05000000    3   13   18  111    1
75   0.4581882 0.9344985 0.05000000    3   13   18  111    1
8    0.5773191 2.0557605 0.05128205    1   13   19  110    1
25   0.7297801 0.9242793 0.06024096    2   13   20  109    1
42   0.7631135 1.4456042 0.08433735    2   13   23  106    1
44   0.7634735 1.5717088 0.08433735    2   13   23  106    1
46   0.7543529 2.1433271 0.08433735    2   13   23  106    1
120  0.5253008 0.4913617 0.08750000    3   13   24  105    1
140  0.6008775 1.0863598 0.11214953    4   13   25  104    1
121  0.5943671 0.3010300 0.11250000    3   13   26  103    1
47   0.7941176 1.5327544 0.16867470    2   13   27  102    1
74   0.6728033 0.4913617 0.17500000    3   13   29  100    1
113  0.6946347 1.4132998 0.17500000    3   13   29  100    1
141  0.8426276 0.8633229 0.17757009    4   13   30   99    1
86   0.7031990 1.9818186 0.18750000    3   13   31   98    1
142  0.8683672 1.3074960 0.19626168    4   13   32   97    1
125  0.8749416 0.6127839 0.20560748    4   13   34   95    1
131  0.8731608 0.3010300 0.20560748    4   13   34   95    1
84   0.7417402 0.0000000 0.21250000    3   13   35   94    1
36   0.8557147 1.5263393 0.22891566    2   13   36   93    1
87   0.7842639 0.0000000 0.23750000    3   13   37   92    1
135  0.9473033 0.4771213 0.25233645    4   13   38   91    1
26   0.9146973 0.0000000 0.25301205    2   13   40   89    1
54   0.9136226 1.7656686 0.25301205    2   13   40   89    1
129  0.9602624 0.7993405 0.26168224    4   13   42   87    1
132  0.9613347 0.7160033 0.26168224    4   13   42   87    1
15   0.8631249 1.9947569 0.29914530    1   13   43   86    1
72   0.8547675 0.7160033 0.30000000    3   13   46   83    1
99   0.8734482 1.5378191 0.30000000    3   13   46   83    1
111  0.8640775 0.4771213 0.30000000    3   13   46   83    1
24   0.9963343 0.0000000 0.31325301    2   13   47   82    1
117  0.9334307 1.2718416 0.33750000    3   13   48   81    1
143  1.0027599 1.7505084 0.34579439    4   13   49   80    1
6    0.9387103 2.0338257 0.35042735    1   13   50   79    1
104  0.9677930 1.2718416 0.37500000    3   13   52   77    1
112  0.9617026 1.2068259 0.37500000    3   13   52   77    1
94   0.9952148 0.7993405 0.38750000    3   13   53   76    1
33   1.0187284 0.0000000 0.39759036    2   13   54   75    1
83   1.0330179 0.6127839 0.41250000    3   13   61   68    1
92   1.0817507 1.2329961 0.41250000    3   13   61   68    1
93   1.0336019 1.7489629 0.41250000    3   13   61   68    1
100  1.0655340 0.0000000 0.41250000    3   13   61   68    1
108  1.1017571 0.7993405 0.41250000    3   13   61   68    1
115  1.0899363 0.6127839 0.41250000    3   13   61   68    1
116  1.0249401 1.2380461 0.41250000    3   13   61   68    1
109  1.1041662 1.0827854 0.42500000    3   13   62   67    1
106  1.1186986 1.5611014 0.46250000    3   13   63   66    1
78   1.1530087 1.0413927 0.47500000    3   13   67   62    1
95   1.1372026 1.0827854 0.47500000    3   13   67   62    1
96   1.1874215 0.7993405 0.47500000    3   13   67   62    1
98   1.1814260 1.4393327 0.47500000    3   13   67   62    1
70   1.2297546 1.6812412 0.48750000    3   13   68   61    1
35   1.0809292 1.6138418 0.50602410    2   13   70   59    1
62   1.0737535 1.2430380 0.50602410    2   13   70   59    1
63   1.1146014 0.9822712 0.51807229    2   13   71   58    1
91   1.2761097 0.9912261 0.52500000    3   13   72   57    1
128  1.2808195 1.6875290 0.54205607    4   13   73   56    1
105  1.2977686 2.1760913 0.55000000    3   13   74   55    1
126  1.3018271 0.3010300 0.55140187    4   13   76   53    1
127  1.3302694 0.0000000 0.55140187    4   13   76   53    1
22   1.1483042 1.0374265 0.55421687    2   13   77   52    1
130  1.3560987 0.8750613 0.56074766    4   13   78   51    1
27   1.1556750 0.4771213 0.56626506    2   13   79   50    1
118  1.4116528 0.4913617 0.58750000    3   13   80   49    1
43   1.1849004 2.4637437 0.59036145    2   12   80   49    2
39   1.2028923 1.0827854 0.60240964    2   12   81   48    2
134  1.3983023 1.2380461 0.62616822    4   12   82   47    2
76   1.4903579 1.8920946 0.65000000    3   12   83   46    2
40   1.2265637 1.5502284 0.65060241    2   12   84   45    2
103  1.5214786 2.1844075 0.66250000    3   12   85   44    2
57   1.2378003 2.1316187 0.66265060    2   12   87   42    2
58   1.2362695 2.1251558 0.66265060    2   12   87   42    2
124  1.4311690 0.6127839 0.66355140    4   12   89   40    2
139  1.4498461 0.7160033 0.66355140    4   12   89   40    2
133  1.4841792 1.0863598 0.67289720    4   12   90   39    2
49   1.2433472 1.1205739 0.67469880    2   12   91   38    2
32   1.2627562 0.7160033 0.68674699    2   12   92   37    2
28   1.2951009 2.0652061 0.69879518    2   12   94   35    2
65   1.2969342 1.3856063 0.69879518    2   12   94   35    2
59   1.3031581 0.9867717 0.71084337    2   12   95   34    2
90   1.5863654 1.9344985 0.72500000    3   12   97   32    2
97   1.5987433 1.0791812 0.72500000    3   12   97   32    2
61   1.3306231 0.3010300 0.74698795    2   12   98   31    2
29   1.3422709 1.9947569 0.75903614    2   12  102   27    2
37   1.3524323 0.9294189 0.75903614    2   12  102   27    2
50   1.3323665 1.2068259 0.75903614    2   12  102   27    2
68   1.3590521 2.2105860 0.75903614    2   12  102   27    2
119  1.6322467 1.7092700 0.76250000    3   12  103   26    2
122  1.6947285 1.3961993 0.80373832    4   12  106   23    2
137  1.6752943 2.3040595 0.80373832    4   12  106   23    2
138  1.6848532 0.0000000 0.80373832    4   12  106   23    2
21   1.4192510 2.8121108 0.80722892    2   11  107   22    3
60   1.4103490 0.4913617 0.80722892    2   11  107   22    3
89   1.7194543 0.3010300 0.81250000    3   11  108   21    3
64   1.4864086 1.2624511 0.83132530    2   11  110   19    3
66   1.4483423 0.9084850 0.83132530    2   11  110   19    3
18   1.5120689 1.4248816 0.85542169    2   11  112   17    3
53   1.5043107 1.7737864 0.85542169    2   11  112   17    3
56   1.5147397 1.3031961 0.86746988    2   11  114   15    3
67   1.5495695 1.2201081 0.86746988    2   11  114   15    3
17   1.5653295 2.1316187 0.87951807    2   10  115   14    4
48   1.5667952 2.6889535 0.87951807    2   10  115   14    4
69   1.8068422 1.8948697 0.90000000    3   10  116   13    4
102  1.9094862 1.5327544 0.91250000    3   10  118   11    4
107  1.8777092 1.3483049 0.91250000    3   10  118   11    4
1    1.7954413 1.5440680 0.92307692    1   10  120    9    4
11   1.8147691 1.9818186 0.92307692    1   10  120    9    4
5    1.8778371 2.5880475 0.93162393    1    9  120    9    5
80   2.0335462 3.2387735 0.93750000    3    8  121    8    6
110  1.9684786 1.3283796 0.93750000    3    8  121    8    6
31   1.7464854 1.9585639 0.93975904    2    8  122    7    6
123  1.9926391 1.2380461 0.94392523    4    8  123    6    6
82   2.1225522 2.5375673 0.95000000    3    7  124    5    7
114  2.1415818 2.3040595 0.95000000    3    7  124    5    7
30   1.7986283 2.6637951 0.95180723    2    5  124    5    9
52   1.8551109 2.8367670 0.95180723    2    5  124    5    9
136  2.0065174 1.7581546 0.96261682    4    5  125    4    9
14   2.0193274 1.6748611 0.96581197    1    5  126    3    9
3    2.1370307 2.5884958 0.98290598    1    4  126    3   10
88   2.2988735 1.5717088 0.98750000    3    4  127    2   10
10   3.2216180 3.3837436 1.00000000    1    0  129    0   14
16   2.6000319 1.9329808 1.00000000    2    0  129    0   14
55   2.3964720 3.1503265 1.00000000    2    0  129    0   14
79   2.6424350 1.8000294 1.00000000    3    0  129    0   14
81   2.8717856 2.9641653 1.00000000    3    0  129    0   14
101  4.2382481 2.4485517 1.00000000    3    0  129    0   14
# predperf: 
  tpos tneg fpos fneg
1    3    9    3    0
2    3   44    2    4
3    4   45    4    0
4    0   20    2    0
