# Seed = 882
# Site = hika
# Method = spls
# Area under ROC curve = 0.670095238095238
# aggregate.tpos = 21
# aggregate.tneg = 81
# aggregate.fpos = 44
# aggregate.fneg = 21
# variables: WaveHeightDirection_Mean_1_perp, WaveHeightDirection_Mean_2_perp, Sqrt.Precipitation.over.upload.hika.Sum..12hr, beach_AlgaeNearshore4, log.beach_TurbidityBeach
# thresholding specificity: 0.696
# decision threshold: 2.01740102421119
# full results: 
    predicted    actual  threshold fold tpos tneg fpos fneg
28   1.292807 1.6532125 0.00000000   28   42    1  124    0
73   1.540225 0.3010300 0.02419355   73   42    2  123    0
31   1.334809 1.1430148 0.03225806   31   42    4  121    0
78   1.361324 1.0374265 0.03225806   78   42    4  121    0
89   1.609840 0.0000000 0.04838710   89   42    5  120    0
42   1.511689 2.4637437 0.05600000   42   41    5  120    1
122  1.361931 0.9030900 0.06451613  122   41    7  118    1
131  1.623561 0.8512583 0.06451613  131   41    7  118    1
60   1.563065 2.1027766 0.07258065   60   41    9  116    1
72   1.535178 1.5786392 0.07258065   72   41    9  116    1
67   1.680697 0.6127839 0.08064516   67   41   11  114    1
140  1.568992 1.9138139 0.08064516  140   41   11  114    1
62   1.485875 1.4712917 0.08870968   62   41   12  113    1
9    1.637617 0.3010300 0.09677419    9   41   15  110    1
55   1.578430 1.9020029 0.09677419   55   41   15  110    1
71   1.491976 0.3010300 0.09677419   71   41   15  110    1
38   1.498619 0.3010300 0.10483871   38   41   16  109    1
57   1.581835 3.3837436 0.12000000   57   40   16  109    2
54   1.633560 1.3710679 0.12096774   54   40   18  107    2
152  1.515240 1.4183013 0.12096774  152   40   18  107    2
21   1.614975 2.5375673 0.12800000    2   39   18  107    3
68   1.696163 1.3979400 0.12903226   68   39   19  106    3
32   1.614673 1.3579348 0.13709677   32   39   20  105    3
52   1.520568 1.3483049 0.14516129   52   39   21  104    3
48   1.649145 1.8469553 0.17741935   48   39   23  102    3
106  1.680925 1.4756712 0.17741935  106   39   23  102    3
53   1.594117 2.2355284 0.19354839   53   39   24  101    3
91   1.710725 1.7986506 0.20967742   91   39   26   99    3
108  1.694255 1.3384565 0.20967742  108   39   26   99    3
88   1.693728 1.5263393 0.21774194   88   39   28   97    3
137  1.726120 2.3310222 0.21774194  137   39   28   97    3
5    1.694579 1.7767012 0.22580645    5   39   30   95    3
35   1.587354 2.2796669 0.22580645   35   39   30   95    3
27   1.733872 0.7993405 0.27419355   27   39   35   90    3
43   1.723183 1.3961993 0.27419355   43   39   35   90    3
101  1.751008 2.1734776 0.27419355  101   39   35   90    3
102  1.586410 1.2944662 0.27419355  102   39   35   90    3
132  1.779289 0.3010300 0.27419355  132   39   35   90    3
50   1.617816 1.4593925 0.28225806   50   39   36   89    3
110  1.763507 1.6866363 0.29838710  110   39   37   88    3
36   1.659870 1.5024271 0.30645161   36   39   38   87    3
113  1.733072 1.5888317 0.32258065  113   39   39   86    3
151  1.788668 2.1448854 0.33870968  151   39   40   85    3
14   1.709774 2.0297895 0.36290323   14   39   41   84    3
100  1.652768 2.7271344 0.36800000  100   38   41   84    4
86   1.690999 1.5024271 0.38709677   86   38   42   83    4
6    1.747918 1.5717088 0.39516129    6   38   44   81    4
150  1.821510 0.3010300 0.39516129  150   38   44   81    4
160  1.728584 1.0791812 0.40322581  160   38   45   80    4
83   1.833129 0.4913617 0.41129032   83   38   46   79    4
22   1.743552 2.2000293 0.41935484   22   38   47   78    4
109  1.828400 1.3891661 0.43548387  109   38   49   76    4
127  1.801205 1.4116197 0.43548387  127   38   49   76    4
4    1.768547 3.2980448 0.44000000    4   37   49   76    5
98   1.785647 1.5670264 0.44354839   98   37   50   75    5
26   1.820599 1.1643529 0.45161290   26   37   52   73    5
64   1.710820 2.1598678 0.45161290   64   37   52   73    5
25   1.781048 2.1804126 0.45967742   25   37   53   72    5
8    1.855091 3.3837436 0.47200000    8   34   53   72    8
104  1.736353 3.3837436 0.47200000  104   34   53   72    8
156  1.829788 3.1911994 0.47200000  156   34   53   72    8
20   1.856501 1.5263393 0.47580645   20   34   54   71    8
157  1.804607 1.4742163 0.48387097  157   34   55   70    8
105  1.853166 1.3856063 0.49193548  105   34   56   69    8
3    1.803946 3.3837436 0.49600000    3   33   56   69    9
11   1.844104 1.3765770 0.50806452   11   33   57   68    9
103  1.857254 3.2980448 0.51200000  103   32   57   68   10
129  1.820766 1.3263359 0.51612903  129   32   58   67   10
146  1.833399 2.5779511 0.53600000  146   31   58   67   11
87   1.859781 1.6928469 0.54032258   87   31   60   65   11
147  1.835285 2.0874265 0.54032258  147   31   60   65   11
76   1.814971 2.0406023 0.55645161   76   31   61   64   11
10   1.793278 2.5880475 0.56000000   10   28   61   64   14
17   1.839685 2.4834446 0.56000000   17   28   61   64   14
24   1.856307 2.8121108 0.56000000   24   28   61   64   14
15   1.852486 1.8920946 0.56451613   15   28   65   60   14
61   1.882284 1.9355073 0.56451613   61   28   65   60   14
69   1.872909 1.6866363 0.56451613   69   28   65   60   14
128  1.883314 0.6127839 0.56451613  128   28   65   60   14
77   1.853732 2.6887757 0.56800000   77   27   65   60   15
12   1.871972 1.1172713 0.57258065   12   27   66   59   15
23   1.810990 2.1664301 0.58064516   23   27   67   58   15
81   1.822335 2.5161386 0.58400000   81   25   67   58   17
99   1.818407 3.3837436 0.58400000   99   25   67   58   17
51   1.867572 1.6884198 0.59677419   51   25   68   57   17
211  1.851730 2.6134189 0.60000000   21   24   68   57   18
107  1.886593 1.3384565 0.60483871  107   24   71   54   18
121  1.915661 1.3344538 0.60483871  121   24   71   54   18
149  1.872629 1.8129134 0.60483871  149   24   71   54   18
133  1.921761 1.5538830 0.61290323  133   24   72   53   18
30   1.941879 1.6042261 0.62096774   30   24   73   52   18
33   1.944560 1.3820170 0.63709677   33   24   74   51   18
143  1.897053 1.6599162 0.64516129  143   24   76   49   18
153  1.922664 1.5440680 0.64516129  153   24   76   49   18
135  1.935232 2.7629785 0.65600000  135   23   76   49   19
164  1.972299 1.6314438 0.66935484  164   23   77   48   19
37   1.954275 1.7024305 0.67741935   37   23   79   46   19
79   1.981448 1.1643529 0.67741935   79   23   79   46   19
141  1.974994 2.0338257 0.69354839  141   23   81   44   19
144  1.994462 1.7972675 0.69354839  144   23   81   44   19
2    1.970311 2.5366847 0.69600000    1   21   81   44   21
138  1.941314 2.4350476 0.69600000  138   21   81   44   21
66   2.010452 2.6190933 0.70400000   66   20   81   44   22
120  1.980134 1.7535831 0.70967742  120   20   83   42   22
139  1.955046 1.7853298 0.70967742  139   20   83   42   22
148  1.990774 0.4913617 0.71774194  148   20   84   41   22
96   2.006055 1.8870544 0.73387097   96   20   86   39   22
145  2.031915 1.5843312 0.73387097  145   20   86   39   22
63   2.046540 2.1433271 0.74193548   63   20   87   38   22
70   2.030351 1.8000294 0.75000000   70   20   89   36   22
114  2.006690 2.2309596 0.75000000  114   20   89   36   22
84   2.080766 1.1271048 0.75806452   84   20   91   34   22
167  2.074219 1.7371926 0.75806452  167   20   91   34   22
19   2.024534 2.2367891 0.77419355   19   20   92   33   22
16   2.045574 3.3837436 0.77600000   16   19   92   33   23
34   2.088587 2.2671717 0.78225806   34   19   95   30   23
40   2.126023 1.6009729 0.78225806   40   19   95   30   23
155  2.048447 1.2988531 0.78225806  155   19   95   30   23
56   2.039627 3.3837436 0.78400000   56   18   95   30   24
44   2.116119 2.0338257 0.79032258   44   18   98   27   24
92   2.069997 1.9576073 0.79032258   92   18   98   27   24
130  2.102045 1.4248816 0.79032258  130   18   98   27   24
74   2.072727 1.9484130 0.80645161   74   18   99   26   24
154  2.183049 1.4653829 0.81451613  154   18  100   25   24
134  2.144683 1.6314438 0.82258065  134   18  102   23   24
163  2.163927 1.6294096 0.82258065  163   18  102   23   24
45   2.101392 2.9914033 0.82400000   45   17  102   23   25
29   2.137079 1.8709888 0.83870968   29   17  105   20   25
39   2.085630 2.3398488 0.83870968   39   17  105   20   25
58   2.090011 2.3583156 0.83870968   58   17  105   20   25
75   2.125712 1.9703469 0.84677419   75   17  108   17   25
142  2.162143 1.2041200 0.84677419  142   17  108   17   25
162  2.193281 2.1386184 0.84677419  162   17  108   17   25
7    2.169118 2.4350476 0.84800000    7   16  108   17   26
166  2.210397 1.8394780 0.85483871  166   16  109   16   26
136  2.167680 2.3218055 0.86290323  136   16  110   15   26
90   2.146047 1.5158738 0.87096774   90   16  111   14   26
165  2.121022 3.2387735 0.88000000  165   15  111   14   27
59   2.253720 2.2000293 0.88709677   59   15  113   12   27
124  2.205906 1.9283959 0.88709677  124   15  113   12   27
13   2.116853 2.5627685 0.88800000   13   13  113   12   29
112  2.289042 2.4201208 0.88800000  112   13  113   12   29
46   2.269668 2.7136585 0.89600000   46   12  113   12   30
158  2.182495 2.8865471 0.91200000  158   11  113   12   31
41   2.305105 2.0318123 0.91935484   41   11  114   11   31
82   2.302516 1.6665180 0.92741935   82   11  116    9   31
85   2.208812 2.1525941 0.92741935   85   11  116    9   31
119  2.214190 3.3837436 0.92800000  119   10  116    9   32
97   2.315124 2.2387986 0.93548387   97   10  117    8   32
123  2.245723 1.7041505 0.94354839  123   10  118    7   32
159  2.234977 2.3769418 0.94400000  159    9  118    7   33
116  2.295390 3.3837436 0.96000000  116    8  118    7   34
118  2.583514 1.8095597 0.96774194  118    8  119    6   34
126  2.739889 3.3837436 0.97600000  126    7  119    6   35
95   2.374833 2.2631625 0.98387097   95    7  121    4   35
161  2.487429 1.9943172 0.98387097  161    7  121    4   35
115  2.365383 2.9825426 0.98400000  115    6  121    4   36
65   2.369250 2.3380579 0.99193548   65    6  123    2   36
111  2.825086 2.2387986 0.99193548  111    6  123    2   36
49   2.365307 3.3837436 0.99200000   49    4  123    2   38
117  2.535959 3.0048371 0.99200000  117    4  123    2   38
18   2.826038 3.3837436 1.00000000   18    0  125    0   42
47   3.121860 2.7567882 1.00000000   47    0  125    0   42
80   2.518617 1.9355073 1.00000000   80    0  125    0   42
93   2.496189 2.3174365 1.00000000   93    0  125    0   42
94   2.446439 3.3837436 1.00000000   94    0  125    0   42
125  2.831370 3.3837436 1.00000000  125    0  125    0   42
