# Seed = 722
# Site = neshotah
# Method = spls
# Area under ROC curve = 0.81611969111969
# aggregate.tpos = 7
# aggregate.tneg = 133
# aggregate.fpos = 15
# aggregate.fneg = 7
# variables: beach_WaveHeightManual, CloudCover_Mean_1, CloudCover_Mean_2, CloudCover_Mean_6, CloudCover_Mean_12, HeightAboveSeaLevel_Mean_24, HeightAboveSeaLevel_Min_24, CurrentDepthAveraged_Mean_120_perp, CurrentDepthAveraged_Mean_72_par, CurrentDepthAveraged_Mean_120_par, CurrentSurface_Mean_120_par, WaveHeight_Mean_1, WaveHeight_Mean_2, WaveHeight_Mean_6, WaveHeight_Mean_12, AirTemperature_StDev_12, Sqrt.Precipitation.over.upload.neshtah.Sum..2hr, Sqrt.Precipitation.over.upload.neshtah.Sum..6hr, beach_AlgaeNearshore2, log.beach_TurbidityBeach
# thresholding specificity: 0.91156462585034
# decision threshold: 1.97998960847405
# full results: 
    predicted    actual   threshold fold tpos tneg fpos fneg
122 0.6446931 0.0000000 0.000000000  122   14    1  147    0
77  0.7617118 1.0334238 0.006802721   77   14    3  145    0
118 0.8285195 0.8633229 0.006802721  118   14    3  145    0
43  0.8741519 0.7993405 0.013605442   43   14    5  143    0
50  0.8868983 1.0755470 0.013605442   50   14    5  143    0
75  0.7630330 0.9242793 0.020408163   75   14    6  142    0
37  0.9141652 2.0437551 0.027210884   37   14    7  141    0
57  0.9167692 0.7075702 0.034013605   57   14    8  140    0
42  0.8196121 0.7923917 0.040816327   42   14    9  139    0
90  0.9815977 1.4756712 0.054421769   90   14   10  138    0
124 0.9978718 1.2329961 0.068027211  124   14   11  137    0
46  0.9782686 0.7993405 0.074829932   46   14   12  136    0
41  1.0270071 1.1643529 0.081632653   41   14   13  135    0
70  1.0545039 1.5145478 0.095238095   70   14   14  134    0
160 1.0358244 2.9377184 0.101351351  160   13   14  134    1
142 1.1130030 1.5092025 0.102040816  142   13   15  133    1
109 1.1012470 0.0000000 0.108843537  109   13   16  132    1
126 1.1076065 0.6127839 0.115646259  126   13   17  131    1
85  1.1180023 0.7993405 0.122448980   85   13   19  129    1
138 1.1295962 0.4771213 0.122448980  138   13   19  129    1
66  1.1107825 1.4440448 0.129251701   66   13   21  127    1
91  1.1282688 0.9344985 0.129251701   91   13   21  127    1
67  1.1548588 1.1335389 0.149659864   67   13   23  125    1
88  1.1034836 0.9542425 0.149659864   88   13   23  125    1
44  1.1276481 0.7160033 0.163265306   44   13   25  123    1
123 1.1540951 1.5550944 0.163265306  123   13   25  123    1
96  1.1461384 1.5809250 0.170068027   96   13   26  122    1
72  1.1962412 0.7160033 0.183673469   72   13   27  121    1
74  1.1720397 1.2900346 0.190476190   74   13   29  119    1
110 1.1493238 1.4593925 0.190476190  110   13   29  119    1
63  1.1907100 1.7737864 0.197278912   63   13   31  117    1
137 1.1540637 1.7092700 0.197278912  137   13   31  117    1
8   1.2241807 0.6127839 0.217687075    8   13   32  116    1
17  1.2156192 1.6730209 0.224489796   17   13   34  114    1
108 1.2026452 1.1702617 0.224489796  108   13   34  114    1
9   1.1969950 1.7846173 0.231292517    9   13   35  113    1
132 1.1640903 2.2195845 0.238095238  132   13   36  112    1
144 1.2059592 0.8750613 0.258503401  144   13   37  111    1
153 1.2765985 1.2329961 0.265306122  153   13   38  110    1
28  1.2517959 1.4456042 0.285714286   28   13   41  107    1
45  1.2108149 1.6384893 0.285714286   45   13   41  107    1
92  1.2592358 0.9822712 0.285714286   92   13   41  107    1
22  1.2387924 1.8088859 0.299319728   22   13   43  105    1
29  1.3080445 0.6127839 0.299319728   29   13   43  105    1
54  1.2443708 0.4913617 0.306122449   54   13   46  102    1
117 1.2253802 1.0791812 0.306122449  117   13   46  102    1
145 1.2150112 1.2278867 0.306122449  145   13   46  102    1
15  1.2812374 1.3820170 0.319727891   15   13   47  101    1
97  1.2420312 1.4297523 0.326530612   97   13   48  100    1
73  1.3360452 1.4593925 0.367346939   73   13   49   99    1
49  1.3516789 1.7226339 0.374149660   49   13   50   98    1
21  1.3444418 1.2671717 0.387755102    2   13   53   95    1
62  1.2838244 1.7355989 0.387755102   62   13   53   95    1
127 1.3089636 1.0334238 0.387755102  127   13   53   95    1
65  1.3751083 1.3483049 0.394557823   65   13   55   93    1
95  1.3454754 1.5550944 0.394557823   95   13   55   93    1
115 1.3130987 1.0863598 0.401360544  115   13   56   92    1
98  1.3055325 1.9355073 0.421768707   98   13   57   91    1
13  1.3699239 1.4232459 0.428571429   13   13   58   90    1
23  1.3754522 0.0000000 0.435374150   23   13   59   89    1
5   1.3830345 1.5378191 0.442176871    5   13   62   86    1
51  1.3383032 2.1711412 0.442176871   51   13   62   86    1
114 1.3330283 1.5440680 0.442176871  114   13   62   86    1
86  1.3312092 1.0791812 0.462585034   86   13   63   85    1
16  1.3640480 1.6201361 0.476190476   16   13   64   84    1
131 1.3634492 1.2041200 0.482993197  131   13   65   83    1
89  1.3375581 2.2159018 0.489795918   89   13   67   81    1
143 1.3912179 1.0863598 0.489795918  143   13   67   81    1
134 1.3791042 1.6106602 0.496598639  134   13   68   80    1
3   1.3882252 1.1398791 0.503401361    3   13   70   78    1
11  1.3718366 1.8680564 0.503401361   11   13   70   78    1
18  1.3593210 2.1126050 0.510204082   18   13   72   76    1
101 1.4269462 1.3820170 0.510204082  101   13   72   76    1
94  1.3899288 1.6599162 0.517006803   94   13   73   75    1
78  1.4423650 0.3010300 0.523809524   78   13   75   73    1
136 1.3919910 1.0334238 0.523809524  136   13   75   73    1
60  1.4206676 1.4593925 0.544217687   60   13   77   71    1
87  1.4252213 1.2430380 0.544217687   87   13   77   71    1
56  1.4146714 1.8175654 0.551020408   56   13   79   69    1
157 1.4159848 1.8773713 0.551020408  157   13   79   69    1
26  1.4510406 1.1271048 0.557823129   26   13   81   67    1
120 1.4314623 1.5211381 0.557823129  120   13   81   67    1
130 1.4487861 2.6637951 0.560810811  130   12   81   67    2
31  1.4394557 0.0000000 0.564625850   31   12   82   66    2
30  1.4734621 0.7075702 0.571428571   30   12   83   65    2
39  1.4517910 1.2041200 0.578231293   39   12   84   64    2
158 1.4597537 1.5211381 0.598639456  158   12   85   63    2
135 1.5108577 0.6127839 0.612244898  135   12   86   62    2
71  1.4870706 1.6063814 0.619047619   71   12   87   61    2
151 1.5339614 0.3010300 0.632653061  151   12   88   60    2
52  1.5385317 0.4771213 0.639455782   52   12   89   59    2
14  1.5197008 1.1613680 0.653061224   14   12   90   58    2
149 1.5088442 0.7923917 0.659863946  149   12   91   57    2
84  1.5072336 1.9319661 0.673469388   84   12   92   56    2
40  1.5974168 1.5105450 0.680272109   40   12   94   54    2
100 1.5245021 1.2944662 0.680272109  100   12   94   54    2
76  1.5732505 0.8692317 0.687074830   76   12   95   53    2
64  1.6090516 0.9867717 0.693877551   64   12   99   49    2
82  1.5776412 1.5378191 0.693877551   82   12   99   49    2
107 1.6038194 0.9867717 0.693877551  107   12   99   49    2
111 1.5357352 1.5378191 0.693877551  111   12   99   49    2
58  1.6058159 1.0791812 0.721088435   58   12  100   48    2
33  1.6094023 1.2988531 0.727891156   33   12  102   46    2
103 1.6198464 1.4345689 0.727891156  103   12  102   46    2
69  1.6193107 1.3891661 0.734693878   69   12  103   45    2
133 1.5825546 3.2980448 0.736486486  133   11  103   45    3
105 1.6002959 1.9169800 0.741496599  105   11  104   44    3
59  1.6283936 1.6444386 0.755102041   59   11  106   42    3
93  1.5934112 1.1986571 0.755102041   93   11  106   42    3
106 1.6869500 0.6127839 0.761904762  106   11  107   41    3
10  1.6719671 2.2652896 0.768707483   10   11  109   39    3
53  1.6435659 1.4785665 0.768707483   53   11  109   39    3
79  1.6732730 0.0000000 0.775510204   79   11  111   37    3
125 1.6562629 1.3909351 0.775510204  125   11  111   37    3
128 1.7167192 1.8175654 0.789115646  128   11  112   36    3
61  1.6723442 1.7795965 0.802721088   61   11  113   35    3
19  1.6831346 1.3856063 0.809523810   19   11  116   32    3
211 1.7056538 1.9484130 0.809523810   21   11  116   32    3
156 1.6840110 2.0744507 0.809523810  156   11  116   32    3
121 1.7051572 1.7693773 0.816326531  121   11  117   31    3
141 1.7230438 3.2980448 0.824324324  141   10  117   31    4
83  1.7755580 0.9777236 0.829931973   83   10  118   30    4
20  1.7478880 2.0413927 0.843537415   20   10  121   27    4
27  1.7739418 1.9057959 0.843537415   27   10  121   27    4
35  1.7431336 2.0726175 0.843537415   35   10  121   27    4
2   1.7976095 1.6170003 0.850340136    1   10  123   25    4
48  1.7912314 2.3232521 0.850340136   48   10  123   25    4
55  1.7972026 2.9914033 0.851351351   55    9  123   25    5
24  1.7624923 1.8469553 0.857142857   24    9  125   23    5
139 1.7965628 1.9474337 0.857142857  139    9  125   23    5
119 1.8527632 0.8512583 0.863945578  119    9  126   22    5
6   1.8233880 1.9036325 0.870748299    6    9  127   21    5
99  1.8141543 2.3529539 0.877551020   99    9  129   19    5
161 1.8658965 1.8920946 0.877551020  161    9  129   19    5
32  1.8515335 2.8367670 0.878378378   32    8  129   19    6
68  1.8000628 1.7505084 0.891156463   68    8  130   18    6
81  1.9485222 1.5145478 0.897959184   81    8  131   17    6
150 1.8911693 2.8865471 0.898648649  150    7  131   17    7
25  1.8688285 1.2329961 0.904761905   25    7  132   16    7
104 1.9795136 1.1643529 0.911564626  104    7  133   15    7
34  1.9541392 3.1138431 0.912162162   34    6  133   15    8
148 1.9891985 2.0195317 0.925170068  148    6  136   12    8
152 1.9955635 1.8432328 0.925170068  152    6  136   12    8
159 1.9180924 1.6532125 0.925170068  159    6  136   12    8
7   2.0986913 1.0374265 0.945578231    7    6  138   10    8
140 2.1426095 1.4393327 0.945578231  140    6  138   10    8
38  2.0870116 2.4549972 0.945945946   38    5  138   10    9
47  2.1431232 1.8920946 0.952380952   47    5  140    8    9
129 2.0911407 2.1711412 0.952380952  129    5  140    8    9
146 2.2057737 1.2278867 0.959183673  146    5  142    6    9
162 1.9906237 1.3944517 0.959183673  162    5  142    6    9
36  2.1511676 2.7875313 0.959459459   36    4  142    6   10
4   2.2865429 2.0759118 0.965986395    4    4  144    4   10
80  2.1724979 2.1139434 0.965986395   80    4  144    4   10
154 2.0964546 3.3837436 0.972972973  154    2  144    4   12
155 2.1141782 2.9377184 0.972972973  155    2  144    4   12
113 2.1438444 2.1126050 0.979591837  113    2  145    3   12
147 2.1574667 2.3727279 0.979729730  147    1  145    3   13
112 2.5387698 2.1598678 0.986394558  112    1  146    2   13
12  2.6311687 1.9947569 0.993197279   12    1  147    1   13
102 2.4727553 2.9377184 0.993243243  102    0  147    1   14
116 3.4846207 2.3529539 1.000000000  116    0  148    0   14
