# threshold = 2.17548324179509
# Area under ROC curve = 0.557286258220838
# aggregate.tpos = 7
# aggregate.tneg = 85
# aggregate.fpos = 22
# aggregate.fneg = 20
# rocframe: 
    predicted    actual  threshold fold tpos tneg fpos fneg
1   0.7215223 1.0755470 0.00000000    1   27    4  103    0
25  1.1045870 2.0338257 0.00000000    2   27    4  103    0
30  0.7762799 0.6127839 0.00000000    2   27    4  103    0
31  1.0196719 1.1303338 0.00000000    2   27    4  103    0
26  1.2201529 1.7767012 0.03174603    2   27    5  102    0
11  0.9652473 1.6954817 0.03370787    1   27    6  101    0
23  1.2834989 2.5627685 0.06349206    2   26    6  101    1
9   1.1136462 1.7581546 0.06741573    1   26    7  100    1
8   1.1565800 1.5611014 0.07865169    1   26    8   99    1
28  1.3210807 1.7566361 0.07936508    2   26    9   98    1
32  1.3656843 1.2576786 0.09523810    2   26   12   95    1
38  1.3583489 1.5728716 0.09523810    2   26   12   95    1
40  1.3543962 0.9912261 0.09523810    2   26   12   95    1
10  1.2250089 0.7993405 0.10112360    1   26   14   93    1
15  1.2332017 1.4785665 0.10112360    1   26   14   93    1
2   1.2518175 1.3856063 0.11235955    1   26   16   91    1
5   1.2555684 0.9344985 0.11235955    1   26   16   91    1
92  1.3605150 2.6134189 0.11594203    3   25   16   91    2
12  1.3222156 1.8344207 0.12359551    1   25   18   89    2
14  1.2977613 1.6812412 0.12359551    1   25   18   89    2
41  1.4402713 2.1051694 0.14285714    2   24   21   86    3
43  1.4522645 2.6386889 0.14285714    2   24   21   86    3
44  1.4265060 0.9777236 0.14285714    2   24   21   86    3
50  1.4273231 1.5263393 0.14285714    2   24   21   86    3
42  1.4625213 0.7160033 0.15873016    2   24   22   85    3
6   1.4337282 2.3147097 0.17977528    1   24   23   84    3
13  1.4817789 1.4456042 0.21348315    1   24   24   83    3
103 1.4444634 1.7923917 0.21739130    3   24   26   81    3
115 1.4540155 2.2516382 0.21739130    3   24   26   81    3
24  1.5459184 3.3837436 0.22222222    2   23   27   80    4
45  1.5401375 1.5024271 0.22222222    2   23   27   80    4
39  1.5812014 1.7024305 0.23809524    2   23   28   79    4
94  1.4774537 1.5717088 0.24637681    3   22   29   78    5
123 1.4754182 2.9641653 0.24637681    3   22   29   78    5
132 1.5861521 1.5899496 0.26000000    4   22   30   77    5
102 1.4972273 2.1251558 0.26086957    3   22   31   76    5
96  1.5305480 1.9469433 0.27536232    3   21   32   75    6
124 1.5263595 2.3960249 0.27536232    3   21   32   75    6
33  1.6932894 1.5899496 0.28571429    2   21   35   72    6
49  1.6700474 1.6551384 0.28571429    2   21   35   72    6
56  1.6984125 1.3344538 0.28571429    2   21   35   72    6
51  1.7165812 3.3837436 0.30158730    2   20   35   72    7
65  1.7280831 1.0374265 0.31746032    2   20   36   71    7
46  1.7333999 2.2866810 0.33333333    2   20   40   67    7
52  1.7698913 1.3010300 0.33333333    2   20   40   67    7
63  1.7316284 1.6963564 0.33333333    2   20   40   67    7
69  1.7766682 1.8382192 0.33333333    2   20   40   67    7
118 1.5726522 1.1986571 0.34782609    3   19   41   66    8
120 1.5679584 2.4879863 0.34782609    3   19   41   66    8
53  1.7874747 1.1613680 0.34920635    2   19   42   65    8
131 1.6502831 2.1664301 0.35000000    4   19   43   64    8
122 1.5903803 2.4549972 0.36231884    3   18   43   64    9
129 1.6809551 1.9454686 0.38000000    4   18   44   63    9
128 1.7002746 1.4456042 0.39000000    4   18   45   62    9
57  1.8251636 1.3856063 0.41269841    2   18   46   61    9
95  1.6223188 2.5880475 0.43478261    3   17   47   60   10
119 1.6192138 2.1945143 0.43478261    3   17   47   60   10
127 1.7680343 1.7520484 0.47000000    4   17   48   59   10
74  1.6570152 1.3483049 0.50724638    3   17   49   58   10
27  1.9123308 2.0318123 0.50793651    2   17   51   56   10
62  1.9195743 1.3031961 0.50793651    2   17   51   56   10
133 1.8114042 2.4401216 0.51000000    4   16   51   56   11
106 1.6693773 2.9914033 0.52173913    3   15   52   55   12
108 1.6689640 2.1711412 0.52173913    3   15   52   55   12
60  1.9508068 1.6821451 0.52380952    2   15   53   54   12
98  1.6837611 1.6665180 0.53623188    3   14   54   53   13
105 1.6787344 2.5880475 0.53623188    3   14   54   53   13
97  1.6916743 1.7299743 0.55072464    3   13   56   51   14
109 1.6883380 2.3310222 0.55072464    3   13   56   51   14
113 1.6867345 2.9119030 0.55072464    3   13   56   51   14
55  1.9719616 2.1664301 0.57142857    2   13   58   49   14
70  1.9838816 1.2068259 0.57142857    2   13   58   49   14
125 1.8966021 1.7767012 0.58000000    4   12   60   47   15
126 1.8759747 2.2695129 0.58000000    4   12   60   47   15
130 1.8897604 2.9119030 0.58000000    4   12   60   47   15
47  2.0179540 1.8802418 0.58730159    2   12   63   44   15
66  1.9853865 2.0195317 0.58730159    2   12   63   44   15
68  2.0062143 1.3820170 0.58730159    2   12   63   44   15
75  1.7177141 1.1271048 0.59420290    3   12   67   40   15
100 1.7493243 2.2367891 0.59420290    3   12   67   40   15
110 1.7475209 1.7291648 0.59420290    3   12   67   40   15
111 1.7345904 2.0461048 0.59420290    3   12   67   40   15
134 1.9107272 2.9914033 0.60000000    4   11   67   40   16
107 1.7765618 1.9947569 0.62318841    3   11   68   39   16
29  2.0556735 1.5327544 0.63492063    2   11   69   38   16
79  1.8024796 1.9365137 0.63768116    3   11   71   36   16
116 1.7979618 1.7795965 0.63768116    3   11   71   36   16
3   2.0136689 1.8773713 0.65168539    1   11   72   35   16
76  1.8344574 1.3710679 0.65217391    3   10   77   30   17
77  1.8455599 0.9242793 0.65217391    3   10   77   30   17
80  1.8148215 0.8750613 0.65217391    3   10   77   30   17
99  1.8326714 3.2387735 0.65217391    3   10   77   30   17
112 1.8165148 0.3010300 0.65217391    3   10   77   30   17
114 1.8288984 1.6444386 0.65217391    3   10   77   30   17
89  1.9073671 2.2671717 0.73913043    3   10   78   29   17
34  2.1129056 2.0652061 0.74603175    2   10   79   28   17
67  2.1475995 1.9822712 0.76190476    2   10   80   27   17
86  1.9590784 2.5627685 0.78260870    3    8   82   25   19
87  1.9619642 2.1711412 0.78260870    3    8   82   25   19
88  1.9606104 1.5728716 0.78260870    3    8   82   25   19
93  1.9748938 2.6740340 0.78260870    3    8   82   25   19
81  1.9796436 1.7795965 0.79710145    3    8   84   23   19
117 1.9888109 1.9344985 0.79710145    3    8   84   23   19
64  2.2681734 1.7715875 0.80952381    2    8   85   22   19
101 2.0334186 2.3109056 0.81159420    3    7   86   21   20
121 1.9956426 3.1911994 0.81159420    3    7   86   21   20
90  2.0672491 1.1643529 0.82608696    3    7   87   20   20
78  2.1325863 1.1205739 0.84057971    3    7   88   19   20
35  2.3058412 2.3040595 0.87301587    2    7   89   18   20
4   2.2528370 2.9914033 0.87640449    1    6   89   18   21
20  2.2791142 2.1251558 0.88764045    1    6   90   17   21
54  2.3289896 2.1752218 0.88888889    2    6   92   15   21
59  2.3627141 1.4548449 0.88888889    2    6   92   15   21
7   2.3968506 2.0318123 0.94382022    1    6   93   14   21
91  2.3797695 2.0195317 0.95652174    3    6   94   13   21
73  2.5277636 2.4879863 0.97101449    3    5   95   12   22
82  2.3979389 2.2652896 0.97101449    3    5   95   12   22
21  2.5068081 2.7383841 0.97752809    1    4   95   12   23
58  2.6599707 2.2913689 0.98412698    2    4   96   11   23
83  2.7409780 1.5024271 0.98550725    3    4   98    9   23
104 2.6410441 2.3040595 0.98550725    3    4   98    9   23
16  3.3863822 3.1503265 1.00000000    1    0  107    0   27
17  2.7605281 2.1525941 1.00000000    1    0  107    0   27
18  2.9460695 2.7629785 1.00000000    1    0  107    0   27
19  2.8177941 2.0060380 1.00000000    1    0  107    0   27
22  3.1118906 2.0557605 1.00000000    1    0  107    0   27
36  3.1962098 2.0182843 1.00000000    2    0  107    0   27
37  2.8120099 2.1664301 1.00000000    2    0  107    0   27
48  2.7269241 0.3010300 1.00000000    2    0  107    0   27
61  2.7176410 2.1142773 1.00000000    2    0  107    0   27
71  3.2726751 2.2360331 1.00000000    3    0  107    0   27
72  3.1415707 2.3900515 1.00000000    3    0  107    0   27
84  3.5366876 3.1138431 1.00000000    3    0  107    0   27
85  2.7857221 2.1504494 1.00000000    3    0  107    0   27
# predperf: 
  tpos tneg fpos fneg
1    4   13    5    0
2    0   33   11    4
3    3   32    6   13
4    0    7    0    3
