# threshold = 1
# Area under ROC curve = 0.454136379370024
# aggregate.tpos = 16
# aggregate.tneg = 82
# aggregate.fpos = 25
# aggregate.fneg = 11
# rocframe: 
      predicted    actual threshold fold tpos tneg fpos fneg
1   -1110.03278 1.0755470         0    1   16   82   25   11
2   -1580.51078 1.3856063         0    1   16   82   25   11
3    -369.93136 1.8773713         0    1   16   82   25   11
4   -1664.19277 2.9914033         0    1   16   82   25   11
5   -1925.86074 0.9344985         0    1   16   82   25   11
7   -1099.76570 2.0318123         0    1   16   82   25   11
8   -3043.93452 1.5611014         0    1   16   82   25   11
9    -528.73426 1.7581546         0    1   16   82   25   11
10  -1912.39069 0.7993405         0    1   16   82   25   11
11  -1248.19179 1.6954817         0    1   16   82   25   11
12  -1607.54004 1.8344207         0    1   16   82   25   11
13  -2397.80008 1.4456042         0    1   16   82   25   11
14  -1566.78442 1.6812412         0    1   16   82   25   11
15  -2464.34407 1.4785665         0    1   16   82   25   11
23  -1518.63353 2.5627685         0    2   16   82   25   11
24    -13.14548 3.3837436         0    2   16   82   25   11
25  -1369.03227 2.0338257         0    2   16   82   25   11
26   -679.98333 1.7767012         0    2   16   82   25   11
28  -1075.02205 1.7566361         0    2   16   82   25   11
29    -71.09682 1.5327544         0    2   16   82   25   11
30   -160.53772 0.6127839         0    2   16   82   25   11
31   -623.38578 1.1303338         0    2   16   82   25   11
32   -652.30788 1.2576786         0    2   16   82   25   11
34   -897.00688 2.0652061         0    2   16   82   25   11
35   -254.27197 2.3040595         0    2   16   82   25   11
36   -879.04906 2.0182843         0    2   16   82   25   11
37   -611.72452 2.1664301         0    2   16   82   25   11
38   -416.19294 1.5728716         0    2   16   82   25   11
39  -1059.40333 1.7024305         0    2   16   82   25   11
40   -520.65087 0.9912261         0    2   16   82   25   11
41   -762.60876 2.1051694         0    2   16   82   25   11
42   -442.56716 0.7160033         0    2   16   82   25   11
43   -357.08144 2.6386889         0    2   16   82   25   11
44   -372.09998 0.9777236         0    2   16   82   25   11
45   -527.57379 1.5024271         0    2   16   82   25   11
46   -665.69119 2.2866810         0    2   16   82   25   11
47   -834.31370 1.8802418         0    2   16   82   25   11
48   -109.40893 0.3010300         0    2   16   82   25   11
49   -796.36352 1.6551384         0    2   16   82   25   11
50   -514.50318 1.5263393         0    2   16   82   25   11
51   -200.01595 3.3837436         0    2   16   82   25   11
52   -540.11506 1.3010300         0    2   16   82   25   11
53   -281.27580 1.1613680         0    2   16   82   25   11
54   -977.08656 2.1752218         0    2   16   82   25   11
56   -217.82310 1.3344538         0    2   16   82   25   11
57    -39.44958 1.3856063         0    2   16   82   25   11
58   -642.85927 2.2913689         0    2   16   82   25   11
59   -962.74268 1.4548449         0    2   16   82   25   11
60   -253.58247 1.6821451         0    2   16   82   25   11
61   -863.73742 2.1142773         0    2   16   82   25   11
62   -314.85173 1.3031961         0    2   16   82   25   11
63   -422.70492 1.6963564         0    2   16   82   25   11
64   -585.27171 1.7715875         0    2   16   82   25   11
65   -671.26365 1.0374265         0    2   16   82   25   11
66    -30.21071 2.0195317         0    2   16   82   25   11
67   -634.96906 1.9822712         0    2   16   82   25   11
68   -568.96240 1.3820170         0    2   16   82   25   11
70   -661.80867 1.2068259         0    2   16   82   25   11
74    -32.11511 1.3483049         0    3   16   82   25   11
75   -493.09796 1.1271048         0    3   16   82   25   11
76   -898.36491 1.3710679         0    3   16   82   25   11
77   -499.13396 0.9242793         0    3   16   82   25   11
80   -252.47965 0.8750613         0    3   16   82   25   11
81    -53.71739 1.7795965         0    3   16   82   25   11
86   -117.90840 2.5627685         0    3   16   82   25   11
87   -144.03608 2.1711412         0    3   16   82   25   11
89   -191.79024 2.2671717         0    3   16   82   25   11
91    -35.52343 2.0195317         0    3   16   82   25   11
92   -194.48734 2.6134189         0    3   16   82   25   11
94   -148.44807 1.5717088         0    3   16   82   25   11
96   -162.97679 1.9469433         0    3   16   82   25   11
98    -84.12690 1.6665180         0    3   16   82   25   11
101   -69.04071 2.3109056         0    3   16   82   25   11
102  -349.07837 2.1251558         0    3   16   82   25   11
108  -127.63178 2.1711412         0    3   16   82   25   11
110  -333.71339 1.7291648         0    3   16   82   25   11
111   -26.32850 2.0461048         0    3   16   82   25   11
113   -16.70042 2.9119030         0    3   16   82   25   11
114  -134.19356 1.6444386         0    3   16   82   25   11
115  -560.24607 2.2516382         0    3   16   82   25   11
117  -185.20797 1.9344985         0    3   16   82   25   11
118  -700.65849 1.1986571         0    3   16   82   25   11
119   -44.41716 2.1945143         0    3   16   82   25   11
120  -186.31813 2.4879863         0    3   16   82   25   11
125  -430.21711 1.7767012         0    4   16   82   25   11
126  -312.98289 2.2695129         0    4   16   82   25   11
127  -494.75391 1.7520484         0    4   16   82   25   11
128  -204.36020 1.4456042         0    4   16   82   25   11
129  -452.12315 1.9454686         0    4   16   82   25   11
131  -605.17477 2.1664301         0    4   16   82   25   11
132  -602.00539 1.5899496         0    4   16   82   25   11
133  -527.63091 2.4401216         0    4   16   82   25   11
134  -611.65084 2.9914033         0    4   16   82   25   11
6     188.46306 2.3147097         1    1    0  107    0   27
16   1602.06190 3.1503265         1    1    0  107    0   27
17    164.87330 2.1525941         1    1    0  107    0   27
18    561.51728 2.7629785         1    1    0  107    0   27
19     99.10826 2.0060380         1    1    0  107    0   27
20    796.29048 2.1251558         1    1    0  107    0   27
21   1660.95022 2.7383841         1    1    0  107    0   27
22   1749.36261 2.0557605         1    1    0  107    0   27
27    549.50226 2.0318123         1    2    0  107    0   27
33    166.78735 1.5899496         1    2    0  107    0   27
55    217.63380 2.1664301         1    2    0  107    0   27
69    168.50873 1.8382192         1    2    0  107    0   27
71    266.07351 2.2360331         1    3    0  107    0   27
72    687.17998 2.3900515         1    3    0  107    0   27
73    418.23141 2.4879863         1    3    0  107    0   27
78    707.21180 1.1205739         1    3    0  107    0   27
79    191.79702 1.9365137         1    3    0  107    0   27
82    549.63602 2.2652896         1    3    0  107    0   27
83    948.78783 1.5024271         1    3    0  107    0   27
84    735.58293 3.1138431         1    3    0  107    0   27
85   1396.35803 2.1504494         1    3    0  107    0   27
88    138.90795 1.5728716         1    3    0  107    0   27
90     96.08719 1.1643529         1    3    0  107    0   27
93    250.18181 2.6740340         1    3    0  107    0   27
95    262.59575 2.5880475         1    3    0  107    0   27
97    301.35191 1.7299743         1    3    0  107    0   27
99    904.78516 3.2387735         1    3    0  107    0   27
100   319.73670 2.2367891         1    3    0  107    0   27
103    61.30530 1.7923917         1    3    0  107    0   27
104    93.48481 2.3040595         1    3    0  107    0   27
105   463.08743 2.5880475         1    3    0  107    0   27
106   241.69473 2.9914033         1    3    0  107    0   27
107    41.74444 1.9947569         1    3    0  107    0   27
109   101.77574 2.3310222         1    3    0  107    0   27
112   132.96111 0.3010300         1    3    0  107    0   27
116   275.54342 1.7795965         1    3    0  107    0   27
121   535.53317 3.1911994         1    3    0  107    0   27
122   347.19710 2.4549972         1    3    0  107    0   27
123    61.34154 2.9641653         1    3    0  107    0   27
124   133.89072 2.3960249         1    3    0  107    0   27
130    41.18302 2.9119030         1    4    0  107    0   27
# predperf: 
  tpos tneg fpos fneg
1    3   13    5    1
2    0   40    4    4
3   12   22   16    4
4    1    7    0    2
