# threshold = 0.690571746136899
# Area under ROC curve = 0.236380952380952
# aggregate.tpos = 19
# aggregate.tneg = 27
# aggregate.fpos = 98
# aggregate.fneg = 23
# rocframe: 
           X1    actual   threshold fold tpos tneg fpos fneg
18  0.3023338 3.3837436 0.000000000    1   39    0  125    3
94  0.3524929 3.3837436 0.000000000    3   39    0  125    3
117 0.4150396 3.0048371 0.000000000    3   39    0  125    3
93  0.5354427 2.3174365 0.008849558    3   37    2  123    5
95  0.4574806 2.2631625 0.008849558    3   37    2  123    5
116 0.4720849 3.3837436 0.008849558    3   37    2  123    5
125 0.4791325 3.3837436 0.008849558    3   37    2  123    5
47  0.4683989 2.7567882 0.032520325    2   36    2  123    6
119 0.6161796 3.3837436 0.035398230    3   34    2  123    8
126 0.6143567 3.3837436 0.035398230    3   34    2  123    8
8   0.5800969 3.3837436 0.046153846    1   33    2  123    9
120 0.6443448 1.7535831 0.053097345    3   33    3  122    9
20  0.6461386 1.5263393 0.061538462    1   33    4  121    9
56  0.5937323 3.3837436 0.065040650    2   32    4  121   10
3   0.6742676 3.3837436 0.069230769    1   30    4  121   12
7   0.6561913 2.4350476 0.069230769    1   30    4  121   12
82  0.6743575 1.6665180 0.097345133    3   29    5  120   13
112 0.6856177 2.4201208 0.097345133    3   29    5  120   13
1   0.7086362 2.5366847 0.100000000    1   28    5  120   14
46  0.6460386 2.7136585 0.105691057    2   27    5  120   15
148 0.6182396 0.4913617 0.125925926    4   27    6  119   15
29  0.7252661 1.8709888 0.130769231    1   27    7  118   15
19  0.7508711 2.2367891 0.146153846    1   26    8  117   16
24  0.7519691 2.8121108 0.146153846    1   26    8  117   16
41  0.6819292 2.0318123 0.146341463    2   26    9  116   16
4   0.7557144 3.2980448 0.153846154    1   25   10  115   17
30  0.7554501 1.6042261 0.153846154    1   25   10  115   17
45  0.6975455 2.9914033 0.162601626    2   24   10  115   18
66  0.7082396 2.6190933 0.170731707    2   23   10  115   19
6   0.7606314 1.5717088 0.176923077    1   23   11  114   19
129 0.7301688 1.3263359 0.176991150    3   23   12  113   19
65  0.7177145 2.3380579 0.178861789    2   23   13  112   19
159 0.6723292 2.3769418 0.185185185    4   22   13  112   20
111 0.7333622 2.2387986 0.185840708    3   22   14  111   20
59  0.7235417 2.2000293 0.186991870    2   22   15  110   20
136 0.6753262 2.3218055 0.192592593    4   22   18  107   20
137 0.6820055 2.3310222 0.192592593    4   22   18  107   20
142 0.6851626 1.2041200 0.192592593    4   22   18  107   20
134 0.7401908 1.6314438 0.194690265    3   22   19  106   20
118 0.7422817 1.8095597 0.203539823    3   22   20  105   20
44  0.7373522 2.0338257 0.211382114    2   22   22  103   20
63  0.7387266 2.1433271 0.211382114    2   22   22  103   20
83  0.7596479 0.4913617 0.212389381    3   21   24  101   21
104 0.7464961 3.3837436 0.212389381    3   21   24  101   21
130 0.7562469 1.4248816 0.212389381    3   21   24  101   21
13  0.7853259 2.5627685 0.230769231    1   20   24  101   22
80  0.7553036 1.9355073 0.235772358    2   20   25  100   22
133 0.7655993 1.5538830 0.256637168    3   20   26   99   22
165 0.7204334 3.2387735 0.266666667    4   19   26   99   23
124 0.7695144 1.9283959 0.274336283    3   19   27   98   23
49  0.7695523 3.3837436 0.276422764    2   18   27   98   24
76  0.7738511 2.0406023 0.292682927    2   18   28   97   24
57  0.7772176 3.3837436 0.300813008    2   17   28   97   25
160 0.7517278 1.0791812 0.318518519    4   17   29   96   25
139 0.7541712 1.7853298 0.325925926    4   17   30   95   25
161 0.7613524 1.9943172 0.340740741    4   17   31   94   25
153 0.7655635 1.5440680 0.355555556    4   17   32   93   25
15  0.8141564 1.8920946 0.361538462    1   17   34   91   25
25  0.8145173 2.1804126 0.361538462    1   17   34   91   25
96  0.7985683 1.8870544 0.362831858    3   17   35   90   25
21  0.8153166 2.6134189 0.369230769    1   16   35   90   26
143 0.7819263 1.6599162 0.392592593    4   16   36   89   26
75  0.7953411 1.9703469 0.398373984    2   16   37   88   26
145 0.7867765 1.5843312 0.400000000    4   16   39   86   26
149 0.7879265 1.8129134 0.400000000    4   16   39   86   26
61  0.7980406 1.9355073 0.406504065    2   16   40   85   26
138 0.8038373 2.4350476 0.407407407    4   15   43   82   27
141 0.8036787 2.0338257 0.407407407    4   15   43   82   27
144 0.8008789 1.7972675 0.407407407    4   15   43   82   27
155 0.7938551 1.2988531 0.407407407    4   15   43   82   27
2   0.8215539 2.5375673 0.407692308    1   14   43   82   28
103 0.8117206 3.2980448 0.415929204    3   12   45   80   30
115 0.8087296 2.9825426 0.415929204    3   12   45   80   30
121 0.8109996 1.3344538 0.415929204    3   12   45   80   30
131 0.8104356 0.8512583 0.415929204    3   12   45   80   30
74  0.8028115 1.9484130 0.430894309    2   12   46   79   30
102 0.8156676 1.2944662 0.433628319    3   12   47   78   30
37  0.8283337 1.7024305 0.461538462    1   12   48   77   30
146 0.8297343 2.5779511 0.466666667    4   11   48   77   31
69  0.8116305 1.6866363 0.479674797    2   11   49   76   31
156 0.8360062 3.1911994 0.488888889    4   10   49   76   32
97  0.8266978 2.2387986 0.495575221    3   10   50   75   32
70  0.8140996 1.8000294 0.495934959    2   10   51   74   32
77  0.8222401 2.6887757 0.520325203    2    9   51   74   33
100 0.8306043 2.7271344 0.522123894    3    8   51   74   34
10  0.8366732 2.5880475 0.523076923    1    6   51   74   36
16  0.8359485 3.3837436 0.523076923    1    6   51   74   36
14  0.8374633 2.0297895 0.530769231    1    6   52   73   36
154 0.8512701 1.4653829 0.533333333    4    5   53   72   37
158 0.8479056 2.8865471 0.533333333    4    5   53   72   37
86  0.8369376 1.5024271 0.539823009    3    5   55   70   37
90  0.8344604 1.5158738 0.539823009    3    5   55   70   37
9   0.8391198 0.3010300 0.553846154    1    5   56   69   37
166 0.8546054 1.8394780 0.555555556    4    5   57   68   37
40  0.8263143 1.6009729 0.569105691    2    5   58   67   37
38  0.8276943 0.3010300 0.577235772    2    5   60   65   37
51  0.8273865 1.6884198 0.577235772    2    5   60   65   37
34  0.8405041 2.2671717 0.584615385    1    5   61   64   37
152 0.8561220 1.4183013 0.585185185    4    5   62   63   37
39  0.8287486 2.3398488 0.585365854    2    5   63   62   37
135 0.8437493 2.7629785 0.592920354    3    4   63   62   38
33  0.8416724 1.3820170 0.600000000    1    4   64   61   38
26  0.8441695 1.1643529 0.607692308    1    4   65   60   38
36  0.8453155 1.5024271 0.615384615    1    4   66   59   38
85  0.8449383 2.1525941 0.619469027    3    4   67   58   38
151 0.8611426 2.1448854 0.622222222    4    4   68   57   38
92  0.8524229 1.9576073 0.654867257    3    4   71   54   38
109 0.8507828 1.3891661 0.654867257    3    4   71   54   38
132 0.8493529 0.3010300 0.654867257    3    4   71   54   38
91  0.8551490 1.7986506 0.672566372    3    4   74   51   38
113 0.8546075 1.5888317 0.672566372    3    4   74   51   38
123 0.8546075 1.7041505 0.672566372    3    4   74   51   38
23  0.8504410 2.1664301 0.676923077    1    4   75   50   38
99  0.8572865 3.3837436 0.681415929    3    3   76   49   39
127 0.8574202 1.4116197 0.681415929    3    3   76   49   39
35  0.8511798 2.2796669 0.684615385    1    3   77   48   39
114 0.8609530 2.2309596 0.707964602    3    3   78   47   39
162 0.8678954 2.1386184 0.711111111    4    3   82   43   39
163 0.8692754 1.6294096 0.711111111    4    3   82   43   39
164 0.8687597 1.6314438 0.711111111    4    3   82   43   39
167 0.8690503 1.7371926 0.711111111    4    3   82   43   39
105 0.8618960 1.3856063 0.716814159    3    3   83   42   39
84  0.8636659 1.1271048 0.725663717    3    3   85   40   39
98  0.8637233 1.5670264 0.725663717    3    3   85   40   39
11  0.8541517 1.3765770 0.730769231    1    3   86   39   39
60  0.8482053 2.1027766 0.747967480    2    3   87   38   39
31  0.8554430 1.1430148 0.753846154    1    3   88   37   39
27  0.8565548 0.7993405 0.769230769    1    3   89   36   39
122 0.8709766 0.9030900 0.787610619    3    3   90   35   39
12  0.8613841 1.1172713 0.792307692    1    2   92   33   40
17  0.8612946 2.4834446 0.792307692    1    2   92   33   40
32  0.8620239 1.3579348 0.792307692    1    2   92   33   40
58  0.8527174 2.3583156 0.796747967    2    2   93   32   40
147 0.8804018 2.0874265 0.807407407    4    2   94   31   40
101 0.8764683 2.1734776 0.823008850    3    2   97   28   40
106 0.8781587 1.4756712 0.823008850    3    2   97   28   40
107 0.8777759 1.3384565 0.823008850    3    2   97   28   40
110 0.8803684 1.6866363 0.831858407    3    2   99   26   40
128 0.8804208 0.6127839 0.831858407    3    2   99   26   40
53  0.8565540 2.2355284 0.837398374    2    2  102   23   40
62  0.8572654 1.4712917 0.837398374    2    2  102   23   40
79  0.8558138 1.1643529 0.837398374    2    2  102   23   40
87  0.8827767 1.6928469 0.840707965    3    2  103   22   40
22  0.8681956 2.2000293 0.846153846    1    2  104   21   40
28  0.8692734 1.6532125 0.861538462    1    2  105   20   40
5   0.8710165 1.7767012 0.869230769    1    2  106   19   40
50  0.8699768 1.4593925 0.894308943    2    2  108   17   40
72  0.8700054 1.5786392 0.894308943    2    2  108   17   40
88  0.8905809 1.5263393 0.911504425    3    2  110   15   40
108 0.8902120 1.3384565 0.911504425    3    2  110   15   40
150 0.8885475 0.3010300 0.918518519    4    2  112   13   40
157 0.8879991 1.4742163 0.918518519    4    2  112   13   40
52  0.8740658 1.3483049 0.918699187    2    2  114   11   40
54  0.8748329 1.3710679 0.918699187    2    2  114   11   40
68  0.8776775 1.3979400 0.934959350    2    2  115   10   40
43  0.8784473 1.3961993 0.943089431    2    2  118    7   40
64  0.8808675 2.1598678 0.943089431    2    2  118    7   40
78  0.8789045 1.0374265 0.943089431    2    2  118    7   40
89  0.8973553 0.0000000 0.946902655    3    2  119    6   40
140 0.8925743 1.9138139 0.955555556    4    2  120    5   40
55  0.8849919 1.9020029 0.967479675    2    2  121    4   40
48  0.8892804 1.8469553 0.975609756    2    2  122    3   40
42  0.8920908 2.4637437 0.991869919    2    1  124    1   41
67  0.8943158 0.6127839 0.991869919    2    1  124    1   41
73  0.8941996 0.3010300 0.991869919    2    1  124    1   41
71  0.9062160 0.3010300 1.000000000    2    0  125    0   42
81  0.9392813 2.5161386 1.000000000    2    0  125    0   42
# predperf: 
  tpos tneg fpos fneg
1    5    7   17    8
2    4    6   28    6
3    5   10   31    8
4    5    4   22    1
