# Seed = 882
# Site = hika
# Method = pls
# Area under ROC curve = 0.640190476190476
# aggregate.tpos = 21
# aggregate.tneg = 77
# aggregate.fpos = 48
# aggregate.fneg = 21
# variables: beach_WaterTemp, beach_AirTemp, beach_PeopleInWater, beach_PeopleOnBeach, beach_WaveHeightManual, Manitowoc_Discharge_Diff_6, Sheboygan_Discharge_Diff_6, CloudCover_Mean_1, CloudCover_Mean_2, CloudCover_Mean_6, CloudCover_Mean_12, CloudCover_Mean_24, CloudCover_Mean_48, HeightAboveSeaLevel_Mean_1, HeightAboveSeaLevel_Mean_24, HeightAboveSeaLevel_Max_1, HeightAboveSeaLevel_Max_24, HeightAboveSeaLevel_Min_1, HeightAboveSeaLevel_Min_24, HeightAboveSeaLevel_Diff_24, CurrentDepthAveraged_Mean_1_perp, CurrentDepthAveraged_Mean_2_perp, CurrentDepthAveraged_Mean_6_perp, CurrentDepthAveraged_Mean_12_perp, CurrentDepthAveraged_Mean_24_perp, CurrentDepthAveraged_Mean_48_perp, CurrentDepthAveraged_Mean_72_perp, CurrentDepthAveraged_Mean_120_perp, CurrentDepthAveraged_Mean_1_par, CurrentDepthAveraged_Mean_2_par, CurrentDepthAveraged_Mean_6_par, CurrentDepthAveraged_Mean_12_par, CurrentDepthAveraged_Mean_24_par, CurrentDepthAveraged_Mean_48_par, CurrentDepthAveraged_Mean_72_par, CurrentDepthAveraged_Mean_120_par, CurrentSurface_Mean_1_perp, CurrentSurface_Mean_2_perp, CurrentSurface_Mean_6_perp, CurrentSurface_Mean_12_perp, CurrentSurface_Mean_24_perp, CurrentSurface_Mean_48_perp, CurrentSurface_Mean_72_perp, CurrentSurface_Mean_120_perp, CurrentSurface_Mean_1_par, CurrentSurface_Mean_2_par, CurrentSurface_Mean_6_par, CurrentSurface_Mean_12_par, CurrentSurface_Mean_24_par, CurrentSurface_Mean_48_par, CurrentSurface_Mean_72_par, CurrentSurface_Mean_120_par, WaveHeight_Mean_1, WaveHeight_Mean_2, WaveHeight_Mean_6, WaveHeight_Mean_12, WaveHeight_Mean_24, WaveHeightDirection_Mean_1_perp, WaveHeightDirection_Mean_2_perp, WaveHeightDirection_Mean_6_perp, WaveHeightDirection_Mean_12_perp, WaveHeightDirection_Mean_24_perp, WaveHeightDirection_Mean_1_par, WaveHeightDirection_Mean_2_par, WaveHeightDirection_Mean_6_par, WaveHeightDirection_Mean_12_par, WaveHeightDirection_Mean_24_par, WaveDirection_Mean_1_perp, WaveDirection_Mean_2_perp, WaveDirection_Mean_6_perp, WaveDirection_Mean_12_perp, WaveDirection_Mean_24_perp, WaveDirection_Mean_1_par, WaveDirection_Mean_2_par, WaveDirection_Mean_6_par, WaveDirection_Mean_12_par, WaveDirection_Mean_24_par, Wind_Mean_1_perp, Wind_Mean_2_perp, Wind_Mean_6_perp, Wind_Mean_12_perp, Wind_Mean_24_perp, Wind_Mean_1_par, Wind_Mean_2_par, Wind_Mean_6_par, Wind_Mean_12_par, Wind_Mean_24_par, AirTemperature_Mean_1, AirTemperature_Mean_2, AirTemperature_Mean_6, AirTemperature_Mean_12, AirTemperature_Mean_24, AirTemperature_Mean_48, AirTemperature_Mean_72, AirTemperature_Mean_120, AirTemperature_StDev_2, AirTemperature_StDev_6, AirTemperature_StDev_12, AirTemperature_StDev_24, AirTemperature_StDev_48, AirTemperature_StDev_72, AirTemperature_StDev_120, WaterTemperature_Mean_1, WaterTemperature_Mean_2, WaterTemperature_Mean_6, WaterTemperature_Mean_12, WaterTemperature_Mean_24, WaterTemperature_Mean_48, WaterTemperature_Mean_72, WaterTemperature_Mean_120, WaterTemperature_StDev_6, WaterTemperature_StDev_12, WaterTemperature_StDev_24, WaterTemperature_StDev_48, WaterTemperature_StDev_72, WaterTemperature_StDev_120, Sqrt.Precipitation.over.upload.ManitowocR.Sum..1hr, Sqrt.Precipitation.over.upload.ManitowocR.Sum..2hr, Sqrt.Precipitation.over.upload.ManitowocR.Sum..6hr, Sqrt.Precipitation.over.upload.ManitowocR.Sum..12hr, Sqrt.Precipitation.over.upload.ManitowocR.Sum..24hr, Sqrt.Precipitation.over.upload.ManitowocR.Sum..48hr, Sqrt.Precipitation.over.upload.ManitowocR.Sum..72hr, Sqrt.Precipitation.over.upload.ManitowocR.Sum..120hr, Sqrt.Precipitation.over.upload.hika.Sum..1hr, Sqrt.Precipitation.over.upload.hika.Sum..2hr, Sqrt.Precipitation.over.upload.hika.Sum..6hr, Sqrt.Precipitation.over.upload.hika.Sum..12hr, Sqrt.Precipitation.over.upload.hika.Sum..24hr, Sqrt.Precipitation.over.upload.hika.Sum..48hr, Sqrt.Precipitation.over.upload.hika.Sum..72hr, Sqrt.Precipitation.over.upload.hika.Sum..120hr, log.Manitowoc_Discharge_Mean_1, log.Manitowoc_Discharge_Mean_2, log.Manitowoc_Discharge_Mean_6, log.Manitowoc_Discharge_Mean_12, log.Manitowoc_Discharge_Mean_24, log.Manitowoc_Discharge_Mean_48, log.Manitowoc_Discharge_Mean_72, log.Manitowoc_Discharge_Mean_120, log.Manitowoc_Discharge_Min_1, log.Manitowoc_Discharge_Min_2, log.Manitowoc_Discharge_Min_6, log.Manitowoc_Discharge_Min_12, log.Manitowoc_Discharge_Min_24, log.Manitowoc_Discharge_Min_48, log.Manitowoc_Discharge_Min_72, log.Manitowoc_Discharge_Min_120, log.Manitowoc_Discharge_Max_24, log.Sheboygan_Discharge_Mean_1, log.Sheboygan_Discharge_Mean_2, log.Sheboygan_Discharge_Mean_6, log.Sheboygan_Discharge_Mean_12, log.Sheboygan_Discharge_Mean_24, log.Sheboygan_Discharge_Mean_48, log.Sheboygan_Discharge_Mean_72, log.Sheboygan_Discharge_Mean_120, log.Sheboygan_Discharge_Min_1, log.Sheboygan_Discharge_Min_2, log.Sheboygan_Discharge_Min_6, log.Sheboygan_Discharge_Min_12, log.Sheboygan_Discharge_Min_24, log.Sheboygan_Discharge_Min_48, log.Sheboygan_Discharge_Min_72, log.Sheboygan_Discharge_Min_120, log.Sheboygan_Discharge_Max_24, beach_AlgaeNearshore2, beach_AlgaeNearshore3, beach_AlgaeNearshore4, beach_AlgaeOnBeach2, beach_AlgaeOnBeach3, beach_AlgaeOnBeach4, yday, log.beach_TurbidityBeach, beach_WindVector_perp, beach_WindVector_parl
# thresholding specificity: 0.669354838709677
# decision threshold: 1.95357687532528
# full results: 
    predicted    actual   threshold fold tpos tneg fpos fneg
38   0.877868 0.3010300 0.000000000   38   42    1  124    0
33   1.298591 1.3820170 0.008064516   33   42    2  123    0
91   1.199045 1.7986506 0.016129032   91   42    3  122    0
52   1.230668 1.3483049 0.024193548   52   42    4  121    0
71   1.319638 0.3010300 0.040322581   71   42    5  120    0
50   1.328711 1.4593925 0.056451613   50   42    7  118    0
73   1.396868 0.3010300 0.056451613   73   42    7  118    0
101  1.320637 2.1734776 0.064516129  101   42   10  115    0
132  1.405156 0.3010300 0.064516129  132   42   10  115    0
167  1.382234 1.7371926 0.064516129  167   42   10  115    0
110  1.394192 1.6866363 0.072580645  110   42   11  114    0
32   1.421829 1.3579348 0.088709677   32   42   12  113    0
131  1.389902 0.8512583 0.096774194  131   42   13  112    0
78   1.389230 1.0374265 0.104838710   78   42   14  111    0
122  1.444470 0.9030900 0.112903226  122   42   15  110    0
140  1.381849 1.9138139 0.120967742  140   42   16  109    0
72   1.426546 1.5786392 0.129032258   72   42   17  108    0
76   1.425773 2.0406023 0.137096774   76   42   18  107    0
31   1.473756 1.1430148 0.145161290   31   42   21  104    0
162  1.433482 2.1386184 0.145161290  162   42   21  104    0
163  1.446166 1.6294096 0.145161290  163   42   21  104    0
88   1.501405 1.5263393 0.185483871   88   42   22  103    0
79   1.528911 1.1643529 0.193548387   79   42   24  101    0
113  1.519522 1.5888317 0.193548387  113   42   24  101    0
28   1.518298 1.6532125 0.201612903   28   42   26   99    0
74   1.517880 1.9484130 0.201612903   74   42   26   99    0
115  1.537040 2.9825426 0.208000000  115   41   26   99    1
36   1.543164 1.5024271 0.209677419   36   41   27   98    1
89   1.579673 0.0000000 0.217741935   89   41   28   97    1
149  1.563869 1.8129134 0.225806452  149   41   29   96    1
35   1.563091 2.2796669 0.233870968   35   41   31   94    1
37   1.568493 1.7024305 0.233870968   37   41   31   94    1
24   1.601428 2.8121108 0.256000000   24   40   31   94    2
109  1.596600 1.3891661 0.258064516  109   40   32   93    2
166  1.626521 1.8394780 0.282258065  166   40   33   92    2
42   1.633611 2.4637437 0.288000000   42   39   33   92    3
25   1.608828 2.1804126 0.290322581   25   39   35   90    3
157  1.641300 1.4742163 0.290322581  157   39   35   90    3
100  1.632867 2.7271344 0.296000000  100   38   35   90    4
156  1.636751 3.1911994 0.304000000  156   37   35   90    5
22   1.655597 2.2000293 0.314516129   22   37   38   87    5
127  1.685117 1.4116197 0.314516129  127   37   38   87    5
137  1.653662 2.3310222 0.314516129  137   37   38   87    5
158  1.670120 2.8865471 0.328000000  158   36   38   87    6
26   1.669858 1.1643529 0.330645161   26   36   40   85    6
83   1.719992 0.4913617 0.330645161   83   36   40   85    6
164  1.675243 1.6314438 0.338709677  164   36   41   84    6
44   1.698287 2.0338257 0.346774194   44   36   42   83    6
41   1.717037 2.0318123 0.362903226   41   36   44   81    6
55   1.718274 1.9020029 0.362903226   55   36   44   81    6
2    1.697852 2.5366847 0.368000000    1   35   44   81    7
128  1.719893 0.6127839 0.370967742  128   35   45   80    7
51   1.734975 1.6884198 0.379032258   51   35   46   79    7
75   1.751759 1.9703469 0.387096774   75   35   47   78    7
8    1.738971 3.3837436 0.392000000    8   34   47   78    8
130  1.745799 1.4248816 0.395161290  130   34   48   77    8
102  1.775492 1.2944662 0.403225806  102   34   49   76    8
147  1.753435 2.0874265 0.411290323  147   34   50   75    8
99   1.787049 3.3837436 0.416000000   99   32   50   75   10
135  1.798719 2.7629785 0.416000000  135   32   50   75   10
160  1.773978 1.0791812 0.427419355  160   32   51   74   10
129  1.831431 1.3263359 0.435483871  129   32   52   73   10
152  1.792055 1.4183013 0.443548387  152   32   53   72   10
9    1.805627 0.3010300 0.451612903    9   32   54   71   10
21   1.810653 2.5375673 0.464000000    2   31   54   71   11
6    1.856252 1.5717088 0.467741935    6   31   56   69   11
53   1.810635 2.2355284 0.467741935   53   31   56   69   11
104  1.792753 3.3837436 0.480000000  104   30   56   69   12
77   1.814719 2.6887757 0.488000000   77   29   56   69   13
151  1.821111 2.1448854 0.508064516  151   29   57   68   13
103  1.870580 3.2980448 0.520000000  103   28   57   68   14
62   1.855509 1.4712917 0.532258065   62   28   59   66   14
153  1.841281 1.5440680 0.532258065  153   28   59   66   14
159  1.891299 2.3769418 0.536000000  159   27   59   66   15
27   1.879022 0.7993405 0.548387097   27   27   61   64   15
40   1.904164 1.6009729 0.548387097   40   27   61   64   15
54   1.904653 1.3710679 0.572580645   54   27   63   62   15
69   1.897014 1.6866363 0.572580645   69   27   63   62   15
17   1.889059 2.4834446 0.576000000   17   25   63   62   17
57   1.923644 3.3837436 0.576000000   57   25   63   62   17
12   1.935045 1.1172713 0.580645161   12   25   65   60   17
108  1.939833 1.3384565 0.580645161  108   25   65   60   17
67   1.940901 0.6127839 0.588709677   67   25   66   59   17
11   1.942625 1.3765770 0.596774194   11   25   67   58   17
5    1.943759 1.7767012 0.604838710    5   25   68   57   17
68   1.962963 1.3979400 0.612903226   68   25   69   56   17
43   1.968137 1.3961993 0.620967742   43   25   72   53   17
120  1.930879 1.7535831 0.620967742  120   25   72   53   17
150  1.993713 0.3010300 0.620967742  150   25   72   53   17
30   1.986775 1.6042261 0.629032258   30   25   73   52   17
165  1.977767 3.2387735 0.632000000  165   24   73   52   18
121  1.936126 1.3344538 0.637096774  121   24   74   51   18
56   2.011523 3.3837436 0.640000000   56   22   74   51   20
126  1.921881 3.3837436 0.640000000  126   22   74   51   20
23   1.943067 2.1664301 0.653225806   23   22   75   50   20
49   2.003842 3.3837436 0.656000000   49   21   75   50   21
70   1.953115 1.8000294 0.661290323   70   21   76   49   21
161  2.037471 1.9943172 0.669354839  161   21   77   48   21
81   1.953584 2.5161386 0.672000000   81   20   77   48   22
60   2.041852 2.1027766 0.677419355   60   20   78   47   22
85   1.970185 2.1525941 0.693548387   85   20   81   44   22
143  2.049584 1.6599162 0.693548387  143   20   81   44   22
155  2.003103 1.2988531 0.693548387  155   20   81   44   22
133  2.004296 1.5538830 0.701612903  133   20   82   43   22
86   2.077248 1.5024271 0.717741935   86   20   85   40   22
145  2.038517 1.5843312 0.717741935  145   20   85   40   22
154  2.073634 1.4653829 0.717741935  154   20   85   40   22
39   2.070792 2.3398488 0.725806452   39   20   88   37   22
58   2.027393 2.3583156 0.725806452   58   20   88   37   22
98   2.093688 1.5670264 0.725806452   98   20   88   37   22
59   2.050315 2.2000293 0.733870968   59   20   89   36   22
92   2.061541 1.9576073 0.741935484   92   20   90   35   22
64   2.085364 2.1598678 0.750000000   64   20   91   34   22
146  2.092162 2.5779511 0.752000000  146   19   91   34   23
114  2.098856 2.2309596 0.758064516  114   19   92   33   23
138  2.114178 2.4350476 0.768000000  138   18   92   33   24
34   2.108957 2.2671717 0.774193548   34   18   94   31   24
87   2.123619 1.6928469 0.774193548   87   18   94   31   24
141  2.122173 2.0338257 0.782258065  141   18   95   30   24
90   2.147756 1.5158738 0.790322581   90   18   97   28   24
96   2.126204 1.8870544 0.790322581   96   18   97   28   24
211  2.142107 2.6134189 0.792000000   21   16   97   28   26
66   2.137138 2.6190933 0.792000000   66   16   97   28   26
136  2.138849 2.3218055 0.798387097  136   16   99   26   26
142  2.196521 1.2041200 0.798387097  142   16   99   26   26
7    2.147068 2.4350476 0.800000000    7   15   99   26   27
10   2.182541 2.5880475 0.808000000   10   14   99   26   28
3    2.156866 3.3837436 0.816000000    3   13   99   26   29
106  2.179839 1.4756712 0.830645161  106   13  100   25   29
61   2.221602 1.9355073 0.838709677   61   13  102   23   29
105  2.187550 1.3856063 0.838709677  105   13  102   23   29
134  2.247518 1.6314438 0.854838710  134   13  103   22   29
20   2.245807 1.5263393 0.862903226   20   13  106   19   29
48   2.251493 1.8469553 0.862903226   48   13  106   19   29
80   2.252392 1.9355073 0.862903226   80   13  106   19   29
65   2.217673 2.3380579 0.870967742   65   13  108   17   29
107  2.242939 1.3384565 0.870967742  107   13  108   17   29
13   2.263814 2.5627685 0.872000000   13   12  108   17   30
14   2.279042 2.0297895 0.879032258   14   12  109   16   30
94   2.249266 3.3837436 0.888000000   94   11  109   16   31
124  2.285444 1.9283959 0.895161290  124   11  111   14   31
144  2.297146 1.7972675 0.895161290  144   11  111   14   31
4    2.289494 3.2980448 0.896000000    4   10  111   14   32
19   2.309737 2.2367891 0.903225806   19   10  113   12   32
123  2.331088 1.7041505 0.903225806  123   10  113   12   32
112  2.320015 2.4201208 0.904000000  112    9  113   12   33
63   2.310409 2.1433271 0.911290323   63    9  114   11   33
46   2.362233 2.7136585 0.920000000   46    8  114   11   34
119  2.348653 3.3837436 0.928000000  119    7  114   11   35
29   2.369757 1.8709888 0.935483871   29    7  115   10   35
16   2.347142 3.3837436 0.936000000   16    6  115   10   36
148  2.438115 0.4913617 0.951612903  148    6  116    9   36
97   2.436834 2.2387986 0.959677419   97    6  119    6   36
118  2.462331 1.8095597 0.959677419  118    6  119    6   36
139  2.419950 1.7853298 0.959677419  139    6  119    6   36
47   2.443416 2.7567882 0.960000000   47    5  119    6   37
15   2.491660 1.8920946 0.967741935   15    5  120    5   37
45   2.435941 2.9914033 0.968000000   45    4  120    5   38
82   2.795762 1.6665180 0.975806452   82    4  122    3   38
84   2.594193 1.1271048 0.975806452   84    4  122    3   38
111  2.852170 2.2387986 0.983870968  111    4  123    2   38
116  2.565359 3.3837436 0.984000000  116    2  123    2   40
125  2.649461 3.3837436 0.984000000  125    2  123    2   40
95   2.982535 2.2631625 0.991935484   95    2  124    1   40
117  3.113439 3.0048371 0.992000000  117    1  124    1   41
18   5.317281 3.3837436 1.000000000   18    0  125    0   42
93   3.328056 2.3174365 1.000000000   93    0  125    0   42
