# threshold = 1.46324533066342
# Area under ROC curve = 0.50965250965251
# aggregate.tpos = 8
# aggregate.tneg = 84
# aggregate.fpos = 27
# aggregate.fneg = 13
# rocframe: 
    predicted    actual  threshold fold tpos tneg fpos fneg
13   1.183657 1.1303338 0.09278351    1   21    1  110    0
9    1.238114 2.0406023 0.15463918    1   21    2  109    0
124  1.322358 1.4548449 0.15533981    4   21    4  107    0
129  1.315161 1.3636120 0.15533981    4   21    4  107    0
122  1.345535 2.5627685 0.24271845    4   20    4  107    1
128  1.359772 1.8998205 0.28155340    4   20    6  105    1
130  1.361502 1.2068259 0.28155340    4   20    6  105    1
12   1.326910 0.9344985 0.28865979    1   20    7  104    1
125  1.404842 1.6170003 0.44660194    4   20    8  103    1
7    1.411640 0.0000000 0.47422680    1   20    9  102    1
11   1.426029 2.7136585 0.49484536    1   19    9  102    2
8    1.470064 2.6386889 0.53608247    1   18    9  102    3
1    1.484926 0.6127839 0.55670103    1   18   11  100    3
5    1.494442 1.2855573 0.55670103    1   18   11  100    3
131  1.447175 2.7383841 0.59223301    4   17   11  100    4
123  1.468980 1.6294096 0.64077670    4   17   12   99    4
22   1.509064 0.3010300 0.64788732    2   13   33   78    8
23   1.509064 0.0000000 0.64788732    2   13   33   78    8
24   1.509064 0.0000000 0.64788732    2   13   33   78    8
25   1.509064 0.0000000 0.64788732    2   13   33   78    8
32   1.509064 0.8750613 0.64788732    2   13   33   78    8
34   1.509064 0.0000000 0.64788732    2   13   33   78    8
35   1.509064 1.0413927 0.64788732    2   13   33   78    8
36   1.509064 1.2329961 0.64788732    2   13   33   78    8
38   1.509064 1.4842998 0.64788732    2   13   33   78    8
41   1.509064 2.4549972 0.64788732    2   13   33   78    8
42   1.509064 1.1643529 0.64788732    2   13   33   78    8
44   1.509064 2.4879863 0.64788732    2   13   33   78    8
47   1.509064 2.5125510 0.64788732    2   13   33   78    8
49   1.509064 1.6009729 0.64788732    2   13   33   78    8
50   1.509064 2.2370408 0.64788732    2   13   33   78    8
52   1.509064 1.1931246 0.64788732    2   13   33   78    8
53   1.509064 1.3926970 0.64788732    2   13   33   78    8
55   1.509064 2.7629785 0.64788732    2   13   33   78    8
56   1.509064 2.1525941 0.64788732    2   13   33   78    8
58   1.509064 0.7993405 0.64788732    2   13   33   78    8
61   1.509064 1.0374265 0.64788732    2   13   33   78    8
62   1.509064 0.9912261 0.64788732    2   13   33   78    8
63   1.509064 0.8573325 0.64788732    2   13   33   78    8
64   1.509064 0.6127839 0.64788732    2   13   33   78    8
67   1.509064 2.0413927 0.64788732    2   13   33   78    8
10   1.572166 0.0000000 0.64948454    1   13   34   77    8
48   1.510373 0.7993405 0.66197183    2   13   35   76    8
26   1.510630 0.3010300 0.67605634    2   13   36   75    8
57   1.511117 0.8692317 0.69014085    2   13   37   74    8
37   1.512481 0.6127839 0.71830986    2   13   38   73    8
127  1.544107 1.8970770 0.72815534    4   13   39   72    8
69   1.507279 1.9925535 0.74193548    3   10   76   35   11
70   1.507279 1.9956352 0.74193548    3   10   76   35   11
71   1.507279 0.8692317 0.74193548    3   10   76   35   11
73   1.507279 0.0000000 0.74193548    3   10   76   35   11
74   1.507279 0.0000000 0.74193548    3   10   76   35   11
75   1.507279 1.1303338 0.74193548    3   10   76   35   11
76   1.507279 2.9119030 0.74193548    3   10   76   35   11
77   1.507279 0.4771213 0.74193548    3   10   76   35   11
78   1.507279 0.3010300 0.74193548    3   10   76   35   11
83   1.507279 1.9454686 0.74193548    3   10   76   35   11
84   1.507279 1.5786392 0.74193548    3   10   76   35   11
85   1.507279 1.2944662 0.74193548    3   10   76   35   11
86   1.507279 1.1931246 0.74193548    3   10   76   35   11
87   1.507279 1.3283796 0.74193548    3   10   76   35   11
89   1.507279 1.6009729 0.74193548    3   10   76   35   11
90   1.507279 1.7234557 0.74193548    3   10   76   35   11
91   1.507279 2.2636361 0.74193548    3   10   76   35   11
92   1.507279 2.0744507 0.74193548    3   10   76   35   11
93   1.507279 1.9079485 0.74193548    3   10   76   35   11
94   1.507279 1.8000294 0.74193548    3   10   76   35   11
95   1.507279 2.0744507 0.74193548    3   10   76   35   11
96   1.507279 2.4141374 0.74193548    3   10   76   35   11
97   1.507279 2.4549972 0.74193548    3   10   76   35   11
98   1.507279 1.9947569 0.74193548    3   10   76   35   11
99   1.507279 1.8000294 0.74193548    3   10   76   35   11
100  1.507279 1.2944662 0.74193548    3   10   76   35   11
102  1.507279 2.1804126 0.74193548    3   10   76   35   11
104  1.507279 2.1804126 0.74193548    3   10   76   35   11
105  1.507279 1.2253093 0.74193548    3   10   76   35   11
106  1.507279 1.3979400 0.74193548    3   10   76   35   11
107  1.507279 0.4913617 0.74193548    3   10   76   35   11
109  1.507279 1.5198280 0.74193548    3   10   76   35   11
111  1.507279 0.7160033 0.74193548    3   10   76   35   11
113  1.507279 1.5378191 0.74193548    3   10   76   35   11
115  1.507279 1.5092025 0.74193548    3   10   76   35   11
116  1.507279 1.2278867 0.74193548    3   10   76   35   11
117  1.507279 0.7993405 0.74193548    3   10   76   35   11
119  1.507279 0.3010300 0.74193548    3   10   76   35   11
120  1.507279 1.3909351 0.74193548    3   10   76   35   11
121  1.507279 0.9294189 0.74193548    3   10   76   35   11
20   1.527802 1.9698816 0.74647887    2   10   78   33   11
60   1.534336 1.7795965 0.74647887    2   10   78   33   11
33   1.535461 1.2068259 0.77464789    2   10   80   31   11
65   1.536863 1.4393327 0.77464789    2   10   80   31   11
27   1.545445 0.7160033 0.78873239    2    8   85   26   13
28   1.552839 2.8615344 0.78873239    2    8   85   26   13
39   1.552594 2.1504494 0.78873239    2    8   85   26   13
45   1.559613 2.2367891 0.78873239    2    8   85   26   13
46   1.551405 2.3529539 0.78873239    2    8   85   26   13
59   1.570973 1.5658478 0.78873239    2    8   85   26   13
66   1.566931 2.8615344 0.78873239    2    8   85   26   13
112  1.520359 0.7993405 0.79032258    3    8   86   25   13
132  1.597883 1.9813655 0.79611650    4    8   87   24   13
43   1.586792 0.7160033 0.81690141    2    8   88   23   13
103  1.525777 2.0182843 0.82258065    3    8   89   22   13
19   1.603630 1.9464523 0.83098592    2    8   91   20   13
40   1.594910 0.3010300 0.83098592    2    8   91   20   13
21   1.609275 0.7993405 0.84507042    2    8   92   19   13
29   1.638117 3.3837436 0.85915493    2    6   94   17   15
31   1.629372 2.7136585 0.85915493    2    6   94   17   15
51   1.641816 1.5854607 0.85915493    2    6   94   17   15
54   1.646956 1.4955443 0.85915493    2    6   94   17   15
15   1.796611 1.1903317 0.90721649    1    6   96   15   15
16   1.792462 0.9242793 0.90721649    1    6   96   15   15
30   1.673140 2.5985717 0.91549296    2    5   96   15   16
6    1.832970 1.5888317 0.91752577    1    5   98   13   16
17   1.813452 1.7024305 0.91752577    1    5   98   13   16
72   1.548640 0.3010300 0.93548387    3    5  102    9   16
81   1.548640 2.0437551 0.93548387    3    5  102    9   16
82   1.548640 1.9454686 0.93548387    3    5  102    9   16
118  1.548640 1.4842998 0.93548387    3    5  102    9   16
68   1.565772 1.6106602 0.95161290    3    5  107    4   16
80   1.565772 1.3344538 0.95161290    3    5  107    4   16
108  1.580103 1.3765770 0.95161290    3    5  107    4   16
110  1.573972 1.1613680 0.95161290    3    5  107    4   16
114  1.575242 1.1303338 0.95161290    3    5  107    4   16
3    1.954259 0.4913617 0.95876289    1    5  108    3   16
88   1.608593 2.2372923 0.96774194    3    5  109    2   16
4    2.005714 2.1316187 0.96907216    1    5  110    1   16
79   1.644459 2.9377184 0.98387097    3    3  110    1   18
101  1.640022 3.3837436 0.98387097    3    3  110    1   18
126  1.825849 2.9914033 0.99029126    4    2  110    1   19
2    2.307502 2.9914033 1.00000000    1    0  111    0   21
14   2.351202 2.3960249 1.00000000    1    0  111    0   21
18   2.321508 2.3040595 1.00000000    1    0  111    0   21
# predperf: 
  tpos tneg fpos fneg
1    2    7    7    2
2    3   35    5    6
3    2   37   12    3
4    1    5    3    2
