# threshold = 1.83334158064213
# Area under ROC curve = 0.954469060351413
# aggregate.tpos = 54
# aggregate.tneg = 60
# aggregate.fpos = 59
# aggregate.fneg = 1
# rocframe: 
    predicted    actual   threshold fold tpos tneg fpos fneg
6    1.359246 0.0000000 0.009615385    1   55    1  118    0
152  1.772359 0.3010300 0.011363636    4   55    2  117    0
154  1.774023 0.6127839 0.034090909    4   55    3  116    0
44   1.427876 1.8680564 0.056179775    2   55    4  115    0
73   1.769899 0.7708520 0.065789474    3   55    5  114    0
140  1.777577 0.9242793 0.068181818    4   55    6  113    0
76   1.771140 0.8692317 0.078947368    3   55    7  112    0
128  1.780119 1.0791812 0.079545455    4   55    9  110    0
151  1.779300 0.6127839 0.079545455    4   55    9  110    0
46   1.487737 1.1172713 0.123595506    2   55   10  109    0
2    1.533263 1.3541084 0.125000000    1   55   11  108    0
150  1.784872 1.1522883 0.170454545    4   55   12  107    0
72   1.777776 1.1903317 0.184210526    3   55   14  105    0
114  1.777423 1.1522883 0.184210526    3   55   14  105    0
57   1.551330 1.3201463 0.191011236    2   55   15  104    0
23   1.583107 1.6464037 0.192307692    1   55   16  103    0
81   1.778045 1.1986571 0.197368421    3   55   17  102    0
131  1.789636 1.4082400 0.204545455    4   55   22   97    0
145  1.789806 1.4031205 0.204545455    4   55   22   97    0
146  1.789049 1.3909351 0.204545455    4   55   22   97    0
149  1.788283 1.3926970 0.204545455    4   55   22   97    0
153  1.789541 1.2329961 0.204545455    4   55   22   97    0
75   1.779277 1.2380461 0.210526316    3   55   24   95    0
77   1.778917 1.2253093 0.210526316    3   55   24   95    0
32   1.565083 1.8847954 0.213483146    2   55   25   94    0
137  1.791366 1.4593925 0.215909091    4   55   27   92    0
144  1.791281 1.3031961 0.215909091    4   55   27   92    0
5    1.593489 1.6599162 0.221153846    1   55   28   91    0
103  1.782199 1.3031961 0.250000000    3   55   29   90    0
79   1.784014 1.3636120 0.263157895    3   55   30   89    0
59   1.593915 1.1903317 0.269662921    2   55   31   88    0
95   1.785383 1.3856063 0.276315789    3   55   32   87    0
47   1.600245 1.4927604 0.292134831    2   55   33   86    0
143  1.799845 1.5943926 0.306818182    4   55   34   85    0
1    1.662242 1.0374265 0.307692308    1   55   35   84    0
36   1.621208 1.5440680 0.314606742    2   55   37   82    0
42   1.627685 1.5843312 0.314606742    2   55   37   82    0
98   1.787920 1.4393327 0.315789474    3   55   38   81    0
51   1.643409 1.7307823 0.325842697    2   55   39   80    0
118  1.790174 1.4785665 0.328947368    3   55   40   79    0
78   1.792509 1.5263393 0.342105263    3   55   41   78    0
135  1.801127 1.5502284 0.352272727    4   55   42   77    0
92   1.793111 1.5276299 0.355263158    3   55   43   76    0
97   1.795165 1.5611014 0.368421053    3   55   45   74    0
99   1.795146 1.5658478 0.368421053    3   55   45   74    0
35   1.660511 0.9344985 0.370786517    2   55   46   73    0
127  1.797281 1.5831988 0.381578947    3   55   47   72    0
20   1.707447 2.0969100 0.384615385    1   55   48   71    0
45   1.679451 1.2068259 0.393258427    2   55   50   69    0
48   1.681277 0.7075702 0.393258427    2   55   50   69    0
158  1.804616 1.1643529 0.397727273    4   55   51   68    0
22   1.712801 2.2866810 0.403846154    1   55   52   67    0
82   1.797780 1.6020600 0.407894737    3   55   53   66    0
94   1.802498 1.6551384 0.447368421    3   55   54   65    0
136  1.812244 1.6954817 0.454545455    4   55   55   64    0
90   1.803158 1.6720979 0.460526316    3   55   56   63    0
17   1.737506 2.3829171 0.461538462    1   54   56   63    1
155  1.814501 1.4345689 0.465909091    4   54   57   62    1
26   1.745402 1.7024305 0.480769231    1   54   58   61    1
8    1.754854 1.9329808 0.490384615    1   54   59   60    1
110  1.811612 1.7505084 0.513157895    3   54   61   58    1
126  1.809885 1.7291648 0.513157895    3   54   61   58    1
88   1.819337 1.8215135 0.526315789    3   54   63   56    1
96   1.820698 1.8299467 0.526315789    3   54   63   56    1
39   1.740063 2.3308195 0.528089888    2   54   64   55    1
38   1.755108 2.5627685 0.550561798    2   53   65   54    2
49   1.764648 1.0374265 0.550561798    2   53   65   54    2
125  1.829118 1.8898617 0.578947368    3   53   66   53    2
9    1.801750 1.6170003 0.586538462    1   53   67   52    2
113  1.837705 1.9464523 0.605263158    3   53   68   51    2
40   1.810760 2.1878026 0.606741573    2   53   71   48    2
53   1.798939 1.9934362 0.606741573    2   53   71   48    2
64   1.802894 2.2360331 0.606741573    2   53   71   48    2
111  1.839689 1.9571282 0.618421053    3   53   73   46    2
124  1.839242 1.9703469 0.618421053    3   53   73   46    2
62   1.821027 2.3398488 0.629213483    2   53   74   45    2
93   1.843737 1.9818186 0.631578947    3   53   76   43    2
115  1.842156 1.9722028 0.631578947    3   53   76   43    2
142  1.848276 1.9929951 0.636363636    4   53   78   41    2
157  1.844193 1.6954817 0.636363636    4   53   78   41    2
10   1.850500 2.4366396 0.644230769    1   52   78   41    3
74   1.849419 2.0153598 0.644736842    3   52   80   39    3
86   1.849325 2.0166155 0.644736842    3   52   80   39    3
34   1.839278 1.9344985 0.651685393    2   52   82   37    3
54   1.842115 2.2227165 0.651685393    2   52   82   37    3
104  1.865338 2.0870712 0.657894737    3   52   85   34    3
109  1.863659 2.0795430 0.657894737    3   52   85   34    3
123  1.864397 2.0831441 0.657894737    3   52   85   34    3
89   1.869115 2.1051694 0.671052632    3   52   87   32    3
122  1.868527 2.1000257 0.671052632    3   52   87   32    3
156  1.859843 1.8419848 0.681818182    4   52   88   31    3
21   1.880745 2.2871296 0.692307692    1   52   89   30    3
52   1.887500 1.6374897 0.696629213    2   52   90   29    3
55   1.946715 2.5880475 0.752808989    2   51   90   29    4
167  1.874430 2.1126050 0.761363636    4   51   91   28    4
69   1.961785 2.1760913 0.764044944    2   51   93   26    4
70   1.957897 2.2237555 0.764044944    2   51   93   26    4
130  1.875780 2.1316187 0.772727273    4   51   95   24    4
168  1.876220 2.1251558 0.772727273    4   51   95   24    4
80   1.883646 2.1628630 0.776315789    3   51   97   22    4
119  1.883209 2.1580608 0.776315789    3   51   97   22    4
165  1.882347 2.1580608 0.784090909    4   51   98   21    4
33   1.988111 2.2227165 0.786516854    2   50  100   19    5
37   1.992008 1.8898617 0.786516854    2   50  100   19    5
58   1.982754 2.6637951 0.786516854    2   50  100   19    5
132  1.883907 2.1495270 0.795454545    4   50  103   16    5
139  1.884389 2.1553360 0.795454545    4   50  103   16    5
173  1.885765 2.1580608 0.795454545    4   50  103   16    5
31   1.999892 1.6954817 0.797752809    2   50  106   13    5
63   2.004470 1.9503649 0.797752809    2   50  106   13    5
66   2.003398 2.3040595 0.797752809    2   50  106   13    5
105  1.891279 2.1878026 0.802631579    3   50  107   12    5
24   1.975047 2.4549972 0.807692308    1   49  108   11    6
30   1.976513 2.1195858 0.807692308    1   49  108   11    6
67   2.019633 1.8680564 0.808988764    2   49  109   10    6
11   1.986276 2.6386889 0.826923077    1   48  109   10    7
112  1.901832 2.2237555 0.828947368    3   48  110    9    7
68   2.076154 2.3516031 0.831460674    2   48  111    8    7
83   1.905732 2.2367891 0.855263158    3   48  112    7    7
7    2.049729 2.6887757 0.894230769    1   47  112    7    8
117  1.932758 2.3147097 0.907894737    3   47  113    6    8
19   2.063038 2.5880475 0.913461538    1   46  113    6    9
29   2.136166 2.0195317 0.961538462    1   46  114    5    9
138  1.944936 2.3398488 0.965909091    4   46  115    4    9
56   2.297871 2.8615344 0.977528090    2   45  115    4   10
14   2.190922 2.3577443 0.980769231    1   44  116    3   11
18   2.144583 2.5366847 0.980769231    1   44  116    3   11
133  1.955399 2.3769418 0.988636364    4   43  118    1   12
160  1.957391 2.3516031 0.988636364    4   43  118    1   12
170  1.949419 2.3310222 0.988636364    4   43  118    1   12
3    2.451440 3.0491792 1.000000000    1    0  119    0   55
4    2.596842 3.3837436 1.000000000    1    0  119    0   55
12   3.014308 3.2387735 1.000000000    1    0  119    0   55
13   4.178029 3.3837436 1.000000000    1    0  119    0   55
15   4.214205 3.3837436 1.000000000    1    0  119    0   55
16   3.335873 3.2980448 1.000000000    1    0  119    0   55
25   2.725230 3.0491792 1.000000000    1    0  119    0   55
27   3.481499 3.3837436 1.000000000    1    0  119    0   55
28   2.432947 2.2362853 1.000000000    1    0  119    0   55
41   2.557115 3.0803739 1.000000000    2    0  119    0   55
43   2.414831 2.7136585 1.000000000    2    0  119    0   55
50   3.495997 3.3837436 1.000000000    2    0  119    0   55
60   3.735155 3.3837436 1.000000000    2    0  119    0   55
61   2.750276 3.1138431 1.000000000    2    0  119    0   55
65   3.598525 3.3837436 1.000000000    2    0  119    0   55
71   4.134918 3.3837436 1.000000000    2    0  119    0   55
84   2.588726 3.0048371 1.000000000    3    0  119    0   55
85   2.440886 2.9189211 1.000000000    3    0  119    0   55
87   2.233131 2.7595168 1.000000000    3    0  119    0   55
91   2.356837 2.8615344 1.000000000    3    0  119    0   55
100  3.735367 3.3837436 1.000000000    3    0  119    0   55
101  3.382368 3.2980448 1.000000000    3    0  119    0   55
102  2.357654 2.8615344 1.000000000    3    0  119    0   55
106  2.430244 2.9119030 1.000000000    3    0  119    0   55
107  3.735382 3.3837436 1.000000000    3    0  119    0   55
108  2.100268 2.6134189 1.000000000    3    0  119    0   55
116  3.735897 3.3837436 1.000000000    3    0  119    0   55
120  3.734482 3.3837436 1.000000000    3    0  119    0   55
121  2.030592 2.5125510 1.000000000    3    0  119    0   55
129  1.998900 2.4637437 1.000000000    4    0  119    0   55
134  2.377308 2.8865471 1.000000000    4    0  119    0   55
141  2.027255 2.5161386 1.000000000    4    0  119    0   55
147  3.674267 3.3837436 1.000000000    4    0  119    0   55
148  2.591008 3.0196147 1.000000000    4    0  119    0   55
159  2.117632 2.6386889 1.000000000    4    0  119    0   55
161  2.342950 2.8615344 1.000000000    4    0  119    0   55
162  2.094810 2.6134189 1.000000000    4    0  119    0   55
163  3.672905 3.3837436 1.000000000    4    0  119    0   55
164  2.226079 2.7629785 1.000000000    4    0  119    0   55
166  1.987646 2.4401216 1.000000000    4    0  119    0   55
169  2.031776 2.5125510 1.000000000    4    0  119    0   55
171  2.122698 2.6386889 1.000000000    4    0  119    0   55
172  2.019032 2.4879863 1.000000000    4    0  119    0   55
174  2.080175 2.5627685 1.000000000    4    0  119    0   55
# predperf: 
  tpos tneg fpos fneg
1   14   10    5    1
2   11   13   17    0
3   13   19   24    0
4   16   18   13    0
