# Seed = 392
# Site = thompson
# Method = spls-select
# Area under ROC curve = 0.880952380952381
# aggregate.tpos = 8
# aggregate.tneg = 122
# aggregate.fpos = 7
# aggregate.fneg = 6
# variables: beach_WaterTemp, beach_WaveHeightManual, AirTemperature_StDev_6, Sqrt.Precipitation.over.upload.Thompson.Sum..24hr, Sqrt.Precipitation.over.upload.Thompson.Sum..72hr, Sqrt.Precipitation.over.upload.maslowski.Sum..12hr, Sqrt.Precipitation.over.upload.maslowski.Sum..24hr, Sqrt.Precipitation.over.upload.maslowski.Sum..72hr, log.beach_TurbidityBeach
# thresholding specificity: 0.96875
# decision threshold: 2.07611433859646
# full results: 
    predicted    actual threshold fold tpos tneg fpos fneg
13  0.3590407 1.4132998 0.0000000   13   14    2  127    0
24  0.6269605 0.0000000 0.0000000   24   14    2  127    0
72  0.4078894 0.7160033 0.0078125   72   14    3  126    0
4   0.3839128 0.7160033 0.0156250    4   14    4  125    0
34  0.7918596 0.0000000 0.0468750   34   14    5  124    0
73  0.7691065 0.3010300 0.0625000   73   14    6  123    0
71  0.7547345 0.7993405 0.0703125   71   14    8  121    0
141 0.7582837 0.8633229 0.0703125  141   14    8  121    0
19  0.8609444 0.3010300 0.0781250   19   14   10  119    0
25  0.7488503 0.9242793 0.0781250   25   14   10  119    0
85  0.6634688 1.0827854 0.0859375   85   14   11  118    0
75  0.6682490 0.9344985 0.0937500   75   14   13  116    0
130 0.7623233 0.8750613 0.0937500  130   14   13  116    0
77  0.6794553 1.2041200 0.1093750   77   14   15  114    0
135 0.8394440 0.4771213 0.1093750  135   14   15  114    0
18  0.8247706 1.4248816 0.1171875   18   14   16  113    0
23  0.8572046 1.3483049 0.1250000   23   14   17  112    0
33  0.8838728 0.0000000 0.1406250   33   14   19  110    0
140 0.8241521 1.0863598 0.1406250  140   14   19  110    0
32  0.7803795 0.7160033 0.1484375   32   14   20  109    0
22  0.8711666 1.0374265 0.1562500   22   14   21  108    0
124 0.8723640 0.6127839 0.1640625  124   14   22  107    0
38  0.9457570 0.0000000 0.1796875   38   14   24  105    0
134 0.9156928 1.2380461 0.1796875  134   14   24  105    0
133 0.9287148 1.0863598 0.2109375  133   14   25  104    0
142 0.9352968 1.3074960 0.2187500  142   14   26  103    0
36  0.9639951 1.5263393 0.2265625   36   14   27  102    0
86  0.9466974 1.9818186 0.2343750   86   14   28  101    0
132 1.0916832 0.7160033 0.2421875  132   14   29  100    0
41  0.8841122 1.4955443 0.2500000   41   14   30   99    0
131 0.9332113 0.3010300 0.2578125  131   14   32   97    0
143 1.0304502 1.7505084 0.2578125  143   14   32   97    0
54  1.0340301 1.7656686 0.2734375   54   14   33   96    0
104 0.9880897 1.2718416 0.2890625  104   14   35   94    0
125 1.0313642 0.6127839 0.2890625  125   14   35   94    0
51  1.0105462 0.3010300 0.2968750   51   14   39   90    0
83  1.0530706 0.6127839 0.2968750   83   14   39   90    0
87  0.9988380 0.0000000 0.2968750   87   14   39   90    0
111 1.0463411 0.4771213 0.2968750  111   14   39   90    0
16  1.1022948 1.9329808 0.3046875   16   14   42   87    0
74  1.0312399 0.4913617 0.3046875   74   14   42   87    0
84  0.9836738 0.0000000 0.3046875   84   14   42   87    0
35  0.9958571 1.6138418 0.3203125   35   14   43   86    0
20  1.1233523 0.0000000 0.3281250   20   14   44   85    0
98  0.9921253 1.4393327 0.3359375   98   14   45   84    0
63  1.0600314 0.9822712 0.3515625   63   14   46   83    0
112 1.0949727 1.2068259 0.3671875  112   14   47   82    0
8   1.0894397 2.0557605 0.3750000    8   14   49   80    0
120 1.0963605 0.4913617 0.3750000  120   14   49   80    0
78  1.0488684 1.0413927 0.3828125   78   14   52   77    0
100 1.0590246 0.0000000 0.3828125  100   14   52   77    0
113 1.1345858 1.4132998 0.3828125  113   14   52   77    0
61  1.1499116 0.3010300 0.3984375   61   14   54   75    0
117 1.1118229 1.2718416 0.3984375  117   14   54   75    0
121 1.1264403 0.3010300 0.4062500  121   14   55   74    0
9   1.1280406 1.6314438 0.4140625    9   14   56   73    0
37  1.0998941 0.9294189 0.4296875   37   14   57   72    0
99  1.2183144 1.5378191 0.4375000   99   14   59   70    0
127 1.1434129 0.0000000 0.4375000  127   14   59   70    0
15  1.1771175 1.9947569 0.4453125   15   14   60   69    0
43  1.1796515 2.4637437 0.4496124   43   13   60   69    1
139 1.1309671 0.7160033 0.4531250  139   13   61   68    1
126 1.1522287 0.3010300 0.4609375  126   13   63   66    1
129 1.2539500 0.7993405 0.4609375  129   13   63   66    1
21  1.1402846 0.3010300 0.4765625    2   13   65   64    1
62  1.1454692 1.2430380 0.4765625   62   13   65   64    1
94  1.1707263 0.7993405 0.4921875   94   13   66   63    1
128 1.1405556 1.6875290 0.5000000  128   13   67   62    1
27  1.2242485 0.4771213 0.5156250   27   13   69   60    1
76  1.1550822 1.8920946 0.5156250   76   13   69   60    1
26  1.2597579 0.0000000 0.5234375   26   13   70   59    1
66  1.2374831 0.9084850 0.5312500   66   13   72   57    1
92  1.1963893 1.2329961 0.5312500   92   13   72   57    1
44  1.1954880 1.5717088 0.5390625   44   13   74   55    1
105 1.1856950 2.1760913 0.5390625  105   13   74   55    1
70  1.2474638 1.6812412 0.5625000   70   13   75   54    1
93  1.2425688 1.7489629 0.5859375   93   13   76   53    1
115 1.2453921 0.6127839 0.5937500  115   13   77   52    1
137 1.3659535 2.3040595 0.6015625  137   13   78   51    1
47  1.2618948 1.5327544 0.6093750   47   13   80   49    1
109 1.3433544 1.0827854 0.6093750  109   13   80   49    1
138 1.3638788 0.0000000 0.6171875  138   13   81   48    1
108 1.3756721 0.7993405 0.6328125  108   13   82   47    1
6   1.3384612 2.0338257 0.6406250    6   13   83   46    1
45  1.2947122 3.0196147 0.6434109   45   12   83   46    2
50  1.4566001 1.2068259 0.6484375   50   12   86   43    2
56  1.4590337 1.3031961 0.6484375   56   12   86   43    2
106 1.3508344 1.5611014 0.6484375  106   12   86   43    2
90  1.2810921 1.9344985 0.6562500   90   12   87   42    2
39  1.4391355 1.0827854 0.6796875   39   12   89   40    2
59  1.5173269 0.9867717 0.6796875   59   12   89   40    2
46  1.4273803 2.1433271 0.6875000   46   12   90   39    2
119 1.4302675 1.7092700 0.6953125  119   12   91   38    2
65  1.4961206 1.3856063 0.7031250   65   12   92   37    2
12  1.3600088 1.2671717 0.7187500   12   12   94   35    2
118 1.5144802 0.4913617 0.7187500  118   12   94   35    2
103 1.3481581 2.1844075 0.7265625  103   12   96   33    2
122 1.3678867 1.3961993 0.7265625  122   12   96   33    2
42  1.5470812 1.4456042 0.7343750   42   12   97   32    2
57  1.3613391 2.1316187 0.7421875   57   12  100   29    2
97  1.5027028 1.0791812 0.7421875   97   12  100   29    2
110 1.4894236 1.3283796 0.7421875  110   12  100   29    2
28  1.4341518 2.0652061 0.7500000   28   12  103   26    2
64  1.3693980 1.2624511 0.7500000   64   12  103   26    2
114 1.5563990 2.3040595 0.7500000  114   12  103   26    2
49  1.5682084 1.1205739 0.7656250   49   12  104   25    2
123 1.3885082 1.2380461 0.7734375  123   12  105   24    2
5   1.5764483 2.5880475 0.7751938    5   10  105   24    4
211 1.4044214 2.8121108 0.7751938   21   10  105   24    4
68  1.4174266 2.2105860 0.8046875   68   10  107   22    4
107 1.6064409 1.3483049 0.8046875  107   10  107   22    4
7   1.5432460 1.0253059 0.8203125    7   10  108   21    4
91  1.5816556 0.9912261 0.8281250   91   10  110   19    4
116 1.6515306 1.2380461 0.8281250  116   10  110   19    4
29  1.5922244 1.9947569 0.8359375   29   10  111   18    4
95  1.5596516 1.0827854 0.8437500   95   10  112   17    4
96  1.6825086 0.7993405 0.8593750   96   10  113   16    4
2   1.6445394 1.5440680 0.8906250    1   10  115   14    4
89  1.7800267 0.3010300 0.8906250   89   10  115   14    4
53  1.6400681 1.7737864 0.8984375   53   10  116   13    4
48  1.7370499 2.6889535 0.9069767   48    9  116   13    5
60  1.6704507 0.4913617 0.9140625   60    9  118   11    5
69  1.7013008 1.8948697 0.9140625   69    9  118   11    5
30  1.8247796 2.6637951 0.9147287   30    8  118   11    6
102 1.7593910 1.5327544 0.9218750  102    8  119   10    6
31  1.8107009 1.9585639 0.9531250   31    8  120    9    6
11  1.9640493 1.9818186 0.9687500   11    8  122    7    6
136 2.0370465 1.7581546 0.9687500  136    8  122    7    6
80  1.9866357 3.2387735 0.9689922   80    7  122    7    7
17  1.9094400 2.1316187 0.9765625   17    7  124    5    7
67  1.9467798 1.2201081 0.9765625   67    7  124    5    7
52  2.0073748 2.8367670 0.9767442   52    6  124    5    8
40  2.4431475 1.5502284 0.9843750   40    6  125    4    8
3   2.2051609 2.5884958 0.9844961    3    4  125    4   10
81  2.0204267 2.9641653 0.9844961   81    4  125    4   10
58  2.1108880 2.1251558 0.9921875   58    4  127    2   10
88  2.2043022 1.5717088 0.9921875   88    4  127    2   10
10  2.2694992 3.3837436 1.0000000   10    0  129    0   14
14  2.5246656 1.6748611 1.0000000   14    0  129    0   14
55  2.5604109 3.1503265 1.0000000   55    0  129    0   14
79  2.3927029 1.8000294 1.0000000   79    0  129    0   14
82  2.4227421 2.5375673 1.0000000   82    0  129    0   14
101 3.1563961 2.4485517 1.0000000  101    0  129    0   14
