# Seed = 248
# Site = maslowski
# Method = adapt-select
# Area under ROC curve = 0.709934233298719
# aggregate.tpos = 14
# aggregate.tneg = 77
# aggregate.fpos = 30
# aggregate.fneg = 13
# variables: trib_SouthFishCreekAtHwy137_TribSc, beach_NoGulls, AirTemperature_StDev_6, AirTemperature_StDev_72, Sqrt.Precipitation.over.upload.maslowski.Sum..12hr, Sqrt.Whittlesey_ARF_Sum_120, log.Whittlesey_Discharge_Mean_1, log.Whittlesey_Discharge_Mean_2, log.Whittlesey_Discharge_Min_1, log.beach_TurbidityBeach
# thresholding specificity: 0.719626168224299
# decision threshold: 2.06363353170064
# full results: 
    predicted    actual   threshold fold tpos tneg fpos fneg
31   1.103400 1.1303338 0.000000000   31   27    1  106    0
26   1.209552 1.7767012 0.009433962   26   27    4  103    0
44   1.255943 0.9777236 0.009433962   44   27    4  103    0
50   1.114329 1.5263393 0.009433962   50   27    4  103    0
11   1.299129 1.6954817 0.037735849   11   27    5  102    0
58   1.346165 2.2913689 0.047169811   58   27    6  101    0
21   1.454588 1.3856063 0.075471698    2   27    7  100    0
12   1.441182 1.8344207 0.103773585   12   27   10   97    0
40   1.469325 0.9912261 0.103773585   40   27   10   97    0
75   1.485802 1.1271048 0.103773585   75   27   10   97    0
32   1.449326 1.2576786 0.113207547   32   27   11   96    0
5    1.510191 0.9344985 0.122641509    5   27   12   95    0
15   1.499827 1.4785665 0.132075472   15   27   13   94    0
28   1.489899 1.7566361 0.141509434   28   27   14   93    0
80   1.535137 0.8750613 0.150943396   80   27   15   92    0
45   1.526410 1.5024271 0.160377358   45   27   17   90    0
56   1.571523 1.3344538 0.160377358   56   27   17   90    0
43   1.483140 2.6386889 0.168224299   43   26   17   90    1
42   1.578536 0.7160033 0.169811321   42   26   18   89    1
25   1.559302 2.0338257 0.179245283   25   26   19   88    1
14   1.581941 1.6812412 0.188679245   14   26   21   86    1
47   1.556574 1.8802418 0.188679245   47   26   21   86    1
8    1.529012 1.5611014 0.198113208    8   26   22   85    1
33   1.592785 1.5899496 0.216981132   33   26   25   82    1
49   1.586159 1.6551384 0.216981132   49   26   25   82    1
81   1.572670 1.7795965 0.216981132   81   26   25   82    1
10   1.644139 0.7993405 0.245283019   10   26   26   81    1
57   1.637068 1.3856063 0.254716981   57   26   27   80    1
62   1.640809 1.3031961 0.273584906   62   26   28   79    1
69   1.628810 1.8382192 0.283018868   69   26   30   77    1
74   1.652444 1.3483049 0.283018868   74   26   30   77    1
41   1.658837 2.1051694 0.292452830   41   26   33   74    1
63   1.684758 1.6963564 0.292452830   63   26   33   74    1
77   1.679969 0.9242793 0.292452830   77   26   33   74    1
127  1.662395 1.7520484 0.301886792  127   26   34   73    1
13   1.728395 1.4456042 0.349056604   13   26   36   71    1
53   1.737572 1.1613680 0.349056604   53   26   36   71    1
54   1.725219 2.1752218 0.367924528   54   26   37   70    1
30   1.774206 0.6127839 0.377358491   30   26   39   68    1
125  1.750900 1.7767012 0.377358491  125   26   39   68    1
66   1.737975 2.0195317 0.386792453   66   26   41   66    1
90   1.763866 1.1643529 0.386792453   90   26   41   66    1
64   1.765203 1.7715875 0.405660377   64   26   42   65    1
2    1.769336 1.0755470 0.424528302    1   26   45   62    1
76   1.782142 1.3710679 0.424528302   76   26   45   62    1
126  1.783345 2.2695129 0.424528302  126   26   45   62    1
95   1.772992 2.5880475 0.429906542   95   25   45   62    2
103  1.786730 1.7923917 0.433962264  103   25   47   60    2
115  1.796467 2.2516382 0.433962264  115   25   47   60    2
65   1.819851 1.0374265 0.462264151   65   25   48   59    2
38   1.821253 1.5728716 0.471698113   38   25   49   58    2
59   1.836360 1.4548449 0.481132075   59   25   50   57    2
124  1.827368 2.3960249 0.485981308  124   24   50   57    3
39   1.835418 1.7024305 0.490566038   39   24   53   54    3
96   1.832829 1.9469433 0.490566038   96   24   53   54    3
128  1.854191 1.4456042 0.490566038  128   24   53   54    3
23   1.842778 2.5627685 0.495327103   23   23   53   54    4
27   1.844325 2.0318123 0.500000000   27   23   55   52    4
102  1.849094 2.1251558 0.500000000  102   23   55   52    4
29   1.867886 1.5327544 0.509433962   29   23   59   48    4
79   1.863660 1.9365137 0.509433962   79   23   59   48    4
129  1.864592 1.9454686 0.509433962  129   23   59   48    4
131  1.849557 2.1664301 0.509433962  131   23   59   48    4
120  1.864862 2.4879863 0.542056075  120   22   59   48    5
130  1.885337 2.9119030 0.551401869  130   21   59   48    6
6    1.925922 2.3147097 0.575471698    6   21   60   47    6
61   1.911303 2.1142773 0.584905660   61   21   61   46    6
123  1.891380 2.9641653 0.588785047  123   20   61   46    7
89   1.909372 2.2671717 0.594339623   89   20   62   45    7
9    1.926775 1.7581546 0.603773585    9   20   64   43    7
132  1.936485 1.5899496 0.603773585  132   20   64   43    7
73   1.934768 2.4879863 0.626168224   73   19   64   43    8
88   1.962354 1.5728716 0.641509434   88   19   65   42    8
110  1.960003 1.7291648 0.650943396  110   19   67   40    8
114  1.966719 1.6444386 0.650943396  114   19   67   40    8
51   1.936016 3.3837436 0.654205607   51   17   67   40   10
92   1.947007 2.6134189 0.654205607   92   17   67   40   10
60   1.965233 1.6821451 0.660377358   60   17   68   39   10
46   1.975164 2.2866810 0.669811321   46   17   70   37   10
118  1.971943 1.1986571 0.669811321  118   17   70   37   10
111  1.979361 2.0461048 0.679245283  111   17   71   36   10
106  1.980304 2.9914033 0.682242991  106   16   71   36   11
67   1.985524 1.9822712 0.688679245   67   16   72   35   11
101  1.987538 2.3109056 0.698113208  101   16   73   34   11
52   2.019578 1.3010300 0.707547170   52   16   77   30   11
78   2.004934 1.1205739 0.707547170   78   16   77   30   11
87   1.996519 2.1711412 0.707547170   87   16   77   30   11
97   2.010742 1.7299743 0.707547170   97   16   77   30   11
24   2.013459 3.3837436 0.719626168   24   14   77   30   13
133  2.018566 2.4401216 0.719626168  133   14   77   30   13
93   2.055104 2.6740340 0.728971963   93   13   77   30   14
34   2.036897 2.0652061 0.735849057   34   13   80   27   14
108  2.028072 2.1711412 0.735849057  108   13   80   27   14
119  2.030025 2.1945143 0.735849057  119   13   80   27   14
82   2.025762 2.2652896 0.745283019   82   13   81   26   14
113  2.009523 2.9119030 0.757009346  113   12   81   26   15
86   2.060248 2.5627685 0.766355140   86   11   81   26   16
70   2.079142 1.2068259 0.773584906   70   11   82   25   16
94   2.094270 1.5717088 0.792452830   94   11   83   24   16
4    2.063287 2.9914033 0.794392523    4    9   83   24   18
134  2.086924 2.9914033 0.794392523  134    9   83   24   18
3    2.111497 1.8773713 0.801886792    3    9   84   23   18
122  2.113141 2.4549972 0.822429907  122    8   84   23   19
107  2.111817 1.9947569 0.830188679  107    8   85   22   19
99   2.124856 3.2387735 0.841121495   99    7   85   22   20
20   2.130480 2.1251558 0.849056604   20    7   87   20   20
100  2.133229 2.2367891 0.849056604  100    7   87   20   20
98   2.154949 1.6665180 0.858490566   98    7   89   18   20
116  2.159163 1.7795965 0.858490566  116    7   89   18   20
35   2.205862 2.3040595 0.877358491   35    7   90   17   20
83   2.245537 1.5024271 0.886792453   83    7   91   16   20
121  2.200724 3.1911994 0.897196262  121    6   91   16   21
36   2.264721 2.0182843 0.924528302   36    6   93   14   21
109  2.246853 2.3310222 0.924528302  109    6   93   14   21
37   2.261353 2.1664301 0.933962264   37    6   96   11   21
55   2.276574 2.1664301 0.933962264   55    6   96   11   21
71   2.258871 2.2360331 0.933962264   71    6   96   11   21
117  2.280300 1.9344985 0.943396226  117    6   97   10   21
68   2.293707 1.3820170 0.952830189   68    6   98    9   21
7    2.387528 2.0318123 0.971698113    7    6  102    5   21
17   2.352318 2.1525941 0.971698113   17    6  102    5   21
22   2.398303 2.0557605 0.971698113   22    6  102    5   21
91   2.381024 2.0195317 0.971698113   91    6  102    5   21
72   2.385581 2.3900515 0.971962617   72    4  102    5   23
105  2.318230 2.5880475 0.971962617  105    4  102    5   23
112  2.376498 0.3010300 0.981132075  112    4  103    4   23
84   2.438667 3.1138431 0.981308411   84    3  103    4   24
104  2.447679 2.3040595 0.990566038  104    3  104    3   24
18   2.385126 2.7629785 0.990654206   18    1  104    3   26
211  2.389960 2.7383841 0.990654206   21    1  104    3   26
16   2.881734 3.1503265 1.000000000   16    0  107    0   27
19   2.478893 2.0060380 1.000000000   19    0  107    0   27
48   2.681205 0.3010300 1.000000000   48    0  107    0   27
85   2.778467 2.1504494 1.000000000   85    0  107    0   27
