# threshold = 1.83711317026639
# Area under ROC curve = 0.789590254706533
# aggregate.tpos = 9
# aggregate.tneg = 118
# aggregate.fpos = 11
# aggregate.fneg = 5
# rocframe: 
      predicted    actual   threshold fold tpos tneg fpos fneg
2   -0.08148095 0.3010300 0.000000000    1   14    9  120    0
12  -0.24877799 1.2671717 0.000000000    1   14    9  120    0
13  -0.05638766 1.4132998 0.000000000    1   14    9  120    0
18  -0.03249173 1.4248816 0.000000000    2   14    9  120    0
19  -0.43365638 0.3010300 0.000000000    2   14    9  120    0
26   0.00288473 0.0000000 0.000000000    2   14    9  120    0
33   0.04917190 0.0000000 0.000000000    2   14    9  120    0
34  -0.13421669 0.0000000 0.000000000    2   14    9  120    0
38   0.09449603 0.0000000 0.000000000    2   14    9  120    0
135  0.14748870 0.4771213 0.009345794    4   14   11  118    0
141  0.18007378 0.8633229 0.009345794    4   14   11  118    0
24   0.31711337 0.0000000 0.012048193    2   14   14  115    0
25   0.31154052 0.9242793 0.012048193    2   14   14  115    0
51   0.27205241 0.3010300 0.012048193    2   14   14  115    0
131  0.39383450 0.3010300 0.018691589    4   14   16  113    0
140  0.36380947 1.0863598 0.018691589    4   14   16  113    0
21   0.39995326 2.8121108 0.024096386    2   13   19  110    1
23   0.44982086 1.3483049 0.024096386    2   13   19  110    1
32   0.41939322 0.7160033 0.024096386    2   13   19  110    1
35   0.46734963 1.6138418 0.024096386    2   13   19  110    1
73   0.31867909 0.3010300 0.037500000    3   13   20  109    1
87   0.33923516 0.0000000 0.050000000    3   13   21  108    1
4    0.36028120 0.7160033 0.051282051    1   13   22  107    1
42   0.57058456 1.4456042 0.060240964    2   13   24  105    1
47   0.58917038 1.5327544 0.060240964    2   13   24  105    1
15   0.41987897 1.9947569 0.068376068    1   13   25  104    1
132  0.54687482 0.7160033 0.074766355    4   13   27  102    1
143  0.58346438 1.7505084 0.074766355    4   13   27  102    1
9    0.47859074 1.6314438 0.076923077    1   13   28  101    1
62   0.65015629 1.2430380 0.084337349    2   13   29  100    1
94   0.50868340 0.7993405 0.100000000    3   13   30   99    1
74   0.53699469 0.4913617 0.125000000    3   13   31   98    1
29   0.66838491 1.9947569 0.132530120    2   13   34   95    1
46   0.69299448 2.1433271 0.132530120    2   13   34   95    1
54   0.71282289 1.7656686 0.132530120    2   13   34   95    1
6    0.66620078 2.0338257 0.136752137    1   13   35   94    1
75   0.56417984 0.9344985 0.137500000    3   13   37   92    1
113  0.56326486 1.4132998 0.137500000    3   13   37   92    1
37   0.74359442 0.9294189 0.144578313    2   13   39   90    1
41   0.74319574 1.4955443 0.144578313    2   13   39   90    1
36   0.77262014 1.5263393 0.156626506    2   13   41   88    1
65   0.77266146 1.3856063 0.156626506    2   13   41   88    1
142  0.71867056 1.3074960 0.158878505    4   13   42   87    1
84   0.72078532 0.0000000 0.200000000    3   13   43   86    1
93   0.79086106 1.7489629 0.237500000    3   13   44   85    1
77   0.84246533 1.2041200 0.250000000    3   13   45   84    1
86   0.87473307 1.9818186 0.262500000    3   13   46   83    1
8    0.85618888 2.0557605 0.273504274    1   13   47   82    1
117  0.90593751 1.2718416 0.300000000    3   13   48   81    1
71   0.93995190 0.7993405 0.325000000    3   13   49   80    1
28   0.92791708 2.0652061 0.325301205    2   13   50   79    1
125  1.00887447 0.6127839 0.345794393    4   13   51   78    1
39   0.93800245 1.0827854 0.349397590    2   13   52   77    1
129  1.05220838 0.7993405 0.364485981    4   13   54   75    1
139  1.06179882 0.7160033 0.364485981    4   13   54   75    1
127  1.07348552 0.0000000 0.373831776    4   13   55   74    1
91   0.98802136 0.9912261 0.375000000    3   13   56   73    1
128  1.10902115 1.6875290 0.411214953    4   13   58   71    1
134  1.10824020 1.2380461 0.411214953    4   13   58   71    1
44   0.97954564 1.5717088 0.433734940    2   13   59   70    1
99   1.05388018 1.5378191 0.437500000    3   13   60   69    1
92   1.10464387 1.2329961 0.450000000    3   13   62   67    1
108  1.08421351 0.7993405 0.450000000    3   13   62   67    1
27   1.00971991 0.4771213 0.457831325    2   13   63   66    1
5    1.03901819 2.5880475 0.461538462    1   12   63   66    2
1    1.05935529 1.5440680 0.470085470    1   12   64   65    2
7    1.14748327 1.0253059 0.495726496    1   12   65   64    2
126  1.22827840 0.3010300 0.504672897    4   12   66   63    2
61   1.06226860 0.3010300 0.506024096    2   12   67   62    2
116  1.16537826 1.2380461 0.512500000    3   12   68   61    2
56   1.08585680 1.3031961 0.518072289    2   12   69   60    2
22   1.11913738 1.0374265 0.530120482    2   10   71   58    4
43   1.12249617 2.4637437 0.530120482    2   10   71   58    4
45   1.15928255 3.0196147 0.530120482    2   10   71   58    4
49   1.14575920 1.1205739 0.530120482    2   10   71   58    4
72   1.24869597 0.7160033 0.537500000    3   10   74   55    4
90   1.24521650 1.9344985 0.537500000    3   10   74   55    4
114  1.23907341 2.3040595 0.537500000    3   10   74   55    4
20   1.17294987 0.0000000 0.542168675    2   10   75   54    4
95   1.26288588 1.0827854 0.562500000    3   10   77   52    4
100  1.26223336 0.0000000 0.562500000    3   10   77   52    4
66   1.20615324 0.9084850 0.566265060    2   10   78   51    4
104  1.30216837 1.2718416 0.600000000    3   10   79   50    4
124  1.37830361 0.6127839 0.626168224    4   10   81   48    4
133  1.39683241 1.0863598 0.626168224    4   10   81   48    4
118  1.37064535 0.4913617 0.637500000    3   10   82   47    4
59   1.26847787 0.9867717 0.638554217    2   10   83   46    4
130  1.42232436 0.8750613 0.644859813    4   10   84   45    4
70   1.42380469 1.6812412 0.675000000    3   10   85   44    4
50   1.33122208 1.2068259 0.686746988    2   10   88   41    4
57   1.33655138 2.1316187 0.686746988    2   10   88   41    4
63   1.33557297 0.9822712 0.686746988    2   10   88   41    4
58   1.35065662 2.1251558 0.698795181    2   10   89   40    4
85   1.43919704 1.0827854 0.700000000    3   10   91   38    4
112  1.43522900 1.2068259 0.700000000    3   10   91   38    4
105  1.46962885 2.1760913 0.712500000    3   10   92   37    4
76   1.48544781 1.8920946 0.725000000    3   10   93   36    4
96   1.51066907 0.7993405 0.737500000    3   10   94   35    4
16   1.38197657 1.9329808 0.746987952    2   10   95   34    4
121  1.57508461 0.3010300 0.750000000    3   10   96   33    4
64   1.41143787 1.2624511 0.771084337    2   10   97   32    4
53   1.45492828 1.7737864 0.807228916    2   10   98   31    4
89   1.66953452 0.3010300 0.812500000    3   10  100   29    4
110  1.64733797 1.3283796 0.812500000    3   10  100   29    4
138  1.68855545 0.0000000 0.822429907    4   10  101   28    4
111  1.68206126 0.4771213 0.825000000    3   10  102   27    4
48   1.52304656 2.6889535 0.831325301    2    9  102   27    5
78   1.69533199 1.0413927 0.837500000    3    9  106   23    5
98   1.72784474 1.4393327 0.837500000    3    9  106   23    5
103  1.76286303 2.1844075 0.837500000    3    9  106   23    5
106  1.69809751 1.5611014 0.837500000    3    9  106   23    5
122  1.77892161 1.3961993 0.841121495    4    9  108   21    5
137  1.76852424 2.3040595 0.841121495    4    9  108   21    5
67   1.52543142 1.2201081 0.843373494    2    9  109   20    5
68   1.68561080 2.2105860 0.855421687    2    9  110   19    5
83   1.79225036 0.6127839 0.862500000    3    9  111   18    5
11   1.72690865 1.9818186 0.880341880    1    9  112   17    5
136  1.84759539 1.7581546 0.887850467    4    9  113   16    5
107  2.01119983 1.3483049 0.925000000    3    9  114   15    5
60   1.87805874 0.4913617 0.927710843    2    9  115   14    5
119  2.05513883 1.7092700 0.937500000    3    9  117   12    5
120  2.04108997 0.4913617 0.937500000    3    9  117   12    5
3    2.01319286 2.5884958 0.948717949    1    8  118   11    6
14   2.01954636 1.6748611 0.948717949    1    8  118   11    6
109  2.12393074 1.0827854 0.950000000    3    8  119   10    6
31   2.02110322 1.9585639 0.951807229    2    8  120    9    6
88   2.16229229 1.5717088 0.962500000    3    8  122    7    6
115  2.16320455 0.6127839 0.962500000    3    8  122    7    6
55   2.21482984 3.1503265 0.975903614    2    7  122    7    7
40   2.44937875 1.5502284 0.987951807    2    7  123    6    7
123  2.30150987 1.2380461 0.990654206    4    7  124    5    7
10   2.75273340 3.3837436 1.000000000    1    0  129    0   14
17   2.74763233 2.1316187 1.000000000    2    0  129    0   14
30   2.86005425 2.6637951 1.000000000    2    0  129    0   14
52   2.71621601 2.8367670 1.000000000    2    0  129    0   14
69   2.93439127 1.8948697 1.000000000    3    0  129    0   14
79   3.07854350 1.8000294 1.000000000    3    0  129    0   14
80   2.68527003 3.2387735 1.000000000    3    0  129    0   14
81   3.54021091 2.9641653 1.000000000    3    0  129    0   14
82   2.77785970 2.5375673 1.000000000    3    0  129    0   14
97   2.71272504 1.0791812 1.000000000    3    0  129    0   14
101  4.35527687 2.4485517 1.000000000    3    0  129    0   14
102  2.45030175 1.5327544 1.000000000    3    0  129    0   14
# predperf: 
  tpos tneg fpos fneg
1    2   11    1    1
2    3   42    4    4
3    4   45    4    0
4    0   20    2    0
