# threshold = 0.00698237227982786
# Area under ROC curve = 0.0169595110771581
# aggregate.tpos = 26
# aggregate.tneg = 0
# aggregate.fpos = 119
# aggregate.fneg = 29
# rocframe: 
              X1    actual  threshold fold tpos tneg fpos fneg
15  3.418150e-12 3.3837436 0.00000000    1   53    0  119    2
147 1.811055e-08 3.3837436 0.00000000    4   53    0  119    2
27  6.796019e-12 3.3837436 0.01388889    1   52    0  119    3
60  3.198244e-14 3.3837436 0.01503759    2   51    0  119    4
4   7.513625e-12 3.3837436 0.02083333    1   49    0  119    6
13  8.372668e-12 3.3837436 0.02083333    1   49    0  119    6
100 3.641413e-07 3.3837436 0.03389831    3   46    0  119    9
107 3.304590e-07 3.3837436 0.03389831    3   46    0  119    9
120 3.493052e-07 3.3837436 0.03389831    3   46    0  119    9
50  8.048507e-14 3.3837436 0.04511278    2   45    0  119   10
116 4.996442e-07 3.3837436 0.05084746    3   44    0  119   11
71  1.027180e-13 3.3837436 0.05263158    2   43    0  119   12
65  2.792432e-13 3.3837436 0.07518797    2   42    0  119   13
12  6.189018e-08 3.2387735 0.07638889    1   40    0  119   15
16  1.551042e-09 3.2980448 0.07638889    1   40    0  119   15
163 2.850077e-07 3.3837436 0.07874016    4   39    0  119   16
101 6.785270e-06 3.2980448 0.08474576    3   38    0  119   17
25  3.635477e-05 3.0491792 0.09027778    1   37    0  119   18
3   6.518175e-05 3.0491792 0.09722222    1   36    0  119   19
41  8.473263e-07 3.0803739 0.09774436    2   34    0  119   21
61  6.203292e-07 3.1138431 0.09774436    2   34    0  119   21
84  4.045320e-03 3.0048371 0.12711864    3   33    0  119   22
148 2.583394e-03 3.0196147 0.14173228    4   32    0  119   23
56  5.687740e-04 2.8615344 0.14285714    2   31    0  119   24
85  1.421825e-02 2.9189211 0.14406780    3   28    0  119   27
102 4.067420e-02 2.8615344 0.14406780    3   28    0  119   27
106 2.577857e-02 2.9119030 0.14406780    3   28    0  119   27
91  6.479238e-02 2.8615344 0.15254237    3   27    0  119   28
87  1.178833e-01 2.7595168 0.16949153    3   26    0  119   29
7   8.863160e-02 2.6887757 0.17361111    1   25    0  119   30
43  3.982251e-02 2.7136585 0.18796992    2   23    0  119   32
58  3.068532e-02 2.6637951 0.18796992    2   23    0  119   32
134 1.447705e-01 2.8865471 0.19685039    4   22    0  119   33
161 2.346957e-01 2.8615344 0.21259843    4   21    0  119   34
11  1.624104e-01 2.6386889 0.21527778    1   20    0  119   35
10  3.928272e-01 2.4366396 0.23611111    1   18    0  119   37
19  4.015074e-01 2.5880475 0.23611111    1   18    0  119   37
108 2.844673e-01 2.6134189 0.24576271    3   17    0  119   38
24  4.692488e-01 2.4549972 0.25694444    1   16    0  119   39
38  2.775690e-01 2.5627685 0.26315789    2   15    0  119   40
164 3.817515e-01 2.7629785 0.26771654    4   14    0  119   41
55  2.989979e-01 2.5880475 0.27067669    2   13    0  119   42
14  6.901661e-01 2.3577443 0.28472222    1   12    2  117   43
18  6.671646e-01 2.5366847 0.28472222    1   12    2  117   43
22  7.176178e-01 2.2866810 0.28472222    1   12    2  117   43
141 5.411711e-01 2.5161386 0.29921260    4   10    2  117   45
171 6.070632e-01 2.6386889 0.29921260    4   10    2  117   45
121 5.401329e-01 2.5125510 0.30508475    3    9    2  117   46
21  7.909202e-01 2.2871296 0.30555556    1    9    4  115   46
28  8.248222e-01 2.2362853 0.30555556    1    9    4  115   46
159 6.195775e-01 2.6386889 0.30708661    4    8    4  115   47
17  8.607734e-01 2.3829171 0.31250000    1    7    4  115   48
133 6.940359e-01 2.3769418 0.31496063    4    5    5  114   50
138 7.493793e-01 2.3398488 0.31496063    4    5    5  114   50
174 7.474250e-01 2.5627685 0.31496063    4    5    5  114   50
162 7.987661e-01 2.6134189 0.32283465    4    4    5  114   51
39  7.627764e-01 2.3308195 0.33834586    2    4    8  111   51
62  6.212182e-01 2.3398488 0.33834586    2    4    8  111   51
64  5.964142e-01 2.2360331 0.33834586    2    4    8  111   51
54  7.745966e-01 2.2227165 0.34586466    2    4    9  110   51
129 8.424797e-01 2.4637437 0.35433071    4    3    9  110   52
33  8.137050e-01 2.2227165 0.36090226    2    3   10  109   52
142 8.559633e-01 1.9929951 0.37007874    4    3   11  108   52
86  6.931573e-01 2.0166155 0.38135593    3    3   13  106   52
115 6.989792e-01 1.9722028 0.38135593    3    3   13  106   52
70  8.747846e-01 2.2237555 0.40601504    2    3   14  105   52
149 8.911846e-01 1.3926970 0.40944882    4    3   15  104   52
30  9.244283e-01 2.1195858 0.40972222    1    3   16  103   52
80  7.632310e-01 2.1628630 0.41525424    3    3   18  101   52
117 7.605079e-01 2.3147097 0.41525424    3    3   18  101   52
20  9.328791e-01 2.0969100 0.41666667    1    3   19  100   52
160 9.074525e-01 2.3516031 0.41732283    4    1   20   99   54
169 9.100208e-01 2.5125510 0.41732283    4    1   20   99   54
172 9.078563e-01 2.4879863 0.41732283    4    1   20   99   54
83  7.712361e-01 2.2367891 0.42372881    3    1   21   98   54
40  9.007807e-01 2.1878026 0.43609023    2    1   22   97   54
112 7.834914e-01 2.2237555 0.44067797    3    1   23   96   54
69  9.036408e-01 2.1760913 0.44360902    2    1   24   95   54
66  9.081586e-01 2.3040595 0.45864662    2    1   25   94   54
89  8.287868e-01 2.1051694 0.46610169    3    1   28   91   54
105 8.300511e-01 2.1878026 0.46610169    3    1   28   91   54
109 8.246464e-01 2.0795430 0.46610169    3    1   28   91   54
68  9.122750e-01 2.3516031 0.47368421    2    1   29   90   54
111 8.449271e-01 1.9571282 0.47457627    3    1   30   89   54
2   9.527246e-01 1.3541084 0.47916667    1    1   31   88   54
130 9.255421e-01 2.1316187 0.48031496    4    1   36   83   54
132 9.250151e-01 2.1495270 0.48031496    4    1   36   83   54
139 9.246856e-01 2.1553360 0.48031496    4    1   36   83   54
143 9.281004e-01 1.5943926 0.48031496    4    1   36   83   54
170 9.274720e-01 2.3310222 0.48031496    4    1   36   83   54
93  8.468572e-01 1.9818186 0.48305085    3    1   37   82   54
166 9.379442e-01 2.4401216 0.50393701    4    0   37   82   55
104 8.585653e-01 2.0870712 0.51694915    3    0   39   80   55
122 8.657826e-01 2.1000257 0.51694915    3    0   39   80   55
29  9.639880e-01 2.0195317 0.52777778    1    0   40   79   55
140 9.471748e-01 0.9242793 0.53543307    4    0   41   78   55
119 8.769981e-01 2.1580608 0.55932203    3    0   42   77   55
74  8.841726e-01 2.0153598 0.57627119    3    0   44   75   55
82  8.830605e-01 1.6020600 0.57627119    3    0   44   75   55
32  9.617071e-01 1.8847954 0.57894737    2    0   47   72   55
34  9.608255e-01 1.9344985 0.57894737    2    0   47   72   55
49  9.609064e-01 1.0374265 0.57894737    2    0   47   72   55
35  9.642371e-01 0.9344985 0.58646617    2    0   48   71   55
8   9.694480e-01 1.9329808 0.59027778    1    0   49   70   55
63  9.652386e-01 1.9503649 0.59398496    2    0   50   69   55
110 8.885152e-01 1.7505084 0.60169492    3    0   51   68   55
75  8.923005e-01 1.2380461 0.61016949    3    0   53   66   55
113 8.921475e-01 1.9464523 0.61016949    3    0   53   66   55
26  9.711884e-01 1.7024305 0.61111111    1    0   54   65   55
37  9.659919e-01 1.8898617 0.61654135    2    0   56   63   55
44  9.664933e-01 1.8680564 0.61654135    2    0   56   63   55
31  9.688738e-01 1.6954817 0.62406015    2    0   58   61   55
53  9.684438e-01 1.9934362 0.62406015    2    0   58   61   55
1   9.734060e-01 1.0374265 0.62500000    1    0   59   60   55
124 8.986044e-01 1.9703469 0.62711864    3    0   60   59   55
5   9.741296e-01 1.6599162 0.63194444    1    0   62   57   55
23  9.738796e-01 1.6464037 0.63194444    1    0   62   57   55
6   9.770655e-01 0.0000000 0.64583333    1    0   63   56   55
59  9.730873e-01 1.1903317 0.65413534    2    0   64   55   55
126 9.025367e-01 1.7291648 0.66101695    3    0   65   54   55
92  9.059106e-01 1.5276299 0.66949153    3    0   66   53   55
42  9.760582e-01 1.5843312 0.67669173    2    0   67   52   55
98  9.079509e-01 1.4393327 0.67796610    3    0   68   51   55
99  9.105223e-01 1.5658478 0.68644068    3    0   69   50   55
48  9.778778e-01 0.7075702 0.69172932    2    0   70   49   55
52  9.792510e-01 1.6374897 0.69924812    2    0   71   48   55
94  9.190033e-01 1.6551384 0.72881356    3    0   72   47   55
131 9.670627e-01 1.4082400 0.74015748    4    0   73   46   55
67  9.815280e-01 1.8680564 0.74436090    2    0   74   45   55
88  9.209528e-01 1.8215135 0.74576271    3    0   76   43   55
90  9.229891e-01 1.6720979 0.74576271    3    0   76   43   55
150 9.675319e-01 1.1522883 0.74803150    4    0   77   42   55
165 9.689497e-01 2.1580608 0.75590551    4    0   79   40   55
173 9.676929e-01 2.1580608 0.75590551    4    0   79   40   55
81  9.311157e-01 1.1986571 0.78813559    3    0   82   37   55
96  9.311407e-01 1.8299467 0.78813559    3    0   82   37   55
127 9.311539e-01 1.5831988 0.78813559    3    0   82   37   55
72  9.324258e-01 1.1903317 0.79661017    3    0   83   36   55
51  9.868959e-01 1.7307823 0.80451128    2    0   85   34   55
57  9.865708e-01 1.3201463 0.80451128    2    0   85   34   55
103 9.360373e-01 1.3031961 0.80508475    3    0   86   33   55
144 9.734707e-01 1.3031961 0.81889764    4    0   87   32   55
137 9.770015e-01 1.4593925 0.83464567    4    0   88   31   55
114 9.396685e-01 1.1522883 0.83898305    3    0   90   29   55
118 9.396371e-01 1.4785665 0.83898305    3    0   90   29   55
47  9.893864e-01 1.4927604 0.84210526    2    0   91   28   55
136 9.785774e-01 1.6954817 0.84251969    4    0   92   27   55
154 9.790805e-01 0.6127839 0.85039370    4    0   94   25   55
156 9.790670e-01 1.8419848 0.85039370    4    0   94   25   55
128 9.794043e-01 1.0791812 0.85826772    4    0   95   24   55
73  9.443565e-01 0.7708520 0.87288136    3    0   96   23   55
76  9.497863e-01 0.8692317 0.88135593    3    0   98   21   55
95  9.481057e-01 1.3856063 0.88135593    3    0   98   21   55
151 9.821442e-01 0.6127839 0.88188976    4    0  101   18   55
152 9.818120e-01 0.3010300 0.88188976    4    0  101   18   55
153 9.813822e-01 1.2329961 0.88188976    4    0  101   18   55
45  9.907064e-01 1.2068259 0.88721805    2    0  102   17   55
168 9.834754e-01 2.1251558 0.88976378    4    0  103   16   55
9   9.918620e-01 1.6170003 0.89583333    1    0  104   15   55
135 9.838749e-01 1.5502284 0.89763780    4    0  106   13   55
145 9.836104e-01 1.4031205 0.89763780    4    0  106   13   55
125 9.508565e-01 1.8898617 0.89830508    3    0  107   12   55
167 9.866406e-01 2.1126050 0.90551181    4    0  108   11   55
46  9.909569e-01 1.1172713 0.91729323    2    0  109   10   55
77  9.554024e-01 1.2253093 0.92372881    3    0  110    9   55
155 9.891424e-01 1.4345689 0.93700787    4    0  112    7   55
157 9.894071e-01 1.6954817 0.93700787    4    0  112    7   55
97  9.606678e-01 1.5611014 0.95762712    3    0  113    6   55
78  9.626473e-01 1.5263393 0.96610169    3    0  114    5   55
146 9.917359e-01 1.3909351 0.97637795    4    0  116    3   55
158 9.925768e-01 1.1643529 0.97637795    4    0  116    3   55
79  9.697804e-01 1.3636120 0.98305085    3    0  118    1   55
123 9.653975e-01 2.0831441 0.98305085    3    0  118    1   55
36  9.971174e-01 1.5440680 1.00000000    2    0  119    0   55
# predperf: 
  tpos tneg fpos fneg
1    7    0   15    8
2    4    0   30    7
3    2    0   43   11
4   13    0   31    3
