# Seed = 985
# Site = kreher
# Method = pls
# Area under ROC curve = 0.556842556842557
# aggregate.tpos = 11
# aggregate.tneg = 70
# aggregate.fpos = 41
# aggregate.fneg = 10
# variables: beach_Sc, beach_WaterTemp, beach_AirTemp, trib_BayCityCreekAtHwy204026368_TribSc, beach_LakeshoreCurrVel, beach_NoGeese, beach_NoGulls, beach_PeopleInWater, beach_PeopleOnBeach, beach_WaveHeightManual, Whittlesey_Discharge_Diff_6, HeightAboveSeaLevel_Mean_1, HeightAboveSeaLevel_Mean_2, HeightAboveSeaLevel_Mean_6, HeightAboveSeaLevel_Mean_12, HeightAboveSeaLevel_Mean_24, HeightAboveSeaLevel_Diff_24, AirTemperature_Mean_1, AirTemperature_Mean_2, AirTemperature_Mean_6, AirTemperature_Mean_12, AirTemperature_Mean_24, AirTemperature_Mean_48, AirTemperature_Mean_72, AirTemperature_Mean_120, CloudCover_Mean_1, CloudCover_Mean_2, CloudCover_Mean_6, CloudCover_Mean_12, CloudCover_Mean_24, Wind_Mean_1_perp, Wind_Mean_2_perp, Wind_Mean_6_perp, Wind_Mean_12_perp, Wind_Mean_24_perp, Wind_Mean_1_par, Wind_Mean_2_par, Wind_Mean_6_par, Wind_Mean_12_par, Wind_Mean_24_par, AirTemperature_StDev_2, AirTemperature_StDev_6, AirTemperature_StDev_12, AirTemperature_StDev_24, AirTemperature_StDev_48, AirTemperature_StDev_72, AirTemperature_StDev_120, Sqrt.Precipitation.over.upload.kreher.Sum..1hr, Sqrt.Precipitation.over.upload.kreher.Sum..2hr, Sqrt.Precipitation.over.upload.kreher.Sum..6hr, Sqrt.Precipitation.over.upload.kreher.Sum..12hr, Sqrt.Precipitation.over.upload.kreher.Sum..24hr, Sqrt.Precipitation.over.upload.kreher.Sum..48hr, Sqrt.Precipitation.over.upload.kreher.Sum..72hr, Sqrt.Precipitation.over.upload.kreher.Sum..120hr, Sqrt.Precipitation.over.upload.maslowski.Sum..1hr, Sqrt.Precipitation.over.upload.maslowski.Sum..2hr, Sqrt.Precipitation.over.upload.maslowski.Sum..6hr, Sqrt.Precipitation.over.upload.maslowski.Sum..12hr, Sqrt.Precipitation.over.upload.maslowski.Sum..24hr, Sqrt.Precipitation.over.upload.maslowski.Sum..48hr, Sqrt.Precipitation.over.upload.maslowski.Sum..72hr, Sqrt.Precipitation.over.upload.maslowski.Sum..120hr, Sqrt.Whittlesey_ARF_Sum_1, Sqrt.Whittlesey_ARF_Sum_2, Sqrt.Whittlesey_ARF_Sum_6, Sqrt.Whittlesey_ARF_Sum_12, Sqrt.Whittlesey_ARF_Sum_24, Sqrt.Whittlesey_ARF_Sum_48, Sqrt.Whittlesey_ARF_Sum_72, Sqrt.Whittlesey_ARF_Sum_120, log.Whittlesey_Discharge_Mean_1, log.Whittlesey_Discharge_Mean_2, log.Whittlesey_Discharge_Mean_6, log.Whittlesey_Discharge_Mean_12, log.Whittlesey_Discharge_Mean_24, log.Whittlesey_Discharge_Mean_48, log.Whittlesey_Discharge_Mean_72, log.Whittlesey_Discharge_Mean_120, log.Whittlesey_Discharge_Min_1, log.Whittlesey_Discharge_Min_2, log.Whittlesey_Discharge_Min_6, log.Whittlesey_Discharge_Min_12, log.Whittlesey_Discharge_Min_24, log.Whittlesey_Discharge_Min_48, log.Whittlesey_Discharge_Min_72, log.Whittlesey_Discharge_Min_120, log.Whittlesey_Discharge_Max_24, beach_AlgaeNearshore2, beach_AlgaeNearshore3, beach_AlgaeOnBeach2, beach_AlgaeOnBeach3, beach_AlgaeOnBeach4, yday, log.beach_TurbidityBeach, beach_WindVector_perp, beach_WindVector_parl
# thresholding specificity: 0.627272727272727
# decision threshold: 1.59064519869348
# full results: 
    predicted    actual   threshold fold tpos tneg fpos fneg
130  1.155893 1.2068259 0.000000000  130   20    1  110    1
131  1.109002 2.7383841 0.000000000  131   20    1  110    1
77   1.190976 0.4771213 0.009090909   77   20    2  109    1
62   1.192472 0.9912261 0.018181818   62   20    3  108    1
27   1.200004 0.7160033 0.027272727   27   20    4  107    1
61   1.196267 1.0374265 0.036363636   61   20    5  106    1
98   1.176917 1.9947569 0.045454545   98   20    6  105    1
39   1.178987 2.1504494 0.054545455   39   20    7  104    1
78   1.220874 0.3010300 0.063636364   78   20    8  103    1
129  1.204261 1.3636120 0.072727273  129   20    9  102    1
97   1.183205 2.4549972 0.081081081   97   19    9  102    2
104  1.198414 2.1804126 0.081818182  104   19   10  101    2
25   1.243534 0.0000000 0.090909091   25   19   11  100    2
76   1.187167 2.9119030 0.099099099   76   18   11  100    3
99   1.213511 1.8000294 0.100000000   99   18   12   99    3
96   1.202184 2.4141374 0.108108108   96   17   12   99    4
115  1.223865 1.5092025 0.109090909  115   17   13   98    4
112  1.239069 0.7993405 0.118181818  112   17   14   97    4
116  1.238561 1.2278867 0.127272727  116   17   15   96    4
117  1.247460 0.7993405 0.136363636  117   17   16   95    4
121  1.249140 0.9294189 0.145454545  121   17   17   94    4
64   1.257619 0.6127839 0.154545455   64   17   18   93    4
105  1.254222 1.2253093 0.163636364  105   17   19   92    4
26   1.270306 0.3010300 0.172727273   26   17   20   91    4
36   1.258770 1.2329961 0.181818182   36   17   21   90    4
37   1.271278 0.6127839 0.190909091   37   17   22   89    4
87   1.264951 1.3283796 0.200000000   87   17   23   88    4
75   1.272462 1.1303338 0.209090909   75   17   24   87    4
48   1.277486 0.7993405 0.218181818   48   17   25   86    4
44   1.258244 2.4879863 0.225225225   44   16   25   86    5
124  1.274471 1.4548449 0.227272727  124   16   26   85    5
24   1.302076 0.0000000 0.236363636   24   16   27   84    5
111  1.297938 0.7160033 0.245454545  111   16   28   83    5
65   1.298320 1.4393327 0.254545455   65   16   29   82    5
128  1.292535 1.8998205 0.263636364  128   16   30   81    5
63   1.307831 0.8573325 0.272727273   63   16   31   80    5
123  1.310044 1.6294096 0.281818182  123   16   32   79    5
49   1.311333 1.6009729 0.290909091   49   16   33   78    5
103  1.309484 2.0182843 0.300000000  103   16   34   77    5
53   1.324436 1.3926970 0.309090909   53   16   35   76    5
43   1.335157 0.7160033 0.318181818   43   16   36   75    5
107  1.342443 0.4913617 0.327272727  107   16   37   74    5
58   1.342064 0.7993405 0.336363636   58   16   38   73    5
119  1.348396 0.3010300 0.345454545  119   16   39   72    5
106  1.357709 1.3979400 0.354545455  106   16   40   71    5
94   1.355176 1.8000294 0.363636364   94   16   41   70    5
120  1.366588 1.3909351 0.372727273  120   16   42   69    5
125  1.364769 1.6170003 0.381818182  125   16   43   68    5
100  1.368841 1.2944662 0.390909091  100   16   44   67    5
93   1.363697 1.9079485 0.400000000   93   16   45   66    5
110  1.374610 1.1613680 0.409090909  110   16   46   65    5
13   1.383647 1.1303338 0.418181818   13   16   47   64    5
109  1.380191 1.5198280 0.427272727  109   16   48   63    5
12   1.398821 0.9344985 0.436363636   12   16   49   62    5
74   1.408883 0.0000000 0.445454545   74   16   50   61    5
108  1.396853 1.3765770 0.454545455  108   16   51   60    5
126  1.409976 2.9914033 0.459459459  126   15   51   60    6
114  1.429921 1.1303338 0.463636364  114   15   52   59    6
42   1.438508 1.1643529 0.472727273   42   15   53   58    6
113  1.443648 1.5378191 0.481818182  113   15   54   57    6
45   1.442079 2.2367891 0.490909091   45   15   55   56    6
9    1.458432 2.0406023 0.500000000    9   15   56   55    6
40   1.472704 0.3010300 0.509090909   40   15   57   54    6
29   1.453840 3.3837436 0.513513514   29   14   57   54    7
35   1.474984 1.0413927 0.518181818   35   14   58   53    7
7    1.483715 0.0000000 0.527272727    7   14   59   52    7
52   1.512595 1.1931246 0.536363636   52   14   60   51    7
72   1.520592 0.3010300 0.545454545   72   14   61   50    7
59   1.512214 1.5658478 0.554545455   59   14   62   49    7
8    1.528422 2.6386889 0.558558559    8   12   62   49    9
41   1.538643 2.4549972 0.558558559   41   12   62   49    9
71   1.557151 0.8692317 0.563636364   71   12   63   48    9
16   1.562969 0.9242793 0.572727273   16   12   64   47    9
127  1.576420 1.8970770 0.581818182  127   12   65   46    9
122  1.572211 2.5627685 0.585585586  122   11   65   46   10
23   1.595710 0.0000000 0.590909091   23   11   66   45   10
85   1.587606 1.2944662 0.600000000   85   11   67   44   10
2    1.598437 0.6127839 0.609090909    1   11   68   43   10
73   1.604410 0.0000000 0.627272727   73   11   70   41   10
88   1.585214 2.2372923 0.627272727   88   11   70   41   10
66   1.581806 2.8615344 0.630630631   66   10   70   41   11
56   1.592062 2.1525941 0.636363636   56   10   71   40   11
6    1.601258 1.5888317 0.645454545    6   10   72   39   11
86   1.608654 1.1931246 0.654545455   86   10   73   38   11
60   1.603810 1.7795965 0.663636364   60   10   74   37   11
102  1.606876 2.1804126 0.672727273  102   10   75   36   11
22   1.628401 0.3010300 0.681818182   22   10   76   35   11
10   1.653522 0.0000000 0.690909091   10   10   77   34   11
30   1.632706 2.5985717 0.693693694   30    7   77   34   14
31   1.650000 2.7136585 0.693693694   31    7   77   34   14
55   1.641851 2.7629785 0.693693694   55    7   77   34   14
84   1.661748 1.5786392 0.700000000   84    7   78   33   14
28   1.654105 2.8615344 0.702702703   28    6   78   33   15
80   1.683501 1.3344538 0.709090909   80    6   79   32   15
33   1.691327 1.2068259 0.718181818   33    6   80   31   15
89   1.687232 1.6009729 0.727272727   89    6   81   30   15
34   1.721342 0.0000000 0.736363636   34    6   82   29   15
211  1.717529 0.7993405 0.745454545   21    6   83   28   15
57   1.734480 0.8692317 0.754545455   57    6   84   27   15
79   1.709810 2.9377184 0.756756757   79    5   84   27   16
32   1.740605 0.8750613 0.763636364   32    5   85   26   16
83   1.726484 1.9454686 0.772727273   83    5   86   25   16
118  1.739989 1.4842998 0.781818182  118    5   87   24   16
67   1.733002 2.0413927 0.790909091   67    5   88   23   16
15   1.747146 1.1903317 0.800000000   15    5   89   22   16
11   1.728313 2.7136585 0.801801802   11    3   89   22   18
47   1.737328 2.5125510 0.801801802   47    3   89   22   18
81   1.754377 2.0437551 0.809090909   81    3   90   21   18
20   1.778237 1.9698816 0.818181818   20    3   91   20   18
5    1.800656 1.2855573 0.827272727    5    3   92   19   18
70   1.811412 1.9956352 0.836363636   70    3   93   18   18
50   1.807969 2.2370408 0.845454545   50    3   94   17   18
18   1.806698 2.3040595 0.854545455   18    3   95   16   18
3    1.850949 0.4913617 0.863636364    3    3   96   15   18
14   1.812878 2.3960249 0.864864865   14    2   96   15   19
4    1.821120 2.1316187 0.872727273    4    2   98   13   19
132  1.823356 1.9813655 0.872727273  132    2   98   13   19
17   1.843638 1.7024305 0.890909091   17    2   99   12   19
68   1.880690 1.6106602 0.900000000   68    2  100   11   19
51   1.882691 1.5854607 0.909090909   51    2  101   10   19
19   1.887747 1.9464523 0.918181818   19    2  102    9   19
95   1.886067 2.0744507 0.927272727   95    2  103    8   19
21   1.868675 2.9914033 0.927927928    2    1  103    8   20
54   1.916836 1.4955443 0.936363636   54    1  104    7   20
101  1.872698 3.3837436 0.936936937  101    0  104    7   21
69   1.918150 1.9925535 0.945454545   69    0  105    6   21
82   2.003799 1.9454686 0.954545455   82    0  106    5   21
46   1.991569 2.3529539 0.963636364   46    0  108    3   21
90   2.015428 1.7234557 0.963636364   90    0  108    3   21
91   1.999798 2.2636361 0.981818182   91    0  109    2   21
92   2.129575 2.0744507 0.990909091   92    0  110    1   21
38   2.170567 1.4842998 1.000000000   38    0  111    0   21
