# threshold = 1.99349166056398
# Area under ROC curve = 0.542748355832468
# aggregate.tpos = 8
# aggregate.tneg = 82
# aggregate.fpos = 25
# aggregate.fneg = 19
# rocframe: 
    predicted    actual  threshold fold tpos tneg fpos fneg
23   1.271867 2.5627685 0.00000000    2   26    1  106    1
31   1.296463 1.1303338 0.00000000    2   26    1  106    1
41   1.467237 2.1051694 0.03174603    2   26    2  105    1
26   1.535573 1.7767012 0.07936508    2   26    3  104    1
102  1.473099 2.1251558 0.08695652    3   26    4  103    1
30   1.574196 0.6127839 0.12698413    2   26    5  102    1
45   1.590223 1.5024271 0.14285714    2   26    6  101    1
2    1.624465 1.3856063 0.15730337    1   26    7  100    1
43   1.639163 2.6386889 0.15873016    2   25    8   99    2
63   1.648649 1.6963564 0.15873016    2   25    8   99    2
42   1.688684 0.7160033 0.17460317    2   25    9   98    2
28   1.710194 1.7566361 0.19047619    2   25   10   97    2
5    1.684613 0.9344985 0.19101124    1   25   11   96    2
53   1.710911 1.1613680 0.20634921    2   25   12   95    2
118  1.546450 1.1986571 0.21739130    3   24   13   94    3
123  1.549633 2.9641653 0.21739130    3   24   13   94    3
69   1.728506 1.8382192 0.23809524    2   24   14   93    3
117  1.554668 1.9344985 0.24637681    3   24   15   92    3
44   1.751770 0.9777236 0.25396825    2   24   17   90    3
52   1.760216 1.3010300 0.25396825    2   24   17   90    3
46   1.772624 2.2866810 0.26984127    2   23   18   89    4
51   1.764524 3.3837436 0.26984127    2   23   18   89    4
40   1.782691 0.9912261 0.28571429    2   23   19   88    4
1    1.805669 1.0755470 0.30337079    1   23   20   87    4
115  1.606659 2.2516382 0.30434783    3   23   21   86    4
25   1.794306 2.0338257 0.31746032    2   23   22   85    4
120  1.624775 2.4879863 0.31884058    3   22   22   85    5
24   1.821398 3.3837436 0.34920635    2   21   22   85    6
129  1.726273 1.9454686 0.35000000    4   21   24   83    6
132  1.712714 1.5899496 0.35000000    4   21   24   83    6
131  1.730752 2.1664301 0.37000000    4   21   25   82    6
39   1.837901 1.7024305 0.38095238    2   21   27   80    6
57   1.857405 1.3856063 0.38095238    2   21   27   80    6
128  1.742908 1.4456042 0.39000000    4   21   28   79    6
110  1.659981 1.7291648 0.40579710    3   20   29   78    7
113  1.654040 2.9119030 0.40579710    3   20   29   78    7
38   1.874848 1.5728716 0.41269841    2   20   30   77    7
96   1.674768 1.9469433 0.42028986    3   19   31   76    8
124  1.671683 2.3960249 0.42028986    3   19   31   76    8
127  1.787739 1.7520484 0.44000000    4   19   32   75    8
65   1.909333 1.0374265 0.44444444    2   19   35   72    8
67   1.909800 1.9822712 0.44444444    2   19   35   72    8
70   1.920788 1.2068259 0.44444444    2   19   35   72    8
79   1.691482 1.9365137 0.44927536    3   19   36   71    8
62   1.922431 1.3031961 0.46031746    2   19   37   70    8
94   1.705541 1.5717088 0.46376812    3   19   38   69    8
133  1.816423 2.4401216 0.47000000    4   18   38   69    9
92   1.718190 2.6134189 0.47826087    3   17   42   65   10
103  1.722400 1.7923917 0.47826087    3   17   42   65   10
108  1.723415 2.1711412 0.47826087    3   17   42   65   10
111  1.722731 2.0461048 0.47826087    3   17   42   65   10
119  1.721679 2.1945143 0.47826087    3   17   42   65   10
29   1.942203 1.5327544 0.49206349    2   17   46   61   10
49   1.933279 1.6551384 0.49206349    2   17   46   61   10
55   1.943094 2.1664301 0.49206349    2   17   46   61   10
66   1.947254 2.0195317 0.49206349    2   17   46   61   10
4    1.898528 2.9914033 0.50561798    1   16   46   61   11
50   1.949382 1.5263393 0.50793651    2   16   47   60   11
3    1.905418 1.8773713 0.51685393    1   16   48   59   11
130  1.870724 2.9119030 0.53000000    4   15   48   59   12
9    1.925122 1.7581546 0.53932584    1   15   49   58   12
106  1.763574 2.9914033 0.55072464    3   13   50   57   14
109  1.746226 2.3310222 0.55072464    3   13   50   57   14
122  1.740484 2.4549972 0.55072464    3   13   50   57   14
34   1.983962 2.0652061 0.55555556    2   13   53   54   14
56   1.985616 1.3344538 0.55555556    2   13   53   54   14
68   1.989488 1.3820170 0.55555556    2   13   53   54   14
134  1.885183 2.9914033 0.56000000    4   12   53   54   15
6    1.946836 2.3147097 0.56179775    1   12   56   51   15
10   1.952867 0.7993405 0.56179775    1   12   56   51   15
15   1.952117 1.4785665 0.56179775    1   12   56   51   15
95   1.804234 2.5880475 0.56521739    3   11   59   48   16
97   1.777802 1.7299743 0.56521739    3   11   59   48   16
98   1.800603 1.6665180 0.56521739    3   11   59   48   16
114  1.776711 1.6444386 0.56521739    3   11   59   48   16
126  1.893143 2.2695129 0.57000000    4   11   60   47   16
32   1.996260 1.2576786 0.57142857    2   11   61   46   16
11   1.971201 1.6954817 0.57303371    1   11   63   44   16
14   1.969277 1.6812412 0.57303371    1   11   63   44   16
12   1.988395 1.8344207 0.59550562    1   11   64   43   16
60   1.998156 1.6821451 0.60317460    2   11   65   42   16
74   1.840470 1.3483049 0.60869565    3   11   67   40   16
112  1.833155 0.3010300 0.60869565    3   11   67   40   16
75   1.844032 1.1271048 0.62318841    3   11   68   39   16
125  1.923838 1.7767012 0.65000000    4   11   69   38   16
33   2.026850 1.5899496 0.65079365    2   11   70   37   16
7    2.021888 2.0318123 0.65168539    1   11   72   35   16
13   2.011875 1.4456042 0.65168539    1   11   72   35   16
47   2.041834 1.8802418 0.66666667    2   11   74   33   16
58   2.042121 2.2913689 0.66666667    2   11   74   33   16
80   1.890275 0.8750613 0.68115942    3   10   76   31   17
89   1.890160 2.2671717 0.68115942    3   10   76   31   17
105  1.884838 2.5880475 0.68115942    3   10   76   31   17
107  1.900827 1.9947569 0.71014493    3   10   77   30   17
116  1.927599 1.7795965 0.73913043    3   10   78   29   17
8    2.059696 1.5611014 0.76404494    1   10   79   28   17
76   1.946853 1.3710679 0.76811594    3    9   80   27   18
121  1.947685 3.1911994 0.76811594    3    9   80   27   18
20   2.090886 2.1251558 0.77528090    1    9   81   26   18
64   2.090872 1.7715875 0.77777778    2    9   82   25   18
77   1.956068 0.9242793 0.78260870    3    9   83   24   18
78   2.024372 1.1205739 0.81159420    3    9   84   23   18
90   2.040637 1.1643529 0.82608696    3    8   85   22   19
93   2.052138 2.6740340 0.82608696    3    8   85   22   19
81   2.095602 1.7795965 0.85507246    3    8   87   20   19
100  2.095520 2.2367891 0.85507246    3    8   87   20   19
37   2.246323 2.1664301 0.85714286    2    8   90   17   19
54   2.246628 2.1752218 0.85714286    2    8   90   17   19
59   2.239169 1.4548449 0.85714286    2    8   90   17   19
87   2.119838 2.1711412 0.86956522    3    8   92   15   19
91   2.119468 2.0195317 0.86956522    3    8   92   15   19
82   2.146323 2.2652896 0.89855072    3    8   94   13   19
88   2.146776 1.5728716 0.89855072    3    8   94   13   19
22   2.168190 2.0557605 0.91011236    1    8   95   12   19
99   2.151213 3.2387735 0.91304348    3    7   95   12   20
86   2.238001 2.5627685 0.92753623    3    6   96   11   21
101  2.205846 2.3109056 0.92753623    3    6   96   11   21
27   2.386215 2.0318123 0.93650794    2    6   98    9   21
35   2.432418 2.3040595 0.93650794    2    6   98    9   21
36   2.452002 2.0182843 0.95238095    2    6  100    7   21
61   2.441300 2.1142773 0.95238095    2    6  100    7   21
83   2.338571 1.5024271 0.95652174    3    6  103    4   21
85   2.296739 2.1504494 0.95652174    3    6  103    4   21
104  2.281728 2.3040595 0.95652174    3    6  103    4   21
17   2.296131 2.1525941 0.98876404    1    4  105    2   23
18   2.319909 2.7629785 0.98876404    1    4  105    2   23
19   2.268912 2.0060380 0.98876404    1    4  105    2   23
21   2.297212 2.7383841 0.98876404    1    4  105    2   23
16   2.533476 3.1503265 1.00000000    1    0  107    0   27
48   2.564676 0.3010300 1.00000000    2    0  107    0   27
71   2.692163 2.2360331 1.00000000    3    0  107    0   27
72   2.841312 2.3900515 1.00000000    3    0  107    0   27
73   2.575885 2.4879863 1.00000000    3    0  107    0   27
84   2.777866 3.1138431 1.00000000    3    0  107    0   27
# predperf: 
  tpos tneg fpos fneg
1    3   13    5    1
2    0   35    9    4
3    5   27   11   11
4    0    7    0    3
