# threshold = 2.05924102305317
# Area under ROC curve = 0.721142857142857
# aggregate.tpos = 21
# aggregate.tneg = 97
# aggregate.fpos = 28
# aggregate.fneg = 21
# rocframe: 
    predicted    actual  threshold fold tpos tneg fpos fneg
67   1.598973 0.6127839 0.00000000    2   41    3  122    1
71   1.516716 0.3010300 0.00000000    2   41    3  122    1
73   1.585756 0.3010300 0.00000000    2   41    3  122    1
81   1.314995 2.5161386 0.00000000    2   41    3  122    1
42   1.619924 2.4637437 0.01098901    2   40    3  122    2
9    1.514349 0.3010300 0.01980198    1   40    5  120    2
28   1.512413 1.6532125 0.01980198    1   40    5  120    2
48   1.644015 1.8469553 0.03296703    2   40    7  118    2
62   1.641625 1.4712917 0.03296703    2   40    7  118    2
89   1.562262 0.0000000 0.03571429    3   40    8  117    2
55   1.646255 1.9020029 0.04395604    2   40   10  115    2
68   1.651306 1.3979400 0.04395604    2   40   10  115    2
50   1.664303 1.4593925 0.05494505    2   40   14  111    2
54   1.664562 1.3710679 0.05494505    2   40   14  111    2
60   1.672049 2.1027766 0.05494505    2   40   14  111    2
78   1.663584 1.0374265 0.05494505    2   40   14  111    2
91   1.636617 1.7986506 0.05952381    3   40   15  110    2
128  1.644247 0.6127839 0.07142857    3   40   16  109    2
64   1.686947 2.1598678 0.08791209    2   40   17  108    2
31   1.559673 1.1430148 0.08910891    1   40   18  107    2
32   1.577065 1.3579348 0.09900990    1   40   19  106    2
101  1.657665 2.1734776 0.11904762    3   40   20  105    2
140  1.624618 1.9138139 0.13131313    4   40   21  104    2
43   1.704699 1.3961993 0.14285714    2   40   24  101    2
52   1.712260 1.3483049 0.14285714    2   40   24  101    2
108  1.683983 1.3384565 0.14285714    3   40   24  101    2
22   1.610304 2.2000293 0.14851485    1   40   25  100    2
72   1.715410 1.5786392 0.15384615    2   40   26   99    2
150  1.639775 0.3010300 0.16161616    4   40   27   98    2
53   1.735761 2.2355284 0.16483516    2   40   28   97    2
152  1.656998 1.4183013 0.18181818    4   40   30   95    2
157  1.651101 1.4742163 0.18181818    4   40   30   95    2
2    1.641025 2.5375673 0.21782178    1   39   30   95    3
110  1.700548 1.6866363 0.22619048    3   39   31   94    3
151  1.677918 2.1448854 0.23232323    4   39   32   93    3
88   1.710104 1.5263393 0.25000000    3   39   33   92    3
5    1.664186 1.7767012 0.25742574    1   39   34   91    3
27   1.677161 0.7993405 0.27722772    1   39   35   90    3
57   1.780318 3.3837436 0.28571429    2   38   40   85    4
87   1.753662 1.6928469 0.28571429    3   38   40   85    4
106  1.765748 1.4756712 0.28571429    3   38   40   85    4
109  1.776148 1.3891661 0.28571429    3   38   40   85    4
122  1.751837 0.9030900 0.28571429    3   38   40   85    4
131  1.731188 0.8512583 0.28571429    3   38   40   85    4
21   1.686479 2.6134189 0.29702970    1   37   40   85    5
132  1.796923 0.3010300 0.29761905    3   37   41   84    5
107  1.799950 1.3384565 0.30952381    3   37   42   83    5
36   1.700952 1.5024271 0.31683168    1   37   43   82    5
79   1.791865 1.1643529 0.31868132    2   37   44   81    5
38   1.796987 0.3010300 0.32967033    2   37   45   80    5
105  1.819984 1.3856063 0.34523810    3   37   47   78    5
113  1.809949 1.5888317 0.34523810    3   37   47   78    5
163  1.745748 1.6294096 0.35353535    4   37   48   77    5
162  1.755636 2.1386184 0.37373737    4   37   49   76    5
86   1.835395 1.5024271 0.38095238    3   36   50   75    6
100  1.833834 2.7271344 0.38095238    3   36   50   75    6
70   1.836585 1.8000294 0.39560440    2   36   51   74    6
167  1.789307 1.7371926 0.40404040    4   36   52   73    6
103  1.863739 3.2980448 0.40476190    3   35   53   72    7
114  1.857841 2.2309596 0.40476190    3   35   53   72    7
26   1.751433 1.1643529 0.44554455    1   35   55   70    7
35   1.750688 2.2796669 0.44554455    1   35   55   70    7
12   1.767851 1.1172713 0.46534653    1   35   57   68    7
25   1.769050 2.1804126 0.46534653    1   35   57   68    7
147  1.811620 2.0874265 0.47474747    4   35   59   66    7
164  1.812044 1.6314438 0.47474747    4   35   59   66    7
14   1.796066 2.0297895 0.48514851    1   35   62   63    7
15   1.783018 1.8920946 0.48514851    1   35   62   63    7
23   1.782266 2.1664301 0.48514851    1   35   62   63    7
156  1.836180 3.1911994 0.50505051    4   34   62   63    8
11   1.821261 1.3765770 0.51485149    1   34   64   61    8
33   1.828712 1.3820170 0.51485149    1   34   64   61    8
51   1.868016 1.6884198 0.51648352    2   34   65   60    8
149  1.845829 1.8129134 0.52525253    4   34   66   59    8
58   1.869291 2.3583156 0.52747253    2   34   67   58    8
4    1.834211 3.2980448 0.53465347    1   33   67   58    9
98   1.905654 1.5670264 0.54761905    3   33   68   57    9
61   1.880840 1.9355073 0.54945055    2   33   69   56    9
10   1.843778 2.5880475 0.55445545    1   32   69   56   10
102  1.914343 1.2944662 0.55952381    3   32   70   55   10
69   1.883666 1.6866363 0.56043956    2   32   71   54   10
37   1.849239 1.7024305 0.56435644    1   32   72   53   10
6    1.860026 1.5717088 0.58415842    1   31   73   52   11
17   1.854177 2.4834446 0.58415842    1   31   73   52   11
39   1.928179 2.3398488 0.61538462    2   31   74   51   11
143  1.900701 1.6599162 0.61616162    4   30   77   48   12
146  1.886765 2.5779511 0.61616162    4   30   77   48   12
154  1.885074 1.4653829 0.61616162    4   30   77   48   12
160  1.897080 1.0791812 0.61616162    4   30   77   48   12
133  1.927414 1.5538830 0.61904762    3   30   78   47   12
153  1.913507 1.5440680 0.62626263    4   30   79   46   12
77   1.936764 2.6887757 0.63736264    2   29   79   46   13
135  1.969833 2.7629785 0.64285714    3   28   79   46   14
40   1.939179 1.6009729 0.64835165    2   28   80   45   14
90   1.974268 1.5158738 0.65476190    3   28   81   44   14
145  1.950158 1.5843312 0.66666667    4   28   82   43   14
16   1.925798 3.3837436 0.67326733    1   27   82   43   15
138  1.952751 2.4350476 0.67676768    4   26   83   42   16
141  1.954335 2.0338257 0.67676768    4   26   83   42   16
83   1.978429 0.4913617 0.67857143    3   26   85   40   16
127  1.978285 1.4116197 0.67857143    3   26   85   40   16
137  1.962975 2.3310222 0.68686869    4   26   86   39   16
92   1.985535 1.9576073 0.69047619    3   25   87   38   17
104  1.999659 3.3837436 0.69047619    3   25   87   38   17
155  1.977698 1.2988531 0.69696970    4   24   89   36   18
158  1.977514 2.8865471 0.69696970    4   24   89   36   18
166  1.973503 1.8394780 0.69696970    4   24   89   36   18
99   2.007436 3.3837436 0.70238095    3   23   89   36   19
30   1.954795 1.6042261 0.72277228    1   23   90   35   19
129  2.029525 1.3263359 0.73809524    3   23   91   34   19
121  2.040226 1.3344538 0.76190476    3   23   92   33   19
34   1.973620 2.2671717 0.77227723    1   23   93   32   19
139  2.013781 1.7853298 0.78787879    4   23   95   30   19
144  2.043259 1.7972675 0.78787879    4   23   95   30   19
3    2.011910 3.3837436 0.79207921    1   22   95   30   20
19   2.021385 2.2367891 0.81188119    1   22   96   29   20
24   2.037247 2.8121108 0.82178218    1   21   97   28   21
29   2.033482 1.8709888 0.82178218    1   21   97   28   21
142  2.086328 1.2041200 0.82828283    4   21   98   27   21
148  2.093935 0.4913617 0.83838384    4   21   99   26   21
120  2.102426 1.7535831 0.85714286    3   21  100   25   21
44   2.036511 2.0338257 0.86813187    2   21  104   21   21
63   2.061816 2.1433271 0.86813187    2   21  104   21   21
74   2.030572 1.9484130 0.86813187    2   21  104   21   21
75   2.041828 1.9703469 0.86813187    2   21  104   21   21
85   2.108752 2.1525941 0.86904762    3   21  105   20   21
84   2.129566 1.1271048 0.88095238    3   21  107   18   21
134  2.129258 1.6314438 0.88095238    3   21  107   18   21
20   2.090771 1.5263393 0.88118812    1   21  108   17   21
165  2.163743 3.2387735 0.88888889    4   20  108   17   22
161  2.184472 1.9943172 0.89898990    4   20  109   16   22
76   2.081473 2.0406023 0.90109890    2   20  110   15   22
123  2.145867 1.7041505 0.90476190    3   20  111   14   22
159  2.192295 2.3769418 0.90909091    4   19  111   14   23
8    2.189803 3.3837436 0.91089109    1   18  111   14   24
130  2.147656 1.4248816 0.91666667    3   18  112   13   24
59   2.098970 2.2000293 0.92307692    2   18  113   12   24
136  2.226657 2.3218055 0.92929293    4   18  114   11   24
45   2.125089 2.9914033 0.93406593    2   16  114   11   26
66   2.116925 2.6190933 0.93406593    2   16  114   11   26
1    2.237998 2.5366847 0.95049505    1   13  114   11   29
7    2.264478 2.4350476 0.95049505    1   13  114   11   29
13   2.268300 2.5627685 0.95049505    1   13  114   11   29
49   2.175379 3.3837436 0.95604396    2   12  114   11   30
96   2.225612 1.8870544 0.96428571    3   12  115   10   30
80   2.189501 1.9355073 0.96703297    2   12  116    9   30
41   2.258006 2.0318123 0.97802198    2   10  118    7   32
46   2.248421 2.7136585 0.97802198    2   10  118    7   32
56   2.252481 3.3837436 0.97802198    2   10  118    7   32
65   2.216555 2.3380579 0.97802198    2   10  118    7   32
82   2.361128 1.6665180 0.98809524    3    8  122    3   34
97   2.356021 2.2387986 0.98809524    3    8  122    3   34
111  2.328591 2.2387986 0.98809524    3    8  122    3   34
112  2.312262 2.4201208 0.98809524    3    8  122    3   34
115  2.349677 2.9825426 0.98809524    3    8  122    3   34
124  2.293946 1.9283959 0.98809524    3    8  122    3   34
47   2.498485 2.7567882 0.98901099    2    7  122    3   35
18   3.181049 3.3837436 1.00000000    1    0  125    0   42
93   2.667384 2.3174365 1.00000000    3    0  125    0   42
94   2.936310 3.3837436 1.00000000    3    0  125    0   42
95   2.779347 2.2631625 1.00000000    3    0  125    0   42
116  2.560209 3.3837436 1.00000000    3    0  125    0   42
117  2.783219 3.0048371 1.00000000    3    0  125    0   42
118  2.423643 1.8095597 1.00000000    3    0  125    0   42
119  2.435879 3.3837436 1.00000000    3    0  125    0   42
125  3.005530 3.3837436 1.00000000    3    0  125    0   42
126  2.679907 3.3837436 1.00000000    3    0  125    0   42
# predperf: 
  tpos tneg fpos fneg
1    5   23    1    8
2    6   25    9    4
3    8   27   14    5
4    2   22    4    4
