# threshold = 1.9352766386576
# Area under ROC curve = 0.919480519480519
# aggregate.tpos = 47
# aggregate.tneg = 86
# aggregate.fpos = 33
# aggregate.fneg = 8
# rocframe: 
    predicted    actual   threshold fold tpos tneg fpos fneg
23   1.210709 1.6464037 0.009615385    1   55    1  118    0
46   1.131897 1.1172713 0.011235955    2   55    2  117    0
130  1.289287 2.1316187 0.011363636    4   55    3  116    0
8    1.264046 1.9329808 0.019230769    1   55    4  115    0
131  1.340815 1.4082400 0.022727273    4   55    5  114    0
72   1.332794 1.1903317 0.026315789    3   55    8  111    0
78   1.301953 1.5263393 0.026315789    3   55    8  111    0
79   1.299920 1.3636120 0.026315789    3   55    8  111    0
32   1.227993 1.8847954 0.033707865    2   55    9  110    0
5    1.297253 1.6599162 0.038461538    1   55   11  108    0
6    1.328201 0.0000000 0.038461538    1   55   11  108    0
94   1.421513 1.6551384 0.052631579    3   55   12  107    0
76   1.455555 0.8692317 0.065789474    3   55   14  105    0
90   1.442554 1.6720979 0.065789474    3   55   14  105    0
47   1.324093 1.4927604 0.067415730    2   55   15  104    0
17   1.376611 2.3829171 0.076923077    1   54   15  104    1
99   1.458859 1.5658478 0.078947368    3   54   16  103    1
35   1.409454 0.9344985 0.089887640    2   54   18  101    1
44   1.410833 1.8680564 0.089887640    2   54   18  101    1
22   1.412262 2.2866810 0.096153846    1   54   19  100    1
57   1.433818 1.3201463 0.101123596    2   54   20   99    1
77   1.469198 1.2253093 0.105263158    3   54   22   97    1
93   1.477387 1.9818186 0.105263158    3   54   22   97    1
36   1.468530 1.5440680 0.112359551    2   54   23   96    1
51   1.504617 1.7307823 0.123595506    2   54   24   95    1
146  1.495320 1.3909351 0.125000000    4   54   25   94    1
42   1.543107 1.5843312 0.157303371    2   54   26   93    1
9    1.434054 1.6170003 0.163461538    1   54   27   92    1
64   1.564618 2.2360331 0.179775281    2   54   28   91    1
136  1.541777 1.6954817 0.181818182    4   54   30   89    1
145  1.549859 1.4031205 0.181818182    4   54   30   89    1
21   1.458217 2.2871296 0.192307692    1   54   31   88    1
20   1.471536 2.0969100 0.201923077    1   54   33   86    1
26   1.460868 1.7024305 0.201923077    1   54   33   86    1
135  1.571903 1.5502284 0.204545455    4   54   35   84    1
144  1.577249 1.3031961 0.204545455    4   54   35   84    1
81   1.529225 1.1986571 0.210526316    3   54   38   81    1
98   1.524118 1.4393327 0.210526316    3   54   38   81    1
114  1.526086 1.1522883 0.210526316    3   54   38   81    1
137  1.614986 1.4593925 0.250000000    4   54   39   80    1
48   1.625677 0.7075702 0.292134831    2   54   40   79    1
128  1.650212 1.0791812 0.295454545    4   54   41   78    1
96   1.567626 1.8299467 0.302631579    3   54   43   76    1
125  1.572312 1.8898617 0.302631579    3   54   43   76    1
40   1.634676 2.1878026 0.303370787    2   54   45   74    1
59   1.631603 1.1903317 0.303370787    2   54   45   74    1
80   1.598192 2.1628630 0.315789474    3   54   49   70    1
88   1.620428 1.8215135 0.315789474    3   54   49   70    1
103  1.585411 1.3031961 0.315789474    3   54   49   70    1
104  1.601006 2.0870712 0.315789474    3   54   49   70    1
2    1.594669 1.3541084 0.317307692    1   54   50   69    1
132  1.672593 2.1495270 0.318181818    4   54   52   67    1
138  1.673218 2.3398488 0.318181818    4   54   52   67    1
143  1.681447 1.5943926 0.329545455    4   54   53   66    1
82   1.631578 1.6020600 0.342105263    3   54   59   60    1
83   1.636490 2.2367891 0.342105263    3   54   59   60    1
92   1.631085 1.5276299 0.342105263    3   54   59   60    1
97   1.648527 1.5611014 0.342105263    3   54   59   60    1
111  1.635333 1.9571282 0.342105263    3   54   59   60    1
123  1.631358 2.0831441 0.342105263    3   54   59   60    1
157  1.692890 1.6954817 0.352272727    4   54   60   59    1
70   1.672304 2.2237555 0.382022472    2   54   61   58    1
149  1.727191 1.3926970 0.386363636    4   54   62   57    1
95   1.674452 1.3856063 0.394736842    3   54   63   56    1
74   1.703756 2.0153598 0.407894737    3   54   64   55    1
156  1.757023 1.8419848 0.420454545    4   54   65   54    1
73   1.707922 0.7708520 0.421052632    3   54   66   53    1
105  1.739292 2.1878026 0.434210526    3   54   67   52    1
151  1.779837 0.6127839 0.443181818    4   54   68   51    1
150  1.782221 1.1522883 0.454545455    4   54   69   50    1
31   1.722303 1.6954817 0.460674157    2   54   71   48    1
66   1.726937 2.3040595 0.460674157    2   54   71   48    1
18   1.705075 2.5366847 0.461538462    1   53   71   48    2
133  1.797735 2.3769418 0.465909091    4   52   71   48    3
110  1.756098 1.7505084 0.473684211    3   52   72   47    3
142  1.807239 1.9929951 0.477272727    4   52   73   46    3
118  1.759747 1.4785665 0.486842105    3   52   75   44    3
124  1.770772 1.9703469 0.486842105    3   52   75   44    3
129  1.814436 2.4637437 0.488636364    4   51   75   44    4
154  1.824757 0.6127839 0.500000000    4   51   76   43    4
139  1.868266 2.1553360 0.511363636    4   51   77   42    4
153  1.873828 1.2329961 0.522727273    4   50   80   39    5
155  1.873208 1.4345689 0.522727273    4   50   80   39    5
166  1.872349 2.4401216 0.522727273    4   50   80   39    5
167  1.879598 2.1126050 0.522727273    4   50   80   39    5
109  1.787152 2.0795430 0.526315789    3   50   81   38    5
38   1.778928 2.5627685 0.528089888    2   48   81   38    7
55   1.778895 2.5880475 0.528089888    2   48   81   38    7
140  1.886932 0.9242793 0.534090909    4   48   82   37    7
33   1.785520 2.2227165 0.539325843    2   48   83   36    7
89   1.806730 2.1051694 0.552631579    3   48   84   35    7
152  1.904824 0.3010300 0.556818182    4   48   85   34    7
7    1.788780 2.6887757 0.567307692    1   47   85   34    8
29   1.806348 2.0195317 0.576923077    1   47   86   33    8
75   1.850124 1.2380461 0.578947368    3   47   88   31    8
112  1.849265 2.2237555 0.578947368    3   47   88   31    8
158  1.935100 1.1643529 0.590909091    4   47   89   30    8
28   1.810576 2.2362853 0.596153846    1   47   90   29    8
126  1.874190 1.7291648 0.605263158    3   47   91   28    8
113  1.894957 1.9464523 0.618421053    3   47   93   26    8
127  1.897018 1.5831988 0.618421053    3   47   93   26    8
34   1.863275 1.9344985 0.629213483    2   47   95   24    8
52   1.832814 1.6374897 0.629213483    2   47   95   24    8
86   1.906653 2.0166155 0.631578947    3   47   96   23    8
119  1.925780 2.1580608 0.644736842    3   47   97   22    8
39   1.890190 2.3308195 0.662921348    2   47   99   20    8
68   1.893739 2.3516031 0.662921348    2   47   99   20    8
37   1.921472 1.8898617 0.707865169    2   47  101   18    8
69   1.921913 2.1760913 0.707865169    2   47  101   18    8
1    1.940722 1.0374265 0.711538462    1   47  103   16    8
30   1.943485 2.1195858 0.711538462    1   47  103   16    8
141  1.971278 2.5161386 0.715909091    4   46  103   16    9
10   1.950297 2.4366396 0.721153846    1   45  103   16   10
171  2.008862 2.6386889 0.727272727    4   44  103   16   11
45   1.937597 1.2068259 0.741573034    2   44  105   14   11
54   1.950021 2.2227165 0.741573034    2   44  105   14   11
24   1.969473 2.4549972 0.759615385    1   43  105   14   12
62   1.970829 2.3398488 0.786516854    2   43  106   13   12
49   2.002053 1.0374265 0.797752809    2   43  107   12   12
87   2.061194 2.7595168 0.815789474    3   42  108   11   13
117  2.064916 2.3147097 0.815789474    3   42  108   11   13
19   2.019905 2.5880475 0.817307692    1   41  108   11   14
122  2.087894 2.1000257 0.828947368    3   41  109   10   14
53   2.024211 1.9934362 0.831460674    2   41  111    8   14
63   2.026445 1.9503649 0.831460674    2   41  111    8   14
134  2.076909 2.8865471 0.852272727    4   40  113    6   15
160  2.088037 2.3516031 0.852272727    4   40  113    6   15
165  2.076322 2.1580608 0.852272727    4   40  113    6   15
58   2.057303 2.6637951 0.853932584    2   39  113    6   16
91   2.133593 2.8615344 0.881578947    3   38  113    6   17
14   2.146148 2.3577443 0.894230769    1   38  114    5   17
11   2.214307 2.6386889 0.913461538    1   37  114    5   18
56   2.186930 2.8615344 0.943820225    2   36  114    5   19
85   2.226789 2.9189211 0.947368421    3   34  114    5   21
108  2.276309 2.6134189 0.947368421    3   34  114    5   21
168  2.174936 2.1251558 0.954545455    4   34  115    4   21
67   2.195636 1.8680564 0.955056180    2   34  116    3   21
169  2.210326 2.5125510 0.965909091    4   33  118    1   22
170  2.243136 2.3310222 0.965909091    4   33  118    1   22
173  2.182279 2.1580608 0.965909091    4   33  118    1   22
25   2.326512 3.0491792 0.980769231    1   32  118    1   23
102  2.424194 2.8615344 0.986842105    3   30  119    0   25
115  2.422007 1.9722028 0.986842105    3   30  119    0   25
121  2.326819 2.5125510 0.986842105    3   30  119    0   25
164  2.324241 2.7629785 0.988636364    4   29  119    0   26
43   2.362928 2.7136585 0.988764045    2   28  119    0   27
3    2.360054 3.0491792 0.990384615    1   27  119    0   28
4    4.016463 3.3837436 1.000000000    1    0  119    0   55
12   3.091586 3.2387735 1.000000000    1    0  119    0   55
13   3.799878 3.3837436 1.000000000    1    0  119    0   55
15   3.622878 3.3837436 1.000000000    1    0  119    0   55
16   3.109489 3.2980448 1.000000000    1    0  119    0   55
27   2.820165 3.3837436 1.000000000    1    0  119    0   55
41   3.013114 3.0803739 1.000000000    2    0  119    0   55
50   3.478103 3.3837436 1.000000000    2    0  119    0   55
60   3.810300 3.3837436 1.000000000    2    0  119    0   55
61   2.776329 3.1138431 1.000000000    2    0  119    0   55
65   3.185843 3.3837436 1.000000000    2    0  119    0   55
71   4.265033 3.3837436 1.000000000    2    0  119    0   55
84   2.523906 3.0048371 1.000000000    3    0  119    0   55
100  3.700471 3.3837436 1.000000000    3    0  119    0   55
101  3.447241 3.2980448 1.000000000    3    0  119    0   55
106  2.511530 2.9119030 1.000000000    3    0  119    0   55
107  3.677662 3.3837436 1.000000000    3    0  119    0   55
116  3.693082 3.3837436 1.000000000    3    0  119    0   55
120  3.950186 3.3837436 1.000000000    3    0  119    0   55
147  3.552323 3.3837436 1.000000000    4    0  119    0   55
148  2.538900 3.0196147 1.000000000    4    0  119    0   55
159  2.365625 2.6386889 1.000000000    4    0  119    0   55
161  2.966215 2.8615344 1.000000000    4    0  119    0   55
162  2.830250 2.6134189 1.000000000    4    0  119    0   55
163  3.438750 3.3837436 1.000000000    4    0  119    0   55
172  2.458841 2.4879863 1.000000000    4    0  119    0   55
174  2.497378 2.5627685 1.000000000    4    0  119    0   55
# predperf: 
  tpos tneg fpos fneg
1   12   12    3    3
2    9   17   13    2
3   13   31   12    0
4   13   26    5    3
