# threshold = 1.79536314351985
# Area under ROC curve = 0.853820598006644
# aggregate.tpos = 10
# aggregate.tneg = 113
# aggregate.fpos = 16
# aggregate.fneg = 4
# rocframe: 
    predicted    actual   threshold fold tpos tneg fpos fneg
20  0.3818062 0.0000000 0.000000000    2   14    3  126    0
26  0.3992206 0.0000000 0.000000000    2   14    3  126    0
34  0.5073870 0.0000000 0.000000000    2   14    3  126    0
13  0.4813491 1.4132998 0.008547009    1   14    4  125    0
19  0.5421486 0.3010300 0.012048193    2   14    5  124    0
35  0.6062453 1.6138418 0.036144578    2   14    6  123    0
73  0.5777303 0.3010300 0.062500000    3   14    7  122    0
38  0.6950100 0.0000000 0.072289157    2   14    9  120    0
51  0.6873542 0.3010300 0.072289157    2   14    9  120    0
77  0.6914784 1.2041200 0.075000000    3   14   10  119    0
33  0.7180579 0.0000000 0.084337349    2   14   11  118    0
25  0.7473164 0.9242793 0.096385542    2   14   12  117    0
141 0.7024999 0.8633229 0.112149533    4   14   13  116    0
131 0.7796003 0.3010300 0.130841121    4   14   15  114    0
142 0.7424748 1.3074960 0.130841121    4   14   15  114    0
72  0.7732836 0.7160033 0.137500000    3   14   17  112    0
74  0.7523903 0.4913617 0.137500000    3   14   17  112    0
42  0.7817397 1.4456042 0.156626506    2   13   18  111    1
45  0.7842204 3.0196147 0.156626506    2   13   18  111    1
132 0.8339826 0.7160033 0.168224299    4   13   21  108    1
140 0.8490563 1.0863598 0.168224299    4   13   21  108    1
143 0.8328897 1.7505084 0.168224299    4   13   21  108    1
23  0.7996421 1.3483049 0.168674699    2   13   24  105    1
24  0.7932914 0.0000000 0.168674699    2   13   24  105    1
27  0.8008948 0.4771213 0.168674699    2   13   24  105    1
116 0.8468931 1.2380461 0.187500000    3   13   25  104    1
32  0.8166959 0.7160033 0.204819277    2   13   26  103    1
12  0.8197007 1.2671717 0.205128205    1   13   27  102    1
129 0.8999651 0.7993405 0.205607477    4   13   28  101    1
36  0.8657543 1.5263393 0.216867470    2   13   31   98    1
41  0.8593479 1.4955443 0.216867470    2   13   31   98    1
62  0.8673875 1.2430380 0.216867470    2   13   31   98    1
86  0.9179207 1.9818186 0.225000000    3   13   32   97    1
46  0.9420211 2.1433271 0.265060241    2   13   33   96    1
63  0.9717873 0.9822712 0.289156627    2   13   34   95    1
4   0.9597733 0.7160033 0.290598291    1   13   35   94    1
135 1.0698851 0.4771213 0.327102804    4   13   36   93    1
111 1.0361163 0.4771213 0.375000000    3   13   39   90    1
113 1.0303900 1.4132998 0.375000000    3   13   39   90    1
117 1.0424799 1.2718416 0.375000000    3   13   39   90    1
130 1.1306846 0.8750613 0.383177570    4   13   40   89    1
47  1.0265151 1.5327544 0.385542169    2   13   41   88    1
133 1.1483022 1.0863598 0.392523364    4   13   42   87    1
37  1.0414069 0.9294189 0.409638554    2   13   43   86    1
134 1.1647526 1.2380461 0.411214953    4   13   45   84    1
139 1.1780402 0.7160033 0.411214953    4   13   45   84    1
75  1.0755480 0.9344985 0.412500000    3   13   46   83    1
84  1.1085493 0.0000000 0.425000000    3   13   47   82    1
44  1.0605452 1.5717088 0.457831325    2   13   49   80    1
58  1.0641436 2.1251558 0.457831325    2   13   49   80    1
78  1.1698791 1.0413927 0.462500000    3   13   53   76    1
94  1.1903446 0.7993405 0.462500000    3   13   53   76    1
115 1.2268724 0.6127839 0.462500000    3   13   53   76    1
121 1.2302840 0.3010300 0.462500000    3   13   53   76    1
125 1.2156683 0.6127839 0.467289720    4   13   54   75    1
114 1.2395181 2.3040595 0.475000000    3   13   55   74    1
70  1.2471374 1.6812412 0.487500000    3   13   57   72    1
93  1.2504408 1.7489629 0.487500000    3   13   57   72    1
107 1.2558213 1.3483049 0.500000000    3   13   58   71    1
9   1.1887215 1.6314438 0.504273504    1   13   59   70    1
71  1.2633502 0.7993405 0.512500000    3   13   60   69    1
87  1.2954009 0.0000000 0.550000000    3   13   61   68    1
54  1.1453119 1.7656686 0.566265060    2   13   62   67    1
83  1.3098556 0.6127839 0.575000000    3   13   64   65    1
91  1.3163969 0.9912261 0.575000000    3   13   64   65    1
22  1.1740321 1.0374265 0.590361446    2   13   65   64    1
99  1.3343388 1.5378191 0.600000000    3   13   66   63    1
29  1.1792556 1.9947569 0.602409639    2   12   68   61    2
43  1.2130026 2.4637437 0.602409639    2   12   68   61    2
65  1.2078255 1.3856063 0.602409639    2   12   68   61    2
110 1.3502424 1.3283796 0.612500000    3   12   69   60    2
92  1.3566931 1.2329961 0.625000000    3   12   72   57    2
104 1.3651374 1.2718416 0.625000000    3   12   72   57    2
108 1.3625479 0.7993405 0.625000000    3   12   72   57    2
18  1.2397739 1.4248816 0.626506024    2   12   73   56    2
112 1.3784686 1.2068259 0.637500000    3   12   74   55    2
61  1.2633092 0.3010300 0.638554217    2   12   75   54    2
28  1.2777936 2.0652061 0.650602410    2   12   78   51    2
39  1.2657064 1.0827854 0.650602410    2   12   78   51    2
66  1.2751265 0.9084850 0.650602410    2   12   78   51    2
59  1.2817269 0.9867717 0.662650602    2   12   79   50    2
126 1.3960653 0.3010300 0.672897196    4   12   80   49    2
90  1.4257475 1.9344985 0.687500000    3   12   82   47    2
118 1.4441098 0.4913617 0.687500000    3   12   82   47    2
2   1.3531972 0.3010300 0.700854701    1   12   84   45    2
7   1.3579221 1.0253059 0.700854701    1   12   84   45    2
124 1.4349169 0.6127839 0.700934579    4   12   85   44    2
127 1.4532904 0.0000000 0.719626168    4   12   86   43    2
76  1.4944093 1.8920946 0.737500000    3   12   90   39    2
105 1.4803690 2.1760913 0.737500000    3   12   90   39    2
106 1.4952644 1.5611014 0.737500000    3   12   90   39    2
119 1.4895281 1.7092700 0.737500000    3   12   90   39    2
122 1.4820418 1.3961993 0.757009346    4   12   92   37    2
128 1.4848317 1.6875290 0.757009346    4   12   92   37    2
85  1.5262445 1.0827854 0.762500000    3   12   93   36    2
109 1.5367205 1.0827854 0.775000000    3   12   94   35    2
8   1.4038578 2.0557605 0.786324786    1   12   95   34    2
69  1.6094405 1.8948697 0.787500000    3   12   97   32    2
100 1.5978159 0.0000000 0.787500000    3   12   97   32    2
103 1.6482144 2.1844075 0.800000000    3   12   98   31    2
67  1.3842307 1.2201081 0.807228916    2   12   99   30    2
138 1.5997509 0.0000000 0.813084112    4   12  100   29    2
96  1.7020222 0.7993405 0.825000000    3   12  101   28    2
40  1.4512117 1.5502284 0.831325301    2   12  107   22    2
50  1.4380294 1.2068259 0.831325301    2   12  107   22    2
53  1.4535989 1.7737864 0.831325301    2   12  107   22    2
57  1.5027783 2.1316187 0.831325301    2   12  107   22    2
64  1.4216057 1.2624511 0.831325301    2   12  107   22    2
68  1.4333587 2.2105860 0.831325301    2   12  107   22    2
21  1.5333504 2.8121108 0.843373494    2   10  109   20    4
48  1.5699873 2.6889535 0.843373494    2   10  109   20    4
49  1.5767365 1.1205739 0.843373494    2   10  109   20    4
60  1.5391190 0.4913617 0.843373494    2   10  109   20    4
120 1.7614402 0.4913617 0.850000000    3   10  110   19    4
136 1.7974232 1.7581546 0.878504673    4   10  111   18    4
1   1.6524336 1.5440680 0.888888889    1   10  113   16    4
11  1.6478772 1.9818186 0.888888889    1   10  113   16    4
31  1.7406965 1.9585639 0.891566265    2   10  115   14    4
56  1.7470527 1.3031961 0.891566265    2   10  115   14    4
137 1.8509319 2.3040595 0.897196262    4   10  116   13    4
98  1.8610092 1.4393327 0.900000000    3   10  117   12    4
88  1.8773324 1.5717088 0.912500000    3   10  118   11    4
15  1.7150153 1.9947569 0.914529915    1   10  119   10    4
123 1.9426784 1.2380461 0.925233645    4   10  120    9    4
95  1.9010315 1.0827854 0.937500000    3   10  121    8    4
30  1.8639974 2.6637951 0.951807229    2    9  121    8    5
5   1.9677475 2.5880475 0.965811966    1    8  123    6    6
6   1.9302781 2.0338257 0.965811966    1    8  123    6    6
14  1.9281084 1.6748611 0.965811966    1    8  123    6    6
17  1.9668043 2.1316187 0.975903614    2    7  124    5    7
52  1.9726235 2.8367670 0.975903614    2    7  124    5    7
3   2.1109306 2.5884958 0.982905983    1    6  124    5    8
97  1.9674495 1.0791812 0.987500000    3    6  125    4    8
16  2.1978516 1.9329808 0.987951807    2    6  126    3    8
10  3.1307937 3.3837436 1.000000000    1    0  129    0   14
55  2.7400193 3.1503265 1.000000000    2    0  129    0   14
79  2.8368065 1.8000294 1.000000000    3    0  129    0   14
80  3.0510240 3.2387735 1.000000000    3    0  129    0   14
81  6.1908655 2.9641653 1.000000000    3    0  129    0   14
82  2.5239787 2.5375673 1.000000000    3    0  129    0   14
89  2.2872918 0.3010300 1.000000000    3    0  129    0   14
101 3.7535759 2.4485517 1.000000000    3    0  129    0   14
102 2.1572289 1.5327544 1.000000000    3    0  129    0   14
# predperf: 
  tpos tneg fpos fneg
1    3   10    2    0
2    3   42    4    4
3    4   42    7    0
4    0   19    3    0
