# Seed = 882
# Site = hika
# Method = adapt-select
# Area under ROC curve = 0.73847619047619
# aggregate.tpos = 22
# aggregate.tneg = 103
# aggregate.fpos = 22
# aggregate.fneg = 20
# variables: WaveHeightDirection_Mean_1_perp, WaveHeightDirection_Mean_24_perp, Sqrt.Precipitation.over.upload.ManitowocR.Sum..120hr, Sqrt.Precipitation.over.upload.hika.Sum..12hr, Sqrt.Precipitation.over.upload.hika.Sum..48hr, log.beach_TurbidityBeach
# thresholding specificity: 0.830645161290323
# decision threshold: 2.13675978171663
# full results: 
    predicted    actual   threshold fold tpos tneg fpos fneg
71   1.402943 0.3010300 0.000000000   71   41    1  124    1
81   1.274482 2.5161386 0.000000000   81   41    1  124    1
73   1.457183 0.3010300 0.008064516   73   41    2  123    1
89   1.479745 0.0000000 0.016129032   89   41    3  122    1
78   1.479028 1.0374265 0.024193548   78   41    4  121    1
28   1.428536 1.6532125 0.032258065   28   41    5  120    1
52   1.492020 1.3483049 0.040322581   52   41    6  119    1
62   1.500453 1.4712917 0.048387097   62   41    7  118    1
50   1.497249 1.4593925 0.056451613   50   41    8  117    1
55   1.487803 1.9020029 0.064516129   55   41    9  116    1
72   1.504269 1.5786392 0.080645161   72   41   10  115    1
140  1.532843 1.9138139 0.112903226  140   41   11  114    1
32   1.539068 1.3579348 0.120967742   32   41   14  111    1
101  1.542820 2.1734776 0.120967742  101   41   14  111    1
150  1.580312 0.3010300 0.120967742  150   41   14  111    1
31   1.554746 1.1430148 0.137096774   31   41   17  108    1
91   1.532849 1.7986506 0.137096774   91   41   17  108    1
128  1.592356 0.6127839 0.137096774  128   41   17  108    1
131  1.600592 0.8512583 0.145161290  131   41   18  107    1
42   1.562704 2.4637437 0.160000000   42   40   18  107    2
110  1.568459 1.6866363 0.169354839  110   40   19  106    2
38   1.618123 0.3010300 0.177419355   38   40   21  104    2
79   1.566694 1.1643529 0.177419355   79   40   21  104    2
67   1.586056 0.6127839 0.185483871   67   40   23  102    2
152  1.580114 1.4183013 0.185483871  152   40   23  102    2
108  1.586523 1.3384565 0.193548387  108   40   24  101    2
88   1.584321 1.5263393 0.201612903   88   40   25  100    2
5    1.597885 1.7767012 0.209677419    5   40   28   97    2
137  1.571851 2.3310222 0.209677419  137   40   28   97    2
151  1.577696 2.1448854 0.209677419  151   40   28   97    2
157  1.609960 1.4742163 0.217741935  157   40   29   96    2
9    1.672406 0.3010300 0.250000000    9   40   31   94    2
54   1.629451 1.3710679 0.250000000   54   40   31   94    2
60   1.647774 2.1027766 0.258064516   60   40   32   93    2
53   1.657443 2.2355284 0.266129032   53   40   34   91    2
68   1.656465 1.3979400 0.266129032   68   40   34   91    2
57   1.631384 3.3837436 0.272000000   57   39   34   91    3
22   1.657453 2.2000293 0.282258065   22   39   36   89    3
132  1.688711 0.3010300 0.282258065  132   39   36   89    3
27   1.702839 0.7993405 0.290322581   27   39   38   87    3
87   1.663610 1.6928469 0.290322581   87   39   38   87    3
64   1.693118 2.1598678 0.298387097   64   39   41   84    3
109  1.706589 1.3891661 0.298387097  109   39   41   84    3
122  1.694618 0.9030900 0.298387097  122   39   41   84    3
106  1.710480 1.4756712 0.314516129  106   39   42   83    3
105  1.732582 1.3856063 0.338709677  105   39   44   81    3
113  1.724615 1.5888317 0.338709677  113   39   44   81    3
86   1.731811 1.5024271 0.354838710   86   39   45   80    3
43   1.739575 1.3961993 0.362903226   43   39   46   79    3
149  1.739920 1.8129134 0.370967742  149   39   47   78    3
48   1.747226 1.8469553 0.379032258   48   39   48   77    3
21   1.760422 2.5375673 0.384000000    2   38   48   77    4
14   1.761091 2.0297895 0.395161290   14   38   51   74    4
147  1.749006 2.0874265 0.395161290  147   38   51   74    4
163  1.752141 1.6294096 0.395161290  163   38   51   74    4
26   1.767169 1.1643529 0.403225806   26   38   53   72    4
107  1.767380 1.3384565 0.403225806  107   38   53   72    4
35   1.765868 2.2796669 0.411290323   35   38   54   71    4
77   1.783003 2.6887757 0.448000000   77   37   54   71    5
160  1.810287 1.0791812 0.467741935  160   37   55   70    5
25   1.799944 2.1804126 0.475806452   25   37   60   65    5
33   1.807580 1.3820170 0.475806452   33   37   60   65    5
36   1.799875 1.5024271 0.475806452   36   37   60   65    5
51   1.799813 1.6884198 0.475806452   51   37   60   65    5
114  1.801294 2.2309596 0.475806452  114   37   60   65    5
17   1.802777 2.4834446 0.480000000   17   36   60   65    6
164  1.806716 1.6314438 0.483870968  164   36   61   64    6
156  1.789456 3.1911994 0.488000000  156   35   61   64    7
100  1.815280 2.7271344 0.512000000  100   34   61   64    8
12   1.831204 1.1172713 0.524193548   12   34   64   61    8
37   1.815536 1.7024305 0.524193548   37   34   64   61    8
143  1.813351 1.6599162 0.524193548  143   34   64   61    8
103  1.822578 3.2980448 0.528000000  103   33   64   61    9
98   1.837211 1.5670264 0.532258065   98   33   66   59    9
133  1.824973 1.5538830 0.532258065  133   33   66   59    9
11   1.849354 1.3765770 0.540322581   11   33   67   58    9
167  1.844538 1.7371926 0.548387097  167   33   68   57    9
162  1.836209 2.1386184 0.556451613  162   33   69   56    9
211  1.858041 2.6134189 0.568000000   21   30   69   56   12
104  1.849141 3.3837436 0.568000000  104   30   69   56   12
146  1.853186 2.5779511 0.568000000  146   30   69   56   12
83   1.882314 0.4913617 0.572580645   83   30   70   55   12
40   1.869755 1.6009729 0.580645161   40   30   72   53   12
127  1.868762 1.4116197 0.580645161  127   30   72   53   12
99   1.885168 3.3837436 0.592000000   99   28   72   53   14
135  1.886099 2.7629785 0.592000000  135   28   72   53   14
138  1.876625 2.4350476 0.600000000  138   27   72   53   15
6    1.902525 1.5717088 0.604838710    6   27   74   51   15
15   1.888274 1.8920946 0.604838710   15   27   74   51   15
153  1.895670 1.5440680 0.620967742  153   27   75   50   15
70   1.911902 1.8000294 0.629032258   70   27   77   48   15
129  1.921817 1.3263359 0.629032258  129   27   77   48   15
92   1.915657 1.9576073 0.637096774   92   27   78   47   15
10   1.910291 2.5880475 0.640000000   10   26   78   47   16
69   1.920492 1.6866363 0.645161290   69   26   79   46   16
74   1.928894 1.9484130 0.653225806   74   26   80   45   16
75   1.931854 1.9703469 0.669354839   75   26   81   44   16
23   1.942284 2.1664301 0.677419355   23   26   83   42   16
154  1.946988 1.4653829 0.677419355  154   26   83   42   16
141  1.951435 2.0338257 0.693548387  141   26   84   41   16
145  1.966053 1.5843312 0.701612903  145   26   85   40   16
102  1.970648 1.2944662 0.709677419  102   26   87   38   16
139  1.965645 1.7853298 0.709677419  139   26   87   38   16
16   1.956173 3.3837436 0.712000000   16   25   87   38   17
61   1.969837 1.9355073 0.725806452   61   25   89   36   17
120  1.972813 1.7535831 0.725806452  120   25   89   36   17
121  1.989324 1.3344538 0.733870968  121   25   91   34   17
148  1.989892 0.4913617 0.733870968  148   25   91   34   17
44   2.004493 2.0338257 0.741935484   44   25   93   32   17
76   2.004219 2.0406023 0.741935484   76   25   93   32   17
90   2.010176 1.5158738 0.750000000   90   25   94   31   17
166  2.029953 1.8394780 0.774193548  166   25   95   30   17
4    2.030418 3.2980448 0.776000000    4   23   95   30   19
158  2.022166 2.8865471 0.776000000  158   23   95   30   19
58   2.021466 2.3583156 0.782258065   58   23   96   29   19
39   2.023542 2.3398488 0.790322581   39   23   98   27   19
130  2.044819 1.4248816 0.790322581  130   23   98   27   19
24   2.056973 2.8121108 0.808000000   24   22   98   27   20
84   2.064049 1.1271048 0.814516129   84   22  100   25   20
144  2.061837 1.7972675 0.814516129  144   22  100   25   20
34   2.078638 2.2671717 0.830645161   34   22  103   22   20
134  2.090835 1.6314438 0.830645161  134   22  103   22   20
155  2.090197 1.2988531 0.830645161  155   22  103   22   20
30   2.137120 1.6042261 0.846774194   30   22  105   20   20
142  2.099360 1.2041200 0.846774194  142   22  105   20   20
85   2.134448 2.1525941 0.854838710   85   22  106   19   20
8    2.123078 3.3837436 0.856000000    8   20  106   19   22
66   2.139584 2.6190933 0.856000000   66   20  106   19   22
19   2.162647 2.2367891 0.879032258   19   20  109   16   22
96   2.178521 1.8870544 0.879032258   96   20  109   16   22
123  2.171063 1.7041505 0.879032258  123   20  109   16   22
59   2.190059 2.2000293 0.887096774   59   20  110   15   22
20   2.185771 1.5263393 0.895161290   20   20  111   14   22
3    2.168772 3.3837436 0.896000000    3   19  111   14   23
63   2.203493 2.1433271 0.903225806   63   19  112   13   23
29   2.221427 1.8709888 0.911290323   29   19  114   11   23
80   2.221796 1.9355073 0.911290323   80   19  114   11   23
41   2.224757 2.0318123 0.919354839   41   19  115   10   23
2    2.220374 2.5366847 0.920000000    1   17  115   10   25
165  2.239489 3.2387735 0.920000000  165   17  115   10   25
161  2.254491 1.9943172 0.927419355  161   17  116    9   25
45   2.240003 2.9914033 0.928000000   45   16  116    9   26
111  2.303174 2.2387986 0.935483871  111   16  117    8   26
56   2.253545 3.3837436 0.936000000   56   15  117    8   27
115  2.320595 2.9825426 0.944000000  115   13  117    8   29
159  2.326521 2.3769418 0.944000000  159   13  117    8   29
49   2.276013 3.3837436 0.952000000   49   12  117    8   30
13   2.321186 2.5627685 0.960000000   13   11  117    8   31
97   2.335538 2.2387986 0.967741935   97   11  120    5   31
118  2.356846 1.8095597 0.967741935  118   11  120    5   31
136  2.332088 2.3218055 0.967741935  136   11  120    5   31
7    2.429825 2.4350476 0.968000000    7    8  120    5   34
46   2.306397 2.7136585 0.968000000   46    8  120    5   34
112  2.388971 2.4201208 0.968000000  112    8  120    5   34
124  2.474053 1.9283959 0.975806452  124    8  121    4   34
126  2.447195 3.3837436 0.976000000  126    7  121    4   35
65   2.501627 2.3380579 0.983870968   65    7  123    2   35
82   2.570784 1.6665180 0.983870968   82    7  123    2   35
116  2.680695 3.3837436 0.984000000  116    5  123    2   37
119  2.615106 3.3837436 0.984000000  119    5  123    2   37
95   2.708268 2.2631625 0.991935484   95    5  124    1   37
47   2.967766 2.7567882 0.992000000   47    3  124    1   39
117  2.673858 3.0048371 0.992000000  117    3  124    1   39
18   3.481111 3.3837436 1.000000000   18    0  125    0   42
93   3.096725 2.3174365 1.000000000   93    0  125    0   42
94   3.110484 3.3837436 1.000000000   94    0  125    0   42
125  3.013765 3.3837436 1.000000000  125    0  125    0   42
