# Seed = 882
# Site = hika
# Method = spls-select
# Area under ROC curve = 0.66952380952381
# aggregate.tpos = 21
# aggregate.tneg = 91
# aggregate.fpos = 34
# aggregate.fneg = 21
# variables: beach_WaveHeightManual, Manitowoc_Discharge_Diff_6, CloudCover_Mean_1, CloudCover_Mean_2, CloudCover_Mean_6, CloudCover_Mean_12, CloudCover_Mean_24, CloudCover_Mean_48, HeightAboveSeaLevel_Max_24, CurrentSurface_Mean_120_perp, WaveHeight_Mean_1, WaveHeight_Mean_2, WaveHeight_Mean_6, WaveHeight_Mean_12, WaveHeight_Mean_24, WaveHeightDirection_Mean_1_perp, WaveHeightDirection_Mean_2_perp, WaveHeightDirection_Mean_6_perp, WaveHeightDirection_Mean_12_perp, WaveHeightDirection_Mean_24_perp, WaveDirection_Mean_1_perp, WaveDirection_Mean_2_perp, WaveDirection_Mean_6_perp, WaveDirection_Mean_12_perp, WaveDirection_Mean_24_perp, Wind_Mean_1_perp, Wind_Mean_2_perp, Wind_Mean_6_perp, Wind_Mean_12_perp, Wind_Mean_24_perp, AirTemperature_StDev_6, AirTemperature_StDev_24, AirTemperature_StDev_48, AirTemperature_StDev_72, Sqrt.Precipitation.over.upload.ManitowocR.Sum..6hr, Sqrt.Precipitation.over.upload.ManitowocR.Sum..12hr, Sqrt.Precipitation.over.upload.ManitowocR.Sum..24hr, Sqrt.Precipitation.over.upload.ManitowocR.Sum..48hr, Sqrt.Precipitation.over.upload.ManitowocR.Sum..72hr, Sqrt.Precipitation.over.upload.ManitowocR.Sum..120hr, Sqrt.Precipitation.over.upload.hika.Sum..6hr, Sqrt.Precipitation.over.upload.hika.Sum..12hr, Sqrt.Precipitation.over.upload.hika.Sum..24hr, Sqrt.Precipitation.over.upload.hika.Sum..48hr, Sqrt.Precipitation.over.upload.hika.Sum..72hr, Sqrt.Precipitation.over.upload.hika.Sum..120hr, log.Sheboygan_Discharge_Mean_1, log.Sheboygan_Discharge_Mean_2, log.Sheboygan_Discharge_Mean_6, log.Sheboygan_Discharge_Mean_12, log.Sheboygan_Discharge_Min_1, log.Sheboygan_Discharge_Min_2, log.Sheboygan_Discharge_Min_6, log.Sheboygan_Discharge_Max_24, log.beach_TurbidityBeach, beach_WindVector_perp
# thresholding specificity: 0.744
# decision threshold: 1.97218637254701
# full results: 
    predicted    actual   threshold fold tpos tneg fpos fneg
31   1.234057 1.1430148 0.000000000   31   42    1  124    0
28   1.200807 1.6532125 0.008064516   28   42    3  122    0
50   1.552351 1.4593925 0.008064516   50   42    3  122    0
73   1.370134 0.3010300 0.016129032   73   42    4  121    0
81   1.416624 2.5161386 0.024000000   81   41    4  121    1
78   1.373079 1.0374265 0.032258065   78   41    5  120    1
32   1.324662 1.3579348 0.040322581   32   41    6  119    1
89   1.403699 0.0000000 0.048387097   89   41    7  118    1
42   1.445346 2.4637437 0.072000000   42   40    7  118    2
79   1.459437 1.1643529 0.080645161   79   40    8  117    2
60   1.640360 2.1027766 0.088709677   60   40   11  114    2
67   1.607978 0.6127839 0.088709677   67   40   11  114    2
71   1.474259 0.3010300 0.088709677   71   40   11  114    2
9    1.637617 0.3010300 0.096774194    9   40   14  111    2
52   1.465414 1.3483049 0.096774194   52   40   14  111    2
108  1.610371 1.3384565 0.096774194  108   40   14  111    2
38   1.498619 0.3010300 0.104838710   38   40   15  110    2
4    1.533674 3.2980448 0.112000000    4   39   15  110    3
55   1.545289 1.9020029 0.112903226   55   39   16  109    3
57   1.607567 3.3837436 0.120000000   57   38   16  109    4
22   1.536331 2.2000293 0.120967742   22   38   17  108    4
54   1.706484 1.3710679 0.145161290   54   38   19  106    4
131  1.528011 0.8512583 0.145161290  131   38   19  106    4
110  1.536734 1.6866363 0.153225806  110   38   20  105    4
72   1.646076 1.5786392 0.161290323   72   38   22  103    4
91   1.652929 1.7986506 0.161290323   91   38   22  103    4
27   1.559089 0.7993405 0.169354839   27   38   24  101    4
140  1.538208 1.9138139 0.169354839  140   38   24  101    4
48   1.649145 1.8469553 0.177419355   48   38   27   98    4
150  1.740424 0.3010300 0.177419355  150   38   27   98    4
162  1.521638 2.1386184 0.177419355  162   38   27   98    4
101  1.659538 2.1734776 0.185483871  101   38   28   97    4
21   1.707159 2.5375673 0.192000000    2   37   28   97    5
53   1.594117 2.2355284 0.193548387   53   37   29   96    5
35   1.555059 2.2796669 0.217741935   35   37   32   93    5
88   1.551839 1.5263393 0.217741935   88   37   32   93    5
152  1.750312 1.4183013 0.217741935  152   37   32   93    5
132  1.591916 0.3010300 0.250000000  132   37   33   92    5
122  1.708499 0.9030900 0.258064516  122   37   34   91    5
33   1.581484 1.3820170 0.266129032   33   37   36   89    5
157  1.635880 1.4742163 0.266129032  157   37   36   89    5
75   1.619867 1.9703469 0.290322581   75   37   37   88    5
102  1.630966 1.2944662 0.306451613  102   37   38   87    5
64   1.750856 2.1598678 0.314516129   64   37   41   84    5
151  1.769440 2.1448854 0.314516129  151   37   41   84    5
160  1.682840 1.0791812 0.314516129  160   37   41   84    5
6    1.751596 1.5717088 0.338709677    6   37   43   82    5
87   1.645792 1.6928469 0.338709677   87   37   43   82    5
5    1.778928 1.7767012 0.346774194    5   37   44   81    5
43   1.789945 1.3961993 0.354838710   43   37   45   80    5
100  1.652768 2.7271344 0.368000000  100   35   45   80    7
138  1.751353 2.4350476 0.368000000  138   35   45   80    7
26   1.716719 1.1643529 0.370967742   26   35   46   79    7
62   1.676331 1.4712917 0.379032258   62   35   48   77    7
105  1.793700 1.3856063 0.379032258  105   35   48   77    7
83   1.833129 0.4913617 0.411290323   83   35   49   76    7
14   1.733398 2.0297895 0.419354839   14   35   50   75    7
24   1.802533 2.8121108 0.432000000   24   33   50   75    9
156  1.788613 3.1911994 0.432000000  156   33   50   75    9
36   1.847132 1.5024271 0.443548387   36   33   51   74    9
20   1.808093 1.5263393 0.451612903   20   33   52   73    9
109  1.816103 1.3891661 0.467741935  109   33   54   71    9
127  1.853146 1.4116197 0.467741935  127   33   54   71    9
104  1.720466 3.3837436 0.472000000  104   32   54   71   10
133  1.782828 1.5538830 0.475806452  133   32   55   70   10
103  1.831204 3.2980448 0.480000000  103   31   55   70   11
147  1.863484 2.0874265 0.491935484  147   31   56   69   11
12   1.862967 1.1172713 0.500000000   12   31   58   67   11
128  1.858904 0.6127839 0.500000000  128   31   58   67   11
146  1.857029 2.5779511 0.504000000  146   30   58   67   12
139  1.874970 1.7853298 0.516129032  139   30   60   65   12
164  1.772651 1.6314438 0.516129032  164   30   60   65   12
107  1.789047 1.3384565 0.524193548  107   30   61   64   12
11   1.882177 1.3765770 0.540322581   11   30   64   61   12
98   1.881871 1.5670264 0.540322581   98   30   64   61   12
113  1.889833 1.5888317 0.540322581  113   30   64   61   12
25   1.857087 2.1804126 0.548387097   25   30   65   60   12
23   1.855732 2.1664301 0.556451613   23   30   68   57   12
106  1.884120 1.4756712 0.556451613  106   30   68   57   12
149  1.858307 1.8129134 0.556451613  149   30   68   57   12
86   1.891205 1.5024271 0.564516129   86   30   69   56   12
77   1.853732 2.6887757 0.568000000   77   29   69   56   13
68   1.859390 1.3979400 0.572580645   68   29   70   55   13
17   1.881337 2.4834446 0.576000000   17   28   70   55   14
69   1.900283 1.6866363 0.580645161   69   28   71   54   14
51   1.909706 1.6884198 0.596774194   51   28   72   53   14
211  1.851730 2.6134189 0.600000000   21   26   72   53   16
99   1.900368 3.3837436 0.600000000   99   26   72   53   16
40   1.919283 1.6009729 0.604838710   40   26   74   51   16
167  1.879421 1.7371926 0.604838710  167   26   74   51   16
158  1.866000 2.8865471 0.608000000  158   25   74   51   17
10   1.907479 2.5880475 0.616000000   10   23   74   51   19
16   1.928774 3.3837436 0.616000000   16   23   74   51   19
37   1.932091 1.7024305 0.637096774   37   23   75   50   19
135  1.911542 2.7629785 0.640000000  135   22   75   50   20
153  1.912994 1.5440680 0.645161290  153   22   76   49   20
70   1.925082 1.8000294 0.661290323   70   22   78   47   20
129  1.925767 1.3263359 0.661290323  129   22   78   47   20
114  1.965672 2.2309596 0.677419355  114   22   80   45   20
137  1.932682 2.3310222 0.677419355  137   22   80   45   20
96   1.971792 1.8870544 0.685483871   96   22   82   43   20
141  1.933146 2.0338257 0.685483871  141   22   82   43   20
144  1.994462 1.7972675 0.693548387  144   22   83   42   20
61   1.998194 1.9355073 0.701612903   61   22   84   41   20
120  1.980134 1.7535831 0.709677419  120   22   85   40   20
74   1.976907 1.9484130 0.717741935   74   22   86   39   20
121  2.044061 1.3344538 0.733870968  121   22   88   37   20
145  2.047590 1.5843312 0.733870968  145   22   88   37   20
15   2.057361 1.8920946 0.741935484   15   22   91   34   20
30   2.005391 1.6042261 0.741935484   30   22   91   34   20
143  2.036364 1.6599162 0.741935484  143   22   91   34   20
8    2.072456 3.3837436 0.744000000    8   21   91   34   21
49   2.042050 3.3837436 0.760000000   49   19   91   34   23
112  2.069472 2.4201208 0.760000000  112   19   91   34   23
123  2.069273 1.7041505 0.766129032  123   19   95   30   23
130  2.035069 1.4248816 0.766129032  130   19   95   30   23
142  2.068727 1.2041200 0.766129032  142   19   95   30   23
154  2.023093 1.4653829 0.766129032  154   19   95   30   23
39   2.083714 2.3398488 0.774193548   39   19   96   29   23
63   2.067587 2.1433271 0.790322581   63   19   98   27   23
134  2.056327 1.6314438 0.790322581  134   19   98   27   23
29   2.057126 1.8709888 0.806451613   29   19  101   24   23
34   2.106273 2.2671717 0.806451613   34   19  101   24   23
111  2.099089 2.2387986 0.806451613  111   19  101   24   23
136  2.133789 2.3218055 0.814516129  136   19  102   23   23
163  2.163927 1.6294096 0.822580645  163   19  103   22   23
80   2.160134 1.9355073 0.838709677   80   19  104   21   23
41   2.229573 2.0318123 0.846774194   41   19  106   19   23
155  2.161024 1.2988531 0.846774194  155   19  106   19   23
92   2.239468 1.9576073 0.854838710   92   19  107   18   23
58   2.198194 2.3583156 0.862903226   58   19  109   16   23
166  2.128939 1.8394780 0.862903226  166   19  109   16   23
45   2.153100 2.9914033 0.872000000   45   16  109   16   26
66   2.186348 2.6190933 0.872000000   66   16  109   16   26
115  2.239098 2.9825426 0.872000000  115   16  109   16   26
90   2.156768 1.5158738 0.879032258   90   16  110   15   26
59   2.253720 2.2000293 0.887096774   59   16  111   14   26
7    2.205016 2.4350476 0.896000000    7   15  111   14   27
44   2.123856 2.0338257 0.903225806   44   15  112   13   27
165  2.142131 3.2387735 0.904000000  165   14  112   13   28
84   2.325955 1.1271048 0.911290323   84   14  113   12   28
2    2.370085 2.5366847 0.912000000    1   13  113   12   29
85   2.176833 2.1525941 0.919354839   85   13  115   10   29
148  2.367029 0.4913617 0.919354839  148   13  115   10   29
46   2.263440 2.7136585 0.936000000   46   11  115   10   31
116  2.412900 3.3837436 0.936000000  116   11  115   10   31
76   2.302999 2.0406023 0.943548387   76   11  117    8   31
118  2.430318 1.8095597 0.943548387  118   11  117    8   31
159  2.234977 2.3769418 0.944000000  159   10  117    8   32
19   2.373898 2.2367891 0.951612903   19   10  119    6   32
82   2.414350 1.6665180 0.951612903   82   10  119    6   32
65   2.370437 2.3380579 0.959677419   65   10  121    4   32
124  2.299257 1.9283959 0.959677419  124   10  121    4   32
56   2.498581 3.3837436 0.960000000   56    7  121    4   35
119  2.548315 3.3837436 0.960000000  119    7  121    4   35
126  2.332161 3.3837436 0.960000000  126    7  121    4   35
3    2.544324 3.3837436 0.968000000    3    5  121    4   37
13   2.545778 2.5627685 0.968000000   13    5  121    4   37
97   2.558166 2.2387986 0.983870968   97    5  122    3   37
95   2.667379 2.2631625 0.991935484   95    5  124    1   37
161  2.414631 1.9943172 0.991935484  161    5  124    1   37
117  2.927900 3.0048371 0.992000000  117    4  124    1   38
18   3.457828 3.3837436 1.000000000   18    0  125    0   42
47   2.731442 2.7567882 1.000000000   47    0  125    0   42
93   3.074427 2.3174365 1.000000000   93    0  125    0   42
94   2.446439 3.3837436 1.000000000   94    0  125    0   42
125  2.734113 3.3837436 1.000000000  125    0  125    0   42
