# Seed = 392
# Site = thompson
# Method = galogistic-unweighted
# Area under ROC curve = 0.395348837209302
# aggregate.tpos = 0
# aggregate.tneg = 129
# aggregate.fpos = 0
# aggregate.fneg = 14
# variables: beach_WaterTemp, Wind_Mean_12_perp, Wind_Mean_2_par, Sqrt.Precipitation.over.upload.Thompson.Sum..12hr, Sqrt.Precipitation.over.upload.Thompson.Sum..24hr, log.beach_TurbidityBeach
# thresholding specificity: 1
# decision threshold: 1
# full results: 
       predicted    actual threshold fold tpos tneg fpos fneg
2   -4177.904984 1.5440680         0    1    6  119   10    8
21   -744.945831 0.3010300         0    2    6  119   10    8
3    -257.920740 2.5884958         0    3    6  119   10    8
4   -1301.457061 0.7160033         0    4    6  119   10    8
5   -1075.386268 2.5880475         0    5    6  119   10    8
6    -843.371527 2.0338257         0    6    6  119   10    8
7    -489.053054 1.0253059         0    7    6  119   10    8
8    -261.031757 2.0557605         0    8    6  119   10    8
9   -2246.688737 1.6314438         0    9    6  119   10    8
11   -189.667739 1.9818186         0   11    6  119   10    8
12  -1939.647699 1.2671717         0   12    6  119   10    8
13  -3927.617943 1.4132998         0   13    6  119   10    8
15   -261.704562 1.9947569         0   15    6  119   10    8
16   -680.389566 1.9329808         0   16    6  119   10    8
17   -667.548645 2.1316187         0   17    6  119   10    8
18  -1962.268499 1.4248816         0   18    6  119   10    8
19    -18.998123 0.3010300         0   19    6  119   10    8
20   -400.780440 0.0000000         0   20    6  119   10    8
22   -201.197952 1.0374265         0   22    6  119   10    8
23  -4069.736730 1.3483049         0   23    6  119   10    8
24   -506.884174 0.0000000         0   24    6  119   10    8
25  -1338.162144 0.9242793         0   25    6  119   10    8
26   -570.037191 0.0000000         0   26    6  119   10    8
27   -160.041919 0.4771213         0   27    6  119   10    8
28   -403.533868 2.0652061         0   28    6  119   10    8
30  -3217.739876 2.6637951         0   30    6  119   10    8
31  -1792.703868 1.9585639         0   31    6  119   10    8
32   -443.054745 0.7160033         0   32    6  119   10    8
33  -1301.734940 0.0000000         0   33    6  119   10    8
34   -250.280203 0.0000000         0   34    6  119   10    8
35    -29.654355 1.6138418         0   35    6  119   10    8
36   -387.932629 1.5263393         0   36    6  119   10    8
37   -168.166072 0.9294189         0   37    6  119   10    8
38  -1527.561949 0.0000000         0   38    6  119   10    8
39   -160.646492 1.0827854         0   39    6  119   10    8
41   -297.933654 1.4955443         0   41    6  119   10    8
42  -3177.671226 1.4456042         0   42    6  119   10    8
43    -99.413590 2.4637437         0   43    6  119   10    8
44   -176.099939 1.5717088         0   44    6  119   10    8
45   -727.871582 3.0196147         0   45    6  119   10    8
46    -33.829612 2.1433271         0   46    6  119   10    8
47   -315.456600 1.5327544         0   47    6  119   10    8
49  -1589.457591 1.1205739         0   49    6  119   10    8
50   -682.035646 1.2068259         0   50    6  119   10    8
51   -323.476625 0.3010300         0   51    6  119   10    8
52     -7.443935 2.8367670         0   52    6  119   10    8
53   -210.238295 1.7737864         0   53    6  119   10    8
54   -211.749091 1.7656686         0   54    6  119   10    8
57   -187.363729 2.1316187         0   57    6  119   10    8
59   -510.498579 0.9867717         0   59    6  119   10    8
60   -266.970240 0.4913617         0   60    6  119   10    8
61  -3161.244970 0.3010300         0   61    6  119   10    8
62   -184.649633 1.2430380         0   62    6  119   10    8
63  -1214.805863 0.9822712         0   63    6  119   10    8
64   -229.276408 1.2624511         0   64    6  119   10    8
65   -529.819428 1.3856063         0   65    6  119   10    8
66   -222.219463 0.9084850         0   66    6  119   10    8
67   -446.369892 1.2201081         0   67    6  119   10    8
68    -98.407525 2.2105860         0   68    6  119   10    8
70   -149.018210 1.6812412         0   70    6  119   10    8
71   -240.379278 0.7993405         0   71    6  119   10    8
72  -1646.094003 0.7160033         0   72    6  119   10    8
73   -373.623021 0.3010300         0   73    6  119   10    8
74   -321.974100 0.4913617         0   74    6  119   10    8
75  -1317.542962 0.9344985         0   75    6  119   10    8
76   -168.630786 1.8920946         0   76    6  119   10    8
77  -1879.308406 1.2041200         0   77    6  119   10    8
78   -885.596686 1.0413927         0   78    6  119   10    8
79    -95.177614 1.8000294         0   79    6  119   10    8
80   -235.324873 3.2387735         0   80    6  119   10    8
82   -433.240178 2.5375673         0   82    6  119   10    8
83   -524.239066 0.6127839         0   83    6  119   10    8
84   -611.899124 0.0000000         0   84    6  119   10    8
85   -180.862056 1.0827854         0   85    6  119   10    8
86   -376.118496 1.9818186         0   86    6  119   10    8
87  -1397.956848 0.0000000         0   87    6  119   10    8
88    -77.743733 1.5717088         0   88    6  119   10    8
89    -50.277119 0.3010300         0   89    6  119   10    8
90   -385.843584 1.9344985         0   90    6  119   10    8
91   -736.306565 0.9912261         0   91    6  119   10    8
92   -288.187701 1.2329961         0   92    6  119   10    8
93   -270.046494 1.7489629         0   93    6  119   10    8
94   -107.390213 0.7993405         0   94    6  119   10    8
95   -170.092150 1.0827854         0   95    6  119   10    8
96   -648.638081 0.7993405         0   96    6  119   10    8
98   -165.340522 1.4393327         0   98    6  119   10    8
99  -7332.910155 1.5378191         0   99    6  119   10    8
100 -2249.186403 0.0000000         0  100    6  119   10    8
102  -181.328971 1.5327544         0  102    6  119   10    8
103  -261.278607 2.1844075         0  103    6  119   10    8
104 -1202.835859 1.2718416         0  104    6  119   10    8
105  -316.635702 2.1760913         0  105    6  119   10    8
106  -255.591758 1.5611014         0  106    6  119   10    8
107  -779.284189 1.3483049         0  107    6  119   10    8
108  -646.485190 0.7993405         0  108    6  119   10    8
109  -629.811054 1.0827854         0  109    6  119   10    8
110  -621.366854 1.3283796         0  110    6  119   10    8
111 -1086.142130 0.4771213         0  111    6  119   10    8
112  -839.625924 1.2068259         0  112    6  119   10    8
113   -13.636840 1.4132998         0  113    6  119   10    8
114  -177.613196 2.3040595         0  114    6  119   10    8
115   -84.729306 0.6127839         0  115    6  119   10    8
116  -472.187615 1.2380461         0  116    6  119   10    8
117  -674.090221 1.2718416         0  117    6  119   10    8
118  -355.969060 0.4913617         0  118    6  119   10    8
119  -517.280919 1.7092700         0  119    6  119   10    8
120  -428.626056 0.4913617         0  120    6  119   10    8
121  -112.238296 0.3010300         0  121    6  119   10    8
122 -4030.744180 1.3961993         0  122    6  119   10    8
124 -5049.855199 0.6127839         0  124    6  119   10    8
125  -759.362676 0.6127839         0  125    6  119   10    8
126  -541.721588 0.3010300         0  126    6  119   10    8
127  -276.279977 0.0000000         0  127    6  119   10    8
129 -3333.810831 0.7993405         0  129    6  119   10    8
130  -331.376698 0.8750613         0  130    6  119   10    8
131   -77.398045 0.3010300         0  131    6  119   10    8
132 -1115.337788 0.7160033         0  132    6  119   10    8
133  -197.549895 1.0863598         0  133    6  119   10    8
134  -423.002428 1.2380461         0  134    6  119   10    8
135  -825.870971 0.4771213         0  135    6  119   10    8
137  -436.982319 2.3040595         0  137    6  119   10    8
138  -288.694382 0.0000000         0  138    6  119   10    8
139 -2715.899588 0.7160033         0  139    6  119   10    8
140 -1231.067074 1.0863598         0  140    6  119   10    8
141   -67.830038 0.8633229         0  141    6  119   10    8
142  -774.422531 1.3074960         0  142    6  119   10    8
143  -397.131982 1.7505084         0  143    6  119   10    8
10   1733.993313 3.3837436         1   10    0  129    0   14
14    285.241254 1.6748611         1   14    0  129    0   14
211    67.705576 2.8121108         1   21    0  129    0   14
29     16.676077 1.9947569         1   29    0  129    0   14
40    115.230426 1.5502284         1   40    0  129    0   14
48     26.446066 2.6889535         1   48    0  129    0   14
55   1230.584205 3.1503265         1   55    0  129    0   14
56     72.023946 1.3031961         1   56    0  129    0   14
58    247.325874 2.1251558         1   58    0  129    0   14
69      9.190658 1.8948697         1   69    0  129    0   14
81    123.297473 2.9641653         1   81    0  129    0   14
97    330.541576 1.0791812         1   97    0  129    0   14
101  2634.787811 2.4485517         1  101    0  129    0   14
123   115.237064 1.2380461         1  123    0  129    0   14
128    18.689915 1.6875290         1  128    0  129    0   14
136   359.712905 1.7581546         1  136    0  129    0   14
