# Seed = 392
# Site = thompson
# Method = adapt
# Area under ROC curve = 0.91140642303433
# aggregate.tpos = 10
# aggregate.tneg = 119
# aggregate.fpos = 10
# aggregate.fneg = 4
# variables: beach_WaterTemp, beach_WaveHeightManual, CloudCover_Mean_1, Sqrt.Precipitation.over.upload.Thompson.Sum..24hr, Sqrt.Precipitation.over.upload.Thompson.Sum..72hr, Sqrt.Precipitation.over.upload.maslowski.Sum..12hr, Sqrt.Precipitation.over.upload.maslowski.Sum..24hr, Sqrt.Precipitation.over.upload.maslowski.Sum..72hr, log.beach_TurbidityBeach
# thresholding specificity: 0.890625
# decision threshold: 1.59562841547036
# full results: 
     predicted    actual threshold fold tpos tneg fpos fneg
19  -1.6332713 0.3010300 0.0000000   19   14    1  128    0
4    0.6356156 0.7160033 0.0234375    4   14    3  126    0
13   0.5917967 1.4132998 0.0234375   13   14    3  126    0
34   0.8270598 0.0000000 0.0312500   34   14    4  125    0
38   0.6180920 0.0000000 0.0468750   38   14    6  123    0
77   0.6850115 1.2041200 0.0468750   77   14    6  123    0
33   0.8135331 0.0000000 0.0625000   33   14    8  121    0
135  0.7351023 0.4771213 0.0625000  135   14    8  121    0
73   0.7701647 0.3010300 0.0703125   73   14    9  120    0
140  0.7742356 1.0863598 0.0781250  140   14   10  119    0
24   0.7905346 0.0000000 0.0859375   24   14   11  118    0
72   0.7926232 0.7160033 0.1015625   72   14   13  116    0
75   0.8051455 0.9344985 0.1015625   75   14   13  116    0
25   0.7986923 0.9242793 0.1171875   25   14   15  114    0
74   0.8204035 0.4913617 0.1171875   74   14   15  114    0
71   0.8287963 0.7993405 0.1328125   71   14   16  113    0
85   0.8252817 1.0827854 0.1406250   85   14   18  111    0
141  0.8268632 0.8633229 0.1406250  141   14   18  111    0
20   0.8688588 0.0000000 0.1484375   20   14   20  109    0
32   0.8388327 0.7160033 0.1484375   32   14   20  109    0
9    0.8480337 1.6314438 0.1718750    9   14   22  107    0
142  0.8899395 1.3074960 0.1718750  142   14   22  107    0
51   0.9494091 0.3010300 0.1875000   51   14   23  106    0
35   0.9133549 1.6138418 0.1953125   35   14   25  104    0
143  0.8956983 1.7505084 0.1953125  143   14   25  104    0
87   0.9761508 0.0000000 0.2109375   87   14   27  102    0
132  0.9445495 0.7160033 0.2109375  132   14   27  102    0
54   0.9385701 1.7656686 0.2187500   54   14   28  101    0
12   0.9523198 1.2671717 0.2265625   12   14   30   99    0
99   0.9343561 1.5378191 0.2265625   99   14   30   99    0
125  0.9638232 0.6127839 0.2421875  125   14   32   97    0
131  0.9762951 0.3010300 0.2421875  131   14   32   97    0
41   0.9577218 1.4955443 0.2500000   41   14   34   95    0
121  0.9898243 0.3010300 0.2500000  121   14   34   95    0
18   0.9840696 1.4248816 0.2734375   18   14   39   90    0
86   0.9605349 1.9818186 0.2734375   86   14   39   90    0
112  0.9891699 1.2068259 0.2734375  112   14   39   90    0
113  0.9818520 1.4132998 0.2734375  113   14   39   90    0
120  0.9924883 0.4913617 0.2734375  120   14   39   90    0
84   1.0357801 0.0000000 0.3046875   84   14   40   89    0
130  1.0194245 0.8750613 0.3281250  130   14   41   88    0
100  1.0329548 0.0000000 0.3359375  100   14   42   87    0
37   1.0581321 0.9294189 0.3593750   37   14   44   85    0
62   1.0605829 1.2430380 0.3593750   62   14   44   85    0
124  1.0685728 0.6127839 0.3750000  124   14   45   84    0
47   1.0613117 1.5327544 0.3828125   47   14   47   82    0
78   1.0758202 1.0413927 0.3828125   78   14   47   82    0
129  1.0827104 0.7993405 0.3906250  129   14   49   80    0
134  1.0679946 1.2380461 0.3906250  134   14   49   80    0
21   1.0742103 0.3010300 0.3984375    2   14   51   78    0
117  1.0707850 1.2718416 0.3984375  117   14   51   78    0
133  1.0901239 1.0863598 0.4062500  133   14   52   77    0
22   1.1104189 1.0374265 0.4375000   22   14   54   75    0
61   1.1248880 0.3010300 0.4375000   61   14   54   75    0
95   1.1108797 1.0827854 0.4453125   95   14   56   73    0
111  1.1336853 0.4771213 0.4453125  111   14   56   73    0
8    1.1197422 2.0557605 0.4531250    8   14   58   71    0
127  1.1280183 0.0000000 0.4531250  127   14   58   71    0
93   1.1391967 1.7489629 0.4609375   93   14   59   70    0
105  1.1270733 2.1760913 0.4687500  105   14   60   69    0
26   1.1511217 0.0000000 0.4843750   26   14   62   67    0
115  1.1652391 0.6127839 0.4843750  115   14   62   67    0
63   1.1492414 0.9822712 0.4921875   63   14   64   65    0
96   1.1699623 0.7993405 0.4921875   96   14   64   65    0
92   1.1713976 1.2329961 0.5000000   92   14   65   64    0
36   1.1778071 1.5263393 0.5078125   36   14   66   63    0
139  1.1902775 0.7160033 0.5156250  139   14   67   62    0
23   1.1918058 1.3483049 0.5234375   23   14   69   60    0
104  1.1908311 1.2718416 0.5234375  104   14   69   60    0
66   1.2078862 0.9084850 0.5390625   66   14   71   58    0
83   1.2221983 0.6127839 0.5390625   83   14   71   58    0
15   1.2294507 1.9947569 0.5468750   15   14   73   56    0
94   1.2311319 0.7993405 0.5468750   94   14   73   56    0
7    1.2222483 1.0253059 0.5546875    7   14   76   53    0
46   1.2133492 2.1433271 0.5546875   46   14   76   53    0
116  1.2200099 1.2380461 0.5546875  116   14   76   53    0
65   1.2581590 1.3856063 0.6015625   65   14   78   51    0
106  1.2566668 1.5611014 0.6015625  106   14   78   51    0
45   1.2141453 3.0196147 0.6046512   45   13   78   51    1
98   1.2610200 1.4393327 0.6093750   98   13   80   49    1
128  1.2592145 1.6875290 0.6093750  128   13   80   49    1
27   1.2602639 0.4771213 0.6171875   27   13   81   48    1
91   1.2833142 0.9912261 0.6328125   91   13   82   47    1
49   1.2975739 1.1205739 0.6562500   49   13   85   44    1
97   1.2912865 1.0791812 0.6562500   97   13   85   44    1
108  1.3041387 0.7993405 0.6562500  108   13   85   44    1
59   1.3022478 0.9867717 0.6640625   59   13   86   43    1
50   1.3176379 1.2068259 0.6718750   50   13   87   42    1
107  1.3179688 1.3483049 0.6796875  107   13   89   40    1
126  1.3357888 0.3010300 0.6796875  126   13   89   40    1
44   1.3130137 1.5717088 0.6875000   44   13   90   39    1
109  1.3370087 1.0827854 0.6953125  109   13   91   38    1
39   1.4027634 1.0827854 0.7187500   39   13   94   35    1
42   1.3721732 1.4456042 0.7187500   42   13   94   35    1
103  1.3782604 2.1844075 0.7187500  103   13   94   35    1
28   1.3965154 2.0652061 0.7265625   28   13   96   33    1
119  1.4122723 1.7092700 0.7265625  119   13   96   33    1
211  1.3865530 2.8121108 0.7286822   21   12   96   33    2
70   1.4535279 1.6812412 0.7343750   70   12   98   31    2
90   1.4328837 1.9344985 0.7343750   90   12   98   31    2
43   1.4234817 2.4637437 0.7364341   43   11   98   31    3
29   1.4944032 1.9947569 0.7578125   29   11   99   30    3
138  1.5288889 0.0000000 0.7656250  138   11  100   29    3
64   1.4774214 1.2624511 0.7812500   64   11  101   28    3
76   1.4855594 1.8920946 0.7890625   76   11  103   26    3
118  1.4769471 0.4913617 0.7890625  118   11  103   26    3
6    1.4962713 2.0338257 0.7968750    6   11  105   24    3
68   1.4977073 2.2105860 0.7968750   68   11  105   24    3
122  1.5580937 1.3961993 0.8125000  122   11  106   23    3
53   1.5458098 1.7737864 0.8203125   53   11  107   22    3
123  1.5788511 1.2380461 0.8281250  123   11  108   21    3
89   1.5975900 0.3010300 0.8359375   89   11  110   19    3
110  1.5983710 1.3283796 0.8359375  110   11  110   19    3
57   1.5699817 2.1316187 0.8437500   57   11  111   18    3
56   1.6637240 1.3031961 0.8593750   56   11  112   17    3
48   1.6446454 2.6889535 0.8759690   48   10  112   17    4
11   1.6862050 1.9818186 0.8828125   11   10  117   12    4
16   1.6884637 1.9329808 0.8828125   16   10  117   12    4
60   1.7209209 0.4913617 0.8828125   60   10  117   12    4
67   1.7431070 1.2201081 0.8828125   67   10  117   12    4
102  1.7148118 1.5327544 0.8828125  102   10  117   12    4
17   1.6994304 2.1316187 0.8906250   17   10  119   10    4
137  1.6746538 2.3040595 0.8906250  137   10  119   10    4
58   1.7398257 2.1251558 0.8984375   58   10  120    9    4
5    1.6893653 2.5880475 0.8992248    5    9  120    9    5
31   1.7469014 1.9585639 0.9062500   31    9  121    8    5
114  1.8067621 2.3040595 0.9453125  114    9  122    7    5
2    1.9272869 1.5440680 0.9687500    1    9  123    6    5
3    1.9208948 2.5884958 0.9689922    3    8  123    6    6
40   2.0106915 1.5502284 0.9765625   40    8  125    4    6
69   1.9667878 1.8948697 0.9765625   69    8  125    4    6
30   1.9662773 2.6637951 0.9767442   30    7  125    4    7
88   2.1090507 1.5717088 0.9843750   88    7  127    2    7
136  2.0513131 1.7581546 0.9843750  136    7  127    2    7
52   2.0488385 2.8367670 0.9844961   52    5  127    2    9
80   2.0214806 3.2387735 0.9844961   80    5  127    2    9
14   2.2437596 1.6748611 0.9921875   14    5  128    1    9
10   3.0247205 3.3837436 1.0000000   10    0  129    0   14
55   2.6222512 3.1503265 1.0000000   55    0  129    0   14
79   2.5478452 1.8000294 1.0000000   79    0  129    0   14
81   2.6185888 2.9641653 1.0000000   81    0  129    0   14
82   2.4104509 2.5375673 1.0000000   82    0  129    0   14
101  3.8624738 2.4485517 1.0000000  101    0  129    0   14
