# threshold = 2.00355898183058
# Area under ROC curve = 0.843629343629344
# aggregate.tpos = 6
# aggregate.tneg = 132
# aggregate.fpos = 16
# aggregate.fneg = 8
# rocframe: 
    predicted    actual  threshold fold tpos tneg fpos fneg
63  0.7827911 1.7737864 0.07272727    2   14    1  147    0
66  0.9072406 1.4440448 0.10909091    2   14    2  146    0
77  0.7939638 1.0334238 0.11827957    3   14    3  145    0
67  0.9435687 1.1335389 0.13636364    2   14    4  144    0
57  0.9781342 0.7075702 0.15454545    2   14    6  142    0
62  0.9802263 1.7355989 0.15454545    2   14    6  142    0
41  1.0296097 1.1643529 0.17272727    2   14    8  140    0
46  1.0184951 0.7993405 0.17272727    2   14    8  140    0
70  0.9589060 1.5145478 0.18279570    3   14    9  139    0
71  1.0246226 1.6063814 0.19354839    3   14   10  138    0
29  1.1059254 0.6127839 0.20909091    2   14   11  137    0
75  1.0701435 0.9242793 0.21505376    3   14   12  136    0
28  1.1267175 1.4456042 0.21818182    2   14   16  132    0
30  1.1396849 0.7075702 0.21818182    2   14   16  132    0
42  1.1369795 0.7923917 0.21818182    2   14   16  132    0
43  1.1492488 0.7993405 0.21818182    2   14   16  132    0
83  1.0898096 0.9777236 0.22580645    3   14   17  131    0
54  1.1524756 0.4913617 0.22727273    2   14   18  130    0
109 1.1062824 0.0000000 0.23655914    3   14   19  129    0
126 1.0989930 0.6127839 0.23728814    4   14   20  128    0
90  1.1090534 1.4756712 0.24731183    3   14   22  126    0
124 1.1298029 1.2329961 0.24731183    3   14   22  126    0
122 1.1475157 0.0000000 0.25806452    3   14   23  125    0
45  1.1810697 1.6384893 0.26363636    2   14   25  123    0
50  1.1755022 1.0755470 0.26363636    2   14   25  123    0
127 1.1708788 1.0334238 0.27966102    4   14   26  122    0
132 1.1865575 2.2195845 0.29661017    4   14   28  120    0
138 1.1877011 0.4771213 0.29661017    4   14   28  120    0
2   1.1320779 1.2671717 0.30894309    1   14   30  118    0
23  1.1333797 0.0000000 0.30894309    1   14   30  118    0
31  1.2071005 0.0000000 0.30909091    2   14   32  116    0
56  1.2113021 1.8175654 0.30909091    2   14   32  116    0
131 1.2287489 1.2041200 0.31355932    4   14   33  115    0
145 1.2317317 1.2278867 0.32203390    4   14   34  114    0
72  1.2079198 0.7160033 0.32258065    3   14   39  109    0
74  1.1985758 1.2900346 0.32258065    3   14   39  109    0
82  1.2031471 1.5378191 0.32258065    3   14   39  109    0
85  1.2088753 0.7993405 0.32258065    3   14   39  109    0
88  1.2011709 0.9542425 0.32258065    3   14   39  109    0
15  1.1784108 1.3820170 0.33333333    1   14   40  108    0
61  1.2470772 1.7795965 0.34545455    2   14   42  106    0
65  1.2487052 1.3483049 0.34545455    2   14   42  106    0
17  1.1995613 1.6730209 0.34959350    1   14   43  105    0
26  1.2786502 1.1271048 0.35454545    2   14   46  102    0
37  1.2902179 2.0437551 0.35454545    2   14   46  102    0
39  1.2913325 1.2041200 0.35454545    2   14   46  102    0
73  1.2697088 1.4593925 0.35483871    3   14   47  101    0
59  1.3138937 1.6444386 0.36363636    2   14   48  100    0
92  1.2978668 0.9822712 0.36559140    3   14   50   98    0
118 1.2947362 0.8633229 0.36559140    3   14   50   98    0
44  1.3347468 0.7160033 0.37272727    2   14   52   96    0
52  1.3365930 0.4771213 0.37272727    2   14   52   96    0
3   1.2354180 1.1398791 0.39837398    1   14   53   95    0
60  1.3531091 1.4593925 0.40000000    2   14   54   94    0
123 1.3484012 1.5550944 0.40860215    3   14   55   93    0
151 1.3117767 0.3010300 0.41525424    4   14   56   92    0
76  1.3584091 0.8692317 0.41935484    3   14   60   88    0
87  1.3865209 1.2430380 0.41935484    3   14   60   88    0
96  1.3786128 1.5809250 0.41935484    3   14   60   88    0
110 1.3543179 1.4593925 0.41935484    3   14   60   88    0
22  1.2790225 1.8088859 0.42276423    1   14   61   87    0
98  1.4093743 1.9355073 0.43010753    3   14   63   85    0
108 1.4007272 1.1702617 0.43010753    3   14   63   85    0
9   1.2901207 1.7846173 0.43089431    1   14   64   84    0
115 1.4227791 1.0863598 0.44086022    3   14   65   83    0
58  1.3882666 1.0791812 0.45454545    2   14   66   82    0
134 1.3612835 1.6106602 0.45762712    4   13   68   80    1
137 1.3468262 1.7092700 0.45762712    4   13   68   80    1
160 1.3709437 2.9377184 0.45762712    4   13   68   80    1
144 1.3849870 0.8750613 0.48305085    4   13   69   79    1
135 1.3940043 0.6127839 0.49152542    4   13   70   78    1
97  1.4758387 1.4297523 0.49462366    3   13   72   76    1
117 1.4862779 1.0791812 0.49462366    3   13   72   76    1
11  1.3677719 1.8680564 0.50406504    1   13   73   75    1
95  1.4985852 1.5550944 0.51612903    3   13   74   74    1
40  1.4251819 1.5105450 0.52727273    2   13   76   72    1
51  1.4299121 2.1711412 0.52727273    2   13   76   72    1
25  1.4073121 1.2329961 0.52845528    1   13   77   71    1
16  1.4086022 1.6201361 0.53658537    1   13   78   70    1
78  1.5309614 0.3010300 0.53763441    3   13   79   69    1
91  1.5681050 0.9344985 0.56989247    3   13   80   68    1
79  1.5844137 0.0000000 0.60215054    3   13   83   65    1
100 1.5875826 1.2944662 0.60215054    3   13   83   65    1
119 1.5854732 0.8512583 0.60215054    3   13   83   65    1
143 1.4498195 1.0863598 0.61016949    4   13   84   64    1
81  1.5960168 1.5145478 0.61290323    3   13   86   62    1
105 1.5958212 1.9169800 0.61290323    3   13   86   62    1
89  1.6106629 2.2159018 0.62365591    3   13   87   61    1
5   1.4880698 1.5378191 0.62601626    1   13   89   59    1
18  1.4852197 2.1126050 0.62601626    1   13   89   59    1
86  1.6224280 1.0791812 0.63440860    3   13   90   58    1
153 1.5121958 1.2329961 0.65254237    4   13   91   57    1
125 1.5330553 1.3909351 0.66949153    4   13   93   55    1
142 1.5397929 1.5092025 0.66949153    4   13   93   55    1
24  1.5211748 1.8469553 0.67479675    1   13   94   54    1
69  1.6737078 1.3891661 0.67741935    3   13   97   51    1
101 1.6636342 1.3820170 0.67741935    3   13   97   51    1
114 1.6615697 1.5440680 0.67741935    3   13   97   51    1
49  1.5925642 1.7226339 0.68181818    2   13   99   49    1
68  1.5908764 1.7505084 0.68181818    2   13   99   49    1
136 1.5608242 1.0334238 0.68644068    4   13  101   47    1
157 1.5597121 1.8773713 0.68644068    4   13  101   47    1
53  1.6260721 1.4785665 0.69090909    2   13  102   46    1
8   1.5546343 0.6127839 0.69918699    1   13  103   45    1
106 1.7025213 0.6127839 0.70967742    3   13  104   44    1
158 1.5720088 1.5211381 0.71186441    4   13  105   43    1
7   1.5803128 1.0374265 0.71544715    1   13  106   42    1
133 1.5805278 3.2980448 0.72033898    4   12  106   42    2
33  1.6848278 1.2988531 0.72727273    2   12  107   41    2
84  1.7928779 1.9319661 0.75268817    3   12  110   38    2
94  1.8139749 1.6599162 0.75268817    3   12  110   38    2
107 1.8069193 0.9867717 0.75268817    3   12  110   38    2
13  1.6279093 1.4232459 0.75609756    1   12  111   37    2
149 1.6468025 0.7923917 0.77118644    4   12  112   36    2
27  1.7737659 1.9057959 0.77272727    2   12  113   35    2
80  1.8245597 2.1139434 0.77419355    3   12  114   34    2
130 1.6726733 2.6637951 0.78813559    4   10  114   34    4
141 1.6817990 3.2980448 0.78813559    4   10  114   34    4
64  1.8049855 0.9867717 0.80000000    2   10  115   33    4
1   1.7282082 1.6170003 0.80487805    1   10  119   29    4
10  1.7140761 2.2652896 0.80487805    1   10  119   29    4
20  1.7301576 2.0413927 0.80487805    1   10  119   29    4
21  1.7259085 1.9484130 0.80487805    1   10  119   29    4
146 1.7006698 1.2278867 0.80508475    4   10  120   28    4
120 1.8488770 1.5211381 0.80645161    3   10  121   27    4
6   1.7871021 1.9036325 0.81300813    1   10  123   25    4
19  1.7820542 1.3856063 0.81300813    1   10  123   25    4
128 1.7774449 1.8175654 0.83050847    4   10  124   24    4
147 1.8159881 2.3727279 0.83898305    4    9  124   24    5
140 1.8307017 1.4393327 0.84745763    4    9  129   19    5
148 1.8323347 2.0195317 0.84745763    4    9  129   19    5
159 1.8238975 1.6532125 0.84745763    4    9  129   19    5
161 1.8286437 1.8920946 0.84745763    4    9  129   19    5
162 1.8245465 1.3944517 0.84745763    4    9  129   19    5
38  1.9345198 2.4549972 0.85454545    2    8  129   19    6
129 1.8672876 2.1711412 0.85593220    4    7  131   17    7
139 1.8752210 1.9474337 0.85593220    4    7  131   17    7
150 1.9047139 2.8865471 0.85593220    4    7  131   17    7
103 1.9484862 1.4345689 0.86021505    3    7  133   15    7
113 1.9395748 2.1126050 0.86021505    3    7  133   15    7
14  1.8901987 1.1613680 0.86178862    1    7  134   14    7
12  1.9388137 1.9947569 0.87804878    1    7  135   13    7
4   2.0499897 2.0759118 0.91869919    1    7  136   12    7
154 1.9929804 3.3837436 0.92372881    4    5  136   12    9
155 2.0008090 2.9377184 0.92372881    4    5  136   12    9
32  2.0583949 2.8367670 0.92727273    2    4  136   12   10
102 2.0562819 2.9377184 0.93548387    3    3  137   11   11
121 2.0487144 1.7693773 0.93548387    3    3  137   11   11
152 2.0468767 1.8432328 0.94067797    4    3  139    9   11
156 2.0199777 2.0744507 0.94067797    4    3  139    9   11
36  2.1354393 2.7875313 0.95454545    2    1  140    8   13
48  2.1042969 2.3232521 0.95454545    2    1  140    8   13
55  2.1402852 2.9914033 0.95454545    2    1  140    8   13
93  2.1456835 1.1986571 0.96774194    3    1  143    5   13
104 2.1585834 1.1643529 0.96774194    3    1  143    5   13
111 2.1850840 1.5378191 0.96774194    3    1  143    5   13
47  2.2490791 1.8920946 0.97272727    2    1  144    4   13
34  2.3575968 3.1138431 0.99090909    2    0  145    3   14
35  2.3241157 2.0726175 0.99090909    2    0  145    3   14
99  2.5769183 2.3529539 1.00000000    3    0  148    0   14
112 2.6471507 2.1598678 1.00000000    3    0  148    0   14
116 2.3925111 2.3529539 1.00000000    3    0  148    0   14
# predperf: 
  tpos tneg fpos fneg
1    0   25    0    0
2    5   31    7    0
3    1   48    7    0
4    0   28    2    8
