# threshold = 1.49254020096244
# Area under ROC curve = 0.542256542256542
# aggregate.tpos = 8
# aggregate.tneg = 90
# aggregate.fpos = 21
# aggregate.fneg = 13
# rocframe: 
    predicted    actual  threshold fold tpos tneg fpos fneg
22  1.3867069 0.3010300 0.00000000    2   14   58   53    7
23  1.3867069 0.0000000 0.00000000    2   14   58   53    7
24  1.3867069 0.0000000 0.00000000    2   14   58   53    7
25  1.3867069 0.0000000 0.00000000    2   14   58   53    7
32  1.3867069 0.8750613 0.00000000    2   14   58   53    7
34  1.3867069 0.0000000 0.00000000    2   14   58   53    7
35  1.3867069 1.0413927 0.00000000    2   14   58   53    7
36  1.3867069 1.2329961 0.00000000    2   14   58   53    7
38  1.3867069 1.4842998 0.00000000    2   14   58   53    7
41  1.3867069 2.4549972 0.00000000    2   14   58   53    7
42  1.3867069 1.1643529 0.00000000    2   14   58   53    7
44  1.3867069 2.4879863 0.00000000    2   14   58   53    7
47  1.3867069 2.5125510 0.00000000    2   14   58   53    7
49  1.3867069 1.6009729 0.00000000    2   14   58   53    7
50  1.3867069 2.2370408 0.00000000    2   14   58   53    7
52  1.3867069 1.1931246 0.00000000    2   14   58   53    7
53  1.3867069 1.3926970 0.00000000    2   14   58   53    7
55  1.3867069 2.7629785 0.00000000    2   14   58   53    7
56  1.3867069 2.1525941 0.00000000    2   14   58   53    7
58  1.3867069 0.7993405 0.00000000    2   14   58   53    7
61  1.3867069 1.0374265 0.00000000    2   14   58   53    7
62  1.3867069 0.9912261 0.00000000    2   14   58   53    7
63  1.3867069 0.8573325 0.00000000    2   14   58   53    7
64  1.3867069 0.6127839 0.00000000    2   14   58   53    7
67  1.3867069 2.0413927 0.00000000    2   14   58   53    7
69  1.3587306 1.9925535 0.00000000    3   14   58   53    7
70  1.3587306 1.9956352 0.00000000    3   14   58   53    7
71  1.3587306 0.8692317 0.00000000    3   14   58   53    7
73  1.3587306 0.0000000 0.00000000    3   14   58   53    7
74  1.3587306 0.0000000 0.00000000    3   14   58   53    7
75  1.3587306 1.1303338 0.00000000    3   14   58   53    7
76  1.3587306 2.9119030 0.00000000    3   14   58   53    7
77  1.3587306 0.4771213 0.00000000    3   14   58   53    7
78  1.3587306 0.3010300 0.00000000    3   14   58   53    7
83  1.3587306 1.9454686 0.00000000    3   14   58   53    7
84  1.3587306 1.5786392 0.00000000    3   14   58   53    7
85  1.3587306 1.2944662 0.00000000    3   14   58   53    7
86  1.3587306 1.1931246 0.00000000    3   14   58   53    7
87  1.3587306 1.3283796 0.00000000    3   14   58   53    7
89  1.3587306 1.6009729 0.00000000    3   14   58   53    7
90  1.3587306 1.7234557 0.00000000    3   14   58   53    7
91  1.3587306 2.2636361 0.00000000    3   14   58   53    7
92  1.3587306 2.0744507 0.00000000    3   14   58   53    7
93  1.3587306 1.9079485 0.00000000    3   14   58   53    7
94  1.3587306 1.8000294 0.00000000    3   14   58   53    7
95  1.3587306 2.0744507 0.00000000    3   14   58   53    7
96  1.3587306 2.4141374 0.00000000    3   14   58   53    7
97  1.3587306 2.4549972 0.00000000    3   14   58   53    7
98  1.3587306 1.9947569 0.00000000    3   14   58   53    7
99  1.3587306 1.8000294 0.00000000    3   14   58   53    7
100 1.3587306 1.2944662 0.00000000    3   14   58   53    7
102 1.3587306 2.1804126 0.00000000    3   14   58   53    7
104 1.3587306 2.1804126 0.00000000    3   14   58   53    7
105 1.3587306 1.2253093 0.00000000    3   14   58   53    7
106 1.3587306 1.3979400 0.00000000    3   14   58   53    7
107 1.3587306 0.4913617 0.00000000    3   14   58   53    7
109 1.3587306 1.5198280 0.00000000    3   14   58   53    7
111 1.3587306 0.7160033 0.00000000    3   14   58   53    7
113 1.3587306 1.5378191 0.00000000    3   14   58   53    7
115 1.3587306 1.5092025 0.00000000    3   14   58   53    7
116 1.3587306 1.2278867 0.00000000    3   14   58   53    7
117 1.3587306 0.7993405 0.00000000    3   14   58   53    7
119 1.3587306 0.3010300 0.00000000    3   14   58   53    7
120 1.3587306 1.3909351 0.00000000    3   14   58   53    7
121 1.3587306 0.9294189 0.00000000    3   14   58   53    7
12  0.8226450 0.9344985 0.08247423    1   14   60   51    7
13  0.8058861 1.1303338 0.08247423    1   14   60   51    7
9   0.9883980 2.0406023 0.16494845    1   14   61   50    7
122 1.1254721 2.5627685 0.16504854    4   13   63   48    8
124 1.1322130 1.4548449 0.16504854    4   13   63   48    8
129 1.1220281 1.3636120 0.16504854    4   13   63   48    8
11  1.0530495 2.7136585 0.24742268    1   12   63   48    9
5   1.0827681 1.2855573 0.26804124    1   12   65   46    9
7   1.0738262 0.0000000 0.26804124    1   12   65   46    9
1   1.1871820 0.6127839 0.30927835    1   12   66   45    9
128 1.2287589 1.8998205 0.31067961    4   12   67   44    9
130 1.2511356 1.2068259 0.32038835    4   12   68   43    9
125 1.3401150 1.6170003 0.46601942    4   12   69   42    9
8   1.3279364 2.6386889 0.50515464    1   11   69   42   10
131 1.4259826 2.7383841 0.57281553    4   10   69   42   11
10  1.4574421 0.0000000 0.59793814    1   10   70   41   11
15  1.5996725 1.1903317 0.61855670    1   10   71   40   11
123 1.4889831 1.6294096 0.63106796    4   10   72   39   11
48  1.3915213 0.7993405 0.66197183    2   10   73   38   11
26  1.3924656 0.3010300 0.67605634    2   10   75   36   11
57  1.3942610 0.8692317 0.67605634    2   10   75   36   11
6   1.7513917 1.5888317 0.68041237    1   10   76   35   11
37  1.3992788 0.6127839 0.71830986    2   10   77   34   11
60  1.4527683 1.7795965 0.74647887    2   10   78   33   11
127 1.6831511 1.8970770 0.75728155    4   10   79   32   11
20  1.4736469 1.9698816 0.77464789    2   10   81   30   11
33  1.4569087 1.2068259 0.77464789    2   10   81   30   11
27  1.5555083 0.7160033 0.78873239    2    8   86   25   13
28  1.5011359 2.8615344 0.78873239    2    8   86   25   13
45  1.5188423 2.2367891 0.78873239    2    8   86   25   13
46  1.5044172 2.3529539 0.78873239    2    8   86   25   13
59  1.5485390 1.5658478 0.78873239    2    8   86   25   13
65  1.5156880 1.4393327 0.78873239    2    8   86   25   13
66  1.5394106 2.8615344 0.78873239    2    8   86   25   13
112 1.4842606 0.7993405 0.79032258    3    8   87   24   13
16  1.8805240 0.9242793 0.79381443    1    8   88   23   13
39  1.5886795 2.1504494 0.80281690    2    8   89   22   13
132 1.7647083 1.9813655 0.80582524    4    8   90   21   13
19  1.6339062 1.9464523 0.81690141    2    8   92   19   13
40  1.6264068 0.3010300 0.81690141    2    8   92   19   13
103 1.5362569 2.0182843 0.82258065    3    8   93   18   13
21  1.6915366 0.7993405 0.84507042    2    8   95   16   13
43  1.6960472 0.7160033 0.84507042    2    8   95   16   13
17  1.9710658 1.7024305 0.85567010    1    8   96   15   13
31  1.7913183 2.7136585 0.88732394    2    7   97   14   14
51  1.8719432 1.5854607 0.88732394    2    7   97   14   14
29  1.9130858 3.3837436 0.90140845    2    5   97   14   16
30  1.9628744 2.5985717 0.90140845    2    5   97   14   16
3   2.0925474 0.4913617 0.91752577    1    5   98   13   16
54  2.0189151 1.4955443 0.92957746    2    5   99   12   16
72  1.7556887 0.3010300 0.93548387    3    5  103    8   16
81  1.7556887 2.0437551 0.93548387    3    5  103    8   16
82  1.7556887 1.9454686 0.93548387    3    5  103    8   16
118 1.7556920 1.4842998 0.93548387    3    5  103    8   16
68  1.9201141 1.6106602 0.95161290    3    5  108    3   16
80  1.9201141 1.3344538 0.95161290    3    5  108    3   16
108 2.0576527 1.3765770 0.95161290    3    5  108    3   16
110 1.9988112 1.1613680 0.95161290    3    5  108    3   16
114 2.0110043 1.1303338 0.95161290    3    5  108    3   16
88  2.3310815 2.2372923 0.96774194    3    5  109    2   16
4   2.3761255 2.1316187 0.97938144    1    5  110    1   16
79  2.6753054 2.9377184 0.98387097    3    3  110    1   18
101 2.6327223 3.3837436 0.98387097    3    3  110    1   18
126 2.2773128 2.9914033 0.99029126    4    2  110    1   19
2   2.9107792 2.9914033 1.00000000    1    0  111    0   21
14  2.8657103 2.3960249 1.00000000    1    0  111    0   21
18  3.0021086 2.3040595 1.00000000    1    0  111    0   21
# predperf: 
  tpos tneg fpos fneg
1    2   11    3    2
2    3   36    4    6
3    2   37   12    3
4    1    6    2    2
