# Seed = 722
# Site = neshotah
# Method = spls-select
# Area under ROC curve = 0.846042471042471
# aggregate.tpos = 7
# aggregate.tneg = 139
# aggregate.fpos = 9
# aggregate.fneg = 7
# variables: beach_WaveHeightManual, CloudCover_Mean_1, CloudCover_Mean_2, CloudCover_Mean_6, CloudCover_Mean_12, HeightAboveSeaLevel_Min_24, CurrentDepthAveraged_Mean_120_perp, CurrentDepthAveraged_Mean_120_par, CurrentSurface_Mean_120_par, WaveHeight_Mean_1, WaveHeight_Mean_2, WaveHeight_Mean_6, WaveHeight_Mean_12, WaveHeightDirection_Mean_6_par, WaveHeightDirection_Mean_12_par, WaveHeightDirection_Mean_24_par, Wind_Mean_24_par, beach_AlgaeNearshore2, log.beach_TurbidityBeach
# thresholding specificity: 0.959183673469388
# decision threshold: 2.26107520705293
# full results: 
    predicted    actual   threshold fold tpos tneg fpos fneg
122 0.6881086 0.0000000 0.000000000  122   14    1  147    0
118 0.8152791 0.8633229 0.006802721  118   14    2  146    0
43  0.7300201 0.7993405 0.013605442   43   14    4  144    0
75  0.7484531 0.9242793 0.013605442   75   14    4  144    0
42  0.9307384 0.7923917 0.027210884   42   14    6  142    0
124 0.8109037 1.2329961 0.027210884  124   14    6  142    0
46  0.9420528 0.7993405 0.040816327   46   14    7  141    0
37  0.9324552 2.0437551 0.054421769   37   14    8  140    0
57  1.0310169 0.7075702 0.061224490   57   14   11  137    0
91  0.9667541 0.9344985 0.061224490   91   14   11  137    0
114 1.0405837 1.5440680 0.061224490  114   14   11  137    0
50  0.9282533 1.0755470 0.068027211   50   14   12  136    0
77  1.0274583 1.0334238 0.074829932   77   14   13  135    0
70  1.0360830 1.5145478 0.081632653   70   14   14  134    0
29  1.0378621 0.6127839 0.095238095   29   14   15  133    0
90  1.1550418 1.4756712 0.102040816   90   14   16  132    0
56  1.0831034 1.8175654 0.108843537   56   14   17  131    0
126 1.1207934 0.6127839 0.115646259  126   14   18  130    0
44  1.1204004 0.7160033 0.122448980   44   14   20  128    0
88  1.1027390 0.9542425 0.122448980   88   14   20  128    0
45  1.0751975 1.6384893 0.142857143   45   14   23  125    0
67  1.1408847 1.1335389 0.142857143   67   14   23  125    0
85  1.1410260 0.7993405 0.142857143   85   14   23  125    0
74  1.1470524 1.2900346 0.149659864   74   14   25  123    0
109 1.1612993 0.0000000 0.149659864  109   14   25  123    0
30  1.1514707 0.7075702 0.170068027   30   14   28  120    0
41  1.1905396 1.1643529 0.170068027   41   14   28  120    0
137 1.1414056 1.7092700 0.170068027  137   14   28  120    0
66  1.1885336 1.4440448 0.176870748   66   14   29  119    0
160 1.1233416 2.9377184 0.182432432  160   13   29  119    1
96  1.1644635 1.5809250 0.183673469   96   13   30  118    1
136 1.2481716 1.0334238 0.210884354  136   13   31  117    1
95  1.2341132 1.5550944 0.217687075   95   13   35  113    1
123 1.1686526 1.5550944 0.217687075  123   13   35  113    1
138 1.1865439 0.4771213 0.217687075  138   13   35  113    1
144 1.1639523 0.8750613 0.217687075  144   13   35  113    1
132 1.1640903 2.2195845 0.238095238  132   13   36  112    1
3   1.2008621 1.1398791 0.265306122    3   13   37  111    1
31  1.2161168 0.0000000 0.272108844   31   13   38  110    1
110 1.2146185 1.4593925 0.278911565  110   13   39  109    1
72  1.2421080 0.7160033 0.292517007   72   13   40  108    1
94  1.2919539 1.6599162 0.299319728   94   13   41  107    1
145 1.3181425 1.2278867 0.312925170  145   13   42  106    1
26  1.2401591 1.1271048 0.319727891   26   13   43  105    1
73  1.2511536 1.4593925 0.326530612   73   13   44  104    1
9   1.2478229 1.7846173 0.333333333    9   13   46  102    1
78  1.3452070 0.3010300 0.333333333   78   13   46  102    1
65  1.2935564 1.3483049 0.340136054   65   13   47  101    1
15  1.3049788 1.3820170 0.346938776   15   13   48  100    1
87  1.2857685 1.2430380 0.353741497   87   13   49   99    1
51  1.2639198 2.1711412 0.367346939   51   13   51   97    1
52  1.3419186 0.4771213 0.367346939   52   13   51   97    1
63  1.3656309 1.7737864 0.374149660   63   13   54   94    1
92  1.2862193 0.9822712 0.374149660   92   13   54   94    1
131 1.2866674 1.2041200 0.374149660  131   13   54   94    1
19  1.3603916 1.3856063 0.380952381   19   13   55   93    1
108 1.2933305 1.1702617 0.387755102  108   13   56   92    1
17  1.3173483 1.6730209 0.401360544   17   13   57   91    1
5   1.3166747 1.5378191 0.408163265    5   13   59   89    1
125 1.3534239 1.3909351 0.408163265  125   13   59   89    1
62  1.3108177 1.7355989 0.421768707   62   13   61   87    1
97  1.3664374 1.4297523 0.421768707   97   13   61   87    1
101 1.3403509 1.3820170 0.435374150  101   13   62   86    1
115 1.3826937 1.0863598 0.442176871  115   13   63   85    1
76  1.3777780 0.8692317 0.448979592   76   13   65   83    1
89  1.3721844 2.2159018 0.448979592   89   13   65   83    1
54  1.4094691 0.4913617 0.462585034   54   13   68   80    1
58  1.3384557 1.0791812 0.462585034   58   13   68   80    1
98  1.3608582 1.9355073 0.462585034   98   13   68   80    1
28  1.4031735 1.4456042 0.469387755   28   13   69   79    1
21  1.3946282 1.2671717 0.476190476    2   13   72   76    1
117 1.3793348 1.0791812 0.476190476  117   13   72   76    1
153 1.3852831 1.2329961 0.476190476  153   13   72   76    1
127 1.4306984 1.0334238 0.489795918  127   13   73   75    1
22  1.4202057 1.8088859 0.496598639   22   13   74   74    1
49  1.3913331 1.7226339 0.503401361   49   13   75   73    1
135 1.4217023 0.6127839 0.517006803  135   13   76   72    1
11  1.4365097 1.8680564 0.530612245   11   13   77   71    1
71  1.4127715 1.6063814 0.537414966   71   13   78   70    1
86  1.4318587 1.0791812 0.544217687   86   13   79   69    1
143 1.4494103 1.0863598 0.551020408  143   13   80   68    1
151 1.4949840 0.3010300 0.578231293  151   13   81   67    1
142 1.4511683 1.5092025 0.591836735  142   13   83   65    1
149 1.4935641 0.7923917 0.591836735  149   13   83   65    1
60  1.4649984 1.4593925 0.598639456   60   13   85   63    1
158 1.4597537 1.5211381 0.598639456  158   13   85   63    1
16  1.4672999 1.6201361 0.605442177   16   13   90   58    1
18  1.4639635 2.1126050 0.605442177   18   13   90   58    1
23  1.4876850 0.0000000 0.605442177   23   13   90   58    1
84  1.4813875 1.9319661 0.605442177   84   13   90   58    1
107 1.4862273 0.9867717 0.605442177  107   13   90   58    1
53  1.4716801 1.4785665 0.612244898   53   13   94   54    1
83  1.4890993 0.9777236 0.612244898   83   13   94   54    1
105 1.4867438 1.9169800 0.612244898  105   13   94   54    1
120 1.4629710 1.5211381 0.612244898  120   13   94   54    1
8   1.5015083 0.6127839 0.619047619    8   13   97   51    1
39  1.4736118 1.2041200 0.619047619   39   13   97   51    1
100 1.4735225 1.2944662 0.619047619  100   13   97   51    1
133 1.4856986 3.2980448 0.621621622  133   12   97   51    2
10  1.5096259 2.2652896 0.632653061   10   12   98   50    2
93  1.5419413 1.1986571 0.646258503   93   12   99   49    2
25  1.5441922 1.2329961 0.659863946   25   12  100   48    2
134 1.5233816 1.6106602 0.666666667  134   12  102   46    2
157 1.5250011 1.8773713 0.666666667  157   12  102   46    2
24  1.5736071 1.8469553 0.687074830   24   12  103   45    2
59  1.5540676 1.6444386 0.693877551   59   12  105   43    2
111 1.5357352 1.5378191 0.693877551  111   12  105   43    2
82  1.5848673 1.5378191 0.707482993   82   12  106   42    2
69  1.6046885 1.3891661 0.714285714   69   12  107   41    2
6   1.6112496 1.9036325 0.721088435    6   12  108   40    2
64  1.5747900 0.9867717 0.727891156   64   12  109   39    2
27  1.5894114 1.9057959 0.741496599   27   12  111   37    2
40  1.6388831 1.5105450 0.741496599   40   12  111   37    2
14  1.6693897 1.1613680 0.748299320   14   12  113   35    2
79  1.6360554 0.0000000 0.748299320   79   12  113   35    2
68  1.5910475 1.7505084 0.755102041   68   12  114   34    2
33  1.6749455 1.2988531 0.789115646   33   12  115   33    2
130 1.6485678 2.6637951 0.790540541  130   11  115   33    3
13  1.6647976 1.4232459 0.795918367   13   11  118   30    3
103 1.6587682 1.4345689 0.795918367  103   11  118   30    3
119 1.7195950 0.8512583 0.795918367  119   11  118   30    3
211 1.6628294 1.9484130 0.802721088   21   11  120   28    3
61  1.6692953 1.7795965 0.802721088   61   11  120   28    3
106 1.7405339 0.6127839 0.816326531  106   11  121   27    3
141 1.7230438 3.2980448 0.824324324  141   10  121   27    4
148 1.7360244 2.0195317 0.829931973  148   10  122   26    4
20  1.7566440 2.0413927 0.836734694   20   10  124   24    4
159 1.7542169 1.6532125 0.836734694  159   10  124   24    4
2   1.7725605 1.6170003 0.843537415    1   10  125   23    4
128 1.7975093 1.8175654 0.857142857  128   10  126   22    4
48  1.8292227 2.3232521 0.870748299   48   10  128   20    4
129 1.8712463 2.1711412 0.870748299  129   10  128   20    4
161 1.8487244 1.8920946 0.877551020  161   10  129   19    4
35  1.8876454 2.0726175 0.884353741   35   10  130   18    4
150 1.8404845 2.8865471 0.885135135  150    9  130   18    5
104 1.8780594 1.1643529 0.891156463  104    9  132   16    5
156 1.8963729 2.0744507 0.891156463  156    9  132   16    5
32  1.9114266 2.8367670 0.891891892   32    8  132   16    6
81  1.9341529 1.5145478 0.897959184   81    8  133   15    6
139 1.8605030 1.9474337 0.904761905  139    8  134   14    6
34  1.9223986 3.1138431 0.905405405   34    7  134   14    7
146 1.9154312 1.2278867 0.911564626  146    7  136   12    7
152 2.0017453 1.8432328 0.911564626  152    7  136   12    7
7   1.9972149 1.0374265 0.931972789    7    7  137   11    7
162 2.1438701 1.3944517 0.938775510  162    7  138   10    7
121 2.1560912 1.7693773 0.959183673  121    7  139    9    7
55  2.0980733 2.9914033 0.966216216   55    6  139    9    8
47  2.2235542 1.8920946 0.972789116   47    6  141    7    8
99  2.2695289 2.3529539 0.972789116   99    6  141    7    8
36  2.0522014 2.7875313 0.972972973   36    2  141    7   12
147 2.1792809 2.3727279 0.972972973  147    2  141    7   12
154 2.3660035 3.3837436 0.972972973  154    2  141    7   12
155 2.0705498 2.9377184 0.972972973  155    2  141    7   12
80  2.2187004 2.1139434 0.979591837   80    2  145    3   12
112 2.5301792 2.1598678 0.979591837  112    2  145    3   12
113 2.1518538 2.1126050 0.979591837  113    2  145    3   12
140 2.2937651 1.4393327 0.979591837  140    2  145    3   12
116 2.1833298 2.3529539 0.986394558  116    2  146    2   12
38  2.1866331 2.4549972 0.986486486   38    0  146    2   14
102 2.5444863 2.9377184 0.986486486  102    0  146    2   14
4   2.6745440 2.0759118 0.993197279    4    0  148    0   14
12  2.8193650 1.9947569 0.993197279   12    0  148    0   14
