# threshold = 0.048472566314896
# Area under ROC curve = 0.13953488372093
# aggregate.tpos = 2
# aggregate.tneg = 126
# aggregate.fpos = 3
# aggregate.fneg = 12
# rocframe: 
       predicted    actual threshold fold tpos tneg fpos fneg
1    -24.6778561 1.5440680         0    1    2  126    3   12
2    -22.9567992 0.3010300         0    1    2  126    3   12
3     -2.5213037 2.5884958         0    1    2  126    3   12
4    -16.4661009 0.7160033         0    1    2  126    3   12
5    -19.9935001 2.5880475         0    1    2  126    3   12
6    -13.6873010 2.0338257         0    1    2  126    3   12
7    -16.2617202 1.0253059         0    1    2  126    3   12
8    -16.5999111 2.0557605         0    1    2  126    3   12
9    -22.4077654 1.6314438         0    1    2  126    3   12
10    -8.2343648 3.3837436         0    1    2  126    3   12
11   -28.2589347 1.9818186         0    1    2  126    3   12
12   -31.8967405 1.2671717         0    1    2  126    3   12
13   -26.6196423 1.4132998         0    1    2  126    3   12
14    -2.0510013 1.6748611         0    1    2  126    3   12
15   -19.0663820 1.9947569         0    1    2  126    3   12
17    -5.0536427 2.1316187         0    2    2  126    3   12
18    -9.8795365 1.4248816         0    2    2  126    3   12
19    -9.9703093 0.3010300         0    2    2  126    3   12
20   -10.3335184 0.0000000         0    2    2  126    3   12
21   -10.1670982 2.8121108         0    2    2  126    3   12
22    -9.9573008 1.0374265         0    2    2  126    3   12
23   -10.4142037 1.3483049         0    2    2  126    3   12
24   -10.6251133 0.0000000         0    2    2  126    3   12
25   -10.7770065 0.9242793         0    2    2  126    3   12
26   -10.8327068 0.0000000         0    2    2  126    3   12
27   -10.7561835 0.4771213         0    2    2  126    3   12
28    -3.0712245 2.0652061         0    2    2  126    3   12
29    -5.2543795 1.9947569         0    2    2  126    3   12
32   -11.2948321 0.7160033         0    2    2  126    3   12
33   -11.3311068 0.0000000         0    2    2  126    3   12
34   -11.3456465 0.0000000         0    2    2  126    3   12
35   -11.5584193 1.6138418         0    2    2  126    3   12
36   -11.6177661 1.5263393         0    2    2  126    3   12
37   -11.6624641 0.9294189         0    2    2  126    3   12
38   -11.7373220 0.0000000         0    2    2  126    3   12
39   -11.8353206 1.0827854         0    2    2  126    3   12
40   -11.2154008 1.5502284         0    2    2  126    3   12
41   -11.4993563 1.4955443         0    2    2  126    3   12
42   -11.6475468 1.4456042         0    2    2  126    3   12
43   -11.7223141 2.4637437         0    2    2  126    3   12
44   -11.5362376 1.5717088         0    2    2  126    3   12
45   -11.6773994 3.0196147         0    2    2  126    3   12
46   -11.5954776 2.1433271         0    2    2  126    3   12
47   -11.8201932 1.5327544         0    2    2  126    3   12
48   -11.5067238 2.6889535         0    2    2  126    3   12
49   -11.8201932 1.1205739         0    2    2  126    3   12
50   -11.1866429 1.2068259         0    2    2  126    3   12
51   -11.3311068 0.3010300         0    2    2  126    3   12
52   -10.6045446 2.8367670         0    2    2  126    3   12
53    -9.8601717 1.7737864         0    2    2  126    3   12
54   -11.3456465 1.7656686         0    2    2  126    3   12
55    -8.7446669 3.1503265         0    2    2  126    3   12
56    -3.2022068 1.3031961         0    2    2  126    3   12
57    -9.4978937 2.1316187         0    2    2  126    3   12
58   -10.7561835 2.1251558         0    2    2  126    3   12
59   -11.1150396 0.9867717         0    2    2  126    3   12
60    -8.7955528 0.4913617         0    2    2  126    3   12
61   -10.8117898 0.3010300         0    2    2  126    3   12
62   -11.1507894 1.2430380         0    2    2  126    3   12
63   -10.9660106 0.9822712         0    2    2  126    3   12
64   -10.6251133 1.2624511         0    2    2  126    3   12
65   -11.1651183 1.3856063         0    2    2  126    3   12
66   -11.0651632 0.9084850         0    2    2  126    3   12
67   -10.6457164 1.2201081         0    2    2  126    3   12
68   -10.8956714 2.2105860         0    2    2  126    3   12
69   -12.8819614 1.8948697         0    3    2  126    3   12
70   -13.5157240 1.6812412         0    3    2  126    3   12
71   -23.1245184 0.7993405         0    3    2  126    3   12
72   -15.3756507 0.7160033         0    3    2  126    3   12
73   -15.4836523 0.3010300         0    3    2  126    3   12
74   -13.5503345 0.4913617         0    3    2  126    3   12
75   -12.4919600 0.9344985         0    3    2  126    3   12
76   -13.4025975 1.8920946         0    3    2  126    3   12
77   -19.3060106 1.2041200         0    3    2  126    3   12
78   -13.2303984 1.0413927         0    3    2  126    3   12
79    -3.3931405 1.8000294         0    3    2  126    3   12
80    -8.5142127 3.2387735         0    3    2  126    3   12
81    -0.1156156 2.9641653         0    3    2  126    3   12
82    -6.8706189 2.5375673         0    3    2  126    3   12
83   -17.0487721 0.6127839         0    3    2  126    3   12
84   -15.6452950 0.0000000         0    3    2  126    3   12
85   -14.3685851 1.0827854         0    3    2  126    3   12
86   -14.1510236 1.9818186         0    3    2  126    3   12
87    -7.7290570 0.0000000         0    3    2  126    3   12
88    -1.0549918 1.5717088         0    3    2  126    3   12
89    -4.3620780 0.3010300         0    3    2  126    3   12
90    -7.2456482 1.9344985         0    3    2  126    3   12
91   -11.6891041 0.9912261         0    3    2  126    3   12
92    -7.6745809 1.2329961         0    3    2  126    3   12
93    -8.2148925 1.7489629         0    3    2  126    3   12
94   -10.5967831 0.7993405         0    3    2  126    3   12
95    -7.0935466 1.0827854         0    3    2  126    3   12
96    -6.5819804 0.7993405         0    3    2  126    3   12
97    -4.7056352 1.0791812         0    3    2  126    3   12
98    -3.5125111 1.4393327         0    3    2  126    3   12
99   -12.4329367 1.5378191         0    3    2  126    3   12
100   -7.1616043 0.0000000         0    3    2  126    3   12
102   -6.9905792 1.5327544         0    3    2  126    3   12
103   -6.7768726 2.1844075         0    3    2  126    3   12
104   -9.9835787 1.2718416         0    3    2  126    3   12
105   -7.3567234 2.1760913         0    3    2  126    3   12
106  -11.3327443 1.5611014         0    3    2  126    3   12
107  -15.3420754 1.3483049         0    3    2  126    3   12
108  -12.0312774 0.7993405         0    3    2  126    3   12
109   -8.9150971 1.0827854         0    3    2  126    3   12
110   -6.5314942 1.3283796         0    3    2  126    3   12
111  -13.6260682 0.4771213         0    3    2  126    3   12
112  -10.4767365 1.2068259         0    3    2  126    3   12
113  -11.8114884 1.4132998         0    3    2  126    3   12
114   -9.7239902 2.3040595         0    3    2  126    3   12
115  -15.8361897 0.6127839         0    3    2  126    3   12
116  -16.2313073 1.2380461         0    3    2  126    3   12
117  -13.2031394 1.2718416         0    3    2  126    3   12
118   -7.2260103 0.4913617         0    3    2  126    3   12
119  -13.1115113 1.7092700         0    3    2  126    3   12
120  -15.7573015 0.4913617         0    3    2  126    3   12
121  -12.4937079 0.3010300         0    3    2  126    3   12
122  -49.5249822 1.3961993         0    4    2  126    3   12
123  -88.1041039 1.2380461         0    4    2  126    3   12
124 -107.2689084 0.6127839         0    4    2  126    3   12
125 -149.2820472 0.6127839         0    4    2  126    3   12
126  -60.5737097 0.3010300         0    4    2  126    3   12
127  -97.6327418 0.0000000         0    4    2  126    3   12
129 -160.1223657 0.7993405         0    4    2  126    3   12
130  -40.8557951 0.8750613         0    4    2  126    3   12
131 -133.2734165 0.3010300         0    4    2  126    3   12
132 -111.6161022 0.7160033         0    4    2  126    3   12
133  -95.0975899 1.0863598         0    4    2  126    3   12
134 -110.5262496 1.2380461         0    4    2  126    3   12
135  -80.5926509 0.4771213         0    4    2  126    3   12
136  -30.9296058 1.7581546         0    4    2  126    3   12
137  -78.5690809 2.3040595         0    4    2  126    3   12
138 -122.5449319 0.0000000         0    4    2  126    3   12
139  -80.2199959 0.7160033         0    4    2  126    3   12
140 -119.9592631 1.0863598         0    4    2  126    3   12
141 -104.2194570 0.8633229         0    4    2  126    3   12
142 -136.3511502 1.3074960         0    4    2  126    3   12
143  -95.4767661 1.7505084         0    4    2  126    3   12
16    14.4658435 1.9329808         1    2    0  129    0   14
30     1.3343107 2.6637951         1    2    0  129    0   14
31     5.0036208 1.9585639         1    2    0  129    0   14
101    7.8042544 2.4485517         1    3    0  129    0   14
128    6.1467267 1.6875290         1    4    0  129    0   14
# predperf: 
  tpos tneg fpos fneg
1    0   12    0    3
2    1   44    2    6
3    1   49    0    3
4    0   21    1    0
