# threshold = 2.38612928557335
# Area under ROC curve = 0.352
# aggregate.tpos = 21
# aggregate.tneg = 62
# aggregate.fpos = 63
# aggregate.fneg = 21
# rocframe: 
      predicted    actual  threshold fold tpos tneg fpos fneg
2    -0.3496768 2.5375673 0.00000000    1   31   33   92   11
3   -24.0629228 3.3837436 0.00000000    1   31   33   92   11
4    -2.8281702 3.2980448 0.00000000    1   31   33   92   11
18  -45.9517941 3.3837436 0.00000000    1   31   33   92   11
38  -34.9902508 0.3010300 0.00000000    2   31   33   92   11
39  -44.6234617 2.3398488 0.00000000    2   31   33   92   11
40   -9.8135901 1.6009729 0.00000000    2   31   33   92   11
41  -16.2189077 2.0318123 0.00000000    2   31   33   92   11
42  -26.5507919 2.4637437 0.00000000    2   31   33   92   11
43  -13.8115540 1.3961993 0.00000000    2   31   33   92   11
44   -2.0372960 2.0338257 0.00000000    2   31   33   92   11
45  -30.1583729 2.9914033 0.00000000    2   31   33   92   11
47   -2.2151552 2.7567882 0.00000000    2   31   33   92   11
52  -20.4391374 1.3483049 0.00000000    2   31   33   92   11
53  -41.9805265 2.2355284 0.00000000    2   31   33   92   11
54  -37.9118666 1.3710679 0.00000000    2   31   33   92   11
57  -16.4735358 3.3837436 0.00000000    2   31   33   92   11
58  -13.2954124 2.3583156 0.00000000    2   31   33   92   11
60  -50.1266134 2.1027766 0.00000000    2   31   33   92   11
62  -39.5566998 1.4712917 0.00000000    2   31   33   92   11
63  -29.9994975 2.1433271 0.00000000    2   31   33   92   11
64  -39.2871677 2.1598678 0.00000000    2   31   33   92   11
65  -52.4445395 2.3380579 0.00000000    2   31   33   92   11
66  -48.7704682 2.6190933 0.00000000    2   31   33   92   11
67  -53.5209621 0.6127839 0.00000000    2   31   33   92   11
68  -36.9630606 1.3979400 0.00000000    2   31   33   92   11
69  -39.0804314 1.6866363 0.00000000    2   31   33   92   11
72  -30.3029584 1.5786392 0.00000000    2   31   33   92   11
76  -24.9660233 2.0406023 0.00000000    2   31   33   92   11
79  -48.4274576 1.1643529 0.00000000    2   31   33   92   11
80  -50.4487169 1.9355073 0.00000000    2   31   33   92   11
81  -31.2404156 2.5161386 0.00000000    2   31   33   92   11
85   -7.7841590 2.1525941 0.00000000    3   31   33   92   11
87   -6.8717508 1.6928469 0.00000000    3   31   33   92   11
88   -6.6869061 1.5263393 0.00000000    3   31   33   92   11
89   -3.7636698 0.0000000 0.00000000    3   31   33   92   11
90   -8.8794948 1.5158738 0.00000000    3   31   33   92   11
91   -8.2826618 1.7986506 0.00000000    3   31   33   92   11
92   -3.8051074 1.9576073 0.00000000    3   31   33   92   11
100  -2.4545921 2.7271344 0.00000000    3   31   33   92   11
106  -4.7078635 1.4756712 0.00000000    3   31   33   92   11
124 -16.5849977 1.9283959 0.00000000    3   31   33   92   11
129  -5.4515631 1.3263359 0.00000000    3   31   33   92   11
132  -1.1174740 0.3010300 0.00000000    3   31   33   92   11
10    0.2564545 2.5880475 0.00990099    1   30   33   92   12
143   0.6341859 1.6599162 0.03030303    4   30   34   91   12
78    0.4661818 1.0374265 0.04395604    2   30   35   90   12
157   0.7375525 1.4742163 0.05050505    4   30   36   89   12
110   0.4370101 1.6866363 0.05952381    3   30   37   88   12
131   0.7787652 0.8512583 0.08333333    3   30   38   87   12
149   0.9701042 1.8129134 0.09090909    4   30   39   86   12
31    0.7103784 1.1430148 0.09900990    1   30   40   85   12
82    1.1026434 1.6665180 0.11904762    3   30   42   83   12
121   1.0892847 1.3344538 0.11904762    3   30   42   83   12
25    1.0970360 2.1804126 0.13861386    1   30   43   82   12
123   1.1512959 1.7041505 0.14285714    3   30   44   81   12
15    1.2086726 1.8920946 0.16831683    1   30   45   80   12
56    1.2654834 3.3837436 0.17582418    2   29   45   80   13
17    1.3236203 2.4834446 0.18811881    1   28   45   80   14
150   1.2757351 0.3010300 0.23232323    4   28   46   79   14
146   1.2967022 2.5779511 0.25252525    4   27   46   79   15
32    1.4023486 1.3579348 0.28712871    1   27   48   77   15
37    1.4093020 1.7024305 0.28712871    1   27   48   77   15
126   1.4676815 3.3837436 0.30952381    3   26   48   77   16
140   1.4623038 1.9138139 0.35353535    4   26   49   76   16
152   1.5355594 1.4183013 0.40404040    4   26   50   75   16
145   1.6492373 1.5843312 0.47474747    4   26   51   74   16
137   1.6573591 2.3310222 0.48484848    4   26   52   73   16
16    1.6627249 3.3837436 0.50495050    1   25   52   73   17
156   1.7540288 3.1911994 0.54545455    4   24   53   72   18
162   1.7590003 2.1386184 0.54545455    4   24   53   72   18
99    1.8362724 3.3837436 0.58333333    3   23   54   71   19
122   1.8378156 0.9030900 0.58333333    3   23   54   71   19
144   1.8085525 1.7972675 0.58585859    4   23   55   70   19
93    1.8863327 2.3174365 0.61904762    3   23   56   69   19
138   1.8450063 2.4350476 0.62626263    4   22   56   69   20
158   1.9024251 2.8865471 0.66666667    4   21   56   69   21
163   2.0309499 1.6294096 0.72727273    4   21   57   68   21
141   2.0419719 2.0338257 0.73737374    4   21   58   67   21
151   2.1869759 2.1448854 0.81818182    4   21   59   66   21
139   2.2242289 1.7853298 0.82828283    4   21   60   65   21
164   2.2919823 1.6314438 0.84848485    4   21   61   64   21
166   2.3308497 1.8394780 0.87878788    4   21   62   63   21
8     2.1848644 3.3837436 0.88118812    1   20   62   63   22
155   2.5563521 1.2988531 0.94949495    4   20   64   61   22
160   2.5576566 1.0791812 0.94949495    4   20   64   61   22
148   2.6642949 0.4913617 0.96969697    4   20   65   60   22
1     5.6150032 2.5366847 1.00000000    1    0  125    0   42
5     3.4170633 1.7767012 1.00000000    1    0  125    0   42
6     4.3522616 1.5717088 1.00000000    1    0  125    0   42
7     4.7759486 2.4350476 1.00000000    1    0  125    0   42
9     4.9682552 0.3010300 1.00000000    1    0  125    0   42
11    7.4644119 1.3765770 1.00000000    1    0  125    0   42
12    4.9697913 1.1172713 1.00000000    1    0  125    0   42
13    4.1906919 2.5627685 1.00000000    1    0  125    0   42
14    3.1523398 2.0297895 1.00000000    1    0  125    0   42
19    7.9036390 2.2367891 1.00000000    1    0  125    0   42
20    4.9051197 1.5263393 1.00000000    1    0  125    0   42
21    3.1183905 2.6134189 1.00000000    1    0  125    0   42
22    7.6566783 2.2000293 1.00000000    1    0  125    0   42
23    9.5291413 2.1664301 1.00000000    1    0  125    0   42
24    8.2981185 2.8121108 1.00000000    1    0  125    0   42
26    3.7489393 1.1643529 1.00000000    1    0  125    0   42
27    4.5524202 0.7993405 1.00000000    1    0  125    0   42
28    3.8489393 1.6532125 1.00000000    1    0  125    0   42
29    5.2465454 1.8709888 1.00000000    1    0  125    0   42
30    7.2550387 1.6042261 1.00000000    1    0  125    0   42
33    2.4103862 1.3820170 1.00000000    1    0  125    0   42
34    2.4602657 2.2671717 1.00000000    1    0  125    0   42
35    3.4967232 2.2796669 1.00000000    1    0  125    0   42
36    3.4334482 1.5024271 1.00000000    1    0  125    0   42
46   55.4078628 2.7136585 1.00000000    2    0  125    0   42
48   40.8881504 1.8469553 1.00000000    2    0  125    0   42
49   46.5707622 3.3837436 1.00000000    2    0  125    0   42
50   29.1247055 1.4593925 1.00000000    2    0  125    0   42
51   46.1941364 1.6884198 1.00000000    2    0  125    0   42
55   22.5926007 1.9020029 1.00000000    2    0  125    0   42
59   43.2498016 2.2000293 1.00000000    2    0  125    0   42
61    6.4403645 1.9355073 1.00000000    2    0  125    0   42
70    7.9370433 1.8000294 1.00000000    2    0  125    0   42
71   30.5323113 0.3010300 1.00000000    2    0  125    0   42
73   35.4167298 0.3010300 1.00000000    2    0  125    0   42
74   22.5371634 1.9484130 1.00000000    2    0  125    0   42
75   13.9972809 1.9703469 1.00000000    2    0  125    0   42
77    7.1791956 2.6887757 1.00000000    2    0  125    0   42
83    3.6737380 0.4913617 1.00000000    3    0  125    0   42
84    4.5172381 1.1271048 1.00000000    3    0  125    0   42
86    4.5907904 1.5024271 1.00000000    3    0  125    0   42
94   42.4236866 3.3837436 1.00000000    3    0  125    0   42
95    9.2653579 2.2631625 1.00000000    3    0  125    0   42
96    5.0713135 1.8870544 1.00000000    3    0  125    0   42
97   14.8543924 2.2387986 1.00000000    3    0  125    0   42
98   10.3125429 1.5670264 1.00000000    3    0  125    0   42
101  12.7539985 2.1734776 1.00000000    3    0  125    0   42
102   5.0830653 1.2944662 1.00000000    3    0  125    0   42
103   8.0372095 3.2980448 1.00000000    3    0  125    0   42
104   9.2374986 3.3837436 1.00000000    3    0  125    0   42
105  12.4744875 1.3856063 1.00000000    3    0  125    0   42
107   3.9925526 1.3384565 1.00000000    3    0  125    0   42
108  14.8975140 1.3384565 1.00000000    3    0  125    0   42
109  10.8260693 1.3891661 1.00000000    3    0  125    0   42
111   5.1432364 2.2387986 1.00000000    3    0  125    0   42
112  38.3735533 2.4201208 1.00000000    3    0  125    0   42
113   2.5269567 1.5888317 1.00000000    3    0  125    0   42
114  14.1856662 2.2309596 1.00000000    3    0  125    0   42
115  20.0075448 2.9825426 1.00000000    3    0  125    0   42
116  44.4080067 3.3837436 1.00000000    3    0  125    0   42
117  40.8333813 3.0048371 1.00000000    3    0  125    0   42
118  27.5370207 1.8095597 1.00000000    3    0  125    0   42
119  48.2556069 3.3837436 1.00000000    3    0  125    0   42
120  14.4186678 1.7535831 1.00000000    3    0  125    0   42
125  15.0574300 3.3837436 1.00000000    3    0  125    0   42
127  20.3343492 1.4116197 1.00000000    3    0  125    0   42
128   9.1094978 0.6127839 1.00000000    3    0  125    0   42
130   6.0905887 1.4248816 1.00000000    3    0  125    0   42
133   8.4473851 1.5538830 1.00000000    3    0  125    0   42
134  10.2574964 1.6314438 1.00000000    3    0  125    0   42
135  30.4657497 2.7629785 1.00000000    3    0  125    0   42
136   3.5593125 2.3218055 1.00000000    4    0  125    0   42
142   3.3505170 1.2041200 1.00000000    4    0  125    0   42
147   2.8626263 2.0874265 1.00000000    4    0  125    0   42
153   2.7946330 1.5440680 1.00000000    4    0  125    0   42
154   3.2721296 1.4653829 1.00000000    4    0  125    0   42
159   3.7305677 2.3769418 1.00000000    4    0  125    0   42
161   4.3733075 1.9943172 1.00000000    4    0  125    0   42
165   3.4342566 3.2387735 1.00000000    4    0  125    0   42
167   2.9881903 1.7371926 1.00000000    4    0  125    0   42
# predperf: 
  tpos tneg fpos fneg
1    6    5   19    7
2    3   23   11    7
3   10   18   23    3
4    2   16   10    4
