# threshold = 2.22044604925031e-16
# Area under ROC curve = 0.981818181818182
# aggregate.tpos = 54
# aggregate.tneg = 118
# aggregate.fpos = 1
# aggregate.fneg = 1
# rocframe: 
       predicted    actual threshold fold tpos tneg fpos fneg
1   -370.2785280 1.0374265 0.0000000    1   54  118    1    1
2   -330.2367683 1.3541084 0.0000000    1   54  118    1    1
5   -320.2369810 1.6599162 0.0000000    1   54  118    1    1
6   -378.9549482 0.0000000 0.0000000    1   54  118    1    1
8   -236.5027473 1.9329808 0.0000000    1   54  118    1    1
9   -325.2058644 1.6170003 0.0000000    1   54  118    1    1
14   -28.6147366 2.3577443 0.0000000    1   54  118    1    1
20  -168.4357489 2.0969100 0.0000000    1   54  118    1    1
21   -77.2286046 2.2871296 0.0000000    1   54  118    1    1
22   -69.2450736 2.2866810 0.0000000    1   54  118    1    1
23  -306.6171985 1.6464037 0.0000000    1   54  118    1    1
26  -309.3429841 1.7024305 0.0000000    1   54  118    1    1
28   -96.5849109 2.2362853 0.0000000    1   54  118    1    1
29  -215.9845517 2.0195317 0.0000000    1   54  118    1    1
30  -169.5721618 2.1195858 0.0000000    1   54  118    1    1
31  -285.4894695 1.6954817 0.0000000    2   54  118    1    1
32  -253.2149441 1.8847954 0.0000000    2   54  118    1    1
33   -84.9002949 2.2227165 0.0000000    2   54  118    1    1
34  -232.5388147 1.9344985 0.0000000    2   54  118    1    1
35  -362.9125689 0.9344985 0.0000000    2   54  118    1    1
36  -339.3355286 1.5440680 0.0000000    2   54  118    1    1
37  -258.6307596 1.8898617 0.0000000    2   54  118    1    1
39   -22.6979093 2.3308195 0.0000000    2   54  118    1    1
40  -121.3906190 2.1878026 0.0000000    2   54  118    1    1
42  -354.1864425 1.5843312 0.0000000    2   54  118    1    1
44  -256.1042291 1.8680564 0.0000000    2   54  118    1    1
45  -370.7069546 1.2068259 0.0000000    2   54  118    1    1
46  -354.1888833 1.1172713 0.0000000    2   54  118    1    1
47  -351.4280416 1.4927604 0.0000000    2   54  118    1    1
48  -365.5852321 0.7075702 0.0000000    2   54  118    1    1
49  -361.8522289 1.0374265 0.0000000    2   54  118    1    1
51  -309.3516331 1.7307823 0.0000000    2   54  118    1    1
52  -301.3519320 1.6374897 0.0000000    2   54  118    1    1
53  -192.0461126 1.9934362 0.0000000    2   54  118    1    1
54   -94.5018027 2.2227165 0.0000000    2   54  118    1    1
57  -333.8369785 1.3201463 0.0000000    2   54  118    1    1
59  -359.2336431 1.1903317 0.0000000    2   54  118    1    1
62   -16.0465911 2.3398488 0.0000000    2   54  118    1    1
63  -216.8466037 1.9503649 0.0000000    2   54  118    1    1
64   -92.4766493 2.2360331 0.0000000    2   54  118    1    1
66  -104.1068203 2.3040595 0.0000000    2   54  118    1    1
67  -286.4376621 1.8680564 0.0000000    2   54  118    1    1
68   -19.4026455 2.3516031 0.0000000    2   54  118    1    1
69  -134.7322914 2.1760913 0.0000000    2   54  118    1    1
70  -109.1226006 2.2237555 0.0000000    2   54  118    1    1
72  -129.2322330 1.1903317 0.0000000    3   54  118    1    1
73  -129.1420249 0.7708520 0.0000000    3   54  118    1    1
74   -51.4106363 2.0153598 0.0000000    3   54  118    1    1
75  -100.2489943 1.2380461 0.0000000    3   54  118    1    1
76  -146.4828985 0.8692317 0.0000000    3   54  118    1    1
77  -136.7398300 1.2253093 0.0000000    3   54  118    1    1
78  -126.6041620 1.5263393 0.0000000    3   54  118    1    1
79  -134.0963835 1.3636120 0.0000000    3   54  118    1    1
80   -49.2253515 2.1628630 0.0000000    3   54  118    1    1
81  -132.6873945 1.1986571 0.0000000    3   54  118    1    1
82  -116.4892076 1.6020600 0.0000000    3   54  118    1    1
83   -11.3966521 2.2367891 0.0000000    3   54  118    1    1
86   -89.3867424 2.0166155 0.0000000    3   54  118    1    1
88  -103.5408051 1.8215135 0.0000000    3   54  118    1    1
89   -63.2867805 2.1051694 0.0000000    3   54  118    1    1
90  -142.2213886 1.6720979 0.0000000    3   54  118    1    1
92  -141.2377386 1.5276299 0.0000000    3   54  118    1    1
93  -154.6616615 1.9818186 0.0000000    3   54  118    1    1
94  -169.6353534 1.6551384 0.0000000    3   54  118    1    1
95  -174.1180710 1.3856063 0.0000000    3   54  118    1    1
96  -163.3427564 1.8299467 0.0000000    3   54  118    1    1
97  -174.8933505 1.5611014 0.0000000    3   54  118    1    1
98  -185.8522072 1.4393327 0.0000000    3   54  118    1    1
99  -168.9261820 1.5658478 0.0000000    3   54  118    1    1
103 -180.2316649 1.3031961 0.0000000    3   54  118    1    1
104 -119.3724991 2.0870712 0.0000000    3   54  118    1    1
105 -115.4094885 2.1878026 0.0000000    3   54  118    1    1
109 -116.9094210 2.0795430 0.0000000    3   54  118    1    1
110 -148.1381386 1.7505084 0.0000000    3   54  118    1    1
111 -127.2167324 1.9571282 0.0000000    3   54  118    1    1
112 -125.9556907 2.2237555 0.0000000    3   54  118    1    1
113 -155.6485408 1.9464523 0.0000000    3   54  118    1    1
114 -178.8416782 1.1522883 0.0000000    3   54  118    1    1
115 -170.4451020 1.9722028 0.0000000    3   54  118    1    1
117  -61.2508987 2.3147097 0.0000000    3   54  118    1    1
118 -205.0958732 1.4785665 0.0000000    3   54  118    1    1
119 -112.0863876 2.1580608 0.0000000    3   54  118    1    1
122 -106.2005516 2.1000257 0.0000000    3   54  118    1    1
123 -104.4505003 2.0831441 0.0000000    3   54  118    1    1
124 -135.5540791 1.9703469 0.0000000    3   54  118    1    1
125 -151.9454563 1.8898617 0.0000000    3   54  118    1    1
126 -148.7721926 1.7291648 0.0000000    3   54  118    1    1
127 -149.7838893 1.5831988 0.0000000    3   54  118    1    1
128 -156.1597304 1.0791812 0.0000000    4   54  118    1    1
130  -82.2012316 2.1316187 0.0000000    4   54  118    1    1
131 -160.8008270 1.4082400 0.0000000    4   54  118    1    1
132  -86.7019630 2.1495270 0.0000000    4   54  118    1    1
133  -16.6601172 2.3769418 0.0000000    4   54  118    1    1
135 -148.1294806 1.5502284 0.0000000    4   54  118    1    1
136 -124.7593575 1.6954817 0.0000000    4   54  118    1    1
137 -157.4084381 1.4593925 0.0000000    4   54  118    1    1
138   -1.0205624 2.3398488 0.0000000    4   54  118    1    1
139  -89.2830003 2.1553360 0.0000000    4   54  118    1    1
140 -165.1015510 0.9242793 0.0000000    4   54  118    1    1
142 -102.4323147 1.9929951 0.0000000    4   54  118    1    1
143 -124.5993976 1.5943926 0.0000000    4   54  118    1    1
144 -177.4070830 1.3031961 0.0000000    4   54  118    1    1
145 -175.2096476 1.4031205 0.0000000    4   54  118    1    1
146 -159.6402419 1.3909351 0.0000000    4   54  118    1    1
149 -156.7307199 1.3926970 0.0000000    4   54  118    1    1
150 -147.8285176 1.1522883 0.0000000    4   54  118    1    1
151 -150.9971496 0.6127839 0.0000000    4   54  118    1    1
152 -158.3064005 0.3010300 0.0000000    4   54  118    1    1
153 -153.4224350 1.2329961 0.0000000    4   54  118    1    1
154 -169.8536388 0.6127839 0.0000000    4   54  118    1    1
155 -160.9858386 1.4345689 0.0000000    4   54  118    1    1
156 -127.2150214 1.8419848 0.0000000    4   54  118    1    1
157 -134.2760085 1.6954817 0.0000000    4   54  118    1    1
158 -149.9455646 1.1643529 0.0000000    4   54  118    1    1
165  -69.2057687 2.1580608 0.0000000    4   54  118    1    1
167  -91.1915475 2.1126050 0.0000000    4   54  118    1    1
168  -49.7864282 2.1251558 0.0000000    4   54  118    1    1
170  -15.7593538 2.3310222 0.0000000    4   54  118    1    1
173  -64.8405304 2.1580608 0.0000000    4   54  118    1    1
160    0.7769243 2.3516031 0.6929134    4   54  119    0    1
3   1467.9195348 3.0491792 1.0000000    1    0  119    0   55
4   3611.5828060 3.3837436 1.0000000    1    0  119    0   55
7    425.4964622 2.6887757 1.0000000    1    0  119    0   55
10    56.7411025 2.4366396 1.0000000    1    0  119    0   55
11   320.8121807 2.6386889 1.0000000    1    0  119    0   55
12  2467.3952709 3.2387735 1.0000000    1    0  119    0   55
13  3609.5305028 3.3837436 1.0000000    1    0  119    0   55
15  3606.2502265 3.3837436 1.0000000    1    0  119    0   55
16  2889.4042432 3.2980448 1.0000000    1    0  119    0   55
17     9.8955378 2.3829171 1.0000000    1    0  119    0   55
18   165.8901962 2.5366847 1.0000000    1    0  119    0   55
19   269.0776027 2.5880475 1.0000000    1    0  119    0   55
24    75.8744563 2.4549972 1.0000000    1    0  119    0   55
25  1461.5314510 3.0491792 1.0000000    1    0  119    0   55
27  3615.4320302 3.3837436 1.0000000    1    0  119    0   55
38   219.3537758 2.5627685 1.0000000    2    0  119    0   55
41  1585.9850563 3.0803739 1.0000000    2    0  119    0   55
43   476.5217563 2.7136585 1.0000000    2    0  119    0   55
50  3574.5207302 3.3837436 1.0000000    2    0  119    0   55
55   249.1603384 2.5880475 1.0000000    2    0  119    0   55
56   835.4457587 2.8615344 1.0000000    2    0  119    0   55
58   350.6267679 2.6637951 1.0000000    2    0  119    0   55
60  3578.0446624 3.3837436 1.0000000    2    0  119    0   55
61  1755.1302576 3.1138431 1.0000000    2    0  119    0   55
65  3536.7778592 3.3837436 1.0000000    2    0  119    0   55
71  3550.3442339 3.3837436 1.0000000    2    0  119    0   55
84   546.6833574 3.0048371 1.0000000    3    0  119    0   55
85   401.1784771 2.9189211 1.0000000    3    0  119    0   55
87   263.3303628 2.7595168 1.0000000    3    0  119    0   55
91   347.7491061 2.8615344 1.0000000    3    0  119    0   55
100 1508.3209061 3.3837436 1.0000000    3    0  119    0   55
101 1225.8445493 3.2980448 1.0000000    3    0  119    0   55
102  343.4069548 2.8615344 1.0000000    3    0  119    0   55
106  381.3096637 2.9119030 1.0000000    3    0  119    0   55
107 1499.0321400 3.3837436 1.0000000    3    0  119    0   55
108   44.1865144 2.6134189 1.0000000    3    0  119    0   55
116 1540.4627970 3.3837436 1.0000000    3    0  119    0   55
120 1527.0651670 3.3837436 1.0000000    3    0  119    0   55
121    5.4442607 2.5125510 1.0000000    3    0  119    0   55
129   35.0708920 2.4637437 1.0000000    4    0  119    0   55
134  367.3451843 2.8865471 1.0000000    4    0  119    0   55
141   78.4627446 2.5161386 1.0000000    4    0  119    0   55
147 1525.9940669 3.3837436 1.0000000    4    0  119    0   55
148  553.4797408 3.0196147 1.0000000    4    0  119    0   55
159  129.5934565 2.6386889 1.0000000    4    0  119    0   55
161  344.2634439 2.8615344 1.0000000    4    0  119    0   55
162  139.5975134 2.6134189 1.0000000    4    0  119    0   55
163 1534.1064347 3.3837436 1.0000000    4    0  119    0   55
164  258.0829937 2.7629785 1.0000000    4    0  119    0   55
166   17.9878023 2.4401216 1.0000000    4    0  119    0   55
169   65.4929625 2.5125510 1.0000000    4    0  119    0   55
171  135.7017665 2.6386889 1.0000000    4    0  119    0   55
172   30.1229523 2.4879863 1.0000000    4    0  119    0   55
174  107.8155437 2.5627685 1.0000000    4    0  119    0   55
# predperf: 
  tpos tneg fpos fneg
1   15   15    0    0
2   11   30    0    0
3   13   43    0    0
4   15   30    1    1
