# threshold = 1.89115505806114
# Area under ROC curve = 0.949274255156609
# aggregate.tpos = 52
# aggregate.tneg = 68
# aggregate.fpos = 51
# aggregate.fneg = 3
# rocframe: 
    predicted    actual   threshold fold tpos tneg fpos fneg
46   1.407938 1.1172713 0.000000000    2   55    1  118    0
23   1.515054 1.6464037 0.009615385    1   55    2  117    0
77   1.660098 1.2253093 0.026315789    3   55    5  114    0
78   1.605769 1.5263393 0.026315789    3   55    5  114    0
79   1.616866 1.3636120 0.026315789    3   55    5  114    0
47   1.506516 1.4927604 0.044943820    2   55    6  113    0
5    1.579504 1.6599162 0.076923077    1   55    8  111    0
26   1.577869 1.7024305 0.076923077    1   55    8  111    0
36   1.585413 1.5440680 0.078651685    2   55    9  110    0
76   1.680932 0.8692317 0.078947368    3   55   10  109    0
130  1.578947 2.1316187 0.079545455    4   55   11  108    0
32   1.594270 1.8847954 0.089887640    2   55   12  107    0
123  1.687434 2.0831441 0.092105263    3   55   13  106    0
72   1.691583 1.1903317 0.105263158    3   55   14  105    0
131  1.610342 1.4082400 0.125000000    4   55   15  104    0
9    1.616082 1.6170003 0.144230769    1   55   16  103    0
51   1.623583 1.7307823 0.146067416    2   55   17  102    0
8    1.619522 1.9329808 0.153846154    1   55   18  101    0
35   1.634499 0.9344985 0.157303371    2   55   19  100    0
125  1.698348 1.8898617 0.171052632    3   55   20   99    0
42   1.655240 1.5843312 0.179775281    2   55   23   96    0
57   1.648246 1.3201463 0.179775281    2   55   23   96    0
59   1.655311 1.1903317 0.179775281    2   55   23   96    0
135  1.684236 1.5502284 0.193181818    4   55   26   93    0
136  1.683660 1.6954817 0.193181818    4   55   26   93    0
138  1.692709 2.3398488 0.193181818    4   55   26   93    0
44   1.688569 1.8680564 0.213483146    2   55   28   91    0
48   1.685789 0.7075702 0.213483146    2   55   28   91    0
146  1.713156 1.3909351 0.238636364    4   55   30   89    0
150  1.708853 1.1522883 0.238636364    4   55   30   89    0
81   1.725906 1.1986571 0.250000000    3   55   32   87    0
145  1.727383 1.4031205 0.250000000    4   55   32   87    0
6    1.674123 0.0000000 0.278846154    1   54   33   86    1
17   1.675319 2.3829171 0.278846154    1   54   33   86    1
74   1.748266 2.0153598 0.289473684    3   54   34   85    1
31   1.732149 1.6954817 0.292134831    2   54   35   84    1
154  1.745585 0.6127839 0.295454545    4   54   36   83    1
20   1.686649 2.0969100 0.298076923    1   54   37   82    1
73   1.754620 0.7708520 0.315789474    3   54   40   79    1
82   1.777146 1.6020600 0.315789474    3   54   40   79    1
97   1.762137 1.5611014 0.315789474    3   54   40   79    1
18   1.723423 2.5366847 0.346153846    1   53   40   79    2
22   1.731912 2.2866810 0.375000000    1   53   41   78    2
83   1.792622 2.2367891 0.381578947    3   53   45   74    2
88   1.794387 1.8215135 0.381578947    3   53   45   74    2
99   1.800723 1.5658478 0.381578947    3   53   45   74    2
114  1.802053 1.1522883 0.381578947    3   53   45   74    2
29   1.741550 2.0195317 0.384615385    1   53   46   73    2
140  1.800496 0.9242793 0.420454545    4   53   48   71    2
151  1.800124 0.6127839 0.420454545    4   53   48   71    2
137  1.803565 1.4593925 0.431818182    4   53   50   69    2
143  1.803004 1.5943926 0.431818182    4   53   50   69    2
139  1.809561 2.1553360 0.443181818    4   53   51   68    2
90   1.809767 1.6720979 0.447368421    3   53   53   66    2
96   1.810413 1.8299467 0.447368421    3   53   53   66    2
64   1.768450 2.2360331 0.449438202    2   53   54   65    2
142  1.824948 1.9929951 0.477272727    4   53   55   64    2
21   1.787173 2.2871296 0.480769231    1   53   57   62    2
30   1.794584 2.1195858 0.480769231    1   53   57   62    2
157  1.834322 1.6954817 0.488636364    4   53   58   61    2
1    1.799786 1.0374265 0.490384615    1   53   59   60    2
68   1.798050 2.3516031 0.494382022    2   53   60   59    2
158  1.842157 1.1643529 0.511363636    4   53   61   58    2
92   1.829977 1.5276299 0.513157895    3   53   63   56    2
95   1.827489 1.3856063 0.513157895    3   53   63   56    2
33   1.815849 2.2227165 0.528089888    2   52   65   54    3
55   1.820427 2.5880475 0.528089888    2   52   65   54    3
66   1.813773 2.3040595 0.528089888    2   52   65   54    3
144  1.852765 1.3031961 0.534090909    4   52   68   51    3
149  1.851747 1.3926970 0.534090909    4   52   68   51    3
153  1.860167 1.2329961 0.534090909    4   52   68   51    3
34   1.828629 1.9344985 0.550561798    2   52   71   48    3
40   1.830720 2.1878026 0.550561798    2   52   71   48    3
70   1.827254 2.2237555 0.550561798    2   52   71   48    3
93   1.843329 1.9818186 0.552631579    3   52   74   45    3
94   1.843801 1.6551384 0.552631579    3   52   74   45    3
98   1.841411 1.4393327 0.552631579    3   52   74   45    3
132  1.890937 2.1495270 0.568181818    4   52   75   44    3
28   1.838511 2.2362853 0.576923077    1   52   76   43    3
80   1.869460 2.1628630 0.578947368    3   52   77   42    3
152  1.899840 0.3010300 0.590909091    4   52   78   41    3
89   1.879496 2.1051694 0.592105263    3   52   81   38    3
103  1.879325 1.3031961 0.592105263    3   52   81   38    3
118  1.875574 1.4785665 0.592105263    3   52   81   38    3
37   1.850466 1.8898617 0.595505618    2   52   82   37    3
104  1.901682 2.0870712 0.605263158    3   52   83   36    3
45   1.865174 1.2068259 0.617977528    2   52   85   34    3
63   1.854582 1.9503649 0.617977528    2   52   85   34    3
128  1.920911 1.0791812 0.636363636    4   52   86   33    3
49   1.876572 1.0374265 0.640449438    2   52   88   31    3
52   1.876616 1.6374897 0.640449438    2   52   88   31    3
2    1.865083 1.3541084 0.644230769    1   52   89   30    3
75   1.911660 1.2380461 0.644736842    3   52   92   27    3
124  1.911818 1.9703469 0.644736842    3   52   92   27    3
127  1.919370 1.5831988 0.644736842    3   52   92   27    3
167  1.926899 2.1126050 0.647727273    4   52   93   26    3
111  1.924156 1.9571282 0.671052632    3   52   94   25    3
53   1.909078 1.9934362 0.707865169    2   52   95   24    3
155  1.962837 1.4345689 0.727272727    4   52   97   22    3
156  1.963030 1.8419848 0.727272727    4   52   97   22    3
129  1.986115 2.4637437 0.761363636    4   50   97   22    5
141  1.979828 2.5161386 0.761363636    4   50   97   22    5
119  1.947755 2.1580608 0.763157895    3   50   99   20    5
126  1.948498 1.7291648 0.763157895    3   50   99   20    5
110  1.951407 1.7505084 0.789473684    3   50  100   19    5
168  2.004980 2.1251558 0.795454545    4   50  102   17    5
173  2.013080 2.1580608 0.795454545    4   50  102   17    5
54   1.942405 2.2227165 0.797752809    2   50  104   15    5
69   1.973230 2.1760913 0.797752809    2   50  104   15    5
105  1.976280 2.1878026 0.815789474    3   50  106   13    5
113  1.961887 1.9464523 0.815789474    3   50  106   13    5
133  2.035882 2.3769418 0.818181818    4   49  107   12    6
165  2.035101 2.1580608 0.818181818    4   49  107   12    6
10   1.946969 2.4366396 0.826923077    1   47  107   12    8
19   1.959724 2.5880475 0.826923077    1   47  107   12    8
112  1.985852 2.2237555 0.828947368    3   47  108   11    8
169  2.069541 2.5125510 0.852272727    4   46  108   11    9
160  2.073325 2.3516031 0.863636364    4   46  109   10    9
122  1.999008 2.1000257 0.868421053    3   46  110    9    9
67   1.994794 1.8680564 0.876404494    2   46  111    8    9
109  2.006693 2.0795430 0.881578947    3   46  112    7    9
14   1.983537 2.3577443 0.884615385    1   46  113    6    9
62   2.005985 2.3398488 0.887640449    2   46  114    5    9
86   2.027465 2.0166155 0.894736842    3   46  115    4    9
38   2.009125 2.5627685 0.898876404    2   45  115    4   10
39   2.016106 2.3308195 0.921348315    2   45  116    3   10
117  2.087705 2.3147097 0.934210526    3   45  117    2   10
24   2.042807 2.4549972 0.951923077    1   44  117    2   11
166  2.123019 2.4401216 0.954545455    4   42  117    2   13
171  2.127195 2.6386889 0.954545455    4   42  117    2   13
58   2.092396 2.6637951 0.955056180    2   41  117    2   14
7    2.079403 2.6887757 0.961538462    1   40  117    2   15
11   2.122745 2.6386889 0.971153846    1   39  117    2   16
115  2.192114 1.9722028 0.973684211    3   38  118    1   17
121  2.176784 2.5125510 0.973684211    3   38  118    1   17
170  2.171680 2.3310222 0.977272727    4   38  119    0   17
43   2.182309 2.7136585 0.977528090    2   36  119    0   19
56   2.186603 2.8615344 0.977528090    2   36  119    0   19
3    2.564199 3.0491792 1.000000000    1    0  119    0   55
4    3.640642 3.3837436 1.000000000    1    0  119    0   55
12   2.832003 3.2387735 1.000000000    1    0  119    0   55
13   3.650158 3.3837436 1.000000000    1    0  119    0   55
15   3.502974 3.3837436 1.000000000    1    0  119    0   55
16   3.045032 3.2980448 1.000000000    1    0  119    0   55
25   2.485518 3.0491792 1.000000000    1    0  119    0   55
27   3.171819 3.3837436 1.000000000    1    0  119    0   55
41   2.868529 3.0803739 1.000000000    2    0  119    0   55
50   3.388535 3.3837436 1.000000000    2    0  119    0   55
60   3.529790 3.3837436 1.000000000    2    0  119    0   55
61   2.664437 3.1138431 1.000000000    2    0  119    0   55
65   3.163874 3.3837436 1.000000000    2    0  119    0   55
71   3.746411 3.3837436 1.000000000    2    0  119    0   55
84   2.519548 3.0048371 1.000000000    3    0  119    0   55
85   2.361391 2.9189211 1.000000000    3    0  119    0   55
87   2.209585 2.7595168 1.000000000    3    0  119    0   55
91   2.236882 2.8615344 1.000000000    3    0  119    0   55
100  3.481638 3.3837436 1.000000000    3    0  119    0   55
101  3.231134 3.2980448 1.000000000    3    0  119    0   55
102  2.422327 2.8615344 1.000000000    3    0  119    0   55
106  2.506035 2.9119030 1.000000000    3    0  119    0   55
107  3.521409 3.3837436 1.000000000    3    0  119    0   55
108  2.301144 2.6134189 1.000000000    3    0  119    0   55
116  3.452047 3.3837436 1.000000000    3    0  119    0   55
120  3.643011 3.3837436 1.000000000    3    0  119    0   55
134  2.270082 2.8865471 1.000000000    4    0  119    0   55
147  3.436196 3.3837436 1.000000000    4    0  119    0   55
148  2.553917 3.0196147 1.000000000    4    0  119    0   55
159  2.343432 2.6386889 1.000000000    4    0  119    0   55
161  2.561074 2.8615344 1.000000000    4    0  119    0   55
162  2.543259 2.6134189 1.000000000    4    0  119    0   55
163  3.354951 3.3837436 1.000000000    4    0  119    0   55
164  2.319007 2.7629785 1.000000000    4    0  119    0   55
172  2.331459 2.4879863 1.000000000    4    0  119    0   55
174  2.358600 2.5627685 1.000000000    4    0  119    0   55
# predperf: 
  tpos tneg fpos fneg
1   13   13    2    2
2   10   16   14    1
3   13   18   25    0
4   16   21   10    0
