# Seed = 469
# Site = redarrow
# Method = gbm
# Area under ROC curve = 0.991596638655462
# aggregate.tpos = 55
# aggregate.tneg = 64
# aggregate.fpos = 55
# aggregate.fneg = 0
# variables: beach_EColiValue, beach_WaterTemp, beach_AirTemp, beach_LakeshoreCurrVel, beach_NoGulls, beach_PeopleInWater, beach_PeopleOnBeach, beach_WaveHeightManual, Manitowoc_Discharge_Diff_6, WaterTemperature_Mean_1, WaterTemperature_Mean_2, WaterTemperature_Mean_6, WaterTemperature_Mean_12, WaterTemperature_Mean_24, WaterTemperature_Mean_48, WaterTemperature_Mean_72, WaterTemperature_Mean_120, WaterTemperature_StDev_6, WaterTemperature_StDev_12, WaterTemperature_StDev_24, WaterTemperature_StDev_48, WaterTemperature_StDev_72, WaterTemperature_StDev_120, CloudCover_Mean_1, CloudCover_Mean_2, CloudCover_Mean_6, CloudCover_Mean_12, CloudCover_Mean_24, CloudCover_Mean_48, HeightAboveSeaLevel_Mean_1, HeightAboveSeaLevel_Mean_24, HeightAboveSeaLevel_Max_1, HeightAboveSeaLevel_Max_24, HeightAboveSeaLevel_Min_1, HeightAboveSeaLevel_Min_24, HeightAboveSeaLevel_Diff_24, CurrentDepthAveraged_Mean_1_perp, CurrentDepthAveraged_Mean_2_perp, CurrentDepthAveraged_Mean_6_perp, CurrentDepthAveraged_Mean_12_perp, CurrentDepthAveraged_Mean_24_perp, CurrentDepthAveraged_Mean_48_perp, CurrentDepthAveraged_Mean_72_perp, CurrentDepthAveraged_Mean_120_perp, CurrentDepthAveraged_Mean_1_par, CurrentDepthAveraged_Mean_2_par, CurrentDepthAveraged_Mean_6_par, CurrentDepthAveraged_Mean_12_par, CurrentDepthAveraged_Mean_24_par, CurrentDepthAveraged_Mean_48_par, CurrentDepthAveraged_Mean_72_par, CurrentDepthAveraged_Mean_120_par, CurrentSurface_Mean_1_perp, CurrentSurface_Mean_2_perp, CurrentSurface_Mean_6_perp, CurrentSurface_Mean_12_perp, CurrentSurface_Mean_24_perp, CurrentSurface_Mean_48_perp, CurrentSurface_Mean_72_perp, CurrentSurface_Mean_120_perp, CurrentSurface_Mean_1_par, CurrentSurface_Mean_2_par, CurrentSurface_Mean_6_par, CurrentSurface_Mean_12_par, CurrentSurface_Mean_24_par, CurrentSurface_Mean_48_par, CurrentSurface_Mean_72_par, CurrentSurface_Mean_120_par, WaveHeight_Mean_1, WaveHeight_Mean_2, WaveHeight_Mean_6, WaveHeight_Mean_12, WaveHeight_Mean_24, WaveHeightDirection_Mean_1_perp, WaveHeightDirection_Mean_2_perp, WaveHeightDirection_Mean_6_perp, WaveHeightDirection_Mean_12_perp, WaveHeightDirection_Mean_24_perp, WaveHeightDirection_Mean_1_par, WaveHeightDirection_Mean_2_par, WaveHeightDirection_Mean_6_par, WaveHeightDirection_Mean_12_par, WaveHeightDirection_Mean_24_par, WaveDirection_Mean_1_perp, WaveDirection_Mean_2_perp, WaveDirection_Mean_6_perp, WaveDirection_Mean_12_perp, WaveDirection_Mean_24_perp, WaveDirection_Mean_1_par, WaveDirection_Mean_2_par, WaveDirection_Mean_6_par, WaveDirection_Mean_12_par, WaveDirection_Mean_24_par, Wind_Mean_1_perp, Wind_Mean_2_perp, Wind_Mean_6_perp, Wind_Mean_12_perp, Wind_Mean_24_perp, Wind_Mean_1_par, Wind_Mean_2_par, Wind_Mean_6_par, Wind_Mean_12_par, Wind_Mean_24_par, AirTemperature_Mean_1, AirTemperature_Mean_2, AirTemperature_Mean_6, AirTemperature_Mean_12, AirTemperature_Mean_24, AirTemperature_Mean_48, AirTemperature_Mean_72, AirTemperature_Mean_120, AirTemperature_StDev_2, AirTemperature_StDev_6, AirTemperature_StDev_12, AirTemperature_StDev_24, AirTemperature_StDev_48, AirTemperature_StDev_72, AirTemperature_StDev_120, Sqrt.Precipitationoverupload.RedarrowSum.1hr, Sqrt.Precipitationoverupload.RedarrowSum.2hr, Sqrt.Precipitationoverupload.RedarrowSum.6hr, Sqrt.Precipitationoverupload.RedarrowSum.12hr, Sqrt.Precipitationoverupload.RedarrowSum.24hr, Sqrt.Precipitationoverupload.RedarrowSum.48hr, Sqrt.Precipitationoverupload.RedarrowSum.72hr, Sqrt.Precipitationoverupload.RedarrowSum.120hr, Sqrt.Precipitationoverupload.ManitowocRSum.1hr, Sqrt.Precipitationoverupload.ManitowocRSum.2hr, Sqrt.Precipitationoverupload.ManitowocRSum.6hr, Sqrt.Precipitationoverupload.ManitowocRSum.12hr, Sqrt.Precipitationoverupload.ManitowocRSum.24hr, Sqrt.Precipitationoverupload.ManitowocRSum.48hr, Sqrt.Precipitationoverupload.ManitowocRSum.72hr, Sqrt.Precipitationoverupload.ManitowocRSum.120hr, log.Manitowoc_Discharge_Mean_1, log.Manitowoc_Discharge_Mean_2, log.Manitowoc_Discharge_Mean_6, log.Manitowoc_Discharge_Mean_12, log.Manitowoc_Discharge_Mean_24, log.Manitowoc_Discharge_Mean_48, log.Manitowoc_Discharge_Mean_72, log.Manitowoc_Discharge_Mean_120, log.Manitowoc_Discharge_Min_1, log.Manitowoc_Discharge_Min_2, log.Manitowoc_Discharge_Min_6, log.Manitowoc_Discharge_Min_12, log.Manitowoc_Discharge_Min_24, log.Manitowoc_Discharge_Min_48, log.Manitowoc_Discharge_Min_72, log.Manitowoc_Discharge_Min_120, log.Manitowoc_Discharge_Max_24, beach_AlgaeNearshore2, beach_AlgaeNearshore3, beach_AlgaeNearshore4, beach_AlgaeOnBeach2, beach_AlgaeOnBeach3, beach_AlgaeOnBeach4, yday, log.beach_TurbidityBeach, beach_WindVector_perp, beach_WindVector_parl
# thresholding specificity: 0.525423728813559
# decision threshold: 1.8367329999284
# full results: 
    predicted    actual  threshold fold tpos tneg fpos fneg
151 0.6218672 0.6127839 0.01694915  151   55    1  118    0
6   0.7323484 0.0000000 0.03389831    6   55    5  114    0
48  0.6539839 0.7075702 0.03389831   48   55    5  114    0
152 0.7064768 0.3010300 0.03389831  152   55    5  114    0
154 0.6887879 0.6127839 0.03389831  154   55    5  114    0
73  0.6747399 0.7708520 0.04237288   73   55    6  113    0
76  0.7258522 0.8692317 0.05084746   76   55    7  112    0
35  0.8360576 0.9344985 0.05932203   35   55    9  110    0
140 0.8627725 0.9242793 0.05932203  140   55    9  110    0
49  0.9968328 1.0374265 0.07627119   49   55   10  109    0
2   1.0352261 1.0374265 0.08474576    1   55   11  108    0
46  1.1176397 1.1172713 0.10169492   46   55   13  106    0
128 1.1252419 1.0791812 0.10169492  128   55   13  106    0
114 1.1754421 1.1522883 0.11864407  114   55   15  104    0
150 1.1692015 1.1522883 0.11864407  150   55   15  104    0
72  1.1849911 1.1903317 0.13559322   72   55   17  102    0
158 1.1933634 1.1643529 0.13559322  158   55   17  102    0
59  1.2053961 1.1903317 0.15254237   59   55   19  100    0
81  1.1942960 1.1986571 0.15254237   81   55   19  100    0
153 1.1965215 1.2329961 0.16101695  153   55   20   99    0
45  1.2289287 1.2068259 0.16949153   45   55   21   98    0
77  1.2296642 1.2253093 0.17796610   77   55   22   97    0
75  1.2449354 1.2380461 0.18644068   75   55   23   96    0
57  1.2786979 1.3201463 0.19491525   57   55   25   94    0
103 1.3063683 1.3031961 0.19491525  103   55   25   94    0
144 1.3091220 1.3031961 0.20338983  144   55   26   93    0
21  1.3369019 1.3541084 0.22033898    2   55   27   92    0
79  1.3634202 1.3636120 0.22881356   79   55   28   91    0
95  1.3871639 1.3856063 0.23728814   95   55   29   90    0
146 1.3979863 1.3909351 0.24576271  146   55   31   88    0
149 1.3927059 1.3926970 0.24576271  149   55   31   88    0
145 1.4005950 1.4031205 0.26271186  145   55   32   87    0
131 1.4175795 1.4082400 0.27118644  131   55   33   86    0
98  1.4151483 1.4393327 0.27966102   98   55   35   84    0
155 1.4295998 1.4345689 0.27966102  155   55   35   84    0
137 1.4595049 1.4593925 0.29661017  137   55   36   83    0
118 1.4910300 1.4785665 0.30508475  118   55   37   82    0
47  1.4874856 1.4927604 0.31355932   47   55   38   81    0
92  1.5244771 1.5276299 0.32203390   92   55   39   80    0
78  1.5379259 1.5263393 0.33050847   78   55   40   79    0
36  1.5380914 1.5440680 0.33898305   36   55   41   78    0
135 1.5402548 1.5502284 0.34745763  135   55   42   77    0
42  1.5577049 1.5843312 0.35593220   42   55   44   75    0
97  1.5622829 1.5611014 0.35593220   97   55   44   75    0
99  1.5683314 1.5658478 0.36440678   99   55   45   74    0
23  1.5747832 1.6464037 0.38135593   23   55   47   72    0
127 1.5936607 1.5831988 0.38135593  127   55   47   72    0
82  1.5903151 1.6020600 0.38983051   82   55   49   70    0
143 1.5946541 1.5943926 0.38983051  143   55   49   70    0
9   1.6193906 1.6170003 0.41525424    9   55   50   69    0
52  1.6497012 1.6374897 0.42372881   52   55   52   67    0
90  1.6374341 1.6720979 0.42372881   90   55   52   67    0
94  1.6515360 1.6551384 0.43220339   94   55   53   66    0
5   1.6699914 1.6599162 0.44915254    5   55   54   65    0
26  1.6781691 1.7024305 0.45762712   26   55   56   63    0
136 1.6877281 1.6954817 0.45762712  136   55   56   63    0
31  1.7076600 1.6954817 0.48305085   31   55   58   61    0
157 1.7007295 1.6954817 0.48305085  157   55   58   61    0
126 1.7136795 1.7291648 0.49152542  126   55   59   60    0
51  1.7441933 1.7307823 0.50000000   51   55   61   58    0
110 1.7342417 1.7505084 0.50000000  110   55   61   58    0
88  1.8338702 1.8215135 0.51694915   88   55   62   57    0
44  1.8326662 1.8680564 0.52542373   44   55   64   55    0
96  1.8370774 1.8299467 0.52542373   96   55   64   55    0
156 1.8335344 1.8419848 0.53389831  156   55   65   54    0
67  1.8667898 1.8680564 0.55084746   67   55   66   53    0
32  1.8687183 1.8847954 0.55932203   32   55   68   51    0
37  1.8721755 1.8898617 0.55932203   37   55   68   51    0
125 1.9022995 1.8898617 0.57627119  125   55   69   50    0
8   1.9440575 1.9329808 0.59322034    8   55   71   48    0
34  1.9439003 1.9344985 0.59322034   34   55   71   48    0
113 1.9477602 1.9464523 0.60169492  113   55   72   47    0
63  1.9474922 1.9503649 0.61016949   63   55   73   46    0
111 1.9613912 1.9571282 0.61864407  111   55   75   44    0
124 1.9567236 1.9703469 0.61864407  124   55   75   44    0
115 1.9714942 1.9722028 0.63559322  115   55   76   43    0
93  1.9777124 1.9818186 0.64406780   93   55   77   42    0
53  1.9848331 1.9934362 0.65254237   53   55   78   41    0
86  1.9880231 2.0166155 0.66101695   86   55   80   39    0
142 2.0001149 1.9929951 0.66101695  142   55   80   39    0
74  2.0035789 2.0153598 0.66949153   74   55   81   38    0
29  2.0107009 2.0195317 0.68644068   29   55   82   37    0
123 2.0519385 2.0831441 0.69491525  123   55   83   36    0
104 2.0836964 2.0870712 0.70338983  104   55   84   35    0
109 2.0914900 2.0795430 0.71186441  109   55   85   34    0
20  2.0891650 2.0969100 0.72033898   20   55   86   33    0
122 2.1064680 2.1000257 0.72881356  122   55   87   32    0
89  2.1083911 2.1051694 0.73728814   89   55   88   31    0
167 2.1111960 2.1126050 0.74576271  167   55   89   30    0
30  2.1176095 2.1195858 0.75423729   30   55   90   29    0
168 2.1266488 2.1251558 0.76271186  168   55   91   28    0
130 2.1369578 2.1316187 0.77118644  130   55   92   27    0
80  2.1422544 2.1628630 0.77966102   80   55   94   25    0
173 2.1337903 2.1580608 0.77966102  173   55   94   25    0
132 2.1461731 2.1495270 0.78813559  132   55   95   24    0
119 2.1623560 2.1580608 0.81355932  119   55   97   22    0
139 2.1603105 2.1553360 0.81355932  139   55   97   22    0
165 2.1600490 2.1580608 0.82203390  165   55   98   21    0
64  2.1799684 2.2360331 0.83050847   64   55  100   19    0
105 2.1746102 2.1878026 0.83050847  105   55  100   19    0
40  2.1808060 2.1878026 0.83898305   40   55  101   18    0
69  2.1941728 2.1760913 0.84745763   69   55  102   17    0
33  2.2122550 2.2227165 0.85593220   33   55  104   15    0
70  2.2050721 2.2237555 0.85593220   70   55  104   15    0
54  2.2211883 2.2227165 0.88135593   54   55  105   14    0
112 2.2336269 2.2237555 0.88983051  112   55  106   13    0
83  2.2343796 2.2367891 0.89830508   83   55  107   12    0
28  2.2397988 2.2362853 0.90677966   28   55  108   11    0
22  2.2618945 2.2866810 0.91525424   22   55  109   10    0
211 2.2800022 2.2871296 0.92372881   21   55  110    9    0
66  2.2820225 2.3040595 0.93220339   66   55  111    8    0
138 2.3169945 2.3398488 0.94067797  138   55  112    7    0
117 2.3285156 2.3147097 0.94915254  117   55  113    6    0
39  2.3301684 2.3308195 0.95762712   39   55  114    5    0
170 2.3299213 2.3310222 0.96610169  170   55  115    4    0
68  2.3386835 2.3516031 0.97457627   68   55  116    3    0
62  2.3443476 2.3398488 0.98305085   62   55  117    2    0
160 2.3548863 2.3516031 0.99152542  160   55  118    1    0
3   3.0414257 3.0491792 1.00000000    3    0  119    0   55
4   3.3775177 3.3837436 1.00000000    4    0  119    0   55
7   2.6634174 2.6887757 1.00000000    7    0  119    0   55
10  2.4414426 2.4366396 1.00000000   10    0  119    0   55
11  2.6407385 2.6386889 1.00000000   11    0  119    0   55
12  3.2268097 3.2387735 1.00000000   12    0  119    0   55
13  3.3772245 3.3837436 1.00000000   13    0  119    0   55
14  2.3606540 2.3577443 1.00000000   14    0  119    0   55
15  3.3801403 3.3837436 1.00000000   15    0  119    0   55
16  3.2891728 3.2980448 1.00000000   16    0  119    0   55
17  2.3600026 2.3829171 1.00000000   17    0  119    0   55
18  2.5171214 2.5366847 1.00000000   18    0  119    0   55
19  2.5775866 2.5880475 1.00000000   19    0  119    0   55
24  2.4548785 2.4549972 1.00000000   24    0  119    0   55
25  3.0162986 3.0491792 1.00000000   25    0  119    0   55
27  3.3243407 3.3837436 1.00000000   27    0  119    0   55
38  2.5608422 2.5627685 1.00000000   38    0  119    0   55
41  3.0677229 3.0803739 1.00000000   41    0  119    0   55
43  2.7158923 2.7136585 1.00000000   43    0  119    0   55
50  3.3695376 3.3837436 1.00000000   50    0  119    0   55
55  2.5802073 2.5880475 1.00000000   55    0  119    0   55
56  2.8279861 2.8615344 1.00000000   56    0  119    0   55
58  2.6452192 2.6637951 1.00000000   58    0  119    0   55
60  3.3781992 3.3837436 1.00000000   60    0  119    0   55
61  3.0897738 3.1138431 1.00000000   61    0  119    0   55
65  3.3603392 3.3837436 1.00000000   65    0  119    0   55
71  3.3707960 3.3837436 1.00000000   71    0  119    0   55
84  3.0264107 3.0048371 1.00000000   84    0  119    0   55
85  2.9062173 2.9189211 1.00000000   85    0  119    0   55
87  2.7585466 2.7595168 1.00000000   87    0  119    0   55
91  2.8698013 2.8615344 1.00000000   91    0  119    0   55
100 3.3761917 3.3837436 1.00000000  100    0  119    0   55
101 3.3046613 3.2980448 1.00000000  101    0  119    0   55
102 2.8655757 2.8615344 1.00000000  102    0  119    0   55
106 2.9071729 2.9119030 1.00000000  106    0  119    0   55
107 3.3785795 3.3837436 1.00000000  107    0  119    0   55
108 2.6155753 2.6134189 1.00000000  108    0  119    0   55
116 3.3768106 3.3837436 1.00000000  116    0  119    0   55
120 3.3794025 3.3837436 1.00000000  120    0  119    0   55
121 2.5034167 2.5125510 1.00000000  121    0  119    0   55
129 2.4499519 2.4637437 1.00000000  129    0  119    0   55
133 2.3742492 2.3769418 1.00000000  133    0  119    0   55
134 2.8634468 2.8865471 1.00000000  134    0  119    0   55
141 2.5265552 2.5161386 1.00000000  141    0  119    0   55
147 3.3728406 3.3837436 1.00000000  147    0  119    0   55
148 3.0174510 3.0196147 1.00000000  148    0  119    0   55
159 2.6431420 2.6386889 1.00000000  159    0  119    0   55
161 2.8574432 2.8615344 1.00000000  161    0  119    0   55
162 2.6117006 2.6134189 1.00000000  162    0  119    0   55
163 3.3798201 3.3837436 1.00000000  163    0  119    0   55
164 2.7537922 2.7629785 1.00000000  164    0  119    0   55
166 2.4471610 2.4401216 1.00000000  166    0  119    0   55
169 2.4870329 2.5125510 1.00000000  169    0  119    0   55
171 2.6437953 2.6386889 1.00000000  171    0  119    0   55
172 2.4846210 2.4879863 1.00000000  172    0  119    0   55
174 2.5565467 2.5627685 1.00000000  174    0  119    0   55
