# threshold = 1.65762501112319
# Area under ROC curve = 0.642642642642642
# aggregate.tpos = 9
# aggregate.tneg = 78
# aggregate.fpos = 33
# aggregate.fneg = 12
# rocframe: 
    predicted    actual  threshold fold tpos tneg fpos fneg
24   1.140377 0.0000000 0.04225352    2   21    2  109    0
25   1.146205 0.0000000 0.04225352    2   21    2  109    0
22   1.198784 0.3010300 0.08450704    2   21    3  108    0
26   1.261784 0.3010300 0.12676056    2   21    4  107    0
34   1.280885 0.0000000 0.15492958    2   21    5  106    0
128  1.133752 1.8998205 0.17475728    4   21    6  105    0
64   1.338738 0.6127839 0.22535211    2   21    7  104    0
61   1.354830 1.0374265 0.23943662    2   21    8  103    0
56   1.371140 2.1525941 0.25352113    2   21    9  102    0
124  1.189350 1.4548449 0.27184466    4   21   10  101    0
37   1.388898 0.6127839 0.29577465    2   21   11  100    0
35   1.396614 1.0413927 0.30985915    2   21   12   99    0
129  1.234938 1.3636120 0.33009709    4   21   13   98    0
27   1.402043 0.7160033 0.33802817    2   21   14   97    0
87   1.251743 1.3283796 0.33870968    3   21   15   96    0
130  1.245518 1.2068259 0.34951456    4   21   16   95    0
125  1.261148 1.6170003 0.35922330    4   21   17   94    0
28   1.438291 2.8615344 0.38028169    2   20   19   92    1
33   1.436799 1.2068259 0.38028169    2   20   19   92    1
48   1.439727 0.7993405 0.38028169    2   20   19   92    1
12   1.325407 0.9344985 0.38144330    1   20   20   91    1
94   1.301622 1.8000294 0.40322581    3   20   21   90    1
93   1.343851 1.9079485 0.41935484    3   19   23   88    2
97   1.340928 2.4549972 0.41935484    3   19   23   88    2
100  1.350819 1.2944662 0.41935484    3   19   23   88    2
74   1.376549 0.0000000 0.43548387    3   19   26   85    2
99   1.364323 1.8000294 0.43548387    3   19   26   85    2
105  1.353448 1.2253093 0.43548387    3   19   26   85    2
52   1.453479 1.1931246 0.43661972    2   19   28   83    2
63   1.449625 0.8573325 0.43661972    2   19   28   83    2
9    1.384108 2.0406023 0.44329897    1   19   30   81    2
13   1.372827 1.1303338 0.44329897    1   19   30   81    2
36   1.468696 1.2329961 0.45070423    2   19   31   80    2
122  1.345332 2.5627685 0.45631068    4   18   32   79    3
127  1.378747 1.8970770 0.45631068    4   18   32   79    3
123  1.389467 1.6294096 0.47572816    4   18   33   78    3
20   1.484071 1.9698816 0.49295775    2   18   38   73    3
32   1.481321 0.8750613 0.49295775    2   18   38   73    3
38   1.486386 1.4842998 0.49295775    2   18   38   73    3
53   1.480996 1.3926970 0.49295775    2   18   38   73    3
59   1.480901 1.5658478 0.49295775    2   18   38   73    3
107  1.399346 0.4913617 0.50000000    3   18   40   71    3
117  1.411948 0.7993405 0.50000000    3   18   40   71    3
73   1.421445 0.0000000 0.53225806    3   18   43   68    3
120  1.422289 1.3909351 0.53225806    3   18   43   68    3
121  1.417249 0.9294189 0.53225806    3   18   43   68    3
65   1.497964 1.4393327 0.53521127    2   18   44   67    3
44   1.499732 2.4879863 0.54929577    2   17   46   65    4
45   1.517114 2.2367891 0.54929577    2   17   46   65    4
62   1.500974 0.9912261 0.54929577    2   17   46   65    4
39   1.547564 2.1504494 0.57746479    2   17   48   63    4
67   1.532780 2.0413927 0.57746479    2   17   48   63    4
78   1.450040 0.3010300 0.58064516    3   17   50   61    4
111  1.450112 0.7160033 0.58064516    3   17   50   61    4
21   1.551075 0.7993405 0.59154930    2   17   52   59    4
60   1.549197 1.7795965 0.59154930    2   17   52   59    4
77   1.467362 0.4771213 0.59677419    3   17   57   54    4
91   1.466007 2.2636361 0.59677419    3   17   57   54    4
95   1.467297 2.0744507 0.59677419    3   17   57   54    4
113  1.457750 1.5378191 0.59677419    3   17   57   54    4
115  1.465378 1.5092025 0.59677419    3   17   57   54    4
23   1.559884 0.0000000 0.60563380    2   17   59   52    4
58   1.562207 0.7993405 0.60563380    2   17   59   52    4
109  1.478169 1.5198280 0.61290323    3   17   60   51    4
7    1.540852 0.0000000 0.61855670    1   16   61   50    5
11   1.528643 2.7136585 0.61855670    1   16   61   50    5
71   1.501256 0.8692317 0.62903226    3   16   66   45    5
72   1.542036 0.3010300 0.62903226    3   16   66   45    5
89   1.502227 1.6009729 0.62903226    3   16   66   45    5
92   1.507174 2.0744507 0.62903226    3   16   66   45    5
103  1.489793 2.0182843 0.62903226    3   16   66   45    5
19   1.586936 1.9464523 0.63380282    2   14   67   44    7
41   1.583610 2.4549972 0.63380282    2   14   67   44    7
47   1.572555 2.5125510 0.63380282    2   14   67   44    7
1    1.572047 0.6127839 0.63917526    1   13   68   43    8
8    1.571707 2.6386889 0.63917526    1   13   68   43    8
43   1.590763 0.7160033 0.64788732    2   12   69   42    9
55   1.588848 2.7629785 0.64788732    2   12   69   42    9
66   1.594039 2.8615344 0.66197183    2   11   69   42   10
75   1.575889 1.1303338 0.67741935    3   11   71   40   10
84   1.569980 1.5786392 0.67741935    3   11   71   40   10
126  1.563070 2.9914033 0.69902913    4   10   71   40   11
17   1.655905 1.7024305 0.70103093    1   10   72   39   11
85   1.595280 1.2944662 0.72580645    3   10   75   36   11
104  1.610530 2.1804126 0.72580645    3   10   75   36   11
108  1.614957 1.3765770 0.72580645    3   10   75   36   11
10   1.700865 0.0000000 0.73195876    1   10   76   35   11
29   1.607938 3.3837436 0.73239437    2    9   77   34   12
49   1.616890 1.6009729 0.73239437    2    9   77   34   12
70   1.621963 1.9956352 0.74193548    3    9   79   32   12
119  1.624188 0.3010300 0.74193548    3    9   79   32   12
131  1.623503 2.7383841 0.74757282    4    8   79   32   13
50   1.641713 2.2370408 0.76056338    2    8   80   31   13
30   1.674241 2.5985717 0.78873239    2    7   82   29   14
40   1.693343 0.3010300 0.78873239    2    7   82   29   14
42   1.691984 1.1643529 0.78873239    2    7   82   29   14
16   1.748840 0.9242793 0.79381443    1    7   83   28   14
31   1.699065 2.7136585 0.80281690    2    6   83   28   15
6    1.787936 1.5888317 0.80412371    1    6   84   27   15
76   1.654648 2.9119030 0.82258065    3    5   91   20   16
83   1.698618 1.9454686 0.82258065    3    5   91   20   16
90   1.702609 1.7234557 0.82258065    3    5   91   20   16
98   1.721550 1.9947569 0.82258065    3    5   91   20   16
106  1.679551 1.3979400 0.82258065    3    5   91   20   16
112  1.656116 0.7993405 0.82258065    3    5   91   20   16
116  1.701104 1.2278867 0.82258065    3    5   91   20   16
118  1.706846 1.4842998 0.82258065    3    5   91   20   16
132  1.733271 1.9813655 0.83495146    4    5   92   19   16
86   1.728011 1.1931246 0.83870968    3    4   94   17   17
96   1.727312 2.4141374 0.83870968    3    4   94   17   17
110  1.731678 1.1613680 0.83870968    3    4   94   17   17
57   1.732488 0.8692317 0.84507042    2    4   95   16   17
114  1.746345 1.1303338 0.87096774    3    4   96   15   17
5    1.869885 1.2855573 0.89690722    1    4   97   14   17
46   1.779918 2.3529539 0.90140845    2    4   99   12   17
54   1.781196 1.4955443 0.90140845    2    4   99   12   17
4    1.944857 2.1316187 0.91752577    1    4  100   11   17
79   1.820239 2.9377184 0.91935484    3    3  102    9   18
80   1.835322 1.3344538 0.91935484    3    3  102    9   18
102  1.829518 2.1804126 0.91935484    3    3  102    9   18
15   1.949952 1.1903317 0.92783505    1    3  103    8   18
69   1.844399 1.9925535 0.93548387    3    3  104    7   18
88   1.861553 2.2372923 0.95161290    3    3  105    6   18
51   1.875740 1.5854607 0.95774648    2    3  106    5   18
68   1.895463 1.6106602 0.98387097    3    2  109    2   19
81   1.985209 2.0437551 0.98387097    3    2  109    2   19
82   1.962405 1.9454686 0.98387097    3    2  109    2   19
101  2.087128 3.3837436 0.98387097    3    2  109    2   19
2    2.129429 2.9914033 0.98969072    1    0  111    0   21
3    2.032352 0.4913617 0.98969072    1    0  111    0   21
14   2.074738 2.3960249 0.98969072    1    0  111    0   21
18   2.095902 2.3040595 0.98969072    1    0  111    0   21
# predperf: 
  tpos tneg fpos fneg
1    2    7    7    2
2    3   32    8    6
3    4   32   17    1
4    0    7    1    3
