# threshold = 2.1922586347983
# Area under ROC curve = 0.536571428571428
# aggregate.tpos = 16
# aggregate.tneg = 83
# aggregate.fpos = 42
# aggregate.fneg = 26
# rocframe: 
     predicted    actual  threshold fold tpos tneg fpos fneg
3    -6.264464 3.3837436 0.00000000    1   40    0  125    2
18  -10.034070 3.3837436 0.00000000    1   40    0  125    2
4     1.103247 3.2980448 0.00990099    1   38    1  124    4
8     1.289387 3.3837436 0.00990099    1   38    1  124    4
25    1.248403 2.1804126 0.00990099    1   38    1  124    4
33    1.380974 1.3820170 0.02970297    1   38    3  122    4
36    1.390216 1.5024271 0.02970297    1   38    3  122    4
6     1.434814 1.5717088 0.03960396    1   38    5  120    4
28    1.442788 1.6532125 0.03960396    1   38    5  120    4
48    1.863976 1.8469553 0.04395604    2   38    6  119    4
31    1.458769 1.1430148 0.04950495    1   38    8  117    4
32    1.454040 1.3579348 0.04950495    1   38    8  117    4
35    1.474290 2.2796669 0.05940594    1   38    9  116    4
1     1.486796 2.5366847 0.06930693    1   37    9  116    5
50    1.896850 1.4593925 0.07692308    2   37   10  115    5
132   1.692428 0.3010300 0.08333333    3   36   12  113    6
133   1.704707 1.5538830 0.08333333    3   36   12  113    6
135   1.703034 2.7629785 0.08333333    3   36   12  113    6
163   1.248108 1.6294096 0.09090909    4   36   13  112    6
131   1.706677 0.8512583 0.09523810    3   36   14  111    6
27    1.549540 0.7993405 0.10891089    1   36   16  109    6
37    1.561829 1.7024305 0.10891089    1   36   16  109    6
49    1.905653 3.3837436 0.10989011    2   35   17  108    7
51    1.904868 1.6884198 0.10989011    2   35   17  108    7
162   1.273087 2.1386184 0.11111111    4   35   18  107    7
75    1.907728 1.9703469 0.13186813    2   35   19  106    7
73    1.910004 0.3010300 0.14285714    2   35   20  105    7
140   1.377918 1.9138139 0.15151515    4   35   22  103    7
167   1.367147 1.7371926 0.15151515    4   35   22  103    7
157   1.407329 1.4742163 0.16161616    4   35   23  102    7
54    1.911885 1.3710679 0.16483516    2   35   25  100    7
74    1.912038 1.9484130 0.16483516    2   35   25  100    7
130   1.734840 1.4248816 0.16666667    3   35   26   99    7
134   1.735757 1.6314438 0.19047619    3   35   27   98    7
128   1.739348 0.6127839 0.20238095    3   35   29   96    7
129   1.744077 1.3263359 0.20238095    3   35   29   96    7
122   1.747401 0.9030900 0.21428571    3   34   30   95    8
126   1.748795 3.3837436 0.21428571    3   34   30   95    8
55    1.916578 1.9020029 0.23076923    2   34   31   94    8
45    1.917157 2.9914033 0.25274725    2   33   31   94    9
127   1.779593 1.4116197 0.27380952    3   33   32   93    9
156   1.561317 3.1911994 0.28282828    4   32   33   92   10
166   1.568367 1.8394780 0.28282828    4   32   33   92   10
119   1.782562 3.3837436 0.28571429    3   31   33   92   11
121   1.790710 1.3344538 0.29761905    3   31   34   91   11
158   1.596053 2.8865471 0.30303030    4   30   35   90   12
164   1.586516 1.6314438 0.30303030    4   30   35   90   12
120   1.805600 1.7535831 0.30952381    3   30   38   87   12
123   1.801338 1.7041505 0.30952381    3   30   38   87   12
124   1.800487 1.9283959 0.30952381    3   30   38   87   12
149   1.610561 1.8129134 0.31313131    4   30   39   86   12
38    1.918391 0.3010300 0.31868132    2   30   43   82   12
53    1.918011 2.2355284 0.31868132    2   30   43   82   12
78    1.918063 1.0374265 0.31868132    2   30   43   82   12
80    1.918469 1.9355073 0.31868132    2   30   43   82   12
137   1.628880 2.3310222 0.32323232    4   30   44   81   12
79    1.919001 1.1643529 0.32967033    2   30   45   80   12
160   1.652373 1.0791812 0.35353535    4   30   46   79   12
113   1.817773 1.5888317 0.35714286    3   30   48   77   12
118   1.817092 1.8095597 0.35714286    3   30   48   77   12
39    1.919162 2.3398488 0.37362637    2   30   49   76   12
5     1.778794 1.7767012 0.37623762    1   30   50   75   12
115   1.831179 2.9825426 0.38095238    3   28   50   75   14
116   1.825352 3.3837436 0.38095238    3   28   50   75   14
110   1.841342 1.6866363 0.40476190    3   28   51   74   14
71    1.920138 0.3010300 0.40659341    2   27   53   72   15
76    1.919913 2.0406023 0.40659341    2   27   53   72   15
81    1.920109 2.5161386 0.40659341    2   27   53   72   15
77    1.920384 2.6887757 0.41758242    2   26   53   72   16
63    1.920392 2.1433271 0.42857143    2   26   54   71   16
41    1.920597 2.0318123 0.43956044    2   26   55   70   16
72    1.920957 1.5786392 0.45054945    2   26   56   69   16
109   1.863709 1.3891661 0.45238095    3   26   58   67   16
114   1.858644 2.2309596 0.45238095    3   26   58   67   16
150   1.801451 0.3010300 0.45454545    4   26   60   65   16
152   1.816325 1.4183013 0.45454545    4   26   60   65   16
52    1.921375 1.3483049 0.46153846    2   26   62   63   16
68    1.921212 1.3979400 0.46153846    2   26   62   63   16
161   1.827500 1.9943172 0.46464646    4   26   63   62   16
117   1.888960 3.0048371 0.48809524    3   25   63   62   17
69    1.921486 1.6866363 0.49450549    2   25   64   61   17
147   1.844805 2.0874265 0.49494949    4   25   65   60   17
64    1.921848 2.1598678 0.50549451    2   25   67   58   17
67    1.921817 0.6127839 0.50549451    2   25   67   58   17
70    1.922026 1.8000294 0.52747253    2   25   68   57   17
151   1.877028 2.1448854 0.53535354    4   25   69   56   17
153   1.884093 1.5440680 0.54545455    4   25   70   55   17
154   1.917415 1.4653829 0.55555556    4   25   71   54   17
24    1.886068 2.8121108 0.58415842    1   24   71   54   18
155   1.922827 1.2988531 0.58585859    4   24   72   53   18
20    1.907576 1.5263393 0.60396040    1   24   73   52   18
108   1.931672 1.3384565 0.60714286    3   24   74   51   18
29    1.916462 1.8709888 0.61386139    1   24   75   50   18
40    1.923025 1.6009729 0.61538462    2   24   76   49   18
105   1.938851 1.3856063 0.61904762    3   24   77   48   18
17    1.922650 2.4834446 0.63366337    1   23   77   48   19
141   1.941270 2.0338257 0.63636364    4   23   78   47   19
143   1.982498 1.6599162 0.64646465    4   23   79   46   19
58    1.923566 2.3583156 0.64835165    2   23   80   45   19
104   1.952041 3.3837436 0.65476190    3   21   81   44   21
106   1.953184 1.4756712 0.65476190    3   21   81   44   21
112   1.944550 2.4201208 0.65476190    3   21   81   44   21
57    1.923647 3.3837436 0.65934066    2   20   81   44   22
42    1.923760 2.4637437 0.67032967    2   19   81   44   23
145   1.999357 1.5843312 0.67676768    4   19   82   43   23
107   1.958865 1.3384565 0.67857143    3   19   83   42   23
159   2.006298 2.3769418 0.68686869    4   17   83   42   25
165   2.015193 3.2387735 0.68686869    4   17   83   42   25
125   1.963532 3.3837436 0.69047619    3   16   83   42   26
101   1.971952 2.1734776 0.71428571    3   15   86   39   27
102   1.982488 1.2944662 0.71428571    3   15   86   39   27
103   1.977996 3.2980448 0.71428571    3   15   86   39   27
111   1.972378 2.2387986 0.71428571    3   15   86   39   27
100   1.983769 2.7271344 0.72619048    3   14   86   39   28
14    1.983230 2.0297895 0.74257426    1   14   87   38   28
60    1.926651 2.1027766 0.74725275    2   14   89   36   28
62    1.926779 1.4712917 0.74725275    2   14   89   36   28
96    2.018513 1.8870544 0.75000000    3   13   90   35   29
99    2.019296 3.3837436 0.75000000    3   13   90   35   29
138   2.108709 2.4350476 0.75757576    4   11   90   35   31
146   2.109793 2.5779511 0.75757576    4   11   90   35   31
136   2.121267 2.3218055 0.76767677    4   11   91   34   31
95    2.040048 2.2631625 0.78571429    3   11   93   32   31
98    2.053045 1.5670264 0.78571429    3   11   93   32   31
142   2.183978 1.2041200 0.80808081    4   11   94   31   31
2     2.023023 2.5375673 0.81188119    1    9   95   30   33
7     2.028513 2.4350476 0.81188119    1    9   95   30   33
12    2.027856 1.1172713 0.81188119    1    9   95   30   33
61    1.928391 1.9355073 0.81318681    2    9   96   29   33
91    2.080397 1.7986506 0.82142857    3    9   98   27   33
97    2.083256 2.2387986 0.82142857    3    9   98   27   33
43    1.928591 1.3961993 0.82417582    2    9   99   26   33
139   2.220347 1.7853298 0.82828283    4    9  100   25   33
59    1.928694 2.2000293 0.83516484    2    9  101   24   33
11    2.091619 1.3765770 0.85148515    1    9  102   23   33
144   2.294231 1.7972675 0.86868687    4    9  103   22   33
89    2.121370 0.0000000 0.86904762    3    9  105   20   33
90    2.117443 1.5158738 0.86904762    3    9  105   20   33
10    2.164942 2.5880475 0.87128713    1    8  105   20   34
83    2.140098 0.4913617 0.88095238    3    8  106   19   34
44    1.932736 2.0338257 0.89010989    2    6  107   18   36
46    1.934046 2.7136585 0.89010989    2    6  107   18   36
66    1.933007 2.6190933 0.89010989    2    6  107   18   36
9     2.203613 0.3010300 0.90099010    1    5  109   16   37
13    2.204004 2.5627685 0.90099010    1    5  109   16   37
30    2.182689 1.6042261 0.90099010    1    5  109   16   37
65    1.956326 2.3380579 0.91208791    2    5  110   15   37
88    2.160233 1.5263393 0.92857143    3    5  112   13   37
92    2.158326 1.9576073 0.92857143    3    5  112   13   37
148   2.445887 0.4913617 0.92929293    4    5  113   12   37
15    2.319637 1.8920946 0.95049505    1    4  115   10   38
16    2.269962 3.3837436 0.95049505    1    4  115   10   38
34    2.320315 2.2671717 0.95049505    1    4  115   10   38
87    2.192017 1.6928469 0.95238095    3    4  116    9   38
56    1.976970 3.3837436 0.95604396    2    3  116    9   39
21    2.397503 2.6134189 0.96039604    1    2  117    8   40
26    2.333210 1.1643529 0.96039604    1    2  117    8   40
82    2.224160 1.6665180 0.96428571    3    2  119    6   40
86    2.200463 1.5024271 0.96428571    3    2  119    6   40
84    2.231851 1.1271048 0.97619048    3    2  121    4   40
85    2.232602 2.1525941 0.97619048    3    2  121    4   40
47    2.020921 2.7567882 0.98901099    2    1  121    4   41
19    3.591266 2.2367891 1.00000000    1    0  125    0   42
22    3.327843 2.2000293 1.00000000    1    0  125    0   42
23    2.915837 2.1664301 1.00000000    1    0  125    0   42
93    2.374638 2.3174365 1.00000000    3    0  125    0   42
94    2.348949 3.3837436 1.00000000    3    0  125    0   42
# predperf: 
  tpos tneg fpos fneg
1    6   13   11    7
2    4   27    7    6
3    6   20   21    7
4    0   23    3    6
