# threshold = 0.827199013503843
# Area under ROC curve = 0.3996138996139
# aggregate.tpos = 8
# aggregate.tneg = 52
# aggregate.fpos = 96
# aggregate.fneg = 6
# rocframe: 
           X1    actual  threshold fold tpos tneg fpos fneg
79  0.8595628 0.0000000 0.01886792    3   13    7  141    1
80  0.8577649 2.1139434 0.01886792    3   13    7  141    1
81  0.8615560 1.5145478 0.01886792    3   13    7  141    1
100 0.8606673 1.2944662 0.01886792    3   13    7  141    1
102 0.8564038 2.9377184 0.01886792    3   13    7  141    1
111 0.8609037 1.5378191 0.01886792    3   13    7  141    1
112 0.8567600 2.1598678 0.01886792    3   13    7  141    1
116 0.8593861 2.3529539 0.01886792    3   13    7  141    1
99  0.8646194 2.3529539 0.02830189    3   13    8  140    1
4   0.8877883 2.0759118 0.02919708    1   13    9  139    1
152 0.7459314 1.8432328 0.04032258    4   13   10  138    1
69  0.8666449 1.3891661 0.04716981    3   13   12  136    1
121 0.8664487 1.7693773 0.04716981    3   13   12  136    1
140 0.8261074 1.4393327 0.04838710    4   13   13  135    1
130 0.8440076 2.6637951 0.05645161    4   12   13  135    2
125 0.8632398 1.3909351 0.06451613    4   11   14  134    3
150 0.8569658 2.8865471 0.06451613    4   11   14  134    3
120 0.8671251 1.5211381 0.06603774    3   11   15  133    3
10  0.8916813 2.2652896 0.07299270    1   11   16  132    3
32  0.9189388 2.8367670 0.07563025    2   10   19  129    4
47  0.9186026 1.8920946 0.07563025    2   10   19  129    4
48  0.9184481 2.3232521 0.07563025    2   10   19  129    4
60  0.9187218 1.4593925 0.07563025    2   10   19  129    4
83  0.8675944 0.9777236 0.09433962    3   10   21  127    4
93  0.8676506 1.1986571 0.09433962    3   10   21  127    4
11  0.8922857 1.8680564 0.09489051    1   10   23  125    4
25  0.8924655 1.2329961 0.09489051    1   10   23  125    4
106 0.8681835 0.6127839 0.10377358    3   10   24  124    4
98  0.8685413 1.9355073 0.11320755    3   10   25  123    4
78  0.8701832 0.3010300 0.12264151    3   10   26  122    4
129 0.9093343 2.1711412 0.12903226    4   10   27  121    4
128 0.9220834 1.8175654 0.14516129    4   10   28  120    4
84  0.8723512 1.9319661 0.15094340    3   10   29  119    4
13  0.8937879 1.4232459 0.15328467    1   10   30  118    4
149 0.9340744 0.7923917 0.16129032    4   10   31  117    4
89  0.8729374 2.2159018 0.17924528    3   10   34  114    4
94  0.8728645 1.6599162 0.17924528    3   10   34  114    4
104 0.8729905 1.1643529 0.17924528    3   10   34  114    4
34  0.9208150 3.1138431 0.18487395    2    9   35  113    5
59  0.9207987 1.6444386 0.18487395    2    9   35  113    5
139 0.9404031 1.9474337 0.19354839    4    9   37  111    5
161 0.9408636 1.8920946 0.19354839    4    9   37  111    5
101 0.8733658 1.3820170 0.19811321    3    9   38  110    5
134 0.9438734 1.6106602 0.20161290    4    9   39  109    5
87  0.8735678 1.2430380 0.20754717    3    9   40  108    5
162 0.9459285 1.3944517 0.20967742    4    9   41  107    5
35  0.9212870 2.0726175 0.21008403    2    9   42  106    5
141 0.9476381 3.2980448 0.21774194    4    8   44  104    6
142 0.9481219 1.5092025 0.21774194    4    8   44  104    6
156 0.9474005 2.0744507 0.21774194    4    8   44  104    6
53  0.9216652 1.4785665 0.21848739    2    8   45  103    6
38  0.9221708 2.4549972 0.25210084    2    7   46  102    7
67  0.9221073 1.1335389 0.25210084    2    7   46  102    7
82  0.8741921 1.5378191 0.25471698    3    7   47  101    7
148 0.9549543 2.0195317 0.25806452    4    7   48  100    7
64  0.9224932 0.9867717 0.26050420    2    7   49   99    7
40  0.9230065 1.5105450 0.26890756    2    7   50   98    7
107 0.8753305 0.9867717 0.27358491    3    7   51   97    7
55  0.9230506 2.9914033 0.27731092    2    6   51   97    8
27  0.9232603 1.9057959 0.28571429    2    6   53   95    8
31  0.9233490 0.0000000 0.28571429    2    6   53   95    8
155 0.9584279 2.9377184 0.29032258    4    5   54   94    9
159 0.9585158 1.6532125 0.29032258    4    5   54   94    9
105 0.8761115 1.9169800 0.30188679    3    5   55   93    9
132 0.9612777 2.2195845 0.30645161    4    5   57   91    9
135 0.9593454 0.6127839 0.30645161    4    5   57   91    9
131 0.9615989 1.2041200 0.31451613    4    5   58   90    9
50  0.9235965 1.0755470 0.31932773    2    5   59   89    9
68  0.9237725 1.7505084 0.35294118    2    5   60   88    9
158 0.9635650 1.5211381 0.35483871    4    5   61   87    9
33  0.9238220 1.2988531 0.36134454    2    5   62   86    9
76  0.8767666 0.8692317 0.36792453    3    5   63   85    9
29  0.9240121 0.6127839 0.36974790    2    5   64   84    9
2   0.8971601 1.2671717 0.37226277    1    5   65   83    9
110 0.8768173 1.4593925 0.37735849    3    5   66   82    9
37  0.9243056 2.0437551 0.38655462    2    5   68   80    9
54  0.9243064 0.4913617 0.38655462    2    5   68   80    9
103 0.8771004 1.4345689 0.38679245    3    5   69   79    9
127 0.9685525 1.0334238 0.39516129    4    5   70   78    9
14  0.8975246 1.1613680 0.40145985    1    5   71   77    9
117 0.8771521 1.0791812 0.40566038    3    5   72   76    9
95  0.8773500 1.5550944 0.41509434    3    5   74   74    9
114 0.8774625 1.5440680 0.41509434    3    5   74   74    9
123 0.8776752 1.5550944 0.42452830    3    5   75   73    9
6   0.8979229 1.9036325 0.43065693    1    5   76   72    9
43  0.9246755 0.7993405 0.43697479    2    5   80   68    9
56  0.9247549 1.8175654 0.43697479    2    5   80   68    9
58  0.9247930 1.0791812 0.43697479    2    5   80   68    9
65  0.9246937 1.3483049 0.43697479    2    5   80   68    9
36  0.9248541 2.7875313 0.44537815    2    4   80   68   10
5   0.8982904 1.5378191 0.45255474    1    4   81   67   10
108 0.8779665 1.1702617 0.45283019    3    4   82   66   10
30  0.9250913 0.7075702 0.46218487    2    4   84   64   10
62  0.9249895 1.7355989 0.46218487    2    4   84   64   10
73  0.8780621 1.4593925 0.46226415    3    4   85   63   10
126 0.9727145 0.6127839 0.47580645    4    4   86   62   10
28  0.9252525 1.4456042 0.49579832    2    4   87   61   10
63  0.9253021 1.7737864 0.50420168    2    4   88   60   10
136 0.9740380 1.0334238 0.50806452    4    4   89   59   10
92  0.8785447 0.9822712 0.50943396    3    4   91   57   10
113 0.8785425 2.1126050 0.50943396    3    4   91   57   10
42  0.9253245 0.7923917 0.51260504    2    4   92   56   10
46  0.9253363 0.7993405 0.52100840    2    4   93   55   10
133 0.9746910 3.2980448 0.53225806    4    3   94   54   11
138 0.9752424 0.4771213 0.53225806    4    3   94   54   11
96  0.8788558 1.5809250 0.53773585    3    3   95   53   11
44  0.9255548 0.7160033 0.54621849    2    3   96   52   11
16  0.8991407 1.6201361 0.55474453    1    3   97   51   11
57  0.9257747 0.7075702 0.56302521    2    3   98   50   11
97  0.8791814 1.4297523 0.56603774    3    3   99   49   11
49  0.9260957 1.7226339 0.59663866    2    3  100   48   11
22  0.8996557 1.8088859 0.60583942    1    3  101   47   11
9   0.8996859 1.7846173 0.62043796    1    3  103   45   11
24  0.8996927 1.8469553 0.62043796    1    3  103   45   11
41  0.9261919 1.1643529 0.62184874    2    3  104   44   11
45  0.9263511 1.6384893 0.64705882    2    3  105   43   11
74  0.8812400 1.2900346 0.67924528    3    3  106   42   11
66  0.9267741 1.4440448 0.68907563    2    3  107   41   11
90  0.8814095 1.4756712 0.69811321    3    3  108   40   11
137 0.9805384 1.7092700 0.70161290    4    3  109   39   11
51  0.9268744 2.1711412 0.70588235    2    3  110   38   11
146 0.9811887 1.2278867 0.70967742    4    3  111   37   11
71  0.8819329 1.6063814 0.73584906    3    3  113   35   11
91  0.8820440 0.9344985 0.73584906    3    3  113   35   11
8   0.9006504 0.6127839 0.75182482    1    3  114   34   11
70  0.8821865 1.5145478 0.75471698    3    3  115   33   11
85  0.8823424 0.7993405 0.76415094    3    3  116   32   11
157 0.9830717 1.8773713 0.76612903    4    3  117   31   11
1   0.9010170 1.6170003 0.78102190    1    3  119   29   11
7   0.9010659 1.0374265 0.78102190    1    3  119   29   11
154 0.9832503 3.3837436 0.78225806    4    2  119   29   12
124 0.8825187 1.2329961 0.78301887    3    2  120   28   12
3   0.9011244 1.1398791 0.78832117    1    2  121   27   12
12  0.9015662 1.9947569 0.81021898    1    2  122   26   12
144 0.9850404 0.8750613 0.82258065    4    1  123   25   13
147 0.9850187 2.3727279 0.82258065    4    1  123   25   13
115 0.8831691 1.0863598 0.83018868    3    1  124   24   13
17  0.9018444 1.6730209 0.83211679    1    1  126   22   13
18  0.9018563 2.1126050 0.83211679    1    1  126   22   13
72  0.8834731 0.7160033 0.83962264    3    1  128   20   13
122 0.8833955 0.0000000 0.83962264    3    1  128   20   13
15  0.9022082 1.3820170 0.84671533    1    1  129   19   13
143 0.9863197 1.0863598 0.84677419    4    1  130   18   13
21  0.9023290 1.9484130 0.86131387    1    1  131   17   13
153 0.9884121 1.2329961 0.86290323    4    1  132   16   13
118 0.8838468 0.8633229 0.86792453    3    1  133   15   13
86  0.8838996 1.0791812 0.87735849    3    1  134   14   13
23  0.9024410 0.0000000 0.88321168    1    1  135   13   13
145 0.9895036 1.2278867 0.89516129    4    1  136   12   13
88  0.8841518 0.9542425 0.89622642    3    1  137   11   13
151 0.9900452 0.3010300 0.90322581    4    1  138   10   13
75  0.8843026 0.9242793 0.90566038    3    1  139    9   13
20  0.9029889 2.0413927 0.92700730    1    1  140    8   13
39  0.9286312 1.2041200 0.93277311    2    1  141    7   13
19  0.9034640 1.3856063 0.94890511    1    1  142    6   13
109 0.8847690 0.0000000 0.96226415    3    1  143    5   13
61  0.9291587 1.7795965 0.96638655    2    1  144    4   13
77  0.8867108 1.0334238 0.99056604    3    1  146    2   13
119 0.8860522 0.8512583 0.99056604    3    1  146    2   13
52  0.9296815 0.4771213 0.99159664    2    1  147    1   13
160 0.9943273 2.9377184 0.99193548    4    0  147    1   14
26  0.9303353 1.1271048 1.00000000    2    0  148    0   14
# predperf: 
  tpos tneg fpos fneg
1    0    5   20    0
2    0   25   13    5
3    0   20   35    1
4    8    2   28    0
