# Seed = 248
# Site = maslowski
# Method = gbm
# Area under ROC curve = 0.707511249567324
# aggregate.tpos = 15
# aggregate.tneg = 81
# aggregate.fpos = 26
# aggregate.fneg = 12
# variables: beach_Sc, beach_WaterTemp, beach_AirTemp, trib_NorthFishCreekAtHwy2_TribSc, trib_SouthFishCreekAtHwy137_TribSc, trib_WhittleseyCreekAtHwy1304026321_TribSc, trib_SouthFishCreekAtHwy137_WaterElevation, beach_LakeshoreCurrVel, beach_NoGeese, beach_NoGulls, beach_PeopleInWater, beach_PeopleOnBeach, beach_WaveHeightManual, Whittlesey_Discharge_Diff_6, HeightAboveSeaLevel_Mean_1, HeightAboveSeaLevel_Mean_2, HeightAboveSeaLevel_Mean_6, HeightAboveSeaLevel_Mean_12, HeightAboveSeaLevel_Mean_24, HeightAboveSeaLevel_Diff_24, AirTemperature_Mean_1, AirTemperature_Mean_2, AirTemperature_Mean_6, AirTemperature_Mean_12, AirTemperature_Mean_24, AirTemperature_Mean_48, AirTemperature_Mean_72, AirTemperature_Mean_120, CloudCover_Mean_1, CloudCover_Mean_2, CloudCover_Mean_6, CloudCover_Mean_12, CloudCover_Mean_24, Wind_Mean_1_perp, Wind_Mean_2_perp, Wind_Mean_6_perp, Wind_Mean_12_perp, Wind_Mean_24_perp, Wind_Mean_1_par, Wind_Mean_2_par, Wind_Mean_6_par, Wind_Mean_12_par, Wind_Mean_24_par, AirTemperature_StDev_2, AirTemperature_StDev_6, AirTemperature_StDev_12, AirTemperature_StDev_24, AirTemperature_StDev_48, AirTemperature_StDev_72, AirTemperature_StDev_120, Sqrt.Precipitation.over.upload.maslowski.Sum..1hr, Sqrt.Precipitation.over.upload.maslowski.Sum..2hr, Sqrt.Precipitation.over.upload.maslowski.Sum..6hr, Sqrt.Precipitation.over.upload.maslowski.Sum..12hr, Sqrt.Precipitation.over.upload.maslowski.Sum..24hr, Sqrt.Precipitation.over.upload.maslowski.Sum..48hr, Sqrt.Precipitation.over.upload.maslowski.Sum..72hr, Sqrt.Precipitation.over.upload.maslowski.Sum..120hr, Sqrt.Whittlesey_ARF_Sum_1, Sqrt.Whittlesey_ARF_Sum_2, Sqrt.Whittlesey_ARF_Sum_6, Sqrt.Whittlesey_ARF_Sum_12, Sqrt.Whittlesey_ARF_Sum_24, Sqrt.Whittlesey_ARF_Sum_48, Sqrt.Whittlesey_ARF_Sum_72, Sqrt.Whittlesey_ARF_Sum_120, log.Whittlesey_Discharge_Mean_1, log.Whittlesey_Discharge_Mean_2, log.Whittlesey_Discharge_Mean_6, log.Whittlesey_Discharge_Mean_12, log.Whittlesey_Discharge_Mean_24, log.Whittlesey_Discharge_Mean_48, log.Whittlesey_Discharge_Mean_72, log.Whittlesey_Discharge_Mean_120, log.Whittlesey_Discharge_Min_1, log.Whittlesey_Discharge_Min_2, log.Whittlesey_Discharge_Min_6, log.Whittlesey_Discharge_Min_12, log.Whittlesey_Discharge_Min_24, log.Whittlesey_Discharge_Min_48, log.Whittlesey_Discharge_Min_72, log.Whittlesey_Discharge_Min_120, log.Whittlesey_Discharge_Max_24, beach_AlgaeNearshore2, beach_AlgaeNearshore3, beach_AlgaeNearshore4, beach_AlgaeOnBeach2, beach_AlgaeOnBeach3, yday, log.beach_TurbidityBeach, beach_WindVector_perp, beach_WindVector_parl
# thresholding specificity: 0.773584905660377
# decision threshold: 2.01318959519433
# full results: 
    predicted    actual  threshold fold tpos tneg fpos fneg
31   1.362342 1.1303338 0.00000000   31   27    1  106    0
26   1.326405 1.7767012 0.04716981   26   27    2  105    0
43   1.228544 2.6386889 0.05607477   43   26    2  105    1
47   1.460576 1.8802418 0.11320755   47   26    3  104    1
32   1.505788 1.2576786 0.12264151   32   26    5  102    1
44   1.470010 0.9777236 0.12264151   44   26    5  102    1
41   1.487439 2.1051694 0.13207547   41   26    7  100    1
75   1.480623 1.1271048 0.13207547   75   26    7  100    1
28   1.490499 1.7566361 0.17924528   28   26    8   99    1
45   1.564194 1.5024271 0.19811321   45   26    9   98    1
49   1.518521 1.6551384 0.20754717   49   26   11   96    1
50   1.616676 1.5263393 0.20754717   50   26   11   96    1
80   1.571992 0.8750613 0.21698113   80   26   12   95    1
76   1.581465 1.3710679 0.22641509   76   26   13   94    1
57   1.579243 1.3856063 0.23584906   57   26   14   93    1
40   1.589184 0.9912261 0.24528302   40   26   16   91    1
54   1.588584 2.1752218 0.24528302   54   26   16   91    1
42   1.602273 0.7160033 0.25471698   42   26   17   90    1
77   1.635230 0.9242793 0.27358491   77   26   18   89    1
95   1.625204 2.5880475 0.30841121   95   25   18   89    2
56   1.649838 1.3344538 0.31132075   56   25   20   87    2
62   1.651496 1.3031961 0.31132075   62   25   20   87    2
66   1.580356 2.0195317 0.32075472   66   25   21   86    2
64   1.656282 1.7715875 0.33962264   64   25   24   83    2
90   1.641389 1.1643529 0.33962264   90   25   24   83    2
127  1.647090 1.7520484 0.33962264  127   25   24   83    2
9    1.685085 1.7581546 0.34905660    9   25   28   79    2
13   1.651716 1.4456042 0.34905660   13   25   28   79    2
33   1.675926 1.5899496 0.34905660   33   25   28   79    2
60   1.725120 1.6821451 0.34905660   60   25   28   79    2
115  1.698702 2.2516382 0.35849057  115   25   29   78    2
38   1.732146 1.5728716 0.36792453   38   25   30   77    2
30   1.724166 0.6127839 0.37735849   30   25   31   76    2
11   1.678981 1.6954817 0.38679245   11   25   32   75    2
10   1.748991 0.7993405 0.39622642   10   25   33   74    2
46   1.710161 2.2866810 0.40566038   46   25   36   71    2
65   1.704482 1.0374265 0.40566038   65   25   36   71    2
74   1.732051 1.3483049 0.40566038   74   25   36   71    2
21   1.703095 1.3856063 0.41509434    2   25   38   69    2
81   1.716487 1.7795965 0.41509434   81   25   38   69    2
5    1.738405 0.9344985 0.43396226    5   25   41   66    2
116  1.730658 1.7795965 0.43396226  116   25   41   66    2
128  1.737677 1.4456042 0.43396226  128   25   41   66    2
25   1.762864 2.0338257 0.44339623   25   25   43   64    2
27   1.757761 2.0318123 0.44339623   27   25   43   64    2
125  1.763479 1.7767012 0.46226415  125   25   44   63    2
89   1.771043 2.2671717 0.49056604   89   25   46   61    2
94   1.779177 1.5717088 0.49056604   94   25   46   61    2
15   1.780698 1.4785665 0.50000000   15   25   48   59    2
119  1.771225 2.1945143 0.50000000  119   25   48   59    2
131  1.797730 2.1664301 0.50943396  131   25   49   58    2
87   1.788680 2.1711412 0.51886792   87   25   50   57    2
130  1.804816 2.9119030 0.52336449  130   24   50   57    3
12   1.800161 1.8344207 0.52830189   12   24   52   55    3
96   1.811879 1.9469433 0.52830189   96   24   52   55    3
120  1.789761 2.4879863 0.53271028  120   23   52   55    4
69   1.819865 1.8382192 0.53773585   69   23   53   54    4
133  1.805107 2.4401216 0.56074766  133   22   53   54    5
134  1.849925 2.9914033 0.57009346  134   21   53   54    6
14   1.854407 1.6812412 0.57547170   14   21   56   51    6
79   1.839459 1.9365137 0.57547170   79   21   56   51    6
118  1.839530 1.1986571 0.57547170  118   21   56   51    6
110  1.862033 1.7291648 0.58490566  110   21   58   49    6
132  1.860057 1.5899496 0.58490566  132   21   58   49    6
59   1.877471 1.4548449 0.59433962   59   21   59   48    6
86   1.876937 2.5627685 0.59813084   86   20   59   48    7
88   1.873782 1.5728716 0.60377358   88   20   60   47    7
29   1.898159 1.5327544 0.63207547   29   20   61   46    7
78   1.923782 1.1205739 0.64150943   78   20   62   45    7
2    1.931828 1.0755470 0.65094340    1   20   64   43    7
114  1.904388 1.6444386 0.65094340  114   20   64   43    7
34   1.925353 2.0652061 0.66037736   34   20   67   40    7
39   1.942063 1.7024305 0.66037736   39   20   67   40    7
129  1.941421 1.9454686 0.66037736  129   20   67   40    7
48   1.944097 0.3010300 0.66981132   48   20   70   37    7
91   1.933004 2.0195317 0.66981132   91   20   70   37    7
102  1.935912 2.1251558 0.66981132  102   20   70   37    7
68   1.978292 1.3820170 0.67924528   68   20   71   36    7
103  1.975355 1.7923917 0.69811321  103   20   72   35    7
63   1.960209 1.6963564 0.70754717   63   20   73   34    7
126  1.982800 2.2695129 0.71698113  126   20   74   33    7
124  1.970137 2.3960249 0.71962617  124   19   74   33    8
51   1.992867 3.3837436 0.73831776   51   18   74   33    9
67   1.990659 1.9822712 0.74528302   67   18   75   32    9
98   2.012725 1.6665180 0.75471698   98   18   76   31    9
92   1.978888 2.6134189 0.75700935   92   17   76   31   10
8    2.009222 1.5611014 0.76415094    8   17   80   27   10
53   2.073181 1.1613680 0.76415094   53   17   80   27   10
82   1.994214 2.2652896 0.76415094   82   17   80   27   10
97   2.058645 1.7299743 0.76415094   97   17   80   27   10
23   2.021718 2.5627685 0.76635514   23   15   80   27   12
73   2.049230 2.4879863 0.76635514   73   15   80   27   12
58   2.034045 2.2913689 0.77358491   58   15   81   26   12
121  2.058971 3.1911994 0.78504673  121   13   81   26   14
123  2.070808 2.9641653 0.78504673  123   13   81   26   14
22   2.106163 2.0557605 0.80188679   22   13   84   23   14
61   2.053898 2.1142773 0.80188679   61   13   84   23   14
108  2.075258 2.1711412 0.80188679  108   13   84   23   14
106  2.108144 2.9914033 0.81308411  106   12   84   23   15
20   2.119476 2.1251558 0.82075472   20   12   86   21   15
101  2.112532 2.3109056 0.82075472  101   12   86   21   15
52   2.122405 1.3010300 0.83018868   52   12   87   20   15
99   2.116439 3.2387735 0.83177570   99   10   87   20   17
113  2.125650 2.9119030 0.83177570  113   10   87   20   17
93   2.117421 2.6740340 0.85981308   93    8   87   20   19
122  2.133808 2.4549972 0.85981308  122    8   87   20   19
6    2.136762 2.3147097 0.87735849    6    8   88   19   19
111  2.204010 2.0461048 0.88679245  111    8   89   18   19
3    2.214624 1.8773713 0.90566038    3    8   90   17   19
72   2.194237 2.3900515 0.90654206   72    7   90   17   20
109  2.188858 2.3310222 0.91509434  109    7   92   15   20
117  2.202926 1.9344985 0.91509434  117    7   92   15   20
36   2.207822 2.0182843 0.93396226   36    7   94   13   20
55   2.271924 2.1664301 0.93396226   55    7   94   13   20
17   2.280158 2.1525941 0.94339623   17    7   95   12   20
211  2.231359 2.7383841 0.94392523   21    6   95   12   21
83   2.258550 1.5024271 0.95283019   83    6   96   11   21
4    2.299167 2.9914033 0.95327103    4    4   96   11   23
24   2.235893 3.3837436 0.95327103   24    4   96   11   23
7    2.254983 2.0318123 0.96226415    7    4   98    9   23
85   2.274450 2.1504494 0.96226415   85    4   98    9   23
107  2.344677 1.9947569 0.98113208  107    4   99    8   23
16   2.335438 3.1503265 0.98130841   16    2   99    8   25
18   2.337044 2.7629785 0.98130841   18    2   99    8   25
19   2.365113 2.0060380 0.99056604   19    2  102    5   25
35   2.351354 2.3040595 0.99056604   35    2  102    5   25
100  2.329773 2.2367891 0.99056604  100    2  102    5   25
37   2.486263 2.1664301 1.00000000   37    0  107    0   27
70   2.468087 1.2068259 1.00000000   70    0  107    0   27
71   2.427565 2.2360331 1.00000000   71    0  107    0   27
84   2.387839 3.1138431 1.00000000   84    0  107    0   27
104  2.567883 2.3040595 1.00000000  104    0  107    0   27
105  2.743038 2.5880475 1.00000000  105    0  107    0   27
112  2.502109 0.3010300 1.00000000  112    0  107    0   27
