#adalasso
([{'specificity': array([0.77419355, 0.90322581, 0.98387097, 0.20967742, 0.80645161,
       0.85483871, 0.82258065, 0.83870968, 0.87096774, 0.22580645,
       0.080645161, 0.35483871, 0.11290323, 0.64516129, 0.46774194,
       0.37096774, 0.72580645, 0.43548387, 0.79032258, 0.93548387,
       0.30645161, 0.56451613, 0.14516129, 0.69354839, 0.40322581,
       0.74193548, 0.12903226, 0.5, 0.5483871, 0.48387097, 0.080645161,
       0.9516129, 0.91935484, 0.96774194, 1.0, 0.59677419, 0.51612903,
       0.080645161, 0.19354839, 0.70967742, 0.32258065, 0.38709677,
       0.88709677, 0.24193548, 0.33870968, 0.53225806, 0.62903226,
       0.75806452, 0.29032258, 0.67741935, 0.17741935, 0.4516129,
       0.66129032, 0.096774194, 0.61290323, 0.16129032, 0.25806452,
       0.58064516, 0.41935484, 0.27419355, 0.080645161, 0.080645161]), 'tneg': array([ 9, 11, 11,  1, 10, 11, 10, 11, 11,  1,  1,  4,  1,  6,  5,  4,  6,
        5,  9, 11,  3,  6,  1,  6,  4,  6,  1,  5,  6,  5,  1, 11, 11, 11,
       11,  6,  5,  1,  1,  6,  3,  4, 11,  1,  4,  6,  6,  9,  3,  6,  1,
        5,  6,  1,  6,  1,  1,  6,  4,  3,  1,  1]), 'fpos': array([ 2,  0,  0, 10,  1,  0,  1,  0,  0, 10, 10,  7, 10,  5,  6,  7,  5,
        6,  2,  0,  8,  5, 10,  5,  7,  5, 10,  6,  5,  6, 10,  0,  0,  0,
        0,  5,  6, 10, 10,  5,  8,  7,  0, 10,  7,  5,  5,  2,  8,  5, 10,
        6,  5, 10,  5, 10, 10,  5,  7,  8, 10, 10]), 'threshold': [0.20457272284438041, 0.20483512069313736, 0.20495383264991138, 0.20410633328637329, 0.20460561083691181, 0.2046975570378812, 0.20462736771476239, 0.20469332448776245, 0.20472754868277521, 0.20410696916489673, 0.20409678587153646, 0.2041270202057717, 0.20409708112096339, 0.20434215516337817, 0.20417556111917568, 0.20413640176802766, 0.20443934132019895, 0.20416263093098291, 0.20458524109754434, 0.20488714412005926, 0.20411691148405714, 0.20427054068437009, 0.20410154498867783, 0.20441888534789834, 0.20414395706446756, 0.20444493411787795, 0.20410079957933835, 0.20423916459145494, 0.20426407970097774, 0.20422327668391788, 0.20409678587153646, 0.20490840050400092, 0.20487079912053349, 0.20495161954054736, 0.20495391506239477, 0.20427760383907764, 0.20424028626655486, 0.20409678587153646, 0.20410618351708346, 0.20442064179081212, 0.20412176252850986, 0.20413893016288182, 0.20474275717812002, 0.20410894270842897, 0.20412556348614833, 0.2042490962846337, 0.20433414816004467, 0.20455039680952716, 0.20411592382601765, 0.20439087374108583, 0.20410512400866962, 0.20416439943319648, 0.20435379776908119, 0.20409688771115803, 0.20428509194040626, 0.20410260533909047, 0.20410998573790748, 0.20427084659878761, 0.20415013166609952, 0.20411522699432769, 0.20409678587153646, 0.20409678587153646], 'fneg': array([3, 3, 5, 1, 3, 3, 3, 3, 3, 1, 1, 1, 1, 3, 1, 1, 3, 1, 3, 3, 1, 2, 1,
       3, 1, 3, 1, 2, 2, 2, 1, 3, 3, 5, 6, 2, 2, 1, 1, 3, 1, 1, 3, 1, 1, 2,
       3, 3, 1, 3, 1, 1, 3, 1, 2, 1, 1, 2, 1, 1, 1, 1]), 'sensitivity': array([1, 1, 1, 1, 1, 1, 1, 1, 1, 1, 1, 1, 1, 1, 1, 1, 1, 1, 1, 1, 1, 1, 1,
       1, 1, 1, 1, 1, 1, 1, 1, 1, 1, 1, 1, 1, 1, 1, 1, 1, 1, 1, 1, 1, 1, 1,
       1, 1, 1, 1, 1, 1, 1, 1, 1, 1, 1, 1, 1, 1, 1, 1]), 'tpos': array([3, 3, 1, 5, 3, 3, 3, 3, 3, 5, 5, 5, 5, 3, 5, 5, 3, 5, 3, 3, 5, 4, 5,
       3, 5, 3, 5, 4, 4, 4, 5, 3, 3, 1, 0, 4, 4, 5, 5, 3, 5, 5, 3, 5, 5, 4,
       3, 3, 5, 3, 5, 5, 3, 5, 4, 5, 5, 4, 5, 5, 5, 5])}, {'specificity': array([0.87301587, 0.93650794, 0.80952381, 0.95238095, 0.44444444,
       0.84126984, 0.047619048, 0.55555556, 0.76190476, 0.38095238,
       0.63492063, 0.73015873, 0.88888889, 0.71428571, 0.50793651,
       0.23809524, 0.11111111, 0.77777778, 0.68253968, 0.82539683,
       0.9047619, 0.22222222, 0.3015873, 0.15873016, 0.79365079, 0.6984127,
       0.20634921, 0.65079365, 0.19047619, 0.46031746, 0.031746032,
       0.14285714, 0.85714286, 0.92063492, 0.96825397, 1.0, 0.98412698,
       0.25396825, 0.58730159, 0.079365079, 0.6031746, 0.015873016,
       0.42857143, 0.34920635, 0.3968254, 0.74603175, 0.12698413,
       0.28571429, 0.61904762, 0.52380952, 0.36507937, 0.53968254,
       0.095238095, 0.47619048, 0.66666667, 0.49206349, 0.31746032,
       0.26984127, 0.17460317, 0.57142857, 0.33333333, 0.41269841,
       0.063492063]), 'tneg': array([11, 12, 11, 12,  7, 11,  0,  9, 10,  7,  9,  9, 11,  9,  8,  4,  0,
       10,  9, 11, 12,  2,  5,  1, 11,  9,  2,  9,  1,  7,  0,  1, 11, 12,
       12, 12, 12,  4,  9,  0,  9,  0,  7,  7,  7, 10,  1,  5,  9,  8,  7,
        9,  0,  7,  9,  8,  6,  4,  1,  9,  7,  7,  0]), 'fpos': array([ 1,  0,  1,  0,  5,  1, 12,  3,  2,  5,  3,  3,  1,  3,  4,  8, 12,
        2,  3,  1,  0, 10,  7, 11,  1,  3, 10,  3, 11,  5, 12, 11,  1,  0,
        0,  0,  0,  8,  3, 12,  3, 12,  5,  5,  5,  2, 11,  7,  3,  4,  5,
        3, 12,  5,  3,  4,  6,  8, 11,  3,  5,  5, 12]), 'threshold': [0.24886609865665677, 0.32465175654383877, 0.23349761793636367, 0.35818331357177446, 0.19633046131660567, 0.24858639322102902, 0.17755128329368128, 0.20213446298198221, 0.22821100608349454, 0.1954627473592698, 0.20706770968091107, 0.22733245388977089, 0.25071237704828825, 0.21847328267253452, 0.19847824130277669, 0.1877113016704296, 0.17940175633957992, 0.22949164565404204, 0.21413767998922095, 0.24292850336814528, 0.30306829362072446, 0.18723873201708535, 0.18992253528679143, 0.18135705709363661, 0.23260592087547027, 0.21497293775014315, 0.18697860907250954, 0.20988396642627219, 0.18471472981517342, 0.19641096538416777, 0.17176237643368889, 0.18087212094468769, 0.24881664458893424, 0.30758645016007102, 0.35822022973569689, 0.40258009657221683, 0.39461486584716476, 0.18802350922513653, 0.20413971166886433, 0.17836747326263086, 0.20511639063370041, 0.16595222332789761, 0.19624906133656764, 0.19470128546461593, 0.19558206366756717, 0.22781116290445599, 0.18065834289264829, 0.18930916118257654, 0.20620931469669507, 0.19913036858728228, 0.1951844952408239, 0.20200313709636153, 0.1788562877033551, 0.19703655536583686, 0.21121761339557296, 0.19831789446171405, 0.19244375905648786, 0.18856448342726168, 0.18287435099558697, 0.20248289339463468, 0.19335084651135845, 0.19619212956114737, 0.1782652890977042], 'fneg': array([4, 4, 4, 4, 2, 4, 0, 2, 4, 2, 2, 4, 4, 2, 2, 0, 0, 4, 2, 4, 4, 0, 0,
       0, 4, 2, 0, 2, 0, 2, 0, 0, 4, 4, 4, 4, 4, 0, 2, 0, 2, 0, 2, 2, 2, 4,
       0, 0, 2, 2, 2, 2, 0, 2, 2, 2, 1, 0, 0, 2, 1, 2, 0]), 'sensitivity': array([1, 1, 1, 1, 1, 1, 1, 1, 1, 1, 1, 1, 1, 1, 1, 1, 1, 1, 1, 1, 1, 1, 1,
       1, 1, 1, 1, 1, 1, 1, 1, 1, 1, 1, 1, 1, 1, 1, 1, 1, 1, 1, 1, 1, 1, 1,
       1, 1, 1, 1, 1, 1, 1, 1, 1, 1, 1, 1, 1, 1, 1, 1, 1]), 'tpos': array([0, 0, 0, 0, 2, 0, 4, 2, 0, 2, 2, 0, 0, 2, 2, 4, 4, 0, 2, 0, 0, 4, 4,
       4, 0, 2, 4, 2, 4, 2, 4, 4, 0, 0, 0, 0, 0, 4, 2, 4, 2, 4, 2, 2, 2, 0,
       4, 4, 2, 2, 2, 2, 4, 2, 2, 2, 3, 4, 4, 2, 3, 2, 4])}, {'specificity': array([0.828125, 0.625, 0.984375, 0.8125, 0.890625, 0.3125, 0.5, 0.671875,
       0.765625, 0.859375, 0.703125, 0.875, 0.9375, 0.796875, 0.359375,
       0.28125, 0.1875, 0.15625, 0.75, 0.96875, 0.125, 0.046875, 0.5625,
       0.203125, 0.59375, 0.09375, 0.421875, 0.140625, 0.0625, 0.90625,
       0.65625, 0.84375, 0.921875, 0.953125, 1.0, 0.03125, 0.109375, 0.25,
       0.390625, 0.484375, 0.21875, 0.015625, 0.53125, 0.453125, 0.609375,
       0.734375, 0.234375, 0.34375, 0.578125, 0.6875, 0.328125, 0.375,
       0.078125, 0.296875, 0.515625, 0.171875, 0.265625, 0.40625, 0.640625,
       0.4375, 0.78125, 0.71875, 0.46875, 0.546875]), 'tneg': array([10,  9, 11, 10, 10,  4,  8,  9,  9, 10,  9, 10, 11, 10,  4,  4,  4,
        4,  9, 11,  3,  1,  8,  4,  8,  2,  6,  4,  1, 10,  9, 10, 11, 11,
       11,  0,  2,  4,  6,  8,  4,  0,  8,  8,  8,  9,  4,  4,  8,  9,  4,
        4,  2,  4,  8,  4,  4,  6,  9,  8,  9,  9,  8,  8]), 'fpos': array([ 2,  3,  1,  2,  2,  8,  4,  3,  3,  2,  3,  2,  1,  2,  8,  8,  8,
        8,  3,  1,  9, 11,  4,  8,  4, 10,  6,  8, 11,  2,  3,  2,  1,  1,
        1, 12, 10,  8,  6,  4,  8, 12,  4,  4,  4,  3,  8,  8,  4,  3,  8,
        8, 10,  8,  4,  8,  8,  6,  3,  4,  3,  3,  4,  4]), 'threshold': [0.32942201529168835, 0.24033183354326423, 0.82674764664538358, 0.32208746926449466, 0.37307156758113846, 0.16628596787268143, 0.20758387657072738, 0.24594628217564152, 0.30404501789293742, 0.35439884610615213, 0.28455154981952446, 0.37161517158002344, 0.59571151895028129, 0.31323563565677853, 0.17588880062296497, 0.15996638658006876, 0.15068050846780087, 0.14727645291775238, 0.28942504290557269, 0.66648446413070295, 0.14309203605352108, 0.13285397022287546, 0.22181352803634552, 0.15240279757238215, 0.22704040395044725, 0.13705813390182539, 0.18879291945942933, 0.14727564392205661, 0.13431854129701507, 0.39893966361213223, 0.24467238623326965, 0.34865709687430646, 0.51857862612263972, 0.61827110495135962, 0.92622126477289746, 0.13015733897363097, 0.14007090689312959, 0.15821252049562842, 0.18735413149426017, 0.20622507371346216, 0.15315315707523802, 0.10607901251119531, 0.21755891116181861, 0.20461457874647021, 0.2273395731885027, 0.2872198444278431, 0.15363698131861645, 0.17425201586541347, 0.22684251179613085, 0.25286243521837609, 0.1729945196477678, 0.18022258885434231, 0.13532926125359143, 0.16309707880208535, 0.2139675623451896, 0.14991954745955627, 0.15831159831851177, 0.18815888534203831, 0.24410813956303085, 0.20210514060394602, 0.30570817837329028, 0.28565694601897368, 0.20530741203988315, 0.22046340251453456], 'fneg': array([1, 1, 3, 1, 1, 1, 1, 1, 1, 1, 1, 1, 3, 1, 1, 1, 0, 0, 1, 3, 0, 0, 1,
       0, 1, 0, 1, 0, 0, 2, 1, 1, 3, 3, 3, 0, 0, 1, 1, 1, 0, 0, 1, 1, 1, 1,
       0, 1, 1, 1, 1, 1, 0, 1, 1, 0, 1, 1, 1, 1, 1, 1, 1, 1]), 'sensitivity': array([1, 1, 1, 1, 1, 1, 1, 1, 1, 1, 1, 1, 1, 1, 1, 1, 1, 1, 1, 1, 1, 1, 1,
       1, 1, 1, 1, 1, 1, 1, 1, 1, 1, 1, 1, 1, 1, 1, 1, 1, 1, 1, 1, 1, 1, 1,
       1, 1, 1, 1, 1, 1, 1, 1, 1, 1, 1, 1, 1, 1, 1, 1, 1, 1]), 'tpos': array([2, 2, 0, 2, 2, 2, 2, 2, 2, 2, 2, 2, 0, 2, 2, 2, 3, 3, 2, 0, 3, 3, 2,
       3, 2, 3, 2, 3, 3, 1, 2, 2, 0, 0, 0, 3, 3, 2, 2, 2, 3, 3, 2, 2, 2, 2,
       3, 2, 2, 2, 2, 2, 3, 2, 2, 3, 2, 2, 2, 2, 2, 2, 2, 2])}, {'specificity': array([0.88888889, 0.95238095, 1.0, 0.22222222, 0.71428571, 0.22222222,
       0.77777778, 0.82539683, 0.79365079, 0.63492063, 0.85714286,
       0.6984127, 0.22222222, 0.33333333, 0.73015873, 0.58730159,
       0.66666667, 0.22222222, 0.65079365, 0.47619048, 0.87301587,
       0.28571429, 0.42857143, 0.76190476, 0.68253968, 0.34920635,
       0.22222222, 0.53968254, 0.61904762, 0.3968254, 0.22222222,
       0.22222222, 0.9047619, 0.92063492, 0.93650794, 1.0, 0.80952381,
       0.57142857, 0.22222222, 0.46031746, 0.74603175, 0.52380952,
       0.49206349, 0.38095238, 0.26984127, 0.22222222, 0.84126984, 1.0,
       0.6031746, 0.25396825, 0.41269841, 0.22222222, 0.50793651,
       0.22222222, 0.23809524, 0.3015873, 0.31746032, 0.55555556,
       0.44444444, 0.22222222, 0.36507937, 0.22222222, 0.22222222]), 'tneg': array([10, 10, 10,  0,  8,  0,  9, 10, 10,  8, 10,  8,  0,  2,  8,  7,  8,
        0,  8,  6, 10,  2,  5,  9,  8,  2,  0,  7,  8,  4,  0,  0, 10, 10,
       10, 10, 10,  7,  0,  6,  9,  7,  6,  4,  2,  0, 10, 10,  8,  2,  4,
        0,  7,  0,  2,  2,  2,  7,  6,  0,  2,  0,  0]), 'fpos': array([ 0,  0,  0, 10,  2, 10,  1,  0,  0,  2,  0,  2, 10,  8,  2,  3,  2,
       10,  2,  4,  0,  8,  5,  1,  2,  8, 10,  3,  2,  6, 10, 10,  0,  0,
        0,  0,  0,  3, 10,  4,  1,  3,  4,  6,  8, 10,  0,  0,  2,  8,  6,
       10,  3, 10,  8,  8,  8,  3,  4, 10,  8, 10, 10]), 'threshold': [0.19150672849379913, 0.19150807923693641, 0.19150808641742845, 0.19148341239970532, 0.19149250510977939, 0.19148341239970532, 0.19149613522929029, 0.19150241172135318, 0.19150061138965582, 0.19149004744870535, 0.19150436144755245, 0.19149246948096094, 0.19148341239970532, 0.19148343223664097, 0.19149251909976692, 0.19148812149538505, 0.19149088578015658, 0.19148341239970532, 0.19149076663166262, 0.19148480239534932, 0.19150666791644255, 0.19148341953014594, 0.1914840965034916, 0.19149481040871549, 0.19149140061876002, 0.19148343840484272, 0.19148341239970532, 0.19148645297120565, 0.19148966708297949, 0.19148408957041468, 0.19148341239970532, 0.19148341239970532, 0.19150770289060867, 0.1915080607551897, 0.19150807459799316, 0.19150808641742845, 0.19150225074383909, 0.19148713575093088, 0.19148341239970532, 0.19148475953845393, 0.19149455917893266, 0.19148637100716887, 0.19148522227981574, 0.19148383176371586, 0.19148341928341786, 0.19148341239970532, 0.19150365920188939, 0.19150808641742845, 0.19148947356942367, 0.19148341898734422, 0.19148409235844913, 0.19148341239970532, 0.19148599498947444, 0.19148341239970532, 0.19148341563184271, 0.19148341962883714, 0.19148342414396055, 0.19148708640459425, 0.1914844190274802, 0.19148341239970532, 0.19148344073143911, 0.19148341239970532, 0.19148341239970532], 'fneg': array([6, 6, 6, 0, 3, 0, 3, 5, 5, 2, 6, 3, 0, 2, 3, 2, 2, 0, 2, 2, 6, 1, 2,
       3, 2, 2, 0, 2, 2, 2, 0, 0, 6, 6, 6, 6, 5, 2, 0, 2, 3, 2, 2, 2, 1, 0,
       5, 6, 2, 1, 2, 0, 2, 0, 1, 1, 1, 2, 2, 0, 2, 0, 0]), 'sensitivity': array([1, 1, 1, 1, 1, 1, 1, 1, 1, 1, 1, 1, 1, 1, 1, 1, 1, 1, 1, 1, 1, 1, 1,
       1, 1, 1, 1, 1, 1, 1, 1, 1, 1, 1, 1, 1, 1, 1, 1, 1, 1, 1, 1, 1, 1, 1,
       1, 1, 1, 1, 1, 1, 1, 1, 1, 1, 1, 1, 1, 1, 1, 1, 1]), 'tpos': array([0, 0, 0, 6, 3, 6, 3, 1, 1, 4, 0, 3, 6, 4, 3, 4, 4, 6, 4, 4, 0, 5, 4,
       3, 4, 4, 6, 4, 4, 4, 6, 6, 0, 0, 0, 0, 1, 4, 6, 4, 3, 4, 4, 4, 5, 6,
       1, 0, 4, 5, 4, 6, 4, 6, 5, 5, 5, 4, 4, 6, 4, 6, 6])}, {'specificity': array([0.796875, 0.921875, 1.0, 0.203125, 0.6875, 0.65625, 0.203125,
       0.765625, 0.84375, 0.828125, 0.609375, 0.28125, 0.203125, 0.890625,
       0.671875, 0.296875, 0.703125, 0.625, 0.203125, 0.46875, 0.90625,
       0.8125, 0.421875, 0.25, 0.40625, 0.75, 0.640625, 0.203125, 0.203125,
       0.71875, 0.546875, 0.203125, 0.203125, 0.9375, 0.875, 0.953125, 1.0,
       0.578125, 0.453125, 0.734375, 0.53125, 0.484375, 0.359375, 0.203125,
       0.234375, 0.859375, 1.0, 0.34375, 0.59375, 0.78125, 0.375, 0.328125,
       0.515625, 0.203125, 0.21875, 0.265625, 0.5625, 0.4375, 0.5,
       0.390625, 0.203125, 0.3125, 0.203125, 0.203125]), 'tneg': array([11, 12, 13,  4, 11, 11,  4, 11, 12, 11, 10,  5,  4, 12, 11,  5, 11,
       11,  4,  7, 12, 11,  7,  5,  7, 11, 11,  4,  4, 11,  7,  4,  4, 12,
       12, 12, 13,  7,  7, 11,  7,  7,  6,  4,  5, 12, 13,  6,  8, 11,  7,
        6,  7,  4,  4,  5,  7,  7,  7,  7,  4,  6,  4,  4]), 'fpos': array([2, 1, 0, 9, 2, 2, 9, 2, 1, 2, 3, 8, 9, 1, 2, 8, 2, 2, 9, 6, 1, 2, 6,
       8, 6, 2, 2, 9, 9, 2, 6, 9, 9, 1, 1, 1, 0, 6, 6, 2, 6, 6, 7, 9, 8, 1,
       0, 7, 5, 2, 6, 7, 6, 9, 9, 8, 6, 6, 6, 6, 9, 7, 9, 9]), 'threshold': [0.25032309503695244, 0.25053430325341736, 0.25057632105230487, 0.24981353732969017, 0.25009446189090129, 0.25009115612096028, 0.24981353732969017, 0.25020667248957346, 0.25040076038588677, 0.25034507899131825, 0.25001851126848446, 0.24981398920118847, 0.24981353732969017, 0.25046107116582622, 0.2500933607269295, 0.24981414998527632, 0.25009489427403697, 0.25004441710015601, 0.24981353732969017, 0.24985646908039044, 0.25053242893153821, 0.25033561680543387, 0.24983484217797244, 0.24981375755030164, 0.24983466614396571, 0.25016571727126413, 0.25006032731043315, 0.24981353732969017, 0.24981353732969017, 0.25013726032353917, 0.24990745525763153, 0.24981353732969017, 0.24981353732969017, 0.25056445325165566, 0.25044042151366275, 0.25057595530802379, 0.25057632105230487, 0.24992854820782531, 0.24985514532171374, 0.25015795128731039, 0.24990492323825922, 0.2498694386571847, 0.24982648941741739, 0.24981353732969017, 0.24981374993020913, 0.25043934757651826, 0.25057632105230487, 0.24981770249301807, 0.2499653343235933, 0.25028067444761837, 0.24983453811928555, 0.24981610683221919, 0.24989330757093359, 0.24981353732969017, 0.24981363715285784, 0.24981376059833868, 0.24992702372541753, 0.24984462781752606, 0.24987553341971008, 0.24983455533784044, 0.24981353732969017, 0.24981441234390739, 0.24981353732969017, 0.24981353732969017], 'fneg': array([1, 1, 2, 0, 1, 1, 0, 1, 1, 1, 1, 1, 0, 1, 1, 1, 1, 1, 0, 1, 1, 1, 1,
       0, 1, 1, 1, 0, 0, 1, 1, 0, 0, 1, 1, 2, 2, 1, 1, 1, 1, 1, 1, 0, 0, 1,
       2, 1, 1, 1, 1, 1, 1, 0, 0, 0, 1, 1, 1, 1, 0, 1, 0, 0]), 'sensitivity': array([1, 1, 1, 1, 1, 1, 1, 1, 1, 1, 1, 1, 1, 1, 1, 1, 1, 1, 1, 1, 1, 1, 1,
       1, 1, 1, 1, 1, 1, 1, 1, 1, 1, 1, 1, 1, 1, 1, 1, 1, 1, 1, 1, 1, 1, 1,
       1, 1, 1, 1, 1, 1, 1, 1, 1, 1, 1, 1, 1, 1, 1, 1, 1, 1]), 'tpos': array([1, 1, 0, 2, 1, 1, 2, 1, 1, 1, 1, 1, 2, 1, 1, 1, 1, 1, 2, 1, 1, 1, 1,
       2, 1, 1, 1, 2, 2, 1, 1, 2, 2, 1, 1, 0, 0, 1, 1, 1, 1, 1, 1, 2, 2, 1,
       0, 1, 1, 1, 1, 1, 1, 2, 2, 2, 1, 1, 1, 1, 2, 1, 2, 2])}], <Model object at 0x00000000000003DC>)
