#gbm
([{'specificity': array([0.7826087, 0.39130435, 0.34782609, 0.95652174, 0.97826087,
       0.89130435, 1.0, 0.86956522, 0.60869565, 0.65217391, 0.93478261,
       0.69565217, 0.7173913, 0.41304348, 0.02173913, 0.84782609,
       0.54347826, 0.32608696, 0.82608696, 0.47826087, 0.26086957,
       0.065217391, 0.086956522, 0.80434783, 0.23913043, 0.36956522,
       0.58695652, 0.15217391, 0.76086957, 0.91304348, 0.2826087,
       0.56521739, 0.043478261, 0.43478261, 0.19565217, 0.45652174,
       0.63043478, 0.17391304, 0.13043478, 0.67391304, 0.52173913,
       0.73913043, 0.30434783, 0.10869565, 0.5, 0.2173913]), 'tneg': array([ 5,  3,  3,  8, 11,  8, 13,  8,  3,  3,  8,  3,  3,  3,  1,  8,  3,
        3,  5,  3,  3,  1,  1,  5,  2,  3,  3,  2,  3,  8,  3,  3,  1,  3,
        2,  3,  3,  2,  2,  3,  3,  3,  3,  2,  3,  2]), 'fpos': array([10, 12, 12,  7,  4,  7,  2,  7, 12, 12,  7, 12, 12, 12, 14,  7, 12,
       12, 10, 12, 12, 14, 14, 10, 13, 12, 12, 13, 12,  7, 12, 12, 14, 12,
       13, 12, 12, 13, 13, 12, 12, 12, 12, 13, 12, 13]), 'threshold': [-1.4541727332864467, -1.6447347776249872, -1.6524623818584177, -0.723457156167806, -0.40143146652378753, -0.96312770602016706, -0.10326916726685753, -0.99195062842026227, -1.5612562482477075, -1.5333213583591066, -0.73313335348185216, -1.5207476490147831, -1.5162786504272929, -1.6421986541894051, -1.7965751806619064, -1.196846617362656, -1.5741743696891288, -1.6674242557010963, -1.3291505451910592, -1.5951461968364353, -1.6769053482913396, -1.7574068972330856, -1.7562734971671372, -1.3996176503452988, -1.7064151445616684, -1.645887139031323, -1.5646796878928106, -1.7282014206781686, -1.4960307115493317, -0.77465667777456271, -1.6738317328798642, -1.5735387951304771, -1.782998162132545, -1.6354518511476459, -1.7209393156051314, -1.6169118960368556, -1.5514549399740323, -1.726990738832757, -1.7410259336469307, -1.5311003738424156, -1.5791642557208825, -1.5091606342993371, -1.6689185033198346, -1.741775105587617, -1.5833113930074076, -1.7105613067008751], 'fneg': array([0, 0, 0, 0, 0, 0, 2, 0, 0, 0, 0, 0, 0, 0, 0, 0, 0, 0, 0, 0, 0, 0, 0,
       0, 0, 0, 0, 0, 0, 0, 0, 0, 0, 0, 0, 0, 0, 0, 0, 0, 0, 0, 0, 0, 0, 0]), 'sensitivity': array([1.0, 1.0, 1.0, 1.0, 0.9375, 1.0, 0.8125, 1.0, 1.0, 1.0, 1.0, 1.0,
       1.0, 1.0, 1.0, 1.0, 1.0, 1.0, 1.0, 1.0, 1.0, 1.0, 1.0, 1.0, 1.0,
       1.0, 1.0, 1.0, 1.0, 1.0, 1.0, 1.0, 1.0, 1.0, 1.0, 1.0, 1.0, 1.0,
       1.0, 1.0, 1.0, 1.0, 1.0, 1.0, 1.0, 1.0]), 'tpos': array([2, 2, 2, 2, 2, 2, 0, 2, 2, 2, 2, 2, 2, 2, 2, 2, 2, 2, 2, 2, 2, 2, 2,
       2, 2, 2, 2, 2, 2, 2, 2, 2, 2, 2, 2, 2, 2, 2, 2, 2, 2, 2, 2, 2, 2, 2])}, {'specificity': array([0.22641509, 0.73584906, 0.16981132, 0.20754717, 0.8490566,
       0.9245283, 0.77358491, 0.96226415, 0.49056604, 0.28301887,
       0.90566038, 0.75471698, 0.33962264, 0.86792453, 0.32075472,
       0.24528302, 0.094339623, 0.81132075, 0.69811321, 0.018867925,
       0.71698113, 0.79245283, 0.54716981, 0.41509434, 0.47169811,
       0.52830189, 0.98113208, 1.0, 0.66037736, 0.88679245, 0.1509434,
       0.037735849, 0.11320755, 0.58490566, 0.075471698, 0.67924528,
       0.18867925, 0.94339623, 0.64150943, 0.83018868, 0.39622642,
       0.62264151, 0.60377358, 0.43396226, 0.35849057, 0.26415094,
       0.50943396, 0.30188679, 0.37735849, 0.056603774, 0.45283019,
       0.56603774, 0.13207547]), 'tneg': array([2, 5, 2, 2, 6, 7, 5, 7, 4, 3, 7, 5, 3, 6, 3, 2, 2, 6, 5, 0, 5, 6, 4,
       3, 4, 4, 7, 8, 5, 6, 2, 0, 2, 5, 1, 5, 2, 7, 5, 6, 3, 5, 5, 3, 3, 2,
       4, 3, 3, 0, 4, 4, 2]), 'fpos': array([6, 3, 6, 6, 2, 1, 3, 1, 4, 5, 1, 3, 5, 2, 5, 6, 6, 2, 3, 8, 3, 2, 4,
       5, 4, 4, 1, 0, 3, 2, 6, 8, 6, 3, 7, 3, 6, 1, 3, 2, 5, 3, 3, 5, 5, 6,
       4, 5, 5, 8, 4, 4, 6]), 'threshold': [-1.4741494602195886, -1.3225435987750172, -1.4852886653234363, -1.4744325889247487, -1.1315075551081495, -0.99422608422592218, -1.2653983033183758, -0.77046647457950068, -1.4211310499278158, -1.462617703738432, -0.99458311458228976, -1.3156529621255815, -1.453316402860491, -1.10300996565997, -1.4539829374130782, -1.4669191645066178, -1.5085937901953825, -1.1673099333092052, -1.3399494333407107, -1.5462929731314354, -1.3356471890254984, -1.1880061317004573, -1.3944555714117322, -1.4359263053594165, -1.4277841735549028, -1.3990362535528718, -0.76967125451375118, -0.47578821156058715, -1.351468553276078, -1.0585496124120941, -1.5012662902827931, -1.5378485263671018, -1.5058027655610018, -1.3710222303529041, -1.5223254642133388, -1.346384173392402, -1.4775473190452066, -0.95165046530046538, -1.3537885733316248, -1.1642274466323832, -1.4397734665956663, -1.362119793881887, -1.3633366781264156, -1.4337278406824923, -1.4494829296060552, -1.4667561779566789, -1.407501827940997, -1.4620210583931743, -1.4470148797689615, -1.5372415205417673, -1.4278483344824495, -1.3894768814330687, -1.5050759709117514], 'fneg': array([1, 1, 1, 1, 1, 3, 1, 5, 1, 1, 3, 1, 1, 2, 1, 1, 1, 1, 1, 0, 1, 1, 1,
       1, 1, 1, 5, 6, 1, 2, 1, 0, 1, 1, 0, 1, 1, 3, 1, 1, 1, 1, 1, 1, 1, 1,
       1, 1, 1, 0, 1, 1, 1]), 'sensitivity': array([1.0, 1.0, 1.0, 1.0, 1.0, 0.9, 1.0, 0.8, 1.0, 1.0, 0.9, 1.0, 1.0,
       1.0, 1.0, 1.0, 1.0, 1.0, 1.0, 1.0, 1.0, 1.0, 1.0, 1.0, 1.0, 1.0,
       0.8, 0.6, 1.0, 1.0, 1.0, 1.0, 1.0, 1.0, 1.0, 1.0, 1.0, 0.8, 1.0,
       1.0, 1.0, 1.0, 1.0, 1.0, 1.0, 1.0, 1.0, 1.0, 1.0, 1.0, 1.0, 1.0, 1.0]), 'tpos': array([7, 7, 7, 7, 7, 5, 7, 3, 7, 7, 5, 7, 7, 6, 7, 7, 7, 7, 7, 8, 7, 7, 7,
       7, 7, 7, 3, 2, 7, 6, 7, 8, 7, 7, 8, 7, 7, 5, 7, 7, 7, 7, 7, 7, 7, 7,
       7, 7, 7, 8, 7, 7, 7])}, {'specificity': array([0.28, 0.1, 0.78, 0.18, 0.58, 0.68, 0.96, 0.98, 0.92, 0.9, 0.64,
       0.72, 0.36, 0.84, 0.66, 0.74, 0.32, 0.12, 0.08, 0.76, 0.5, 0.42,
       0.46, 0.94, 1.0, 0.54, 0.2, 0.04, 0.14, 0.7, 0.16, 0.34, 0.4, 0.88,
       0.82, 0.02, 0.38, 0.48, 0.8, 0.22, 0.86, 0.44, 0.62, 0.26, 0.3,
       0.52, 0.56, 0.24, 0.06, 0.6]), 'tneg': array([ 1,  0,  2,  1,  2,  2, 10, 10,  5,  2,  2,  2,  1,  2,  2,  2,  1,
        0,  0,  2,  1,  1,  1, 10, 11,  2,  1,  0,  0,  2,  1,  1,  1,  2,
        2,  0,  1,  1,  2,  1,  2,  1,  2,  1,  1,  2,  2,  1,  0,  2]), 'fpos': array([10, 11,  9, 10,  9,  9,  1,  1,  6,  9,  9,  9, 10,  9,  9,  9, 10,
       11, 11,  9, 10, 10, 10,  1,  0,  9, 10, 11, 11,  9, 10, 10, 10,  9,
        9, 11, 10, 10,  9, 10,  9, 10,  9, 10, 10,  9,  9, 10, 11,  9]), 'threshold': [-1.6363880965649347, -1.7174989594985197, -1.2821077029604751, -1.6731287194895146, -1.4326728581905655, -1.3740119092265186, -0.71814919815132672, -0.5538393677521114, -1.0574880420509858, -1.1809069345925969, -1.3973829639449387, -1.3637024481707751, -1.5536044419408273, -1.2328764660885379, -1.3758778726618068, -1.338290064777603, -1.590002956789657, -1.7164047857883256, -1.7279762532472083, -1.3377556415839287, -1.4726235179922109, -1.521221673380974, -1.4741303679109581, -0.78129102146021112, -0.20740324102051777, -1.4573086132878728, -1.6592744082823654, -1.7724555189990816, -1.7055772679945007, -1.3678872678956719, -1.6797354509869846, -1.5889529730183074, -1.5221348308768015, -1.2285075909899328, -1.279193848856276, -1.7859052231401258, -1.5434625706473755, -1.4731308648783776, -1.2803655567493051, -1.6441974829133708, -1.2290239389528856, -1.4990394370549174, -1.4029600355259093, -1.6398710854281726, -1.6204705372086743, -1.4683379877109211, -1.4353277076564357, -1.6441939670626744, -1.7590167775789025, -1.4250899478101071], 'fneg': array([0, 0, 0, 0, 0, 0, 2, 3, 2, 2, 0, 0, 0, 1, 0, 0, 0, 0, 0, 0, 0, 0, 0,
       2, 4, 0, 0, 0, 0, 0, 0, 0, 0, 2, 0, 0, 0, 0, 0, 0, 1, 0, 0, 0, 0, 0,
       0, 0, 0, 0]), 'sensitivity': array([1.0, 1.0, 1.0, 1.0, 1.0, 1.0, 1.0, 1.0, 1.0, 1.0, 1.0, 1.0, 1.0,
       1.0, 1.0, 1.0, 1.0, 1.0, 1.0, 1.0, 1.0, 1.0, 1.0, 1.0, 0.64285714,
       1.0, 1.0, 1.0, 1.0, 1.0, 1.0, 1.0, 1.0, 1.0, 1.0, 1.0, 1.0, 1.0,
       1.0, 1.0, 1.0, 1.0, 1.0, 1.0, 1.0, 1.0, 1.0, 1.0, 1.0, 1.0]), 'tpos': array([4, 4, 4, 4, 4, 4, 2, 1, 2, 2, 4, 4, 4, 3, 4, 4, 4, 4, 4, 4, 4, 4, 4,
       2, 0, 4, 4, 4, 4, 4, 4, 4, 4, 2, 4, 4, 4, 4, 4, 4, 3, 4, 4, 4, 4, 4,
       4, 4, 4, 4])}, {'specificity': array([0.5106383, 0.34042553, 0.93617021, 0.91489362, 0.70212766,
       0.87234043, 0.95744681, 0.82978723, 0.23404255, 0.74468085,
       0.72340426, 0.89361702, 0.38297872, 0.68085106, 0.61702128,
       0.042553191, 0.29787234, 0.76595745, 0.44680851, 0.57446809,
       0.4893617, 0.17021277, 0.9787234, 1.0, 0.55319149, 0.85106383,
       0.12765957, 0.36170213, 0.53191489, 0.65957447, 0.40425532,
       0.78723404, 0.25531915, 0.80851064, 0.27659574, 0.10638298,
       0.46808511, 0.21276596, 0.59574468, 0.42553191, 0.063829787,
       0.021276596, 0.19148936, 0.63829787, 0.31914894, 0.14893617,
       0.085106383]), 'tneg': array([ 5,  3, 13, 13,  7, 12, 13, 11,  3,  9,  8, 13,  5,  7,  5,  1,  3,
        9,  5,  5,  5,  2, 13, 14,  5, 12,  1,  5,  5,  6,  5, 11,  3, 11,
        3,  1,  5,  3,  5,  5,  1,  0,  2,  6,  3,  2,  1]), 'fpos': array([ 9, 11,  1,  1,  7,  2,  1,  3, 11,  5,  6,  1,  9,  7,  9, 13, 11,
        5,  9,  9,  9, 12,  1,  0,  9,  2, 13,  9,  9,  8,  9,  3, 11,  3,
       11, 13,  9, 11,  9,  9, 13, 14, 12,  8, 11, 12, 13]), 'threshold': [-1.1477612689082639, -1.2158469782360637, -0.582643629696217, -0.60119579508998122, -1.0174912779859315, -0.76180112637597686, -0.48692192747019775, -0.8910103275086938, -1.2714080361125206, -0.95752984863804125, -0.99385453226511911, -0.65486039209082736, -1.1866709826384088, -1.0429220361982556, -1.13959237509533, -1.3317497610765057, -1.2514760775127525, -0.94410958981419357, -1.1718298481000018, -1.1418893341928558, -1.1634869098259448, -1.2832374484658335, -0.478750298836519, 0.07820467661250266, -1.1423531963995497, -0.76633566454992064, -1.3143761717325684, -1.1973945746291395, -1.1468585740617805, -1.0551898785685656, -1.1811003087442713, -0.90812289856199979, -1.2629797661651578, -0.894893407369274, -1.2517906411334774, -1.3222067371409685, -1.1716301330193339, -1.271678726628376, -1.1416485709083917, -1.1753305295264707, -1.3287865105328585, -1.3532581747975547, -1.2820558927802137, -1.0863628504792406, -1.2398068669085998, -1.3107588900528884, -1.3252720846768409], 'fneg': array([0, 0, 2, 2, 2, 2, 2, 2, 0, 2, 2, 2, 0, 1, 1, 0, 0, 2, 0, 0, 0, 0, 2,
       2, 0, 2, 0, 0, 0, 1, 0, 2, 0, 2, 0, 0, 0, 0, 0, 0, 0, 0, 0, 1, 0, 0,
       0]), 'sensitivity': array([1.0, 1.0, 1.0, 1.0, 1.0, 1.0, 1.0, 1.0, 1.0, 1.0, 1.0, 1.0, 1.0,
       1.0, 1.0, 1.0, 1.0, 1.0, 1.0, 1.0, 1.0, 1.0, 1.0, 0.6875, 1.0, 1.0,
       1.0, 1.0, 1.0, 1.0, 1.0, 1.0, 1.0, 1.0, 1.0, 1.0, 1.0, 1.0, 1.0,
       1.0, 1.0, 1.0, 1.0, 1.0, 1.0, 1.0, 1.0]), 'tpos': array([2, 2, 0, 0, 0, 0, 0, 0, 2, 0, 0, 0, 2, 1, 1, 2, 2, 0, 2, 2, 2, 2, 0,
       0, 2, 0, 2, 2, 2, 1, 2, 0, 2, 0, 2, 2, 2, 2, 2, 2, 2, 2, 2, 1, 2, 2,
       2])}, {'specificity': array([0.41666667, 0.375, 0.020833333, 0.85416667, 0.9375, 1.0, 0.6875,
       0.58333333, 0.91666667, 0.875, 0.89583333, 0.72916667, 0.4375,
       0.79166667, 0.64583333, 0.083333333, 0.5625, 0.77083333, 0.39583333,
       0.35416667, 0.625, 0.97916667, 0.95833333, 0.20833333, 0.75,
       0.14583333, 0.041666667, 0.33333333, 0.1875, 0.3125, 0.5, 0.8125,
       0.25, 0.70833333, 0.83333333, 0.29166667, 0.125, 0.52083333,
       0.45833333, 0.22916667, 0.66666667, 0.47916667, 0.54166667,
       0.16666667, 0.0625, 0.27083333, 0.60416667, 0.10416667]), 'tneg': array([ 2,  1,  0, 11, 11, 13,  5,  2, 11, 11, 11,  7,  2, 11,  4,  1,  2,
        8,  2,  1,  3, 13, 11,  1,  8,  1,  0,  1,  1,  1,  2, 11,  1,  5,
       11,  1,  1,  2,  2,  1,  4,  2,  2,  1,  0,  1,  3,  1]), 'fpos': array([11, 12, 13,  2,  2,  0,  8, 11,  2,  2,  2,  6, 11,  2,  9, 12, 11,
        5, 11, 12, 10,  0,  2, 12,  5, 12, 13, 12, 12, 12, 11,  2, 12,  8,
        2, 12, 12, 11, 11, 12,  9, 11, 11, 12, 13, 12, 10, 12]), 'threshold': [-1.0824157640784138, -1.0939424735059435, -1.237597672690727, -0.82602196433344832, -0.60853631995410284, -0.34153414381023289, -0.968355562179336, -1.0087335170632377, -0.65941110069661, -0.79648137601844693, -0.73970960577173128, -0.92094182739943642, -1.0667645843037723, -0.85021161388567823, -0.97516221873695508, -1.2322919752162638, -1.0172555679385413, -0.87900026989111846, -1.0834090119215956, -1.0950533955722552, -0.994844728989325, -0.36447642037259803, -0.44756429702805478, -1.1610441369711104, -0.88955947823431336, -1.1685760723120509, -1.2362442098658772, -1.0980685726855042, -1.1662762998713503, -1.128608686610507, -1.0401900740421726, -0.847949576704416, -1.1455399795585113, -0.96082482259656476, -0.83615416846120894, -1.1325324758577242, -1.2073003560885867, -1.0371094391720053, -1.0559606697611892, -1.1482069884167414, -0.97291846876428734, -1.0552508161278089, -1.0290646059385089, -1.167554216392779, -1.2357576962470922, -1.1338018035589654, -1.0052231849495636, -1.2105881275742838], 'fneg': array([0, 0, 0, 0, 0, 1, 0, 0, 0, 0, 0, 0, 0, 0, 0, 0, 0, 0, 0, 0, 0, 1, 1,
       0, 0, 0, 0, 0, 0, 0, 0, 0, 0, 0, 0, 0, 0, 0, 0, 0, 0, 0, 0, 0, 0, 0,
       0, 0]), 'sensitivity': array([1.0, 1.0, 1.0, 1.0, 0.9375, 0.875, 1.0, 1.0, 0.9375, 1.0, 1.0, 1.0,
       1.0, 1.0, 1.0, 1.0, 1.0, 1.0, 1.0, 1.0, 1.0, 0.9375, 0.9375, 1.0,
       1.0, 1.0, 1.0, 1.0, 1.0, 1.0, 1.0, 1.0, 1.0, 1.0, 1.0, 1.0, 1.0,
       1.0, 1.0, 1.0, 1.0, 1.0, 1.0, 1.0, 1.0, 1.0, 1.0, 1.0]), 'tpos': array([2, 2, 2, 2, 2, 1, 2, 2, 2, 2, 2, 2, 2, 2, 2, 2, 2, 2, 2, 2, 2, 1, 1,
       2, 2, 2, 2, 2, 2, 2, 2, 2, 2, 2, 2, 2, 2, 2, 2, 2, 2, 2, 2, 2, 2, 2,
       2, 2])}], <Model object at 0x00000000000003DC>)
#gbm
([{'specificity': array([1.0, 0.76744186, 0.72093023, 0.62790698, 0.90697674, 0.88372093,
       0.27906977, 0.37209302, 0.60465116, 0.69767442, 0.79069767,
       0.58139535, 0.81395349, 0.46511628, 0.069767442, 0.8372093,
       0.30232558, 0.65116279, 0.97674419, 0.34883721, 0.74418605,
       0.046511628, 0.093023256, 0.20930233, 0.023255814, 0.93023256,
       0.25581395, 0.44186047, 0.48837209, 0.55813953, 0.23255814,
       0.53488372, 0.51162791, 0.86046512, 0.13953488, 0.18604651,
       0.11627907, 0.3255814, 0.39534884, 0.41860465, 0.6744186,
       0.95348837, 0.1627907]), 'tneg': array([13,  4,  4,  4,  5,  5,  2,  2,  4,  4,  4,  4,  4,  3,  0,  4,  2,
        4, 11,  2,  4,  0,  1,  2,  0,  9,  2,  3,  3,  4,  2,  4,  3,  4,
        2,  2,  2,  2,  2,  3,  4, 10,  2]), 'fpos': array([ 0,  9,  9,  9,  8,  8, 11, 11,  9,  9,  9,  9,  9, 10, 13,  9, 11,
        9,  2, 11,  9, 13, 12, 11, 13,  4, 11, 10, 10,  9, 11,  9, 10,  9,
       11, 11, 11, 11, 11, 10,  9,  3, 11]), 'threshold': [0.24490949637911749, -0.92325558573533906, -0.950926942110543, -0.99252843382310607, -0.69283602927088739, -0.76187566717384492, -1.2062826074994537, -1.1479201222606077, -1.0030696716656158, -0.95914645407075516, -0.91441371986492037, -1.0055473057054956, -0.90114383526736253, -1.105752620168962, -1.3495902585805528, -0.89828120958400737, -1.183825229240981, -0.98932303692279333, -0.12416910304655025, -1.1668070244394344, -0.93853223094894112, -1.3550997978741486, -1.3147610083265666, -1.2514409115316156, -1.3769800732597819, -0.38260472172617926, -1.2064482738307825, -1.1197411685094145, -1.0882863029288157, -1.0077791519733761, -1.2408390171215489, -1.0687678204708457, -1.0836897859903398, -0.89529586812342765, -1.2886421482327166, -1.2566112338272668, -1.3015973626286401, -1.1740655684690133, -1.1419220712440394, -1.1206993894376409, -0.97576466903369419, -0.27447725004940171, -1.2837989502283207], 'fneg': array([4, 0, 0, 0, 1, 1, 0, 0, 0, 0, 0, 0, 0, 0, 0, 0, 0, 0, 4, 0, 0, 0, 0,
       0, 0, 4, 0, 0, 0, 0, 0, 0, 0, 0, 0, 0, 0, 0, 0, 0, 0, 4, 0]), 'sensitivity': array([0.65, 1.0, 1.0, 1.0, 1.0, 1.0, 1.0, 1.0, 1.0, 1.0, 1.0, 1.0, 1.0,
       1.0, 1.0, 1.0, 1.0, 1.0, 0.95, 1.0, 1.0, 1.0, 1.0, 1.0, 1.0, 1.0,
       1.0, 1.0, 1.0, 1.0, 1.0, 1.0, 1.0, 1.0, 1.0, 1.0, 1.0, 1.0, 1.0,
       1.0, 1.0, 1.0, 1.0]), 'tpos': array([0, 4, 4, 4, 3, 3, 4, 4, 4, 4, 4, 4, 4, 4, 4, 4, 4, 4, 0, 4, 4, 4, 4,
       4, 4, 0, 4, 4, 4, 4, 4, 4, 4, 4, 4, 4, 4, 4, 4, 4, 4, 0, 4])}, {'specificity': array([0.81818182, 0.022727273, 0.63636364, 0.65909091, 0.84090909,
       0.88636364, 0.61363636, 0.59090909, 0.77272727, 0.68181818,
       0.11363636, 0.27272727, 0.70454545, 0.34090909, 0.52272727,
       0.068181818, 0.56818182, 0.97727273, 0.79545455, 0.75, 0.29545455,
       0.93181818, 1.0, 0.36363636, 0.54545455, 0.90909091, 0.090909091,
       0.045454545, 0.95454545, 0.47727273, 0.25, 0.86363636, 0.38636364,
       0.43181818, 0.72727273, 0.5, 0.20454545, 0.31818182, 0.18181818,
       0.13636364, 0.15909091, 0.22727273, 0.40909091, 0.45454545]), 'tneg': array([ 8,  0,  6,  6,  8,  8,  6,  6,  8,  6,  1,  3,  6,  5,  5,  0,  5,
        8,  8,  6,  5,  8, 10,  5,  5,  8,  1,  0,  8,  5,  3,  8,  5,  5,
        6,  5,  2,  5,  2,  1,  1,  2,  5,  5]), 'fpos': array([ 4, 12,  6,  6,  4,  4,  6,  6,  4,  6, 11,  9,  6,  7,  7, 12,  7,
        4,  4,  6,  7,  4,  2,  7,  7,  4, 11, 12,  4,  7,  9,  4,  7,  7,
        6,  7, 10,  7, 10, 11, 11, 10,  7,  7]), 'threshold': [-1.0199983257981342, -1.5489823623349197, -1.149015531163639, -1.1400178148654916, -1.0049736440114079, -0.90293538382802441, -1.1555690204111091, -1.15625009424378, -1.0558747389274368, -1.1379089725735061, -1.4852988731343368, -1.3675565933217073, -1.119860959825943, -1.3424022099525408, -1.2084167925080491, -1.5147911680406081, -1.1784297542950362, -0.779047221829117, -1.0534797824283035, -1.100627803901276, -1.3555754690378052, -0.80341145932031677, 0.083100832223030122, -1.3399076101384917, -1.1971547606397015, -0.85044299945499457, -1.4986425660993754, -1.51582624284317, -0.80254688968236521, -1.2413087610824316, -1.3858101023311187, -0.92251795574697881, -1.3398840366990774, -1.3115828391566811, -1.1139382639661957, -1.2401353537022564, -1.4066394848587027, -1.344204374950146, -1.4136708667345892, -1.4609607942879408, -1.4295873247251185, -1.3920070519837651, -1.3267432769234127, -1.3087071811603559], 'fneg': array([1, 0, 1, 1, 1, 1, 0, 0, 1, 1, 0, 0, 1, 0, 0, 0, 0, 1, 1, 1, 0, 1, 3,
       0, 0, 1, 0, 0, 1, 0, 0, 1, 0, 0, 1, 0, 0, 0, 0, 0, 0, 0, 0, 0]), 'sensitivity': array([1.0, 1.0, 1.0, 1.0, 1.0, 1.0, 1.0, 1.0, 1.0, 1.0, 1.0, 1.0, 1.0,
       1.0, 1.0, 1.0, 1.0, 1.0, 1.0, 1.0, 1.0, 1.0, 0.95, 1.0, 1.0, 1.0,
       1.0, 1.0, 1.0, 1.0, 1.0, 1.0, 1.0, 1.0, 1.0, 1.0, 1.0, 1.0, 1.0,
       1.0, 1.0, 1.0, 1.0, 1.0]), 'tpos': array([3, 4, 3, 3, 3, 3, 4, 4, 3, 3, 4, 4, 3, 4, 4, 4, 4, 3, 3, 3, 4, 3, 1,
       4, 4, 3, 4, 4, 3, 4, 4, 3, 4, 4, 3, 4, 4, 4, 4, 4, 4, 4, 4, 4])}, {'specificity': array([1.0, 0.31111111, 0.77777778, 0.75555556, 0.4, 0.44444444,
       0.88888889, 0.93333333, 0.35555556, 0.28888889, 0.24444444,
       0.86666667, 0.044444444, 0.95555556, 0.42222222, 0.57777778,
       0.53333333, 0.17777778, 0.91111111, 0.97777778, 0.68888889,
       0.48888889, 0.8, 0.066666667, 0.15555556, 0.26666667, 0.2,
       0.022222222, 0.33333333, 0.6, 0.64444444, 0.37777778, 0.84444444,
       0.55555556, 0.13333333, 0.73333333, 0.66666667, 0.088888889,
       0.46666667, 0.11111111, 0.71111111, 0.62222222, 0.51111111,
       0.82222222, 0.22222222]), 'tneg': array([10,  2,  4,  3,  3,  3,  7,  7,  2,  2,  2,  5,  1,  7,  3,  3,  3,
        1,  7,  9,  3,  3,  4,  1,  1,  2,  1,  1,  2,  3,  3,  3,  5,  3,
        1,  3,  3,  1,  3,  1,  3,  3,  3,  4,  2]), 'fpos': array([ 1,  9,  7,  8,  8,  8,  4,  4,  9,  9,  9,  6, 10,  4,  8,  8,  8,
       10,  4,  2,  8,  8,  7, 10, 10,  9, 10, 10,  9,  8,  8,  8,  6,  8,
       10,  8,  8, 10,  8, 10,  8,  8,  8,  7,  9]), 'threshold': [-0.31015495943033289, -1.3585550833151756, -0.96485369022406042, -0.99522882505561772, -1.2138743326258192, -1.1757790199730485, -0.65175014993290714, -0.58192203826833588, -1.3139804526637537, -1.3606090562993005, -1.3991290896534334, -0.74796918902086218, -1.4913141994536547, -0.52990142536725426, -1.1893957477496544, -1.0747892375546306, -1.1209739504288743, -1.4285968496703345, -0.61284771599517618, -0.3654916833746969, -1.0492027706222478, -1.1600107826880588, -0.92443410109245294, -1.4773680929273254, -1.4397732374088359, -1.3963347374499679, -1.423337528097729, -1.5235633230792394, -1.3195617183898141, -1.070239356039312, -1.0678865943982245, -1.2271665537313867, -0.83277116748065882, -1.075109892181956, -1.456616687850113, -1.0036597491641146, -1.0673382665973852, -1.4739119909039598, -1.1608127009686042, -1.4601944993027429, -1.0291724925467529, -1.0691492404678411, -1.1232333930169489, -0.88872499735076971, -1.4092878286337169], 'fneg': array([1, 0, 0, 0, 0, 0, 1, 1, 0, 0, 0, 1, 0, 1, 0, 0, 0, 0, 1, 1, 0, 0, 1,
       0, 0, 0, 0, 0, 0, 0, 0, 0, 1, 0, 0, 0, 0, 0, 0, 0, 0, 0, 0, 1, 0]), 'sensitivity': array([1.0, 1.0, 1.0, 1.0, 1.0, 1.0, 1.0, 1.0, 1.0, 1.0, 1.0, 1.0, 1.0,
       1.0, 1.0, 1.0, 1.0, 1.0, 1.0, 1.0, 1.0, 1.0, 1.0, 1.0, 1.0, 1.0,
       1.0, 1.0, 1.0, 1.0, 1.0, 1.0, 1.0, 1.0, 1.0, 1.0, 1.0, 1.0, 1.0,
       1.0, 1.0, 1.0, 1.0, 1.0, 1.0]), 'tpos': array([4, 5, 5, 5, 5, 5, 4, 4, 5, 5, 5, 4, 5, 4, 5, 5, 5, 5, 4, 4, 5, 5, 4,
       5, 5, 5, 5, 5, 5, 5, 5, 5, 4, 5, 5, 5, 5, 5, 5, 5, 5, 5, 5, 4, 5])}, {'specificity': array([1.0, 0.56521739, 0.36956522, 0.7173913, 0.91304348, 0.67391304,
       0.54347826, 0.41304348, 0.58695652, 0.34782609, 0.95652174,
       0.89130435, 0.45652174, 0.02173913, 0.47826087, 0.93478261,
       0.26086957, 0.60869565, 0.76086957, 0.23913043, 0.84782609,
       0.39130435, 0.69565217, 0.19565217, 0.15217391, 0.043478261,
       0.86956522, 0.13043478, 0.32608696, 0.5, 0.43478261, 0.82608696,
       0.65217391, 0.2826087, 0.52173913, 0.7826087, 0.086956522,
       0.2173913, 0.065217391, 0.30434783, 0.63043478, 0.10869565,
       0.73913043, 0.80434783, 0.97826087, 0.17391304]), 'tneg': array([9, 4, 2, 4, 6, 4, 4, 2, 4, 2, 8, 5, 4, 0, 4, 7, 2, 4, 4, 2, 5, 2, 4,
       2, 2, 1, 5, 2, 2, 4, 2, 5, 4, 2, 4, 4, 1, 2, 1, 2, 4, 1, 4, 4, 8, 2]), 'fpos': array([ 1,  6,  8,  6,  4,  6,  6,  8,  6,  8,  2,  5,  6, 10,  6,  3,  8,
        6,  6,  8,  5,  8,  6,  8,  8,  9,  5,  8,  8,  6,  8,  5,  6,  8,
        6,  6,  9,  8,  9,  8,  6,  9,  6,  6,  2,  8]), 'threshold': [-0.18607413683064211, -1.2242631584860613, -1.3164655562088317, -1.1230114727844629, -0.7594014496275715, -1.1566646773848028, -1.2310146923853325, -1.2964167723026383, -1.2204486169230875, -1.3507093393458369, -0.5907038748908563, -0.858695418305397, -1.2638530640156274, -1.5785898644583472, -1.2488499519090899, -0.65633952991247024, -1.4094213493310552, -1.2179211360766997, -1.109800247646491, -1.4212385482992216, -0.99154909029597338, -1.2987387208514989, -1.1522970422548007, -1.428479455525671, -1.4518410136930811, -1.4978913405005474, -0.922066370930589, -1.4656585075714563, -1.3545577838357448, -1.2423707967438116, -1.2878572073075056, -1.0118097076516868, -1.1567398803285711, -1.3797408329825787, -1.2415242131954278, -1.0751630598386401, -1.490831750478439, -1.4224519330774077, -1.4931552547090612, -1.3732926314139438, -1.1919458838085169, -1.4883990329437735, -1.1130290435655317, -1.058711925040309, -0.40835653289570351, -1.4460455791417026], 'fneg': array([3, 0, 0, 0, 1, 0, 0, 0, 0, 0, 2, 1, 0, 0, 0, 1, 0, 0, 0, 0, 1, 0, 0,
       0, 0, 0, 1, 0, 0, 0, 0, 1, 0, 0, 0, 0, 0, 0, 0, 0, 0, 0, 0, 1, 2, 0]), 'sensitivity': array([0.83333333, 1.0, 1.0, 1.0, 1.0, 1.0, 1.0, 1.0, 1.0, 1.0, 1.0, 1.0,
       1.0, 1.0, 1.0, 1.0, 1.0, 1.0, 1.0, 1.0, 1.0, 1.0, 1.0, 1.0, 1.0,
       1.0, 1.0, 1.0, 1.0, 1.0, 1.0, 1.0, 1.0, 1.0, 1.0, 1.0, 1.0, 1.0,
       1.0, 1.0, 1.0, 1.0, 1.0, 1.0, 0.94444444, 1.0]), 'tpos': array([3, 6, 6, 6, 5, 6, 6, 6, 6, 6, 4, 5, 6, 6, 6, 5, 6, 6, 6, 6, 5, 6, 6,
       6, 6, 6, 5, 6, 6, 6, 6, 5, 6, 6, 6, 6, 6, 6, 6, 6, 6, 6, 6, 5, 4, 6])}, {'specificity': array([0.97826087, 0.58695652, 0.52173913, 0.86956522, 0.43478261,
       0.93478261, 0.91304348, 0.73913043, 0.60869565, 0.26086957,
       0.69565217, 0.84782609, 0.7173913, 0.39130435, 0.67391304,
       0.80434783, 0.15217391, 0.45652174, 0.56521739, 0.19565217, 1.0,
       0.89130435, 0.7826087, 0.086956522, 0.36956522, 0.13043478,
       0.65217391, 0.23913043, 0.54347826, 0.47826087, 0.32608696,
       0.82608696, 0.41304348, 0.34782609, 0.5, 0.30434783, 0.065217391,
       0.10869565, 0.02173913, 0.17391304, 0.2173913, 0.043478261,
       0.76086957, 0.63043478, 0.95652174, 0.2826087]), 'tneg': array([10,  3,  2,  8,  2,  9,  9,  5,  3,  2,  4,  7,  5,  2,  4,  5,  2,
        2,  3,  2, 10,  8,  5,  1,  2,  2,  3,  2,  3,  2,  2,  5,  2,  2,
        2,  2,  1,  2,  0,  2,  2,  0,  5,  3,  9,  2]), 'fpos': array([ 0,  7,  8,  2,  8,  1,  1,  5,  7,  8,  6,  3,  5,  8,  6,  5,  8,
        8,  7,  8,  0,  2,  5,  9,  8,  8,  7,  8,  7,  8,  8,  5,  8,  8,
        8,  8,  9,  8, 10,  8,  8, 10,  5,  7,  1,  8]), 'threshold': [-0.25340296401754714, -0.8093865633948174, -0.82819691933160244, -0.5575837978057413, -0.84811552511208821, -0.42779007398772051, -0.42993636094928472, -0.687240982427889, -0.78892902930318531, -0.91571439316194292, -0.73843396680695361, -0.57808352028527055, -0.703049311656672, -0.874257150398836, -0.74853064764243893, -0.66994245708831568, -0.946153874849453, -0.84310914701720041, -0.81476281900132419, -0.92402992623197733, -0.001450234735845439, -0.50281148369412054, -0.6731895564343281, -0.9549802409750805, -0.87604148761591838, -0.94629612987230793, -0.76261128489738172, -0.922186645534333, -0.815568248117433, -0.83635151436385391, -0.89278947043971113, -0.65834961743703047, -0.87383432848845577, -0.87746387022875627, -0.83446357150308692, -0.89959180953045792, -0.96146035743699509, -0.94920209947843248, -0.9936005003527334, -0.92748865771528044, -0.92246745688095111, -0.97678465973133344, -0.6747593095151363, -0.78878077270084723, -0.40368409579990044, -0.90585736321335741], 'fneg': array([2, 1, 1, 2, 1, 2, 2, 1, 1, 1, 1, 2, 1, 1, 1, 1, 1, 1, 1, 1, 2, 2, 1,
       1, 1, 1, 1, 1, 1, 1, 1, 1, 1, 1, 1, 1, 1, 1, 0, 1, 1, 0, 1, 1, 2, 1]), 'sensitivity': array([1.0, 1.0, 1.0, 1.0, 1.0, 1.0, 1.0, 1.0, 1.0, 1.0, 1.0, 1.0, 1.0,
       1.0, 1.0, 1.0, 1.0, 1.0, 1.0, 1.0, 0.63157895, 1.0, 1.0, 1.0, 1.0,
       1.0, 1.0, 1.0, 1.0, 1.0, 1.0, 1.0, 1.0, 1.0, 1.0, 1.0, 1.0, 1.0,
       1.0, 1.0, 1.0, 1.0, 1.0, 1.0, 1.0, 1.0]), 'tpos': array([3, 4, 4, 3, 4, 3, 3, 4, 4, 4, 4, 3, 4, 4, 4, 4, 4, 4, 4, 4, 3, 3, 4,
       4, 4, 4, 4, 4, 4, 4, 4, 4, 4, 4, 4, 4, 4, 4, 5, 4, 4, 5, 4, 4, 3, 4])}], <Model object at 0x0000000000000708>)
#gbm
([{'specificity': array([0.52173913, 0.76086957, 0.32608696, 0.7826087, 0.91304348,
       0.89130435, 0.97826087, 0.93478261, 0.36956522, 0.26086957,
       0.41304348, 0.54347826, 0.47826087, 0.60869565, 0.19565217,
       0.02173913, 0.30434783, 0.73913043, 0.58695652, 0.65217391,
       0.86956522, 1.0, 0.7173913, 0.84782609, 0.63043478, 0.13043478,
       0.065217391, 0.56521739, 0.086956522, 0.43478261, 0.2826087,
       0.69565217, 0.67391304, 0.80434783, 0.043478261, 0.5, 0.15217391,
       0.23913043, 0.2173913, 0.10869565, 0.82608696, 0.95652174,
       0.45652174, 0.34782609, 0.39130435, 0.17391304]), 'tneg': array([4, 8, 4, 8, 9, 9, 9, 9, 4, 4, 4, 5, 4, 5, 3, 0, 4, 8, 5, 7, 9, 9, 8,
       8, 7, 3, 0, 5, 0, 4, 4, 7, 7, 8, 0, 4, 3, 4, 4, 3, 8, 9, 4, 4, 4, 3]), 'fpos': array([ 6,  2,  6,  2,  1,  1,  1,  1,  6,  6,  6,  5,  6,  5,  7, 10,  6,
        2,  5,  3,  1,  1,  2,  2,  3,  7, 10,  5, 10,  6,  6,  3,  3,  2,
       10,  6,  7,  6,  6,  7,  2,  1,  6,  6,  6,  7]), 'threshold': [-0.628728211181821, -0.58580175340501717, -0.63603972321945368, -0.58467487336129809, -0.56331130781319072, -0.56717421416823388, -0.51761106818301839, -0.55588676174918361, -0.63503228498966924, -0.64133954191596731, -0.63233509273700639, -0.62729105932366447, -0.62880339802020235, -0.62535326789320655, -0.64705146333981167, -0.66991433356344621, -0.63626978411889834, -0.58845155189600906, -0.62622443285850549, -0.6203342147439197, -0.56724858574584669, -0.45800726826165539, -0.60384910509715928, -0.5764623697669401, -0.62148401529196362, -0.65644436514522708, -0.66288300947855194, -0.62636963290937075, -0.66081360317231208, -0.63083605068275517, -0.6412505836576885, -0.61338656396921332, -0.61983465067713761, -0.58344017847285523, -0.6654105427950624, -0.62875571361314919, -0.65049508232103848, -0.642018409711958, -0.64308712250818434, -0.65644453212063614, -0.58270662145037133, -0.54712395420658821, -0.63010773296725142, -0.63529080939671867, -0.63261414857905707, -0.64805361080446022], 'fneg': array([0, 3, 0, 3, 4, 4, 5, 4, 0, 0, 0, 0, 0, 0, 0, 0, 0, 3, 0, 0, 4, 7, 1,
       3, 0, 0, 0, 0, 0, 0, 0, 0, 0, 3, 0, 0, 0, 0, 0, 0, 3, 4, 0, 0, 0, 0]), 'sensitivity': array([1.0, 1.0, 1.0, 1.0, 0.94117647, 1.0, 0.88235294, 0.94117647, 1.0,
       1.0, 1.0, 1.0, 1.0, 1.0, 1.0, 1.0, 1.0, 1.0, 1.0, 1.0, 1.0,
       0.52941176, 1.0, 1.0, 1.0, 1.0, 1.0, 1.0, 1.0, 1.0, 1.0, 1.0, 1.0,
       1.0, 1.0, 1.0, 1.0, 1.0, 1.0, 1.0, 1.0, 0.94117647, 1.0, 1.0, 1.0,
       1.0]), 'tpos': array([7, 4, 7, 4, 3, 3, 2, 3, 7, 7, 7, 7, 7, 7, 7, 7, 7, 4, 7, 7, 3, 0, 6,
       4, 7, 7, 7, 7, 7, 7, 7, 7, 7, 4, 7, 7, 7, 7, 7, 7, 4, 3, 7, 7, 7, 7])}, {'specificity': array([0.97674419, 0.6744186, 0.39534884, 0.69767442, 0.23255814,
       0.93023256, 1.0, 0.53488372, 0.18604651, 0.37209302, 0.65116279,
       0.88372093, 0.41860465, 0.1627907, 0.11627907, 0.79069767,
       0.8372093, 0.34883721, 0.46511628, 0.90697674, 0.95348837,
       0.74418605, 0.60465116, 0.20930233, 0.48837209, 0.13953488,
       0.58139535, 0.27906977, 0.76744186, 0.72093023, 0.62790698,
       0.023255814, 0.3255814, 0.30232558, 0.44186047, 0.51162791,
       0.069767442, 0.81395349, 0.86046512, 0.046511628, 0.25581395,
       0.55813953, 0.093023256]), 'tneg': array([11,  3,  3,  3,  3, 10, 12,  3,  2,  3,  3,  6,  3,  2,  1,  4,  6,
        3,  3,  7, 10,  4,  3,  3,  3,  1,  3,  3,  4,  3,  3,  0,  3,  3,
        3,  3,  1,  6,  6,  0,  3,  3,  1]), 'fpos': array([ 2, 10, 10, 10, 10,  3,  1, 10, 11, 10, 10,  7, 10, 11, 12,  9,  7,
       10, 10,  6,  3,  9, 10, 10, 10, 12, 10, 10,  9, 10, 10, 13, 10, 10,
       10, 10, 12,  7,  7, 13, 10, 10, 12]), 'threshold': [-0.35669772609822864, -0.41650972403954833, -0.43847991046679896, -0.41588935378159447, -0.44830075714384654, -0.36264308986974475, -0.32318486433403731, -0.42845350627774925, -0.4535557491501237, -0.44324744056854731, -0.41770519093074854, -0.38158639331744509, -0.43844216081914972, -0.45514196494333775, -0.46291517503639928, -0.40876969679516667, -0.39308929373693391, -0.4437131911705835, -0.432788244578693, -0.37686347750599453, -0.36179390078766172, -0.41086596928749947, -0.42434573516235652, -0.45210403800477367, -0.43195573890493777, -0.46090149706116662, -0.42526159767416383, -0.44606488925507953, -0.41042773099401231, -0.41432370756097125, -0.4185741073497154, -0.48965864735151216, -0.44380246394959705, -0.44444545854714185, -0.43536682936142745, -0.43194725349518748, -0.46873971846955453, -0.3940268597402613, -0.39005976130484926, -0.47520265125160788, -0.44690310118253479, -0.42844178509270781, -0.46398858214699296], 'fneg': array([2, 0, 0, 0, 0, 2, 2, 0, 0, 0, 0, 1, 0, 0, 0, 1, 1, 0, 0, 1, 2, 1, 0,
       0, 0, 0, 0, 0, 1, 1, 0, 0, 0, 0, 0, 0, 0, 1, 1, 0, 0, 0, 0]), 'sensitivity': array([1.0, 1.0, 1.0, 1.0, 1.0, 1.0, 0.9047619, 1.0, 1.0, 1.0, 1.0, 1.0,
       1.0, 1.0, 1.0, 1.0, 1.0, 1.0, 1.0, 1.0, 1.0, 1.0, 1.0, 1.0, 1.0,
       1.0, 1.0, 1.0, 1.0, 1.0, 1.0, 1.0, 1.0, 1.0, 1.0, 1.0, 1.0, 1.0,
       1.0, 1.0, 1.0, 1.0, 1.0]), 'tpos': array([1, 3, 3, 3, 3, 1, 1, 3, 3, 3, 3, 2, 3, 3, 3, 2, 2, 3, 3, 2, 1, 2, 3,
       3, 3, 3, 3, 3, 2, 2, 3, 3, 3, 3, 3, 3, 3, 2, 2, 3, 3, 3, 3])}, {'specificity': array([1.0, 0.93023256, 0.41860465, 0.44186047, 0.79069767, 0.88372093,
       0.90697674, 0.97674419, 0.58139535, 0.48837209, 0.39534884,
       0.62790698, 0.30232558, 0.023255814, 0.6744186, 0.69767442,
       0.46511628, 0.18604651, 0.11627907, 0.81395349, 0.8372093,
       0.37209302, 0.046511628, 0.72093023, 0.20930233, 0.60465116,
       0.76744186, 0.74418605, 0.95348837, 0.25581395, 0.069767442,
       0.55813953, 0.27906977, 0.1627907, 0.65116279, 0.23255814,
       0.093023256, 0.51162791, 0.53488372, 0.86046512, 0.3255814,
       0.34883721, 0.13953488]), 'tneg': array([11, 10,  2,  2,  3, 10, 10, 10,  2,  2,  2,  2,  2,  0,  3,  3,  2,
        0,  0,  6, 10,  2,  0,  3,  1,  2,  3,  3, 10,  1,  0,  2,  2,  0,
        2,  1,  0,  2,  2, 10,  2,  2,  0]), 'fpos': array([ 2,  3, 11, 11, 10,  3,  3,  3, 11, 11, 11, 11, 11, 13, 10, 10, 11,
       13, 13,  7,  3, 11, 13, 10, 12, 11, 10, 10,  3, 12, 13, 11, 11, 13,
       11, 12, 13, 11, 11,  3, 11, 11, 13]), 'threshold': [-0.0999225623641676, -0.38257963725454985, -0.56331048598156619, -0.557050827756198, -0.477053969396865, -0.39405516101869242, -0.39307827447593024, -0.25699426553123145, -0.526481299451885, -0.54961423871797821, -0.57172086734139738, -0.52123934258332683, -0.60323431022353791, -0.70706752890182134, -0.51458022637102629, -0.51401564274814726, -0.55387277675009261, -0.64116306373211285, -0.66632222835073984, -0.43656728341608192, -0.4096807546017841, -0.5725938406459794, -0.68455246931958169, -0.5114358680661284, -0.62633102479516889, -0.52355334917301877, -0.48024631209856233, -0.4842167220050157, -0.32563120807048335, -0.61759065974263361, -0.68085157254758844, -0.53294464137066944, -0.61150896372212793, -0.6473261136847982, -0.5199567286579454, -0.62572100884064974, -0.672645252051028, -0.54068812326294924, -0.53390451157752217, -0.40904253659736589, -0.59213695501518337, -0.58625149969906842, -0.6515965838003428], 'fneg': array([3, 0, 0, 0, 0, 0, 0, 2, 0, 0, 0, 0, 0, 0, 0, 0, 0, 0, 0, 0, 0, 0, 0,
       0, 0, 0, 0, 0, 1, 0, 0, 0, 0, 0, 0, 0, 0, 0, 0, 0, 0, 0, 0]), 'sensitivity': array([0.71428571, 1.0, 1.0, 1.0, 1.0, 1.0, 1.0, 0.95238095, 1.0, 1.0, 1.0,
       1.0, 1.0, 1.0, 1.0, 1.0, 1.0, 1.0, 1.0, 1.0, 1.0, 1.0, 1.0, 1.0,
       1.0, 1.0, 1.0, 1.0, 1.0, 1.0, 1.0, 1.0, 1.0, 1.0, 1.0, 1.0, 1.0,
       1.0, 1.0, 1.0, 1.0, 1.0, 1.0]), 'tpos': array([0, 3, 3, 3, 3, 3, 3, 1, 3, 3, 3, 3, 3, 3, 3, 3, 3, 3, 3, 3, 3, 3, 3,
       3, 3, 3, 3, 3, 2, 3, 3, 3, 3, 3, 3, 3, 3, 3, 3, 3, 3, 3, 3])}, {'specificity': array([1.0, 0.68085106, 0.63829787, 0.4893617, 0.87234043, 0.80851064,
       0.74468085, 0.27659574, 0.14893617, 0.53191489, 0.76595745,
       0.40425532, 0.29787234, 0.17021277, 0.021276596, 0.9787234,
       0.46808511, 0.55319149, 0.21276596, 0.38297872, 0.89361702,
       0.95744681, 0.34042553, 0.93617021, 0.36170213, 0.10638298,
       0.085106383, 0.70212766, 0.042553191, 0.82978723, 0.78723404,
       0.59574468, 0.85106383, 0.91489362, 0.19148936, 0.65957447,
       0.23404255, 0.44680851, 0.25531915, 0.063829787, 0.42553191,
       0.31914894, 0.5106383, 0.61702128, 0.57446809, 0.72340426,
       0.12765957]), 'tneg': array([6, 2, 1, 1, 2, 2, 2, 1, 1, 1, 2, 1, 1, 1, 0, 5, 1, 1, 1, 1, 2, 5, 1,
       5, 1, 1, 0, 2, 0, 2, 2, 1, 2, 4, 1, 2, 1, 1, 1, 0, 1, 1, 1, 1, 1, 2,
       1]), 'fpos': array([3, 7, 8, 8, 7, 7, 7, 8, 8, 8, 7, 8, 8, 8, 9, 4, 8, 8, 8, 8, 7, 4, 8,
       4, 8, 8, 9, 7, 9, 7, 7, 8, 7, 5, 8, 7, 8, 8, 8, 9, 8, 8, 8, 8, 8, 7,
       8]), 'threshold': [-0.30855733423804366, -1.0638666691884515, -1.1024146781696558, -1.1449565120109486, -0.854801285680118, -0.88919301363368142, -0.94921729324647408, -1.2296289465456771, -1.3006509716051748, -1.1274282747977686, -0.93720402191344043, -1.17904714764984, -1.2215787002124605, -1.2958409833157234, -1.3952002994146258, -0.6099419854068463, -1.1518971413348567, -1.124491969517422, -1.2871277056776542, -1.1945995551614284, -0.83680386381177785, -0.73546964832436068, -1.2005117845531375, -0.75032338202370474, -1.1990926069658907, -1.3419256375104134, -1.356980232799518, -0.99951147909148752, -1.3911557580799641, -0.87539448952478338, -0.902115887298437, -1.109831175942805, -0.87518476138896217, -0.78040167050913223, -1.2946844941392337, -1.0639317583085648, -1.2574147378188416, -1.156810267508021, -1.2353990325060011, -1.3841389156149524, -1.1632661843680838, -1.2057018752225126, -1.1286619948829155, -1.1031889097451442, -1.118851961467533, -0.99479013925638127, -1.317047332696506], 'fneg': array([6, 0, 0, 0, 2, 2, 0, 0, 0, 0, 1, 0, 0, 0, 0, 6, 0, 0, 0, 0, 2, 4, 0,
       4, 0, 0, 0, 0, 0, 2, 2, 0, 2, 4, 0, 0, 0, 0, 0, 0, 0, 0, 0, 0, 0, 0,
       0]), 'sensitivity': array([0.82352941, 1.0, 1.0, 1.0, 1.0, 1.0, 1.0, 1.0, 1.0, 1.0, 1.0, 1.0,
       1.0, 1.0, 1.0, 1.0, 1.0, 1.0, 1.0, 1.0, 1.0, 1.0, 1.0, 1.0, 1.0,
       1.0, 1.0, 1.0, 1.0, 1.0, 1.0, 1.0, 1.0, 1.0, 1.0, 1.0, 1.0, 1.0,
       1.0, 1.0, 1.0, 1.0, 1.0, 1.0, 1.0, 1.0, 1.0]), 'tpos': array([1, 7, 7, 7, 5, 5, 7, 7, 7, 7, 6, 7, 7, 7, 7, 1, 7, 7, 7, 7, 5, 3, 7,
       3, 7, 7, 7, 7, 7, 5, 5, 7, 5, 3, 7, 7, 7, 7, 7, 7, 7, 7, 7, 7, 7, 7,
       7])}, {'specificity': array([0.95555556, 0.57777778, 0.68888889, 0.75555556, 0.77777778, 0.8,
       0.88888889, 0.97777778, 0.82222222, 0.13333333, 0.37777778,
       0.31111111, 0.55555556, 0.22222222, 0.2, 0.044444444, 0.44444444,
       0.93333333, 0.48888889, 0.71111111, 0.15555556, 0.24444444, 1.0,
       0.26666667, 0.73333333, 0.11111111, 0.28888889, 0.17777778,
       0.64444444, 0.62222222, 0.84444444, 0.42222222, 0.86666667,
       0.088888889, 0.6, 0.022222222, 0.46666667, 0.4, 0.35555556,
       0.066666667, 0.53333333, 0.51111111, 0.91111111, 0.33333333,
       0.66666667]), 'tneg': array([11,  5,  5,  6,  6,  6,  7, 11,  6,  0,  3,  3,  5,  0,  0,  0,  4,
        9,  5,  5,  0,  1, 11,  2,  5,  0,  3,  0,  5,  5,  6,  3,  6,  0,
        5,  0,  4,  3,  3,  0,  5,  5,  8,  3,  5]), 'fpos': array([ 0,  6,  6,  5,  5,  5,  4,  0,  5, 11,  8,  8,  6, 11, 11, 11,  7,
        2,  6,  6, 11, 10,  0,  9,  6, 11,  8, 11,  6,  6,  5,  8,  5, 11,
        6, 11,  7,  8,  8, 11,  6,  6,  3,  8,  6]), 'threshold': [-0.29398216704012659, -0.51470525724428029, -0.49710650613087948, -0.46556036576936649, -0.46331673910945309, -0.4566377655658323, -0.410237210767512, -0.28088850040604052, -0.44651013496961306, -0.59325087958018752, -0.55133577324257654, -0.55361836421068711, -0.521167288932145, -0.57778685403679719, -0.58481934328402241, -0.61881701496494423, -0.54062436331904462, -0.366909028472204, -0.5269986132262342, -0.48496374366942885, -0.58753666953713468, -0.57292498691373894, -0.26430635089689741, -0.56529391562111908, -0.47214064669274319, -0.59361336111548468, -0.56428846763522966, -0.58503753353235532, -0.507175020889167, -0.51038094867411665, -0.44231297414998033, -0.5452197435998859, -0.4211589640601639, -0.59569717428030722, -0.51294914022818827, -0.6244965146582071, -0.53902161628520429, -0.54850697433949669, -0.55151852236207288, -0.59883547117999936, -0.5230841490460888, -0.52681944059481, -0.38860986659687269, -0.55356032697857516, -0.505497481445153], 'fneg': array([2, 0, 0, 1, 1, 1, 2, 2, 2, 0, 0, 0, 0, 0, 0, 0, 0, 2, 0, 0, 0, 0, 2,
       0, 0, 0, 0, 0, 0, 0, 2, 0, 2, 0, 0, 0, 0, 0, 0, 0, 0, 0, 2, 0, 0]), 'sensitivity': array([0.9, 1.0, 1.0, 1.0, 1.0, 1.0, 1.0, 0.85, 1.0, 1.0, 1.0, 1.0, 1.0,
       1.0, 1.0, 1.0, 1.0, 1.0, 1.0, 1.0, 1.0, 1.0, 0.8, 1.0, 1.0, 1.0,
       1.0, 1.0, 1.0, 1.0, 1.0, 1.0, 1.0, 1.0, 1.0, 1.0, 1.0, 1.0, 1.0,
       1.0, 1.0, 1.0, 1.0, 1.0, 1.0]), 'tpos': array([2, 4, 4, 3, 3, 3, 2, 2, 2, 4, 4, 4, 4, 4, 4, 4, 4, 2, 4, 4, 4, 4, 2,
       4, 4, 4, 4, 4, 4, 4, 2, 4, 2, 4, 4, 4, 4, 4, 4, 4, 4, 4, 2, 4, 4])}], <Model object at 0x0000000000000A34>)
#gbm
([{'specificity': array([0.96, 0.38, 0.2, 0.82, 0.36, 0.86, 1.0, 0.84, 0.64, 0.62, 0.12, 0.4,
       0.32, 0.52, 0.98, 0.76, 0.28, 0.9, 0.44, 0.54, 0.24, 0.78, 0.92,
       0.3, 0.56, 0.06, 0.34, 0.14, 0.5, 0.72, 0.22, 0.74, 0.42, 0.46,
       0.48, 0.58, 0.68, 0.04, 0.6, 0.26, 0.16, 0.02, 0.8, 0.1, 0.7, 0.88,
       0.94, 0.18, 0.66, 0.08]), 'tneg': array([13,  5,  3,  9,  5, 10, 13,  9,  8,  8,  3,  6,  4,  7, 13,  9,  3,
       10,  6,  7,  3,  9, 13,  3,  7,  3,  5,  3,  7,  9,  3,  9,  6,  7,
        7,  7,  9,  3,  7,  3,  3,  3,  9,  3,  9, 10, 13,  3,  8,  3]), 'fpos': array([ 0,  8, 10,  4,  8,  3,  0,  4,  5,  5, 10,  7,  9,  6,  0,  4, 10,
        3,  7,  6, 10,  4,  0, 10,  6, 10,  8, 10,  6,  4, 10,  4,  7,  6,
        6,  6,  4, 10,  6, 10, 10, 10,  4, 10,  4,  3,  0, 10,  5, 10]), 'threshold': [-0.92926823577811779, -1.0835435791673556, -1.1080824420435951, -1.012484079468698, -1.0915095502842169, -1.0040001365705356, -0.88679852642446078, -1.0119845148520719, -1.0536032176731249, -1.0549975385500394, -1.1215920431394955, -1.0808581747024826, -1.1000589018251585, -1.0676991635954172, -0.925110762008815, -1.0291748191405663, -1.1025844482398208, -0.99391803529484291, -1.0756365289377023, -1.0646482814512306, -1.1048800240244328, -1.0280496034241795, -0.95590461768861656, -1.101320849206112, -1.0645854422491494, -1.1283246020165074, -1.0926441945784704, -1.1190633305374276, -1.0713000574656184, -1.0328558269979806, -1.1055244221838863, -1.0293442260063297, -1.0799753947939461, -1.0746315410359826, -1.0713828503359526, -1.0589101187703485, -1.0464032548970086, -1.1304291641324105, -1.0561568375880854, -1.1034837971893381, -1.1176436510030736, -1.1324406416140156, -1.0243751780543309, -1.1226082500791097, -1.0406616165619298, -1.0035877539582596, -0.93608411785651935, -1.1138477231323802, -1.0475479520983249, -1.1268074945820463], 'fneg': array([2, 0, 0, 0, 0, 0, 4, 0, 0, 0, 0, 0, 0, 0, 2, 0, 0, 1, 0, 0, 0, 0, 1,
       0, 0, 0, 0, 0, 0, 0, 0, 0, 0, 0, 0, 0, 0, 0, 0, 0, 0, 0, 0, 0, 0, 0,
       2, 0, 0, 0]), 'sensitivity': array([0.92307692, 1.0, 1.0, 1.0, 1.0, 1.0, 0.76923077, 1.0, 1.0, 1.0, 1.0,
       1.0, 1.0, 1.0, 0.92307692, 1.0, 1.0, 1.0, 1.0, 1.0, 1.0, 1.0, 1.0,
       1.0, 1.0, 1.0, 1.0, 1.0, 1.0, 1.0, 1.0, 1.0, 1.0, 1.0, 1.0, 1.0,
       1.0, 1.0, 1.0, 1.0, 1.0, 1.0, 1.0, 1.0, 1.0, 1.0, 0.92307692, 1.0,
       1.0, 1.0]), 'tpos': array([2, 4, 4, 4, 4, 4, 0, 4, 4, 4, 4, 4, 4, 4, 2, 4, 4, 3, 4, 4, 4, 4, 3,
       4, 4, 4, 4, 4, 4, 4, 4, 4, 4, 4, 4, 4, 4, 4, 4, 4, 4, 4, 4, 4, 4, 4,
       2, 4, 4, 4])}, {'specificity': array([0.95918367, 0.34693878, 0.040816327, 0.63265306, 0.83673469,
       0.85714286, 0.97959184, 0.93877551, 0.67346939, 0.53061224,
       0.71428571, 0.87755102, 0.79591837, 0.2244898, 0.06122449,
       0.81632653, 0.89795918, 0.32653061, 0.55102041, 0.46938776,
       0.3877551, 0.91836735, 1.0, 0.59183673, 0.42857143, 0.30612245,
       0.020408163, 0.16326531, 0.14285714, 0.24489796, 0.75510204,
       0.12244898, 0.57142857, 0.28571429, 0.51020408, 0.7755102,
       0.6122449, 0.26530612, 0.65306122, 0.081632653, 0.36734694,
       0.44897959, 0.18367347, 0.20408163, 0.73469388, 0.69387755,
       0.48979592, 0.40816327, 0.10204082]), 'tneg': array([13,  3,  0,  6, 10, 12, 13, 13,  6,  4,  7, 12,  7,  1,  0, 10, 13,
        3,  5,  4,  3, 13, 14,  6,  4,  3,  0,  1,  1,  2,  7,  1,  5,  3,
        4,  7,  6,  2,  6,  0,  3,  4,  1,  1,  7,  7,  4,  4,  1]), 'fpos': array([ 1, 11, 14,  8,  4,  2,  1,  1,  8, 10,  7,  2,  7, 13, 14,  4,  1,
       11,  9, 10, 11,  1,  0,  8, 10, 11, 14, 13, 13, 12,  7, 13,  9, 11,
       10,  7,  8, 12,  8, 14, 11, 10, 13, 13,  7,  7, 10, 10, 13]), 'threshold': [-0.60563210324172545, -1.3182928209739555, -1.4672151446611104, -1.1978818121785624, -1.0570976844083666, -0.94273697026775727, -0.48834450532671952, -0.66053514253981849, -1.1709740419154386, -1.2793154717707991, -1.1503559504923151, -0.93688220491741747, -1.096374284065968, -1.366645827986217, -1.4511012184864156, -1.065203542795091, -0.79141583243427538, -1.33147942138208, -1.2399656865102928, -1.2883988119565291, -1.316178810097917, -0.78869423990882082, -0.0032767338184467323, -1.2078984725322652, -1.3038418439858623, -1.3340400634865046, -1.4898818210652143, -1.3834097118361168, -1.4046098660904596, -1.3564650426462759, -1.1165628403504626, -1.4188182362606803, -1.2352819234086974, -1.3470001971914529, -1.2843241122680571, -1.0965861405438373, -1.2067149723555044, -1.3529518249699608, -1.1870820589990823, -1.4459684000898885, -1.317025421262177, -1.2888156485644715, -1.3720915257656274, -1.3710669370671669, -1.1209032867456295, -1.1526396832085191, -1.2876057670459118, -1.3063077027142636, -1.4425998989396132], 'fneg': array([2, 0, 0, 0, 2, 2, 2, 2, 2, 0, 2, 2, 2, 0, 0, 2, 2, 0, 0, 0, 0, 2, 2,
       0, 0, 0, 0, 0, 0, 0, 2, 0, 0, 0, 0, 2, 0, 0, 0, 0, 0, 0, 0, 0, 2, 2,
       0, 0, 0]), 'sensitivity': array([0.93333333, 1.0, 1.0, 1.0, 1.0, 1.0, 0.93333333, 0.93333333, 1.0,
       1.0, 1.0, 1.0, 1.0, 1.0, 1.0, 1.0, 1.0, 1.0, 1.0, 1.0, 1.0, 1.0,
       0.4, 1.0, 1.0, 1.0, 1.0, 1.0, 1.0, 1.0, 1.0, 1.0, 1.0, 1.0, 1.0,
       1.0, 1.0, 1.0, 1.0, 1.0, 1.0, 1.0, 1.0, 1.0, 1.0, 1.0, 1.0, 1.0, 1.0]), 'tpos': array([0, 2, 2, 2, 0, 0, 0, 0, 0, 2, 0, 0, 0, 2, 2, 0, 0, 2, 2, 2, 2, 0, 0,
       2, 2, 2, 2, 2, 2, 2, 0, 2, 2, 2, 2, 0, 2, 2, 2, 2, 2, 2, 2, 2, 0, 0,
       2, 2, 2])}, {'specificity': array([0.34, 0.1, 0.84, 0.08, 0.92, 1.0, 0.82, 0.78, 0.12, 0.4, 0.32, 0.72,
       0.42, 0.16, 0.06, 0.62, 0.44, 0.56, 0.54, 0.6, 0.2, 0.66, 0.96,
       0.94, 0.88, 0.52, 0.14, 0.38, 0.18, 0.5, 0.76, 0.02, 0.26, 0.36,
       0.46, 0.86, 0.48, 0.28, 0.7, 0.24, 0.58, 0.9, 0.64, 0.74, 0.04, 0.8,
       0.98, 0.3, 0.68, 0.22]), 'tneg': array([2, 1, 6, 1, 7, 9, 6, 6, 1, 2, 2, 6, 2, 1, 1, 6, 2, 5, 5, 6, 2, 6, 8,
       7, 6, 3, 1, 2, 2, 3, 6, 0, 2, 2, 2, 6, 3, 2, 6, 2, 6, 6, 6, 6, 1, 6,
       9, 2, 6, 2]), 'fpos': array([11, 12,  7, 12,  6,  4,  7,  7, 12, 11, 11,  7, 11, 12, 12,  7, 11,
        8,  8,  7, 11,  7,  5,  6,  7, 10, 12, 11, 11, 10,  7, 13, 11, 11,
       11,  7, 10, 11,  7, 11,  7,  7,  7,  7, 12,  7,  4, 11,  7, 11]), 'threshold': [-2.0863477161049939, -2.2071756410962298, -1.5936682579067636, -2.2147354206431733, -1.3231365026832607, -0.35459126436309413, -1.6150520339887284, -1.6413137521220109, -2.1951383531629256, -2.0079999584138908, -2.0878531864285281, -1.7221758133008192, -2.0034430991052115, -2.1495167396555388, -2.2478062960767717, -1.8022789701846154, -2.0004514350723825, -1.8227169667705792, -1.8632334836612048, -1.8192755990052176, -2.1352951915872813, -1.7840313313240548, -1.0080518330212991, -1.2571989496954017, -1.5114939849442597, -1.9409865182892228, -2.1673194567881175, -2.0598132137815881, -2.1378418077912422, -1.9463739328286458, -1.6472739740162521, -2.2928671633215787, -2.1066073247189565, -2.0741504556262749, -1.9742163041016894, -1.5911045396854608, -1.959671909026049, -2.1044518454012007, -1.7474375233562025, -2.1261179607333522, -1.8196699183877403, -1.3882434269025143, -1.7940201721164026, -1.6834420630566791, -2.254794941155073, -1.6303787862284838, -0.79207353705783612, -2.0960465911744448, -1.7768412377186467, -2.132371637738399], 'fneg': array([0, 0, 1, 0, 1, 2, 1, 1, 0, 0, 0, 1, 0, 0, 0, 1, 0, 1, 1, 1, 0, 1, 2,
       1, 1, 1, 0, 0, 0, 1, 1, 0, 0, 0, 0, 1, 1, 0, 1, 0, 1, 1, 1, 1, 0, 1,
       2, 0, 1, 0]), 'sensitivity': array([1.0, 1.0, 1.0, 1.0, 1.0, 0.85714286, 1.0, 1.0, 1.0, 1.0, 1.0, 1.0,
       1.0, 1.0, 1.0, 1.0, 1.0, 1.0, 1.0, 1.0, 1.0, 1.0, 1.0, 1.0, 1.0,
       1.0, 1.0, 1.0, 1.0, 1.0, 1.0, 1.0, 1.0, 1.0, 1.0, 1.0, 1.0, 1.0,
       1.0, 1.0, 1.0, 1.0, 1.0, 1.0, 1.0, 1.0, 1.0, 1.0, 1.0, 1.0]), 'tpos': array([3, 3, 2, 3, 2, 1, 2, 2, 3, 3, 3, 2, 3, 3, 3, 2, 3, 2, 2, 2, 3, 2, 1,
       2, 2, 2, 3, 3, 3, 2, 2, 3, 3, 3, 3, 2, 2, 3, 2, 3, 2, 2, 2, 2, 3, 2,
       1, 3, 2, 3])}, {'specificity': array([0.94339623, 0.35849057, 0.1509434, 0.73584906, 0.13207547,
       0.49056604, 0.88679245, 0.86792453, 0.9245283, 0.79245283,
       0.30188679, 0.094339623, 0.52830189, 0.075471698, 0.8490566,
       0.81132075, 0.018867925, 0.11320755, 0.37735849, 0.98113208,
       0.33962264, 0.77358491, 0.50943396, 0.39622642, 0.67924528, 1.0,
       0.64150943, 0.58490566, 0.056603774, 0.20754717, 0.24528302,
       0.22641509, 0.037735849, 0.47169811, 0.60377358, 0.71698113,
       0.62264151, 0.41509434, 0.43396226, 0.83018868, 0.26415094,
       0.28301887, 0.90566038, 0.56603774, 0.54716981, 0.45283019,
       0.69811321, 0.32075472, 0.75471698, 0.96226415, 0.16981132,
       0.18867925, 0.66037736]), 'tneg': array([8, 2, 0, 5, 0, 3, 8, 8, 8, 6, 2, 0, 3, 0, 8, 6, 0, 0, 2, 8, 2, 5, 3,
       2, 5, 9, 4, 4, 0, 0, 1, 0, 0, 2, 4, 5, 4, 2, 2, 6, 2, 2, 8, 4, 4, 2,
       5, 2, 5, 8, 0, 0, 4]), 'fpos': array([ 2,  8, 10,  5, 10,  7,  2,  2,  2,  4,  8, 10,  7, 10,  2,  4, 10,
       10,  8,  2,  8,  5,  7,  8,  5,  1,  6,  6, 10, 10,  9, 10, 10,  8,
        6,  5,  6,  8,  8,  4,  8,  8,  2,  6,  6,  8,  5,  8,  5,  2, 10,
       10,  6]), 'threshold': [-0.83791639826339837, -1.603675044253098, -1.6892913815191688, -1.3814227171889277, -1.6897388914548301, -1.5527490544566405, -1.0489044484009904, -1.1245145692687453, -0.99985386343666971, -1.2987737180325234, -1.6239154281896704, -1.7083846649000392, -1.5420701559215473, -1.7193625034701265, -1.1576825614346413, -1.2645045192509126, -1.7716698775868665, -1.694015707921799, -1.5852933538321878, -0.78024588640458969, -1.6096169107860798, -1.330189679633399, -1.5516114251082942, -1.5794177062278185, -1.4351380778106515, -0.52749949563452059, -1.4723548063239751, -1.5094867449623892, -1.721541194693694, -1.6652527835845796, -1.6519704296417919, -1.6599501909160357, -1.7446702465309198, -1.5571922163378169, -1.504192538406002, -1.4186303496025843, -1.5039944542055355, -1.5734313395583954, -1.56381610351301, -1.2484632810790548, -1.6466134268430483, -1.6423355727437723, -1.0002351327360912, -1.5209004495252192, -1.5257225643213681, -1.5598898341796756, -1.4208113647517591, -1.6169430312781732, -1.3687643834884677, -0.83424225022457421, -1.6830063399174977, -1.6714368940251252, -1.4488135651938074], 'fneg': array([3, 0, 0, 1, 0, 0, 2, 2, 2, 1, 0, 0, 1, 0, 1, 1, 0, 0, 0, 3, 0, 1, 0,
       0, 1, 5, 1, 1, 0, 0, 0, 0, 0, 0, 1, 1, 1, 0, 0, 1, 0, 0, 2, 1, 1, 0,
       1, 0, 1, 3, 0, 0, 1]), 'sensitivity': array([0.81818182, 1.0, 1.0, 1.0, 1.0, 1.0, 1.0, 1.0, 1.0, 1.0, 1.0, 1.0,
       1.0, 1.0, 1.0, 1.0, 1.0, 1.0, 1.0, 0.81818182, 1.0, 1.0, 1.0, 1.0,
       1.0, 0.72727273, 1.0, 1.0, 1.0, 1.0, 1.0, 1.0, 1.0, 1.0, 1.0, 1.0,
       1.0, 1.0, 1.0, 1.0, 1.0, 1.0, 1.0, 1.0, 1.0, 1.0, 1.0, 1.0, 1.0,
       0.81818182, 1.0, 1.0, 1.0]), 'tpos': array([3, 6, 6, 5, 6, 6, 4, 4, 4, 5, 6, 6, 5, 6, 5, 5, 6, 6, 6, 3, 6, 5, 6,
       6, 5, 1, 5, 5, 6, 6, 6, 6, 6, 6, 5, 5, 5, 6, 6, 5, 6, 6, 4, 5, 5, 6,
       5, 6, 5, 3, 6, 6, 5])}, {'specificity': array([0.98, 0.12, 0.48, 0.08, 0.54, 0.52, 0.9, 0.96, 0.92, 0.16, 0.24,
       0.14, 0.68, 0.6, 0.02, 0.22, 0.94, 0.34, 0.38, 0.64, 0.66, 0.42,
       0.7, 0.74, 1.0, 0.82, 0.26, 0.04, 0.2, 0.44, 0.76, 0.78, 0.32, 0.3,
       0.5, 0.28, 0.18, 0.8, 0.1, 0.86, 0.58, 0.36, 0.84, 0.62, 0.72, 0.88,
       0.4, 0.46, 0.56, 0.06]), 'tneg': array([13,  1,  3,  1,  3,  3, 12, 13, 12,  2,  2,  2,  6,  3,  1,  2, 13,
        3,  3,  4,  6,  3,  6,  6, 13,  8,  2,  1,  2,  3,  6,  6,  3,  2,
        3,  2,  2,  8,  1, 11,  3,  3,  8,  3,  6, 12,  3,  3,  3,  1]), 'fpos': array([ 0, 12, 10, 12, 10, 10,  1,  0,  1, 11, 11, 11,  7, 10, 12, 11,  0,
       10, 10,  9,  7, 10,  7,  7,  0,  5, 11, 12, 11, 10,  7,  7, 10, 11,
       10, 11, 11,  5, 12,  2, 10, 10,  5, 10,  7,  1, 10, 10, 10, 12]), 'threshold': [-0.56930653064336523, -1.2812479085711841, -1.1709894581432536, -1.2965802466370768, -1.1478070047370714, -1.1576551030245412, -0.81970240819005558, -0.64824181069972653, -0.75384469516391217, -1.2665041023538683, -1.2485869650414563, -1.2690437920091753, -1.050366030842931, -1.0997475490068165, -1.3557345538710555, -1.2540415893918382, -0.66724965007602244, -1.2193580976206446, -1.2181317708019002, -1.0823876188630213, -1.0552535774852125, -1.2135285383209009, -1.028619357757359, -1.0127419358636791, -0.34358150881125821, -0.9662901223299617, -1.2455839186562194, -1.3172066519449361, -1.2620629443328062, -1.2002518880272928, -0.997356063278625, -0.99699490669007929, -1.2264138397594739, -1.239976078374349, -1.1619146416109325, -1.2439425886460689, -1.26206976258761, -0.98521005792615934, -1.2840268117402103, -0.87317462317329786, -1.1033408435925618, -1.2190308733045059, -0.95016807686786431, -1.0900058108881647, -1.0266270526806871, -0.8459327816743043, -1.2166877278875199, -1.1805206131987627, -1.1118089669664575, -1.3029853275865644], 'fneg': array([1, 0, 0, 0, 0, 0, 0, 1, 1, 0, 0, 0, 0, 0, 0, 0, 1, 0, 0, 0, 0, 0, 0,
       0, 2, 0, 0, 0, 0, 0, 0, 0, 0, 0, 0, 0, 0, 0, 0, 0, 0, 0, 0, 0, 0, 0,
       0, 0, 0, 0]), 'sensitivity': array([0.86666667, 1.0, 1.0, 1.0, 1.0, 1.0, 1.0, 0.93333333, 1.0, 1.0, 1.0,
       1.0, 1.0, 1.0, 1.0, 1.0, 0.93333333, 1.0, 1.0, 1.0, 1.0, 1.0, 1.0,
       1.0, 0.6, 1.0, 1.0, 1.0, 1.0, 1.0, 1.0, 1.0, 1.0, 1.0, 1.0, 1.0,
       1.0, 1.0, 1.0, 1.0, 1.0, 1.0, 1.0, 1.0, 1.0, 1.0, 1.0, 1.0, 1.0, 1.0]), 'tpos': array([1, 2, 2, 2, 2, 2, 2, 1, 1, 2, 2, 2, 2, 2, 2, 2, 1, 2, 2, 2, 2, 2, 2,
       2, 0, 2, 2, 2, 2, 2, 2, 2, 2, 2, 2, 2, 2, 2, 2, 2, 2, 2, 2, 2, 2, 2,
       2, 2, 2, 2])}], <Model object at 0x0000000000000D60>)
#gbm
([{'specificity': array([0.97916667, 0.45833333, 0.375, 0.66666667, 0.25, 0.89583333, 1.0,
       0.95833333, 0.60416667, 0.41666667, 0.83333333, 0.35416667,
       0.39583333, 0.6875, 0.75, 0.4375, 0.20833333, 0.041666667,
       0.33333333, 0.5625, 0.91666667, 0.54166667, 0.125, 0.47916667,
       0.77083333, 0.79166667, 0.0625, 0.8125, 0.020833333, 0.58333333,
       0.083333333, 0.29166667, 0.70833333, 0.5, 0.1875, 0.14583333,
       0.9375, 0.72916667, 0.27083333, 0.10416667, 0.3125, 0.52083333,
       0.625, 0.85416667, 0.875, 0.16666667, 0.64583333, 0.22916667]), 'tneg': array([10,  3,  3,  8,  3,  8, 10,  9,  7,  3,  8,  3,  3,  8,  8,  3,  3,
        1,  3,  7,  8,  6,  3,  4,  8,  8,  1,  8,  0,  7,  1,  3,  8,  5,
        3,  3,  8,  8,  3,  2,  3,  5,  7,  8,  8,  3,  8,  3]), 'fpos': array([ 2,  9,  9,  4,  9,  4,  2,  3,  5,  9,  4,  9,  9,  4,  4,  9,  9,
       11,  9,  5,  4,  6,  9,  8,  4,  4, 11,  4, 12,  5, 11,  9,  4,  7,
        9,  9,  4,  4,  9, 10,  9,  7,  5,  4,  4,  9,  4,  9]), 'threshold': [-0.42219580474647617, -1.3124193141257763, -1.3661673250981135, -1.1164208119970029, -1.4491348136841133, -0.93198975754222713, -0.385535793446944, -0.73583027914718491, -1.1885271232972048, -1.3540122100248815, -1.039524764258736, -1.3721914027683237, -1.361336426452993, -1.10263864884911, -1.0720414193088979, -1.3236412223503344, -1.4893588519550651, -1.5657392615142693, -1.3856783716257244, -1.1907853927830103, -0.839142994114576, -1.2192266688268039, -1.5173848807699968, -1.3063165872740215, -1.0557384165332664, -1.0528554550111509, -1.5604619030953271, -1.0518300744474995, -1.5824865676534574, -1.1892323455399776, -1.5586105407743263, -1.4302943404183142, -1.0964788804513221, -1.2754974612810481, -1.4931082855482309, -1.5072675009018943, -0.82889203426484, -1.0731467982554368, -1.4309730794601556, -1.5301854932118317, -1.412778328522099, -1.26949387593368, -1.1734554748283579, -1.0300421706149294, -0.96443252059351359, -1.5013980879884148, -1.15634878115891, -1.4594278026632304], 'fneg': array([3, 0, 0, 1, 0, 1, 3, 2, 1, 0, 1, 0, 0, 1, 1, 0, 0, 0, 0, 1, 1, 1, 0,
       0, 1, 1, 0, 1, 0, 1, 0, 0, 1, 1, 0, 0, 1, 1, 0, 0, 0, 1, 1, 1, 1, 0,
       1, 0]), 'sensitivity': array([0.875, 1.0, 1.0, 1.0, 1.0, 1.0, 0.875, 1.0, 1.0, 1.0, 1.0, 1.0, 1.0,
       1.0, 1.0, 1.0, 1.0, 1.0, 1.0, 1.0, 1.0, 1.0, 1.0, 1.0, 1.0, 1.0,
       1.0, 1.0, 1.0, 1.0, 1.0, 1.0, 1.0, 1.0, 1.0, 1.0, 1.0, 1.0, 1.0,
       1.0, 1.0, 1.0, 1.0, 1.0, 1.0, 1.0, 1.0, 1.0]), 'tpos': array([2, 5, 5, 4, 5, 4, 2, 3, 4, 5, 4, 5, 5, 4, 4, 5, 5, 5, 5, 4, 4, 4, 5,
       5, 4, 4, 5, 4, 5, 4, 5, 5, 4, 4, 5, 5, 4, 4, 5, 5, 5, 4, 4, 4, 4, 5,
       4, 5])}, {'specificity': array([0.95833333, 0.3125, 0.58333333, 0.47916667, 0.625, 0.91666667,
       0.5625, 0.97916667, 1.0, 0.79166667, 0.54166667, 0.875, 0.85416667,
       0.77083333, 0.70833333, 0.35416667, 0.75, 0.39583333, 0.60416667,
       0.6875, 0.41666667, 0.083333333, 0.52083333, 0.27083333, 0.83333333,
       0.0625, 0.5, 0.041666667, 0.020833333, 0.20833333, 0.14583333,
       0.125, 0.375, 0.45833333, 0.64583333, 0.33333333, 0.72916667,
       0.9375, 0.66666667, 0.10416667, 0.29166667, 0.22916667, 0.4375,
       0.1875, 0.8125, 0.89583333, 0.25, 0.16666667]), 'tneg': array([12,  1,  4,  2,  5, 11,  4, 12, 12,  6,  4,  9,  8,  6,  6,  1,  6,
        1,  4,  6,  2,  0,  4,  1,  8,  0,  2,  0,  0,  1,  1,  1,  1,  2,
        5,  1,  6, 11,  5,  0,  1,  1,  2,  1,  6, 10,  1,  1]), 'fpos': array([ 0, 11,  8, 10,  7,  1,  8,  0,  0,  6,  8,  3,  4,  6,  6, 11,  6,
       11,  8,  6, 10, 12,  8, 11,  4, 12, 10, 12, 12, 11, 11, 11, 11, 10,
        7, 11,  6,  1,  7, 12, 11, 11, 10, 11,  6,  2, 11, 11]), 'threshold': [-0.67939512797273049, -1.4985474815633673, -1.3196277754679315, -1.4188547599673183, -1.281641568354547, -0.88787887791616849, -1.3197936757246689, -0.51711384325307208, -0.33650181984114741, -1.1271968041078317, -1.3278902164461981, -1.030287403637512, -1.0575393001985916, -1.1726271234191084, -1.2156446537028356, -1.4889629580469297, -1.1874565675416324, -1.4458995828721855, -1.3150778009746469, -1.2248854739053829, -1.4386355679238052, -1.6107047005511896, -1.3279842978155891, -1.5267455910435797, -1.0637704792086449, -1.614822224883097, -1.3978688782847402, -1.6660866685731761, -1.6923834303182417, -1.5493611765604285, -1.5533391995129311, -1.5597848378861789, -1.4727666641151103, -1.419405470759739, -1.2689852599169214, -1.4960682882112877, -1.1945062042269654, -0.84009370478540046, -1.2484646978788665, -1.5815346940235997, -1.5163008626970438, -1.5411202982185068, -1.4204728376801417, -1.5501094081645537, -1.1100747931758526, -0.97484857878512166, -1.5275439953832037, -1.5503367561599886], 'fneg': array([3, 0, 0, 0, 0, 2, 0, 4, 4, 1, 0, 1, 1, 1, 0, 0, 1, 0, 0, 0, 0, 0, 0,
       0, 1, 0, 0, 0, 0, 0, 0, 0, 0, 0, 0, 0, 1, 2, 0, 0, 0, 0, 0, 0, 1, 2,
       0, 0]), 'sensitivity': array([1.0, 1.0, 1.0, 1.0, 1.0, 1.0, 1.0, 0.94117647, 0.88235294, 1.0, 1.0,
       1.0, 1.0, 1.0, 1.0, 1.0, 1.0, 1.0, 1.0, 1.0, 1.0, 1.0, 1.0, 1.0,
       1.0, 1.0, 1.0, 1.0, 1.0, 1.0, 1.0, 1.0, 1.0, 1.0, 1.0, 1.0, 1.0,
       1.0, 1.0, 1.0, 1.0, 1.0, 1.0, 1.0, 1.0, 1.0, 1.0, 1.0]), 'tpos': array([1, 4, 4, 4, 4, 2, 4, 0, 0, 3, 4, 3, 3, 3, 4, 4, 3, 4, 4, 4, 4, 4, 4,
       4, 3, 4, 4, 4, 4, 4, 4, 4, 4, 4, 4, 4, 3, 2, 4, 4, 4, 4, 4, 4, 3, 2,
       4, 4])}, {'specificity': array([0.47916667, 0.89583333, 0.875, 0.9375, 0.97916667, 0.58333333, 0.5,
       0.66666667, 0.60416667, 0.64583333, 0.25, 0.8125, 0.14583333,
       0.020833333, 0.625, 0.39583333, 0.5625, 0.79166667, 0.70833333,
       0.4375, 0.125, 1.0, 0.35416667, 0.75, 0.10416667, 0.083333333,
       0.0625, 0.85416667, 0.29166667, 0.77083333, 0.33333333, 0.375,
       0.72916667, 0.83333333, 0.41666667, 0.22916667, 0.1875, 0.041666667,
       0.20833333, 0.6875, 0.27083333, 0.54166667, 0.3125, 0.91666667,
       0.45833333, 0.95833333, 0.52083333, 0.16666667]), 'tneg': array([2, 6, 4, 7, 7, 3, 2, 3, 3, 3, 1, 4, 0, 0, 3, 2, 3, 4, 3, 2, 0, 8, 1,
       3, 0, 0, 0, 4, 1, 4, 1, 2, 3, 4, 2, 1, 0, 0, 1, 3, 1, 2, 1, 6, 2, 7,
       2, 0]), 'fpos': array([10,  6,  8,  5,  5,  9, 10,  9,  9,  9, 11,  8, 12, 12,  9, 10,  9,
        8,  9, 10, 12,  4, 11,  9, 12, 12, 12,  8, 11,  8, 11, 10,  9,  8,
       10, 11, 12, 12, 11,  9, 11, 10, 11,  6, 10,  5, 10, 12]), 'threshold': [-1.2126501132978109, -0.86275413765126385, -0.90299702690831363, -0.74627386660336947, -0.58234173916554166, -1.1341689802513622, -1.2100733410681106, -1.1102934829475086, -1.127586199942815, -1.117309792932156, -1.3055799060576274, -0.90972074565193051, -1.3923791869272633, -1.4542603277599617, -1.11952315368519, -1.2623229554495399, -1.1640373706899085, -0.9304515228047564, -1.0416278100134702, -1.2469198763538019, -1.3937732999240171, -0.54739785850805878, -1.2858441031602164, -1.0150814657254124, -1.4194625891254631, -1.4332452690091133, -1.4360568763820694, -0.90575329862215981, -1.2915597659215068, -0.983343115176944, -1.2877723068753724, -1.2809029335348421, -1.0258384563152936, -0.90615084686081393, -1.2533541914194433, -1.3369123360831388, -1.3593595764049593, -1.4415564339526268, -1.337888195823105, -1.08516071420144, -1.2989043790603394, -1.1768426230672564, -1.2884116617093937, -0.79857487547462958, -1.2373240008100839, -0.74056359898402535, -1.1877421426946757, -1.3691315814501455], 'fneg': array([0, 0, 0, 1, 2, 0, 0, 0, 0, 0, 0, 0, 0, 0, 0, 0, 0, 0, 0, 0, 0, 2, 0,
       0, 0, 0, 0, 0, 0, 0, 0, 0, 0, 0, 0, 0, 0, 0, 0, 0, 0, 0, 0, 1, 0, 1,
       0, 0]), 'sensitivity': array([1.0, 1.0, 1.0, 1.0, 1.0, 1.0, 1.0, 1.0, 1.0, 1.0, 1.0, 1.0, 1.0,
       1.0, 1.0, 1.0, 1.0, 1.0, 1.0, 1.0, 1.0, 1.0, 1.0, 1.0, 1.0, 1.0,
       1.0, 1.0, 1.0, 1.0, 1.0, 1.0, 1.0, 1.0, 1.0, 1.0, 1.0, 1.0, 1.0,
       1.0, 1.0, 1.0, 1.0, 1.0, 1.0, 1.0, 1.0, 1.0]), 'tpos': array([4, 4, 4, 3, 2, 4, 4, 4, 4, 4, 4, 4, 4, 4, 4, 4, 4, 4, 4, 4, 4, 2, 4,
       4, 4, 4, 4, 4, 4, 4, 4, 4, 4, 4, 4, 4, 4, 4, 4, 4, 4, 4, 4, 3, 4, 3,
       4, 4])}, {'specificity': array([0.96, 0.36, 0.3, 0.26, 0.38, 0.9, 0.84, 0.82, 1.0, 0.72, 0.24, 0.8,
       0.74, 0.52, 0.92, 0.66, 0.02, 0.76, 0.58, 0.88, 0.86, 0.5, 0.16,
       0.48, 0.64, 0.94, 0.32, 0.46, 0.14, 0.04, 0.7, 0.1, 0.22, 0.12,
       0.28, 0.6, 0.06, 0.34, 0.42, 0.56, 0.4, 0.2, 0.54, 0.18, 0.08, 0.62,
       0.68, 0.98, 0.44, 0.78]), 'tneg': array([9, 4, 4, 3, 4, 9, 8, 8, 9, 7, 3, 8, 7, 6, 9, 7, 0, 7, 6, 8, 8, 6, 1,
       6, 7, 9, 4, 5, 0, 0, 7, 0, 3, 0, 4, 6, 0, 4, 4, 6, 4, 3, 6, 3, 0, 7,
       7, 9, 5, 8]), 'fpos': array([ 1,  6,  6,  7,  6,  1,  2,  2,  1,  3,  7,  2,  3,  4,  1,  3, 10,
        3,  4,  2,  2,  4,  9,  4,  3,  1,  6,  5, 10, 10,  3, 10,  7, 10,
        6,  4, 10,  6,  6,  4,  6,  7,  4,  7, 10,  3,  3,  1,  5,  2]), 'threshold': [-0.82319876964186767, -1.432837315749945, -1.4349097949230703, -1.4629654769370137, -1.4280457726303082, -1.1092905853538408, -1.1914290861117827, -1.1951485200985088, -0.7402374271771216, -1.2459375616040285, -1.467284464391224, -1.2026515384953642, -1.2425088984323724, -1.3516419775758246, -1.0881498814133661, -1.2499774656325293, -1.5999013039877055, -1.2383541611020335, -1.2789816488586494, -1.1680026884746768, -1.1729369656565905, -1.3610095458192864, -1.5078838663625132, -1.3634105661064129, -1.2548259964975317, -0.93759374705850729, -1.4341918508557738, -1.3967403252204138, -1.5318598626099731, -1.5756145399614241, -1.2480152554725554, -1.5520823976937432, -1.4780929768204671, -1.5433881115640746, -1.4516296962440485, -1.2686016952832011, -1.5698429168244672, -1.432997681065302, -1.4074860947068972, -1.3371332210160196, -1.4242744798575484, -1.4824308579669119, -1.3388319349502338, -1.4825602349434335, -1.5601159922029309, -1.259131143143513, -1.2480976778404, -0.76044491551929472, -1.3988391143338514, -1.2075715565951752], 'fneg': array([3, 0, 0, 0, 0, 2, 2, 2, 3, 2, 0, 2, 2, 0, 3, 2, 0, 2, 1, 2, 2, 0, 0,
       0, 2, 3, 0, 0, 0, 0, 2, 0, 0, 0, 0, 1, 0, 0, 0, 0, 0, 0, 0, 0, 0, 2,
       2, 3, 0, 2]), 'sensitivity': array([1.0, 1.0, 1.0, 1.0, 1.0, 1.0, 1.0, 1.0, 1.0, 1.0, 1.0, 1.0, 1.0,
       1.0, 1.0, 1.0, 1.0, 1.0, 1.0, 1.0, 1.0, 1.0, 1.0, 1.0, 1.0, 1.0,
       1.0, 1.0, 1.0, 1.0, 1.0, 1.0, 1.0, 1.0, 1.0, 1.0, 1.0, 1.0, 1.0,
       1.0, 1.0, 1.0, 1.0, 1.0, 1.0, 1.0, 1.0, 1.0, 1.0, 1.0]), 'tpos': array([3, 6, 6, 6, 6, 4, 4, 4, 3, 4, 6, 4, 4, 6, 3, 4, 6, 4, 5, 4, 4, 6, 6,
       6, 4, 3, 6, 6, 6, 6, 4, 6, 6, 6, 6, 5, 6, 6, 6, 6, 6, 6, 6, 6, 6, 4,
       4, 3, 6, 4])}, {'specificity': array([0.97826087, 0.30434783, 0.41304348, 0.73913043, 0.52173913,
       0.93478261, 0.80434783, 1.0, 0.91304348, 0.54347826, 0.47826087,
       0.69565217, 0.7173913, 0.32608696, 0.95652174, 0.67391304,
       0.45652174, 0.2173913, 0.043478261, 0.19565217, 0.60869565,
       0.86956522, 0.58695652, 0.63043478, 0.5, 0.84782609, 0.2826087,
       0.17391304, 0.02173913, 0.13043478, 0.76086957, 0.39130435,
       0.65217391, 0.89130435, 0.82608696, 0.26086957, 0.086956522,
       0.56521739, 0.23913043, 0.36956522, 0.15217391, 0.43478261,
       0.7826087, 0.065217391, 0.34782609, 0.10869565]), 'tneg': array([ 9,  0,  1,  7,  1,  9,  9, 14,  9,  1,  1,  4,  5,  0,  9,  4,  1,
        0,  0,  0,  4,  9,  4,  4,  1,  9,  0,  0,  0,  0,  8,  1,  4,  9,
        9,  0,  0,  4,  0,  0,  0,  1,  9,  0,  0,  0]), 'fpos': array([ 5, 14, 13,  7, 13,  5,  5,  0,  5, 13, 13, 10,  9, 14,  5, 10, 13,
       14, 14, 14, 10,  5, 10, 10, 13,  5, 14, 14, 14, 14,  6, 13, 10,  5,
        5, 14, 14, 10, 14, 14, 14, 13,  5, 14, 14, 14]), 'threshold': [-0.61690409168673377, -1.0373011245228843, -1.0031869058359093, -0.77071305073332874, -0.97126352584983433, -0.63265848580439388, -0.74183360763093853, -0.36955760275266514, -0.63422146895041953, -0.95738436638876934, -0.98660321957125385, -0.842893942097155, -0.81667764487543326, -1.0320744087615179, -0.62051235537925475, -0.86190712202833919, -0.99555486716265129, -1.1023900922592604, -1.1534701928522861, -1.1100290527058832, -0.8919603806000681, -0.67108094840626331, -0.90338457593137067, -0.880713240115881, -0.97763230230133857, -0.71338627467085736, -1.0612183952516476, -1.1149868260201721, -1.1637875145311865, -1.1284681216294803, -0.756170817704878, -1.0041936335858133, -0.86609126107275214, -0.64467540397315581, -0.71700974055176592, -1.0861253727444549, -1.1463485918374825, -0.911956111750941, -1.0954242235152496, -1.0113327234804674, -1.1263927402120468, -1.0027741648806992, -0.74783928935259936, -1.1489083598829586, -1.012087194246232, -1.1339200228809905], 'fneg': array([0, 0, 0, 0, 0, 0, 0, 1, 0, 0, 0, 0, 0, 0, 0, 0, 0, 0, 0, 0, 0, 0, 0,
       0, 0, 0, 0, 0, 0, 0, 0, 0, 0, 0, 0, 0, 0, 0, 0, 0, 0, 0, 0, 0, 0, 0]), 'sensitivity': array([1.0, 1.0, 1.0, 1.0, 1.0, 1.0, 1.0, 0.89473684, 1.0, 1.0, 1.0, 1.0,
       1.0, 1.0, 1.0, 1.0, 1.0, 1.0, 1.0, 1.0, 1.0, 1.0, 1.0, 1.0, 1.0,
       1.0, 1.0, 1.0, 1.0, 1.0, 1.0, 1.0, 1.0, 1.0, 1.0, 1.0, 1.0, 1.0,
       1.0, 1.0, 1.0, 1.0, 1.0, 1.0, 1.0, 1.0]), 'tpos': array([2, 2, 2, 2, 2, 2, 2, 1, 2, 2, 2, 2, 2, 2, 2, 2, 2, 2, 2, 2, 2, 2, 2,
       2, 2, 2, 2, 2, 2, 2, 2, 2, 2, 2, 2, 2, 2, 2, 2, 2, 2, 2, 2, 2, 2, 2])}], <Model object at 0x000000000000108C>)
