# fold = 1
# threshold = 0.287258827581
# requested specificity = 0.873015873016
# actual training-set specificity = 0.877192982456
# tpos = 3
# tneg = 16
# fpos = 1
# fneg = 1
# raw predictions:
[0.491606854913 0.185729559558 0.234750300869 0.456022443053 0.31721367849
 0.290554494106 0.188302082031 0.25598292119 0.184359369924 0.192210836033
 0.170769639627 0.159134548181 0.243647165055 0.230106275437 0.189761648041
 0.203860730736 0.208353571284 0.248164952349 0.25107745055 0.211415783969
 0.21991352035]
# truth:
[3.3837436 1.5717088 2.4834446 3.3837436 2.1580608 2.6134189 1.3384565
 1.8709888 1.1430148 1.6009729 1.3483049 1.9020029 2.3583156 2.1433271
 0.61278386 1.5786392 1.0374265 1.1643529 2.1195858 1.666518 1.5263393]
# fold = 2
# threshold = 0.23799898
# requested specificity = 0.723076923077
# actual training-set specificity = 0.741379310345
# tpos = 2
# tneg = 13
# fpos = 3
# fneg = 2
# raw predictions:
[0.231362009399 0.216345999366 0.337571298479 0.137559359358 0.205934969242
 0.202331520179 0.179241697392 0.132139572571 0.58029377608 0.850338907381
 0.948545219558 0.199568295969 0.154859356995 0.161062762759 0.1874859567
 0.0899015728056 0.128625370022 0.264661240002 0.223015866175
 0.104995265541]
# truth:
[0.30103 2.5627685 1.8469553 1.687529 2.2796669 1.7024305 1.3031961
 2.4637437 2.7136585 2.7567882 2.0674428 1.4593925 2.2355284 2.2000293
 2.1027766 0.30103 1.9703469 1.1271048 1.5024271 0.0]
# fold = 3
# threshold = 0.211742159051
# requested specificity = 0.734375
# actual training-set specificity = 0.745762711864
# tpos = 3
# tneg = 10
# fpos = 5
# fneg = 2
# raw predictions:
[0.204708791526 0.256198991196 0.232049189219 0.305851360843 0.477160847629
 0.173532347947 0.199657209936 0.133983277085 0.161219581188 0.468893441031
 0.164458558353 0.0908606682939 0.316995928265 0.275238815242
 0.0644673994702 0.18511973753 0.273760211334 0.179500562599 0.197867304636
 0.178240905662]
# truth:
[1.7767012 3.3837436 2.0297895 1.8920946 2.2367891 2.2000293 2.1664301
 2.8121108 0.79934055 3.3837436 1.382017 2.0318123 1.8469553 1.6884198
 1.4712917 2.1598678 2.6190933 1.39794 2.6887757 1.9355073]
