#adalasso
([{'specificity': array([0.83870968, 0.87096774, 1.0, 0.93548387, 0.20967742, 0.85483871,
       0.62903226, 0.80645161, 0.82258065, 0.41935484, 0.080645161,
       0.96774194, 0.79032258, 0.70967742, 0.74193548, 0.32258065,
       0.11290323, 0.43548387, 0.46774194, 0.38709677, 0.33870968,
       0.75806452, 0.56451613, 0.9516129, 0.27419355, 0.58064516,
       0.16129032, 0.66129032, 0.37096774, 0.69354839, 0.14516129,
       0.72580645, 0.12903226, 0.88709677, 0.91935484, 0.98387097,
       0.080645161, 0.19354839, 0.080645161, 0.080645161, 0.67741935,
       0.53225806, 0.35483871, 0.22580645, 0.90322581, 0.64516129,
       0.77419355, 0.48387097, 0.29032258, 0.17741935, 0.30645161,
       0.4516129, 0.5483871, 0.24193548, 0.096774194, 0.61290323, 0.5,
       0.51612903, 0.59677419, 0.40322581, 0.25806452, 0.080645161]), 'tneg': array([ 8,  9, 10, 10,  3,  8,  6,  8,  8,  4,  0, 10,  8,  7,  7,  4,  2,
        4,  4,  4,  4,  7,  5, 10,  3,  6,  2,  7,  4,  7,  2,  7,  2,  9,
       10, 10,  0,  3,  0,  0,  7,  4,  4,  3, 10,  7,  7,  4,  3,  3,  4,
        4,  5,  3,  1,  6,  4,  4,  6,  4,  3,  0]), 'fpos': array([ 2,  1,  0,  0,  7,  2,  4,  2,  2,  6, 10,  0,  2,  3,  3,  6,  8,
        6,  6,  6,  6,  3,  5,  0,  7,  4,  8,  3,  6,  3,  8,  3,  8,  1,
        0,  0, 10,  7, 10, 10,  3,  6,  6,  7,  0,  3,  3,  6,  7,  7,  6,
        6,  5,  7,  9,  4,  6,  6,  4,  6,  7, 10]), 'threshold': [0.99975753717897431, 0.99999105317129988, 0.99999999516295124, 0.99999938730759952, 0.27339639561916301, 0.99982770072105909, 0.85622760292447808, 0.99954869191437767, 0.99958193203618595, 0.45399520953930395, 0.24656039969780838, 0.99999996793218393, 0.99930401192367624, 0.98987770032369404, 0.99418829688657151, 0.33737111139195319, 0.24736316985652759, 0.45698296551821133, 0.53163279006860809, 0.44339906908309584, 0.36867905816131419, 0.99661771042158753, 0.77353433580349551, 0.99999983714528862, 0.30516741463398833, 0.80573002681024164, 0.25971260945301156, 0.9731268092229336, 0.39473667731652989, 0.98147184026387435, 0.25762284597086044, 0.99229307081302875, 0.25522312399844921, 0.99999605088366261, 0.99999878424218813, 0.99999998940145896, 0.24656039969780838, 0.27296164678198503, 0.24656039969780838, 0.24656039969780838, 0.97378949249987712, 0.71722097896950321, 0.37732272829669988, 0.28103987239034384, 0.99999785822033882, 0.91307432540045397, 0.99720791916227369, 0.53264175895535548, 0.32302194119647004, 0.26989847075299056, 0.33309666200775023, 0.46788580312081895, 0.77325146649530074, 0.29857290214235005, 0.24683709909560597, 0.83686754080668224, 0.54543124775219776, 0.56621111167933003, 0.80642871323541332, 0.45043810106143695, 0.29997090746644334, 0.24656039969780838], 'fneg': array([6, 7, 7, 7, 0, 6, 2, 5, 5, 1, 0, 7, 5, 4, 4, 1, 0, 1, 1, 1, 1, 4, 1,
       7, 0, 1, 0, 4, 1, 4, 0, 4, 0, 7, 7, 7, 0, 0, 0, 0, 4, 1, 1, 0, 7, 3,
       4, 1, 0, 0, 1, 1, 1, 0, 0, 2, 1, 1, 1, 1, 0, 0]), 'sensitivity': array([1, 1, 1, 1, 1, 1, 1, 1, 1, 1, 1, 1, 1, 1, 1, 1, 1, 1, 1, 1, 1, 1, 1,
       1, 1, 1, 1, 1, 1, 1, 1, 1, 1, 1, 1, 1, 1, 1, 1, 1, 1, 1, 1, 1, 1, 1,
       1, 1, 1, 1, 1, 1, 1, 1, 1, 1, 1, 1, 1, 1, 1, 1]), 'tpos': array([1, 0, 0, 0, 7, 1, 5, 2, 2, 6, 7, 0, 2, 3, 3, 6, 7, 6, 6, 6, 6, 3, 6,
       0, 7, 6, 7, 3, 6, 3, 7, 3, 7, 0, 0, 0, 7, 7, 7, 7, 3, 6, 6, 7, 0, 4,
       3, 6, 7, 7, 6, 6, 6, 7, 7, 5, 6, 6, 6, 6, 7, 7])}, {'specificity': array([0.79365079, 0.66666667, 0.88888889, 0.85714286, 1.0, 0.92063492,
       0.23809524, 0.57142857, 0.82539683, 0.15873016, 0.74603175,
       0.77777778, 0.84126984, 0.22222222, 0.95238095, 0.76190476,
       0.65079365, 0.6984127, 0.28571429, 0.12698413, 0.58730159,
       0.49206349, 0.36507937, 0.20634921, 0.31746032, 0.71428571,
       0.52380952, 0.80952381, 0.93650794, 0.14285714, 0.53968254,
       0.063492063, 0.61904762, 0.41269841, 0.68253968, 0.46031746,
       0.44444444, 0.26984127, 0.9047619, 0.96825397, 0.98412698,
       0.55555556, 0.095238095, 0.047619048, 0.63492063, 0.25396825,
       0.47619048, 0.015873016, 0.33333333, 0.87301587, 0.38095238,
       0.031746032, 0.17460317, 0.3968254, 0.50793651, 0.6031746,
       0.73015873, 0.11111111, 0.079365079, 0.34920635, 0.3015873,
       0.42857143, 0.19047619]), 'tneg': array([11, 10, 11, 11, 11, 11,  5,  7, 11,  4, 11, 11, 11,  5, 11, 11,  9,
       10,  5,  3,  8,  7,  6,  5,  5, 11,  7, 11, 11,  3,  7,  3,  9,  7,
       10,  7,  7,  5, 11, 11, 11,  7,  3,  3,  9,  5,  7,  1,  5, 11,  7,
        3,  5,  7,  7,  8, 11,  3,  3,  5,  5,  7,  5]), 'fpos': array([ 0,  1,  0,  0,  0,  0,  6,  4,  0,  7,  0,  0,  0,  6,  0,  0,  2,
        1,  6,  8,  3,  4,  5,  6,  6,  0,  4,  0,  0,  8,  4,  8,  2,  4,
        1,  4,  4,  6,  0,  0,  0,  4,  8,  8,  2,  6,  4, 10,  6,  0,  4,
        8,  6,  4,  4,  3,  0,  8,  8,  6,  6,  4,  6]), 'threshold': [0.99999968747061696, 0.99994812724445348, 0.99999999960004349, 0.99999999759936498, 0.99999999999986411, 0.99999999991214672, 0.98134004992354462, 0.9988465250157752, 0.99999985203892761, 0.97163619137041246, 0.99999890750114939, 0.99999949979605618, 0.99999994308461682, 0.98100247460982759, 0.99999999999583933, 0.99999920668594677, 0.99994050106662724, 0.99998824189510815, 0.98319615166197061, 0.96769824721035047, 0.99969788674326532, 0.9973551160382822, 0.9904492562364412, 0.97866341551181868, 0.98429583223792894, 0.99999118307035761, 0.99803100350248986, 0.999999727815439, 0.99999999998298583, 0.96883300734610633, 0.99812991100625836, 0.95199511265300185, 0.99985243967822535, 0.9917527717629766, 0.99998237579610472, 0.99620552726045042, 0.99432483123722148, 0.98244586385900856, 0.99999999986498023, 0.99999999999730149, 0.99999999999985101, 0.99855669826042026, 0.95749053508034709, 0.94892579489094098, 0.99988739463171272, 0.98188804929689388, 0.99626930166410377, 0.8891874280494062, 0.98473202309158259, 0.99999999843413367, 0.99099008521790355, 0.93960585629836157, 0.97611985136933044, 0.99172031828231999, 0.99764137274782205, 0.99970338494482724, 0.99999517712538211, 0.96316370205350899, 0.9570472589965382, 0.98686702620372568, 0.98423939469075894, 0.99372496671487054, 0.97835295937596423], 'fneg': array([3, 3, 4, 4, 5, 4, 2, 3, 4, 2, 3, 3, 4, 2, 5, 3, 3, 3, 2, 2, 3, 3, 2,
       2, 2, 3, 3, 3, 5, 2, 3, 0, 3, 2, 3, 2, 2, 2, 4, 5, 5, 3, 0, 0, 3, 2,
       2, 0, 2, 4, 2, 0, 2, 2, 3, 3, 3, 1, 0, 2, 2, 2, 2]), 'sensitivity': array([1, 1, 1, 1, 1, 1, 1, 1, 1, 1, 1, 1, 1, 1, 1, 1, 1, 1, 1, 1, 1, 1, 1,
       1, 1, 1, 1, 1, 1, 1, 1, 1, 1, 1, 1, 1, 1, 1, 1, 1, 1, 1, 1, 1, 1, 1,
       1, 1, 1, 1, 1, 1, 1, 1, 1, 1, 1, 1, 1, 1, 1, 1, 1]), 'tpos': array([2, 2, 1, 1, 0, 1, 3, 2, 1, 3, 2, 2, 1, 3, 0, 2, 2, 2, 3, 3, 2, 2, 3,
       3, 3, 2, 2, 2, 0, 3, 2, 5, 2, 3, 2, 3, 3, 3, 1, 0, 0, 2, 5, 5, 2, 3,
       3, 5, 3, 1, 3, 5, 3, 3, 2, 2, 2, 4, 5, 3, 3, 3, 3])}, {'specificity': array([0.828125, 0.90625, 0.796875, 0.984375, 0.75, 0.34375, 0.6875,
       0.734375, 0.765625, 0.328125, 0.96875, 0.84375, 0.78125, 0.859375,
       0.265625, 0.609375, 0.25, 0.71875, 0.625, 0.875, 0.9375, 0.109375,
       0.09375, 0.59375, 0.5, 0.5625, 0.578125, 0.171875, 0.28125, 0.65625,
       0.453125, 0.890625, 0.921875, 0.953125, 1.0, 0.078125, 0.703125,
       0.234375, 0.15625, 0.03125, 0.640625, 0.46875, 0.4375, 0.203125,
       0.015625, 0.375, 0.8125, 0.40625, 0.484375, 0.53125, 0.421875,
       0.296875, 0.546875, 0.140625, 0.21875, 0.359375, 0.671875, 0.125,
       0.515625, 0.390625, 0.046875, 0.1875, 0.3125, 0.0625]), 'tneg': array([11, 11, 11, 11, 11,  4, 11, 11, 11,  4, 11, 11, 11, 11,  2, 10,  2,
       11, 10, 11, 11,  2,  2,  8,  8,  8,  8,  2,  2, 10,  7, 11, 11, 11,
       11,  1, 11,  2,  2,  0, 10,  8,  7,  2,  0,  4, 11,  7,  8,  8,  7,
        4,  8,  2,  2,  4, 10,  2,  8,  5,  0,  2,  4,  1]), 'fpos': array([ 0,  0,  0,  0,  0,  7,  0,  0,  0,  7,  0,  0,  0,  0,  9,  1,  9,
        0,  1,  0,  0,  9,  9,  3,  3,  3,  3,  9,  9,  1,  4,  0,  0,  0,
        0, 10,  0,  9,  9, 11,  1,  3,  4,  9, 11,  7,  0,  4,  3,  3,  4,
        7,  3,  9,  9,  7,  1,  9,  3,  6, 11,  9,  7, 10]), 'threshold': [0.99999922016587806, 0.9999999865076461, 0.99999819941043544, 0.99999999999805156, 0.99998836942617952, 0.99625007690914524, 0.99991931353188201, 0.99997410783844909, 0.99999425725533142, 0.99567291302149874, 0.99999999998264366, 0.99999965898131127, 0.99999656227003741, 0.99999985911350764, 0.99442874294890693, 0.99959287909898886, 0.99317063430952868, 0.9999498877273959, 0.99959889421124726, 0.99999986058206558, 0.99999999707909537, 0.98945632936814865, 0.98781483958844662, 0.99932780930838649, 0.99888333410390817, 0.99917068845951629, 0.9992937124281478, 0.99056307676759403, 0.99455530677541115, 0.99980247480393769, 0.99820723974357584, 0.99999998084533981, 0.99999999591283251, 0.99999999988049271, 0.99999999999826517, 0.9855190372444963, 0.99994467069196613, 0.99274795784373249, 0.98988698141231468, 0.95722472670810832, 0.99973000971091819, 0.99848510363565879, 0.99815083298213447, 0.99158845468481871, 0.94032984971885336, 0.9967279867784048, 0.99999900623044924, 0.99784598648578826, 0.99872649796864454, 0.99888550962716438, 0.99785197385735713, 0.99484461775644695, 0.99909633431236966, 0.98982877097843724, 0.99174298969633601, 0.9966831139849891, 0.99981784518778061, 0.98975906111897582, 0.99888533349349351, 0.99718708606077233, 0.97370810141053332, 0.99110429012371604, 0.99489566118372874, 0.98222288213128084], 'fneg': array([3, 3, 2, 4, 2, 0, 1, 2, 2, 0, 4, 3, 2, 3, 0, 1, 0, 2, 1, 3, 3, 0, 0,
       1, 1, 1, 1, 0, 0, 1, 1, 3, 3, 4, 4, 0, 2, 0, 0, 0, 1, 1, 0, 0, 0, 0,
       3, 0, 1, 1, 0, 0, 1, 0, 0, 0, 1, 0, 1, 0, 0, 0, 0, 0]), 'sensitivity': array([1, 1, 1, 1, 1, 1, 1, 1, 1, 1, 1, 1, 1, 1, 1, 1, 1, 1, 1, 1, 1, 1, 1,
       1, 1, 1, 1, 1, 1, 1, 1, 1, 1, 1, 1, 1, 1, 1, 1, 1, 1, 1, 1, 1, 1, 1,
       1, 1, 1, 1, 1, 1, 1, 1, 1, 1, 1, 1, 1, 1, 1, 1, 1, 1]), 'tpos': array([1, 1, 2, 0, 2, 4, 3, 2, 2, 4, 0, 1, 2, 1, 4, 3, 4, 2, 3, 1, 1, 4, 4,
       3, 3, 3, 3, 4, 4, 3, 3, 1, 1, 0, 0, 4, 2, 4, 4, 4, 3, 3, 4, 4, 4, 4,
       1, 4, 3, 3, 4, 4, 3, 4, 4, 4, 3, 4, 3, 4, 4, 4, 4, 4])}, {'specificity': array([0.88888889, 0.87301587, 0.85714286, 0.6984127, 1.0, 0.98412698,
       0.3015873, 0.82539683, 0.68253968, 0.84126984, 0.22222222,
       0.61904762, 0.79365079, 0.66666667, 0.57142857, 0.77777778,
       0.76190476, 0.20634921, 0.52380952, 0.53968254, 0.3968254,
       0.15873016, 0.73015873, 0.93650794, 0.96825397, 0.34920635,
       0.095238095, 0.44444444, 0.80952381, 0.42857143, 0.26984127,
       0.50793651, 0.17460317, 0.74603175, 0.41269841, 0.92063492,
       0.95238095, 0.65079365, 0.46031746, 0.11111111, 0.079365079,
       0.031746032, 0.47619048, 0.25396825, 0.36507937, 0.12698413,
       0.015873016, 0.28571429, 0.33333333, 0.6031746, 0.38095238,
       0.047619048, 0.9047619, 0.31746032, 0.49206349, 0.55555556,
       0.19047619, 0.58730159, 0.14285714, 0.71428571, 0.63492063,
       0.23809524, 0.063492063]), 'tneg': array([10, 10, 10,  8, 11, 11,  4, 10,  8, 10,  4,  7, 10,  8,  6, 10, 10,
        2,  5,  5,  5,  1,  8, 10, 11,  5,  0,  5, 10,  5,  4,  5,  1,  9,
        5, 10, 10,  8,  5,  0,  0,  0,  5,  4,  5,  0,  0,  4,  5,  6,  5,
        0, 10,  4,  5,  5,  2,  6,  0,  8,  7,  4,  0]), 'fpos': array([ 1,  1,  1,  3,  0,  0,  7,  1,  3,  1,  7,  4,  1,  3,  5,  1,  1,
        9,  6,  6,  6, 10,  3,  1,  0,  6, 11,  6,  1,  6,  7,  6, 10,  2,
        6,  1,  1,  3,  6, 11, 11, 11,  6,  7,  6, 11, 11,  7,  6,  5,  6,
       11,  1,  7,  6,  6,  9,  5, 11,  3,  4,  7, 11]), 'threshold': [0.99968477059999572, 0.99964040352534334, 0.9995480407466506, 0.99379491831631572, 0.99999999708472598, 0.99999998599423301, 0.8552909339965834, 0.9993414581640403, 0.99257563756582201, 0.99936941679383817, 0.84297548292399838, 0.97582523830162471, 0.99860156690515522, 0.98664193366289588, 0.96313438592315548, 0.9985126158773372, 0.99723691313491125, 0.82043353137674846, 0.93784157284426495, 0.94680798143420553, 0.87403827744084472, 0.79050760859828617, 0.99446145217329918, 0.99986951968148985, 0.9999992343068328, 0.87301211461055062, 0.7772084302875043, 0.91075624223894902, 0.99918001523354327, 0.90274705260544363, 0.85135943125327695, 0.93748741504491129, 0.79130048663549801, 0.99664958750664767, 0.87711508593522247, 0.99985927444122946, 0.99995647333447302, 0.97944724504319258, 0.91895243952391248, 0.78404044307095477, 0.77664649472924774, 0.66335644289857898, 0.92172336818754275, 0.84981855531440698, 0.8730817197878612, 0.78647888850900205, 0.66261362740939789, 0.85265871466177823, 0.86975958567855127, 0.96594957359250755, 0.87396652899110472, 0.7472263939137912, 0.99978896440003284, 0.86202134621578486, 0.93461013101672674, 0.95534154563853557, 0.81781162109021632, 0.96378893396337562, 0.78733376734931437, 0.99438731653621426, 0.9769232040310184, 0.84752813936481941, 0.75404024833108496], 'fneg': array([1, 1, 1, 0, 4, 3, 0, 1, 0, 1, 0, 0, 0, 0, 0, 0, 0, 0, 0, 0, 0, 0, 0,
       1, 3, 0, 0, 0, 1, 0, 0, 0, 0, 0, 0, 1, 1, 0, 0, 0, 0, 0, 0, 0, 0, 0,
       0, 0, 0, 0, 0, 0, 1, 0, 0, 0, 0, 0, 0, 0, 0, 0, 0]), 'sensitivity': array([1, 1, 1, 1, 1, 1, 1, 1, 1, 1, 1, 1, 1, 1, 1, 1, 1, 1, 1, 1, 1, 1, 1,
       1, 1, 1, 1, 1, 1, 1, 1, 1, 1, 1, 1, 1, 1, 1, 1, 1, 1, 1, 1, 1, 1, 1,
       1, 1, 1, 1, 1, 1, 1, 1, 1, 1, 1, 1, 1, 1, 1, 1, 1]), 'tpos': array([4, 4, 4, 5, 1, 2, 5, 4, 5, 4, 5, 5, 5, 5, 5, 5, 5, 5, 5, 5, 5, 5, 5,
       4, 2, 5, 5, 5, 4, 5, 5, 5, 5, 5, 5, 4, 4, 5, 5, 5, 5, 5, 5, 5, 5, 5,
       5, 5, 5, 5, 5, 5, 4, 5, 5, 5, 5, 5, 5, 5, 5, 5, 5])}, {'specificity': array([0.84375, 0.671875, 0.921875, 0.953125, 0.390625, 0.765625, 0.25,
       0.859375, 0.375, 0.8125, 0.75, 0.78125, 0.703125, 0.46875, 0.96875,
       0.640625, 0.828125, 0.1875, 0.21875, 0.484375, 0.171875, 0.203125,
       0.078125, 0.65625, 0.875, 0.015625, 0.046875, 0.71875, 0.609375,
       0.453125, 0.296875, 0.6875, 0.359375, 0.5, 0.53125, 0.890625,
       0.9375, 0.984375, 1.0, 0.546875, 0.140625, 0.109375, 0.3125,
       0.234375, 0.40625, 0.90625, 0.421875, 0.796875, 0.5625, 0.28125,
       0.03125, 0.34375, 0.265625, 0.15625, 0.625, 0.515625, 0.4375,
       0.734375, 0.328125, 0.0625, 0.09375, 0.59375, 0.578125, 0.125]), 'tneg': array([10,  8, 11, 12,  6,  9,  4, 10,  6, 10,  9, 10,  9,  8, 12,  8, 10,
        3,  3,  8,  3,  3,  1,  8, 11,  1,  1,  9,  8,  8,  5,  8,  6,  8,
        8, 11, 12, 12, 12,  8,  2,  1,  6,  3,  6, 11,  6, 10,  8,  4,  1,
        6,  4,  2,  8,  8,  6,  9,  6,  1,  1,  8,  8,  1]), 'fpos': array([ 2,  4,  1,  0,  6,  3,  8,  2,  6,  2,  3,  2,  3,  4,  0,  4,  2,
        9,  9,  4,  9,  9, 11,  4,  1, 11, 11,  3,  4,  4,  7,  4,  6,  4,
        4,  1,  0,  0,  0,  4, 10, 11,  6,  9,  6,  1,  6,  2,  4,  8, 11,
        6,  8, 10,  4,  4,  6,  3,  6, 11, 11,  4,  4, 11]), 'threshold': [0.99972014419184874, 0.99690699290326967, 0.99999668243971451, 0.99999997565281984, 0.90635825839501494, 0.99926804977829298, 0.60492743295015472, 0.99995573367581703, 0.9048719081550709, 0.99947818319158099, 0.99921764328713969, 0.99936073477965426, 0.99867205206112319, 0.97356092064787525, 0.9999999906917959, 0.99575311226622776, 0.99957352258148346, 0.53886859651201346, 0.58477135263247826, 0.97665155562932149, 0.50490759052588885, 0.57792714329538075, 0.13567804295609554, 0.99606299362493289, 0.99997352073400825, 0.040045092281604237, 0.077778434586160364, 0.99875590604196984, 0.9931484302323178, 0.96641395273344222, 0.70752746601450267, 0.99825143409684203, 0.89436062641403835, 0.97745129646177409, 0.98163242083948665, 0.99997807586408738, 0.9999999339810518, 0.99999999805113249, 0.99999999984361332, 0.9847970901480928, 0.3467377977638047, 0.20422717149765429, 0.75778550100293618, 0.58675709336893345, 0.91021652432421118, 0.99999030743221173, 0.93085864246132299, 0.99942201160339239, 0.9898161393034054, 0.64834890549072155, 0.077531592813883013, 0.87145944450805468, 0.63984948802994279, 0.36614221477251713, 0.99382051366911239, 0.98049704695262463, 0.94688059318981888, 0.99884728889272001, 0.82564200323307024, 0.1202565580489257, 0.20402450108682885, 0.99196235435952518, 0.99141759195770374, 0.2545404567357118], 'fneg': array([1, 1, 1, 2, 0, 1, 0, 1, 0, 1, 1, 1, 1, 1, 3, 1, 1, 0, 0, 1, 0, 0, 0,
       1, 1, 0, 0, 1, 1, 0, 0, 1, 0, 1, 1, 1, 2, 3, 3, 1, 0, 0, 0, 0, 0, 1,
       0, 1, 1, 0, 0, 0, 0, 0, 1, 1, 0, 1, 0, 0, 0, 1, 1, 0]), 'sensitivity': array([1, 1, 1, 1, 1, 1, 1, 1, 1, 1, 1, 1, 1, 1, 1, 1, 1, 1, 1, 1, 1, 1, 1,
       1, 1, 1, 1, 1, 1, 1, 1, 1, 1, 1, 1, 1, 1, 1, 1, 1, 1, 1, 1, 1, 1, 1,
       1, 1, 1, 1, 1, 1, 1, 1, 1, 1, 1, 1, 1, 1, 1, 1, 1, 1]), 'tpos': array([2, 2, 2, 1, 3, 2, 3, 2, 3, 2, 2, 2, 2, 2, 0, 2, 2, 3, 3, 2, 3, 3, 3,
       2, 2, 3, 3, 2, 2, 3, 3, 2, 3, 2, 2, 2, 1, 0, 0, 2, 3, 3, 3, 3, 3, 2,
       3, 2, 2, 3, 3, 3, 3, 3, 2, 2, 3, 2, 3, 3, 3, 2, 2, 3])}], <Model object at 0x00000000000003DC>)
