#adalasso
([{'specificity': array([0.88709677, 0.24193548, 0.93548387, 0.91935484, 0.79032258,
       0.40322581, 0.62903226, 0.75806452, 0.37096774, 0.14516129,
       0.83870968, 0.72580645, 0.85483871, 0.4516129, 0.90322581,
       0.74193548, 0.16129032, 0.56451613, 0.33870968, 0.30645161,
       0.25806452, 0.64516129, 0.9516129, 0.38709677, 0.51612903,
       0.29032258, 0.53225806, 0.41935484, 0.80645161, 0.080645161,
       0.87096774, 0.98387097, 1.0, 0.080645161, 0.5483871, 0.43548387,
       0.48387097, 0.080645161, 0.61290323, 0.080645161, 0.35483871,
       0.59677419, 0.77419355, 0.58064516, 0.19354839, 0.69354839,
       0.32258065, 0.96774194, 0.46774194, 0.66129032, 0.82258065, 0.5,
       0.27419355, 0.67741935, 0.70967742, 0.096774194, 0.17741935,
       0.20967742, 0.12903226, 0.22580645, 0.11290323, 0.080645161]), 'tneg': array([0, 0, 0, 0, 0, 0, 0, 0, 0, 0, 0, 0, 0, 0, 0, 0, 0, 0, 0, 0, 0, 0, 0,
       0, 0, 0, 0, 0, 0, 0, 0, 0, 0, 0, 0, 0, 0, 0, 0, 0, 0, 0, 0, 0, 0, 0,
       0, 0, 0, 0, 0, 0, 0, 0, 0, 0, 0, 0, 0, 0, 0, 0]), 'fpos': array([16, 16, 16, 16, 16, 16, 16, 16, 16, 16, 16, 16, 16, 16, 16, 16, 16,
       16, 16, 16, 16, 16, 16, 16, 16, 16, 16, 16, 16, 16, 16, 16, 16, 16,
       16, 16, 16, 16, 16, 16, 16, 16, 16, 16, 16, 16, 16, 16, 16, 16, 16,
       16, 16, 16, 16, 16, 16, 16, 16, 16, 16, 16]), 'threshold': [0.57373401722202977, 0.28221106337906865, 0.63176417846327471, 0.63172071163316612, 0.48992222010806591, 0.3230955522341421, 0.38288011814947609, 0.47138468500590269, 0.30147448354624035, 0.27794336257977481, 0.52730724981002164, 0.41996286494670459, 0.55172483893081881, 0.33402434767260236, 0.59921007795062053, 0.42666755407598422, 0.27868355886298174, 0.36291012270332484, 0.29591998910850292, 0.29012100233949883, 0.28527463750821208, 0.38438031400985345, 0.63376095559933365, 0.30302037301976581, 0.34966593707500182, 0.28672643021252803, 0.35108985358093925, 0.32755770575324111, 0.50549909416958827, 0.27773523883207674, 0.55417029333555301, 0.65105465012693731, 0.65540509493551835, 0.27773523883207674, 0.35840069254618262, 0.33210162694120443, 0.33987790649836963, 0.27773523883207674, 0.37631611520916952, 0.27773523883207674, 0.3012126946974063, 0.36914169180004663, 0.47548270040435486, 0.36298237112698345, 0.28003603681995048, 0.40919243709607744, 0.29345505985497494, 0.64557958996142539, 0.33771808002540327, 0.39800743209486716, 0.52160349208636803, 0.34061079164677766, 0.2861641342376815, 0.40817496892165617, 0.41834685024109813, 0.27775430207822926, 0.27883511158066415, 0.28023380066431924, 0.27780513541357549, 0.28124610195478283, 0.27775607920152984, 0.27773523883207674], 'fneg': array([0, 0, 0, 0, 0, 0, 0, 0, 0, 0, 0, 0, 0, 0, 0, 0, 0, 0, 0, 0, 0, 0, 0,
       0, 0, 0, 0, 0, 0, 0, 0, 0, 0, 0, 0, 0, 0, 0, 0, 0, 0, 0, 0, 0, 0, 0,
       0, 0, 0, 0, 0, 0, 0, 0, 0, 0, 0, 0, 0, 0, 0, 0]), 'sensitivity': array([1, 1, 1, 1, 1, 1, 1, 1, 1, 1, 1, 1, 1, 1, 1, 1, 1, 1, 1, 1, 1, 1, 1,
       1, 1, 1, 1, 1, 1, 1, 1, 1, 1, 1, 1, 1, 1, 1, 1, 1, 1, 1, 1, 1, 1, 1,
       1, 1, 1, 1, 1, 1, 1, 1, 1, 1, 1, 1, 1, 1, 1, 1]), 'tpos': array([1, 1, 1, 1, 1, 1, 1, 1, 1, 1, 1, 1, 1, 1, 1, 1, 1, 1, 1, 1, 1, 1, 1,
       1, 1, 1, 1, 1, 1, 1, 1, 1, 1, 1, 1, 1, 1, 1, 1, 1, 1, 1, 1, 1, 1, 1,
       1, 1, 1, 1, 1, 1, 1, 1, 1, 1, 1, 1, 1, 1, 1, 1])}, {'specificity': array([0.9047619, 0.44444444, 0.92063492, 0.76190476, 0.84126984,
       0.46031746, 0.11111111, 0.79365079, 0.58730159, 0.80952381,
       0.74603175, 0.15873016, 0.63492063, 0.47619048, 0.33333333,
       0.23809524, 0.87301587, 0.55555556, 0.73015873, 0.98412698,
       0.36507937, 0.52380952, 0.14285714, 0.6031746, 0.26984127,
       0.22222222, 0.82539683, 0.42857143, 0.38095238, 0.12698413,
       0.95238095, 0.88888889, 1.0, 0.063492063, 0.063492063, 0.063492063,
       0.34920635, 0.65079365, 0.41269841, 0.50793651, 0.61904762,
       0.19047619, 0.71428571, 0.28571429, 0.6984127, 0.96825397,
       0.53968254, 0.68253968, 0.85714286, 0.57142857, 0.3968254,
       0.25396825, 0.49206349, 0.66666667, 0.77777778, 0.079365079,
       0.17460317, 0.3015873, 0.31746032, 0.93650794, 0.20634921,
       0.095238095, 0.063492063]), 'tneg': array([0, 0, 0, 0, 0, 0, 0, 0, 0, 0, 0, 0, 0, 0, 0, 0, 0, 0, 0, 0, 0, 0, 0,
       0, 0, 0, 0, 0, 0, 0, 0, 0, 0, 0, 0, 0, 0, 0, 0, 0, 0, 0, 0, 0, 0, 0,
       0, 0, 0, 0, 0, 0, 0, 0, 0, 0, 0, 0, 0, 0, 0, 0, 0]), 'fpos': array([12, 12, 12, 12, 12, 12, 12, 12, 12, 12, 12, 12, 12, 12, 12, 12, 12,
       12, 12, 12, 12, 12, 12, 12, 12, 12, 12, 12, 12, 12, 12, 12, 12, 12,
       12, 12, 12, 12, 12, 12, 12, 12, 12, 12, 12, 12, 12, 12, 12, 12, 12,
       12, 12, 12, 12, 12, 12, 12, 12, 12, 12, 12, 12]), 'threshold': [0.49737020308657875, 0.23943311105520135, 0.52092669362851707, 0.323224977603498, 0.41844666975324513, 0.24733372417636418, 0.21168288583689374, 0.32815373418713834, 0.26412104274969106, 0.35536822090339953, 0.32016382960475548, 0.2122557655311447, 0.28147372601729237, 0.24883321092226921, 0.22655567658256101, 0.2173656923984269, 0.43377104454159654, 0.26011817673690579, 0.31832795081579018, 0.59280160880974642, 0.23120424651483859, 0.25786689635709931, 0.21223421199407927, 0.26819292053693378, 0.2184933701353369, 0.21652104380466417, 0.39990349344744958, 0.23697980464190688, 0.23472783048771045, 0.21195246592836933, 0.55268506886955182, 0.47565215921611931, 0.63565910491398037, 0.21152184235217295, 0.21152184235217295, 0.21152184235217295, 0.22978903293483968, 0.28392572567247681, 0.23583040275462366, 0.25556728623622038, 0.2789305430647438, 0.21330303150671975, 0.31687541572080946, 0.22373008186335888, 0.31668557091434973, 0.55591939100934429, 0.25862866648784583, 0.30758900673168377, 0.41940225193461361, 0.26093836212741528, 0.23528753231620195, 0.21805651530052109, 0.25113293630565031, 0.29297304940118796, 0.32452691919695065, 0.21153659260482233, 0.21237308490021348, 0.22403672811262362, 0.22477552561896524, 0.53839428818458479, 0.21424058077175626, 0.21153796766672417, 0.21152184235217295], 'fneg': array([0, 0, 0, 0, 0, 0, 0, 0, 0, 0, 0, 0, 0, 0, 0, 0, 0, 0, 0, 0, 0, 0, 0,
       0, 0, 0, 0, 0, 0, 0, 0, 0, 0, 0, 0, 0, 0, 0, 0, 0, 0, 0, 0, 0, 0, 0,
       0, 0, 0, 0, 0, 0, 0, 0, 0, 0, 0, 0, 0, 0, 0, 0, 0]), 'sensitivity': array([1, 1, 1, 1, 1, 1, 1, 1, 1, 1, 1, 1, 1, 1, 1, 1, 1, 1, 1, 1, 1, 1, 1,
       1, 1, 1, 1, 1, 1, 1, 1, 1, 1, 1, 1, 1, 1, 1, 1, 1, 1, 1, 1, 1, 1, 1,
       1, 1, 1, 1, 1, 1, 1, 1, 1, 1, 1, 1, 1, 1, 1, 1, 1]), 'tpos': array([4, 4, 4, 4, 4, 4, 4, 4, 4, 4, 4, 4, 4, 4, 4, 4, 4, 4, 4, 4, 4, 4, 4,
       4, 4, 4, 4, 4, 4, 4, 4, 4, 4, 4, 4, 4, 4, 4, 4, 4, 4, 4, 4, 4, 4, 4,
       4, 4, 4, 4, 4, 4, 4, 4, 4, 4, 4, 4, 4, 4, 4, 4, 4])}, {'specificity': array([0.890625, 0.890625, 0.65625, 0.96875, 0.75, 0.90625, 0.78125,
       0.59375, 0.609375, 0.84375, 0.984375, 0.921875, 0.546875, 0.65625,
       0.65625, 0.546875, 0.796875, 0.765625, 0.8125, 0.9375, 0.546875,
       0.546875, 0.546875, 0.546875, 0.546875, 0.546875, 0.546875,
       0.546875, 0.546875, 0.546875, 0.734375, 0.59375, 0.828125, 0.859375,
       0.953125, 1.0, 0.546875, 0.546875, 0.71875, 0.71875, 0.546875,
       0.546875, 0.546875, 0.546875, 0.59375, 0.546875, 0.546875, 0.546875,
       0.546875, 0.546875, 0.546875, 0.71875, 0.546875, 0.71875, 0.546875,
       0.546875, 0.546875, 0.546875, 0.546875, 0.546875, 0.546875,
       0.546875, 0.546875, 0.546875]), 'tneg': array([11, 11,  8, 11,  8, 11, 10,  7,  8, 11, 11, 11,  7,  8,  8,  7, 10,
        9, 10, 11,  7,  7,  7,  7,  7,  7,  7,  7,  7,  7,  8,  7, 10, 11,
       11, 11,  7,  7,  8,  8,  7,  7,  7,  7,  7,  7,  7,  7,  7,  7,  7,
        8,  7,  8,  7,  7,  7,  7,  7,  7,  7,  7,  7,  7]), 'fpos': array([0, 0, 3, 0, 3, 0, 1, 4, 3, 0, 0, 0, 4, 3, 3, 4, 1, 2, 1, 0, 4, 4, 4,
       4, 4, 4, 4, 4, 4, 4, 3, 4, 1, 0, 0, 0, 4, 4, 3, 3, 4, 4, 4, 4, 4, 4,
       4, 4, 4, 4, 4, 3, 4, 3, 4, 4, 4, 4, 4, 4, 4, 4, 4, 4]), 'threshold': [0.31477928399565158, 0.31477928399565158, 0.24067480602929339, 0.53081290162790118, 0.26498268564693744, 0.3569732846146369, 0.28769133387988655, 0.23518194845228466, 0.23929341801375478, 0.29551355237743188, 0.53269870140018516, 0.40150904309518126, 0.23382237922505547, 0.24067480602929339, 0.24067480602929339, 0.23382237922505547, 0.29080539444464848, 0.27695037880548834, 0.29236985962676859, 0.41799306282938864, 0.23382237922505547, 0.23382237922505547, 0.23382237922505547, 0.23382237922505547, 0.23382237922505547, 0.23382237922505547, 0.23382237922505547, 0.23382237922505547, 0.23382237922505547, 0.23382237922505547, 0.24625464701604477, 0.23518194845228466, 0.29393925290491435, 0.30666909425098371, 0.49866352607761577, 0.6729889445139875, 0.23382237922505547, 0.23382237922505547, 0.24485155987712867, 0.24485155987712867, 0.23382237922505547, 0.23382237922505547, 0.23382237922505547, 0.23382237922505547, 0.23518194845228466, 0.23382237922505547, 0.23382237922505547, 0.23382237922505547, 0.23382237922505547, 0.23382237922505547, 0.23382237922505547, 0.24485155987712867, 0.23382237922505547, 0.24485155987712867, 0.23382237922505547, 0.23382237922505547, 0.23382237922505547, 0.23382237922505547, 0.23382237922505547, 0.23382237922505547, 0.23382237922505547, 0.23382237922505547, 0.23382237922505547, 0.23382237922505547], 'fneg': array([4, 4, 1, 4, 2, 4, 3, 0, 1, 3, 4, 4, 0, 1, 1, 0, 3, 2, 3, 4, 0, 0, 0,
       0, 0, 0, 0, 0, 0, 0, 1, 0, 3, 3, 4, 4, 0, 0, 1, 1, 0, 0, 0, 0, 0, 0,
       0, 0, 0, 0, 0, 1, 0, 1, 0, 0, 0, 0, 0, 0, 0, 0, 0, 0]), 'sensitivity': array([1, 1, 1, 1, 1, 1, 1, 1, 1, 1, 1, 1, 1, 1, 1, 1, 1, 1, 1, 1, 1, 1, 1,
       1, 1, 1, 1, 1, 1, 1, 1, 1, 1, 1, 1, 1, 1, 1, 1, 1, 1, 1, 1, 1, 1, 1,
       1, 1, 1, 1, 1, 1, 1, 1, 1, 1, 1, 1, 1, 1, 1, 1, 1, 1]), 'tpos': array([0, 0, 3, 0, 2, 0, 1, 4, 3, 1, 0, 0, 4, 3, 3, 4, 1, 2, 1, 0, 4, 4, 4,
       4, 4, 4, 4, 4, 4, 4, 3, 4, 1, 1, 0, 0, 4, 4, 3, 3, 4, 4, 4, 4, 4, 4,
       4, 4, 4, 4, 4, 3, 4, 3, 4, 4, 4, 4, 4, 4, 4, 4, 4, 4])}, {'specificity': array([0.85714286, 0.9047619, 0.88888889, 0.77777778, 0.42857143,
       0.68253968, 0.3015873, 0.11111111, 0.82539683, 0.84126984,
       0.50793651, 0.87301587, 0.74603175, 0.57142857, 0.14285714,
       0.63492063, 0.41269841, 0.26984127, 0.23809524, 0.22222222,
       0.79365079, 0.3968254, 0.92063492, 0.33333333, 0.52380952,
       0.12698413, 0.58730159, 0.6031746, 0.44444444, 0.20634921,
       0.38095238, 0.31746032, 0.063492063, 0.93650794, 0.98412698, 1.0,
       0.61904762, 0.47619048, 0.53968254, 0.063492063, 0.65079365,
       0.063492063, 0.28571429, 0.36507937, 0.49206349, 0.76190476,
       0.25396825, 0.71428571, 0.95238095, 0.6984127, 0.80952381,
       0.55555556, 0.34920635, 0.46031746, 0.66666667, 0.73015873,
       0.15873016, 0.17460317, 0.095238095, 0.96825397, 0.19047619,
       0.079365079, 0.063492063]), 'tneg': array([0, 0, 0, 0, 0, 0, 0, 0, 0, 0, 0, 0, 0, 0, 0, 0, 0, 0, 0, 0, 0, 0, 0,
       0, 0, 0, 0, 0, 0, 0, 0, 0, 0, 0, 0, 0, 0, 0, 0, 0, 0, 0, 0, 0, 0, 0,
       0, 0, 0, 0, 0, 0, 0, 0, 0, 0, 0, 0, 0, 0, 0, 0, 0]), 'fpos': array([10, 10, 10, 10, 10, 10, 10, 10, 10, 10, 10, 10, 10, 10, 10, 10, 10,
       10, 10, 10, 10, 10, 10, 10, 10, 10, 10, 10, 10, 10, 10, 10, 10, 10,
       10, 10, 10, 10, 10, 10, 10, 10, 10, 10, 10, 10, 10, 10, 10, 10, 10,
       10, 10, 10, 10, 10, 10, 10, 10, 10, 10, 10, 10]), 'threshold': [0.50299424021618144, 0.57165835450848346, 0.57160620291717923, 0.4079013929569803, 0.23690155341470731, 0.2950850526477895, 0.21677916830060559, 0.195456014782252, 0.44965709171172241, 0.47751547206243267, 0.24726205779640759, 0.53288981538928404, 0.33995671811151562, 0.25817280045316687, 0.19611744840401277, 0.27524393993793078, 0.23621153643766998, 0.21169111075197047, 0.20641503294401933, 0.2020340067389293, 0.43680558803084013, 0.23510597541533845, 0.57405514005433866, 0.21820120613619085, 0.24987795640712154, 0.19609255624639319, 0.26230751682934489, 0.26368973411840113, 0.24111647238418066, 0.20105397144667578, 0.22500708040338671, 0.21747044434464785, 0.19527014688540195, 0.58055015925165243, 0.59489578514335495, 0.60016064827879978, 0.27081920290918637, 0.24543020793651862, 0.25286276639408078, 0.19527014688540195, 0.28851941399693043, 0.19527014688540195, 0.21653860975496303, 0.22310179344217376, 0.24712129381090534, 0.39208180420927291, 0.20944395089792056, 0.31610315098259206, 0.58828223479902642, 0.31037785729152761, 0.44321459049872042, 0.25356650962382937, 0.22300951989059373, 0.24181796433472957, 0.29243850215024808, 0.32078167406369301, 0.19625294992519785, 0.19750470697666833, 0.19533256365001508, 0.59483585073675527, 0.19841202173955985, 0.19528875650285871, 0.19527014688540195], 'fneg': array([0, 0, 0, 0, 0, 0, 0, 0, 0, 0, 0, 0, 0, 0, 0, 0, 0, 0, 0, 0, 0, 0, 0,
       0, 0, 0, 0, 0, 0, 0, 0, 0, 0, 0, 0, 0, 0, 0, 0, 0, 0, 0, 0, 0, 0, 0,
       0, 0, 0, 0, 0, 0, 0, 0, 0, 0, 0, 0, 0, 0, 0, 0, 0]), 'sensitivity': array([1, 1, 1, 1, 1, 1, 1, 1, 1, 1, 1, 1, 1, 1, 1, 1, 1, 1, 1, 1, 1, 1, 1,
       1, 1, 1, 1, 1, 1, 1, 1, 1, 1, 1, 1, 1, 1, 1, 1, 1, 1, 1, 1, 1, 1, 1,
       1, 1, 1, 1, 1, 1, 1, 1, 1, 1, 1, 1, 1, 1, 1, 1, 1]), 'tpos': array([6, 6, 6, 6, 6, 6, 6, 6, 6, 6, 6, 6, 6, 6, 6, 6, 6, 6, 6, 6, 6, 6, 6,
       6, 6, 6, 6, 6, 6, 6, 6, 6, 6, 6, 6, 6, 6, 6, 6, 6, 6, 6, 6, 6, 6, 6,
       6, 6, 6, 6, 6, 6, 6, 6, 6, 6, 6, 6, 6, 6, 6, 6, 6])}, {'specificity': array([0.0625, 0.765625, 0.984375, 0.921875, 0.125, 0.796875, 0.234375,
       0.328125, 0.890625, 0.671875, 0.609375, 0.65625, 0.96875, 0.8125,
       0.21875, 0.359375, 0.5, 0.296875, 0.015625, 0.75, 0.375, 0.875,
       0.140625, 0.03125, 0.640625, 0.6875, 0.046875, 0.453125, 0.84375,
       0.546875, 0.40625, 0.625, 0.953125, 1.0, 0.5625, 0.90625, 0.09375,
       0.71875, 0.28125, 0.078125, 0.703125, 0.78125, 0.53125, 0.59375,
       0.515625, 0.1875, 0.390625, 0.859375, 0.828125, 0.203125, 0.578125,
       0.15625, 0.3125, 0.109375, 0.4375, 0.171875, 0.421875, 0.734375,
       0.46875, 0.25, 0.9375, 0.484375, 0.34375, 0.265625]), 'tneg': array([ 3, 10, 10, 10,  3, 10,  6,  7, 10,  9,  9,  9, 10, 10,  4,  7,  8,
        7,  1, 10,  7, 10,  3,  1,  9,  9,  3,  8, 10,  8,  7,  9, 10, 10,
        8, 10,  3,  9,  6,  3,  9, 10,  8,  8,  8,  4,  7, 10, 10,  4,  8,
        3,  7,  3,  8,  4,  8,  9,  8,  6, 10,  8,  7,  6]), 'fpos': array([7, 0, 0, 0, 7, 0, 4, 3, 0, 1, 1, 1, 0, 0, 6, 3, 2, 3, 9, 0, 3, 0, 7,
       9, 1, 1, 7, 2, 0, 2, 3, 1, 0, 0, 2, 0, 7, 1, 4, 7, 1, 0, 2, 2, 2, 6,
       3, 0, 0, 6, 2, 7, 3, 7, 2, 6, 2, 1, 2, 4, 0, 2, 3, 4]), 'threshold': [0.15217967792239553, 0.31337133848685483, 0.4322034833436843, 0.37589504988513994, 0.15952173372085526, 0.31776669461275969, 0.19002802421915818, 0.21221470795233588, 0.36080208956355775, 0.28414211259450334, 0.26972519079016111, 0.28128431084104744, 0.42900111505487448, 0.31781099201514335, 0.18099451898961991, 0.21984012001092779, 0.24166628216480302, 0.20089292367406147, 0.13729517026650423, 0.31097189851794466, 0.23060047939503559, 0.35964284513845096, 0.1625092742016204, 0.14153938406512373, 0.27923049660905702, 0.28676392793602568, 0.15217535698932053, 0.23882377759493176, 0.34846837321960478, 0.24901706256880854, 0.23339566925853578, 0.27008339444784202, 0.41525715185921391, 0.45429982835732097, 0.2522947878658045, 0.36569818703208856, 0.15423058556906616, 0.29074710695210543, 0.19833311504347445, 0.15253554298113864, 0.29027135289370881, 0.31719183040603921, 0.24740692724040814, 0.25918194417883544, 0.24331881616544471, 0.17078182320447383, 0.23327851935120381, 0.35704085107845596, 0.33807553702758197, 0.17220136479684273, 0.25847083231784707, 0.16507613234424753, 0.21053958971426776, 0.15697274577882026, 0.23724149545610568, 0.16954538590287688, 0.23721831086369555, 0.29118876419142475, 0.2394814432661688, 0.19033563135653853, 0.39552740910208617, 0.24116364845869748, 0.21921502179776173, 0.19327645905418403], 'fneg': array([0, 3, 4, 4, 1, 3, 1, 2, 4, 2, 2, 2, 4, 3, 1, 2, 2, 1, 0, 3, 2, 4, 1,
       0, 2, 2, 0, 2, 4, 2, 2, 2, 4, 4, 2, 4, 0, 2, 1, 0, 2, 3, 2, 2, 2, 1,
       2, 4, 4, 1, 2, 1, 2, 0, 2, 1, 2, 2, 2, 1, 4, 2, 2, 1]), 'sensitivity': array([1, 1, 1, 1, 1, 1, 1, 1, 1, 1, 1, 1, 1, 1, 1, 1, 1, 1, 1, 1, 1, 1, 1,
       1, 1, 1, 1, 1, 1, 1, 1, 1, 1, 1, 1, 1, 1, 1, 1, 1, 1, 1, 1, 1, 1, 1,
       1, 1, 1, 1, 1, 1, 1, 1, 1, 1, 1, 1, 1, 1, 1, 1, 1, 1]), 'tpos': array([5, 2, 1, 1, 4, 2, 4, 3, 1, 3, 3, 3, 1, 2, 4, 3, 3, 4, 5, 2, 3, 1, 4,
       5, 3, 3, 5, 3, 1, 3, 3, 3, 1, 1, 3, 1, 5, 3, 4, 5, 3, 2, 3, 3, 3, 4,
       3, 1, 1, 4, 3, 4, 3, 5, 3, 4, 3, 3, 3, 4, 1, 3, 3, 4])}], <Model object at 0x00000000000003DC>)
