# fold = 1
# threshold = 0.322027125277
# requested specificity = 0.8125
# actual training-set specificity = 
# tpos = 0
# tneg = 12
# fpos = 3
# fneg = 6
# raw predictions:
[0.082827165251 0.185235566782 0.0501830075722 0.420066734598
 0.0242706281058 0.069840959895 0.0215579057532 0.012499064082
 0.0323743966671 0.0651433506979 0.0221542886839 0.151890963179
 0.00680881215073 0.362574243251 0.112969113839 0.221284148967
 0.0168693891994 0.156953344443 0.218150633421 0.735064947926
 0.129561015402]
# truth:
[2.5366847 3.3837436 2.5627685 2.0297895 2.8121108 0.79934055 1.8709888
 1.3579348 1.7024305 1.6009729 3.3837436 2.1027766 1.4712917 2.1598678
 1.39794 1.948413 2.0406023 2.6887757 1.666518 1.1271048 1.5263393]
# fold = 2
# threshold = 0.291035959468
# requested specificity = 0.859375
# actual training-set specificity = 
# tpos = 1
# tneg = 14
# fpos = 3
# fneg = 2
# raw predictions:
[0.00769463105912 0.139308184158 0.0648110993659 0.0604517342466
 0.858611182332 0.999831777558 0.994834427768 0.00501432981324
 0.875780032405 0.00464114740244 0.00993301515006 0.00584916127534
 0.038530048802 0.0783500722035 0.0191438806185 0.167215513822
 0.0127082253061 0.0664452538628 0.018869972323 0.000349164865995]
# truth:
[2.286681 1.7767012 1.5717088 0.30103 1.8469553 3.3837436 2.2367891
 2.2000293 2.1804126 1.687529 1.1430148 2.0318123 2.4637437 3.3837436
 1.6884198 2.3583156 2.2000293 0.61278386 1.6928469 0.0]
# fold = 3
# threshold = 0.128059203882
# requested specificity = 0.809523809524
# actual training-set specificity = 
# tpos = 4
# tneg = 11
# fpos = 2
# fneg = 3
# raw predictions:
[0.999997927621 0.0219096012635 0.00895892143239 0.10037118381
 0.960300073401 0.00780893258424 0.0231646063546 0.839537595407
 0.999592942985 0.999998399002 0.00083016949312 0.000322012182677
 0.0562221006467 6.79557489551e-06 0.000329319880817 0.00999537422065
 1.18056819916e-05 0.00163888046608 0.0177717466063 0.999999948807]
# truth:
[2.5779511 3.3837436 3.3837436 1.5263393 3.3837436 2.3398488 1.3961993
 2.0338257 2.9914033 2.7136585 1.8469553 1.3483049 2.2355284 1.9020029
 1.9355073 1.8000294 0.30103 2.5161386 2.1195858 2.1525941]
# fold = 4
# threshold = 2.22044604925e-16
# requested specificity = 0.859375
# actual training-set specificity = 
# tpos = 7
# tneg = 0
# fpos = 13
# fneg = 0
# raw predictions:
[1.0 2.22044604925e-16 2.22044604925e-16 2.22044604925e-16
 2.22044604925e-16 2.22044604925e-16 2.22044604925e-16 1.0
 2.22044604925e-16 1.0 2.22044604925e-16 2.22044604925e-16
 2.22044604925e-16 1.0 2.22044604925e-16 2.22044604925e-16
 2.22044604925e-16 2.22044604925e-16 2.22044604925e-16 2.22044604925e-16]
# truth:
[2.4350476 2.5880475 1.376577 1.1172713 1.8920946 2.4834446 2.1580608
 2.6134189 1.6042261 2.512551 1.382017 2.2671717 2.7567882 2.0674428
 1.3710679 2.6190933 1.5786392 1.9703469 1.0374265 1.5024271]
# fold = 5
# threshold = 0.43310058698
# requested specificity = 0.830769230769
# actual training-set specificity = 
# tpos = 0
# tneg = 14
# fpos = 2
# fneg = 3
# raw predictions:
[0.042489854115 0.0533820069546 0.0813027882633 0.1686935828 0.387652956637
 0.0623473904425 0.0489639779051 0.10009893527 0.369898426132
 0.278871362911 0.29002337144 0.247900815304 0.857101635153 0.447701179181
 0.0667289475723 0.0290998076477 0.0983607424559 0.022254119396
 0.0475832027457]
# truth:
[2.5375673 3.2980448 2.1664301 1.3384565 1.1643529 1.6532125 2.2796669
 1.5024271 1.3031961 1.4593925 3.3837436 2.1433271 2.3380579 1.6866363
 0.30103 1.1643529 1.9355073 0.70757018 0.49136169]
# fold = overall performance
# tpos = 12
# tneg = 51
# fpos = 23
# fneg = 14
