#lasso
([{'specificity': array([0.95348837, 0.30232558, 0.79069767, 0.39534884, 0.41860465,
       0.72093023, 0.93023256, 0.90697674, 0.55813953, 0.62790698,
       0.34883721, 0.48837209, 0.81395349, 0.8372093, 0.86046512,
       0.74418605, 0.6744186, 0.18604651, 0.58139535, 0.093023256,
       0.046511628, 0.27906977, 0.23255814, 0.88372093, 0.44186047,
       0.3255814, 0.46511628, 0.13953488, 0.11627907, 0.069767442,
       0.20930233, 0.51162791, 0.25581395, 0.1627907, 0.60465116,
       0.76744186, 0.53488372, 0.69767442, 0.37209302, 0.65116279, 1.0,
       0.023255814, 0.97674419]), 'tneg': array([15, 15, 15, 15, 15, 15, 15, 15, 15, 15, 15, 15, 15, 15, 15, 15, 15,
       15, 15, 15, 15, 15, 15, 15, 15, 15, 15, 15, 15, 15, 15, 15, 15, 15,
       15, 15, 15, 15, 15, 15, 15, 15, 15]), 'fpos': array([0, 0, 0, 0, 0, 0, 0, 0, 0, 0, 0, 0, 0, 0, 0, 0, 0, 0, 0, 0, 0, 0, 0,
       0, 0, 0, 0, 0, 0, 0, 0, 0, 0, 0, 0, 0, 0, 0, 0, 0, 0, 0, 0]), 'threshold': [3.3090734451869781, 2.2393962039836564, 2.7753837304545552, 2.3010527449860181, 2.345018366217515, 2.598134860041625, 2.9430182416575636, 2.8967456737640154, 2.4507529063774478, 2.4828630598868049, 2.2504238680274824, 2.3798916274811197, 2.798982371153155, 2.8263655490737256, 2.8643874445008866, 2.6497874702269328, 2.5119190138401084, 2.183726238837298, 2.4563906939618976, 2.1100386773840238, 1.8945354484581425, 2.2191869274117022, 2.1970005095738911, 2.8933912136528015, 2.3696153651171352, 2.2426241166118315, 2.3792149720235884, 2.1401623782588417, 2.1207196473280479, 1.9727157226872096, 2.191045158959473, 2.3959759596705874, 2.2078013504981322, 2.1402049065384072, 2.4803429436516677, 2.6701889454717853, 2.4260102594323647, 2.5422856316208198, 2.2560125740782309, 2.4959343843172417, 3.8213395410404765, 1.4580651664941482, 3.4149591280091438], 'fneg': array([2, 2, 2, 2, 2, 2, 2, 2, 2, 2, 2, 2, 2, 2, 2, 2, 2, 2, 2, 2, 2, 2, 2,
       2, 2, 2, 2, 2, 2, 2, 2, 2, 2, 2, 2, 2, 2, 2, 2, 2, 2, 2, 2]), 'sensitivity': array([0.15789474, 0.47368421, 0.15789474, 0.47368421, 0.42105263,
       0.31578947, 0.15789474, 0.15789474, 0.31578947, 0.31578947,
       0.47368421, 0.42105263, 0.15789474, 0.15789474, 0.15789474,
       0.31578947, 0.31578947, 0.47368421, 0.31578947, 0.57894737,
       0.63157895, 0.47368421, 0.47368421, 0.15789474, 0.42105263,
       0.47368421, 0.42105263, 0.47368421, 0.52631579, 0.63157895,
       0.47368421, 0.36842105, 0.47368421, 0.47368421, 0.31578947,
       0.31578947, 0.31578947, 0.31578947, 0.47368421, 0.31578947,
       0.15789474, 1.0, 0.15789474]), 'tpos': array([0, 0, 0, 0, 0, 0, 0, 0, 0, 0, 0, 0, 0, 0, 0, 0, 0, 0, 0, 0, 0, 0, 0,
       0, 0, 0, 0, 0, 0, 0, 0, 0, 0, 0, 0, 0, 0, 0, 0, 0, 0, 0, 0])}, {'specificity': array([0.88372093, 0.023255814, 0.65116279, 0.069767442, 0.74418605,
       0.72093023, 0.62790698, 0.27906977, 0.46511628, 0.79069767,
       0.95348837, 0.86046512, 0.8372093, 0.69767442, 0.51162791,
       0.39534884, 0.13953488, 0.97674419, 1.0, 0.93023256, 0.48837209,
       0.093023256, 0.37209302, 0.046511628, 0.11627907, 0.34883721,
       0.25581395, 0.1627907, 0.3255814, 0.81395349, 0.76744186,
       0.53488372, 0.55813953, 0.44186047, 0.6744186, 0.58139535,
       0.60465116, 0.41860465, 0.30232558, 0.90697674, 0.20930233,
       0.18604651, 0.23255814]), 'tneg': array([13,  4, 12,  7, 12, 12, 12,  9, 10, 12, 14, 12, 12, 12, 10, 10,  9,
       14, 14, 14, 10,  9, 10,  4,  9, 10,  9,  9,  9, 12, 12, 11, 11, 10,
       12, 12, 12, 10,  9, 14,  9,  9,  9]), 'fpos': array([ 1, 10,  2,  7,  2,  2,  2,  5,  4,  2,  0,  2,  2,  2,  4,  4,  5,
        0,  0,  0,  4,  5,  4, 10,  5,  4,  5,  5,  5,  2,  2,  3,  3,  4,
        2,  2,  2,  4,  5,  0,  5,  5,  5]), 'threshold': [2.3038502888133254, 1.7700837651118702, 2.1586706198019709, 1.82478840342542, 2.1925665131055361, 2.1885098886378418, 2.1398088327202283, 1.9592959890314143, 2.051226311840483, 2.1991021200054872, 2.3698764547514135, 2.251593385974048, 2.2421979243900938, 2.1820818857095112, 2.0558612695408192, 2.0005280630275033, 1.9077154567023391, 2.4057936755339107, 2.6284531856358893, 2.3644249068154264, 2.0515076874352003, 1.8882972047645663, 1.9998122761580357, 1.7796026625386221, 1.892764219034822, 1.993936828764046, 1.95367657617036, 1.9109341851447319, 1.9766454622498866, 2.23028602262458, 2.1974583645214709, 2.0820421608651838, 2.099086045992955, 2.0365469578667468, 2.17918430855712, 2.1011278228354606, 2.1256899670252274, 2.0182696504096604, 1.9606180923115133, 2.3196923106410843, 1.9300033976616948, 1.9218625276751582, 1.9421961701875772], 'fneg': array([2, 0, 2, 1, 2, 2, 2, 2, 2, 2, 2, 2, 2, 2, 2, 2, 2, 2, 2, 2, 2, 2, 2,
       0, 2, 2, 2, 2, 2, 2, 2, 2, 2, 2, 2, 2, 2, 2, 2, 2, 2, 2, 2]), 'sensitivity': array([0.45, 1.0, 0.7, 0.95, 0.6, 0.6, 0.7, 0.9, 0.7, 0.55, 0.2, 0.55,
       0.55, 0.6, 0.7, 0.9, 0.9, 0.1, 0.0, 0.2, 0.7, 0.9, 0.9, 1.0, 0.9,
       0.9, 0.9, 0.9, 0.9, 0.55, 0.55, 0.7, 0.7, 0.7, 0.65, 0.7, 0.7, 0.8,
       0.9, 0.4, 0.9, 0.9, 0.9]), 'tpos': array([0, 2, 0, 1, 0, 0, 0, 0, 0, 0, 0, 0, 0, 0, 0, 0, 0, 0, 0, 0, 0, 0, 0,
       2, 0, 0, 0, 0, 0, 0, 0, 0, 0, 0, 0, 0, 0, 0, 0, 0, 0, 0, 0])}, {'specificity': array([0.88372093, 0.13953488, 0.1627907, 0.90697674, 0.60465116,
       0.41860465, 0.8372093, 0.44186047, 0.58139535, 0.97674419,
       0.79069767, 0.86046512, 0.69767442, 0.81395349, 0.48837209,
       0.34883721, 0.37209302, 0.18604651, 0.046511628, 0.93023256, 1.0,
       0.72093023, 0.39534884, 0.3255814, 0.11627907, 0.25581395,
       0.20930233, 0.76744186, 0.55813953, 0.27906977, 0.30232558,
       0.6744186, 0.65116279, 0.74418605, 0.53488372, 0.46511628,
       0.23255814, 0.62790698, 0.51162791, 0.95348837, 0.069767442,
       0.023255814, 0.093023256]), 'tneg': array([11,  8,  8, 11, 11,  9, 11,  9, 11, 11, 11, 11, 11, 11, 10,  9,  9,
        8,  4, 11, 11, 11,  9,  9,  5,  9,  8, 11, 10,  9,  9, 11, 11, 11,
       10, 10,  8, 11, 10, 11,  5,  3,  5]), 'fpos': array([0, 3, 3, 0, 0, 2, 0, 2, 0, 0, 0, 0, 0, 0, 1, 2, 2, 3, 7, 0, 0, 0, 2,
       2, 6, 2, 3, 0, 1, 2, 2, 0, 0, 0, 1, 1, 3, 0, 1, 0, 6, 8, 6]), 'threshold': [2.14645980076646, 1.8339304644634074, 1.8497359271338325, 2.1497054263183428, 2.0266723187657409, 1.95970195861331, 2.137640392943903, 1.9605545363287056, 2.0097187374492589, 2.2063045942825426, 2.0931014342149816, 2.1380802734200692, 2.0490909777569914, 2.1219771985199611, 1.9867953269152534, 1.9372133454812788, 1.9387373579288152, 1.8572002003567787, 1.7717451288269603, 2.1564317952734835, 2.8086254866083173, 2.0670952514379852, 1.9449641815860204, 1.9251759719851918, 1.8069099534982962, 1.9101466452051579, 1.8834924178775934, 2.0867191369925875, 1.99752674686492, 1.9176279341856479, 1.9249446964858905, 2.0347803593097051, 2.0282011646752314, 2.0854819899634318, 1.9954181001889477, 1.9857518181603602, 1.8991271528100273, 2.027960144740431, 1.9903460384790943, 2.1811535267597697, 1.7809785721452422, 1.7466385768561312, 1.7955632387639515], 'fneg': array([4, 1, 1, 4, 4, 3, 4, 3, 3, 4, 4, 4, 4, 4, 3, 3, 3, 1, 1, 4, 4, 4, 3,
       3, 1, 2, 1, 4, 3, 3, 3, 4, 4, 4, 3, 3, 2, 4, 3, 4, 1, 0, 1]), 'sensitivity': array([0.28571429, 0.85714286, 0.80952381, 0.28571429, 0.47619048,
       0.61904762, 0.33333333, 0.61904762, 0.52380952, 0.19047619,
       0.38095238, 0.33333333, 0.47619048, 0.33333333, 0.52380952,
       0.61904762, 0.61904762, 0.80952381, 0.9047619, 0.28571429, 0.0,
       0.47619048, 0.61904762, 0.76190476, 0.9047619, 0.80952381,
       0.80952381, 0.38095238, 0.52380952, 0.80952381, 0.76190476,
       0.47619048, 0.47619048, 0.38095238, 0.52380952, 0.52380952,
       0.80952381, 0.47619048, 0.52380952, 0.23809524, 0.9047619,
       0.9047619, 0.9047619]), 'tpos': array([0, 3, 3, 0, 0, 1, 0, 1, 1, 0, 0, 0, 0, 0, 1, 1, 1, 3, 3, 0, 0, 0, 1,
       1, 3, 2, 3, 0, 1, 1, 1, 0, 0, 0, 1, 1, 2, 0, 1, 0, 3, 4, 3])}, {'specificity': array([0.11627907, 0.81395349, 0.1627907, 0.18604651, 0.44186047,
       0.72093023, 0.20930233, 0.37209302, 0.95348837, 0.60465116,
       0.8372093, 0.46511628, 0.30232558, 0.90697674, 0.88372093,
       0.93023256, 0.65116279, 0.69767442, 0.27906977, 0.76744186,
       0.58139535, 1.0, 0.069767442, 0.55813953, 0.48837209, 0.3255814,
       0.34883721, 0.97674419, 0.23255814, 0.41860465, 0.093023256,
       0.6744186, 0.79069767, 0.53488372, 0.62790698, 0.39534884,
       0.74418605, 0.25581395, 0.86046512, 0.023255814, 0.046511628,
       0.13953488, 0.51162791]), 'tneg': array([7, 9, 8, 8, 9, 9, 8, 9, 9, 9, 9, 9, 9, 9, 9, 9, 9, 9, 9, 9, 9, 9, 3,
       9, 9, 9, 9, 9, 8, 9, 3, 9, 9, 9, 9, 9, 9, 9, 9, 0, 1, 8, 9]), 'fpos': array([2, 0, 1, 1, 0, 0, 1, 0, 0, 0, 0, 0, 0, 0, 0, 0, 0, 0, 0, 0, 0, 0, 6,
       0, 0, 0, 0, 0, 1, 0, 6, 0, 0, 0, 0, 0, 0, 0, 0, 9, 8, 1, 0]), 'threshold': [1.9240405513433829, 2.756233411812802, 1.9579984913850954, 2.021608460581954, 2.3417745986190357, 2.5911265658315328, 2.038630936889231, 2.2817892797961026, 2.940166239227481, 2.45049930407454, 2.8094463037593767, 2.3461481147428884, 2.2249007404245376, 2.8378368027683516, 2.8334036783253023, 2.9300099203367704, 2.5045851915417812, 2.5606274598609304, 2.1124226882286914, 2.7462535398796875, 2.4454699279413221, 3.1555393315941851, 1.7000835462400061, 2.4443820279289845, 2.3660846857563791, 2.2294868966143948, 2.2521815512221579, 3.0122942253624059, 2.0562781050451426, 2.3246332749903429, 1.7226511048359554, 2.5066199320670242, 2.7553086509172733, 2.4092808774279622, 2.4645040262297342, 2.2917924465138051, 2.7017287033670754, 2.108284236439748, 2.8162947415594513, 1.2236968242071731, 1.4577501573760014, 1.9306290876422549, 2.4090146479469472], 'fneg': array([3, 7, 3, 4, 6, 7, 4, 6, 7, 7, 7, 6, 6, 7, 7, 7, 7, 7, 5, 7, 6, 7, 1,
       6, 6, 6, 6, 7, 4, 6, 2, 7, 7, 6, 7, 6, 7, 5, 7, 0, 0, 3, 6]), 'sensitivity': array([0.5, 0.05, 0.45, 0.35, 0.1, 0.05, 0.3, 0.15, 0.0, 0.05, 0.0, 0.1,
       0.25, 0.0, 0.0, 0.0, 0.05, 0.05, 0.3, 0.05, 0.05, 0.0, 0.75, 0.05,
       0.1, 0.25, 0.2, 0.0, 0.3, 0.1, 0.7, 0.05, 0.05, 0.1, 0.05, 0.15,
       0.05, 0.3, 0.0, 0.95, 0.85, 0.5, 0.1]), 'tpos': array([4, 0, 4, 3, 1, 0, 3, 1, 0, 0, 0, 1, 1, 0, 0, 0, 0, 0, 2, 0, 1, 0, 6,
       1, 1, 1, 1, 0, 3, 1, 5, 0, 0, 1, 0, 1, 0, 2, 0, 7, 7, 4, 1])}, {'specificity': array([0.066666667, 0.6, 0.22222222, 0.15555556, 0.62222222, 0.46666667,
       0.37777778, 0.44444444, 0.68888889, 0.93333333, 0.57777778,
       0.82222222, 0.77777778, 0.51111111, 1.0, 0.91111111, 0.84444444,
       0.95555556, 0.73333333, 0.35555556, 0.8, 0.044444444, 0.97777778,
       0.86666667, 0.2, 0.33333333, 0.11111111, 0.31111111, 0.64444444,
       0.24444444, 0.17777778, 0.71111111, 0.28888889, 0.13333333,
       0.66666667, 0.88888889, 0.4, 0.48888889, 0.55555556, 0.53333333,
       0.75555556, 0.022222222, 0.42222222, 0.088888889, 0.26666667]), 'tneg': array([10, 11, 11, 11, 11, 11, 11, 11, 11, 11, 11, 11, 11, 11, 11, 11, 11,
       11, 11, 11, 11,  7, 11, 11, 11, 11, 11, 11, 11, 11, 11, 11, 11, 11,
       11, 11, 11, 11, 11, 11, 11,  6, 11, 11, 11]), 'fpos': array([1, 0, 0, 0, 0, 0, 0, 0, 0, 0, 0, 0, 0, 0, 0, 0, 0, 0, 0, 0, 0, 4, 0,
       0, 0, 0, 0, 0, 0, 0, 0, 0, 0, 0, 0, 0, 0, 0, 0, 0, 0, 5, 0, 0, 0]), 'threshold': [1.9563213731207336, 2.3913306274125308, 2.1201328241932043, 2.0611663612126079, 2.405331302823484, 2.3559964477004574, 2.273376064727008, 2.3369559841752179, 2.4645463386131623, 2.7352572522746761, 2.3853687537942836, 2.545643666304525, 2.5369761921323883, 2.3637636559716673, 2.8081424617221478, 2.6542255392511631, 2.6218066009157073, 2.7590782209260616, 2.5072064904270315, 2.2671688450686447, 2.5433613226866547, 1.8789917709669446, 2.7770124717327898, 2.6418778043461191, 2.0978627842928605, 2.2639699156177513, 2.0316833864773822, 2.244593287468835, 2.4063994661655324, 2.1296771435372457, 2.0893245016909794, 2.4648069916925359, 2.2418060121865655, 2.043427527600536, 2.4386521907206693, 2.6458297834835287, 2.2851831210019089, 2.363725319867362, 2.3795456560321329, 2.371969272021337, 2.5324073190744931, 1.8109403565096922, 2.3063071964203163, 2.0099559749648446, 2.1904363909583493], 'fneg': array([2, 4, 3, 2, 4, 4, 4, 4, 4, 4, 4, 4, 4, 4, 4, 4, 4, 4, 4, 4, 4, 1, 4,
       4, 3, 4, 2, 4, 4, 3, 3, 4, 4, 2, 4, 4, 4, 4, 4, 4, 4, 1, 4, 2, 4]), 'sensitivity': array([0.84210526, 0.47368421, 0.73684211, 0.78947368, 0.42105263,
       0.52631579, 0.63157895, 0.52631579, 0.26315789, 0.052631579,
       0.47368421, 0.10526316, 0.10526316, 0.52631579, 0.052631579,
       0.052631579, 0.052631579, 0.052631579, 0.21052632, 0.63157895,
       0.10526316, 0.89473684, 0.052631579, 0.052631579, 0.73684211,
       0.63157895, 0.78947368, 0.63157895, 0.36842105, 0.63157895,
       0.73684211, 0.26315789, 0.63157895, 0.78947368, 0.26315789,
       0.052631579, 0.63157895, 0.52631579, 0.47368421, 0.47368421,
       0.15789474, 0.94736842, 0.63157895, 0.78947368, 0.63157895]), 'tpos': array([2, 0, 1, 2, 0, 0, 0, 0, 0, 0, 0, 0, 0, 0, 0, 0, 0, 0, 0, 0, 0, 3, 0,
       0, 1, 0, 2, 0, 0, 1, 1, 0, 0, 2, 0, 0, 0, 0, 0, 0, 0, 3, 0, 2, 0])}], <Model object at 0x00000000000003DC>)
#lasso
([{'specificity': array([0.25581395, 0.55813953, 0.37209302, 0.13953488, 0.11627907,
       0.97674419, 0.86046512, 0.95348837, 0.69767442, 0.1627907,
       0.53488372, 0.34883721, 0.23255814, 0.93023256, 0.51162791,
       0.39534884, 0.72093023, 0.58139535, 0.41860465, 0.90697674,
       0.48837209, 0.11627907, 0.11627907, 0.65116279, 0.11627907,
       0.76744186, 0.11627907, 0.88372093, 0.8372093, 0.3255814,
       0.79069767, 0.46511628, 0.6744186, 0.44186047, 0.27906977,
       0.60465116, 0.74418605, 0.62790698, 0.18604651, 0.81395349, 1.0,
       0.30232558, 0.20930233]), 'tneg': array([14, 14, 14, 14, 14, 14, 14, 14, 14, 14, 14, 14, 14, 14, 14, 14, 14,
       14, 14, 14, 14, 14, 14, 14, 14, 14, 14, 14, 14, 14, 14, 14, 14, 14,
       14, 14, 14, 14, 14, 14, 14, 14, 14]), 'fpos': array([0, 0, 0, 0, 0, 0, 0, 0, 0, 0, 0, 0, 0, 0, 0, 0, 0, 0, 0, 0, 0, 0, 0,
       0, 0, 0, 0, 0, 0, 0, 0, 0, 0, 0, 0, 0, 0, 0, 0, 0, 0, 0, 0]), 'threshold': [2.0755253582695379, 2.1541910710222019, 2.1091864834826519, 2.0580613641732124, 2.0575978074920633, 2.6105791792090121, 2.3526681906390694, 2.5872134751301719, 2.1989847546679995, 2.0597082860466105, 2.1526931495106014, 2.0973362759644005, 2.0742570556729785, 2.5131538170400409, 2.1502868296579916, 2.1124623320166713, 2.2074050746308558, 2.163276494049315, 2.1218371180652467, 2.4945395689429763, 2.1279317367287365, 2.0575978074920633, 2.0575978074920633, 2.1724634100764937, 2.0575978074920633, 2.2589296876639562, 2.0575978074920633, 2.4408468926744407, 2.3205611320014219, 2.0920363258971659, 2.3102282808245711, 2.1252677254291528, 2.1894998379172255, 2.1234264552577571, 2.0762048575040168, 2.1645656710926966, 2.2536354960648106, 2.1666336809450888, 2.0631488728357144, 2.3188444865964044, 2.7633322979501012, 2.0800301812224955, 2.06538928906326], 'fneg': array([3, 3, 3, 3, 3, 3, 3, 3, 3, 3, 3, 3, 3, 3, 3, 3, 3, 3, 3, 3, 3, 3, 3,
       3, 3, 3, 3, 3, 3, 3, 3, 3, 3, 3, 3, 3, 3, 3, 3, 3, 3, 3, 3]), 'sensitivity': array([0.8, 0.7, 0.8, 0.9, 0.95, 0.25, 0.45, 0.25, 0.65, 0.9, 0.7, 0.8,
       0.8, 0.35, 0.7, 0.75, 0.65, 0.7, 0.75, 0.35, 0.7, 0.95, 0.95, 0.7,
       0.95, 0.55, 0.95, 0.35, 0.45, 0.8, 0.45, 0.7, 0.65, 0.75, 0.8, 0.7,
       0.55, 0.7, 0.9, 0.45, 0.05, 0.8, 0.9]), 'tpos': array([0, 0, 0, 0, 0, 0, 0, 0, 0, 0, 0, 0, 0, 0, 0, 0, 0, 0, 0, 0, 0, 0, 0,
       0, 0, 0, 0, 0, 0, 0, 0, 0, 0, 0, 0, 0, 0, 0, 0, 0, 0, 0, 0])}, {'specificity': array([0.12195122, 0.6097561, 0.31707317, 0.36585366, 0.34146341,
       0.46341463, 0.68292683, 0.3902439, 0.92682927, 0.56097561,
       0.75609756, 0.70731707, 0.85365854, 0.7804878, 1.0, 0.29268293,
       0.73170732, 0.80487805, 0.17073171, 0.19512195, 0.41463415,
       0.14634146, 0.65853659, 0.097560976, 0.073170732, 0.82926829,
       0.26829268, 0.048780488, 0.58536585, 0.51219512, 0.024390244,
       0.48780488, 0.90243902, 0.97560976, 0.24390244, 0.87804878,
       0.97560976, 0.63414634, 0.53658537, 0.43902439, 0.2195122]), 'tneg': array([ 9, 11, 10, 10, 10, 11, 11, 10, 11, 11, 11, 11, 11, 11, 11, 10, 11,
       11,  9, 10, 10,  9, 11,  7,  6, 11, 10,  5, 11, 11,  3, 11, 11, 11,
       10, 11, 11, 11, 11, 10, 10]), 'fpos': array([2, 0, 1, 1, 1, 0, 0, 1, 0, 0, 0, 0, 0, 0, 0, 1, 0, 0, 2, 1, 1, 2, 0,
       4, 5, 0, 1, 6, 0, 0, 8, 0, 0, 0, 1, 0, 0, 0, 0, 1, 1]), 'threshold': [2.0516823860561595, 2.0766032876236911, 2.0610720043202271, 2.0619737095401773, 2.0612645650595636, 2.0635586892827038, 2.0798743281384828, 2.0625099269111393, 2.1028102408195952, 2.0754488648022176, 2.0873466465972963, 2.0842842609120185, 2.0958588454526956, 2.0891148891253484, 2.1056809988453109, 2.0606789940218482, 2.0871572882573513, 2.0914643784174696, 2.0534963058562141, 2.0553975688904242, 2.0634275739901495, 2.0522651960783782, 2.0779634915138407, 2.0498623335405552, 2.0484454812106776, 2.0943585687772206, 2.0591239647884554, 2.0462377296154877, 2.0758440288520887, 2.0673275924323469, 2.0409221333805041, 2.0659026325335565, 2.0997094953504036, 2.1028744840777032, 2.0579695419669819, 2.0973749407809823, 2.1028744840777032, 2.0770966374892996, 2.0703740194546936, 2.0634932806130388, 2.0573807832415643], 'fneg': array([4, 5, 5, 5, 5, 5, 5, 5, 5, 5, 5, 5, 5, 5, 5, 5, 5, 5, 4, 5, 5, 4, 5,
       4, 3, 5, 5, 2, 5, 5, 1, 5, 5, 5, 5, 5, 5, 5, 5, 5, 5]), 'sensitivity': array([0.95652174, 0.56521739, 0.86956522, 0.86956522, 0.86956522,
       0.82608696, 0.39130435, 0.82608696, 0.086956522, 0.65217391,
       0.30434783, 0.34782609, 0.26086957, 0.30434783, 0.086956522,
       0.86956522, 0.30434783, 0.30434783, 0.95652174, 0.95652174,
       0.82608696, 0.95652174, 0.47826087, 1.0, 1.0, 0.26086957,
       0.86956522, 1.0, 0.60869565, 0.7826087, 1.0, 0.7826087, 0.13043478,
       0.086956522, 0.86956522, 0.2173913, 0.086956522, 0.56521739,
       0.69565217, 0.82608696, 0.86956522]), 'tpos': array([1, 0, 0, 0, 0, 0, 0, 0, 0, 0, 0, 0, 0, 0, 0, 0, 0, 0, 1, 0, 0, 1, 0,
       1, 2, 0, 0, 3, 0, 0, 4, 0, 0, 0, 0, 0, 0, 0, 0, 0, 0])}, {'specificity': array([0.31818182, 0.70454545, 0.84090909, 0.34090909, 0.47727273,
       0.54545455, 0.40909091, 0.13636364, 0.79545455, 0.56818182,
       0.27272727, 0.75, 0.86363636, 0.5, 0.97727273, 0.90909091,
       0.72727273, 0.65909091, 0.38636364, 0.95454545, 0.18181818,
       0.52272727, 0.36363636, 0.090909091, 0.93181818, 0.25, 1.0,
       0.11363636, 0.43181818, 0.45454545, 0.15909091, 0.20454545,
       0.88636364, 0.63636364, 0.61363636, 0.59090909, 0.81818182,
       0.68181818, 0.22727273, 0.77272727, 0.022727273, 0.045454545,
       0.068181818, 0.29545455]), 'tneg': array([ 6, 10, 10,  6,  7, 10,  7,  2, 10, 10,  6, 10, 10, 10, 10, 10, 10,
       10,  7, 10,  2, 10,  6,  1, 10,  6, 10,  1,  7,  7,  2,  4, 10, 10,
       10, 10, 10, 10,  6, 10,  0,  0,  0,  6]), 'fpos': array([ 4,  0,  0,  4,  3,  0,  3,  8,  0,  0,  4,  0,  0,  0,  0,  0,  0,
        0,  3,  0,  8,  0,  4,  9,  0,  4,  0,  9,  3,  3,  8,  6,  0,  0,
        0,  0,  0,  0,  4,  0, 10, 10, 10,  4]), 'threshold': [2.0038969125704882, 2.0191104763451793, 2.0270565076109444, 2.004069027814813, 2.0069854690983027, 2.0134277118253414, 2.0060119634075093, 1.9937298905175021, 2.0234581434628818, 2.0141454077454206, 2.0017787560146432, 2.0192591398515805, 2.0274837603765161, 2.0113511648255917, 2.0339997542659987, 2.0282119416422484, 2.0191246700585235, 2.0180135712831828, 2.0051392739693372, 2.0304639009091709, 1.9940511847919715, 2.0134035469687945, 2.0045373742543284, 1.9901007875647645, 2.0291533277393339, 2.0006355712182153, 2.0367426785947607, 1.99291560744117, 2.0061358197910928, 2.0069528570098711, 1.9938540148026802, 1.9979157802010206, 2.0277376792426622, 2.0175384883657541, 2.0154458192918323, 2.0154212711585662, 2.0256447324885047, 2.0183882838604363, 1.999537557505479, 2.0230995195904558, 1.9805604024654884, 1.981067150868951, 1.9874081817310116, 2.0024673751833912], 'fneg': array([5, 6, 6, 5, 5, 6, 5, 1, 6, 6, 4, 6, 6, 6, 6, 6, 6, 6, 5, 6, 1, 6, 5,
       0, 6, 3, 6, 1, 5, 5, 1, 3, 6, 6, 6, 6, 6, 6, 3, 6, 0, 0, 0, 4]), 'sensitivity': array([0.45, 0.1, 0.05, 0.45, 0.4, 0.15, 0.4, 0.75, 0.1, 0.15, 0.5, 0.1,
       0.05, 0.2, 0.0, 0.05, 0.1, 0.1, 0.4, 0.0, 0.75, 0.15, 0.45, 0.85,
       0.05, 0.5, 0.0, 0.75, 0.4, 0.4, 0.75, 0.65, 0.05, 0.1, 0.1, 0.1,
       0.05, 0.1, 0.5, 0.1, 0.95, 0.9, 0.85, 0.5]), 'tpos': array([1, 0, 0, 1, 1, 0, 1, 5, 0, 0, 2, 0, 0, 0, 0, 0, 0, 0, 1, 0, 5, 0, 1,
       6, 0, 3, 0, 5, 1, 1, 5, 3, 0, 0, 0, 0, 0, 0, 3, 0, 6, 6, 6, 2])}, {'specificity': array([0.19047619, 0.38095238, 0.57142857, 0.14285714, 0.11904762,
       0.92857143, 0.83333333, 0.85714286, 0.9047619, 0.47619048,
       0.35714286, 0.16666667, 0.45238095, 0.54761905, 0.4047619,
       0.78571429, 0.5, 0.33333333, 0.66666667, 0.76190476, 0.80952381,
       0.26190476, 0.5952381, 0.11904762, 0.95238095, 1.0, 0.11904762,
       0.11904762, 0.42857143, 0.21428571, 0.61904762, 0.69047619,
       0.88095238, 0.73809524, 0.52380952, 0.64285714, 0.71428571,
       0.28571429, 0.23809524, 0.97619048, 0.30952381, 0.11904762]), 'tneg': array([11, 11, 12, 11, 11, 13, 13, 13, 13, 12, 11, 11, 11, 12, 11, 13, 12,
       11, 13, 13, 13, 11, 12, 11, 13, 13, 11, 11, 11, 11, 12, 13, 13, 13,
       12, 13, 13, 11, 11, 13, 11, 11]), 'fpos': array([2, 2, 1, 2, 2, 0, 0, 0, 0, 1, 2, 2, 2, 1, 2, 0, 1, 2, 0, 0, 0, 2, 1,
       2, 0, 0, 2, 2, 2, 2, 1, 0, 0, 0, 1, 0, 0, 2, 2, 0, 2, 2]), 'threshold': [2.0583398408261835, 2.0696752128741167, 2.0887169538556876, 2.0544477934603713, 2.0543254472968751, 2.3192423147987493, 2.2357777620615669, 2.2411667507219217, 2.29443698999153, 2.080380862021701, 2.0670375735257989, 2.0544495926686581, 2.0748619705230453, 2.0874438340720114, 2.0709817979319256, 2.1982721858001155, 2.0820084258378593, 2.0627874837109315, 2.1273621486459411, 2.1896813260727308, 2.2006208722975877, 2.0607723704298158, 2.1074996088439728, 2.0543254472968751, 2.3950872204417131, 2.4141671046389628, 2.0543254472968751, 2.0543254472968751, 2.072044770187714, 2.0594369980394194, 2.1160296553312667, 2.1540875885367381, 2.2449008276001607, 2.1779163030859312, 2.0827518587019278, 2.1217327857584816, 2.1623423561561657, 2.0618875197259192, 2.0598755471427888, 2.41088301623038, 2.0620792451601591, 2.0543254472968751], 'fneg': array([2, 2, 3, 2, 2, 3, 3, 3, 3, 3, 2, 2, 2, 3, 2, 3, 3, 2, 3, 3, 3, 2, 3,
       2, 3, 3, 2, 2, 2, 2, 3, 3, 3, 3, 3, 3, 3, 2, 2, 3, 2, 2]), 'sensitivity': array([0.81818182, 0.77272727, 0.77272727, 0.90909091, 0.95454545,
       0.27272727, 0.54545455, 0.54545455, 0.36363636, 0.77272727,
       0.77272727, 0.90909091, 0.77272727, 0.77272727, 0.77272727,
       0.54545455, 0.77272727, 0.81818182, 0.68181818, 0.59090909,
       0.54545455, 0.81818182, 0.72727273, 0.95454545, 0.13636364, 0.0,
       0.95454545, 0.95454545, 0.77272727, 0.81818182, 0.68181818,
       0.63636364, 0.54545455, 0.59090909, 0.77272727, 0.68181818,
       0.59090909, 0.81818182, 0.81818182, 0.090909091, 0.81818182,
       0.95454545]), 'tpos': array([1, 1, 0, 1, 1, 0, 0, 0, 0, 0, 1, 1, 1, 0, 1, 0, 0, 1, 0, 0, 0, 1, 0,
       1, 0, 0, 1, 1, 1, 1, 0, 0, 0, 0, 0, 0, 0, 1, 1, 0, 1, 1])}, {'specificity': array([0.13636364, 0.38636364, 0.11363636, 0.84090909, 0.86363636,
       0.90909091, 0.36363636, 0.43181818, 0.52272727, 0.79545455,
       0.47727273, 0.27272727, 0.63636364, 0.77272727, 0.81818182,
       0.56818182, 0.61363636, 0.54545455, 0.95454545, 1.0, 0.11363636,
       0.68181818, 0.11363636, 0.11363636, 0.40909091, 0.93181818,
       0.15909091, 0.31818182, 0.72727273, 0.88636364, 0.25, 0.29545455,
       0.34090909, 0.5, 0.59090909, 0.75, 0.20454545, 0.70454545,
       0.18181818, 0.65909091, 0.97727273, 0.45454545, 0.22727273,
       0.11363636]), 'tneg': array([ 8,  9,  8, 10, 10, 10,  9,  9,  9, 10,  9,  9, 10, 10, 10,  9, 10,
        9, 10, 10,  8, 10,  8,  8,  9, 10,  9,  9, 10, 10,  9,  9,  9,  9,
       10, 10,  9, 10,  9, 10, 10,  9,  9,  8]), 'fpos': array([2, 1, 2, 0, 0, 0, 1, 1, 1, 0, 1, 1, 0, 0, 0, 1, 0, 1, 0, 0, 2, 0, 2,
       2, 1, 0, 1, 1, 0, 0, 1, 1, 1, 1, 0, 0, 1, 0, 1, 0, 0, 1, 1, 2]), 'threshold': [2.0890098026611508, 2.0980750893614566, 2.085799354153846, 2.2309130080171959, 2.2352227675049514, 2.2778248091080711, 2.0959656785010634, 2.1022231177573238, 2.1122852665613676, 2.2009185093600276, 2.1079383837446914, 2.0925667355717184, 2.1442093149891961, 2.1940481035099562, 2.202796834692331, 2.1336645629091793, 2.1420380319139349, 2.1283245590994313, 2.3583182584297568, 2.3735770977272495, 2.085799354153846, 2.1465829058181893, 2.085799354153846, 2.085799354153846, 2.0999701058028877, 2.3027647794771164, 2.0898872370013062, 2.0954758807815015, 2.165582568004393, 2.2382090371500127, 2.0922346400556346, 2.0944732631228917, 2.0955245152201658, 2.1085329325629143, 2.1397073199687338, 2.1721841894419667, 2.0918470034350412, 2.1490992344079953, 2.0902379597951759, 2.1443121195591992, 2.370950699330526, 2.1037361745697085, 2.0920003328557057, 2.085799354153846], 'fneg': array([4, 4, 4, 5, 5, 5, 4, 4, 4, 5, 4, 4, 4, 5, 5, 4, 4, 4, 5, 5, 4, 4, 4,
       4, 4, 5, 4, 4, 4, 5, 4, 4, 4, 4, 4, 5, 4, 4, 4, 4, 5, 4, 4, 4]), 'sensitivity': array([0.85714286, 0.80952381, 1.0, 0.52380952, 0.52380952, 0.33333333,
       0.80952381, 0.80952381, 0.80952381, 0.61904762, 0.80952381,
       0.80952381, 0.76190476, 0.66666667, 0.61904762, 0.76190476,
       0.76190476, 0.80952381, 0.095238095, 0.0, 1.0, 0.71428571, 1.0, 1.0,
       0.80952381, 0.23809524, 0.80952381, 0.80952381, 0.66666667,
       0.52380952, 0.80952381, 0.80952381, 0.80952381, 0.80952381,
       0.76190476, 0.66666667, 0.80952381, 0.71428571, 0.80952381,
       0.76190476, 0.047619048, 0.80952381, 0.80952381, 1.0]), 'tpos': array([1, 1, 1, 0, 0, 0, 1, 1, 1, 0, 1, 1, 1, 0, 0, 1, 1, 1, 0, 0, 1, 1, 1,
       1, 1, 0, 1, 1, 1, 0, 1, 1, 1, 1, 1, 0, 1, 1, 1, 1, 0, 1, 1, 1])}], <Model object at 0x0000000000000708>)
#lasso
([{'specificity': array([0.90566038, 0.88679245, 0.35849057, 0.98113208, 0.18867925,
       0.64150943, 0.67924528, 0.83018868, 0.77358491, 0.39622642,
       0.32075472, 0.58490566, 0.9245283, 0.86792453, 0.75471698,
       0.37735849, 0.71698113, 0.8490566, 0.66037736, 0.73584906,
       0.47169811, 0.33962264, 0.60377358, 0.56603774, 0.22641509,
       0.62264151, 0.075471698, 0.94339623, 0.96226415, 1.0, 0.094339623,
       0.1509434, 0.49056604, 0.30188679, 0.056603774, 0.13207547,
       0.50943396, 0.45283019, 0.20754717, 0.43396226, 0.41509434,
       0.16981132, 0.69811321, 0.24528302, 0.81132075, 0.26415094,
       0.52830189, 0.11320755, 0.54716981, 0.28301887, 0.037735849,
       0.018867925, 0.79245283]), 'tneg': array([14, 14, 14, 14, 14, 14, 14, 14, 14, 14, 14, 14, 14, 14, 14, 14, 14,
       14, 14, 14, 14, 14, 14, 14, 14, 14, 14, 14, 14, 14, 14, 14, 14, 14,
       14, 14, 14, 14, 14, 14, 14, 14, 14, 14, 14, 14, 14, 14, 14, 14, 14,
       14, 14]), 'fpos': array([0, 0, 0, 0, 0, 0, 0, 0, 0, 0, 0, 0, 0, 0, 0, 0, 0, 0, 0, 0, 0, 0, 0,
       0, 0, 0, 0, 0, 0, 0, 0, 0, 0, 0, 0, 0, 0, 0, 0, 0, 0, 0, 0, 0, 0, 0,
       0, 0, 0, 0, 0, 0, 0]), 'threshold': [3.4921145405844318, 3.4544228810368569, 2.7578280144795926, 4.5106873727924164, 2.6341959596508846, 3.0566657358728966, 3.08433184350696, 3.344842586403697, 3.2297600311563546, 2.7964395623291427, 2.7291249654513168, 2.9899144391078569, 3.6068660146012252, 3.3732837930085138, 3.1722033122548581, 2.7912097675019885, 3.1214996456186652, 3.354921114143421, 3.0770702492548621, 3.1400560828297088, 2.836759495884781, 2.729442431955353, 2.994361049444664, 2.9741429158193933, 2.6569740651507594, 3.0432424838618894, 2.4491222548502334, 3.6210877572355722, 4.4049821200485555, 4.8851453987846973, 2.5528118014933829, 2.584489980471119, 2.8367936326961471, 2.7035374290169125, 2.3518899886423417, 2.5678862750271074, 2.8507399007354226, 2.8274937361649091, 2.6403267550555078, 2.8230620703717548, 2.8069707687574028, 2.6294952319404024, 3.1195066140378338, 2.6660322245856474, 3.3320009497658312, 2.674870325349858, 2.8875153775640778, 2.5611383142944781, 2.9414116285583876, 2.6762174459488763, 2.2840237388018312, 1.9297500916594339, 3.258503291418033], 'fneg': array([3, 3, 3, 3, 3, 3, 3, 3, 3, 3, 3, 3, 3, 3, 3, 3, 3, 3, 3, 3, 3, 3, 3,
       3, 3, 3, 3, 3, 3, 3, 3, 3, 3, 3, 3, 3, 3, 3, 3, 3, 3, 3, 3, 3, 3, 3,
       3, 3, 3, 3, 3, 3, 3]), 'sensitivity': array([0.4, 0.4, 0.7, 0.0, 0.7, 0.5, 0.5, 0.4, 0.4, 0.7, 0.7, 0.5, 0.4,
       0.4, 0.4, 0.7, 0.5, 0.4, 0.5, 0.5, 0.7, 0.7, 0.5, 0.5, 0.7, 0.5,
       0.8, 0.4, 0.0, 0.0, 0.8, 0.8, 0.7, 0.7, 0.9, 0.8, 0.7, 0.7, 0.7,
       0.7, 0.7, 0.7, 0.5, 0.7, 0.4, 0.7, 0.7, 0.8, 0.5, 0.7, 0.9, 1.0, 0.4]), 'tpos': array([0, 0, 0, 0, 0, 0, 0, 0, 0, 0, 0, 0, 0, 0, 0, 0, 0, 0, 0, 0, 0, 0, 0,
       0, 0, 0, 0, 0, 0, 0, 0, 0, 0, 0, 0, 0, 0, 0, 0, 0, 0, 0, 0, 0, 0, 0,
       0, 0, 0, 0, 0, 0, 0])}, {'specificity': array([0.765625, 0.65625, 0.1875, 0.984375, 0.125, 0.4375, 0.953125,
       0.546875, 0.859375, 0.25, 0.078125, 0.484375, 0.40625, 1.0, 0.96875,
       0.296875, 0.5625, 0.671875, 0.625, 0.5, 0.703125, 0.890625, 0.28125,
       0.78125, 0.84375, 0.421875, 0.390625, 0.6875, 0.59375, 0.640625,
       0.796875, 0.921875, 0.34375, 0.9375, 0.359375, 0.21875, 0.828125,
       0.875, 0.90625, 0.015625, 0.265625, 0.140625, 0.03125, 0.0625, 0.75,
       0.578125, 0.734375, 0.09375, 0.515625, 0.375, 0.109375, 0.46875,
       0.3125, 0.203125, 0.15625, 0.53125, 0.453125, 0.171875, 0.8125,
       0.328125, 0.609375, 0.71875, 0.046875, 0.234375]), 'tneg': array([9, 9, 9, 9, 9, 9, 9, 9, 9, 9, 9, 9, 9, 9, 9, 9, 9, 9, 9, 9, 9, 9, 9,
       9, 9, 9, 9, 9, 9, 9, 9, 9, 9, 9, 9, 9, 9, 9, 9, 9, 9, 9, 9, 9, 9, 9,
       9, 9, 9, 9, 9, 9, 9, 9, 9, 9, 9, 9, 9, 9, 9, 9, 9, 9]), 'fpos': array([0, 0, 0, 0, 0, 0, 0, 0, 0, 0, 0, 0, 0, 0, 0, 0, 0, 0, 0, 0, 0, 0, 0,
       0, 0, 0, 0, 0, 0, 0, 0, 0, 0, 0, 0, 0, 0, 0, 0, 0, 0, 0, 0, 0, 0, 0,
       0, 0, 0, 0, 0, 0, 0, 0, 0, 0, 0, 0, 0, 0, 0, 0, 0, 0]), 'threshold': [7.6753420159987664, 7.2800301067377662, 5.7823399218277842, 10.452828846589846, 5.53144999404263, 6.739899321322846, 8.6588309889503634, 6.9618543340375538, 8.1259896578251762, 6.1034819497327177, 5.2858654397376412, 6.7592677478898455, 6.6967741852451281, 15.50490284296885, 9.5542902456371834, 6.1836630769981031, 7.0026835838673751, 7.2813643802889869, 7.2687019730048679, 6.7906756068524672, 7.355109206448466, 8.4274425104233668, 6.1375237899790234, 7.7125366939797813, 7.8583268081280835, 6.73838469745241, 6.5414112177791575, 7.2832160606490737, 7.2163606860680813, 7.2769364538826329, 7.7847164016440029, 8.513273767473045, 6.2841803660139606, 8.6134652273422709, 6.4088617026495411, 5.8217787184307781, 7.8100765875617624, 8.1821636483726685, 8.4795510910580347, 4.7250654011580213, 6.1311390339411247, 5.5316206449716994, 4.9057133681692067, 5.269037172250111, 7.6584443920592333, 7.1335404705436947, 7.6320976238550262, 5.448785432306547, 6.8212190823486543, 6.4776620342519813, 5.4623894525972556, 6.7543673629703429, 6.2144967191012839, 5.8211608748522305, 5.6636105863078852, 6.8784806047312079, 6.7419234359957532, 5.6673791536348066, 7.7865726846674246, 6.2810556426421638, 7.2461844394129979, 7.6236973113575726, 4.9588136481544733, 5.9376087878587791], 'fneg': array([7, 7, 7, 7, 7, 7, 7, 7, 7, 7, 7, 7, 7, 7, 7, 7, 7, 7, 7, 7, 7, 7, 7,
       7, 7, 7, 7, 7, 7, 7, 7, 7, 7, 7, 7, 7, 7, 7, 7, 7, 7, 7, 7, 7, 7, 7,
       7, 7, 7, 7, 7, 7, 7, 7, 7, 7, 7, 7, 7, 7, 7, 7, 7, 7]), 'sensitivity': array([1, 1, 1, 1, 1, 1, 1, 1, 1, 1, 1, 1, 1, 1, 1, 1, 1, 1, 1, 1, 1, 1, 1,
       1, 1, 1, 1, 1, 1, 1, 1, 1, 1, 1, 1, 1, 1, 1, 1, 1, 1, 1, 1, 1, 1, 1,
       1, 1, 1, 1, 1, 1, 1, 1, 1, 1, 1, 1, 1, 1, 1, 1, 1, 1]), 'tpos': array([0, 0, 0, 0, 0, 0, 0, 0, 0, 0, 0, 0, 0, 0, 0, 0, 0, 0, 0, 0, 0, 0, 0,
       0, 0, 0, 0, 0, 0, 0, 0, 0, 0, 0, 0, 0, 0, 0, 0, 0, 0, 0, 0, 0, 0, 0,
       0, 0, 0, 0, 0, 0, 0, 0, 0, 0, 0, 0, 0, 0, 0, 0, 0, 0])}, {'specificity': array([0.83673469, 0.93877551, 0.85714286, 0.26530612, 0.6122449,
       0.30612245, 0.3877551, 0.67346939, 0.42857143, 0.91836735,
       0.87755102, 0.53061224, 0.57142857, 0.69387755, 0.48979592,
       0.51020408, 0.65306122, 0.7755102, 0.44897959, 0.28571429,
       0.06122449, 0.10204082, 0.40816327, 0.75510204, 0.16326531,
       0.89795918, 0.95918367, 0.18367347, 0.46938776, 0.2244898,
       0.32653061, 0.20408163, 0.34693878, 0.24489796, 0.36734694,
       0.12244898, 0.081632653, 0.79591837, 0.71428571, 0.73469388,
       0.63265306, 0.59183673, 0.14285714, 0.81632653, 0.55102041,
       0.020408163, 1.0, 0.040816327, 0.97959184]), 'tneg': array([12, 12, 12, 12, 12, 12, 12, 12, 12, 12, 12, 12, 12, 12, 12, 12, 12,
       12, 12, 12,  9, 11, 12, 12, 12, 12, 12, 12, 12, 12, 12, 12, 12, 12,
       12, 11, 10, 12, 12, 12, 12, 12, 12, 12, 12,  6, 12,  8, 12]), 'fpos': array([0, 0, 0, 0, 0, 0, 0, 0, 0, 0, 0, 0, 0, 0, 0, 0, 0, 0, 0, 0, 3, 1, 0,
       0, 0, 0, 0, 0, 0, 0, 0, 0, 0, 0, 0, 1, 2, 0, 0, 0, 0, 0, 0, 0, 0, 6,
       0, 4, 0]), 'threshold': [3.0180670751088545, 3.1691620189892209, 3.0562874501952222, 2.4212626238612174, 2.6901992147297467, 2.4388277831383545, 2.5078602144301079, 2.7288108942263842, 2.5403509318879114, 3.139520222800865, 3.0646316923871977, 2.6644240576229064, 2.685512109145122, 2.7510970608817678, 2.5765615481688497, 2.6346460208484022, 2.7232287976044782, 2.8239673974125576, 2.54066058642374, 2.4231229872671638, 2.1314314817035678, 2.2373686449218888, 2.5206891802008755, 2.8180645269518423, 2.3188444453540882, 3.0698321680060658, 3.2391418522447939, 2.336060990690914, 2.555317685418613, 2.3692159755118998, 2.4401515356133769, 2.355176897679609, 2.4521865784760961, 2.404503795675784, 2.5038973842350369, 2.2383097605094293, 2.1732330870780423, 2.8775002887721484, 2.75877155637206, 2.8179036295039435, 2.70659188680359, 2.687725827572315, 2.31865669048335, 2.9390095112899415, 2.6817025054696426, 1.884189326668654, 3.4566684050560847, 2.0005635798575438, 3.2859795442540296], 'fneg': array([4, 4, 4, 4, 4, 4, 4, 4, 4, 4, 4, 4, 4, 4, 4, 4, 4, 4, 4, 4, 3, 4, 4,
       4, 4, 4, 4, 4, 4, 4, 4, 4, 4, 4, 4, 4, 4, 4, 4, 4, 4, 4, 4, 4, 4, 1,
       4, 2, 4]), 'sensitivity': array([0.066666667, 0.0, 0.066666667, 0.66666667, 0.33333333, 0.66666667,
       0.53333333, 0.33333333, 0.53333333, 0.066666667, 0.066666667, 0.4,
       0.33333333, 0.33333333, 0.46666667, 0.4, 0.33333333, 0.26666667,
       0.53333333, 0.66666667, 0.73333333, 0.73333333, 0.53333333,
       0.33333333, 0.73333333, 0.066666667, 0.0, 0.73333333, 0.53333333,
       0.73333333, 0.66666667, 0.73333333, 0.66666667, 0.66666667,
       0.53333333, 0.73333333, 0.73333333, 0.26666667, 0.33333333,
       0.33333333, 0.33333333, 0.33333333, 0.73333333, 0.13333333, 0.4,
       0.8, 0.0, 0.8, 0.0]), 'tpos': array([0, 0, 0, 0, 0, 0, 0, 0, 0, 0, 0, 0, 0, 0, 0, 0, 0, 0, 0, 0, 1, 0, 0,
       0, 0, 0, 0, 0, 0, 0, 0, 0, 0, 0, 0, 0, 0, 0, 0, 0, 0, 0, 0, 0, 0, 3,
       0, 2, 0])}, {'specificity': array([0.96226415, 0.88679245, 0.75471698, 0.18867925, 0.69811321,
       0.79245283, 0.1509434, 0.77358491, 0.52830189, 0.86792453,
       0.39622642, 0.8490566, 0.32075472, 0.58490566, 0.94339623,
       0.26415094, 0.66037736, 0.9245283, 0.49056604, 0.81132075,
       0.47169811, 0.67924528, 0.13207547, 0.64150943, 0.33962264,
       0.24528302, 0.11320755, 0.54716981, 0.98113208, 1.0, 0.037735849,
       0.20754717, 0.28301887, 0.43396226, 0.094339623, 0.16981132,
       0.30188679, 0.37735849, 0.22641509, 0.45283019, 0.73584906,
       0.41509434, 0.60377358, 0.62264151, 0.71698113, 0.35849057,
       0.90566038, 0.50943396, 0.075471698, 0.83018868, 0.018867925,
       0.056603774, 0.56603774]), 'tneg': array([10, 10, 10, 10, 10, 10, 10, 10, 10, 10, 10, 10, 10, 10, 10, 10, 10,
       10, 10, 10, 10, 10, 10, 10, 10, 10, 10, 10, 10, 10, 10, 10, 10, 10,
       10, 10, 10, 10, 10, 10, 10, 10, 10, 10, 10, 10, 10, 10, 10, 10, 10,
       10, 10]), 'fpos': array([0, 0, 0, 0, 0, 0, 0, 0, 0, 0, 0, 0, 0, 0, 0, 0, 0, 0, 0, 0, 0, 0, 0,
       0, 0, 0, 0, 0, 0, 0, 0, 0, 0, 0, 0, 0, 0, 0, 0, 0, 0, 0, 0, 0, 0, 0,
       0, 0, 0, 0, 0, 0, 0]), 'threshold': [3.3809199912130961, 3.1099604290356027, 2.9184619848515005, 2.5583760668610034, 2.8950893121218848, 2.9608908963971423, 2.5408990553364474, 2.9475018322035709, 2.8009938438135595, 3.0727851598313971, 2.7272089446969185, 3.0507970883257971, 2.654585419867598, 2.8402023965905792, 3.1983472572337961, 2.6333785877457911, 2.8671664481122896, 3.1756029119816898, 2.7799449427146166, 2.9905867585300605, 2.7778284494705825, 2.8845695248245073, 2.5033979711482841, 2.8554413419242684, 2.662058177201037, 2.6261865261642834, 2.478413347110183, 2.8244215935634247, 3.5172719738312539, 3.6391570857016431, 2.253737658308427, 2.5664309488837564, 2.644392711047387, 2.7657603682249143, 2.4728157923417609, 2.5493779674589288, 2.6506099017548319, 2.6946496671086919, 2.6044643965056524, 2.7732157185550204, 2.9098285624234075, 2.7608248841698142, 2.8473707624963396, 2.8529480622744026, 2.9041137599743352, 2.6669658757384096, 3.150331790188309, 2.7973467785470318, 2.4265071784765229, 3.0258766962275869, 2.1241425461021368, 2.3745368646048139, 2.8271585401253438], 'fneg': array([6, 6, 6, 6, 6, 6, 6, 6, 6, 6, 6, 6, 6, 6, 6, 6, 6, 6, 6, 6, 6, 6, 6,
       6, 6, 6, 6, 6, 6, 6, 6, 6, 6, 6, 6, 6, 6, 6, 6, 6, 6, 6, 6, 6, 6, 6,
       6, 6, 6, 6, 6, 6, 6]), 'sensitivity': array([0.18181818, 0.54545455, 0.54545455, 0.81818182, 0.54545455,
       0.54545455, 0.81818182, 0.54545455, 0.54545455, 0.54545455,
       0.81818182, 0.54545455, 0.81818182, 0.54545455, 0.45454545,
       0.81818182, 0.54545455, 0.45454545, 0.63636364, 0.54545455,
       0.63636364, 0.54545455, 0.81818182, 0.54545455, 0.81818182,
       0.81818182, 0.81818182, 0.54545455, 0.090909091, 0.090909091,
       0.81818182, 0.81818182, 0.81818182, 0.72727273, 0.81818182,
       0.81818182, 0.81818182, 0.81818182, 0.81818182, 0.72727273,
       0.54545455, 0.72727273, 0.54545455, 0.54545455, 0.54545455,
       0.81818182, 0.45454545, 0.54545455, 0.81818182, 0.54545455, 1.0,
       0.81818182, 0.54545455]), 'tpos': array([0, 0, 0, 0, 0, 0, 0, 0, 0, 0, 0, 0, 0, 0, 0, 0, 0, 0, 0, 0, 0, 0, 0,
       0, 0, 0, 0, 0, 0, 0, 0, 0, 0, 0, 0, 0, 0, 0, 0, 0, 0, 0, 0, 0, 0, 0,
       0, 0, 0, 0, 0, 0, 0])}, {'specificity': array([0.75925926, 0.94444444, 1.0, 0.5, 0.48148148, 0.57407407,
       0.77777778, 0.83333333, 0.31481481, 0.7962963, 0.33333333,
       0.61111111, 0.90740741, 0.81481481, 0.27777778, 0.72222222,
       0.2037037, 0.68518519, 0.55555556, 0.74074074, 0.66666667,
       0.64814815, 0.44444444, 0.2962963, 0.40740741, 0.7037037,
       0.38888889, 0.037037037, 0.055555556, 0.85185185, 0.25925926,
       0.96296296, 0.98148148, 0.074074074, 0.37037037, 0.16666667,
       0.46296296, 0.14814815, 0.12962963, 0.51851852, 0.11111111,
       0.22222222, 0.35185185, 0.092592593, 0.62962963, 0.59259259,
       0.42592593, 0.53703704, 0.24074074, 0.88888889, 0.92592593,
       0.018518519, 0.18518519, 0.87037037]), 'tneg': array([13, 13, 13, 13, 13, 13, 13, 13, 13, 13, 13, 13, 13, 13, 13, 13, 13,
       13, 13, 13, 13, 13, 13, 13, 13, 13, 13, 12, 12, 13, 13, 13, 13, 12,
       13, 13, 13, 13, 13, 13, 12, 13, 13, 12, 13, 13, 13, 13, 13, 13, 13,
       12, 13, 13]), 'fpos': array([0, 0, 0, 0, 0, 0, 0, 0, 0, 0, 0, 0, 0, 0, 0, 0, 0, 0, 0, 0, 0, 0, 0,
       0, 0, 0, 0, 1, 1, 0, 0, 0, 0, 1, 0, 0, 0, 0, 0, 0, 1, 0, 0, 1, 0, 0,
       0, 0, 0, 0, 0, 1, 0, 0]), 'threshold': [2.8466404110724741, 3.2910375209050082, 3.4622677280674314, 2.71055723289065, 2.6998302420734603, 2.7512988009956687, 2.8502889621363527, 2.9760421199849478, 2.6025338485853156, 2.8645022582926112, 2.6104725527632571, 2.7580058346597376, 3.0875019346622583, 2.8753271201194668, 2.5968408782577579, 2.8054966218429995, 2.5909533488247014, 2.7937236260148186, 2.7487022816207483, 2.8205511531856224, 2.7848544960080508, 2.7696165044506023, 2.6868732865611618, 2.5999760182275984, 2.6734903055952808, 2.8000840694117639, 2.6684747915708886, 2.3857446195743823, 2.4229625272343789, 3.0310143086447536, 2.5963102779022367, 3.3107244346964548, 3.4565049469995346, 2.4484532875832614, 2.6148396269331879, 2.5746461280042952, 2.6948408210485444, 2.5585639317905988, 2.5437127777172259, 2.7117130089524228, 2.5182658828838003, 2.5932503732524785, 2.6116074536191496, 2.5034095299094816, 2.7677517963569223, 2.7549412378118028, 2.6833096901788247, 2.7257216213228466, 2.5951092648026926, 3.0392853774797892, 3.1218190128886931, 2.1820865451585383, 2.5821216568834524, 3.0332658839428341], 'fneg': array([2, 2, 2, 2, 2, 2, 2, 2, 2, 2, 2, 2, 2, 2, 2, 2, 2, 2, 2, 2, 2, 2, 2,
       2, 2, 2, 2, 2, 2, 2, 2, 2, 2, 2, 2, 2, 2, 2, 2, 2, 2, 2, 2, 2, 2, 2,
       2, 2, 2, 2, 2, 1, 2, 2]), 'sensitivity': array([0.45454545, 0.090909091, 0.090909091, 0.54545455, 0.54545455,
       0.45454545, 0.45454545, 0.45454545, 0.72727273, 0.45454545,
       0.63636364, 0.45454545, 0.45454545, 0.45454545, 0.72727273,
       0.45454545, 0.72727273, 0.45454545, 0.45454545, 0.45454545,
       0.45454545, 0.45454545, 0.54545455, 0.72727273, 0.63636364,
       0.45454545, 0.63636364, 0.81818182, 0.81818182, 0.45454545,
       0.72727273, 0.090909091, 0.090909091, 0.81818182, 0.63636364,
       0.72727273, 0.54545455, 0.72727273, 0.81818182, 0.54545455,
       0.81818182, 0.72727273, 0.63636364, 0.81818182, 0.45454545,
       0.45454545, 0.63636364, 0.54545455, 0.72727273, 0.45454545,
       0.45454545, 1.0, 0.72727273, 0.45454545]), 'tpos': array([0, 0, 0, 0, 0, 0, 0, 0, 0, 0, 0, 0, 0, 0, 0, 0, 0, 0, 0, 0, 0, 0, 0,
       0, 0, 0, 0, 0, 0, 0, 0, 0, 0, 0, 0, 0, 0, 0, 0, 0, 0, 0, 0, 0, 0, 0,
       0, 0, 0, 0, 0, 1, 0, 0])}], <Model object at 0x0000000000000A34>)
#lasso
([{'specificity': array([0.2, 0.65, 0.875, 0.3, 0.225, 0.425, 0.275, 0.75, 0.7, 0.775, 0.45,
       0.35, 0.9, 0.85, 0.675, 0.175, 0.575, 0.95, 0.1, 0.25, 0.05, 0.925,
       0.075, 0.625, 0.15, 1.0, 0.4, 0.55, 0.825, 0.5, 0.475, 0.6, 0.375,
       0.125, 0.725, 0.8, 0.325, 0.975, 0.025, 0.525]), 'tneg': array([10, 13, 13, 12, 10, 13, 11, 13, 13, 13, 13, 13, 13, 13, 13, 10, 13,
       13,  2, 10,  0, 13,  2, 13,  9, 13, 13, 13, 13, 13, 13, 13, 13,  7,
       13, 13, 12, 13,  0, 13]), 'fpos': array([ 3,  0,  0,  1,  3,  0,  2,  0,  0,  0,  0,  0,  0,  0,  0,  3,  0,
        0, 11,  3, 13,  0, 11,  0,  4,  0,  0,  0,  0,  0,  0,  0,  0,  6,
        0,  0,  1,  0, 13,  0]), 'threshold': [1.9000279053667328, 2.0804168672698351, 2.1746338668176612, 1.9366492725942033, 1.9054416718323166, 2.0130356798205988, 1.9251063045185004, 2.13196765245583, 2.0821795874312432, 2.1412553771180969, 2.0229772525840071, 1.9926852595888505, 2.1804921358621385, 2.1708449408253685, 2.080585163748792, 1.8922922171387897, 2.0674107387669913, 2.2150357180187035, 1.7832859874670162, 1.9076219326438157, 1.7364456767104881, 2.199496102376628, 1.7667640375039746, 2.07741427000841, 1.8613578087568368, 2.2894839015934254, 2.0000884701971215, 2.0617776263968675, 2.1585062501988737, 2.0369646103644632, 2.0366735403468041, 2.0718537485590307, 1.9962284654086127, 1.8483385348556498, 2.1277154082730285, 2.1486990167605446, 1.9466604804047278, 2.2165168478639465, 1.7045191420498234, 2.05846932950325], 'fneg': array([2, 4, 4, 4, 2, 4, 4, 4, 4, 4, 4, 4, 4, 4, 4, 2, 4, 4, 0, 2, 0, 4, 0,
       4, 1, 4, 4, 4, 4, 4, 4, 4, 4, 1, 4, 4, 4, 4, 0, 4]), 'sensitivity': array([0.34782609, 0.086956522, 0.043478261, 0.34782609, 0.34782609,
       0.13043478, 0.34782609, 0.043478261, 0.086956522, 0.043478261,
       0.13043478, 0.2173913, 0.043478261, 0.043478261, 0.086956522,
       0.34782609, 0.086956522, 0.0, 0.65217391, 0.34782609, 0.73913043,
       0.043478261, 0.69565217, 0.086956522, 0.34782609, 0.0, 0.13043478,
       0.086956522, 0.043478261, 0.13043478, 0.13043478, 0.086956522,
       0.17391304, 0.39130435, 0.043478261, 0.043478261, 0.34782609, 0.0,
       0.7826087, 0.086956522]), 'tpos': array([2, 0, 0, 0, 2, 0, 0, 0, 0, 0, 0, 0, 0, 0, 0, 2, 0, 0, 4, 2, 4, 0, 4,
       0, 3, 0, 0, 0, 0, 0, 0, 0, 0, 3, 0, 0, 0, 0, 4, 0])}, {'specificity': array([0.94117647, 0.92156863, 0.31372549, 0.33333333, 0.82352941,
       0.78431373, 0.80392157, 0.98039216, 0.96078431, 0.50980392,
       0.62745098, 0.66666667, 0.45098039, 0.90196078, 0.56862745,
       0.74509804, 0.37254902, 0.58823529, 0.41176471, 0.68627451,
       0.88235294, 1.0, 0.019607843, 0.29411765, 0.21568627, 0.1372549,
       0.25490196, 0.098039216, 0.2745098, 0.52941176, 0.17647059,
       0.54901961, 0.19607843, 0.11764706, 0.49019608, 0.35294118,
       0.43137255, 0.64705882, 0.70588235, 0.39215686, 0.47058824,
       0.60784314, 0.76470588, 0.7254902, 0.84313725, 0.8627451,
       0.058823529, 0.15686275, 0.078431373, 0.039215686, 0.23529412]), 'tneg': array([12, 12, 11, 11, 11, 11, 11, 12, 12, 11, 11, 11, 11, 12, 11, 11, 11,
       11, 11, 11, 12, 12, 11, 11, 11, 11, 11, 11, 11, 11, 11, 11, 11, 11,
       11, 11, 11, 11, 11, 11, 11, 11, 11, 11, 11, 12, 11, 11, 11, 11, 11]), 'fpos': array([0, 0, 1, 1, 1, 1, 1, 0, 0, 1, 1, 1, 1, 0, 1, 1, 1, 1, 1, 1, 0, 0, 1,
       1, 1, 1, 1, 1, 1, 1, 1, 1, 1, 1, 1, 1, 1, 1, 1, 1, 1, 1, 1, 1, 1, 0,
       1, 1, 1, 1, 1]), 'threshold': [3.0785832502946828, 2.9119133677981384, 2.1624731429755131, 2.1900747092581287, 2.6047339081740315, 2.5534284244753747, 2.5810254672961759, 3.4431282904015577, 3.2237035359534385, 2.3185599692872909, 2.432874744086174, 2.4607345199351363, 2.2418884093199938, 2.9079984941792496, 2.3829016243974661, 2.5092509620376315, 2.2124129167177076, 2.4015037168938496, 2.23110505240344, 2.4651484205889438, 2.8605656746222432, 3.9211537423153864, 1.8650910657433077, 2.1607983404929727, 2.1382623626632768, 2.0475500560256554, 2.1532119566346273, 1.9875566616646667, 2.1572058854190503, 2.3397257693162392, 2.0814670151830281, 2.340730682455483, 2.0940044820828669, 2.0197070944188291, 2.2828034035739853, 2.2006988723003946, 2.2334023403631469, 2.4596485008196147, 2.4885532636539947, 2.2263981135919364, 2.2686686816791841, 2.4300968819837911, 2.5348032887308189, 2.5080955114054397, 2.6622915306709394, 2.8144425455362585, 1.9447637502071382, 2.0690739198828854, 1.9863535184212486, 1.9066017819922307, 2.1494369004645288], 'fneg': array([4, 4, 4, 4, 4, 4, 4, 4, 4, 4, 4, 4, 4, 4, 4, 4, 4, 4, 4, 4, 4, 4, 3,
       4, 4, 4, 4, 3, 4, 4, 4, 4, 4, 4, 4, 4, 4, 4, 4, 4, 4, 4, 4, 4, 4, 4,
       3, 4, 3, 3, 4]), 'sensitivity': array([0.30769231, 0.30769231, 0.69230769, 0.69230769, 0.46153846,
       0.46153846, 0.46153846, 0.23076923, 0.30769231, 0.46153846,
       0.46153846, 0.46153846, 0.53846154, 0.30769231, 0.46153846,
       0.46153846, 0.61538462, 0.46153846, 0.53846154, 0.46153846,
       0.30769231, 0.23076923, 1.0, 0.69230769, 0.69230769, 0.92307692,
       0.69230769, 0.92307692, 0.69230769, 0.46153846, 0.92307692,
       0.46153846, 0.84615385, 0.92307692, 0.53846154, 0.69230769,
       0.53846154, 0.46153846, 0.46153846, 0.53846154, 0.53846154,
       0.46153846, 0.46153846, 0.46153846, 0.46153846, 0.30769231, 1.0,
       0.92307692, 0.92307692, 1.0, 0.69230769]), 'tpos': array([0, 0, 0, 0, 0, 0, 0, 0, 0, 0, 0, 0, 0, 0, 0, 0, 0, 0, 0, 0, 0, 0, 1,
       0, 0, 0, 0, 1, 0, 0, 0, 0, 0, 0, 0, 0, 0, 0, 0, 0, 0, 0, 0, 0, 0, 0,
       1, 0, 1, 1, 0])}, {'specificity': array([0.32608696, 0.39130435, 0.10869565, 0.54347826, 0.34782609,
       0.41304348, 0.36956522, 0.47826087, 0.76086957, 0.95652174,
       0.56521739, 0.80434783, 0.82608696, 0.69565217, 0.7173913,
       0.73913043, 0.67391304, 1.0, 0.30434783, 0.7826087, 0.84782609,
       0.17391304, 0.2173913, 0.65217391, 0.43478261, 0.15217391,
       0.19565217, 0.63043478, 0.23913043, 0.065217391, 0.2826087,
       0.91304348, 0.086956522, 0.043478261, 0.52173913, 0.02173913, 0.5,
       0.93478261, 0.97826087, 0.26086957, 0.58695652, 0.89130435,
       0.86956522, 0.60869565, 0.45652174, 0.13043478]), 'tneg': array([13, 13, 12, 13, 13, 13, 13, 13, 13, 13, 13, 13, 13, 13, 13, 13, 13,
       13, 13, 13, 13, 12, 12, 13, 13, 12, 12, 13, 12, 10, 13, 13, 11,  9,
       13,  5, 13, 13, 13, 13, 13, 13, 13, 13, 13, 12]), 'fpos': array([0, 0, 1, 0, 0, 0, 0, 0, 0, 0, 0, 0, 0, 0, 0, 0, 0, 0, 0, 0, 0, 1, 1,
       0, 0, 1, 1, 0, 1, 3, 0, 0, 2, 4, 0, 8, 0, 0, 0, 0, 0, 0, 0, 0, 0, 1]), 'threshold': [2.13893439529161, 2.1485526167244728, 2.0434742364099048, 2.2174874307630792, 2.1418035355595291, 2.1512463094640415, 2.1438200565735057, 2.1678444227063451, 2.4053574332834589, 2.5788917565397056, 2.2293115559372336, 2.4169549941015949, 2.4271124468744083, 2.3319400072493348, 2.3848852943874346, 2.4010418485757792, 2.3211898845872079, 2.6089547065721908, 2.137687880789402, 2.4149720090290052, 2.4600764152900587, 2.0624698396002428, 2.0823801124564247, 2.3199467893731511, 2.1664713663730568, 2.0495774984819559, 2.0756116193889151, 2.3186933782168206, 2.0865345840762566, 2.009576949436239, 2.121403413159678, 2.5455820376492935, 2.0252950849461335, 1.98645708865529, 2.2073128648564833, 1.9307914760980125, 2.192390500152845, 2.5464203481978149, 2.5795645202631294, 2.109314147785363, 2.277904744112218, 2.5219725902398342, 2.4654104755933015, 2.3096155705465815, 2.1671594546420856, 2.0442507685037388], 'fneg': array([3, 3, 3, 3, 3, 3, 3, 3, 3, 3, 3, 3, 3, 3, 3, 3, 3, 3, 3, 3, 3, 3, 3,
       3, 3, 3, 3, 3, 3, 3, 3, 3, 3, 3, 3, 1, 3, 3, 3, 3, 3, 3, 3, 3, 3, 3]), 'sensitivity': array([0.83333333, 0.83333333, 0.94444444, 0.77777778, 0.83333333,
       0.83333333, 0.83333333, 0.77777778, 0.5, 0.11111111, 0.77777778,
       0.44444444, 0.44444444, 0.61111111, 0.5, 0.5, 0.61111111,
       0.11111111, 0.83333333, 0.44444444, 0.38888889, 0.94444444,
       0.94444444, 0.61111111, 0.77777778, 0.94444444, 0.94444444,
       0.61111111, 0.94444444, 0.94444444, 0.83333333, 0.22222222,
       0.94444444, 0.94444444, 0.77777778, 1.0, 0.77777778, 0.22222222,
       0.11111111, 0.83333333, 0.72222222, 0.22222222, 0.33333333,
       0.61111111, 0.77777778, 0.94444444]), 'tpos': array([0, 0, 0, 0, 0, 0, 0, 0, 0, 0, 0, 0, 0, 0, 0, 0, 0, 0, 0, 0, 0, 0, 0,
       0, 0, 0, 0, 0, 0, 0, 0, 0, 0, 0, 0, 2, 0, 0, 0, 0, 0, 0, 0, 0, 0, 0])}, {'specificity': array([0.225, 0.675, 0.85, 0.3, 0.45, 0.7, 0.75, 0.5, 0.375, 0.875, 0.825,
       0.625, 0.95, 0.125, 0.425, 0.25, 0.1, 0.925, 0.65, 0.325, 0.525,
       0.2, 0.475, 1.0, 0.275, 0.15, 0.9, 0.6, 0.8, 0.575, 0.55, 0.4,
       0.175, 0.725, 0.775, 0.35, 0.975, 0.025, 0.05, 0.075]), 'tneg': array([10, 11, 11, 11, 11, 11, 11, 11, 11, 11, 11, 11, 11,  1, 11, 11,  0,
       11, 11, 11, 11,  9, 11, 11, 11,  6, 11, 11, 11, 11, 11, 11,  7, 11,
       11, 11, 11,  0,  0,  0]), 'fpos': array([ 1,  0,  0,  0,  0,  0,  0,  0,  0,  0,  0,  0,  0, 10,  0,  0, 11,
        0,  0,  0,  0,  2,  0,  0,  0,  5,  0,  0,  0,  0,  0,  0,  4,  0,
        0,  0,  0, 11, 11, 11]), 'threshold': [1.9178391055548669, 1.9862071970880393, 2.021915792453906, 1.9317187407623833, 1.960669474920661, 1.9868752746248857, 2.00926521996353, 1.9644373681969551, 1.9529565895064742, 2.02413609834199, 2.0204797753255819, 1.9812778257196722, 2.0372282452330635, 1.8735934818508333, 1.9605608806985091, 1.9207172703078961, 1.8558408288089874, 2.0313386727592309, 1.9850692014909659, 1.9344804006744694, 1.9692155234672222, 1.9031829942455611, 1.9635694654648939, 2.0654443853749922, 1.9315721856041062, 1.8909605509069392, 2.0249769032598146, 1.9791428550536503, 2.015803365409742, 1.96973862913306, 1.9696283125072538, 1.954299477769984, 1.8982486407220351, 2.0041335211079585, 2.0120863872403181, 1.9355130259820921, 2.0377895989864405, 1.8129673817068635, 1.8437405527112192, 1.844464033835634], 'fneg': array([5, 5, 5, 5, 5, 5, 5, 5, 5, 5, 5, 5, 5, 1, 5, 5, 0, 5, 5, 5, 5, 3, 5,
       5, 5, 3, 5, 5, 5, 5, 5, 5, 3, 5, 5, 5, 5, 0, 0, 0]), 'sensitivity': array([0.33333333, 0.083333333, 0.041666667, 0.25, 0.125, 0.083333333,
       0.083333333, 0.083333333, 0.16666667, 0.041666667, 0.041666667,
       0.083333333, 0.0, 0.54166667, 0.125, 0.33333333, 0.75, 0.041666667,
       0.083333333, 0.25, 0.083333333, 0.375, 0.125, 0.0, 0.25, 0.45833333,
       0.041666667, 0.083333333, 0.041666667, 0.083333333, 0.083333333,
       0.125, 0.375, 0.083333333, 0.083333333, 0.25, 0.0, 0.95833333,
       0.79166667, 0.79166667]), 'tpos': array([0, 0, 0, 0, 0, 0, 0, 0, 0, 0, 0, 0, 0, 4, 0, 0, 5, 0, 0, 0, 0, 2, 0,
       0, 0, 2, 0, 0, 0, 0, 0, 0, 2, 0, 0, 0, 0, 5, 5, 5])}, {'specificity': array([0.32608696, 0.39130435, 0.13043478, 0.58695652, 0.54347826,
       0.34782609, 0.41304348, 0.7173913, 0.65217391, 0.36956522,
       0.47826087, 0.7826087, 0.56521739, 0.76086957, 0.80434783,
       0.82608696, 0.91304348, 0.97826087, 0.30434783, 0.84782609,
       0.89130435, 0.2173913, 0.69565217, 0.43478261, 0.17391304,
       0.19565217, 0.67391304, 0.065217391, 0.23913043, 0.2826087,
       0.93478261, 0.086956522, 0.043478261, 0.52173913, 0.02173913, 0.5,
       0.10869565, 0.26086957, 1.0, 0.95652174, 0.76086957, 0.63043478,
       0.86956522, 0.60869565, 0.45652174, 0.15217391]), 'tneg': array([13, 13, 13, 13, 13, 13, 13, 13, 13, 13, 13, 13, 13, 13, 13, 13, 13,
       13, 13, 13, 13, 13, 13, 13, 13, 13, 13, 10, 13, 13, 13, 10,  6, 13,
        3, 13, 10, 13, 13, 13, 13, 13, 13, 13, 13, 13]), 'fpos': array([ 0,  0,  0,  0,  0,  0,  0,  0,  0,  0,  0,  0,  0,  0,  0,  0,  0,
        0,  0,  0,  0,  0,  0,  0,  0,  0,  0,  3,  0,  0,  0,  3,  7,  0,
       10,  0,  3,  0,  0,  0,  0,  0,  0,  0,  0,  0]), 'threshold': [2.0945056506407274, 2.1041610660635732, 1.998676344072206, 2.1914947548005039, 2.1733624533767433, 2.0973858859718169, 2.1068651754047423, 2.279931335883393, 2.2685069108795393, 2.0994102049412593, 2.1235274741164676, 2.3015466402917291, 2.1879479441938865, 2.2882576218757813, 2.3414076502431418, 2.3576266823770022, 2.4630869246882812, 2.5663435464790791, 2.0932543158244692, 2.3716107112353151, 2.4168895377721311, 2.0377326704669589, 2.27621802581745, 2.1221491081275579, 2.004803207666634, 2.0309380034061482, 2.2749597676774731, 1.9795428132942761, 2.0419032075700914, 2.0769068756035933, 2.5027258132862888, 1.9804268932103428, 1.9414387090645944, 2.163148542077129, 1.8855578356869764, 2.1481684720807621, 1.9813058477512135, 2.0647708606281827, 2.7015269822094905, 2.5368397073182085, 2.2882576218757813, 2.2658468558156835, 2.3904306120623664, 2.1951744889633003, 2.1228398572573663, 1.9994558790421042], 'fneg': array([2, 2, 1, 2, 2, 2, 2, 2, 2, 2, 2, 2, 2, 2, 2, 2, 2, 2, 2, 2, 2, 2, 2,
       2, 1, 2, 2, 1, 2, 2, 2, 1, 1, 2, 0, 2, 1, 2, 2, 2, 2, 2, 2, 2, 2, 1]), 'sensitivity': array([0.84210526, 0.84210526, 0.94736842, 0.73684211, 0.73684211,
       0.84210526, 0.84210526, 0.63157895, 0.68421053, 0.84210526,
       0.78947368, 0.63157895, 0.73684211, 0.63157895, 0.52631579,
       0.47368421, 0.21052632, 0.052631579, 0.84210526, 0.36842105,
       0.31578947, 0.94736842, 0.68421053, 0.78947368, 0.94736842,
       0.94736842, 0.68421053, 0.94736842, 0.94736842, 0.84210526,
       0.15789474, 0.94736842, 0.94736842, 0.73684211, 1.0, 0.73684211,
       0.94736842, 0.84210526, 0.0, 0.052631579, 0.63157895, 0.68421053,
       0.31578947, 0.68421053, 0.78947368, 0.94736842]), 'tpos': array([0, 0, 1, 0, 0, 0, 0, 0, 0, 0, 0, 0, 0, 0, 0, 0, 0, 0, 0, 0, 0, 0, 0,
       0, 1, 0, 0, 1, 0, 0, 0, 1, 1, 0, 2, 0, 1, 0, 0, 0, 0, 0, 0, 0, 0, 1])}], <Model object at 0x0000000000000D60>)
#lasso
([{'specificity': array([0.18367347, 0.75510204, 0.87755102, 0.20408163, 0.42857143,
       0.26530612, 0.73469388, 0.63265306, 0.53061224, 0.93877551,
       0.71428571, 0.69387755, 0.81632653, 0.83673469, 0.32653061,
       0.59183673, 0.65306122, 0.2244898, 0.7755102, 0.51020408,
       0.44897959, 0.48979592, 0.95918367, 1.0, 0.020408163, 0.28571429,
       0.14285714, 0.36734694, 0.081632653, 0.46938776, 0.67346939,
       0.85714286, 0.10204082, 0.24489796, 0.34693878, 0.12244898,
       0.57142857, 0.3877551, 0.55102041, 0.91836735, 0.6122449,
       0.89795918, 0.79591837, 0.97959184, 0.30612245, 0.040816327,
       0.06122449, 0.16326531, 0.40816327]), 'tneg': array([12, 12, 12, 12, 12, 12, 12, 12, 12, 12, 12, 12, 12, 12, 12, 12, 12,
       12, 12, 12, 12, 12, 12, 12, 12, 12, 12, 12, 12, 12, 12, 12, 12, 12,
       12, 12, 12, 12, 12, 12, 12, 12, 12, 12, 12, 12, 12, 12, 12]), 'fpos': array([0, 0, 0, 0, 0, 0, 0, 0, 0, 0, 0, 0, 0, 0, 0, 0, 0, 0, 0, 0, 0, 0, 0,
       0, 0, 0, 0, 0, 0, 0, 0, 0, 0, 0, 0, 0, 0, 0, 0, 0, 0, 0, 0, 0, 0, 0,
       0, 0, 0]), 'threshold': [2.2607039775912985, 2.8582669685024009, 3.0824451108321349, 2.2726765234675295, 2.4435532588477549, 2.28061925348682, 2.83421691798216, 2.7794963436977396, 2.6856064500053969, 3.2556512207609289, 2.8186106301955438, 2.8149822354393357, 2.9783012378358302, 3.0283508175009586, 2.3941891719129043, 2.7415690604487919, 2.7835054849862986, 2.2760308012218009, 2.9151002363719254, 2.6531506988589766, 2.4473832730416252, 2.6246622843699567, 3.2901312798811713, 3.6732899062497868, 2.019796433416253, 2.3643643080063086, 2.1776985663327593, 2.4118038939059976, 2.111441618295955, 2.5663595887041781, 2.8051836433723172, 3.0437296086571641, 2.160323486597413, 2.2780473851177936, 2.4089935947275785, 2.1615394689201066, 2.7347553506643405, 2.419696355548246, 2.7095659143466184, 3.1153750160453884, 2.7485643057117213, 3.0829482740241776, 2.9511907816494136, 3.3809895882923495, 2.377733497834464, 2.0538113997842466, 2.1077223330163628, 2.1892906522535824, 2.4372520726829041], 'fneg': array([5, 5, 5, 5, 5, 5, 5, 5, 5, 5, 5, 5, 5, 5, 5, 5, 5, 5, 5, 5, 5, 5, 5,
       5, 5, 5, 5, 5, 5, 5, 5, 5, 5, 5, 5, 5, 5, 5, 5, 5, 5, 5, 5, 5, 5, 5,
       5, 5, 5]), 'sensitivity': array([0.8, 0.26666667, 0.26666667, 0.73333333, 0.66666667, 0.73333333,
       0.26666667, 0.4, 0.46666667, 0.26666667, 0.26666667, 0.33333333,
       0.26666667, 0.26666667, 0.66666667, 0.46666667, 0.4, 0.73333333,
       0.26666667, 0.53333333, 0.66666667, 0.53333333, 0.26666667,
       0.066666667, 1.0, 0.73333333, 0.8, 0.66666667, 0.86666667,
       0.53333333, 0.4, 0.26666667, 0.8, 0.73333333, 0.66666667, 0.8,
       0.46666667, 0.66666667, 0.46666667, 0.26666667, 0.46666667,
       0.26666667, 0.26666667, 0.13333333, 0.66666667, 0.93333333,
       0.86666667, 0.8, 0.66666667]), 'tpos': array([0, 0, 0, 0, 0, 0, 0, 0, 0, 0, 0, 0, 0, 0, 0, 0, 0, 0, 0, 0, 0, 0, 0,
       0, 0, 0, 0, 0, 0, 0, 0, 0, 0, 0, 0, 0, 0, 0, 0, 0, 0, 0, 0, 0, 0, 0,
       0, 0, 0])}, {'specificity': array([0.3968254, 0.9047619, 0.66666667, 0.14285714, 0.53968254,
       0.33333333, 0.93650794, 0.63492063, 0.44444444, 0.28571429,
       0.095238095, 0.11111111, 0.15873016, 0.88888889, 0.65079365,
       0.87301587, 0.95238095, 0.82539683, 0.96825397, 0.98412698,
       0.31746032, 0.41269841, 0.34920635, 0.73015873, 0.46031746, 1.0,
       0.76190476, 0.50793651, 0.55555556, 0.80952381, 0.58730159,
       0.063492063, 0.25396825, 0.52380952, 0.57142857, 0.68253968,
       0.6984127, 0.23809524, 0.3015873, 0.12698413, 0.17460317,
       0.92063492, 0.85714286, 0.26984127, 0.71428571, 0.77777778,
       0.42857143, 0.19047619, 0.74603175, 0.79365079, 0.22222222,
       0.38095238, 0.6031746, 0.49206349, 0.36507937, 0.61904762,
       0.20634921, 0.84126984, 0.015873016, 0.031746032, 0.047619048,
       0.079365079, 0.47619048]), 'tneg': array([13, 13, 13, 13, 13, 13, 13, 13, 13, 13, 13, 13, 13, 13, 13, 13, 13,
       13, 13, 13, 13, 13, 13, 13, 13, 13, 13, 13, 13, 13, 13, 13, 13, 13,
       13, 13, 13, 13, 13, 13, 13, 13, 13, 13, 13, 13, 13, 13, 13, 13, 13,
       13, 13, 13, 13, 13, 13, 13, 13, 13, 13, 13, 13]), 'fpos': array([0, 0, 0, 0, 0, 0, 0, 0, 0, 0, 0, 0, 0, 0, 0, 0, 0, 0, 0, 0, 0, 0, 0,
       0, 0, 0, 0, 0, 0, 0, 0, 0, 0, 0, 0, 0, 0, 0, 0, 0, 0, 0, 0, 0, 0, 0,
       0, 0, 0, 0, 0, 0, 0, 0, 0, 0, 0, 0, 0, 0, 0, 0, 0]), 'threshold': [4.319428606074764, 5.2398642751919109, 4.66578960300451, 3.5760219486197213, 4.4832472511069605, 4.2278511589746781, 5.2967216405595208, 4.6245820266008426, 4.3675987452503868, 4.0780292909033964, 3.2047807265669865, 3.5198595398796262, 3.5932495418921793, 5.11731171539879, 4.6488649871026242, 5.1089264262689156, 5.3156296064622692, 5.0060433510649558, 5.3309294142313686, 5.5188437551045642, 4.1915918942012862, 4.3451870106924559, 4.2283619315191112, 4.714807791779883, 4.3768651506903726, 5.7480685337290378, 4.830974583805852, 4.4550503142583384, 4.5153346839380006, 4.9062765229886685, 4.5386606903757638, 2.9044073075992838, 4.0036066302599593, 4.4768878616879562, 4.5200926931672463, 4.6717317452342924, 4.6832097565290169, 3.8833997608369857, 4.1074401065186983, 3.5411189997293135, 3.7891479549059408, 5.2613994300989226, 5.0885326188441553, 4.0497179506564418, 4.6935739486922579, 4.8462068975255939, 4.3601467802447615, 3.7947022309738965, 4.7720276038179321, 4.8561695156340949, 3.8120375817546055, 4.2695152775438654, 4.5553781753170526, 4.4330019903937838, 4.255861823417515, 4.5826362723744793, 3.8004624472331976, 5.0395651265830077, 2.3690597139335727, 2.6208174990308928, 2.733052353511904, 2.9309101159770319, 4.390818436575767], 'fneg': array([3, 3, 3, 3, 3, 3, 3, 3, 3, 3, 3, 3, 3, 3, 3, 3, 3, 3, 3, 3, 3, 3, 3,
       3, 3, 3, 3, 3, 3, 3, 3, 3, 3, 3, 3, 3, 3, 3, 3, 3, 3, 3, 3, 3, 3, 3,
       3, 3, 3, 3, 3, 3, 3, 3, 3, 3, 3, 3, 3, 3, 3, 3, 3]), 'sensitivity': array([0.0, 0.0, 0.0, 0.5, 0.0, 0.0, 0.0, 0.0, 0.0, 0.5, 1.0, 0.5, 0.5,
       0.0, 0.0, 0.0, 0.0, 0.0, 0.0, 0.0, 0.0, 0.0, 0.0, 0.0, 0.0, 0.0,
       0.0, 0.0, 0.0, 0.0, 0.0, 1.0, 0.5, 0.0, 0.0, 0.0, 0.0, 0.5, 0.5,
       0.5, 0.5, 0.0, 0.0, 0.5, 0.0, 0.0, 0.0, 0.5, 0.0, 0.0, 0.5, 0.0,
       0.0, 0.0, 0.0, 0.0, 0.5, 0.0, 1.0, 1.0, 1.0, 1.0, 0.0]), 'tpos': array([0, 0, 0, 0, 0, 0, 0, 0, 0, 0, 0, 0, 0, 0, 0, 0, 0, 0, 0, 0, 0, 0, 0,
       0, 0, 0, 0, 0, 0, 0, 0, 0, 0, 0, 0, 0, 0, 0, 0, 0, 0, 0, 0, 0, 0, 0,
       0, 0, 0, 0, 0, 0, 0, 0, 0, 0, 0, 0, 0, 0, 0, 0, 0])}, {'specificity': array([0.75384615, 0.73846154, 0.43076923, 0.046153846, 0.53846154,
       0.89230769, 0.76923077, 0.50769231, 0.21538462, 0.49230769,
       0.030769231, 0.015384615, 0.10769231, 0.2, 0.23076923, 0.96923077,
       0.30769231, 0.6, 0.84615385, 0.93846154, 0.78461538, 0.52307692,
       0.69230769, 0.72307692, 0.55384615, 0.32307692, 0.61538462,
       0.83076923, 0.66153846, 0.46153846, 0.81538462, 0.86153846,
       0.70769231, 0.33846154, 0.95384615, 0.18461538, 0.24615385, 0.4,
       0.41538462, 0.13846154, 0.26153846, 0.092307692, 0.8, 0.36923077,
       0.90769231, 0.87692308, 0.29230769, 0.16923077, 0.56923077,
       0.64615385, 0.27692308, 0.67692308, 0.47692308, 0.98461538, 1.0,
       0.92307692, 0.63076923, 0.58461538, 0.44615385, 0.12307692,
       0.38461538, 0.15384615, 0.076923077, 0.35384615, 0.061538462]), 'tneg': array([0, 0, 0, 0, 0, 0, 0, 0, 0, 0, 0, 0, 0, 0, 0, 0, 0, 0, 0, 0, 0, 0, 0,
       0, 0, 0, 0, 0, 0, 0, 0, 0, 0, 0, 0, 0, 0, 0, 0, 0, 0, 0, 0, 0, 0, 0,
       0, 0, 0, 0, 0, 0, 0, 0, 0, 0, 0, 0, 0, 0, 0, 0, 0, 0, 0]), 'fpos': array([12, 12, 12, 12, 12, 12, 12, 12, 12, 12, 12, 12, 12, 12, 12, 12, 12,
       12, 12, 12, 12, 12, 12, 12, 12, 12, 12, 12, 12, 12, 12, 12, 12, 12,
       12, 12, 12, 12, 12, 12, 12, 12, 12, 12, 12, 12, 12, 12, 12, 12, 12,
       12, 12, 12, 12, 12, 12, 12, 12, 12, 12, 12, 12, 12, 12]), 'threshold': [8.2261058435246817, 8.2087036577408661, 7.5086766231985962, 6.2855975029105444, 7.7723667691292508, 8.8827640264639687, 8.2848409020922116, 7.7632971632933341, 7.0445992186805491, 7.7328534854808044, 6.215807058417024, 5.7670447604802764, 6.8295324771467172, 7.0338503275317148, 7.0483692506617164, 9.6834620820617676, 7.2401177371516976, 7.9348924463987913, 8.6186042735975654, 9.4140050906989146, 8.2992606407421885, 7.7655563047238125, 8.1103625357760549, 8.1392528756260223, 7.7809685751815021, 7.2829290072239292, 7.9574582415009214, 8.4172388219079988, 8.0242082823904486, 7.52640411546594, 8.387099554852318, 8.6385474912069622, 8.1352651862729388, 7.3261505773473594, 9.4811975036958778, 7.0079323164264391, 7.0799038365085334, 7.4378509766365806, 7.4595765329297876, 6.89835796149182, 7.1455837538923781, 6.7927366956278981, 8.30453999649913, 7.4086568288818757, 8.9771786098736648, 8.8590750893889787, 7.2380413874941443, 6.9598529783992831, 7.8263123289691574, 7.9804865575704795, 7.1702784141028495, 8.0637555965209931, 7.6430652919324018, 9.8720370866731653, 9.8970327409350816, 9.2404150558461744, 7.96694940315551, 7.92864488611443, 7.516310421101652, 6.8386922519616782, 7.4211279492090014, 6.95103207166272, 6.5527007107877679, 7.3739971644884879, 6.4979968043802057], 'fneg': array([0, 0, 0, 0, 0, 0, 0, 0, 0, 0, 0, 0, 0, 0, 0, 0, 0, 0, 0, 0, 0, 0, 0,
       0, 0, 0, 0, 0, 0, 0, 0, 0, 0, 0, 0, 0, 0, 0, 0, 0, 0, 0, 0, 0, 0, 0,
       0, 0, 0, 0, 0, 0, 0, 0, 0, 0, 0, 0, 0, 0, 0, 0, 0, 0, 0]), 'sensitivity': array([1, 1, 1, 1, 1, 1, 1, 1, 1, 1, 1, 1, 1, 1, 1, 1, 1, 1, 1, 1, 1, 1, 1,
       1, 1, 1, 1, 1, 1, 1, 1, 1, 1, 1, 1, 1, 1, 1, 1, 1, 1, 1, 1, 1, 1, 1,
       1, 1, 1, 1, 1, 1, 1, 1, 1, 1, 1, 1, 1, 1, 1, 1, 1, 1, 1]), 'tpos': array([4, 4, 4, 4, 4, 4, 4, 4, 4, 4, 4, 4, 4, 4, 4, 4, 4, 4, 4, 4, 4, 4, 4,
       4, 4, 4, 4, 4, 4, 4, 4, 4, 4, 4, 4, 4, 4, 4, 4, 4, 4, 4, 4, 4, 4, 4,
       4, 4, 4, 4, 4, 4, 4, 4, 4, 4, 4, 4, 4, 4, 4, 4, 4, 4, 4])}, {'specificity': array([0.3125, 0.29166667, 0.85416667, 0.6875, 0.58333333, 0.8125, 0.625,
       0.91666667, 0.41666667, 0.64583333, 0.47916667, 0.77083333,
       0.33333333, 0.83333333, 0.60416667, 0.1875, 0.45833333, 0.72916667,
       0.4375, 0.35416667, 0.9375, 0.22916667, 0.083333333, 0.16666667,
       0.27083333, 0.14583333, 0.375, 0.95833333, 1.0, 0.5, 0.66666667,
       0.5625, 0.97916667, 0.875, 0.125, 0.70833333, 0.79166667,
       0.89583333, 0.54166667, 0.39583333, 0.20833333, 0.75, 0.25,
       0.020833333, 0.10416667, 0.0625, 0.041666667, 0.52083333]), 'tneg': array([8, 8, 8, 8, 8, 8, 8, 8, 8, 8, 8, 8, 8, 8, 8, 8, 8, 8, 8, 8, 8, 8, 8,
       8, 8, 8, 8, 8, 8, 8, 8, 8, 8, 8, 8, 8, 8, 8, 8, 8, 8, 8, 8, 8, 8, 8,
       8, 8]), 'fpos': array([0, 0, 0, 0, 0, 0, 0, 0, 0, 0, 0, 0, 0, 0, 0, 0, 0, 0, 0, 0, 0, 0, 0,
       0, 0, 0, 0, 0, 0, 0, 0, 0, 0, 0, 0, 0, 0, 0, 0, 0, 0, 0, 0, 0, 0, 0,
       0, 0]), 'threshold': [2.3527375101862278, 2.34006797924283, 2.5839803631937976, 2.4980090501456322, 2.4640016729668135, 2.5635432294138734, 2.4887755332823804, 2.622932912367367, 2.4161546872885826, 2.4927059708225339, 2.4242695348381518, 2.5350781419345085, 2.370076281477397, 2.5825916856802182, 2.4880728482692489, 2.2854756604697322, 2.4225589436415897, 2.5103888030507249, 2.4174152060729606, 2.3760013094301318, 2.6464620093470606, 2.3121755243393944, 2.1001543597251344, 2.2835905728768466, 2.3346268723720289, 2.2195903322033304, 2.3855049897773073, 2.6550238219123079, 2.7232383452048605, 2.4283548103685169, 2.49436679383667, 2.4619627955731391, 2.6650311769449382, 2.5881470973465994, 2.1852945334737881, 2.5032502284338443, 2.535267041459706, 2.5939207172489187, 2.4527529079755581, 2.3897605201739731, 2.2883511767604263, 2.5314070396239439, 2.3307315346638271, 1.82434848056428, 2.1112867315680948, 1.8900449213819501, 1.8893676140933038, 2.4525010976133972], 'fneg': array([8, 8, 8, 8, 8, 8, 8, 8, 8, 8, 8, 8, 8, 8, 8, 8, 8, 8, 8, 8, 8, 8, 8,
       8, 8, 8, 8, 8, 8, 8, 8, 8, 8, 8, 8, 8, 8, 8, 8, 8, 8, 8, 8, 8, 8, 8,
       8, 8]), 'sensitivity': array([0.64705882, 0.64705882, 0.23529412, 0.29411765, 0.29411765,
       0.23529412, 0.29411765, 0.23529412, 0.47058824, 0.29411765,
       0.47058824, 0.29411765, 0.52941176, 0.23529412, 0.29411765,
       0.70588235, 0.47058824, 0.29411765, 0.47058824, 0.52941176,
       0.17647059, 0.64705882, 0.82352941, 0.70588235, 0.64705882,
       0.82352941, 0.52941176, 0.17647059, 0.11764706, 0.47058824,
       0.29411765, 0.29411765, 0.17647059, 0.23529412, 0.82352941,
       0.29411765, 0.29411765, 0.23529412, 0.35294118, 0.47058824,
       0.70588235, 0.29411765, 0.64705882, 1.0, 0.82352941, 1.0, 1.0,
       0.35294118]), 'tpos': array([0, 0, 0, 0, 0, 0, 0, 0, 0, 0, 0, 0, 0, 0, 0, 0, 0, 0, 0, 0, 0, 0, 0,
       0, 0, 0, 0, 0, 0, 0, 0, 0, 0, 0, 0, 0, 0, 0, 0, 0, 0, 0, 0, 0, 0, 0,
       0, 0])}, {'specificity': array([0.92156863, 0.90196078, 0.98039216, 0.76470588, 0.88235294,
       0.17647059, 0.29411765, 0.82352941, 1.0, 0.8627451, 0.96078431,
       0.47058824, 0.37254902, 0.68627451, 0.60784314, 0.56862745,
       0.19607843, 0.54901961, 0.80392157, 0.62745098, 0.58823529,
       0.50980392, 0.15686275, 0.31372549, 0.52941176, 0.41176471,
       0.21568627, 0.78431373, 0.94117647, 0.039215686, 0.66666667,
       0.43137255, 0.1372549, 0.058823529, 0.49019608, 0.25490196,
       0.11764706, 0.098039216, 0.33333333, 0.35294118, 0.39215686,
       0.70588235, 0.7254902, 0.2745098, 0.23529412, 0.74509804,
       0.64705882, 0.84313725, 0.019607843, 0.45098039, 0.078431373]), 'tneg': array([13, 13, 13, 13, 13, 12, 12, 13, 13, 13, 13, 12, 12, 13, 13, 12, 12,
       12, 13, 13, 12, 12, 12, 12, 12, 12, 12, 13, 13, 11, 13, 12, 12, 12,
       12, 12, 12, 12, 12, 12, 12, 13, 13, 12, 12, 13, 13, 13, 10, 12, 12]), 'fpos': array([0, 0, 0, 0, 0, 1, 1, 0, 0, 0, 0, 1, 1, 0, 0, 1, 1, 1, 0, 0, 1, 1, 1,
       1, 1, 1, 1, 0, 0, 2, 0, 1, 1, 1, 1, 1, 1, 1, 1, 1, 1, 0, 0, 1, 1, 0,
       0, 0, 3, 1, 1]), 'threshold': [3.3980172850910284, 3.358079964329387, 5.2653510177722485, 2.6787131961326067, 3.2341148556301089, 2.262204602230105, 2.2992320979787726, 2.9120022594936228, 5.5169505615407139, 3.0543862064596463, 3.9630789664251997, 2.3577277760614463, 2.3288645671019674, 2.4871030984749654, 2.415326090831567, 2.3692450272093253, 2.2759720479102752, 2.3659010827347871, 2.9118668380745589, 2.4450205252137245, 2.3833447117684763, 2.3606230761611835, 2.2546139748078775, 2.3042547855999893, 2.3626352847302607, 2.335276993765564, 2.2832754048975321, 2.8446900265543396, 3.5136328432971897, 2.1086235805335902, 2.4862827585475795, 2.3442886225979191, 2.2510251472024088, 2.1861447523805766, 2.3578603851130557, 2.2906570817219514, 2.2445884037962092, 2.2342105358642095, 2.3090414241201023, 2.328725988235687, 2.3310405138836892, 2.5720433842808532, 2.5721829623695713, 2.2958072551069031, 2.2834425034404058, 2.5837744782851049, 2.4559866273126945, 2.9191203577726981, 2.0680548103012426, 2.3510184338029845, 2.2284823177745636], 'fneg': array([3, 3, 3, 2, 3, 2, 2, 2, 3, 3, 3, 2, 2, 2, 2, 2, 2, 2, 2, 2, 2, 2, 2,
       2, 2, 2, 2, 2, 3, 1, 2, 2, 2, 1, 2, 2, 2, 2, 2, 2, 2, 2, 2, 2, 2, 2,
       2, 2, 0, 2, 2]), 'sensitivity': array([0.14285714, 0.14285714, 0.0, 0.35714286, 0.21428571, 0.78571429,
       0.64285714, 0.21428571, 0.0, 0.21428571, 0.071428571, 0.5,
       0.57142857, 0.35714286, 0.42857143, 0.5, 0.78571429, 0.5,
       0.21428571, 0.42857143, 0.5, 0.5, 0.85714286, 0.64285714, 0.5, 0.5,
       0.71428571, 0.21428571, 0.14285714, 1.0, 0.35714286, 0.5,
       0.85714286, 0.92857143, 0.5, 0.71428571, 0.85714286, 0.85714286,
       0.64285714, 0.57142857, 0.57142857, 0.35714286, 0.35714286,
       0.71428571, 0.71428571, 0.35714286, 0.42857143, 0.21428571, 1.0,
       0.5, 0.92857143]), 'tpos': array([0, 0, 0, 1, 0, 1, 1, 1, 0, 0, 0, 1, 1, 1, 1, 1, 1, 1, 1, 1, 1, 1, 1,
       1, 1, 1, 1, 1, 0, 2, 1, 1, 1, 2, 1, 1, 1, 1, 1, 1, 1, 1, 1, 1, 1, 1,
       1, 1, 3, 1, 1])}], <Model object at 0x000000000000108C>)
