#adalasso
([{'specificity': array([0.72580645, 0.88709677, 0.29032258, 0.40322581, 0.75806452,
       0.87096774, 0.77419355, 0.27419355, 0.16129032, 0.74193548,
       0.80645161, 0.67741935, 0.62903226, 0.5, 0.98387097, 0.85483871,
       0.43548387, 0.12903226, 0.69354839, 0.64516129, 0.93548387,
       0.9516129, 0.096774194, 0.048387097, 0.5483871, 0.35483871,
       0.56451613, 0.41935484, 0.66129032, 0.38709677, 0.90322581,
       0.91935484, 0.96774194, 1.0, 0.58064516, 0.82258065, 0.19354839,
       0.61290323, 0.22580645, 0.11290323, 0.016129032, 0.24193548,
       0.83870968, 0.080645161, 0.4516129, 0.51612903, 0.48387097,
       0.70967742, 0.25806452, 0.032258065, 0.79032258, 0.30645161,
       0.14516129, 0.20967742, 0.46774194, 0.17741935, 0.59677419,
       0.53225806, 0.33870968, 0.37096774, 0.32258065, 0.064516129]), 'tneg': array([ 9, 12,  4,  5,  9, 12,  9,  4,  2,  9, 10,  8,  7,  6, 15, 12,  5,
        2,  8,  8, 15, 15,  2,  1,  7,  4,  7,  5,  8,  5, 14, 14, 15, 15,
        7, 10,  2,  7,  4,  2,  0,  4, 12,  2,  6,  6,  6,  8,  4,  1, 10,
        4,  2,  3,  6,  2,  7,  7,  4,  4,  4,  2]), 'fpos': array([ 6,  3, 11, 10,  6,  3,  6, 11, 13,  6,  5,  7,  8,  9,  0,  3, 10,
       13,  7,  7,  0,  0, 13, 14,  8, 11,  8, 10,  7, 10,  1,  1,  0,  0,
        8,  5, 13,  8, 11, 13, 15, 11,  3, 13,  9,  9,  9,  7, 11, 14,  5,
       11, 13, 12,  9, 13,  8,  8, 11, 11, 11, 13]), 'threshold': [0.28513884673363021, 0.44095316457142186, 0.15490176042020623, 0.16939840205510542, 0.30269841329028685, 0.41908471368109973, 0.30423087844692071, 0.15381593747401917, 0.14258457620458345, 0.29122166196338589, 0.34293015789184145, 0.26071456459814879, 0.21845040197023521, 0.18576019075804215, 0.74477567236186326, 0.41754153018765122, 0.17304573915959978, 0.13982436937324769, 0.2616480331597541, 0.22524019605858384, 0.51574047162892056, 0.57513423419569998, 0.13867801661867918, 0.13613994479682154, 0.20252474960797978, 0.16105126181102844, 0.20302171620898571, 0.17281980130067795, 0.23412954136209205, 0.16392596473770227, 0.46808965010925535, 0.49322128623557143, 0.57807315083246036, 0.85547449011900223, 0.20450659286417952, 0.34554805840376085, 0.14477273081000311, 0.21525104572913595, 0.15156631744093832, 0.13911149883935453, 0.12248470266717314, 0.15223682635877273, 0.41644847638682686, 0.13865091938266314, 0.17657147965793976, 0.19009327191852649, 0.18413808459676662, 0.27120823727923216, 0.15362025889819711, 0.13383643372899531, 0.3421751012372829, 0.15502336582097248, 0.14077316052535047, 0.14872664612898162, 0.18256177558432254, 0.14261431170930622, 0.21427687691240982, 0.19919647147484421, 0.15619326988530222, 0.16185168732355995, 0.15615732340907979, 0.13825231229376675], 'fneg': array([1, 2, 0, 0, 1, 2, 1, 0, 0, 1, 1, 1, 1, 0, 2, 2, 0, 0, 1, 1, 2, 2, 0,
       0, 1, 0, 1, 0, 1, 0, 2, 2, 2, 2, 1, 1, 0, 1, 0, 0, 0, 0, 2, 0, 0, 0,
       0, 1, 0, 0, 1, 0, 0, 0, 0, 0, 1, 0, 0, 0, 0, 0]), 'sensitivity': array([1, 1, 1, 1, 1, 1, 1, 1, 1, 1, 1, 1, 1, 1, 1, 1, 1, 1, 1, 1, 1, 1, 1,
       1, 1, 1, 1, 1, 1, 1, 1, 1, 1, 1, 1, 1, 1, 1, 1, 1, 1, 1, 1, 1, 1, 1,
       1, 1, 1, 1, 1, 1, 1, 1, 1, 1, 1, 1, 1, 1, 1, 1]), 'tpos': array([1, 0, 2, 2, 1, 0, 1, 2, 2, 1, 1, 1, 1, 2, 0, 0, 2, 2, 1, 1, 0, 0, 2,
       2, 1, 2, 1, 2, 1, 2, 0, 0, 0, 0, 1, 1, 2, 1, 2, 2, 2, 2, 0, 2, 2, 2,
       2, 1, 2, 2, 1, 2, 2, 2, 2, 2, 1, 2, 2, 2, 2, 2])}, {'specificity': array([0.93650794, 0.93650794, 0.65079365, 0.52380952, 0.76190476,
       0.95238095, 0.57142857, 0.52380952, 0.52380952, 0.61904762,
       0.79365079, 0.85714286, 0.73015873, 0.52380952, 1.0, 0.84126984,
       0.87301587, 0.96825397, 0.52380952, 0.65079365, 0.58730159,
       0.52380952, 0.80952381, 0.52380952, 0.52380952, 0.52380952,
       0.52380952, 0.52380952, 0.57142857, 0.52380952, 0.84126984,
       0.9047619, 0.9047619, 0.98412698, 0.52380952, 0.52380952,
       0.71428571, 0.71428571, 0.52380952, 0.52380952, 0.52380952,
       0.57142857, 0.52380952, 0.52380952, 0.71428571, 0.52380952,
       0.52380952, 0.71428571, 0.74603175, 0.52380952, 0.52380952,
       0.52380952, 0.52380952, 0.52380952, 0.52380952, 0.52380952,
       0.77777778, 0.52380952, 0.52380952, 0.6031746, 0.52380952,
       0.52380952, 0.52380952]), 'tneg': array([12, 12, 10,  0, 10, 12, 10,  0,  0, 10, 11, 12, 10,  0, 12, 12, 12,
       12,  0, 10, 10,  0, 12,  0,  0,  0,  0,  0, 10,  0, 12, 12, 12, 12,
        0,  0, 10, 10,  0,  0,  0, 10,  0,  0, 10,  0,  0, 10, 10,  0,  0,
        0,  0,  0,  0,  0, 11,  0,  0, 10,  0,  0,  0]), 'fpos': array([ 0,  0,  2, 12,  2,  0,  2, 12, 12,  2,  1,  0,  2, 12,  0,  0,  0,
        0, 12,  2,  2, 12,  0, 12, 12, 12, 12, 12,  2, 12,  0,  0,  0,  0,
       12, 12,  2,  2, 12, 12, 12,  2, 12, 12,  2, 12, 12,  2,  2, 12, 12,
       12, 12, 12, 12, 12,  1, 12, 12,  2, 12, 12, 12]), 'threshold': [0.20853141515659257, 0.20853141515659257, 0.20827272541867586, 0.20824634180829041, 0.20836244811911905, 0.20866349085899602, 0.20825161833330808, 0.20824634180829041, 0.20824634180829041, 0.20826744849953921, 0.20844163885514117, 0.20846804069372343, 0.20833605613366363, 0.20824634180829041, 0.20916594017752863, 0.2084627601289433, 0.20849972615157711, 0.20879562814506678, 0.20824634180829041, 0.20827272541867586, 0.20825689495685537, 0.20824634180829041, 0.20845747966269507, 0.20824634180829041, 0.20824634180829041, 0.20824634180829041, 0.20824634180829041, 0.20824634180829041, 0.20825161833330808, 0.20824634180829041, 0.2084627601289433, 0.20850500740608205, 0.20850500740608205, 0.20907067096817925, 0.20824634180829041, 0.20824634180829041, 0.20828855676726538, 0.20828855676726538, 0.20824634180829041, 0.20824634180829041, 0.20824634180829041, 0.20825161833330808, 0.20824634180829041, 0.20824634180829041, 0.20828855676726538, 0.20824634180829041, 0.20824634180829041, 0.20828855676726538, 0.20835716952496644, 0.20824634180829041, 0.20824634180829041, 0.20824634180829041, 0.20824634180829041, 0.20824634180829041, 0.20824634180829041, 0.20824634180829041, 0.20840468041945501, 0.20824634180829041, 0.20824634180829041, 0.20826217167893241, 0.20824634180829041, 0.20824634180829041, 0.20824634180829041], 'fneg': array([3, 3, 1, 0, 1, 3, 0, 0, 0, 1, 2, 2, 1, 0, 4, 2, 2, 3, 0, 1, 0, 0, 2,
       0, 0, 0, 0, 0, 0, 0, 2, 2, 2, 4, 0, 0, 1, 1, 0, 0, 0, 0, 0, 0, 1, 0,
       0, 1, 1, 0, 0, 0, 0, 0, 0, 0, 1, 0, 0, 0, 0, 0, 0]), 'sensitivity': array([1, 1, 1, 1, 1, 1, 1, 1, 1, 1, 1, 1, 1, 1, 1, 1, 1, 1, 1, 1, 1, 1, 1,
       1, 1, 1, 1, 1, 1, 1, 1, 1, 1, 1, 1, 1, 1, 1, 1, 1, 1, 1, 1, 1, 1, 1,
       1, 1, 1, 1, 1, 1, 1, 1, 1, 1, 1, 1, 1, 1, 1, 1, 1]), 'tpos': array([1, 1, 3, 4, 3, 1, 4, 4, 4, 3, 2, 2, 3, 4, 0, 2, 2, 1, 4, 3, 4, 4, 2,
       4, 4, 4, 4, 4, 4, 4, 2, 2, 2, 0, 4, 4, 3, 3, 4, 4, 4, 4, 4, 4, 3, 4,
       4, 3, 3, 4, 4, 4, 4, 4, 4, 4, 3, 4, 4, 4, 4, 4, 4])}, {'specificity': array([0.921875, 0.625, 0.65625, 0.765625, 0.90625, 0.9375, 0.59375,
       0.546875, 0.828125, 0.875, 0.734375, 0.546875, 1.0, 0.890625,
       0.953125, 0.546875, 0.65625, 0.84375, 0.796875, 0.96875, 0.546875,
       0.546875, 0.546875, 0.546875, 0.546875, 0.546875, 0.546875, 0.59375,
       0.546875, 0.859375, 0.984375, 0.546875, 0.546875, 0.71875, 0.71875,
       0.546875, 0.546875, 0.546875, 0.546875, 0.59375, 0.546875, 0.546875,
       0.546875, 0.546875, 0.546875, 0.71875, 0.8125, 0.546875, 0.71875,
       0.75, 0.546875, 0.546875, 0.546875, 0.546875, 0.546875, 0.546875,
       0.546875, 0.546875, 0.796875, 0.546875, 0.546875, 0.625, 0.546875,
       0.546875]), 'tneg': array([11,  9, 10, 10, 11, 11,  8,  0, 10, 11, 10,  0, 11, 11, 11,  0, 10,
       10, 10, 11,  0,  0,  0,  0,  0,  0,  0,  8,  0, 11, 11,  0,  0, 10,
       10,  0,  0,  0,  0,  8,  0,  0,  0,  0,  0, 10, 10,  0, 10, 10,  0,
        0,  0,  0,  0,  0,  0,  0, 10,  0,  0,  9,  0,  0]), 'fpos': array([ 0,  2,  1,  1,  0,  0,  3, 11,  1,  0,  1, 11,  0,  0,  0, 11,  1,
        1,  1,  0, 11, 11, 11, 11, 11, 11, 11,  3, 11,  0,  0, 11, 11,  1,
        1, 11, 11, 11, 11,  3, 11, 11, 11, 11, 11,  1,  1, 11,  1,  1, 11,
       11, 11, 11, 11, 11, 11, 11,  1, 11, 11,  2, 11, 11]), 'threshold': [0.21673010839145573, 0.21639576395019403, 0.216408868460574, 0.21652027999029405, 0.21671043073246957, 0.2168941391400098, 0.21638266001422105, 0.21637610826163758, 0.21661861874488519, 0.21665140550957018, 0.21648750758532501, 0.21637610826163758, 0.21751827441140803, 0.21669075436582339, 0.21705825963116221, 0.21637610826163758, 0.216408868460574, 0.21663173301997293, 0.21657272330535624, 0.21711736497639611, 0.21637610826163758, 0.21637610826163758, 0.21637610826163758, 0.21637610826163758, 0.21637610826163758, 0.21637610826163758, 0.21637610826163758, 0.21638266001422105, 0.21637610826163758, 0.21664484786944258, 0.21739991770321462, 0.21637610826163758, 0.21637610826163758, 0.21642852630315423, 0.21642852630315423, 0.21637610826163758, 0.21637610826163758, 0.21637610826163758, 0.21637610826163758, 0.21638266001422105, 0.21637610826163758, 0.21637610826163758, 0.21637610826163758, 0.21637610826163758, 0.21637610826163758, 0.21642852630315423, 0.21661206182273496, 0.21637610826163758, 0.21642852630315423, 0.21651372522210255, 0.21637610826163758, 0.21637610826163758, 0.21637610826163758, 0.21637610826163758, 0.21637610826163758, 0.21637610826163758, 0.21637610826163758, 0.21637610826163758, 0.21657272330535624, 0.21637610826163758, 0.21637610826163758, 0.21639576395019403, 0.21637610826163758, 0.21637610826163758], 'fneg': array([4, 0, 0, 0, 3, 4, 0, 0, 0, 1, 0, 0, 4, 1, 4, 0, 0, 0, 0, 4, 0, 0, 0,
       0, 0, 0, 0, 0, 0, 1, 4, 0, 0, 0, 0, 0, 0, 0, 0, 0, 0, 0, 0, 0, 0, 0,
       0, 0, 0, 0, 0, 0, 0, 0, 0, 0, 0, 0, 0, 0, 0, 0, 0, 0]), 'sensitivity': array([1, 1, 1, 1, 1, 1, 1, 1, 1, 1, 1, 1, 1, 1, 1, 1, 1, 1, 1, 1, 1, 1, 1,
       1, 1, 1, 1, 1, 1, 1, 1, 1, 1, 1, 1, 1, 1, 1, 1, 1, 1, 1, 1, 1, 1, 1,
       1, 1, 1, 1, 1, 1, 1, 1, 1, 1, 1, 1, 1, 1, 1, 1, 1, 1]), 'tpos': array([0, 4, 4, 4, 1, 0, 4, 4, 4, 3, 4, 4, 0, 3, 0, 4, 4, 4, 4, 0, 4, 4, 4,
       4, 4, 4, 4, 4, 4, 3, 0, 4, 4, 4, 4, 4, 4, 4, 4, 4, 4, 4, 4, 4, 4, 4,
       4, 4, 4, 4, 4, 4, 4, 4, 4, 4, 4, 4, 4, 4, 4, 4, 4, 4])}, {'specificity': array([0.95238095, 0.95238095, 0.61904762, 0.66666667, 0.55555556,
       0.73015873, 0.92063492, 0.96825397, 0.55555556, 0.63492063,
       0.79365079, 0.85714286, 0.84126984, 0.87301587, 0.98412698,
       0.55555556, 0.66666667, 0.6031746, 0.55555556, 0.80952381,
       0.76190476, 0.82539683, 1.0, 0.55555556, 0.55555556, 0.55555556,
       0.55555556, 0.55555556, 0.55555556, 0.55555556, 0.55555556,
       0.58730159, 0.55555556, 0.9047619, 0.9047619, 0.55555556,
       0.71428571, 0.71428571, 0.55555556, 0.55555556, 0.55555556,
       0.58730159, 0.55555556, 0.55555556, 0.55555556, 0.55555556,
       0.55555556, 0.71428571, 0.77777778, 0.55555556, 0.55555556,
       0.55555556, 0.55555556, 0.55555556, 0.55555556, 0.55555556,
       0.55555556, 0.55555556, 0.55555556, 0.76190476, 0.55555556,
       0.55555556, 0.55555556]), 'tneg': array([10, 10,  7,  7,  6,  9, 10, 10,  6,  7,  9, 10,  9, 10, 10,  6,  7,
        6,  6,  9,  9,  9, 10,  6,  6,  6,  6,  6,  6,  6,  6,  6,  6, 10,
       10,  6,  8,  8,  6,  6,  6,  6,  6,  6,  6,  6,  6,  8,  9,  6,  6,
        6,  6,  6,  6,  6,  6,  6,  6,  9,  6,  6,  6]), 'fpos': array([0, 0, 3, 3, 4, 1, 0, 0, 4, 3, 1, 0, 1, 0, 0, 4, 3, 4, 4, 1, 1, 1, 0,
       4, 4, 4, 4, 4, 4, 4, 4, 4, 4, 0, 0, 4, 2, 2, 4, 4, 4, 4, 4, 4, 4, 4,
       4, 2, 1, 4, 4, 4, 4, 4, 4, 4, 4, 4, 4, 1, 4, 4, 4]), 'threshold': [0.16197975541203549, 0.16197975541203549, 0.16151561216186033, 0.1615337936112079, 0.16148834308579513, 0.16168840264906917, 0.16195242310915675, 0.16220766933089656, 0.16148834308579513, 0.16152470267999858, 0.16182492155729197, 0.16187044852494428, 0.1618613423047206, 0.16192509452715254, 0.16243584177685055, 0.16148834308579513, 0.1615337936112079, 0.16150652205678548, 0.16148834308579513, 0.16184313110432835, 0.16176120116196019, 0.16185223649785119, 0.16251804716762702, 0.16148834308579513, 0.16148834308579513, 0.16148834308579513, 0.16148834308579513, 0.16148834308579513, 0.16148834308579513, 0.16148834308579513, 0.16148834308579513, 0.1614974323647663, 0.16148834308579513, 0.16193420364106947, 0.16193420364106947, 0.16148834308579513, 0.16156106888333882, 0.16156106888333882, 0.16148834308579513, 0.16148834308579513, 0.16148834308579513, 0.1614974323647663, 0.16148834308579513, 0.16148834308579513, 0.16148834308579513, 0.16148834308579513, 0.16148834308579513, 0.16156106888333882, 0.16181581740376316, 0.16148834308579513, 0.16148834308579513, 0.16148834308579513, 0.16148834308579513, 0.16148834308579513, 0.16148834308579513, 0.16148834308579513, 0.16148834308579513, 0.16148834308579513, 0.16148834308579513, 0.16176120116196019, 0.16148834308579513, 0.16148834308579513, 0.16148834308579513], 'fneg': array([4, 4, 3, 3, 2, 4, 4, 4, 2, 3, 4, 4, 4, 4, 4, 2, 3, 3, 2, 4, 4, 4, 4,
       2, 2, 2, 2, 2, 2, 2, 2, 3, 2, 4, 4, 2, 3, 3, 2, 2, 2, 3, 2, 2, 2, 2,
       2, 3, 4, 2, 2, 2, 2, 2, 2, 2, 2, 2, 2, 4, 2, 2, 2]), 'sensitivity': array([1, 1, 1, 1, 1, 1, 1, 1, 1, 1, 1, 1, 1, 1, 1, 1, 1, 1, 1, 1, 1, 1, 1,
       1, 1, 1, 1, 1, 1, 1, 1, 1, 1, 1, 1, 1, 1, 1, 1, 1, 1, 1, 1, 1, 1, 1,
       1, 1, 1, 1, 1, 1, 1, 1, 1, 1, 1, 1, 1, 1, 1, 1, 1]), 'tpos': array([2, 2, 3, 3, 4, 2, 2, 2, 4, 3, 2, 2, 2, 2, 2, 4, 3, 3, 4, 2, 2, 2, 2,
       4, 4, 4, 4, 4, 4, 4, 4, 3, 4, 2, 2, 4, 3, 3, 4, 4, 4, 3, 4, 4, 4, 4,
       4, 3, 2, 4, 4, 4, 4, 4, 4, 4, 4, 4, 4, 2, 4, 4, 4])}, {'specificity': array([0.8125, 0.59375, 0.859375, 0.890625, 0.171875, 0.828125, 0.78125,
       0.109375, 0.09375, 0.75, 0.421875, 0.28125, 0.984375, 0.734375,
       0.84375, 0.71875, 0.4375, 0.625, 0.390625, 0.296875, 0.703125,
       0.5625, 0.796875, 0.96875, 0.21875, 0.515625, 0.671875, 0.125,
       0.453125, 0.5, 0.921875, 0.90625, 0.953125, 1.0, 0.375, 0.578125,
       0.53125, 0.09375, 0.09375, 0.09375, 0.640625, 0.46875, 0.3125,
       0.328125, 0.1875, 0.265625, 0.765625, 0.9375, 0.609375, 0.6875,
       0.40625, 0.65625, 0.25, 0.15625, 0.359375, 0.484375, 0.203125,
       0.546875, 0.140625, 0.875, 0.34375, 0.234375, 0.09375, 0.09375]), 'tneg': array([11,  6, 11, 12,  1, 11, 11,  1,  0, 10,  2,  1, 12, 10, 11,  9,  2,
        8,  1,  1,  9,  6, 11, 12,  1,  4,  9,  1,  2,  3, 12, 12, 12, 12,
        1,  6,  5,  0,  0,  0,  9,  2,  1,  1,  1,  1, 10, 12,  7,  9,  1,
        9,  1,  1,  1,  3,  1,  5,  1, 12,  1,  1,  0,  0]), 'fpos': array([ 1,  6,  1,  0, 11,  1,  1, 11, 12,  2, 10, 11,  0,  2,  1,  3, 10,
        4, 11, 11,  3,  6,  1,  0, 11,  8,  3, 11, 10,  9,  0,  0,  0,  0,
       11,  6,  7, 12, 12, 12,  3, 10, 11, 11, 11, 11,  2,  0,  5,  3, 11,
        3, 11, 11, 11,  9, 11,  7, 11,  0, 11, 11, 12, 12]), 'threshold': [0.27941685525834392, 0.19797788838156954, 0.29127920765167886, 0.3120994240220164, 0.16856120757601584, 0.2806690725010425, 0.27375361739603199, 0.16761906323928619, 0.16732067480736124, 0.26198739273570903, 0.18468875873385657, 0.17179577504405891, 0.42676153602516875, 0.26151981985912504, 0.29065416457252224, 0.2529259204752306, 0.18495293956523734, 0.20457159625488469, 0.17942156154008174, 0.17251574665930461, 0.24224147840930546, 0.19642439715653584, 0.27835925746678258, 0.39119217534170664, 0.17020806731748042, 0.1904895849475812, 0.21734435103775499, 0.16784130571548872, 0.18658152293097158, 0.19012121273408991, 0.33232344578565443, 0.33123260823667894, 0.34803559794084971, 0.46315366511945016, 0.17636521398086558, 0.19675323323322558, 0.191329950629999, 0.16732067480736124, 0.16732067480736124, 0.16732067480736124, 0.21353106739784447, 0.18666679136879913, 0.17285158005900442, 0.17300944319189146, 0.16890152577496667, 0.17108197082804003, 0.26435047683083263, 0.33754665644561299, 0.2003487055870275, 0.23987899189566336, 0.18118496449877081, 0.21548765743813819, 0.17068915543917609, 0.16840367917438232, 0.17626322825933641, 0.189130826349096, 0.16966360954905807, 0.1931459286670508, 0.16807595557417068, 0.30656591706632164, 0.17596789082412015, 0.17051518783499803, 0.16732067480736124, 0.16732067480736124], 'fneg': array([3, 1, 3, 3, 0, 3, 3, 0, 0, 3, 1, 0, 3, 3, 3, 3, 1, 1, 1, 0, 2, 1, 3,
       3, 0, 1, 1, 0, 1, 1, 3, 3, 3, 3, 0, 1, 1, 0, 0, 0, 1, 1, 0, 0, 0, 0,
       3, 3, 1, 2, 1, 1, 0, 0, 0, 1, 0, 1, 0, 3, 0, 0, 0, 0]), 'sensitivity': array([1, 1, 1, 1, 1, 1, 1, 1, 1, 1, 1, 1, 1, 1, 1, 1, 1, 1, 1, 1, 1, 1, 1,
       1, 1, 1, 1, 1, 1, 1, 1, 1, 1, 1, 1, 1, 1, 1, 1, 1, 1, 1, 1, 1, 1, 1,
       1, 1, 1, 1, 1, 1, 1, 1, 1, 1, 1, 1, 1, 1, 1, 1, 1, 1]), 'tpos': array([0, 2, 0, 0, 3, 0, 0, 3, 3, 0, 2, 3, 0, 0, 0, 0, 2, 2, 2, 3, 1, 2, 0,
       0, 3, 2, 2, 3, 2, 2, 0, 0, 0, 0, 3, 2, 2, 3, 3, 3, 2, 2, 3, 3, 3, 3,
       0, 0, 2, 1, 2, 2, 3, 3, 3, 2, 3, 2, 3, 0, 3, 3, 3, 3])}], <Model object at 0x00000000000003DC>)
