#gbm
([{'specificity': array([1.0, 0.69565217, 0.13043478, 0.54347826, 0.82608696, 0.89130435,
       0.58695652, 0.67391304, 0.23913043, 0.34782609, 0.17391304,
       0.7173913, 0.2173913, 0.2826087, 0.15217391, 0.76086957, 0.80434783,
       0.95652174, 0.45652174, 0.65217391, 0.73913043, 0.93478261,
       0.97826087, 0.36956522, 0.60869565, 0.7826087, 0.63043478,
       0.086956522, 0.41304348, 0.47826087, 0.86956522, 0.91304348,
       0.39130435, 0.30434783, 0.84782609, 0.56521739, 0.02173913,
       0.26086957, 0.19565217, 0.32608696, 0.10869565, 0.52173913, 0.5,
       0.065217391, 0.43478261, 0.043478261]), 'tneg': array([14,  6,  1,  5,  8,  9,  5,  5,  1,  3,  1,  6,  1,  1,  1,  6,  7,
       14,  4,  5,  6, 12, 14,  3,  5,  6,  5,  1,  3,  4,  9, 11,  3,  2,
        9,  5,  0,  1,  1,  3,  1,  4,  4,  1,  3,  1]), 'fpos': array([ 0,  8, 13,  9,  6,  5,  9,  9, 13, 11, 13,  8, 13, 13, 13,  8,  7,
        0, 10,  9,  8,  2,  0, 11,  9,  8,  9, 13, 11, 10,  5,  3, 11, 12,
        5,  9, 14, 13, 13, 11, 13, 10, 10, 13, 11, 13]), 'threshold': [0.1470615880281968, -1.8598404786261129, -2.6331462979802485, -2.0010582894159494, -1.5047252743528872, -1.1794190757495837, -1.9925023546830967, -1.9333496811808666, -2.4862375903298988, -2.3092910187099385, -2.5875373617244191, -1.814763617755738, -2.54538209090823, -2.4158684546935802, -2.602173511318743, -1.7701136815471001, -1.6289817460522831, -0.47948937042569995, -2.1048298431254229, -1.9758272288969743, -1.7936401247341822, -0.80081939567832228, -0.23335599728756509, -2.2625167721681958, -1.9842632093005315, -1.7468295286517337, -1.9771545316869741, -2.7110542300916562, -2.2136677286827564, -2.0359453691358476, -1.2653860174108684, -0.87950667995054421, -2.2276710883713506, -2.3679383105198486, -1.4646901888867487, -1.9932547819799058, -2.79611752751248, -2.4318236579563584, -2.5463386772070011, -2.3136328848962489, -2.6464235328831989, -2.0260228364418844, -2.029826814879621, -2.7270938377098939, -2.1924197378273784, -2.7682074877982812], 'fneg': array([3, 0, 0, 0, 0, 1, 0, 0, 0, 0, 0, 0, 0, 0, 0, 0, 0, 1, 0, 0, 0, 1, 2,
       0, 0, 0, 0, 0, 0, 0, 0, 1, 0, 0, 0, 0, 0, 0, 0, 0, 0, 0, 0, 0, 0, 0]), 'sensitivity': array([0.5625, 1.0, 1.0, 1.0, 1.0, 1.0, 1.0, 1.0, 1.0, 1.0, 1.0, 1.0, 1.0,
       1.0, 1.0, 1.0, 1.0, 0.8125, 1.0, 1.0, 1.0, 1.0, 0.6875, 1.0, 1.0,
       1.0, 1.0, 1.0, 1.0, 1.0, 1.0, 1.0, 1.0, 1.0, 1.0, 1.0, 1.0, 1.0,
       1.0, 1.0, 1.0, 1.0, 1.0, 1.0, 1.0, 1.0]), 'tpos': array([0, 3, 3, 3, 3, 2, 3, 3, 3, 3, 3, 3, 3, 3, 3, 3, 3, 2, 3, 3, 3, 2, 1,
       3, 3, 3, 3, 3, 3, 3, 3, 2, 3, 3, 3, 3, 3, 3, 3, 3, 3, 3, 3, 3, 3, 3])}, {'specificity': array([1.0, 0.29166667, 0.10416667, 0.375, 0.35416667, 0.89583333,
       0.95833333, 0.83333333, 0.64583333, 0.39583333, 0.75, 0.14583333,
       0.70833333, 0.22916667, 0.125, 0.875, 0.47916667, 0.041666667,
       0.91666667, 0.72916667, 0.77083333, 0.85416667, 0.58333333, 0.4375,
       0.6875, 0.97916667, 0.66666667, 0.79166667, 0.60416667, 0.020833333,
       0.9375, 0.16666667, 0.20833333, 0.5, 0.8125, 0.1875, 0.52083333,
       0.27083333, 0.25, 0.3125, 0.45833333, 0.625, 0.54166667,
       0.083333333, 0.41666667, 0.33333333, 0.5625, 0.0625]), 'tneg': array([12,  1,  0,  2,  1,  6,  9,  5,  3,  3,  4,  0,  4,  0,  0,  6,  3,
        0,  8,  4,  5,  5,  3,  3,  3,  9,  3,  5,  3,  0,  8,  0,  0,  3,
        5,  0,  3,  1,  0,  1,  3,  3,  3,  0,  3,  1,  3,  0]), 'fpos': array([ 0, 11, 12, 10, 11,  6,  3,  7,  9,  9,  8, 12,  8, 12, 12,  6,  9,
       12,  4,  8,  7,  7,  9,  9,  9,  3,  9,  7,  9, 12,  4, 12, 12,  9,
        7, 12,  9, 11, 12, 11,  9,  9,  9, 12,  9, 11,  9, 12]), 'threshold': [0.55848383015827285, -2.3170111694026767, -2.5880730089368753, -2.253229714539045, -2.2947009259475437, -1.042521962405409, -0.63202283594706754, -1.6666220947941022, -2.0357862207145017, -2.220389638358947, -1.8702595530682493, -2.5478775437660093, -1.9254049815366938, -2.4156556060391079, -2.5879213057162471, -1.2559151183570183, -2.1339102928914633, -2.7062792440310988, -0.86110577298636437, -1.925043146002051, -1.81957162039584, -1.5543974669466578, -2.0620545822354148, -2.1563173756046505, -2.0010250184909557, -0.55059450774764418, -2.0255469263736217, -1.7260862716612049, -2.0588371801910843, -2.77925910331058, -0.82206506149351044, -2.5458056043891686, -2.4399183738662948, -2.1316397904474851, -1.6912354223686064, -2.4746790639262231, -2.1262184428764974, -2.3799319207494394, -2.4100377484538349, -2.3031101621869929, -2.1427026643641627, -2.0522608866897722, -2.1142361422561415, -2.6882253963503322, -2.1734085900404865, -2.2978566356098331, -2.100184588806342, -2.7037205698688971], 'fneg': array([2, 0, 0, 0, 0, 2, 2, 1, 0, 0, 1, 0, 0, 0, 0, 2, 0, 0, 2, 0, 1, 1, 0,
       0, 0, 2, 0, 1, 0, 0, 2, 0, 0, 0, 1, 0, 0, 0, 0, 0, 0, 0, 0, 0, 0, 0,
       0, 0]), 'sensitivity': array([0.13333333, 1.0, 1.0, 1.0, 1.0, 1.0, 0.8, 1.0, 1.0, 1.0, 1.0, 1.0,
       1.0, 1.0, 1.0, 1.0, 1.0, 1.0, 0.93333333, 1.0, 1.0, 1.0, 1.0, 1.0,
       1.0, 0.73333333, 1.0, 1.0, 1.0, 1.0, 0.93333333, 1.0, 1.0, 1.0, 1.0,
       1.0, 1.0, 1.0, 1.0, 1.0, 1.0, 1.0, 1.0, 1.0, 1.0, 1.0, 1.0, 1.0]), 'tpos': array([2, 4, 4, 4, 4, 2, 2, 3, 4, 4, 3, 4, 4, 4, 4, 2, 4, 4, 2, 4, 3, 3, 4,
       4, 4, 2, 4, 3, 4, 4, 2, 4, 4, 4, 3, 4, 4, 4, 4, 4, 4, 4, 4, 4, 4, 4,
       4, 4])}, {'specificity': array([1.0, 0.67346939, 0.10204082, 0.51020408, 0.36734694, 0.40816327,
       0.71428571, 0.85714286, 0.65306122, 0.6122449, 0.57142857,
       0.83673469, 0.26530612, 0.24489796, 0.12244898, 0.16326531,
       0.55102041, 0.30612245, 0.46938776, 0.040816327, 0.020408163,
       0.28571429, 0.93877551, 0.81632653, 0.69387755, 0.87755102,
       0.34693878, 0.48979592, 0.91836735, 0.97959184, 0.53061224,
       0.42857143, 0.14285714, 0.95918367, 0.06122449, 0.18367347,
       0.7755102, 0.59183673, 0.89795918, 0.2244898, 0.20408163,
       0.79591837, 0.75510204, 0.32653061, 0.3877551, 0.44897959,
       0.63265306, 0.73469388, 0.081632653]), 'tneg': array([11,  3,  0,  2,  0,  2,  3,  8,  3,  2,  2,  5,  0,  0,  0,  0,  2,
        0,  2,  0,  0,  0, 10,  5,  3,  9,  0,  2, 10, 10,  2,  2,  0, 10,
        0,  0,  5,  2, 10,  0,  0,  5,  4,  0,  2,  2,  3,  4,  0]), 'fpos': array([ 0,  8, 11,  9, 11,  9,  8,  3,  8,  9,  9,  6, 11, 11, 11, 11,  9,
       11,  9, 11, 11, 11,  1,  6,  8,  2, 11,  9,  1,  1,  9,  9, 11,  1,
       11, 11,  6,  9,  1, 11, 11,  6,  7, 11,  9,  9,  8,  7, 11]), 'threshold': [0.85105200175075246, -2.5592488456354752, -3.7953831155693427, -3.120594048514409, -3.5711140389110407, -3.42824880033541, -2.5365975125698945, -1.5022551478700914, -2.6723016177189325, -2.7425270493572675, -2.8207666762558516, -1.9602390519643638, -3.6407670757371928, -3.6566799472037754, -3.7535343430201564, -3.6867614247471234, -2.9874072058454488, -3.6176624382216631, -3.1748487139956802, -3.839201208671799, -3.901411573279129, -3.6241738583473526, -0.71685821503279235, -1.9913946807730325, -2.5487666080954634, -1.2276068592346321, -3.5913245635186084, -3.1529678591066164, -1.0487158457919255, -0.37322972637471358, -3.0888381770631357, -3.3605831872310086, -3.746300691055779, -0.56237778241491243, -3.8274052120734012, -3.6760089627553989, -2.1410392296106822, -2.7826104509517857, -1.0781007858849179, -3.6609824719900295, -3.6741690124910469, -2.0217115180000378, -2.348276944568493, -3.6054148276339282, -3.4846878461993009, -3.3315769436275535, -2.6773073910370218, -2.3896477486573309, -3.7994302213875155], 'fneg': array([4, 2, 0, 1, 1, 1, 2, 2, 2, 2, 2, 2, 0, 0, 0, 0, 2, 1, 1, 0, 0, 0, 3,
       2, 2, 2, 1, 1, 2, 3, 1, 1, 0, 3, 0, 0, 2, 2, 2, 0, 0, 2, 2, 1, 1, 1,
       2, 2, 0]), 'sensitivity': array([0.4, 1.0, 1.0, 1.0, 1.0, 1.0, 1.0, 1.0, 1.0, 1.0, 1.0, 1.0, 1.0,
       1.0, 1.0, 1.0, 1.0, 1.0, 1.0, 1.0, 1.0, 1.0, 0.93333333, 1.0, 1.0,
       1.0, 1.0, 1.0, 1.0, 0.86666667, 1.0, 1.0, 1.0, 0.86666667, 1.0, 1.0,
       1.0, 1.0, 1.0, 1.0, 1.0, 1.0, 1.0, 1.0, 1.0, 1.0, 1.0, 1.0, 1.0]), 'tpos': array([0, 2, 4, 3, 3, 3, 2, 2, 2, 2, 2, 2, 4, 4, 4, 4, 2, 3, 3, 4, 4, 4, 1,
       2, 2, 2, 3, 3, 2, 1, 3, 3, 4, 1, 4, 4, 2, 2, 2, 4, 4, 2, 2, 3, 3, 3,
       2, 2, 4])}, {'specificity': array([0.51020408, 0.42857143, 0.81632653, 0.91836735, 0.53061224,
       0.28571429, 0.040816327, 0.46938776, 0.14285714, 0.081632653,
       0.75510204, 0.16326531, 0.3877551, 0.20408163, 0.020408163,
       0.24489796, 1.0, 0.65306122, 0.83673469, 0.67346939, 0.93877551,
       0.55102041, 0.79591837, 0.95918367, 0.97959184, 0.26530612,
       0.59183673, 0.6122449, 0.69387755, 0.06122449, 0.87755102,
       0.12244898, 0.48979592, 0.57142857, 0.73469388, 0.85714286,
       0.30612245, 0.40816327, 0.89795918, 0.7755102, 0.10204082,
       0.32653061, 0.2244898, 0.63265306, 0.71428571, 0.18367347,
       0.34693878, 0.36734694, 0.44897959]), 'tneg': array([4, 4, 9, 9, 4, 3, 0, 4, 2, 0, 5, 2, 4, 2, 0, 3, 9, 5, 9, 5, 9, 4, 5,
       9, 9, 3, 4, 4, 5, 0, 9, 2, 4, 4, 5, 9, 3, 4, 9, 5, 1, 3, 3, 4, 5, 2,
       3, 4, 4]), 'fpos': array([ 7,  7,  2,  2,  7,  8, 11,  7,  9, 11,  6,  9,  7,  9, 11,  8,  2,
        6,  2,  6,  2,  7,  6,  2,  2,  8,  7,  7,  6, 11,  2,  9,  7,  7,
        6,  2,  8,  7,  2,  6, 10,  8,  8,  7,  6,  9,  8,  7,  7]), 'threshold': [-2.6166504850571477, -2.7924244975781831, -1.5881610200768195, -1.2873818472928238, -2.5713087824727352, -2.9915235330628045, -3.4024668650078258, -2.6844715168078332, -3.1910449280773, -3.2548928626795477, -2.0390636558123378, -3.1894558484158946, -2.8135476710263307, -3.1773627286583239, -3.4507722851884206, -3.1084086754726443, -0.979378446015558, -2.2809899318161269, -1.5820670947844173, -2.2609649585889349, -1.2340091170235836, -2.499477519468527, -2.0009294693491007, -1.114914620188159, -1.0659893443850952, -3.0180823140515969, -2.4218753338762511, -2.3890381614709675, -2.1555573473982546, -3.3483289743682407, -1.3817415144789436, -3.194772798714971, -2.6662136982310249, -2.4226935288578417, -2.0468190842996896, -1.4254985422250439, -2.9390562796734905, -2.8019678413492533, -1.3685605036372448, -2.0326498353432907, -3.21896399081887, -2.9178659717506465, -3.1104135643233679, -2.3811473147653031, -2.0659343208461034, -3.1837477031347365, -2.8909068745563449, -2.8340247267206626, -2.7047482068756277], 'fneg': array([0, 0, 1, 1, 0, 0, 0, 0, 0, 0, 0, 0, 0, 0, 0, 0, 3, 0, 1, 0, 2, 0, 0,
       3, 3, 0, 0, 0, 0, 0, 1, 0, 0, 0, 0, 1, 0, 0, 1, 0, 0, 0, 0, 0, 0, 0,
       0, 0, 0]), 'sensitivity': array([1.0, 1.0, 1.0, 1.0, 1.0, 1.0, 1.0, 1.0, 1.0, 1.0, 1.0, 1.0, 1.0,
       1.0, 1.0, 1.0, 1.0, 1.0, 1.0, 1.0, 1.0, 1.0, 1.0, 1.0, 1.0, 1.0,
       1.0, 1.0, 1.0, 1.0, 1.0, 1.0, 1.0, 1.0, 1.0, 1.0, 1.0, 1.0, 1.0,
       1.0, 1.0, 1.0, 1.0, 1.0, 1.0, 1.0, 1.0, 1.0, 1.0]), 'tpos': array([5, 5, 4, 4, 5, 5, 5, 5, 5, 5, 5, 5, 5, 5, 5, 5, 2, 5, 4, 5, 3, 5, 5,
       2, 2, 5, 5, 5, 5, 5, 4, 5, 5, 5, 5, 4, 5, 5, 4, 5, 5, 5, 5, 5, 5, 5,
       5, 5, 5])}, {'specificity': array([1.0, 0.14583333, 0.58333333, 0.72916667, 0.79166667, 0.83333333,
       0.85416667, 0.5625, 0.47916667, 0.375, 0.60416667, 0.16666667,
       0.125, 0.33333333, 0.10416667, 0.020833333, 0.52083333, 0.89583333,
       0.77083333, 0.75, 0.95833333, 0.29166667, 0.625, 0.97916667,
       0.45833333, 0.41666667, 0.6875, 0.91666667, 0.1875, 0.4375, 0.3125,
       0.70833333, 0.8125, 0.9375, 0.875, 0.66666667, 0.083333333,
       0.22916667, 0.25, 0.35416667, 0.54166667, 0.5, 0.64583333, 0.0625,
       0.20833333, 0.27083333, 0.39583333, 0.041666667]), 'tneg': array([12,  1,  5,  5, 10, 11, 11,  5,  5,  4,  5,  1,  1,  2,  1,  0,  5,
       11,  9,  8, 12,  2,  5, 12,  5,  5,  5, 11,  1,  5,  2,  5, 11, 11,
       11,  5,  0,  1,  1,  3,  5,  5,  5,  0,  1,  2,  5,  0]), 'fpos': array([ 0, 11,  7,  7,  2,  1,  1,  7,  7,  8,  7, 11, 11, 10, 11, 12,  7,
        1,  3,  4,  0, 10,  7,  0,  7,  7,  7,  1, 11,  7, 10,  7,  1,  1,
        1,  7, 12, 11, 11,  9,  7,  7,  7, 12, 11, 10,  7, 12]), 'threshold': [-0.24014634343241384, -2.0937970011399734, -1.7599892060030595, -1.6544779534219274, -1.2855541673161497, -1.1888731824619885, -1.1679002677363735, -1.7614806324142933, -1.85819817796925, -1.9330861110008624, -1.7566368224548998, -2.0666207593838388, -2.0985362840377082, -1.9928391003164545, -2.1222526877753003, -2.2677166910690882, -1.7966257070119998, -1.0909698474391205, -1.3223782900041297, -1.3847418697924483, -0.70835653349281813, -2.0025785754084007, -1.7395121300804519, -0.56104721248619949, -1.8672808277088071, -1.8787573017342314, -1.7210872241713378, -0.89425014015293347, -2.0633690646318019, -1.8728801830992483, -1.9935085983186525, -1.6659948272903498, -1.1944273857174088, -0.77859651455102774, -1.1312413257793192, -1.7213221506609764, -2.1476218436357479, -2.0188635869524156, -2.0127667117214414, -1.9627350718116228, -1.7908067478521721, -1.8198063596975125, -1.7284391578419398, -2.1533839750985395, -2.0293060912221419, -2.0053265736420021, -1.8954060882716939, -2.1850166039840544], 'fneg': array([2, 0, 0, 0, 1, 1, 1, 0, 0, 0, 0, 0, 0, 0, 0, 0, 0, 1, 1, 1, 2, 0, 0,
       2, 0, 0, 0, 1, 0, 0, 0, 0, 1, 2, 1, 0, 0, 0, 0, 0, 0, 0, 0, 0, 0, 0,
       0, 0]), 'sensitivity': array([0.375, 1.0, 1.0, 1.0, 1.0, 1.0, 1.0, 1.0, 1.0, 1.0, 1.0, 1.0, 1.0,
       1.0, 1.0, 1.0, 1.0, 1.0, 1.0, 1.0, 0.625, 1.0, 1.0, 0.5625, 1.0,
       1.0, 1.0, 0.8125, 1.0, 1.0, 1.0, 1.0, 1.0, 0.625, 1.0, 1.0, 1.0,
       1.0, 1.0, 1.0, 1.0, 1.0, 1.0, 1.0, 1.0, 1.0, 1.0, 1.0]), 'tpos': array([1, 3, 3, 3, 2, 2, 2, 3, 3, 3, 3, 3, 3, 3, 3, 3, 3, 2, 2, 2, 1, 3, 3,
       1, 3, 3, 3, 2, 3, 3, 3, 3, 2, 1, 2, 3, 3, 3, 3, 3, 3, 3, 3, 3, 3, 3,
       3, 3])}], <Model object at 0x00000000000003DC>)
#gbm
([{'specificity': array([0.97777778, 0.66666667, 0.28888889, 0.37777778, 0.55555556,
       0.57777778, 1.0, 0.73333333, 0.8, 0.42222222, 0.13333333,
       0.44444444, 0.6, 0.24444444, 0.4, 0.022222222, 0.2, 0.33333333,
       0.53333333, 0.84444444, 0.26666667, 0.82222222, 0.95555556,
       0.62222222, 0.31111111, 0.88888889, 0.15555556, 0.22222222,
       0.088888889, 0.77777778, 0.86666667, 0.91111111, 0.51111111,
       0.066666667, 0.75555556, 0.71111111, 0.46666667, 0.11111111,
       0.35555556, 0.68888889, 0.17777778, 0.48888889, 0.93333333,
       0.64444444, 0.044444444]), 'tneg': array([12,  7,  3,  3,  7,  7, 12,  8,  9,  4,  3,  5,  7,  3,  3,  0,  3,
        3,  7,  9,  3,  9, 12,  7,  3, 10,  3,  3,  2,  9, 10, 10,  7,  2,
        9,  8,  6,  3,  3,  8,  3,  7, 11,  7,  1]), 'fpos': array([ 0,  5,  9,  9,  5,  5,  0,  4,  3,  8,  9,  7,  5,  9,  9, 12,  9,
        9,  5,  3,  9,  3,  0,  5,  9,  2,  9,  9, 10,  3,  2,  2,  5, 10,
        3,  4,  6,  9,  9,  4,  9,  5,  1,  5, 11]), 'threshold': [0.40040678750041536, -1.8531274887215692, -2.6595158286441114, -2.5849237087591197, -2.2358126585671649, -2.2355232353685284, 0.50817096066262368, -1.7837304755811443, -1.34977066817632, -2.52766154465807, -2.7876232181985747, -2.5108173914005723, -2.1650524365751234, -2.72746484125003, -2.55120835962923, -3.1134926832964243, -2.7482078111559081, -2.6208017148505176, -2.2796704813720075, -1.1870955356186117, -2.6706833122547531, -1.2073256527219574, -0.41478840922683979, -2.0526831903106171, -2.6305864452164291, -0.85182691759484763, -2.7852984253555739, -2.7294061398744636, -2.8147897965089426, -1.472070299016782, -1.03687595703636, -0.76169118406242076, -2.2827888062133708, -2.8634940556666773, -1.5204579900008348, -1.7923199167056125, -2.4844807876458446, -2.7888489012104904, -2.592004683949015, -1.8030823429492058, -2.7812557522827106, -2.3100049202763753, -0.5124462108219533, -2.0140305226864093, -3.0010498033828488], 'fneg': array([4, 1, 0, 0, 0, 0, 4, 1, 2, 0, 0, 0, 0, 0, 0, 0, 0, 0, 0, 3, 0, 2, 4,
       0, 0, 4, 0, 0, 0, 2, 3, 4, 0, 0, 2, 1, 0, 0, 0, 1, 0, 0, 4, 0, 0]), 'sensitivity': array([0.61111111, 1.0, 1.0, 1.0, 1.0, 1.0, 0.5, 1.0, 1.0, 1.0, 1.0, 1.0,
       1.0, 1.0, 1.0, 1.0, 1.0, 1.0, 1.0, 1.0, 1.0, 1.0, 0.94444444, 1.0,
       1.0, 1.0, 1.0, 1.0, 1.0, 1.0, 1.0, 1.0, 1.0, 1.0, 1.0, 1.0, 1.0,
       1.0, 1.0, 1.0, 1.0, 1.0, 1.0, 1.0, 1.0]), 'tpos': array([1, 4, 5, 5, 5, 5, 1, 4, 3, 5, 5, 5, 5, 5, 5, 5, 5, 5, 5, 2, 5, 3, 1,
       5, 5, 1, 5, 5, 5, 3, 2, 1, 5, 5, 3, 4, 5, 5, 5, 4, 5, 5, 1, 5, 5])}, {'specificity': array([1.0, 0.11363636, 0.59090909, 0.77272727, 0.79545455, 0.84090909,
       0.88636364, 0.5, 0.54545455, 0.75, 0.52272727, 0.022727273,
       0.38636364, 0.43181818, 0.68181818, 0.45454545, 0.90909091,
       0.72727273, 0.068181818, 0.15909091, 0.93181818, 0.29545455,
       0.70454545, 0.31818182, 0.86363636, 0.95454545, 0.36363636,
       0.81818182, 0.65909091, 0.27272727, 0.61363636, 0.47727273, 0.25,
       0.20454545, 0.18181818, 0.56818182, 0.090909091, 0.34090909,
       0.22727273, 0.40909091, 0.97727273, 0.13636364, 0.63636364,
       0.045454545]), 'tneg': array([12,  0,  5,  6,  8,  8,  9,  1,  5,  6,  1,  0,  0,  0,  5,  0, 10,
        5,  0,  0, 11,  0,  5,  0,  9, 12,  0,  8,  5,  0,  5,  1,  0,  0,
        0,  5,  0,  0,  0,  0, 12,  0,  5,  0]), 'fpos': array([ 1, 13,  8,  7,  5,  5,  4, 12,  8,  7, 12, 13, 13, 13,  8, 13,  3,
        8, 13, 13,  2, 13,  8, 13,  4,  1, 13,  5,  8, 13,  8, 12, 13, 13,
       13,  8, 13, 13, 13, 13,  1, 13,  8, 13]), 'threshold': [0.56082240783390458, -3.0626281621148643, -2.0948006774719512, -1.7121735837441732, -1.6387824989084143, -1.454928982080633, -1.2342399954418046, -2.2307880344299202, -2.1353419566257781, -1.8071717460257677, -2.2282537437220378, -3.2737060243478617, -2.4788455239450755, -2.3587608975630205, -2.0193263415772682, -2.3452139022477287, -0.59254419482583542, -1.8610593290565343, -3.1204190997729166, -2.9405455403956826, -0.33436427038164723, -2.6780389072946575, -1.9574476583104372, -2.575312368321546, -1.3464354096601161, -0.22606636892083346, -2.4917557567795856, -1.4624849618255966, -2.0253851505844755, -2.7762938748423265, -2.0861000173973241, -2.2888661217957456, -2.8084453991136642, -2.8281388667692338, -2.8902996381035408, -2.104940925590455, -3.1170114624079472, -2.5220310840669389, -2.8199172583522567, -2.4514109372498134, -0.062015974270470342, -3.0623028025090329, -2.0858363501865029, -3.196673607092817], 'fneg': array([2, 0, 0, 0, 0, 0, 1, 0, 0, 0, 0, 0, 0, 0, 0, 0, 2, 0, 0, 0, 2, 0, 0,
       0, 0, 2, 0, 0, 0, 0, 0, 0, 0, 0, 0, 0, 0, 0, 0, 0, 2, 0, 0, 0]), 'sensitivity': array([0.45, 1.0, 1.0, 1.0, 0.95, 0.95, 0.95, 1.0, 1.0, 1.0, 1.0, 1.0, 1.0,
       1.0, 1.0, 1.0, 0.95, 1.0, 1.0, 1.0, 0.9, 1.0, 1.0, 1.0, 0.95, 0.85,
       1.0, 0.95, 1.0, 1.0, 1.0, 1.0, 1.0, 1.0, 1.0, 1.0, 1.0, 1.0, 1.0,
       1.0, 0.85, 1.0, 1.0, 1.0]), 'tpos': array([1, 3, 3, 3, 3, 3, 2, 3, 3, 3, 3, 3, 3, 3, 3, 3, 1, 3, 3, 3, 1, 3, 3,
       3, 3, 1, 3, 3, 3, 3, 3, 3, 3, 3, 3, 3, 3, 3, 3, 3, 1, 3, 3, 3])}, {'specificity': array([0.97826087, 0.39130435, 0.065217391, 0.45652174, 0.17391304,
       0.76086957, 1.0, 0.73913043, 0.67391304, 0.86956522, 0.69565217,
       0.5, 0.56521739, 0.58695652, 0.02173913, 0.41304348, 0.60869565,
       0.84782609, 0.32608696, 0.91304348, 0.34782609, 0.54347826,
       0.7173913, 0.043478261, 0.10869565, 0.93478261, 0.15217391,
       0.80434783, 0.19565217, 0.82608696, 0.89130435, 0.43478261,
       0.65217391, 0.36956522, 0.7826087, 0.63043478, 0.23913043,
       0.2826087, 0.26086957, 0.086956522, 0.30434783, 0.2173913,
       0.47826087, 0.95652174, 0.13043478, 0.52173913]), 'tneg': array([10,  2,  0,  2,  1,  2, 11,  2,  2,  3,  2,  2,  2,  2,  0,  2,  2,
        3,  1,  4,  1,  2,  2,  0,  1,  7,  1,  3,  1,  3,  3,  2,  2,  1,
        3,  2,  1,  1,  1,  1,  1,  1,  2, 10,  1,  2]), 'fpos': array([ 1,  9, 11,  9, 10,  9,  0,  9,  9,  8,  9,  9,  9,  9, 11,  9,  9,
        8, 10,  7, 10,  9,  9, 11, 10,  4, 10,  8, 10,  8,  8,  9,  9, 10,
        8,  9, 10, 10, 10, 10, 10, 10,  9,  1, 10,  9]), 'threshold': [0.00722643251868345, -2.6942702414849671, -3.3607824583395853, -2.6523178523005559, -3.0603298129494667, -1.8463872157364485, 0.70661276515593807, -2.0947091696366087, -2.3399570376195578, -1.5195287690987387, -2.2069236484946715, -2.6359464146992755, -2.493146503137178, -2.4596667287112011, -3.4288419244678372, -2.6797457655738826, -2.3984395434497747, -1.6836517648197362, -2.78139462018129, -1.1697766881538629, -2.7734267302194637, -2.4975424129801493, -2.1746829086296153, -3.3758331905420027, -3.2521051086446788, -0.75662350921639454, -3.1629365832336092, -1.6981634060543287, -3.0000479901706578, -1.6924097522777695, -1.257500382265887, -2.6694557406128632, -2.3606894741621263, -2.7566087721388626, -1.7656427525653635, -2.379694891582238, -2.9283753345420935, -2.81708278644599, -2.8468612692583171, -3.268588894271355, -2.7998864053077961, -2.9410796314129324, -2.6415056682613454, -0.16399055926556419, -3.24070344439302, -2.6160841489094944], 'fneg': array([3, 0, 0, 0, 0, 1, 3, 0, 0, 1, 0, 0, 0, 0, 0, 0, 0, 1, 0, 1, 0, 0, 0,
       0, 0, 1, 0, 1, 0, 1, 1, 0, 0, 0, 1, 0, 0, 0, 0, 0, 0, 0, 0, 2, 0, 0]), 'sensitivity': array([0.72222222, 1.0, 1.0, 1.0, 1.0, 1.0, 0.33333333, 1.0, 1.0, 1.0, 1.0,
       1.0, 1.0, 1.0, 1.0, 1.0, 1.0, 1.0, 1.0, 1.0, 1.0, 1.0, 1.0, 1.0,
       1.0, 1.0, 1.0, 1.0, 1.0, 1.0, 1.0, 1.0, 1.0, 1.0, 1.0, 1.0, 1.0,
       1.0, 1.0, 1.0, 1.0, 1.0, 1.0, 0.77777778, 1.0, 1.0]), 'tpos': array([2, 5, 5, 5, 5, 4, 2, 5, 5, 4, 5, 5, 5, 5, 5, 5, 5, 4, 5, 4, 5, 5, 5,
       5, 5, 4, 5, 4, 5, 4, 4, 5, 5, 5, 4, 5, 5, 5, 5, 5, 5, 5, 5, 3, 5, 5])}, {'specificity': array([0.58333333, 0.14583333, 0.125, 0.27083333, 0.8125, 1.0, 0.85416667,
       0.83333333, 0.41666667, 0.29166667, 0.45833333, 0.75, 0.20833333,
       0.3125, 0.33333333, 0.875, 0.64583333, 0.91666667, 0.97916667,
       0.54166667, 0.5625, 0.70833333, 0.041666667, 0.10416667, 0.25,
       0.52083333, 0.35416667, 0.79166667, 0.89583333, 0.9375, 0.16666667,
       0.5, 0.6875, 0.72916667, 0.77083333, 0.39583333, 0.375, 0.22916667,
       0.1875, 0.66666667, 0.0625, 0.60416667, 0.47916667, 0.625,
       0.95833333, 0.083333333, 0.4375, 0.020833333]), 'tneg': array([3, 1, 1, 1, 3, 9, 6, 3, 2, 1, 2, 3, 1, 2, 2, 6, 3, 6, 8, 3, 3, 3, 1,
       1, 1, 3, 2, 3, 6, 8, 1, 3, 3, 3, 3, 2, 2, 1, 1, 3, 1, 3, 3, 3, 8, 1,
       2, 1]), 'fpos': array([6, 8, 8, 8, 6, 0, 3, 6, 7, 8, 7, 6, 8, 7, 7, 3, 6, 3, 1, 6, 6, 6, 8,
       8, 8, 6, 7, 6, 3, 1, 8, 6, 6, 6, 6, 7, 7, 8, 8, 6, 8, 6, 6, 6, 1, 8,
       7, 8]), 'threshold': [-2.2710402792645392, -2.8500698055722697, -2.8707957060306186, -2.7239257079427426, -1.7384036149332189, 0.55235920237232661, -1.5788554645886241, -1.6349870927221768, -2.47680648223498, -2.6922232234373866, -2.3937688357101483, -1.8094040578323365, -2.7520880682880979, -2.6291795800813604, -2.6111575008895622, -1.4833993603734204, -2.1601900755070149, -1.0743894647220302, -0.024086845872851259, -2.2878313295651584, -2.2738446503070051, -1.9684229295177309, -3.0672610545381196, -2.9542594950578485, -2.7480111664864619, -2.3019451080838818, -2.5668028128263538, -1.7432900336886472, -1.4240069492485359, -0.55736347999657421, -2.8349470200237183, -2.3286669304095469, -1.9890345719412153, -1.8314153904855455, -1.7651530863600817, -2.4781949673881822, -2.5636959936201063, -2.7489687354963666, -2.8081805622910849, -2.1562096177593211, -3.0118371970529125, -2.2192965443520216, -2.36562459892044, -2.2085871517037856, -0.517547225312708, -2.9825161027051728, -2.4498986778316927, -3.2053033661744097], 'fneg': array([0, 0, 0, 0, 2, 7, 2, 2, 0, 0, 0, 1, 0, 0, 0, 2, 0, 3, 7, 0, 0, 0, 0,
       0, 0, 0, 0, 1, 2, 6, 0, 0, 0, 0, 1, 0, 0, 0, 0, 0, 0, 0, 0, 0, 6, 0,
       0, 0]), 'sensitivity': array([1.0, 1.0, 1.0, 1.0, 1.0, 0.4375, 1.0, 1.0, 1.0, 1.0, 1.0, 1.0, 1.0,
       1.0, 1.0, 1.0, 1.0, 1.0, 0.625, 1.0, 1.0, 1.0, 1.0, 1.0, 1.0, 1.0,
       1.0, 1.0, 1.0, 0.8125, 1.0, 1.0, 1.0, 1.0, 1.0, 1.0, 1.0, 1.0, 1.0,
       1.0, 1.0, 1.0, 1.0, 1.0, 0.8125, 1.0, 1.0, 1.0]), 'tpos': array([7, 7, 7, 7, 5, 0, 5, 5, 7, 7, 7, 6, 7, 7, 7, 5, 7, 4, 0, 7, 7, 7, 7,
       7, 7, 7, 7, 6, 5, 1, 7, 7, 7, 7, 6, 7, 7, 7, 7, 7, 7, 7, 7, 7, 1, 7,
       7, 7])}, {'specificity': array([0.97777778, 0.6, 0.088888889, 0.15555556, 0.28888889, 0.53333333,
       0.73333333, 1.0, 0.77777778, 0.62222222, 0.46666667, 0.17777778,
       0.75555556, 0.51111111, 0.42222222, 0.044444444, 0.35555556,
       0.48888889, 0.86666667, 0.88888889, 0.91111111, 0.33333333,
       0.37777778, 0.71111111, 0.022222222, 0.4, 0.95555556, 0.64444444,
       0.24444444, 0.44444444, 0.82222222, 0.84444444, 0.93333333,
       0.26666667, 0.55555556, 0.68888889, 0.13333333, 0.8, 0.31111111,
       0.2, 0.57777778, 0.066666667, 0.66666667, 0.22222222, 0.11111111]), 'tneg': array([11,  7,  0,  1,  1,  5,  7, 11,  7,  7,  2,  1,  7,  4,  2,  0,  1,
        3,  7,  8,  8,  1,  1,  7,  0,  1, 11,  7,  1,  2,  7,  7, 10,  1,
        5,  7,  0,  7,  1,  1,  7,  0,  7,  1,  0]), 'fpos': array([ 1,  5, 12, 11, 11,  7,  5,  1,  5,  5, 10, 11,  5,  8, 10, 12, 11,
        9,  5,  4,  4, 11, 11,  5, 12, 11,  1,  5, 11, 10,  5,  5,  2, 11,
        7,  5, 12,  5, 11, 11,  5, 12,  5, 11, 12]), 'threshold': [0.42280338052601724, -2.0464082127177061, -3.1737484024170484, -2.9249825346967584, -2.7815422221421762, -2.2014426862087775, -1.8683878644589158, 0.77927546269423309, -1.6955565787962137, -2.0460023681815684, -2.4259497674704105, -2.8591439068931126, -1.7882542222292799, -2.227463730523755, -2.5130994283552428, -3.2526668113959767, -2.6995431204026703, -2.2933171587976422, -1.2701952419483089, -0.95679247885549334, -0.89917066710570226, -2.7237244541742518, -2.6405145557267256, -1.9672150185788284, -3.2908092664311073, -2.6063437470677755, -0.28911175098711872, -2.0349993742480943, -2.8024063444219749, -2.4737676432677094, -1.3688743637559095, -1.3686429221694616, -0.6266451356923165, -2.7851089755969562, -2.20138855581815, -1.969244392204937, -3.0569080142330241, -1.5886615637046322, -2.7790407060986442, -2.8116677292512557, -2.0885360806657354, -3.206176656748585, -2.032671794977146, -2.8105033556756118, -3.0980463511019196], 'fneg': array([3, 0, 0, 0, 0, 0, 0, 3, 0, 0, 0, 0, 0, 0, 0, 0, 0, 0, 0, 0, 1, 0, 0,
       0, 0, 0, 2, 0, 0, 0, 0, 0, 2, 0, 0, 0, 0, 0, 0, 0, 0, 0, 0, 0, 0]), 'sensitivity': array([0.5, 1.0, 1.0, 1.0, 1.0, 1.0, 1.0, 0.25, 1.0, 1.0, 1.0, 1.0, 1.0,
       1.0, 1.0, 1.0, 1.0, 1.0, 1.0, 0.95, 0.95, 1.0, 1.0, 1.0, 1.0, 1.0,
       0.95, 1.0, 1.0, 1.0, 1.0, 1.0, 0.95, 1.0, 1.0, 1.0, 1.0, 1.0, 1.0,
       1.0, 1.0, 1.0, 1.0, 1.0, 1.0]), 'tpos': array([0, 3, 3, 3, 3, 3, 3, 0, 3, 3, 3, 3, 3, 3, 3, 3, 3, 3, 3, 3, 2, 3, 3,
       3, 3, 3, 1, 3, 3, 3, 3, 3, 1, 3, 3, 3, 3, 3, 3, 3, 3, 3, 3, 3, 3])}], <Model object at 0x0000000000000708>)
#gbm
([{'specificity': array([0.54166667, 0.3125, 0.29166667, 0.60416667, 0.72916667, 0.85416667,
       0.95833333, 0.875, 0.75, 0.4375, 0.33333333, 0.5, 0.89583333,
       0.22916667, 0.41666667, 0.79166667, 0.35416667, 0.52083333, 0.8125,
       0.91666667, 0.16666667, 0.58333333, 1.0, 0.70833333, 0.66666667,
       0.041666667, 0.14583333, 0.10416667, 0.97916667, 0.27083333, 0.25,
       0.64583333, 0.47916667, 0.39583333, 0.6875, 0.20833333, 0.083333333,
       0.83333333, 0.5625, 0.1875, 0.125, 0.375, 0.0625, 0.77083333, 0.625,
       0.9375, 0.45833333, 0.020833333]), 'tneg': array([ 3,  2,  2,  6,  6,  8,  8,  8,  7,  3,  2,  3,  8,  1,  3,  7,  2,
        3,  7,  8,  1,  6, 13,  6,  6,  0,  0,  0,  8,  2,  1,  6,  3,  2,
        6,  1,  0,  7,  4,  1,  0,  2,  0,  7,  6,  8,  3,  0]), 'fpos': array([10, 11, 11,  7,  7,  5,  5,  5,  6, 10, 11, 10,  5, 12, 10,  6, 11,
       10,  6,  5, 12,  7,  0,  7,  7, 13, 13, 13,  5, 11, 12,  7, 10, 11,
        7, 12, 13,  6,  9, 12, 13, 11, 13,  6,  7,  5, 10, 13]), 'threshold': [-2.801506674530224, -3.1247211669851787, -3.1953418587269824, -2.6558653590818193, -2.3560921670081956, -1.7579338297372043, -0.94593096045695935, -1.7576059450732244, -2.2544770597142425, -2.9954753943822574, -3.1114706276822113, -2.9120838406836311, -1.7369227761315906, -3.2656559468220112, -3.0064973120228391, -2.14746054979731, -3.0550118570452764, -2.9098671355263632, -2.0853957085376491, -1.6004636532734093, -3.3817745545628686, -2.6755214244432843, 0.90382656051681476, -2.3674215545351678, -2.40092018677456, -3.6303201485913204, -3.4689487774319079, -3.5336007595918781, -0.94440576846849478, -3.2046915654870105, -3.22395944003296, -2.4434108961262515, -2.9481391395711434, -3.0215092957934684, -2.3724633508034159, -3.3483717914488507, -3.5392426406671667, -1.9688908562593186, -2.7715944693161094, -3.3776992120081584, -3.4754628973388488, -3.0427908013611242, -3.5609225940482276, -2.153969134861339, -2.4446183456965169, -1.1769414861085135, -2.9658190274805722, -3.6898707921202307], 'fneg': array([1, 0, 0, 1, 2, 2, 2, 2, 2, 0, 0, 0, 2, 0, 0, 2, 0, 0, 2, 2, 0, 1, 3,
       1, 1, 0, 0, 0, 2, 0, 0, 1, 0, 0, 1, 0, 0, 2, 1, 0, 0, 0, 0, 2, 1, 2,
       0, 0]), 'sensitivity': array([1.0, 1.0, 1.0, 1.0, 1.0, 1.0, 1.0, 1.0, 1.0, 1.0, 1.0, 1.0, 1.0,
       1.0, 1.0, 1.0, 1.0, 1.0, 1.0, 1.0, 1.0, 1.0, 0.4, 1.0, 1.0, 1.0,
       1.0, 1.0, 1.0, 1.0, 1.0, 1.0, 1.0, 1.0, 1.0, 1.0, 1.0, 1.0, 1.0,
       1.0, 1.0, 1.0, 1.0, 1.0, 1.0, 1.0, 1.0, 1.0]), 'tpos': array([3, 4, 4, 3, 2, 2, 2, 2, 2, 4, 4, 4, 2, 4, 4, 2, 4, 4, 2, 2, 4, 3, 1,
       3, 3, 4, 4, 4, 2, 4, 4, 3, 4, 4, 3, 4, 4, 2, 3, 4, 4, 4, 4, 2, 3, 2,
       4, 4])}, {'specificity': array([1.0, 0.66666667, 0.23529412, 0.76470588, 0.82352941, 0.45098039,
       0.84313725, 0.8627451, 0.64705882, 0.31372549, 0.7254902,
       0.50980392, 0.25490196, 0.21568627, 0.88235294, 0.80392157,
       0.17647059, 0.62745098, 0.94117647, 0.52941176, 0.98039216,
       0.47058824, 0.70588235, 0.78431373, 0.078431373, 0.15686275,
       0.1372549, 0.11764706, 0.92156863, 0.33333333, 0.2745098,
       0.58823529, 0.37254902, 0.96078431, 0.54901961, 0.68627451,
       0.56862745, 0.29411765, 0.039215686, 0.74509804, 0.60784314,
       0.058823529, 0.43137255, 0.49019608, 0.098039216, 0.41176471,
       0.90196078, 0.19607843, 0.39215686, 0.35294118, 0.019607843]), 'tneg': array([10,  5,  1,  5,  5,  3,  6,  8,  5,  2,  5,  3,  1,  1,  8,  5,  1,
        5,  8,  3,  9,  3,  5,  5,  1,  1,  1,  1,  8,  2,  1,  4,  2,  8,
        3,  5,  4,  1,  0,  5,  4,  1,  3,  3,  1,  3,  8,  1,  2,  2,  0]), 'fpos': array([ 0,  5,  9,  5,  5,  7,  4,  2,  5,  8,  5,  7,  9,  9,  2,  5,  9,
        5,  2,  7,  1,  7,  5,  5,  9,  9,  9,  9,  2,  8,  9,  6,  8,  2,
        7,  5,  6,  9, 10,  5,  6,  9,  7,  7,  9,  7,  2,  9,  8,  8, 10]), 'threshold': [0.04221823059557251, -2.084189094644965, -2.5333534382385432, -1.9475718420811705, -1.7852616465452469, -2.3848031317442437, -1.5508584243074641, -0.99163621820345238, -2.0950756598436171, -2.4567744359642352, -2.0204536580214492, -2.3353267394028991, -2.520322810009588, -2.5439353600466164, -0.83001684774574547, -1.8037107513216137, -2.5785551432233351, -2.1168650103635027, -0.70204749677632317, -2.3352647631942234, -0.15234978315103348, -2.3604146280276637, -2.0340955708434985, -1.9089689009629687, -2.6670452823913635, -2.5918659696277024, -2.6236138688050015, -2.6399957889963868, -0.76887838555053212, -2.4334507322556007, -2.4817561121889682, -2.2539872690995879, -2.415593567607532, -0.452612323013977, -2.32632129151754, -2.0652278589277917, -2.3144083622587583, -2.4710080115411528, -2.7005126361081366, -2.0016668002357645, -2.24635560480356, -2.6774627434642939, -2.3877843924391811, -2.3603923702172809, -2.6424680728883025, -2.4000139863718544, -0.79444234675074343, -2.5733752087309156, -2.4108443752400075, -2.4298734928337518, -2.7196357746964774], 'fneg': array([5, 0, 0, 1, 1, 0, 1, 4, 0, 0, 1, 0, 0, 0, 5, 1, 0, 0, 5, 0, 5, 0, 1,
       1, 0, 0, 0, 0, 5, 0, 0, 0, 0, 5, 0, 0, 0, 0, 0, 1, 0, 0, 0, 0, 0, 0,
       5, 0, 0, 0, 0]), 'sensitivity': array([0.46153846, 0.92307692, 1.0, 0.92307692, 0.92307692, 1.0,
       0.92307692, 0.84615385, 0.92307692, 1.0, 0.92307692, 1.0, 1.0, 1.0,
       0.84615385, 0.92307692, 1.0, 0.92307692, 0.84615385, 1.0,
       0.53846154, 1.0, 0.92307692, 0.92307692, 1.0, 1.0, 1.0, 1.0,
       0.84615385, 1.0, 1.0, 1.0, 1.0, 0.69230769, 1.0, 0.92307692, 1.0,
       1.0, 1.0, 0.92307692, 1.0, 1.0, 1.0, 1.0, 1.0, 1.0, 0.84615385, 1.0,
       1.0, 1.0, 1.0]), 'tpos': array([1, 6, 6, 5, 5, 6, 5, 2, 6, 6, 5, 6, 6, 6, 1, 5, 6, 6, 1, 6, 1, 6, 5,
       5, 6, 6, 6, 6, 1, 6, 6, 6, 6, 1, 6, 6, 6, 6, 6, 5, 6, 6, 6, 6, 6, 6,
       1, 6, 6, 6, 6])}, {'specificity': array([0.9787234, 0.70212766, 0.17021277, 0.5106383, 0.29787234,
       0.65957447, 0.82978723, 0.80851064, 0.95744681, 0.89361702,
       0.78723404, 0.63829787, 0.40425532, 0.19148936, 0.85106383,
       0.34042553, 0.59574468, 0.91489362, 0.10638298, 0.53191489,
       0.87234043, 0.36170213, 1.0, 0.68085106, 0.57446809, 0.72340426,
       0.23404255, 0.21276596, 0.42553191, 0.38297872, 0.55319149,
       0.93617021, 0.76595745, 0.25531915, 0.44680851, 0.063829787,
       0.74468085, 0.4893617, 0.085106383, 0.14893617, 0.31914894,
       0.27659574, 0.021276596, 0.61702128, 0.12765957, 0.46808511,
       0.042553191]), 'tneg': array([14,  5,  2,  3,  2,  5, 10,  9, 14, 10,  7,  5,  2,  2, 10,  2,  4,
       12,  2,  3, 10,  2, 14,  5,  4,  6,  2,  2,  2,  2,  3, 12,  7,  2,
        2,  1,  6,  3,  2,  2,  2,  2,  1,  4,  2,  3,  1]), 'fpos': array([ 0,  9, 12, 11, 12,  9,  4,  5,  0,  4,  7,  9, 12, 12,  4, 12, 10,
        2, 12, 11,  4, 12,  0,  9, 10,  8, 12, 12, 12, 12, 11,  2,  7, 12,
       12, 13,  8, 11, 12, 12, 12, 12, 13, 10, 12, 11, 13]), 'threshold': [-0.080217136872417064, -1.8022983960672643, -2.3881985117808187, -2.1122379513942744, -2.2892218197245788, -1.88602179332156, -1.4904359101649403, -1.566874298561147, -0.10638403773910073, -1.1374508286441014, -1.6095462799055025, -1.8891555785525829, -2.1914507053338514, -2.3590168589865819, -1.3604138813130666, -2.2588763731913755, -2.0055717291797661, -0.70242361365416339, -2.421802531213455, -2.0884303366904571, -1.335140213412531, -2.2450875396356236, 0.32948344510613248, -1.8405398162474975, -2.0798607286583772, -1.7368880162756204, -2.3178870604843254, -2.3455977714492384, -2.187866817199148, -2.2089525749822587, -2.0854887448045822, -0.60811508985470486, -1.6179236183571364, -2.3129642593456068, -2.1554870361022109, -2.4541879949161434, -1.62478276298087, -2.115469680562625, -2.4233478079819748, -2.399599582958563, -2.273155433253959, -2.3060773915212263, -2.4707046895877385, -1.9943181154028618, -2.4157267770510096, -2.1268952141293145, -2.4598813955458931], 'fneg': array([2, 1, 0, 0, 0, 1, 1, 1, 2, 1, 1, 1, 0, 0, 1, 0, 0, 1, 0, 0, 1, 0, 2,
       1, 0, 1, 0, 0, 0, 0, 0, 1, 1, 0, 0, 0, 1, 0, 0, 0, 0, 0, 0, 0, 0, 0,
       0]), 'sensitivity': array([0.52941176, 1.0, 1.0, 1.0, 1.0, 1.0, 0.94117647, 0.94117647,
       0.58823529, 0.94117647, 1.0, 1.0, 1.0, 1.0, 0.94117647, 1.0, 1.0,
       0.94117647, 1.0, 1.0, 0.94117647, 1.0, 0.41176471, 1.0, 1.0, 1.0,
       1.0, 1.0, 1.0, 1.0, 1.0, 0.88235294, 1.0, 1.0, 1.0, 1.0, 1.0, 1.0,
       1.0, 1.0, 1.0, 1.0, 1.0, 1.0, 1.0, 1.0, 1.0]), 'tpos': array([0, 1, 2, 2, 2, 1, 1, 1, 0, 1, 1, 1, 2, 2, 1, 2, 2, 1, 2, 2, 1, 2, 0,
       1, 2, 1, 2, 2, 2, 2, 2, 1, 1, 2, 2, 2, 1, 2, 2, 2, 2, 2, 2, 2, 2, 2,
       2])}, {'specificity': array([1.0, 0.14893617, 0.27659574, 0.23404255, 0.80851064, 0.85106383,
       0.9787234, 0.74468085, 0.55319149, 0.44680851, 0.38297872,
       0.82978723, 0.65957447, 0.91489362, 0.72340426, 0.12765957,
       0.53191489, 0.78723404, 0.87234043, 0.17021277, 0.5106383,
       0.42553191, 0.68085106, 0.70212766, 0.042553191, 0.21276596,
       0.085106383, 0.021276596, 0.89361702, 0.63829787, 0.4893617,
       0.95744681, 0.61702128, 0.76595745, 0.40425532, 0.31914894,
       0.19148936, 0.25531915, 0.34042553, 0.46808511, 0.063829787,
       0.59574468, 0.57446809, 0.93617021, 0.10638298, 0.36170213,
       0.29787234]), 'tneg': array([13,  1,  1,  1, 11, 12, 13, 11,  5,  4,  2, 12,  7, 12, 11,  1,  5,
       11, 12,  1,  5,  3,  7, 10,  1,  1,  1,  0, 12,  6,  4, 13,  6, 11,
        3,  1,  1,  1,  1,  4,  1,  5,  5, 13,  1,  1,  1]), 'fpos': array([ 1, 13, 13, 13,  3,  2,  1,  3,  9, 10, 12,  2,  7,  2,  3, 13,  9,
        3,  2, 13,  9, 11,  7,  4, 13, 13, 13, 14,  2,  8, 10,  1,  8,  3,
       11, 13, 13, 13, 13, 10, 13,  9,  9,  1, 13, 13, 13]), 'threshold': [-0.11304135570588002, -1.9595348916272208, -1.8910060070000954, -1.9213043073026821, -1.1653797556670584, -1.0198236998929207, -0.26343419413851266, -1.2749805808425481, -1.7022790741016107, -1.7817362906229002, -1.8212949996251835, -1.0773980475113669, -1.5270442718167796, -0.80243080622204588, -1.3379396107232469, -1.9732148869423876, -1.7315306714848489, -1.2117665618268549, -0.95618525014573386, -1.956835486823671, -1.7367174716891898, -1.7957994862293145, -1.5165459362223772, -1.4066629356988611, -2.0234406213051694, -1.9223960663170963, -1.996684297220741, -2.0267284935426657, -0.934058876195058, -1.5537751206443411, -1.7609821861227124, -0.57484547231039207, -1.5756125718749732, -1.2746398207481615, -1.7989143078037906, -1.8617477916774463, -1.94732284261519, -1.9049242758485492, -1.8589836546919338, -1.7802489471075962, -1.9990666147828442, -1.6831265947612375, -1.6877732965846648, -0.65139049209053668, -1.994073428613292, -1.8420159711286859, -1.8649024666770815], 'fneg': array([1, 0, 0, 0, 0, 1, 1, 0, 0, 0, 0, 0, 0, 1, 0, 0, 0, 0, 1, 0, 0, 0, 0,
       0, 0, 0, 0, 0, 1, 0, 0, 1, 0, 0, 0, 0, 0, 0, 0, 0, 0, 0, 0, 1, 0, 0,
       0]), 'sensitivity': array([0.47058824, 1.0, 1.0, 1.0, 0.94117647, 0.94117647, 0.52941176,
       0.94117647, 1.0, 1.0, 1.0, 0.94117647, 0.94117647, 0.88235294,
       0.94117647, 1.0, 1.0, 0.94117647, 0.94117647, 1.0, 1.0, 1.0,
       0.94117647, 0.94117647, 1.0, 1.0, 1.0, 1.0, 0.94117647, 0.94117647,
       1.0, 0.82352941, 0.94117647, 0.94117647, 1.0, 1.0, 1.0, 1.0, 1.0,
       1.0, 1.0, 1.0, 1.0, 0.82352941, 1.0, 1.0, 1.0]), 'tpos': array([1, 2, 2, 2, 2, 1, 1, 2, 2, 2, 2, 2, 2, 1, 2, 2, 2, 2, 1, 2, 2, 2, 2,
       2, 2, 2, 2, 2, 1, 2, 2, 1, 2, 2, 2, 2, 2, 2, 2, 2, 2, 2, 2, 1, 2, 2,
       2])}, {'specificity': array([0.96078431, 0.64705882, 0.19607843, 0.21568627, 0.29411765,
       0.66666667, 0.78431373, 0.84313725, 0.98039216, 0.92156863,
       0.58823529, 0.35294118, 0.25490196, 0.47058824, 0.82352941,
       0.50980392, 0.52941176, 0.88235294, 0.76470588, 0.74509804,
       0.80392157, 0.15686275, 0.60784314, 1.0, 0.41176471, 0.039215686,
       0.098039216, 0.058823529, 0.90196078, 0.62745098, 0.49019608,
       0.7254902, 0.94117647, 0.70588235, 0.43137255, 0.45098039,
       0.17647059, 0.68627451, 0.56862745, 0.23529412, 0.11764706,
       0.37254902, 0.2745098, 0.54901961, 0.31372549, 0.39215686,
       0.8627451, 0.078431373, 0.1372549, 0.33333333, 0.019607843]), 'tneg': array([10,  5,  2,  2,  2,  7,  8,  9, 10, 10,  4,  4,  2,  4,  8,  4,  4,
       10,  7,  7,  8,  2,  5, 10,  4,  0,  1,  0, 10,  5,  4,  7, 10,  7,
        4,  4,  2,  7,  4,  2,  1,  4,  2,  4,  4,  4,  9,  0,  2,  4,  0]), 'fpos': array([ 0,  5,  8,  8,  8,  3,  2,  1,  0,  0,  6,  6,  8,  6,  2,  6,  6,
        0,  3,  3,  2,  8,  5,  0,  6, 10,  9, 10,  0,  5,  6,  3,  0,  3,
        6,  6,  8,  3,  6,  8,  9,  6,  8,  6,  6,  6,  1, 10,  8,  6, 10]), 'threshold': [-0.626199716398208, -2.1417781680174048, -2.4758809090543363, -2.4650206095375577, -2.4233846743062362, -2.0502046127486637, -1.6440253408532606, -1.4057361502796681, -0.430467286076492, -1.1616237186544967, -2.204016069672305, -2.3482041199030643, -2.4326768567692505, -2.301324872856414, -1.5264911147389577, -2.2404559878990056, -2.2385974653454555, -1.3166678837088348, -1.8052750629125172, -1.8137584107179139, -1.631011133148695, -2.4878346366880542, -2.1536729405425876, 0.013531899456497683, -2.3323764778342997, -2.6110870473548342, -2.540548841306268, -2.5750150027838319, -1.3018198000500831, -2.1522702110127381, -2.2623083777691919, -1.8766461193812272, -1.1209422110937923, -1.8869797525334324, -2.326332612801683, -2.3055877520681558, -2.4759724179263385, -1.9941908813144083, -2.2283835187191383, -2.4564953499746811, -2.5155677463709756, -2.3345303392139534, -2.4307809868618757, -2.236650320200134, -2.3725002860417135, -2.3333482271168298, -1.3786900183753379, -2.56877128315455, -2.50068795896295, -2.359767281409499, -2.6287606806412822], 'fneg': array([3, 0, 0, 0, 0, 0, 1, 1, 3, 2, 0, 0, 0, 0, 1, 0, 0, 1, 1, 1, 1, 0, 0,
       3, 0, 0, 0, 0, 1, 0, 0, 1, 2, 1, 0, 0, 0, 0, 0, 0, 0, 0, 0, 0, 0, 0,
       1, 0, 0, 0, 0]), 'sensitivity': array([0.57142857, 1.0, 1.0, 1.0, 1.0, 1.0, 0.92857143, 0.92857143,
       0.57142857, 0.92857143, 1.0, 1.0, 1.0, 1.0, 0.92857143, 1.0, 1.0,
       0.92857143, 0.92857143, 0.92857143, 0.92857143, 1.0, 1.0,
       0.42857143, 1.0, 1.0, 1.0, 1.0, 0.92857143, 1.0, 1.0, 1.0,
       0.92857143, 1.0, 1.0, 1.0, 1.0, 1.0, 1.0, 1.0, 1.0, 1.0, 1.0, 1.0,
       1.0, 1.0, 0.92857143, 1.0, 1.0, 1.0, 1.0]), 'tpos': array([2, 5, 5, 5, 5, 5, 4, 4, 2, 3, 5, 5, 5, 5, 4, 5, 5, 4, 4, 4, 4, 5, 5,
       2, 5, 5, 5, 5, 4, 5, 5, 4, 3, 4, 5, 5, 5, 5, 5, 5, 5, 5, 5, 5, 5, 5,
       4, 5, 5, 5, 5])}], <Model object at 0x0000000000000A34>)
#gbm
([{'specificity': array([0.1627907, 0.48837209, 0.3255814, 0.79069767, 0.90697674,
       0.95348837, 1.0, 0.8372093, 0.72093023, 0.74418605, 0.88372093,
       0.58139535, 0.37209302, 0.27906977, 0.023255814, 0.86046512,
       0.25581395, 0.6744186, 0.30232558, 0.55813953, 0.93023256,
       0.97674419, 0.76744186, 0.069767442, 0.093023256, 0.046511628,
       0.39534884, 0.62790698, 0.51162791, 0.65116279, 0.81395349,
       0.13953488, 0.69767442, 0.11627907, 0.60465116, 0.18604651,
       0.23255814, 0.34883721, 0.41860465, 0.44186047, 0.53488372,
       0.20930233, 0.46511628]), 'tneg': array([ 0,  1,  1,  7,  9, 11, 14,  8,  2,  3,  9,  2,  1,  1,  0,  8,  1,
        2,  1,  2, 11, 14,  7,  0,  0,  0,  1,  2,  2,  2,  8,  0,  2,  0,
        2,  0,  0,  1,  1,  1,  2,  0,  1]), 'fpos': array([14, 13, 13,  7,  5,  3,  0,  6, 12, 11,  5, 12, 13, 13, 14,  6, 13,
       12, 13, 12,  3,  0,  7, 14, 14, 14, 13, 12, 12, 12,  6, 14, 12, 14,
       12, 14, 14, 13, 13, 13, 12, 14, 13]), 'threshold': [-2.2823604669658391, -1.9394280651021529, -2.1768791966141654, -1.4769817667173983, -1.2412931198123134, -0.50792105156741474, 0.23661967835379918, -1.3494875260531789, -1.5994111084988361, -1.5776405978446877, -1.2603717977823257, -1.8686592541842744, -2.0906326569870757, -2.2246599745060416, -2.6202007615274963, -1.347922266929485, -2.2469844598574409, -1.6537726682938694, -2.1919005081288239, -1.8997552423309028, -1.0164889767151593, 0.23571402071394856, -1.4802625195451102, -2.4343800851326414, -2.3921081410335971, -2.4849168119196694, -2.0694170668013094, -1.7526106083630479, -1.9229905885361815, -1.7518123991060981, -1.3552112791406294, -2.3024029918884255, -1.6401409190182539, -2.3428952095699525, -1.8073532582145573, -2.2677878599771066, -2.2568109454040597, -2.1369046761901407, -2.0597179106594492, -2.054745713913519, -1.9129947763488773, -2.2618500423275059, -1.9589440260129487], 'fneg': array([0, 0, 0, 0, 0, 1, 2, 0, 0, 0, 0, 0, 0, 0, 0, 0, 0, 0, 0, 0, 1, 2, 0,
       0, 0, 0, 0, 0, 0, 0, 0, 0, 0, 0, 0, 0, 0, 0, 0, 0, 0, 0, 0]), 'sensitivity': array([1.0, 1.0, 1.0, 1.0, 1.0, 0.95, 0.6, 1.0, 1.0, 1.0, 1.0, 1.0, 1.0,
       1.0, 1.0, 1.0, 1.0, 1.0, 1.0, 1.0, 1.0, 0.6, 1.0, 1.0, 1.0, 1.0,
       1.0, 1.0, 1.0, 1.0, 1.0, 1.0, 1.0, 1.0, 1.0, 1.0, 1.0, 1.0, 1.0,
       1.0, 1.0, 1.0, 1.0]), 'tpos': array([3, 3, 3, 3, 3, 2, 1, 3, 3, 3, 3, 3, 3, 3, 3, 3, 3, 3, 3, 3, 2, 1, 3,
       3, 3, 3, 3, 3, 3, 3, 3, 3, 3, 3, 3, 3, 3, 3, 3, 3, 3, 3, 3])}, {'specificity': array([0.22727273, 0.43181818, 0.34090909, 0.31818182, 0.81818182,
       0.93181818, 0.97727273, 0.84090909, 0.29545455, 0.75, 0.18181818,
       0.88636364, 0.56818182, 0.25, 0.11363636, 0.022727273, 0.47727273,
       0.90909091, 0.65909091, 0.79545455, 0.5, 0.59090909, 1.0,
       0.045454545, 0.13636364, 0.068181818, 0.36363636, 0.77272727,
       0.52272727, 0.27272727, 0.20454545, 0.86363636, 0.72727273,
       0.40909091, 0.63636364, 0.090909091, 0.68181818, 0.45454545,
       0.38636364, 0.54545455, 0.61363636, 0.70454545, 0.95454545,
       0.15909091]), 'tneg': array([ 0,  4,  4,  3, 10, 12, 13, 10,  0,  9,  0, 11,  4,  0,  0,  0,  4,
       12,  6,  9,  4,  4, 13,  0,  0,  0,  4,  9,  4,  0,  0, 11,  9,  4,
        6,  0,  6,  4,  4,  4,  5,  7, 12,  0]), 'fpos': array([13,  9,  9, 10,  3,  1,  0,  3, 13,  4, 13,  2,  9, 13, 13, 13,  9,
        1,  7,  4,  9,  9,  0, 13, 13, 13,  9,  4,  9, 13, 13,  2,  4,  9,
        7, 13,  7,  9,  9,  9,  8,  6,  1, 13]), 'threshold': [-2.0398264697788191, -1.8206129512148963, -1.8576184185783071, -1.8613169086059183, -1.392252246053481, -0.69786247061082174, -0.12881942076356126, -1.3770643260407978, -1.9540432649051784, -1.4784645244941257, -2.0725152070349209, -1.1913844187998872, -1.7118995444823884, -2.0123830471713218, -2.1522567968312689, -2.2741406929725367, -1.7724352510110919, -0.74062211767507136, -1.5821418158055127, -1.4312044193539244, -1.7704015577692369, -1.6934399724096581, 0.12714214443908734, -2.2444558031715389, -2.1103757938903045, -2.1865716641375865, -1.8536917934627364, -1.4577521249065506, -1.7560157088639068, -1.9900251242415361, -2.0509209693038182, -1.2267750392648713, -1.508118001731527, -1.8356656834308265, -1.6152380549178735, -2.1770016304464805, -1.578921644386015, -1.7970886561611374, -1.8424374964580919, -1.7454434946807684, -1.65928390526305, -1.5540471353903897, -0.5029376666257519, -2.0753810675784856], 'fneg': array([0, 0, 0, 0, 1, 1, 1, 1, 0, 1, 0, 1, 0, 0, 0, 0, 0, 1, 1, 1, 0, 0, 3,
       0, 0, 0, 0, 1, 0, 0, 0, 1, 1, 0, 0, 0, 1, 0, 0, 0, 0, 1, 1, 0]), 'sensitivity': array([1.0, 1.0, 1.0, 1.0, 1.0, 0.9, 0.35, 1.0, 1.0, 1.0, 1.0, 1.0, 1.0,
       1.0, 1.0, 1.0, 1.0, 0.9, 1.0, 1.0, 1.0, 1.0, 0.25, 1.0, 1.0, 1.0,
       1.0, 1.0, 1.0, 1.0, 1.0, 1.0, 1.0, 1.0, 1.0, 1.0, 1.0, 1.0, 1.0,
       1.0, 1.0, 1.0, 0.7, 1.0]), 'tpos': array([3, 3, 3, 3, 2, 2, 2, 2, 3, 2, 3, 2, 3, 3, 3, 3, 3, 2, 2, 2, 3, 3, 0,
       3, 3, 3, 3, 2, 3, 3, 3, 2, 2, 3, 3, 3, 2, 3, 3, 3, 3, 2, 2, 3])}, {'specificity': array([0.08, 0.18, 0.5, 0.82, 0.92, 1.0, 0.84, 0.78, 0.24, 0.42, 0.06,
       0.76, 0.22, 0.2, 0.32, 0.9, 0.8, 0.1, 0.7, 0.74, 0.3, 0.46, 0.94,
       0.98, 0.36, 0.02, 0.28, 0.34, 0.04, 0.4, 0.72, 0.44, 0.58, 0.86,
       0.12, 0.88, 0.68, 0.14, 0.66, 0.26, 0.56, 0.62, 0.16, 0.52, 0.64,
       0.54, 0.38, 0.6, 0.96, 0.48]), 'tneg': array([1, 1, 3, 6, 7, 7, 6, 6, 1, 2, 1, 4, 1, 1, 1, 7, 6, 1, 4, 4, 1, 3, 7,
       7, 1, 1, 1, 1, 1, 2, 4, 3, 3, 6, 1, 7, 4, 1, 4, 1, 3, 4, 1, 3, 4, 3,
       1, 3, 7, 3]), 'fpos': array([6, 6, 4, 1, 0, 0, 1, 1, 6, 5, 6, 3, 6, 6, 6, 0, 1, 6, 3, 3, 6, 4, 0,
       0, 6, 6, 6, 6, 6, 5, 3, 4, 4, 1, 6, 0, 3, 6, 3, 6, 4, 3, 6, 4, 3, 4,
       6, 4, 0, 4]), 'threshold': [-1.9358552089760925, -1.8768795024376781, -1.6971701702077751, -1.3272682323551117, -0.94319678250916128, -0.38933960668280493, -1.305946668455013, -1.3994420571038653, -1.8649395281320207, -1.742616991123279, -1.9434554446609516, -1.4615576937567234, -1.8714846566935324, -1.8718089694524962, -1.821172946698195, -1.0308992864273163, -1.3709435861209307, -1.9345332383902263, -1.5072786020188242, -1.4971495022822583, -1.8370948533296068, -1.7254950063481738, -0.93441004433179686, -0.60099809050638875, -1.7957782220517153, -1.9616178673082092, -1.8546185263452011, -1.8024814315725828, -1.9544818758427631, -1.764207596948759, -1.5013741128907845, -1.7305835341303735, -1.6543179627833293, -1.3046378936301812, -1.8910077342637273, -1.1640709696026985, -1.5185465811070751, -1.8829961917436897, -1.5383291797687695, -1.85610128602773, -1.6582376458020471, -1.616512219192612, -1.8821778164733931, -1.6935329521257512, -1.5486260588933474, -1.6693901732179226, -1.7881109035953113, -1.6371562180920696, -0.77745956654641024, -1.7009864787190738], 'fneg': array([0, 0, 0, 2, 5, 8, 2, 0, 0, 0, 0, 0, 0, 0, 0, 5, 0, 0, 0, 0, 0, 0, 5,
       7, 0, 0, 0, 0, 0, 0, 0, 0, 0, 2, 0, 3, 0, 0, 0, 0, 0, 0, 0, 0, 0, 0,
       0, 0, 6, 0]), 'sensitivity': array([1.0, 1.0, 1.0, 1.0, 0.92857143, 0.28571429, 1.0, 1.0, 1.0, 1.0, 1.0,
       1.0, 1.0, 1.0, 1.0, 0.92857143, 1.0, 1.0, 1.0, 1.0, 1.0, 1.0,
       0.92857143, 0.42857143, 1.0, 1.0, 1.0, 1.0, 1.0, 1.0, 1.0, 1.0, 1.0,
       1.0, 1.0, 1.0, 1.0, 1.0, 1.0, 1.0, 1.0, 1.0, 1.0, 1.0, 1.0, 1.0,
       1.0, 1.0, 0.64285714, 1.0]), 'tpos': array([9, 9, 9, 7, 4, 1, 7, 9, 9, 9, 9, 9, 9, 9, 9, 4, 9, 9, 9, 9, 9, 9, 4,
       2, 9, 9, 9, 9, 9, 9, 9, 9, 9, 7, 9, 6, 9, 9, 9, 9, 9, 9, 9, 9, 9, 9,
       9, 9, 3, 9])}, {'specificity': array([0.17391304, 0.41304348, 0.67391304, 0.89130435, 0.76086957,
       0.91304348, 0.80434783, 0.13043478, 0.32608696, 0.56521739,
       0.39130435, 0.02173913, 0.54347826, 0.93478261, 0.82608696,
       0.065217391, 0.7826087, 0.63043478, 0.19565217, 0.58695652,
       0.7173913, 0.95652174, 1.0, 0.47826087, 0.043478261, 0.30434783,
       0.10869565, 0.43478261, 0.52173913, 0.69565217, 0.84782609,
       0.45652174, 0.26086957, 0.86956522, 0.65217391, 0.60869565,
       0.23913043, 0.15217391, 0.5, 0.73913043, 0.36956522, 0.2173913,
       0.2826087, 0.97826087, 0.086956522, 0.34782609]), 'tneg': array([2, 5, 5, 7, 5, 8, 7, 2, 4, 5, 5, 0, 5, 9, 7, 1, 5, 5, 2, 5, 5, 9, 9,
       5, 0, 4, 2, 5, 5, 5, 7, 5, 3, 7, 5, 5, 3, 2, 5, 5, 5, 2, 4, 9, 1, 4]), 'fpos': array([ 9,  6,  6,  4,  6,  3,  4,  9,  7,  6,  6, 11,  6,  2,  4, 10,  6,
        6,  9,  6,  6,  2,  2,  6, 11,  7,  9,  6,  6,  6,  4,  6,  8,  4,
        6,  6,  8,  9,  6,  6,  6,  9,  7,  2, 10,  7]), 'threshold': [-3.6192621599580317, -3.3091188050569054, -2.8712166994899757, -2.3125618893332116, -2.6551334626976142, -1.782780782651874, -2.320708052594167, -3.6793213886350689, -3.4996231034979011, -2.9550721254302297, -3.3541602811507452, -4.0655520367682119, -2.975203493353713, -1.5793989798314581, -2.3147753922990995, -3.7582944606423148, -2.5195167002680661, -2.935992228636394, -3.5975677631720155, -2.9400749052343635, -2.801966108599045, -1.135185892893835, -0.6091063148354291, -3.1247567216591556, -3.9091262934919522, -3.527358264767138, -3.724432267538166, -3.28414942385157, -3.0058447492560729, -2.8042309929904068, -2.3145445877723727, -3.1496748802096959, -3.5502499010003383, -2.3132111966425737, -2.8986724994403343, -2.93765630246615, -3.5582168804536312, -3.6785863136385504, -3.084823180533331, -2.6894570015705552, -3.4588367228837016, -3.5881644667809978, -3.5279126114236985, -0.7113196363544374, -3.7458544171249013, -3.4927993530827117], 'fneg': array([0, 0, 0, 2, 1, 2, 2, 0, 0, 0, 0, 0, 0, 2, 2, 0, 1, 0, 0, 0, 0, 2, 3,
       0, 0, 0, 0, 0, 0, 0, 2, 0, 0, 2, 0, 0, 0, 0, 0, 0, 0, 0, 0, 3, 0, 0]), 'sensitivity': array([1.0, 1.0, 1.0, 1.0, 1.0, 1.0, 1.0, 1.0, 1.0, 1.0, 1.0, 1.0, 1.0,
       1.0, 1.0, 1.0, 1.0, 1.0, 1.0, 1.0, 1.0, 1.0, 0.88888889, 1.0, 1.0,
       1.0, 1.0, 1.0, 1.0, 1.0, 1.0, 1.0, 1.0, 1.0, 1.0, 1.0, 1.0, 1.0,
       1.0, 1.0, 1.0, 1.0, 1.0, 0.88888889, 1.0, 1.0]), 'tpos': array([5, 5, 5, 3, 4, 3, 3, 5, 5, 5, 5, 5, 5, 3, 3, 5, 4, 5, 5, 5, 5, 3, 2,
       5, 5, 5, 5, 5, 5, 5, 3, 5, 5, 3, 5, 5, 5, 5, 5, 5, 5, 5, 5, 2, 5, 5])}, {'specificity': array([0.51111111, 0.57777778, 0.48888889, 0.55555556, 0.93333333,
       0.84444444, 1.0, 0.77777778, 0.33333333, 0.62222222, 0.22222222,
       0.86666667, 0.46666667, 0.15555556, 0.022222222, 0.24444444,
       0.97777778, 0.75555556, 0.37777778, 0.82222222, 0.26666667, 0.8,
       0.64444444, 0.91111111, 0.4, 0.088888889, 0.11111111, 0.31111111,
       0.53333333, 0.42222222, 0.68888889, 0.35555556, 0.88888889,
       0.66666667, 0.066666667, 0.044444444, 0.73333333, 0.28888889,
       0.13333333, 0.44444444, 0.71111111, 0.6, 0.95555556, 0.2, 0.17777778]), 'tneg': array([ 1,  2,  1,  2,  8,  7, 11,  4,  1,  2,  1,  7,  1,  1,  0,  1, 11,
        4,  1,  5,  1,  4,  2,  7,  1,  1,  1,  1,  1,  1,  4,  1,  7,  3,
        1,  1,  4,  1,  1,  1,  4,  2, 11,  1,  1]), 'fpos': array([11, 10, 11, 10,  4,  5,  1,  8, 11, 10, 11,  5, 11, 11, 12, 11,  1,
        8, 11,  7, 11,  8, 10,  5, 11, 11, 11, 11, 11, 11,  8, 11,  5,  9,
       11, 11,  8, 11, 11, 11,  8, 10,  1, 11, 11]), 'threshold': [-3.1304754889326203, -2.9837019855339189, -3.1539215401202974, -3.0257977342073277, -1.4848200177666331, -2.0567739806677543, 0.36789328432251178, -2.4855597984651259, -3.5156580677043179, -2.8622882402718894, -3.5748925655155319, -2.0055673571656216, -3.1818830915405476, -3.6488841349570431, -4.175752459845433, -3.5523937980085449, -0.32497691297204834, -2.5277564127022303, -3.3003215744651944, -2.32031302419483, -3.5515801036529457, -2.4408901996881962, -2.8280046974614064, -1.9230843946557017, -3.2662280068873368, -3.7872468180043457, -3.7450253531187347, -3.5203445005795362, -3.1255193149210152, -3.2655655329446187, -2.6166493569313154, -3.3828812477740771, -1.9997069015361546, -2.6798180322747509, -3.8557661563353611, -3.8643476285134208, -2.5532600883527397, -3.5267592723832579, -3.6954462493608111, -3.2255810228468347, -2.5666119218702153, -2.8689220576619241, -0.94382457505678563, -3.5914308609170038, -3.6417154732997838], 'fneg': array([0, 0, 0, 0, 1, 0, 3, 0, 0, 0, 0, 0, 0, 0, 0, 0, 3, 0, 0, 0, 0, 0, 0,
       0, 0, 0, 0, 0, 0, 0, 0, 0, 0, 0, 0, 0, 0, 0, 0, 0, 0, 0, 3, 0, 0]), 'sensitivity': array([1.0, 1.0, 1.0, 1.0, 1.0, 1.0, 0.9, 1.0, 1.0, 1.0, 1.0, 1.0, 1.0,
       1.0, 1.0, 1.0, 1.0, 1.0, 1.0, 1.0, 1.0, 1.0, 1.0, 1.0, 1.0, 1.0,
       1.0, 1.0, 1.0, 1.0, 1.0, 1.0, 1.0, 1.0, 1.0, 1.0, 1.0, 1.0, 1.0,
       1.0, 1.0, 1.0, 1.0, 1.0, 1.0]), 'tpos': array([3, 3, 3, 3, 2, 3, 0, 3, 3, 3, 3, 3, 3, 3, 3, 3, 0, 3, 3, 3, 3, 3, 3,
       3, 3, 3, 3, 3, 3, 3, 3, 3, 3, 3, 3, 3, 3, 3, 3, 3, 3, 3, 0, 3, 3])}], <Model object at 0x0000000000000D60>)
#gbm
([{'specificity': array([1.0, 0.47916667, 0.52083333, 0.75, 0.875, 0.66666667, 0.89583333,
       0.97916667, 0.85416667, 0.5625, 0.4375, 0.64583333, 0.35416667,
       0.625, 0.22916667, 0.10416667, 0.041666667, 0.95833333, 0.45833333,
       0.83333333, 0.77083333, 0.0625, 0.5, 0.41666667, 0.58333333,
       0.020833333, 0.39583333, 0.083333333, 0.125, 0.91666667, 0.29166667,
       0.70833333, 0.27083333, 0.79166667, 0.33333333, 0.8125, 0.3125,
       0.14583333, 0.72916667, 0.25, 0.54166667, 0.1875, 0.6875,
       0.60416667, 0.9375, 0.16666667, 0.20833333, 0.375]), 'tneg': array([13,  1,  3,  7, 10,  6, 10, 13, 10,  4,  1,  6,  1,  6,  1,  1,  0,
       12,  1, 10,  8,  1,  2,  1,  5,  0,  1,  1,  1, 12,  1,  7,  1,  8,
        1,  8,  1,  1,  7,  1,  4,  1,  7,  5, 12,  1,  1,  1]), 'fpos': array([ 0, 12, 10,  6,  3,  7,  3,  0,  3,  9, 12,  7, 12,  7, 12, 12, 13,
        1, 12,  3,  5, 12, 11, 12,  8, 13, 12, 12, 12,  1, 12,  6, 12,  5,
       12,  5, 12, 12,  6, 12,  9, 12,  6,  8,  1, 12, 12, 12]), 'threshold': [-0.40540950044923929, -1.9396426157849975, -1.837881164312744, -1.6383168932616166, -1.4029068059644543, -1.7026234392593034, -1.3883665714940856, -0.62161794836644557, -1.4048944778170469, -1.7861696629754864, -1.9623287980685822, -1.7124868318831341, -2.0509555949793006, -1.7153514762711977, -2.1513900034771103, -2.2209686184416859, -2.2826336880212654, -0.90170382067908128, -1.9586905854727812, -1.4744230098208067, -1.5935513442600811, -2.2412513332574568, -1.9074202289043971, -1.9826430883912678, -1.7545357634749614, -2.3072853496636134, -1.9890986912429096, -2.2405385764790289, -2.2207151802091083, -1.2302714434742419, -2.081192271659313, -1.6464699965762584, -2.1137774107606653, -1.5739977258187685, -2.0680110632522632, -1.5406398148690732, -2.0758798575583524, -2.2106463897959281, -1.6449696144442081, -2.1217762484671794, -1.8351471299664386, -2.1787404352303845, -1.6652340323120158, -1.7381836206303494, -0.94172668417646022, -2.1818548462550766, -2.1729765428185344, -2.0300849432759964], 'fneg': array([4, 0, 0, 0, 1, 0, 1, 3, 1, 0, 0, 0, 0, 0, 0, 0, 0, 2, 0, 1, 1, 0, 0,
       0, 0, 0, 0, 0, 0, 2, 0, 0, 0, 1, 0, 1, 0, 0, 0, 0, 0, 0, 0, 0, 2, 0,
       0, 0]), 'sensitivity': array([0.0625, 1.0, 1.0, 1.0, 1.0, 1.0, 1.0, 0.375, 1.0, 1.0, 1.0, 1.0,
       1.0, 1.0, 1.0, 1.0, 1.0, 0.8125, 1.0, 1.0, 1.0, 1.0, 1.0, 1.0, 1.0,
       1.0, 1.0, 1.0, 1.0, 0.9375, 1.0, 1.0, 1.0, 1.0, 1.0, 1.0, 1.0, 1.0,
       1.0, 1.0, 1.0, 1.0, 1.0, 1.0, 0.8125, 1.0, 1.0, 1.0]), 'tpos': array([0, 4, 4, 4, 3, 4, 3, 1, 3, 4, 4, 4, 4, 4, 4, 4, 4, 2, 4, 3, 3, 4, 4,
       4, 4, 4, 4, 4, 4, 2, 4, 4, 4, 3, 4, 3, 4, 4, 4, 4, 4, 4, 4, 4, 2, 4,
       4, 4])}, {'specificity': array([1.0, 0.52083333, 0.20833333, 0.45833333, 0.4375, 0.85416667, 0.75,
       0.72916667, 0.97916667, 0.875, 0.66666667, 0.22916667, 0.6875,
       0.375, 0.5, 0.16666667, 0.33333333, 0.14583333, 0.083333333,
       0.020833333, 0.60416667, 0.3125, 0.8125, 0.35416667, 0.5625, 0.9375,
       0.47916667, 0.70833333, 0.10416667, 0.125, 0.95833333, 0.64583333,
       0.77083333, 0.91666667, 0.27083333, 0.89583333, 0.83333333,
       0.79166667, 0.29166667, 0.25, 0.625, 0.41666667, 0.39583333,
       0.54166667, 0.0625, 0.1875, 0.58333333, 0.041666667]), 'tneg': array([13,  6,  5,  6,  6,  7,  7,  7, 13,  9,  7,  5,  7,  6,  6,  4,  5,
        3,  0,  0,  7,  5,  7,  5,  7, 11,  6,  7,  1,  1, 11,  7,  7, 11,
        5, 11,  7,  7,  5,  5,  7,  6,  6,  6,  0,  5,  7,  0]), 'fpos': array([ 0,  7,  8,  7,  7,  6,  6,  6,  0,  4,  6,  8,  6,  7,  7,  9,  8,
       10, 13, 13,  6,  8,  6,  8,  6,  2,  7,  6, 12, 12,  2,  6,  6,  2,
        8,  2,  6,  6,  8,  8,  6,  7,  7,  7, 13,  8,  6, 13]), 'threshold': [0.27895354695543539, -2.421524582264015, -2.7749838835745466, -2.4758248060802908, -2.4955056271200582, -1.8152920781835542, -1.9059588257856042, -1.9463119478368967, 0.097353091123131771, -1.5987331348400069, -2.0753966657327583, -2.7057559885928715, -2.0219025995485826, -2.5654523923937549, -2.4311805872138388, -2.8106214594965166, -2.6045205954794395, -2.8341514663889678, -3.0027463709632047, -3.1546149887221731, -2.209537083749924, -2.6065591395586156, -1.8288039806614551, -2.6037430122868725, -2.378395361871128, -0.86789568805914208, -2.4359453062778633, -2.0111090716728466, -2.9761653213670192, -2.9137958596598468, -0.47323270095478681, -2.096417619678574, -1.8968722245166341, -0.93125840280479044, -2.6459287523413839, -1.2313466020172097, -1.8190323502609131, -1.8522680762764499, -2.61481154687653, -2.6633042353894085, -2.0981547797665168, -2.552235938862025, -2.5573789365081647, -2.3992885088334441, -3.0044469176064545, -2.7776343504565073, -2.3105364943319722, -3.0968201865617955], 'fneg': array([2, 0, 0, 0, 0, 1, 1, 1, 2, 2, 0, 0, 1, 0, 0, 0, 0, 0, 0, 0, 0, 0, 1,
       0, 0, 2, 0, 1, 0, 0, 2, 0, 1, 2, 0, 2, 1, 1, 0, 0, 0, 0, 0, 0, 0, 0,
       0, 0]), 'sensitivity': array([0.23529412, 1.0, 1.0, 1.0, 1.0, 1.0, 1.0, 1.0, 0.35294118, 1.0, 1.0,
       1.0, 1.0, 1.0, 1.0, 1.0, 1.0, 1.0, 1.0, 1.0, 1.0, 1.0, 1.0, 1.0,
       1.0, 0.88235294, 1.0, 1.0, 1.0, 1.0, 0.82352941, 1.0, 1.0,
       0.88235294, 1.0, 1.0, 1.0, 1.0, 1.0, 1.0, 1.0, 1.0, 1.0, 1.0, 1.0,
       1.0, 1.0, 1.0]), 'tpos': array([1, 3, 3, 3, 3, 2, 2, 2, 1, 1, 3, 3, 2, 3, 3, 3, 3, 3, 3, 3, 3, 3, 2,
       3, 3, 1, 3, 2, 3, 3, 1, 3, 2, 1, 3, 1, 2, 2, 3, 3, 3, 3, 3, 3, 3, 3,
       3, 3])}, {'specificity': array([1.0, 0.48979592, 0.36734694, 0.40816327, 0.71428571, 0.81632653,
       0.59183673, 0.73469388, 0.97959184, 0.65306122, 0.30612245,
       0.69387755, 0.3877551, 0.51020408, 0.55102041, 0.10204082,
       0.91836735, 0.79591837, 0.83673469, 0.14285714, 0.57142857,
       0.85714286, 0.28571429, 0.63265306, 0.020408163, 0.2244898,
       0.081632653, 0.06122449, 0.93877551, 0.18367347, 0.20408163,
       0.75510204, 0.89795918, 0.24489796, 0.53061224, 0.87755102,
       0.67346939, 0.32653061, 0.7755102, 0.44897959, 0.46938776,
       0.12244898, 0.26530612, 0.42857143, 0.6122449, 0.95918367,
       0.16326531, 0.34693878, 0.040816327]), 'tneg': array([12,  4,  4,  4,  7, 10,  4,  9, 12,  4,  4,  5,  4,  4,  4,  0, 11,
       10, 11,  0,  4, 11,  4,  4,  0,  3,  0,  0, 11,  3,  3,  9, 11,  3,
        4, 11,  5,  4,  9,  4,  4,  0,  3,  4,  4, 12,  3,  4,  0]), 'fpos': array([ 0,  8,  8,  8,  5,  2,  8,  3,  0,  8,  8,  7,  8,  8,  8, 12,  1,
        2,  1, 12,  8,  1,  8,  8, 12,  9, 12, 12,  1,  9,  9,  3,  1,  9,
        8,  1,  7,  8,  3,  8,  8, 12,  9,  8,  8,  0,  9,  8, 12]), 'threshold': [-0.62206756815640163, -1.8762399458445571, -1.9676598057109778, -1.9500191954233044, -1.6695350233496533, -1.5756146272302971, -1.8109997272261027, -1.6209620718279605, -1.033891253118103, -1.7472842305148824, -2.004815612217238, -1.6768356162622133, -1.9596645038243434, -1.8734175906885515, -1.8441772824691334, -2.2262117488755253, -1.2266137842344937, -1.5857434707719738, -1.4791533985385184, -2.1790098398546354, -1.8172395430269788, -1.422429343940443, -2.0431201832067827, -1.8006462328885371, -2.2694199768004628, -2.0558527591643068, -2.231067755442353, -2.2354683495979732, -1.2156904340179617, -2.0988198736783317, -2.0748462371598833, -1.6117549615793783, -1.2589728257661705, -2.0555976952345456, -1.8496821157584129, -1.4178676500764114, -1.7337488188392194, -2.0005571003215161, -1.6003194385796793, -1.9316526675253618, -1.8984797859070215, -2.2185060929921105, -2.0501200724259117, -1.9441977882848651, -1.8009982790508534, -1.0548585326037658, -2.1106015477755173, -1.9988499275740543, -2.2464404637888018], 'fneg': array([4, 0, 0, 0, 0, 0, 0, 0, 4, 0, 0, 0, 0, 0, 0, 0, 4, 0, 0, 0, 0, 2, 0,
       0, 0, 0, 0, 0, 4, 0, 0, 0, 4, 0, 0, 2, 0, 0, 0, 0, 0, 0, 0, 0, 0, 4,
       0, 0, 0]), 'sensitivity': array([0.125, 1.0, 1.0, 1.0, 1.0, 1.0, 1.0, 1.0, 0.6875, 1.0, 1.0, 1.0,
       1.0, 1.0, 1.0, 1.0, 0.9375, 1.0, 1.0, 1.0, 1.0, 0.9375, 1.0, 1.0,
       1.0, 1.0, 1.0, 1.0, 0.9375, 1.0, 1.0, 1.0, 0.9375, 1.0, 1.0, 0.9375,
       1.0, 1.0, 1.0, 1.0, 1.0, 1.0, 1.0, 1.0, 1.0, 0.6875, 1.0, 1.0, 1.0]), 'tpos': array([0, 4, 4, 4, 4, 4, 4, 4, 0, 4, 4, 4, 4, 4, 4, 4, 0, 4, 4, 4, 4, 2, 4,
       4, 4, 4, 4, 4, 0, 4, 4, 4, 0, 4, 4, 2, 4, 4, 4, 4, 4, 4, 4, 4, 4, 0,
       4, 4, 4])}, {'specificity': array([1.0, 0.6122449, 0.48979592, 0.59183673, 0.16326531, 0.85714286,
       0.91836735, 0.57142857, 0.46938776, 0.75510204, 0.44897959,
       0.71428571, 0.53061224, 0.69387755, 0.2244898, 0.10204082,
       0.020408163, 0.93877551, 0.63265306, 0.26530612, 0.79591837,
       0.7755102, 0.3877551, 0.81632653, 0.67346939, 0.95918367,
       0.32653061, 0.24489796, 0.081632653, 0.18367347, 0.83673469,
       0.28571429, 0.89795918, 0.14285714, 0.40816327, 0.87755102,
       0.55102041, 0.36734694, 0.73469388, 0.12244898, 0.65306122,
       0.34693878, 0.06122449, 0.42857143, 0.51020408, 0.97959184,
       0.20408163, 0.30612245, 0.040816327]), 'tneg': array([11,  2,  2,  2,  1,  8,  9,  2,  2,  4,  2,  2,  2,  2,  2,  1,  0,
        9,  2,  2,  4,  4,  2,  4,  2, 11,  2,  2,  1,  2,  4,  2,  9,  1,
        2,  8,  2,  2,  2,  1,  2,  2,  1,  2,  2, 11,  2,  2,  1]), 'fpos': array([ 1, 10, 10, 10, 11,  4,  3, 10, 10,  8, 10, 10, 10, 10, 10, 11, 12,
        3, 10, 10,  8,  8, 10,  8, 10,  1, 10, 10, 11, 10,  8, 10,  3, 11,
       10,  4, 10, 10, 10, 11, 10, 10, 11, 10, 10,  1, 10, 10, 11]), 'threshold': [-0.011300566266626764, -2.2513458404073994, -2.3537476648752418, -2.2694039601783662, -2.7129216354119703, -1.5661042455656944, -1.242203873563329, -2.2731615429526397, -2.3673731070660828, -2.0144927579505509, -2.3909883702740484, -2.0700893415952741, -2.3024815241566619, -2.0818273863831531, -2.6028426582459554, -2.7432096670919988, -2.9015054100452882, -1.174435064587914, -2.2021429974170039, -2.591553861472359, -1.9868599106249141, -1.9950715546701452, -2.5074883614220216, -1.9749171394002214, -2.158925012199147, -0.31337955826083, -2.5618851295631462, -2.6016785357623835, -2.7610681535694597, -2.6509814681451243, -1.9347936548532314, -2.5820104955385146, -1.25151341322042, -2.7133542791614524, -2.4679576911160672, -1.4596714711785637, -2.2750332903173991, -2.50835977301932, -2.046144268273, -2.72132275847295, -2.1670809267661459, -2.5608508578922868, -2.7945494560794804, -2.4558174325121422, -2.3342371055304434, -0.31177058459814089, -2.610809897914026, -2.5700472173174167, -2.7996625165090125], 'fneg': array([4, 0, 0, 0, 0, 2, 3, 0, 0, 0, 0, 0, 0, 0, 0, 0, 0, 4, 0, 0, 0, 0, 0,
       0, 0, 4, 0, 0, 0, 0, 0, 0, 3, 0, 0, 2, 0, 0, 0, 0, 0, 0, 0, 0, 0, 4,
       0, 0, 0]), 'sensitivity': array([0.4375, 1.0, 1.0, 1.0, 1.0, 1.0, 0.875, 1.0, 1.0, 1.0, 1.0, 1.0,
       1.0, 1.0, 1.0, 1.0, 1.0, 0.875, 1.0, 1.0, 1.0, 1.0, 1.0, 1.0, 1.0,
       0.625, 1.0, 1.0, 1.0, 1.0, 1.0, 1.0, 0.875, 1.0, 1.0, 1.0, 1.0, 1.0,
       1.0, 1.0, 1.0, 1.0, 1.0, 1.0, 1.0, 0.625, 1.0, 1.0, 1.0]), 'tpos': array([0, 4, 4, 4, 4, 2, 1, 4, 4, 4, 4, 4, 4, 4, 4, 4, 4, 0, 4, 4, 4, 4, 4,
       4, 4, 0, 4, 4, 4, 4, 4, 4, 1, 4, 4, 2, 4, 4, 4, 4, 4, 4, 4, 4, 4, 0,
       4, 4, 4])}, {'specificity': array([0.4, 0.56, 0.26, 0.84, 0.86, 0.88, 1.0, 0.9, 0.66, 0.42, 0.8, 0.58,
       0.34, 0.12, 0.96, 0.68, 0.38, 0.7, 0.54, 0.16, 0.46, 0.52, 0.94,
       0.6, 0.04, 0.32, 0.1, 0.06, 0.92, 0.18, 0.76, 0.2, 0.78, 0.82, 0.36,
       0.74, 0.72, 0.14, 0.62, 0.24, 0.64, 0.28, 0.5, 0.08, 0.48, 0.44,
       0.98, 0.22, 0.3, 0.02]), 'tneg': array([ 2,  4,  2,  7,  7,  7, 10,  8,  5,  2,  6,  4,  2,  1,  9,  6,  2,
        6,  3,  1,  3,  3,  9,  5,  0,  2,  1,  1,  8,  2,  6,  2,  6,  7,
        2,  6,  6,  1,  5,  2,  5,  2,  3,  1,  3,  3,  9,  2,  2,  0]), 'fpos': array([ 9,  7,  9,  4,  4,  4,  1,  3,  6,  9,  5,  7,  9, 10,  2,  5,  9,
        5,  8, 10,  8,  8,  2,  6, 11,  9, 10, 10,  3,  9,  5,  9,  5,  4,
        9,  5,  5, 10,  6,  9,  6,  9,  8, 10,  8,  8,  2,  9,  9, 11]), 'threshold': [-2.1347547647716687, -1.9348519069759571, -2.3091529959196353, -1.5660628014816971, -1.5151881251815516, -1.4819699758506646, -0.45026394690164417, -1.2683725616994215, -1.8161868189845474, -2.1288598092643518, -1.6284761627640438, -1.9268869712482801, -2.2582852379746927, -2.4306473133627646, -0.9694904841689419, -1.7709146770400948, -2.1382672940572292, -1.7691068886364321, -2.0159051637455287, -2.3994215672996355, -2.0638328991895265, -2.0246512609776754, -1.0933741463397591, -1.8603453594269455, -2.5187240290705462, -2.2667994460253005, -2.4571688710180073, -2.4891158147676915, -1.2292188378980329, -2.3609034981190566, -1.7181894585438886, -2.3597172596843694, -1.6594644784285337, -1.5982727536664234, -2.1673841042746225, -1.7273125074998492, -1.7657647728496784, -2.4100867082959394, -1.8558210258783363, -2.336870931612324, -1.8388107406918168, -2.2722443205970455, -2.045277770389351, -2.4620672901646516, -2.0549313657105341, -2.0945847897122039, -0.9212915592806511, -2.3386093107947516, -2.2709187099562662, -2.5928036816210378], 'fneg': array([0, 0, 0, 1, 1, 1, 5, 2, 0, 0, 1, 0, 0, 0, 3, 0, 0, 0, 0, 0, 0, 0, 2,
       0, 0, 0, 0, 0, 2, 0, 1, 0, 1, 1, 0, 1, 1, 0, 0, 0, 0, 0, 0, 0, 0, 0,
       3, 0, 0, 0]), 'sensitivity': array([1.0, 1.0, 1.0, 1.0, 1.0, 1.0, 0.4, 1.0, 1.0, 1.0, 1.0, 1.0, 1.0,
       1.0, 0.8, 1.0, 1.0, 1.0, 1.0, 1.0, 1.0, 1.0, 0.86666667, 1.0, 1.0,
       1.0, 1.0, 1.0, 0.93333333, 1.0, 1.0, 1.0, 1.0, 1.0, 1.0, 1.0, 1.0,
       1.0, 1.0, 1.0, 1.0, 1.0, 1.0, 1.0, 1.0, 1.0, 0.8, 1.0, 1.0, 1.0]), 'tpos': array([5, 5, 5, 4, 4, 4, 0, 3, 5, 5, 4, 5, 5, 5, 2, 5, 5, 5, 5, 5, 5, 5, 3,
       5, 5, 5, 5, 5, 3, 5, 4, 5, 4, 4, 5, 4, 4, 5, 5, 5, 5, 5, 5, 5, 5, 5,
       2, 5, 5, 5])}], <Model object at 0x000000000000108C>)
