#adalasso
([{'specificity': array([0.83870968, 0.82258065, 0.96774194, 0.69354839, 0.75806452,
       0.38709677, 0.080645161, 0.77419355, 0.80645161, 0.91935484,
       0.88709677, 0.66129032, 0.33870968, 0.64516129, 0.62903226,
       0.72580645, 0.58064516, 0.24193548, 0.22580645, 0.61290323,
       0.70967742, 0.53225806, 0.12903226, 0.56451613, 0.59677419,
       0.096774194, 0.29032258, 0.74193548, 0.51612903, 0.93548387,
       0.9516129, 1.0, 0.98387097, 0.90322581, 0.87096774, 0.79032258,
       0.11290323, 0.32258065, 0.14516129, 0.032258065, 0.67741935, 0.5,
       0.35483871, 0.27419355, 0.17741935, 0.4516129, 0.85483871,
       0.048387097, 0.43548387, 0.40322581, 0.30645161, 0.064516129,
       0.48387097, 0.37096774, 0.41935484, 0.5483871, 0.25806452,
       0.19354839, 0.16129032, 0.20967742, 0.016129032, 0.46774194]), 'tneg': array([13, 13, 15, 11, 12,  5,  0, 12, 13, 15, 15, 11,  3, 11, 11, 11, 11,
        2,  2, 11, 11, 11,  1, 11, 11,  0,  2, 11, 10, 15, 15, 15, 15, 15,
       14, 13,  0,  2,  1,  0, 11, 10,  4,  2,  2,  5, 13,  0,  5,  5,  2,
        0, 10,  5,  5, 11,  2,  2,  2,  2,  0,  9]), 'fpos': array([ 3,  3,  1,  5,  4, 11, 16,  4,  3,  1,  1,  5, 13,  5,  5,  5,  5,
       14, 14,  5,  5,  5, 15,  5,  5, 16, 14,  5,  6,  1,  1,  1,  1,  1,
        2,  3, 16, 14, 15, 16,  5,  6, 12, 14, 14, 11,  3, 16, 11, 11, 14,
       16,  6, 11, 11,  5, 14, 14, 14, 14, 16,  7]), 'threshold': [0.36987232034920647, 0.36327566158013336, 0.7084967496026614, 0.26065693998552353, 0.31543342149333492, 0.18909181011920379, 0.153379907133776, 0.31618539315072308, 0.34661017610261807, 0.57047819493159402, 0.51488506714414828, 0.25772695739199525, 0.1832914705500707, 0.25461203612551569, 0.24759110817670535, 0.30192764715577297, 0.24299357539599173, 0.16751473573827622, 0.16729045565959974, 0.24725677128227094, 0.27781542952518001, 0.23158898028242267, 0.16265912699807208, 0.24115070494462002, 0.24533312322859258, 0.15467153403465792, 0.1703577979023688, 0.30312463109440491, 0.21198037884065124, 0.59425151339881288, 0.64269175637537901, 0.72548038823993621, 0.71756877248225626, 0.51647692255314959, 0.41111992274836912, 0.32467542485847545, 0.1554037659769579, 0.17354032610021183, 0.16361149919067283, 0.12825789762033857, 0.25787432367875246, 0.21020481473074693, 0.18468585022147357, 0.16939354258733516, 0.16387009431888353, 0.19338978933091958, 0.37703987372761955, 0.14560101999904523, 0.19228090340079199, 0.19012189815199165, 0.17121833182590043, 0.15135529433568362, 0.20912342412678803, 0.18848075922864402, 0.19199609607326398, 0.23284676394871662, 0.16822370175158044, 0.16651757523060254, 0.16381932531073351, 0.16695502089894868, 0.12753588121476553, 0.20305855743657894], 'fneg': array([1, 1, 1, 0, 0, 0, 0, 0, 0, 1, 1, 0, 0, 0, 0, 0, 0, 0, 0, 0, 0, 0, 0,
       0, 0, 0, 0, 0, 0, 1, 1, 1, 1, 1, 1, 0, 0, 0, 0, 0, 0, 0, 0, 0, 0, 0,
       1, 0, 0, 0, 0, 0, 0, 0, 0, 0, 0, 0, 0, 0, 0, 0]), 'sensitivity': array([1, 1, 1, 1, 1, 1, 1, 1, 1, 1, 1, 1, 1, 1, 1, 1, 1, 1, 1, 1, 1, 1, 1,
       1, 1, 1, 1, 1, 1, 1, 1, 1, 1, 1, 1, 1, 1, 1, 1, 1, 1, 1, 1, 1, 1, 1,
       1, 1, 1, 1, 1, 1, 1, 1, 1, 1, 1, 1, 1, 1, 1, 1]), 'tpos': array([0, 0, 0, 1, 1, 1, 1, 1, 1, 0, 0, 1, 1, 1, 1, 1, 1, 1, 1, 1, 1, 1, 1,
       1, 1, 1, 1, 1, 1, 0, 0, 0, 0, 0, 0, 1, 1, 1, 1, 1, 1, 1, 1, 1, 1, 1,
       0, 1, 1, 1, 1, 1, 1, 1, 1, 1, 1, 1, 1, 1, 1, 1])}, {'specificity': array([0.93650794, 0.82539683, 0.3015873, 0.87301587, 0.80952381,
       0.44444444, 0.20634921, 0.14285714, 0.74603175, 0.49206349,
       0.3968254, 0.66666667, 1.0, 0.76190476, 0.26984127, 0.6031746,
       0.77777778, 0.34920635, 0.73015873, 0.57142857, 0.9047619,
       0.63492063, 0.47619048, 0.079365079, 0.33333333, 0.61904762,
       0.17460317, 0.36507937, 0.25396825, 0.31746032, 0.063492063,
       0.50793651, 0.71428571, 0.92063492, 0.98412698, 0.96825397,
       0.53968254, 0.88888889, 0.19047619, 0.38095238, 0.46031746,
       0.41269841, 0.22222222, 0.84126984, 0.85714286, 0.12698413,
       0.65079365, 0.52380952, 0.6984127, 0.95238095, 0.55555556,
       0.58730159, 0.23809524, 0.11111111, 0.095238095, 0.79365079,
       0.42857143, 0.15873016, 0.28571429, 0.047619048, 0.68253968,
       0.031746032, 0.015873016]), 'tneg': array([13, 13,  3, 13, 13,  4,  3,  2, 12,  4,  3,  8, 14, 13,  3,  8, 13,
        3, 12,  7, 13,  8,  4,  1,  3,  8,  3,  3,  3,  3,  0,  4, 11, 13,
       14, 13,  4, 13,  3,  3,  4,  4,  3, 13, 13,  2,  8,  4,  9, 13,  7,
        7,  3,  1,  1, 13,  4,  2,  3,  0,  8,  0,  0]), 'fpos': array([ 1,  1, 11,  1,  1, 10, 11, 12,  2, 10, 11,  6,  0,  1, 11,  6,  1,
       11,  2,  7,  1,  6, 10, 13, 11,  6, 11, 11, 11, 11, 14, 10,  3,  1,
        0,  1, 10,  1, 11, 11, 10, 10, 11,  1,  1, 12,  6, 10,  5,  1,  7,
        7, 11, 13, 13,  1, 10, 12, 11, 14,  6, 14, 14]), 'threshold': [0.95616337840966614, 0.84727592847624378, 0.012709726844034989, 0.88351633469195368, 0.82226437005847097, 0.039769559296163645, 0.0070024084581407986, 0.0045047921458066199, 0.63883180092690406, 0.050950791840067067, 0.023168397574599497, 0.14256343017865517, 0.99787435988874429, 0.73894702300994919, 0.012433980429976222, 0.10623153052591965, 0.74394187586741567, 0.016048110995923192, 0.2942966594696238, 0.091732637783860746, 0.92830583515061471, 0.1121634796511473, 0.045908261529280896, 0.0013203002965936155, 0.01426280641994342, 0.11083165434772764, 0.0057706656230241083, 0.018472733018768211, 0.012062495002570648, 0.014096360195051623, 0.0010661673169079554, 0.050992702669758763, 0.23282903387507456, 0.93364673171180501, 0.9973014517872284, 0.97489358422101369, 0.062407746820536757, 0.91187605992540532, 0.0067756286342598501, 0.022490593110211201, 0.04020002578062646, 0.026652664043543221, 0.0088925747101327168, 0.86833796466965307, 0.87256438180415918, 0.004376838942950846, 0.12052617177523474, 0.055763000292807556, 0.17981023065130061, 0.96132202996140836, 0.074661097379820851, 0.095056070476134721, 0.0092227276378113489, 0.0020120435317471847, 0.0014781331950318359, 0.79697719616449292, 0.030927992235171117, 0.0049843699607121286, 0.012480547017022579, 0.00029161481047770024, 0.16680907335240297, 6.4705781277647935e-05, 3.9489962693443803e-05], 'fneg': array([2, 2, 1, 2, 2, 1, 1, 1, 2, 1, 1, 1, 2, 2, 1, 1, 2, 1, 2, 1, 2, 1, 1,
       0, 1, 1, 1, 1, 1, 1, 0, 1, 1, 2, 2, 2, 1, 2, 1, 1, 1, 1, 1, 2, 2, 1,
       1, 1, 1, 2, 1, 1, 1, 0, 0, 2, 1, 1, 1, 0, 1, 0, 0]), 'sensitivity': array([1, 1, 1, 1, 1, 1, 1, 1, 1, 1, 1, 1, 1, 1, 1, 1, 1, 1, 1, 1, 1, 1, 1,
       1, 1, 1, 1, 1, 1, 1, 1, 1, 1, 1, 1, 1, 1, 1, 1, 1, 1, 1, 1, 1, 1, 1,
       1, 1, 1, 1, 1, 1, 1, 1, 1, 1, 1, 1, 1, 1, 1, 1, 1]), 'tpos': array([0, 0, 1, 0, 0, 1, 1, 1, 0, 1, 1, 1, 0, 0, 1, 1, 0, 1, 0, 1, 0, 1, 1,
       2, 1, 1, 1, 1, 1, 1, 2, 1, 1, 0, 0, 0, 1, 0, 1, 1, 1, 1, 1, 0, 0, 1,
       1, 1, 1, 0, 1, 1, 1, 2, 2, 0, 1, 1, 1, 2, 1, 2, 2])}, {'specificity': array([0.734375, 0.953125, 0.140625, 0.859375, 0.9375, 0.75, 0.25, 0.625,
       0.84375, 1.0, 0.921875, 0.640625, 0.578125, 0.796875, 0.765625,
       0.46875, 0.609375, 0.6875, 0.96875, 0.4375, 0.453125, 0.421875,
       0.59375, 0.671875, 0.390625, 0.09375, 0.03125, 0.359375, 0.703125,
       0.28125, 0.890625, 0.90625, 0.984375, 0.21875, 0.125, 0.234375,
       0.265625, 0.203125, 0.828125, 0.78125, 0.71875, 0.171875, 0.109375,
       0.53125, 0.5, 0.8125, 0.40625, 0.65625, 0.484375, 0.328125, 0.3125,
       0.078125, 0.296875, 0.1875, 0.515625, 0.375, 0.0625, 0.34375,
       0.546875, 0.5625, 0.015625, 0.875, 0.15625, 0.046875]), 'tneg': array([ 8, 10,  2, 10, 10,  8,  3,  5, 10, 10, 10,  5,  5,  9,  8,  4,  5,
        7, 10,  4,  4,  4,  5,  5,  4,  1,  0,  3,  7,  3, 10, 10, 10,  2,
        2,  3,  3,  2,  9,  9,  8,  2,  2,  5,  5,  9,  4,  5,  4,  3,  3,
        0,  3,  2,  5,  4,  0,  3,  5,  5,  0, 10,  2,  0]), 'fpos': array([ 3,  1,  9,  1,  1,  3,  8,  6,  1,  1,  1,  6,  6,  2,  3,  7,  6,
        4,  1,  7,  7,  7,  6,  6,  7, 10, 11,  8,  4,  8,  1,  1,  1,  9,
        9,  8,  8,  9,  2,  2,  3,  9,  9,  6,  6,  2,  7,  6,  7,  8,  8,
       11,  8,  9,  6,  7, 11,  8,  6,  6, 11,  1,  9, 11]), 'threshold': [0.25110945812521257, 0.67909379010334947, 0.069927326565208711, 0.41036197776186528, 0.63738243614703416, 0.26589518474720525, 0.080737888709579597, 0.17061334456132041, 0.38313070190164683, 0.95959508285715756, 0.62372802638019742, 0.17548143816096989, 0.15719424254646286, 0.29992065738139162, 0.27134584195195693, 0.12953891831908257, 0.16335507872464447, 0.19362807829654979, 0.86456263916328124, 0.11731533248751296, 0.11954011381645262, 0.11150399517006356, 0.15923169673633703, 0.18371563586985876, 0.10067363505535382, 0.062747643180708357, 0.039569066328765834, 0.098868168532517842, 0.22263336085016222, 0.082589025066332353, 0.4921317230688429, 0.61155198126121468, 0.89726030323408001, 0.073264568131055752, 0.069758675979053039, 0.079444443237600734, 0.081420833987761246, 0.07215349942699481, 0.36574509120962334, 0.29520186297698497, 0.24223691082197613, 0.070646048289297284, 0.067707687895084093, 0.14549778829736981, 0.1378316920455924, 0.3226572153289724, 0.11145878848795622, 0.18002050480458934, 0.12960398199329401, 0.096036973601179118, 0.095585576906593528, 0.061228100007892292, 0.084394064315223241, 0.071299748485277786, 0.14028156812388654, 0.10062128760805707, 0.059710062041343791, 0.096992735491361337, 0.14797026032349056, 0.14990510400463222, 0.021561272201297291, 0.45234103433007417, 0.070242311904913632, 0.044318298775176651], 'fneg': array([2, 4, 0, 3, 3, 2, 1, 2, 3, 4, 3, 2, 2, 2, 2, 2, 2, 2, 4, 2, 2, 2, 2,
       2, 1, 0, 0, 1, 2, 1, 3, 3, 4, 0, 0, 1, 1, 0, 2, 2, 2, 0, 0, 2, 2, 2,
       2, 2, 2, 1, 1, 0, 1, 0, 2, 1, 0, 1, 2, 2, 0, 3, 0, 0]), 'sensitivity': array([1, 1, 1, 1, 1, 1, 1, 1, 1, 1, 1, 1, 1, 1, 1, 1, 1, 1, 1, 1, 1, 1, 1,
       1, 1, 1, 1, 1, 1, 1, 1, 1, 1, 1, 1, 1, 1, 1, 1, 1, 1, 1, 1, 1, 1, 1,
       1, 1, 1, 1, 1, 1, 1, 1, 1, 1, 1, 1, 1, 1, 1, 1, 1, 1]), 'tpos': array([2, 0, 4, 1, 1, 2, 3, 2, 1, 0, 1, 2, 2, 2, 2, 2, 2, 2, 0, 2, 2, 2, 2,
       2, 3, 4, 4, 3, 2, 3, 1, 1, 0, 4, 4, 3, 3, 4, 2, 2, 2, 4, 4, 2, 2, 2,
       2, 2, 2, 3, 3, 4, 3, 4, 2, 3, 4, 3, 2, 2, 4, 1, 4, 4])}, {'specificity': array([0.79365079, 0.88888889, 0.93650794, 0.71428571, 0.65079365,
       0.34920635, 0.33333333, 0.25396825, 0.76190476, 0.84126984,
       0.63492063, 0.9047619, 0.6984127, 0.25396825, 0.36507937,
       0.25396825, 0.82539683, 0.25396825, 0.66666667, 0.46031746,
       0.80952381, 0.44444444, 0.3015873, 0.42857143, 0.68253968,
       0.25396825, 0.25396825, 0.73015873, 0.53968254, 0.61904762,
       0.41269841, 0.25396825, 0.25396825, 0.92063492, 1.0, 1.0,
       0.85714286, 0.57142857, 0.25396825, 0.25396825, 0.25396825,
       0.74603175, 0.52380952, 0.47619048, 0.3968254, 0.28571429,
       0.25396825, 0.87301587, 1.0, 0.38095238, 0.6031746, 0.58730159,
       0.26984127, 0.77777778, 0.25396825, 0.55555556, 0.50793651,
       0.25396825, 0.31746032, 0.49206349, 0.25396825, 1.0, 0.25396825]), 'tneg': array([8, 9, 9, 7, 7, 2, 2, 0, 8, 8, 7, 9, 7, 0, 2, 0, 8, 0, 7, 6, 8, 5, 2,
       5, 7, 0, 0, 7, 6, 7, 4, 0, 0, 9, 9, 9, 8, 6, 0, 0, 0, 7, 6, 6, 4, 2,
       0, 9, 9, 4, 7, 7, 2, 8, 0, 6, 6, 0, 2, 6, 0, 9, 0]), 'fpos': array([1, 0, 0, 2, 2, 7, 7, 9, 1, 1, 2, 0, 2, 9, 7, 9, 1, 9, 2, 3, 1, 4, 7,
       4, 2, 9, 9, 2, 3, 2, 5, 9, 9, 0, 0, 0, 1, 3, 9, 9, 9, 2, 3, 3, 5, 7,
       9, 0, 0, 5, 2, 2, 7, 1, 9, 3, 3, 9, 7, 3, 9, 0, 9]), 'threshold': [0.20047601524582565, 0.22399828619974957, 0.22887721427325844, 0.17714179806999478, 0.17153271375141518, 0.15147620902001041, 0.15146679140861036, 0.15143971845512852, 0.18831888243296011, 0.20283606647655283, 0.16987444597700585, 0.22543227153085163, 0.17703472231994849, 0.15143971845512852, 0.15149229855225418, 0.15143971845512852, 0.20268899656915843, 0.15143971845512852, 0.17197621590322215, 0.15516045038581669, 0.20181775544833031, 0.1532769378665885, 0.15145861678870584, 0.1532616835274212, 0.17384604161085859, 0.15143971845512852, 0.15143971845512852, 0.18134265044054446, 0.15967521372408469, 0.16877113220899465, 0.15324312905942283, 0.15143971845512852, 0.15143971845512852, 0.22751037082402242, 0.22890334896803516, 0.22890334896803516, 0.20835735061720334, 0.16157367103011128, 0.15143971845512852, 0.15143971845512852, 0.15143971845512852, 0.18340102546871936, 0.15893254958828623, 0.15629897066941867, 0.15255448562968188, 0.15145796283477087, 0.15143971845512852, 0.21318876390747202, 0.22890334896803516, 0.15179748027266152, 0.16821200885940707, 0.16492786293593531, 0.15145717809311077, 0.19597994621807399, 0.15143971845512852, 0.16033764105889548, 0.15841195185208479, 0.15143971845512852, 0.15145887837092931, 0.1568363256627657, 0.15143971845512852, 0.22890334896803516, 0.15143971845512852], 'fneg': array([3, 5, 7, 2, 2, 1, 1, 0, 3, 3, 2, 5, 2, 0, 1, 0, 3, 0, 2, 1, 3, 1, 1,
       1, 2, 0, 0, 3, 2, 2, 1, 0, 0, 5, 7, 7, 3, 2, 0, 0, 0, 3, 1, 1, 1, 1,
       0, 3, 7, 1, 2, 2, 1, 3, 0, 2, 1, 0, 1, 1, 0, 7, 0]), 'sensitivity': array([1, 1, 1, 1, 1, 1, 1, 1, 1, 1, 1, 1, 1, 1, 1, 1, 1, 1, 1, 1, 1, 1, 1,
       1, 1, 1, 1, 1, 1, 1, 1, 1, 1, 1, 1, 1, 1, 1, 1, 1, 1, 1, 1, 1, 1, 1,
       1, 1, 1, 1, 1, 1, 1, 1, 1, 1, 1, 1, 1, 1, 1, 1, 1]), 'tpos': array([4, 2, 0, 5, 5, 6, 6, 7, 4, 4, 5, 2, 5, 7, 6, 7, 4, 7, 5, 6, 4, 6, 6,
       6, 5, 7, 7, 4, 5, 5, 6, 7, 7, 2, 0, 0, 4, 5, 7, 7, 7, 4, 6, 6, 6, 6,
       7, 4, 0, 6, 5, 5, 6, 4, 7, 5, 6, 7, 6, 6, 7, 0, 7])}, {'specificity': array([0.8125, 0.875, 0.96875, 0.796875, 0.640625, 0.421875, 0.3125,
       0.546875, 0.609375, 0.703125, 0.625, 0.921875, 0.78125, 0.765625,
       0.84375, 0.6875, 0.4375, 0.46875, 0.25, 0.453125, 0.40625, 0.859375,
       0.5625, 0.15625, 0.359375, 0.734375, 0.390625, 0.03125, 0.09375,
       0.0625, 0.75, 0.53125, 0.828125, 0.90625, 0.9375, 0.984375, 1.0,
       0.890625, 0.375, 0.046875, 0.1875, 0.015625, 0.328125, 0.125,
       0.171875, 0.109375, 0.28125, 0.59375, 0.21875, 0.234375, 0.296875,
       0.515625, 0.203125, 0.71875, 0.671875, 0.65625, 0.140625, 0.5,
       0.484375, 0.578125, 0.265625, 0.953125, 0.34375, 0.078125]), 'tneg': array([ 9, 10, 10,  9,  7,  6,  5,  7,  7,  7,  7, 10,  9,  8, 10,  7,  7,
        7,  5,  7,  6, 10,  7,  1,  5,  7,  6,  0,  0,  0,  8,  7,  9, 10,
       10, 10, 10, 10,  5,  0,  3,  0,  5,  1,  3,  1,  5,  7,  3,  4,  5,
        7,  3,  7,  7,  7,  1,  7,  7,  7,  5, 10,  5,  0]), 'fpos': array([ 1,  0,  0,  1,  3,  4,  5,  3,  3,  3,  3,  0,  1,  2,  0,  3,  3,
        3,  5,  3,  4,  0,  3,  9,  5,  3,  4, 10, 10, 10,  2,  3,  1,  0,
        0,  0,  0,  0,  5, 10,  7, 10,  5,  9,  7,  9,  5,  3,  7,  6,  5,
        3,  7,  3,  3,  3,  9,  3,  3,  3,  5,  0,  5, 10]), 'threshold': [0.33235408726192167, 0.3777337725682704, 0.55573858374146046, 0.33135197308528702, 0.17260603480431669, 0.14041241177275418, 0.11572153874308321, 0.16138661953048522, 0.17024563592323744, 0.18353077468089951, 0.17064526180295719, 0.47135944506360195, 0.31824047857300886, 0.30622147665414645, 0.35740139377979069, 0.18310690013747394, 0.1454631557156191, 0.1518542880803512, 0.10836785810579772, 0.15058156129372238, 0.13963747332229115, 0.37530990883071241, 0.16355871340859413, 0.098715067022677433, 0.12799591902404189, 0.19197034415449746, 0.13765265590793749, 0.092546535592605617, 0.094917659916731192, 0.093404829504601952, 0.21915870715090524, 0.15898812616156263, 0.33826143547958021, 0.45274570532996961, 0.50392876981414081, 0.59454683420399956, 0.65186578635450854, 0.40751078296852666, 0.13008074093360239, 0.093030195018305381, 0.10076006309280303, 0.078117653615971325, 0.11846889435234714, 0.098205667919487913, 0.1004059312377652, 0.096872884427984238, 0.11238308200763007, 0.16567652283371265, 0.10573476101760239, 0.10742541396233342, 0.11510831213892518, 0.1562843522308105, 0.10328737330435002, 0.19142468528163967, 0.18216674285750426, 0.18020922487656457, 0.098266118092434199, 0.15556656060449908, 0.15359967893133408, 0.16473349453151959, 0.10952183678060044, 0.50535978125350534, 0.11970496705649893, 0.09410288595664057], 'fneg': array([5, 5, 5, 5, 3, 2, 0, 2, 3, 3, 3, 5, 5, 5, 5, 3, 2, 2, 0, 2, 2, 5, 2,
       0, 0, 3, 2, 0, 0, 0, 4, 2, 5, 5, 5, 5, 5, 5, 0, 0, 0, 0, 0, 0, 0, 0,
       0, 2, 0, 0, 0, 2, 0, 3, 3, 3, 0, 2, 2, 2, 0, 5, 0, 0]), 'sensitivity': array([1, 1, 1, 1, 1, 1, 1, 1, 1, 1, 1, 1, 1, 1, 1, 1, 1, 1, 1, 1, 1, 1, 1,
       1, 1, 1, 1, 1, 1, 1, 1, 1, 1, 1, 1, 1, 1, 1, 1, 1, 1, 1, 1, 1, 1, 1,
       1, 1, 1, 1, 1, 1, 1, 1, 1, 1, 1, 1, 1, 1, 1, 1, 1, 1]), 'tpos': array([0, 0, 0, 0, 2, 3, 5, 3, 2, 2, 2, 0, 0, 0, 0, 2, 3, 3, 5, 3, 3, 0, 3,
       5, 5, 2, 3, 5, 5, 5, 1, 3, 0, 0, 0, 0, 0, 0, 5, 5, 5, 5, 5, 5, 5, 5,
       5, 3, 5, 5, 5, 3, 5, 2, 2, 2, 5, 3, 3, 3, 5, 0, 5, 5])}], <Model object at 0x00000000000003DC>)
#adalasso
([{'specificity': array([0.80952381, 0.6031746, 0.79365079, 0.88888889, 1.0, 0.96825397,
       0.31746032, 0.74603175, 0.44444444, 0.71428571, 0.3015873,
       0.76190476, 0.82539683, 0.73015873, 0.65079365, 0.3968254,
       0.98412698, 0.85714286, 0.77777778, 0.079365079, 0.14285714,
       0.41269841, 0.28571429, 0.42857143, 0.047619048, 0.9047619,
       0.95238095, 0.031746032, 0.61904762, 0.34920635, 0.57142857,
       0.66666667, 0.93650794, 0.47619048, 0.84126984, 0.6984127,
       0.11111111, 0.22222222, 0.26984127, 0.12698413, 0.33333333,
       0.58730159, 0.25396825, 0.63492063, 0.15873016, 0.015873016,
       0.46031746, 0.38095238, 0.92063492, 0.68253968, 0.52380952,
       0.063492063, 0.19047619, 0.20634921, 0.53968254, 0.17460317,
       0.095238095, 0.49206349, 0.23809524, 0.87301587, 0.55555556,
       0.50793651, 0.36507937]), 'tneg': array([13, 11, 13, 14, 15, 15,  7, 13,  8, 13,  7, 13, 13, 13, 11,  8, 15,
       14, 13,  1,  5,  8,  7,  8,  1, 14, 15,  1, 11,  7, 11, 12, 14,  9,
       14, 13,  2,  7,  7,  3,  7, 11,  7, 11,  5,  0,  9,  8, 14, 13, 11,
        1,  6,  7, 11,  5,  1,  9,  7, 14, 11, 10,  7]), 'fpos': array([ 2,  4,  2,  1,  0,  0,  8,  2,  7,  2,  8,  2,  2,  2,  4,  7,  0,
        1,  2, 14, 10,  7,  8,  7, 14,  1,  0, 14,  4,  8,  4,  3,  1,  6,
        1,  2, 13,  8,  8, 12,  8,  4,  8,  4, 10, 15,  6,  7,  1,  2,  4,
       14,  9,  8,  4, 10, 14,  6,  8,  1,  4,  5,  8]), 'threshold': [0.3763324688823238, 0.23544075025102096, 0.37158704730418668, 0.4956010747864415, 0.76258036826851194, 0.61163339636968128, 0.17750204658484825, 0.30700128747057792, 0.18975091279892409, 0.28734469245473782, 0.17724508099537353, 0.31618538498117527, 0.38181466923359486, 0.29231460106961704, 0.24794851648482141, 0.18496347362258322, 0.71188033687314423, 0.44748688360686878, 0.34964383394582638, 0.14234928589394116, 0.15984829916285864, 0.18881507649490648, 0.17175338294553594, 0.18887764154852865, 0.14135698962135479, 0.49597037505726665, 0.60906312116883399, 0.1409413440610334, 0.24081765339528344, 0.17882331726949305, 0.23081559491052367, 0.25607965674745747, 0.53216790346336806, 0.20375430739650752, 0.44336520240808025, 0.27111796869391114, 0.15199888122057792, 0.1692387194859685, 0.17081235769671704, 0.15767166711533773, 0.17835817688539407, 0.23327855400590392, 0.17074848575565035, 0.24209338456884413, 0.16031808124817931, 0.1303286033708739, 0.19992300353473938, 0.18474074411209449, 0.52003263308066872, 0.26608809183034998, 0.2231485211894696, 0.14178655147325228, 0.16571666573296925, 0.16803527454894263, 0.22362257695605234, 0.16218662309843582, 0.14604676914502293, 0.21339302185501149, 0.1699582122052806, 0.49038779273477218, 0.22969258639702075, 0.21949374475515432, 0.18010355733456307], 'fneg': array([0, 0, 0, 1, 2, 1, 0, 0, 0, 0, 0, 0, 0, 0, 0, 0, 2, 1, 0, 0, 0, 0, 0,
       0, 0, 1, 1, 0, 0, 0, 0, 0, 1, 0, 1, 0, 0, 0, 0, 0, 0, 0, 0, 0, 0, 0,
       0, 0, 1, 0, 0, 0, 0, 0, 0, 0, 0, 0, 0, 1, 0, 0, 0]), 'sensitivity': array([1, 1, 1, 1, 1, 1, 1, 1, 1, 1, 1, 1, 1, 1, 1, 1, 1, 1, 1, 1, 1, 1, 1,
       1, 1, 1, 1, 1, 1, 1, 1, 1, 1, 1, 1, 1, 1, 1, 1, 1, 1, 1, 1, 1, 1, 1,
       1, 1, 1, 1, 1, 1, 1, 1, 1, 1, 1, 1, 1, 1, 1, 1, 1]), 'tpos': array([2, 2, 2, 1, 0, 1, 2, 2, 2, 2, 2, 2, 2, 2, 2, 2, 0, 1, 2, 2, 2, 2, 2,
       2, 2, 1, 1, 2, 2, 2, 2, 2, 1, 2, 1, 2, 2, 2, 2, 2, 2, 2, 2, 2, 2, 2,
       2, 2, 1, 2, 2, 2, 2, 2, 2, 2, 2, 2, 2, 1, 2, 2, 2])}, {'specificity': array([0.578125, 0.78125, 0.984375, 0.46875, 0.328125, 0.75, 0.359375,
       0.796875, 0.4375, 0.53125, 0.734375, 0.6875, 0.859375, 0.5625, 1.0,
       0.875, 0.921875, 0.890625, 0.5, 0.234375, 0.484375, 0.3125,
       0.046875, 0.546875, 0.9375, 0.96875, 0.03125, 0.0625, 0.21875,
       0.40625, 0.375, 0.609375, 0.515625, 0.078125, 0.90625, 0.953125,
       0.828125, 0.8125, 0.671875, 0.125, 0.296875, 0.15625, 0.34375,
       0.28125, 0.015625, 0.390625, 0.765625, 0.265625, 0.65625, 0.640625,
       0.203125, 0.1875, 0.09375, 0.140625, 0.25, 0.71875, 0.109375,
       0.703125, 0.453125, 0.84375, 0.625, 0.59375, 0.421875, 0.171875]), 'tneg': array([ 8,  9, 12,  6,  3,  9,  4,  9,  6,  8,  9,  8,  9,  8, 12, 10, 12,
       12,  6,  2,  6,  3,  0,  8, 12, 12,  0,  0,  2,  6,  4,  8,  7,  2,
       12, 12,  9,  9,  8,  2,  3,  2,  4,  2,  0,  5,  9,  2,  8,  8,  2,
        2,  2,  2,  2,  9,  2,  8,  6,  9,  8,  8,  6,  2]), 'fpos': array([ 4,  3,  0,  6,  9,  3,  8,  3,  6,  4,  3,  4,  3,  4,  0,  2,  0,
        0,  6, 10,  6,  9, 12,  4,  0,  0, 12, 12, 10,  6,  8,  4,  5, 10,
        0,  0,  3,  3,  4, 10,  9, 10,  8, 10, 12,  7,  3, 10,  4,  4, 10,
       10, 10, 10, 10,  3, 10,  4,  6,  3,  4,  4,  6, 10]), 'threshold': [0.21524938697763923, 0.30026305300137957, 0.78205551988722311, 0.15033910826208227, 0.12463082598720793, 0.27236213701243273, 0.12858872716979311, 0.30623206955863957, 0.14903673207413268, 0.2021657210099721, 0.26793642235840121, 0.25021408533586009, 0.38668046372555781, 0.20687882570996408, 0.81976522850750255, 0.426503631093402, 0.51042988349575658, 0.47111002589631462, 0.15541833966787733, 0.11132572477279973, 0.15345855966734467, 0.1212350232896614, 0.072811842405511848, 0.20237638528204582, 0.51087525832438729, 0.61073398926334244, 0.063394778494203538, 0.07559630601290776, 0.10353596858892956, 0.14859347109879856, 0.1307620535749251, 0.22226970295859541, 0.15978143871718287, 0.08385795605000132, 0.49864700228792058, 0.59929155727993433, 0.31113615146811185, 0.31092781028728628, 0.23667649466966767, 0.093017419226746043, 0.1177886747193041, 0.10045936149193012, 0.12628666639108913, 0.11474189854834865, 0.05660990207526178, 0.13828748992111759, 0.29803481797981585, 0.11388338620693882, 0.22764128941746006, 0.22584093644604192, 0.10146550599857492, 0.10108298245701856, 0.087851233070235721, 0.094975516414447181, 0.11151769962326924, 0.2552851647685298, 0.088680442918467398, 0.25278903393068347, 0.14915102718953913, 0.3814169786766658, 0.2225539068990903, 0.22066137766909449, 0.14888007190310276, 0.10074000082412242], 'fneg': array([1, 1, 4, 1, 0, 1, 1, 2, 1, 1, 1, 1, 3, 1, 4, 3, 3, 3, 1, 0, 1, 0, 0,
       1, 3, 3, 0, 0, 0, 1, 1, 1, 1, 0, 3, 3, 2, 2, 1, 0, 0, 0, 0, 0, 0, 1,
       1, 0, 1, 1, 0, 0, 0, 0, 0, 1, 0, 1, 1, 3, 1, 1, 1, 0]), 'sensitivity': array([1, 1, 1, 1, 1, 1, 1, 1, 1, 1, 1, 1, 1, 1, 1, 1, 1, 1, 1, 1, 1, 1, 1,
       1, 1, 1, 1, 1, 1, 1, 1, 1, 1, 1, 1, 1, 1, 1, 1, 1, 1, 1, 1, 1, 1, 1,
       1, 1, 1, 1, 1, 1, 1, 1, 1, 1, 1, 1, 1, 1, 1, 1, 1, 1]), 'tpos': array([3, 3, 0, 3, 4, 3, 3, 2, 3, 3, 3, 3, 1, 3, 0, 1, 1, 1, 3, 4, 3, 4, 4,
       3, 1, 1, 4, 4, 4, 3, 3, 3, 3, 4, 1, 1, 2, 2, 3, 4, 4, 4, 4, 4, 4, 3,
       3, 4, 3, 3, 4, 4, 4, 4, 4, 3, 4, 3, 3, 1, 3, 3, 3, 4])}, {'specificity': array([0.796875, 0.859375, 0.828125, 0.984375, 1.0, 0.3125, 0.765625,
       0.609375, 0.78125, 0.515625, 0.734375, 0.75, 0.96875, 0.875,
       0.890625, 0.90625, 0.65625, 0.25, 0.078125, 0.453125, 0.328125,
       0.578125, 0.953125, 0.234375, 0.0625, 0.265625, 0.640625, 0.296875,
       0.203125, 0.5625, 0.171875, 0.9375, 0.921875, 0.546875, 0.03125,
       0.359375, 0.4375, 0.15625, 0.390625, 0.484375, 0.1875, 0.703125,
       0.140625, 0.015625, 0.5, 0.59375, 0.625, 0.8125, 0.46875, 0.6875,
       0.671875, 0.125, 0.34375, 0.046875, 0.53125, 0.375, 0.21875,
       0.71875, 0.28125, 0.09375, 0.84375, 0.421875, 0.40625, 0.109375]), 'tneg': array([ 8,  9,  8, 10, 10,  1,  8,  6,  8,  5,  8,  8, 10,  9,  9, 10,  8,
        1,  1,  4,  1,  6, 10,  1,  0,  1,  8,  1,  1,  6,  1, 10, 10,  6,
        0,  3,  4,  1,  3,  5,  1,  8,  1,  0,  5,  6,  7,  8,  5,  8,  8,
        1,  3,  0,  6,  3,  1,  8,  1,  1,  9,  4,  4,  1]), 'fpos': array([ 2,  1,  2,  0,  0,  9,  2,  4,  2,  5,  2,  2,  0,  1,  1,  0,  2,
        9,  9,  6,  9,  4,  0,  9, 10,  9,  2,  9,  9,  4,  9,  0,  0,  4,
       10,  7,  6,  9,  7,  5,  9,  2,  9, 10,  5,  4,  3,  2,  5,  2,  2,
        9,  7, 10,  4,  7,  9,  2,  9,  9,  1,  6,  6,  9]), 'threshold': [0.29372914425108526, 0.37740033731006067, 0.35245755650961408, 0.88682835962883222, 0.91334787844925824, 0.071291048585159805, 0.2645389642184775, 0.13241105167659395, 0.27410794059889593, 0.11144550267855172, 0.23179843448739643, 0.25880512569574898, 0.87809365980794218, 0.38550126774286658, 0.42565950986871776, 0.57235291117251774, 0.15825463549354288, 0.060259322624561115, 0.0466700708677103, 0.10093489190698432, 0.07467628256222128, 0.12667720844387156, 0.7716928398342825, 0.058914820783188146, 0.044626682435428826, 0.060679373387089008, 0.15088666385838848, 0.066605691358645067, 0.058288352258576738, 0.12665197145744367, 0.055319450126454478, 0.61052428011650917, 0.59810780254362117, 0.11984076112883617, 0.042442915110551101, 0.084269658748733739, 0.098915916971237236, 0.053504499178924934, 0.086697883878291679, 0.10972095141019092, 0.058074268021393823, 0.16839730728886962, 0.052081152594653859, 0.038053219828143844, 0.11053136255554977, 0.12958362138445118, 0.14857127981470461, 0.30002983170146208, 0.10320293410517356, 0.16256569267771867, 0.16171397155090553, 0.051617844990884842, 0.081560897520507381, 0.042788909014987372, 0.11813628367535264, 0.086640631651643943, 0.05830310807745602, 0.17295901071702063, 0.063820870977520594, 0.047296663350143112, 0.37533668999882636, 0.092422913256732464, 0.087774947706514381, 0.049892679899135657], 'fneg': array([5, 5, 5, 6, 6, 0, 4, 2, 5, 2, 3, 4, 6, 6, 6, 6, 2, 0, 0, 1, 0, 2, 6,
       0, 0, 0, 2, 0, 0, 2, 0, 6, 6, 2, 0, 0, 1, 0, 0, 1, 0, 2, 0, 0, 1, 2,
       2, 5, 1, 2, 2, 0, 0, 0, 2, 0, 0, 2, 0, 0, 5, 0, 0, 0]), 'sensitivity': array([1, 1, 1, 1, 1, 1, 1, 1, 1, 1, 1, 1, 1, 1, 1, 1, 1, 1, 1, 1, 1, 1, 1,
       1, 1, 1, 1, 1, 1, 1, 1, 1, 1, 1, 1, 1, 1, 1, 1, 1, 1, 1, 1, 1, 1, 1,
       1, 1, 1, 1, 1, 1, 1, 1, 1, 1, 1, 1, 1, 1, 1, 1, 1, 1]), 'tpos': array([1, 1, 1, 0, 0, 6, 2, 4, 1, 4, 3, 2, 0, 0, 0, 0, 4, 6, 6, 5, 6, 4, 0,
       6, 6, 6, 4, 6, 6, 4, 6, 0, 0, 4, 6, 6, 5, 6, 6, 5, 6, 4, 6, 6, 5, 4,
       4, 1, 5, 4, 4, 6, 6, 6, 4, 6, 6, 4, 6, 6, 1, 6, 6, 6])}, {'specificity': array([0.796875, 0.609375, 0.765625, 0.875, 1.0, 0.984375, 0.453125,
       0.421875, 0.75, 0.578125, 0.734375, 0.8125, 0.515625, 0.921875,
       0.953125, 0.84375, 0.9375, 0.109375, 0.296875, 0.34375, 0.375,
       0.046875, 0.53125, 0.90625, 0.03125, 0.0625, 0.1875, 0.6875,
       0.359375, 0.5, 0.09375, 0.96875, 0.59375, 0.828125, 0.671875,
       0.15625, 0.40625, 0.25, 0.390625, 0.703125, 0.484375, 0.015625,
       0.5625, 0.4375, 0.78125, 0.890625, 0.3125, 0.65625, 0.625, 0.234375,
       0.21875, 0.078125, 0.265625, 0.140625, 0.171875, 0.328125, 0.71875,
       0.125, 0.546875, 0.28125, 0.859375, 0.640625, 0.46875, 0.203125]), 'tneg': array([12, 11, 12, 12, 12, 12,  6,  6, 12,  9, 12, 12,  8, 12, 12, 12, 12,
        0,  1,  3,  5,  0,  9, 12,  0,  0,  1, 11,  5,  8,  0, 12, 10, 12,
       11,  1,  5,  1,  5, 11,  8,  0,  9,  6, 12, 12,  3, 11, 11,  1,  1,
        0,  1,  0,  1,  3, 12,  0,  9,  1, 12, 11,  8,  1]), 'fpos': array([ 0,  1,  0,  0,  0,  0,  6,  6,  0,  3,  0,  0,  4,  0,  0,  0,  0,
       12, 11,  9,  7, 12,  3,  0, 12, 12, 11,  1,  7,  4, 12,  0,  2,  0,
        1, 11,  7, 11,  7,  1,  4, 12,  3,  6,  0,  0,  9,  1,  1, 11, 11,
       12, 11, 12, 11,  9,  0, 12,  3, 11,  0,  1,  4, 11]), 'threshold': [0.28832465805810203, 0.22891956046068673, 0.26740169612240622, 0.35585027240002726, 0.6723771011399563, 0.66381971696481601, 0.16774539749421311, 0.15613422287329604, 0.26688123399182445, 0.20836354443986849, 0.26506063113646305, 0.28912187539127132, 0.18222023804617457, 0.38569418582271009, 0.44492886492737255, 0.31280973858322486, 0.39597771663051895, 0.11207545855153717, 0.13636299142775149, 0.14700921241631856, 0.15382844264078538, 0.10442381159708331, 0.20040290197690971, 0.37791520475793805, 0.093102644281715399, 0.10547048303417647, 0.12774573396775021, 0.24290751437747957, 0.15023920822806569, 0.18040215953823921, 0.11021921204184142, 0.51536910575658368, 0.22404596383240355, 0.30311883145947333, 0.2358217293306869, 0.12467166248675694, 0.1560280171812943, 0.13384137674080798, 0.1553065554558809, 0.25010815684947174, 0.17963508466960512, 0.085924415464909851, 0.20702146609299935, 0.16057466480248386, 0.28595040461093996, 0.35862093255735472, 0.14287429393061463, 0.23471148732162736, 0.22967322713813518, 0.13284101175465216, 0.1297530124637768, 0.10872815280816907, 0.13576468085724625, 0.11615559408276988, 0.12583169758030546, 0.14313129920753845, 0.25822222292687075, 0.11235703718137062, 0.20527980482903849, 0.13591189159205791, 0.35116631121780739, 0.23454809551654107, 0.17243366132392321, 0.12877166671836146], 'fneg': array([1, 1, 1, 1, 3, 3, 0, 0, 1, 0, 1, 1, 0, 1, 2, 1, 1, 0, 0, 0, 0, 0, 0,
       1, 0, 0, 0, 1, 0, 0, 0, 2, 1, 1, 1, 0, 0, 0, 0, 1, 0, 0, 0, 0, 1, 1,
       0, 1, 1, 0, 0, 0, 0, 0, 0, 0, 1, 0, 0, 0, 1, 1, 0, 0]), 'sensitivity': array([1, 1, 1, 1, 1, 1, 1, 1, 1, 1, 1, 1, 1, 1, 1, 1, 1, 1, 1, 1, 1, 1, 1,
       1, 1, 1, 1, 1, 1, 1, 1, 1, 1, 1, 1, 1, 1, 1, 1, 1, 1, 1, 1, 1, 1, 1,
       1, 1, 1, 1, 1, 1, 1, 1, 1, 1, 1, 1, 1, 1, 1, 1, 1, 1]), 'tpos': array([3, 3, 3, 3, 1, 1, 4, 4, 3, 4, 3, 3, 4, 3, 2, 3, 3, 4, 4, 4, 4, 4, 4,
       3, 4, 4, 4, 3, 4, 4, 4, 2, 3, 3, 3, 4, 4, 4, 4, 3, 4, 4, 4, 4, 3, 3,
       4, 3, 3, 4, 4, 4, 4, 4, 4, 4, 3, 4, 4, 4, 3, 3, 4, 4])}, {'specificity': array([0.8, 0.83076923, 0.90769231, 0.98461538, 0.35384615, 0.24615385,
       0.15384615, 0.73846154, 0.38461538, 0.72307692, 0.78461538,
       0.70769231, 0.46153846, 1.0, 0.84615385, 0.95384615, 0.69230769,
       0.75384615, 0.27692308, 0.12307692, 0.44615385, 0.29230769,
       0.66153846, 0.41538462, 0.030769231, 0.50769231, 0.87692308,
       0.93846154, 0.015384615, 0.43076923, 0.76923077, 0.4, 0.49230769,
       0.67692308, 0.53846154, 0.076923077, 0.92307692, 0.96923077,
       0.63076923, 0.86153846, 0.33846154, 0.26153846, 0.36923077,
       0.64615385, 0.32307692, 0.47692308, 0.16923077, 0.58461538,
       0.81538462, 0.89230769, 0.21538462, 0.52307692, 0.6, 0.10769231,
       0.046153846, 0.23076923, 0.13846154, 0.30769231, 0.2, 0.061538462,
       0.61538462, 0.18461538, 0.56923077, 0.55384615, 0.092307692]), 'tneg': array([10, 10, 10, 11,  6,  5,  5, 10,  6, 10, 10,  9,  7, 11, 10, 11,  9,
       10,  5,  4,  7,  6,  8,  7,  1,  7, 10, 11,  1,  7, 10,  7,  7,  8,
        7,  2, 10, 11,  7, 10,  6,  5,  6,  8,  6,  7,  5,  7, 10, 10,  5,
        7,  7,  3,  2,  5,  4,  6,  5,  2,  7,  5,  7,  7,  3]), 'fpos': array([ 1,  1,  1,  0,  5,  6,  6,  1,  5,  1,  1,  2,  4,  0,  1,  0,  2,
        1,  6,  7,  4,  5,  3,  4, 10,  4,  1,  0, 10,  4,  1,  4,  4,  3,
        4,  9,  1,  0,  4,  1,  5,  6,  5,  3,  5,  4,  6,  4,  1,  1,  6,
        4,  4,  8,  9,  6,  7,  5,  6,  9,  4,  6,  4,  4,  8]), 'threshold': [0.38059957808785638, 0.46008522701998078, 0.54882492661979898, 0.73088627760672154, 0.12570907923678451, 0.11428526312048368, 0.10725934786655211, 0.30047983044957066, 0.12646616066774866, 0.28110672255923064, 0.34026374594474657, 0.26113953304506565, 0.1534166740133838, 0.74162512855497276, 0.4689797188403132, 0.58448887142502881, 0.25672889729754939, 0.32766724227789806, 0.11863215374577178, 0.10299507289857293, 0.14737528535515468, 0.12189568423155887, 0.22205763553506769, 0.14392124371885418, 0.077575815275526622, 0.16815861422222261, 0.53016855255947626, 0.57250849639538448, 0.073072039678397815, 0.14509397535147381, 0.33602352657045448, 0.13011656912884306, 0.16244888400340402, 0.22458958011682828, 0.17019581722186356, 0.091891760441780254, 0.55822207512295852, 0.70544227210849642, 0.20565415132095602, 0.472675147929151, 0.12515220578494071, 0.11547589901654855, 0.12587633051403477, 0.21202433258044173, 0.12332591307198336, 0.16146772916378849, 0.11049922931208582, 0.1820148299204338, 0.39657348377188201, 0.54452164219661459, 0.11221074577739559, 0.16873896594851642, 0.18639507656525053, 0.10098987107143025, 0.081702721117185975, 0.11376510901804891, 0.10553602035253208, 0.12216337670655093, 0.11184620364624962, 0.088715981322822351, 0.19351135033522671, 0.11059350183068742, 0.17781390940381636, 0.17569251797127014, 0.094855410881147503], 'fneg': array([3, 3, 4, 4, 0, 0, 0, 3, 0, 3, 3, 3, 1, 4, 3, 4, 3, 3, 0, 0, 0, 0, 2,
       0, 0, 1, 4, 4, 0, 0, 3, 0, 1, 2, 1, 0, 4, 4, 2, 3, 0, 0, 0, 2, 0, 1,
       0, 1, 3, 4, 0, 1, 1, 0, 0, 0, 0, 0, 0, 0, 2, 0, 1, 1, 0]), 'sensitivity': array([1, 1, 1, 1, 1, 1, 1, 1, 1, 1, 1, 1, 1, 1, 1, 1, 1, 1, 1, 1, 1, 1, 1,
       1, 1, 1, 1, 1, 1, 1, 1, 1, 1, 1, 1, 1, 1, 1, 1, 1, 1, 1, 1, 1, 1, 1,
       1, 1, 1, 1, 1, 1, 1, 1, 1, 1, 1, 1, 1, 1, 1, 1, 1, 1, 1]), 'tpos': array([1, 1, 0, 0, 4, 4, 4, 1, 4, 1, 1, 1, 3, 0, 1, 0, 1, 1, 4, 4, 4, 4, 2,
       4, 4, 3, 0, 0, 4, 4, 1, 4, 3, 2, 3, 4, 0, 0, 2, 1, 4, 4, 4, 2, 4, 3,
       4, 3, 1, 0, 4, 3, 3, 4, 4, 4, 4, 4, 4, 4, 2, 4, 3, 3, 4])}], <Model object at 0x0000000000000708>)
#adalasso
([{'specificity': array([0.98412698, 0.76190476, 0.93650794, 0.031746032, 0.34920635,
       0.85714286, 0.52380952, 0.87301587, 0.15873016, 0.6031746,
       0.84126984, 0.65079365, 1.0, 0.74603175, 0.57142857, 0.92063492,
       0.50793651, 0.38095238, 0.33333333, 0.6984127, 0.42857143,
       0.61904762, 0.28571429, 0.58730159, 0.77777778, 0.31746032,
       0.41269841, 0.79365079, 0.063492063, 0.17460317, 0.11111111,
       0.53968254, 0.96825397, 0.95238095, 0.47619048, 0.3015873,
       0.079365079, 0.015873016, 0.3968254, 0.82539683, 0.23809524,
       0.36507937, 0.22222222, 0.49206349, 0.73015873, 0.047619048,
       0.14285714, 0.63492063, 0.68253968, 0.55555556, 0.19047619,
       0.66666667, 0.095238095, 0.46031746, 0.25396825, 0.44444444,
       0.9047619, 0.20634921, 0.12698413, 0.71428571, 0.80952381,
       0.88888889, 0.26984127]), 'tneg': array([0, 0, 0, 0, 0, 0, 0, 0, 0, 0, 0, 0, 0, 0, 0, 0, 0, 0, 0, 0, 0, 0, 0,
       0, 0, 0, 0, 0, 0, 0, 0, 0, 0, 0, 0, 0, 0, 0, 0, 0, 0, 0, 0, 0, 0, 0,
       0, 0, 0, 0, 0, 0, 0, 0, 0, 0, 0, 0, 0, 0, 0, 0, 0]), 'fpos': array([11, 11, 11, 11, 11, 11, 11, 11, 11, 11, 11, 11, 11, 11, 11, 11, 11,
       11, 11, 11, 11, 11, 11, 11, 11, 11, 11, 11, 11, 11, 11, 11, 11, 11,
       11, 11, 11, 11, 11, 11, 11, 11, 11, 11, 11, 11, 11, 11, 11, 11, 11,
       11, 11, 11, 11, 11, 11, 11, 11, 11, 11, 11, 11]), 'threshold': [0.61193958441219143, 0.21481236706081397, 0.47125818571193556, 0.10951667393594733, 0.1408132223467059, 0.2613756019080104, 0.16340575568089424, 0.28381930092733143, 0.12654991763896714, 0.18148737739892551, 0.24532506778788199, 0.1942062006962923, 0.70430668780951056, 0.21255088207655748, 0.17227351922272466, 0.32099736642758836, 0.15707882847512888, 0.14624854835259113, 0.13966829919102694, 0.20356590523112095, 0.15039616528280375, 0.18694372991217703, 0.13199196938883351, 0.17867235707560344, 0.22034337322666395, 0.13798979920531432, 0.14927058932427451, 0.22587934037807561, 0.11138176291154996, 0.12791648366153205, 0.11469610329050592, 0.17161790528369569, 0.53725862365171795, 0.49118193351368616, 0.153728041642126, 0.1374153927792178, 0.111615673255237, 0.10699813311331871, 0.14653142985067821, 0.23310307711927428, 0.13088863431206141, 0.14315221877335144, 0.12974077151842117, 0.15685120962923302, 0.21160965236941806, 0.11074325536627841, 0.12197233289149186, 0.19403937345646952, 0.20310601688282967, 0.17167149291805764, 0.12797867489548145, 0.19829390338401434, 0.11245574665656345, 0.15259103965675241, 0.13091856509781444, 0.15258733977701114, 0.31528095763827857, 0.1291121652978604, 0.11780985338551472, 0.21039598447655616, 0.22925221149974984, 0.29549240585153524, 0.13142220922704126], 'fneg': array([0, 0, 0, 0, 0, 0, 0, 0, 0, 0, 0, 0, 0, 0, 0, 0, 0, 0, 0, 0, 0, 0, 0,
       0, 0, 0, 0, 0, 0, 0, 0, 0, 0, 0, 0, 0, 0, 0, 0, 0, 0, 0, 0, 0, 0, 0,
       0, 0, 0, 0, 0, 0, 0, 0, 0, 0, 0, 0, 0, 0, 0, 0, 0]), 'sensitivity': array([1, 1, 1, 1, 1, 1, 1, 1, 1, 1, 1, 1, 1, 1, 1, 1, 1, 1, 1, 1, 1, 1, 1,
       1, 1, 1, 1, 1, 1, 1, 1, 1, 1, 1, 1, 1, 1, 1, 1, 1, 1, 1, 1, 1, 1, 1,
       1, 1, 1, 1, 1, 1, 1, 1, 1, 1, 1, 1, 1, 1, 1, 1, 1]), 'tpos': array([6, 6, 6, 6, 6, 6, 6, 6, 6, 6, 6, 6, 6, 6, 6, 6, 6, 6, 6, 6, 6, 6, 6,
       6, 6, 6, 6, 6, 6, 6, 6, 6, 6, 6, 6, 6, 6, 6, 6, 6, 6, 6, 6, 6, 6, 6,
       6, 6, 6, 6, 6, 6, 6, 6, 6, 6, 6, 6, 6, 6, 6, 6, 6])}, {'specificity': array([0.921875, 0.59375, 0.5625, 1.0, 0.390625, 0.9375, 0.6875, 0.421875,
       0.390625, 0.46875, 0.515625, 0.875, 0.75, 0.578125, 0.859375,
       0.890625, 0.96875, 0.953125, 0.703125, 0.390625, 0.5625, 0.5625,
       0.484375, 0.390625, 0.828125, 0.796875, 0.90625, 0.390625, 0.390625,
       0.71875, 0.390625, 0.390625, 0.421875, 0.859375, 0.984375, 0.671875,
       0.640625, 0.390625, 0.390625, 0.46875, 0.390625, 0.390625, 0.390625,
       0.390625, 0.640625, 0.390625, 0.390625, 0.640625, 0.734375,
       0.390625, 0.390625, 0.765625, 0.390625, 0.390625, 0.390625,
       0.390625, 0.390625, 0.390625, 0.78125, 0.8125, 0.65625, 0.390625,
       0.5, 0.4375]), 'tneg': array([9, 6, 6, 9, 0, 9, 7, 5, 0, 5, 6, 9, 8, 6, 9, 9, 9, 9, 7, 0, 6, 6, 6,
       0, 9, 8, 9, 0, 0, 7, 0, 0, 5, 9, 9, 7, 6, 0, 0, 5, 0, 0, 0, 0, 6, 0,
       0, 6, 7, 0, 0, 8, 0, 0, 0, 0, 0, 0, 8, 9, 7, 0, 6, 5]), 'fpos': array([ 1,  4,  4,  1, 10,  1,  3,  5, 10,  5,  4,  1,  2,  4,  1,  1,  1,
        1,  3, 10,  4,  4,  4, 10,  1,  2,  1, 10, 10,  3, 10, 10,  5,  1,
        1,  3,  4, 10, 10,  5, 10, 10, 10, 10,  4, 10, 10,  4,  3, 10, 10,
        2, 10, 10, 10, 10, 10, 10,  2,  1,  3, 10,  4,  5]), 'threshold': [0.23556447427460409, 0.1569018508831683, 0.15517806019750766, 0.50155539755101919, 0.14868237613737625, 0.2941807806397137, 0.16587336016699006, 0.14910383255061155, 0.14868237613737625, 0.1499633029373022, 0.15386065339907545, 0.2105784331347213, 0.18386180948210976, 0.15598181422558319, 0.20890699955674433, 0.22138522485217263, 0.36280761139522966, 0.32075668167243521, 0.17098198317528091, 0.14868237613737625, 0.15517806019750766, 0.15517806019750766, 0.15210918708663632, 0.14868237613737625, 0.20559348204213557, 0.19741310215684838, 0.22181164805886702, 0.14868237613737625, 0.14868237613737625, 0.17623019529122266, 0.14868237613737625, 0.14868237613737625, 0.14910383255061155, 0.20890699955674433, 0.49777612512778246, 0.16357075750906239, 0.15918555580584176, 0.14868237613737625, 0.14868237613737625, 0.1499633029373022, 0.14868237613737625, 0.14868237613737625, 0.14868237613737625, 0.14868237613737625, 0.15918555580584176, 0.14868237613737625, 0.14868237613737625, 0.15918555580584176, 0.17752485560242445, 0.14868237613737625, 0.14868237613737625, 0.18710488021362878, 0.14868237613737625, 0.14868237613737625, 0.14868237613737625, 0.14868237613737625, 0.14868237613737625, 0.14868237613737625, 0.19417033584514409, 0.20381283223141719, 0.1617588195142981, 0.14868237613737625, 0.15255241132724459, 0.1499497009851006], 'fneg': array([4, 2, 2, 4, 0, 4, 3, 2, 0, 2, 2, 4, 3, 2, 4, 4, 4, 4, 3, 0, 2, 2, 2,
       0, 4, 3, 4, 0, 0, 3, 0, 0, 2, 4, 4, 2, 2, 0, 0, 2, 0, 0, 0, 0, 2, 0,
       0, 2, 3, 0, 0, 3, 0, 0, 0, 0, 0, 0, 3, 4, 2, 0, 2, 2]), 'sensitivity': array([1, 1, 1, 1, 1, 1, 1, 1, 1, 1, 1, 1, 1, 1, 1, 1, 1, 1, 1, 1, 1, 1, 1,
       1, 1, 1, 1, 1, 1, 1, 1, 1, 1, 1, 1, 1, 1, 1, 1, 1, 1, 1, 1, 1, 1, 1,
       1, 1, 1, 1, 1, 1, 1, 1, 1, 1, 1, 1, 1, 1, 1, 1, 1, 1]), 'tpos': array([2, 4, 4, 2, 6, 2, 3, 4, 6, 4, 4, 2, 3, 4, 2, 2, 2, 2, 3, 6, 4, 4, 4,
       6, 2, 3, 2, 6, 6, 3, 6, 6, 4, 2, 2, 4, 4, 6, 6, 4, 6, 6, 6, 6, 4, 6,
       6, 4, 3, 6, 6, 3, 6, 6, 6, 6, 6, 6, 3, 2, 4, 6, 4, 4])}, {'specificity': array([0.921875, 0.96875, 0.9375, 0.796875, 0.34375, 0.875, 0.140625,
       0.09375, 0.8125, 0.859375, 0.890625, 0.734375, 0.09375, 0.90625,
       0.828125, 0.4375, 0.46875, 0.328125, 0.65625, 0.40625, 0.453125,
       0.421875, 0.703125, 0.765625, 0.578125, 0.15625, 0.671875, 0.390625,
       0.71875, 0.234375, 0.5625, 0.09375, 0.09375, 1.0, 0.09375, 0.609375,
       0.5, 0.09375, 0.6875, 0.296875, 0.484375, 0.359375, 0.375, 0.203125,
       0.515625, 0.3125, 0.84375, 0.984375, 0.53125, 0.640625, 0.75,
       0.28125, 0.1875, 0.546875, 0.625, 0.78125, 0.25, 0.125, 0.171875,
       0.21875, 0.109375, 0.59375, 0.953125, 0.265625]), 'tneg': array([11, 12, 12, 11,  5, 11,  1,  1, 11, 11, 11, 10,  1, 11, 11,  6,  8,
        5, 10,  5,  8,  6, 10, 11,  9,  2, 10,  5, 10,  3,  9,  1,  1, 12,
        1,  9,  9,  1, 10,  3,  8,  5,  5,  3,  9,  4, 11, 12,  9, 10, 11,
        3,  2,  9, 10, 11,  3,  1,  2,  3,  1,  9, 12,  3]), 'fpos': array([ 1,  0,  0,  1,  7,  1, 11, 11,  1,  1,  1,  2, 11,  1,  1,  6,  4,
        7,  2,  7,  4,  6,  2,  1,  3, 10,  2,  7,  2,  9,  3, 11, 11,  0,
       11,  3,  3, 11,  2,  9,  4,  7,  7,  9,  3,  8,  1,  0,  3,  2,  1,
        9, 10,  3,  2,  1,  9, 11, 10,  9, 11,  3,  0,  9]), 'threshold': [0.21698377943242081, 0.21709425744478869, 0.21707424419889448, 0.21677116819181738, 0.21633049128443388, 0.21685574869473298, 0.21629677242821949, 0.21629650152624122, 0.21679041980956665, 0.21685180930643527, 0.21688366275871676, 0.21669854782167661, 0.21629650152624122, 0.2169564421718484, 0.21682863541568101, 0.21635419963080155, 0.21641331093976765, 0.21632465035178999, 0.21652493276127063, 0.21634197745688352, 0.21636984206498627, 0.21635316124059495, 0.21661540192182824, 0.21675120920176827, 0.21645826494030743, 0.21630093239797588, 0.21659636014274911, 0.21634041874129453, 0.21662060803413027, 0.2163107768015283, 0.21645225011572544, 0.21629650152624122, 0.21629650152624122, 0.21709433413869964, 0.21629650152624122, 0.21646484033028304, 0.21643009954442793, 0.21629650152624122, 0.21659799516462708, 0.21631975537161907, 0.21642399600996787, 0.21633573865893385, 0.21633684392632843, 0.21630781986080183, 0.21643315972829003, 0.21632329412428142, 0.21684901544539001, 0.21709430298179594, 0.21643830129031111, 0.21651747895383072, 0.21671877618441679, 0.21631431943194171, 0.21630426455879948, 0.21644579378058793, 0.21650084889340729, 0.21675542656581742, 0.21631324612045136, 0.21629659634190568, 0.21630191961248046, 0.21630879094527541, 0.21629653913379529, 0.21645854972950612, 0.21708704312627747, 0.21631367066767318], 'fneg': array([3, 4, 3, 3, 1, 3, 0, 0, 3, 3, 3, 2, 0, 3, 3, 1, 1, 1, 2, 1, 1, 1, 2,
       3, 1, 0, 2, 1, 2, 1, 1, 0, 0, 4, 0, 2, 1, 0, 2, 1, 1, 1, 1, 1, 1, 1,
       3, 4, 1, 2, 2, 1, 0, 1, 2, 3, 1, 0, 0, 1, 0, 1, 4, 1]), 'sensitivity': array([1, 1, 1, 1, 1, 1, 1, 1, 1, 1, 1, 1, 1, 1, 1, 1, 1, 1, 1, 1, 1, 1, 1,
       1, 1, 1, 1, 1, 1, 1, 1, 1, 1, 1, 1, 1, 1, 1, 1, 1, 1, 1, 1, 1, 1, 1,
       1, 1, 1, 1, 1, 1, 1, 1, 1, 1, 1, 1, 1, 1, 1, 1, 1, 1]), 'tpos': array([1, 0, 1, 1, 3, 1, 4, 4, 1, 1, 1, 2, 4, 1, 1, 3, 3, 3, 2, 3, 3, 3, 2,
       1, 3, 4, 2, 3, 2, 3, 3, 4, 4, 0, 4, 2, 3, 4, 2, 3, 3, 3, 3, 3, 3, 3,
       1, 0, 3, 2, 2, 3, 4, 3, 2, 1, 3, 4, 4, 3, 4, 3, 0, 3])}, {'specificity': array([0.8125, 0.875, 0.96875, 0.9375, 0.15625, 0.375, 0.734375, 0.84375,
       0.09375, 0.03125, 0.796875, 0.859375, 0.765625, 0.453125, 0.953125,
       0.78125, 0.75, 0.0625, 0.625, 0.3125, 0.359375, 0.28125, 0.703125,
       0.5625, 0.828125, 0.515625, 0.109375, 0.6875, 0.171875, 0.421875,
       0.40625, 0.078125, 0.90625, 0.984375, 1.0, 0.40625, 0.578125,
       0.484375, 0.03125, 0.671875, 0.21875, 0.4375, 0.265625, 0.46875,
       0.25, 0.921875, 0.609375, 0.71875, 0.34375, 0.203125, 0.140625,
       0.65625, 0.328125, 0.59375, 0.1875, 0.046875, 0.546875, 0.125, 0.5,
       0.53125, 0.640625, 0.890625, 0.296875, 0.234375]), 'tneg': array([11, 12, 13, 13,  1,  3, 10, 11,  1,  0, 10, 12, 10,  3, 13, 10, 10,
        1,  8,  3,  3,  3,  9,  7, 11,  6,  1,  9,  2,  3,  3,  1, 13, 13,
       13,  3,  7,  6,  0,  9,  2,  3,  2,  4,  2, 13,  7,  9,  3,  2,  1,
        8,  3,  7,  2,  1,  6,  1,  6,  6,  8, 12,  3,  2]), 'fpos': array([ 2,  1,  0,  0, 12, 10,  3,  2, 12, 13,  3,  1,  3, 10,  0,  3,  3,
       12,  5, 10, 10, 10,  4,  6,  2,  7, 12,  4, 11, 10, 10, 12,  0,  0,
        0, 10,  6,  7, 13,  4, 11, 10, 11,  9, 11,  0,  6,  4, 10, 11, 12,
        5, 10,  6, 11, 12,  7, 12,  7,  7,  5,  1, 10, 11]), 'threshold': [0.33869390136134925, 0.36811041323219212, 0.56889531461676357, 0.46163681653300703, 0.17749407370584727, 0.19731852727851448, 0.29391013889602963, 0.34833068408074458, 0.17630329818147028, 0.1756358966371841, 0.31568340160237635, 0.36026503826216266, 0.30874624898877534, 0.20580002703606673, 0.52475629180584404, 0.30883568267915934, 0.29844837283067921, 0.17570446748039487, 0.229502890011061, 0.18853465917107429, 0.19320294371786181, 0.18707688981675727, 0.28234518598289865, 0.21712593391070886, 0.34304522037421276, 0.21018203249627518, 0.17650986407329647, 0.24868792904182571, 0.17919570645244431, 0.20328914714629998, 0.19737034871305723, 0.17624734427136904, 0.41809234779592791, 0.59860426916961884, 0.64960340451084064, 0.19737034871305723, 0.21724762818130558, 0.20958992886673294, 0.1756358966371841, 0.24341463252445766, 0.18090744890188276, 0.20357544114993911, 0.18425090507899813, 0.20580773335185579, 0.18113703990834107, 0.42686571986046001, 0.22464297132698036, 0.28391923296829913, 0.19303308872226951, 0.18082121324727166, 0.1774687022464492, 0.23880457918332404, 0.18897387448373201, 0.22050937636953052, 0.18035252758762671, 0.17565455301249877, 0.21307319936836303, 0.17670462834267101, 0.20964492517826852, 0.21108333581214644, 0.23325235881051465, 0.3880267555689122, 0.1875435539513868, 0.18090748277265917], 'fneg': array([3, 3, 3, 3, 0, 1, 2, 3, 0, 0, 3, 3, 3, 1, 3, 3, 3, 0, 1, 1, 1, 1, 2,
       1, 3, 1, 0, 1, 0, 1, 1, 0, 3, 3, 3, 1, 1, 1, 0, 1, 0, 1, 0, 1, 0, 3,
       1, 2, 1, 0, 0, 1, 1, 1, 0, 0, 1, 0, 1, 1, 1, 3, 1, 0]), 'sensitivity': array([1, 1, 1, 1, 1, 1, 1, 1, 1, 1, 1, 1, 1, 1, 1, 1, 1, 1, 1, 1, 1, 1, 1,
       1, 1, 1, 1, 1, 1, 1, 1, 1, 1, 1, 1, 1, 1, 1, 1, 1, 1, 1, 1, 1, 1, 1,
       1, 1, 1, 1, 1, 1, 1, 1, 1, 1, 1, 1, 1, 1, 1, 1, 1, 1]), 'tpos': array([0, 0, 0, 0, 3, 2, 1, 0, 3, 3, 0, 0, 0, 2, 0, 0, 0, 3, 2, 2, 2, 2, 1,
       2, 0, 2, 3, 2, 3, 2, 2, 3, 0, 0, 0, 2, 2, 2, 3, 2, 3, 2, 3, 2, 3, 0,
       2, 1, 2, 3, 3, 2, 2, 2, 3, 3, 2, 3, 2, 2, 2, 0, 2, 3])}, {'specificity': array([0.8, 0.90769231, 0.53846154, 0.95384615, 0.93846154, 0.15384615,
       0.13846154, 0.89230769, 0.81538462, 0.41538462, 0.70769231,
       0.36923077, 0.61538462, 0.73846154, 0.76923077, 1.0, 0.78461538,
       0.92307692, 0.86153846, 0.44615385, 0.29230769, 0.18461538,
       0.061538462, 0.6, 0.49230769, 0.69230769, 0.4, 0.076923077, 0.2,
       0.84615385, 0.52307692, 0.35384615, 0.12307692, 0.030769231,
       0.87692308, 0.72307692, 0.98461538, 0.96923077, 0.046153846,
       0.24615385, 0.015384615, 0.10769231, 0.55384615, 0.63076923,
       0.83076923, 0.16923077, 0.23076923, 0.092307692, 0.64615385,
       0.50769231, 0.56923077, 0.67692308, 0.27692308, 0.47692308,
       0.66153846, 0.26153846, 0.21538462, 0.46153846, 0.30769231,
       0.43076923, 0.75384615, 0.58461538, 0.33846154, 0.32307692,
       0.38461538]), 'tneg': array([0, 0, 0, 0, 0, 0, 0, 0, 0, 0, 0, 0, 0, 0, 0, 0, 0, 0, 0, 0, 0, 0, 0,
       0, 0, 0, 0, 0, 0, 0, 0, 0, 0, 0, 0, 0, 0, 0, 0, 0, 0, 0, 0, 0, 0, 0,
       0, 0, 0, 0, 0, 0, 0, 0, 0, 0, 0, 0, 0, 0, 0, 0, 0, 0, 0]), 'fpos': array([14, 14, 14, 14, 14, 14, 14, 14, 14, 14, 14, 14, 14, 14, 14, 14, 14,
       14, 14, 14, 14, 14, 14, 14, 14, 14, 14, 14, 14, 14, 14, 14, 14, 14,
       14, 14, 14, 14, 14, 14, 14, 14, 14, 14, 14, 14, 14, 14, 14, 14, 14,
       14, 14, 14, 14, 14, 14, 14, 14, 14, 14, 14, 14, 14, 14]), 'threshold': [0.4081357372348014, 0.50293778420079227, 0.26822649976458168, 0.64336682723538552, 0.58592835143232214, 0.1378885180024936, 0.13341497204240341, 0.4794513522330045, 0.41720705353453746, 0.19270798873309808, 0.34779114224516949, 0.18148226248157173, 0.3008746758348379, 0.35010057304554476, 0.36939865617699691, 0.83683194152787199, 0.38275263990418823, 0.55139455921747815, 0.44536165712698356, 0.23682557800778842, 0.15878833515261284, 0.1428367920934451, 0.11304033412250751, 0.29832799202198773, 0.24958359892295429, 0.32694935256295327, 0.18518284681150585, 0.11372685866474908, 0.14520668073889709, 0.42483386285260216, 0.26667724944653654, 0.17304071022039971, 0.12945419891390783, 0.10642947186205891, 0.47659471668047043, 0.34977400428882421, 0.82572690942282823, 0.77519587113792132, 0.11222355705844873, 0.15064525947348165, 0.10382031666372064, 0.12043362408392493, 0.26928838869202038, 0.30347952306034148, 0.42386667308366188, 0.14123433634753752, 0.14891756713128351, 0.11657206058415372, 0.30465450726627141, 0.26378557853095835, 0.27992827699814327, 0.32048025044938139, 0.15100543813521899, 0.24818336100370667, 0.3188046797635799, 0.15096483507863351, 0.14537938385322249, 0.2407980528691856, 0.15936045391645456, 0.21528845930446994, 0.35034870801306728, 0.28183831461673509, 0.16289400222459047, 0.15985233319261633, 0.18480277341436099], 'fneg': array([0, 0, 0, 0, 0, 0, 0, 0, 0, 0, 0, 0, 0, 0, 0, 0, 0, 0, 0, 0, 0, 0, 0,
       0, 0, 0, 0, 0, 0, 0, 0, 0, 0, 0, 0, 0, 0, 0, 0, 0, 0, 0, 0, 0, 0, 0,
       0, 0, 0, 0, 0, 0, 0, 0, 0, 0, 0, 0, 0, 0, 0, 0, 0, 0, 0]), 'sensitivity': array([1, 1, 1, 1, 1, 1, 1, 1, 1, 1, 1, 1, 1, 1, 1, 1, 1, 1, 1, 1, 1, 1, 1,
       1, 1, 1, 1, 1, 1, 1, 1, 1, 1, 1, 1, 1, 1, 1, 1, 1, 1, 1, 1, 1, 1, 1,
       1, 1, 1, 1, 1, 1, 1, 1, 1, 1, 1, 1, 1, 1, 1, 1, 1, 1, 1]), 'tpos': array([1, 1, 1, 1, 1, 1, 1, 1, 1, 1, 1, 1, 1, 1, 1, 1, 1, 1, 1, 1, 1, 1, 1,
       1, 1, 1, 1, 1, 1, 1, 1, 1, 1, 1, 1, 1, 1, 1, 1, 1, 1, 1, 1, 1, 1, 1,
       1, 1, 1, 1, 1, 1, 1, 1, 1, 1, 1, 1, 1, 1, 1, 1, 1, 1, 1])}], <Model object at 0x0000000000000A34>)
#adalasso
([{'specificity': array([0.79365079, 0.87301587, 0.92063492, 0.61904762, 0.96825397,
       0.9047619, 0.3015873, 0.63492063, 0.80952381, 0.3968254, 0.77777778,
       0.44444444, 0.12698413, 0.42857143, 0.93650794, 0.74603175,
       0.82539683, 0.68253968, 0.55555556, 0.57142857, 0.65079365,
       0.38095238, 0.47619048, 0.095238095, 0.17460317, 0.66666667,
       0.85714286, 0.41269841, 0.22222222, 0.58730159, 0.34920635,
       0.53968254, 0.25396825, 0.20634921, 0.49206349, 0.6984127,
       0.46031746, 0.88888889, 0.95238095, 0.98412698, 1.0, 0.84126984,
       0.50793651, 0.76190476, 0.063492063, 0.15873016, 0.23809524,
       0.031746032, 0.19047619, 0.015873016, 0.31746032, 0.079365079,
       0.71428571, 0.52380952, 0.11111111, 0.36507937, 0.6031746,
       0.73015873, 0.33333333, 0.26984127, 0.14285714, 0.28571429,
       0.047619048]), 'tneg': array([12, 12, 12, 10, 12, 12,  5, 11, 12,  7, 12,  8,  3,  8, 12, 12, 12,
       11, 10, 10, 11,  6,  8,  3,  4, 11, 12,  7,  5, 10,  5, 10,  5,  5,
        9, 11,  8, 12, 12, 12, 12, 12, 10, 12,  3,  4,  5,  3,  5,  2,  5,
        3, 12, 10,  3,  5, 10, 12,  5,  5,  3,  5,  3]), 'fpos': array([ 0,  0,  0,  2,  0,  0,  7,  1,  0,  5,  0,  4,  9,  4,  0,  0,  0,
        1,  2,  2,  1,  6,  4,  9,  8,  1,  0,  5,  7,  2,  7,  2,  7,  7,
        3,  1,  4,  0,  0,  0,  0,  0,  2,  0,  9,  8,  7,  9,  7, 10,  7,
        9,  0,  2,  9,  7,  2,  0,  7,  7,  9,  7,  9]), 'threshold': [0.4126008396035894, 0.58920152509723001, 0.77447130481969795, 0.24511724132978974, 0.84390483999411903, 0.68780339121301681, 0.094329808593807213, 0.24851322140621307, 0.42389057324636648, 0.11330484512373509, 0.41009423108763143, 0.12192448369979426, 0.068722447416051199, 0.11683332365493876, 0.77886686183617404, 0.3685671094878078, 0.44800408387260759, 0.28464833956725044, 0.19663897166400468, 0.22640146790171492, 0.25936802571832823, 0.1065853472770229, 0.13769950452896942, 0.062534638526343445, 0.075354384714205372, 0.26275252948642436, 0.56930442650298352, 0.11390344498983407, 0.084326077457004336, 0.23273491402368055, 0.10002115987508672, 0.18872292424980047, 0.085556799291433741, 0.081160836031548333, 0.14060827055290884, 0.29599202126721408, 0.12327612460127303, 0.59799776857213904, 0.8156570547711689, 0.92912214987460506, 0.92939472923394884, 0.5062541906156659, 0.16067166067115832, 0.40885104645110348, 0.055365297292361934, 0.074249377037141545, 0.085239980100210777, 0.045901981101796302, 0.081158140036327236, 0.043830458173650312, 0.098064583748520284, 0.060243309122840982, 0.33257321299477632, 0.17520005550271919, 0.06593848599313977, 0.10040503502660504, 0.23640974755299363, 0.33953841833344101, 0.098275663016647072, 0.085906951545977883, 0.069607233702516744, 0.093405741198554396, 0.047049553164633662], 'fneg': array([5, 5, 5, 5, 5, 5, 3, 5, 5, 4, 5, 4, 2, 4, 5, 5, 5, 5, 5, 5, 5, 4, 4,
       2, 3, 5, 5, 4, 3, 5, 4, 5, 3, 3, 4, 5, 4, 5, 5, 5, 5, 5, 5, 5, 0, 2,
       3, 0, 3, 0, 4, 0, 5, 5, 2, 4, 5, 5, 4, 3, 2, 3, 0]), 'sensitivity': array([1, 1, 1, 1, 1, 1, 1, 1, 1, 1, 1, 1, 1, 1, 1, 1, 1, 1, 1, 1, 1, 1, 1,
       1, 1, 1, 1, 1, 1, 1, 1, 1, 1, 1, 1, 1, 1, 1, 1, 1, 1, 1, 1, 1, 1, 1,
       1, 1, 1, 1, 1, 1, 1, 1, 1, 1, 1, 1, 1, 1, 1, 1, 1]), 'tpos': array([0, 0, 0, 0, 0, 0, 2, 0, 0, 1, 0, 1, 3, 1, 0, 0, 0, 0, 0, 0, 0, 1, 1,
       3, 2, 0, 0, 1, 2, 0, 1, 0, 2, 2, 1, 0, 1, 0, 0, 0, 0, 0, 0, 0, 5, 3,
       2, 5, 2, 5, 1, 5, 0, 0, 3, 1, 0, 0, 1, 2, 3, 2, 5])}, {'specificity': array([0.875, 0.890625, 0.6875, 0.953125, 0.3125, 0.203125, 0.859375,
       0.828125, 0.84375, 0.5, 0.25, 0.453125, 0.796875, 0.765625, 1.0,
       0.78125, 0.703125, 0.359375, 0.1875, 0.640625, 0.328125, 0.21875,
       0.078125, 0.625, 0.90625, 0.9375, 0.125, 0.140625, 0.15625, 0.8125,
       0.59375, 0.734375, 0.265625, 0.390625, 0.65625, 0.4375, 0.71875,
       0.921875, 0.96875, 0.984375, 0.0625, 0.015625, 0.171875, 0.046875,
       0.671875, 0.375, 0.234375, 0.09375, 0.53125, 0.296875, 0.609375,
       0.109375, 0.5625, 0.46875, 0.578125, 0.34375, 0.515625, 0.75,
       0.546875, 0.484375, 0.28125, 0.421875, 0.40625, 0.03125]), 'tneg': array([0, 0, 0, 0, 0, 0, 0, 0, 0, 0, 0, 0, 0, 0, 0, 0, 0, 0, 0, 0, 0, 0, 0,
       0, 0, 0, 0, 0, 0, 0, 0, 0, 0, 0, 0, 0, 0, 0, 0, 0, 0, 0, 0, 0, 0, 0,
       0, 0, 0, 0, 0, 0, 0, 0, 0, 0, 0, 0, 0, 0, 0, 0, 0, 0]), 'fpos': array([12, 12, 12, 12, 12, 12, 12, 12, 12, 12, 12, 12, 12, 12, 12, 12, 12,
       12, 12, 12, 12, 12, 12, 12, 12, 12, 12, 12, 12, 12, 12, 12, 12, 12,
       12, 12, 12, 12, 12, 12, 12, 12, 12, 12, 12, 12, 12, 12, 12, 12, 12,
       12, 12, 12, 12, 12, 12, 12, 12, 12, 12, 12, 12, 12]), 'threshold': [0.61366033696860944, 0.70423242291847499, 0.37008058377776792, 0.81388154958663061, 0.061461744143502674, 0.050338660227543928, 0.59509657435161556, 0.56339539893766855, 0.57482878366889745, 0.13805101288271007, 0.059314041247063132, 0.12310447696669971, 0.51819521911772237, 0.45124411913032142, 0.99532828241349225, 0.46547206397581914, 0.39166952442950498, 0.075516064102935654, 0.048791844632794387, 0.30766159943890897, 0.063673453235964059, 0.056213909853288654, 0.034382189537053479, 0.26301801794158619, 0.71202156620567447, 0.79889419573066101, 0.040188850380771947, 0.045619366243934652, 0.045853419176520888, 0.53394596731948163, 0.21519096534248247, 0.43759064993337954, 0.059352536558596625, 0.094104067656452864, 0.35957034125990672, 0.10980697452848921, 0.40546681732370488, 0.79566822883811461, 0.94293158887080963, 0.97103895179944999, 0.029984078175561132, 0.015157798805741673, 0.048330289329194004, 0.019971648998444579, 0.36312467046315111, 0.07999003573897219, 0.056303111081946466, 0.035534076450341248, 0.16098986978700183, 0.060703348207439736, 0.24136725651037699, 0.037728168229055919, 0.20850511759138518, 0.13493192992553557, 0.21073062650956401, 0.07320575652178711, 0.14063662124603465, 0.43796319692841629, 0.17459488754277799, 0.13799862761678189, 0.059747962982581365, 0.10319464151883717, 0.10113719631281606, 0.019705755359782192], 'fneg': array([0, 0, 0, 0, 0, 0, 0, 0, 0, 0, 0, 0, 0, 0, 0, 0, 0, 0, 0, 0, 0, 0, 0,
       0, 0, 0, 0, 0, 0, 0, 0, 0, 0, 0, 0, 0, 0, 0, 0, 0, 0, 0, 0, 0, 0, 0,
       0, 0, 0, 0, 0, 0, 0, 0, 0, 0, 0, 0, 0, 0, 0, 0, 0, 0]), 'sensitivity': array([1, 1, 1, 1, 1, 1, 1, 1, 1, 1, 1, 1, 1, 1, 1, 1, 1, 1, 1, 1, 1, 1, 1,
       1, 1, 1, 1, 1, 1, 1, 1, 1, 1, 1, 1, 1, 1, 1, 1, 1, 1, 1, 1, 1, 1, 1,
       1, 1, 1, 1, 1, 1, 1, 1, 1, 1, 1, 1, 1, 1, 1, 1, 1, 1]), 'tpos': array([4, 4, 4, 4, 4, 4, 4, 4, 4, 4, 4, 4, 4, 4, 4, 4, 4, 4, 4, 4, 4, 4, 4,
       4, 4, 4, 4, 4, 4, 4, 4, 4, 4, 4, 4, 4, 4, 4, 4, 4, 4, 4, 4, 4, 4, 4,
       4, 4, 4, 4, 4, 4, 4, 4, 4, 4, 4, 4, 4, 4, 4, 4, 4, 4])}, {'specificity': array([0.90625, 0.75, 0.828125, 0.9375, 0.421875, 0.109375, 0.734375,
       0.71875, 0.203125, 0.84375, 0.5, 0.5625, 0.765625, 0.78125,
       0.984375, 0.796875, 0.921875, 0.703125, 0.359375, 0.515625,
       0.484375, 0.640625, 0.46875, 0.234375, 0.09375, 0.859375, 0.890625,
       0.078125, 0.171875, 0.453125, 0.875, 0.671875, 0.15625, 0.578125,
       0.53125, 0.21875, 0.4375, 0.40625, 0.6875, 0.953125, 0.96875, 1.0,
       0.3125, 0.65625, 0.03125, 0.046875, 0.015625, 0.625, 0.296875,
       0.125, 0.28125, 0.0625, 0.609375, 0.34375, 0.59375, 0.25, 0.328125,
       0.8125, 0.390625, 0.1875, 0.546875, 0.265625, 0.375, 0.140625]), 'tneg': array([0, 0, 0, 0, 0, 0, 0, 0, 0, 0, 0, 0, 0, 0, 0, 0, 0, 0, 0, 0, 0, 0, 0,
       0, 0, 0, 0, 0, 0, 0, 0, 0, 0, 0, 0, 0, 0, 0, 0, 0, 0, 0, 0, 0, 0, 0,
       0, 0, 0, 0, 0, 0, 0, 0, 0, 0, 0, 0, 0, 0, 0, 0, 0, 0]), 'fpos': array([11, 11, 11, 11, 11, 11, 11, 11, 11, 11, 11, 11, 11, 11, 11, 11, 11,
       11, 11, 11, 11, 11, 11, 11, 11, 11, 11, 11, 11, 11, 11, 11, 11, 11,
       11, 11, 11, 11, 11, 11, 11, 11, 11, 11, 11, 11, 11, 11, 11, 11, 11,
       11, 11, 11, 11, 11, 11, 11, 11, 11, 11, 11, 11, 11]), 'threshold': [0.46019909985340052, 0.31755288243918933, 0.37102727329695628, 0.54535303983307282, 0.19672442358944473, 0.11791651177034541, 0.31549074655151638, 0.31368121068309401, 0.13885178701685866, 0.38445539019847447, 0.21275626003566406, 0.24542940993715628, 0.32112390177031236, 0.33744665357623121, 0.73125962059371397, 0.34699985265142252, 0.46415913367634415, 0.29661266108674883, 0.18583837745824358, 0.21323294019707204, 0.21197714182284008, 0.27716715419126836, 0.20793614038352667, 0.1479987198670239, 0.11592705166003507, 0.38848744485888603, 0.42523366881258534, 0.11149345021084774, 0.12168294811028485, 0.20450915426441074, 0.40713955593352402, 0.28819426175224622, 0.12005684417673308, 0.24639114113601626, 0.22485645349109534, 0.14333766824534247, 0.20358457820310749, 0.19653896246063549, 0.29472158301630585, 0.56274043407331509, 0.67296600111691429, 0.74817136435867226, 0.17636371517362834, 0.28691579062533723, 0.097646244827605255, 0.10269059307872536, 0.075882761327056888, 0.27355568242685091, 0.17634251568028481, 0.11852562163839564, 0.17079614387436717, 0.11000461817647562, 0.27001753992945632, 0.1834841051963641, 0.25723028210396237, 0.15555113379307189, 0.17805259860728065, 0.36221586932015037, 0.19527689034483303, 0.13512119405267467, 0.22993703336197943, 0.16247939925827176, 0.19247107843227071, 0.11891109310617919], 'fneg': array([0, 0, 0, 0, 0, 0, 0, 0, 0, 0, 0, 0, 0, 0, 0, 0, 0, 0, 0, 0, 0, 0, 0,
       0, 0, 0, 0, 0, 0, 0, 0, 0, 0, 0, 0, 0, 0, 0, 0, 0, 0, 0, 0, 0, 0, 0,
       0, 0, 0, 0, 0, 0, 0, 0, 0, 0, 0, 0, 0, 0, 0, 0, 0, 0]), 'sensitivity': array([1, 1, 1, 1, 1, 1, 1, 1, 1, 1, 1, 1, 1, 1, 1, 1, 1, 1, 1, 1, 1, 1, 1,
       1, 1, 1, 1, 1, 1, 1, 1, 1, 1, 1, 1, 1, 1, 1, 1, 1, 1, 1, 1, 1, 1, 1,
       1, 1, 1, 1, 1, 1, 1, 1, 1, 1, 1, 1, 1, 1, 1, 1, 1, 1]), 'tpos': array([5, 5, 5, 5, 5, 5, 5, 5, 5, 5, 5, 5, 5, 5, 5, 5, 5, 5, 5, 5, 5, 5, 5,
       5, 5, 5, 5, 5, 5, 5, 5, 5, 5, 5, 5, 5, 5, 5, 5, 5, 5, 5, 5, 5, 5, 5,
       5, 5, 5, 5, 5, 5, 5, 5, 5, 5, 5, 5, 5, 5, 5, 5, 5, 5])}, {'specificity': array([0.890625, 0.953125, 0.921875, 0.90625, 0.609375, 0.234375, 0.796875,
       0.375, 0.578125, 0.328125, 0.5, 0.46875, 0.65625, 0.75, 0.9375,
       0.875, 0.546875, 0.453125, 0.359375, 0.109375, 0.1875, 0.6875,
       0.8125, 0.0625, 0.09375, 0.125, 0.859375, 0.71875, 0.25, 0.765625,
       0.40625, 0.4375, 0.21875, 0.34375, 0.84375, 1.0, 0.984375, 0.96875,
       0.640625, 0.828125, 0.046875, 0.3125, 0.03125, 0.421875, 0.296875,
       0.484375, 0.171875, 0.015625, 0.5625, 0.140625, 0.265625, 0.53125,
       0.078125, 0.515625, 0.78125, 0.734375, 0.203125, 0.390625, 0.703125,
       0.28125, 0.59375, 0.671875, 0.625, 0.15625]), 'tneg': array([11, 11, 11, 11,  3,  1,  8,  1,  2,  1,  2,  1,  3,  4, 11, 10,  2,
        1,  1,  0,  0,  3,  9,  0,  0,  0, 10,  3,  1,  7,  1,  1,  1,  1,
       10, 11, 11, 11,  3, 10,  0,  1,  0,  1,  1,  2,  0,  0,  2,  0,  1,
        2,  0,  2,  8,  3,  1,  1,  3,  1,  3,  3,  3,  0]), 'fpos': array([ 0,  0,  0,  0,  8, 10,  3, 10,  9, 10,  9, 10,  8,  7,  0,  1,  9,
       10, 10, 11, 11,  8,  2, 11, 11, 11,  1,  8, 10,  4, 10, 10, 10, 10,
        1,  0,  0,  0,  8,  1, 11, 10, 11, 10, 10,  9, 11, 11,  9, 11, 10,
        9, 11,  9,  3,  8, 10, 10,  8, 10,  8,  8,  8, 11]), 'threshold': [0.55575871587300552, 0.662332592139391, 0.6184732995761445, 0.60881031903145988, 0.22786695465498161, 0.13849924405391595, 0.35593833973617461, 0.15436752837279683, 0.21904423398707726, 0.14860111420623698, 0.18685183518358925, 0.17986630551588395, 0.25036149666590723, 0.29208097258814814, 0.63830544014431301, 0.49468158720703814, 0.20478703346215305, 0.17949566079710794, 0.15321776138979959, 0.11774246152912923, 0.13060364723860043, 0.28518711650750528, 0.40264139585628511, 0.10984321637563689, 0.11552946079333984, 0.11791767014545126, 0.45587004107407686, 0.28941617449852003, 0.13882452995937872, 0.32452392435633615, 0.16322027069300599, 0.17532740178211059, 0.13757017642744904, 0.14980093140330125, 0.45006564267711063, 0.90161612294143079, 0.83711366534178655, 0.71107787809631617, 0.23758140278555129, 0.43609865664196273, 0.10195499640141988, 0.14744605683211098, 0.093672989237116006, 0.16459750908526891, 0.14506603745495961, 0.18553557758688927, 0.12514206631438427, 0.05829570999143352, 0.20757874910890858, 0.11906161843375723, 0.13918189538325315, 0.19947168586119471, 0.11288098360573351, 0.19239766759304813, 0.34843860152423956, 0.28998074744785557, 0.13440932053015536, 0.15502582454880365, 0.28579108741823112, 0.13999951090083007, 0.22631451444679235, 0.2526633043475438, 0.2365651147001864, 0.12048426543805905], 'fneg': array([4, 4, 4, 4, 0, 0, 2, 0, 0, 0, 0, 0, 1, 2, 4, 4, 0, 0, 0, 0, 0, 2, 2,
       0, 0, 0, 4, 2, 0, 2, 0, 0, 0, 0, 4, 5, 5, 4, 0, 4, 0, 0, 0, 0, 0, 0,
       0, 0, 0, 0, 0, 0, 0, 0, 2, 2, 0, 0, 2, 0, 0, 1, 0, 0]), 'sensitivity': array([1, 1, 1, 1, 1, 1, 1, 1, 1, 1, 1, 1, 1, 1, 1, 1, 1, 1, 1, 1, 1, 1, 1,
       1, 1, 1, 1, 1, 1, 1, 1, 1, 1, 1, 1, 1, 1, 1, 1, 1, 1, 1, 1, 1, 1, 1,
       1, 1, 1, 1, 1, 1, 1, 1, 1, 1, 1, 1, 1, 1, 1, 1, 1, 1]), 'tpos': array([1, 1, 1, 1, 5, 5, 3, 5, 5, 5, 5, 5, 4, 3, 1, 1, 5, 5, 5, 5, 5, 3, 3,
       5, 5, 5, 1, 3, 5, 3, 5, 5, 5, 5, 1, 0, 0, 1, 5, 1, 5, 5, 5, 5, 5, 5,
       5, 5, 5, 5, 5, 5, 5, 5, 3, 3, 5, 5, 3, 5, 5, 4, 5, 5])}, {'specificity': array([0.72307692, 0.70769231, 0.96923077, 0.90769231, 0.93846154,
       0.92307692, 0.2, 0.55384615, 0.13846154, 0.83076923, 0.52307692,
       0.35384615, 0.50769231, 0.6, 0.67692308, 0.73846154, 0.81538462,
       0.89230769, 0.56923077, 0.46153846, 0.44615385, 0.21538462,
       0.58461538, 0.27692308, 0.16923077, 0.061538462, 0.4, 0.86153846,
       0.87692308, 0.10769231, 0.8, 0.092307692, 0.49230769, 0.30769231,
       0.36923077, 0.12307692, 0.75384615, 0.69230769, 0.84615385,
       0.98461538, 1.0, 0.95384615, 0.78461538, 0.15384615, 0.046153846,
       0.41538462, 0.26153846, 0.47692308, 0.29230769, 0.015384615,
       0.076923077, 0.33846154, 0.64615385, 0.23076923, 0.18461538,
       0.61538462, 0.24615385, 0.32307692, 0.38461538, 0.76923077,
       0.53846154, 0.030769231, 0.43076923, 0.66153846, 0.63076923]), 'tneg': array([10, 10, 12, 12, 12, 12,  3,  7,  3, 12,  6,  6,  6,  7, 10, 10, 12,
       12,  7,  6,  6,  3,  7,  4,  3,  2,  6, 12, 12,  2, 12,  2,  6,  5,
        6,  2, 12, 10, 12, 12, 12, 12, 12,  3,  2,  6,  4,  6,  5,  0,  2,
        6,  7,  3,  3,  7,  3,  6,  6, 12,  7,  2,  6, 10,  7]), 'fpos': array([ 2,  2,  0,  0,  0,  0,  9,  5,  9,  0,  6,  6,  6,  5,  2,  2,  0,
        0,  5,  6,  6,  9,  5,  8,  9, 10,  6,  0,  0, 10,  0, 10,  6,  7,
        6, 10,  0,  2,  0,  0,  0,  0,  0,  9, 10,  6,  8,  6,  7, 12, 10,
        6,  5,  9,  9,  5,  9,  6,  6,  0,  5, 10,  6,  2,  5]), 'threshold': [0.3125833945481129, 0.3053081056055062, 0.61341851002295655, 0.49657312722442698, 0.53395873571776586, 0.52616326646335898, 0.15638213165751297, 0.24765019763259208, 0.14174169993061078, 0.39492915064843459, 0.2328435210476662, 0.19562806883673525, 0.23067331361534921, 0.25698713020752217, 0.2974855006062978, 0.3205956641575165, 0.39306116043147571, 0.48750964553437043, 0.25110071515143811, 0.22234390007314714, 0.21529295830125106, 0.15664570314346243, 0.25499451613182594, 0.16657456050229416, 0.14546175787079643, 0.12298051765613711, 0.20399222339276343, 0.41756739712915791, 0.47823769921372661, 0.1344699479140084, 0.38149048016884773, 0.13314194841474614, 0.22964013506028239, 0.18056109488158251, 0.19679739251285366, 0.13668892785346742, 0.34564537994212186, 0.30279975729597719, 0.4121004761322179, 0.65335520624327115, 0.75093449848007976, 0.60200913428243641, 0.35915564972471931, 0.14192410855662496, 0.12034738301868667, 0.20537031466643677, 0.16561973746542791, 0.22845280172248803, 0.17772223555691871, 0.07338630450575212, 0.13023993556209076, 0.19366443950783463, 0.26311821033715477, 0.15908104334002685, 0.14764319243228907, 0.25735110113082771, 0.16030010207427606, 0.18687079211415256, 0.2010086451686173, 0.35450025883665609, 0.24599511081059972, 0.11862427306129456, 0.21009345147089395, 0.28815482212697868, 0.25909342639380861], 'fneg': array([1, 1, 2, 1, 2, 1, 0, 1, 0, 1, 0, 0, 0, 1, 1, 1, 1, 1, 1, 0, 0, 0, 1,
       0, 0, 0, 0, 1, 1, 0, 1, 0, 0, 0, 0, 0, 1, 1, 1, 2, 2, 2, 1, 0, 0, 0,
       0, 0, 0, 0, 0, 0, 1, 0, 0, 1, 0, 0, 0, 1, 1, 0, 0, 1, 1]), 'sensitivity': array([1, 1, 1, 1, 1, 1, 1, 1, 1, 1, 1, 1, 1, 1, 1, 1, 1, 1, 1, 1, 1, 1, 1,
       1, 1, 1, 1, 1, 1, 1, 1, 1, 1, 1, 1, 1, 1, 1, 1, 1, 1, 1, 1, 1, 1, 1,
       1, 1, 1, 1, 1, 1, 1, 1, 1, 1, 1, 1, 1, 1, 1, 1, 1, 1, 1]), 'tpos': array([2, 2, 1, 2, 1, 2, 3, 2, 3, 2, 3, 3, 3, 2, 2, 2, 2, 2, 2, 3, 3, 3, 2,
       3, 3, 3, 3, 2, 2, 3, 2, 3, 3, 3, 3, 3, 2, 2, 2, 1, 1, 1, 2, 3, 3, 3,
       3, 3, 3, 3, 3, 3, 2, 3, 3, 2, 3, 3, 3, 2, 2, 3, 3, 2, 2])}], <Model object at 0x0000000000000D60>)
#adalasso
([{'specificity': array([0.3125, 0.578125, 0.109375, 0.828125, 0.421875, 0.859375, 0.625,
       0.78125, 0.34375, 0.328125, 0.640625, 0.09375, 0.609375, 0.375,
       0.921875, 0.03125, 0.078125, 0.125, 0.484375, 0.171875, 0.5,
       0.734375, 0.0625, 0.4375, 0.65625, 0.875, 0.9375, 1.0, 0.96875,
       0.890625, 0.71875, 0.953125, 0.53125, 0.765625, 0.1875, 0.359375,
       0.40625, 0.25, 0.703125, 0.453125, 0.8125, 0.59375, 0.296875,
       0.015625, 0.671875, 0.90625, 0.5625, 0.546875, 0.265625, 0.390625,
       0.28125, 0.15625, 0.6875, 0.203125, 0.515625, 0.796875, 0.234375,
       0.140625, 0.46875, 0.046875, 0.84375, 0.984375, 0.75, 0.21875]), 'tneg': array([ 3,  7,  0,  8,  3,  8,  7,  8,  3,  3,  7,  0,  7,  3, 10,  0,  0,
        0,  3,  2,  5,  7,  0,  3,  7,  8, 10, 10, 10,  9,  7, 10,  7,  8,
        2,  3,  3,  3,  7,  3,  8,  7,  3,  0,  7, 10,  7,  7,  3,  3,  3,
        2,  7,  3,  7,  8,  3,  1,  3,  0,  8, 10,  7,  3]), 'fpos': array([ 7,  3, 10,  2,  7,  2,  3,  2,  7,  7,  3, 10,  3,  7,  0, 10, 10,
       10,  7,  8,  5,  3, 10,  7,  3,  2,  0,  0,  0,  1,  3,  0,  3,  2,
        8,  7,  7,  7,  3,  7,  2,  3,  7, 10,  3,  0,  3,  3,  7,  7,  7,
        8,  3,  7,  3,  2,  7,  9,  7, 10,  2,  0,  3,  7]), 'threshold': [0.18133353129071311, 0.2190754823029685, 0.15595896037822188, 0.26211893160961519, 0.19555475561801422, 0.26827105936896117, 0.22443535569506379, 0.2541274256385444, 0.18726452679602393, 0.18545569182245036, 0.22659784682183434, 0.15539406306274797, 0.22179454586476147, 0.19221632015097875, 0.34020412401818523, 0.14526679383425675, 0.153864498974361, 0.15634745406652753, 0.20291160384528528, 0.1704085268187871, 0.20610120588614167, 0.24374755902751397, 0.15096637628685647, 0.19706456615673726, 0.22727993348755166, 0.29184886265588744, 0.35620938982802131, 0.41821994935628554, 0.3660853688717744, 0.32271464332564276, 0.23527492402985809, 0.36260492465073041, 0.21669187388255143, 0.2530605715383456, 0.17075678720142828, 0.19064483075704344, 0.19448846673351719, 0.17709650585889999, 0.2345147591658068, 0.19853161165113756, 0.26128977273284137, 0.22154174768757584, 0.18042579039611337, 0.13837759377376016, 0.22879011499000579, 0.33033687909750764, 0.21785434117770677, 0.21687100323394407, 0.17717012625553197, 0.19372457217929343, 0.17849306924454969, 0.17022348958984501, 0.22880382957630513, 0.17352825791707544, 0.21307147555872238, 0.26083228703602768, 0.1768667490595762, 0.16241483903889684, 0.20071289534664819, 0.14843458080519559, 0.26212771857417505, 0.40748731555083534, 0.24482926454543497, 0.17394333344266397], 'fneg': array([0, 2, 0, 4, 1, 4, 3, 4, 0, 0, 3, 0, 3, 1, 6, 0, 0, 0, 1, 0, 1, 4, 0,
       1, 3, 5, 7, 7, 7, 6, 4, 7, 2, 4, 0, 1, 1, 0, 4, 1, 4, 2, 0, 0, 3, 6,
       2, 2, 0, 1, 0, 0, 3, 0, 1, 4, 0, 0, 1, 0, 4, 7, 4, 0]), 'sensitivity': array([1, 1, 1, 1, 1, 1, 1, 1, 1, 1, 1, 1, 1, 1, 1, 1, 1, 1, 1, 1, 1, 1, 1,
       1, 1, 1, 1, 1, 1, 1, 1, 1, 1, 1, 1, 1, 1, 1, 1, 1, 1, 1, 1, 1, 1, 1,
       1, 1, 1, 1, 1, 1, 1, 1, 1, 1, 1, 1, 1, 1, 1, 1, 1, 1]), 'tpos': array([7, 5, 7, 3, 6, 3, 4, 3, 7, 7, 4, 7, 4, 6, 1, 7, 7, 7, 6, 7, 6, 3, 7,
       6, 4, 2, 0, 0, 0, 1, 3, 0, 5, 3, 7, 6, 6, 7, 3, 6, 3, 5, 7, 7, 4, 1,
       5, 5, 7, 6, 7, 7, 4, 7, 6, 3, 7, 7, 6, 7, 3, 0, 3, 7])}, {'specificity': array([0.96923077, 0.90769231, 0.30769231, 0.23076923, 0.70769231,
       0.29230769, 0.81538462, 0.76923077, 0.66153846, 0.72307692,
       0.49230769, 0.89230769, 0.75384615, 0.8, 0.50769231, 0.12307692,
       0.36923077, 0.47692308, 0.86153846, 0.93846154, 0.13846154,
       0.10769231, 0.092307692, 0.24615385, 0.27692308, 0.41538462,
       0.015384615, 0.61538462, 0.44615385, 0.73846154, 0.92307692,
       0.95384615, 1.0, 0.98461538, 0.83076923, 0.046153846, 0.35384615,
       0.38461538, 0.15384615, 0.55384615, 0.67692308, 0.030769231,
       0.53846154, 0.78461538, 0.84615385, 0.64615385, 0.46153846, 0.4,
       0.076923077, 0.32307692, 0.21538462, 0.56923077, 0.2, 0.6,
       0.63076923, 0.16923077, 0.061538462, 0.58461538, 0.26153846,
       0.69230769, 0.87692308, 0.52307692, 0.43076923, 0.33846154,
       0.18461538]), 'tneg': array([11, 11,  3,  2, 10,  3, 11, 11,  8, 11,  5, 11, 11, 11,  5,  0,  5,
        5, 11, 11,  0,  0,  0,  2,  2,  5,  0,  8,  5, 11, 11, 11, 11, 11,
       11,  0,  5,  5,  2,  5,  8,  0,  5, 11, 11,  8,  5,  5,  0,  5,  2,
        7,  2,  7,  8,  2,  0,  7,  2,  8, 11,  5,  5,  5,  2]), 'fpos': array([ 0,  0,  8,  9,  1,  8,  0,  0,  3,  0,  6,  0,  0,  0,  6, 11,  6,
        6,  0,  0, 11, 11, 11,  9,  9,  6, 11,  3,  6,  0,  0,  0,  0,  0,
        0, 11,  6,  6,  9,  6,  3, 11,  6,  0,  0,  3,  6,  6, 11,  6,  9,
        4,  9,  4,  3,  9, 11,  4,  9,  3,  0,  6,  6,  6,  9]), 'threshold': [0.65523156271059602, 0.51879604642536759, 0.16339352027318618, 0.14367495208456391, 0.27417988832788254, 0.15996851360594908, 0.38512177612841486, 0.35852294720625139, 0.2523720030840515, 0.29837703201617072, 0.20348706778605047, 0.46566157948133124, 0.3460003764980607, 0.38017873537359137, 0.20440756557544182, 0.12747266380687139, 0.18024160729322897, 0.20321540218814402, 0.43856342382382563, 0.52526703286532406, 0.12869545638290195, 0.12609483681296918, 0.12489886816863974, 0.14491985124944656, 0.15395627045565141, 0.1866913287913915, 0.10496568784654745, 0.23283205111182065, 0.19898635946517676, 0.3273026648893031, 0.52392147253064481, 0.57285077425959063, 0.74199910538940073, 0.73451462298262715, 0.41635673121706762, 0.10887726380848858, 0.17889749349007142, 0.18270418480484452, 0.1309904458107761, 0.20808189902675228, 0.26256811582414313, 0.10837798182925867, 0.20603965237015162, 0.36467450231445175, 0.43583658233719563, 0.24612008196088356, 0.19974411294893485, 0.183071872039962, 0.12219421535268076, 0.17607424997778887, 0.14074013877774286, 0.22310477139792695, 0.13671540056336076, 0.2244658029004169, 0.2398894507803809, 0.13243849373214495, 0.11395755632059604, 0.22431352692095541, 0.14666355544103243, 0.2631219226242254, 0.44381525245343034, 0.20537740532132107, 0.19624494361655243, 0.17709335423630576, 0.13382566926987155], 'fneg': array([5, 5, 1, 0, 5, 1, 5, 5, 5, 5, 2, 5, 5, 5, 2, 0, 1, 2, 5, 5, 0, 0, 0,
       0, 1, 1, 0, 3, 2, 5, 5, 5, 5, 5, 5, 0, 1, 1, 0, 2, 5, 0, 2, 5, 5, 5,
       2, 1, 0, 1, 0, 3, 0, 3, 4, 0, 0, 3, 0, 5, 5, 2, 2, 1, 0]), 'sensitivity': array([1, 1, 1, 1, 1, 1, 1, 1, 1, 1, 1, 1, 1, 1, 1, 1, 1, 1, 1, 1, 1, 1, 1,
       1, 1, 1, 1, 1, 1, 1, 1, 1, 1, 1, 1, 1, 1, 1, 1, 1, 1, 1, 1, 1, 1, 1,
       1, 1, 1, 1, 1, 1, 1, 1, 1, 1, 1, 1, 1, 1, 1, 1, 1, 1, 1]), 'tpos': array([0, 0, 4, 5, 0, 4, 0, 0, 0, 0, 3, 0, 0, 0, 3, 5, 4, 3, 0, 0, 5, 5, 5,
       5, 4, 4, 5, 2, 3, 0, 0, 0, 0, 0, 0, 5, 4, 4, 5, 3, 0, 5, 3, 0, 0, 0,
       3, 4, 5, 4, 5, 2, 5, 2, 1, 5, 5, 2, 5, 0, 0, 3, 3, 4, 5])}, {'specificity': array([0.86153846, 0.98461538, 0.96923077, 0.4, 0.61538462, 0.83076923,
       0.90769231, 0.69230769, 0.4, 0.43076923, 0.49230769, 0.78461538,
       0.75384615, 0.56923077, 0.73846154, 0.95384615, 0.92307692,
       0.50769231, 0.47692308, 0.44615385, 0.4, 0.4, 0.70769231,
       0.76923077, 0.87692308, 0.93846154, 0.4, 0.4, 0.4, 0.66153846,
       0.73846154, 0.81538462, 1.0, 0.64615385, 0.55384615, 0.55384615,
       0.4, 0.4, 0.4, 0.4, 0.43076923, 0.4, 0.4, 0.4, 0.4, 0.55384615,
       0.67692308, 0.4, 0.6, 0.58461538, 0.4, 0.4, 0.89230769, 0.4, 0.4,
       0.4, 0.4, 0.4, 0.8, 0.84615385, 0.63076923, 0.4, 0.46153846, 0.4,
       0.4]), 'tneg': array([12, 12, 12,  0, 11, 12, 12, 11,  0,  7,  9, 12, 12, 11, 12, 12, 12,
       10,  9,  7,  0,  0, 12, 12, 12, 12,  0,  0,  0, 11, 12, 12, 12, 11,
       10, 10,  0,  0,  0,  0,  7,  0,  0,  0,  0, 10, 11,  0, 11, 11,  0,
        0, 12,  0,  0,  0,  0,  0, 12, 12, 11,  0,  9,  0,  0]), 'fpos': array([ 0,  0,  0, 12,  1,  0,  0,  1, 12,  5,  3,  0,  0,  1,  0,  0,  0,
        2,  3,  5, 12, 12,  0,  0,  0,  0, 12, 12, 12,  1,  0,  0,  0,  1,
        2,  2, 12, 12, 12, 12,  5, 12, 12, 12, 12,  2,  1, 12,  1,  1, 12,
       12,  0, 12, 12, 12, 12, 12,  0,  0,  1, 12,  3, 12, 12]), 'threshold': [0.27790550669677105, 0.37428025242956547, 0.37178671123080342, 0.2410515007593679, 0.25565393581800344, 0.27576952509063962, 0.3126217954414674, 0.26588320153606315, 0.2410515007593679, 0.24170273750653548, 0.24366362988411491, 0.26942294226852903, 0.2693851537070005, 0.25226016113595234, 0.2687234849420978, 0.3463547409591432, 0.31494229482419311, 0.24431965189107283, 0.24366079932027801, 0.24235235159905105, 0.2410515007593679, 0.2410515007593679, 0.26732802094449631, 0.26940480334141947, 0.28650956906728292, 0.32423040087004346, 0.2410515007593679, 0.2410515007593679, 0.2410515007593679, 0.2638103396689353, 0.2687234849420978, 0.27435119869815316, 0.43765190895986811, 0.26380884818111089, 0.24629487915314846, 0.24629487915314846, 0.2410515007593679, 0.2410515007593679, 0.2410515007593679, 0.2410515007593679, 0.24170273750653548, 0.2410515007593679, 0.2410515007593679, 0.2410515007593679, 0.2410515007593679, 0.24629487915314846, 0.26524347488614852, 0.2410515007593679, 0.25497774892311131, 0.25494711429357764, 0.2410515007593679, 0.2410515007593679, 0.29893485783757745, 0.2410515007593679, 0.2410515007593679, 0.2410515007593679, 0.2410515007593679, 0.2410515007593679, 0.27360710665846771, 0.27786852186715982, 0.26106122425761707, 0.2410515007593679, 0.24300880290906471, 0.2410515007593679, 0.2410515007593679], 'fneg': array([3, 3, 3, 0, 2, 3, 3, 2, 0, 2, 2, 2, 2, 2, 2, 3, 3, 2, 2, 2, 0, 0, 2,
       2, 3, 3, 0, 0, 0, 2, 2, 3, 4, 2, 2, 2, 0, 0, 0, 0, 2, 0, 0, 0, 0, 2,
       2, 0, 2, 2, 0, 0, 3, 0, 0, 0, 0, 0, 2, 3, 2, 0, 2, 0, 0]), 'sensitivity': array([1, 1, 1, 1, 1, 1, 1, 1, 1, 1, 1, 1, 1, 1, 1, 1, 1, 1, 1, 1, 1, 1, 1,
       1, 1, 1, 1, 1, 1, 1, 1, 1, 1, 1, 1, 1, 1, 1, 1, 1, 1, 1, 1, 1, 1, 1,
       1, 1, 1, 1, 1, 1, 1, 1, 1, 1, 1, 1, 1, 1, 1, 1, 1, 1, 1]), 'tpos': array([1, 1, 1, 4, 2, 1, 1, 2, 4, 2, 2, 2, 2, 2, 2, 1, 1, 2, 2, 2, 4, 4, 2,
       2, 1, 1, 4, 4, 4, 2, 2, 1, 0, 2, 2, 2, 4, 4, 4, 4, 2, 4, 4, 4, 4, 2,
       2, 4, 2, 2, 4, 4, 1, 4, 4, 4, 4, 4, 2, 1, 2, 4, 2, 4, 4])}, {'specificity': array([0.67692308, 0.95384615, 0.92307692, 0.38461538, 0.12307692, 0.8,
       0.72307692, 0.33846154, 0.86153846, 0.16923077, 0.78461538,
       0.81538462, 0.69230769, 0.49230769, 0.83076923, 0.70769231,
       0.75384615, 0.23076923, 0.73846154, 0.18461538, 0.092307692,
       0.66153846, 0.84615385, 0.90769231, 0.030769231, 0.2, 0.046153846,
       0.63076923, 0.10769231, 0.4, 0.64615385, 0.15384615, 0.61538462,
       0.44615385, 0.89230769, 0.96923077, 1.0, 0.98461538, 0.52307692,
       0.76923077, 0.32307692, 0.6, 0.061538462, 0.27692308, 0.53846154,
       0.29230769, 0.55384615, 0.13846154, 0.87692308, 0.46153846,
       0.47692308, 0.26153846, 0.015384615, 0.56923077, 0.24615385,
       0.30769231, 0.58461538, 0.35384615, 0.50769231, 0.076923077,
       0.21538462, 0.93846154, 0.43076923, 0.41538462, 0.36923077]), 'tneg': array([10, 12, 12,  5,  3, 11, 10,  4, 12,  4, 11, 11, 10,  8, 12, 10, 10,
        4, 10,  4,  3, 10, 12, 12,  2,  4,  2, 10,  3,  5, 10,  3, 10,  6,
       12, 12, 12, 12,  9, 10,  4,  9,  2,  4,  9,  4,  9,  3, 12,  7,  8,
        4,  1,  9,  4,  4,  9,  4,  8,  2,  4, 12,  5,  5,  4]), 'fpos': array([ 2,  0,  0,  7,  9,  1,  2,  8,  0,  8,  1,  1,  2,  4,  0,  2,  2,
        8,  2,  8,  9,  2,  0,  0, 10,  8, 10,  2,  9,  7,  2,  9,  2,  6,
        0,  0,  0,  0,  3,  2,  8,  3, 10,  8,  3,  8,  3,  9,  0,  5,  4,
        8, 11,  3,  8,  8,  3,  8,  4, 10,  8,  0,  7,  7,  8]), 'threshold': [0.28217908045485229, 0.60505543470175882, 0.53559116345643021, 0.20321691275348772, 0.17209942613514673, 0.32998347680270984, 0.29725710893655, 0.19229065655377611, 0.40779025209873038, 0.1741652960833944, 0.32679257915373627, 0.3303437121018864, 0.28692881335088849, 0.219996309202935, 0.36701611576949578, 0.28975751482023299, 0.31576544705188681, 0.17993903827713451, 0.29967940178836078, 0.17547530084619389, 0.1607070941357128, 0.27309696807989575, 0.40670739235685299, 0.5302187512417148, 0.14891175573975904, 0.17706458374849834, 0.15203872543398536, 0.25354638971434273, 0.16228827403853507, 0.2059247417290952, 0.26945029253092118, 0.17256847373106107, 0.25328646357358847, 0.21566443770683905, 0.45121227437390465, 0.63118363967116442, 0.71417864871397918, 0.69167541749829187, 0.22493859863591612, 0.31658202554650455, 0.1914668143148647, 0.2530589125155856, 0.15392101129748242, 0.18661516228428704, 0.23331816287368568, 0.18693421272990379, 0.23455563199120405, 0.17233490441535251, 0.4217607186157673, 0.21673724643028963, 0.21875803773619745, 0.18464461320247066, 0.14638606133724808, 0.23952218267256578, 0.18168126959078404, 0.18820454099194892, 0.24982669346638484, 0.1944932330302363, 0.22143007148729985, 0.15555478779460852, 0.17918647929039036, 0.57670456936011794, 0.20716694875363892, 0.20713832609433325, 0.19625412467371475], 'fneg': array([3, 4, 3, 0, 0, 3, 3, 0, 3, 0, 3, 3, 3, 2, 3, 3, 3, 0, 3, 0, 0, 3, 3,
       3, 0, 0, 0, 3, 0, 0, 3, 0, 3, 1, 3, 4, 4, 4, 2, 3, 0, 3, 0, 0, 3, 0,
       3, 0, 3, 1, 2, 0, 0, 3, 0, 0, 3, 0, 2, 0, 0, 4, 1, 1, 0]), 'sensitivity': array([1, 1, 1, 1, 1, 1, 1, 1, 1, 1, 1, 1, 1, 1, 1, 1, 1, 1, 1, 1, 1, 1, 1,
       1, 1, 1, 1, 1, 1, 1, 1, 1, 1, 1, 1, 1, 1, 1, 1, 1, 1, 1, 1, 1, 1, 1,
       1, 1, 1, 1, 1, 1, 1, 1, 1, 1, 1, 1, 1, 1, 1, 1, 1, 1, 1]), 'tpos': array([1, 0, 1, 4, 4, 1, 1, 4, 1, 4, 1, 1, 1, 2, 1, 1, 1, 4, 1, 4, 4, 1, 1,
       1, 4, 4, 4, 1, 4, 4, 1, 4, 1, 3, 1, 0, 0, 0, 2, 1, 4, 1, 4, 4, 1, 4,
       1, 4, 1, 3, 2, 4, 4, 1, 4, 4, 1, 4, 2, 4, 4, 0, 3, 3, 4])}, {'specificity': array([0.92307692, 0.95384615, 0.90769231, 0.4, 0.30769231, 0.78461538,
       0.87692308, 0.47692308, 0.18461538, 0.84615385, 0.50769231,
       0.72307692, 0.66153846, 0.89230769, 0.6, 0.86153846, 0.63076923,
       0.49230769, 0.35384615, 0.15384615, 0.75384615, 0.53846154,
       0.93846154, 0.32307692, 0.24615385, 0.2, 0.73846154, 0.41538462,
       0.21538462, 0.43076923, 0.96923077, 1.0, 0.98461538, 0.092307692,
       0.83076923, 0.44615385, 0.52307692, 0.27692308, 0.13846154,
       0.030769231, 0.8, 0.69230769, 0.76923077, 0.23076923, 0.046153846,
       0.061538462, 0.61538462, 0.67692308, 0.81538462, 0.56923077,
       0.55384615, 0.16923077, 0.076923077, 0.12307692, 0.10769231,
       0.64615385, 0.29230769, 0.46153846, 0.70769231, 0.58461538,
       0.36923077, 0.26153846, 0.38461538, 0.33846154, 0.015384615]), 'tneg': array([3, 4, 3, 1, 1, 2, 3, 1, 0, 3, 1, 2, 1, 3, 1, 3, 1, 1, 1, 0, 2, 1, 4,
       1, 1, 0, 2, 1, 0, 1, 4, 4, 4, 0, 3, 1, 1, 1, 0, 0, 3, 2, 2, 0, 0, 0,
       1, 2, 3, 1, 1, 0, 0, 0, 0, 1, 1, 1, 2, 1, 1, 1, 1, 1, 0]), 'fpos': array([10,  9, 10, 12, 12, 11, 10, 12, 13, 10, 12, 11, 12, 10, 12, 10, 12,
       12, 12, 13, 11, 12,  9, 12, 12, 13, 11, 12, 13, 12,  9,  9,  9, 13,
       10, 12, 12, 12, 13, 13, 10, 11, 11, 13, 13, 13, 12, 11, 10, 12, 12,
       13, 13, 13, 13, 12, 12, 12, 11, 12, 12, 12, 12, 12, 13]), 'threshold': [0.85407031110545362, 0.91022675651069918, 0.71831847229055945, 0.14197780981807354, 0.11496957412048382, 0.48747766139112919, 0.68311377847004451, 0.1793439616174155, 0.085308963378779912, 0.60683706397186199, 0.20683018557135541, 0.42170508051914157, 0.33445272820817756, 0.69046372485805729, 0.29191309437771024, 0.65507561747916798, 0.31081091044045128, 0.18987249630065492, 0.13082188457930258, 0.063579666518205291, 0.46861409149733824, 0.24604083143526176, 0.9014468910236908, 0.12072134642901507, 0.097236990853938332, 0.087505340574004803, 0.44778576681270749, 0.14786699682883744, 0.092520188383335283, 0.15534844816833301, 0.92500961586678376, 0.98318751741754451, 0.97048231310713817, 0.05402508435555535, 0.54661277708494627, 0.16427358849305199, 0.21604445500892824, 0.10554034280623703, 0.063332327209447328, 0.032661060951235207, 0.51731315252278642, 0.36901962518696246, 0.48699054514391688, 0.094517201964129285, 0.041542703934341528, 0.04162278682449546, 0.30668109045563841, 0.34921661892766437, 0.53278601137905113, 0.27516217157046219, 0.24929306094793102, 0.070966176353500054, 0.046349238247555422, 0.060311974872544957, 0.057929723360512608, 0.32093934667279456, 0.10819223731150877, 0.17316278287817086, 0.41333143423096408, 0.27921327084198716, 0.1338993312135264, 0.099661662815453939, 0.13969042260222922, 0.12718341973087566, 0.029640197572357255], 'fneg': array([0, 0, 0, 0, 0, 0, 0, 0, 0, 0, 0, 0, 0, 0, 0, 0, 0, 0, 0, 0, 0, 0, 0,
       0, 0, 0, 0, 0, 0, 0, 0, 0, 0, 0, 0, 0, 0, 0, 0, 0, 0, 0, 0, 0, 0, 0,
       0, 0, 0, 0, 0, 0, 0, 0, 0, 0, 0, 0, 0, 0, 0, 0, 0, 0, 0]), 'sensitivity': array([1, 1, 1, 1, 1, 1, 1, 1, 1, 1, 1, 1, 1, 1, 1, 1, 1, 1, 1, 1, 1, 1, 1,
       1, 1, 1, 1, 1, 1, 1, 1, 1, 1, 1, 1, 1, 1, 1, 1, 1, 1, 1, 1, 1, 1, 1,
       1, 1, 1, 1, 1, 1, 1, 1, 1, 1, 1, 1, 1, 1, 1, 1, 1, 1, 1]), 'tpos': array([3, 3, 3, 3, 3, 3, 3, 3, 3, 3, 3, 3, 3, 3, 3, 3, 3, 3, 3, 3, 3, 3, 3,
       3, 3, 3, 3, 3, 3, 3, 3, 3, 3, 3, 3, 3, 3, 3, 3, 3, 3, 3, 3, 3, 3, 3,
       3, 3, 3, 3, 3, 3, 3, 3, 3, 3, 3, 3, 3, 3, 3, 3, 3, 3, 3])}], <Model object at 0x000000000000108C>)
