# fold = 1
# threshold = 0.202765349535
# requested specificity = 0.854838709677
# actual training-set specificity = 0.868852459016
# tpos = 1
# tneg = 11
# fpos = 2
# fneg = 7
# raw predictions:
[0.178526499203 0.187427002641 0.222437892453 0.296943402734 0.206310657793
 0.150985477205 0.155264739264 0.186745220153 0.164499822314 0.162547957522
 0.174674136579 0.169204980075 0.155095613949 0.165040191978 0.187902490644
 0.163838207068 0.185908092692 0.165635435186 0.16733348444 0.180713613769
 0.151006907466]
# truth:
[2.5375673 2.4350476 1.8920946 3.3837436 2.1580608 1.3579348 1.3031961
 2.3398488 2.4637437 3.3837436 1.6884198 3.3837436 3.3837436 2.2000293
 2.1433271 0.61278386 1.8000294 2.6887757 1.9355073 0.49136169 0.0]
# fold = 2
# threshold = 0.250037345256
# requested specificity = 0.809523809524
# actual training-set specificity = 0.844827586207
# tpos = 2
# tneg = 13
# fpos = 3
# fneg = 2
# raw predictions:
[0.250112626088 0.250513236966 0.250030502293 0.249907350308 0.249917611428
 0.250074983784 0.249921031864 0.249917611428 0.24991077065 0.250047609934
 0.249903929997 0.24993471392 0.249903929997 0.249903929997 0.249903929997
 0.250187922025 0.249903929997 0.249903929997 0.249903929997 0.249914191023]
# truth:
[2.5366847 3.3837436 2.5880475 2.5627685 2.0297895 2.2000293 2.1804126
 1.3384565 1.1643529 1.6042261 1.6009729 2.0318123 1.3483049 1.9020029
 0.30103 1.948413 2.0406023 1.0374265 0.70757018 1.6928469]
