# fold = 1
# threshold = 1.85559340460
# requested specificity = 0.52380952381
# actual training-set specificity = 0.551020408163
# tpos = 0
# tneg = 16
# fpos = 0
# fneg = 5
# raw predictions:
[-54.702444 -64.517374 -392.10767 -217.55173 -53.753813 -50.024292
 -267.96178 -613.9521 -490.2653 -451.24203 -362.72963 -95.140159 -133.90709
 -87.662337 -363.26726 -55.654412 -42.048459 -27.644262 -21.903227
 -118.74314 -65.640101]
# truth:
[2.5366847 2.286681 3.3837436 2.5880475 1.8469553 3.3837436 2.1580608
 2.1664301 1.1643529 1.6532125 3.3837436 1.7024305 1.3031961 2.3398488
 1.4593925 0.61278386 1.6866363 0.30103 1.948413 0.49136169 2.1525941]
# fold = 2
# threshold = 1.83475457408
# requested specificity = 0.475
# actual training-set specificity = 0.489795918367
# tpos = 0
# tneg = 17
# fpos = 0
# fneg = 3
# raw predictions:
[-1.5446187 -10.934922 -10.36921 -3.8358747 -29.547803 -17.414094
 -6.8704889 -1.4515555 -1.0668202 -19.568037 -15.393334 -5.5285764
 -1.0475447 -0.8202347 -2.0895495 0.206809 0.86072459 1.003197 1.1057074
 -0.49746742]
# truth:
[2.5779511 2.4350476 0.30103 1.8920946 2.8121108 1.6042261 2.2796669
 1.6009729 2.0318123 1.8469553 1.6884198 1.9020029 2.3583156 2.2000293
 2.1433271 1.8000294 1.0374265 2.1195858 0.70757018 1.5263393]
# fold = 3
# threshold = 2.16789478999
# requested specificity = 0.842105263158
# actual training-set specificity = 0.857142857143
# tpos = 0
# tneg = 15
# fpos = 0
# fneg = 5
# raw predictions:
[-790.02881 -643.16299 -127.56237 -903.43425 -1639.2606 -1406.215
 -1316.5365 -374.8116 -282.91677 -808.93003 -208.18448 -138.19021 -130.2168
 -185.46903 -84.27514 -82.484683 -61.757394 -42.194918 -152.09672 -130.6853]
# truth:
[3.2980448 1.7767012 2.4834446 2.6134189 2.1804126 1.3384565 0.79934055
 1.5024271 2.4637437 2.0674428 3.3837436 1.9355073 1.4712917 2.3380579
 0.30103 1.5786392 1.9703469 1.1643529 1.5024271 1.6928469]
# fold = 4
# threshold = 2.12493808084
# requested specificity = 0.85
# actual training-set specificity = 0.872340425532
# tpos = 1
# tneg = 15
# fpos = 1
# fneg = 3
# raw predictions:
[1.8218246 1.8631921 1.7176598 1.8728045 1.5569824 1.6305001 2.0610952
 2.036224 1.935397 2.2067141 2.0291072 1.7692205 1.9080722 1.8573388
 1.8701972 1.6957119 1.9511711 1.8613633 2.1456411 1.9050637]
# truth:
[1.5717088 3.3837436 2.2000293 1.8709888 1.687529 1.382017 2.2671717
 1.3961993 2.0338257 2.9914033 3.3837436 1.3483049 1.3710679 3.3837436
 1.39794 2.0406023 1.9355073 1.666518 1.1271048 0.0]
# fold = 5
# threshold = 2.56827434208
# requested specificity = 0.976744186047
# actual training-set specificity = 0.982142857143
# tpos = 0
# tneg = 10
# fpos = 0
# fneg = 9
# raw predictions:
[-97.973292 -329.09806 -314.11239 -225.47381 -189.37751 -139.9843
 -602.26653 -543.81561 -571.69484 -433.05535 -388.97387 -226.48212
 -402.85903 -307.1365 -80.001529 -121.74122 -97.724321 -27.896405
 -20.415977]
# truth:
[2.5375673 1.376577 1.1172713 2.5627685 2.0297895 3.3837436 2.2367891
 1.5263393 2.512551 1.1430148 1.3579348 2.7136585 2.7567882 2.2355284
 2.1027766 2.1598678 2.6190933 2.6887757 2.5161386]
# fold = overall performance
