# fold = 1
# threshold = 0.34785021673
# requested specificity = 0.9
# actual training-set specificity = 0.915254237288
# tpos = 3
# tneg = 13
# fpos = 2
# fneg = 3
# raw predictions:
[0.400111507258 0.232335975557 0.267175029676 0.181888847397 0.24479059457
 0.195526474482 0.149724306955 0.330284425866 0.112645331826 0.184056039233
 0.793275219135 0.120024500249 0.110054242722 0.360034537593 0.21561710162
 0.468600494357 0.194681319462 0.118548649267 0.619538774124 0.116611025201
 0.0310804583753]
# truth:
[3.3837436 3.2980448 2.5627685 2.0297895 1.1643529 0.79934055 1.6532125
 1.8709888 1.5024271 2.4637437 2.7136585 2.2355284 1.9355073 2.1433271
 2.1598678 2.6190933 1.5786392 2.0406023 1.9355073 2.1195858 0.0]
# fold = 2
# threshold = 0.323040545491
# requested specificity = 0.9
# actual training-set specificity = 0.916666666667
# tpos = 2
# tneg = 12
# fpos = 2
# fneg = 4
# raw predictions:
[0.243924995367 0.455656355376 0.133197614967 0.131492083899 0.602903580433
 0.192564390841 0.142316343105 0.168455142427 0.157881598319 0.202748763397
 0.141107636935 0.549974906992 0.577023087891 0.102271050676 0.149246860248
 0.292094774059 0.10306324679 0.199104981713 0.238589522808 0.123980451459]
# truth:
[2.5375673 2.286681 1.5717088 3.3837436 3.3837436 2.8121108 1.3384565
 1.6042261 1.3031961 2.3398488 1.6009729 2.0338257 2.9914033 1.9020029
 2.3583156 2.1027766 1.4712917 1.948413 1.1643529 2.5161386]
# fold = 3
# threshold = 0.481595601031
# requested specificity = 0.952380952381
# actual training-set specificity = 0.965517241379
# tpos = 1
# tneg = 16
# fpos = 0
# fneg = 3
# raw predictions:
[0.278092867653 0.188063559722 0.390727171887 0.219377330576 0.199268960788
 0.17467611003 0.463677900329 0.269913868895 0.406261085549 0.181526664195
 0.186228810367 0.188698752915 0.246931957615 0.747599170285 0.151922394697
 0.173646446498 0.195859583491 0.158487180001 0.174243613129 0.229225725479]
# truth:
[2.5366847 1.7767012 3.3837436 0.30103 1.376577 1.1172713 1.5263393
 2.1804126 2.512551 1.687529 1.1430148 1.382017 2.2796669 2.7567882
 1.3483049 0.61278386 0.30103 0.30103 1.0374265 1.666518]
# fold = 4
# threshold = 0.190029334862
# requested specificity = 0.703125
# actual training-set specificity = 0.716666666667
# tpos = 4
# tneg = 7
# fpos = 7
# fneg = 2
# raw predictions:
[0.23112622179 0.265705087674 0.230130461297 0.205939314231 0.268319308497
 0.229649575988 0.45486469111 0.119931078641 0.201855509706 0.209383064062
 0.197871709461 0.167158859471 0.138956509485 0.15196020669 0.179025258761
 0.189685364074 0.17946041528 0.188943695708 0.217770254199 0.166948819214]
# truth:
[2.4350476 2.5880475 1.8469553 2.4834446 2.2000293 2.1664301 3.3837436
 1.3579348 1.3961993 1.4593925 1.6884198 3.3837436 2.2000293 1.39794
 1.6866363 1.8000294 2.6887757 0.49136169 1.1271048 1.5263393]
# fold = 5
# threshold = 0.559140442318
# requested specificity = 0.96875
# actual training-set specificity = 0.983050847458
# tpos = 1
# tneg = 10
# fpos = 5
# fneg = 3
# raw predictions:
[0.827344538097 0.141132540464 0.645634472947 0.903094379599 0.538286640595
 0.709053610647 0.444299830795 0.0726367977737 0.997947948556
 0.0425871722149 0.223757024278 0.0305730719313 0.191727522873
 0.272740952345 0.0250545061806 0.0111592217612 0.994817912494
 0.0530423163485 0.0873868555891]
# truth:
[2.5779511 1.8920946 2.1580608 2.2367891 2.6134189 2.2671717 1.7024305
 2.0318123 2.0674428 1.8469553 3.3837436 1.3710679 3.3837436 2.3380579
 1.9703469 0.70757018 2.1525941 1.5024271 1.6928469]
# fold = overall performance
