# fold = 1
# threshold = 90.8974451274
# requested specificity = 0.454545454545
# actual training-set specificity = 0.46835443038
# tpos = 3
# tneg = 8
# fpos = 8
# fneg = 2
# raw predictions:
[200.12988 81.029189 88.690463 126.69695 105.33903 103.39788 90.96794
 82.947254 117.50571 87.773067 76.824065 73.612925 118.77425 92.422176
 94.584498 88.204126 74.723001 82.28733 97.303755 91.200199 88.537276]
# truth:
[2.5779511 1.5717088 2.4350476 2.5880475 1.376577 2.1580608 1.3384565
 1.1643529 2.2671717 1.5024271 2.3398488 2.0318123 1.3961993 3.3837436
 2.1433271 2.3380579 2.6190933 1.39794 1.8000294 1.1643529 1.5024271]
# fold = 2
# threshold = 12.1323629568
# requested specificity = 0.86
# actual training-set specificity = 0.870967741935
# tpos = 0
# tneg = 13
# fpos = 1
# fneg = 6
# raw predictions:
[7.4729133 6.1283842 7.5619003 12.044289 4.2526848 10.362301 10.422174
 -2.0296875 6.5369125 8.6298481 5.8333909 3.4158295 1.2972581 -0.4680093
 2.8072325 -5.701716 11.077049 35.481165 6.6363665 -0.70423095]
# truth:
[2.5366847 3.3837436 3.2980448 2.5627685 2.0297895 2.2367891 2.1804126
 1.6532125 1.6042261 2.512551 2.2796669 2.4637437 2.2355284 1.9020029
 2.2000293 1.4712917 1.9703469 1.9355073 2.1195858 0.0]
# fold = 3
# threshold = 4.10899749039
# requested specificity = 0.512195121951
# actual training-set specificity = 0.545454545455
# tpos = 0
# tneg = 10
# fpos = 6
# fneg = 4
# raw predictions:
[6.0011653 -0.80519038 2.1591535 3.9004852 -1.8018974 -2.8450706
 -0.40777442 -4.1752611 -4.1863027 1.0879084 4.4915942 5.0413954
 -0.027732499 -0.56675769 5.2632297 -1.4687586 3.5112544 2.4176445 6.340797
 6.2664936]
# truth:
[2.286681 1.8920946 2.4834446 3.3837436 1.5263393 2.2000293 2.1664301
 1.1430148 1.3579348 1.6009729 2.0674428 1.8469553 1.3710679 3.3837436
 2.3583156 1.9355073 1.6866363 2.6887757 1.1271048 2.1525941]
# fold = 4
# threshold = 140.262867448
# requested specificity = 0.666666666667
# actual training-set specificity = 0.675
# tpos = 2
# tneg = 13
# fpos = 1
# fneg = 4
# raw predictions:
[126.80566 114.31271 111.15372 96.010019 136.84258 115.25908 136.70103
 126.47618 121.78573 268.79896 175.5404 128.98592 115.31968 107.19627
 114.47556 153.65628 112.22446 130.5739 115.05367 106.27606]
# truth:
[0.30103 1.1172713 1.8469553 3.3837436 2.6134189 0.79934055 3.3837436
 1.687529 1.3031961 2.7136585 2.7567882 3.3837436 1.4593925 0.61278386
 0.30103 1.5786392 0.30103 1.948413 1.666518 0.49136169]
# fold = 5
# threshold = 3.25844865760
# requested specificity = 0.518518518519
# actual training-set specificity = 0.5625
# tpos = 2
# tneg = 13
# fpos = 1
# fneg = 3
# raw predictions:
[-0.47145918 1.2774414 -1.1605182 -2.1573083 0.56701776 -1.9236638
 1.5708167 0.34570203 4.3432821 3.1943426 -0.97759728 1.9137108 0.92019226
 -1.6849855 -0.84153636 4.5917318 -1.6632137 3.6786331 1.3460284]
# truth:
[2.5375673 1.7767012 3.3837436 2.8121108 1.8709888 1.382017 1.7024305
 2.0338257 2.9914033 1.6884198 1.3483049 2.1027766 2.1598678 2.0406023
 1.0374265 2.5161386 0.70757018 1.6928469 1.5263393]
# fold = overall performance
# Area under ROC curve = 0.641372141372
# tpos = 7
# tneg = 57
# fpos = 17
# fneg = 19
