#lasso
([{'specificity': array([0.51351351, 0.59459459, 0.56756757, 0.64864865, 0.78378378,
       0.62162162, 0.40540541, 0.43243243, 1.0, 0.27027027, 0.2972973,
       0.13513514, 0.45945946, 0.54054054, 0.67567568, 0.75675676,
       0.72972973, 0.94594595, 0.10810811, 0.32432432, 0.35135135,
       0.18918919, 0.24324324, 0.027027027, 0.89189189, 0.16216216,
       0.21621622, 0.81081081, 0.83783784, 0.054054054, 0.37837838,
       0.081081081, 0.97297297, 0.7027027, 0.86486486, 0.91891892,
       0.48648649]), 'tneg': array([ 3,  5,  5,  5,  8,  5,  3,  3, 11,  3,  3,  2,  3,  4,  7,  8,  7,
       10,  0,  3,  3,  3,  3,  0,  9,  2,  3,  9,  9,  0,  3,  0, 10,  7,
        9, 10,  3]), 'fpos': array([11,  9,  9,  9,  6,  9, 11, 11,  3, 11, 11, 12, 11, 10,  7,  6,  7,
        4, 14, 11, 11, 11, 11, 14,  5, 12, 11,  5,  5, 14, 11, 14,  4,  7,
        5,  4, 11]), 'threshold': [1.857124717604079, 1.8810501156155979, 1.8775920725455688, 1.9018555376038986, 1.9736349213763931, 1.8877731638219359, 1.8312320286740491, 1.8394308901455432, 2.1544638475065558, 1.7888931870478848, 1.7914078986969175, 1.7711994320163047, 1.845420591994823, 1.8719583734748266, 1.9228652861987319, 1.9616256319458016, 1.9381039414926109, 2.0935072870002984, 1.74358240358939, 1.7917114949280713, 1.8050026137372548, 1.7756172750244985, 1.7860555903077209, 1.6425927903909408, 2.0439943526967097, 1.7719670544778714, 1.7846952949012889, 2.0021963626310022, 2.0058274931738058, 1.6587247081127798, 1.8080680278531986, 1.7046880559452891, 2.1050949317711689, 1.9268694681174325, 2.0389773096059152, 2.082778659977893, 1.8509886704298841], 'fneg': array([1, 1, 1, 1, 2, 1, 1, 1, 2, 0, 0, 0, 1, 1, 1, 2, 2, 2, 0, 0, 0, 0, 0,
       0, 2, 0, 0, 2, 2, 0, 1, 0, 2, 1, 2, 2, 1]), 'sensitivity': array([0.88, 0.8, 0.84, 0.76, 0.64, 0.76, 0.88, 0.88, 0.36, 1.0, 1.0, 1.0,
       0.88, 0.88, 0.68, 0.64, 0.64, 0.4, 1.0, 1.0, 0.96, 1.0, 1.0, 1.0,
       0.4, 1.0, 1.0, 0.56, 0.56, 1.0, 0.96, 1.0, 0.4, 0.64, 0.44, 0.4,
       0.88]), 'tpos': array([2, 2, 2, 2, 1, 2, 2, 2, 1, 3, 3, 3, 2, 2, 2, 1, 1, 1, 3, 3, 3, 3, 3,
       3, 1, 3, 3, 1, 1, 3, 2, 3, 1, 2, 1, 1, 2])}, {'specificity': array([0.64102564, 0.53846154, 0.076923077, 0.74358974, 0.30769231,
       0.82051282, 0.87179487, 0.97435897, 0.94871795, 0.51282051,
       0.48717949, 0.92307692, 0.76923077, 0.25641026, 0.17948718,
       0.41025641, 0.35897436, 0.69230769, 0.43589744, 1.0, 0.33333333,
       0.15384615, 0.28205128, 0.12820513, 0.051282051, 0.20512821,
       0.79487179, 0.58974359, 0.56410256, 0.025641026, 0.23076923,
       0.84615385, 0.8974359, 0.38461538, 0.66666667, 0.46153846,
       0.61538462, 0.71794872, 0.1025641]), 'tneg': array([ 6,  6,  3,  8,  4,  9,  9,  9,  9,  6,  6,  9,  8,  4,  3,  6,  5,
        8,  6, 11,  5,  3,  4,  3,  2,  3,  8,  6,  6,  2,  3,  9,  9,  5,
        8,  6,  6,  8,  3]), 'fpos': array([5, 5, 8, 3, 7, 2, 2, 2, 2, 5, 5, 2, 3, 7, 8, 5, 6, 3, 5, 0, 6, 8, 7,
       8, 9, 8, 3, 5, 5, 9, 8, 2, 2, 6, 3, 5, 5, 3, 8]), 'threshold': [1.8097595597488532, 1.7805796139374572, 1.6152733522765463, 1.8341756375607745, 1.7138720164007708, 1.8859074257614799, 1.9835884565806792, 2.2465562340052467, 2.1941660689155436, 1.7766932777876108, 1.77506269676746, 2.0270345957735945, 1.8491350249349765, 1.6797772150143544, 1.6506345452825306, 1.7575247686760338, 1.7308003002576453, 1.8294485258624813, 1.7584778653816888, 2.5866916396313977, 1.7296801146126535, 1.6467545799384644, 1.6809386892144422, 1.6351876054339494, 1.604056597798857, 1.6625128085539482, 1.8609314717805807, 1.7896213028970893, 1.7881337281705789, 1.5627207333502211, 1.6638898581992656, 1.9277423625798491, 2.0117426235815987, 1.7455250520489176, 1.8267305350756613, 1.7692524662945011, 1.7974881896704369, 1.8296341986694207, 1.61576870458959], 'fneg': array([2, 0, 0, 2, 0, 3, 3, 4, 4, 0, 0, 3, 2, 0, 0, 0, 0, 2, 0, 4, 0, 0, 0,
       0, 0, 0, 3, 0, 0, 0, 0, 3, 3, 0, 2, 0, 0, 2, 0]), 'sensitivity': array([0.75, 0.79166667, 1.0, 0.75, 0.91666667, 0.66666667, 0.54166667,
       0.25, 0.29166667, 0.79166667, 0.79166667, 0.41666667, 0.75, 1.0,
       1.0, 0.83333333, 0.875, 0.75, 0.79166667, 0.16666667, 0.875, 1.0,
       1.0, 1.0, 1.0, 1.0, 0.75, 0.75, 0.75, 1.0, 1.0, 0.66666667,
       0.45833333, 0.83333333, 0.75, 0.79166667, 0.75, 0.75, 1.0]), 'tpos': array([3, 5, 5, 3, 5, 2, 2, 1, 1, 5, 5, 2, 3, 5, 5, 5, 5, 3, 5, 1, 5, 5, 5,
       5, 5, 5, 2, 5, 5, 5, 5, 2, 2, 5, 3, 5, 5, 3, 5])}, {'specificity': array([0.275, 0.425, 0.15, 0.85, 0.35, 0.9, 0.325, 0.925, 0.55, 0.65, 0.7,
       0.575, 0.525, 0.45, 0.975, 1.0, 0.625, 0.075, 0.075, 0.4, 0.875,
       0.725, 0.2, 0.775, 0.95, 0.5, 0.675, 0.475, 0.375, 0.8, 0.75, 0.6,
       0.175, 0.225, 0.125, 0.825, 0.3, 0.25, 0.1, 0.075]), 'tneg': array([ 7,  8,  6, 11,  8, 11,  7, 11, 10, 10, 10, 10,  8,  8, 11, 11, 10,
        6,  6,  8, 11, 10,  6, 11, 11,  8, 10,  8,  8, 11, 11, 10,  6,  6,
        6, 11,  7,  6,  6,  6]), 'fpos': array([4, 3, 5, 0, 3, 0, 4, 0, 1, 1, 1, 1, 3, 3, 0, 0, 1, 5, 5, 3, 0, 1, 5,
       0, 0, 3, 1, 3, 3, 0, 0, 1, 5, 5, 5, 0, 4, 5, 5, 5]), 'threshold': [1.8808977257403023, 1.8813967361316972, 1.8806388302199018, 1.8848242793441841, 1.8812210623639798, 1.887345496160445, 1.8810356034510887, 1.8873853623571402, 1.8820060294842387, 1.8824735289337595, 1.882852780672716, 1.8821985951655984, 1.8816746257179751, 1.8814203720058085, 1.8907514629677613, 1.8912228252553989, 1.8823347868862677, 1.8806319582095505, 1.8806319582095505, 1.8813884982559346, 1.8863134461214295, 1.8832374638608476, 1.8807077530690595, 1.8842224022139935, 1.8875365359140406, 1.8816351330001033, 1.8825873439374936, 1.8816078370335225, 1.8812898998465495, 1.8845023726108592, 1.8835381249845311, 1.8822483638865262, 1.8806682390095408, 1.8807142501493552, 1.8806342664687417, 1.8845048176806789, 1.8809645076274404, 1.8807474632689856, 1.8806326464776679, 1.8806319582095505], 'fneg': array([4, 4, 4, 4, 4, 4, 4, 4, 4, 4, 4, 4, 4, 4, 4, 4, 4, 4, 4, 4, 4, 4, 4,
       4, 4, 4, 4, 4, 4, 4, 4, 4, 4, 4, 4, 4, 4, 4, 4, 4]), 'sensitivity': array([0.79166667, 0.75, 0.95833333, 0.45833333, 0.75, 0.375, 0.75, 0.375,
       0.70833333, 0.70833333, 0.70833333, 0.70833333, 0.70833333,
       0.70833333, 0.16666667, 0.0, 0.70833333, 0.95833333, 0.95833333,
       0.75, 0.375, 0.58333333, 0.91666667, 0.5, 0.375, 0.70833333,
       0.70833333, 0.70833333, 0.75, 0.5, 0.54166667, 0.70833333,
       0.91666667, 0.91666667, 0.95833333, 0.5, 0.75, 0.91666667,
       0.95833333, 0.95833333]), 'tpos': array([0, 0, 0, 0, 0, 0, 0, 0, 0, 0, 0, 0, 0, 0, 0, 0, 0, 0, 0, 0, 0, 0, 0,
       0, 0, 0, 0, 0, 0, 0, 0, 0, 0, 0, 0, 0, 0, 0, 0, 0])}, {'specificity': array([0.63636364, 0.5, 0.15909091, 0.52272727, 0.34090909, 0.38636364,
       0.88636364, 0.90909091, 0.84090909, 0.65909091, 0.43181818,
       0.61363636, 0.70454545, 0.72727273, 0.45454545, 0.11363636,
       0.54545455, 0.86363636, 0.68181818, 0.47727273, 0.29545455,
       0.81818182, 1.0, 0.95454545, 0.18181818, 0.31818182, 0.27272727,
       0.93181818, 0.22727273, 0.75, 0.045454545, 0.40909091, 0.068181818,
       0.20454545, 0.79545455, 0.13636364, 0.77272727, 0.090909091,
       0.36363636, 0.97727273, 0.25, 0.56818182, 0.59090909, 0.022727273]), 'tneg': array([0, 0, 0, 0, 0, 0, 0, 0, 0, 0, 0, 0, 0, 0, 0, 0, 0, 0, 0, 0, 0, 0, 1,
       0, 0, 0, 0, 0, 0, 0, 0, 0, 0, 0, 0, 0, 0, 0, 0, 0, 0, 0, 0, 0]), 'fpos': array([11, 11, 11, 11, 11, 11, 11, 11, 11, 11, 11, 11, 11, 11, 11, 11, 11,
       11, 11, 11, 11, 11, 10, 11, 11, 11, 11, 11, 11, 11, 11, 11, 11, 11,
       11, 11, 11, 11, 11, 11, 11, 11, 11, 11]), 'threshold': [1.6539758299891334, 1.5477524284241395, 1.2332229264088959, 1.5612154989609799, 1.4636379241015629, 1.4685808177251269, 2.3030011863374238, 2.3496419540340159, 2.1743386978205135, 1.6856398782332032, 1.4967477007706722, 1.578621015537315, 1.7166668927342228, 1.7595404413423033, 1.5115751780376483, 1.020937811996308, 1.5674267982966565, 2.2120121742386618, 1.6954163499284816, 1.5288348270598831, 1.3596619831675649, 2.1053492205553304, 3.327181874336298, 2.5471356649468593, 1.2443762780372458, 1.4498832154110781, 1.334589376160402, 2.3892969381292581, 1.30029715059713, 1.7834895078591873, 0.93478095570131914, 1.4924000782239246, 0.95863273261766, 1.2705538723869976, 2.0658179374779131, 1.0586696591905787, 2.0085691266592485, 0.99348790183780011, 1.4666721818244892, 2.7761365322382643, 1.3228488477102833, 1.5696277200934643, 1.5771578149684582, 0.45335865874629278], 'fneg': array([0, 0, 0, 0, 0, 0, 0, 0, 0, 0, 0, 0, 0, 0, 0, 0, 0, 0, 0, 0, 0, 0, 1,
       0, 0, 0, 0, 0, 0, 0, 0, 0, 0, 0, 0, 0, 0, 0, 0, 0, 0, 0, 0, 0]), 'sensitivity': array([0.89473684, 1.0, 1.0, 0.94736842, 1.0, 1.0, 0.42105263, 0.36842105,
       0.63157895, 0.89473684, 1.0, 0.94736842, 0.89473684, 0.78947368,
       1.0, 1.0, 0.94736842, 0.57894737, 0.89473684, 1.0, 1.0, 0.63157895,
       0.052631579, 0.15789474, 1.0, 1.0, 1.0, 0.31578947, 1.0, 0.78947368,
       1.0, 1.0, 1.0, 1.0, 0.63157895, 1.0, 0.73684211, 1.0, 1.0,
       0.052631579, 1.0, 0.94736842, 0.94736842, 1.0]), 'tpos': array([5, 5, 5, 5, 5, 5, 5, 5, 5, 5, 5, 5, 5, 5, 5, 5, 5, 5, 5, 5, 5, 5, 4,
       5, 5, 5, 5, 5, 5, 5, 5, 5, 5, 5, 5, 5, 5, 5, 5, 5, 5, 5, 5, 5])}, {'specificity': array([0.48717949, 0.41025641, 0.35897436, 0.25641026, 0.8974359,
       0.87179487, 0.92307692, 0.79487179, 0.76923077, 0.64102564,
       0.58974359, 0.30769231, 0.56410256, 0.82051282, 0.74358974,
       0.53846154, 0.94871795, 1.0, 0.25641026, 0.25641026, 0.25641026,
       0.51282051, 0.38461538, 0.25641026, 0.46153846, 0.71794872,
       0.28205128, 0.84615385, 0.25641026, 0.33333333, 0.69230769,
       0.61538462, 0.66666667, 0.25641026, 1.0, 0.25641026, 0.43589744,
       0.25641026, 0.25641026]), 'tneg': array([ 5,  2,  2,  2, 12, 11, 12,  9,  9,  7,  7,  2,  7,  9,  9,  5, 12,
       12,  2,  2,  2,  5,  2,  2,  5,  8,  2, 10,  2,  2,  7,  7,  7,  2,
       12,  2,  4,  2,  2]), 'fpos': array([ 7, 10, 10, 10,  0,  1,  0,  3,  3,  5,  5, 10,  5,  3,  3,  7,  0,
        0, 10, 10, 10,  7, 10, 10,  7,  4, 10,  2, 10, 10,  5,  5,  5, 10,
        0, 10,  8, 10, 10]), 'threshold': [1.8796145193893497, 1.8788229597758617, 1.8788026561448781, 1.8787442832058001, 1.9873154119370367, 1.9770278159130046, 1.9984566064470066, 1.9214517020029875, 1.9207708253778482, 1.8866876558358441, 1.8826862895602521, 1.8787850314652048, 1.8826537191522159, 1.9386181400047953, 1.9144874155781555, 1.8826140988723104, 2.0175501974230134, 2.0197417205923118, 1.8787442832058001, 1.8787442832058001, 1.8787442832058001, 1.8811408166490586, 1.878817601873241, 1.8787442832058001, 1.8795149751985547, 1.906826178820322, 1.8787819295215822, 1.9651266452155214, 1.8787442832058001, 1.8787855954549544, 1.8997399296121507, 1.8844968376537323, 1.8902147102570035, 1.8787442832058001, 2.0197417205923118, 1.8787442832058001, 1.8789061902811561, 1.8787442832058001, 1.8787442832058001], 'fneg': array([0, 0, 0, 0, 2, 2, 3, 1, 1, 0, 0, 0, 0, 1, 0, 0, 3, 3, 0, 0, 0, 0, 0,
       0, 0, 0, 0, 2, 0, 0, 0, 0, 0, 0, 3, 0, 0, 0, 0]), 'sensitivity': array([0.8, 0.8, 0.8, 0.84, 0.4, 0.4, 0.36, 0.6, 0.6, 0.76, 0.8, 0.8, 0.8,
       0.48, 0.6, 0.8, 0.24, 0.0, 0.84, 0.84, 0.84, 0.8, 0.8, 0.84, 0.8,
       0.6, 0.84, 0.44, 0.84, 0.8, 0.6, 0.8, 0.72, 0.84, 0.0, 0.84, 0.8,
       0.84, 0.84]), 'tpos': array([3, 3, 3, 3, 1, 1, 0, 2, 2, 3, 3, 3, 3, 2, 3, 3, 0, 0, 3, 3, 3, 3, 3,
       3, 3, 3, 3, 1, 3, 3, 3, 3, 3, 3, 0, 3, 3, 3, 3])}], <Model object at 0x00000000000003DC>)
