#adalasso
([{'specificity': array([0.80645161, 0.96774194, 0.91935484, 0.93548387, 0.87096774,
       0.27419355, 0.79032258, 0.5, 0.064516129, 0.83870968, 0.75806452,
       0.37096774, 0.77419355, 0.88709677, 0.38709677, 0.67741935,
       0.43548387, 0.25806452, 0.40322581, 0.24193548, 0.61290323,
       0.14516129, 0.74193548, 0.20967742, 0.48387097, 0.56451613,
       0.46774194, 1.0, 0.98387097, 0.9516129, 0.048387097, 0.62903226,
       0.11290323, 0.29032258, 0.12903226, 0.032258065, 0.72580645,
       0.58064516, 0.30645161, 0.85483871, 0.32258065, 0.016129032,
       0.59677419, 0.41935484, 0.82258065, 0.90322581, 0.53225806,
       0.64516129, 0.33870968, 0.66129032, 0.4516129, 0.51612903,
       0.70967742, 0.69354839, 0.19354839, 0.16129032, 0.17741935,
       0.080645161, 0.5483871, 0.22580645, 0.35483871, 0.096774194]), 'tneg': array([ 9, 10, 10, 10, 10,  0,  9,  5,  0,  9,  9,  2,  9, 10,  2,  7,  2,
        0,  2,  0,  7,  0,  8,  0,  4,  5,  3, 11, 10, 10,  0,  7,  0,  1,
        0,  0,  7,  5,  1,  9,  1,  0,  6,  2,  9, 10,  5,  7,  2,  7,  3,
        5,  7,  7,  0,  0,  0,  0,  5,  0,  2,  0]), 'fpos': array([ 2,  1,  1,  1,  1, 11,  2,  6, 11,  2,  2,  9,  2,  1,  9,  4,  9,
       11,  9, 11,  4, 11,  3, 11,  7,  6,  8,  0,  1,  1, 11,  4, 11, 10,
       11, 11,  4,  6, 10,  2, 10, 11,  5,  9,  2,  1,  6,  4,  9,  4,  8,
        6,  4,  4, 11, 11, 11, 11,  6, 11,  9, 11]), 'threshold': [0.26220570446041436, 0.52752045664200886, 0.44086822101773071, 0.49937490830823111, 0.31377109149028137, 0.10431451276373437, 0.24712767202504252, 0.11954516504755228, 0.09247184127518554, 0.27876562833643637, 0.23124798986109044, 0.10881325494390712, 0.23898807775976791, 0.34751655034230761, 0.10895655440289556, 0.16045771605639511, 0.11325186868603342, 0.10421192478247303, 0.10941146646933021, 0.1027734499323153, 0.13620363051903348, 0.096227531170381991, 0.21384855043457796, 0.10166661015823031, 0.11949531792753054, 0.12472116273992277, 0.11709600235762789, 0.60720098897338459, 0.52883785425489749, 0.50562493504507455, 0.09074695686669515, 0.14066646877574482, 0.093106338821785983, 0.10458051128202439, 0.095650941132211717, 0.085875342620476539, 0.17772432284768089, 0.12472463422278171, 0.10513676674287319, 0.3041978376911727, 0.10576043149972972, 0.085418214121308497, 0.1349233586524595, 0.11122800163786831, 0.26475303832822406, 0.40631147417821117, 0.12218482726343, 0.14923246572559132, 0.10647646628715084, 0.15936363122270644, 0.11659792117518596, 0.12026690328171366, 0.16979377013357169, 0.1638899356417427, 0.10118639683080954, 0.097608811233889828, 0.097842846747441481, 0.092673797917678852, 0.12297769368685271, 0.10242914259641213, 0.10736172763958565, 0.093026813499574271], 'fneg': array([3, 6, 5, 6, 3, 0, 2, 0, 0, 3, 2, 0, 2, 4, 0, 1, 0, 0, 0, 0, 1, 0, 2,
       0, 0, 0, 0, 6, 6, 6, 0, 1, 0, 0, 0, 0, 1, 0, 0, 3, 0, 0, 0, 0, 3, 5,
       0, 1, 0, 1, 0, 0, 1, 1, 0, 0, 0, 0, 0, 0, 0, 0]), 'sensitivity': array([1, 1, 1, 1, 1, 1, 1, 1, 1, 1, 1, 1, 1, 1, 1, 1, 1, 1, 1, 1, 1, 1, 1,
       1, 1, 1, 1, 1, 1, 1, 1, 1, 1, 1, 1, 1, 1, 1, 1, 1, 1, 1, 1, 1, 1, 1,
       1, 1, 1, 1, 1, 1, 1, 1, 1, 1, 1, 1, 1, 1, 1, 1]), 'tpos': array([3, 0, 1, 0, 3, 6, 4, 6, 6, 3, 4, 6, 4, 2, 6, 5, 6, 6, 6, 6, 5, 6, 4,
       6, 6, 6, 6, 0, 0, 0, 6, 5, 6, 6, 6, 6, 5, 6, 6, 3, 6, 6, 6, 6, 3, 1,
       6, 5, 6, 5, 6, 6, 5, 5, 6, 6, 6, 6, 6, 6, 6, 6])}, {'specificity': array([0.77777778, 0.9047619, 0.95238095, 0.96825397, 0.79365079,
       0.34920635, 0.49206349, 0.82539683, 0.095238095, 0.87301587,
       0.88888889, 0.3015873, 0.68253968, 0.3968254, 0.50793651,
       0.47619048, 0.33333333, 0.46031746, 0.80952381, 0.25396825,
       0.58730159, 0.15873016, 0.44444444, 0.6984127, 0.19047619,
       0.57142857, 0.73015873, 0.61904762, 0.52380952, 0.14285714,
       0.92063492, 0.98412698, 1.0, 0.14285714, 0.76190476, 0.65079365,
       0.6031746, 0.095238095, 0.095238095, 0.095238095, 0.71428571,
       0.55555556, 0.38095238, 0.84126984, 0.36507937, 0.20634921,
       0.53968254, 0.31746032, 0.85714286, 0.74603175, 0.23809524,
       0.28571429, 0.41269841, 0.63492063, 0.66666667, 0.22222222,
       0.11111111, 0.17460317, 0.26984127, 0.93650794, 0.42857143,
       0.095238095, 0.095238095]), 'tneg': array([10, 12, 12, 12, 10,  3,  4, 10,  0, 12, 12,  3,  7,  3,  4,  4,  3,
        4, 10,  3,  5,  1,  4,  7,  3,  5,  8,  6,  4,  1, 12, 12, 12,  1,
        9,  6,  6,  0,  0,  0,  7,  4,  3, 10,  3,  3,  4,  3, 12,  9,  3,
        3,  3,  6,  7,  3,  0,  2,  3, 12,  3,  0,  0]), 'fpos': array([ 2,  0,  0,  0,  2,  9,  8,  2, 12,  0,  0,  9,  5,  9,  8,  8,  9,
        8,  2,  9,  7, 11,  8,  5,  9,  7,  4,  6,  8, 11,  0,  0,  0, 11,
        3,  6,  6, 12, 12, 12,  5,  8,  9,  2,  9,  9,  8,  9,  0,  3,  9,
        9,  9,  6,  5,  9, 12, 10,  9,  0,  9, 12, 12]), 'threshold': [0.29474088079303512, 0.39676698296905955, 0.45868892038209402, 0.46001760277799891, 0.29814279219616013, 0.15351561945786849, 0.16370310841650174, 0.33280780689489936, 0.14469412034093718, 0.35529696834762819, 0.38887689753058191, 0.15233166234527165, 0.21909066019998952, 0.1548914334290154, 0.16424979264165621, 0.16191980499644504, 0.15335379335345487, 0.1613738743613955, 0.31524916242092732, 0.14959894571014246, 0.18382048240793097, 0.14604769762615444, 0.16123113042046997, 0.22895317862287992, 0.14778816056056957, 0.18333459726833937, 0.2528336823857017, 0.19660589193524428, 0.17313221461278705, 0.14566819569094061, 0.41867492817402552, 0.4619148639704847, 0.47292565392128477, 0.14566819569094061, 0.2861462499185945, 0.20316382252467288, 0.18625065205480024, 0.14469412034093718, 0.14469412034093718, 0.14469412034093718, 0.23215722479245432, 0.17669251047752108, 0.15444138391684339, 0.33992926807559748, 0.15359357554103353, 0.14833912338518171, 0.17659596061243008, 0.15274706046363021, 0.35060101483824857, 0.27216879704831037, 0.14918248980618307, 0.15073422255660418, 0.15586038753730352, 0.20129404144630808, 0.2060672116829454, 0.14855405751841302, 0.14472449649580829, 0.14644003398358871, 0.1499252955940972, 0.45531907241084324, 0.15847706973514625, 0.14469412034093718, 0.14469412034093718], 'fneg': array([2, 2, 2, 2, 2, 1, 1, 2, 0, 2, 2, 1, 1, 1, 1, 1, 1, 1, 2, 1, 1, 1, 1,
       1, 1, 1, 1, 1, 1, 1, 2, 4, 4, 1, 1, 1, 1, 0, 0, 0, 1, 1, 1, 2, 1, 1,
       1, 1, 2, 1, 1, 1, 1, 1, 1, 1, 0, 1, 1, 2, 1, 0, 0]), 'sensitivity': array([1, 1, 1, 1, 1, 1, 1, 1, 1, 1, 1, 1, 1, 1, 1, 1, 1, 1, 1, 1, 1, 1, 1,
       1, 1, 1, 1, 1, 1, 1, 1, 1, 1, 1, 1, 1, 1, 1, 1, 1, 1, 1, 1, 1, 1, 1,
       1, 1, 1, 1, 1, 1, 1, 1, 1, 1, 1, 1, 1, 1, 1, 1, 1]), 'tpos': array([2, 2, 2, 2, 2, 3, 3, 2, 4, 2, 2, 3, 3, 3, 3, 3, 3, 3, 2, 3, 3, 3, 3,
       3, 3, 3, 3, 3, 3, 3, 2, 0, 0, 3, 3, 3, 3, 4, 4, 4, 3, 3, 3, 2, 3, 3,
       3, 3, 2, 3, 3, 3, 3, 3, 3, 3, 4, 3, 3, 2, 3, 4, 4])}, {'specificity': array([0.875, 0.90625, 0.765625, 0.734375, 0.1875, 0.8125, 0.328125,
       0.78125, 0.859375, 0.65625, 0.34375, 0.890625, 0.6875, 0.828125,
       0.125, 0.296875, 0.484375, 0.3125, 0.09375, 0.421875, 0.75,
       0.078125, 0.03125, 0.46875, 0.640625, 0.265625, 0.703125, 0.515625,
       0.046875, 0.921875, 0.96875, 0.984375, 1.0, 0.25, 0.71875, 0.453125,
       0.0625, 0.109375, 0.015625, 0.625, 0.5625, 0.796875, 0.4375,
       0.140625, 0.5, 0.84375, 0.9375, 0.40625, 0.609375, 0.671875,
       0.390625, 0.59375, 0.28125, 0.15625, 0.578125, 0.53125, 0.21875,
       0.375, 0.234375, 0.171875, 0.546875, 0.953125, 0.359375, 0.203125]), 'tneg': array([12, 12, 12, 12,  5, 12,  7, 12, 12, 12,  7, 12, 12, 12,  3,  7,  9,
        7,  1,  7, 12,  0,  0,  8, 12,  6, 12,  9,  0, 12, 12, 12, 13,  6,
       12,  8,  0,  2,  0, 12, 11, 12,  7,  5,  9, 12, 12,  7, 12, 12,  7,
       12,  6,  5, 11,  9,  6,  7,  6,  5, 11, 12,  7,  6]), 'fpos': array([ 1,  1,  1,  1,  8,  1,  6,  1,  1,  1,  6,  1,  1,  1, 10,  6,  4,
        6, 12,  6,  1, 13, 13,  5,  1,  7,  1,  4, 13,  1,  1,  1,  0,  7,
        1,  5, 13, 11, 13,  1,  2,  1,  6,  8,  4,  1,  1,  6,  1,  1,  6,
        1,  7,  8,  2,  4,  7,  6,  7,  8,  2,  1,  6,  7]), 'threshold': [0.43429656856408011, 0.48695733842409872, 0.35485898503922148, 0.3455796199016215, 0.14418559967052586, 0.37023243979169124, 0.15968714881733004, 0.36312737714439369, 0.40031485141099538, 0.29133129622584847, 0.15993262631980029, 0.46595099952300773, 0.31159373827781961, 0.37299063536474653, 0.14036771633326481, 0.15707826368877029, 0.17812790653006091, 0.15736123940240462, 0.13161272810625907, 0.16717212362683676, 0.34844944169145758, 0.12931991629393899, 0.12653642329290823, 0.17325400531559429, 0.27110785725633302, 0.15371245486525462, 0.31331784604218749, 0.19145283964630044, 0.12733127900924776, 0.48845621538724604, 0.52961255419911091, 0.53261606946534013, 0.53818631648267845, 0.15314510201389345, 0.31559622963790179, 0.17123948934897709, 0.12742211686200916, 0.13714921112304837, 0.12335246166624107, 0.26614792872823789, 0.20704508919990855, 0.36828784907372314, 0.16806105472878488, 0.1421792735428998, 0.18324390603653037, 0.39122614312354526, 0.49548019217008349, 0.16701948121323607, 0.22427573281617538, 0.30701512267642472, 0.16230334103542971, 0.2079461658854069, 0.15459986204142601, 0.14219424954380092, 0.20726233046437068, 0.19512321003261257, 0.14753977292608278, 0.16145467212126485, 0.14787769963525987, 0.14410738326418773, 0.20566379663081794, 0.51180011050568286, 0.16097129500021962, 0.1462587230554839], 'fneg': array([2, 2, 2, 2, 0, 2, 0, 2, 2, 1, 0, 2, 1, 2, 0, 0, 0, 0, 0, 0, 2, 0, 0,
       0, 1, 0, 1, 0, 0, 2, 2, 2, 2, 0, 1, 0, 0, 0, 0, 1, 0, 2, 0, 0, 0, 2,
       2, 0, 1, 1, 0, 0, 0, 0, 0, 0, 0, 0, 0, 0, 0, 2, 0, 0]), 'sensitivity': array([1, 1, 1, 1, 1, 1, 1, 1, 1, 1, 1, 1, 1, 1, 1, 1, 1, 1, 1, 1, 1, 1, 1,
       1, 1, 1, 1, 1, 1, 1, 1, 1, 1, 1, 1, 1, 1, 1, 1, 1, 1, 1, 1, 1, 1, 1,
       1, 1, 1, 1, 1, 1, 1, 1, 1, 1, 1, 1, 1, 1, 1, 1, 1, 1]), 'tpos': array([0, 0, 0, 0, 2, 0, 2, 0, 0, 1, 2, 0, 1, 0, 2, 2, 2, 2, 2, 2, 0, 2, 2,
       2, 1, 2, 1, 2, 2, 0, 0, 0, 0, 2, 1, 2, 2, 2, 2, 1, 2, 0, 2, 2, 2, 0,
       0, 2, 1, 1, 2, 2, 2, 2, 2, 2, 2, 2, 2, 2, 2, 0, 2, 2])}, {'specificity': array([0.84126984, 0.85714286, 0.82539683, 0.96825397, 0.93650794,
       0.23809524, 0.77777778, 0.76190476, 0.15873016, 0.71428571,
       0.73015873, 0.66666667, 0.33333333, 0.98412698, 0.74603175,
       0.80952381, 0.68253968, 0.46031746, 0.22222222, 0.57142857,
       0.87301587, 0.31746032, 0.34920635, 0.65079365, 0.3015873,
       0.26984127, 0.3968254, 0.50793651, 0.42857143, 0.55555556,
       0.36507937, 0.92063492, 0.95238095, 1.0, 0.41269841, 0.79365079,
       0.49206349, 0.44444444, 0.095238095, 0.063492063, 0.047619048,
       0.19047619, 0.58730159, 0.015873016, 0.11111111, 0.9047619,
       0.12698413, 0.20634921, 0.61904762, 0.25396825, 0.47619048,
       0.17460317, 0.6984127, 0.53968254, 0.28571429, 0.63492063,
       0.6031746, 0.52380952, 0.38095238, 0.88888889, 0.14285714,
       0.079365079, 0.031746032]), 'tneg': array([12, 12, 12, 12, 12,  5, 12, 11,  3, 11, 11, 11,  6, 12, 11, 12, 11,
        9,  5, 10, 12,  6,  6, 11,  6,  6,  8,  9,  8,  9,  6, 12, 12, 12,
        8, 12,  9,  8,  1,  1,  1,  4, 11,  1,  3, 12,  3,  4, 11,  5,  9,
        3, 11,  9,  6, 11, 11,  9,  7, 12,  3,  1,  1]), 'fpos': array([ 1,  1,  1,  1,  1,  8,  1,  2, 10,  2,  2,  2,  7,  1,  2,  1,  2,
        4,  8,  3,  1,  7,  7,  2,  7,  7,  5,  4,  5,  4,  7,  1,  1,  1,
        5,  1,  4,  5, 12, 12, 12,  9,  2, 12, 10,  1, 10,  9,  2,  8,  4,
       10,  2,  4,  7,  2,  2,  4,  6,  1, 10, 12, 12]), 'threshold': [0.42637561032208043, 0.4325268462707183, 0.4046071603783602, 0.85660705918482916, 0.6521740106403745, 0.085456887460048134, 0.34790909696190908, 0.34257222959031169, 0.071974203291425204, 0.25011777015082942, 0.31449096262706983, 0.20208093248275047, 0.095738451108043285, 0.85870716029862948, 0.33318494780867519, 0.39751820584289471, 0.21928198709564306, 0.11888269206291044, 0.084968901794959334, 0.16274838515232479, 0.48183636052282697, 0.095485054642092435, 0.095782228263000826, 0.19739259564450951, 0.09180933356645947, 0.091165871207009627, 0.11083606376850422, 0.12772905703407536, 0.11560995038473931, 0.13690270924806261, 0.10412546971219457, 0.61331028514043173, 0.73830891569572032, 0.90439207227286178, 0.11531348385509606, 0.39712469110528559, 0.12658935802844068, 0.11803169278226815, 0.060856168945532786, 0.058442587059607948, 0.054649055490169254, 0.076819368680059522, 0.1784455482204928, 0.051128841054262207, 0.069953778707432204, 0.50113244597321904, 0.070592996221869639, 0.08188692519130171, 0.17884114637715839, 0.08847369065822995, 0.12655465866522003, 0.075766077426733636, 0.24204223514816958, 0.13541660717460771, 0.091572058375908261, 0.19076218188561492, 0.1785873204274066, 0.12873093618165235, 0.10457276794488381, 0.49438544374735605, 0.071622383434138764, 0.06000709764742021, 0.052476699465679122], 'fneg': array([3, 3, 3, 3, 3, 1, 3, 3, 1, 3, 3, 3, 1, 3, 3, 3, 3, 1, 1, 3, 3, 1, 1,
       3, 1, 1, 1, 3, 1, 3, 1, 3, 3, 3, 1, 3, 3, 1, 1, 1, 0, 1, 3, 0, 1, 3,
       1, 1, 3, 1, 3, 1, 3, 3, 1, 3, 3, 3, 1, 3, 1, 1, 0]), 'sensitivity': array([1, 1, 1, 1, 1, 1, 1, 1, 1, 1, 1, 1, 1, 1, 1, 1, 1, 1, 1, 1, 1, 1, 1,
       1, 1, 1, 1, 1, 1, 1, 1, 1, 1, 1, 1, 1, 1, 1, 1, 1, 1, 1, 1, 1, 1, 1,
       1, 1, 1, 1, 1, 1, 1, 1, 1, 1, 1, 1, 1, 1, 1, 1, 1]), 'tpos': array([0, 0, 0, 0, 0, 2, 0, 0, 2, 0, 0, 0, 2, 0, 0, 0, 0, 2, 2, 0, 0, 2, 2,
       0, 2, 2, 2, 0, 2, 0, 2, 0, 0, 0, 2, 0, 0, 2, 2, 2, 3, 2, 0, 3, 2, 0,
       2, 2, 0, 2, 0, 2, 0, 0, 2, 0, 0, 0, 2, 0, 2, 2, 3])}, {'specificity': array([0.796875, 0.984375, 0.296875, 0.75, 0.203125, 0.78125, 0.84375,
       0.859375, 0.703125, 0.40625, 0.90625, 0.734375, 0.875, 0.328125,
       0.625, 0.140625, 0.46875, 0.046875, 0.375, 0.828125, 0.171875,
       0.015625, 0.5, 0.6875, 0.078125, 0.125, 0.640625, 0.765625, 0.5625,
       0.53125, 0.15625, 0.921875, 1.0, 0.96875, 0.8125, 0.515625, 0.4375,
       0.28125, 0.0625, 0.109375, 0.671875, 0.609375, 0.421875, 0.453125,
       0.484375, 0.25, 0.890625, 0.9375, 0.1875, 0.65625, 0.71875, 0.59375,
       0.03125, 0.359375, 0.234375, 0.578125, 0.3125, 0.390625, 0.09375,
       0.34375, 0.265625, 0.546875, 0.953125, 0.21875]), 'tneg': array([11, 11,  7, 10,  2, 10, 11, 11, 10,  9, 11, 10, 11,  7, 10,  1,  9,
        1,  8, 11,  2,  0,  9, 10,  1,  1, 10, 10, 10, 10,  2, 11, 11, 11,
       11, 10,  9,  3,  1,  1, 10, 10,  9,  9,  9,  3, 11, 11,  2, 10, 10,
       10,  1,  8,  3, 10,  7,  8,  1,  8,  3, 10, 11,  2]), 'fpos': array([ 0,  0,  4,  1,  9,  1,  0,  0,  1,  2,  0,  1,  0,  4,  1, 10,  2,
       10,  3,  0,  9, 11,  2,  1, 10, 10,  1,  1,  1,  1,  9,  0,  0,  0,
        0,  1,  2,  8, 10, 10,  1,  1,  2,  2,  2,  8,  0,  0,  9,  1,  1,
        1, 10,  3,  8,  1,  4,  3, 10,  3,  8,  1,  0,  9]), 'threshold': [0.25386842311226721, 0.33470946418629921, 0.15737250880495615, 0.24036113429775824, 0.15040568200094226, 0.24311274056973459, 0.26547126436768759, 0.27276410989043776, 0.22358181284794138, 0.16979815021860706, 0.31208436504412634, 0.23931386302475846, 0.27577266799381889, 0.15824273821234727, 0.19471899887405791, 0.14658444191370826, 0.17458362540134303, 0.13414850180387175, 0.16706929485767305, 0.25786043827676008, 0.14928172653051025, 0.12809319342478612, 0.17569886095684745, 0.22117440142893577, 0.14205151121936321, 0.14597139130941195, 0.1993829480848244, 0.24095663868787789, 0.1871636275124528, 0.1866999360529478, 0.14861792728900461, 0.32181933088587494, 0.33680029867195621, 0.32912558641361939, 0.25456985312858399, 0.18063973287575783, 0.17206465583068392, 0.15488077476770526, 0.1381185779327912, 0.14524570182999519, 0.21810095168049723, 0.19266537560818858, 0.17065959000215022, 0.17365330330354695, 0.17466759452692629, 0.15437927182216804, 0.27658343774812533, 0.3227492318202439, 0.15032230105081285, 0.20009773547261525, 0.237503811386446, 0.19184541532091939, 0.13302447750636462, 0.16588222153240564, 0.15386077280420465, 0.18980468509489926, 0.15756268046618188, 0.16904583425315217, 0.14234137626231577, 0.16523321755516746, 0.15472924751105452, 0.18700743747997017, 0.32749667690172674, 0.15042669668245776], 'fneg': array([1, 3, 0, 1, 0, 1, 1, 1, 0, 0, 2, 1, 1, 0, 0, 0, 0, 0, 0, 1, 0, 0, 0,
       0, 0, 0, 0, 1, 0, 0, 0, 3, 3, 3, 1, 0, 0, 0, 0, 0, 0, 0, 0, 0, 0, 0,
       1, 3, 0, 0, 1, 0, 0, 0, 0, 0, 0, 0, 0, 0, 0, 0, 3, 0]), 'sensitivity': array([1, 1, 1, 1, 1, 1, 1, 1, 1, 1, 1, 1, 1, 1, 1, 1, 1, 1, 1, 1, 1, 1, 1,
       1, 1, 1, 1, 1, 1, 1, 1, 1, 1, 1, 1, 1, 1, 1, 1, 1, 1, 1, 1, 1, 1, 1,
       1, 1, 1, 1, 1, 1, 1, 1, 1, 1, 1, 1, 1, 1, 1, 1, 1, 1]), 'tpos': array([3, 1, 4, 3, 4, 3, 3, 3, 4, 4, 2, 3, 3, 4, 4, 4, 4, 4, 4, 3, 4, 4, 4,
       4, 4, 4, 4, 3, 4, 4, 4, 1, 1, 1, 3, 4, 4, 4, 4, 4, 4, 4, 4, 4, 4, 4,
       3, 1, 4, 4, 3, 4, 4, 4, 4, 4, 4, 4, 4, 4, 4, 4, 1, 4])}], <Model object at 0x00000000000003DC>)
#adalasso
([{'specificity': array([0.79365079, 0.66666667, 0.84126984, 0.96825397, 0.44444444,
       0.41269841, 0.80952381, 0.42857143, 0.3968254, 0.57142857,
       0.71428571, 0.74603175, 0.77777778, 0.52380952, 0.98412698,
       0.92063492, 0.85714286, 0.9047619, 0.063492063, 0.22222222,
       0.25396825, 0.73015873, 0.93650794, 0.015873016, 0.031746032,
       0.15873016, 0.68253968, 0.14285714, 0.49206349, 0.34920635,
       0.6031746, 0.53968254, 0.095238095, 0.38095238, 0.76190476,
       0.95238095, 1.0, 0.58730159, 0.82539683, 0.11111111, 0.31746032,
       0.50793651, 0.36507937, 0.6984127, 0.33333333, 0.20634921,
       0.88888889, 0.26984127, 0.46031746, 0.65079365, 0.12698413,
       0.19047619, 0.047619048, 0.3015873, 0.55555556, 0.28571429,
       0.079365079, 0.61904762, 0.23809524, 0.87301587, 0.63492063,
       0.47619048, 0.17460317]), 'tneg': array([12, 11, 12, 12,  7,  7, 12,  7,  7,  9, 11, 11, 12,  8, 12, 12, 12,
       12,  1,  4,  5, 11, 12,  1,  1,  2, 11,  2,  8,  6, 10,  8,  2,  7,
       12, 12, 12, 10, 12,  2,  5,  8,  6, 11,  5,  4, 12,  5,  8, 11,  2,
        3,  1,  5,  8,  5,  1, 11,  4, 12, 11,  8,  3]), 'fpos': array([ 1,  2,  1,  1,  6,  6,  1,  6,  6,  4,  2,  2,  1,  5,  1,  1,  1,
        1, 12,  9,  8,  2,  1, 12, 12, 11,  2, 11,  5,  7,  3,  5, 11,  6,
        1,  1,  1,  3,  1, 11,  8,  5,  7,  2,  8,  9,  1,  8,  5,  2, 11,
       10, 12,  8,  5,  8, 12,  2,  9,  1,  2,  5, 10]), 'threshold': [0.35012006636347753, 0.28976063045243472, 0.38468381619170511, 0.7173603126190391, 0.21482203590268598, 0.20606491605968355, 0.35144414427670823, 0.20741485865584255, 0.20495481257933607, 0.26329167243175294, 0.30496337636766263, 0.32050115108115251, 0.34377327874425068, 0.23033923993145147, 0.76512631092911298, 0.48353698739109746, 0.38748818999966578, 0.45897669102572863, 0.14939105581740803, 0.18325290709552031, 0.18638039962676228, 0.30915465152480393, 0.57402039407120486, 0.14275555136975882, 0.14495308711766575, 0.1693512392086578, 0.29276422913819766, 0.16921406726069738, 0.2213658326146245, 0.1987437839369833, 0.26805705768144283, 0.23049857428532919, 0.16535914774444879, 0.20300801665232365, 0.34232332518176295, 0.57702033470261416, 0.76726605976155493, 0.26675578847247161, 0.37371029783073667, 0.16709913703094986, 0.19194982041829545, 0.22476706762773474, 0.1998391554015595, 0.30098134000780946, 0.19363613865581356, 0.18105362331569819, 0.40838606858759419, 0.18653402919812614, 0.21725822168853676, 0.28517226249397559, 0.16892409200749764, 0.17242052569191602, 0.14787439095230154, 0.19107823083990513, 0.24210426513194622, 0.18894788428509401, 0.1573375396547384, 0.27430350544623677, 0.18524326394455096, 0.3874933289832917, 0.27790285713114637, 0.2196897573392482, 0.17127524024892529], 'fneg': array([1, 0, 1, 3, 0, 0, 1, 0, 0, 0, 0, 1, 1, 0, 4, 2, 1, 2, 0, 0, 0, 1, 3,
       0, 0, 0, 0, 0, 0, 0, 0, 0, 0, 0, 1, 3, 4, 0, 1, 0, 0, 0, 0, 0, 0, 0,
       1, 0, 0, 0, 0, 0, 0, 0, 0, 0, 0, 0, 0, 1, 0, 0, 0]), 'sensitivity': array([1, 1, 1, 1, 1, 1, 1, 1, 1, 1, 1, 1, 1, 1, 1, 1, 1, 1, 1, 1, 1, 1, 1,
       1, 1, 1, 1, 1, 1, 1, 1, 1, 1, 1, 1, 1, 1, 1, 1, 1, 1, 1, 1, 1, 1, 1,
       1, 1, 1, 1, 1, 1, 1, 1, 1, 1, 1, 1, 1, 1, 1, 1, 1]), 'tpos': array([3, 4, 3, 1, 4, 4, 3, 4, 4, 4, 4, 3, 3, 4, 0, 2, 3, 2, 4, 4, 4, 3, 1,
       4, 4, 4, 4, 4, 4, 4, 4, 4, 4, 4, 3, 1, 0, 4, 3, 4, 4, 4, 4, 4, 4, 4,
       3, 4, 4, 4, 4, 4, 4, 4, 4, 4, 4, 4, 4, 3, 4, 4, 4])}, {'specificity': array([0.5, 0.484375, 0.84375, 0.8125, 0.96875, 0.296875, 0.203125,
       0.546875, 0.609375, 0.5625, 0.453125, 0.921875, 0.671875, 0.9375,
       0.890625, 0.59375, 0.71875, 0.1875, 0.34375, 0.15625, 0.328125,
       0.53125, 0.796875, 0.828125, 0.015625, 0.03125, 0.0625, 0.078125,
       0.21875, 0.578125, 0.234375, 0.515625, 0.6875, 0.46875, 0.90625,
       0.953125, 1.0, 0.984375, 0.765625, 0.046875, 0.4375, 0.3125,
       0.421875, 0.40625, 0.390625, 0.359375, 0.734375, 0.703125, 0.75,
       0.375, 0.09375, 0.25, 0.109375, 0.28125, 0.125, 0.65625, 0.875,
       0.171875, 0.140625, 0.640625, 0.859375, 0.78125, 0.625, 0.265625]), 'tneg': array([ 7,  7, 14, 14, 14,  3,  2,  7,  8,  8,  5, 14,  9, 14, 14,  8, 10,
        2,  3,  1,  3,  7, 12, 14,  0,  1,  1,  1,  2,  8,  3,  7, 10,  7,
       14, 14, 14, 14, 11,  1,  5,  3,  5,  5,  4,  3, 10, 10, 11,  3,  1,
        3,  1,  3,  1,  8, 14,  2,  1,  8, 14, 12,  8,  3]), 'fpos': array([ 7,  7,  0,  0,  0, 11, 12,  7,  6,  6,  9,  0,  5,  0,  0,  6,  4,
       12, 11, 13, 11,  7,  2,  0, 14, 13, 13, 13, 12,  6, 11,  7,  4,  7,
        0,  0,  0,  0,  3, 13,  9, 11,  9,  9, 10, 11,  4,  4,  3, 11, 13,
       11, 13, 11, 13,  6,  0, 12, 13,  6,  0,  2,  6, 11]), 'threshold': [0.26588474649961469, 0.26171685353900664, 0.50441706339208581, 0.48290984927778974, 0.67538846776036332, 0.19303299111714123, 0.15987040672655492, 0.28163546065527423, 0.29045052649365355, 0.2846157296512567, 0.25577571904300883, 0.54786584737073452, 0.33033354471934223, 0.61467041649372767, 0.53014727034646592, 0.28969624983391123, 0.38464216952471414, 0.15140258426026165, 0.20128947161669061, 0.14031480598488566, 0.20044478318934106, 0.27267472161105011, 0.44921902397182106, 0.48707526373750376, 0.096154038946059353, 0.120123981351672, 0.12320373485818212, 0.12708536894692504, 0.1686472943977359, 0.28839196510018628, 0.17554540872190322, 0.27174672030926855, 0.3775880313307079, 0.26116776686980736, 0.53673933164678067, 0.64134301531830684, 0.71556947606814614, 0.71531473572462168, 0.40099515021184529, 0.12211307203742676, 0.25105113454292688, 0.19312172247294507, 0.24330339284186717, 0.22788260719997544, 0.21735174118468897, 0.20179704366525081, 0.38862723405213295, 0.38458617840491099, 0.39765716407365831, 0.21426718352786861, 0.12872072940128973, 0.17856196897896107, 0.13220176073639919, 0.19249872554893802, 0.13246000793409118, 0.3240859441503357, 0.51923480193327209, 0.14573349641435543, 0.13639207643768822, 0.29790381560163998, 0.51580842014123973, 0.44725427053128614, 0.29539156665596372, 0.18035240758686225], 'fneg': array([1, 1, 2, 2, 2, 0, 0, 2, 2, 2, 0, 2, 2, 2, 2, 2, 2, 0, 0, 0, 0, 2, 2,
       2, 0, 0, 0, 0, 0, 2, 0, 2, 2, 1, 2, 2, 2, 2, 2, 0, 0, 0, 0, 0, 0, 0,
       2, 2, 2, 0, 0, 0, 0, 0, 0, 2, 2, 0, 0, 2, 2, 2, 2, 0]), 'sensitivity': array([1, 1, 1, 1, 1, 1, 1, 1, 1, 1, 1, 1, 1, 1, 1, 1, 1, 1, 1, 1, 1, 1, 1,
       1, 1, 1, 1, 1, 1, 1, 1, 1, 1, 1, 1, 1, 1, 1, 1, 1, 1, 1, 1, 1, 1, 1,
       1, 1, 1, 1, 1, 1, 1, 1, 1, 1, 1, 1, 1, 1, 1, 1, 1, 1]), 'tpos': array([1, 1, 0, 0, 0, 2, 2, 0, 0, 0, 2, 0, 0, 0, 0, 0, 0, 2, 2, 2, 2, 0, 0,
       0, 2, 2, 2, 2, 2, 0, 2, 0, 0, 1, 0, 0, 0, 0, 0, 2, 2, 2, 2, 2, 2, 2,
       0, 0, 0, 2, 2, 2, 2, 2, 2, 0, 0, 2, 2, 0, 0, 0, 0, 2])}, {'specificity': array([0.84375, 0.828125, 0.96875, 0.9375, 0.5625, 0.875, 0.640625,
       0.421875, 0.046875, 0.765625, 0.65625, 0.734375, 0.890625, 0.8125,
       0.6875, 0.34375, 0.109375, 0.796875, 0.90625, 0.296875, 0.390625,
       0.15625, 0.3125, 0.71875, 0.28125, 0.578125, 0.03125, 0.125,
       0.859375, 0.625, 0.921875, 0.953125, 1.0, 0.984375, 0.25, 0.265625,
       0.078125, 0.46875, 0.171875, 0.015625, 0.484375, 0.40625, 0.21875,
       0.203125, 0.234375, 0.59375, 0.515625, 0.75, 0.140625, 0.375,
       0.53125, 0.453125, 0.671875, 0.09375, 0.359375, 0.703125, 0.609375,
       0.328125, 0.78125, 0.1875, 0.5, 0.4375, 0.546875, 0.0625]), 'tneg': array([ 9,  8,  9,  9,  3,  9,  4,  3,  0,  7,  4,  6,  9,  8,  6,  2,  0,
        8,  9,  1,  3,  0,  2,  6,  1,  3,  0,  0,  9,  4,  9,  9, 10, 10,
        1,  1,  0,  3,  0,  0,  3,  3,  1,  1,  1,  3,  3,  6,  0,  2,  3,
        3,  4,  0,  2,  6,  4,  2,  8,  0,  3,  3,  3,  0]), 'fpos': array([ 1,  2,  1,  1,  7,  1,  6,  7, 10,  3,  6,  4,  1,  2,  4,  8, 10,
        2,  1,  9,  7, 10,  8,  4,  9,  7, 10, 10,  1,  6,  1,  1,  0,  0,
        9,  9, 10,  7, 10, 10,  7,  7,  9,  9,  9,  7,  7,  4, 10,  8,  7,
        7,  6, 10,  8,  4,  6,  8,  2, 10,  7,  7,  7, 10]), 'threshold': [0.3347922748615057, 0.3156855331607189, 0.66547419038045297, 0.55325739575369159, 0.17733722200505539, 0.42129234460958193, 0.19110995875344303, 0.16259121127126539, 0.12388402686837396, 0.27517343787523879, 0.19566201959432392, 0.26705836500627755, 0.44622921119994513, 0.30508739395916296, 0.22280927227977085, 0.15547403710807278, 0.12874890401105779, 0.30426347062283216, 0.51321787525903306, 0.14980038878184543, 0.15840662019865459, 0.13376464012004982, 0.15147122984805872, 0.26663931126586449, 0.14976708374937306, 0.17757112197156919, 0.11007353666802068, 0.12916612409201322, 0.35051782361706585, 0.18786199881910304, 0.52475748704846048, 0.58708999002565065, 0.77494322168249119, 0.72321845655425065, 0.14903497444774813, 0.14925245580274271, 0.12596040393043903, 0.16788788951875203, 0.13445501538617283, 0.104675152288785, 0.16923976984838587, 0.16186409625456014, 0.14807753087579281, 0.14559120876690426, 0.14901100909935491, 0.17855378704996314, 0.17238872448602791, 0.27105066352124157, 0.13250148011633386, 0.15724493273197618, 0.17577067399329505, 0.16417316693874001, 0.19600776851271487, 0.12741725233058937, 0.1563810134989656, 0.22896603495939816, 0.18527535093090319, 0.15376510855725312, 0.29116005480001039, 0.13783634062271591, 0.17215319701583107, 0.16343460377972791, 0.17679507610659831, 0.12569923704955235], 'fneg': array([3, 3, 5, 5, 2, 3, 2, 1, 0, 3, 2, 3, 3, 3, 3, 1, 0, 3, 4, 0, 1, 0, 0,
       3, 0, 2, 0, 0, 3, 2, 4, 5, 6, 5, 0, 0, 0, 1, 0, 0, 1, 1, 0, 0, 0, 2,
       2, 3, 0, 1, 2, 1, 2, 0, 1, 3, 2, 0, 3, 0, 2, 1, 2, 0]), 'sensitivity': array([1, 1, 1, 1, 1, 1, 1, 1, 1, 1, 1, 1, 1, 1, 1, 1, 1, 1, 1, 1, 1, 1, 1,
       1, 1, 1, 1, 1, 1, 1, 1, 1, 1, 1, 1, 1, 1, 1, 1, 1, 1, 1, 1, 1, 1, 1,
       1, 1, 1, 1, 1, 1, 1, 1, 1, 1, 1, 1, 1, 1, 1, 1, 1, 1]), 'tpos': array([3, 3, 1, 1, 4, 3, 4, 5, 6, 3, 4, 3, 3, 3, 3, 5, 6, 3, 2, 6, 5, 6, 6,
       3, 6, 4, 6, 6, 3, 4, 2, 1, 0, 1, 6, 6, 6, 5, 6, 6, 5, 5, 6, 6, 6, 4,
       4, 3, 6, 5, 4, 5, 4, 6, 5, 3, 4, 6, 3, 6, 4, 5, 4, 6])}, {'specificity': array([0.59375, 0.9375, 0.984375, 0.453125, 0.265625, 0.609375, 0.4375,
       0.375, 0.53125, 0.5625, 0.546875, 0.65625, 0.859375, 0.578125,
       0.96875, 0.703125, 0.140625, 0.1875, 0.28125, 0.515625, 0.875,
       0.90625, 0.015625, 0.046875, 0.0625, 0.8125, 0.484375, 0.234375,
       0.6875, 0.421875, 0.03125, 0.46875, 0.640625, 0.671875, 0.921875,
       0.953125, 1.0, 0.734375, 0.78125, 0.125, 0.203125, 0.328125,
       0.359375, 0.21875, 0.40625, 0.34375, 0.796875, 0.3125, 0.625,
       0.765625, 0.828125, 0.390625, 0.71875, 0.109375, 0.078125, 0.25,
       0.09375, 0.296875, 0.84375, 0.171875, 0.5, 0.15625, 0.890625, 0.75]), 'tneg': array([10, 12, 12,  9,  8, 10,  9,  9, 10, 10, 10, 10, 10, 10, 12, 10,  2,
        2,  9, 10, 10, 12,  0,  0,  0, 10, 10,  6, 10,  9,  0,  9, 10, 10,
       12, 12, 12, 10, 10,  2,  3,  9,  9,  4,  9,  9, 10,  9, 10, 10, 10,
        9, 10,  2,  0,  6,  0,  9, 10,  2, 10,  2, 11, 10]), 'fpos': array([ 2,  0,  0,  3,  4,  2,  3,  3,  2,  2,  2,  2,  2,  2,  0,  2, 10,
       10,  3,  2,  2,  0, 12, 12, 12,  2,  2,  6,  2,  3, 12,  3,  2,  2,
        0,  0,  0,  2,  2, 10,  9,  3,  3,  8,  3,  3,  2,  3,  2,  2,  2,
        3,  2, 10, 12,  6, 12,  3,  2, 10,  2, 10,  1,  2]), 'threshold': [0.28618789422361507, 0.54512216761012444, 0.61890506580708593, 0.25007802862284439, 0.20099101265344441, 0.29338571865534196, 0.2481132696587971, 0.22846934077330294, 0.2742044659781408, 0.27850873880066074, 0.27513488877813963, 0.30725784852889121, 0.4049442509640892, 0.27861228267735444, 0.6122100437009993, 0.31221034418805471, 0.1663990329266378, 0.17447988417609589, 0.2043621208714673, 0.27348892568320943, 0.41646890097591849, 0.48220572590750588, 0.12507521216737824, 0.14266124313551698, 0.14512560732480465, 0.36356238754648473, 0.25808692756594009, 0.19261383607102961, 0.3107455120667027, 0.24310196100546183, 0.14206880697364849, 0.25260413831096401, 0.30640447072473365, 0.30758715072121234, 0.49206826070694537, 0.58007148484874793, 0.73487688464962808, 0.33273707277816622, 0.35700502804639428, 0.16521622536836711, 0.17598653180200891, 0.2103437916299841, 0.2268623080383014, 0.18707978622826571, 0.23815680903980954, 0.22017392154524726, 0.3620003294511448, 0.2081255790478484, 0.30582589789013059, 0.34174509359180966, 0.37369018424898359, 0.23661855817057775, 0.31255714975865451, 0.16284404017282625, 0.14983152479993289, 0.19389798379312045, 0.1549554684176358, 0.20653504408684667, 0.38455227578878742, 0.1741526205618143, 0.26987752907266399, 0.16769463428806969, 0.46516623682728075, 0.3409847062599678], 'fneg': array([1, 3, 3, 0, 0, 2, 0, 0, 0, 0, 0, 2, 3, 0, 3, 2, 0, 0, 0, 0, 3, 3, 0,
       0, 0, 2, 0, 0, 2, 0, 0, 0, 2, 2, 3, 3, 4, 2, 2, 0, 0, 0, 0, 0, 0, 0,
       2, 0, 2, 2, 2, 0, 2, 0, 0, 0, 0, 0, 2, 0, 0, 0, 3, 2]), 'sensitivity': array([1, 1, 1, 1, 1, 1, 1, 1, 1, 1, 1, 1, 1, 1, 1, 1, 1, 1, 1, 1, 1, 1, 1,
       1, 1, 1, 1, 1, 1, 1, 1, 1, 1, 1, 1, 1, 1, 1, 1, 1, 1, 1, 1, 1, 1, 1,
       1, 1, 1, 1, 1, 1, 1, 1, 1, 1, 1, 1, 1, 1, 1, 1, 1, 1]), 'tpos': array([3, 1, 1, 4, 4, 2, 4, 4, 4, 4, 4, 2, 1, 4, 1, 2, 4, 4, 4, 4, 1, 1, 4,
       4, 4, 2, 4, 4, 2, 4, 4, 4, 2, 2, 1, 1, 0, 2, 2, 4, 4, 4, 4, 4, 4, 4,
       2, 4, 2, 2, 2, 4, 2, 4, 4, 4, 4, 4, 2, 4, 4, 4, 1, 2])}, {'specificity': array([0.70769231, 0.72307692, 0.75384615, 0.93846154, 0.43076923,
       0.23076923, 0.76923077, 0.26153846, 0.46153846, 0.38461538,
       0.41538462, 0.44615385, 0.55384615, 0.81538462, 0.6, 0.95384615,
       0.86153846, 0.8, 0.83076923, 0.36923077, 0.061538462, 0.18461538,
       0.66153846, 0.84615385, 0.015384615, 0.046153846, 0.89230769,
       0.15384615, 0.50769231, 0.33846154, 0.52307692, 0.27692308,
       0.64615385, 0.56923077, 0.92307692, 0.96923077, 1.0, 0.98461538,
       0.78461538, 0.87692308, 0.030769231, 0.076923077, 0.24615385,
       0.35384615, 0.092307692, 0.67692308, 0.13846154, 0.63076923,
       0.69230769, 0.16923077, 0.32307692, 0.58461538, 0.2, 0.49230769,
       0.21538462, 0.53846154, 0.29230769, 0.73846154, 0.4, 0.12307692,
       0.30769231, 0.90769231, 0.61538462, 0.47692308, 0.10769231]), 'tneg': array([0, 0, 0, 0, 0, 0, 0, 0, 0, 0, 0, 0, 0, 0, 0, 0, 0, 0, 0, 0, 0, 0, 0,
       0, 0, 0, 0, 0, 0, 0, 0, 0, 0, 0, 0, 0, 0, 0, 0, 0, 0, 0, 0, 0, 0, 0,
       0, 0, 0, 0, 0, 0, 0, 0, 0, 0, 0, 0, 0, 0, 0, 0, 0, 0, 0]), 'fpos': array([9, 9, 9, 9, 9, 9, 9, 9, 9, 9, 9, 9, 9, 9, 9, 9, 9, 9, 9, 9, 9, 9, 9,
       9, 9, 9, 9, 9, 9, 9, 9, 9, 9, 9, 9, 9, 9, 9, 9, 9, 9, 9, 9, 9, 9, 9,
       9, 9, 9, 9, 9, 9, 9, 9, 9, 9, 9, 9, 9, 9, 9, 9, 9, 9, 9]), 'threshold': [0.24666571958272987, 0.25112856665350936, 0.26473283331147779, 0.60325171513264786, 0.1598714426415063, 0.12320250472547921, 0.26734332043309245, 0.1241388995018242, 0.16572106303749465, 0.1394419092728503, 0.15652199601724373, 0.16401646570417364, 0.19928908985596272, 0.3152854601733342, 0.21237220997690198, 0.62901466327733846, 0.36123896305588499, 0.30802610288793481, 0.31752782063988783, 0.13499071851207264, 0.097475043833062436, 0.11599235267593284, 0.24157510722109474, 0.33557628204116458, 0.079992430847443174, 0.094825136540193741, 0.37828887050533405, 0.11385985505781995, 0.1932286143463457, 0.13245733607198904, 0.19793205352655763, 0.12646276816406607, 0.22840611514294096, 0.20723177761278031, 0.46440416017492281, 0.64855327870066781, 0.75270002190612229, 0.74270928000707492, 0.26956620184373681, 0.37361044827209883, 0.087080552053845878, 0.1020138932371836, 0.1235666296489506, 0.13469796259113365, 0.1022267683492722, 0.24235064836484599, 0.11308778118628088, 0.22626796328022883, 0.24600900107460058, 0.11555332906961018, 0.13237849644949809, 0.21167975993462573, 0.12067872060306593, 0.16978786134596918, 0.12229405564103624, 0.19869968313366029, 0.12740481286886835, 0.26175052312763458, 0.14641062395509566, 0.10527805609407299, 0.13102316913653919, 0.40413112468210022, 0.22598247206587063, 0.16646810814814636, 0.10476562558285615], 'fneg': array([0, 0, 0, 0, 0, 0, 0, 0, 0, 0, 0, 0, 0, 0, 0, 0, 0, 0, 0, 0, 0, 0, 0,
       0, 0, 0, 0, 0, 0, 0, 0, 0, 0, 0, 0, 0, 0, 0, 0, 0, 0, 0, 0, 0, 0, 0,
       0, 0, 0, 0, 0, 0, 0, 0, 0, 0, 0, 0, 0, 0, 0, 0, 0, 0, 0]), 'sensitivity': array([1, 1, 1, 1, 1, 1, 1, 1, 1, 1, 1, 1, 1, 1, 1, 1, 1, 1, 1, 1, 1, 1, 1,
       1, 1, 1, 1, 1, 1, 1, 1, 1, 1, 1, 1, 1, 1, 1, 1, 1, 1, 1, 1, 1, 1, 1,
       1, 1, 1, 1, 1, 1, 1, 1, 1, 1, 1, 1, 1, 1, 1, 1, 1, 1, 1]), 'tpos': array([6, 6, 6, 6, 6, 6, 6, 6, 6, 6, 6, 6, 6, 6, 6, 6, 6, 6, 6, 6, 6, 6, 6,
       6, 6, 6, 6, 6, 6, 6, 6, 6, 6, 6, 6, 6, 6, 6, 6, 6, 6, 6, 6, 6, 6, 6,
       6, 6, 6, 6, 6, 6, 6, 6, 6, 6, 6, 6, 6, 6, 6, 6, 6, 6, 6])}], <Model object at 0x0000000000000708>)
#adalasso
([{'specificity': array([0.84126984, 0.93650794, 0.63492063, 0.46031746, 0.82539683,
       0.87301587, 0.61904762, 0.77777778, 0.23809524, 0.80952381,
       0.57142857, 0.74603175, 0.96825397, 0.73015873, 0.66666667,
       0.79365079, 0.3015873, 0.92063492, 0.41269841, 0.20634921,
       0.14285714, 0.015873016, 0.71428571, 0.26984127, 0.42857143,
       0.55555556, 0.17460317, 0.36507937, 0.52380952, 0.3968254,
       0.095238095, 0.44444444, 0.6984127, 0.95238095, 1.0, 0.98412698,
       0.38095238, 0.9047619, 0.6031746, 0.33333333, 0.031746032,
       0.85714286, 0.88888889, 0.68253968, 0.50793651, 0.31746032,
       0.25396825, 0.53968254, 0.47619048, 0.65079365, 0.58730159,
       0.12698413, 0.22222222, 0.28571429, 0.15873016, 0.34920635,
       0.047619048, 0.19047619, 0.49206349, 0.079365079, 0.76190476,
       0.063492063, 0.11111111]), 'tneg': array([ 8,  9,  5,  4,  8,  8,  5,  8,  4,  8,  4,  8, 10,  6,  5,  8,  4,
        9,  4,  4,  2,  1,  6,  4,  4,  4,  2,  4,  4,  4,  2,  4,  6,  9,
       10, 10,  4,  9,  5,  4,  1,  8,  8,  5,  4,  4,  4,  4,  4,  5,  5,
        2,  4,  4,  2,  4,  1,  4,  4,  2,  8,  2,  2]), 'fpos': array([2, 1, 5, 6, 2, 2, 5, 2, 6, 2, 6, 2, 0, 4, 5, 2, 6, 1, 6, 6, 8, 9, 4,
       6, 6, 6, 8, 6, 6, 6, 8, 6, 4, 1, 0, 0, 6, 1, 5, 6, 9, 2, 2, 5, 6, 6,
       6, 6, 6, 5, 5, 8, 6, 6, 8, 6, 9, 6, 6, 8, 2, 8, 8]), 'threshold': [0.76298812756042678, 0.88790895616683674, 0.12883974811988616, 0.059245567452636559, 0.73670270450352771, 0.7838476617762139, 0.11241561881061453, 0.5618363341547129, 0.018016637816581943, 0.66442674901368848, 0.091288450852805056, 0.3412410021761384, 0.99483370979059704, 0.28040149933687408, 0.17359420328046357, 0.64104226795482278, 0.025353872028462728, 0.88029142800195481, 0.043308678544867467, 0.014359528037401276, 0.0085686638160078297, 0.0019176109208751601, 0.23196818413010931, 0.022391552461840759, 0.044058993638080107, 0.087737478274069025, 0.011460989566557922, 0.028339066783267995, 0.08078148004822136, 0.036010053081610968, 0.0074591311664549218, 0.050619570954800144, 0.22969368534104917, 0.89314984390041563, 0.99623055570482455, 0.99591357363132182, 0.032065330900032933, 0.87880415932714473, 0.11226928713417983, 0.025642354460226124, 0.0034531983860388946, 0.77837231129518158, 0.82963474649741109, 0.1785014993674913, 0.074779435567186733, 0.025515391909878091, 0.0208577893126736, 0.081046584098174071, 0.065348365364547814, 0.14668049369295877, 0.099426066567309249, 0.0085122256650453452, 0.014959242114671496, 0.024510623547527314, 0.010028379971582355, 0.027902605065126696, 0.0036331263534144427, 0.013778847636732847, 0.074073601855267984, 0.0061342999498169518, 0.35692271359836225, 0.0054495527066047182, 0.0079774866121224315], 'fneg': array([6, 6, 3, 1, 5, 6, 3, 5, 1, 5, 3, 5, 6, 5, 3, 5, 1, 6, 1, 1, 1, 0, 5,
       1, 1, 3, 1, 1, 2, 1, 1, 1, 5, 6, 6, 6, 1, 6, 3, 1, 1, 6, 6, 3, 2, 1,
       1, 2, 1, 3, 3, 1, 1, 1, 1, 1, 1, 1, 2, 1, 5, 1, 1]), 'sensitivity': array([1, 1, 1, 1, 1, 1, 1, 1, 1, 1, 1, 1, 1, 1, 1, 1, 1, 1, 1, 1, 1, 1, 1,
       1, 1, 1, 1, 1, 1, 1, 1, 1, 1, 1, 1, 1, 1, 1, 1, 1, 1, 1, 1, 1, 1, 1,
       1, 1, 1, 1, 1, 1, 1, 1, 1, 1, 1, 1, 1, 1, 1, 1, 1]), 'tpos': array([1, 1, 4, 6, 2, 1, 4, 2, 6, 2, 4, 2, 1, 2, 4, 2, 6, 1, 6, 6, 6, 7, 2,
       6, 6, 4, 6, 6, 5, 6, 6, 6, 2, 1, 1, 1, 6, 1, 4, 6, 6, 1, 1, 4, 5, 6,
       6, 5, 6, 4, 4, 6, 6, 6, 6, 6, 6, 6, 5, 6, 2, 6, 6])}, {'specificity': array([0.828125, 0.75, 0.28125, 0.25, 0.765625, 0.78125, 0.8125, 0.5,
       0.421875, 0.484375, 0.859375, 0.71875, 0.984375, 0.90625, 0.84375,
       0.875, 0.515625, 0.65625, 0.265625, 0.359375, 0.34375, 0.609375,
       0.46875, 0.9375, 0.96875, 0.0625, 0.171875, 0.890625, 0.546875,
       0.203125, 0.078125, 0.328125, 0.046875, 0.625, 0.390625, 0.703125,
       0.953125, 1.0, 0.375, 0.671875, 0.09375, 0.4375, 0.234375, 0.125,
       0.796875, 0.6875, 0.15625, 0.296875, 0.109375, 0.578125, 0.734375,
       0.59375, 0.3125, 0.1875, 0.03125, 0.5625, 0.140625, 0.40625,
       0.640625, 0.21875, 0.015625, 0.53125, 0.921875, 0.453125]), 'tneg': array([12,  9,  4,  4, 10, 11, 12,  7,  7,  7, 12,  9, 13, 13, 12, 12,  7,
        9,  4,  7,  7,  9,  7, 13, 13,  0,  2, 12,  7,  4,  0,  7,  0,  9,
        7,  9, 13, 13,  7,  9,  0,  7,  4,  0, 12,  9,  2,  5,  0,  7,  9,
        8,  6,  3,  0,  7,  2,  7,  9,  4,  0,  7, 13,  7]), 'fpos': array([ 1,  4,  9,  9,  3,  2,  1,  6,  6,  6,  1,  4,  0,  0,  1,  1,  6,
        4,  9,  6,  6,  4,  6,  0,  0, 13, 11,  1,  6,  9, 13,  6, 13,  4,
        6,  4,  0,  0,  6,  4, 13,  6,  9, 13,  1,  4, 11,  8, 13,  6,  4,
        5,  7, 10, 13,  6, 11,  6,  4,  9, 13,  6,  0,  6]), 'threshold': [0.40600413501846838, 0.37375466487873688, 0.18547599562743258, 0.1751410348554544, 0.39247113011366536, 0.39411464571296617, 0.40418420737325139, 0.23632232601952058, 0.22257152925812657, 0.23580286260362962, 0.45494489442427904, 0.33725455676364557, 0.76287593467768466, 0.51312271773104634, 0.42618189059609035, 0.46427497595147543, 0.23782706221987052, 0.30513377400284397, 0.17713793858037891, 0.20904160005496186, 0.20454057217028043, 0.27893380647621441, 0.22881890790521575, 0.58038289808264421, 0.65412271965663704, 0.13551427514433603, 0.15582987578064905, 0.49174925374604095, 0.24539723675703892, 0.16148600661761572, 0.13906053326629977, 0.20256780314936901, 0.12525964121532618, 0.28476621190482548, 0.22093354487034703, 0.33062186470853977, 0.60564730437361547, 0.76317829585827235, 0.22056873049997927, 0.30906039472223795, 0.14223702327584362, 0.22724010447776058, 0.17261106598180512, 0.14874095406983179, 0.401955855144144, 0.32625521801095525, 0.15389329137141047, 0.194465501183129, 0.14346553197599585, 0.24961450774984081, 0.34682574741796623, 0.26141079152614127, 0.19904118390302145, 0.15931691405697732, 0.10835729377692478, 0.24620576022851026, 0.15375283349444707, 0.22124330254679486, 0.28688960238149103, 0.16994465061652547, 0.10540688735836049, 0.24489987359535365, 0.54434209483939267, 0.22797813299128353], 'fneg': array([1, 1, 0, 0, 1, 1, 1, 0, 0, 0, 1, 1, 3, 2, 1, 1, 0, 0, 0, 0, 0, 0, 0,
       3, 3, 0, 0, 1, 0, 0, 0, 0, 0, 0, 0, 1, 3, 3, 0, 0, 0, 0, 0, 0, 1, 1,
       0, 0, 0, 0, 1, 0, 0, 0, 0, 0, 0, 0, 0, 0, 0, 0, 2, 0]), 'sensitivity': array([1, 1, 1, 1, 1, 1, 1, 1, 1, 1, 1, 1, 1, 1, 1, 1, 1, 1, 1, 1, 1, 1, 1,
       1, 1, 1, 1, 1, 1, 1, 1, 1, 1, 1, 1, 1, 1, 1, 1, 1, 1, 1, 1, 1, 1, 1,
       1, 1, 1, 1, 1, 1, 1, 1, 1, 1, 1, 1, 1, 1, 1, 1, 1, 1]), 'tpos': array([2, 2, 3, 3, 2, 2, 2, 3, 3, 3, 2, 2, 0, 1, 2, 2, 3, 3, 3, 3, 3, 3, 3,
       0, 0, 3, 3, 2, 3, 3, 3, 3, 3, 3, 3, 2, 0, 0, 3, 3, 3, 3, 3, 3, 2, 2,
       3, 3, 3, 3, 2, 3, 3, 3, 3, 3, 3, 3, 3, 3, 3, 3, 1, 3])}, {'specificity': array([0.875, 0.859375, 0.703125, 0.984375, 0.46875, 0.78125, 0.34375,
       0.828125, 0.515625, 0.578125, 0.625, 0.765625, 0.96875, 0.8125,
       0.84375, 0.90625, 0.234375, 0.296875, 0.09375, 0.25, 0.328125,
       0.078125, 0.796875, 0.921875, 0.140625, 0.109375, 0.75, 0.21875,
       0.4375, 0.03125, 0.3125, 0.671875, 0.5, 0.609375, 0.9375, 0.953125,
       1.0, 0.5625, 0.640625, 0.265625, 0.421875, 0.0625, 0.40625, 0.53125,
       0.203125, 0.484375, 0.6875, 0.359375, 0.59375, 0.71875, 0.171875,
       0.015625, 0.390625, 0.375, 0.546875, 0.046875, 0.15625, 0.65625,
       0.734375, 0.28125, 0.125, 0.1875, 0.890625, 0.453125]), 'tneg': array([11, 11, 10, 11,  8, 11,  5, 11,  9, 10, 10, 11, 11, 11, 11, 11,  5,
        5,  1,  5,  5,  1, 11, 11,  2,  1, 11,  5,  6,  1,  5, 10,  8, 10,
       11, 11, 11, 10, 10,  5,  6,  1,  6,  9,  4,  8, 10,  5, 10, 10,  3,
        1,  6,  6,  9,  1,  3, 10, 10,  5,  1,  4, 11,  8]), 'fpos': array([ 0,  0,  1,  0,  3,  0,  6,  0,  2,  1,  1,  0,  0,  0,  0,  0,  6,
        6, 10,  6,  6, 10,  0,  0,  9, 10,  0,  6,  5, 10,  6,  1,  3,  1,
        0,  0,  0,  1,  1,  6,  5, 10,  5,  2,  7,  3,  1,  6,  1,  1,  8,
       10,  5,  5,  2, 10,  8,  1,  1,  6, 10,  7,  0,  3]), 'threshold': [0.57716602779467452, 0.52449812480122415, 0.31977845397639343, 0.84397517801877231, 0.19549650310707334, 0.41228362421546982, 0.13762004883628728, 0.48458549359560732, 0.21076234056029344, 0.23019772742613701, 0.27216616946874977, 0.40828747283709432, 0.83844796322408233, 0.47818021633778912, 0.50152838575674752, 0.66986812620358205, 0.10026458917244814, 0.10766706963902011, 0.076789846148079099, 0.10135214619280422, 0.12356723137765015, 0.074454910856448411, 0.46192991888581642, 0.68577246918317858, 0.082903196063271178, 0.078652950627560211, 0.40588261748775495, 0.093725534365307769, 0.17156544157375189, 0.064489702798669543, 0.1157360484274589, 0.30285073907618182, 0.19810726686759114, 0.26979331915037558, 0.71660171693665009, 0.7917075813088591, 0.92433333196732392, 0.22819211062370109, 0.30051068712512546, 0.10355986860692218, 0.17041941912828787, 0.070206822611866324, 0.16774725552847605, 0.21733336795653924, 0.091715173193160554, 0.19693263724683535, 0.30656021153865803, 0.14288104432211651, 0.24660248856655148, 0.33465801930601474, 0.084352821064070896, 0.059219294700909864, 0.16673406380121891, 0.15136551375434906, 0.21975333920786588, 0.07011952481809676, 0.083781061420071037, 0.30079814939807625, 0.34299744793668302, 0.10641689717964963, 0.081203171758123346, 0.086179325973405399, 0.66710007039290931, 0.19326812037016072], 'fneg': array([5, 5, 5, 5, 4, 5, 2, 5, 4, 4, 4, 5, 5, 5, 5, 5, 1, 2, 0, 2, 2, 0, 5,
       5, 0, 0, 5, 1, 3, 0, 2, 5, 4, 4, 5, 5, 5, 4, 5, 2, 3, 0, 3, 4, 1, 4,
       5, 2, 4, 5, 0, 0, 3, 2, 4, 0, 0, 5, 5, 2, 0, 0, 5, 4]), 'sensitivity': array([1, 1, 1, 1, 1, 1, 1, 1, 1, 1, 1, 1, 1, 1, 1, 1, 1, 1, 1, 1, 1, 1, 1,
       1, 1, 1, 1, 1, 1, 1, 1, 1, 1, 1, 1, 1, 1, 1, 1, 1, 1, 1, 1, 1, 1, 1,
       1, 1, 1, 1, 1, 1, 1, 1, 1, 1, 1, 1, 1, 1, 1, 1, 1, 1]), 'tpos': array([0, 0, 0, 0, 1, 0, 3, 0, 1, 1, 1, 0, 0, 0, 0, 0, 4, 3, 5, 3, 3, 5, 0,
       0, 5, 5, 0, 4, 2, 5, 3, 0, 1, 1, 0, 0, 0, 1, 0, 3, 2, 5, 2, 1, 4, 1,
       0, 3, 1, 0, 5, 5, 2, 3, 1, 5, 5, 0, 0, 3, 5, 5, 0, 1])}, {'specificity': array([0.9375, 0.96875, 0.59375, 0.890625, 0.265625, 0.140625, 0.8125,
       0.859375, 0.484375, 0.90625, 0.84375, 0.328125, 0.5625, 0.71875,
       0.625, 1.0, 0.796875, 0.828125, 0.421875, 0.671875, 0.640625,
       0.453125, 0.46875, 0.546875, 0.3125, 0.875, 0.921875, 0.125,
       0.359375, 0.296875, 0.75, 0.1875, 0.390625, 0.78125, 0.28125,
       0.953125, 0.984375, 0.765625, 0.34375, 0.203125, 0.703125, 0.65625,
       0.734375, 0.15625, 0.109375, 0.171875, 0.5, 0.609375, 0.515625,
       0.578125, 0.03125, 0.4375, 0.078125, 0.09375, 0.53125, 0.25,
       0.046875, 0.40625, 0.6875, 0.015625, 0.234375, 0.375, 0.0625,
       0.21875]), 'tneg': array([13, 14, 11, 12,  8,  5, 12, 12, 10, 12, 12,  9, 11, 12, 11, 15, 12,
       12, 10, 11, 11, 10, 10, 11,  9, 12, 12,  4, 10,  8, 12,  5, 10, 12,
        8, 13, 15, 12, 10,  5, 11, 11, 12,  5,  4,  5, 11, 11, 11, 11,  2,
       10,  3,  4, 11,  8,  3, 10, 11,  2,  7, 10,  3,  7]), 'fpos': array([ 2,  1,  4,  3,  7, 10,  3,  3,  5,  3,  3,  6,  4,  3,  4,  0,  3,
        3,  5,  4,  4,  5,  5,  4,  6,  3,  3, 11,  5,  7,  3, 10,  5,  3,
        7,  2,  0,  3,  5, 10,  4,  4,  3, 10, 11, 10,  4,  4,  4,  4, 13,
        5, 12, 11,  4,  7, 12,  5,  4, 13,  8,  5, 12,  8]), 'threshold': [0.96008274896330792, 0.98085030214954128, 0.3269349099812664, 0.9080894458601777, 0.081233948106877729, 0.05230269776768056, 0.64455572429234453, 0.74162226802584763, 0.17895227018618454, 0.91012159426757699, 0.69414517165748724, 0.11526859804214279, 0.30807227149121941, 0.51689251018285476, 0.36331401448552192, 0.99459836846691851, 0.64297481059765305, 0.6816611265550262, 0.16158938911948498, 0.42030594385162212, 0.36948184821874652, 0.17614673455016394, 0.17675917576002168, 0.30306061376658894, 0.11424162963501626, 0.79246820572582011, 0.91251763564181676, 0.04638945131575388, 0.1342247917620403, 0.10586919844694828, 0.53227941779243337, 0.053532782969756255, 0.14826119370260382, 0.62178321744626164, 0.090012875045404603, 0.9674261696050922, 0.99432954410867125, 0.61947820649217522, 0.13305005944605131, 0.056710584816509237, 0.5051515153558922, 0.39154846519591807, 0.52224850513146315, 0.053002075878808848, 0.042855116277345021, 0.053291521335251772, 0.20830783689593213, 0.33214023131600368, 0.26077118958435991, 0.31265238104970888, 0.021927232636499611, 0.16191791238924416, 0.032856142134143874, 0.041294994088145735, 0.28653512398452685, 0.078378327596361597, 0.02544495133782022, 0.15105346745138887, 0.48686033612258517, 0.019937341007629568, 0.070301804111090938, 0.14549385515973309, 0.028006631327600527, 0.067062171843177101], 'fneg': array([0, 0, 0, 0, 0, 0, 0, 0, 0, 0, 0, 0, 0, 0, 0, 0, 0, 0, 0, 0, 0, 0, 0,
       0, 0, 0, 0, 0, 0, 0, 0, 0, 0, 0, 0, 0, 0, 0, 0, 0, 0, 0, 0, 0, 0, 0,
       0, 0, 0, 0, 0, 0, 0, 0, 0, 0, 0, 0, 0, 0, 0, 0, 0, 0]), 'sensitivity': array([1, 1, 1, 1, 1, 1, 1, 1, 1, 1, 1, 1, 1, 1, 1, 1, 1, 1, 1, 1, 1, 1, 1,
       1, 1, 1, 1, 1, 1, 1, 1, 1, 1, 1, 1, 1, 1, 1, 1, 1, 1, 1, 1, 1, 1, 1,
       1, 1, 1, 1, 1, 1, 1, 1, 1, 1, 1, 1, 1, 1, 1, 1, 1, 1]), 'tpos': array([1, 1, 1, 1, 1, 1, 1, 1, 1, 1, 1, 1, 1, 1, 1, 1, 1, 1, 1, 1, 1, 1, 1,
       1, 1, 1, 1, 1, 1, 1, 1, 1, 1, 1, 1, 1, 1, 1, 1, 1, 1, 1, 1, 1, 1, 1,
       1, 1, 1, 1, 1, 1, 1, 1, 1, 1, 1, 1, 1, 1, 1, 1, 1, 1])}, {'specificity': array([0.84615385, 0.89230769, 0.73846154, 0.98461538, 0.33846154,
       0.90769231, 0.29230769, 0.58461538, 0.75384615, 0.46153846,
       0.69230769, 0.61538462, 0.81538462, 0.87692308, 0.44615385,
       0.41538462, 0.49230769, 0.27692308, 0.23076923, 0.015384615,
       0.70769231, 0.67692308, 0.96923077, 0.92307692, 0.16923077,
       0.78461538, 0.8, 0.076923077, 0.50769231, 0.52307692, 0.55384615,
       0.72307692, 0.64615385, 0.86153846, 0.95384615, 1.0, 0.13846154,
       0.12307692, 0.43076923, 0.30769231, 0.030769231, 0.66153846,
       0.83076923, 0.18461538, 0.10769231, 0.47692308, 0.4, 0.63076923,
       0.53846154, 0.092307692, 0.36923077, 0.2, 0.24615385, 0.6,
       0.15384615, 0.046153846, 0.35384615, 0.76923077, 0.56923077,
       0.061538462, 0.32307692, 0.26153846, 0.93846154, 0.21538462,
       0.38461538]), 'tneg': array([7, 8, 7, 8, 3, 8, 3, 6, 7, 5, 6, 6, 7, 8, 5, 5, 5, 3, 2, 2, 7, 6, 8,
       8, 2, 7, 7, 2, 5, 6, 6, 7, 6, 8, 8, 8, 2, 2, 5, 3, 2, 6, 7, 2, 2, 5,
       4, 6, 6, 2, 3, 2, 2, 6, 2, 2, 3, 7, 6, 2, 3, 3, 8, 2, 3]), 'fpos': array([1, 0, 1, 0, 5, 0, 5, 2, 1, 3, 2, 2, 1, 0, 3, 3, 3, 5, 6, 6, 1, 2, 0,
       0, 6, 1, 1, 6, 3, 2, 2, 1, 2, 0, 0, 0, 6, 6, 3, 5, 6, 2, 1, 6, 6, 3,
       4, 2, 2, 6, 5, 6, 6, 2, 6, 6, 5, 1, 2, 6, 5, 5, 0, 6, 5]), 'threshold': [0.2864930364079602, 0.43004423354687255, 0.23922931625248128, 0.66177677533364276, 0.14777370500731757, 0.44751456980058935, 0.13986200301769267, 0.19665231918627393, 0.2424193798195638, 0.17455874760320869, 0.22825031009987756, 0.20965188764747531, 0.27988076865168948, 0.37071046684805248, 0.17454741016808781, 0.16672878054661217, 0.18212219360532056, 0.1346417538049399, 0.12636731665508716, 0.075893252951810403, 0.23688425415548844, 0.21418802804560461, 0.6164348344532623, 0.53402723077539693, 0.10865904521755726, 0.26774580672151654, 0.26807644033819722, 0.091821713126429338, 0.18299300708502911, 0.18527927143641815, 0.19240507633154039, 0.23866202684160492, 0.21239476630756465, 0.32148802330786802, 0.57959444061723775, 0.7888174330348019, 0.10564810496484749, 0.10352995792491423, 0.17058905614198655, 0.13994970363735154, 0.081737355907113521, 0.21296192867335217, 0.28154737902606858, 0.11265141439374539, 0.09868545322665756, 0.1776908624666074, 0.16368141731841904, 0.21074151331540098, 0.18829480300716039, 0.092894147830298479, 0.15540727005719229, 0.11968181926644884, 0.13113441141322224, 0.20313246171980268, 0.10589851861798369, 0.084445524523852025, 0.15092989378920241, 0.24448635329855956, 0.19470526222040407, 0.084709062781552893, 0.14561179379918013, 0.13299341961150268, 0.54345818442831395, 0.12506334171245173, 0.15715255875260492], 'fneg': array([5, 5, 3, 5, 1, 5, 1, 2, 3, 1, 2, 2, 5, 5, 1, 1, 1, 1, 1, 0, 2, 2, 5,
       5, 1, 5, 5, 0, 1, 1, 2, 3, 2, 5, 5, 6, 1, 1, 1, 1, 0, 2, 5, 1, 1, 1,
       1, 2, 2, 0, 1, 1, 1, 2, 1, 0, 1, 3, 2, 0, 1, 1, 5, 1, 1]), 'sensitivity': array([1, 1, 1, 1, 1, 1, 1, 1, 1, 1, 1, 1, 1, 1, 1, 1, 1, 1, 1, 1, 1, 1, 1,
       1, 1, 1, 1, 1, 1, 1, 1, 1, 1, 1, 1, 1, 1, 1, 1, 1, 1, 1, 1, 1, 1, 1,
       1, 1, 1, 1, 1, 1, 1, 1, 1, 1, 1, 1, 1, 1, 1, 1, 1, 1, 1]), 'tpos': array([2, 2, 4, 2, 6, 2, 6, 5, 4, 6, 5, 5, 2, 2, 6, 6, 6, 6, 6, 7, 5, 5, 2,
       2, 6, 2, 2, 7, 6, 6, 5, 4, 5, 2, 2, 1, 6, 6, 6, 6, 7, 5, 2, 6, 6, 6,
       6, 5, 5, 7, 6, 6, 6, 5, 6, 7, 6, 4, 5, 7, 6, 6, 2, 6, 6])}], <Model object at 0x0000000000000A34>)
#adalasso
([{'specificity': array([0.85714286, 0.98412698, 0.92063492, 0.93650794, 0.36507937,
       0.42857143, 0.77777778, 0.76190476, 0.55555556, 0.87301587,
       0.31746032, 0.047619048, 0.79365079, 0.84126984, 0.47619048,
       0.88888889, 0.6984127, 0.15873016, 0.57142857, 0.3968254,
       0.28571429, 0.73015873, 0.82539683, 0.95238095, 0.25396825,
       0.52380952, 0.11111111, 0.68253968, 0.33333333, 0.46031746,
       0.66666667, 0.96825397, 1.0, 0.23809524, 0.6031746, 0.063492063,
       0.20634921, 0.095238095, 0.031746032, 0.34920635, 0.26984127,
       0.80952381, 0.17460317, 0.015873016, 0.38095238, 0.74603175,
       0.9047619, 0.44444444, 0.53968254, 0.71428571, 0.50793651,
       0.12698413, 0.63492063, 0.49206349, 0.61904762, 0.22222222,
       0.65079365, 0.14285714, 0.41269841, 0.58730159, 0.19047619,
       0.3015873, 0.079365079]), 'tneg': array([12, 12, 12, 12,  3,  3, 10, 10,  6, 12,  2,  0, 11, 12,  4, 12,  9,
        0,  7,  3,  1, 10, 11, 12,  0,  5,  0,  9,  2,  3,  9, 12, 12,  0,
        7,  0,  0,  0,  0,  2,  0, 11,  0,  0,  3, 10, 12,  3,  6,  9,  5,
        0,  7,  5,  7,  0,  9,  0,  3,  7,  0,  2,  0]), 'fpos': array([ 0,  0,  0,  0,  9,  9,  2,  2,  6,  0, 10, 12,  1,  0,  8,  0,  3,
       12,  5,  9, 11,  2,  1,  0, 12,  7, 12,  3, 10,  9,  3,  0,  0, 12,
        5, 12, 12, 12, 12, 10, 12,  1, 12, 12,  9,  2,  0,  9,  6,  3,  7,
       12,  5,  7,  5, 12,  3, 12,  9,  5, 12, 10, 12]), 'threshold': [0.26916863038349348, 0.42456463310405523, 0.34568382947152471, 0.38303508824758703, 0.11846775589193861, 0.12446442744197854, 0.2244197283453698, 0.22332260291224426, 0.14200578381123866, 0.29597812758047159, 0.11624648703528703, 0.10254777665993343, 0.23829426499467826, 0.26616365726999403, 0.12540564825081677, 0.30830255375043286, 0.19613434257405404, 0.11034909113790915, 0.14646250240047115, 0.12142165432953263, 0.11530180628647301, 0.20117381630363743, 0.24815219903679978, 0.40887119911168546, 0.11397108993482691, 0.13508775818004629, 0.10536298242537463, 0.18656612121956992, 0.11649066770654405, 0.12503307362557506, 0.17256405718727019, 0.41218089793809398, 0.56589885431663234, 0.11331292955284081, 0.14819299929300381, 0.10274125908428584, 0.11266618800660548, 0.10527264038366772, 0.099854603568271291, 0.11683194861530027, 0.11472782436850089, 0.24177132946752433, 0.11124865904575648, 0.09585211607570239, 0.11853156374134111, 0.21266758387333554, 0.34085597140242357, 0.12485639013985579, 0.14006677100620077, 0.19940001567970608, 0.13329094214481008, 0.10583095646631993, 0.15469474877564593, 0.13216618059406493, 0.1543678819941284, 0.11325779419393174, 0.16767688258200764, 0.10952479675285712, 0.12287467518420495, 0.14706781438993216, 0.11262273919745312, 0.11616934205012713, 0.10276725699918488], 'fneg': array([5, 5, 5, 5, 0, 1, 5, 5, 1, 5, 0, 0, 5, 5, 1, 5, 5, 0, 1, 1, 0, 5, 5,
       5, 0, 1, 0, 4, 0, 1, 3, 5, 5, 0, 1, 0, 0, 0, 0, 0, 0, 5, 0, 0, 0, 5,
       5, 1, 1, 5, 1, 0, 2, 1, 2, 0, 3, 0, 1, 1, 0, 0, 0]), 'sensitivity': array([1, 1, 1, 1, 1, 1, 1, 1, 1, 1, 1, 1, 1, 1, 1, 1, 1, 1, 1, 1, 1, 1, 1,
       1, 1, 1, 1, 1, 1, 1, 1, 1, 1, 1, 1, 1, 1, 1, 1, 1, 1, 1, 1, 1, 1, 1,
       1, 1, 1, 1, 1, 1, 1, 1, 1, 1, 1, 1, 1, 1, 1, 1, 1]), 'tpos': array([0, 0, 0, 0, 5, 4, 0, 0, 4, 0, 5, 5, 0, 0, 4, 0, 0, 5, 4, 4, 5, 0, 0,
       0, 5, 4, 5, 1, 5, 4, 2, 0, 0, 5, 4, 5, 5, 5, 5, 5, 5, 0, 5, 5, 5, 0,
       0, 4, 4, 0, 4, 5, 3, 4, 3, 5, 2, 5, 4, 4, 5, 5, 5])}, {'specificity': array([0.875, 0.78125, 0.640625, 0.25, 0.3125, 0.75, 0.421875, 0.96875,
       0.5625, 0.453125, 0.34375, 0.9375, 0.828125, 0.90625, 0.796875,
       0.734375, 0.6875, 0.546875, 0.921875, 0.765625, 0.59375, 0.671875,
       0.5, 0.53125, 0.515625, 0.8125, 0.984375, 0.328125, 0.078125,
       0.484375, 0.359375, 0.21875, 0.65625, 0.859375, 0.046875, 0.265625,
       0.09375, 0.15625, 0.125, 1.0, 0.1875, 0.171875, 0.625, 0.71875,
       0.953125, 0.375, 0.84375, 0.890625, 0.609375, 0.40625, 0.703125,
       0.46875, 0.109375, 0.140625, 0.4375, 0.390625, 0.03125, 0.578125,
       0.296875, 0.28125, 0.0625, 0.203125, 0.234375, 0.015625]), 'tneg': array([0, 0, 0, 0, 0, 0, 0, 0, 0, 0, 0, 0, 0, 0, 0, 0, 0, 0, 0, 0, 0, 0, 0,
       0, 0, 0, 0, 0, 0, 0, 0, 0, 0, 0, 0, 0, 0, 0, 0, 0, 0, 0, 0, 0, 0, 0,
       0, 0, 0, 0, 0, 0, 0, 0, 0, 0, 0, 0, 0, 0, 0, 0, 0, 0]), 'fpos': array([11, 11, 11, 11, 11, 11, 11, 11, 11, 11, 11, 11, 11, 11, 11, 11, 11,
       11, 11, 11, 11, 11, 11, 11, 11, 11, 11, 11, 11, 11, 11, 11, 11, 11,
       11, 11, 11, 11, 11, 11, 11, 11, 11, 11, 11, 11, 11, 11, 11, 11, 11,
       11, 11, 11, 11, 11, 11, 11, 11, 11, 11, 11, 11, 11]), 'threshold': [0.40400335476123689, 0.27672755337122801, 0.14318785941296394, 0.036708888615360105, 0.048989341310996616, 0.24527332097239141, 0.079858239238947901, 0.46983793055885975, 0.12440801731315361, 0.081244442648496173, 0.057532973636020356, 0.43948158692775252, 0.34869766065615354, 0.42555157372535218, 0.28338613637375587, 0.24145294122133265, 0.16367236518890893, 0.10932665355227655, 0.43078693318579758, 0.26622795789265619, 0.12911668518339578, 0.1556933429810933, 0.093969436314648241, 0.10731704701029866, 0.094876026748957371, 0.31179052079155478, 0.59137433262953931, 0.053539034605013136, 0.022335312908554658, 0.088331810830607496, 0.065798083157397907, 0.035797559340387176, 0.1473983865757571, 0.38064553427814185, 0.01488396210370849, 0.037826576186287195, 0.024579116370403296, 0.031503711852216405, 0.025988065465804375, 0.61803076342170882, 0.034853333636707028, 0.033950447111998183, 0.14183962680872039, 0.22528027068987255, 0.44476084305858354, 0.076254808688135792, 0.37406697088377111, 0.41842560075070218, 0.13048652219556192, 0.077522500402960604, 0.20027066715574049, 0.08404750893195094, 0.024694012216989827, 0.031430361158256696, 0.080492478832043884, 0.0765528010018834, 0.014246934597449419, 0.12699730213104357, 0.045174476830138963, 0.042779907293247224, 0.019243626508384074, 0.035606267024785955, 0.035840284610600258, 0.011030490519710215], 'fneg': array([0, 0, 0, 0, 0, 0, 0, 0, 0, 0, 0, 0, 0, 0, 0, 0, 0, 0, 0, 0, 0, 0, 0,
       0, 0, 0, 0, 0, 0, 0, 0, 0, 0, 0, 0, 0, 0, 0, 0, 0, 0, 0, 0, 0, 0, 0,
       0, 0, 0, 0, 0, 0, 0, 0, 0, 0, 0, 0, 0, 0, 0, 0, 0, 0]), 'sensitivity': array([1, 1, 1, 1, 1, 1, 1, 1, 1, 1, 1, 1, 1, 1, 1, 1, 1, 1, 1, 1, 1, 1, 1,
       1, 1, 1, 1, 1, 1, 1, 1, 1, 1, 1, 1, 1, 1, 1, 1, 1, 1, 1, 1, 1, 1, 1,
       1, 1, 1, 1, 1, 1, 1, 1, 1, 1, 1, 1, 1, 1, 1, 1, 1, 1]), 'tpos': array([5, 5, 5, 5, 5, 5, 5, 5, 5, 5, 5, 5, 5, 5, 5, 5, 5, 5, 5, 5, 5, 5, 5,
       5, 5, 5, 5, 5, 5, 5, 5, 5, 5, 5, 5, 5, 5, 5, 5, 5, 5, 5, 5, 5, 5, 5,
       5, 5, 5, 5, 5, 5, 5, 5, 5, 5, 5, 5, 5, 5, 5, 5, 5, 5])}, {'specificity': array([0.984375, 0.890625, 0.21875, 0.859375, 0.15625, 0.75, 0.921875,
       0.515625, 0.609375, 0.546875, 0.8125, 0.96875, 0.84375, 0.875,
       0.9375, 0.765625, 0.78125, 0.5625, 0.359375, 0.34375, 0.59375,
       0.640625, 0.578125, 0.828125, 1.0, 0.421875, 0.4375, 0.671875,
       0.40625, 0.203125, 0.296875, 0.6875, 0.484375, 0.796875, 0.28125,
       0.109375, 0.140625, 0.03125, 0.90625, 0.953125, 0.234375, 0.265625,
       0.53125, 0.328125, 0.71875, 0.46875, 0.734375, 0.5, 0.125, 0.65625,
       0.3125, 0.375, 0.046875, 0.1875, 0.078125, 0.453125, 0.015625,
       0.703125, 0.625, 0.171875, 0.09375, 0.25, 0.390625, 0.0625]), 'tneg': array([13, 13,  1, 13,  0, 10, 13,  6,  8,  7, 13, 13, 13, 13, 13, 10, 10,
        7,  1,  1,  8,  9,  7, 13, 13,  1,  1,  9,  1,  1,  1,  9,  3, 11,
        1,  0,  0,  0, 13, 13,  1,  1,  6,  1,  9,  2, 10,  4,  0,  9,  1,
        1,  0,  0,  0,  1,  0,  9,  8,  0,  0,  1,  1,  0]), 'fpos': array([ 0,  0, 12,  0, 13,  3,  0,  7,  5,  6,  0,  0,  0,  0,  0,  3,  3,
        6, 12, 12,  5,  4,  6,  0,  0, 12, 12,  4, 12, 12, 12,  4, 10,  2,
       12, 13, 13, 13,  0,  0, 12, 12,  7, 12,  4, 11,  3,  9, 13,  4, 12,
       12, 13, 13, 13, 12, 13,  4,  5, 13, 13, 12, 12, 13]), 'threshold': [0.7787785547735675, 0.6093446567278652, 0.045665215171993956, 0.58225742530825042, 0.033877540919743515, 0.32902815799293195, 0.63702289095039255, 0.1294140875286238, 0.16276162907679584, 0.13327990484488431, 0.48569818247713226, 0.68931650455579774, 0.51632388046874178, 0.59638866565747128, 0.64106327364533144, 0.35026091061043957, 0.37381894828044759, 0.13538742564886333, 0.070084457850902462, 0.069561772325704638, 0.15106416153866389, 0.17214996447625663, 0.14455448415980887, 0.50155944973091526, 0.82106753972065838, 0.093119105133398564, 0.094246660490834161, 0.18642748060727063, 0.078903462524097231, 0.045265606394100086, 0.061075703843608414, 0.19060774381487622, 0.11366391036093536, 0.45606352930891203, 0.060423547484323346, 0.023261747009096084, 0.033761700986386825, 0.014438552323263841, 0.62105214136131426, 0.68923279568630402, 0.046440875272016111, 0.052143517316934986, 0.12989984520676845, 0.066584135218235752, 0.27206603054096462, 0.10466673904490163, 0.29469573743324062, 0.12199110191536593, 0.025031291127361851, 0.18632271697778507, 0.064468411069455916, 0.07092934394561963, 0.016676769823400855, 0.038356035228786035, 0.018468243373565979, 0.096063124404719369, 0.010649570129865123, 0.22478848022192638, 0.16398287703287631, 0.038261426441024315, 0.022862246828273175, 0.049499300498709292, 0.076799079577566487, 0.017182816810506735], 'fneg': array([3, 2, 1, 2, 1, 2, 2, 2, 2, 2, 2, 2, 2, 2, 2, 2, 2, 2, 1, 1, 2, 2, 2,
       2, 3, 1, 1, 2, 1, 1, 1, 2, 2, 2, 1, 1, 1, 0, 2, 2, 1, 1, 2, 1, 2, 2,
       2, 2, 1, 2, 1, 1, 0, 1, 1, 1, 0, 2, 2, 1, 1, 1, 1, 0]), 'sensitivity': array([1, 1, 1, 1, 1, 1, 1, 1, 1, 1, 1, 1, 1, 1, 1, 1, 1, 1, 1, 1, 1, 1, 1,
       1, 1, 1, 1, 1, 1, 1, 1, 1, 1, 1, 1, 1, 1, 1, 1, 1, 1, 1, 1, 1, 1, 1,
       1, 1, 1, 1, 1, 1, 1, 1, 1, 1, 1, 1, 1, 1, 1, 1, 1, 1]), 'tpos': array([0, 1, 2, 1, 2, 1, 1, 1, 1, 1, 1, 1, 1, 1, 1, 1, 1, 1, 2, 2, 1, 1, 1,
       1, 0, 2, 2, 1, 2, 2, 2, 1, 1, 1, 2, 2, 2, 3, 1, 1, 2, 2, 1, 2, 1, 1,
       1, 1, 2, 1, 2, 2, 3, 2, 2, 2, 3, 1, 1, 2, 2, 2, 2, 3])}, {'specificity': array([0.875, 0.859375, 0.984375, 0.96875, 0.953125, 0.296875, 0.375, 0.5,
       0.71875, 0.84375, 0.734375, 0.078125, 0.9375, 0.796875, 0.34375,
       0.65625, 0.90625, 0.890625, 0.578125, 0.390625, 0.046875, 0.140625,
       0.484375, 0.59375, 0.171875, 0.828125, 0.8125, 0.5625, 0.3125,
       0.109375, 0.453125, 0.234375, 0.515625, 0.6875, 0.421875, 0.015625,
       1.0, 0.21875, 0.78125, 0.1875, 0.203125, 0.15625, 0.40625, 0.328125,
       0.703125, 0.625, 0.09375, 0.25, 0.921875, 0.265625, 0.359375,
       0.765625, 0.75, 0.609375, 0.4375, 0.640625, 0.28125, 0.46875,
       0.671875, 0.0625, 0.546875, 0.125, 0.53125, 0.03125]), 'tneg': array([11, 11, 14, 14, 14,  5,  5,  5,  9, 10,  9,  2, 14, 10,  5,  7, 13,
       13,  6,  5,  1,  3,  5,  6,  4, 10, 10,  6,  5,  2,  5,  5,  5,  8,
        5,  1, 14,  5, 10,  5,  5,  3,  5,  5,  8,  7,  2,  5, 14,  5,  5,
       10,  9,  7,  5,  7,  5,  5,  7,  2,  6,  3,  6,  1]), 'fpos': array([ 3,  3,  0,  0,  0,  9,  9,  9,  5,  4,  5, 12,  0,  4,  9,  7,  1,
        1,  8,  9, 13, 11,  9,  8, 10,  4,  4,  8,  9, 12,  9,  9,  9,  6,
        9, 13,  0,  9,  4,  9,  9, 11,  9,  9,  6,  7, 12,  9,  0,  9,  9,
        4,  5,  7,  9,  7,  9,  9,  7, 12,  8, 11,  8, 13]), 'threshold': [0.20218480822094773, 0.20217840370762391, 0.20250529612837034, 0.2024853972611125, 0.20246658902877615, 0.20193210891948624, 0.20196608490212481, 0.20199457766578233, 0.20207644162564883, 0.20212180377266939, 0.20207832716036467, 0.20188009593759887, 0.20225870407292348, 0.20210737094273931, 0.20194983176876163, 0.20205022018123636, 0.20223131056488375, 0.20221661945217132, 0.20201160174790589, 0.20196739410507472, 0.20185052925093477, 0.2018954519514824, 0.20199275379753312, 0.20203420779744591, 0.20190371181779107, 0.20212106827286411, 0.20211352645957456, 0.20200756859144842, 0.20194065442528325, 0.20189156635285688, 0.20198825166950157, 0.20192248890282172, 0.2019968219460746, 0.2020636371581524, 0.20197150786031479, 0.20184162892052135, 0.20253987549102731, 0.20191760071485232, 0.20209876553192235, 0.20190774414375132, 0.20191094533472129, 0.20190174416801082, 0.20196943408871543, 0.20194065514376661, 0.20206423161476902, 0.20204098121194772, 0.20188795809046042, 0.20192285171277194, 0.20225167345089298, 0.20192646978081721, 0.20196080791564361, 0.20208814322334723, 0.20207967213044112, 0.20204091508696268, 0.20198110375202993, 0.20204926133779227, 0.20192924371367713, 0.20199206607735587, 0.20205639739954798, 0.20186663634797189, 0.20200471213255014, 0.20189502705363149, 0.20199886771756734, 0.20184814902736381], 'fneg': array([1, 1, 2, 2, 2, 0, 0, 0, 1, 1, 1, 0, 2, 1, 0, 1, 2, 2, 1, 0, 0, 0, 0,
       1, 0, 1, 1, 1, 0, 0, 0, 0, 0, 1, 0, 0, 2, 0, 1, 0, 0, 0, 0, 0, 1, 1,
       0, 0, 2, 0, 0, 1, 1, 1, 0, 1, 0, 0, 1, 0, 1, 0, 0, 0]), 'sensitivity': array([1, 1, 1, 1, 1, 1, 1, 1, 1, 1, 1, 1, 1, 1, 1, 1, 1, 1, 1, 1, 1, 1, 1,
       1, 1, 1, 1, 1, 1, 1, 1, 1, 1, 1, 1, 1, 1, 1, 1, 1, 1, 1, 1, 1, 1, 1,
       1, 1, 1, 1, 1, 1, 1, 1, 1, 1, 1, 1, 1, 1, 1, 1, 1, 1]), 'tpos': array([1, 1, 0, 0, 0, 2, 2, 2, 1, 1, 1, 2, 0, 1, 2, 1, 0, 0, 1, 2, 2, 2, 2,
       1, 2, 1, 1, 1, 2, 2, 2, 2, 2, 1, 2, 2, 0, 2, 1, 2, 2, 2, 2, 2, 1, 1,
       2, 2, 0, 2, 2, 1, 1, 1, 2, 1, 2, 2, 1, 2, 1, 2, 2, 2])}, {'specificity': array([0.89230769, 0.90769231, 0.84615385, 1.0, 0.046153846, 0.96923077,
       0.56923077, 0.98461538, 0.55384615, 0.30769231, 0.78461538,
       0.66153846, 0.86153846, 0.76923077, 0.6, 0.58461538, 0.8,
       0.43076923, 0.030769231, 0.87692308, 0.72307692, 0.50769231,
       0.52307692, 0.33846154, 0.38461538, 0.70769231, 0.73846154,
       0.92307692, 0.95384615, 0.46153846, 0.44615385, 0.15384615,
       0.47692308, 0.36923077, 0.41538462, 0.29230769, 0.18461538,
       0.75384615, 0.21538462, 0.061538462, 0.16923077, 0.12307692,
       0.93846154, 0.83076923, 0.076923077, 0.27692308, 0.53846154,
       0.61538462, 0.64615385, 0.81538462, 0.69230769, 0.49230769,
       0.26153846, 0.67692308, 0.24615385, 0.13846154, 0.092307692,
       0.35384615, 0.32307692, 0.015384615, 0.4, 0.63076923, 0.10769231,
       0.2, 0.23076923]), 'tneg': array([0, 0, 0, 0, 0, 0, 0, 0, 0, 0, 0, 0, 0, 0, 0, 0, 0, 0, 0, 0, 0, 0, 0,
       0, 0, 0, 0, 0, 0, 0, 0, 0, 0, 0, 0, 0, 0, 0, 0, 0, 0, 0, 0, 0, 0, 0,
       0, 0, 0, 0, 0, 0, 0, 0, 0, 0, 0, 0, 0, 0, 0, 0, 0, 0, 0]), 'fpos': array([13, 13, 13, 13, 13, 13, 13, 13, 13, 13, 13, 13, 13, 13, 13, 13, 13,
       13, 13, 13, 13, 13, 13, 13, 13, 13, 13, 13, 13, 13, 13, 13, 13, 13,
       13, 13, 13, 13, 13, 13, 13, 13, 13, 13, 13, 13, 13, 13, 13, 13, 13,
       13, 13, 13, 13, 13, 13, 13, 13, 13, 13, 13, 13, 13, 13]), 'threshold': [0.93283707556943429, 0.93758799662810943, 0.900220923805372, 0.98074508783254211, 2.8390158018751242e-05, 0.96771014048575243, 0.031804071608703591, 0.97571836765071795, 0.01839143266559003, 0.0010638515777897093, 0.80152497568954573, 0.062211816739065076, 0.9093421765138775, 0.21552740557123276, 0.040966110962911986, 0.037228663283423363, 0.81039835856697018, 0.0056044235468587656, 1.4257628778339187e-05, 0.91301918566240525, 0.078317021672389561, 0.014189172517971254, 0.016402574905366712, 0.0022307647751274142, 0.0037759350537389528, 0.072824470450027781, 0.08556168677654262, 0.94522934023512772, 0.96373907384254087, 0.0078058462738247163, 0.0060595225672052007, 0.00011936583556492425, 0.0086131010435404522, 0.0036701326931367576, 0.0050626307052555478, 0.00099548043369338413, 0.00026203972244472366, 0.12190374466308875, 0.00033890099446372035, 3.9632101254540786e-05, 0.00019088628114453341, 9.0716643048750198e-05, 0.95735021846002155, 0.87117791992556159, 4.6975723140786879e-05, 0.00078563017085934007, 0.018058951213857467, 0.042745821825200904, 0.053713513072632925, 0.8441329707723545, 0.070423199217475557, 0.010721468479315561, 0.00075104917352018243, 0.062707742565981453, 0.00066060606323817554, 0.00011931586689319165, 5.9042420887631274e-05, 0.0027406031065649113, 0.0012401084169307215, 2.1671492941202218e-06, 0.0049902250478044219, 0.050513966709766621, 6.9316438130132487e-05, 0.00030347345440347563, 0.00055717013137462012], 'fneg': array([0, 0, 0, 0, 0, 0, 0, 0, 0, 0, 0, 0, 0, 0, 0, 0, 0, 0, 0, 0, 0, 0, 0,
       0, 0, 0, 0, 0, 0, 0, 0, 0, 0, 0, 0, 0, 0, 0, 0, 0, 0, 0, 0, 0, 0, 0,
       0, 0, 0, 0, 0, 0, 0, 0, 0, 0, 0, 0, 0, 0, 0, 0, 0, 0, 0]), 'sensitivity': array([1, 1, 1, 1, 1, 1, 1, 1, 1, 1, 1, 1, 1, 1, 1, 1, 1, 1, 1, 1, 1, 1, 1,
       1, 1, 1, 1, 1, 1, 1, 1, 1, 1, 1, 1, 1, 1, 1, 1, 1, 1, 1, 1, 1, 1, 1,
       1, 1, 1, 1, 1, 1, 1, 1, 1, 1, 1, 1, 1, 1, 1, 1, 1, 1, 1]), 'tpos': array([2, 2, 2, 2, 2, 2, 2, 2, 2, 2, 2, 2, 2, 2, 2, 2, 2, 2, 2, 2, 2, 2, 2,
       2, 2, 2, 2, 2, 2, 2, 2, 2, 2, 2, 2, 2, 2, 2, 2, 2, 2, 2, 2, 2, 2, 2,
       2, 2, 2, 2, 2, 2, 2, 2, 2, 2, 2, 2, 2, 2, 2, 2, 2, 2, 2])}], <Model object at 0x0000000000000D60>)
#adalasso
([{'specificity': array([0.890625, 0.84375, 0.9375, 0.921875, 0.171875, 0.671875, 0.828125,
       0.59375, 0.5, 0.484375, 0.359375, 0.609375, 0.984375, 0.96875,
       0.703125, 0.859375, 0.875, 0.6875, 0.296875, 0.328125, 0.40625,
       0.171875, 0.546875, 0.53125, 0.78125, 0.125, 0.3125, 0.734375,
       0.71875, 0.03125, 0.34375, 0.265625, 0.375, 0.578125, 0.578125,
       0.65625, 0.8125, 0.953125, 1.0, 0.90625, 0.09375, 0.078125, 0.1875,
       0.28125, 0.0625, 0.421875, 0.625, 0.46875, 0.390625, 0.453125,
       0.4375, 0.796875, 0.109375, 0.03125, 0.046875, 0.75, 0.140625,
       0.765625, 0.640625, 0.515625, 0.234375, 0.25, 0.234375, 0.234375]), 'tneg': array([11, 10, 11, 11,  4,  6, 10,  6,  6,  6,  4,  6, 13, 13,  6, 11, 11,
        6,  4,  4,  5,  4,  6,  6,  7,  4,  4,  6,  6,  0,  4,  4,  4,  6,
        6,  6, 10, 13, 13, 11,  4,  4,  4,  4,  4,  6,  6,  6,  5,  6,  6,
       10,  4,  0,  2,  6,  4,  6,  6,  6,  4,  4,  4,  4]), 'fpos': array([ 2,  3,  2,  2,  9,  7,  3,  7,  7,  7,  9,  7,  0,  0,  7,  2,  2,
        7,  9,  9,  8,  9,  7,  7,  6,  9,  9,  7,  7, 13,  9,  9,  9,  7,
        7,  7,  3,  0,  0,  2,  9,  9,  9,  9,  9,  7,  7,  7,  8,  7,  7,
        3,  9, 13, 11,  7,  9,  7,  7,  7,  9,  9,  9,  9]), 'threshold': [0.42866906174203323, 0.36490277316936687, 0.51763777459055615, 0.47403533681913956, 0.18720134174338221, 0.2587253078252581, 0.33788090860013209, 0.24122165968335257, 0.23476150518229902, 0.23198223799595433, 0.19379313568343887, 0.24579929928936931, 0.56741098108841792, 0.56585696713721734, 0.26696727848991259, 0.41149685533216285, 0.41957377074664959, 0.26472351888669765, 0.19076337894239043, 0.19245848523754927, 0.20025235964709612, 0.18720134174338221, 0.24003842707793741, 0.23995981628303653, 0.29223945736856766, 0.18643692480171856, 0.19176933888163555, 0.27452774501448113, 0.26827883266151897, 0.18485522438144053, 0.19263333559039, 0.18862525503068237, 0.1960162293488254, 0.2403667679896429, 0.2403667679896429, 0.25692542008066599, 0.33046939326367808, 0.55038670791837485, 0.72030936719357153, 0.44045849394064857, 0.18602542975721645, 0.18566227159828186, 0.18781009611956545, 0.18888098025062672, 0.18510616730913068, 0.20727031674298263, 0.24843606579349553, 0.22255370849361686, 0.19744942245417296, 0.21108361652198926, 0.21068945099131733, 0.30530196672026311, 0.18640479358942722, 0.18485522438144053, 0.18485715745315837, 0.28849233877702485, 0.18706264773336967, 0.28852785263255215, 0.25678404140694561, 0.23985893819413637, 0.18838296663967438, 0.18840016040711513, 0.18838296663967438, 0.18838296663967438], 'fneg': array([3, 3, 4, 4, 0, 1, 3, 1, 0, 0, 0, 1, 4, 4, 1, 3, 3, 1, 0, 0, 0, 0, 1,
       1, 2, 0, 0, 2, 2, 0, 0, 0, 0, 1, 1, 1, 3, 4, 4, 3, 0, 0, 0, 0, 0, 0,
       1, 0, 0, 0, 0, 2, 0, 0, 0, 2, 0, 2, 1, 1, 0, 0, 0, 0]), 'sensitivity': array([1, 1, 1, 1, 1, 1, 1, 1, 1, 1, 1, 1, 1, 1, 1, 1, 1, 1, 1, 1, 1, 1, 1,
       1, 1, 1, 1, 1, 1, 1, 1, 1, 1, 1, 1, 1, 1, 1, 1, 1, 1, 1, 1, 1, 1, 1,
       1, 1, 1, 1, 1, 1, 1, 1, 1, 1, 1, 1, 1, 1, 1, 1, 1, 1]), 'tpos': array([1, 1, 0, 0, 4, 3, 1, 3, 4, 4, 4, 3, 0, 0, 3, 1, 1, 3, 4, 4, 4, 4, 3,
       3, 2, 4, 4, 2, 2, 4, 4, 4, 4, 3, 3, 3, 1, 0, 0, 1, 4, 4, 4, 4, 4, 4,
       3, 4, 4, 4, 4, 2, 4, 4, 4, 2, 4, 2, 3, 3, 4, 4, 4, 4])}, {'specificity': array([0.89230769, 0.87692308, 0.92307692, 0.90769231, 0.47692308,
       0.75384615, 0.23076923, 0.81538462, 0.41538462, 0.58461538,
       0.44615385, 0.84615385, 0.98461538, 0.73846154, 0.67692308,
       0.83076923, 0.13846154, 0.32307692, 0.46153846, 0.56923077,
       0.36923077, 0.35384615, 0.93846154, 0.2, 0.38461538, 0.78461538,
       0.30769231, 0.70769231, 0.50769231, 0.15384615, 0.76923077,
       0.95384615, 1.0, 0.96923077, 0.6, 0.86153846, 0.27692308,
       0.49230769, 0.061538462, 0.26153846, 0.61538462, 0.43076923,
       0.18461538, 0.076923077, 0.69230769, 0.63076923, 0.72307692,
       0.21538462, 0.55384615, 0.030769231, 0.046153846, 0.092307692,
       0.10769231, 0.64615385, 0.29230769, 0.12307692, 0.66153846, 0.8,
       0.16923077, 0.52307692, 0.53846154, 0.33846154, 0.4, 0.24615385,
       0.015384615]), 'tneg': array([10, 10, 10, 10,  7,  9,  3,  9,  7,  7,  7,  9, 11,  9,  9,  9,  3,
        4,  7,  7,  5,  5, 10,  3,  6,  9,  4,  9,  7,  3,  9, 11, 11, 11,
        9,  9,  3,  7,  1,  3,  9,  7,  3,  1,  9,  9,  9,  3,  7,  1,  1,
        1,  3,  9,  3,  3,  9,  9,  3,  7,  7,  4,  7,  3,  0]), 'fpos': array([ 1,  1,  1,  1,  4,  2,  8,  2,  4,  4,  4,  2,  0,  2,  2,  2,  8,
        7,  4,  4,  6,  6,  1,  8,  5,  2,  7,  2,  4,  8,  2,  0,  0,  0,
        2,  2,  8,  4, 10,  8,  2,  4,  8, 10,  2,  2,  2,  8,  4, 10, 10,
       10,  8,  2,  8,  8,  2,  2,  8,  4,  4,  7,  4,  8, 11]), 'threshold': [0.75726006029600201, 0.75383957396369305, 0.79263955337195813, 0.7814501781177482, 0.15947187435529134, 0.39696524436953617, 0.069752586516577827, 0.52137669981145196, 0.13676089777900666, 0.23302910326219883, 0.15641532045893589, 0.52638833598174561, 0.95293037535282921, 0.39480243295932871, 0.31061670836912142, 0.52147152610373648, 0.046499961104919225, 0.092643997616744106, 0.15887388751185494, 0.21693280723134018, 0.10423629016570733, 0.097148479566709883, 0.80085479808530191, 0.065520397972641337, 0.13513917785405893, 0.45754860922858115, 0.090808417624031162, 0.33997634407252525, 0.16620044344964974, 0.053397461188806977, 0.45129597871582672, 0.89579197040846081, 0.95939810921252611, 0.93332563378929878, 0.25030387750848643, 0.58896345448881982, 0.082616952451283573, 0.15993348299565369, 0.027310789997583809, 0.075283018500680379, 0.25031886056570118, 0.13879377050212446, 0.059545431653604805, 0.029354529965454523, 0.33684872558305556, 0.27844865692840493, 0.35053972395115202, 0.069571492958807324, 0.21626708569574293, 0.020411433625759683, 0.023962481445551926, 0.035252026420414771, 0.039241346352207447, 0.28829603782095276, 0.0826788058954913, 0.041374716635863132, 0.28836843151941194, 0.48412317968991075, 0.055635085883197453, 0.18164341094746409, 0.20401864980457199, 0.094340612838961266, 0.13560811278235524, 0.073401890506625767, 0.016129178943044116], 'fneg': array([5, 5, 5, 5, 1, 4, 0, 4, 0, 1, 1, 4, 5, 4, 2, 4, 0, 0, 1, 1, 0, 0, 5,
       0, 0, 4, 0, 2, 1, 0, 4, 5, 5, 5, 2, 5, 0, 1, 0, 0, 2, 0, 0, 0, 2, 2,
       2, 0, 1, 0, 0, 0, 0, 2, 0, 0, 2, 4, 0, 1, 1, 0, 0, 0, 0]), 'sensitivity': array([1, 1, 1, 1, 1, 1, 1, 1, 1, 1, 1, 1, 1, 1, 1, 1, 1, 1, 1, 1, 1, 1, 1,
       1, 1, 1, 1, 1, 1, 1, 1, 1, 1, 1, 1, 1, 1, 1, 1, 1, 1, 1, 1, 1, 1, 1,
       1, 1, 1, 1, 1, 1, 1, 1, 1, 1, 1, 1, 1, 1, 1, 1, 1, 1, 1]), 'tpos': array([0, 0, 0, 0, 4, 1, 5, 1, 5, 4, 4, 1, 0, 1, 3, 1, 5, 5, 4, 4, 5, 5, 0,
       5, 5, 1, 5, 3, 4, 5, 1, 0, 0, 0, 3, 0, 5, 4, 5, 5, 3, 5, 5, 5, 3, 3,
       3, 5, 4, 5, 5, 5, 5, 3, 5, 5, 3, 1, 5, 4, 4, 5, 5, 5, 5])}, {'specificity': array([0.87692308, 0.84615385, 0.83076923, 0.96923077, 0.27692308,
       0.70769231, 0.93846154, 0.73846154, 0.53846154, 0.63076923,
       0.61538462, 0.72307692, 0.76923077, 0.86153846, 0.90769231,
       0.67692308, 0.061538462, 0.29230769, 0.43076923, 0.6, 0.49230769,
       0.16923077, 0.75384615, 0.78461538, 0.95384615, 0.4, 0.13846154,
       0.21538462, 0.38461538, 0.076923077, 0.66153846, 0.046153846,
       0.81538462, 0.92307692, 0.98461538, 1.0, 0.52307692, 0.56923077,
       0.015384615, 0.2, 0.32307692, 0.36923077, 0.50769231, 0.47692308,
       0.12307692, 0.58461538, 0.44615385, 0.8, 0.23076923, 0.55384615,
       0.46153846, 0.33846154, 0.89230769, 0.30769231, 0.26153846,
       0.35384615, 0.18461538, 0.15384615, 0.10769231, 0.69230769,
       0.64615385, 0.41538462, 0.24615385, 0.092307692, 0.030769231]), 'tneg': array([10, 10, 10, 11,  1,  8, 10,  8,  6,  6,  6,  8,  8, 10, 10,  6,  0,
        1,  5,  6,  5,  1,  8,  8, 10,  5,  1,  1,  5,  0,  6,  0, 10, 10,
       11, 11,  6,  6,  0,  1,  1,  5,  6,  5,  1,  6,  5, 10,  1,  6,  5,
        2, 10,  1,  1,  4,  1,  1,  0,  7,  6,  5,  1,  0,  0]), 'fpos': array([ 1,  1,  1,  0, 10,  3,  1,  3,  5,  5,  5,  3,  3,  1,  1,  5, 11,
       10,  6,  5,  6, 10,  3,  3,  1,  6, 10, 10,  6, 11,  5, 11,  1,  1,
        0,  0,  5,  5, 11, 10, 10,  6,  5,  6, 10,  5,  6,  1, 10,  5,  6,
        9,  1, 10, 10,  7, 10, 10, 11,  4,  5,  6, 10, 11, 11]), 'threshold': [0.31080159370340693, 0.29781567249470614, 0.29702564246496976, 0.61043654211502929, 0.17897924299859161, 0.2571482604870966, 0.35724258666608055, 0.25984371524253858, 0.20220341771676448, 0.23210011758079244, 0.22662322979431315, 0.25785625012509344, 0.26473140673689582, 0.30039188757701862, 0.34817569070318016, 0.25062718500957426, 0.16756266933770941, 0.179499163903584, 0.19392945134258152, 0.22418687182217104, 0.19658173458045747, 0.17493809167156163, 0.26274346473093868, 0.26590299070937606, 0.41451540951665949, 0.19128409467934432, 0.17323164169668415, 0.17760216307233967, 0.19070558357638803, 0.16846879308625962, 0.24607154478222484, 0.16744714776568812, 0.29085448475309311, 0.35275503218458132, 0.66352335761400549, 0.74140903519044787, 0.19962302630164422, 0.21458163777523917, 0.16614328308158918, 0.17550754152277362, 0.18137525884616909, 0.19057141582547765, 0.19873562364072903, 0.19514442330255036, 0.17272720445117726, 0.21879846615828222, 0.19458349457145335, 0.28335544657114098, 0.17817101108372443, 0.2128386424584845, 0.19513427982566989, 0.1861215645576767, 0.31960902577416944, 0.18101085127125072, 0.17856823052388729, 0.18774921072893944, 0.17523475825190674, 0.17492036100380662, 0.1697699851798912, 0.25453762342293856, 0.24195392310906461, 0.19240692047944627, 0.17832868230893365, 0.16850096815164101, 0.16723842370890202], 'fneg': array([3, 2, 2, 5, 2, 2, 3, 2, 2, 2, 2, 2, 2, 2, 3, 2, 0, 2, 2, 2, 2, 2, 2,
       2, 3, 2, 1, 2, 2, 0, 2, 0, 2, 3, 5, 5, 2, 2, 0, 2, 2, 2, 2, 2, 1, 2,
       2, 2, 2, 2, 2, 2, 3, 2, 2, 2, 2, 2, 0, 2, 2, 2, 2, 0, 0]), 'sensitivity': array([1, 1, 1, 1, 1, 1, 1, 1, 1, 1, 1, 1, 1, 1, 1, 1, 1, 1, 1, 1, 1, 1, 1,
       1, 1, 1, 1, 1, 1, 1, 1, 1, 1, 1, 1, 1, 1, 1, 1, 1, 1, 1, 1, 1, 1, 1,
       1, 1, 1, 1, 1, 1, 1, 1, 1, 1, 1, 1, 1, 1, 1, 1, 1, 1, 1]), 'tpos': array([2, 3, 3, 0, 3, 3, 2, 3, 3, 3, 3, 3, 3, 3, 2, 3, 5, 3, 3, 3, 3, 3, 3,
       3, 2, 3, 4, 3, 3, 5, 3, 5, 3, 2, 0, 0, 3, 3, 5, 3, 3, 3, 3, 3, 4, 3,
       3, 3, 3, 3, 3, 3, 2, 3, 3, 3, 3, 3, 5, 3, 3, 3, 3, 5, 5])}, {'specificity': array([0.86153846, 0.92307692, 0.89230769, 0.96923077, 0.98461538,
       0.78461538, 0.83076923, 0.84615385, 0.33846154, 0.4, 0.29230769,
       0.26153846, 0.70769231, 0.67692308, 0.93846154, 0.58461538, 0.6,
       0.61538462, 0.87692308, 0.38461538, 0.10769231, 0.64615385,
       0.23076923, 0.21538462, 0.030769231, 0.27692308, 0.49230769,
       0.81538462, 0.30769231, 0.015384615, 0.076923077, 0.66153846,
       0.32307692, 0.061538462, 0.046153846, 0.50769231, 0.15384615,
       0.69230769, 0.90769231, 0.95384615, 1.0, 0.76923077, 0.46153846,
       0.56923077, 0.75384615, 0.47692308, 0.13846154, 0.35384615,
       0.36923077, 0.52307692, 0.44615385, 0.8, 0.43076923, 0.72307692,
       0.41538462, 0.24615385, 0.73846154, 0.12307692, 0.55384615,
       0.63076923, 0.18461538, 0.53846154, 0.16923077, 0.2, 0.092307692]), 'tneg': array([13, 13, 13, 13, 13, 13, 13, 13,  7,  7,  7,  7, 11, 11, 13, 11, 11,
       11, 13,  7,  2, 11,  4,  4,  0,  7,  7, 13,  7,  0,  1, 11,  7,  1,
        0,  8,  2, 11, 13, 13, 13, 13,  7, 10, 12,  7,  2,  7,  7, 10,  7,
       13,  7, 12,  7,  6, 12,  2, 10, 11,  4, 10,  4,  4,  1]), 'fpos': array([ 1,  1,  1,  1,  1,  1,  1,  1,  7,  7,  7,  7,  3,  3,  1,  3,  3,
        3,  1,  7, 12,  3, 10, 10, 14,  7,  7,  1,  7, 14, 13,  3,  7, 13,
       14,  6, 12,  3,  1,  1,  1,  1,  7,  4,  2,  7, 12,  7,  7,  4,  7,
        1,  7,  2,  7,  8,  2, 12,  4,  3, 10,  4, 10, 10, 13]), 'threshold': [0.78149651648455598, 0.91675758219538128, 0.85107516084969792, 0.94941846269516839, 0.97788468343645796, 0.68246227800720827, 0.72670618870789061, 0.78133811537793851, 0.088932439903521524, 0.11666130531383068, 0.081343247948349282, 0.077301631454966088, 0.40562263263540493, 0.37233690150364179, 0.91822511916341965, 0.29789400594102422, 0.31622645993198945, 0.32260421390085681, 0.82948730590735109, 0.10951223363832524, 0.047289604464329199, 0.35662205665375601, 0.07157356997921395, 0.070828273312693368, 0.015137755325370433, 0.079098199843560424, 0.16920816588089307, 0.70267603614128105, 0.085951326576352488, 0.014843360324504722, 0.030823735979994361, 0.36396402367610436, 0.088609644281312336, 0.024833829313495204, 0.017128279130989289, 0.18612239487936241, 0.05581283443999259, 0.37673085309020954, 0.85555176325603688, 0.93840053550848679, 0.99156194317225776, 0.58053464366132079, 0.15632657191091862, 0.2762761942345241, 0.46730222790478532, 0.15738465704205001, 0.053403458615184474, 0.10185947486931433, 0.10804562618480991, 0.23250521510341332, 0.15401942571931568, 0.68436739839763994, 0.14303711094984983, 0.44369298626090869, 0.13187536505124659, 0.074988077583638554, 0.44556051994967388, 0.049761547411088347, 0.27385570942207604, 0.3447965621639541, 0.06241593413735682, 0.27353430235507165, 0.061379172438083648, 0.068684307089864088, 0.032267684494579729], 'fneg': array([2, 2, 2, 2, 2, 2, 2, 2, 2, 2, 2, 2, 2, 2, 2, 2, 2, 2, 2, 2, 1, 2, 2,
       2, 0, 2, 2, 2, 2, 0, 1, 2, 2, 0, 0, 2, 1, 2, 2, 2, 2, 2, 2, 2, 2, 2,
       1, 2, 2, 2, 2, 2, 2, 2, 2, 2, 2, 1, 2, 2, 2, 2, 2, 2, 1]), 'sensitivity': array([1, 1, 1, 1, 1, 1, 1, 1, 1, 1, 1, 1, 1, 1, 1, 1, 1, 1, 1, 1, 1, 1, 1,
       1, 1, 1, 1, 1, 1, 1, 1, 1, 1, 1, 1, 1, 1, 1, 1, 1, 1, 1, 1, 1, 1, 1,
       1, 1, 1, 1, 1, 1, 1, 1, 1, 1, 1, 1, 1, 1, 1, 1, 1, 1, 1]), 'tpos': array([0, 0, 0, 0, 0, 0, 0, 0, 0, 0, 0, 0, 0, 0, 0, 0, 0, 0, 0, 0, 1, 0, 0,
       0, 2, 0, 0, 0, 0, 2, 1, 0, 0, 2, 2, 0, 1, 0, 0, 0, 0, 0, 0, 0, 0, 0,
       1, 0, 0, 0, 0, 0, 0, 0, 0, 0, 0, 1, 0, 0, 0, 0, 0, 0, 1])}, {'specificity': array([0.89230769, 0.90769231, 0.87692308, 0.18461538, 0.78461538,
       0.72307692, 0.10769231, 0.046153846, 0.76923077, 0.64615385,
       0.86153846, 0.81538462, 0.49230769, 0.98461538, 0.69230769,
       0.84615385, 0.67692308, 0.30769231, 0.13846154, 0.33846154,
       0.16923077, 0.8, 0.44615385, 0.96923077, 0.061538462, 0.46153846,
       0.32307692, 0.47692308, 0.15384615, 0.73846154, 0.29230769,
       0.24615385, 0.21538462, 0.092307692, 0.83076923, 0.95384615, 1.0,
       0.50769231, 0.41538462, 0.43076923, 0.015384615, 0.55384615,
       0.27692308, 0.70769231, 0.52307692, 0.12307692, 0.61538462, 0.2,
       0.6, 0.93846154, 0.75384615, 0.26153846, 0.23076923, 0.4,
       0.38461538, 0.36923077, 0.56923077, 0.58461538, 0.63076923,
       0.53846154, 0.076923077, 0.35384615, 0.66153846, 0.92307692,
       0.030769231]), 'tneg': array([8, 8, 8, 2, 8, 7, 1, 1, 8, 7, 8, 8, 7, 9, 7, 8, 7, 6, 1, 6, 2, 8, 7,
       9, 1, 7, 6, 7, 2, 7, 6, 5, 3, 1, 8, 9, 9, 7, 7, 7, 0, 7, 6, 7, 7, 1,
       7, 3, 7, 9, 8, 6, 4, 6, 6, 6, 7, 7, 7, 7, 1, 6, 7, 8, 1]), 'fpos': array([1, 1, 1, 7, 1, 2, 8, 8, 1, 2, 1, 1, 2, 0, 2, 1, 2, 3, 8, 3, 7, 1, 2,
       0, 8, 2, 3, 2, 7, 2, 3, 4, 6, 8, 1, 0, 0, 2, 2, 2, 9, 2, 3, 2, 2, 8,
       2, 6, 2, 0, 1, 3, 5, 3, 3, 3, 2, 2, 2, 2, 8, 3, 2, 1, 8]), 'threshold': [0.35000019095861912, 0.36819654628220311, 0.34504457890891554, 0.16657838706568065, 0.30170552512583032, 0.26459656915759822, 0.16323309246084219, 0.16285794038788154, 0.29422087715413114, 0.23535263361110773, 0.33644254974460153, 0.32680169457752595, 0.20318773840460844, 0.41959086003313922, 0.25389688347687689, 0.33291409614832201, 0.24410879026009716, 0.18051558045957958, 0.16445395141894459, 0.18590519360144051, 0.16629671290641829, 0.30297183692841978, 0.19652110843502582, 0.41734960003809057, 0.1630728609849976, 0.19796589051256719, 0.18429423704451867, 0.19914499463886856, 0.16575440130372965, 0.28300279424439434, 0.17853911234536757, 0.17710383730067031, 0.17195866282398381, 0.1631576074322473, 0.33146653062712395, 0.40223439015462437, 0.50023504247555872, 0.20347307447049717, 0.19256261436369526, 0.19554467921081523, 0.1626257905044998, 0.21138848325754064, 0.17810564484069053, 0.26398373509298007, 0.20464410246253151, 0.16373694759026736, 0.22830320244200852, 0.17026678398069392, 0.22815124732891937, 0.38802903389333565, 0.29367240609606077, 0.17762896227186439, 0.17266927432205165, 0.19055300635235042, 0.18795315112868688, 0.18790127609661064, 0.21338477215714075, 0.2277729771647653, 0.23309491593672807, 0.21057643930239711, 0.16311255699685662, 0.1878070406886333, 0.23853346125932656, 0.37572979468087309, 0.16264880255241934], 'fneg': array([5, 5, 5, 1, 5, 5, 0, 0, 5, 5, 5, 5, 2, 5, 5, 5, 5, 2, 0, 2, 1, 5, 2,
       5, 0, 2, 2, 2, 0, 5, 1, 1, 1, 0, 5, 5, 7, 2, 2, 2, 0, 4, 1, 5, 2, 0,
       4, 1, 4, 5, 5, 1, 1, 2, 2, 2, 4, 4, 5, 4, 0, 2, 5, 5, 0]), 'sensitivity': array([1, 1, 1, 1, 1, 1, 1, 1, 1, 1, 1, 1, 1, 1, 1, 1, 1, 1, 1, 1, 1, 1, 1,
       1, 1, 1, 1, 1, 1, 1, 1, 1, 1, 1, 1, 1, 1, 1, 1, 1, 1, 1, 1, 1, 1, 1,
       1, 1, 1, 1, 1, 1, 1, 1, 1, 1, 1, 1, 1, 1, 1, 1, 1, 1, 1]), 'tpos': array([2, 2, 2, 6, 2, 2, 7, 7, 2, 2, 2, 2, 5, 2, 2, 2, 2, 5, 7, 5, 6, 2, 5,
       2, 7, 5, 5, 5, 7, 2, 6, 6, 6, 7, 2, 2, 0, 5, 5, 5, 7, 3, 6, 2, 5, 7,
       3, 6, 3, 2, 2, 6, 6, 5, 5, 5, 3, 3, 2, 3, 7, 5, 2, 2, 7])}], <Model object at 0x000000000000108C>)
