# fold = 1
# threshold = 2.04014850824
# requested specificity = 0.8
# actual training-set specificity = 0.822222222222
# tpos = 1
# tneg = 12
# fpos = 6
# fneg = 2
# raw predictions:
[2.0151523 1.9713695 1.9674768 2.0928306 1.9511478 1.8365311 2.0803124
 1.9171099 2.0770177 1.8093899 2.1019637 1.8617998 1.8781797 1.9228775
 1.7339134 2.050026 1.8176923 1.9972647 2.2515532 2.1429371 2.0113809]
# truth:
[2.5779511 1.7767012 1.1172713 2.1580608 1.5263393 1.1643529 3.3837436
 1.3031961 2.3398488 2.0318123 1.8469553 1.3483049 1.9020029 2.2000293
 1.4712917 2.1433271 2.0406023 2.6887757 1.1271048 1.5024271 1.5263393]
# fold = 2
# threshold = 1.97057880186
# requested specificity = 0.769230769231
# actual training-set specificity = 0.78
# tpos = 0
# tneg = 14
# fpos = 0
# fneg = 6
# raw predictions:
[-325.11196 -116.10693 -89.963924 -44.424884 -501.45992 -309.20147
 -262.1386 -223.982 -145.87935 -140.12003 -116.56328 -208.8046 -59.920619
 -40.440309 -40.56421 -62.34767 -17.384883 -110.71005 -54.297854 -37.947279]
# truth:
[3.3837436 2.5627685 1.8920946 1.8469553 2.8121108 1.6042261 1.687529
 1.1430148 2.2671717 2.2796669 2.7136585 2.7567882 3.3837436 2.1027766
 1.9355073 2.1598678 1.9703469 1.666518 2.1525941 1.6928469]
# fold = 3
# threshold = 2.11906389771
# requested specificity = 0.783783783784
# actual training-set specificity = 0.8
# tpos = 0
# tneg = 15
# fpos = 0
# fneg = 5
# raw predictions:
[-127.38454 -118.23983 -23.915547 -46.508054 -204.69249 -330.17325
 -213.70485 -132.31176 -73.112042 -51.358508 -55.1243 -158.43014 -182.10674
 -104.11953 -40.021217 -30.559321 -29.774058 -24.624456 -11.222745
 -6.8342174]
# truth:
[0.30103 2.5880475 2.4834446 3.3837436 2.2367891 2.2000293 1.8709888
 1.3579348 1.5024271 1.7024305 2.4637437 2.0674428 1.6884198 2.2355284
 3.3837436 2.3583156 0.61278386 1.39794 1.948413 1.9355073]
# fold = 4
# threshold = 1.99838948489
# requested specificity = 0.80487804878
# actual training-set specificity = 0.826923076923
# tpos = 3
# tneg = 9
# fpos = 4
# fneg = 4
# raw predictions:
[2.0446593 1.8808138 2.1767422 1.8921374 2.0560646 1.9422449 1.8829925
 1.8795573 1.8964229 1.9005954 1.8932169 2.1610062 2.1479805 2.0854359
 1.8823515 1.9687028 2.050572 1.8794901 1.8814765 1.8794548]
# truth:
[2.5366847 2.5375673 2.286681 1.5717088 2.4350476 3.3837436 3.3837436
 2.1664301 2.1804126 0.79934055 1.6532125 2.0338257 2.9914033 2.3380579
 0.30103 1.0374265 1.1643529 2.5161386 0.70757018 0.0]
# fold = 5
# threshold = 1.96714665044
# requested specificity = 0.666666666667
# actual training-set specificity = 0.673469387755
# tpos = 4
# tneg = 6
# fpos = 8
# fneg = 1
# raw predictions:
[1.964201 1.9634237 2.0343705 1.9972252 1.9809801 2.0502717 2.0059713
 1.9867548 1.9633856 2.0555712 2.0337691 1.9633856 2.0555712 1.9817458
 1.9634102 2.0198633 1.9659261 1.9771127 1.9633856]
# truth:
[3.2980448 1.376577 2.0297895 2.6134189 1.3384565 2.512551 1.382017
 1.6009729 1.3961993 3.3837436 1.4593925 1.3710679 2.6190933 1.6866363
 1.8000294 0.30103 1.5786392 2.1195858 0.49136169]
# fold = overall performance
# tpos = 8
# tneg = 56
# fpos = 18
# fneg = 18
