#lasso
([{'specificity': array([0.40540541, 0.18918919, 0.51351351, 0.35135135, 0.48648649,
       0.86486486, 0.94594595, 0.64864865, 0.45945946, 0.21621622,
       0.97297297, 0.37837838, 0.2972973, 0.56756757, 0.72972973,
       0.83783784, 0.54054054, 0.89189189, 0.43243243, 0.081081081,
       0.78378378, 0.27027027, 0.16216216, 0.027027027, 0.91891892,
       0.13513514, 0.62162162, 0.054054054, 0.32432432, 0.75675676,
       0.24324324, 0.67567568, 0.81081081, 1.0, 0.7027027, 0.59459459,
       0.10810811]), 'tneg': array([0, 0, 0, 0, 0, 0, 0, 0, 0, 0, 0, 0, 0, 0, 0, 0, 0, 0, 0, 0, 0, 0, 0,
       0, 0, 0, 0, 0, 0, 0, 0, 0, 0, 0, 0, 0, 0]), 'fpos': array([13, 13, 13, 13, 13, 13, 13, 13, 13, 13, 13, 13, 13, 13, 13, 13, 13,
       13, 13, 13, 13, 13, 13, 13, 13, 13, 13, 13, 13, 13, 13, 13, 13, 13,
       13, 13, 13]), 'threshold': [1.8704567411736242, 1.7678077399284582, 1.9069933528183374, 1.8608669472769079, 1.9030931917768603, 2.0275060322509098, 2.0726809844955656, 1.9400753750159567, 1.885804787609334, 1.7918130414555094, 2.08416548347042, 1.8669815873153923, 1.8496806819961797, 1.9121232773587853, 1.9883569727812178, 2.0182444733966887, 1.9085176293790487, 2.0393497320764955, 1.8785555883126268, 1.7543982266809002, 2.003106426274547, 1.7974834281429608, 1.7658072666780822, 1.6585525029092314, 2.0665818197076962, 1.7618132539248548, 1.9326004710895319, 1.678822966578384, 1.8538087621208139, 1.9891582638580982, 1.7925543162629161, 1.9465862412842325, 2.0179691545076781, 2.178984789395332, 1.9580147897291711, 1.9309760497707411, 1.7578828065819336], 'fneg': array([0, 0, 0, 0, 0, 0, 0, 0, 0, 0, 0, 0, 0, 0, 0, 0, 0, 0, 0, 0, 0, 0, 0,
       0, 0, 0, 0, 0, 0, 0, 0, 0, 0, 0, 0, 0, 0]), 'sensitivity': array([0.8, 1.0, 0.76, 0.84, 0.76, 0.36, 0.36, 0.68, 0.8, 1.0, 0.32, 0.84,
       0.88, 0.76, 0.48, 0.4, 0.76, 0.36, 0.8, 1.0, 0.44, 1.0, 1.0, 1.0,
       0.36, 1.0, 0.68, 1.0, 0.84, 0.48, 1.0, 0.64, 0.4, 0.08, 0.56, 0.68,
       1.0]), 'tpos': array([4, 4, 4, 4, 4, 4, 4, 4, 4, 4, 4, 4, 4, 4, 4, 4, 4, 4, 4, 4, 4, 4, 4,
       4, 4, 4, 4, 4, 4, 4, 4, 4, 4, 4, 4, 4, 4])}, {'specificity': array([0.26315789, 0.55263158, 0.39473684, 0.10526316, 0.81578947,
       0.92105263, 0.89473684, 0.84210526, 0.31578947, 0.23684211,
       0.52631579, 0.44736842, 0.63157895, 0.13157895, 0.68421053,
       0.57894737, 0.21052632, 0.47368421, 0.42105263, 0.10526316,
       0.94736842, 1.0, 0.10526316, 0.60526316, 0.10526316, 0.36842105,
       0.86842105, 0.71052632, 0.15789474, 0.78947368, 0.76315789, 0.5,
       0.65789474, 0.34210526, 0.28947368, 0.73684211, 0.97368421,
       0.18421053]), 'tneg': array([ 6,  9,  6,  6, 11, 11, 11, 11,  6,  6,  9,  6, 10,  6, 11,  9,  6,
        8,  6,  6, 12, 12,  6, 10,  6,  6, 11, 11,  6, 11, 11,  8, 11,  6,
        6, 11, 12,  6]), 'fpos': array([6, 3, 6, 6, 1, 1, 1, 1, 6, 6, 3, 6, 2, 6, 1, 3, 6, 4, 6, 6, 0, 0, 6,
       2, 6, 6, 1, 1, 6, 1, 1, 4, 1, 6, 6, 1, 0, 6]), 'threshold': [1.9272226437987181, 1.9415716063691657, 1.9333625770537659, 1.923952581835451, 1.9755358201692848, 2.0248187499189845, 2.0187856917317157, 1.9777746821542535, 1.9312010485023621, 1.9269912999787842, 1.9408594560403789, 1.9339601058418021, 1.9466116717583863, 1.9243262506842207, 1.9512780682988373, 1.9432288264004978, 1.9265557906423929, 1.9356701069262632, 1.9336533980305841, 1.923952581835451, 2.0484651869054296, 2.0542649318304833, 1.923952581835451, 1.9449045591892706, 1.923952581835451, 1.9332612164243737, 1.9938588546703582, 1.9560112945806882, 1.9248851784035506, 1.9719182172915084, 1.9681301920083552, 1.9362958643869928, 1.9480120765162843, 1.9320480399793167, 1.927346587366265, 1.9597106949611993, 2.0526815723181979, 1.9253737814092089], 'fneg': array([3, 4, 4, 3, 4, 4, 4, 4, 4, 3, 4, 4, 4, 3, 4, 4, 3, 4, 4, 3, 4, 4, 3,
       4, 3, 4, 4, 4, 3, 4, 4, 4, 4, 4, 3, 4, 4, 3]), 'sensitivity': array([0.76, 0.64, 0.72, 0.92, 0.36, 0.2, 0.24, 0.36, 0.72, 0.76, 0.68,
       0.68, 0.6, 0.88, 0.6, 0.64, 0.76, 0.68, 0.68, 0.92, 0.16, 0.04,
       0.92, 0.64, 0.92, 0.72, 0.28, 0.52, 0.84, 0.36, 0.4, 0.68, 0.6,
       0.72, 0.76, 0.52, 0.08, 0.84]), 'tpos': array([1, 0, 0, 1, 0, 0, 0, 0, 0, 1, 0, 0, 0, 1, 0, 0, 1, 0, 0, 1, 0, 0, 1,
       0, 1, 0, 0, 0, 1, 0, 0, 0, 0, 0, 1, 0, 0, 1])}, {'specificity': array([0.26829268, 0.12195122, 0.46341463, 0.68292683, 0.63414634,
       0.58536585, 0.90243902, 0.75609756, 0.17073171, 0.92682927,
       0.7804878, 0.43902439, 0.2195122, 0.73170732, 0.53658537,
       0.70731707, 0.87804878, 0.31707317, 1.0, 0.36585366, 0.29268293,
       0.56097561, 0.14634146, 0.34146341, 0.097560976, 0.85365854,
       0.3902439, 0.41463415, 0.073170732, 0.24390244, 0.024390244,
       0.65853659, 0.80487805, 0.19512195, 0.95121951, 0.6097561,
       0.82926829, 0.97560976, 0.48780488, 0.51219512, 0.048780488]), 'tneg': array([ 1,  1,  4,  7,  6,  6, 11, 10,  1, 11, 10,  4,  1,  9,  6,  7, 11,
        1, 11,  2,  1,  6,  1,  2,  1, 11,  2,  4,  0,  1,  0,  7, 10,  1,
       11,  6, 10, 11,  5,  5,  0]), 'fpos': array([10, 10,  7,  4,  5,  5,  0,  1, 10,  0,  1,  7, 10,  2,  5,  4,  0,
       10,  0,  9, 10,  5, 10,  9, 10,  0,  9,  7, 11, 10, 11,  4,  1, 10,
        0,  5,  1,  0,  6,  6, 11]), 'threshold': [1.7423154641563199, 1.697353943111283, 1.8285763503039247, 1.9328038974905131, 1.9057366431036149, 1.9040514024204962, 2.0323446847993414, 1.9821736765573008, 1.7283186612491333, 2.1353620462409388, 1.9885123239589491, 1.8265163459465013, 1.7379462604702134, 1.9603744593795609, 1.8817803594161924, 1.9375000481016511, 2.0267054506967574, 1.7577235343275051, 2.2021232671704274, 1.7870735734200429, 1.7509467531688094, 1.8962856722181807, 1.7106813851107887, 1.7821959071706421, 1.6761303028693626, 2.02345932214413, 1.7873763114619863, 1.8207761768955688, 1.628284383522709, 1.7414769155180432, 1.5431431232207857, 1.9313085335651987, 1.9912572660715124, 1.7325465001181637, 2.1360426055595312, 1.9050980035717675, 1.9932866713500026, 2.1734486166630975, 1.8609349915478983, 1.8715449723690472, 1.6133576951486748], 'fneg': array([1, 1, 2, 2, 2, 2, 3, 3, 1, 3, 3, 2, 1, 3, 2, 2, 3, 1, 4, 2, 1, 2, 1,
       2, 1, 3, 2, 2, 0, 1, 0, 2, 3, 1, 3, 2, 3, 3, 2, 2, 0]), 'sensitivity': array([0.86956522, 1.0, 0.7826087, 0.69565217, 0.73913043, 0.73913043,
       0.47826087, 0.56521739, 0.91304348, 0.26086957, 0.56521739,
       0.7826087, 0.86956522, 0.60869565, 0.73913043, 0.69565217,
       0.47826087, 0.86956522, 0.17391304, 0.7826087, 0.86956522,
       0.73913043, 1.0, 0.7826087, 1.0, 0.47826087, 0.7826087, 0.7826087,
       1.0, 0.86956522, 1.0, 0.69565217, 0.56521739, 0.86956522,
       0.26086957, 0.73913043, 0.56521739, 0.2173913, 0.73913043,
       0.73913043, 1.0]), 'tpos': array([3, 3, 2, 2, 2, 2, 1, 1, 3, 1, 1, 2, 3, 1, 2, 2, 1, 3, 0, 2, 3, 2, 3,
       2, 3, 1, 2, 2, 4, 3, 4, 2, 1, 3, 1, 2, 1, 1, 2, 2, 4])}, {'specificity': array([0.47368421, 0.34210526, 0.15789474, 0.63157895, 0.5, 0.73684211,
       0.94736842, 0.60526316, 0.68421053, 0.21052632, 0.89473684,
       0.81578947, 0.18421053, 0.10526316, 0.42105263, 0.39473684,
       0.71052632, 0.52631579, 0.84210526, 0.97368421, 0.57894737,
       0.23684211, 0.76315789, 0.13157895, 0.36842105, 0.65789474,
       0.078947368, 0.28947368, 0.026315789, 0.55263158, 0.44736842,
       0.26315789, 0.92105263, 0.31578947, 0.86842105, 1.0, 0.78947368,
       0.052631579]), 'tneg': array([ 6,  3,  1,  7,  6,  7, 11,  7,  7,  2,  9,  9,  1,  1,  4,  4,  7,
        6,  9, 12,  6,  2,  7,  1,  3,  7,  0,  2,  0,  6,  5,  2, 10,  3,
        9, 12,  7,  0]), 'fpos': array([ 6,  9, 11,  5,  6,  5,  1,  5,  5, 10,  3,  3, 11, 11,  8,  8,  5,
        6,  3,  0,  6, 10,  5, 11,  9,  5, 12, 10, 12,  6,  7, 10,  2,  9,
        3,  0,  5, 12]), 'threshold': [1.8530734895630643, 1.6922355877040431, 1.5555202884271322, 1.8853197423073409, 1.8623790121914172, 1.9190039511782866, 2.2338118608018944, 1.8780965168377879, 1.9048006739753616, 1.5973025455325467, 2.1078168372241, 1.9759313253387112, 1.5793557048342017, 1.523860421247409, 1.8103773951118987, 1.79630812403864, 1.9178223491369695, 1.8635040915723662, 2.0167284302256507, 2.3096435999203391, 1.8699387142362418, 1.6010067248284057, 1.9345048776487475, 1.524062721165939, 1.7766126822405233, 1.8972808464956976, 1.46359785420307, 1.635253727218692, 1.2753409037648278, 1.8671326760065727, 1.8304275232093845, 1.6149830935311906, 2.1461635440606472, 1.6805535613726979, 2.106709506220414, 2.3899017989891447, 1.9457036998310751, 1.4471620543927255], 'fneg': array([2, 1, 0, 2, 2, 2, 4, 2, 2, 1, 3, 3, 0, 0, 2, 1, 2, 2, 3, 4, 2, 1, 2,
       0, 1, 2, 0, 1, 0, 2, 2, 1, 4, 1, 3, 4, 3, 0]), 'sensitivity': array([0.8, 0.88, 1.0, 0.76, 0.76, 0.72, 0.28, 0.76, 0.72, 1.0, 0.32, 0.64,
       1.0, 1.0, 0.8, 0.8, 0.72, 0.76, 0.48, 0.16, 0.76, 1.0, 0.72, 1.0,
       0.84, 0.72, 1.0, 0.92, 1.0, 0.76, 0.8, 0.96, 0.32, 0.88, 0.32, 0.12,
       0.68, 1.0]), 'tpos': array([2, 3, 4, 2, 2, 2, 0, 2, 2, 3, 1, 1, 4, 4, 2, 3, 2, 2, 1, 0, 2, 3, 2,
       4, 3, 2, 4, 3, 4, 2, 2, 3, 0, 3, 1, 0, 1, 4])}, {'specificity': array([0.2972973, 0.45945946, 0.2972973, 0.89189189, 0.91891892,
       0.94594595, 0.75675676, 0.86486486, 0.81081081, 0.64864865,
       0.59459459, 0.32432432, 0.56756757, 0.2972973, 0.2972973,
       0.83783784, 0.48648649, 0.2972973, 0.97297297, 1.0, 0.7027027,
       0.2972973, 0.2972973, 0.37837838, 0.2972973, 0.78378378, 0.51351351,
       0.43243243, 0.72972973, 0.67567568, 0.2972973, 0.35135135,
       0.62162162, 0.54054054, 0.2972973, 0.40540541, 0.2972973]), 'tneg': array([ 2,  4,  2, 10, 10, 10,  5,  8,  6,  5,  5,  3,  5,  2,  2,  6,  5,
        2, 10, 11,  5,  2,  2,  3,  2,  5,  5,  4,  5,  5,  2,  3,  5,  5,
        2,  4,  2]), 'fpos': array([9, 7, 9, 1, 1, 1, 6, 3, 5, 6, 6, 8, 6, 9, 9, 5, 6, 9, 1, 0, 6, 9, 9,
       8, 9, 6, 6, 7, 6, 6, 9, 8, 6, 6, 9, 7, 9]), 'threshold': [1.9132811748225522, 1.9147320594563801, 1.9132811748225522, 2.0942943127858484, 2.1128692562581723, 2.139222370625522, 1.9581476429386253, 2.0767222004619224, 1.983349123504756, 1.9265246109236485, 1.919853409526467, 1.9133491115787378, 1.919799107136575, 1.9132811748225522, 1.9132811748225522, 2.0131047174881176, 1.9197330509826369, 1.9132811748225522, 2.144702680649571, 2.1483564557408847, 1.948755915315376, 1.9132811748225522, 1.9132811748225522, 1.9134034139686298, 1.9132811748225522, 1.9710295332576688, 1.9197596144893807, 1.914073848669809, 1.9579588774880479, 1.944527616237498, 1.9132811748225522, 1.9133500518798614, 1.9228720112087394, 1.9197649260153529, 1.9132811748225522, 1.9135511112974803, 1.9132811748225522], 'fneg': array([1, 1, 1, 3, 3, 4, 1, 3, 1, 1, 1, 1, 1, 1, 1, 2, 1, 1, 4, 4, 1, 1, 1,
       1, 1, 1, 1, 1, 1, 1, 1, 1, 1, 1, 1, 1, 1]), 'sensitivity': array([0.81481481, 0.66666667, 0.81481481, 0.25925926, 0.18518519,
       0.18518519, 0.48148148, 0.25925926, 0.44444444, 0.62962963,
       0.66666667, 0.77777778, 0.66666667, 0.81481481, 0.81481481,
       0.33333333, 0.66666667, 0.81481481, 0.18518519, 0.0, 0.48148148,
       0.81481481, 0.81481481, 0.74074074, 0.81481481, 0.48148148,
       0.66666667, 0.66666667, 0.48148148, 0.48148148, 0.81481481,
       0.77777778, 0.66666667, 0.66666667, 0.81481481, 0.66666667,
       0.81481481]), 'tpos': array([3, 3, 3, 1, 1, 0, 3, 1, 3, 3, 3, 3, 3, 3, 3, 2, 3, 3, 0, 0, 3, 3, 3,
       3, 3, 3, 3, 3, 3, 3, 3, 3, 3, 3, 3, 3, 3])}], <Model object at 0x00000000000003DC>)
#lasso
([{'specificity': array([0.675, 0.275, 0.15, 0.7, 0.6, 0.625, 0.45, 0.225, 0.25, 0.425, 0.2,
       0.05, 0.175, 0.35, 0.8, 0.525, 0.65, 0.875, 0.075, 0.575, 0.725,
       0.375, 0.025, 0.95, 0.4, 0.55, 0.85, 0.1, 0.125, 0.775, 0.475,
       0.325, 0.5, 0.3, 0.825, 0.975, 1.0, 0.9, 0.925, 0.75]), 'tneg': array([ 7,  2,  1,  7,  6,  6,  5,  2,  2,  5,  2,  0,  2,  4, 10,  6,  6,
       11,  1,  6,  7,  4,  0, 11,  4,  6, 10,  1,  1,  7,  5,  4,  5,  4,
       10, 11, 11, 11, 11,  7]), 'fpos': array([ 4,  9, 10,  4,  5,  5,  6,  9,  9,  6,  9, 11,  9,  7,  1,  5,  5,
        0, 10,  5,  4,  7, 11,  0,  7,  5,  1, 10, 10,  4,  6,  7,  6,  7,
        1,  0,  0,  0,  0,  4]), 'threshold': [1.8427797519142832, 1.6903057348868247, 1.6320982346844637, 1.8489936819143245, 1.7962961998953622, 1.8354162434170454, 1.74503444669126, 1.6525073057396615, 1.6773201016294335, 1.7384672401999846, 1.6408322550856329, 1.6022723748446897, 1.6371307830263358, 1.724713261277691, 1.9003740889628895, 1.7797399960568374, 1.8369040826128114, 1.9293858936873725, 1.6117911511296397, 1.7883925885249006, 1.8510748078971742, 1.7292407610744973, 1.5228485637542997, 1.9762332792796591, 1.7370863282920686, 1.7852837058796078, 1.9110390556867694, 1.6191888083288921, 1.6312377258565947, 1.8629871212166171, 1.7497040575475971, 1.7051012455978487, 1.7675171382618722, 1.705003359566408, 1.9050380637846749, 2.0007924630273584, 2.1927609808877824, 1.957664301108478, 1.9643016041243626, 1.8543516858817624], 'fneg': array([2, 0, 0, 2, 2, 2, 1, 0, 0, 0, 0, 0, 0, 0, 3, 1, 2, 4, 0, 1, 2, 0, 0,
       5, 0, 1, 3, 0, 0, 3, 1, 0, 1, 0, 3, 5, 6, 5, 5, 2]), 'sensitivity': array([0.65217391, 0.95652174, 1.0, 0.65217391, 0.82608696, 0.65217391,
       0.95652174, 1.0, 0.95652174, 0.95652174, 1.0, 1.0, 1.0, 0.95652174,
       0.60869565, 0.86956522, 0.65217391, 0.52173913, 1.0, 0.82608696,
       0.65217391, 0.95652174, 1.0, 0.34782609, 0.95652174, 0.82608696,
       0.60869565, 1.0, 1.0, 0.60869565, 0.95652174, 0.95652174,
       0.95652174, 0.95652174, 0.60869565, 0.17391304, 0.0, 0.34782609,
       0.34782609, 0.60869565]), 'tpos': array([4, 6, 6, 4, 4, 4, 5, 6, 6, 6, 6, 6, 6, 6, 3, 5, 4, 2, 6, 5, 4, 6, 6,
       1, 6, 5, 3, 6, 6, 3, 5, 6, 5, 6, 3, 1, 0, 1, 1, 4])}, {'specificity': array([0.38095238, 0.57142857, 0.47619048, 0.88095238, 0.95238095,
       0.76190476, 0.64285714, 0.85714286, 0.28571429, 0.92857143,
       0.047619048, 0.11904762, 0.97619048, 0.52380952, 0.73809524,
       0.26190476, 0.5, 0.5952381, 0.69047619, 0.71428571, 0.071428571,
       0.19047619, 0.33333333, 0.23809524, 0.4047619, 0.9047619,
       0.30952381, 0.61904762, 0.78571429, 0.80952381, 0.095238095,
       0.42857143, 0.023809524, 0.83333333, 0.45238095, 0.21428571,
       0.14285714, 0.16666667, 1.0, 0.54761905, 0.66666667, 0.35714286]), 'tneg': array([ 5, 11, 11, 14, 15, 12, 12, 14,  2, 15,  0,  1, 15, 11, 12,  1, 11,
       11, 12, 12,  0,  1,  3,  1,  8, 15,  3, 12, 12, 12,  0,  9,  0, 12,
        9,  1,  1,  1, 15, 11, 12,  3]), 'fpos': array([10,  4,  4,  1,  0,  3,  3,  1, 13,  0, 15, 14,  0,  4,  3, 14,  4,
        4,  3,  3, 15, 14, 12, 14,  7,  0, 12,  3,  3,  3, 15,  6, 15,  3,
        6, 14, 14, 14,  0,  4,  3, 12]), 'threshold': [1.7386800413511634, 1.8955064160302086, 1.8357384900547886, 2.2277857847398725, 2.3754424627218764, 2.0467249135455772, 1.9628553193489922, 2.212303942259477, 1.6146523213015491, 2.3657486884121459, 1.3669051799218073, 1.4244042493533076, 2.3837534327150864, 1.866276502235577, 1.9908181494546422, 1.5827063852242291, 1.8649930497252187, 1.9009544608575877, 1.9677980259704702, 1.9804310012893738, 1.3789777795406506, 1.5136017057519919, 1.663381417917712, 1.5266316050198299, 1.7819105157349005, 2.3414778602947468, 1.6555895053995366, 1.9406839478749673, 2.0803153085643258, 2.0881632384438231, 1.3953861768061087, 1.794863739366436, 1.2600807897026871, 2.0984828014797916, 1.7953033758701373, 1.5138315707413312, 1.5085898218956519, 1.5086607224297355, 2.4178007327213793, 1.87867884821417, 1.9644678337523058, 1.6856348812707735], 'fneg': array([0, 0, 0, 1, 1, 0, 0, 1, 0, 1, 0, 0, 1, 0, 0, 0, 0, 0, 0, 0, 0, 0, 0,
       0, 0, 1, 0, 0, 0, 0, 0, 0, 0, 0, 0, 0, 0, 0, 1, 0, 0, 0]), 'sensitivity': array([0.90909091, 0.77272727, 0.86363636, 0.40909091, 0.27272727,
       0.59090909, 0.77272727, 0.45454545, 1.0, 0.27272727, 1.0, 1.0,
       0.27272727, 0.86363636, 0.68181818, 1.0, 0.86363636, 0.77272727,
       0.72727273, 0.72727273, 1.0, 1.0, 1.0, 1.0, 0.86363636, 0.27272727,
       1.0, 0.77272727, 0.59090909, 0.59090909, 1.0, 0.86363636, 1.0,
       0.59090909, 0.86363636, 1.0, 1.0, 1.0, 0.27272727, 0.77272727,
       0.72727273, 1.0]), 'tpos': array([1, 1, 1, 0, 0, 1, 1, 0, 1, 0, 1, 1, 0, 1, 1, 1, 1, 1, 1, 1, 1, 1, 1,
       1, 1, 0, 1, 1, 1, 1, 1, 1, 1, 1, 1, 1, 1, 1, 0, 1, 1, 1])}, {'specificity': array([0.45, 0.5, 0.475, 0.4, 0.325, 0.85, 0.95, 0.775, 0.275, 0.125,
       0.875, 0.05, 0.075, 0.375, 0.625, 0.975, 0.6, 0.35, 0.175, 0.3,
       0.225, 0.9, 0.525, 0.025, 0.75, 0.575, 0.725, 0.925, 0.675, 0.25,
       0.15, 0.8, 0.1, 0.55, 0.2, 0.825, 1.0, 0.7, 0.65, 0.425]), 'tneg': array([ 5,  7,  6,  5,  4, 11, 12, 10,  4,  0, 11,  0,  0,  5,  9, 12,  9,
        5,  0,  4,  2, 12,  7,  0, 10,  8, 10, 12,  9,  2,  0, 10,  0,  8,
        0, 11, 12,  9,  9,  5]), 'fpos': array([ 7,  5,  6,  7,  8,  1,  0,  2,  8, 12,  1, 12, 12,  7,  3,  0,  3,
        7, 12,  8, 10,  0,  5, 12,  2,  4,  2,  0,  3, 10, 12,  2, 12,  4,
       12,  1,  0,  3,  3,  7]), 'threshold': [1.8475961035793855, 1.8543926363746321, 1.85063125476167, 1.8426516386493204, 1.8357076431663688, 1.9850475805783221, 2.0542305166913177, 1.9457829892272207, 1.8325642206288657, 1.7966328680450361, 2.0005472976955967, 1.7855245272910156, 1.7887096673119265, 1.8424851656654391, 1.8773333618451287, 2.1087174976528087, 1.875173406722189, 1.8400561120339274, 1.8079589002910836, 1.8342712433721979, 1.8255198193484279, 2.014917350913664, 1.8575623991903136, 1.7688661005618798, 1.9380663965103551, 1.8685064928349804, 1.9147098914873426, 2.0264827593979704, 1.8950183258510698, 1.826831527807484, 1.8012945350824918, 1.9471136200173609, 1.7952049307469173, 1.8629180659222873, 1.8133712056790785, 1.9706202676509033, 2.1491906782497177, 1.8966467665918487, 1.8852112799318737, 1.8462765789425009], 'fneg': array([0, 0, 0, 0, 0, 4, 4, 2, 0, 0, 4, 0, 0, 0, 1, 4, 1, 0, 0, 0, 0, 4, 0,
       0, 2, 1, 2, 4, 2, 0, 0, 2, 0, 1, 0, 3, 4, 2, 1, 0]), 'sensitivity': array([0.79166667, 0.70833333, 0.75, 0.83333333, 0.83333333, 0.375,
       0.29166667, 0.41666667, 0.91666667, 1.0, 0.375, 1.0, 1.0,
       0.83333333, 0.66666667, 0.29166667, 0.66666667, 0.83333333,
       0.95833333, 0.91666667, 0.91666667, 0.33333333, 0.66666667, 1.0,
       0.41666667, 0.66666667, 0.58333333, 0.33333333, 0.625, 0.91666667,
       0.95833333, 0.41666667, 1.0, 0.66666667, 0.95833333, 0.375,
       0.16666667, 0.625, 0.625, 0.79166667]), 'tpos': array([4, 4, 4, 4, 4, 0, 0, 2, 4, 4, 0, 4, 4, 4, 3, 0, 3, 4, 4, 4, 4, 0, 4,
       4, 2, 3, 2, 0, 2, 4, 4, 2, 4, 3, 4, 1, 0, 2, 3, 4])}, {'specificity': array([0.58536585, 0.34146341, 0.6097561, 0.56097561, 0.92682927, 1.0,
       0.87804878, 0.3902439, 0.51219512, 0.29268293, 0.95121951,
       0.24390244, 0.14634146, 0.12195122, 0.97560976, 0.53658537,
       0.7804878, 0.46341463, 0.70731707, 0.63414634, 0.80487805,
       0.68292683, 0.073170732, 0.2195122, 0.17073171, 0.48780488,
       0.097560976, 0.31707317, 0.85365854, 0.82926829, 0.048780488,
       0.41463415, 0.024390244, 0.65853659, 0.43902439, 0.19512195,
       0.36585366, 0.90243902, 0.26829268, 0.75609756, 0.73170732]), 'tneg': array([ 6,  1,  6,  5, 11, 11, 10,  5,  5,  0, 11,  0,  0,  0, 11,  5, 10,
        5,  7,  6, 10,  6,  0,  0,  0,  5,  0,  1, 10, 10,  0,  5,  0,  6,
        5,  0,  3, 10,  0, 10,  8]), 'fpos': array([ 6, 11,  6,  7,  1,  1,  2,  7,  7, 12,  1, 12, 12, 12,  1,  7,  2,
        7,  5,  6,  2,  6, 12, 12, 12,  7, 12, 11,  2,  2, 12,  7, 12,  6,
        7, 12,  9,  2, 12,  2,  4]), 'threshold': [1.8505887027695935, 1.6823962510773027, 1.8657696315500036, 1.8398853744843324, 2.2199680574075487, 2.4088394356975327, 2.1235607528669735, 1.7561584672475172, 1.7931127247896301, 1.6500386589552527, 2.2544447945038679, 1.607235881085936, 1.5011966670678525, 1.4999045391307644, 2.268514243611099, 1.7972418677929032, 2.0170728611894346, 1.7838392928631885, 1.9206960971145393, 1.8944513188462289, 2.0248937144621588, 1.9051722498411834, 1.4289499770945147, 1.6033807476038724, 1.5470463323776222, 1.7921847676617257, 1.4893303415244725, 1.6717929401451674, 2.0824380813500785, 2.058966464453257, 1.4217710560364019, 1.7820542746754464, 1.3117930384476058, 1.8969582741103064, 1.7827120163398156, 1.577930754900013, 1.7182052066997293, 2.1451429242185478, 1.6148963238561211, 2.0126561767181665, 1.9624979494480741], 'fneg': array([1, 0, 1, 1, 3, 3, 2, 0, 1, 0, 3, 0, 0, 0, 3, 1, 1, 1, 1, 1, 1, 1, 0,
       0, 0, 1, 0, 0, 1, 1, 0, 1, 0, 1, 1, 0, 0, 2, 0, 1, 1]), 'sensitivity': array([0.82608696, 0.95652174, 0.82608696, 0.82608696, 0.34782609,
       0.2173913, 0.47826087, 0.95652174, 0.91304348, 0.95652174,
       0.30434783, 1.0, 1.0, 1.0, 0.30434783, 0.91304348, 0.65217391,
       0.95652174, 0.73913043, 0.7826087, 0.56521739, 0.73913043, 1.0, 1.0,
       1.0, 0.95652174, 1.0, 0.95652174, 0.47826087, 0.56521739, 1.0,
       0.95652174, 1.0, 0.73913043, 0.95652174, 1.0, 0.95652174,
       0.43478261, 1.0, 0.65217391, 0.73913043]), 'tpos': array([3, 4, 3, 3, 1, 1, 2, 4, 3, 4, 1, 4, 4, 4, 1, 3, 3, 3, 3, 3, 3, 3, 4,
       4, 4, 3, 4, 4, 3, 3, 4, 3, 4, 3, 3, 4, 4, 2, 4, 3, 3])}, {'specificity': array([0.46511628, 0.34883721, 0.30232558, 0.53488372, 0.41860465,
       0.86046512, 0.8372093, 0.93023256, 1.0, 0.81395349, 0.60465116,
       0.39534884, 0.069767442, 0.95348837, 0.046511628, 0.11627907,
       0.093023256, 0.25581395, 0.55813953, 0.58139535, 0.90697674,
       0.65116279, 0.13953488, 0.37209302, 0.1627907, 0.69767442,
       0.023255814, 0.79069767, 0.51162791, 0.6744186, 0.27906977,
       0.18604651, 0.74418605, 0.62790698, 0.20930233, 0.44186047,
       0.3255814, 0.88372093, 0.23255814, 0.76744186, 0.97674419,
       0.72093023, 0.48837209]), 'tneg': array([ 6,  5,  4,  6,  6, 11, 11, 11, 11, 11,  6,  6,  1, 11,  1,  2,  1,
        3,  6,  6, 11,  6,  2,  5,  2,  7,  0, 10,  6,  7,  3,  2,  8,  6,
        2,  6,  4, 11,  3, 10, 11,  7,  6]), 'fpos': array([ 5,  6,  7,  5,  5,  0,  0,  0,  0,  0,  5,  5, 10,  0, 10,  9, 10,
        8,  5,  5,  0,  5,  9,  6,  9,  4, 11,  1,  5,  4,  8,  9,  3,  5,
        9,  5,  7,  0,  8,  1,  0,  4,  5]), 'threshold': [1.7629990892094591, 1.732533742056604, 1.7181960199486264, 1.7851122554108068, 1.753177881799709, 1.9882641675157915, 1.9833768789333954, 2.1321489280826622, 2.2602696072487376, 1.962473712809486, 1.8382137794782012, 1.741116851786958, 1.6186793437074907, 2.1462340082231735, 1.616816963683827, 1.6434592971456898, 1.6232176050921123, 1.7142714009183555, 1.8225089266732337, 1.8255877855840241, 2.1019711611248639, 1.8463573690047825, 1.6685289811800688, 1.7332228194512105, 1.6847519313462602, 1.8837636501118236, 1.5536745990525176, 1.95305147813685, 1.7790866774131802, 1.8660878636837763, 1.7153798851908833, 1.6871081121522698, 1.9013026200849532, 1.8404083850525141, 1.695781487353478, 1.7610217449216059, 1.7236698871775265, 2.0201295087772473, 1.7031704224429927, 1.9518978182952598, 2.2434282726650094, 1.883916480958546, 1.7690421007980481], 'fneg': array([1, 1, 0, 1, 1, 3, 3, 3, 3, 3, 1, 1, 0, 3, 0, 0, 0, 0, 1, 1, 3, 1, 0,
       1, 0, 1, 0, 2, 1, 1, 0, 0, 1, 1, 0, 1, 0, 3, 0, 2, 3, 1, 1]), 'sensitivity': array([0.90909091, 1.0, 1.0, 0.86363636, 0.90909091, 0.54545455,
       0.54545455, 0.36363636, 0.27272727, 0.54545455, 0.68181818,
       0.95454545, 1.0, 0.36363636, 1.0, 1.0, 1.0, 1.0, 0.72727273,
       0.72727273, 0.40909091, 0.68181818, 1.0, 1.0, 1.0, 0.68181818, 1.0,
       0.59090909, 0.86363636, 0.68181818, 1.0, 1.0, 0.68181818,
       0.68181818, 1.0, 0.90909091, 1.0, 0.5, 1.0, 0.59090909, 0.27272727,
       0.68181818, 0.86363636]), 'tpos': array([3, 3, 4, 3, 3, 1, 1, 1, 1, 1, 3, 3, 4, 1, 4, 4, 4, 4, 3, 3, 1, 3, 4,
       3, 4, 3, 4, 2, 3, 3, 4, 4, 3, 3, 4, 3, 4, 1, 4, 2, 1, 3, 3])}], <Model object at 0x0000000000000708>)
#lasso
([{'specificity': array([0.68292683, 0.31707317, 0.65853659, 0.75609756, 0.36585366,
       0.80487805, 0.6097561, 0.29268293, 0.097560976, 0.97560976,
       0.56097561, 0.14634146, 0.2195122, 0.24390244, 0.85365854,
       0.12195122, 0.90243902, 0.70731707, 0.95121951, 0.87804878,
       0.073170732, 0.7804878, 0.46341463, 0.51219512, 0.41463415,
       0.53658537, 0.92682927, 0.43902439, 0.34146341, 0.73170732,
       0.17073171, 0.58536585, 0.26829268, 0.48780488, 0.3902439,
       0.63414634, 0.19512195, 0.048780488, 1.0, 0.82926829, 0.024390244]), 'tneg': array([ 4,  3,  4,  6,  3,  6,  4,  3,  0,  9,  4,  1,  3,  3,  7,  1,  8,
        5,  9,  8,  0,  6,  3,  4,  3,  4,  9,  3,  3,  5,  2,  4,  3,  4,
        3,  4,  2,  0, 10,  6,  0]), 'fpos': array([ 7,  8,  7,  5,  8,  5,  7,  8, 11,  2,  7, 10,  8,  8,  4, 10,  3,
        6,  2,  3, 11,  5,  8,  7,  8,  7,  2,  8,  8,  6,  9,  7,  8,  7,
        8,  7,  9, 11,  1,  5, 11]), 'threshold': [1.9602874848564371, 1.9484704109902271, 1.9597323337500754, 1.9647989409510214, 1.9507673796643721, 1.965183883954766, 1.9564980487253338, 1.9483838176888917, 1.938029340205478, 1.980978177525768, 1.956105523800225, 1.9404002462241119, 1.9425432913581335, 1.9450739856742698, 1.9674726118868755, 1.9400091978681027, 1.9732229828977579, 1.9622572809134142, 1.9784302360717516, 1.9693797856093802, 1.9320255077215967, 1.9650127537186377, 1.9541597447335526, 1.9554401767111205, 1.9531337868426224, 1.9557309210887557, 1.9748812941620748, 1.953562710336832, 1.9498987752350359, 1.9628648448860542, 1.9417536184042399, 1.9562223322743906, 1.9470347400834043, 1.954760758884988, 1.9511973240956091, 1.9581518395084572, 1.9424137824704353, 1.8773715520821441, 2.0282214259565103, 1.9665861621128393, 1.8733107494007903], 'fneg': array([4, 2, 4, 5, 2, 5, 4, 1, 0, 5, 4, 1, 1, 1, 5, 1, 5, 4, 5, 5, 0, 5, 2,
       4, 2, 4, 5, 2, 2, 4, 1, 4, 1, 2, 2, 4, 1, 0, 6, 5, 0]), 'sensitivity': array([0.54545455, 0.86363636, 0.54545455, 0.45454545, 0.72727273,
       0.45454545, 0.63636364, 0.86363636, 1.0, 0.27272727, 0.63636364,
       1.0, 0.95454545, 0.95454545, 0.45454545, 1.0, 0.36363636,
       0.45454545, 0.31818182, 0.45454545, 1.0, 0.45454545, 0.63636364,
       0.63636364, 0.63636364, 0.63636364, 0.36363636, 0.63636364,
       0.77272727, 0.45454545, 0.95454545, 0.63636364, 0.86363636,
       0.63636364, 0.68181818, 0.59090909, 0.95454545, 1.0, 0.0,
       0.45454545, 1.0]), 'tpos': array([2, 4, 2, 1, 4, 1, 2, 5, 6, 1, 2, 5, 5, 5, 1, 5, 1, 2, 1, 1, 6, 1, 4,
       2, 4, 2, 1, 4, 4, 2, 5, 2, 5, 4, 4, 2, 5, 6, 0, 1, 6])}, {'specificity': array([0.91891892, 0.45945946, 0.48648649, 0.37837838, 0.89189189,
       0.94594595, 1.0, 0.97297297, 0.78378378, 0.40540541, 0.081081081,
       0.7027027, 0.054054054, 0.13513514, 0.56756757, 0.43243243,
       0.72972973, 0.59459459, 0.2972973, 0.75675676, 0.62162162,
       0.67567568, 0.32432432, 0.21621622, 0.54054054, 0.27027027,
       0.81081081, 0.10810811, 0.18918919, 0.35135135, 0.51351351,
       0.16216216, 0.83783784, 0.24324324, 0.86486486, 0.64864865,
       0.027027027]), 'tneg': array([13, 13, 13, 13, 13, 13, 13, 13, 13, 13, 13, 13, 13, 13, 13, 13, 13,
       13, 13, 13, 13, 13, 13, 13, 13, 13, 13, 13, 13, 13, 13, 13, 13, 13,
       13, 13, 13]), 'fpos': array([0, 0, 0, 0, 0, 0, 0, 0, 0, 0, 0, 0, 0, 0, 0, 0, 0, 0, 0, 0, 0, 0, 0,
       0, 0, 0, 0, 0, 0, 0, 0, 0, 0, 0, 0, 0, 0]), 'threshold': [2.2750590947149307, 1.8227166997755984, 1.8469005677795061, 1.7915989317283894, 2.2136699593354052, 2.2992790948479804, 2.402765873428871, 2.3024651769651991, 1.9565813017823512, 1.7994172363177068, 1.6576080893256346, 1.9355626343598265, 1.6457386618018453, 1.6868163130202261, 1.8629339184953464, 1.8021719951204425, 1.9384379208173124, 1.867816934420198, 1.7739911952836112, 1.9477936478569771, 1.8803568010122576, 1.9231994444963139, 1.7780553198518208, 1.7397998511835189, 1.8614896738313118, 1.7697000478753671, 2.0113902976637807, 1.6796858771067353, 1.7397693559789826, 1.7785216067908747, 1.8569104764261328, 1.6993285544587362, 2.1191034665178932, 1.753619108909005, 2.1367032028148976, 1.9034418004856915, 1.5535292719368918], 'fneg': array([3, 3, 3, 3, 3, 3, 3, 3, 3, 3, 3, 3, 3, 3, 3, 3, 3, 3, 3, 3, 3, 3, 3,
       3, 3, 3, 3, 3, 3, 3, 3, 3, 3, 3, 3, 3, 3]), 'sensitivity': array([0.22222222, 0.77777778, 0.74074074, 0.81481481, 0.25925926,
       0.22222222, 0.18518519, 0.22222222, 0.62962963, 0.77777778, 1.0,
       0.62962963, 1.0, 1.0, 0.74074074, 0.77777778, 0.62962963, 0.7037037,
       0.92592593, 0.62962963, 0.66666667, 0.62962963, 0.92592593, 1.0,
       0.74074074, 0.92592593, 0.59259259, 1.0, 1.0, 0.92592593,
       0.74074074, 1.0, 0.44444444, 0.92592593, 0.40740741, 0.62962963, 1.0]), 'tpos': array([0, 0, 0, 0, 0, 0, 0, 0, 0, 0, 0, 0, 0, 0, 0, 0, 0, 0, 0, 0, 0, 0, 0,
       0, 0, 0, 0, 0, 0, 0, 0, 0, 0, 0, 0, 0, 0])}, {'specificity': array([0.95121951, 0.65853659, 0.26829268, 0.2195122, 0.7804878, 0.6097561,
       0.90243902, 0.97560976, 0.53658537, 0.41463415, 0.46341463,
       0.097560976, 0.58536585, 0.56097561, 0.073170732, 0.3902439,
       0.92682927, 0.24390244, 0.82926829, 0.70731707, 0.48780488,
       0.12195122, 1.0, 0.80487805, 0.29268293, 0.85365854, 0.19512195,
       0.73170732, 0.34146341, 0.51219512, 0.75609756, 0.048780488,
       0.68292683, 0.43902439, 0.31707317, 0.17073171, 0.36585366,
       0.63414634, 0.14634146, 0.87804878, 0.024390244]), 'tneg': array([13, 13, 13, 13, 13, 13, 13, 13, 13, 13, 13, 13, 13, 13, 13, 13, 13,
       13, 13, 13, 13, 13, 13, 13, 13, 13, 13, 13, 13, 13, 13, 13, 13, 13,
       13, 13, 13, 13, 13, 13, 13]), 'fpos': array([0, 0, 0, 0, 0, 0, 0, 0, 0, 0, 0, 0, 0, 0, 0, 0, 0, 0, 0, 0, 0, 0, 0,
       0, 0, 0, 0, 0, 0, 0, 0, 0, 0, 0, 0, 0, 0, 0, 0, 0, 0]), 'threshold': [2.2693446160388016, 1.9646502856030603, 1.790384919531981, 1.7767805264936585, 2.0141999549073346, 1.9343348446111941, 2.218471779171125, 2.3403419789528579, 1.9125849033323255, 1.8529571142225629, 1.8626557190758903, 1.735000578528715, 1.9323867122237501, 1.9165936315032524, 1.715213641225128, 1.8469955509245417, 2.2257667000236334, 1.7797813049846267, 2.0317951024873917, 1.9821156980682306, 1.8958095229270611, 1.7509333585396174, 2.3789984244142937, 2.0306496907949603, 1.7964439690350269, 2.0573700446100749, 1.77574224995806, 2.0071523787486236, 1.81116871119947, 1.9114094529550587, 2.0122122415916595, 1.7064623079806758, 1.9739153858338243, 1.8574195991018989, 1.7988632832215168, 1.7752863665238274, 1.8271549613529272, 1.9574855420119128, 1.7607491678492802, 2.1098416272463281, 1.6011814853110542], 'fneg': array([3, 3, 3, 3, 3, 3, 3, 3, 3, 3, 3, 3, 3, 3, 3, 3, 3, 3, 3, 3, 3, 3, 3,
       3, 3, 3, 3, 3, 3, 3, 3, 3, 3, 3, 3, 3, 3, 3, 3, 3, 3]), 'sensitivity': array([0.17391304, 0.73913043, 0.95652174, 1.0, 0.69565217, 0.82608696,
       0.26086957, 0.13043478, 0.82608696, 0.91304348, 0.91304348, 1.0,
       0.82608696, 0.82608696, 1.0, 0.95652174, 0.26086957, 1.0,
       0.60869565, 0.69565217, 0.86956522, 1.0, 0.13043478, 0.60869565,
       0.95652174, 0.56521739, 1.0, 0.69565217, 0.95652174, 0.82608696,
       0.69565217, 1.0, 0.73913043, 0.91304348, 0.95652174, 1.0,
       0.95652174, 0.73913043, 1.0, 0.52173913, 1.0]), 'tpos': array([0, 0, 0, 0, 0, 0, 0, 0, 0, 0, 0, 0, 0, 0, 0, 0, 0, 0, 0, 0, 0, 0, 0,
       0, 0, 0, 0, 0, 0, 0, 0, 0, 0, 0, 0, 0, 0, 0, 0, 0, 0])}, {'specificity': array([0.38095238, 0.4047619, 0.19047619, 0.28571429, 0.95238095,
       0.9047619, 0.83333333, 0.97619048, 0.52380952, 0.33333333,
       0.26190476, 0.11904762, 0.85714286, 0.54761905, 0.14285714,
       0.5952381, 0.071428571, 0.42857143, 0.66666667, 0.69047619,
       0.35714286, 1.0, 0.47619048, 0.45238095, 0.16666667, 0.23809524,
       0.30952381, 0.88095238, 0.76190476, 0.73809524, 0.92857143,
       0.21428571, 0.61904762, 0.64285714, 0.71428571, 0.78571429,
       0.095238095, 0.57142857, 0.023809524, 0.80952381, 0.5, 0.047619048]), 'tneg': array([10, 10, 10, 10, 10, 10, 10, 10, 10, 10, 10, 10, 10, 10, 10, 10, 10,
       10, 10, 10, 10, 10, 10, 10, 10, 10, 10, 10, 10, 10, 10, 10, 10, 10,
       10, 10, 10, 10, 10, 10, 10, 10]), 'fpos': array([0, 0, 0, 0, 0, 0, 0, 0, 0, 0, 0, 0, 0, 0, 0, 0, 0, 0, 0, 0, 0, 0, 0,
       0, 0, 0, 0, 0, 0, 0, 0, 0, 0, 0, 0, 0, 0, 0, 0, 0, 0, 0]), 'threshold': [1.7917215977209617, 1.8008933855554903, 1.7703681239289435, 1.7821276840824261, 2.1273825715530132, 2.0815830746040445, 2.0106602529704261, 2.1444726194400157, 1.8161611097989654, 1.7869769032885483, 1.7789603735112585, 1.7452081908297656, 2.030431195785483, 1.8162565238048622, 1.7485777643906468, 1.8174273278053503, 1.7394339641418342, 1.8026772564137996, 1.8326737705895586, 1.8405334027509961, 1.7896015020824068, 2.2427641641715654, 1.80676810620918, 1.8060466171844452, 1.7519431172875133, 1.7767750281514898, 1.7834842730180833, 2.0631969972116404, 1.9528483596302397, 1.9285006220117309, 2.0917439031426195, 1.7709263267914814, 1.8205681744779623, 1.8214998948426771, 1.9100026943546355, 1.9678420448964578, 1.7439712661023104, 1.8173713536823422, 1.7011088979859386, 2.0014759869555241, 1.8127681187385833, 1.7120421349502142], 'fneg': array([6, 6, 6, 6, 6, 6, 6, 6, 6, 6, 6, 6, 6, 6, 6, 6, 6, 6, 6, 6, 6, 6, 6,
       6, 6, 6, 6, 6, 6, 6, 6, 6, 6, 6, 6, 6, 6, 6, 6, 6, 6, 6]), 'sensitivity': array([0.86363636, 0.86363636, 0.86363636, 0.86363636, 0.31818182,
       0.40909091, 0.5, 0.31818182, 0.86363636, 0.86363636, 0.86363636,
       1.0, 0.5, 0.86363636, 1.0, 0.86363636, 1.0, 0.86363636, 0.77272727,
       0.72727273, 0.86363636, 0.13636364, 0.86363636, 0.86363636,
       0.95454545, 0.86363636, 0.86363636, 0.45454545, 0.54545455,
       0.54545455, 0.40909091, 0.86363636, 0.86363636, 0.86363636,
       0.59090909, 0.5, 1.0, 0.86363636, 1.0, 0.5, 0.86363636, 1.0]), 'tpos': array([0, 0, 0, 0, 0, 0, 0, 0, 0, 0, 0, 0, 0, 0, 0, 0, 0, 0, 0, 0, 0, 0, 0,
       0, 0, 0, 0, 0, 0, 0, 0, 0, 0, 0, 0, 0, 0, 0, 0, 0, 0, 0])}, {'specificity': array([1.0, 0.675, 0.125, 0.65, 0.825, 0.975, 0.225, 0.425, 0.575, 0.55,
       0.625, 0.025, 0.1, 0.15, 0.4, 0.275, 0.7, 0.525, 0.075, 0.95, 0.875,
       0.3, 0.5, 0.375, 0.775, 0.85, 0.45, 0.75, 0.9, 0.175, 0.475, 0.35,
       0.25, 0.325, 0.8, 0.2, 0.6, 0.05, 0.925, 0.725]), 'tneg': array([11,  7,  1,  7,  7, 10,  1,  3,  7,  7,  7,  0,  0,  1,  3,  1,  7,
        7,  0, 10, 10,  2,  7,  3,  7,  9,  3,  7, 10,  1,  4,  3,  1,  2,
        7,  1,  7,  0, 10,  7]), 'fpos': array([ 0,  4, 10,  4,  4,  1, 10,  8,  4,  4,  4, 11, 11, 10,  8, 10,  4,
        4, 11,  1,  1,  9,  4,  8,  4,  2,  8,  4,  1, 10,  7,  8, 10,  9,
        4, 10,  4, 11,  1,  4]), 'threshold': [2.2915444983148623, 1.9357679950118727, 1.7587261637917697, 1.9345325043283463, 1.9722323171376153, 2.1797425481261183, 1.7915187864256918, 1.8556223449957239, 1.9162540721038905, 1.9157460297900251, 1.9343423869315168, 1.7109800231666905, 1.7498354244848378, 1.760265464433495, 1.8514924435967071, 1.8192886941823974, 1.9407583651819769, 1.9109149872846243, 1.7379260448534857, 2.1266262659860704, 2.0512791903440091, 1.8213342695815473, 1.9074425052143926, 1.8483191401632317, 1.9640417487727511, 2.0198201890422891, 1.872287928821897, 1.9604821690637497, 2.0515757495821156, 1.7696811121655252, 1.8846337877480741, 1.8476165234703668, 1.7954360516083769, 1.8249214178162667, 1.9691706839520937, 1.7833344637111672, 1.921610101536366, 1.7315977995144956, 2.1196716047846365, 1.9467027314948697], 'fneg': array([4, 1, 0, 1, 1, 4, 0, 1, 1, 1, 1, 0, 0, 0, 1, 0, 1, 1, 0, 4, 2, 0, 1,
       1, 1, 2, 1, 1, 2, 0, 1, 1, 0, 0, 1, 0, 1, 0, 4, 1]), 'sensitivity': array([0.04, 0.68, 1.0, 0.68, 0.6, 0.12, 0.96, 0.88, 0.72, 0.72, 0.68, 1.0,
       1.0, 1.0, 0.88, 0.88, 0.68, 0.72, 1.0, 0.24, 0.4, 0.88, 0.72, 0.88,
       0.64, 0.52, 0.8, 0.64, 0.4, 1.0, 0.8, 0.88, 0.96, 0.88, 0.6, 0.96,
       0.68, 1.0, 0.24, 0.64]), 'tpos': array([0, 3, 4, 3, 3, 0, 4, 3, 3, 3, 3, 4, 4, 4, 3, 4, 3, 3, 4, 0, 2, 4, 3,
       3, 3, 2, 3, 3, 2, 4, 3, 3, 4, 4, 3, 4, 3, 4, 0, 3])}], <Model object at 0x0000000000000A34>)
#lasso
([{'specificity': array([0.97142857, 0.6, 0.54285714, 0.71428571, 0.85714286, 0.8,
       0.31428571, 0.37142857, 0.62857143, 0.2, 0.25714286, 0.57142857,
       0.34285714, 0.91428571, 0.74285714, 0.11428571, 0.48571429,
       0.028571429, 0.51428571, 0.94285714, 0.77142857, 0.22857143,
       0.28571429, 0.057142857, 0.45714286, 0.42857143, 0.14285714, 0.4,
       0.65714286, 0.085714286, 0.68571429, 0.17142857, 1.0, 0.82857143,
       0.88571429]), 'tneg': array([12,  5,  4,  8, 10,  9,  2,  3,  5,  1,  1,  4,  3, 10,  9,  1,  3,
        0,  3, 10,  9,  1,  1,  0,  3,  3,  1,  3,  8,  0,  8,  1, 12, 10,
       10]), 'fpos': array([ 1,  8,  9,  5,  3,  4, 11, 10,  8, 12, 12,  9, 10,  3,  4, 12, 10,
       13, 10,  3,  4, 12, 12, 13, 10, 10, 12, 10,  5, 13,  5, 12,  1,  3,
        3]), 'threshold': [2.3095145968140844, 1.9584832003211412, 1.9311214032880417, 2.0445123126235463, 2.1107381674695156, 2.0777944041261756, 1.8333614770645725, 1.863496618032032, 1.9661446024019473, 1.7862190449997313, 1.8101691756838216, 1.9439184091677226, 1.8539229760370128, 2.1190519753909167, 2.0664519726578536, 1.7779684171836407, 1.8785560799405652, 1.645824631029351, 1.8858003458780446, 2.1383520250023751, 2.0674715000706945, 1.7955059509696512, 1.8142360335353813, 1.7461667819433302, 1.8695983509166076, 1.8647792813773554, 1.7830961828405976, 1.8638102588296555, 1.9885344613967446, 1.7518332103899259, 1.9918618623403095, 1.7860944904392917, 2.3145504762362985, 2.1055079369446523, 2.1148321794952869], 'fneg': array([2, 1, 1, 2, 2, 2, 0, 0, 1, 0, 0, 1, 0, 2, 2, 0, 0, 0, 0, 2, 2, 0, 0,
       0, 0, 0, 0, 0, 1, 0, 1, 0, 2, 2, 2]), 'sensitivity': array([0.17857143, 0.78571429, 0.78571429, 0.64285714, 0.46428571,
       0.60714286, 0.89285714, 0.89285714, 0.78571429, 0.92857143,
       0.92857143, 0.78571429, 0.89285714, 0.46428571, 0.60714286,
       0.92857143, 0.85714286, 1.0, 0.78571429, 0.35714286, 0.60714286,
       0.92857143, 0.92857143, 1.0, 0.89285714, 0.89285714, 0.92857143,
       0.89285714, 0.75, 1.0, 0.75, 0.92857143, 0.17857143, 0.46428571,
       0.46428571]), 'tpos': array([2, 3, 3, 2, 2, 2, 4, 4, 3, 4, 4, 3, 4, 2, 2, 4, 4, 4, 4, 2, 2, 4, 4,
       4, 4, 4, 4, 4, 3, 4, 3, 4, 2, 2, 2])}, {'specificity': array([0.91891892, 0.81081081, 0.78378378, 0.18918919, 0.59459459,
       0.62162162, 0.40540541, 0.56756757, 0.32432432, 0.21621622,
       0.54054054, 0.67567568, 0.94594595, 0.89189189, 0.24324324,
       0.64864865, 0.13513514, 0.35135135, 0.16216216, 0.83783784,
       0.86486486, 0.72972973, 0.10810811, 0.48648649, 0.027027027,
       0.43243243, 0.45945946, 0.37837838, 0.27027027, 0.51351351,
       0.081081081, 0.97297297, 1.0, 0.7027027, 0.75675676, 0.2972973,
       0.054054054]), 'tneg': array([12, 12, 11,  2,  9,  9,  5,  7,  4,  2,  7, 10, 12, 12,  2,  9,  0,
        4,  0, 12, 12, 11,  0,  7,  0,  5,  6,  4,  4,  7,  0, 12, 12, 11,
       11,  4,  0]), 'fpos': array([ 0,  0,  1, 10,  3,  3,  7,  5,  8, 10,  5,  2,  0,  0, 10,  3, 12,
        8, 12,  0,  0,  1, 12,  5, 12,  7,  6,  8,  8,  5, 12,  0,  0,  1,
        1,  8, 12]), 'threshold': [2.2059397636273639, 2.0660201814072541, 2.0642178759245913, 1.7991955119133287, 1.9730620751071226, 1.9824580815866588, 1.8816518815593393, 1.9526791702302075, 1.863110646172998, 1.8146283243960308, 1.9486053162932593, 2.0156524599997776, 2.2320986687747788, 2.113530368227841, 1.830174457189951, 1.9881452893226232, 1.7601173301746871, 1.8704131792825722, 1.7925757915693183, 2.0715863952724107, 2.1129755545746791, 2.0501319576541785, 1.7574203435846847, 1.9287804391683219, 1.6660598634407613, 1.8831798564058833, 1.8991944624128132, 1.8727815106037644, 1.8425031644914187, 1.93713336919144, 1.741349387999932, 2.2432205036857238, 2.2903140237279116, 2.0387642848235314, 2.053167720365825, 1.8518137918882309, 1.7356960340836327], 'fneg': array([4, 2, 2, 0, 2, 2, 1, 1, 0, 0, 1, 2, 4, 3, 0, 2, 0, 1, 0, 2, 3, 2, 0,
       1, 0, 1, 1, 1, 0, 1, 0, 4, 4, 2, 2, 0, 0]), 'sensitivity': array([0.22222222, 0.40740741, 0.40740741, 0.96296296, 0.74074074,
       0.66666667, 0.96296296, 0.85185185, 0.96296296, 0.96296296,
       0.85185185, 0.62962963, 0.18518519, 0.33333333, 0.96296296,
       0.66666667, 0.96296296, 0.96296296, 0.96296296, 0.40740741,
       0.33333333, 0.51851852, 0.96296296, 0.85185185, 1.0, 0.92592593,
       0.85185185, 0.96296296, 0.96296296, 0.85185185, 1.0, 0.14814815,
       0.11111111, 0.51851852, 0.51851852, 0.96296296, 1.0]), 'tpos': array([0, 2, 2, 4, 2, 2, 3, 3, 4, 4, 3, 2, 0, 1, 4, 2, 4, 3, 4, 2, 1, 2, 4,
       3, 4, 3, 3, 3, 4, 3, 4, 0, 0, 2, 2, 4, 4])}, {'specificity': array([0.65714286, 0.31428571, 0.68571429, 0.85714286, 0.91428571, 0.8,
       0.6, 0.51428571, 0.77142857, 0.57142857, 0.22857143, 0.28571429,
       0.62857143, 1.0, 0.71428571, 0.11428571, 0.4, 0.085714286,
       0.37142857, 0.88571429, 0.14285714, 0.48571429, 0.028571429,
       0.42857143, 0.45714286, 0.2, 0.54285714, 0.74285714, 0.34285714,
       0.25714286, 0.94285714, 0.97142857, 0.82857143, 0.17142857,
       0.057142857]), 'tneg': array([12, 12, 12, 12, 12, 12, 12, 12, 12, 12, 12, 12, 12, 12, 12, 12, 12,
       12, 12, 12, 12, 12, 12, 12, 12, 12, 12, 12, 12, 12, 12, 12, 12, 12,
       12]), 'fpos': array([0, 0, 0, 0, 0, 0, 0, 0, 0, 0, 0, 0, 0, 0, 0, 0, 0, 0, 0, 0, 0, 0, 0,
       0, 0, 0, 0, 0, 0, 0, 0, 0, 0, 0, 0]), 'threshold': [1.8950584924161624, 1.8132807559222059, 1.9440922680301154, 2.0236040050906654, 2.0792059533286351, 1.9935237592207571, 1.8613555109121645, 1.8431649645477666, 1.9831372263167579, 1.8521588317610416, 1.7990702407620474, 1.8102637552101517, 1.8752966545397389, 2.5203177627532134, 1.9459041393638508, 1.7414670702123494, 1.8239756559213829, 1.6892984006428111, 1.8191034591609527, 2.0265184655528539, 1.7530067818084298, 1.8374595226887258, 1.6247483551302204, 1.8254553214966285, 1.8258602970772595, 1.7956201082470735, 1.8507526911542598, 1.962421683939128, 1.8154177253091357, 1.8056105846197315, 2.0792803539445885, 2.3278278998358286, 2.0072745502260734, 1.767832840239884, 1.65667872010494], 'fneg': array([4, 4, 4, 4, 4, 4, 4, 4, 4, 4, 4, 4, 4, 4, 4, 4, 4, 4, 4, 4, 4, 4, 4,
       4, 4, 4, 4, 4, 4, 4, 4, 4, 4, 4, 4]), 'sensitivity': array([0.82758621, 0.96551724, 0.72413793, 0.51724138, 0.4137931,
       0.5862069, 0.89655172, 0.93103448, 0.62068966, 0.93103448,
       0.96551724, 0.96551724, 0.82758621, 0.0, 0.72413793, 1.0,
       0.96551724, 1.0, 0.96551724, 0.51724138, 1.0, 0.93103448, 1.0,
       0.96551724, 0.96551724, 0.96551724, 0.93103448, 0.72413793,
       0.96551724, 0.96551724, 0.4137931, 0.13793103, 0.51724138, 1.0, 1.0]), 'tpos': array([0, 0, 0, 0, 0, 0, 0, 0, 0, 0, 0, 0, 0, 0, 0, 0, 0, 0, 0, 0, 0, 0, 0,
       0, 0, 0, 0, 0, 0, 0, 0, 0, 0, 0, 0])}, {'specificity': array([0.21052632, 0.13157895, 0.92105263, 0.76315789, 0.39473684,
       0.55263158, 0.78947368, 0.57894737, 0.47368421, 0.52631579,
       0.44736842, 0.13157895, 0.94736842, 1.0, 0.13157895, 0.68421053,
       0.73684211, 0.13157895, 0.23684211, 0.36842105, 0.71052632, 0.5,
       0.42105263, 0.31578947, 0.63157895, 0.60526316, 0.84210526,
       0.89473684, 0.81578947, 0.65789474, 0.26315789, 0.18421053,
       0.86842105, 0.97368421, 0.34210526, 0.28947368, 0.15789474,
       0.13157895]), 'tneg': array([ 6,  6, 11, 10,  7,  9, 10,  9,  7,  7,  7,  6, 11, 11,  6, 10, 10,
        6,  6,  7, 10,  7,  7,  6, 10, 10, 11, 11, 11, 10,  6,  6, 11, 11,
        7,  6,  6,  6]), 'fpos': array([5, 5, 0, 1, 4, 2, 1, 2, 4, 4, 4, 5, 0, 0, 5, 1, 1, 5, 5, 4, 1, 4, 4,
       5, 1, 1, 0, 0, 0, 1, 5, 5, 0, 0, 4, 5, 5, 5]), 'threshold': [1.9583647464764367, 1.958241999181668, 2.0959103331174629, 1.9956804958902628, 1.9687645300858463, 1.9827855494923192, 1.9979101509433734, 1.9862251421652919, 1.9752522201779799, 1.9768660421419639, 1.9723245828369147, 1.958241999181668, 2.138995777189582, 2.1474152123632062, 1.958241999181668, 1.9886577876981051, 1.992782592365943, 1.958241999181668, 1.9595958408505212, 1.9673611320557511, 1.991641652449041, 1.9761606263998233, 1.9699940996488157, 1.9631690450974577, 1.986622736663564, 1.9865665092536933, 2.0273750291281325, 2.0323394329162432, 2.01015171577848, 1.9871141070454172, 1.9597118911748721, 1.9582832291212144, 2.0274187027680921, 2.1451166642472983, 1.9641819700689926, 1.9603051412395791, 1.9582542929712838, 1.958241999181668], 'fneg': array([4, 4, 5, 5, 4, 5, 5, 5, 5, 5, 4, 4, 5, 5, 4, 5, 5, 4, 4, 4, 5, 5, 4,
       4, 5, 5, 5, 5, 5, 5, 4, 4, 5, 5, 4, 4, 4, 4]), 'sensitivity': array([0.92307692, 0.96153846, 0.30769231, 0.69230769, 0.84615385,
       0.80769231, 0.69230769, 0.76923077, 0.84615385, 0.80769231,
       0.84615385, 0.96153846, 0.11538462, 0.038461538, 0.96153846,
       0.76923077, 0.69230769, 0.96153846, 0.92307692, 0.84615385,
       0.69230769, 0.80769231, 0.84615385, 0.84615385, 0.76923077,
       0.76923077, 0.46153846, 0.46153846, 0.57692308, 0.76923077,
       0.92307692, 0.92307692, 0.46153846, 0.076923077, 0.84615385,
       0.92307692, 0.92307692, 0.96153846]), 'tpos': array([1, 1, 0, 0, 1, 0, 0, 0, 0, 0, 1, 1, 0, 0, 1, 0, 0, 1, 1, 1, 0, 0, 1,
       1, 0, 0, 0, 0, 0, 0, 1, 1, 0, 0, 1, 1, 1, 1])}, {'specificity': array([0.95, 0.525, 0.2, 0.425, 0.7, 0.85, 0.875, 0.4, 0.125, 0.675, 0.575,
       0.65, 0.75, 0.625, 0.25, 0.55, 0.475, 0.975, 1.0, 0.775, 0.3, 0.5,
       0.075, 0.15, 0.1, 0.825, 0.325, 0.05, 0.45, 0.725, 0.8, 0.175, 0.35,
       0.925, 0.275, 0.9, 0.6, 0.225, 0.375, 0.025]), 'tneg': array([8, 8, 8, 8, 8, 8, 8, 8, 8, 8, 8, 8, 8, 8, 8, 8, 8, 8, 8, 8, 8, 8, 8,
       8, 8, 8, 8, 8, 8, 8, 8, 8, 8, 8, 8, 8, 8, 8, 8, 8]), 'fpos': array([0, 0, 0, 0, 0, 0, 0, 0, 0, 0, 0, 0, 0, 0, 0, 0, 0, 0, 0, 0, 0, 0, 0,
       0, 0, 0, 0, 0, 0, 0, 0, 0, 0, 0, 0, 0, 0, 0, 0, 0]), 'threshold': [2.2052272743777657, 1.8046800605784328, 1.6439887309577681, 1.7586098156260972, 1.9133052431295032, 2.0405600227155358, 2.0455137446683676, 1.7396616868666117, 1.5540934622215668, 1.8668276310113086, 1.8189871597627705, 1.8386753415170647, 1.954996862883688, 1.8356384965819264, 1.6606190618566494, 1.80920181613199, 1.7716281800893268, 2.4355003868470968, 2.7101990840311903, 1.9565450006369265, 1.6674372937700597, 1.7799205668697851, 1.4642954357551912, 1.5766519369585237, 1.5388271433362091, 1.9882795089656358, 1.7102789969296324, 1.430323348189106, 1.7597965993954237, 1.926777548964062, 1.9868491703746385, 1.6113495492205323, 1.71320986879297, 2.1965663479946214, 1.6635585991481046, 2.0641762179727481, 1.8328852287503155, 1.648777264350729, 1.7204007916276234, 1.1762748839415202], 'fneg': array([7, 7, 7, 7, 7, 7, 7, 7, 7, 7, 7, 7, 7, 7, 7, 7, 7, 7, 7, 7, 7, 7, 7,
       7, 7, 7, 7, 7, 7, 7, 7, 7, 7, 7, 7, 7, 7, 7, 7, 7]), 'sensitivity': array([0.4, 0.88, 0.96, 0.88, 0.76, 0.6, 0.56, 0.88, 1.0, 0.88, 0.88, 0.88,
       0.72, 0.88, 0.96, 0.88, 0.88, 0.24, 0.16, 0.72, 0.96, 0.88, 1.0,
       0.96, 1.0, 0.64, 0.88, 1.0, 0.88, 0.76, 0.64, 0.96, 0.88, 0.4, 0.96,
       0.56, 0.88, 0.96, 0.88, 1.0]), 'tpos': array([0, 0, 0, 0, 0, 0, 0, 0, 0, 0, 0, 0, 0, 0, 0, 0, 0, 0, 0, 0, 0, 0, 0,
       0, 0, 0, 0, 0, 0, 0, 0, 0, 0, 0, 0, 0, 0, 0, 0, 0])}], <Model object at 0x0000000000000D60>)
#lasso
([{'specificity': array([0.95238095, 0.57142857, 0.30952381, 0.21428571, 0.54761905,
       0.66666667, 0.69047619, 0.88095238, 0.92857143, 0.45238095,
       0.64285714, 0.23809524, 0.35714286, 0.33333333, 0.14285714, 0.5,
       0.047619048, 0.095238095, 0.19047619, 0.5952381, 0.071428571,
       0.76190476, 1.0, 0.80952381, 0.47619048, 0.78571429, 0.4047619,
       0.023809524, 0.85714286, 0.42857143, 0.61904762, 0.9047619,
       0.73809524, 0.16666667, 0.26190476, 0.28571429, 0.38095238,
       0.71428571, 0.52380952, 0.11904762, 0.97619048, 0.83333333]), 'tneg': array([15,  9,  4,  1,  9, 13, 14, 15, 15,  7, 12,  1,  5,  5,  0,  9,  0,
        0,  1,  9,  0, 15, 15, 15,  8, 15,  7,  0, 15,  7, 11, 15, 14,  1,
        2,  2,  6, 14,  9,  0, 15, 15]), 'fpos': array([ 0,  6, 11, 14,  6,  2,  1,  0,  0,  8,  3, 14, 10, 10, 15,  6, 15,
       15, 14,  6, 15,  0,  0,  0,  7,  0,  8, 15,  0,  8,  4,  0,  1, 14,
       13, 13,  9,  1,  6, 15,  0,  0]), 'threshold': [2.2640335083211363, 1.9907347588727133, 1.9106001118073013, 1.8559208431674308, 1.9863397091528023, 2.0380571356757584, 2.0454427557907873, 2.1457117280725684, 2.2347171753687105, 1.948988784753217, 2.0238361393146942, 1.8841632038199714, 1.9206075787699071, 1.916804680686599, 1.8185344985542717, 1.9725234429602023, 1.777895836156093, 1.8154202116631495, 1.8479204314720437, 1.9910997253742384, 1.8101820184265693, 2.0719547330466246, 2.3019378232907082, 2.0989627640982453, 1.9605119238093036, 2.0802007506680895, 1.9449192420728783, 1.748951392603102, 2.1148589120781134, 1.9486631742820411, 2.0087789326527044, 2.1505321631610506, 2.0591739597341552, 1.8374046653836282, 1.8998867063079712, 1.9066536126671516, 1.9227586947647937, 2.054544414393467, 1.9779907937408079, 1.815623152917595, 2.2808597539491879, 2.1079581104161211], 'fneg': array([2, 2, 0, 0, 2, 2, 2, 2, 2, 1, 2, 0, 0, 0, 0, 2, 0, 0, 0, 2, 0, 2, 2,
       2, 1, 2, 1, 0, 2, 1, 2, 2, 2, 0, 0, 0, 0, 2, 2, 0, 2, 2]), 'sensitivity': array([0.045454545, 0.77272727, 0.95454545, 1.0, 0.81818182, 0.63636364,
       0.63636364, 0.5, 0.18181818, 0.90909091, 0.63636364, 0.95454545,
       0.95454545, 0.95454545, 1.0, 0.86363636, 1.0, 1.0, 1.0, 0.77272727,
       1.0, 0.63636364, 0.045454545, 0.54545455, 0.90909091, 0.63636364,
       0.90909091, 1.0, 0.54545455, 0.90909091, 0.77272727, 0.40909091,
       0.63636364, 1.0, 0.95454545, 0.95454545, 0.95454545, 0.63636364,
       0.86363636, 1.0, 0.045454545, 0.54545455]), 'tpos': array([0, 0, 2, 2, 0, 0, 0, 0, 0, 1, 0, 2, 2, 2, 2, 0, 2, 2, 2, 0, 2, 0, 0,
       0, 1, 0, 1, 2, 0, 1, 0, 0, 0, 2, 2, 2, 2, 0, 0, 2, 0, 0])}, {'specificity': array([0.75609756, 0.26829268, 0.17073171, 0.73170732, 0.63414634,
       0.46341463, 0.68292683, 0.92682927, 0.24390244, 0.2195122,
       0.41463415, 0.14634146, 0.56097561, 0.048780488, 0.097560976,
       0.19512195, 0.87804878, 0.48780488, 0.70731707, 0.29268293,
       0.6097561, 0.3902439, 0.80487805, 0.43902439, 0.024390244,
       0.95121951, 0.51219512, 0.65853659, 0.90243902, 0.85365854,
       0.12195122, 0.31707317, 0.36585366, 0.53658537, 0.82926829,
       0.58536585, 0.073170732, 1.0, 0.97560976, 0.7804878, 0.34146341]), 'tneg': array([ 8,  4,  2,  8,  6,  5,  6,  8,  4,  2,  5,  2,  5,  0,  1,  2,  8,
        5,  7,  4,  6,  5,  8,  5,  0,  8,  5,  6,  8,  8,  1,  4,  5,  5,
        8,  6,  0, 12, 12,  8,  4]), 'fpos': array([ 4,  8, 10,  4,  6,  7,  6,  4,  8, 10,  7, 10,  7, 12, 11, 10,  4,
        7,  5,  8,  6,  7,  4,  7, 12,  4,  7,  6,  4,  4, 11,  8,  7,  7,
        4,  6, 12,  0,  0,  4,  8]), 'threshold': [1.9326723927936584, 1.8590253777888206, 1.8205596052370789, 1.9318392037940875, 1.9177210656545403, 1.8865349508290119, 1.9224336885007669, 1.9818897120739971, 1.8583057158050331, 1.834186969715528, 1.8824761262160532, 1.8184913264759082, 1.8948433732976073, 1.7869481912278433, 1.8149662893841481, 1.8221065019344305, 1.9803343655027885, 1.8866519299654614, 1.9295719955469417, 1.860251241739878, 1.9147461689677581, 1.8773290339835009, 1.9484601502884731, 1.8834110425505224, 1.7736700275977313, 1.9858315575764018, 1.8918208803634544, 1.9178789368148816, 1.9812888414805998, 1.9616263283661295, 1.8172621360756818, 1.8666351807266943, 1.8768843721545205, 1.8933967962486555, 1.9537755013511831, 1.9136338112900837, 1.8034601302968105, 2.0431884972048411, 2.0124923367285432, 1.9395926097103975, 1.8679858520116459], 'fneg': array([0, 0, 0, 0, 0, 0, 0, 4, 0, 0, 0, 0, 0, 0, 0, 0, 4, 0, 0, 0, 0, 0, 2,
       0, 0, 4, 0, 0, 4, 4, 0, 0, 0, 0, 2, 0, 0, 4, 4, 1, 0]), 'sensitivity': array([0.54166667, 0.95833333, 1.0, 0.54166667, 0.58333333, 0.83333333,
       0.58333333, 0.29166667, 0.95833333, 1.0, 0.91666667, 1.0, 0.75, 1.0,
       1.0, 1.0, 0.29166667, 0.83333333, 0.54166667, 0.95833333,
       0.58333333, 0.91666667, 0.5, 0.83333333, 1.0, 0.29166667,
       0.83333333, 0.58333333, 0.29166667, 0.41666667, 1.0, 0.95833333,
       0.91666667, 0.79166667, 0.45833333, 0.58333333, 1.0, 0.083333333,
       0.20833333, 0.54166667, 0.95833333]), 'tpos': array([4, 4, 4, 4, 4, 4, 4, 0, 4, 4, 4, 4, 4, 4, 4, 4, 0, 4, 4, 4, 4, 4, 2,
       4, 4, 0, 4, 4, 0, 0, 4, 4, 4, 4, 2, 4, 4, 0, 0, 3, 4])}, {'specificity': array([0.30769231, 0.41025641, 0.71794872, 0.92307692, 0.84615385,
       0.79487179, 0.48717949, 0.87179487, 0.23076923, 0.076923077,
       0.94871795, 0.56410256, 0.15384615, 0.35897436, 0.1025641,
       0.46153846, 0.51282051, 0.33333333, 1.0, 0.58974359, 0.17948718,
       0.20512821, 0.28205128, 0.82051282, 0.61538462, 0.12820513,
       0.76923077, 0.43589744, 0.8974359, 0.64102564, 0.25641026,
       0.53846154, 0.66666667, 0.051282051, 0.97435897, 0.69230769,
       0.74358974, 0.38461538, 0.025641026]), 'tneg': array([ 6,  7, 11, 11, 11, 11,  8, 11,  5,  1, 11, 11,  2,  7,  1,  8,  8,
        7, 11, 11,  5,  5,  6, 11, 11,  2, 11,  8, 11, 11,  5, 11, 11,  0,
       11, 11, 11,  7,  0]), 'fpos': array([ 5,  4,  0,  0,  0,  0,  3,  0,  6, 10,  0,  0,  9,  4, 10,  3,  3,
        4,  0,  0,  6,  6,  5,  0,  0,  9,  0,  3,  0,  0,  6,  0,  0, 11,
        0,  0,  0,  4, 11]), 'threshold': [1.8369467151057375, 1.8515810167434061, 1.9444988163192623, 2.0670933913956615, 1.9946398337219966, 1.968793439014547, 1.8628608316894675, 2.0182972728640927, 1.8195364264182674, 1.7897547777470053, 2.09953020133897, 1.9001897514965225, 1.8093163576377631, 1.8443395071382498, 1.7968726069627212, 1.8627847920098768, 1.8752156140591627, 1.8416916924415474, 2.3795340896858512, 1.9025234759833694, 1.8170856472079358, 1.8180559668411749, 1.8347933454048193, 1.9816420506440728, 1.9142067221462642, 1.8091443438881365, 1.9676650098041857, 1.8606775793870376, 2.0502249888450197, 1.9150927205554107, 1.8221886792399393, 1.8985964928432004, 1.928953636163254, 1.7090525030039636, 2.2485569880781204, 1.9376428251244202, 1.9576535997633882, 1.8484557325358071, 1.6397100847955222], 'fneg': array([2, 3, 4, 5, 4, 4, 4, 5, 2, 0, 5, 4, 1, 2, 1, 4, 4, 2, 5, 4, 1, 1, 2,
       4, 4, 1, 4, 4, 5, 4, 2, 4, 4, 0, 5, 4, 4, 3, 0]), 'sensitivity': array([1.0, 0.92307692, 0.57692308, 0.38461538, 0.46153846, 0.57692308,
       0.92307692, 0.42307692, 1.0, 1.0, 0.30769231, 0.73076923, 1.0,
       0.92307692, 1.0, 0.92307692, 0.84615385, 0.92307692, 0.0,
       0.73076923, 1.0, 1.0, 1.0, 0.53846154, 0.73076923, 1.0, 0.57692308,
       0.92307692, 0.38461538, 0.73076923, 1.0, 0.73076923, 0.57692308,
       1.0, 0.038461538, 0.57692308, 0.57692308, 0.92307692, 1.0]), 'tpos': array([3, 2, 1, 0, 1, 1, 1, 0, 3, 5, 0, 1, 4, 3, 4, 1, 1, 3, 0, 1, 4, 4, 3,
       1, 1, 4, 1, 1, 0, 1, 3, 1, 1, 5, 0, 1, 1, 2, 5])}, {'specificity': array([0.51219512, 0.53658537, 0.31707317, 0.29268293, 0.80487805,
       0.92682927, 0.95121951, 1.0, 0.19512195, 0.2195122, 0.90243902,
       0.7804878, 0.073170732, 0.17073171, 0.048780488, 0.26829268,
       0.43902439, 0.14634146, 0.46341463, 0.97560976, 0.75609756,
       0.097560976, 0.24390244, 0.85365854, 0.48780488, 0.024390244,
       0.82926829, 0.41463415, 0.63414634, 0.87804878, 0.73170732,
       0.3902439, 0.70731707, 0.34146341, 0.6097561, 0.65853659,
       0.68292683, 0.58536585, 0.56097561, 0.36585366, 0.12195122]), 'tneg': array([ 6,  6,  6,  5,  8, 10, 10, 10,  3,  3, 10,  8,  1,  2,  1,  3,  6,
        1,  6, 10,  8,  1,  3,  8,  6,  0,  8,  6,  7, 10,  8,  6,  7,  6,
        7,  7,  7,  7,  6,  6,  1]), 'fpos': array([ 5,  5,  5,  6,  3,  1,  1,  1,  8,  8,  1,  3, 10,  9, 10,  8,  5,
       10,  5,  1,  3, 10,  8,  3,  5, 11,  3,  5,  4,  1,  3,  5,  4,  5,
        4,  4,  4,  4,  5,  5, 10]), 'threshold': [1.8632789532805967, 1.8661579517645885, 1.8097963996173008, 1.7974432710568893, 1.938201384852601, 2.1239562957876981, 2.1504837798484653, 2.1911230238165547, 1.7798854526460659, 1.7828241721765177, 2.093675417259464, 1.9349944671991488, 1.7255170509625892, 1.7736686885867841, 1.7246870535593488, 1.789700817624742, 1.8336126415127634, 1.7638305309684608, 1.8454625827467204, 2.189290135671385, 1.92851699103113, 1.7549457127845571, 1.7890228918884576, 1.9812491551100271, 1.8459401561818274, 1.6930698281479077, 1.9583297301375817, 1.8313034219896653, 1.8993521875765635, 2.0651618254931643, 1.9238736339153206, 1.8146769648142072, 1.9175948838923211, 1.8122920903913604, 1.8970652512984729, 1.9064969894649826, 1.9128754964400812, 1.8863127901072385, 1.8753775464661209, 1.8136362670136472, 1.7606652718217715], 'fneg': array([1, 1, 1, 0, 1, 5, 5, 5, 0, 0, 5, 1, 0, 0, 0, 0, 1, 0, 1, 5, 1, 0, 0,
       3, 1, 0, 2, 1, 1, 4, 1, 1, 1, 1, 1, 1, 1, 1, 1, 1, 0]), 'sensitivity': array([0.83333333, 0.79166667, 0.875, 0.875, 0.625, 0.375, 0.33333333,
       0.20833333, 0.95833333, 0.95833333, 0.375, 0.625, 1.0, 0.95833333,
       1.0, 0.91666667, 0.83333333, 1.0, 0.83333333, 0.20833333, 0.625,
       1.0, 0.91666667, 0.54166667, 0.83333333, 1.0, 0.625, 0.83333333,
       0.66666667, 0.375, 0.625, 0.875, 0.625, 0.875, 0.66666667,
       0.66666667, 0.625, 0.70833333, 0.70833333, 0.875, 1.0]), 'tpos': array([4, 4, 4, 5, 4, 0, 0, 0, 5, 5, 0, 4, 5, 5, 5, 5, 4, 5, 4, 0, 4, 5, 5,
       2, 4, 5, 3, 4, 4, 1, 4, 4, 4, 4, 4, 4, 4, 4, 4, 4, 5])}, {'specificity': array([0.56097561, 0.29268293, 0.12195122, 0.53658537, 0.48780488,
       0.73170732, 0.7804878, 0.90243902, 0.92682927, 0.97560976,
       0.24390244, 0.51219512, 0.097560976, 0.70731707, 0.41463415,
       0.14634146, 0.073170732, 0.19512195, 0.6097561, 0.048780488,
       0.68292683, 0.87804878, 0.95121951, 0.80487805, 0.2195122,
       0.46341463, 0.36585366, 0.65853659, 0.17073171, 0.31707317,
       0.34146341, 0.3902439, 0.63414634, 0.75609756, 0.43902439,
       0.024390244, 1.0, 0.85365854, 0.82926829, 0.58536585, 0.26829268]), 'tneg': array([ 8,  4,  2,  8,  7, 12, 12, 13, 13, 13,  3,  7,  1, 12,  7,  2,  1,
        2,  8,  1, 12, 13, 13, 13,  3,  7,  4, 12,  2,  4,  4,  5, 10, 12,
        7,  1, 13, 13, 13,  8,  3]), 'fpos': array([ 5,  9, 11,  5,  6,  1,  1,  0,  0,  0, 10,  6, 12,  1,  6, 11, 12,
       11,  5, 12,  1,  0,  0,  0, 10,  6,  9,  1, 11,  9,  9,  8,  3,  1,
        6, 12,  0,  0,  0,  5, 10]), 'threshold': [1.9276658424166391, 1.8613803027627007, 1.8076083183238076, 1.9228330923101513, 1.9066684316370295, 1.9840714290436115, 1.994200307435744, 2.0276830271643731, 2.0453085706786269, 2.1288579860516883, 1.8474010229423803, 1.9123759570866774, 1.7974852742555425, 1.98198011154457, 1.9032441947294871, 1.8174029358296053, 1.793867136114419, 1.8312169017372633, 1.932481672739309, 1.7891976546707031, 1.9779006407465538, 2.0231712883204258, 2.0790724813730757, 2.0145916191648277, 1.8412877134110552, 1.9032840314634931, 1.8720686160064868, 1.9607246275946046, 1.8217226696611391, 1.8631940210287066, 1.8642143950729269, 1.8840527098945605, 1.9412440839996783, 1.9912945049426236, 1.9032533903643467, 1.7767137711748589, 2.2063976580727731, 2.0194753410470736, 2.0153318482540854, 1.9315609874332329, 1.8500870160766958], 'fneg': array([1, 1, 0, 1, 1, 3, 3, 3, 3, 3, 0, 1, 0, 3, 1, 0, 0, 0, 1, 0, 3, 3, 3,
       3, 0, 1, 1, 1, 0, 1, 1, 1, 1, 3, 1, 0, 3, 3, 3, 1, 0]), 'sensitivity': array([0.75, 0.95833333, 1.0, 0.79166667, 0.79166667, 0.625, 0.58333333,
       0.45833333, 0.33333333, 0.083333333, 0.95833333, 0.79166667, 1.0,
       0.625, 0.83333333, 1.0, 1.0, 1.0, 0.75, 1.0, 0.625, 0.45833333,
       0.20833333, 0.54166667, 1.0, 0.83333333, 0.91666667, 0.625, 1.0,
       0.95833333, 0.95833333, 0.91666667, 0.70833333, 0.58333333,
       0.83333333, 1.0, 0.041666667, 0.5, 0.54166667, 0.75, 0.95833333]), 'tpos': array([2, 2, 3, 2, 2, 0, 0, 0, 0, 0, 3, 2, 3, 0, 2, 3, 3, 3, 2, 3, 0, 0, 0,
       0, 3, 2, 2, 2, 3, 2, 2, 2, 2, 0, 2, 3, 0, 0, 0, 2, 3])}], <Model object at 0x000000000000108C>)
