# fold = 1
# threshold = 0.600647156178
# requested specificity = 0.951612903226
# actual training-set specificity = 0.967213114754
# tpos = 2
# tneg = 11
# fpos = 2
# fneg = 6
# raw predictions:
[0.588984121946 0.546113783538 0.353488546161 0.410326067064 0.503638263329
 0.469938880424 0.664538881143 0.609795068834 0.264833727274 0.259736109033
 0.902502964679 0.431636492796 0.373758993598 0.359228646715 0.331986377737
 0.528307178525 0.299130793809 0.250887760848 0.589158443693 0.495365522488
 0.816105307253]
# truth:
[2.5375673 3.3837436 0.30103 1.376577 2.5627685 1.8920946 2.2367891
 2.512551 1.1430148 1.3579348 2.7567882 1.6884198 1.3710679 3.3837436
 3.3837436 2.6190933 0.61278386 0.30103 1.9355073 1.666518 2.1525941]
# fold = 2
# threshold = 0.309727632212
# requested specificity = 0.9
# actual training-set specificity = 0.909090909091
# tpos = 0
# tneg = 18
# fpos = 1
# fneg = 1
# raw predictions:
[0.285919654267 0.294987815347 0.283284580403 0.364591527483 0.283284580403
 0.304221051747 0.305867240933 0.283284580403 0.283284580403 0.285919654267
 0.305317957556 0.309727632212 0.301488522334 0.283284580403 0.283284580403
 0.283284580403 0.283284580403 0.287507733274 0.299312576345 0.284863862094]
# truth:
[2.286681 1.5717088 1.1172713 1.5263393 2.1664301 1.8709888 1.6042261
 1.382017 1.7024305 2.3398488 2.0338257 2.7136585 1.8469553 1.3483049
 2.1027766 1.9355073 2.1598678 1.6866363 1.1271048 1.6928469]
# fold = 3
# threshold = 0.23358567609
# requested specificity = 0.796875
# actual training-set specificity = 0.816666666667
# tpos = 2
# tneg = 12
# fpos = 2
# fneg = 4
# raw predictions:
[0.239774934883 0.230256869878 0.263012462068 0.229889062318 0.237511377544
 0.230072914562 0.229705313158 0.229705313158 0.229705313158 0.229705313158
 0.229705313158 0.229705313158 0.229889062318 0.229705313158 0.229889062318
 0.229705313158 0.229705313158 0.229705313158 0.229705313158 0.235262576091]
# truth:
[2.5366847 2.5779511 3.2980448 2.5880475 1.8469553 1.3384565 1.6532125
 1.687529 2.2671717 2.2796669 1.5024271 1.3031961 2.4637437 1.9020029
 2.3583156 1.0374265 1.1643529 2.5161386 2.1195858 0.49136169]
# fold = 4
# threshold = 0.218256462718
# requested specificity = 0.765625
# actual training-set specificity = 0.786885245902
# tpos = 3
# tneg = 11
# fpos = 2
# fneg = 4
# raw predictions:
[0.216357395879 0.260345764918 0.239935047155 0.217542907778 0.216357395879
 0.216357395879 0.228177135045 0.281848919402 0.216357395879 0.218256462718
 0.216357395879 0.216357395879 0.216357395879 0.216357395879 0.218256462718
 0.221368006914 0.216357395879 0.216357395879 0.216357395879 0.216357395879]
# truth:
[2.4834446 3.3837436 2.6134189 2.8121108 0.79934055 1.3961993 2.9914033
 2.0674428 3.3837436 1.4593925 2.2355284 2.2000293 1.4712917 2.1433271
 2.3380579 1.8000294 1.9703469 2.6887757 0.70757018 0.0]
# fold = 5
# threshold = 0.236017959125
# requested specificity = 0.703125
# actual training-set specificity = 0.71186440678
# tpos = 3
# tneg = 8
# fpos = 7
# fneg = 1
# raw predictions:
[0.257694908537 0.232357674654 0.241488661208 0.251711458686 0.232372172293
 0.253756843213 0.232357674654 0.232357674654 0.249786598778 0.249514134046
 0.238612684368 0.233029334151 0.238417440893 0.247670588986 0.233032102283
 0.237036434698 0.235623082829 0.232357674654 0.232357674654]
# truth:
[3.3837436 1.7767012 2.4350476 2.0297895 3.3837436 2.1580608 2.2000293
 2.1804126 1.1643529 3.3837436 1.6009729 2.0318123 1.39794 0.30103
 1.5786392 1.948413 2.0406023 1.5024271 1.5263393]
# fold = overall performance
# Area under ROC curve = 0.732328482328
# tpos = 10
# tneg = 60
# fpos = 14
# fneg = 16
