#adalasso
([{'specificity': array([0.80645161, 0.98387097, 0.77419355, 0.12903226, 0.69354839,
       0.35483871, 0.85483871, 0.38709677, 0.096774194, 0.87096774,
       0.61290323, 0.51612903, 0.82258065, 0.40322581, 0.32258065,
       0.74193548, 0.59677419, 0.46774194, 0.83870968, 0.75806452,
       0.4516129, 0.91935484, 0.30645161, 0.43548387, 0.67741935,
       0.58064516, 0.53225806, 0.56451613, 0.17741935, 0.72580645,
       0.9516129, 1.0, 0.96774194, 0.93548387, 0.88709677, 0.66129032,
       0.24193548, 0.16129032, 0.016129032, 0.62903226, 0.48387097,
       0.22580645, 0.79032258, 0.11290323, 0.032258065, 0.33870968,
       0.90322581, 0.20967742, 0.64516129, 0.27419355, 0.70967742,
       0.080645161, 0.41935484, 0.5483871, 0.19354839, 0.25806452,
       0.14516129, 0.048387097, 0.064516129, 0.29032258, 0.37096774, 0.5]), 'tneg': array([ 8, 12,  8,  1,  8,  3,  9,  3,  0, 10,  8,  5,  8,  3,  3,  8,  8,
        3,  8,  8,  3, 10,  3,  3,  8,  8,  7,  8,  1,  8, 12, 12, 12, 10,
       10,  8,  3,  1,  0,  8,  4,  3,  8,  1,  0,  3, 10,  3,  8,  3,  8,
        0,  3,  7,  3,  3,  1,  0,  0,  3,  3,  4]), 'fpos': array([ 4,  0,  4, 11,  4,  9,  3,  9, 12,  2,  4,  7,  4,  9,  9,  4,  4,
        9,  4,  4,  9,  2,  9,  9,  4,  4,  5,  4, 11,  4,  0,  0,  0,  2,
        2,  4,  9, 11, 12,  4,  8,  9,  4, 11, 12,  9,  2,  9,  4,  9,  4,
       12,  9,  5,  9,  9, 11, 12, 12,  9,  9,  8]), 'threshold': [0.28715225658934262, 0.6261233258633242, 0.26200098941658512, 0.14281190156869325, 0.23708159402072668, 0.15919755492779478, 0.36248698280380454, 0.16223655840657036, 0.13780601558424296, 0.37932286723035913, 0.20823031168820613, 0.17567060524026659, 0.32590171736053958, 0.16458410156697853, 0.15857798331878623, 0.2564010596590538, 0.20773227340762443, 0.16861061759097235, 0.3302005096141345, 0.2574156576483202, 0.16781902881594676, 0.41366938531420128, 0.15424227724028838, 0.16747329206073561, 0.23410087819005199, 0.19793656237994317, 0.18053907199009997, 0.19323673298458063, 0.14488455025077213, 0.23881548395087587, 0.53192872719632478, 0.71130913910978388, 0.54031224338165551, 0.44960930715358921, 0.38059781907600743, 0.22731392879856482, 0.14928681594844648, 0.14461545096104966, 0.11947183040243851, 0.21913794624498756, 0.17124390069132925, 0.14862809078575037, 0.27438936259133662, 0.14098413803582022, 0.12294883038890003, 0.15906152701556892, 0.41242706110695243, 0.14789500757455937, 0.21966054986910935, 0.15206186833418847, 0.23765513198534952, 0.13662714708908744, 0.16695280751206718, 0.18502848576763006, 0.14719039096485201, 0.1494401647666784, 0.14378676122676948, 0.13019706119471475, 0.13098865829647172, 0.15233614828283024, 0.16186772128144805, 0.17150607333323217], 'fneg': array([1, 5, 1, 0, 1, 0, 2, 0, 0, 2, 0, 0, 1, 0, 0, 1, 0, 0, 1, 1, 0, 3, 0,
       0, 1, 0, 0, 0, 0, 1, 4, 5, 4, 3, 2, 1, 0, 0, 0, 1, 0, 0, 1, 0, 0, 0,
       3, 0, 1, 0, 1, 0, 0, 0, 0, 0, 0, 0, 0, 0, 0, 0]), 'sensitivity': array([1, 1, 1, 1, 1, 1, 1, 1, 1, 1, 1, 1, 1, 1, 1, 1, 1, 1, 1, 1, 1, 1, 1,
       1, 1, 1, 1, 1, 1, 1, 1, 1, 1, 1, 1, 1, 1, 1, 1, 1, 1, 1, 1, 1, 1, 1,
       1, 1, 1, 1, 1, 1, 1, 1, 1, 1, 1, 1, 1, 1, 1, 1]), 'tpos': array([4, 0, 4, 5, 4, 5, 3, 5, 5, 3, 5, 5, 4, 5, 5, 4, 5, 5, 4, 4, 5, 2, 5,
       5, 4, 5, 5, 5, 5, 4, 1, 0, 1, 2, 3, 4, 5, 5, 5, 4, 5, 5, 4, 5, 5, 5,
       2, 5, 4, 5, 4, 5, 5, 5, 5, 5, 5, 5, 5, 5, 5, 5])}, {'specificity': array([0.93650794, 0.77777778, 0.96825397, 0.38095238, 0.22222222,
       0.68253968, 0.74603175, 0.28571429, 0.6984127, 0.3968254,
       0.14285714, 0.73015873, 0.71428571, 0.58730159, 0.49206349,
       0.92063492, 0.82539683, 0.87301587, 0.65079365, 0.53968254,
       0.66666667, 0.55555556, 0.85714286, 0.80952381, 0.23809524,
       0.19047619, 0.26984127, 0.6031746, 0.61904762, 0.25396825,
       0.36507937, 0.42857143, 0.88888889, 0.9047619, 0.98412698, 1.0,
       0.95238095, 0.84126984, 0.57142857, 0.17460317, 0.12698413,
       0.031746032, 0.44444444, 0.15873016, 0.095238095, 0.015873016,
       0.31746032, 0.76190476, 0.79365079, 0.047619048, 0.34920635,
       0.47619048, 0.3015873, 0.63492063, 0.063492063, 0.50793651,
       0.46031746, 0.52380952, 0.41269841, 0.11111111, 0.20634921,
       0.33333333, 0.079365079]), 'tneg': array([12, 12, 12,  4,  1, 11, 12,  1, 12,  5,  0, 12, 12,  9,  8, 12, 12,
       12, 11,  9, 11,  9, 12, 12,  1,  1,  1,  9, 10,  1,  4,  6, 12, 12,
       12, 12, 12, 12,  9,  1,  0,  0,  6,  1,  0,  0,  2, 12, 12,  0,  4,
        8,  1, 10,  0,  8,  6,  8,  6,  0,  1,  4,  0]), 'fpos': array([ 0,  0,  0,  8, 11,  1,  0, 11,  0,  7, 12,  0,  0,  3,  4,  0,  0,
        0,  1,  3,  1,  3,  0,  0, 11, 11, 11,  3,  2, 11,  8,  6,  0,  0,
        0,  0,  0,  0,  3, 11, 12, 12,  6, 11, 12, 12, 10,  0,  0, 12,  8,
        4, 11,  2, 12,  4,  6,  4,  6, 12, 11,  8, 12]), 'threshold': [0.58644973107217091, 0.37469050781610108, 0.66476737205080294, 0.14569147896441503, 0.13343563442012338, 0.24348609769047958, 0.29644638717143029, 0.13664104577116781, 0.279192166280814, 0.14831172460123282, 0.12294940598441784, 0.29615246325197658, 0.29259257898199431, 0.18196331468490928, 0.16209438349647648, 0.57690227660147475, 0.38910582936019095, 0.47177590213874204, 0.23238406805432058, 0.17490450285735659, 0.23374559304631304, 0.17656461752476799, 0.45323342147053858, 0.38189066149727513, 0.13427677643538991, 0.13230471404919519, 0.13590561559731973, 0.18487137515966379, 0.22293161359898969, 0.13520685460227594, 0.14533157364674118, 0.15245352361633152, 0.53136382340712807, 0.56674400544581438, 0.67237132892046003, 0.71403297060393167, 0.61823275399024935, 0.40655162203421613, 0.18099824426260561, 0.13076012268242759, 0.12039161040609521, 0.1010728564607461, 0.15517029777075461, 0.12429162356989665, 0.11569830529924056, 0.097002252363856109, 0.14070863891929611, 0.32726946982993083, 0.37986615760806269, 0.10933405008087765, 0.14525010299122226, 0.16074178478845982, 0.13956147096598351, 0.22380233249287532, 0.11256231257038114, 0.17144073096616347, 0.15587536825180876, 0.17247256036907643, 0.15031588671951643, 0.12030044012219415, 0.13322860851917234, 0.14518581106689232, 0.11536191719938374], 'fneg': array([4, 4, 4, 0, 0, 3, 3, 0, 3, 0, 0, 3, 3, 0, 0, 4, 4, 4, 3, 0, 3, 0, 4,
       4, 0, 0, 0, 0, 2, 0, 0, 0, 4, 4, 4, 4, 4, 4, 0, 0, 0, 0, 0, 0, 0, 0,
       0, 3, 4, 0, 0, 0, 0, 2, 0, 0, 0, 0, 0, 0, 0, 0, 0]), 'sensitivity': array([1, 1, 1, 1, 1, 1, 1, 1, 1, 1, 1, 1, 1, 1, 1, 1, 1, 1, 1, 1, 1, 1, 1,
       1, 1, 1, 1, 1, 1, 1, 1, 1, 1, 1, 1, 1, 1, 1, 1, 1, 1, 1, 1, 1, 1, 1,
       1, 1, 1, 1, 1, 1, 1, 1, 1, 1, 1, 1, 1, 1, 1, 1, 1]), 'tpos': array([0, 0, 0, 4, 4, 1, 1, 4, 1, 4, 4, 1, 1, 4, 4, 0, 0, 0, 1, 4, 1, 4, 0,
       0, 4, 4, 4, 4, 2, 4, 4, 4, 0, 0, 0, 0, 0, 0, 4, 4, 4, 4, 4, 4, 4, 4,
       4, 1, 0, 4, 4, 4, 4, 2, 4, 4, 4, 4, 4, 4, 4, 4, 4])}, {'specificity': array([0.78125, 0.9375, 0.796875, 0.96875, 0.859375, 0.390625, 0.6875,
       0.8125, 0.765625, 0.359375, 0.09375, 0.65625, 0.703125, 0.59375,
       0.921875, 0.84375, 0.671875, 0.484375, 0.53125, 0.5625, 0.328125,
       0.625, 0.546875, 0.828125, 0.890625, 0.296875, 0.21875, 0.125,
       0.578125, 0.234375, 0.515625, 0.4375, 0.15625, 0.078125, 0.75,
       0.453125, 0.875, 0.90625, 0.953125, 1.0, 0.984375, 0.734375,
       0.109375, 0.5, 0.40625, 0.140625, 0.015625, 0.171875, 0.3125,
       0.640625, 0.28125, 0.34375, 0.375, 0.609375, 0.03125, 0.71875, 0.25,
       0.203125, 0.46875, 0.1875, 0.0625, 0.265625, 0.421875, 0.046875]), 'tneg': array([12, 13, 12, 13, 13,  7, 12, 12, 12,  7,  3, 12, 12, 11, 13, 13, 12,
        9, 11, 11,  7, 11, 11, 13, 13,  6,  5,  4, 11,  5, 11,  8,  4,  3,
       12,  8, 13, 13, 13, 13, 13, 12,  4,  9,  7,  4,  0,  4,  6, 12,  6,
        7,  7, 11,  2, 12,  5,  5,  8,  4,  3,  5,  7,  3]), 'fpos': array([ 1,  0,  1,  0,  0,  6,  1,  1,  1,  6, 10,  1,  1,  2,  0,  0,  1,
        4,  2,  2,  6,  2,  2,  0,  0,  7,  8,  9,  2,  8,  2,  5,  9, 10,
        1,  5,  0,  0,  0,  0,  0,  1,  9,  4,  6,  9, 13,  9,  7,  1,  7,
        6,  6,  2, 11,  1,  8,  8,  5,  9, 10,  8,  6, 10]), 'threshold': [0.3683869447738099, 0.65461661138549465, 0.37003341885577296, 0.72701636499837863, 0.51975982622216976, 0.17664447433333938, 0.27826363508262736, 0.40036248532139618, 0.35140331966187155, 0.1739477883320345, 0.13963443929422817, 0.26865546784985872, 0.29862759526892502, 0.23637780633010641, 0.63416837241780544, 0.49060152931333972, 0.27814019873333801, 0.20177997390963728, 0.21913617990985007, 0.22838384922792138, 0.17320012866649961, 0.24228532000447509, 0.21979651076560766, 0.45421941247641862, 0.531122072911837, 0.16557719597807694, 0.15247132609411837, 0.14482926587646403, 0.23363280463989192, 0.15272888294599774, 0.21265472409479475, 0.18955411651050369, 0.14636061815555604, 0.13909306079322573, 0.3359473819346861, 0.19610349248261164, 0.53018787811976731, 0.60748526557404514, 0.72471109187639027, 0.81300645217395628, 0.8071133095236781, 0.32747281074107365, 0.1429349477785527, 0.20475064455162984, 0.17731577126686879, 0.14497298130453232, 0.10970991487856814, 0.14804319524239437, 0.17055655159590799, 0.25917272205866038, 0.16097393866398532, 0.17382302441307654, 0.17605830742182616, 0.2373794739091685, 0.13535396715970416, 0.30319699079236329, 0.15649318988289163, 0.14933436084313084, 0.19836572390283147, 0.14861126600091468, 0.13794474495133496, 0.15663548606437178, 0.17870886050370199, 0.1358975004745826], 'fneg': array([2, 2, 2, 2, 2, 0, 1, 2, 2, 0, 0, 1, 1, 1, 2, 2, 1, 0, 1, 1, 0, 1, 1,
       2, 2, 0, 0, 0, 1, 0, 1, 0, 0, 0, 2, 0, 2, 2, 2, 2, 2, 2, 0, 0, 0, 0,
       0, 0, 0, 1, 0, 0, 0, 1, 0, 1, 0, 0, 0, 0, 0, 0, 0, 0]), 'sensitivity': array([1, 1, 1, 1, 1, 1, 1, 1, 1, 1, 1, 1, 1, 1, 1, 1, 1, 1, 1, 1, 1, 1, 1,
       1, 1, 1, 1, 1, 1, 1, 1, 1, 1, 1, 1, 1, 1, 1, 1, 1, 1, 1, 1, 1, 1, 1,
       1, 1, 1, 1, 1, 1, 1, 1, 1, 1, 1, 1, 1, 1, 1, 1, 1, 1]), 'tpos': array([0, 0, 0, 0, 0, 2, 1, 0, 0, 2, 2, 1, 1, 1, 0, 0, 1, 2, 1, 1, 2, 1, 1,
       0, 0, 2, 2, 2, 1, 2, 1, 2, 2, 2, 0, 2, 0, 0, 0, 0, 0, 0, 2, 2, 2, 2,
       2, 2, 2, 1, 2, 2, 2, 1, 2, 1, 2, 2, 2, 2, 2, 2, 2, 2])}, {'specificity': array([0.82539683, 0.88888889, 0.71428571, 1.0, 0.96825397, 0.3968254,
       0.50793651, 0.9047619, 0.66666667, 0.33333333, 0.14285714,
       0.57142857, 0.77777778, 0.61904762, 0.98412698, 0.73015873,
       0.85714286, 0.6984127, 0.3015873, 0.63492063, 0.58730159,
       0.74603175, 0.68253968, 0.84126984, 0.93650794, 0.23809524,
       0.19047619, 0.6031746, 0.26984127, 0.49206349, 0.11111111,
       0.44444444, 0.031746032, 0.17460317, 0.79365079, 0.41269841,
       0.87301587, 0.92063492, 0.95238095, 0.52380952, 0.36507937,
       0.079365079, 0.015873016, 0.42857143, 0.22222222, 0.55555556,
       0.28571429, 0.46031746, 0.38095238, 0.47619048, 0.76190476,
       0.15873016, 0.34920635, 0.53968254, 0.063492063, 0.80952381,
       0.25396825, 0.31746032, 0.095238095, 0.65079365, 0.12698413,
       0.20634921, 0.047619048]), 'tneg': array([0, 0, 0, 0, 0, 0, 0, 0, 0, 0, 0, 0, 0, 0, 0, 0, 0, 0, 0, 0, 0, 0, 0,
       0, 0, 0, 0, 0, 0, 0, 0, 0, 0, 0, 0, 0, 0, 0, 0, 0, 0, 0, 0, 0, 0, 0,
       0, 0, 0, 0, 0, 0, 0, 0, 0, 0, 0, 0, 0, 0, 0, 0, 0]), 'fpos': array([10, 10, 10, 10, 10, 10, 10, 10, 10, 10, 10, 10, 10, 10, 10, 10, 10,
       10, 10, 10, 10, 10, 10, 10, 10, 10, 10, 10, 10, 10, 10, 10, 10, 10,
       10, 10, 10, 10, 10, 10, 10, 10, 10, 10, 10, 10, 10, 10, 10, 10, 10,
       10, 10, 10, 10, 10, 10, 10, 10, 10, 10, 10, 10]), 'threshold': [0.38055419374203442, 0.56911890836511358, 0.22249176890112046, 0.92911798524896749, 0.87323326675719593, 0.091143307673645299, 0.11146757037363966, 0.58165963481618077, 0.1583488735631321, 0.084602606238203398, 0.06505337775800478, 0.12091423667365794, 0.26352773578291405, 0.13928193689684415, 0.87357465931556311, 0.23002774899832093, 0.44491531860514033, 0.20761724974316156, 0.080618103694399687, 0.14664715587793156, 0.13194904840562238, 0.24841183589741275, 0.19020557335722904, 0.38783723738053466, 0.728509420163166, 0.077763015703300714, 0.068095085636838582, 0.13552032442599085, 0.078793358083305814, 0.11105751125987934, 0.064270774995572072, 0.094076253641469057, 0.052043325631473965, 0.067769275385583749, 0.27034619904941609, 0.092010357669462486, 0.50639071495178611, 0.58169372047039636, 0.77013909057426821, 0.1119355986506816, 0.08711715054815182, 0.062812189649386244, 0.049849319579256486, 0.093186348224594442, 0.076057893415519606, 0.11750452986804144, 0.079293975776074929, 0.096709748109259017, 0.088164219689652379, 0.1009042841528997, 0.25273477584948328, 0.065172071975263798, 0.086291711572581489, 0.11565057628437436, 0.061028520427909065, 0.31573897786781929, 0.0786535332422581, 0.083335764864093123, 0.063673699833137282, 0.15376764528801221, 0.064693460868237282, 0.074494090760629086, 0.057769260975024848], 'fneg': array([0, 0, 0, 0, 0, 0, 0, 0, 0, 0, 0, 0, 0, 0, 0, 0, 0, 0, 0, 0, 0, 0, 0,
       0, 0, 0, 0, 0, 0, 0, 0, 0, 0, 0, 0, 0, 0, 0, 0, 0, 0, 0, 0, 0, 0, 0,
       0, 0, 0, 0, 0, 0, 0, 0, 0, 0, 0, 0, 0, 0, 0, 0, 0]), 'sensitivity': array([1, 1, 1, 1, 1, 1, 1, 1, 1, 1, 1, 1, 1, 1, 1, 1, 1, 1, 1, 1, 1, 1, 1,
       1, 1, 1, 1, 1, 1, 1, 1, 1, 1, 1, 1, 1, 1, 1, 1, 1, 1, 1, 1, 1, 1, 1,
       1, 1, 1, 1, 1, 1, 1, 1, 1, 1, 1, 1, 1, 1, 1, 1, 1]), 'tpos': array([6, 6, 6, 6, 6, 6, 6, 6, 6, 6, 6, 6, 6, 6, 6, 6, 6, 6, 6, 6, 6, 6, 6,
       6, 6, 6, 6, 6, 6, 6, 6, 6, 6, 6, 6, 6, 6, 6, 6, 6, 6, 6, 6, 6, 6, 6,
       6, 6, 6, 6, 6, 6, 6, 6, 6, 6, 6, 6, 6, 6, 6, 6, 6])}, {'specificity': array([0.78125, 0.890625, 0.96875, 0.859375, 0.46875, 0.234375, 0.6875,
       0.84375, 0.453125, 0.796875, 0.75, 0.53125, 0.578125, 0.921875,
       0.875, 0.9375, 0.59375, 0.359375, 0.640625, 0.671875, 0.421875,
       0.703125, 0.65625, 0.90625, 0.296875, 0.21875, 0.203125, 0.625,
       0.15625, 0.546875, 0.140625, 0.078125, 0.828125, 0.515625, 0.953125,
       1.0, 0.984375, 0.8125, 0.5625, 0.265625, 0.03125, 0.609375, 0.5,
       0.1875, 0.28125, 0.09375, 0.015625, 0.171875, 0.40625, 0.734375,
       0.765625, 0.0625, 0.328125, 0.34375, 0.390625, 0.71875, 0.375, 0.25,
       0.4375, 0.3125, 0.046875, 0.109375, 0.484375, 0.125]), 'tneg': array([11, 11, 12, 11,  7,  5,  9, 11,  7, 11, 10,  7,  8, 11, 11, 11,  8,
        6,  8,  9,  7, 10,  8, 11,  5,  5,  5,  8,  5,  8,  3,  1, 11,  7,
       12, 12, 12, 11,  8,  5,  0,  8,  7,  5,  5,  2,  0,  5,  7, 10, 11,
        0,  6,  6,  6, 10,  6,  5,  7,  6,  0,  2,  7,  3]), 'fpos': array([ 1,  1,  0,  1,  5,  7,  3,  1,  5,  1,  2,  5,  4,  1,  1,  1,  4,
        6,  4,  3,  5,  2,  4,  1,  7,  7,  7,  4,  7,  4,  9, 11,  1,  5,
        0,  0,  0,  1,  4,  7, 12,  4,  5,  7,  7, 10, 12,  7,  5,  2,  1,
       12,  6,  6,  6,  2,  6,  7,  5,  6, 12, 10,  5,  9]), 'threshold': [0.35948940661567463, 0.42260342264992506, 0.7067939546080455, 0.40118195119663985, 0.19323178704570607, 0.15336212583646172, 0.26619565773629578, 0.38605058354300648, 0.19126707962395242, 0.37063471592804154, 0.31815897642228236, 0.21228256756036321, 0.22353361400133529, 0.56929712856100401, 0.41358612344084272, 0.57900179633285487, 0.22999661519383724, 0.17287770681418083, 0.23703833179632827, 0.26191456944601471, 0.19087215147284209, 0.27340591519166035, 0.24150970981247769, 0.51179924402820354, 0.16105775688387244, 0.15305799371091491, 0.15160811955215736, 0.23557361810004526, 0.14805267690350904, 0.21742184038842866, 0.14246570805784509, 0.13308903787653431, 0.38087379833630586, 0.20884636476861207, 0.68456995603776782, 0.8013973657046598, 0.73077919478309428, 0.37769354649211795, 0.22043960093315432, 0.15660783358859803, 0.10659032579408977, 0.23430556523078414, 0.19916526069165283, 0.15112425438737839, 0.15698432470338145, 0.13575582641948311, 0.10405682820557681, 0.14938517113999833, 0.18525026168083614, 0.30319214823265506, 0.34263861125472728, 0.12627801965578733, 0.16908104053936277, 0.16966323834370739, 0.17701288813438351, 0.28888510959293012, 0.17417159522140666, 0.15639120780776908, 0.19113745483398259, 0.16618999071727814, 0.12203270846963731, 0.13612189648807288, 0.19562125193885244, 0.13714870445286917], 'fneg': array([0, 0, 1, 0, 0, 0, 0, 0, 0, 0, 0, 0, 0, 1, 0, 1, 0, 0, 0, 0, 0, 0, 0,
       1, 0, 0, 0, 0, 0, 0, 0, 0, 0, 0, 1, 2, 1, 0, 0, 0, 0, 0, 0, 0, 0, 0,
       0, 0, 0, 0, 0, 0, 0, 0, 0, 0, 0, 0, 0, 0, 0, 0, 0, 0]), 'sensitivity': array([1, 1, 1, 1, 1, 1, 1, 1, 1, 1, 1, 1, 1, 1, 1, 1, 1, 1, 1, 1, 1, 1, 1,
       1, 1, 1, 1, 1, 1, 1, 1, 1, 1, 1, 1, 1, 1, 1, 1, 1, 1, 1, 1, 1, 1, 1,
       1, 1, 1, 1, 1, 1, 1, 1, 1, 1, 1, 1, 1, 1, 1, 1, 1, 1]), 'tpos': array([3, 3, 2, 3, 3, 3, 3, 3, 3, 3, 3, 3, 3, 2, 3, 2, 3, 3, 3, 3, 3, 3, 3,
       2, 3, 3, 3, 3, 3, 3, 3, 3, 3, 3, 2, 1, 2, 3, 3, 3, 3, 3, 3, 3, 3, 3,
       3, 3, 3, 3, 3, 3, 3, 3, 3, 3, 3, 3, 3, 3, 3, 3, 3, 3])}], <Model object at 0x00000000000003DC>)
#adalasso
([{'specificity': array([0.73015873, 1.0, 0.98412698, 0.63492063, 0.85714286, 0.93650794,
       0.88888889, 0.34920635, 0.42857143, 0.6031746, 0.68253968,
       0.79365079, 0.96825397, 0.61904762, 0.92063492, 0.52380952,
       0.57142857, 0.20634921, 0.76190476, 0.33333333, 0.50793651,
       0.74603175, 0.84126984, 0.31746032, 0.19047619, 0.28571429,
       0.87301587, 0.44444444, 0.17460317, 0.49206349, 0.9047619,
       0.95238095, 0.77777778, 0.063492063, 0.079365079, 0.25396825,
       0.11111111, 0.047619048, 0.80952381, 0.82539683, 0.65079365,
       0.36507937, 0.23809524, 0.58730159, 0.47619048, 0.26984127,
       0.46031746, 0.53968254, 0.41269841, 0.095238095, 0.55555556,
       0.12698413, 0.14285714, 0.71428571, 0.38095238, 0.15873016,
       0.3968254, 0.6984127, 0.031746032, 0.66666667, 0.22222222,
       0.3015873, 0.015873016]), 'tneg': array([11, 12, 12, 11, 12, 12, 12,  6,  7, 11, 11, 11, 12, 11, 12, 11, 11,
        6, 11,  6, 11, 11, 12,  6,  4,  6, 12,  7,  3, 10, 12, 12, 11,  0,
        0,  6,  0,  0, 12, 12, 11,  6,  6, 11, 10,  6, 10, 11,  7,  0, 11,
        0,  0, 11,  6,  1,  7, 11,  0, 11,  6,  6,  0]), 'fpos': array([ 2,  1,  1,  2,  1,  1,  1,  7,  6,  2,  2,  2,  1,  2,  1,  2,  2,
        7,  2,  7,  2,  2,  1,  7,  9,  7,  1,  6, 10,  3,  1,  1,  2, 13,
       13,  7, 13, 13,  1,  1,  2,  7,  7,  2,  3,  7,  3,  2,  6, 13,  2,
       13, 13,  2,  7, 12,  6,  2, 13,  2,  7,  7, 13]), 'threshold': [0.44565037156605841, 0.95199794142952965, 0.84776078283176859, 0.34500448205722811, 0.58647447319004942, 0.7213224756365042, 0.60350249485744389, 0.13465729077205699, 0.17713584439140687, 0.33544206149854949, 0.3791992451229832, 0.49451308947185202, 0.82666955207597226, 0.34130606020703852, 0.68620001784687179, 0.26494924310113582, 0.30187923344691919, 0.10992366801661357, 0.47787230574233241, 0.13364207422064275, 0.25703907253130281, 0.46165925477097497, 0.58113517319550712, 0.13288918580988335, 0.092232800265789158, 0.12352967440775635, 0.58845258555642765, 0.18070754778346027, 0.084360747599747321, 0.23418931950170879, 0.62853898138623565, 0.80606411478554241, 0.48662664501145081, 0.027645977345521568, 0.030893593884633152, 0.12272796981817224, 0.037606036589088725, 0.026830851104126634, 0.53694799466985987, 0.53738332133341016, 0.35134862044731696, 0.14181378846967774, 0.11693576938757748, 0.31125865042670592, 0.21780989658588321, 0.12276342421486811, 0.20474461413377063, 0.26741982581797891, 0.17439563515794285, 0.037016254829611149, 0.28263712824690967, 0.039780039447014484, 0.053761413325675571, 0.41583352781090432, 0.14580783873722686, 0.076093553708165493, 0.17208078569050292, 0.38088229854512556, 0.024386665369895363, 0.35477403539753866, 0.11013219178510766, 0.1239712987049082, 0.024225885781522183], 'fneg': array([3, 4, 4, 3, 3, 3, 3, 1, 1, 3, 3, 3, 4, 3, 3, 3, 3, 1, 3, 1, 3, 3, 3,
       1, 1, 1, 3, 1, 0, 2, 3, 3, 3, 0, 0, 1, 0, 0, 3, 3, 3, 1, 1, 3, 2, 1,
       2, 3, 1, 0, 3, 0, 0, 3, 1, 0, 1, 3, 0, 3, 1, 1, 0]), 'sensitivity': array([1, 1, 1, 1, 1, 1, 1, 1, 1, 1, 1, 1, 1, 1, 1, 1, 1, 1, 1, 1, 1, 1, 1,
       1, 1, 1, 1, 1, 1, 1, 1, 1, 1, 1, 1, 1, 1, 1, 1, 1, 1, 1, 1, 1, 1, 1,
       1, 1, 1, 1, 1, 1, 1, 1, 1, 1, 1, 1, 1, 1, 1, 1, 1]), 'tpos': array([1, 0, 0, 1, 1, 1, 1, 3, 3, 1, 1, 1, 0, 1, 1, 1, 1, 3, 1, 3, 1, 1, 1,
       3, 3, 3, 1, 3, 4, 2, 1, 1, 1, 4, 4, 3, 4, 4, 1, 1, 1, 3, 3, 1, 2, 3,
       2, 1, 3, 4, 1, 4, 4, 1, 3, 4, 3, 1, 4, 1, 3, 3, 4])}, {'specificity': array([0.875, 0.59375, 0.171875, 0.453125, 0.75, 0.09375, 0.765625,
       0.828125, 0.890625, 0.78125, 0.09375, 0.984375, 0.859375, 0.921875,
       0.734375, 0.8125, 0.125, 0.609375, 0.328125, 0.390625, 0.4375,
       0.296875, 0.5625, 0.96875, 0.25, 0.421875, 0.203125, 0.703125,
       0.40625, 0.578125, 0.1875, 0.140625, 0.625, 0.15625, 0.09375,
       0.9375, 1.0, 0.09375, 0.796875, 0.671875, 0.65625, 0.484375, 0.3125,
       0.359375, 0.265625, 0.84375, 0.953125, 0.71875, 0.375, 0.6875,
       0.28125, 0.34375, 0.5, 0.546875, 0.53125, 0.640625, 0.21875,
       0.109375, 0.515625, 0.234375, 0.46875, 0.90625, 0.09375, 0.09375]), 'tneg': array([9, 8, 2, 3, 9, 0, 9, 9, 9, 9, 0, 9, 9, 9, 9, 9, 2, 8, 3, 3, 3, 2, 6,
       9, 2, 3, 2, 8, 3, 8, 2, 2, 8, 2, 0, 9, 9, 0, 9, 8, 8, 3, 2, 3, 2, 9,
       9, 8, 3, 8, 2, 3, 5, 5, 5, 8, 2, 2, 5, 2, 3, 9, 0, 0]), 'fpos': array([ 1,  2,  8,  7,  1, 10,  1,  1,  1,  1, 10,  1,  1,  1,  1,  1,  8,
        2,  7,  7,  7,  8,  4,  1,  8,  7,  8,  2,  7,  2,  8,  8,  2,  8,
       10,  1,  1, 10,  1,  2,  2,  7,  8,  7,  8,  1,  1,  2,  7,  2,  8,
        7,  5,  5,  5,  2,  8,  8,  5,  8,  7,  1, 10, 10]), 'threshold': [0.32194323395445734, 0.20385136793171674, 0.16194928844534468, 0.18226131661551995, 0.26653238834483883, 0.16089022585277812, 0.26664343976222549, 0.29846814970250862, 0.33486606018035925, 0.27238358469881924, 0.16089022585277812, 0.53333305588021795, 0.31444465328939003, 0.35988832084765782, 0.2643010386024412, 0.2840042708600341, 0.16096202596435602, 0.2178647373679124, 0.17007281988701847, 0.18000068280780321, 0.18149132476380478, 0.16558523817805104, 0.19494366056789594, 0.46318587357659036, 0.16452925910091792, 0.18141682735012199, 0.16260688852935412, 0.23150176209517878, 0.18084181100871802, 0.20324954004249057, 0.16259376174987172, 0.16133477388522588, 0.21925460597648788, 0.16160658193621363, 0.16089022585277812, 0.38762244377414024, 0.55608800689924232, 0.16089022585277812, 0.27624934243065824, 0.23017127788638886, 0.22422008063898427, 0.18284309633227158, 0.16576790309062334, 0.17780967618820717, 0.16515193445909293, 0.30642265525571499, 0.40280485057554888, 0.23886861089100919, 0.17878179287623822, 0.23119347756410377, 0.16515209710573259, 0.17249668417925046, 0.18704815224774463, 0.19396056647152951, 0.19226450279589322, 0.22305640555705233, 0.16300915606542965, 0.16092336138434538, 0.19021923633967222, 0.16328380138659548, 0.18237781522510088, 0.35644120043281896, 0.16089022585277812, 0.16089022585277812], 'fneg': array([4, 2, 0, 2, 2, 0, 2, 3, 6, 3, 0, 6, 4, 6, 2, 3, 0, 2, 1, 2, 2, 0, 2,
       6, 0, 2, 0, 2, 2, 2, 0, 0, 2, 0, 0, 6, 6, 0, 3, 2, 2, 2, 0, 2, 0, 4,
       6, 2, 2, 2, 0, 1, 2, 2, 2, 2, 0, 0, 2, 0, 2, 6, 0, 0]), 'sensitivity': array([1, 1, 1, 1, 1, 1, 1, 1, 1, 1, 1, 1, 1, 1, 1, 1, 1, 1, 1, 1, 1, 1, 1,
       1, 1, 1, 1, 1, 1, 1, 1, 1, 1, 1, 1, 1, 1, 1, 1, 1, 1, 1, 1, 1, 1, 1,
       1, 1, 1, 1, 1, 1, 1, 1, 1, 1, 1, 1, 1, 1, 1, 1, 1, 1]), 'tpos': array([2, 4, 6, 4, 4, 6, 4, 3, 0, 3, 6, 0, 2, 0, 4, 3, 6, 4, 5, 4, 4, 6, 4,
       0, 6, 4, 6, 4, 4, 4, 6, 6, 4, 6, 6, 0, 0, 6, 3, 4, 4, 4, 6, 4, 6, 2,
       0, 4, 4, 4, 6, 5, 4, 4, 4, 4, 6, 6, 4, 6, 4, 0, 6, 6])}, {'specificity': array([0.828125, 0.546875, 0.875, 0.15625, 0.390625, 0.71875, 0.734375,
       0.15625, 0.6875, 0.75, 0.8125, 0.65625, 0.5, 0.375, 0.890625,
       0.9375, 0.78125, 0.265625, 0.625, 0.53125, 0.609375, 0.15625,
       0.5625, 0.96875, 0.953125, 0.203125, 0.34375, 0.28125, 0.15625,
       0.15625, 0.640625, 0.4375, 0.359375, 0.453125, 0.296875, 0.90625,
       0.984375, 1.0, 0.859375, 0.765625, 0.515625, 0.15625, 0.15625,
       0.671875, 0.40625, 0.3125, 0.25, 0.1875, 0.796875, 0.921875,
       0.578125, 0.328125, 0.703125, 0.15625, 0.421875, 0.15625, 0.171875,
       0.21875, 0.234375, 0.46875, 0.59375, 0.484375, 0.859375, 0.15625]), 'tneg': array([13,  8, 13,  2,  6, 11, 13,  2, 10, 13, 13,  9,  8,  5, 13, 13, 13,
        2,  9,  8,  9,  2,  9, 13, 13,  2,  3,  2,  2,  2,  9,  7,  5,  8,
        2, 13, 13, 13, 13, 13,  8,  2,  2,  9,  7,  2,  2,  2, 13, 13,  9,
        3, 10,  2,  7,  2,  2,  2,  2,  8,  9,  8, 13,  2]), 'fpos': array([ 0,  5,  0, 11,  7,  2,  0, 11,  3,  0,  0,  4,  5,  8,  0,  0,  0,
       11,  4,  5,  4, 11,  4,  0,  0, 11, 10, 11, 11, 11,  4,  6,  8,  5,
       11,  0,  0,  0,  0,  0,  5, 11, 11,  4,  6, 11, 11, 11,  0,  0,  4,
       10,  3, 11,  6, 11, 11, 11, 11,  5,  4,  5,  0, 11]), 'threshold': [0.34965656606926304, 0.25938960942295586, 0.35958272967611732, 0.23300501209886101, 0.24422247054658103, 0.30346362981245212, 0.32166587600056407, 0.23300501209886101, 0.29477682406237166, 0.32998231511829579, 0.33996149148585281, 0.28583346783672803, 0.2534309732523139, 0.24110526582650119, 0.36301988413756081, 0.38404927083973767, 0.33356553305781989, 0.23309321371734382, 0.27854125678333813, 0.25659592305152146, 0.26785897864116159, 0.23300501209886101, 0.2599588187064355, 0.39196964269735657, 0.38566633897388874, 0.23303671373672585, 0.23606016853567033, 0.23312064432993876, 0.23300501209886101, 0.23300501209886101, 0.28276527248686517, 0.24925143977822747, 0.24033167526044549, 0.24939555440249145, 0.23347621021227472, 0.36405500695763393, 0.49054623736803293, 0.52156360729207663, 0.35947338750739455, 0.33142871964749138, 0.25393782550616167, 0.23300501209886101, 0.23300501209886101, 0.28615441913049339, 0.24690521643267019, 0.23487458742717571, 0.23306205526729143, 0.23303561674408935, 0.33923713162905739, 0.38159132728893602, 0.26102609387577141, 0.23604157402171488, 0.29815809227708689, 0.23300501209886101, 0.24790120174847599, 0.23300501209886101, 0.23301938167339165, 0.23303715253478702, 0.23305722816119445, 0.24973519674278769, 0.26599846059694171, 0.25059360891232846, 0.35947338750739455, 0.23300501209886101], 'fneg': array([2, 1, 2, 0, 0, 2, 2, 0, 1, 2, 2, 1, 1, 0, 2, 2, 2, 0, 1, 1, 1, 0, 1,
       2, 2, 0, 0, 0, 0, 0, 1, 1, 0, 1, 0, 2, 3, 3, 2, 2, 1, 0, 0, 1, 1, 0,
       0, 0, 2, 2, 1, 0, 2, 0, 1, 0, 0, 0, 0, 1, 1, 1, 2, 0]), 'sensitivity': array([1, 1, 1, 1, 1, 1, 1, 1, 1, 1, 1, 1, 1, 1, 1, 1, 1, 1, 1, 1, 1, 1, 1,
       1, 1, 1, 1, 1, 1, 1, 1, 1, 1, 1, 1, 1, 1, 1, 1, 1, 1, 1, 1, 1, 1, 1,
       1, 1, 1, 1, 1, 1, 1, 1, 1, 1, 1, 1, 1, 1, 1, 1, 1, 1]), 'tpos': array([1, 2, 1, 3, 3, 1, 1, 3, 2, 1, 1, 2, 2, 3, 1, 1, 1, 3, 2, 2, 2, 3, 2,
       1, 1, 3, 3, 3, 3, 3, 2, 2, 3, 2, 3, 1, 0, 0, 1, 1, 2, 3, 3, 2, 2, 3,
       3, 3, 1, 1, 2, 3, 1, 3, 2, 3, 3, 3, 3, 2, 2, 2, 1, 3])}, {'specificity': array([0.90625, 0.09375, 0.296875, 0.703125, 0.71875, 0.734375, 0.203125,
       0.796875, 0.8125, 0.84375, 0.578125, 0.953125, 0.890625, 0.5,
       0.78125, 0.53125, 0.515625, 0.609375, 0.421875, 0.359375, 0.875,
       0.96875, 0.484375, 0.1875, 0.65625, 0.59375, 0.28125, 0.34375,
       0.265625, 0.5625, 0.453125, 0.078125, 0.9375, 0.921875, 0.015625,
       0.765625, 0.234375, 0.125, 0.21875, 0.859375, 0.671875, 0.625,
       0.546875, 0.40625, 0.3125, 0.828125, 1.0, 0.6875, 0.75, 0.140625,
       0.640625, 0.15625, 0.109375, 0.171875, 0.46875, 0.4375, 0.390625,
       0.25, 0.046875, 0.375, 0.328125, 0.984375, 0.0625, 0.03125]), 'tneg': array([0, 0, 0, 0, 0, 0, 0, 0, 0, 0, 0, 0, 0, 0, 0, 0, 0, 0, 0, 0, 0, 0, 0,
       0, 0, 0, 0, 0, 0, 0, 0, 0, 0, 0, 0, 0, 0, 0, 0, 0, 0, 0, 0, 0, 0, 0,
       0, 0, 0, 0, 0, 0, 0, 0, 0, 0, 0, 0, 0, 0, 0, 0, 0, 0]), 'fpos': array([9, 9, 9, 9, 9, 9, 9, 9, 9, 9, 9, 9, 9, 9, 9, 9, 9, 9, 9, 9, 9, 9, 9,
       9, 9, 9, 9, 9, 9, 9, 9, 9, 9, 9, 9, 9, 9, 9, 9, 9, 9, 9, 9, 9, 9, 9,
       9, 9, 9, 9, 9, 9, 9, 9, 9, 9, 9, 9, 9, 9, 9, 9, 9, 9]), 'threshold': [0.52280998888021135, 0.10027642523809052, 0.14341957245755543, 0.32058252212710586, 0.34241060241172522, 0.34939129583192552, 0.12510530401611478, 0.38813803476048581, 0.39272668621257883, 0.45940734494142926, 0.19816157192358197, 0.58510047167451917, 0.50043062264700322, 0.17809559338735959, 0.36984996287648186, 0.18504782601621145, 0.18303954897790328, 0.21637634306784614, 0.15901536112679132, 0.15244432505455283, 0.47826975556849549, 0.59997634939863953, 0.1779422604047837, 0.12016332861701434, 0.26888482518367263, 0.20737239352991599, 0.13821904528314538, 0.15124647411072822, 0.13738904087046946, 0.19424744272615535, 0.16736037342183915, 0.09630757537308135, 0.54516323363088715, 0.54475086247358773, 0.079024254165682345, 0.36378510566368738, 0.13139627970464524, 0.10522091340939961, 0.12860118529355757, 0.46462352976496835, 0.27860367436606204, 0.237333181451829, 0.18907218747351917, 0.15870646125498586, 0.14449887974575446, 0.41469882423607424, 0.72551857365891315, 0.30919671894694778, 0.35602159018535806, 0.11040220599118454, 0.26230238349586604, 0.11234104699025947, 0.10329735924050544, 0.11301702125828216, 0.17473675827035054, 0.16571578627038075, 0.15543320757007395, 0.1334461137739765, 0.08908338264191637, 0.15390107407632123, 0.15114314590503611, 0.64387848377256096, 0.092224794952206646, 0.087246818400669807], 'fneg': array([0, 0, 0, 0, 0, 0, 0, 0, 0, 0, 0, 0, 0, 0, 0, 0, 0, 0, 0, 0, 0, 0, 0,
       0, 0, 0, 0, 0, 0, 0, 0, 0, 0, 0, 0, 0, 0, 0, 0, 0, 0, 0, 0, 0, 0, 0,
       0, 0, 0, 0, 0, 0, 0, 0, 0, 0, 0, 0, 0, 0, 0, 0, 0, 0]), 'sensitivity': array([1, 1, 1, 1, 1, 1, 1, 1, 1, 1, 1, 1, 1, 1, 1, 1, 1, 1, 1, 1, 1, 1, 1,
       1, 1, 1, 1, 1, 1, 1, 1, 1, 1, 1, 1, 1, 1, 1, 1, 1, 1, 1, 1, 1, 1, 1,
       1, 1, 1, 1, 1, 1, 1, 1, 1, 1, 1, 1, 1, 1, 1, 1, 1, 1]), 'tpos': array([7, 7, 7, 7, 7, 7, 7, 7, 7, 7, 7, 7, 7, 7, 7, 7, 7, 7, 7, 7, 7, 7, 7,
       7, 7, 7, 7, 7, 7, 7, 7, 7, 7, 7, 7, 7, 7, 7, 7, 7, 7, 7, 7, 7, 7, 7,
       7, 7, 7, 7, 7, 7, 7, 7, 7, 7, 7, 7, 7, 7, 7, 7, 7, 7])}, {'specificity': array([0.73846154, 0.66153846, 0.92307692, 0.44615385, 0.13846154,
       0.55384615, 0.64615385, 0.86153846, 0.30769231, 0.78461538, 0.8,
       0.33846154, 0.93846154, 0.83076923, 0.69230769, 0.84615385,
       0.26153846, 0.32307692, 0.046153846, 0.16923077, 0.41538462,
       0.87692308, 0.030769231, 0.15384615, 0.12307692, 0.29230769,
       0.81538462, 0.061538462, 0.21538462, 0.27692308, 0.092307692,
       0.50769231, 0.076923077, 0.56923077, 0.43076923, 0.96923077, 1.0,
       0.98461538, 0.75384615, 0.90769231, 0.47692308, 0.61538462,
       0.015384615, 0.24615385, 0.4, 0.6, 0.46153846, 0.52307692,
       0.72307692, 0.89230769, 0.49230769, 0.70769231, 0.67692308,
       0.35384615, 0.36923077, 0.58461538, 0.38461538, 0.53846154, 0.2,
       0.76923077, 0.10769231, 0.18461538, 0.63076923, 0.95384615,
       0.23076923]), 'tneg': array([ 7,  6, 11,  6,  2,  6,  6, 11,  4,  8,  8,  4, 11, 11,  7, 11,  4,
        4,  2,  2,  5, 11,  2,  2,  2,  4, 11,  2,  3,  4,  2,  6,  2,  6,
        5, 12, 12, 12,  8, 11,  6,  6,  0,  3,  5,  6,  6,  6,  7, 11,  6,
        7,  7,  4,  4,  6,  5,  6,  2,  8,  2,  2,  6, 11,  3]), 'fpos': array([ 5,  6,  1,  6, 10,  6,  6,  1,  8,  4,  4,  8,  1,  1,  5,  1,  8,
        8, 10, 10,  7,  1, 10, 10, 10,  8,  1, 10,  9,  8, 10,  6, 10,  6,
        7,  0,  0,  0,  4,  1,  6,  6, 12,  9,  7,  6,  6,  6,  5,  1,  6,
        5,  5,  8,  8,  6,  7,  6, 10,  4, 10, 10,  6,  1,  9]), 'threshold': [0.31761469868524456, 0.28807419419583252, 0.44340693831501227, 0.25391382623370906, 0.17214429813820387, 0.27200949719295991, 0.28180420219606811, 0.41212266192185631, 0.22028445204977371, 0.32731241072861078, 0.35419407143391529, 0.2240068417384842, 0.45948247705982648, 0.39218435465625739, 0.30071940979419187, 0.40443096377394461, 0.19709940317790983, 0.22185924419505002, 0.1608611567783457, 0.1761412067157577, 0.24755221793805182, 0.42752581516895827, 0.15921629949248692, 0.17473868449442059, 0.1711771451328527, 0.20957809254339085, 0.38754272921109462, 0.16304035960504751, 0.17832326561755435, 0.20738512090407868, 0.16631071509969514, 0.26344164093754746, 0.16628537115365952, 0.27251477894585324, 0.24797500398482725, 0.49697120398956401, 0.61427798582699911, 0.54366615035346744, 0.32635423094736665, 0.43274609827522675, 0.26055755226293353, 0.27945794361840126, 0.15040350389770227, 0.1838685399904402, 0.2451778421304055, 0.2770839576695166, 0.25674384691939445, 0.26509778090407404, 0.30510760480915605, 0.42901169099806574, 0.26133884929738171, 0.30288007310693166, 0.29999892149230728, 0.22791861443939454, 0.23373284770296959, 0.27501816667307044, 0.24026489274770527, 0.26834004847604159, 0.17775742977727729, 0.32683339329886729, 0.17030106493328448, 0.17721083396122198, 0.27981795656365688, 0.4673681896298415, 0.18060227590567138], 'fneg': array([2, 2, 3, 1, 0, 2, 2, 2, 1, 2, 2, 1, 3, 2, 2, 2, 0, 1, 0, 0, 1, 3, 0,
       0, 0, 0, 2, 0, 0, 0, 0, 2, 0, 2, 1, 3, 3, 3, 2, 3, 1, 2, 0, 0, 1, 2,
       1, 2, 2, 3, 1, 2, 2, 1, 1, 2, 1, 2, 0, 2, 0, 0, 2, 3, 0]), 'sensitivity': array([1, 1, 1, 1, 1, 1, 1, 1, 1, 1, 1, 1, 1, 1, 1, 1, 1, 1, 1, 1, 1, 1, 1,
       1, 1, 1, 1, 1, 1, 1, 1, 1, 1, 1, 1, 1, 1, 1, 1, 1, 1, 1, 1, 1, 1, 1,
       1, 1, 1, 1, 1, 1, 1, 1, 1, 1, 1, 1, 1, 1, 1, 1, 1, 1, 1]), 'tpos': array([1, 1, 0, 2, 3, 1, 1, 1, 2, 1, 1, 2, 0, 1, 1, 1, 3, 2, 3, 3, 2, 0, 3,
       3, 3, 3, 1, 3, 3, 3, 3, 1, 3, 1, 2, 0, 0, 0, 1, 0, 2, 1, 3, 3, 2, 1,
       2, 1, 1, 0, 2, 1, 1, 2, 2, 1, 2, 1, 3, 1, 3, 3, 1, 0, 3])}], <Model object at 0x0000000000000708>)
#adalasso
([{'specificity': array([0.92063492, 0.87301587, 0.96825397, 0.95238095, 0.49206349,
       0.46031746, 0.42857143, 0.063492063, 0.22222222, 0.6031746,
       0.76190476, 0.82539683, 0.9047619, 0.50793651, 0.61904762,
       0.77777778, 0.58730159, 0.33333333, 0.17460317, 0.12698413,
       0.015873016, 0.66666667, 0.88888889, 0.25396825, 0.11111111,
       0.031746032, 0.20634921, 0.53968254, 0.52380952, 0.41269841,
       0.44444444, 0.71428571, 1.0, 0.98412698, 0.85714286, 0.74603175,
       0.93650794, 0.47619048, 0.63492063, 0.14285714, 0.3968254,
       0.34920635, 0.095238095, 0.55555556, 0.3015873, 0.079365079,
       0.047619048, 0.65079365, 0.57142857, 0.68253968, 0.79365079,
       0.26984127, 0.19047619, 0.84126984, 0.6984127, 0.36507937,
       0.73015873, 0.23809524, 0.38095238, 0.80952381, 0.28571429,
       0.31746032, 0.15873016]), 'tneg': array([12, 12, 12, 12,  4,  4,  4,  0,  1,  5, 10, 12, 12,  4,  5, 10,  5,
        4,  1,  1,  0,  7, 12,  3,  0,  0,  1,  4,  4,  4,  4,  9, 12, 12,
       12, 10, 12,  4,  5,  1,  4,  4,  0,  4,  4,  0,  0,  6,  5,  7, 10,
        3,  1, 12,  7,  4,  9,  1,  4, 12,  4,  4,  1]), 'fpos': array([ 1,  1,  1,  1,  9,  9,  9, 13, 12,  8,  3,  1,  1,  9,  8,  3,  8,
        9, 12, 12, 13,  6,  1, 10, 13, 13, 12,  9,  9,  9,  9,  4,  1,  1,
        1,  3,  1,  9,  8, 12,  9,  9, 13,  9,  9, 13, 13,  7,  8,  6,  3,
       10, 12,  1,  6,  9,  4, 12,  9,  1,  9,  9, 12]), 'threshold': [0.52834743595428646, 0.40902174396314561, 0.83929808301464071, 0.82574609308304225, 0.07788823466706904, 0.074219234158642608, 0.067336460109135035, 0.027942900613334432, 0.04566766560417547, 0.099923003551467313, 0.19392567783298945, 0.27659913102082512, 0.47180741985464525, 0.07943508111412699, 0.10524828379819781, 0.19762039900874787, 0.098053403383077928, 0.056656036375447069, 0.038048264770474759, 0.034764475979688382, 0.020309717541803118, 0.13638872787416773, 0.45383790730147799, 0.049297576015323592, 0.031925969264963987, 0.023568666074790679, 0.044448283904572616, 0.083733324214277746, 0.081999353099179037, 0.064843168427159009, 0.074159005609749071, 0.17794083542522252, 0.88221591041790304, 0.85983048265383455, 0.35802538097182035, 0.18739437867296538, 0.75528913427070221, 0.076944782373165044, 0.11448310323678278, 0.035585365842856043, 0.063622455764148211, 0.056748495189436025, 0.031813356255950907, 0.085378309172786146, 0.052962480983920653, 0.028859187779954266, 0.02497180384158277, 0.12456897396026777, 0.097190423605355861, 0.14334573744128573, 0.21233543533225482, 0.049602266514563183, 0.04406082031433857, 0.35511035261058993, 0.151223112152791, 0.059372780262006777, 0.18444000479293962, 0.046912245771504289, 0.059623934025724405, 0.25217378262507611, 0.051268098258794234, 0.052973678008080081, 0.03797822672175391], 'fneg': array([4, 4, 4, 4, 0, 0, 0, 0, 0, 1, 2, 4, 4, 0, 2, 2, 1, 0, 0, 0, 0, 2, 4,
       0, 0, 0, 0, 0, 0, 0, 0, 2, 4, 4, 4, 2, 4, 0, 2, 0, 0, 0, 0, 0, 0, 0,
       0, 2, 1, 2, 3, 0, 0, 4, 2, 0, 2, 0, 0, 3, 0, 0, 0]), 'sensitivity': array([1, 1, 1, 1, 1, 1, 1, 1, 1, 1, 1, 1, 1, 1, 1, 1, 1, 1, 1, 1, 1, 1, 1,
       1, 1, 1, 1, 1, 1, 1, 1, 1, 1, 1, 1, 1, 1, 1, 1, 1, 1, 1, 1, 1, 1, 1,
       1, 1, 1, 1, 1, 1, 1, 1, 1, 1, 1, 1, 1, 1, 1, 1, 1]), 'tpos': array([0, 0, 0, 0, 4, 4, 4, 4, 4, 3, 2, 0, 0, 4, 2, 2, 3, 4, 4, 4, 4, 2, 0,
       4, 4, 4, 4, 4, 4, 4, 4, 2, 0, 0, 0, 2, 0, 4, 2, 4, 4, 4, 4, 4, 4, 4,
       4, 2, 3, 2, 1, 4, 4, 0, 2, 4, 2, 4, 4, 1, 4, 4, 4])}, {'specificity': array([0.984375, 0.703125, 0.828125, 1.0, 0.921875, 0.5625, 0.40625,
       0.890625, 0.546875, 0.796875, 0.859375, 0.953125, 0.109375,
       0.265625, 0.765625, 0.46875, 0.625, 0.640625, 0.359375, 0.15625,
       0.875, 0.6875, 0.96875, 0.4375, 0.28125, 0.1875, 0.609375, 0.234375,
       0.375, 0.328125, 0.75, 0.8125, 0.015625, 0.78125, 0.59375, 0.515625,
       0.03125, 0.25, 0.125, 0.140625, 0.390625, 0.453125, 0.21875,
       0.734375, 0.90625, 0.046875, 0.65625, 0.71875, 0.5, 0.53125,
       0.171875, 0.0625, 0.421875, 0.296875, 0.203125, 0.484375, 0.84375,
       0.3125, 0.09375, 0.578125, 0.671875, 0.9375, 0.34375, 0.078125]), 'tneg': array([11,  7, 10, 11, 11,  5,  5, 11,  5,  8, 10, 11,  4,  4,  8,  5,  5,
        5,  5,  4, 10,  6, 11,  5,  4,  4,  5,  4,  5,  4,  7, 10,  1,  8,
        5,  5,  3,  4,  4,  4,  5,  5,  4,  7, 11,  3,  5,  7,  5,  5,  4,
        3,  5,  4,  4,  5, 10,  4,  4,  5,  5, 11,  5,  3]), 'fpos': array([ 1,  5,  2,  1,  1,  7,  7,  1,  7,  4,  2,  1,  8,  8,  4,  7,  7,
        7,  7,  8,  2,  6,  1,  7,  8,  8,  7,  8,  7,  8,  5,  2, 11,  4,
        7,  7,  9,  8,  8,  8,  7,  7,  8,  5,  1,  9,  7,  5,  7,  7,  8,
        9,  7,  8,  8,  7,  2,  8,  8,  7,  7,  1,  7,  9]), 'threshold': [0.69783424523627957, 0.18360172840597402, 0.26246262112183849, 0.74672553032851796, 0.32567282306450041, 0.14349452338761823, 0.11049878927430773, 0.30092952946698226, 0.13937611282930992, 0.2075981140338358, 0.26782002140126099, 0.37788862191381223, 0.090456351858826903, 0.10064578189971023, 0.19765390318370893, 0.11544150892754368, 0.15258632478937109, 0.16090051925845988, 0.10778047524287618, 0.094912106774776198, 0.29209716370309929, 0.18055384100786631, 0.41957914033939236, 0.11271297227875389, 0.10240054879509725, 0.095905923961349879, 0.15067605646732879, 0.09782032896539733, 0.10872081621329893, 0.10408059264771097, 0.19161700568152415, 0.23280593053187387, 0.07634890158291939, 0.20242749714752178, 0.14831134319816605, 0.12906430578375081, 0.080326332294800296, 0.098796841210313222, 0.093294420695546054, 0.093754796701725943, 0.10935493580055448, 0.1146265569297317, 0.097479775318647655, 0.19073605519120296, 0.30400854328858207, 0.081635661881410498, 0.16806202078341645, 0.18927993908889729, 0.12165852860509099, 0.13206665364476367, 0.095331043404235247, 0.082829543179512244, 0.11179567084737561, 0.10287308903045397, 0.095941126971770735, 0.1160452075990438, 0.2651450059912045, 0.10287677444492147, 0.08918773622181124, 0.14560969034448271, 0.17371819081629444, 0.34628995320202394, 0.10531201416176092, 0.083588355812174345], 'fneg': array([3, 0, 0, 4, 2, 0, 0, 1, 0, 0, 0, 2, 0, 0, 0, 0, 0, 0, 0, 0, 0, 0, 2,
       0, 0, 0, 0, 0, 0, 0, 0, 0, 0, 0, 0, 0, 0, 0, 0, 0, 0, 0, 0, 0, 1, 0,
       0, 0, 0, 0, 0, 0, 0, 0, 0, 0, 0, 0, 0, 0, 0, 2, 0, 0]), 'sensitivity': array([1, 1, 1, 1, 1, 1, 1, 1, 1, 1, 1, 1, 1, 1, 1, 1, 1, 1, 1, 1, 1, 1, 1,
       1, 1, 1, 1, 1, 1, 1, 1, 1, 1, 1, 1, 1, 1, 1, 1, 1, 1, 1, 1, 1, 1, 1,
       1, 1, 1, 1, 1, 1, 1, 1, 1, 1, 1, 1, 1, 1, 1, 1, 1, 1]), 'tpos': array([1, 4, 4, 0, 2, 4, 4, 3, 4, 4, 4, 2, 4, 4, 4, 4, 4, 4, 4, 4, 4, 4, 2,
       4, 4, 4, 4, 4, 4, 4, 4, 4, 4, 4, 4, 4, 4, 4, 4, 4, 4, 4, 4, 4, 3, 4,
       4, 4, 4, 4, 4, 4, 4, 4, 4, 4, 4, 4, 4, 4, 4, 2, 4, 4])}, {'specificity': array([0.90625, 0.578125, 0.96875, 0.421875, 0.9375, 0.765625, 0.46875,
       0.46875, 0.53125, 0.734375, 0.828125, 0.828125, 0.78125, 0.859375,
       0.953125, 0.875, 0.578125, 0.578125, 0.5, 0.765625, 0.828125,
       0.46875, 0.421875, 0.421875, 0.921875, 0.421875, 0.421875, 0.421875,
       0.421875, 0.640625, 0.859375, 0.984375, 1.0, 0.703125, 0.625,
       0.421875, 0.421875, 0.421875, 0.421875, 0.5, 0.421875, 0.421875,
       0.421875, 0.421875, 0.421875, 0.625, 0.71875, 0.421875, 0.625,
       0.671875, 0.671875, 0.421875, 0.421875, 0.421875, 0.421875,
       0.421875, 0.421875, 0.421875, 0.421875, 0.421875, 0.90625, 0.6875,
       0.421875, 0.515625]), 'tneg': array([11,  9, 12,  7, 11, 10,  7,  7,  9, 10, 11, 11, 10, 11, 11, 11,  9,
        9,  7, 10, 11,  7,  7,  7, 11,  7,  7,  7,  7, 10, 11, 12, 12, 10,
       10,  7,  7,  7,  7,  7,  7,  7,  7,  7,  7, 10, 10,  7, 10, 10, 10,
        7,  7,  7,  7,  7,  7,  7,  7,  7, 11, 10,  7,  8]), 'fpos': array([1, 3, 0, 5, 1, 2, 5, 5, 3, 2, 1, 1, 2, 1, 1, 1, 3, 3, 5, 2, 1, 5, 5,
       5, 1, 5, 5, 5, 5, 2, 1, 0, 0, 2, 2, 5, 5, 5, 5, 5, 5, 5, 5, 5, 5, 2,
       2, 5, 2, 2, 2, 5, 5, 5, 5, 5, 5, 5, 5, 5, 1, 2, 5, 4]), 'threshold': [0.18253957238187965, 0.12712962250411877, 0.39079858798270395, 0.12236886541758361, 0.2517437494600489, 0.16382279866269622, 0.12330857737235423, 0.12330857737235423, 0.12616498166335763, 0.1626316105629049, 0.16743845904892821, 0.16743845904892821, 0.16622620707020028, 0.1761225003467202, 0.2567041568414834, 0.17739156883296098, 0.12712962250411877, 0.12712962250411877, 0.12425448400466845, 0.16382279866269622, 0.16743845904892821, 0.12330857737235423, 0.12236886541758361, 0.12236886541758361, 0.19182636455621122, 0.12236886541758361, 0.12236886541758361, 0.12236886541758361, 0.12236886541758361, 0.13105137321156257, 0.1761225003467202, 0.45454652472367124, 0.55665180711443651, 0.15793658007386688, 0.13006140872357627, 0.12236886541758361, 0.12236886541758361, 0.12236886541758361, 0.12236886541758361, 0.12425448400466845, 0.12236886541758361, 0.12236886541758361, 0.12236886541758361, 0.12236886541758361, 0.12236886541758361, 0.13006140872357627, 0.1602701848118549, 0.12236886541758361, 0.13006140872357627, 0.14343615405825788, 0.14343615405825788, 0.12236886541758361, 0.12236886541758361, 0.12236886541758361, 0.12236886541758361, 0.12236886541758361, 0.12236886541758361, 0.12236886541758361, 0.12236886541758361, 0.12236886541758361, 0.18253957238187965, 0.15335226845513234, 0.12236886541758361, 0.12520661044105116], 'fneg': array([1, 1, 3, 1, 2, 1, 1, 1, 1, 1, 1, 1, 1, 1, 2, 1, 1, 1, 1, 1, 1, 1, 1,
       1, 1, 1, 1, 1, 1, 1, 1, 4, 4, 1, 1, 1, 1, 1, 1, 1, 1, 1, 1, 1, 1, 1,
       1, 1, 1, 1, 1, 1, 1, 1, 1, 1, 1, 1, 1, 1, 1, 1, 1, 1]), 'sensitivity': array([1, 1, 1, 1, 1, 1, 1, 1, 1, 1, 1, 1, 1, 1, 1, 1, 1, 1, 1, 1, 1, 1, 1,
       1, 1, 1, 1, 1, 1, 1, 1, 1, 1, 1, 1, 1, 1, 1, 1, 1, 1, 1, 1, 1, 1, 1,
       1, 1, 1, 1, 1, 1, 1, 1, 1, 1, 1, 1, 1, 1, 1, 1, 1, 1]), 'tpos': array([3, 3, 1, 3, 2, 3, 3, 3, 3, 3, 3, 3, 3, 3, 2, 3, 3, 3, 3, 3, 3, 3, 3,
       3, 3, 3, 3, 3, 3, 3, 3, 0, 0, 3, 3, 3, 3, 3, 3, 3, 3, 3, 3, 3, 3, 3,
       3, 3, 3, 3, 3, 3, 3, 3, 3, 3, 3, 3, 3, 3, 3, 3, 3, 3])}, {'specificity': array([0.90625, 0.65625, 0.984375, 0.953125, 0.1875, 0.890625, 0.34375,
       0.328125, 0.703125, 0.4375, 0.640625, 0.6875, 0.625, 0.71875,
       0.796875, 0.875, 0.765625, 0.546875, 0.40625, 0.421875, 0.5625,
       0.25, 0.078125, 0.84375, 0.921875, 0.296875, 0.140625, 0.46875,
       0.734375, 0.515625, 0.5, 0.828125, 0.9375, 1.0, 0.96875, 0.78125,
       0.234375, 0.109375, 0.265625, 0.0625, 0.09375, 0.484375, 0.359375,
       0.203125, 0.015625, 0.609375, 0.171875, 0.859375, 0.125, 0.59375,
       0.15625, 0.21875, 0.03125, 0.578125, 0.28125, 0.453125, 0.8125,
       0.53125, 0.390625, 0.671875, 0.75, 0.375, 0.3125, 0.046875]), 'tneg': array([0, 0, 0, 0, 0, 0, 0, 0, 0, 0, 0, 0, 0, 0, 0, 0, 0, 0, 0, 0, 0, 0, 0,
       0, 0, 0, 0, 0, 0, 0, 0, 0, 0, 0, 0, 0, 0, 0, 0, 0, 0, 0, 0, 0, 0, 0,
       0, 0, 0, 0, 0, 0, 0, 0, 0, 0, 0, 0, 0, 0, 0, 0, 0, 0]), 'fpos': array([12, 12, 12, 12, 12, 12, 12, 12, 12, 12, 12, 12, 12, 12, 12, 12, 12,
       12, 12, 12, 12, 12, 12, 12, 12, 12, 12, 12, 12, 12, 12, 12, 12, 12,
       12, 12, 12, 12, 12, 12, 12, 12, 12, 12, 12, 12, 12, 12, 12, 12, 12,
       12, 12, 12, 12, 12, 12, 12, 12, 12, 12, 12, 12, 12]), 'threshold': [0.36173528244171033, 0.18287221339070067, 0.71912445672938596, 0.61967844993312582, 0.073941583027805943, 0.34644853727681274, 0.094296381012156316, 0.093882216525488393, 0.20850249106394617, 0.10417891083505899, 0.1809865361241805, 0.19469856366189542, 0.17181950563877749, 0.23119409326302692, 0.28369799403168156, 0.34338159266532103, 0.25146981016289999, 0.13058158330186931, 0.1009518700924727, 0.10316417806162299, 0.13355826773415677, 0.078972968698539689, 0.063750518907662465, 0.30243298945412977, 0.49907294975148836, 0.084570366910997466, 0.069200206630740835, 0.10795967848966093, 0.23683790632868004, 0.12124590731247044, 0.1188567951111001, 0.28762887312775631, 0.51150199046828382, 0.82213859045628568, 0.67779293342534308, 0.26225179608459009, 0.076440207048661946, 0.067558953581592113, 0.079146085298757024, 0.062876098835223895, 0.064613125789492895, 0.11187957215414769, 0.097975461531224037, 0.074664029664471651, 0.048466109014326693, 0.16480248665890659, 0.072401576103347243, 0.33229344213812922, 0.067923974627325856, 0.16317694492646911, 0.069989119551226261, 0.076295029569563869, 0.056528369220834235, 0.15377258772601155, 0.081124849853134673, 0.10750943262878275, 0.28516847608135759, 0.12462629599273355, 0.10041344854811164, 0.19285579716628987, 0.24836344267872859, 0.099093977733885313, 0.088699134064105567, 0.058279010652708643], 'fneg': array([0, 0, 0, 0, 0, 0, 0, 0, 0, 0, 0, 0, 0, 0, 0, 0, 0, 0, 0, 0, 0, 0, 0,
       0, 0, 0, 0, 0, 0, 0, 0, 0, 0, 0, 0, 0, 0, 0, 0, 0, 0, 0, 0, 0, 0, 0,
       0, 0, 0, 0, 0, 0, 0, 0, 0, 0, 0, 0, 0, 0, 0, 0, 0, 0]), 'sensitivity': array([1, 1, 1, 1, 1, 1, 1, 1, 1, 1, 1, 1, 1, 1, 1, 1, 1, 1, 1, 1, 1, 1, 1,
       1, 1, 1, 1, 1, 1, 1, 1, 1, 1, 1, 1, 1, 1, 1, 1, 1, 1, 1, 1, 1, 1, 1,
       1, 1, 1, 1, 1, 1, 1, 1, 1, 1, 1, 1, 1, 1, 1, 1, 1, 1]), 'tpos': array([4, 4, 4, 4, 4, 4, 4, 4, 4, 4, 4, 4, 4, 4, 4, 4, 4, 4, 4, 4, 4, 4, 4,
       4, 4, 4, 4, 4, 4, 4, 4, 4, 4, 4, 4, 4, 4, 4, 4, 4, 4, 4, 4, 4, 4, 4,
       4, 4, 4, 4, 4, 4, 4, 4, 4, 4, 4, 4, 4, 4, 4, 4, 4, 4])}, {'specificity': array([0.95384615, 0.90769231, 0.72307692, 1.0, 0.98461538, 0.38461538,
       0.81538462, 0.86153846, 0.49230769, 0.52307692, 0.84615385,
       0.75384615, 0.64615385, 0.67692308, 0.83076923, 0.23076923,
       0.66153846, 0.4, 0.44615385, 0.35384615, 0.12307692, 0.70769231,
       0.6, 0.92307692, 0.21538462, 0.15384615, 0.46153846, 0.69230769,
       0.10769231, 0.26153846, 0.50769231, 0.16923077, 0.36923077,
       0.63076923, 0.96923077, 0.93846154, 0.58461538, 0.33846154,
       0.87692308, 0.43076923, 0.47692308, 0.30769231, 0.29230769,
       0.046153846, 0.53846154, 0.24615385, 0.41538462, 0.076923077,
       0.56923077, 0.8, 0.18461538, 0.73846154, 0.76923077, 0.55384615,
       0.015384615, 0.61538462, 0.2, 0.78461538, 0.89230769, 0.092307692,
       0.061538462, 0.13846154, 0.32307692, 0.27692308, 0.030769231]), 'tneg': array([3, 3, 1, 3, 3, 0, 2, 3, 0, 0, 2, 1, 1, 1, 2, 0, 1, 0, 0, 0, 0, 1, 1,
       3, 0, 0, 0, 1, 0, 0, 0, 0, 0, 1, 3, 3, 1, 0, 3, 0, 0, 0, 0, 0, 0, 0,
       0, 0, 1, 1, 0, 1, 1, 1, 0, 1, 0, 1, 3, 0, 0, 0, 0, 0, 0]), 'fpos': array([12, 12, 14, 12, 12, 15, 13, 12, 15, 15, 13, 14, 14, 14, 13, 15, 14,
       15, 15, 15, 15, 14, 14, 12, 15, 15, 15, 14, 15, 15, 15, 15, 15, 14,
       12, 12, 14, 15, 12, 15, 15, 15, 15, 15, 15, 15, 15, 15, 14, 14, 15,
       14, 14, 14, 15, 14, 15, 14, 12, 15, 15, 15, 15, 15, 15]), 'threshold': [0.88573438351635536, 0.69518031764708832, 0.31121462780893583, 0.96578420184268265, 0.93543510507885841, 0.060474228045032573, 0.47139490991634569, 0.64023343284411738, 0.11168530749177652, 0.13856827771481006, 0.56210100052744616, 0.36924260518516983, 0.27212294282639415, 0.28216037059348953, 0.54003735833808841, 0.03039297517938561, 0.27338104825683301, 0.061921555035098177, 0.071798439020817631, 0.056136202572197993, 0.020938215771262945, 0.29295747160546598, 0.23591560042081794, 0.76253031337242283, 0.030236594405824706, 0.026978032445423215, 0.094454826724246654, 0.2911322211584666, 0.017698281109877027, 0.033844130468375956, 0.11290884483963234, 0.027446147956586908, 0.060067415818429219, 0.24269615333472128, 0.92479007972905669, 0.8602476431700814, 0.19392732283632203, 0.049367138350872863, 0.65464815128825893, 0.065778628061243641, 0.10321372898958571, 0.04672269396601568, 0.037187450224209911, 0.0081992566682059977, 0.14167421932179872, 0.032144446737877093, 0.063551966270888577, 0.011339437640706251, 0.17037611838693878, 0.42685513191953434, 0.028185351544167184, 0.32842367063600458, 0.39441093855432313, 0.14640445886578288, 0.0039890443909363802, 0.24032208714477399, 0.030223536001110104, 0.4162311470679177, 0.65864114178142008, 0.015986917045982971, 0.011225173047558658, 0.024653140018731128, 0.047000717783841711, 0.035678970922718933, 0.0049344075369570431], 'fneg': array([0, 0, 0, 0, 0, 0, 0, 0, 0, 0, 0, 0, 0, 0, 0, 0, 0, 0, 0, 0, 0, 0, 0,
       0, 0, 0, 0, 0, 0, 0, 0, 0, 0, 0, 0, 0, 0, 0, 0, 0, 0, 0, 0, 0, 0, 0,
       0, 0, 0, 0, 0, 0, 0, 0, 0, 0, 0, 0, 0, 0, 0, 0, 0, 0, 0]), 'sensitivity': array([1, 1, 1, 1, 1, 1, 1, 1, 1, 1, 1, 1, 1, 1, 1, 1, 1, 1, 1, 1, 1, 1, 1,
       1, 1, 1, 1, 1, 1, 1, 1, 1, 1, 1, 1, 1, 1, 1, 1, 1, 1, 1, 1, 1, 1, 1,
       1, 1, 1, 1, 1, 1, 1, 1, 1, 1, 1, 1, 1, 1, 1, 1, 1, 1, 1]), 'tpos': array([0, 0, 0, 0, 0, 0, 0, 0, 0, 0, 0, 0, 0, 0, 0, 0, 0, 0, 0, 0, 0, 0, 0,
       0, 0, 0, 0, 0, 0, 0, 0, 0, 0, 0, 0, 0, 0, 0, 0, 0, 0, 0, 0, 0, 0, 0,
       0, 0, 0, 0, 0, 0, 0, 0, 0, 0, 0, 0, 0, 0, 0, 0, 0, 0, 0])}], <Model object at 0x0000000000000A34>)
