# fold = 1
# threshold = 0.20636327577
# requested specificity = 0.809523809524
# actual training-set specificity = 0.816666666667
# tpos = 4
# tneg = 13
# fpos = 1
# fneg = 3
# raw predictions:
[0.187315109082 0.233696073878 0.195446971596 0.251109077527 0.232427556544
 0.20019824157 0.180176798121 0.183354525394 0.176058150703 0.196206174443
 0.236601358551 0.335844036159 0.175888362343 0.176286101142 0.189996255737
 0.177386011367 0.182420199643 0.186088447014 0.176241224662 0.176650156797
 0.177987533134]
# truth:
[1.5717088 3.3837436 3.3837436 1.5263393 2.6134189 2.2000293 2.1804126
 1.1430148 1.7024305 2.3398488 2.9914033 2.7567882 1.3483049 2.2355284
 3.3837436 3.3837436 0.61278386 1.8000294 0.30103 1.9355073 1.6928469]
# fold = 2
# threshold = 0.28706871408
# requested specificity = 0.809523809524
# actual training-set specificity = 0.821428571429
# tpos = 0
# tneg = 15
# fpos = 3
# fneg = 2
# raw predictions:
[0.308259248619 0.250763425548 0.27139212875 0.286943325839 0.293946025128
 0.255248436741 0.252405505543 0.267598778599 0.260880730115 0.261360236985
 0.250679836656 0.323402998081 0.252611767268 0.250905654667 0.251801576274
 0.252868390866 0.253940722579 0.259815147305 0.264482606373 0.250784231527]
# truth:
[2.286681 1.7767012 0.30103 2.5880475 1.1643529 0.79934055 1.6532125
 1.6042261 1.6009729 2.0318123 2.4637437 2.0338257 1.9355073 1.4712917
 1.5786392 1.948413 1.9703469 2.0406023 1.0374265 0.70757018]
# fold = 3
# threshold = 0.203314359987
# requested specificity = 0.809523809524
# actual training-set specificity = 0.83606557377
# tpos = 2
# tneg = 11
# fpos = 2
# fneg = 5
# raw predictions:
[0.203179223645 0.2031168756 0.203132461275 0.203329956948 0.203200009495
 0.204017105513 0.203111680573 0.203714964098 0.2031168756 0.203111680573
 0.2031168756 0.203111680573 0.203153243561 0.203111680573 0.203111680573
 0.203298763916 0.203111680573 0.203111680573 0.203361153545 0.203111680573]
# truth:
[2.5779511 2.5627685 2.0297895 1.8469553 2.4834446 3.3837436 2.1664301
 3.3837436 1.687529 1.3579348 1.3961993 3.3837436 1.6884198 1.9020029
 2.1433271 2.6190933 1.39794 1.1643529 1.666518 1.5263393]
# fold = 4
# threshold = 0.212088753215
# requested specificity = 0.809523809524
# actual training-set specificity = 0.819672131148
# tpos = 5
# tneg = 6
# fpos = 7
# fneg = 2
# raw predictions:
[0.321149070601 0.760704174955 0.413365787148 0.295689237451 0.682530976081
 0.214046995885 0.148419212931 0.175005135061 0.17507007063 0.110747916565
 0.175498852502 0.797962724207 0.847604084649 0.233623479596 0.252311955309
 0.392313513286 0.180967035388 0.175057152359 0.785653786627 0.113194004876]
# truth:
[2.5366847 3.3837436 3.2980448 1.8920946 2.2367891 2.8121108 1.3384565
 1.382017 2.2796669 1.5024271 1.3031961 2.7136585 2.0674428 1.4593925
 2.3583156 2.3380579 2.6887757 2.5161386 2.1525941 1.5024271]
# fold = 5
# threshold = 0.265202148797
# requested specificity = 0.8125
# actual training-set specificity = 0.827586206897
# tpos = 3
# tneg = 10
# fpos = 6
# fneg = 0
# raw predictions:
[0.266907835895 0.272929631428 0.246757460198 0.246377804664 0.271922970532
 0.276853633029 0.278906862544 0.26995118148 0.258964463719 0.246377804664
 0.250329776202 0.25931749372 0.247522592856 0.265205719268 0.258597557392
 0.25001453563 0.266566371015 0.266490320947 0.246377804664]
# truth:
[2.5375673 2.4350476 1.376577 1.1172713 2.1580608 1.8709888 2.512551
 2.2671717 1.8469553 1.3710679 2.2000293 2.1027766 2.1598678 1.6866363
 0.30103 2.1195858 0.49136169 1.1271048 0.0]
# fold = overall performance
# tpos = 14
# tneg = 55
# fpos = 19
# fneg = 12
