# fold = 1
# threshold = -0.224558741353
# requested specificity = 1.0
# actual training-set specificity = 1.0
# tpos = 1
# tneg = 13
# fpos = 6
# fneg = 1
# raw predictions:
[0.16606171 -0.68270488 1.0356842 -1.6065428 -0.13950063 -1.0644312
 -0.77496144 -0.157341 0.54608215 -0.83457428 -0.77331353 0.76041437
 -1.2223534 0.023136401 -0.45582614 -1.4035072 -0.80813446 -1.257142
 -0.39536035 -1.1930057 -0.94374836]
# truth:
[2.5366847 2.5375673 2.286681 1.5717088 2.1580608 2.1664301 1.1643529
 1.8709888 2.2671717 2.2796669 1.7024305 2.0674428 1.8469553 1.6884198
 2.3583156 2.2000293 2.1027766 0.30103 1.948413 2.0406023 2.1195858]
# fold = 2
# threshold = -0.573783602627
# requested specificity = 0.978723404255
# actual training-set specificity = 0.983333333333
# tpos = 1
# tneg = 14
# fpos = 0
# fneg = 5
# raw predictions:
[-0.5853316 -0.38463711 -1.2878523 -0.91895181 -0.9422563 -1.1218767
 -1.2331886 -1.4149672 -1.2562216 -1.1303916 -0.85092209 -0.95291856
 -1.3431987 -0.94990541 -1.0842822 -0.76710705 -1.1988222 -1.0382941
 -1.2470495 -1.2602583]
# truth:
[2.4350476 3.3837436 1.1172713 2.5627685 2.4834446 2.2000293 1.687529
 1.3579348 1.6009729 2.0318123 2.4637437 3.3837436 1.3710679 2.3380579
 0.61278386 1.39794 1.9703469 1.9355073 1.5024271 1.6928469]
# fold = 3
# threshold = -0.598940236666
# requested specificity = 0.979166666667
# actual training-set specificity = 0.983333333333
# tpos = 2
# tneg = 9
# fpos = 5
# fneg = 4
# raw predictions:
[-0.36913508 0.3571099 -0.69674491 -0.43180785 0.59572204 -0.021681264
 -1.1894805 -1.513973 -1.0428923 -0.96637249 -1.2168427 -1.1436723
 -1.6129556 -1.2819667 -1.9027957 -0.51208494 -0.56802981 -0.89560575
 -0.64905212 -1.8569358]
# truth:
[2.5779511 3.3837436 0.30103 1.8920946 2.2367891 1.5263393 2.8121108
 1.382017 1.3031961 1.4593925 3.3837436 1.8000294 2.6887757 2.5161386
 0.70757018 1.666518 0.49136169 1.1271048 2.1525941 0.0]
# fold = 4
# threshold = -0.551516446167
# requested specificity = 0.934782608696
# actual training-set specificity = 0.949152542373
# tpos = 4
# tneg = 13
# fpos = 2
# fneg = 1
# raw predictions:
[-0.82237059 -0.48496041 -0.7249981 -0.53413066 -0.3222466 -0.84627444
 -0.92707135 -0.62444312 -1.0112932 -0.83597896 -0.71631129 -0.30453939
 0.088421416 0.090608294 -1.0898947 -0.84000206 -1.0392221 -0.82066347
 -1.0931944 -0.72164637]
# truth:
[1.7767012 2.5880475 2.0297895 1.8469553 3.3837436 2.1804126 1.3384565
 1.6042261 1.1430148 2.3398488 1.3961993 2.0338257 2.7136585 2.7567882
 1.9020029 3.3837436 1.9355073 1.5786392 0.30103 1.5263393]
# fold = 5
# threshold = -0.684890672074
# requested specificity = 0.958333333333
# actual training-set specificity = 0.967741935484
# tpos = 4
# tneg = 12
# fpos = 0
# fneg = 3
# raw predictions:
[-0.47589825 -0.94035659 -0.9134331 -0.65908401 -0.93225588 -1.093294
 -0.86161179 -0.63179583 -1.1213831 -0.139956 -1.313812 -1.0846228
 -0.98920244 -1.1374525 -0.84116224 -0.81738246 -0.76199885 -0.78639375
 -1.2399777]
# truth:
[3.2980448 1.376577 3.3837436 2.6134189 0.79934055 1.6532125 2.512551
 3.3837436 1.5024271 2.9914033 1.3483049 2.2355284 1.4712917 2.1433271
 2.1598678 2.6190933 1.6866363 1.0374265 1.1643529]
# fold = overall performance
# tpos = 12
# tneg = 61
# fpos = 13
# fneg = 14
