# fold = 1
# threshold = 0.209638515412
# requested specificity = 0.75
# actual training-set specificity = 0.762711864407
# tpos = 3
# tneg = 11
# fpos = 4
# fneg = 3
# raw predictions:
[0.47708857798 0.28588473979 0.180958426685 0.153625326772 0.290062972026
 0.221566874694 0.157784701183 0.190376490088 0.174868553138 0.165158644608
 0.168203447829 0.257327932867 0.174740578357 0.179204520233 0.175937232518
 0.254958487391 0.180965216444 0.168493459565 0.514039536017 0.157152727952
 0.171546491799]
# truth:
[2.5779511 3.2980448 1.376577 3.3837436 2.1580608 2.1804126 1.3483049
 3.3837436 2.3583156 2.2000293 2.1027766 2.6190933 1.39794 1.8000294
 2.5161386 2.1195858 1.666518 0.49136169 2.1525941 1.5024271 1.6928469]
# fold = 2
# threshold = 0.234538709127
# requested specificity = 0.646153846154
# actual training-set specificity = 0.661016949153
# tpos = 4
# tneg = 5
# fpos = 10
# fneg = 1
# raw predictions:
[0.265518133339 0.232552230467 0.236455962381 0.242039965562 0.239085721511
 0.234823450497 0.241069455887 0.244646762063 0.23682334324 0.232495646605
 0.232722039637 0.23403006628 0.235001110159 0.234880427514 0.241192316052
 0.250017974941 0.240970763142 0.232439072341 0.232439072341 0.235507806889]
# truth:
[3.3837436 1.7767012 1.5717088 0.30103 1.8920946 2.4834446 2.2367891
 2.1664301 1.687529 1.1430148 2.3398488 2.0318123 2.4637437 1.3961993
 2.7136585 1.8469553 1.4593925 2.6887757 1.1643529 1.1271048]
# fold = 3
# threshold = 0.255750722016
# requested specificity = 0.707692307692
# actual training-set specificity = 0.719298245614
# tpos = 3
# tneg = 14
# fpos = 3
# fneg = 0
# raw predictions:
[0.329673993624 0.243844853402 0.28562243881 0.36270750764 0.344186542729
 0.243969725904 0.249630403035 0.243854481949 0.245910925776 0.247719676661
 0.435042038244 0.535958504007 0.243844853402 0.243849375602 0.243847349012
 0.253447060576 0.253149560899 0.243846074656 0.244025431516 0.243844853402]
# truth:
[3.3837436 1.1172713 1.8469553 1.5263393 2.6134189 1.3579348 1.382017
 2.2796669 1.3031961 1.6009729 2.7567882 2.0674428 1.3710679 1.9355073
 2.1433271 1.6866363 0.30103 1.9703469 0.70757018 0.0]
# fold = 4
# threshold = 0.248869777579
# requested specificity = 0.738461538462
# actual training-set specificity = 0.758620689655
# tpos = 2
# tneg = 13
# fpos = 3
# fneg = 2
# raw predictions:
[0.246068139023 0.245412026286 0.274853404489 0.246068139023 0.245904000123
 0.245248182676 0.251692665568 0.256219551363 0.255377226227 0.245248182676
 0.246560998386 0.245248182676 0.245248182676 0.245248182676 0.246560998386
 0.245248182676 0.245248182676 0.259097049657 0.245248182676 0.245248182676]
# truth:
[2.286681 2.5627685 3.3837436 2.8121108 1.3384565 1.6532125 1.8709888
 2.512551 2.2671717 1.5024271 1.6884198 1.9020029 1.4712917 2.1598678
 2.3380579 0.61278386 1.5786392 1.948413 1.0374265 1.5263393]
# fold = 5
# threshold = 0.196022647674
# requested specificity = 0.796875
# actual training-set specificity = 0.809523809524
# tpos = 6
# tneg = 8
# fpos = 3
# fneg = 2
# raw predictions:
[0.200485951558 0.199321534457 0.198824055863 0.196514836143 0.191152017355
 0.19865843725 0.190830617937 0.190509631632 0.197337223704 0.209812174609
 0.190509631632 0.197172538804 0.198492922416 0.190509631632 0.190509631632
 0.190509631632 0.190509631632 0.190509631632 0.190509631632]
# truth:
[2.5366847 2.5375673 2.4350476 2.5880475 2.0297895 2.2000293 1.1643529
 0.79934055 1.6042261 3.3837436 1.7024305 2.0338257 2.9914033 3.3837436
 2.2355284 3.3837436 0.30103 2.0406023 1.9355073]
# fold = overall performance
# Area under ROC curve = 0.741683991684
# tpos = 18
# tneg = 51
# fpos = 23
# fneg = 8
