# fold = 1
# threshold = -0.653062595674
# requested specificity = 0.94
# actual training-set specificity = 0.950819672131
# tpos = 1
# tneg = 13
# fpos = 0
# fneg = 7
# raw predictions:
[-0.79264322 -0.98771974 -0.7806802 -0.15277018 -0.83435531 -2.0559653
 -1.4310022 -1.6045583 -1.4612529 -1.2899656 -1.4457623 -1.7640846
 -1.7566728 -2.0757702 -1.6114121 -1.9513216 -1.0265389 -1.8065546
 -1.7503762 -1.4396702 -1.9663192]
# truth:
[2.5375673 2.4350476 1.8920946 3.3837436 2.1580608 1.3579348 1.3031961
 2.3398488 2.4637437 3.3837436 1.6884198 3.3837436 3.3837436 2.2000293
 2.1433271 0.61278386 1.8000294 2.6887757 1.9355073 0.49136169 0.0]
# fold = 2
# threshold = -0.397295925192
# requested specificity = 0.978723404255
# actual training-set specificity = 0.98275862069
# tpos = 2
# tneg = 16
# fpos = 0
# fneg = 2
# raw predictions:
[-0.27700756 -0.17504679 -0.44564415 -0.40881839 -0.53396123 -0.54997011
 -0.62680725 -0.61556387 -0.58257701 -0.52561916 -0.76492172 -0.6989375
 -0.78939387 -0.77401178 -0.75166933 -0.51977073 -0.66347239 -0.66665999
 -0.74875142 -0.67953168]
# truth:
[2.5366847 3.3837436 2.5880475 2.5627685 2.0297895 2.2000293 2.1804126
 1.3384565 1.1643529 1.6042261 1.6009729 2.0318123 1.3483049 1.9020029
 0.30103 1.948413 2.0406023 1.0374265 0.70757018 1.6928469]
