# fold = 1
# threshold = 1.89500557916
# requested specificity = 0.692307692308
# actual training-set specificity = 0.711538461538
# tpos = 3
# tneg = 9
# fpos = 2
# fneg = 7
# raw predictions:
[1.8517695 1.8893457 1.9399276 1.826332 1.7788455 1.7753127 1.8470499
 1.6845403 1.8039734 1.9179961 1.9732437 1.8407497 1.827567 1.7804604
 1.7855477 1.8256986 1.7706182 1.8249832 1.7893553 1.9502411 1.8955705]
# truth:
[2.5779511 3.3837436 3.2980448 2.5627685 2.1664301 1.3384565 1.6042261
 1.687529 2.4637437 2.9914033 2.7136585 3.3837436 3.3837436 3.3837436
 2.1598678 2.3380579 0.61278386 1.948413 1.1643529 1.1271048 1.6928469]
# fold = 2
# threshold = 1.96505554381
# requested specificity = 0.675675675676
# actual training-set specificity = 0.69387755102
# tpos = 2
# tneg = 10
# fpos = 6
# fneg = 2
# raw predictions:
[2.0593591 1.9350104 2.0318317 1.9806555 1.9269668 1.8559286 1.8423646
 2.0378113 1.8423887 1.9113488 1.8627524 1.9837609 1.9592824 2.0403235
 1.9499978 2.0033588 1.8756413 1.8777884 1.9682377 1.9181526]
# truth:
[2.5366847 3.3837436 2.5880475 1.8469553 2.4834446 1.5263393 2.2000293
 1.1643529 1.3579348 2.2796669 1.5024271 1.3031961 1.8469553 1.4593925
 2.1433271 0.30103 1.5786392 2.0406023 1.5024271 1.5263393]
# fold = 3
# threshold = 1.90865806333
# requested specificity = 0.666666666667
# actual training-set specificity = 0.68
# tpos = 3
# tneg = 9
# fpos = 8
# fneg = 0
# raw predictions:
[2.2935731 1.899299 2.4066993 2.2761984 1.7860827 2.2902789 2.0290706
 1.840555 1.6046989 1.6328395 1.674938 1.7820454 1.712379 2.1365879
 2.0782396 1.9763429 1.986556 1.628883 2.090133 2.0042651]
# truth:
[2.286681 1.376577 3.3837436 2.2367891 1.382017 2.2671717 1.7024305
 2.3398488 2.0318123 1.3483049 2.2355284 2.2000293 1.9355073 2.6190933
 1.6866363 1.8000294 2.6887757 1.0374265 1.9355073 1.666518]
# fold = 4
# threshold = 2.00332852301
# requested specificity = 0.785714285714
# actual training-set specificity = 0.795918367347
# tpos = 0
# tneg = 16
# fpos = 0
# fneg = 4
# raw predictions:
[-28.576469 -113.24251 -111.75107 -114.00344 -56.714912 -52.449641
 -130.49124 -159.43349 -191.53084 -173.82496 -176.88213 -29.514308
 -44.13468 -142.17004 -66.998855 -27.287104 -23.226979 -22.130762
 -4.4817803 -31.19864]
# truth:
[2.5375673 1.7767012 1.5717088 0.30103 2.0297895 1.8920946 2.1580608
 2.6134189 1.8709888 2.512551 3.3837436 1.6009729 2.0338257 2.0674428
 1.9020029 2.3583156 2.1027766 1.39794 2.1195858 2.1525941]
# fold = 5
# threshold = 2.03305390979
# requested specificity = 0.736842105263
# actual training-set specificity = 0.75
# tpos = 3
# tneg = 13
# fpos = 1
# fneg = 2
# raw predictions:
[2.0476649 2.0303356 2.036112 2.0320345 2.0320345 2.0303356 2.0303356
 2.0303356 2.0303356 2.0833427 2.0330539 2.0303356 2.0303356 2.0303356
 2.0303356 2.0303356 2.0303356 2.0405293 2.0303356]
# truth:
[2.4350476 1.1172713 3.3837436 2.8121108 2.1804126 0.79934055 1.6532125
 1.1430148 1.3961993 2.7567882 1.6884198 1.3710679 1.4712917 0.30103
 1.9703469 2.5161386 0.70757018 0.49136169 0.0]
# fold = overall performance
# Area under ROC curve = 0.721413721414
# tpos = 11
# tneg = 57
# fpos = 17
# fneg = 15
