#lasso
([{'specificity': array([1.0, 0.62790698, 0.69767442, 0.13953488, 0.11627907, 0.3255814,
       0.74418605, 0.58139535, 0.97674419, 0.60465116, 0.41860465,
       0.93023256, 0.37209302, 0.76744186, 0.86046512, 0.8372093,
       0.30232558, 0.18604651, 0.39534884, 0.95348837, 0.6744186,
       0.069767442, 0.23255814, 0.046511628, 0.1627907, 0.51162791,
       0.093023256, 0.27906977, 0.20930233, 0.48837209, 0.34883721,
       0.53488372, 0.44186047, 0.46511628, 0.72093023, 0.79069767,
       0.88372093, 0.55813953, 0.65116279, 0.81395349, 0.90697674,
       0.25581395, 0.023255814]), 'tneg': array([13, 12, 12, 12, 12, 12, 12, 12, 13, 12, 12, 13, 12, 12, 13, 13, 12,
       12, 12, 13, 12, 12, 12, 12, 12, 12, 12, 12, 12, 12, 12, 12, 12, 12,
       12, 12, 13, 12, 12, 13, 13, 12, 11]), 'fpos': array([0, 1, 1, 1, 1, 1, 1, 1, 0, 1, 1, 0, 1, 1, 0, 0, 1, 1, 1, 0, 1, 1, 1,
       1, 1, 1, 1, 1, 1, 1, 1, 1, 1, 1, 1, 1, 0, 1, 1, 0, 0, 1, 2]), 'threshold': [2.728324259631731, 2.3719222861179219, 2.4344998635223312, 2.1961864924859595, 2.1960005777319251, 2.2674622751082851, 2.4418037763328497, 2.3534683880420189, 2.6724086596572443, 2.3675186121914065, 2.2926812471696207, 2.5570128172457824, 2.2739892901562584, 2.4493565993515842, 2.5278883816988538, 2.5098849533640974, 2.2621227712619456, 2.2315044770147652, 2.2822176562646197, 2.6173277186970187, 2.4088519765110172, 2.1569491259596547, 2.2498308672473377, 2.1266344804249071, 2.2287661460926445, 2.3163445775535054, 2.1750314314494292, 2.2620326699220747, 2.249473306590859, 2.3080372181077511, 2.2692658388768532, 2.324332415730467, 2.3023038565586575, 2.3068964488005359, 2.4396671347653682, 2.452201837502586, 2.5410620835467315, 2.3410752206077055, 2.3941163719262932, 2.50380468522381, 2.556750464845313, 2.2574093990176642, 1.9840156917745013], 'fneg': array([4, 4, 4, 4, 4, 4, 4, 4, 4, 4, 4, 4, 4, 4, 4, 4, 4, 4, 4, 4, 4, 4, 4,
       3, 4, 4, 4, 4, 4, 4, 4, 4, 4, 4, 4, 4, 4, 4, 4, 4, 4, 4, 2]), 'sensitivity': array([0.26315789, 0.47368421, 0.42105263, 0.73684211, 0.73684211,
       0.68421053, 0.36842105, 0.47368421, 0.26315789, 0.47368421,
       0.63157895, 0.26315789, 0.68421053, 0.36842105, 0.31578947,
       0.31578947, 0.68421053, 0.73684211, 0.63157895, 0.26315789,
       0.42105263, 0.78947368, 0.68421053, 0.94736842, 0.73684211,
       0.57894737, 0.73684211, 0.68421053, 0.68421053, 0.57894737,
       0.68421053, 0.57894737, 0.63157895, 0.57894737, 0.42105263,
       0.31578947, 0.31578947, 0.52631579, 0.47368421, 0.31578947,
       0.26315789, 0.68421053, 1.0]), 'tpos': array([0, 0, 0, 0, 0, 0, 0, 0, 0, 0, 0, 0, 0, 0, 0, 0, 0, 0, 0, 0, 0, 0, 0,
       1, 0, 0, 0, 0, 0, 0, 0, 0, 0, 0, 0, 0, 0, 0, 0, 0, 0, 0, 2])}, {'specificity': array([0.87234043, 0.91489362, 0.89361702, 0.17021277, 0.27659574,
       0.085106383, 0.063829787, 0.74468085, 0.85106383, 0.76595745,
       0.55319149, 0.42553191, 0.21276596, 0.40425532, 0.31914894,
       0.53191489, 0.57446809, 0.59574468, 0.44680851, 0.14893617,
       0.80851064, 0.38297872, 0.29787234, 0.93617021, 1.0, 0.4893617,
       0.063829787, 0.63829787, 0.063829787, 0.25531915, 0.5106383,
       0.78723404, 0.61702128, 0.70212766, 0.95744681, 0.65957447,
       0.82978723, 0.36170213, 0.34042553, 0.23404255, 0.19148936,
       0.72340426, 0.46808511, 0.10638298, 0.12765957, 0.68085106,
       0.9787234]), 'tneg': array([13, 13, 13, 12, 12, 12, 12, 13, 13, 13, 13, 13, 12, 13, 12, 13, 13,
       13, 13, 12, 13, 12, 12, 13, 13, 13, 12, 13, 12, 12, 13, 13, 13, 13,
       13, 13, 13, 12, 12, 12, 12, 13, 13, 12, 12, 13, 13]), 'fpos': array([0, 0, 0, 1, 1, 1, 1, 0, 0, 0, 0, 0, 1, 0, 1, 0, 0, 0, 0, 1, 0, 1, 1,
       0, 0, 0, 1, 0, 1, 1, 0, 0, 0, 0, 0, 0, 0, 1, 1, 1, 1, 0, 0, 1, 1, 0,
       0]), 'threshold': [2.8060482090946661, 2.9629597818448166, 2.9628389813029985, 2.0219693819752615, 2.0706686624717441, 1.9967033238235705, 1.9960326725396826, 2.4051684869186212, 2.7482076600112761, 2.4229261665659143, 2.2005844382774433, 2.1336119930629769, 2.0354251043962486, 2.1301306464138507, 2.075408000970151, 2.1757547200138725, 2.2127665480894323, 2.2168112834723841, 2.1489234617384492, 2.016680192734785, 2.6281787837230177, 2.0977883841099576, 2.0729753279900853, 2.9836125089598249, 3.0296135635610382, 2.1622146454904083, 1.9960326725396826, 2.2873098548471678, 1.9960326725396826, 2.0698647140382636, 2.167381992805085, 2.5504988284139305, 2.2503084406114198, 2.3764752340848259, 3.0016701071937018, 2.3464302648434434, 2.6698622603382072, 2.0939342219955641, 2.0912703617716741, 2.0602423260520455, 2.0229524484535069, 2.4008769435321273, 2.1537804766267308, 1.999573378075737, 2.004063684174417, 2.3739916749179035, 3.0170550444676634], 'fneg': array([3, 3, 3, 3, 3, 3, 3, 3, 3, 3, 3, 3, 3, 3, 3, 3, 3, 3, 3, 3, 3, 3, 3,
       3, 3, 3, 3, 3, 3, 3, 3, 3, 3, 3, 3, 3, 3, 3, 3, 3, 3, 3, 3, 3, 3, 3,
       3]), 'sensitivity': array([0.1875, 0.1875, 0.1875, 0.6875, 0.625, 0.8125, 0.875, 0.4375, 0.25,
       0.4375, 0.625, 0.625, 0.625, 0.625, 0.625, 0.625, 0.625, 0.625,
       0.625, 0.6875, 0.3125, 0.625, 0.625, 0.125, 0.0625, 0.625, 0.875,
       0.5, 0.875, 0.625, 0.625, 0.375, 0.5625, 0.4375, 0.0625, 0.4375,
       0.3125, 0.625, 0.625, 0.625, 0.6875, 0.4375, 0.625, 0.8125, 0.8125,
       0.4375, 0.0625]), 'tpos': array([0, 0, 0, 0, 0, 0, 0, 0, 0, 0, 0, 0, 0, 0, 0, 0, 0, 0, 0, 0, 0, 0, 0,
       0, 0, 0, 0, 0, 0, 0, 0, 0, 0, 0, 0, 0, 0, 0, 0, 0, 0, 0, 0, 0, 0, 0,
       0])}, {'specificity': array([0.10204082, 0.30612245, 0.63265306, 0.14285714, 0.3877551,
       0.51020408, 0.44897959, 0.32653061, 0.57142857, 0.81632653,
       0.7755102, 0.36734694, 0.69387755, 1.0, 0.97959184, 0.2244898,
       0.34693878, 0.79591837, 0.24489796, 0.93877551, 0.95918367,
       0.55102041, 0.42857143, 0.26530612, 0.48979592, 0.06122449,
       0.18367347, 0.40816327, 0.12244898, 0.53061224, 0.081632653,
       0.28571429, 0.16326531, 0.20408163, 0.75510204, 0.59183673,
       0.65306122, 0.89795918, 0.85714286, 0.46938776, 0.71428571,
       0.83673469, 0.91836735, 0.87755102, 0.6122449, 0.73469388,
       0.040816327, 0.67346939, 0.020408163]), 'tneg': array([7, 7, 7, 7, 7, 7, 7, 7, 7, 7, 7, 7, 7, 7, 7, 7, 7, 7, 7, 7, 7, 7, 7,
       7, 7, 7, 7, 7, 7, 7, 7, 7, 7, 7, 7, 7, 7, 7, 7, 7, 7, 7, 7, 7, 7, 7,
       7, 7, 7]), 'fpos': array([0, 0, 0, 0, 0, 0, 0, 0, 0, 0, 0, 0, 0, 0, 0, 0, 0, 0, 0, 0, 0, 0, 0,
       0, 0, 0, 0, 0, 0, 0, 0, 0, 0, 0, 0, 0, 0, 0, 0, 0, 0, 0, 0, 0, 0, 0,
       0, 0, 0]), 'threshold': [2.0782790382312912, 2.2226918710335539, 2.3356110696207661, 2.114536571656032, 2.2467598483322284, 2.2855069124375444, 2.2785932560397106, 2.2392075464102659, 2.3227742550050796, 2.4618414139102178, 2.4524155327681463, 2.2465517922918594, 2.4008001483428587, 2.6429472522113411, 2.5616682528696741, 2.1885283005852, 2.2428492220959093, 2.4556021216167978, 2.1963725958864719, 2.5332268507333788, 2.5534480708582712, 2.3004000948773737, 2.25681065422978, 2.202981565234861, 2.284754919520005, 2.0407963126721644, 2.1540923937008407, 2.2487486972547743, 2.0953911980920474, 2.2943903826474297, 2.0614218216145046, 2.2055825631866606, 2.1539282189989475, 2.1714992068123951, 2.4434560811653814, 2.3270647607073256, 2.3614714116885169, 2.5052369553654703, 2.495280914866246, 2.2834676104130964, 2.4031844362503811, 2.493073618893781, 2.5281991045522028, 2.504567488049589, 2.3342352150548313, 2.4187945096009367, 2.0239755865415368, 2.3970844203967774, 2.0180686392493867], 'fneg': array([8, 8, 8, 8, 8, 8, 8, 8, 8, 8, 8, 8, 8, 8, 8, 8, 8, 8, 8, 8, 8, 8, 8,
       8, 8, 8, 8, 8, 8, 8, 8, 8, 8, 8, 8, 8, 8, 8, 8, 8, 8, 8, 8, 8, 8, 8,
       7, 8, 7]), 'sensitivity': array([0.86666667, 0.73333333, 0.6, 0.8, 0.6, 0.6, 0.6, 0.66666667, 0.6,
       0.2, 0.2, 0.6, 0.46666667, 0.0, 0.0, 0.8, 0.6, 0.2, 0.73333333,
       0.066666667, 0.0, 0.6, 0.6, 0.73333333, 0.6, 0.86666667, 0.8, 0.6,
       0.86666667, 0.6, 0.86666667, 0.73333333, 0.8, 0.8, 0.2, 0.6, 0.6,
       0.066666667, 0.066666667, 0.6, 0.46666667, 0.066666667, 0.066666667,
       0.066666667, 0.6, 0.33333333, 0.86666667, 0.46666667, 0.86666667]), 'tpos': array([0, 0, 0, 0, 0, 0, 0, 0, 0, 0, 0, 0, 0, 0, 0, 0, 0, 0, 0, 0, 0, 0, 0,
       0, 0, 0, 0, 0, 0, 0, 0, 0, 0, 0, 0, 0, 0, 0, 0, 0, 0, 0, 0, 0, 0, 0,
       1, 0, 1])}, {'specificity': array([0.95454545, 0.15909091, 0.45454545, 0.47727273, 0.18181818, 0.75,
       0.77272727, 0.93181818, 0.70454545, 0.27272727, 0.5, 0.88636364,
       0.36363636, 0.43181818, 0.61363636, 0.34090909, 0.52272727, 0.25,
       0.81818182, 0.090909091, 1.0, 0.97727273, 0.54545455, 0.38636364,
       0.045454545, 0.20454545, 0.29545455, 0.86363636, 0.72727273,
       0.68181818, 0.90909091, 0.22727273, 0.59090909, 0.40909091,
       0.63636364, 0.31818182, 0.84090909, 0.79545455, 0.65909091,
       0.068181818, 0.022727273, 0.13636364, 0.56818182, 0.11363636]), 'tneg': array([13, 13, 13, 13, 13, 13, 13, 13, 13, 13, 13, 13, 13, 13, 13, 13, 13,
       13, 13, 13, 13, 13, 13, 13, 13, 13, 13, 13, 13, 13, 13, 13, 13, 13,
       13, 13, 13, 13, 13, 13, 13, 13, 13, 13]), 'fpos': array([0, 0, 0, 0, 0, 0, 0, 0, 0, 0, 0, 0, 0, 0, 0, 0, 0, 0, 0, 0, 0, 0, 0,
       0, 0, 0, 0, 0, 0, 0, 0, 0, 0, 0, 0, 0, 0, 0, 0, 0, 0, 0, 0, 0]), 'threshold': [2.5991192307166555, 2.0882317755598447, 2.2159131316549208, 2.2177615569615492, 2.0956150486820389, 2.3251301332059273, 2.3360664650486838, 2.5681109433219378, 2.2854682023198785, 2.1432281140227896, 2.2196964990356784, 2.4400693349855826, 2.1712045054497282, 2.1995473185488592, 2.2448985533094166, 2.1690632985904013, 2.2250228406414019, 2.1193429797860088, 2.3604785271777562, 2.0816952769624346, 2.7761535557943566, 2.774852169584872, 2.2365991904367744, 2.17266092064139, 2.0730209299872189, 2.1007436545471689, 2.1616393169489667, 2.4385521571604558, 2.3049372220353357, 2.2501304719448805, 2.4484500105367064, 2.1192233846202977, 2.2441108745196026, 2.1859133385461189, 2.2464896822232592, 2.1654897453291064, 2.3644270294225631, 2.3447656288820289, 2.2465886576344953, 2.0810213024049418, 2.0646596768764027, 2.0843913985797751, 2.2367122421956149, 2.0830287991629142], 'fneg': array([3, 3, 3, 3, 3, 3, 3, 3, 3, 3, 3, 3, 3, 3, 3, 3, 3, 3, 3, 3, 3, 3, 3,
       3, 3, 3, 3, 3, 3, 3, 3, 3, 3, 3, 3, 3, 3, 3, 3, 3, 3, 3, 3, 3]), 'sensitivity': array([0.31578947, 0.84210526, 0.78947368, 0.78947368, 0.84210526,
       0.63157895, 0.63157895, 0.36842105, 0.68421053, 0.84210526,
       0.78947368, 0.52631579, 0.84210526, 0.84210526, 0.73684211,
       0.84210526, 0.78947368, 0.84210526, 0.63157895, 0.84210526,
       0.10526316, 0.10526316, 0.78947368, 0.84210526, 0.89473684,
       0.84210526, 0.84210526, 0.52631579, 0.63157895, 0.73684211,
       0.52631579, 0.84210526, 0.73684211, 0.84210526, 0.73684211,
       0.84210526, 0.63157895, 0.63157895, 0.73684211, 0.84210526,
       0.89473684, 0.84210526, 0.78947368, 0.84210526]), 'tpos': array([0, 0, 0, 0, 0, 0, 0, 0, 0, 0, 0, 0, 0, 0, 0, 0, 0, 0, 0, 0, 0, 0, 0,
       0, 0, 0, 0, 0, 0, 0, 0, 0, 0, 0, 0, 0, 0, 0, 0, 0, 0, 0, 0, 0])}, {'specificity': array([0.9047619, 0.16666667, 0.61904762, 0.071428571, 0.047619048,
       0.88095238, 0.80952381, 0.95238095, 0.85714286, 0.83333333,
       0.21428571, 0.47619048, 0.54761905, 0.33333333, 0.14285714,
       0.26190476, 0.28571429, 0.97619048, 1.0, 0.57142857, 0.047619048,
       0.66666667, 0.45238095, 0.78571429, 0.5952381, 0.69047619,
       0.52380952, 0.5, 0.23809524, 0.19047619, 0.38095238, 0.35714286,
       0.71428571, 0.76190476, 0.64285714, 0.4047619, 0.095238095,
       0.30952381, 0.42857143, 0.73809524, 0.92857143, 0.11904762]), 'tneg': array([13, 13, 13, 13, 13, 13, 13, 13, 13, 13, 13, 13, 13, 13, 13, 13, 13,
       13, 13, 13, 13, 13, 13, 13, 13, 13, 13, 13, 13, 13, 13, 13, 13, 13,
       13, 13, 13, 13, 13, 13, 13, 13]), 'fpos': array([0, 0, 0, 0, 0, 0, 0, 0, 0, 0, 0, 0, 0, 0, 0, 0, 0, 0, 0, 0, 0, 0, 0,
       0, 0, 0, 0, 0, 0, 0, 0, 0, 0, 0, 0, 0, 0, 0, 0, 0, 0, 0]), 'threshold': [2.3900019169321527, 2.0239031626613726, 2.1121650588139493, 2.0143479588097515, 2.014094329625, 2.3848853205122218, 2.2598137609077318, 2.4025307341244724, 2.3052241512163563, 2.2618746835959684, 2.0289918935560558, 2.0820622251287833, 2.096059484220798, 2.0719150885680286, 2.02190287907542, 2.0525766508989927, 2.0616922422882551, 2.4718560298769892, 2.9229628351896433, 2.1019085381484039, 2.014094329625, 2.1242505256395972, 2.0788957986607657, 2.2237842272890997, 2.1102572048889603, 2.1466088834773842, 2.0942845180004617, 2.0862628600426976, 2.0501116430304203, 2.0242749420874682, 2.0727366265795069, 2.0726204455088522, 2.1569419097511862, 2.1671997137046661, 2.121353875555982, 2.0737519309867891, 2.0154333656935641, 2.0664634646435323, 2.0758444464929715, 2.157032151330188, 2.4002280447563735, 2.0183573403834951], 'fneg': array([2, 2, 2, 2, 2, 2, 2, 2, 2, 2, 2, 2, 2, 2, 2, 2, 2, 2, 2, 2, 2, 2, 2,
       2, 2, 2, 2, 2, 2, 2, 2, 2, 2, 2, 2, 2, 2, 2, 2, 2, 2, 2]), 'sensitivity': array([0.36363636, 0.86363636, 0.72727273, 0.90909091, 0.95454545,
       0.36363636, 0.45454545, 0.31818182, 0.40909091, 0.45454545,
       0.81818182, 0.77272727, 0.77272727, 0.77272727, 0.86363636,
       0.77272727, 0.77272727, 0.27272727, 0.0, 0.72727273, 0.95454545,
       0.63636364, 0.77272727, 0.45454545, 0.72727273, 0.59090909,
       0.77272727, 0.77272727, 0.81818182, 0.86363636, 0.77272727,
       0.77272727, 0.59090909, 0.59090909, 0.63636364, 0.77272727,
       0.90909091, 0.77272727, 0.77272727, 0.59090909, 0.36363636,
       0.86363636]), 'tpos': array([0, 0, 0, 0, 0, 0, 0, 0, 0, 0, 0, 0, 0, 0, 0, 0, 0, 0, 0, 0, 0, 0, 0,
       0, 0, 0, 0, 0, 0, 0, 0, 0, 0, 0, 0, 0, 0, 0, 0, 0, 0, 0])}], <Model object at 0x00000000000003DC>)
#lasso
([{'specificity': array([0.2, 0.85, 0.225, 0.25, 0.5, 0.75, 0.8, 0.525, 0.7, 0.775, 0.55,
       0.875, 0.4, 0.95, 0.9, 0.825, 0.675, 0.175, 0.625, 0.3, 0.075,
       0.475, 0.275, 1.0, 0.325, 0.45, 0.35, 0.1, 0.925, 0.6, 0.65, 0.425,
       0.125, 0.725, 0.375, 0.975, 0.025, 0.05, 0.15, 0.575]), 'tneg': array([12, 15, 12, 13, 15, 15, 15, 15, 15, 15, 15, 15, 15, 15, 15, 15, 15,
       12, 15, 13,  3, 15, 13, 15, 14, 15, 15,  8, 15, 15, 15, 15, 10, 15,
       15, 15,  0,  0, 12, 15]), 'fpos': array([ 3,  0,  3,  2,  0,  0,  0,  0,  0,  0,  0,  0,  0,  0,  0,  0,  0,
        3,  0,  2, 12,  0,  2,  0,  1,  0,  0,  7,  0,  0,  0,  0,  5,  0,
        0,  0, 15, 15,  3,  0]), 'threshold': [1.9395001109746848, 2.0854263822414616, 1.9405845917606657, 1.9423769995522582, 1.999552715306643, 2.0627534528629652, 2.0740734264935341, 2.0040748448748662, 2.0362959548383852, 2.0676889721843814, 2.0048356910884735, 2.0881184588023589, 1.9887384528360095, 2.0927066554754461, 2.0885394805632216, 2.08341293781644, 2.035448674241962, 1.9353893475636443, 2.02844775298184, 1.947328104779547, 1.8774631737952194, 1.9994004549840685, 1.9435355954142348, 2.1464579681587317, 1.9536072394389068, 1.9926725368368066, 1.9587553085054983, 1.9018135994832375, 2.0897183759544631, 2.0254543034607311, 2.0308087791180842, 1.9906213209677746, 1.912032254621693, 2.060493800032293, 1.9642807739978319, 2.10768309954406, 1.7924591157390881, 1.8366206771750018, 1.930492740156192, 2.0236962664997771], 'fneg': array([2, 2, 2, 2, 2, 2, 2, 2, 2, 2, 2, 2, 2, 2, 2, 2, 2, 2, 2, 2, 0, 2, 2,
       2, 2, 2, 2, 2, 2, 2, 2, 2, 2, 2, 2, 2, 0, 0, 2, 2]), 'sensitivity': array([0.26086957, 0.043478261, 0.26086957, 0.26086957, 0.17391304,
       0.043478261, 0.043478261, 0.17391304, 0.086956522, 0.043478261,
       0.13043478, 0.043478261, 0.17391304, 0.043478261, 0.043478261,
       0.043478261, 0.086956522, 0.26086957, 0.086956522, 0.26086957,
       0.56521739, 0.17391304, 0.26086957, 0.0, 0.26086957, 0.17391304,
       0.26086957, 0.43478261, 0.043478261, 0.086956522, 0.086956522,
       0.17391304, 0.30434783, 0.043478261, 0.26086957, 0.0, 1.0,
       0.82608696, 0.30434783, 0.086956522]), 'tpos': array([0, 0, 0, 0, 0, 0, 0, 0, 0, 0, 0, 0, 0, 0, 0, 0, 0, 0, 0, 0, 2, 0, 0,
       0, 0, 0, 0, 0, 0, 0, 0, 0, 0, 0, 0, 0, 2, 2, 0, 0])}, {'specificity': array([0.84745763, 0.084745763, 0.3220339, 0.25423729, 0.6779661,
       0.06779661, 0.40677966, 0.23728814, 0.033898305, 0.016949153,
       0.52542373, 0.47457627, 0.13559322, 0.3559322, 0.54237288,
       0.59322034, 0.79661017, 0.62711864, 0.45762712, 0.15254237,
       0.050847458, 0.11864407, 0.66101695, 0.49152542, 0.57627119,
       0.37288136, 0.33898305, 0.69491525, 0.77966102, 0.96610169,
       0.93220339, 0.55932203, 0.61016949, 0.28813559, 0.22033898,
       0.16949153, 0.74576271, 0.83050847, 0.71186441, 0.6440678,
       0.30508475, 0.27118644, 0.81355932, 0.20338983, 0.44067797,
       0.50847458, 0.72881356, 0.88135593, 0.98305085, 0.86440678,
       0.94915254, 0.10169492, 1.0, 0.89830508, 0.42372881, 0.38983051,
       0.18644068, 0.76271186, 0.91525424]), 'tneg': array([12, 12, 12, 12, 12, 12, 12, 12, 12, 12, 12, 12, 12, 12, 12, 12, 12,
       12, 12, 12, 12, 12, 12, 12, 12, 12, 12, 12, 12, 12, 12, 12, 12, 12,
       12, 12, 12, 12, 12, 12, 12, 12, 12, 12, 12, 12, 12, 12, 12, 12, 12,
       12, 12, 12, 12, 12, 12, 12, 12]), 'fpos': array([0, 0, 0, 0, 0, 0, 0, 0, 0, 0, 0, 0, 0, 0, 0, 0, 0, 0, 0, 0, 0, 0, 0,
       0, 0, 0, 0, 0, 0, 0, 0, 0, 0, 0, 0, 0, 0, 0, 0, 0, 0, 0, 0, 0, 0, 0,
       0, 0, 0, 0, 0, 0, 0, 0, 0, 0, 0, 0, 0]), 'threshold': [3.6301918973027774, 3.1093802488530877, 3.2876742916499273, 3.2486533685771546, 3.4681844078240678, 3.0480817718534259, 3.321727382757957, 3.2486250797065752, 2.9933825901251661, 2.9860335626289563, 3.405681571743651, 3.3612731426335971, 3.148456569420409, 3.3162469876902696, 3.4119255382976967, 3.4355290200821331, 3.5797149838373041, 3.4396248811616719, 3.35447983467337, 3.1765414539806196, 3.0348118318800461, 3.1454991309794051, 3.4636850583427945, 3.3664149071319378, 3.4184844141285078, 3.3189094251314222, 3.3119453600202631, 3.4786465217749369, 3.5780457105474777, 4.0735598140142839, 3.8405643830241885, 3.4183064164526584, 3.43689697224053, 3.2510685986461958, 3.2325632177289991, 3.2055103733937518, 3.5529982898543313, 3.6057140783207213, 3.487618253453145, 3.4504541117352523, 3.2630793861612384, 3.2505594212248123, 3.5969886368747153, 3.2308690517200271, 3.33958933122375, 3.4055993695984208, 3.5078431766463418, 3.6850912044933226, 4.2803515610546228, 3.667911993918902, 4.0031728666712363, 3.1300109910793177, 4.4030900928071768, 3.7133621325494839, 3.3265617358544839, 3.3199059970431106, 3.2183630198371125, 3.5608989027331144, 3.72186850728212], 'fneg': array([4, 4, 4, 4, 4, 4, 4, 4, 4, 4, 4, 4, 4, 4, 4, 4, 4, 4, 4, 4, 4, 4, 4,
       4, 4, 4, 4, 4, 4, 4, 4, 4, 4, 4, 4, 4, 4, 4, 4, 4, 4, 4, 4, 4, 4, 4,
       4, 4, 4, 4, 4, 4, 4, 4, 4, 4, 4, 4, 4]), 'sensitivity': array([0.2, 0.8, 0.2, 0.4, 0.2, 0.8, 0.2, 0.4, 0.8, 0.8, 0.2, 0.2, 0.8,
       0.2, 0.2, 0.2, 0.2, 0.2, 0.2, 0.6, 0.8, 0.8, 0.2, 0.2, 0.2, 0.2,
       0.2, 0.2, 0.2, 0.0, 0.0, 0.2, 0.2, 0.4, 0.4, 0.4, 0.2, 0.2, 0.2,
       0.2, 0.2, 0.4, 0.2, 0.4, 0.2, 0.2, 0.2, 0.2, 0.0, 0.2, 0.0, 0.8,
       0.0, 0.2, 0.2, 0.2, 0.4, 0.2, 0.2]), 'tpos': array([0, 0, 0, 0, 0, 0, 0, 0, 0, 0, 0, 0, 0, 0, 0, 0, 0, 0, 0, 0, 0, 0, 0,
       0, 0, 0, 0, 0, 0, 0, 0, 0, 0, 0, 0, 0, 0, 0, 0, 0, 0, 0, 0, 0, 0, 0,
       0, 0, 0, 0, 0, 0, 0, 0, 0, 0, 0, 0, 0])}, {'specificity': array([0.92982456, 0.10526316, 0.52631579, 0.73684211, 0.26315789,
       0.36842105, 0.89473684, 0.61403509, 0.42105263, 0.40350877,
       0.9122807, 0.87719298, 0.80701754, 0.31578947, 1.0, 0.70175439,
       0.59649123, 0.50877193, 0.78947368, 0.47368421, 0.68421053,
       0.64912281, 0.98245614, 0.49122807, 0.71929825, 0.1754386,
       0.94736842, 0.01754386, 0.33333333, 0.43859649, 0.56140351,
       0.087719298, 0.35087719, 0.66666667, 0.28070175, 0.21052632,
       0.052631579, 0.77192982, 0.75438596, 0.070175439, 0.035087719,
       0.14035088, 0.19298246, 0.24561404, 0.38596491, 0.8245614,
       0.57894737, 0.45614035, 0.63157895, 0.96491228, 0.85964912,
       0.84210526, 0.54385965, 0.22807018, 0.12280702, 0.15789474,
       0.29824561]), 'tneg': array([12, 11, 12, 12, 12, 12, 12, 12, 12, 12, 12, 12, 12, 12, 12, 12, 12,
       12, 12, 12, 12, 12, 12, 12, 12, 12, 12,  8, 12, 12, 12, 11, 12, 12,
       12, 12, 10, 12, 12, 11, 10, 12, 12, 12, 12, 12, 12, 12, 12, 12, 12,
       12, 12, 12, 11, 12, 12]), 'fpos': array([0, 1, 0, 0, 0, 0, 0, 0, 0, 0, 0, 0, 0, 0, 0, 0, 0, 0, 0, 0, 0, 0, 0,
       0, 0, 0, 0, 4, 0, 0, 0, 1, 0, 0, 0, 0, 2, 0, 0, 1, 2, 0, 0, 0, 0, 0,
       0, 0, 0, 0, 0, 0, 0, 0, 1, 0, 0]), 'threshold': [4.5546570622175206, 2.4495934884821646, 3.3382099017094724, 3.8429462864607018, 2.8226532625624126, 3.0739014959786957, 4.36786571451538, 3.490463830392136, 3.1621206914662281, 3.1372902140067165, 4.3820876461124767, 4.2693030141619683, 4.0664458506378072, 2.9264898211387083, 4.7644586976220786, 3.8257873496494765, 3.4135936579861106, 3.2975658116453461, 3.9725453650925324, 3.2185063822275675, 3.6884856324461159, 3.5623117285552994, 4.6743062950017489, 3.2438492802246519, 3.8428233295370218, 2.6511761205091187, 4.6435352298757469, 2.0320064584621438, 2.9923019132389777, 3.1709408152280476, 3.3706498291521512, 2.1629488032144133, 3.009209290428069, 3.5681952765314695, 2.8515960794355295, 2.677993107556734, 2.1012863025957236, 3.9296420520733193, 3.8747749185620535, 2.1321649073576849, 2.0777002207619741, 2.6129354055537366, 2.6777978369431223, 2.8182778867210305, 3.0915904658338618, 4.0989791274963832, 3.3754073511053466, 3.2166643616544475, 3.54790122438226, 4.6691629580384477, 4.2037152676508684, 4.1751784169780857, 3.3624699126589532, 2.7480979542445154, 2.5027855226578226, 2.6499111554634673, 2.8723727060001019], 'fneg': array([4, 4, 4, 4, 4, 4, 4, 4, 4, 4, 4, 4, 4, 4, 4, 4, 4, 4, 4, 4, 4, 4, 4,
       4, 4, 4, 4, 3, 4, 4, 4, 4, 4, 4, 4, 4, 4, 4, 4, 4, 4, 4, 4, 4, 4, 4,
       4, 4, 4, 4, 4, 4, 4, 4, 4, 4, 4]), 'sensitivity': array([0.0, 0.71428571, 0.42857143, 0.42857143, 0.57142857, 0.57142857,
       0.14285714, 0.42857143, 0.57142857, 0.57142857, 0.0, 0.14285714,
       0.28571429, 0.57142857, 0.0, 0.42857143, 0.42857143, 0.57142857,
       0.28571429, 0.57142857, 0.42857143, 0.42857143, 0.0, 0.57142857,
       0.42857143, 0.57142857, 0.0, 1.0, 0.57142857, 0.57142857,
       0.42857143, 1.0, 0.57142857, 0.42857143, 0.57142857, 0.57142857,
       1.0, 0.28571429, 0.42857143, 1.0, 1.0, 0.57142857, 0.57142857,
       0.57142857, 0.57142857, 0.28571429, 0.42857143, 0.57142857,
       0.42857143, 0.0, 0.14285714, 0.14285714, 0.42857143, 0.57142857,
       0.71428571, 0.57142857, 0.57142857]), 'tpos': array([0, 0, 0, 0, 0, 0, 0, 0, 0, 0, 0, 0, 0, 0, 0, 0, 0, 0, 0, 0, 0, 0, 0,
       0, 0, 0, 0, 1, 0, 0, 0, 0, 0, 0, 0, 0, 0, 0, 0, 0, 0, 0, 0, 0, 0, 0,
       0, 0, 0, 0, 0, 0, 0, 0, 0, 0, 0])}, {'specificity': array([0.95744681, 0.44680851, 0.38297872, 0.76595745, 0.10638298,
       0.70212766, 0.12765957, 0.57446809, 0.42553191, 0.23404255,
       0.17021277, 0.085106383, 0.34042553, 0.29787234, 0.36170213,
       0.59574468, 0.21276596, 0.40425532, 0.46808511, 0.19148936,
       0.85106383, 0.80851064, 0.4893617, 0.042553191, 0.61702128,
       0.68085106, 0.87234043, 0.72340426, 0.55319149, 0.53191489,
       0.5106383, 0.25531915, 0.14893617, 0.063829787, 0.63829787,
       0.82978723, 0.65957447, 1.0, 0.89361702, 0.78723404, 0.74468085,
       0.31914894, 0.91489362, 0.93617021, 0.021276596, 0.27659574,
       0.9787234]), 'tneg': array([14, 14, 14, 14, 13, 14, 13, 14, 14, 13, 13, 13, 14, 13, 14, 14, 13,
       14, 14, 13, 14, 14, 14, 11, 14, 14, 14, 14, 14, 14, 14, 13, 13, 13,
       14, 14, 14, 14, 14, 14, 14, 13, 14, 14,  9, 13, 14]), 'fpos': array([0, 0, 0, 0, 1, 0, 1, 0, 0, 1, 1, 1, 0, 1, 0, 0, 1, 0, 0, 1, 0, 0, 0,
       3, 0, 0, 0, 0, 0, 0, 0, 1, 1, 1, 0, 0, 0, 0, 0, 0, 0, 1, 0, 0, 5, 1,
       0]), 'threshold': [3.2453650393355717, 2.6185499343520453, 2.5408463312469816, 2.8448417326779203, 2.3112774276990868, 2.7857895889884761, 2.3371829039913896, 2.7096480225775483, 2.5963301736274289, 2.4112881802446555, 2.3614117745638827, 2.22676335467145, 2.4985943786192948, 2.4525303327026196, 2.5082061323559111, 2.7276834698591266, 2.4069206420697755, 2.5625223329951519, 2.6294408920782715, 2.4063526265019148, 3.0750037329068753, 3.0230504343700639, 2.6368933134347996, 2.0788678943791665, 2.7286169508771687, 2.763994709591906, 3.0820241362382079, 2.8082191452941303, 2.6997789311262768, 2.6580801070129425, 2.6517293282925056, 2.4208262327680163, 2.337659108865711, 2.1924104563573934, 2.7379769406528838, 3.0430521048792363, 2.7461483004466811, 3.8119496760358818, 3.1469030447840787, 2.9880592145120395, 2.8338234731495, 2.476947918672094, 3.156580640830899, 3.1775232272473044, 2.0091712081681439, 2.4420759041894908, 3.6274467871580196], 'fneg': array([2, 2, 2, 2, 1, 2, 2, 2, 2, 2, 2, 1, 2, 2, 2, 2, 2, 2, 2, 2, 2, 2, 2,
       1, 2, 2, 2, 2, 2, 2, 2, 2, 2, 1, 2, 2, 2, 2, 2, 2, 2, 2, 2, 2, 1, 2,
       2]), 'sensitivity': array([0.0, 0.11764706, 0.35294118, 0.058823529, 0.52941176, 0.058823529,
       0.52941176, 0.11764706, 0.23529412, 0.41176471, 0.47058824,
       0.64705882, 0.41176471, 0.41176471, 0.41176471, 0.11764706,
       0.47058824, 0.35294118, 0.11764706, 0.47058824, 0.058823529,
       0.058823529, 0.11764706, 0.76470588, 0.11764706, 0.11764706,
       0.058823529, 0.058823529, 0.11764706, 0.11764706, 0.11764706,
       0.41176471, 0.47058824, 0.64705882, 0.11764706, 0.058823529,
       0.11764706, 0.0, 0.058823529, 0.058823529, 0.058823529, 0.41176471,
       0.058823529, 0.058823529, 0.88235294, 0.41176471, 0.0]), 'tpos': array([0, 0, 0, 0, 1, 0, 0, 0, 0, 0, 0, 1, 0, 0, 0, 0, 0, 0, 0, 0, 0, 0, 0,
       1, 0, 0, 0, 0, 0, 0, 0, 0, 0, 1, 0, 0, 0, 0, 0, 0, 0, 0, 0, 0, 1, 0,
       0])}, {'specificity': array([0.225, 0.65, 0.85, 0.25, 0.35, 0.275, 0.5, 0.75, 0.7, 0.775, 0.55,
       0.875, 0.4, 1.0, 0.925, 0.825, 0.675, 0.2, 0.475, 0.3, 0.1, 0.95,
       0.125, 0.625, 0.375, 0.525, 0.45, 0.325, 0.9, 0.8, 0.575, 0.6,
       0.425, 0.15, 0.725, 0.975, 0.025, 0.05, 0.075, 0.175]), 'tneg': array([ 9, 10, 10,  9, 10,  9, 10, 10, 10, 10, 10, 10, 10, 10, 10, 10, 10,
        8, 10,  9,  2, 10,  3, 10, 10, 10, 10, 10, 10, 10, 10, 10, 10,  7,
       10, 10,  0,  1,  1,  8]), 'fpos': array([ 1,  0,  0,  1,  0,  1,  0,  0,  0,  0,  0,  0,  0,  0,  0,  0,  0,
        2,  0,  1,  8,  0,  7,  0,  0,  0,  0,  0,  0,  0,  0,  0,  0,  3,
        0,  0, 10,  9,  9,  2]), 'threshold': [1.85450620435298, 1.8870340862675477, 1.9040233709959713, 1.8548742012553496, 1.8611097985871163, 1.8554824190528581, 1.8748838566443546, 1.8963297650909228, 1.8873519413771607, 1.8980045350318437, 1.8766765289979266, 1.9049368734278804, 1.8712142525886157, 1.9188686176879417, 1.90649378636261, 1.9033401488300465, 1.8870644336232638, 1.8531112988634655, 1.8748321901438638, 1.855875565426512, 1.8250089260222229, 1.908506549200792, 1.8304759570940217, 1.8864926555274055, 1.8624237294793504, 1.8762636019006691, 1.8725492054477817, 1.8610400711927209, 1.9054797733700772, 1.9011152262658013, 1.8791462545638151, 1.8854899778514513, 1.871853166296463, 1.8451855357129221, 1.895562997018249, 1.9115757436430041, 1.8046107783873471, 1.8192519077522176, 1.8195961225467898, 1.851449732903647], 'fneg': array([2, 5, 5, 2, 4, 2, 5, 5, 5, 5, 5, 5, 5, 5, 5, 5, 5, 2, 5, 3, 1, 5, 1,
       5, 4, 5, 5, 4, 5, 5, 5, 5, 5, 2, 5, 5, 0, 0, 0, 2]), 'sensitivity': array([0.4, 0.04, 0.0, 0.4, 0.32, 0.4, 0.12, 0.0, 0.04, 0.0, 0.04, 0.0,
       0.2, 0.0, 0.0, 0.0, 0.04, 0.4, 0.12, 0.4, 0.84, 0.0, 0.76, 0.04,
       0.32, 0.12, 0.12, 0.32, 0.0, 0.0, 0.04, 0.04, 0.16, 0.48, 0.0, 0.0,
       1.0, 0.88, 0.88, 0.44]), 'tpos': array([3, 0, 0, 3, 1, 3, 0, 0, 0, 0, 0, 0, 0, 0, 0, 0, 0, 3, 0, 2, 4, 0, 4,
       0, 1, 0, 0, 1, 0, 0, 0, 0, 0, 3, 0, 0, 5, 5, 5, 3])}], <Model object at 0x0000000000000708>)
#lasso
([{'specificity': array([0.17777778, 0.57777778, 0.71111111, 0.26666667, 0.15555556,
       0.37777778, 0.2, 0.64444444, 0.75555556, 0.48888889, 0.24444444,
       0.73333333, 0.8, 0.97777778, 0.84444444, 0.88888889, 0.22222222,
       0.6, 0.62222222, 1.0, 0.088888889, 0.46666667, 0.022222222,
       0.066666667, 0.51111111, 0.4, 0.11111111, 0.35555556, 0.95555556,
       0.28888889, 0.33333333, 0.13333333, 0.77777778, 0.86666667,
       0.68888889, 0.66666667, 0.91111111, 0.53333333, 0.42222222,
       0.93333333, 0.82222222, 0.44444444, 0.044444444, 0.31111111,
       0.55555556]), 'tneg': array([9, 9, 9, 9, 9, 9, 9, 9, 9, 9, 9, 9, 9, 9, 9, 9, 9, 9, 9, 9, 6, 9, 1,
       6, 9, 9, 7, 9, 9, 9, 9, 9, 9, 9, 9, 9, 9, 9, 9, 9, 9, 9, 1, 9, 9]), 'fpos': array([0, 0, 0, 0, 0, 0, 0, 0, 0, 0, 0, 0, 0, 0, 0, 0, 0, 0, 0, 0, 3, 0, 8,
       3, 0, 0, 2, 0, 0, 0, 0, 0, 0, 0, 0, 0, 0, 0, 0, 0, 0, 0, 8, 0, 0]), 'threshold': [2.1880260619694245, 2.636167306420576, 2.7250837383615187, 2.236786429521239, 2.1854643734318389, 2.429613825337646, 2.2039114240769817, 2.6811367673019895, 2.7476545922744706, 2.5115867949161927, 2.22503732124106, 2.7438168106266683, 2.7763017454656982, 3.0156272047273243, 2.8296361051946231, 2.8376381293701423, 2.2112228363454709, 2.6505671496028089, 2.67232704361665, 3.0298207978965848, 1.9789532481547671, 2.5055334820713404, 1.7436527089876999, 1.9738008772595788, 2.5573333818536108, 2.4597778816341842, 2.0474180104248725, 2.4287319090111845, 2.9780863662451957, 2.2393155974000214, 2.3513634147094939, 2.1590466345256232, 2.7663285750835165, 2.8360373405742392, 2.69789121552142, 2.691470258626433, 2.8923783570356387, 2.5844311389470471, 2.463286178593822, 2.9387873852119579, 2.8274346352460262, 2.4885511501790356, 1.7772532695184538, 2.2610986739642778, 2.606427426202], 'fneg': array([7, 8, 8, 8, 7, 8, 8, 8, 8, 8, 8, 8, 8, 8, 8, 8, 8, 8, 8, 8, 2, 8, 0,
       2, 8, 8, 6, 8, 8, 8, 8, 7, 8, 8, 8, 8, 8, 8, 8, 8, 8, 8, 0, 8, 8]), 'sensitivity': array([0.38888889, 0.0, 0.0, 0.38888889, 0.38888889, 0.16666667,
       0.38888889, 0.0, 0.0, 0.055555556, 0.38888889, 0.0, 0.0, 0.0, 0.0,
       0.0, 0.38888889, 0.0, 0.0, 0.0, 0.61111111, 0.055555556, 0.77777778,
       0.61111111, 0.055555556, 0.16666667, 0.61111111, 0.16666667, 0.0,
       0.38888889, 0.16666667, 0.44444444, 0.0, 0.0, 0.0, 0.0, 0.0, 0.0,
       0.11111111, 0.0, 0.0, 0.055555556, 0.77777778, 0.38888889, 0.0]), 'tpos': array([1, 0, 0, 0, 1, 0, 0, 0, 0, 0, 0, 0, 0, 0, 0, 0, 0, 0, 0, 0, 6, 0, 8,
       6, 0, 0, 2, 0, 0, 0, 0, 1, 0, 0, 0, 0, 0, 0, 0, 0, 0, 0, 8, 0, 0])}, {'specificity': array([0.62790698, 0.69767442, 0.48837209, 0.95348837, 0.20930233,
       0.18604651, 0.51162791, 0.30232558, 0.8372093, 0.6744186,
       0.13953488, 0.65116279, 0.74418605, 0.86046512, 0.44186047,
       0.41860465, 1.0, 0.88372093, 0.81395349, 0.25581395, 0.72093023,
       0.093023256, 0.53488372, 0.39534884, 0.97674419, 0.046511628,
       0.34883721, 0.55813953, 0.11627907, 0.23255814, 0.46511628,
       0.27906977, 0.069767442, 0.93023256, 0.60465116, 0.79069767,
       0.90697674, 0.37209302, 0.76744186, 0.3255814, 0.023255814,
       0.1627907, 0.58139535]), 'tneg': array([12, 12, 12, 12, 11, 11, 12, 12, 12, 12, 11, 12, 12, 12, 12, 12, 12,
       12, 12, 11, 12,  6, 12, 12, 12,  2, 12, 12, 11, 11, 12, 12,  3, 12,
       12, 12, 12, 12, 12, 12,  0, 11, 12]), 'fpos': array([ 0,  0,  0,  0,  1,  1,  0,  0,  0,  0,  1,  0,  0,  0,  0,  0,  0,
        0,  0,  1,  0,  6,  0,  0,  0, 10,  0,  0,  1,  1,  0,  0,  9,  0,
        0,  0,  0,  0,  0,  0, 12,  1,  0]), 'threshold': [2.7443774717167466, 2.7850274996903441, 2.5452372046300962, 3.1512114913086036, 2.2274084716195595, 2.203864854499038, 2.5825375659424084, 2.3376718263236569, 3.069277566019224, 2.7807051820356303, 2.106874320018004, 2.7710454715396482, 2.9606292557163734, 3.0820399172278918, 2.5182117131419406, 2.507449819852722, 3.4036284245691597, 3.0836005416369172, 3.0516591849928902, 2.2702220994676034, 2.8218995236458619, 1.8501432857997406, 2.5855458358654144, 2.5024990751797924, 3.27322203304949, 1.7627536254801568, 2.4716657446714669, 2.6175861797532565, 2.0584648161563659, 2.2677569804074471, 2.5331323186211714, 2.3008102795667873, 1.8082726464730847, 3.1103588245442833, 2.7222653222316433, 3.0326831538983425, 3.0915998050945381, 2.4912866133423188, 2.98058932523215, 2.4048787819828239, 1.5580899465307954, 2.131113355884735, 2.6939734667203568], 'fneg': array([4, 4, 4, 4, 3, 3, 4, 4, 4, 4, 3, 4, 4, 4, 4, 4, 4, 4, 4, 4, 4, 0, 4,
       4, 4, 0, 4, 4, 2, 4, 4, 4, 0, 4, 4, 4, 4, 4, 4, 4, 0, 3, 4]), 'sensitivity': array([0.047619048, 0.047619048, 0.095238095, 0.0, 0.33333333, 0.33333333,
       0.047619048, 0.23809524, 0.0, 0.047619048, 0.33333333, 0.047619048,
       0.0, 0.0, 0.095238095, 0.095238095, 0.0, 0.0, 0.0, 0.33333333,
       0.047619048, 0.71428571, 0.047619048, 0.095238095, 0.0, 0.71428571,
       0.095238095, 0.047619048, 0.42857143, 0.33333333, 0.095238095,
       0.33333333, 0.71428571, 0.0, 0.047619048, 0.0, 0.0, 0.095238095,
       0.0, 0.14285714, 0.80952381, 0.33333333, 0.047619048]), 'tpos': array([0, 0, 0, 0, 1, 1, 0, 0, 0, 0, 1, 0, 0, 0, 0, 0, 0, 0, 0, 0, 0, 4, 0,
       0, 0, 4, 0, 0, 2, 0, 0, 0, 4, 0, 0, 0, 0, 0, 0, 0, 4, 1, 0])}, {'specificity': array([0.94230769, 0.40384615, 0.076923077, 0.48076923, 0.73076923,
       0.13461538, 0.34615385, 0.21153846, 0.38461538, 0.19230769,
       0.23076923, 0.88461538, 0.78846154, 0.46153846, 0.92307692, 0.75,
       0.61538462, 0.82692308, 0.98076923, 0.69230769, 0.96153846,
       0.65384615, 0.76923077, 0.51923077, 0.32692308, 0.84615385,
       0.096153846, 0.019230769, 0.90384615, 0.57692308, 1.0, 0.038461538,
       0.67307692, 0.15384615, 0.11538462, 0.25, 0.28846154, 0.30769231,
       0.55769231, 0.42307692, 0.17307692, 0.057692308, 0.59615385,
       0.26923077, 0.44230769, 0.71153846, 0.36538462, 0.63461538, 0.5,
       0.86538462, 0.53846154, 0.80769231]), 'tneg': array([12, 12, 12, 12, 12, 12, 12, 12, 12, 12, 12, 12, 12, 12, 12, 12, 12,
       12, 12, 12, 12, 12, 12, 12, 12, 12, 12, 12, 12, 12, 12, 12, 12, 12,
       12, 12, 12, 12, 12, 12, 12, 12, 12, 12, 12, 12, 12, 12, 12, 12, 12,
       12]), 'fpos': array([0, 0, 0, 0, 0, 0, 0, 0, 0, 0, 0, 0, 0, 0, 0, 0, 0, 0, 0, 0, 0, 0, 0,
       0, 0, 0, 0, 0, 0, 0, 0, 0, 0, 0, 0, 0, 0, 0, 0, 0, 0, 0, 0, 0, 0, 0,
       0, 0, 0, 0, 0, 0]), 'threshold': [4.0253343020572849, 3.1344352968132028, 2.4663051032321048, 3.2989093220317649, 3.6187042672689445, 2.6209489661063512, 3.0200939072271504, 2.7673201033814854, 3.098468515582828, 2.6733590099392495, 2.904520354467599, 3.8138666848028961, 3.66034268409786, 3.2837450115670959, 3.8386147884600725, 3.6222158815741379, 3.5139304792233594, 3.6979037595827697, 4.1910918408459219, 3.5714609505015109, 4.0276688281325592, 3.5204782236951582, 3.6244016592385604, 3.3417671485760589, 3.0059910972429922, 3.7446746317743855, 2.5630824702208632, 2.1197437659364491, 3.816996104816091, 3.5060730354477743, 4.4628256598764739, 2.139751661342415, 3.546872307834636, 2.6216053243261603, 2.5885375847523995, 2.9148434586208745, 2.9655996791343933, 2.9961542301458621, 3.4617492528354443, 3.1483232213332353, 2.6473896521367672, 2.4484466592359619, 3.511712957359217, 2.92237548947061, 3.2147736849333119, 3.6133426413209753, 3.0338843507453044, 3.515875452913571, 3.3388501627325882, 3.7631174520139856, 3.4082611466972628, 3.6803971989885262], 'fneg': array([4, 4, 4, 4, 4, 4, 4, 4, 4, 4, 4, 4, 4, 4, 4, 4, 4, 4, 4, 4, 4, 4, 4,
       4, 4, 4, 4, 4, 4, 4, 4, 4, 4, 4, 4, 4, 4, 4, 4, 4, 4, 4, 4, 4, 4, 4,
       4, 4, 4, 4, 4, 4]), 'sensitivity': array([0.083333333, 0.25, 0.83333333, 0.25, 0.16666667, 0.66666667, 0.25,
       0.5, 0.25, 0.66666667, 0.33333333, 0.083333333, 0.16666667, 0.25,
       0.083333333, 0.16666667, 0.25, 0.16666667, 0.0, 0.16666667,
       0.083333333, 0.25, 0.16666667, 0.25, 0.25, 0.16666667, 0.66666667,
       0.83333333, 0.083333333, 0.25, 0.0, 0.83333333, 0.16666667,
       0.66666667, 0.66666667, 0.33333333, 0.25, 0.25, 0.25, 0.25,
       0.66666667, 0.83333333, 0.25, 0.33333333, 0.25, 0.16666667, 0.25,
       0.25, 0.25, 0.16666667, 0.25, 0.16666667]), 'tpos': array([0, 0, 0, 0, 0, 0, 0, 0, 0, 0, 0, 0, 0, 0, 0, 0, 0, 0, 0, 0, 0, 0, 0,
       0, 0, 0, 0, 0, 0, 0, 0, 0, 0, 0, 0, 0, 0, 0, 0, 0, 0, 0, 0, 0, 0, 0,
       0, 0, 0, 0, 0, 0])}, {'specificity': array([0.484375, 0.546875, 0.65625, 0.21875, 0.390625, 0.171875, 0.421875,
       0.671875, 0.609375, 0.53125, 0.46875, 0.265625, 0.03125, 0.015625,
       0.234375, 0.703125, 0.984375, 0.75, 0.8125, 0.96875, 1.0, 0.78125,
       0.859375, 0.90625, 0.875, 0.28125, 0.3125, 0.828125, 0.921875,
       0.140625, 0.359375, 0.328125, 0.59375, 0.578125, 0.640625, 0.6875,
       0.84375, 0.5, 0.125, 0.078125, 0.046875, 0.25, 0.296875, 0.734375,
       0.1875, 0.203125, 0.15625, 0.0625, 0.453125, 0.40625, 0.375,
       0.71875, 0.5625, 0.796875, 0.890625, 0.953125, 0.9375, 0.625,
       0.4375, 0.765625, 0.515625, 0.34375, 0.09375, 0.109375]), 'tneg': array([0, 0, 0, 0, 0, 0, 0, 0, 0, 0, 0, 0, 0, 0, 0, 0, 1, 0, 0, 0, 1, 0, 0,
       0, 0, 0, 0, 0, 0, 0, 0, 0, 0, 0, 0, 0, 0, 0, 0, 0, 0, 0, 0, 0, 0, 0,
       0, 0, 0, 0, 0, 0, 0, 0, 0, 0, 0, 0, 0, 0, 0, 0, 0, 0]), 'fpos': array([12, 12, 12, 12, 12, 12, 12, 12, 12, 12, 12, 12, 12, 12, 12, 12, 11,
       12, 12, 12, 11, 12, 12, 12, 12, 12, 12, 12, 12, 12, 12, 12, 12, 12,
       12, 12, 12, 12, 12, 12, 12, 12, 12, 12, 12, 12, 12, 12, 12, 12, 12,
       12, 12, 12, 12, 12, 12, 12, 12, 12, 12, 12, 12, 12]), 'threshold': [5.7404554513128865, 5.8013209022771184, 6.0006301450030577, 5.3459315061898831, 5.6687788060573574, 5.2613159617906629, 5.7032703150891866, 6.0234623748972771, 5.8999528492329336, 5.7985192167837241, 5.73972675187507, 5.4080065748915729, 4.6308408386465052, 4.382771248558349, 5.3740760658964373, 6.0443279694644492, 6.998756499843398, 6.0800183257207, 6.1272234278149043, 6.8821789620428966, 7.1841103828844339, 6.10156820937073, 6.2711341322211887, 6.388198004399392, 6.3521242003909686, 5.4419674107400535, 5.5516934630414312, 6.1508295757598352, 6.4278116494841244, 5.1655592062641631, 5.6258548940291728, 5.5895934606951556, 5.88249819278453, 5.8346013420339187, 5.9988385602400349, 6.0422550455953221, 6.1956437283036419, 5.7416176206628755, 5.1622227886708121, 5.1090264273241477, 4.852162925200493, 5.3988610988319436, 5.4743795384334, 6.0694937792264643, 5.3124550875418031, 5.3164764958059987, 5.2441730403692244, 5.0943314483164173, 5.7212959092035645, 5.6815815036830823, 5.6451097750917487, 6.0636165172369161, 5.8239073373314145, 6.1253428402487611, 6.3795575856411011, 6.5956777313393227, 6.575086205339149, 5.9224607721828457, 5.715339700974166, 6.0925777389563578, 5.7972636889974183, 5.6170966080494305, 5.1238172575964969, 5.1273197412063087], 'fneg': array([1, 1, 1, 1, 1, 0, 1, 1, 1, 1, 1, 1, 0, 0, 1, 1, 1, 1, 1, 1, 1, 1, 1,
       1, 1, 1, 1, 1, 1, 0, 1, 1, 1, 1, 1, 1, 1, 1, 0, 0, 0, 1, 1, 1, 1, 1,
       0, 0, 1, 1, 1, 1, 1, 1, 1, 1, 1, 1, 1, 1, 1, 1, 0, 0]), 'sensitivity': array([1, 1, 1, 1, 1, 1, 1, 1, 1, 1, 1, 1, 1, 1, 1, 1, 1, 1, 1, 1, 1, 1, 1,
       1, 1, 1, 1, 1, 1, 1, 1, 1, 1, 1, 1, 1, 1, 1, 1, 1, 1, 1, 1, 1, 1, 1,
       1, 1, 1, 1, 1, 1, 1, 1, 1, 1, 1, 1, 1, 1, 1, 1, 1, 1]), 'tpos': array([3, 3, 3, 3, 3, 4, 3, 3, 3, 3, 3, 3, 4, 4, 3, 3, 3, 3, 3, 3, 3, 3, 3,
       3, 3, 3, 3, 3, 3, 4, 3, 3, 3, 3, 3, 3, 3, 3, 4, 4, 4, 3, 3, 3, 3, 3,
       4, 4, 3, 3, 3, 3, 3, 3, 3, 3, 3, 3, 3, 3, 3, 3, 4, 4])}, {'specificity': array([0.16666667, 0.52380952, 0.78571429, 0.23809524, 0.73809524,
       0.76190476, 0.21428571, 0.66666667, 0.88095238, 0.80952381,
       0.54761905, 0.45238095, 0.97619048, 0.9047619, 0.64285714,
       0.71428571, 1.0, 0.071428571, 0.5952381, 0.35714286, 0.023809524,
       0.83333333, 0.28571429, 0.33333333, 0.42857143, 0.11904762,
       0.30952381, 0.95238095, 0.19047619, 0.26190476, 0.095238095,
       0.47619048, 0.69047619, 0.57142857, 0.61904762, 0.92857143, 0.5,
       0.85714286, 0.38095238, 0.047619048, 0.14285714, 0.4047619]), 'tneg': array([12, 12, 12, 12, 12, 12, 12, 12, 12, 12, 12, 12, 12, 12, 12, 12, 12,
        7, 12, 12,  2, 12, 12, 12, 12, 11, 12, 12, 12, 12, 10, 12, 12, 12,
       12, 12, 12, 12, 12,  2, 11, 12]), 'fpos': array([ 0,  0,  0,  0,  0,  0,  0,  0,  0,  0,  0,  0,  0,  0,  0,  0,  0,
        5,  0,  0, 10,  0,  0,  0,  0,  1,  0,  0,  0,  0,  2,  0,  0,  0,
        0,  0,  0,  0,  0, 10,  1,  0]), 'threshold': [2.2142448426410346, 2.5432823462103302, 2.6649430304385096, 2.3357272356401153, 2.6380316108779391, 2.6644714784915582, 2.300489902829097, 2.6256539392095744, 2.7685919135469108, 2.7073408072526726, 2.589946793952016, 2.4894280834311511, 2.9182182732531761, 2.8001964899982363, 2.6255579865361085, 2.6378978311984103, 2.9285280790545873, 2.0078368311523174, 2.6022477172774425, 2.4391792414654443, 1.9005763357369672, 2.7308050232921004, 2.3838377517206442, 2.4336166763634237, 2.4559833473693868, 2.1613648387988542, 2.4296808132217862, 2.8466200751047275, 2.2569254881957908, 2.3656257436002983, 2.1262451563087876, 2.5212639652877473, 2.6298885459063959, 2.5919341283578992, 2.615723782704932, 2.8184046339901583, 2.539091806490906, 2.7549291127798479, 2.4440287680007837, 1.9085678454653017, 2.16988529907837, 2.4552959959771643], 'fneg': array([3, 3, 3, 3, 3, 3, 3, 3, 3, 3, 3, 3, 3, 3, 3, 3, 3, 3, 3, 3, 0, 3, 3,
       3, 3, 3, 3, 3, 3, 3, 3, 3, 3, 3, 3, 3, 3, 3, 3, 0, 3, 3]), 'sensitivity': array([0.52173913, 0.086956522, 0.043478261, 0.30434783, 0.086956522,
       0.043478261, 0.34782609, 0.086956522, 0.0, 0.043478261, 0.086956522,
       0.086956522, 0.0, 0.0, 0.086956522, 0.086956522, 0.0, 0.86956522,
       0.086956522, 0.086956522, 0.91304348, 0.0, 0.17391304, 0.086956522,
       0.086956522, 0.60869565, 0.086956522, 0.0, 0.39130435, 0.2173913,
       0.73913043, 0.086956522, 0.086956522, 0.086956522, 0.086956522, 0.0,
       0.086956522, 0.0, 0.086956522, 0.91304348, 0.56521739, 0.086956522]), 'tpos': array([0, 0, 0, 0, 0, 0, 0, 0, 0, 0, 0, 0, 0, 0, 0, 0, 0, 0, 0, 0, 3, 0, 0,
       0, 0, 0, 0, 0, 0, 0, 0, 0, 0, 0, 0, 0, 0, 0, 0, 3, 0, 0])}], <Model object at 0x0000000000000A34>)
#lasso
([{'specificity': array([1.0, 0.20930233, 0.1627907, 0.8372093, 0.93023256, 0.90697674,
       0.95348837, 0.88372093, 0.3255814, 0.44186047, 0.46511628,
       0.39534884, 0.34883721, 0.81395349, 0.72093023, 0.76744186,
       0.18604651, 0.51162791, 0.60465116, 0.6744186, 0.13953488,
       0.13953488, 0.13953488, 0.13953488, 0.13953488, 0.37209302,
       0.23255814, 0.53488372, 0.30232558, 0.86046512, 0.55813953,
       0.79069767, 0.48837209, 0.27906977, 0.58139535, 0.74418605,
       0.25581395, 0.69767442, 0.62790698, 0.65116279, 0.97674419,
       0.41860465, 0.13953488]), 'tneg': array([12, 10, 10, 12, 12, 12, 12, 12, 10, 10, 10, 10, 10, 12, 12, 12, 10,
       12, 12, 12, 10, 10, 10, 10, 10, 10, 10, 12, 10, 12, 12, 12, 10, 10,
       12, 12, 10, 12, 12, 12, 12, 10, 10]), 'fpos': array([0, 2, 2, 0, 0, 0, 0, 0, 2, 2, 2, 2, 2, 0, 0, 0, 2, 0, 0, 0, 2, 2, 2,
       2, 2, 2, 2, 0, 2, 0, 0, 0, 2, 2, 0, 0, 2, 0, 0, 0, 0, 2, 2]), 'threshold': [2.4098951025894459, 2.0770495171060679, 2.0735246432689, 2.308829281039972, 2.391912900526564, 2.326940494743678, 2.3928076229514357, 2.3178686929251238, 2.0849267106635931, 2.1026311071642576, 2.1076551156900627, 2.0965865605291816, 2.0884988391888522, 2.2866022839631817, 2.1621941132279754, 2.2059078372190934, 2.0749422839116218, 2.1276188771455677, 2.1371014265205757, 2.1406842482237809, 2.0734138391726868, 2.0734138391726868, 2.0734138391726868, 2.0734138391726868, 2.0734138391726868, 2.0894615312483005, 2.0780431691335757, 2.12929690741439, 2.0843720383937283, 2.3161831695605484, 2.1313989262984259, 2.2629994846392285, 2.1252977141040037, 2.0832366223019481, 2.1344620077699075, 2.1712404944581274, 2.080262510001837, 2.14509789742873, 2.1371381133091445, 2.1396767209853991, 2.3963339704172366, 2.1000973114921933, 2.0734138391726868], 'fneg': array([5, 3, 3, 5, 5, 5, 5, 5, 3, 3, 3, 3, 3, 5, 5, 5, 3, 3, 3, 3, 3, 3, 3,
       3, 3, 3, 3, 3, 3, 5, 3, 5, 3, 3, 3, 5, 3, 3, 3, 3, 5, 3, 3]), 'sensitivity': array([0.35, 0.95, 1.0, 0.45, 0.35, 0.4, 0.35, 0.45, 0.95, 0.85, 0.85,
       0.85, 0.9, 0.5, 0.75, 0.65, 1.0, 0.8, 0.75, 0.75, 1.0, 1.0, 1.0,
       1.0, 1.0, 0.9, 0.95, 0.75, 0.95, 0.45, 0.75, 0.55, 0.8, 0.95, 0.75,
       0.75, 0.95, 0.75, 0.75, 0.75, 0.35, 0.85, 1.0]), 'tpos': array([0, 2, 2, 0, 0, 0, 0, 0, 2, 2, 2, 2, 2, 0, 0, 0, 2, 2, 2, 2, 2, 2, 2,
       2, 2, 2, 2, 2, 2, 0, 2, 0, 2, 2, 2, 0, 2, 2, 2, 2, 0, 2, 2])}, {'specificity': array([0.64444444, 0.6, 0.97777778, 0.73333333, 0.17777778, 0.28888889,
       0.13333333, 0.15555556, 0.62222222, 0.51111111, 0.84444444,
       0.088888889, 0.8, 0.31111111, 0.93333333, 0.48888889, 0.57777778,
       0.82222222, 0.86666667, 0.68888889, 0.91111111, 0.77777778,
       0.53333333, 0.22222222, 0.26666667, 0.24444444, 0.022222222, 0.4,
       0.75555556, 0.044444444, 0.95555556, 0.55555556, 0.35555556,
       0.44444444, 0.33333333, 0.11111111, 0.37777778, 0.88888889,
       0.066666667, 0.42222222, 0.46666667, 0.2, 0.71111111, 0.66666667,
       1.0]), 'tneg': array([14, 14, 14, 14, 14, 14, 14, 14, 14, 14, 14, 14, 14, 14, 14, 14, 14,
       14, 14, 14, 14, 14, 14, 14, 14, 14, 14, 14, 14, 14, 14, 14, 14, 14,
       14, 14, 14, 14, 14, 14, 14, 14, 14, 14, 14]), 'fpos': array([0, 0, 0, 0, 0, 0, 0, 0, 0, 0, 0, 0, 0, 0, 0, 0, 0, 0, 0, 0, 0, 0, 0,
       0, 0, 0, 0, 0, 0, 0, 0, 0, 0, 0, 0, 0, 0, 0, 0, 0, 0, 0, 0, 0, 0]), 'threshold': [6.4221607336446507, 6.3449764149558838, 11.595763916115356, 7.2650565932176132, 3.5432973485218611, 4.1178828411422117, 2.9000788737862635, 3.0703103478676224, 6.4058172975331509, 5.5466156243522491, 8.22856443323718, 2.5041106592379516, 7.7791304003610762, 4.40652111796966, 9.5315584986004662, 5.1311426637249014, 6.1978010527831948, 7.8716565680423454, 8.54515740244321, 6.6889937323243522, 9.0127425250331932, 7.7054422679231322, 5.7410529432694739, 3.5634473058945195, 3.9426608230890081, 3.8324250268386346, 0.63552330716098737, 4.63641070146234, 7.3164505192530278, 1.4574134975973361, 9.9431338775294567, 5.8802071113550758, 4.5452510245042284, 4.8540810234087335, 4.5023921580428672, 2.598280718924014, 4.6363252200934451, 8.7305051089374661, 2.2540459199120195, 4.6744780494489326, 4.9799111744840641, 3.5438721757833287, 7.0154596435200443, 6.5374046207552468, 17.256995368646468], 'fneg': array([2, 2, 2, 2, 2, 2, 2, 2, 2, 2, 2, 2, 2, 2, 2, 2, 2, 2, 2, 2, 2, 2, 2,
       2, 2, 2, 2, 2, 2, 2, 2, 2, 2, 2, 2, 2, 2, 2, 2, 2, 2, 2, 2, 2, 2]), 'sensitivity': array([0.0, 0.0, 0.0, 0.0, 0.0, 0.0, 0.052631579, 0.052631579, 0.0, 0.0,
       0.0, 0.052631579, 0.0, 0.0, 0.0, 0.0, 0.0, 0.0, 0.0, 0.0, 0.0, 0.0,
       0.0, 0.0, 0.0, 0.0, 0.21052632, 0.0, 0.0, 0.15789474, 0.0, 0.0, 0.0,
       0.0, 0.0, 0.052631579, 0.0, 0.0, 0.052631579, 0.0, 0.0, 0.0, 0.0,
       0.0, 0.0]), 'tpos': array([0, 0, 0, 0, 0, 0, 0, 0, 0, 0, 0, 0, 0, 0, 0, 0, 0, 0, 0, 0, 0, 0, 0,
       0, 0, 0, 0, 0, 0, 0, 0, 0, 0, 0, 0, 0, 0, 0, 0, 0, 0, 0, 0, 0, 0])}, {'specificity': array([0.97674419, 0.23255814, 0.1627907, 0.13953488, 0.90697674,
       0.76744186, 0.88372093, 1.0, 0.79069767, 0.20930233, 0.30232558,
       0.62790698, 0.37209302, 0.86046512, 0.6744186, 0.93023256,
       0.51162791, 0.27906977, 0.18604651, 0.72093023, 0.13953488,
       0.8372093, 0.13953488, 0.13953488, 0.81395349, 0.46511628,
       0.34883721, 0.48837209, 0.74418605, 0.44186047, 0.39534884,
       0.58139535, 0.69767442, 0.25581395, 0.65116279, 0.3255814,
       0.53488372, 0.41860465, 0.95348837, 0.60465116, 0.55813953,
       0.13953488, 0.13953488]), 'tneg': array([12,  9,  9,  9, 12, 11, 12, 12, 12,  9,  9, 10,  9, 12, 10, 12, 10,
        9,  9, 10,  9, 12,  9,  9, 12,  9,  9, 10, 11,  9,  9, 10, 10,  9,
       10,  9, 10,  9, 12, 10, 10,  9,  9]), 'fpos': array([0, 3, 3, 3, 0, 1, 0, 0, 0, 3, 3, 2, 3, 0, 2, 0, 2, 3, 3, 2, 3, 0, 3,
       3, 0, 3, 3, 2, 1, 3, 3, 2, 2, 3, 2, 3, 2, 3, 0, 2, 2, 3, 3]), 'threshold': [2.890381571467433, 1.97837902031156, 1.9776704119842281, 1.9772665396122848, 2.6533382683706552, 2.2651050378200952, 2.6191083086059175, 2.9067931927474935, 2.2934906556281236, 1.9779143314280643, 1.9905655593338136, 2.0664069305137351, 1.9970599284421839, 2.4592177526003876, 2.075628726448902, 2.7948192456286645, 2.0167135596264911, 1.9891925457654196, 1.977734228253339, 2.1814947371400164, 1.9772665396122848, 2.4230211213890538, 1.9772665396122848, 1.9772665396122848, 2.3022650122112234, 2.0124145870320325, 1.9945934939013155, 2.0161878094492094, 2.2509152078664689, 2.0115567731575617, 2.0026080892791893, 2.0572326467911859, 2.1214115674589089, 1.9856870754040221, 2.0739168268058967, 1.994387635547245, 2.0229185096050433, 2.0087618837687371, 2.8821061135203792, 2.0602116286402539, 2.029818465274146, 1.9772665396122848, 1.9772665396122848], 'fneg': array([4, 2, 2, 2, 4, 4, 4, 4, 4, 2, 2, 2, 2, 4, 2, 4, 2, 2, 2, 4, 2, 4, 2,
       2, 4, 2, 2, 2, 4, 2, 2, 2, 3, 2, 2, 2, 2, 2, 4, 2, 2, 2, 2]), 'sensitivity': array([0.14285714, 0.9047619, 0.9047619, 0.95238095, 0.33333333,
       0.57142857, 0.38095238, 0.14285714, 0.52380952, 0.9047619,
       0.85714286, 0.66666667, 0.85714286, 0.42857143, 0.66666667,
       0.33333333, 0.76190476, 0.85714286, 0.9047619, 0.57142857,
       0.95238095, 0.42857143, 0.95238095, 0.95238095, 0.52380952,
       0.80952381, 0.85714286, 0.76190476, 0.57142857, 0.80952381,
       0.80952381, 0.71428571, 0.61904762, 0.85714286, 0.66666667,
       0.85714286, 0.71428571, 0.80952381, 0.14285714, 0.66666667,
       0.71428571, 0.95238095, 0.95238095]), 'tpos': array([0, 2, 2, 2, 0, 0, 0, 0, 0, 2, 2, 2, 2, 0, 2, 0, 2, 2, 2, 0, 2, 0, 2,
       2, 0, 2, 2, 2, 0, 2, 2, 2, 1, 2, 2, 2, 2, 2, 0, 2, 2, 2, 2])}, {'specificity': array([0.86666667, 0.26666667, 0.17777778, 0.88888889, 0.75555556,
       0.97777778, 0.93333333, 0.71111111, 0.24444444, 0.64444444,
       0.46666667, 0.6, 0.62222222, 0.68888889, 0.37777778, 0.42222222,
       0.84444444, 0.28888889, 0.11111111, 0.33333333, 0.44444444,
       0.15555556, 0.82222222, 0.4, 0.35555556, 0.2, 0.31111111,
       0.91111111, 0.55555556, 0.22222222, 0.53333333, 0.66666667,
       0.13333333, 0.57777778, 0.73333333, 0.51111111, 0.77777778, 0.8,
       0.48888889, 1.0, 0.088888889, 0.044444444, 0.022222222, 0.066666667,
       0.95555556]), 'tneg': array([11, 11, 11, 11, 11, 11, 11, 11, 11, 11, 11, 11, 11, 11, 11, 11, 11,
       11, 11, 11, 11, 11, 11, 11, 11, 11, 11, 11, 11, 11, 11, 11, 11, 11,
       11, 11, 11, 11, 11, 11, 11, 11, 11, 11, 11]), 'fpos': array([0, 0, 0, 0, 0, 0, 0, 0, 0, 0, 0, 0, 0, 0, 0, 0, 0, 0, 0, 0, 0, 0, 0,
       0, 0, 0, 0, 0, 0, 0, 0, 0, 0, 0, 0, 0, 0, 0, 0, 0, 0, 0, 0, 0, 0]), 'threshold': [2.5290498563652131, 2.193652330604464, 2.1268511637783862, 2.5499195619173287, 2.46975070882093, 2.6687374937407533, 2.6510875583105737, 2.450859458722408, 2.175544180721221, 2.3785200899624637, 2.2709617420629895, 2.3548547144414247, 2.3668660638389643, 2.3981302966386338, 2.2386593709025115, 2.2641354767133874, 2.5110160424662973, 2.1978334904904568, 2.0758630580316479, 2.2284108225143116, 2.2690708769320933, 2.1075808214908234, 2.4892582670866452, 2.2389790462953152, 2.2353168672588906, 2.1589239200510888, 2.2068825116888586, 2.56484206586933, 2.3409903963079151, 2.1753986080478618, 2.3014642936098761, 2.3844398954216826, 2.0924113456148334, 2.3417550943113468, 2.4564654341381749, 2.2922891686520863, 2.4724413089715473, 2.4764144388179896, 2.2723879927003194, 2.7316349949267367, 1.9417320624747696, 1.8711415945759777, 1.8135175057893782, 1.879938494658391, 2.6671957982630508], 'fneg': array([5, 5, 5, 5, 5, 5, 5, 5, 5, 5, 5, 5, 5, 5, 5, 5, 5, 5, 5, 5, 5, 5, 5,
       5, 5, 5, 5, 5, 5, 5, 5, 5, 5, 5, 5, 5, 5, 5, 5, 5, 5, 5, 5, 5, 5]), 'sensitivity': array([0.36842105, 0.73684211, 0.84210526, 0.36842105, 0.47368421,
       0.26315789, 0.26315789, 0.47368421, 0.73684211, 0.47368421,
       0.57894737, 0.47368421, 0.47368421, 0.47368421, 0.68421053,
       0.57894737, 0.42105263, 0.73684211, 0.89473684, 0.68421053,
       0.57894737, 0.84210526, 0.47368421, 0.68421053, 0.68421053,
       0.78947368, 0.73684211, 0.36842105, 0.52631579, 0.73684211,
       0.57894737, 0.47368421, 0.84210526, 0.52631579, 0.47368421,
       0.57894737, 0.47368421, 0.47368421, 0.57894737, 0.21052632,
       0.94736842, 1.0, 1.0, 1.0, 0.26315789]), 'tpos': array([0, 0, 0, 0, 0, 0, 0, 0, 0, 0, 0, 0, 0, 0, 0, 0, 0, 0, 0, 0, 0, 0, 0,
       0, 0, 0, 0, 0, 0, 0, 0, 0, 0, 0, 0, 0, 0, 0, 0, 0, 0, 0, 0, 0, 0])}, {'specificity': array([0.2972973, 0.27027027, 0.18918919, 0.51351351, 0.40540541,
       0.89189189, 0.45945946, 0.94594595, 0.7027027, 0.75675676,
       0.32432432, 0.62162162, 0.81081081, 0.78378378, 0.86486486,
       0.59459459, 0.67567568, 0.16216216, 0.21621622, 0.10810811,
       0.081081081, 0.91891892, 0.48648649, 0.24324324, 0.43243243,
       0.37837838, 0.13513514, 0.027027027, 0.72972973, 0.54054054,
       0.35135135, 0.83783784, 0.054054054, 0.64864865, 0.56756757,
       0.97297297, 1.0]), 'tneg': array([9, 9, 9, 9, 9, 9, 9, 9, 9, 9, 9, 9, 9, 9, 9, 9, 9, 9, 9, 9, 9, 9, 9,
       9, 9, 9, 9, 9, 9, 9, 9, 9, 9, 9, 9, 9, 9]), 'fpos': array([0, 0, 0, 0, 0, 0, 0, 0, 0, 0, 0, 0, 0, 0, 0, 0, 0, 0, 0, 0, 0, 0, 0,
       0, 0, 0, 0, 0, 0, 0, 0, 0, 0, 0, 0, 0, 0]), 'threshold': [1.9271141700770209, 1.9150741973968335, 1.8930373465357471, 2.147273670420633, 2.0815883511082349, 2.4220933938349289, 2.11844486483321, 2.7571899253951848, 2.2777722128419677, 2.3131718325882593, 2.037483892418297, 2.2335114744786222, 2.3643564860550352, 2.3154338222569151, 2.3774156108184865, 2.2190690531751835, 2.27656856485351, 1.8818244543733327, 1.9022704700094035, 1.7955271794924648, 1.77584870566669, 2.6133390353398469, 2.1214032505090366, 1.9129662733838622, 2.1071686552424853, 2.0742435460681508, 1.8317000483601578, 1.6508146533040773, 2.2889753695570332, 2.1503233355020011, 2.0504446792373083, 2.3673825995995048, 1.7684117059877695, 2.2695617032605595, 2.2107476267609805, 3.3315012270357305, 3.4757608273215239], 'fneg': array([6, 6, 6, 6, 6, 6, 6, 6, 6, 6, 6, 6, 6, 6, 6, 6, 6, 6, 6, 6, 6, 6, 6,
       6, 6, 6, 6, 6, 6, 6, 6, 6, 6, 6, 6, 6, 6]), 'sensitivity': array([0.35714286, 0.39285714, 0.46428571, 0.17857143, 0.25, 0.071428571,
       0.17857143, 0.035714286, 0.17857143, 0.17857143, 0.25, 0.17857143,
       0.17857143, 0.17857143, 0.14285714, 0.17857143, 0.17857143, 0.5,
       0.42857143, 0.57142857, 0.57142857, 0.071428571, 0.17857143,
       0.42857143, 0.25, 0.25, 0.5, 0.64285714, 0.17857143, 0.17857143,
       0.25, 0.14285714, 0.57142857, 0.17857143, 0.17857143, 0.0, 0.0]), 'tpos': array([0, 0, 0, 0, 0, 0, 0, 0, 0, 0, 0, 0, 0, 0, 0, 0, 0, 0, 0, 0, 0, 0, 0,
       0, 0, 0, 0, 0, 0, 0, 0, 0, 0, 0, 0, 0, 0])}], <Model object at 0x0000000000000D60>)
#lasso
([{'specificity': array([0.66666667, 0.87179487, 0.28205128, 0.46153846, 0.71794872,
       0.74358974, 0.48717949, 0.8974359, 0.33333333, 0.97435897,
       0.92307692, 0.84615385, 0.69230769, 0.20512821, 0.61538462,
       0.25641026, 0.41025641, 0.23076923, 0.025641026, 0.051282051,
       0.64102564, 0.51282051, 0.15384615, 0.43589744, 1.0, 0.38461538,
       0.076923077, 0.1025641, 0.82051282, 0.56410256, 0.53846154,
       0.79487179, 0.35897436, 0.12820513, 0.76923077, 0.30769231,
       0.94871795, 0.17948718, 0.58974359]), 'tneg': array([13, 13, 12, 13, 13, 13, 13, 13, 13, 13, 13, 13, 13,  9, 13, 10, 13,
       10,  0,  3, 13, 13,  9, 13, 13, 13,  3,  5, 13, 13, 13, 13, 13,  7,
       13, 12, 13,  9, 13]), 'fpos': array([ 0,  0,  1,  0,  0,  0,  0,  0,  0,  0,  0,  0,  0,  4,  0,  3,  0,
        3, 13, 10,  0,  0,  4,  0,  0,  0, 10,  8,  0,  0,  0,  0,  0,  6,
        0,  1,  0,  4,  0]), 'threshold': [2.0806913628842918, 2.1339069955114818, 1.999488569984168, 2.0474396353568718, 2.0816869822415649, 2.1150541615852561, 2.0482483276779249, 2.1367683643446966, 2.0311388083925288, 2.1804068456728136, 2.1372158622212933, 2.1317669348576174, 2.080786420078212, 1.9744348240692287, 2.0733452431858184, 1.9871243546350002, 2.0424712946558312, 1.9830933518562519, 1.8864096027030877, 1.903534015044682, 2.0789954363152194, 2.0553690937817986, 1.9569624558140941, 2.0469549137961329, 2.1987765762366096, 2.035320288782291, 1.911545466781527, 1.9387476521274591, 2.1247977973279637, 2.0561486651609919, 2.0559842630339569, 2.1244521489654273, 2.0331400814125988, 1.9496089113335502, 2.1192584770964986, 2.0051430989922681, 2.157563335061536, 1.9692302916173348, 2.06829495764465], 'fneg': array([4, 4, 3, 4, 4, 4, 4, 4, 4, 4, 4, 4, 4, 3, 4, 3, 4, 3, 0, 0, 4, 4, 1,
       4, 4, 4, 0, 0, 4, 4, 4, 4, 4, 0, 4, 3, 4, 3, 4]), 'sensitivity': array([0.08, 0.04, 0.44, 0.2, 0.08, 0.04, 0.16, 0.04, 0.24, 0.0, 0.04,
       0.04, 0.08, 0.44, 0.08, 0.44, 0.2, 0.44, 0.8, 0.68, 0.08, 0.16,
       0.44, 0.2, 0.0, 0.2, 0.6, 0.56, 0.04, 0.16, 0.16, 0.04, 0.24, 0.48,
       0.04, 0.4, 0.0, 0.44, 0.08]), 'tpos': array([0, 0, 1, 0, 0, 0, 0, 0, 0, 0, 0, 0, 0, 1, 0, 1, 0, 1, 4, 4, 0, 0, 3,
       0, 0, 0, 4, 4, 0, 0, 0, 0, 0, 4, 0, 1, 0, 1, 0])}, {'specificity': array([0.91525424, 0.98305085, 0.54237288, 0.74576271, 0.79661017,
       0.62711864, 0.30508475, 0.71186441, 0.88135593, 0.25423729,
       0.6440678, 0.81355932, 0.76271186, 0.83050847, 0.49152542,
       0.77966102, 0.40677966, 0.59322034, 0.84745763, 0.66101695,
       0.94915254, 0.69491525, 0.57627119, 0.28813559, 0.44067797,
       0.42372881, 0.11864407, 0.084745763, 0.20338983, 0.33898305,
       0.6779661, 0.16949153, 0.93220339, 0.86440678, 0.96610169, 1.0,
       0.37288136, 0.18644068, 0.15254237, 0.22033898, 0.45762712,
       0.3220339, 0.23728814, 0.13559322, 0.61016949, 0.38983051,
       0.55932203, 0.50847458, 0.52542373, 0.3559322, 0.27118644,
       0.47457627, 0.10169492, 0.89830508, 0.050847458, 0.016949153,
       0.033898305, 0.06779661, 0.72881356]), 'tneg': array([12, 12, 12, 12, 12, 12, 12, 12, 12, 12, 12, 12, 12, 12, 12, 12, 12,
       12, 12, 12, 12, 12, 12, 12, 12, 12, 12, 12, 12, 12, 12, 12, 12, 12,
       12, 12, 12, 12, 12, 12, 12, 12, 12, 12, 12, 12, 12, 12, 12, 12, 12,
       12, 12, 12, 12, 12, 12, 12, 12]), 'fpos': array([0, 0, 0, 0, 0, 0, 0, 0, 0, 0, 0, 0, 0, 0, 0, 0, 0, 0, 0, 0, 0, 0, 0,
       0, 0, 0, 0, 0, 0, 0, 0, 0, 0, 0, 0, 0, 0, 0, 0, 0, 0, 0, 0, 0, 0, 0,
       0, 0, 0, 0, 0, 0, 0, 0, 0, 0, 0, 0, 0]), 'threshold': [4.1655544103628594, 4.83960394939833, 3.3951711800632394, 3.6327181586707229, 3.74075890123315, 3.5394977792359139, 3.1383738039089026, 3.622718815315964, 3.9611337345573929, 3.121444351485656, 3.54346301084562, 3.8764817984712696, 3.63409655519332, 3.8778293842984484, 3.3117428182002175, 3.6452526705416393, 3.2151490340672924, 3.4829689752995332, 3.9299839515837789, 3.5778086075053626, 4.6373640016792068, 3.5943382981354075, 3.4756603841007827, 3.1307024247693436, 3.2207400476991666, 3.2189161353490174, 2.6849060753221852, 2.6284367767045427, 2.9551173477670867, 3.1599209099883563, 3.5926655077111604, 2.8631325202932016, 4.2057120265024457, 3.9535273271717486, 4.8378269989821989, 5.4506108620912226, 3.1644335895170572, 2.8699397421282766, 2.8091420541189955, 3.006628355415585, 3.2214794287022954, 3.15204060029993, 3.1165587654164613, 2.7647237548020982, 3.5012960781210034, 3.1770671127264354, 3.4733821692425253, 3.3461941719353758, 3.3574376686611922, 3.1600845162940328, 3.1250368990635411, 3.2359069895563985, 2.6585864996819559, 4.0400775025935323, 2.2544188550194897, 2.2073497517888718, 2.2364751441913464, 2.4262282443119645, 3.6282494768088513], 'fneg': array([4, 4, 4, 4, 4, 4, 4, 4, 4, 4, 4, 4, 4, 4, 4, 4, 4, 4, 4, 4, 4, 4, 4,
       4, 4, 4, 4, 4, 4, 4, 4, 4, 4, 4, 4, 4, 4, 4, 4, 4, 4, 4, 4, 4, 4, 4,
       4, 4, 4, 4, 4, 4, 4, 4, 4, 4, 4, 4, 4]), 'sensitivity': array([0.33333333, 0.0, 0.33333333, 0.33333333, 0.33333333, 0.33333333,
       0.5, 0.33333333, 0.33333333, 0.5, 0.33333333, 0.33333333,
       0.33333333, 0.33333333, 0.5, 0.33333333, 0.5, 0.33333333,
       0.33333333, 0.33333333, 0.0, 0.33333333, 0.33333333, 0.5, 0.5, 0.5,
       0.83333333, 0.83333333, 0.5, 0.5, 0.33333333, 0.5, 0.33333333,
       0.33333333, 0.0, 0.0, 0.5, 0.5, 0.66666667, 0.5, 0.5, 0.5, 0.5,
       0.66666667, 0.33333333, 0.5, 0.33333333, 0.33333333, 0.33333333,
       0.5, 0.5, 0.5, 0.83333333, 0.33333333, 1.0, 1.0, 1.0, 1.0,
       0.33333333]), 'tpos': array([0, 0, 0, 0, 0, 0, 0, 0, 0, 0, 0, 0, 0, 0, 0, 0, 0, 0, 0, 0, 0, 0, 0,
       0, 0, 0, 0, 0, 0, 0, 0, 0, 0, 0, 0, 0, 0, 0, 0, 0, 0, 0, 0, 0, 0, 0,
       0, 0, 0, 0, 0, 0, 0, 0, 0, 0, 0, 0, 0])}, {'specificity': array([0.92, 1.0, 0.9, 0.86, 0.08, 0.78, 0.84, 0.98, 0.82, 0.94, 0.34, 0.3,
       0.6, 0.8, 0.74, 0.96, 0.66, 0.64, 0.44, 0.52, 0.26, 0.1, 0.68, 0.06,
       0.88, 0.54, 0.28, 0.2, 0.36, 0.32, 0.12, 0.42, 0.56, 0.16, 0.48,
       0.7, 0.58, 0.62, 0.24, 0.4, 0.38, 0.46, 0.18, 0.5, 0.72, 0.76, 0.02,
       0.22, 0.04, 0.14]), 'tneg': array([7, 8, 7, 7, 7, 7, 7, 8, 7, 8, 7, 7, 7, 7, 7, 8, 7, 7, 7, 7, 7, 7, 7,
       7, 7, 7, 7, 7, 7, 7, 7, 7, 7, 7, 7, 7, 7, 7, 7, 7, 7, 7, 7, 7, 7, 7,
       4, 7, 7, 7]), 'fpos': array([1, 0, 1, 1, 1, 1, 1, 0, 1, 0, 1, 1, 1, 1, 1, 0, 1, 1, 1, 1, 1, 1, 1,
       1, 1, 1, 1, 1, 1, 1, 1, 1, 1, 1, 1, 1, 1, 1, 1, 1, 1, 1, 1, 1, 1, 1,
       4, 1, 1, 1]), 'threshold': [3.2445111269586597, 6.1896466138584962, 3.1575975114578574, 2.9515413467235119, 1.8240406657106136, 2.85335827969112, 2.9509896314786777, 6.02560185388503, 2.8847467452499993, 4.3738761146174321, 1.9652255149487408, 1.9460006001336787, 2.1177261899744342, 2.8680634128742062, 2.6225358786061914, 4.6397252336947474, 2.1372960714778317, 2.131036914813166, 2.0281000196650933, 2.0400393062887003, 1.9239461489148788, 1.8679033389354423, 2.1435451378537174, 1.8179401570325169, 3.0005794298551209, 2.0564770688414149, 1.9387284397119098, 1.8885246595217693, 1.9790144333849888, 1.9518624798950814, 1.8697413606338931, 2.016906898851071, 2.0566488367856315, 1.8822041666201554, 2.0319785511930628, 2.3684104713727625, 2.0709501082204005, 2.1177531093583948, 1.9235663023353633, 2.001541527966844, 1.9812431287253425, 2.0307076752499831, 1.8871720304596302, 2.0387826714746167, 2.4399606176870758, 2.7205028982012234, 1.7776338064856774, 1.9061086920759933, 1.8130936661103898, 1.87792618005882], 'fneg': array([8, 8, 8, 8, 4, 7, 8, 8, 7, 8, 6, 6, 6, 7, 7, 8, 6, 6, 6, 6, 5, 5, 6,
       4, 8, 6, 6, 5, 6, 6, 5, 6, 6, 5, 6, 7, 6, 6, 5, 6, 6, 6, 5, 6, 7, 7,
       4, 5, 4, 5]), 'sensitivity': array([0.066666667, 0.0, 0.066666667, 0.13333333, 0.73333333, 0.13333333,
       0.13333333, 0.0, 0.13333333, 0.0, 0.4, 0.4, 0.2, 0.13333333, 0.2,
       0.0, 0.2, 0.2, 0.2, 0.2, 0.46666667, 0.6, 0.2, 0.73333333,
       0.066666667, 0.2, 0.46666667, 0.53333333, 0.26666667, 0.4, 0.6,
       0.26666667, 0.2, 0.6, 0.2, 0.2, 0.2, 0.2, 0.46666667, 0.26666667,
       0.26666667, 0.2, 0.6, 0.2, 0.2, 0.2, 0.93333333, 0.53333333,
       0.73333333, 0.6]), 'tpos': array([0, 0, 0, 0, 4, 1, 0, 0, 1, 0, 2, 2, 2, 1, 1, 0, 2, 2, 2, 2, 3, 3, 2,
       4, 0, 2, 2, 3, 2, 2, 3, 2, 2, 3, 2, 1, 2, 2, 3, 2, 2, 2, 3, 2, 1, 1,
       4, 3, 4, 3])}, {'specificity': array([0.26785714, 0.5, 0.053571429, 0.58928571, 0.94642857, 0.66071429,
       0.17857143, 0.96428571, 0.875, 0.69642857, 0.75, 1.0, 0.67857143,
       0.82142857, 0.91071429, 0.57142857, 0.85714286, 0.71428571,
       0.30357143, 0.60714286, 0.83928571, 0.23214286, 0.14285714,
       0.44642857, 0.80357143, 0.35714286, 0.125, 0.42857143, 0.53571429,
       0.64285714, 0.035714286, 0.375, 0.21428571, 0.16071429, 0.32142857,
       0.10714286, 0.89285714, 0.55357143, 0.76785714, 0.92857143,
       0.51785714, 0.98214286, 0.28571429, 0.41071429, 0.73214286,
       0.46428571, 0.625, 0.39285714, 0.48214286, 0.33928571, 0.78571429,
       0.017857143, 0.25, 0.071428571, 0.089285714, 0.19642857]), 'tneg': array([14, 14, 14, 14, 14, 14, 14, 14, 14, 14, 14, 14, 14, 14, 14, 14, 14,
       14, 14, 14, 14, 14, 14, 14, 14, 14, 14, 14, 14, 14, 14, 14, 14, 14,
       14, 14, 14, 14, 14, 14, 14, 14, 14, 14, 14, 14, 14, 14, 14, 14, 14,
       12, 14, 14, 14, 14]), 'fpos': array([0, 0, 0, 0, 0, 0, 0, 0, 0, 0, 0, 0, 0, 0, 0, 0, 0, 0, 0, 0, 0, 0, 0,
       0, 0, 0, 0, 0, 0, 0, 0, 0, 0, 0, 0, 0, 0, 0, 0, 0, 0, 0, 0, 0, 0, 0,
       0, 0, 0, 0, 0, 2, 0, 0, 0, 0]), 'threshold': [3.0282444362503274, 3.2879926877306302, 2.4959961470620193, 3.3229903035317991, 3.7544840854412218, 3.4044467037019066, 2.8743747877509227, 3.7599719405768979, 3.6136531571822248, 3.42507918860815, 3.5178895404585995, 4.17306930337168, 3.4181022853642409, 3.575637712039426, 3.7390704028604747, 3.3102806800684714, 3.6079897019249314, 3.4570644268691995, 3.0694695998142096, 3.3330868891293388, 3.5813743945595355, 2.9380134648383751, 2.823253733090465, 3.2577995134942528, 3.5452008155783421, 3.1132631399951212, 2.8019384667010989, 3.1752389555117855, 3.2912936392193441, 3.3996182665453571, 2.3829143490945937, 3.1257409358905575, 2.9259672207005765, 2.8337609743111458, 3.0984505919173846, 2.7963362908125928, 3.6936978910596658, 3.3033230766887249, 3.5232242010282215, 3.7408910874748256, 3.289876606746768, 3.8143058257985558, 3.040721899280217, 3.1518544000776902, 3.5154204229535204, 3.265570672440167, 3.3386567236348745, 3.1454281553101451, 3.267701793808425, 3.1067560414452342, 3.5289102463367312, 2.3281015712415121, 3.0150403040838323, 2.5257692908626534, 2.6242431098930545, 2.8861549878279922], 'fneg': array([2, 2, 2, 2, 2, 2, 2, 2, 2, 2, 2, 2, 2, 2, 2, 2, 2, 2, 2, 2, 2, 2, 2,
       2, 2, 2, 2, 2, 2, 2, 1, 2, 2, 2, 2, 2, 2, 2, 2, 2, 2, 2, 2, 2, 2, 2,
       2, 2, 2, 2, 2, 1, 2, 2, 2, 2]), 'sensitivity': array([0.88888889, 0.66666667, 1.0, 0.66666667, 0.55555556, 0.66666667,
       0.88888889, 0.55555556, 0.55555556, 0.66666667, 0.55555556,
       0.11111111, 0.66666667, 0.55555556, 0.55555556, 0.66666667,
       0.55555556, 0.66666667, 0.77777778, 0.66666667, 0.55555556,
       0.88888889, 0.88888889, 0.66666667, 0.55555556, 0.66666667,
       0.88888889, 0.66666667, 0.66666667, 0.66666667, 1.0, 0.66666667,
       0.88888889, 0.88888889, 0.66666667, 0.88888889, 0.55555556,
       0.66666667, 0.55555556, 0.55555556, 0.66666667, 0.55555556,
       0.88888889, 0.66666667, 0.55555556, 0.66666667, 0.66666667,
       0.66666667, 0.66666667, 0.66666667, 0.55555556, 1.0, 0.88888889,
       1.0, 0.88888889, 0.88888889]), 'tpos': array([0, 0, 0, 0, 0, 0, 0, 0, 0, 0, 0, 0, 0, 0, 0, 0, 0, 0, 0, 0, 0, 0, 0,
       0, 0, 0, 0, 0, 0, 0, 1, 0, 0, 0, 0, 0, 0, 0, 0, 0, 0, 0, 0, 0, 0, 0,
       0, 0, 0, 0, 0, 1, 0, 0, 0, 0])}, {'specificity': array([0.83606557, 0.60655738, 0.13114754, 1.0, 0.70491803, 0.75409836,
       0.59016393, 0.27868852, 0.6557377, 0.78688525, 0.98360656,
       0.7704918, 0.95081967, 0.63934426, 0.86885246, 0.50819672,
       0.40983607, 0.90163934, 0.85245902, 0.49180328, 0.73770492,
       0.24590164, 0.54098361, 0.80327869, 0.16393443, 0.081967213,
       0.67213115, 0.29508197, 0.96721311, 0.93442623, 0.049180328,
       0.098360656, 0.37704918, 0.32786885, 0.18032787, 0.36065574,
       0.81967213, 0.57377049, 0.91803279, 0.2295082, 0.45901639,
       0.68852459, 0.8852459, 0.44262295, 0.72131148, 0.26229508,
       0.19672131, 0.62295082, 0.21311475, 0.55737705, 0.47540984,
       0.31147541, 0.3442623, 0.52459016, 0.39344262, 0.016393443,
       0.42622951, 0.032786885, 0.06557377, 0.1147541, 0.14754098]), 'tneg': array([12, 12, 12, 12, 12, 12, 12, 12, 12, 12, 12, 12, 12, 12, 12, 12, 12,
       12, 12, 12, 12, 12, 12, 12, 12, 12, 12, 12, 12, 12, 12, 12, 12, 12,
       12, 12, 12, 12, 12, 12, 12, 12, 12, 12, 12, 12, 12, 12, 12, 12, 12,
       12, 12, 12, 12, 12, 12, 12, 12, 12, 12]), 'fpos': array([0, 0, 0, 0, 0, 0, 0, 0, 0, 0, 0, 0, 0, 0, 0, 0, 0, 0, 0, 0, 0, 0, 0,
       0, 0, 0, 0, 0, 0, 0, 0, 0, 0, 0, 0, 0, 0, 0, 0, 0, 0, 0, 0, 0, 0, 0,
       0, 0, 0, 0, 0, 0, 0, 0, 0, 0, 0, 0, 0, 0, 0]), 'threshold': [4.5760935617056155, 3.90779553863447, 2.8649611683220968, 6.4264952924347343, 4.1370962133727591, 4.1578856331962015, 3.8482586127916503, 3.3095573480908165, 4.0869317604968405, 4.3072772642615114, 6.3182104368965524, 4.1599046993025679, 5.1895680091183731, 4.0623745949328764, 4.6210452333835921, 3.7454330173431885, 3.5827189235855696, 4.7979432472536878, 4.6111021547911113, 3.6847414417677555, 4.1445172575940594, 3.2577355818461884, 3.7595498552182942, 4.4412990810054893, 3.137607850441853, 2.6027668595838187, 4.1021922785704579, 3.3381237575975833, 5.5820347321754742, 5.0504384299873308, 2.3829044095407355, 2.790438999027208, 3.5302641223507547, 3.3797710497719518, 3.1460710570563615, 3.5251127145421606, 4.5010200248647072, 3.810593261132349, 4.8554120076945271, 3.2351054859132597, 3.6235482996960808, 4.1173839628674891, 4.7694520162958547, 3.5892907514068928, 4.1400879557518557, 3.2639938607341596, 3.1467915085159022, 3.9666239624144106, 3.1969944307393456, 3.790843044868125, 3.6362561220928105, 3.3587720337259448, 3.409978093425293, 3.7550565481502374, 3.5730433229923824, 2.1719920379483488, 3.5847751606303868, 2.3755365084721611, 2.4636623584995831, 2.8013922854396771, 3.0591868667498656], 'fneg': array([4, 4, 4, 4, 4, 4, 4, 4, 4, 4, 4, 4, 4, 4, 4, 4, 4, 4, 4, 4, 4, 4, 4,
       4, 4, 4, 4, 4, 4, 4, 4, 4, 4, 4, 4, 4, 4, 4, 4, 4, 4, 4, 4, 4, 4, 4,
       4, 4, 4, 4, 4, 4, 4, 4, 4, 4, 4, 4, 4, 4, 4]), 'sensitivity': array([0.0, 0.0, 0.5, 0.0, 0.0, 0.0, 0.0, 0.5, 0.0, 0.0, 0.0, 0.0, 0.0,
       0.0, 0.0, 0.25, 0.5, 0.0, 0.0, 0.25, 0.0, 0.5, 0.25, 0.0, 0.5, 0.75,
       0.0, 0.5, 0.0, 0.0, 0.75, 0.5, 0.5, 0.5, 0.5, 0.5, 0.0, 0.25, 0.0,
       0.5, 0.5, 0.0, 0.0, 0.5, 0.0, 0.5, 0.5, 0.0, 0.5, 0.25, 0.5, 0.5,
       0.5, 0.25, 0.5, 1.0, 0.5, 0.75, 0.75, 0.5, 0.5]), 'tpos': array([0, 0, 0, 0, 0, 0, 0, 0, 0, 0, 0, 0, 0, 0, 0, 0, 0, 0, 0, 0, 0, 0, 0,
       0, 0, 0, 0, 0, 0, 0, 0, 0, 0, 0, 0, 0, 0, 0, 0, 0, 0, 0, 0, 0, 0, 0,
       0, 0, 0, 0, 0, 0, 0, 0, 0, 0, 0, 0, 0, 0, 0])}], <Model object at 0x000000000000108C>)
