#adalasso
([{'specificity': array([0.75806452, 0.17741935, 0.96774194, 0.80645161, 0.25806452,
       0.79032258, 0.56451613, 0.5, 0.82258065, 0.14516129, 0.096774194,
       0.83870968, 0.74193548, 0.4516129, 0.16129032, 0.62903226,
       0.87096774, 0.37096774, 0.46774194, 0.77419355, 0.88709677,
       0.30645161, 0.20967742, 0.66129032, 0.41935484, 0.69354839,
       0.19354839, 0.53225806, 0.72580645, 0.51612903, 0.096774194,
       0.096774194, 0.90322581, 0.9516129, 0.91935484, 1.0, 0.096774194,
       0.70967742, 0.58064516, 0.096774194, 0.67741935, 0.32258065,
       0.38709677, 0.85483871, 0.40322581, 0.27419355, 0.33870968,
       0.98387097, 0.61290323, 0.29032258, 0.64516129, 0.24193548,
       0.35483871, 0.48387097, 0.5483871, 0.59677419, 0.12903226,
       0.22580645, 0.11290323, 0.93548387, 0.43548387, 0.096774194]), 'tneg': array([10,  0, 13, 10,  1, 10,  9,  7, 13,  0,  0, 13,  9,  7,  0,  9, 13,
        5,  7, 10, 13,  4,  0,  9,  5,  9,  0,  7,  9,  7,  0,  0, 13, 13,
       13, 13,  0,  9,  9,  0,  9,  4,  5, 13,  5,  1,  4, 13,  9,  4,  9,
        0,  4,  7,  8,  9,  0,  0,  0, 13,  6,  0]), 'fpos': array([ 3, 13,  0,  3, 12,  3,  4,  6,  0, 13, 13,  0,  4,  6, 13,  4,  0,
        8,  6,  3,  0,  9, 13,  4,  8,  4, 13,  6,  4,  6, 13, 13,  0,  0,
        0,  0, 13,  4,  4, 13,  4,  9,  8,  0,  8, 12,  9,  0,  4,  9,  4,
       13,  9,  6,  5,  4, 13, 13, 13,  0,  7, 13]), 'threshold': [0.25545582887784823, 0.25520352692950293, 0.2556593396221587, 0.25547397121406307, 0.25520654077379412, 0.25547339779831579, 0.25529810413738258, 0.25524517955201698, 0.25552250897471374, 0.25520159048396018, 0.25520143487306191, 0.25553852619358713, 0.25543229085536456, 0.25523457591001164, 0.25520159277235621, 0.25533262188670475, 0.25557165383818986, 0.25522262049759653, 0.25523664617444358, 0.25546251634135864, 0.25562374089192869, 0.25521219780210397, 0.25520398003443973, 0.25537363083575493, 0.25522666067178468, 0.25538755115423822, 0.25520358139360377, 0.25527756671463719, 0.25542005551174746, 0.25526907245042835, 0.25520143487306191, 0.25520143487306191, 0.25563508825523024, 0.25565815833706718, 0.25565120770616984, 0.25565938361112195, 0.25520143487306191, 0.25541370489831633, 0.25529811649779272, 0.25520143487306191, 0.2553745694948894, 0.25521479200737751, 0.25522397255755347, 0.25554664796840149, 0.25522460739572489, 0.25520793625798949, 0.25521682463515916, 0.25565936574060505, 0.25532834208144439, 0.2552116696262311, 0.25535866067365492, 0.25520589406537109, 0.25521690198598745, 0.25523759182620703, 0.25528717906197274, 0.25531879326780987, 0.2552014893368692, 0.25520454710287827, 0.25520145647551234, 0.25565520171166284, 0.25522996247184915, 0.25520143487306191], 'fneg': array([1, 0, 4, 1, 0, 1, 1, 1, 2, 0, 0, 2, 1, 1, 0, 1, 2, 1, 1, 1, 4, 1, 0,
       1, 1, 1, 0, 1, 1, 1, 0, 0, 4, 4, 4, 4, 0, 1, 1, 0, 1, 1, 1, 2, 1, 1,
       1, 4, 1, 1, 1, 0, 1, 1, 1, 1, 0, 0, 0, 4, 1, 0]), 'sensitivity': array([1, 1, 1, 1, 1, 1, 1, 1, 1, 1, 1, 1, 1, 1, 1, 1, 1, 1, 1, 1, 1, 1, 1,
       1, 1, 1, 1, 1, 1, 1, 1, 1, 1, 1, 1, 1, 1, 1, 1, 1, 1, 1, 1, 1, 1, 1,
       1, 1, 1, 1, 1, 1, 1, 1, 1, 1, 1, 1, 1, 1, 1, 1]), 'tpos': array([3, 4, 0, 3, 4, 3, 3, 3, 2, 4, 4, 2, 3, 3, 4, 3, 2, 3, 3, 3, 0, 3, 4,
       3, 3, 3, 4, 3, 3, 3, 4, 4, 0, 0, 0, 0, 4, 3, 3, 4, 3, 3, 3, 2, 3, 3,
       3, 0, 3, 3, 3, 4, 3, 3, 3, 3, 4, 4, 4, 0, 3, 4])}, {'specificity': array([0.87301587, 0.9047619, 0.88888889, 0.74603175, 0.19047619,
       0.71428571, 0.28571429, 0.6984127, 0.095238095, 0.063492063,
       0.80952381, 0.68253968, 0.82539683, 0.44444444, 0.85714286,
       0.49206349, 0.15873016, 0.36507937, 0.77777778, 0.23809524,
       0.34920635, 0.61904762, 0.92063492, 0.11111111, 0.50793651,
       0.38095238, 0.31746032, 0.76190476, 0.3015873, 0.063492063,
       0.063492063, 0.93650794, 0.84126984, 1.0, 0.98412698, 0.52380952,
       0.41269841, 0.46031746, 0.58730159, 0.063492063, 0.55555556,
       0.17460317, 0.42857143, 0.73015873, 0.53968254, 0.12698413,
       0.25396825, 0.65079365, 0.95238095, 0.63492063, 0.79365079,
       0.33333333, 0.47619048, 0.26984127, 0.20634921, 0.3968254,
       0.6031746, 0.57142857, 0.079365079, 0.66666667, 0.96825397,
       0.22222222, 0.14285714]), 'tneg': array([0, 0, 0, 0, 0, 0, 0, 0, 0, 0, 0, 0, 0, 0, 0, 0, 0, 0, 0, 0, 0, 0, 0,
       0, 0, 0, 0, 0, 0, 0, 0, 0, 0, 0, 0, 0, 0, 0, 0, 0, 0, 0, 0, 0, 0, 0,
       0, 0, 0, 0, 0, 0, 0, 0, 0, 0, 0, 0, 0, 0, 0, 0, 0]), 'fpos': array([11, 11, 11, 11, 11, 11, 11, 11, 11, 11, 11, 11, 11, 11, 11, 11, 11,
       11, 11, 11, 11, 11, 11, 11, 11, 11, 11, 11, 11, 11, 11, 11, 11, 11,
       11, 11, 11, 11, 11, 11, 11, 11, 11, 11, 11, 11, 11, 11, 11, 11, 11,
       11, 11, 11, 11, 11, 11, 11, 11, 11, 11, 11, 11]), 'threshold': [0.25304114424686219, 0.25316507791986387, 0.2531649824923824, 0.25286890251636196, 0.25242245556922593, 0.25283100049647189, 0.25246085323946188, 0.25278984854032643, 0.25240253569490301, 0.25240200696458903, 0.2529452867790104, 0.252724699108624, 0.25299547009111401, 0.25253745814397005, 0.25300656207276417, 0.25256330618344502, 0.25241650954767741, 0.25251048757294864, 0.25291889411576174, 0.25243306454646014, 0.2525077421677685, 0.2526491665053428, 0.25316946678705338, 0.25240434356403485, 0.25257610477753789, 0.25252256249869254, 0.25247528497799193, 0.25290070592674907, 0.25246267206006101, 0.25240200696458903, 0.25240200696458903, 0.25318139307810955, 0.2530005206073408, 0.25321990987508325, 0.25321773530392988, 0.25259239317416871, 0.25253304449795433, 0.2525508184812747, 0.2526317140768356, 0.25240200696458903, 0.25261606310491619, 0.25241777148898586, 0.25253711976810966, 0.25283938923407012, 0.25260252633697527, 0.25240783863780653, 0.25244128935496579, 0.25269026468797606, 0.25319565871634792, 0.25267835452600629, 0.25293361284474758, 0.25247919868045615, 0.25255248332034325, 0.25245263211439117, 0.25242323064432098, 0.25252403339416296, 0.25264022248787438, 0.25262567196326657, 0.25240218456124303, 0.25270009983689418, 0.25320781335149761, 0.25242759405340542, 0.2524108939849799], 'fneg': array([0, 0, 0, 0, 0, 0, 0, 0, 0, 0, 0, 0, 0, 0, 0, 0, 0, 0, 0, 0, 0, 0, 0,
       0, 0, 0, 0, 0, 0, 0, 0, 0, 0, 0, 0, 0, 0, 0, 0, 0, 0, 0, 0, 0, 0, 0,
       0, 0, 0, 0, 0, 0, 0, 0, 0, 0, 0, 0, 0, 0, 0, 0, 0]), 'sensitivity': array([1, 1, 1, 1, 1, 1, 1, 1, 1, 1, 1, 1, 1, 1, 1, 1, 1, 1, 1, 1, 1, 1, 1,
       1, 1, 1, 1, 1, 1, 1, 1, 1, 1, 1, 1, 1, 1, 1, 1, 1, 1, 1, 1, 1, 1, 1,
       1, 1, 1, 1, 1, 1, 1, 1, 1, 1, 1, 1, 1, 1, 1, 1, 1]), 'tpos': array([5, 5, 5, 5, 5, 5, 5, 5, 5, 5, 5, 5, 5, 5, 5, 5, 5, 5, 5, 5, 5, 5, 5,
       5, 5, 5, 5, 5, 5, 5, 5, 5, 5, 5, 5, 5, 5, 5, 5, 5, 5, 5, 5, 5, 5, 5,
       5, 5, 5, 5, 5, 5, 5, 5, 5, 5, 5, 5, 5, 5, 5, 5, 5])}, {'specificity': array([0.9375, 0.9375, 0.65625, 0.71875, 0.578125, 0.90625, 0.953125,
       0.859375, 0.625, 0.625, 0.671875, 0.859375, 0.796875, 0.875,
       0.96875, 0.578125, 0.578125, 0.71875, 0.71875, 0.578125, 0.578125,
       0.578125, 0.984375, 0.578125, 0.578125, 0.578125, 0.578125,
       0.578125, 0.578125, 0.578125, 0.578125, 0.890625, 1.0, 0.578125,
       0.578125, 0.78125, 0.78125, 0.578125, 0.578125, 0.578125, 0.625,
       0.578125, 0.578125, 0.578125, 0.578125, 0.78125, 0.578125, 0.78125,
       0.8125, 0.578125, 0.578125, 0.578125, 0.578125, 0.578125, 0.578125,
       0.578125, 0.578125, 0.578125, 0.828125, 0.578125, 0.578125, 0.65625,
       0.578125, 0.578125]), 'tneg': array([9, 9, 5, 5, 5, 9, 9, 7, 5, 5, 5, 7, 6, 9, 9, 5, 5, 5, 5, 5, 5, 5, 9,
       5, 5, 5, 5, 5, 5, 5, 5, 9, 9, 5, 5, 5, 5, 5, 5, 5, 5, 5, 5, 5, 5, 5,
       5, 5, 6, 5, 5, 5, 5, 5, 5, 5, 5, 5, 6, 5, 5, 5, 5, 5]), 'fpos': array([1, 1, 5, 5, 5, 1, 1, 3, 5, 5, 5, 3, 4, 1, 1, 5, 5, 5, 5, 5, 5, 5, 1,
       5, 5, 5, 5, 5, 5, 5, 5, 1, 1, 5, 5, 5, 5, 5, 5, 5, 5, 5, 5, 5, 5, 5,
       5, 5, 4, 5, 5, 5, 5, 5, 5, 5, 5, 5, 4, 5, 5, 5, 5, 5]), 'threshold': [0.24496338599202852, 0.24496338599202852, 0.24459778246576025, 0.24461211290552892, 0.24457628787056446, 0.24494186968627962, 0.2451427381904166, 0.24484147714258681, 0.24458345259370054, 0.24458345259370054, 0.24460494761468157, 0.24484147714258681, 0.24469810746550361, 0.2449203546573675, 0.24532217903725598, 0.24457628787056446, 0.24457628787056446, 0.24461211290552892, 0.24461211290552892, 0.24457628787056446, 0.24457628787056446, 0.24457628787056446, 0.2453867994396714, 0.24457628787056446, 0.24457628787056446, 0.24457628787056446, 0.24457628787056446, 0.24457628787056446, 0.24457628787056446, 0.24457628787056446, 0.24457628787056446, 0.24492752619179878, 0.24569569987605314, 0.24457628787056446, 0.24457628787056446, 0.24463360962961567, 0.24463360962961567, 0.24457628787056446, 0.24457628787056446, 0.24457628787056446, 0.24458345259370054, 0.24457628787056446, 0.24457628787056446, 0.24457628787056446, 0.24457628787056446, 0.24463360962961567, 0.24457628787056446, 0.24463360962961567, 0.24472677686007491, 0.24457628787056446, 0.24457628787056446, 0.24457628787056446, 0.24457628787056446, 0.24457628787056446, 0.24457628787056446, 0.24457628787056446, 0.24457628787056446, 0.24457628787056446, 0.24479129129925373, 0.24457628787056446, 0.24457628787056446, 0.24459778246576025, 0.24457628787056446, 0.24457628787056446], 'fneg': array([4, 4, 1, 1, 0, 4, 4, 2, 1, 1, 1, 2, 1, 3, 4, 0, 0, 1, 1, 0, 0, 0, 4,
       0, 0, 0, 0, 0, 0, 0, 0, 3, 4, 0, 0, 1, 1, 0, 0, 0, 1, 0, 0, 0, 0, 1,
       0, 1, 1, 0, 0, 0, 0, 0, 0, 0, 0, 0, 1, 0, 0, 1, 0, 0]), 'sensitivity': array([1, 1, 1, 1, 1, 1, 1, 1, 1, 1, 1, 1, 1, 1, 1, 1, 1, 1, 1, 1, 1, 1, 1,
       1, 1, 1, 1, 1, 1, 1, 1, 1, 1, 1, 1, 1, 1, 1, 1, 1, 1, 1, 1, 1, 1, 1,
       1, 1, 1, 1, 1, 1, 1, 1, 1, 1, 1, 1, 1, 1, 1, 1, 1, 1]), 'tpos': array([1, 1, 4, 4, 5, 1, 1, 3, 4, 4, 4, 3, 4, 2, 1, 5, 5, 4, 4, 5, 5, 5, 1,
       5, 5, 5, 5, 5, 5, 5, 5, 2, 1, 5, 5, 4, 4, 5, 5, 5, 4, 5, 5, 5, 5, 4,
       5, 4, 4, 5, 5, 5, 5, 5, 5, 5, 5, 5, 4, 5, 5, 4, 5, 5])}, {'specificity': array([0.9047619, 0.95238095, 0.77777778, 0.88888889, 0.36507937,
       0.65079365, 0.74603175, 0.92063492, 0.41269841, 0.11111111,
       0.73015873, 0.6031746, 0.55555556, 0.3968254, 0.66666667,
       0.85714286, 0.42857143, 0.23809524, 0.33333333, 0.44444444,
       0.17460317, 0.15873016, 0.38095238, 0.80952381, 0.87301587,
       0.079365079, 0.3015873, 0.82539683, 0.095238095, 0.63492063,
       0.28571429, 0.50793651, 0.19047619, 0.79365079, 0.47619048,
       0.84126984, 0.96825397, 1.0, 0.98412698, 0.93650794, 0.34920635,
       0.76190476, 0.49206349, 0.22222222, 0.46031746, 0.015873016,
       0.71428571, 0.58730159, 0.20634921, 0.57142857, 0.031746032,
       0.53968254, 0.25396825, 0.14285714, 0.61904762, 0.52380952,
       0.6984127, 0.063492063, 0.12698413, 0.68253968, 0.26984127,
       0.31746032, 0.047619048]), 'tneg': array([12, 12, 12, 12,  8, 11, 12, 12,  9,  3, 12,  9,  9,  9, 11, 12,  9,
        4,  8,  9,  3,  3,  8, 12, 12,  2,  6, 12,  3, 10,  5,  9,  3, 12,
        9, 12, 12, 12, 12, 12,  8, 12,  9,  4,  9,  0, 11,  9,  3,  9,  0,
        9,  4,  3,  9,  9, 11,  2,  3, 11,  5,  8,  0]), 'fpos': array([ 1,  1,  1,  1,  5,  2,  1,  1,  4, 10,  1,  4,  4,  4,  2,  1,  4,
        9,  5,  4, 10, 10,  5,  1,  1, 11,  7,  1, 10,  3,  8,  4, 10,  1,
        4,  1,  1,  1,  1,  1,  5,  1,  4,  9,  4, 13,  2,  4, 10,  4, 13,
        4,  9, 10,  4,  4,  2, 11, 10,  2,  8,  5, 13]), 'threshold': [0.58593546799015461, 0.72741597675703973, 0.39385988447905373, 0.58259537761376157, 0.19287675103367188, 0.2877588312777668, 0.3720214540461525, 0.58725302362955356, 0.20415497260763288, 0.12856817956375513, 0.36144606934007012, 0.25806708336111223, 0.24604562923564624, 0.20316790485246686, 0.29511680364963394, 0.5059992193653432, 0.20571922149706301, 0.14909657365663362, 0.18261943834410502, 0.20912515539626744, 0.13747048653841601, 0.13657376406666102, 0.19571251790035812, 0.43165738256748071, 0.50697360815641346, 0.12357001763820477, 0.16831064401216062, 0.45128510778034681, 0.12756338673646087, 0.27727036662238014, 0.1653917699616296, 0.23683597296641643, 0.14004122223288387, 0.40542241425426861, 0.21506353352744956, 0.45488951378456238, 0.74108398628971739, 0.84931531134160887, 0.83451479302463716, 0.71626513439822748, 0.18677729005180144, 0.39170255940855292, 0.22523263064106389, 0.14717992199379207, 0.21047192312933583, 0.075909066402796127, 0.33725030516610105, 0.25680094715294222, 0.14469736281248147, 0.25013755121997872, 0.095620309829512931, 0.24439206499535543, 0.16123043111405128, 0.13413955103170308, 0.26200360572673259, 0.24046809061275709, 0.32579097931749329, 0.1175657656229242, 0.13112330011172649, 0.30158494086142484, 0.16533398736271701, 0.18061537830489696, 0.10390028499258248], 'fneg': array([3, 3, 3, 3, 2, 3, 3, 3, 2, 0, 3, 3, 3, 2, 3, 3, 2, 1, 1, 2, 0, 0, 2,
       3, 3, 0, 1, 3, 0, 3, 1, 2, 0, 3, 2, 3, 3, 3, 3, 3, 2, 3, 2, 1, 2, 0,
       3, 3, 1, 3, 0, 3, 1, 0, 3, 2, 3, 0, 0, 3, 1, 1, 0]), 'sensitivity': array([1, 1, 1, 1, 1, 1, 1, 1, 1, 1, 1, 1, 1, 1, 1, 1, 1, 1, 1, 1, 1, 1, 1,
       1, 1, 1, 1, 1, 1, 1, 1, 1, 1, 1, 1, 1, 1, 1, 1, 1, 1, 1, 1, 1, 1, 1,
       1, 1, 1, 1, 1, 1, 1, 1, 1, 1, 1, 1, 1, 1, 1, 1, 1]), 'tpos': array([0, 0, 0, 0, 1, 0, 0, 0, 1, 3, 0, 0, 0, 1, 0, 0, 1, 2, 2, 1, 3, 3, 1,
       0, 0, 3, 2, 0, 3, 0, 2, 1, 3, 0, 1, 0, 0, 0, 0, 0, 1, 0, 1, 2, 1, 3,
       0, 0, 2, 0, 3, 0, 2, 3, 0, 1, 0, 3, 3, 0, 2, 2, 3])}, {'specificity': array([0.703125, 0.6875, 0.96875, 0.9375, 0.40625, 0.34375, 0.65625,
       0.21875, 0.84375, 0.8125, 0.75, 0.625, 0.828125, 0.890625, 0.671875,
       0.15625, 0.125, 0.046875, 0.53125, 0.3125, 0.484375, 0.078125,
       0.640625, 0.609375, 0.140625, 0.0625, 0.171875, 0.734375, 0.328125,
       0.28125, 0.5, 0.4375, 0.03125, 0.578125, 0.296875, 0.796875,
       0.90625, 1.0, 0.984375, 0.953125, 0.515625, 0.1875, 0.78125,
       0.203125, 0.25, 0.390625, 0.265625, 0.421875, 0.453125, 0.015625,
       0.5625, 0.46875, 0.859375, 0.765625, 0.71875, 0.359375, 0.234375,
       0.375, 0.59375, 0.09375, 0.875, 0.921875, 0.546875, 0.109375]), 'tneg': array([ 9,  9,  9,  9,  5,  3,  7,  3,  9,  9,  9,  7,  9,  9,  8,  2,  1,
        1,  6,  3,  6,  1,  7,  7,  2,  1,  3,  9,  3,  3,  6,  5,  0,  7,
        3,  9,  9, 10,  9,  9,  6,  3,  9,  3,  3,  4,  3,  5,  6,  0,  6,
        6,  9,  9,  9,  3,  3,  4,  7,  1,  9,  9,  6,  1]), 'fpos': array([ 1,  1,  1,  1,  5,  7,  3,  7,  1,  1,  1,  3,  1,  1,  2,  8,  9,
        9,  4,  7,  4,  9,  3,  3,  8,  9,  7,  1,  7,  7,  4,  5, 10,  3,
        7,  1,  1,  0,  1,  1,  4,  7,  1,  7,  7,  6,  7,  5,  4, 10,  4,
        4,  1,  1,  1,  7,  7,  6,  3,  9,  1,  1,  4,  9]), 'threshold': [0.24583686273810929, 0.24402397477048876, 0.37829018438763423, 0.37215130869656371, 0.20298487819355118, 0.19788144918780745, 0.23674928666207715, 0.18424676790183509, 0.28935643739304706, 0.27068342658272782, 0.25142039337344541, 0.23156798765675041, 0.28309477402247185, 0.31043729416129101, 0.24084955752949883, 0.17808176049095764, 0.16832757331606335, 0.15808075377719183, 0.21847041421324073, 0.19431755121056707, 0.21490841786448961, 0.1620149511166965, 0.2338683781781912, 0.23086597617701957, 0.17484536535152634, 0.15953158211388663, 0.18055289800016125, 0.24837638260063455, 0.1972386923898789, 0.19317994334120753, 0.21778009683844501, 0.21058917644872296, 0.1554688667853121, 0.22877228336664232, 0.19399629706364555, 0.26745048149741812, 0.31997616788423328, 0.4149072216259666, 0.40545876534099151, 0.37753010375315293, 0.21817085794740343, 0.18096573050913922, 0.26214107496609451, 0.18404860403332946, 0.19025462859813225, 0.20236531120098741, 0.19255017891006376, 0.20389827482783823, 0.21115120494765427, 0.14776602809607795, 0.22274097461995768, 0.21230322635535873, 0.29677922347735153, 0.25702177204333304, 0.24818634635216427, 0.19971562994672706, 0.18705547609685697, 0.20082984665507297, 0.22966555677261505, 0.1635289549314092, 0.30260729576538564, 0.35435157645854604, 0.21862976126535702, 0.16384588136846975], 'fneg': array([3, 3, 5, 5, 1, 0, 3, 0, 5, 4, 3, 3, 5, 5, 3, 0, 0, 0, 3, 0, 3, 0, 3,
       3, 0, 0, 0, 3, 0, 0, 3, 3, 0, 3, 0, 4, 5, 5, 5, 5, 3, 0, 4, 0, 0, 1,
       0, 1, 3, 0, 3, 3, 5, 3, 3, 1, 0, 1, 3, 0, 5, 5, 3, 0]), 'sensitivity': array([1, 1, 1, 1, 1, 1, 1, 1, 1, 1, 1, 1, 1, 1, 1, 1, 1, 1, 1, 1, 1, 1, 1,
       1, 1, 1, 1, 1, 1, 1, 1, 1, 1, 1, 1, 1, 1, 1, 1, 1, 1, 1, 1, 1, 1, 1,
       1, 1, 1, 1, 1, 1, 1, 1, 1, 1, 1, 1, 1, 1, 1, 1, 1, 1]), 'tpos': array([2, 2, 0, 0, 4, 5, 2, 5, 0, 1, 2, 2, 0, 0, 2, 5, 5, 5, 2, 5, 2, 5, 2,
       2, 5, 5, 5, 2, 5, 5, 2, 2, 5, 2, 5, 1, 0, 0, 0, 0, 2, 5, 1, 5, 5, 4,
       5, 4, 2, 5, 2, 2, 0, 2, 2, 4, 5, 4, 2, 5, 0, 0, 2, 5])}], <Model object at 0x00000000000003DC>)
#adalasso
([{'specificity': array([0.85714286, 0.98412698, 1.0, 0.92063492, 0.26984127, 0.14285714,
       0.74603175, 0.77777778, 0.79365079, 0.36507937, 0.095238095,
       0.73015873, 0.76190476, 0.47619048, 0.96825397, 0.9047619,
       0.88888889, 0.6984127, 0.82539683, 0.65079365, 0.63492063,
       0.58730159, 0.23809524, 0.71428571, 0.20634921, 0.25396825,
       0.66666667, 0.52380952, 0.87301587, 0.93650794, 0.33333333,
       0.11111111, 0.61904762, 0.063492063, 0.15873016, 0.41269841,
       0.95238095, 0.80952381, 0.49206349, 0.031746032, 0.047619048,
       0.6031746, 0.3015873, 0.28571429, 0.079365079, 0.015873016,
       0.19047619, 0.22222222, 0.68253968, 0.84126984, 0.44444444,
       0.50793651, 0.46031746, 0.42857143, 0.53968254, 0.57142857,
       0.55555556, 0.34920635, 0.3968254, 0.31746032, 0.38095238,
       0.17460317, 0.12698413]), 'tneg': array([12, 14, 15, 14,  3,  2, 12, 12, 12,  6,  1, 12, 12,  7, 14, 12, 12,
       12, 12, 10, 10,  8,  3, 12,  3,  3, 11,  7, 12, 14,  6,  1,  9,  1,
        2,  6, 14, 12,  7,  1,  1,  8,  4,  3,  1,  1,  3,  3, 12, 12,  6,
        7,  7,  6,  7,  8,  8,  6,  6,  6,  6,  3,  1]), 'fpos': array([ 3,  1,  0,  1, 12, 13,  3,  3,  3,  9, 14,  3,  3,  8,  1,  3,  3,
        3,  3,  5,  5,  7, 12,  3, 12, 12,  4,  8,  3,  1,  9, 14,  6, 14,
       13,  9,  1,  3,  8, 14, 14,  7, 11, 12, 14, 14, 12, 12,  3,  3,  9,
        8,  8,  9,  8,  7,  7,  9,  9,  9,  9, 12, 14]), 'threshold': [0.51081911598211482, 0.8026956697413774, 0.86958595827008078, 0.69697372149405545, 0.16644182862973075, 0.14626404762725762, 0.38786968247586767, 0.42530313377845397, 0.45125933622032827, 0.17816505081678499, 0.13532144013229536, 0.35732284592279756, 0.40326470526401109, 0.19547281205747283, 0.8026189664037725, 0.59643512293383749, 0.5933837979200266, 0.34821592345250307, 0.46752223808555921, 0.29486488137204475, 0.27529500948008728, 0.23495744424101539, 0.16444983979415653, 0.35635462086093672, 0.16291696667715311, 0.16577978814538735, 0.31028082261448464, 0.22492209046018213, 0.52233560794240841, 0.74185244379652893, 0.17689265447582295, 0.13571199449985702, 0.25843434197731829, 0.12948664515477398, 0.15130646430401981, 0.18595282557775411, 0.78901520509138523, 0.458143159229911, 0.20198402178036756, 0.11814077430810481, 0.12846392514172098, 0.24047980558749432, 0.16860386143091943, 0.16849702514553386, 0.1299279641687052, 0.10531695827358889, 0.16027762474712118, 0.16293715123538632, 0.3380207760495631, 0.48256869239598937, 0.18819498685727401, 0.21921785754059342, 0.19095829226919481, 0.18598433081220478, 0.22762157224527815, 0.23157093581750785, 0.23033464517324856, 0.17771198406106309, 0.18583638050088155, 0.17683367834446362, 0.18554028343403256, 0.1594995616730468, 0.13976365138099922], 'fneg': array([1, 2, 2, 2, 1, 0, 1, 1, 1, 1, 0, 1, 1, 1, 2, 2, 2, 1, 1, 1, 1, 1, 1,
       1, 1, 1, 1, 1, 1, 2, 1, 0, 1, 0, 1, 1, 2, 1, 1, 0, 0, 1, 1, 1, 0, 0,
       1, 1, 1, 1, 1, 1, 1, 1, 1, 1, 1, 1, 1, 1, 1, 1, 0]), 'sensitivity': array([1, 1, 1, 1, 1, 1, 1, 1, 1, 1, 1, 1, 1, 1, 1, 1, 1, 1, 1, 1, 1, 1, 1,
       1, 1, 1, 1, 1, 1, 1, 1, 1, 1, 1, 1, 1, 1, 1, 1, 1, 1, 1, 1, 1, 1, 1,
       1, 1, 1, 1, 1, 1, 1, 1, 1, 1, 1, 1, 1, 1, 1, 1, 1]), 'tpos': array([1, 0, 0, 0, 1, 2, 1, 1, 1, 1, 2, 1, 1, 1, 0, 0, 0, 1, 1, 1, 1, 1, 1,
       1, 1, 1, 1, 1, 1, 0, 1, 2, 1, 2, 1, 1, 0, 1, 1, 2, 2, 1, 1, 1, 2, 2,
       1, 1, 1, 1, 1, 1, 1, 1, 1, 1, 1, 1, 1, 1, 1, 1, 2])}, {'specificity': array([0.90625, 0.828125, 0.78125, 0.75, 1.0, 0.609375, 0.9375, 0.671875,
       0.25, 0.84375, 0.65625, 0.421875, 0.984375, 0.859375, 0.921875,
       0.953125, 0.625, 0.203125, 0.578125, 0.328125, 0.484375, 0.640625,
       0.125, 0.796875, 0.6875, 0.96875, 0.265625, 0.5625, 0.765625, 0.125,
       0.40625, 0.46875, 0.453125, 0.234375, 0.890625, 0.53125, 0.71875,
       0.5, 0.125, 0.125, 0.546875, 0.359375, 0.390625, 0.1875, 0.125,
       0.140625, 0.125, 0.875, 0.21875, 0.4375, 0.515625, 0.59375, 0.8125,
       0.34375, 0.3125, 0.125, 0.15625, 0.171875, 0.375, 0.296875,
       0.734375, 0.71875, 0.28125, 0.125]), 'tneg': array([11, 11, 11, 11, 12,  7, 11,  7,  5, 11,  7,  6, 12, 11, 11, 11,  7,
        5,  7,  6,  6,  7,  0, 11,  9, 12,  6,  7, 11,  0,  6,  6,  6,  5,
       11,  7, 10,  7,  0,  0,  7,  6,  6,  5,  0,  4,  0, 11,  5,  6,  7,
        7, 11,  6,  6,  0,  5,  5,  6,  6, 11, 10,  6,  0]), 'fpos': array([ 1,  1,  1,  1,  0,  5,  1,  5,  7,  1,  5,  6,  0,  1,  1,  1,  5,
        7,  5,  6,  6,  5, 12,  1,  3,  0,  6,  5,  1, 12,  6,  6,  6,  7,
        1,  5,  2,  5, 12, 12,  5,  6,  6,  7, 12,  8, 12,  1,  7,  6,  5,
        5,  1,  6,  6, 12,  7,  7,  6,  6,  1,  2,  6, 12]), 'threshold': [0.39593400636036713, 0.31647261996503762, 0.30071732294928355, 0.29807879468783827, 0.74043961306531525, 0.2455777868202699, 0.44338840837674481, 0.27363537602235838, 0.20372976795552528, 0.34664703019149129, 0.26292244199262182, 0.2196642505568718, 0.719810125326797, 0.3714805253996955, 0.40349681101703827, 0.47798267669992706, 0.25536065940376529, 0.20278993233178064, 0.24140940539512992, 0.21184731601857715, 0.22307456264019721, 0.26129123602117355, 0.20273047370067771, 0.30999681336279938, 0.28113815953871618, 0.55377101686131358, 0.20478849170030167, 0.23903589549557608, 0.2981122349725247, 0.20273047370067771, 0.21703545582810055, 0.22212262533929864, 0.22151178151643761, 0.20369904393023555, 0.38605692080609344, 0.23759096542441668, 0.28662764501109345, 0.22943705848261928, 0.20273047370067771, 0.20273047370067771, 0.2381896056013334, 0.21360044096302383, 0.21402334739424686, 0.20276892804657307, 0.20273047370067771, 0.20275110526006748, 0.20273047370067771, 0.37465546019001056, 0.2031349599261657, 0.2215032697561693, 0.23336362034128996, 0.24303016750168452, 0.3130557441952882, 0.21273718477817069, 0.21058081759259095, 0.20273047370067771, 0.20275214057670118, 0.20276567400667903, 0.21396470536034506, 0.20576411808005946, 0.29052930299092355, 0.28662764501109345, 0.20573233481824513, 0.20273047370067771], 'fneg': array([2, 0, 0, 0, 4, 0, 3, 0, 0, 1, 0, 0, 4, 1, 2, 3, 0, 0, 0, 0, 0, 0, 0,
       0, 0, 3, 0, 0, 0, 0, 0, 0, 0, 0, 1, 0, 0, 0, 0, 0, 0, 0, 0, 0, 0, 0,
       0, 1, 0, 0, 0, 0, 0, 0, 0, 0, 0, 0, 0, 0, 0, 0, 0, 0]), 'sensitivity': array([1, 1, 1, 1, 1, 1, 1, 1, 1, 1, 1, 1, 1, 1, 1, 1, 1, 1, 1, 1, 1, 1, 1,
       1, 1, 1, 1, 1, 1, 1, 1, 1, 1, 1, 1, 1, 1, 1, 1, 1, 1, 1, 1, 1, 1, 1,
       1, 1, 1, 1, 1, 1, 1, 1, 1, 1, 1, 1, 1, 1, 1, 1, 1, 1]), 'tpos': array([2, 4, 4, 4, 0, 4, 1, 4, 4, 3, 4, 4, 0, 3, 2, 1, 4, 4, 4, 4, 4, 4, 4,
       4, 4, 1, 4, 4, 4, 4, 4, 4, 4, 4, 3, 4, 4, 4, 4, 4, 4, 4, 4, 4, 4, 4,
       4, 3, 4, 4, 4, 4, 4, 4, 4, 4, 4, 4, 4, 4, 4, 4, 4, 4])}, {'specificity': array([0.90625, 0.796875, 0.734375, 1.0, 0.96875, 0.09375, 0.515625,
       0.765625, 0.890625, 0.546875, 0.34375, 0.28125, 0.625, 0.578125,
       0.328125, 0.984375, 0.84375, 0.921875, 0.9375, 0.703125, 0.609375,
       0.421875, 0.15625, 0.71875, 0.671875, 0.859375, 0.953125, 0.1875,
       0.484375, 0.59375, 0.40625, 0.234375, 0.25, 0.21875, 0.828125,
       0.875, 0.75, 0.78125, 0.359375, 0.046875, 0.015625, 0.46875,
       0.296875, 0.203125, 0.125, 0.109375, 0.65625, 0.8125, 0.3125, 0.375,
       0.453125, 0.5, 0.5625, 0.265625, 0.53125, 0.03125, 0.078125, 0.4375,
       0.390625, 0.0625, 0.171875, 0.640625, 0.6875, 0.140625]), 'tneg': array([13, 13, 12, 14, 14,  3,  9, 13, 13,  9,  6,  5, 10,  9,  6, 14, 13,
       14, 14, 11, 10,  8,  5, 12, 10, 13, 14,  5,  8,  9,  8,  5,  5,  5,
       13, 13, 13, 13,  7,  2,  1,  8,  5,  5,  3,  3, 10, 13,  6,  7,  8,
        9,  9,  5,  9,  2,  2,  8,  8,  2,  5, 10, 10,  5]), 'fpos': array([ 1,  1,  2,  0,  0, 11,  5,  1,  1,  5,  8,  9,  4,  5,  8,  0,  1,
        0,  0,  3,  4,  6,  9,  2,  4,  1,  0,  9,  6,  5,  6,  9,  9,  9,
        1,  1,  1,  1,  7, 12, 13,  6,  9,  9, 11, 11,  4,  1,  8,  7,  6,
        5,  5,  9,  5, 12, 12,  6,  6, 12,  9,  4,  4,  9]), 'threshold': [0.46575218948767416, 0.3744836492864152, 0.34217481027023189, 0.8038352099619861, 0.70787834302502795, 0.19426704249105534, 0.24005534829672592, 0.36368399875486157, 0.46113699968095206, 0.24764284242697079, 0.21178950517975154, 0.20709938104283934, 0.26747935759479691, 0.2493877118132436, 0.21105311670388582, 0.79714291777863211, 0.41449719027654303, 0.52550212677109609, 0.54515054175529343, 0.30043011285603477, 0.26638432849049726, 0.2253884543193293, 0.20124669140888005, 0.3231386136793854, 0.28223848597263801, 0.41864693274768, 0.62645930782462589, 0.20151986432423558, 0.23581651628183112, 0.2520570458730329, 0.22461721466293577, 0.20528508480259319, 0.20547882500171699, 0.20444762747776585, 0.39535477010710729, 0.43506708562128082, 0.35558230526083018, 0.36379792123032745, 0.21808492765158086, 0.19213096033494873, 0.18396844146618446, 0.23266831906774627, 0.20723105250908452, 0.20443403273045682, 0.19550691461528966, 0.19451362372488229, 0.27975999438367916, 0.38313737972613671, 0.20973763946362503, 0.21907963994403798, 0.23163730489540688, 0.23930641643689812, 0.24804168269914539, 0.20575926915576481, 0.24466476286240996, 0.19182470213180283, 0.19266542497346095, 0.22851697143425817, 0.22253844006810414, 0.19214846215304129, 0.20150783395687974, 0.27442156819452707, 0.29363793060066812, 0.20117776769013027], 'fneg': array([2, 2, 2, 2, 2, 0, 1, 2, 2, 1, 1, 1, 1, 1, 1, 2, 2, 2, 2, 1, 1, 1, 0,
       1, 1, 2, 2, 0, 1, 1, 1, 1, 1, 1, 2, 2, 2, 2, 1, 0, 0, 1, 1, 1, 0, 0,
       1, 2, 1, 1, 1, 1, 1, 1, 1, 0, 0, 1, 1, 0, 0, 1, 1, 0]), 'sensitivity': array([1, 1, 1, 1, 1, 1, 1, 1, 1, 1, 1, 1, 1, 1, 1, 1, 1, 1, 1, 1, 1, 1, 1,
       1, 1, 1, 1, 1, 1, 1, 1, 1, 1, 1, 1, 1, 1, 1, 1, 1, 1, 1, 1, 1, 1, 1,
       1, 1, 1, 1, 1, 1, 1, 1, 1, 1, 1, 1, 1, 1, 1, 1, 1, 1]), 'tpos': array([0, 0, 0, 0, 0, 2, 1, 0, 0, 1, 1, 1, 1, 1, 1, 0, 0, 0, 0, 1, 1, 1, 2,
       1, 1, 0, 0, 2, 1, 1, 1, 1, 1, 1, 0, 0, 0, 0, 1, 2, 2, 1, 1, 1, 2, 2,
       1, 0, 1, 1, 1, 1, 1, 1, 1, 2, 2, 1, 1, 2, 2, 1, 1, 2])}, {'specificity': array([0.953125, 0.734375, 0.640625, 1.0, 0.984375, 0.46875, 0.765625,
       0.921875, 0.578125, 0.140625, 0.59375, 0.84375, 0.75, 0.5, 0.890625,
       0.96875, 0.4375, 0.421875, 0.625, 0.703125, 0.53125, 0.1875,
       0.15625, 0.859375, 0.828125, 0.875, 0.34375, 0.234375, 0.203125,
       0.234375, 0.0625, 0.046875, 0.6875, 0.5625, 0.90625, 0.9375,
       0.09375, 0.171875, 0.25, 0.03125, 0.328125, 0.109375, 0.015625,
       0.28125, 0.453125, 0.671875, 0.078125, 0.65625, 0.78125, 0.125,
       0.515625, 0.390625, 0.375, 0.546875, 0.375, 0.3125, 0.265625,
       0.609375, 0.3125, 0.796875, 0.8125, 0.71875, 0.40625, 0.484375]), 'tneg': array([7, 6, 5, 7, 7, 4, 6, 6, 5, 1, 5, 6, 6, 5, 6, 7, 3, 1, 5, 5, 5, 1, 1,
       6, 6, 6, 1, 1, 1, 1, 0, 0, 5, 5, 6, 7, 0, 1, 1, 0, 1, 1, 0, 1, 4, 5,
       0, 5, 6, 1, 5, 1, 1, 5, 1, 1, 1, 5, 1, 6, 6, 6, 1, 4]), 'fpos': array([0, 1, 2, 0, 0, 3, 1, 1, 2, 6, 2, 1, 1, 2, 1, 0, 4, 6, 2, 2, 2, 6, 6,
       1, 1, 1, 6, 6, 6, 6, 7, 7, 2, 2, 1, 0, 7, 6, 6, 7, 6, 6, 7, 6, 3, 2,
       7, 2, 1, 6, 2, 6, 6, 2, 6, 6, 6, 2, 6, 1, 1, 1, 6, 3]), 'threshold': [0.22473438134446408, 0.15944711995587829, 0.15166712438737989, 0.43961315243477767, 0.43418209059578755, 0.14685385327448219, 0.16934721030597086, 0.20846735995874202, 0.14939187600163026, 0.14425611390020324, 0.14960268732076726, 0.1886384560862592, 0.16187646379858281, 0.14722810394358288, 0.19580224865493168, 0.29284918030096552, 0.14620081005293475, 0.14595266547362804, 0.1509964653332766, 0.15463411503674712, 0.14731486801765559, 0.14447112454593264, 0.14431751835116197, 0.1920019574101571, 0.18102530761408284, 0.19533713668299818, 0.14508690853457543, 0.14480953648682499, 0.1445326050611119, 0.14480953648682499, 0.14315454472275019, 0.14281935450191455, 0.15355012654437061, 0.14741552500832436, 0.20112632283480764, 0.21595882088422183, 0.14391877762685926, 0.14437894452983935, 0.14486497563519948, 0.14261551387366156, 0.1450776556969752, 0.14419473117302667, 0.1424301386171152, 0.14487729783973927, 0.14648971750396553, 0.15306308276843952, 0.14371975117484928, 0.15281503307152239, 0.1694140593947952, 0.14423462747481278, 0.14726244970738484, 0.14542960808983163, 0.1451300949221592, 0.14736552677133408, 0.1451300949221592, 0.14503139885815117, 0.14487421720699273, 0.1503585493730934, 0.14503139885815117, 0.17192945191797615, 0.17867785644556744, 0.1577327164703681, 0.14546669689646091, 0.14697851590935868], 'fneg': array([5, 3, 3, 9, 9, 2, 3, 4, 3, 0, 3, 4, 3, 3, 4, 7, 2, 2, 3, 3, 3, 0, 0,
       4, 3, 4, 0, 0, 0, 0, 0, 0, 3, 3, 4, 5, 0, 0, 0, 0, 0, 0, 0, 0, 2, 3,
       0, 3, 3, 0, 3, 1, 0, 3, 0, 0, 0, 3, 0, 3, 3, 3, 1, 2]), 'sensitivity': array([1, 1, 1, 1, 1, 1, 1, 1, 1, 1, 1, 1, 1, 1, 1, 1, 1, 1, 1, 1, 1, 1, 1,
       1, 1, 1, 1, 1, 1, 1, 1, 1, 1, 1, 1, 1, 1, 1, 1, 1, 1, 1, 1, 1, 1, 1,
       1, 1, 1, 1, 1, 1, 1, 1, 1, 1, 1, 1, 1, 1, 1, 1, 1, 1]), 'tpos': array([4, 6, 6, 0, 0, 7, 6, 5, 6, 9, 6, 5, 6, 6, 5, 2, 7, 7, 6, 6, 6, 9, 9,
       5, 6, 5, 9, 9, 9, 9, 9, 9, 6, 6, 5, 4, 9, 9, 9, 9, 9, 9, 9, 9, 7, 6,
       9, 6, 6, 9, 6, 8, 9, 6, 9, 9, 9, 6, 9, 6, 6, 6, 8, 7])}, {'specificity': array([0.8, 0.75384615, 0.55384615, 0.73846154, 0.98461538, 0.43076923,
       0.76923077, 0.83076923, 0.47692308, 0.35384615, 0.49230769,
       0.56923077, 0.81538462, 1.0, 0.87692308, 0.90769231, 0.92307692,
       0.93846154, 0.12307692, 0.30769231, 0.52307692, 0.2, 0.18461538,
       0.36923077, 0.061538462, 0.86153846, 0.96923077, 0.15384615,
       0.046153846, 0.16923077, 0.69230769, 0.24615385, 0.53846154,
       0.41538462, 0.67692308, 0.95384615, 0.6, 0.89230769, 0.58461538,
       0.092307692, 0.4, 0.10769231, 0.38461538, 0.61538462, 0.015384615,
       0.46153846, 0.72307692, 0.84615385, 0.33846154, 0.44615385,
       0.64615385, 0.66153846, 0.030769231, 0.23076923, 0.32307692,
       0.50769231, 0.13846154, 0.26153846, 0.63076923, 0.076923077,
       0.21538462, 0.70769231, 0.27692308, 0.78461538, 0.29230769]), 'tneg': array([ 9,  8,  5,  8, 10,  4,  8,  9,  5,  3,  5,  5,  9, 10,  9,  9,  9,
       10,  0,  2,  5,  0,  0,  3,  0,  9, 10,  0,  0,  0,  8,  1,  5,  4,
        7, 10,  5,  9,  5,  0,  3,  0,  3,  7,  0,  4,  8,  9,  3,  4,  7,
        7,  0,  1,  3,  5,  0,  1,  7,  0,  0,  8,  1,  8,  1]), 'fpos': array([ 1,  2,  5,  2,  0,  6,  2,  1,  5,  7,  5,  5,  1,  0,  1,  1,  1,
        0, 10,  8,  5, 10, 10,  7, 10,  1,  0, 10, 10, 10,  2,  9,  5,  6,
        3,  0,  5,  1,  5, 10,  7, 10,  7,  3, 10,  6,  2,  1,  7,  6,  3,
        3, 10,  9,  7,  5, 10,  9,  3, 10, 10,  2,  9,  2,  9]), 'threshold': [0.35379194728212071, 0.32405812948431706, 0.22909481887603628, 0.32134736476359921, 0.9156700844936998, 0.16243623796026901, 0.33763375950657937, 0.40310200575827798, 0.17685327758806055, 0.1376373499198694, 0.19145517608407028, 0.23417671934589535, 0.3917954803519616, 0.91883090012026858, 0.42949872302402503, 0.4759748237508199, 0.50060534022005965, 0.60613169708915549, 0.088549846184338171, 0.12532424768236752, 0.20398774801882638, 0.11097625289671634, 0.10778807392394778, 0.1393506792746326, 0.086377234375075912, 0.41736359660916961, 0.71749119316071219, 0.093279900421774267, 0.083972569966879282, 0.10223182287659226, 0.27963402960024469, 0.11578973624058032, 0.221080593716941, 0.15097634780728714, 0.26883611852502159, 0.61689039264313139, 0.2494436166270867, 0.46390218038051845, 0.23478838758696127, 0.086891411943043284, 0.14344162570875371, 0.087329075927449873, 0.14282553632631248, 0.26302473504192864, 0.065700126744557802, 0.16576201459618756, 0.30882691483184466, 0.40706846621329368, 0.13612346760190874, 0.16312718477559188, 0.26832970091224523, 0.26870471141734686, 0.069914374255167319, 0.11444451561902007, 0.13325990953405537, 0.20368725922497058, 0.090280473596840688, 0.11793203806138407, 0.26521993672595467, 0.086836946937316889, 0.11141724007988961, 0.28177786972582347, 0.12108165094414793, 0.34408226899448874, 0.12220306408500288], 'fneg': array([4, 4, 3, 4, 5, 2, 4, 4, 3, 0, 3, 3, 4, 5, 4, 4, 4, 4, 0, 0, 3, 0, 0,
       0, 0, 4, 4, 0, 0, 0, 4, 0, 3, 2, 4, 4, 4, 4, 3, 0, 1, 0, 1, 4, 0, 2,
       4, 4, 0, 2, 4, 4, 0, 0, 0, 3, 0, 0, 4, 0, 0, 4, 0, 4, 0]), 'sensitivity': array([1, 1, 1, 1, 1, 1, 1, 1, 1, 1, 1, 1, 1, 1, 1, 1, 1, 1, 1, 1, 1, 1, 1,
       1, 1, 1, 1, 1, 1, 1, 1, 1, 1, 1, 1, 1, 1, 1, 1, 1, 1, 1, 1, 1, 1, 1,
       1, 1, 1, 1, 1, 1, 1, 1, 1, 1, 1, 1, 1, 1, 1, 1, 1, 1, 1]), 'tpos': array([1, 1, 2, 1, 0, 3, 1, 1, 2, 5, 2, 2, 1, 0, 1, 1, 1, 1, 5, 5, 2, 5, 5,
       5, 5, 1, 1, 5, 5, 5, 1, 5, 2, 3, 1, 1, 1, 1, 2, 5, 4, 5, 4, 1, 5, 3,
       1, 1, 5, 3, 1, 1, 5, 5, 5, 2, 5, 5, 1, 5, 5, 1, 5, 1, 5])}], <Model object at 0x0000000000000708>)
#adalasso
([{'specificity': array([0.49206349, 0.85714286, 0.26984127, 0.52380952, 0.12698413,
       0.73015873, 0.53968254, 0.6031746, 0.88888889, 0.6984127,
       0.96825397, 0.95238095, 0.57142857, 0.68253968, 0.61904762,
       0.17460317, 0.047619048, 0.46031746, 0.44444444, 0.82539683,
       0.015873016, 0.031746032, 0.84126984, 0.66666667, 0.3015873,
       0.22222222, 0.77777778, 0.50793651, 0.55555556, 0.79365079,
       0.47619048, 0.93650794, 1.0, 0.98412698, 0.87301587, 0.20634921,
       0.15873016, 0.36507937, 0.28571429, 0.38095238, 0.80952381,
       0.34920635, 0.65079365, 0.31746032, 0.76190476, 0.3968254,
       0.74603175, 0.71428571, 0.079365079, 0.25396825, 0.095238095,
       0.42857143, 0.41269841, 0.14285714, 0.19047619, 0.33333333,
       0.92063492, 0.11111111, 0.063492063, 0.63492063, 0.9047619,
       0.58730159, 0.23809524]), 'tneg': array([ 4, 10,  3,  4,  3,  7,  4,  5, 10,  7, 12, 12,  5,  7,  5,  3,  1,
        4,  4, 10,  1,  1, 10,  6,  3,  3,  8,  4,  4,  8,  4, 11, 12, 12,
       10,  3,  3,  3,  3,  3, 10,  3,  6,  3,  8,  3,  8,  7,  1,  3,  1,
        4,  3,  3,  3,  3, 11,  1,  1,  6, 10,  5,  3]), 'fpos': array([ 8,  2,  9,  8,  9,  5,  8,  7,  2,  5,  0,  0,  7,  5,  7,  9, 11,
        8,  8,  2, 11, 11,  2,  6,  9,  9,  4,  8,  8,  4,  8,  1,  0,  0,
        2,  9,  9,  9,  9,  9,  2,  9,  6,  9,  4,  9,  4,  5, 11,  9, 11,
        8,  9,  9,  9,  9,  1, 11, 11,  6,  2,  7,  9]), 'threshold': [0.21187097321123991, 0.31998828359584897, 0.17309012168125434, 0.21526616633062193, 0.15868948436228658, 0.26304302152460768, 0.21669870662859522, 0.22572466584425074, 0.3463632130230947, 0.25268215367937491, 0.40335557022840829, 0.37784224896246449, 0.22254936570403361, 0.25217219776684424, 0.22979565689030726, 0.16185906316585053, 0.13407210351250692, 0.21013084217822661, 0.20562755673953659, 0.31362677698456165, 0.13174879990636557, 0.13379229781126603, 0.31550513590509655, 0.23523270620833409, 0.17558202232912526, 0.16709647441250372, 0.27498980550102964, 0.21477653787619405, 0.2188947652479907, 0.27935296618346828, 0.21144469037781311, 0.36504084638199863, 0.46204096849665649, 0.40629045166046229, 0.34141281144472241, 0.16520945812875792, 0.16110132203624936, 0.18780577946611185, 0.17320695468936517, 0.19194691165756142, 0.31257110299084762, 0.18630032972944771, 0.23282699273946284, 0.17778713516470607, 0.27340823229605282, 0.19273064389449957, 0.27259521900512096, 0.25493448641469757, 0.14198634535533705, 0.17093546441181956, 0.14363984870107446, 0.20548834741279984, 0.19577529887943357, 0.15908968044628652, 0.16245341661647419, 0.18550456612498739, 0.36478221219754481, 0.1476991230935143, 0.1416517725609531, 0.23075495488516895, 0.35312112623480313, 0.22553328984055376, 0.16712344326558579], 'fneg': array([1, 3, 0, 1, 0, 2, 1, 1, 3, 2, 5, 4, 1, 2, 1, 0, 0, 1, 1, 3, 0, 0, 3,
       1, 0, 0, 2, 1, 1, 2, 1, 4, 5, 5, 3, 0, 0, 0, 0, 0, 3, 0, 1, 0, 2, 0,
       2, 2, 0, 0, 0, 1, 0, 0, 0, 0, 4, 0, 0, 1, 4, 1, 0]), 'sensitivity': array([1, 1, 1, 1, 1, 1, 1, 1, 1, 1, 1, 1, 1, 1, 1, 1, 1, 1, 1, 1, 1, 1, 1,
       1, 1, 1, 1, 1, 1, 1, 1, 1, 1, 1, 1, 1, 1, 1, 1, 1, 1, 1, 1, 1, 1, 1,
       1, 1, 1, 1, 1, 1, 1, 1, 1, 1, 1, 1, 1, 1, 1, 1, 1]), 'tpos': array([4, 2, 5, 4, 5, 3, 4, 4, 2, 3, 0, 1, 4, 3, 4, 5, 5, 4, 4, 2, 5, 5, 2,
       4, 5, 5, 3, 4, 4, 3, 4, 1, 0, 0, 2, 5, 5, 5, 5, 5, 2, 5, 4, 5, 3, 5,
       3, 3, 5, 5, 5, 4, 5, 5, 5, 5, 1, 5, 5, 4, 1, 4, 5])}, {'specificity': array([0.71875, 0.859375, 0.90625, 0.953125, 0.984375, 0.34375, 0.765625,
       0.3125, 0.4375, 0.703125, 0.453125, 0.8125, 0.84375, 0.96875,
       0.78125, 0.875, 0.5, 0.53125, 0.375, 0.328125, 0.671875, 0.625,
       0.890625, 0.109375, 0.0625, 0.15625, 0.578125, 0.609375, 0.296875,
       0.359375, 0.5625, 0.640625, 0.921875, 0.9375, 1.0, 0.25, 0.140625,
       0.46875, 0.03125, 0.40625, 0.421875, 0.6875, 0.484375, 0.515625,
       0.75, 0.734375, 0.1875, 0.796875, 0.234375, 0.046875, 0.28125,
       0.09375, 0.171875, 0.078125, 0.203125, 0.65625, 0.015625, 0.59375,
       0.265625, 0.21875, 0.828125, 0.390625, 0.546875, 0.125]), 'tneg': array([ 9, 12, 12, 12, 12,  4,  9,  4,  6,  9,  6,  9, 10, 12,  9, 12,  6,
        6,  6,  4,  9,  7, 12,  2,  1,  2,  7,  7,  3,  5,  6,  9, 12, 12,
       12,  3,  2,  6,  0,  6,  6,  9,  6,  6,  9,  9,  3,  9,  3,  1,  3,
        2,  2,  1,  3,  9,  0,  7,  3,  3,  9,  6,  6,  2]), 'fpos': array([ 4,  1,  1,  1,  1,  9,  4,  9,  7,  4,  7,  4,  3,  1,  4,  1,  7,
        7,  7,  9,  4,  6,  1, 11, 12, 11,  6,  6, 10,  8,  7,  4,  1,  1,
        1, 10, 11,  7, 13,  7,  7,  4,  7,  7,  4,  4, 10,  4, 10, 12, 10,
       11, 11, 12, 10,  4, 13,  6, 10, 10,  4,  7,  7, 11]), 'threshold': [0.29333614836871286, 0.39580103889381296, 0.51163401826889232, 0.65728530857118683, 0.78276633409813257, 0.17467747335958547, 0.32089065564185232, 0.16758322800877679, 0.20091147595633196, 0.29300266830809635, 0.20300823439399954, 0.34196482770277659, 0.35973979116503385, 0.75447196750611611, 0.32418953404496215, 0.39601390850136897, 0.21568405756037312, 0.22960400553025956, 0.17702308029423239, 0.17137486405121155, 0.27135735880886364, 0.25620135644555964, 0.45217709671893774, 0.12590961988608518, 0.11425378705943025, 0.13087004848945735, 0.2470128172062192, 0.2493739818888483, 0.15838832725454322, 0.17535244010272397, 0.23936494242556625, 0.27074800059345683, 0.54901314158133174, 0.63384272211404213, 0.83122302271156712, 0.14158012662886799, 0.12990335715070059, 0.2046423776982737, 0.095644430470356437, 0.1984688405009912, 0.19895749903031865, 0.27564258955350124, 0.20746310424072553, 0.22101126097178878, 0.31357458762216306, 0.30786462453026142, 0.1357802673434825, 0.32994296006814022, 0.13890872674307911, 0.098978362559496408, 0.14915978491694235, 0.12313804127208036, 0.13092510735707438, 0.11948694413676092, 0.13660897398189964, 0.27097050782771259, 0.095287879508923007, 0.24734416929432029, 0.14777743732164678, 0.13679255901439189, 0.34564737250185423, 0.1932688716814952, 0.23015864772201228, 0.12907337095783819], 'fneg': array([2, 3, 3, 3, 3, 0, 3, 0, 0, 2, 0, 3, 3, 3, 3, 3, 1, 1, 0, 0, 2, 2, 3,
       0, 0, 0, 1, 2, 0, 0, 1, 2, 3, 3, 3, 0, 0, 0, 0, 0, 0, 2, 0, 1, 2, 2,
       0, 3, 0, 0, 0, 0, 0, 0, 0, 2, 0, 1, 0, 0, 3, 0, 1, 0]), 'sensitivity': array([1, 1, 1, 1, 1, 1, 1, 1, 1, 1, 1, 1, 1, 1, 1, 1, 1, 1, 1, 1, 1, 1, 1,
       1, 1, 1, 1, 1, 1, 1, 1, 1, 1, 1, 1, 1, 1, 1, 1, 1, 1, 1, 1, 1, 1, 1,
       1, 1, 1, 1, 1, 1, 1, 1, 1, 1, 1, 1, 1, 1, 1, 1, 1, 1]), 'tpos': array([1, 0, 0, 0, 0, 3, 0, 3, 3, 1, 3, 0, 0, 0, 0, 0, 2, 2, 3, 3, 1, 1, 0,
       3, 3, 3, 2, 1, 3, 3, 2, 1, 0, 0, 0, 3, 3, 3, 3, 3, 3, 1, 3, 2, 1, 1,
       3, 0, 3, 3, 3, 3, 3, 3, 3, 1, 3, 2, 3, 3, 0, 3, 2, 3])}, {'specificity': array([0.734375, 0.859375, 0.9375, 0.828125, 0.921875, 0.890625, 0.625,
       0.28125, 0.765625, 0.40625, 0.203125, 0.546875, 0.59375, 0.90625,
       0.84375, 0.703125, 0.78125, 0.265625, 0.3125, 0.109375, 0.53125,
       0.046875, 0.078125, 0.0625, 0.8125, 0.609375, 0.140625, 0.671875,
       0.296875, 0.34375, 0.21875, 0.75, 0.65625, 0.875, 0.953125, 1.0,
       0.984375, 0.96875, 0.796875, 0.375, 0.09375, 0.234375, 0.25,
       0.015625, 0.453125, 0.390625, 0.578125, 0.171875, 0.125, 0.4375,
       0.71875, 0.46875, 0.5, 0.328125, 0.03125, 0.359375, 0.1875, 0.6875,
       0.640625, 0.15625, 0.515625, 0.421875, 0.5625, 0.484375]), 'tneg': array([12, 12, 12, 12, 12, 12, 10,  6, 12,  8,  6,  8,  9, 12, 12, 11, 12,
        6,  7,  3,  8,  0,  0,  0, 12, 10,  3, 10,  7,  8,  6, 12, 10, 12,
       12, 13, 13, 12, 12,  8,  0,  6,  6,  0,  8,  8,  9,  6,  3,  8, 12,
        8,  8,  8,  0,  8,  6, 10, 10,  5,  8,  8,  8,  8]), 'fpos': array([ 1,  1,  1,  1,  1,  1,  3,  7,  1,  5,  7,  5,  4,  1,  1,  2,  1,
        7,  6, 10,  5, 13, 13, 13,  1,  3, 10,  3,  6,  5,  7,  1,  3,  1,
        1,  0,  0,  1,  1,  5, 13,  7,  7, 13,  5,  5,  4,  7, 10,  5,  1,
        5,  5,  5, 13,  5,  7,  3,  3,  8,  5,  5,  5,  5]), 'threshold': [0.30164859218604495, 0.42047750923078286, 0.6195987439304802, 0.39737600813295232, 0.59800594870133006, 0.4985048469230941, 0.2479230989193997, 0.16812943260392693, 0.35952028754616655, 0.20161349625960723, 0.15786424807807337, 0.22592863965194757, 0.23741342894195638, 0.56474445927707062, 0.39810444632008413, 0.28024714239879739, 0.36417112740959584, 0.16520701599975862, 0.1819502093392438, 0.13963068779926144, 0.22554465455874526, 0.12568313523559446, 0.12725008943230254, 0.12608113284394584, 0.39390569933500369, 0.243186766975025, 0.14490517146222312, 0.25299435486403848, 0.18187109365400864, 0.18597178315059376, 0.15969919147025843, 0.34767065717424195, 0.25186460833864638, 0.44505505244389776, 0.62431015248540433, 0.77528431845778523, 0.77027403750315349, 0.70201090868942873, 0.37943782375201385, 0.18626246622755946, 0.13371513990825693, 0.15987606621806363, 0.16315244927093897, 0.11638310795179695, 0.20583883621786356, 0.18904416547983974, 0.23632813366292868, 0.15547085014733161, 0.13980884475325617, 0.20500055949508245, 0.29132684026903127, 0.20957681681594129, 0.21895301088714023, 0.18557617627721854, 0.11893766196960598, 0.18616121058191487, 0.15759858745621447, 0.25850356494615201, 0.2510222066558635, 0.15195977025285049, 0.22189507908907033, 0.2034986724247051, 0.22804969274949372, 0.21407372407616138], 'fneg': array([2, 2, 3, 2, 3, 3, 0, 0, 2, 0, 0, 0, 0, 3, 2, 2, 2, 0, 0, 0, 0, 0, 0,
       0, 2, 0, 0, 1, 0, 0, 0, 2, 1, 2, 3, 3, 3, 3, 2, 0, 0, 0, 0, 0, 0, 0,
       0, 0, 0, 0, 2, 0, 0, 0, 0, 0, 0, 1, 0, 0, 0, 0, 0, 0]), 'sensitivity': array([1, 1, 1, 1, 1, 1, 1, 1, 1, 1, 1, 1, 1, 1, 1, 1, 1, 1, 1, 1, 1, 1, 1,
       1, 1, 1, 1, 1, 1, 1, 1, 1, 1, 1, 1, 1, 1, 1, 1, 1, 1, 1, 1, 1, 1, 1,
       1, 1, 1, 1, 1, 1, 1, 1, 1, 1, 1, 1, 1, 1, 1, 1, 1, 1]), 'tpos': array([1, 1, 0, 1, 0, 0, 3, 3, 1, 3, 3, 3, 3, 0, 1, 1, 1, 3, 3, 3, 3, 3, 3,
       3, 1, 3, 3, 2, 3, 3, 3, 1, 2, 1, 0, 0, 0, 0, 1, 3, 3, 3, 3, 3, 3, 3,
       3, 3, 3, 3, 1, 3, 3, 3, 3, 3, 3, 2, 3, 3, 3, 3, 3, 3])}, {'specificity': array([0.796875, 0.6875, 0.9375, 0.890625, 0.828125, 0.09375, 0.765625,
       0.40625, 0.5, 0.84375, 0.453125, 0.703125, 0.859375, 0.265625,
       0.59375, 0.546875, 0.671875, 0.0625, 0.75, 0.875, 0.140625,
       0.046875, 0.71875, 0.734375, 0.125, 0.640625, 0.65625, 0.5625,
       0.8125, 0.953125, 1.0, 0.96875, 0.921875, 0.90625, 0.296875,
       0.203125, 0.15625, 0.015625, 0.625, 0.609375, 0.4375, 0.359375,
       0.390625, 0.25, 0.78125, 0.078125, 0.53125, 0.171875, 0.234375,
       0.03125, 0.515625, 0.578125, 0.109375, 0.21875, 0.46875, 0.328125,
       0.484375, 0.3125, 0.34375, 0.984375, 0.28125, 0.375, 0.421875,
       0.1875]), 'tneg': array([8, 8, 8, 8, 8, 1, 8, 5, 7, 8, 6, 8, 8, 4, 7, 7, 8, 1, 8, 8, 2, 0, 8,
       8, 2, 8, 8, 7, 8, 8, 8, 8, 8, 8, 4, 4, 3, 0, 8, 8, 5, 4, 4, 4, 8, 1,
       7, 3, 4, 0, 7, 7, 1, 4, 6, 4, 7, 4, 4, 8, 4, 4, 5, 3]), 'fpos': array([0, 0, 0, 0, 0, 7, 0, 3, 1, 0, 2, 0, 0, 4, 1, 1, 0, 7, 0, 0, 6, 8, 0,
       0, 6, 0, 0, 1, 0, 0, 0, 0, 0, 0, 4, 4, 5, 8, 0, 0, 3, 4, 4, 4, 0, 7,
       1, 5, 4, 8, 1, 1, 7, 4, 2, 4, 1, 4, 4, 0, 4, 4, 3, 5]), 'threshold': [0.24338195693886872, 0.18117636716506333, 0.47076515925656315, 0.37610884770854702, 0.27691362599296537, 0.066559215439110572, 0.22749645324239939, 0.12295757250172383, 0.13781907303318261, 0.28723443954841188, 0.13426438724377188, 0.18456782448586792, 0.29902256039849728, 0.10328929715217135, 0.15332688123415311, 0.140377060772582, 0.17565553425337582, 0.065967954203560636, 0.21728197794866208, 0.32832449988927759, 0.076299452128740147, 0.062213243557396512, 0.20811316803661858, 0.20924628653759453, 0.074072917896177246, 0.17208865559907707, 0.17518523635796995, 0.14125497141337801, 0.25776982555818306, 0.51652749389577768, 0.62877136236915854, 0.52368639559488306, 0.45777381868074002, 0.39319181174891177, 0.10611709124399164, 0.093122953776210701, 0.082743502094401927, 0.045776228713248643, 0.16462289292515706, 0.16321204348009066, 0.12730236775342216, 0.11392242568111904, 0.11907781967796333, 0.099847483270021062, 0.24153676082157266, 0.066226278365355523, 0.14018785703124545, 0.085400536688246625, 0.097828111419426184, 0.054072151269134651, 0.1398544655645966, 0.14572566657334224, 0.070431917510602335, 0.097162728403834789, 0.13465920636543755, 0.10715312734600065, 0.13725448197449941, 0.10618104114923525, 0.10898293835494814, 0.60119431913047727, 0.10366291261815265, 0.11776828463663604, 0.12679142176103186, 0.088599400129957651], 'fneg': array([6, 5, 8, 8, 6, 0, 6, 3, 4, 6, 3, 6, 6, 1, 4, 4, 4, 0, 6, 6, 1, 0, 6,
       6, 1, 4, 4, 4, 6, 8, 8, 8, 8, 8, 1, 1, 1, 0, 4, 4, 3, 1, 3, 1, 6, 0,
       4, 1, 1, 0, 4, 4, 0, 1, 3, 1, 4, 1, 1, 8, 1, 3, 3, 1]), 'sensitivity': array([1, 1, 1, 1, 1, 1, 1, 1, 1, 1, 1, 1, 1, 1, 1, 1, 1, 1, 1, 1, 1, 1, 1,
       1, 1, 1, 1, 1, 1, 1, 1, 1, 1, 1, 1, 1, 1, 1, 1, 1, 1, 1, 1, 1, 1, 1,
       1, 1, 1, 1, 1, 1, 1, 1, 1, 1, 1, 1, 1, 1, 1, 1, 1, 1]), 'tpos': array([2, 3, 0, 0, 2, 8, 2, 5, 4, 2, 5, 2, 2, 7, 4, 4, 4, 8, 2, 2, 7, 8, 2,
       2, 7, 4, 4, 4, 2, 0, 0, 0, 0, 0, 7, 7, 7, 8, 4, 4, 5, 7, 5, 7, 2, 8,
       4, 7, 7, 8, 4, 4, 8, 7, 5, 7, 4, 7, 7, 0, 7, 5, 5, 7])}, {'specificity': array([0.8, 0.58461538, 0.89230769, 0.92307692, 0.96923077, 0.93846154,
       0.23076923, 0.75384615, 0.24615385, 0.78461538, 0.33846154, 0.4,
       0.76923077, 0.49230769, 0.73846154, 0.72307692, 0.98461538,
       0.86153846, 0.81538462, 0.44615385, 0.63076923, 0.66153846,
       0.52307692, 0.90769231, 0.046153846, 0.030769231, 0.84615385,
       0.18461538, 0.46153846, 0.26153846, 0.29230769, 0.36923077,
       0.69230769, 0.50769231, 0.95384615, 1.0, 0.83076923, 0.061538462,
       0.16923077, 0.32307692, 0.55384615, 0.43076923, 0.41538462,
       0.30769231, 0.6, 0.13846154, 0.70769231, 0.64615385, 0.56923077,
       0.21538462, 0.67692308, 0.10769231, 0.12307692, 0.092307692,
       0.53846154, 0.15384615, 0.015384615, 0.61538462, 0.2, 0.38461538,
       0.87692308, 0.35384615, 0.47692308, 0.27692308, 0.076923077]), 'tneg': array([11,  9, 13, 13, 13, 13,  5, 10,  5, 11,  6,  6, 10,  8, 10, 10, 13,
       13, 12,  7,  9, 10,  8, 13,  2,  2, 13,  5,  8,  5,  5,  6, 10,  8,
       13, 13, 12,  2,  4,  6,  8,  6,  6,  6,  9,  3, 10, 10,  8,  5, 10,
        3,  3,  2,  8,  4,  0,  9,  5,  6, 13,  6,  8,  5,  2]), 'fpos': array([ 2,  4,  0,  0,  0,  0,  8,  3,  8,  2,  7,  7,  3,  5,  3,  3,  0,
        0,  1,  6,  4,  3,  5,  0, 11, 11,  0,  8,  5,  8,  8,  7,  3,  5,
        0,  0,  1, 11,  9,  7,  5,  7,  7,  7,  4, 10,  3,  3,  5,  8,  3,
       10, 10, 11,  5,  9, 13,  4,  8,  7,  0,  7,  5,  8, 11]), 'threshold': [0.33653633267817146, 0.24587312059782815, 0.47846572498733742, 0.48902846177553982, 0.61323428754115417, 0.5196048829982568, 0.18398104778287891, 0.29220929196520551, 0.18530290951302852, 0.32041032130475638, 0.20152034163767316, 0.20901371348448325, 0.29938880921075134, 0.23827607277638888, 0.29018344903619525, 0.27796399519908216, 0.6140600056427945, 0.41792709100639852, 0.37900357508055632, 0.21634973738685775, 0.24977918491697748, 0.26146803152319892, 0.23949665351354466, 0.48748030147840032, 0.15231009032320605, 0.14618614177143516, 0.39883376003770138, 0.1792772827804241, 0.22421135590809951, 0.18982986640732233, 0.19531772218467097, 0.20547016786855363, 0.26999732048411518, 0.23871884586958062, 0.61281529346331154, 0.72373287735615222, 0.39183379399771268, 0.15551954363638157, 0.17103128645713256, 0.19864956924534757, 0.24065062629695086, 0.21376200451092497, 0.21315696912871279, 0.19860162972665513, 0.24821064463928047, 0.16489062628967366, 0.27698133677116155, 0.25937511075514003, 0.24319293741452347, 0.18338343598519324, 0.26862957435327622, 0.16223206520181768, 0.16422583869295074, 0.15635483859705768, 0.24064374724684154, 0.16643793194641682, 0.13728479432866431, 0.24936370960964224, 0.18102960362486509, 0.20703676376996558, 0.47628668576815236, 0.20477909603082015, 0.2247614390269872, 0.19254834048209368, 0.15563808747869687], 'fneg': array([0, 0, 0, 0, 1, 0, 0, 0, 0, 0, 0, 0, 0, 0, 0, 0, 1, 0, 0, 0, 0, 0, 0,
       0, 0, 0, 0, 0, 0, 0, 0, 0, 0, 0, 1, 1, 0, 0, 0, 0, 0, 0, 0, 0, 0, 0,
       0, 0, 0, 0, 0, 0, 0, 0, 0, 0, 0, 0, 0, 0, 0, 0, 0, 0, 0]), 'sensitivity': array([1, 1, 1, 1, 1, 1, 1, 1, 1, 1, 1, 1, 1, 1, 1, 1, 1, 1, 1, 1, 1, 1, 1,
       1, 1, 1, 1, 1, 1, 1, 1, 1, 1, 1, 1, 1, 1, 1, 1, 1, 1, 1, 1, 1, 1, 1,
       1, 1, 1, 1, 1, 1, 1, 1, 1, 1, 1, 1, 1, 1, 1, 1, 1, 1, 1]), 'tpos': array([2, 2, 2, 2, 1, 2, 2, 2, 2, 2, 2, 2, 2, 2, 2, 2, 1, 2, 2, 2, 2, 2, 2,
       2, 2, 2, 2, 2, 2, 2, 2, 2, 2, 2, 1, 1, 2, 2, 2, 2, 2, 2, 2, 2, 2, 2,
       2, 2, 2, 2, 2, 2, 2, 2, 2, 2, 2, 2, 2, 2, 2, 2, 2, 2, 2])}], <Model object at 0x0000000000000A34>)
#adalasso
([{'specificity': array([0.95238095, 0.73015873, 0.98412698, 0.047619048, 0.28571429,
       0.85714286, 0.50793651, 0.80952381, 0.41269841, 0.33333333,
       0.49206349, 0.74603175, 0.77777778, 0.66666667, 1.0, 0.87301587,
       0.92063492, 0.82539683, 0.65079365, 0.38095238, 0.84126984,
       0.61904762, 0.55555556, 0.96825397, 0.3968254, 0.26984127,
       0.11111111, 0.34920635, 0.63492063, 0.23809524, 0.42857143,
       0.71428571, 0.44444444, 0.079365079, 0.9047619, 0.095238095,
       0.88888889, 0.6031746, 0.20634921, 0.79365079, 0.19047619,
       0.063492063, 0.57142857, 0.6984127, 0.31746032, 0.93650794,
       0.25396825, 0.68253968, 0.52380952, 0.3015873, 0.36507937,
       0.46031746, 0.22222222, 0.15873016, 0.53968254, 0.17460317,
       0.76190476, 0.58730159, 0.47619048, 0.031746032, 0.14285714,
       0.12698413, 0.015873016]), 'tneg': array([12,  8, 12,  0,  3, 12,  4,  8,  4,  3,  4,  8,  8,  7, 12, 12, 12,
       11,  6,  4, 12,  4,  4, 12,  4,  3,  1,  3,  5,  3,  4,  8,  4,  0,
       12,  0, 12,  4,  3,  8,  3,  0,  4,  8,  3, 12,  3,  8,  4,  3,  4,
        4,  3,  3,  4,  3,  8,  4,  4,  0,  1,  1,  0]), 'fpos': array([ 0,  4,  0, 12,  9,  0,  8,  4,  8,  9,  8,  4,  4,  5,  0,  0,  0,
        1,  6,  8,  0,  8,  8,  0,  8,  9, 11,  9,  7,  9,  8,  4,  8, 12,
        0, 12,  0,  8,  9,  4,  9, 12,  8,  4,  9,  0,  9,  4,  8,  9,  8,
        8,  9,  9,  8,  9,  4,  8,  8, 12, 11, 11, 12]), 'threshold': [0.62906306525108213, 0.27705885925858326, 0.74076413540110408, 0.060423502108896687, 0.10097249472181327, 0.45765121048127688, 0.13585917105515921, 0.34858030151165653, 0.12135456509554647, 0.1128687775418725, 0.12774315149987897, 0.28089076988228812, 0.30765868517288641, 0.20790330876671345, 0.92771806671338408, 0.470274647467189, 0.56266810757327967, 0.38550128914639031, 0.1995696233593415, 0.11586357298485946, 0.43552188010591814, 0.17615103990927844, 0.14280481376327536, 0.63529972361633025, 0.1185017137433753, 0.09897037210309878, 0.068585769612004424, 0.11297976690352098, 0.18359527128381814, 0.091934266720252927, 0.121866169307386, 0.24739533309161738, 0.12200567181479247, 0.062306847552257252, 0.53946536353480545, 0.063517046932621696, 0.50019012360479442, 0.16334462168543174, 0.083233399807889685, 0.34532881667270521, 0.082516278594690906, 0.062240709584720728, 0.14598712629262187, 0.24430981269123286, 0.11273104606893648, 0.58232783356165063, 0.096414047605552153, 0.22049370887140979, 0.13971034877081034, 0.10960766121827027, 0.11579079184003499, 0.12328863547943232, 0.08742879653018068, 0.072687373163667884, 0.14102180468955539, 0.073960838147292707, 0.30622797337573848, 0.15195535867616186, 0.12427974572714771, 0.056780218364454974, 0.069237312700353257, 0.068863753350709683, 0.051863899147997855], 'fneg': array([4, 2, 4, 0, 0, 3, 1, 3, 1, 0, 1, 2, 3, 2, 5, 3, 3, 3, 2, 0, 3, 2, 1,
       4, 1, 0, 0, 0, 2, 0, 1, 2, 1, 0, 3, 0, 3, 2, 0, 3, 0, 0, 1, 2, 0, 4,
       0, 2, 1, 0, 0, 1, 0, 0, 1, 0, 3, 1, 1, 0, 0, 0, 0]), 'sensitivity': array([1, 1, 1, 1, 1, 1, 1, 1, 1, 1, 1, 1, 1, 1, 1, 1, 1, 1, 1, 1, 1, 1, 1,
       1, 1, 1, 1, 1, 1, 1, 1, 1, 1, 1, 1, 1, 1, 1, 1, 1, 1, 1, 1, 1, 1, 1,
       1, 1, 1, 1, 1, 1, 1, 1, 1, 1, 1, 1, 1, 1, 1, 1, 1]), 'tpos': array([1, 3, 1, 5, 5, 2, 4, 2, 4, 5, 4, 3, 2, 3, 0, 2, 2, 2, 3, 5, 2, 3, 4,
       1, 4, 5, 5, 5, 3, 5, 4, 3, 4, 5, 2, 5, 2, 3, 5, 2, 5, 5, 4, 3, 5, 1,
       5, 3, 4, 5, 5, 4, 5, 5, 4, 5, 2, 4, 4, 5, 5, 5, 5])}, {'specificity': array([0.75, 0.96875, 0.15625, 0.875, 0.4375, 0.921875, 0.296875, 0.78125,
       0.515625, 0.65625, 0.59375, 0.890625, 0.984375, 0.828125, 0.84375,
       0.90625, 0.234375, 0.375, 0.265625, 0.25, 0.625, 0.9375, 0.125,
       0.140625, 0.09375, 0.359375, 0.21875, 0.609375, 0.484375, 0.390625,
       0.453125, 0.734375, 0.953125, 1.0, 0.640625, 0.8125, 0.40625,
       0.53125, 0.03125, 0.34375, 0.015625, 0.6875, 0.203125, 0.421875,
       0.046875, 0.5625, 0.703125, 0.765625, 0.671875, 0.328125, 0.3125,
       0.1875, 0.578125, 0.171875, 0.109375, 0.71875, 0.859375, 0.28125,
       0.078125, 0.796875, 0.46875, 0.5, 0.546875, 0.0625]), 'tneg': array([0, 0, 0, 0, 0, 0, 0, 0, 0, 0, 0, 0, 0, 0, 0, 0, 0, 0, 0, 0, 0, 0, 0,
       0, 0, 0, 0, 0, 0, 0, 0, 0, 0, 0, 0, 0, 0, 0, 0, 0, 0, 0, 0, 0, 0, 0,
       0, 0, 0, 0, 0, 0, 0, 0, 0, 0, 0, 0, 0, 0, 0, 0, 0, 0]), 'fpos': array([12, 12, 12, 12, 12, 12, 12, 12, 12, 12, 12, 12, 12, 12, 12, 12, 12,
       12, 12, 12, 12, 12, 12, 12, 12, 12, 12, 12, 12, 12, 12, 12, 12, 12,
       12, 12, 12, 12, 12, 12, 12, 12, 12, 12, 12, 12, 12, 12, 12, 12, 12,
       12, 12, 12, 12, 12, 12, 12, 12, 12, 12, 12, 12, 12]), 'threshold': [0.31258765172635611, 0.95273640351491018, 0.040947178595722535, 0.6313536146453359, 0.093238107384629607, 0.72975481979132872, 0.057670574391173859, 0.36683064427025447, 0.11236135550878955, 0.19214084872081283, 0.17790649471900807, 0.67526201644438433, 0.9864370067274516, 0.41502479130263331, 0.4839569167962493, 0.68362392478986744, 0.051570978219163129, 0.066367754143555738, 0.055538669646024386, 0.051868609242049557, 0.18524407076829513, 0.76623908129821339, 0.038862727614692914, 0.040355294760775581, 0.03420576102302219, 0.06438996645519994, 0.05118130274743253, 0.18164484712317305, 0.10351150587869204, 0.066795297621331004, 0.10151365494636283, 0.30414519515227223, 0.87699251526053956, 0.99313311358892697, 0.18867086878146724, 0.40825246321370523, 0.080145970319607629, 0.12430676475015601, 0.020276712433765762, 0.063568545767032122, 0.019085776494015192, 0.22250333419910207, 0.047382500308898394, 0.08779351600260045, 0.020985593952194199, 0.14080251379566319, 0.23292365611937785, 0.32006125726133361, 0.19986500359771489, 0.060435646749659323, 0.058645696253083031, 0.045796227808321294, 0.1435222105300297, 0.040987606266521127, 0.035622716536579592, 0.25776036642844918, 0.53032460812242621, 0.057021390857788921, 0.030850545798869516, 0.38671435233203283, 0.10341453447094659, 0.10617709373784506, 0.12594887478266881, 0.030016366032646895], 'fneg': array([0, 0, 0, 0, 0, 0, 0, 0, 0, 0, 0, 0, 0, 0, 0, 0, 0, 0, 0, 0, 0, 0, 0,
       0, 0, 0, 0, 0, 0, 0, 0, 0, 0, 0, 0, 0, 0, 0, 0, 0, 0, 0, 0, 0, 0, 0,
       0, 0, 0, 0, 0, 0, 0, 0, 0, 0, 0, 0, 0, 0, 0, 0, 0, 0]), 'sensitivity': array([1, 1, 1, 1, 1, 1, 1, 1, 1, 1, 1, 1, 1, 1, 1, 1, 1, 1, 1, 1, 1, 1, 1,
       1, 1, 1, 1, 1, 1, 1, 1, 1, 1, 1, 1, 1, 1, 1, 1, 1, 1, 1, 1, 1, 1, 1,
       1, 1, 1, 1, 1, 1, 1, 1, 1, 1, 1, 1, 1, 1, 1, 1, 1, 1]), 'tpos': array([4, 4, 4, 4, 4, 4, 4, 4, 4, 4, 4, 4, 4, 4, 4, 4, 4, 4, 4, 4, 4, 4, 4,
       4, 4, 4, 4, 4, 4, 4, 4, 4, 4, 4, 4, 4, 4, 4, 4, 4, 4, 4, 4, 4, 4, 4,
       4, 4, 4, 4, 4, 4, 4, 4, 4, 4, 4, 4, 4, 4, 4, 4, 4, 4])}, {'specificity': array([0.96875, 0.984375, 0.140625, 0.375, 0.90625, 0.484375, 0.453125,
       0.5, 0.890625, 0.359375, 0.59375, 0.625, 0.796875, 0.84375,
       0.734375, 0.921875, 0.78125, 0.609375, 0.765625, 0.703125, 0.875,
       0.9375, 0.578125, 0.65625, 0.515625, 0.640625, 0.109375, 0.171875,
       0.25, 0.671875, 0.3125, 0.953125, 1.0, 0.859375, 0.015625, 0.296875,
       0.1875, 0.0625, 0.21875, 0.046875, 0.71875, 0.8125, 0.265625,
       0.40625, 0.6875, 0.46875, 0.828125, 0.15625, 0.546875, 0.5625,
       0.203125, 0.078125, 0.28125, 0.34375, 0.390625, 0.75, 0.328125,
       0.53125, 0.421875, 0.4375, 0.09375, 0.125, 0.234375, 0.03125]), 'tneg': array([0, 0, 0, 0, 0, 0, 0, 0, 0, 0, 0, 0, 0, 0, 0, 0, 0, 0, 0, 0, 0, 0, 0,
       0, 0, 0, 0, 0, 0, 0, 0, 0, 0, 0, 0, 0, 0, 0, 0, 0, 0, 0, 0, 0, 0, 0,
       0, 0, 0, 0, 0, 0, 0, 0, 0, 0, 0, 0, 0, 0, 0, 0, 0, 0]), 'fpos': array([13, 13, 13, 13, 13, 13, 13, 13, 13, 13, 13, 13, 13, 13, 13, 13, 13,
       13, 13, 13, 13, 13, 13, 13, 13, 13, 13, 13, 13, 13, 13, 13, 13, 13,
       13, 13, 13, 13, 13, 13, 13, 13, 13, 13, 13, 13, 13, 13, 13, 13, 13,
       13, 13, 13, 13, 13, 13, 13, 13, 13, 13, 13, 13, 13]), 'threshold': [0.78075016787657214, 0.8022415158589945, 0.074751318549259746, 0.12640192485448643, 0.5241645596619916, 0.15976070437103979, 0.1524130728113815, 0.16836000513864535, 0.50716899715139052, 0.12045722834150845, 0.21825475994277382, 0.23752417073712676, 0.37996230852633328, 0.42437760416655695, 0.30710510172428912, 0.5315710854552067, 0.34961444034283667, 0.23325856768316711, 0.32756401815359365, 0.27245491835297836, 0.46028199440791018, 0.59090734474813889, 0.20240846718043773, 0.24442791091031274, 0.17452544147381049, 0.24344983707216097, 0.069579883906064247, 0.077183534786137681, 0.097071756867963988, 0.26490234070159735, 0.10620687337778206, 0.7165713384974286, 0.88803092849199217, 0.45666439919387797, 0.038441210610528194, 0.10499778256226419, 0.077563919378338744, 0.057153744828111502, 0.083575332847227984, 0.040834038999743513, 0.27971298289918817, 0.41280728808843664, 0.10230985657434155, 0.12954117576019125, 0.27215881543098175, 0.15548229660957214, 0.42354610368473844, 0.07683033681026985, 0.19341860787372334, 0.19903211529460471, 0.080757251480883988, 0.058662002179530326, 0.10422966675086873, 0.11894592388295031, 0.12660975893219512, 0.31868521959518431, 0.11790540763091077, 0.18207549136627038, 0.12958140642196736, 0.14040844439600117, 0.061909619875140279, 0.070102990296036491, 0.084379484892372139, 0.038969126231178063], 'fneg': array([0, 0, 0, 0, 0, 0, 0, 0, 0, 0, 0, 0, 0, 0, 0, 0, 0, 0, 0, 0, 0, 0, 0,
       0, 0, 0, 0, 0, 0, 0, 0, 0, 0, 0, 0, 0, 0, 0, 0, 0, 0, 0, 0, 0, 0, 0,
       0, 0, 0, 0, 0, 0, 0, 0, 0, 0, 0, 0, 0, 0, 0, 0, 0, 0]), 'sensitivity': array([1, 1, 1, 1, 1, 1, 1, 1, 1, 1, 1, 1, 1, 1, 1, 1, 1, 1, 1, 1, 1, 1, 1,
       1, 1, 1, 1, 1, 1, 1, 1, 1, 1, 1, 1, 1, 1, 1, 1, 1, 1, 1, 1, 1, 1, 1,
       1, 1, 1, 1, 1, 1, 1, 1, 1, 1, 1, 1, 1, 1, 1, 1, 1, 1]), 'tpos': array([3, 3, 3, 3, 3, 3, 3, 3, 3, 3, 3, 3, 3, 3, 3, 3, 3, 3, 3, 3, 3, 3, 3,
       3, 3, 3, 3, 3, 3, 3, 3, 3, 3, 3, 3, 3, 3, 3, 3, 3, 3, 3, 3, 3, 3, 3,
       3, 3, 3, 3, 3, 3, 3, 3, 3, 3, 3, 3, 3, 3, 3, 3, 3, 3])}, {'specificity': array([1.0, 0.96875, 0.875, 0.09375, 0.078125, 0.796875, 0.421875,
       0.890625, 0.8125, 0.6875, 0.59375, 0.984375, 0.109375, 0.3125,
       0.734375, 0.40625, 0.65625, 0.625, 0.75, 0.328125, 0.234375,
       0.203125, 0.765625, 0.34375, 0.359375, 0.671875, 0.828125, 0.578125,
       0.46875, 0.609375, 0.25, 0.90625, 0.953125, 0.9375, 0.15625,
       0.921875, 0.5625, 0.03125, 0.1875, 0.015625, 0.71875, 0.78125,
       0.21875, 0.515625, 0.296875, 0.859375, 0.0625, 0.546875, 0.53125,
       0.140625, 0.5, 0.484375, 0.28125, 0.265625, 0.453125, 0.84375,
       0.390625, 0.125, 0.640625, 0.171875, 0.703125, 0.4375, 0.375,
       0.046875]), 'tneg': array([11, 11, 10,  2,  2,  7,  5, 11,  7,  7,  7, 11,  2,  3,  7,  5,  7,
        7,  7,  3,  3,  3,  7,  3,  3,  7,  9,  7,  6,  7,  3, 11, 11, 11,
        2, 11,  6,  0,  3,  0,  7,  7,  3,  6,  3,  9,  2,  6,  6,  2,  6,
        6,  3,  3,  5,  9,  5,  2,  7,  2,  7,  5,  4,  1]), 'fpos': array([ 0,  0,  1,  9,  9,  4,  6,  0,  4,  4,  4,  0,  9,  8,  4,  6,  4,
        4,  4,  8,  8,  8,  4,  8,  8,  4,  2,  4,  5,  4,  8,  0,  0,  0,
        9,  0,  5, 11,  8, 11,  4,  4,  8,  5,  8,  2,  9,  5,  5,  9,  5,
        5,  8,  8,  6,  2,  6,  9,  4,  9,  4,  6,  7, 10]), 'threshold': [0.74415720304174227, 0.60800141237285776, 0.43605359150893891, 0.081814159662116831, 0.080749600485867337, 0.27815877453724486, 0.11992549380890964, 0.46876891150550087, 0.2844683368309377, 0.21409352274438212, 0.15455720984972737, 0.67115905234044215, 0.083671979863555734, 0.10179021257701422, 0.24050011766478249, 0.11894787375918987, 0.19078621614746968, 0.16647833989720359, 0.24207544965853434, 0.1027255477198871, 0.092540428631993729, 0.091046114771445141, 0.25071361871869724, 0.10626701421941509, 0.10664107412010959, 0.19415733639559785, 0.33208837358508381, 0.14622631406542669, 0.12866758593043862, 0.16118523880017191, 0.093841115847356868, 0.50725465149598659, 0.55917801042826298, 0.53325254255204702, 0.087238731007875214, 0.51845235890438357, 0.14496287572812813, 0.076158735511391545, 0.090978976473918768, 0.072608097310871991, 0.22323084793280737, 0.26489407669978227, 0.091312176886736304, 0.13425655175404599, 0.098881372666575179, 0.39290730155651715, 0.080164373108128836, 0.13512605768483482, 0.13502152034786794, 0.086916224255969662, 0.13172287934840427, 0.1306670576779867, 0.097692081661535743, 0.096722260267233101, 0.12735930773768125, 0.33299247027507622, 0.1147114175709133, 0.084941848413008406, 0.170653589060516, 0.087401758814559291, 0.22288698560022485, 0.12069473027051714, 0.1120557351620211, 0.078915689045885445], 'fneg': array([5, 5, 4, 0, 0, 4, 1, 4, 4, 3, 2, 5, 0, 1, 3, 1, 3, 2, 4, 1, 1, 1, 4,
       1, 1, 3, 4, 1, 1, 2, 1, 5, 5, 5, 1, 5, 1, 0, 1, 0, 3, 4, 1, 1, 1, 4,
       0, 1, 1, 1, 1, 1, 1, 1, 1, 4, 1, 0, 2, 1, 3, 1, 1, 0]), 'sensitivity': array([1, 1, 1, 1, 1, 1, 1, 1, 1, 1, 1, 1, 1, 1, 1, 1, 1, 1, 1, 1, 1, 1, 1,
       1, 1, 1, 1, 1, 1, 1, 1, 1, 1, 1, 1, 1, 1, 1, 1, 1, 1, 1, 1, 1, 1, 1,
       1, 1, 1, 1, 1, 1, 1, 1, 1, 1, 1, 1, 1, 1, 1, 1, 1, 1]), 'tpos': array([0, 0, 1, 5, 5, 1, 4, 1, 1, 2, 3, 0, 5, 4, 2, 4, 2, 3, 1, 4, 4, 4, 1,
       4, 4, 2, 1, 4, 4, 3, 4, 0, 0, 0, 4, 0, 4, 5, 4, 5, 2, 1, 4, 4, 4, 1,
       5, 4, 4, 4, 4, 4, 4, 4, 4, 1, 4, 5, 3, 4, 2, 4, 4, 5])}, {'specificity': array([0.95384615, 0.76923077, 0.30769231, 0.83076923, 0.4, 0.92307692,
       0.50769231, 0.27692308, 0.89230769, 0.44615385, 0.47692308,
       0.52307692, 0.70769231, 0.96923077, 0.86153846, 0.93846154,
       0.75384615, 0.55384615, 0.43076923, 0.84615385, 0.69230769,
       0.53846154, 0.33846154, 0.73846154, 0.90769231, 0.38461538,
       0.15384615, 0.13846154, 0.49230769, 0.61538462, 0.36923077, 0.6,
       0.092307692, 0.10769231, 0.81538462, 0.35384615, 1.0, 0.98461538,
       0.8, 0.87692308, 0.41538462, 0.061538462, 0.16923077, 0.015384615,
       0.72307692, 0.66153846, 0.21538462, 0.12307692, 0.23076923,
       0.46153846, 0.63076923, 0.78461538, 0.076923077, 0.64615385,
       0.046153846, 0.32307692, 0.56923077, 0.26153846, 0.2, 0.58461538,
       0.67692308, 0.18461538, 0.29230769, 0.24615385, 0.030769231]), 'tneg': array([13, 12,  4, 13,  6, 13,  9,  3, 13,  9,  9, 10, 11, 13, 13, 13, 11,
       10,  8, 13, 11, 10,  4, 11, 13,  5,  2,  2,  9, 10,  4, 10,  2,  2,
       13,  4, 13, 13, 12, 13,  8,  2,  2,  0, 11, 11,  2,  2,  3,  9, 10,
       12,  2, 11,  2,  4, 10,  3,  2, 10, 11,  2,  3,  3,  1]), 'fpos': array([ 0,  1,  9,  0,  7,  0,  4, 10,  0,  4,  4,  3,  2,  0,  0,  0,  2,
        3,  5,  0,  2,  3,  9,  2,  0,  8, 11, 11,  4,  3,  9,  3, 11, 11,
        0,  9,  0,  0,  1,  0,  5, 11, 11, 13,  2,  2, 11, 11, 10,  4,  3,
        1, 11,  2, 11,  9,  3, 10, 11,  3,  2, 11, 10, 10, 12]), 'threshold': [0.75462179290951326, 0.38101720067429529, 0.098494786378676272, 0.42047594237850733, 0.12793967817568319, 0.57956676747369995, 0.16182431646132112, 0.082178076120478283, 0.48213859230777933, 0.14914953250622978, 0.15462351434236216, 0.18552778733127678, 0.30915705740082949, 0.88069076746331143, 0.43658867319637285, 0.73817926255779198, 0.35429720830142791, 0.21560979277403297, 0.14436713501649318, 0.42087797166598373, 0.30792545220581646, 0.19544690169425258, 0.10436875514621467, 0.31827724374653699, 0.57321646828866091, 0.11835774286291871, 0.061722937975264791, 0.057231797874488996, 0.16024883133150214, 0.23658783345235526, 0.10817582752336875, 0.23523612159143326, 0.051480651717924077, 0.052590773946961197, 0.41456295715766389, 0.10499405637557321, 0.96876172833418661, 0.92015212795872281, 0.39572752834953007, 0.44590828466019194, 0.13618929174428515, 0.046711219584652679, 0.062101087835090205, 0.028780758274852294, 0.31110468773916261, 0.28608199924082994, 0.069003219883575953, 0.056749848050313766, 0.076601761502732291, 0.15285719692479843, 0.26391203430274279, 0.39417786343675359, 0.05049200625375326, 0.26962547655577374, 0.039730251015854923, 0.10435716422605855, 0.2250473757997743, 0.0805675994494119, 0.063450547989062814, 0.2251739293218791, 0.30393105843459089, 0.062788134356393924, 0.086341707674745097, 0.076809537028856498, 0.037324783370224712], 'fneg': array([2, 1, 0, 1, 0, 1, 1, 0, 1, 1, 1, 1, 1, 2, 1, 1, 1, 1, 1, 1, 1, 1, 0,
       1, 1, 0, 0, 0, 1, 1, 0, 1, 0, 0, 1, 0, 2, 2, 1, 1, 0, 0, 0, 0, 1, 1,
       0, 0, 0, 1, 1, 1, 0, 1, 0, 0, 1, 0, 0, 1, 1, 0, 0, 0, 0]), 'sensitivity': array([1, 1, 1, 1, 1, 1, 1, 1, 1, 1, 1, 1, 1, 1, 1, 1, 1, 1, 1, 1, 1, 1, 1,
       1, 1, 1, 1, 1, 1, 1, 1, 1, 1, 1, 1, 1, 1, 1, 1, 1, 1, 1, 1, 1, 1, 1,
       1, 1, 1, 1, 1, 1, 1, 1, 1, 1, 1, 1, 1, 1, 1, 1, 1, 1, 1]), 'tpos': array([0, 1, 2, 1, 2, 1, 1, 2, 1, 1, 1, 1, 1, 0, 1, 1, 1, 1, 1, 1, 1, 1, 2,
       1, 1, 2, 2, 2, 1, 1, 2, 1, 2, 2, 1, 2, 0, 0, 1, 1, 2, 2, 2, 2, 1, 1,
       2, 2, 2, 1, 1, 1, 2, 1, 2, 2, 1, 2, 2, 1, 1, 2, 2, 2, 2])}], <Model object at 0x0000000000000D60>)
