# fold = 1
# threshold = -0.35900317733
# requested specificity = 0.977777777778
# actual training-set specificity = 0.965517241379
# tpos = 2
# tneg = 15
# fpos = 1
# fneg = 3
# raw predictions:
[-0.34165223 -0.377532 -0.50611255 -0.061318908 -0.40185394 -0.78844478
 -1.0043943 -0.58480887 -1.0162783 -1.3589615 -0.89087971 0.35388793
 -1.3888985 -0.90815593 -0.69547297 -1.2008124 -0.59787093 -1.1422002
 -1.0790191 -0.81406819 -0.930882]
# truth:
[2.5779511 2.4350476 2.5880475 3.3837436 2.1580608 2.2000293 0.79934055
 1.6042261 1.687529 1.3579348 1.382017 2.0674428 1.9020029 2.3380579
 1.6866363 0.30103 1.948413 2.6887757 2.1195858 1.666518 1.5263393]
# fold = 2
# threshold = -0.366502180484
# requested specificity = 0.978260869565
# actual training-set specificity = 0.965517241379
# tpos = 2
# tneg = 14
# fpos = 2
# fneg = 2
# raw predictions:
[-0.156786 -0.48790842 -0.69559902 -0.13265669 -0.83012209 -0.89989482
 -1.0326304 -0.22683875 -0.67413582 0.24536097 -0.64948679 -1.1637372
 -1.2000913 -1.0835511 -1.0395808 -0.66975925 -0.76788172 -1.182962
 -0.66121682 -1.1950812]
# truth:
[2.5375673 1.8469553 2.4834446 1.5263393 2.1804126 1.6532125 1.1430148
 2.2671717 1.7024305 2.9914033 1.4593925 1.3483049 1.3710679 1.9355073
 2.1433271 2.6190933 1.8000294 0.30103 0.49136169 0.0]
# fold = 3
# threshold = -0.713308551974
# requested specificity = 0.95652173913
# actual training-set specificity = 0.95
# tpos = 3
# tneg = 13
# fpos = 1
# fneg = 3
# raw predictions:
[-0.036537156 -0.015189407 -1.1927425 -0.83522188 -1.2096743 -0.68406414
 -1.2426767 -1.0133592 -0.35618193 -1.2419537 -1.2698747 -0.87114659
 -1.1304576 -1.2386303 -1.3919792 -1.0382303 -1.2244173 -1.3985191
 -0.95607814 -1.5371813]
# truth:
[2.5366847 2.286681 1.5717088 0.30103 1.1172713 2.6134189 2.1664301
 2.512551 3.3837436 2.0318123 1.8469553 3.3837436 3.3837436 2.1598678
 0.61278386 1.5786392 1.9703469 0.70757018 1.1271048 1.5024271]
# fold = 4
# threshold = -0.572844746545
# requested specificity = 0.978723404255
# actual training-set specificity = 0.966101694915
# tpos = 2
# tneg = 10
# fpos = 5
# fneg = 3
# raw predictions:
[-0.45686374 -0.7309931 -1.0629806 -0.91289942 -0.5175913 0.3463226
 -0.87034304 -0.57135002 -1.4001732 -0.35664011 0.14323427 -1.0928666
 -1.3918929 -0.59872007 -1.217412 -1.2131331 -1.5853095 -1.2346577
 -0.97598191 -0.43715236]
# truth:
[3.3837436 3.2980448 1.7767012 3.3837436 1.8920946 2.2367891 1.3384565
 1.1643529 1.5024271 1.3031961 2.7567882 1.6884198 2.2355284 2.3583156
 2.2000293 2.0406023 1.1643529 1.9355073 2.5161386 2.1525941]
# fold = 5
# threshold = -0.321862269908
# requested specificity = 0.979166666667
# actual training-set specificity = 0.967213114754
# tpos = 1
# tneg = 13
# fpos = 0
# fneg = 5
# raw predictions:
[-1.1574938 -0.39779854 -1.1234554 -1.3808917 -1.0756277 -1.0323166
 -1.2564755 -1.2593484 -1.6141539 -0.77532965 -1.1762576 -0.39321526
 0.33828052 -1.2951447 -1.0046858 -1.5476984 -1.3470933 -1.3639668
 -1.3966868]
# truth:
[1.376577 2.5627685 2.0297895 3.3837436 2.8121108 1.8709888 2.2796669
 2.3398488 1.6009729 2.4637437 1.3961993 2.0338257 2.7136585 3.3837436
 2.1027766 1.4712917 1.39794 1.0374265 1.6928469]
# fold = overall performance
# tpos = 10
# tneg = 65
# fpos = 9
# fneg = 16
