# fold = 1
# threshold = 2.07928926927
# requested specificity = 0.846153846154
# actual training-set specificity = 0.86
# tpos = 1
# tneg = 14
# fpos = 1
# fneg = 5
# raw predictions:
[1.7798024 1.9606152 1.9149189 1.7083213 1.7552161 2.0672344 1.7132104
 1.9779403 2.1011092 1.7905056 1.8366951 1.8430926 1.8649926 1.9635224
 1.8770958 1.9893412 1.9750927 1.7987045 2.1378288 2.0291772 2.0299445]
# truth:
[0.30103 2.5880475 2.5627685 2.8121108 1.1643529 2.512551 1.1430148
 1.3961993 2.9914033 1.3483049 2.2355284 3.3837436 2.1598678 2.3380579
 1.39794 1.6866363 1.8000294 1.9703469 1.1271048 1.5024271 1.6928469]
# fold = 2
# threshold = 2.03036005904
# requested specificity = 0.926829268293
# actual training-set specificity = 0.938775510204
# tpos = 2
# tneg = 11
# fpos = 2
# fneg = 5
# raw predictions:
[1.807485 2.0121222 2.1071168 1.9376325 1.8773793 1.9596919 1.9308179
 2.0106419 1.7140773 1.7411276 2.0117675 2.411307 1.9588128 1.970573
 2.1099136 1.7997288 1.8257385 1.9374149 2.1467407 1.7946624]
# truth:
[2.5375673 2.5779511 2.286681 3.2980448 1.7767012 1.8920946 2.1804126
 3.3837436 1.687529 1.3579348 2.0338257 2.7567882 1.8469553 1.6884198
 2.6190933 1.5786392 2.0406023 2.6887757 1.9355073 0.0]
# fold = 3
# threshold = 1.85489628268
# requested specificity = 0.394736842105
# actual training-set specificity = 0.408163265306
# tpos = 2
# tneg = 10
# fpos = 4
# fneg = 4
# raw predictions:
[1.9355639 1.8112116 1.7076242 1.8263282 1.894834 1.7767698 1.8782706
 1.8541377 1.8172164 1.7096611 1.852265 1.9110473 1.6873872 1.8301488
 1.8123717 1.7872408 1.8572001 1.8516336 1.8680185 1.6627597]
# truth:
[2.5366847 1.376577 3.3837436 1.3384565 1.8709888 2.2671717 2.2796669
 1.5024271 1.7024305 1.3031961 2.4637437 2.7136585 3.3837436 3.3837436
 2.1027766 1.9355073 0.30103 1.948413 1.0374265 1.5263393]
# fold = 4
# threshold = 2.16675579799
# requested specificity = 0.868421052632
# actual training-set specificity = 0.877551020408
# tpos = 1
# tneg = 14
# fpos = 1
# fneg = 4
# raw predictions:
[1.742531 1.9806191 2.1060665 1.9535765 1.9320217 2.7135072 2.0057807
 2.0935096 1.6283823 1.8175535 1.8701683 1.6835591 2.0247192 1.9310654
 2.9852952 1.7021936 1.4562123 1.628752 1.8826476 2.0564256]
# truth:
[1.5717088 3.3837436 2.0297895 1.8469553 2.4834446 3.3837436 1.5263393
 2.6134189 2.2000293 2.1664301 0.79934055 1.6532125 1.6042261 1.382017
 2.0674428 1.4593925 1.4712917 0.30103 2.5161386 1.666518]
# fold = 5
# threshold = 1.96414320771
# requested specificity = 0.634146341463
# actual training-set specificity = 0.653846153846
# tpos = 1
# tneg = 12
# fpos = 5
# fneg = 1
# raw predictions:
[2.2240215 1.9270746 1.8221119 2.1853741 2.2148588 1.9215018 1.8316326
 1.7480889 1.7484059 1.5952322 2.0250294 1.7997253 2.0407545 1.727032
 1.8133949 1.8361758 1.7928159 1.8123825 2.3933344]
# truth:
[3.3837436 2.4350476 1.1172713 2.1580608 2.2367891 2.3398488 1.6009729
 2.0318123 1.3710679 1.9020029 2.3583156 2.2000293 2.1433271 0.61278386
 1.1643529 2.1195858 0.70757018 0.49136169 2.1525941]
# fold = overall performance
# Area under ROC curve = 0
# tpos = 7
# tneg = 61
# fpos = 13
# fneg = 19
