# fold = 1
# threshold = 0.200994043612
# requested specificity = 0.813559322034
# actual training-set specificity = 
# tpos = 2
# tneg = 9
# fpos = 4
# fneg = 6
# raw predictions:
[0.00420600956823 0.995260477657 0.292984869961 0.000562506542879
 0.0240281856618 0.00278597875053 0.982342250831 0.00144711424737
 0.0277757285969 0.0102329413921 0.00578718457699 0.00376572737568
 0.000950246350415 0.235410393144 0.0109157544562 1.34401504569e-05
 0.000511505968476 0.404213478631 0.994683116895 0.00774176782045
 2.96208079531e-06]
# truth:
[2.5366847 2.286681 3.3837436 1.7767012 2.4350476 3.3837436 2.2367891
 2.2000293 2.1664301 2.8121108 1.3384565 1.382017 1.6009729 2.4637437
 3.3837436 1.4593925 1.3710679 2.1027766 1.6866363 2.6887757 0.70757018]
# fold = 2
# threshold = 0.305151149834
# requested specificity = 0.807692307692
# actual training-set specificity = 
# tpos = 3
# tneg = 14
# fpos = 2
# fneg = 1
# raw predictions:
[0.0939902101205 0.0804881084044 0.144050885913 0.556140936112
 0.0766689360514 0.178681581352 0.758050804741 0.299480848887
 0.0559836459831 0.151238249935 0.0328537797043 0.955590585918
 0.312493669733 0.0983654947867 0.0171975438316 0.26710771969
 0.0316215420034 0.0430883913537 0.365476095585 0.158279779816]
# truth:
[1.5717088 0.30103 1.376577 2.6134189 0.79934055 1.6042261 3.3837436
 2.2671717 1.5024271 1.7024305 2.0318123 2.7567882 1.6884198 3.3837436
 1.4712917 2.1433271 0.30103 2.1195858 1.5024271 1.5263393]
