#gbm
([{'specificity': array([0.97916667, 0.45833333, 0.125, 0.95833333, 0.91666667, 0.77083333,
       0.70833333, 0.41666667, 0.20833333, 0.72916667, 0.52083333,
       0.79166667, 0.58333333, 0.375, 0.14583333, 0.083333333, 0.625,
       0.39583333, 0.22916667, 0.66666667, 0.6875, 0.25, 0.27083333, 0.5,
       0.9375, 1.0, 0.83333333, 0.75, 0.041666667, 0.33333333, 0.16666667,
       0.875, 0.54166667, 0.0625, 0.4375, 0.35416667, 0.5625, 0.85416667,
       0.29166667, 0.89583333, 0.64583333, 0.8125, 0.3125, 0.10416667,
       0.1875, 0.020833333, 0.60416667, 0.47916667]), 'tneg': array([12,  2,  1, 11,  9,  7,  6,  2,  1,  6,  2,  7,  2,  2,  1,  1,  2,
        2,  1,  2,  5,  1,  1,  2, 11, 12,  9,  7,  1,  1,  1,  9,  2,  1,
        2,  2,  2,  9,  1,  9,  2,  7,  1,  1,  1,  1,  2,  2]), 'fpos': array([ 0, 10, 11,  1,  3,  5,  6, 10, 11,  6, 10,  5, 10, 10, 11, 11, 10,
       10, 11, 10,  7, 11, 11, 10,  1,  0,  3,  5, 11, 11, 11,  3, 10, 11,
       10, 10, 10,  3, 11,  3, 10,  5, 11, 11, 11, 11, 10, 10]), 'threshold': [-0.35555628265443795, -1.0722150309694278, -1.1602186351057338, -0.520818345190037, -0.77680237591674228, -0.9686593824582751, -0.98410227726732569, -1.0759049093899531, -1.1451544997330958, -0.98019886158835745, -1.0472561290759697, -0.9589220809689466, -1.0436954272145094, -1.0780780088645008, -1.1572356399585133, -1.1755750483851801, -1.0241302728236252, -1.0764884403098938, -1.1376078253894135, -1.0179820345934998, -0.989807150302699, -1.1367665840128887, -1.130592081723155, -1.0551016951910155, -0.64114973190608138, -0.24662362522468173, -0.903086878615729, -0.97015892871895182, -1.198650895848097, -1.1128014419706223, -1.1526497984167039, -0.8734425993914231, -1.0471402094993194, -1.1883453771230967, -1.0737413389022956, -1.08814434533918, -1.0465846473856681, -0.899190936993283, -1.1275175325422604, -0.82521030892974379, -1.0220123133650392, -0.95643008793991624, -1.1190289582952222, -1.1639262054357402, -1.1488853059982203, -1.2058201165240812, -1.0264927085881206, -1.0559922908097397], 'fneg': array([5, 0, 0, 3, 2, 0, 0, 0, 0, 0, 0, 0, 0, 0, 0, 0, 0, 0, 0, 0, 0, 0, 0,
       0, 2, 5, 1, 0, 0, 0, 0, 1, 0, 0, 0, 0, 0, 1, 0, 1, 0, 0, 0, 0, 0, 0,
       0, 0]), 'sensitivity': array([0.64285714, 1.0, 1.0, 0.78571429, 1.0, 1.0, 1.0, 1.0, 1.0, 1.0, 1.0,
       1.0, 1.0, 1.0, 1.0, 1.0, 1.0, 1.0, 1.0, 1.0, 1.0, 1.0, 1.0, 1.0,
       0.92857143, 0.42857143, 1.0, 1.0, 1.0, 1.0, 1.0, 1.0, 1.0, 1.0, 1.0,
       1.0, 1.0, 1.0, 1.0, 1.0, 1.0, 1.0, 1.0, 1.0, 1.0, 1.0, 1.0, 1.0]), 'tpos': array([0, 5, 5, 2, 3, 5, 5, 5, 5, 5, 5, 5, 5, 5, 5, 5, 5, 5, 5, 5, 5, 5, 5,
       5, 3, 0, 4, 5, 5, 5, 5, 4, 5, 5, 5, 5, 5, 4, 5, 4, 5, 5, 5, 5, 5, 5,
       5, 5])}, {'specificity': array([1.0, 0.47826087, 0.52173913, 0.7826087, 0.91304348, 0.89130435, 0.5,
       0.45652174, 0.60869565, 0.34782609, 0.65217391, 0.30434783,
       0.02173913, 0.67391304, 0.80434783, 0.19565217, 0.15217391,
       0.43478261, 0.7173913, 0.95652174, 0.63043478, 0.84782609,
       0.2173913, 0.043478261, 0.93478261, 0.2826087, 0.69565217,
       0.39130435, 0.17391304, 0.86956522, 0.10869565, 0.82608696,
       0.23913043, 0.56521739, 0.54347826, 0.086956522, 0.41304348,
       0.13043478, 0.32608696, 0.26086957, 0.065217391, 0.76086957,
       0.73913043, 0.97826087, 0.36956522, 0.58695652]), 'tneg': array([13,  3,  4, 10, 10, 10,  3,  3,  7,  2,  8,  2,  1,  8, 10,  2,  2,
        3,  9, 10,  8, 10,  2,  1, 10,  2,  9,  3,  2, 10,  2, 10,  2,  5,
        4,  1,  3,  2,  2,  2,  1,  9,  9, 12,  3,  5]), 'fpos': array([ 1, 11, 10,  4,  4,  4, 11, 11,  7, 12,  6, 12, 13,  6,  4, 12, 12,
       11,  5,  4,  6,  4, 12, 13,  4, 12,  5, 11, 12,  4, 12,  4, 12,  9,
       10, 13, 11, 12, 12, 12, 13,  5,  5,  2, 11,  9]), 'threshold': [-0.15643402455158995, -0.92019991614175323, -0.90556202714123446, -0.7219343389236994, -0.47135296588512549, -0.56195890630562639, -0.90766834128899754, -0.92164624884024127, -0.85996134940075586, -0.93298750374506789, -0.82695542206276973, -0.93995529755517182, -1.0037374949864504, -0.8130176486043712, -0.715955504648175, -0.96714267485579553, -0.97093481844189045, -0.921876003445153, -0.79446439520353762, -0.42707720667163251, -0.82787945991945344, -0.63650282473665243, -0.96477309184862425, -1.0023829382255658, -0.46046646047597806, -0.94937199342592815, -0.79495247569893068, -0.92841860207931615, -0.96853168873160467, -0.59800227859333421, -0.98039445607538, -0.67878087400371012, -0.95483523572979012, -0.898472397511133, -0.902391195815407, -0.98760410421175471, -0.92291054099612579, -0.97547651911690558, -0.933648077647384, -0.95350955985383423, -0.99589616665864722, -0.76535000336346992, -0.76590200677570763, -0.39195661644944918, -0.92867865674738581, -0.87658956621143358], 'fneg': array([2, 0, 0, 0, 1, 0, 0, 0, 0, 0, 0, 0, 0, 0, 0, 0, 0, 0, 0, 1, 0, 0, 0,
       0, 1, 0, 0, 0, 0, 0, 0, 0, 0, 0, 0, 0, 0, 0, 0, 0, 0, 0, 0, 1, 0, 0]), 'sensitivity': array([0.58823529, 1.0, 1.0, 1.0, 1.0, 1.0, 1.0, 1.0, 1.0, 1.0, 1.0, 1.0,
       1.0, 1.0, 1.0, 1.0, 1.0, 1.0, 1.0, 1.0, 1.0, 1.0, 1.0, 1.0, 1.0,
       1.0, 1.0, 1.0, 1.0, 1.0, 1.0, 1.0, 1.0, 1.0, 1.0, 1.0, 1.0, 1.0,
       1.0, 1.0, 1.0, 1.0, 1.0, 0.94117647, 1.0, 1.0]), 'tpos': array([0, 2, 2, 2, 1, 2, 2, 2, 2, 2, 2, 2, 2, 2, 2, 2, 2, 2, 2, 1, 2, 2, 2,
       2, 1, 2, 2, 2, 2, 2, 2, 2, 2, 2, 2, 2, 2, 2, 2, 2, 2, 2, 2, 1, 2, 2])}, {'specificity': array([0.98, 0.5, 0.2, 0.68, 0.92, 0.94, 0.78, 0.4, 0.26, 0.8, 0.7, 0.86,
       0.58, 0.6, 0.12, 0.02, 0.72, 0.66, 0.34, 0.1, 0.38, 0.84, 0.22,
       0.52, 0.82, 1.0, 0.76, 0.04, 0.32, 0.06, 0.9, 0.08, 0.16, 0.44,
       0.24, 0.64, 0.88, 0.18, 0.46, 0.56, 0.28, 0.3, 0.42, 0.36, 0.14,
       0.62, 0.74, 0.96, 0.54, 0.48]), 'tneg': array([10,  4,  1,  7,  9,  9,  7,  2,  1,  7,  7,  9,  4,  4,  1,  0,  7,
        7,  2,  1,  2,  9,  1,  4,  8, 10,  7,  0,  1,  1,  9,  1,  1,  2,
        1,  6,  9,  1,  4,  4,  1,  1,  2,  2,  1,  5,  7,  9,  4,  4]), 'fpos': array([ 0,  6,  9,  3,  1,  1,  3,  8,  9,  3,  3,  1,  6,  6,  9, 10,  3,
        3,  8,  9,  8,  1,  9,  6,  2,  0,  3, 10,  9,  9,  1,  9,  9,  8,
        9,  4,  1,  9,  6,  6,  9,  9,  8,  8,  9,  5,  3,  1,  6,  6]), 'threshold': [-0.61477315681002909, -0.78004537045880107, -0.80400175717384936, -0.745719749563289, -0.67218339601756782, -0.67194732761527509, -0.73947085545129887, -0.79216873433283141, -0.80069719765158831, -0.73863531990820352, -0.74465188411849992, -0.7203493624714854, -0.76930957249350662, -0.76653850067919593, -0.80568891012114741, -0.81746599965569766, -0.74405116446557318, -0.74775370490657855, -0.7950127838265586, -0.80584689496451978, -0.79292218175530238, -0.72656329621874127, -0.80311745441065407, -0.77979482869312944, -0.7359179125062747, -0.59457899916544488, -0.74053937060124919, -0.81694729088050255, -0.79790926350573166, -0.81557084552977854, -0.69608432947956889, -0.81179968482897713, -0.80514038505269014, -0.78918166144411028, -0.80128995378034884, -0.75197503474153682, -0.715746175491782, -0.80401454623543978, -0.78487646058953831, -0.77454057538111087, -0.79912025139198217, -0.79879794792161651, -0.790309564644691, -0.79414011808162477, -0.8052933132480119, -0.7572422397372901, -0.74373434683446282, -0.65710635661188055, -0.77925341953604055, -0.7848082884373967], 'fneg': array([5, 0, 0, 0, 1, 1, 0, 0, 0, 0, 0, 0, 0, 0, 0, 0, 0, 0, 0, 0, 0, 0, 0,
       0, 0, 5, 0, 0, 0, 0, 0, 0, 0, 0, 0, 0, 0, 0, 0, 0, 0, 0, 0, 0, 0, 0,
       0, 2, 0, 0]), 'sensitivity': array([0.92857143, 1.0, 1.0, 1.0, 0.92857143, 0.92857143, 1.0, 1.0, 1.0,
       1.0, 1.0, 1.0, 1.0, 1.0, 1.0, 1.0, 1.0, 1.0, 1.0, 1.0, 1.0, 1.0,
       1.0, 1.0, 1.0, 0.78571429, 1.0, 1.0, 1.0, 1.0, 1.0, 1.0, 1.0, 1.0,
       1.0, 1.0, 1.0, 1.0, 1.0, 1.0, 1.0, 1.0, 1.0, 1.0, 1.0, 1.0, 1.0,
       0.92857143, 1.0, 1.0]), 'tpos': array([0, 5, 5, 5, 4, 4, 5, 5, 5, 5, 5, 5, 5, 5, 5, 5, 5, 5, 5, 5, 5, 5, 5,
       5, 5, 0, 5, 5, 5, 5, 5, 5, 5, 5, 5, 5, 5, 5, 5, 5, 5, 5, 5, 5, 5, 5,
       5, 3, 5, 5])}, {'specificity': array([0.97916667, 0.41666667, 0.54166667, 0.91666667, 0.9375, 0.58333333,
       0.45833333, 0.10416667, 0.77083333, 0.3125, 0.25, 0.875, 0.72916667,
       0.020833333, 0.70833333, 0.85416667, 0.64583333, 0.14583333,
       0.39583333, 0.83333333, 0.125, 0.33333333, 0.60416667, 1.0, 0.8125,
       0.6875, 0.35416667, 0.0625, 0.5625, 0.16666667, 0.625, 0.66666667,
       0.29166667, 0.89583333, 0.375, 0.52083333, 0.5, 0.20833333,
       0.041666667, 0.22916667, 0.4375, 0.1875, 0.27083333, 0.083333333,
       0.79166667, 0.75, 0.95833333, 0.47916667]), 'tneg': array([10,  3,  4, 10, 10,  5,  3,  1,  6,  2,  1,  8,  6,  0,  6,  8,  6,
        1,  3,  6,  1,  2,  5, 11,  6,  6,  2,  1,  4,  1,  5,  6,  2,  8,
        2,  4,  3,  1,  0,  1,  3,  1,  2,  1,  6,  6, 10,  3]), 'fpos': array([ 2,  9,  8,  2,  2,  7,  9, 11,  6, 10, 11,  4,  6, 12,  6,  4,  6,
       11,  9,  6, 11, 10,  7,  1,  6,  6, 10, 11,  8, 11,  7,  6, 10,  4,
       10,  8,  9, 11, 12, 11,  9, 11, 10, 11,  6,  6,  2,  9]), 'threshold': [-0.36050146381372616, -1.3893810552713062, -1.3058106797391342, -0.7229241575567581, -0.665679079677422, -1.2882712563102279, -1.3483857367301455, -1.490817065011024, -1.1141718145535897, -1.418624687443943, -1.4300474095110591, -0.82292661179940041, -1.1814012654507478, -1.5622129992343985, -1.1998694756436985, -0.87551638055595959, -1.2383180624903121, -1.4755133004583418, -1.3923220165418004, -1.0634933309039716, -1.4778115197563735, -1.4105014030836238, -1.2733555622542463, 0.044264269052343208, -1.0731029643183625, -1.2166676277772202, -1.4027401898403522, -1.505717335375744, -1.301258698780799, -1.4360252698775158, -1.2492725800720013, -1.2261865998852655, -1.4218361206703964, -0.81508272093378731, -1.3964751409974661, -1.3085977421287007, -1.3217294458022126, -1.4350598351735813, -1.5266553009891097, -1.4331761315582066, -1.384096558169845, -1.4357827157131731, -1.4219635439113798, -1.5017362840638493, -1.098029535826242, -1.1352139357300646, -0.55914399610544707, -1.3313458598757519], 'fneg': array([3, 0, 0, 3, 3, 0, 0, 0, 0, 0, 0, 3, 0, 0, 0, 3, 0, 0, 0, 2, 0, 0, 0,
       3, 2, 0, 0, 0, 0, 0, 0, 0, 0, 3, 0, 0, 0, 0, 0, 0, 0, 0, 0, 0, 0, 0,
       3, 0]), 'sensitivity': array([0.93333333, 1.0, 1.0, 1.0, 1.0, 1.0, 1.0, 1.0, 1.0, 1.0, 1.0, 1.0,
       1.0, 1.0, 1.0, 1.0, 1.0, 1.0, 1.0, 1.0, 1.0, 1.0, 1.0, 0.4, 1.0,
       1.0, 1.0, 1.0, 1.0, 1.0, 1.0, 1.0, 1.0, 1.0, 1.0, 1.0, 1.0, 1.0,
       1.0, 1.0, 1.0, 1.0, 1.0, 1.0, 1.0, 1.0, 1.0, 1.0]), 'tpos': array([1, 4, 4, 1, 1, 4, 4, 4, 4, 4, 4, 1, 4, 4, 4, 1, 4, 4, 4, 2, 4, 4, 4,
       1, 2, 4, 4, 4, 4, 4, 4, 4, 4, 1, 4, 4, 4, 4, 4, 4, 4, 4, 4, 4, 4, 4,
       1, 4])}, {'specificity': array([0.39583333, 0.41666667, 0.58333333, 0.8125, 0.95833333, 0.89583333,
       0.54166667, 0.4375, 0.70833333, 0.64583333, 0.60416667, 0.3125,
       0.45833333, 0.875, 0.5, 0.16666667, 0.020833333, 0.83333333, 0.75,
       0.125, 0.66666667, 0.5625, 0.85416667, 1.0, 0.79166667, 0.041666667,
       0.083333333, 0.1875, 0.97916667, 0.0625, 0.47916667, 0.375,
       0.77083333, 0.72916667, 0.27083333, 0.9375, 0.33333333, 0.625, 0.25,
       0.10416667, 0.22916667, 0.14583333, 0.35416667, 0.29166667, 0.6875,
       0.91666667, 0.20833333, 0.52083333]), 'tneg': array([ 2,  2,  2,  9, 11, 10,  2,  2,  6,  3,  2,  2,  2, 10,  2,  1,  0,
        9,  8,  1,  3,  2,  9, 11,  9,  0,  1,  1, 11,  0,  2,  2,  8,  6,
        1, 10,  2,  2,  1,  1,  1,  1,  2,  1,  5, 10,  1,  2]), 'fpos': array([10, 10, 10,  3,  1,  2, 10, 10,  6,  9, 10, 10, 10,  2, 10, 11, 12,
        3,  4, 11,  9, 10,  3,  1,  3, 12, 11, 11,  1, 12, 10, 10,  4,  6,
       11,  2, 10, 10, 11, 11, 11, 11, 10, 11,  7,  2, 11, 10]), 'threshold': [-0.87752371669561235, -0.87561363048832075, -0.84347411996380284, -0.70703976411629588, -0.49505766308539306, -0.613325108724353, -0.85281354446042767, -0.8735260712698607, -0.784687880751241, -0.814126056606998, -0.827616822621237, -0.89348443440184933, -0.86162160974626634, -0.6324056045050761, -0.85346108857381553, -0.9194151831704076, -0.9587935700549528, -0.66534637368860938, -0.761501062923909, -0.94162984247899684, -0.80321507974419359, -0.84388042340871994, -0.65114529988227177, -0.42085161616328737, -0.71220157154144947, -0.95721852871362956, -0.94397912785768767, -0.917103591337788, -0.47338735094128664, -0.95212757922289593, -0.8614975196214546, -0.890396879726119, -0.75272023967011248, -0.78256098324248025, -0.9050825059949783, -0.561914186738199, -0.89278590639166688, -0.81726494804753325, -0.90665368628353538, -0.94353120649353128, -0.90730636272889242, -0.92594986350605424, -0.89083343085782518, -0.903993123563512, -0.78880738656038807, -0.6111465870072682, -0.91150722807814843, -0.85292041322912127], 'fneg': array([0, 0, 0, 0, 1, 1, 0, 0, 0, 0, 0, 0, 0, 0, 0, 0, 0, 0, 0, 0, 0, 0, 0,
       2, 0, 0, 0, 0, 1, 0, 0, 0, 0, 0, 0, 1, 0, 0, 0, 0, 0, 0, 0, 0, 0, 1,
       0, 0]), 'sensitivity': array([1.0, 1.0, 1.0, 1.0, 0.9375, 1.0, 1.0, 1.0, 1.0, 1.0, 1.0, 1.0, 1.0,
       1.0, 1.0, 1.0, 1.0, 1.0, 1.0, 1.0, 1.0, 1.0, 1.0, 0.875, 1.0, 1.0,
       1.0, 1.0, 0.9375, 1.0, 1.0, 1.0, 1.0, 1.0, 1.0, 1.0, 1.0, 1.0, 1.0,
       1.0, 1.0, 1.0, 1.0, 1.0, 1.0, 1.0, 1.0, 1.0]), 'tpos': array([3, 3, 3, 3, 2, 2, 3, 3, 3, 3, 3, 3, 3, 3, 3, 3, 3, 3, 3, 3, 3, 3, 3,
       1, 3, 3, 3, 3, 2, 3, 3, 3, 3, 3, 3, 2, 3, 3, 3, 3, 3, 3, 3, 3, 3, 2,
       3, 3])}], <Model object at 0x0000000000000707>)
#gbm
([{'specificity': array([0.44444444, 0.8, 0.95555556, 0.93333333, 0.71111111, 0.42222222,
       0.35555556, 0.48888889, 0.33333333, 0.84444444, 0.64444444,
       0.22222222, 0.044444444, 0.022222222, 0.51111111, 0.62222222,
       0.28888889, 0.55555556, 0.24444444, 0.86666667, 1.0, 0.91111111,
       0.46666667, 0.13333333, 0.73333333, 0.15555556, 0.31111111,
       0.37777778, 0.53333333, 0.66666667, 0.82222222, 0.68888889,
       0.88888889, 0.75555556, 0.088888889, 0.57777778, 0.11111111,
       0.26666667, 0.066666667, 0.6, 0.77777778, 0.97777778, 0.2, 0.4,
       0.17777778]), 'tneg': array([1, 3, 6, 6, 2, 1, 1, 1, 1, 5, 2, 1, 0, 0, 1, 2, 1, 2, 1, 5, 9, 6, 1,
       0, 2, 0, 1, 1, 1, 2, 5, 2, 6, 2, 0, 2, 0, 1, 0, 2, 2, 7, 1, 1, 1]), 'fpos': array([11,  9,  6,  6, 10, 11, 11, 11, 11,  7, 10, 11, 12, 12, 11, 10, 11,
       10, 11,  7,  3,  6, 11, 12, 10, 12, 11, 11, 11, 10,  7, 10,  6, 10,
       12, 10, 12, 11, 12, 10, 10,  5, 11, 11, 11]), 'threshold': [-1.2038233707449564, -0.93243701224759856, -0.68196155390968183, -0.77740461277490247, -0.99692938413602861, -1.2301435950142481, -1.255193627096707, -1.1555388981227281, -1.2579991872596892, -0.89556713381793329, -1.0319031259016793, -1.3057055996347387, -1.4187623138361385, -1.4238124744538621, -1.1450079890537495, -1.0462339016574958, -1.2636226895169751, -1.1136580716249263, -1.2759335930018199, -0.87726246147194431, -0.27564587544002678, -0.82207912324742549, -1.1904807870347245, -1.3533475823702372, -0.97522503652617287, -1.3441316762563926, -1.260476771772497, -1.2507214820243633, -1.1253256114381505, -1.0079715832067, -0.92656697977664326, -1.0037943027386409, -0.83394326436301025, -0.96131945699921528, -1.3636009589320661, -1.0861570968278478, -1.3630783693054149, -1.2725132840561688, -1.365470309002478, -1.0756597431235115, -0.95616718627706532, -0.64495081872744731, -1.3150880589346166, -1.2346164772357307, -1.3346969810165685], 'fneg': array([0, 0, 2, 2, 0, 0, 0, 0, 0, 0, 0, 0, 0, 0, 0, 0, 0, 0, 0, 1, 5, 1, 0,
       0, 0, 0, 0, 0, 0, 0, 0, 0, 1, 0, 0, 0, 0, 0, 0, 0, 0, 2, 0, 0, 0]), 'sensitivity': array([1.0, 1.0, 1.0, 1.0, 1.0, 1.0, 1.0, 1.0, 1.0, 1.0, 1.0, 1.0, 1.0,
       1.0, 1.0, 1.0, 1.0, 1.0, 1.0, 1.0, 1.0, 1.0, 1.0, 1.0, 1.0, 1.0,
       1.0, 1.0, 1.0, 1.0, 1.0, 1.0, 1.0, 1.0, 1.0, 1.0, 1.0, 1.0, 1.0,
       1.0, 1.0, 1.0, 1.0, 1.0, 1.0]), 'tpos': array([5, 5, 3, 3, 5, 5, 5, 5, 5, 5, 5, 5, 5, 5, 5, 5, 5, 5, 5, 4, 0, 4, 5,
       5, 5, 5, 5, 5, 5, 5, 5, 5, 4, 5, 5, 5, 5, 5, 5, 5, 5, 3, 5, 5, 5])}, {'specificity': array([0.46808511, 0.57446809, 0.12765957, 0.93617021, 0.89361702,
       0.87234043, 0.85106383, 0.9787234, 0.55319149, 0.61702128,
       0.68085106, 0.78723404, 0.65957447, 0.063829787, 0.91489362,
       0.72340426, 0.5106383, 0.085106383, 0.36170213, 0.25531915,
       0.59574468, 1.0, 0.76595745, 0.74468085, 0.34042553, 0.14893617,
       0.40425532, 0.10638298, 0.23404255, 0.82978723, 0.4893617,
       0.44680851, 0.80851064, 0.31914894, 0.021276596, 0.29787234,
       0.38297872, 0.70212766, 0.19148936, 0.27659574, 0.42553191,
       0.17021277, 0.63829787, 0.95744681, 0.042553191, 0.53191489,
       0.21276596]), 'tneg': array([ 3,  3,  0,  6,  6,  4,  4,  9,  3,  3,  3,  3,  3,  0,  6,  3,  3,
        0,  0,  0,  3, 10,  3,  3,  0,  0,  2,  0,  0,  3,  3,  2,  3,  0,
        0,  0,  1,  3,  0,  0,  2,  0,  3,  8,  0,  3,  0]), 'fpos': array([ 7,  7, 10,  4,  4,  6,  6,  1,  7,  7,  7,  7,  7, 10,  4,  7,  7,
       10, 10, 10,  7,  0,  7,  7, 10, 10,  8, 10, 10,  7,  7,  8,  7, 10,
       10, 10,  9,  7, 10, 10,  8, 10,  7,  2, 10,  7, 10]), 'threshold': [-0.65061776151507755, -0.63943206583510459, -0.70990047709156434, -0.54943759079442533, -0.56685027688254674, -0.58314017501182958, -0.58717690614353069, -0.48054341273129281, -0.64182730391223952, -0.63233893220123893, -0.62830802549211251, -0.59689917363373046, -0.62884694560595844, -0.71638854622836812, -0.55259052706357659, -0.6164491727164515, -0.64766732594119192, -0.71544264519681178, -0.67389817855633649, -0.69243547135123462, -0.636889728324092, -0.40966922143712314, -0.602744815876375, -0.60860337439903867, -0.67520656523736533, -0.70814957683205515, -0.65915286544567186, -0.71230336179897891, -0.6926405255133945, -0.58997911599890784, -0.65038236896804313, -0.654513392255241, -0.59260551984366661, -0.67921662089761248, -0.71979394265128993, -0.68074410934517415, -0.667656627861031, -0.62799425223323668, -0.70383471357791227, -0.683303599767095, -0.65511637438804726, -0.7069315855210474, -0.62953178002000665, -0.52532976357781636, -0.719458339444042, -0.64600335113318708, -0.70355442048292482], 'fneg': array([0, 0, 0, 1, 1, 1, 1, 1, 0, 1, 1, 1, 1, 0, 1, 1, 0, 0, 0, 0, 0, 3, 1,
       1, 0, 0, 0, 0, 0, 1, 0, 0, 1, 0, 0, 0, 0, 1, 0, 0, 0, 0, 1, 1, 0, 0,
       0]), 'sensitivity': array([1.0, 1.0, 1.0, 1.0, 1.0, 1.0, 1.0, 0.94117647, 1.0, 1.0, 1.0, 1.0,
       1.0, 1.0, 1.0, 1.0, 1.0, 1.0, 1.0, 1.0, 1.0, 0.82352941, 1.0, 1.0,
       1.0, 1.0, 1.0, 1.0, 1.0, 1.0, 1.0, 1.0, 1.0, 1.0, 1.0, 1.0, 1.0,
       1.0, 1.0, 1.0, 1.0, 1.0, 1.0, 1.0, 1.0, 1.0, 1.0]), 'tpos': array([6, 6, 6, 5, 5, 5, 5, 5, 6, 5, 5, 5, 5, 6, 5, 5, 6, 6, 6, 6, 6, 3, 5,
       5, 6, 6, 6, 6, 6, 5, 6, 6, 5, 6, 6, 6, 6, 5, 6, 6, 6, 6, 5, 5, 6, 6,
       6])}, {'specificity': array([0.31111111, 0.64444444, 0.71111111, 0.28888889, 0.66666667, 0.8,
       0.88888889, 1.0, 0.57777778, 0.51111111, 0.55555556, 0.11111111,
       0.82222222, 0.44444444, 0.84444444, 0.75555556, 0.22222222,
       0.93333333, 0.73333333, 0.15555556, 0.46666667, 0.97777778,
       0.68888889, 0.91111111, 0.6, 0.044444444, 0.022222222, 0.4,
       0.37777778, 0.77777778, 0.53333333, 0.86666667, 0.088888889, 0.2,
       0.48888889, 0.13333333, 0.42222222, 0.24444444, 0.26666667,
       0.33333333, 0.35555556, 0.95555556, 0.066666667, 0.62222222,
       0.17777778]), 'tneg': array([ 4,  4,  4,  4,  4,  5, 10, 12,  4,  4,  4,  1,  5,  4,  7,  5,  1,
       12,  5,  1,  4, 12,  4, 11,  4,  1,  1,  4,  4,  5,  4,  7,  1,  1,
        4,  1,  4,  1,  2,  4,  4, 12,  1,  4,  1]), 'fpos': array([ 8,  8,  8,  8,  8,  7,  2,  0,  8,  8,  8, 11,  7,  8,  5,  7, 11,
        0,  7, 11,  8,  0,  8,  1,  8, 11, 11,  8,  8,  7,  8,  5, 11, 11,
        8, 11,  8, 11, 10,  8,  8,  0, 11,  8, 11]), 'threshold': [-0.69387215753828535, -0.618532750844394, -0.60778667369161476, -0.6971657147824466, -0.6137368964090818, -0.59279473464567567, -0.49284678280602529, -0.31017980909779058, -0.65378418887917689, -0.66358864436099263, -0.6605993889231524, -0.72140601492887613, -0.57492241664133059, -0.67687051619133742, -0.54416842935859577, -0.59684344110360421, -0.70796449419566831, -0.40525720436887774, -0.6039656906483698, -0.71157281150716867, -0.67567577229690634, -0.32319011731940783, -0.6097593727409587, -0.43978686689997587, -0.64264664475403444, -0.74364571842766791, -0.74696176773315581, -0.68171661755870272, -0.68377660718101141, -0.5932078491113516, -0.66323575744673491, -0.54243461355328937, -0.72673895960673207, -0.70878854595682916, -0.67039088427603633, -0.71748867787631077, -0.68125927602803038, -0.70561113936936515, -0.69922966100870165, -0.68789835042326741, -0.68621494157385576, -0.37920680756161035, -0.735520367417489, -0.63865077259914549, -0.70929674469778059], 'fneg': array([0, 0, 0, 0, 0, 0, 1, 3, 0, 0, 0, 0, 0, 0, 0, 0, 0, 2, 0, 0, 0, 3, 0,
       2, 0, 0, 0, 0, 0, 0, 0, 0, 0, 0, 0, 0, 0, 0, 0, 0, 0, 2, 0, 0, 0]), 'sensitivity': array([1.0, 1.0, 1.0, 1.0, 1.0, 1.0, 1.0, 0.89473684, 1.0, 1.0, 1.0, 1.0,
       1.0, 1.0, 1.0, 1.0, 1.0, 1.0, 1.0, 1.0, 1.0, 0.89473684, 1.0, 1.0,
       1.0, 1.0, 1.0, 1.0, 1.0, 1.0, 1.0, 1.0, 1.0, 1.0, 1.0, 1.0, 1.0,
       1.0, 1.0, 1.0, 1.0, 1.0, 1.0, 1.0, 1.0]), 'tpos': array([4, 4, 4, 4, 4, 4, 3, 1, 4, 4, 4, 4, 4, 4, 4, 4, 4, 2, 4, 4, 4, 1, 4,
       2, 4, 4, 4, 4, 4, 4, 4, 4, 4, 4, 4, 4, 4, 4, 4, 4, 4, 2, 4, 4, 4])}, {'specificity': array([0.79545455, 0.72727273, 0.70454545, 0.93181818, 0.88636364,
       0.86363636, 1.0, 0.27272727, 0.31818182, 0.59090909, 0.38636364,
       0.77272727, 0.40909091, 0.84090909, 0.34090909, 0.22727273,
       0.068181818, 0.022727273, 0.65909091, 0.95454545, 0.15909091,
       0.81818182, 0.29545455, 0.68181818, 0.97727273, 0.43181818,
       0.045454545, 0.45454545, 0.13636364, 0.61363636, 0.47727273,
       0.90909091, 0.75, 0.25, 0.20454545, 0.36363636, 0.18181818,
       0.63636364, 0.090909091, 0.5, 0.52272727, 0.54545455, 0.56818182,
       0.11363636]), 'tneg': array([7, 6, 6, 7, 7, 7, 9, 1, 1, 5, 2, 7, 2, 7, 1, 1, 1, 0, 5, 8, 1, 7, 1,
       6, 8, 2, 0, 2, 1, 5, 2, 7, 6, 1, 1, 1, 1, 5, 1, 2, 3, 5, 5, 1]), 'fpos': array([ 6,  7,  7,  6,  6,  6,  4, 12, 12,  8, 11,  6, 11,  6, 12, 12, 12,
       13,  8,  5, 12,  6, 12,  7,  5, 11, 13, 11, 12,  8, 11,  6,  7, 12,
       12, 12, 12,  8, 12, 11, 10,  8,  8, 12]), 'threshold': [-0.84688866324878709, -0.91473560375120833, -0.91768989949176449, -0.69358031474384008, -0.75660642278840518, -0.76467805243745812, -0.40764511241286921, -1.1194746353569378, -1.1119452763886188, -1.0181550065914307, -1.0902209452935117, -0.87078918034363018, -1.0765345858085971, -0.781312081700941, -1.1065317002895054, -1.1359825880928922, -1.2019344441278792, -1.2743091234549022, -0.96707491272853818, -0.54705999646010184, -1.1663162898368076, -0.78670192893109248, -1.1126673688142006, -0.9568380059893703, -0.53071698877909146, -1.0742791457973249, -1.2417591684090976, -1.0725277927352885, -1.1678293339790793, -0.98678613222733191, -1.0695614045497057, -0.73622788788434756, -0.90653705186023692, -1.1244339343326435, -1.1453133205876138, -1.0949320766136681, -1.1475404863323071, -0.96989891306151521, -1.1956397790387834, -1.0499392843636899, -1.03848156949778, -1.0318233804902726, -1.0218423203782194, -1.1794092034560164], 'fneg': array([0, 0, 0, 0, 0, 0, 2, 0, 0, 0, 0, 0, 0, 0, 0, 0, 0, 0, 0, 2, 0, 0, 0,
       0, 2, 0, 0, 0, 0, 0, 0, 0, 0, 0, 0, 0, 0, 0, 0, 0, 0, 0, 0, 0]), 'sensitivity': array([1.0, 1.0, 1.0, 1.0, 1.0, 1.0, 1.0, 1.0, 1.0, 1.0, 1.0, 1.0, 1.0,
       1.0, 1.0, 1.0, 1.0, 1.0, 1.0, 1.0, 1.0, 1.0, 1.0, 1.0, 1.0, 1.0,
       1.0, 1.0, 1.0, 1.0, 1.0, 1.0, 1.0, 1.0, 1.0, 1.0, 1.0, 1.0, 1.0,
       1.0, 1.0, 1.0, 1.0, 1.0]), 'tpos': array([3, 3, 3, 3, 3, 3, 1, 3, 3, 3, 3, 3, 3, 3, 3, 3, 3, 3, 3, 1, 3, 3, 3,
       3, 1, 3, 3, 3, 3, 3, 3, 3, 3, 3, 3, 3, 3, 3, 3, 3, 3, 3, 3, 3])}, {'specificity': array([0.42553191, 0.72340426, 0.76595745, 0.021276596, 0.87234043,
       0.78723404, 0.85106383, 0.89361702, 1.0, 0.40425532, 0.57446809,
       0.61702128, 0.80851064, 0.82978723, 0.25531915, 0.21276596,
       0.042553191, 0.34042553, 0.95744681, 0.5106383, 0.12765957,
       0.46808511, 0.9787234, 0.68085106, 0.63829787, 0.44680851,
       0.063829787, 0.38297872, 0.19148936, 0.4893617, 0.23404255,
       0.93617021, 0.59574468, 0.27659574, 0.74468085, 0.085106383,
       0.29787234, 0.17021277, 0.36170213, 0.10638298, 0.55319149,
       0.53191489, 0.65957447, 0.70212766, 0.31914894, 0.91489362,
       0.14893617]), 'tneg': array([ 5,  5,  6,  0,  7,  6,  7,  8, 10,  5,  5,  5,  6,  7,  5,  5,  0,
        5,  9,  5,  4,  5, 10,  5,  5,  5,  3,  5,  5,  5,  5,  8,  5,  5,
        6,  3,  5,  5,  5,  3,  5,  5,  5,  5,  5,  8,  5]), 'fpos': array([ 5,  5,  4, 10,  3,  4,  3,  2,  0,  5,  5,  5,  4,  3,  5,  5, 10,
        5,  1,  5,  6,  5,  0,  5,  5,  5,  7,  5,  5,  5,  5,  2,  5,  5,
        4,  7,  5,  5,  5,  7,  5,  5,  5,  5,  5,  2,  5]), 'threshold': [-1.1698192496935691, -1.0260867411626629, -0.99630663290151122, -1.4174626496846505, -0.9328229109659707, -0.99593639338109252, -0.93705941426282036, -0.92141675510535659, -0.25033347595847805, -1.1719990205658937, -1.1412616481196545, -1.1259426440274019, -0.97774473596736911, -0.93727622499329877, -1.2720825746651303, -1.3144183815950705, -1.4009568630783109, -1.1875045146850882, -0.6194259507876797, -1.1565716334314438, -1.3329445725514706, -1.1624985505828589, -0.45576172726305236, -1.0438705541561983, -1.0765859620758118, -1.1641690917461733, -1.3631820492811151, -1.1758529850946535, -1.3255349762659086, -1.1594598541813745, -1.2828340511875556, -0.80416020018574674, -1.1261617618407609, -1.2210175951918478, -1.0181649360184903, -1.3507439695090946, -1.2196542186374206, -1.3264695924137213, -1.1853284887893156, -1.3498085787632821, -1.1414491096661685, -1.153411880002827, -1.0570837991597752, -1.0389101964966203, -1.2110298717150061, -0.80814843890640209, -1.3292269488638602], 'fneg': array([0, 3, 3, 0, 3, 3, 3, 3, 4, 0, 0, 0, 3, 3, 0, 0, 0, 0, 3, 0, 0, 0, 3,
       3, 2, 0, 0, 0, 0, 0, 0, 3, 0, 0, 3, 0, 0, 0, 0, 0, 0, 0, 3, 3, 0, 3,
       0]), 'sensitivity': array([1.0, 1.0, 1.0, 1.0, 1.0, 1.0, 1.0, 1.0, 0.77777778, 1.0, 1.0, 1.0,
       1.0, 1.0, 1.0, 1.0, 1.0, 1.0, 1.0, 1.0, 1.0, 1.0, 1.0, 1.0, 1.0,
       1.0, 1.0, 1.0, 1.0, 1.0, 1.0, 1.0, 1.0, 1.0, 1.0, 1.0, 1.0, 1.0,
       1.0, 1.0, 1.0, 1.0, 1.0, 1.0, 1.0, 1.0, 1.0]), 'tpos': array([5, 2, 2, 5, 2, 2, 2, 2, 1, 5, 5, 5, 2, 2, 5, 5, 5, 5, 2, 5, 5, 5, 2,
       2, 3, 5, 5, 5, 5, 5, 5, 2, 5, 5, 2, 5, 5, 5, 5, 5, 5, 5, 2, 2, 5, 2,
       5])}], <Model object at 0x0000000000000D5E>)
#gbm
([{'specificity': array([0.95454545, 0.22727273, 0.5, 0.43181818, 0.61363636, 0.29545455,
       0.90909091, 0.86363636, 1.0, 0.93181818, 0.68181818, 0.45454545,
       0.47727273, 0.27272727, 0.63636364, 0.38636364, 0.40909091,
       0.70454545, 0.79545455, 0.59090909, 0.15909091, 0.31818182,
       0.88636364, 0.97727273, 0.25, 0.20454545, 0.022727273, 0.13636364,
       0.068181818, 0.52272727, 0.045454545, 0.65909091, 0.81818182,
       0.34090909, 0.54545455, 0.84090909, 0.72727273, 0.75, 0.18181818,
       0.36363636, 0.11363636, 0.56818182, 0.77272727, 0.090909091]), 'tneg': array([11,  2,  4,  3,  4,  3, 10,  9, 12, 11,  4,  3,  4,  3,  4,  3,  3,
        4,  6,  4,  2,  3,  9, 11,  2,  2,  2,  2,  2,  4,  2,  4,  6,  3,
        4,  9,  5,  6,  2,  3,  2,  4,  6,  2]), 'fpos': array([ 1, 10,  8,  9,  8,  9,  2,  3,  0,  1,  8,  9,  8,  9,  8,  9,  9,
        8,  6,  8, 10,  9,  3,  1, 10, 10, 10, 10, 10,  8, 10,  8,  6,  9,
        8,  3,  7,  6, 10,  9, 10,  8,  6, 10]), 'threshold': [-0.26307684325788611, -0.79230747880024854, -0.72957798311602506, -0.74160139138711489, -0.68007283713025546, -0.75792636803169644, -0.41789721826235637, -0.42131790350359044, -0.095363110834076767, -0.34571476026919212, -0.64728100882671147, -0.73665622547296572, -0.73400277920487333, -0.76276274261296018, -0.66796888700547885, -0.74635829006244614, -0.74625415127846628, -0.6365166490473223, -0.55444590646464886, -0.68172365880962749, -0.79980205904041168, -0.75320576376062043, -0.42111723577874566, -0.22025074651169141, -0.77509056564975731, -0.79502246361154, -0.85441140547889549, -0.80306946750010266, -0.84523638114928379, -0.697355888307317, -0.85104229901449135, -0.66764305428867732, -0.55062371918553232, -0.75187884333524713, -0.6931426433073884, -0.49002462278620623, -0.56995032231821285, -0.56191314542186033, -0.79812503558039272, -0.74911579759299274, -0.82715873944209184, -0.69019233233124277, -0.5564754125572241, -0.82949018909946692], 'fneg': array([1, 0, 0, 0, 0, 0, 0, 0, 4, 1, 0, 0, 0, 0, 0, 0, 0, 0, 0, 0, 0, 0, 0,
       2, 0, 0, 0, 0, 0, 0, 0, 0, 0, 0, 0, 0, 0, 0, 0, 0, 0, 0, 0, 0]), 'sensitivity': array([1.0, 1.0, 1.0, 1.0, 1.0, 1.0, 1.0, 1.0, 0.73684211, 1.0, 1.0, 1.0,
       1.0, 1.0, 1.0, 1.0, 1.0, 1.0, 1.0, 1.0, 1.0, 1.0, 1.0, 0.84210526,
       1.0, 1.0, 1.0, 1.0, 1.0, 1.0, 1.0, 1.0, 1.0, 1.0, 1.0, 1.0, 1.0,
       1.0, 1.0, 1.0, 1.0, 1.0, 1.0, 1.0]), 'tpos': array([4, 5, 5, 5, 5, 5, 5, 5, 1, 4, 5, 5, 5, 5, 5, 5, 5, 5, 5, 5, 5, 5, 5,
       3, 5, 5, 5, 5, 5, 5, 5, 5, 5, 5, 5, 5, 5, 5, 5, 5, 5, 5, 5, 5])}, {'specificity': array([0.34883721, 0.39534884, 0.76744186, 0.58139535, 0.62790698,
       0.79069767, 0.88372093, 0.93023256, 1.0, 0.6744186, 0.37209302,
       0.20930233, 0.44186047, 0.81395349, 0.13953488, 0.069767442,
       0.25581395, 0.60465116, 0.8372093, 0.46511628, 0.53488372,
       0.97674419, 0.41860465, 0.74418605, 0.046511628, 0.1627907,
       0.55813953, 0.30232558, 0.3255814, 0.69767442, 0.23255814,
       0.18604651, 0.95348837, 0.11627907, 0.72093023, 0.023255814,
       0.90697674, 0.48837209, 0.27906977, 0.093023256, 0.86046512,
       0.51162791, 0.65116279]), 'tneg': array([ 4,  4,  8,  7,  7,  8,  9,  9, 10,  7,  4,  4,  6,  8,  2,  0,  4,
        7,  8,  6,  6, 10,  6,  7,  0,  2,  6,  4,  4,  7,  4,  2,  9,  2,
        7,  0,  9,  6,  4,  2,  8,  6,  7]), 'fpos': array([ 9,  9,  5,  6,  6,  5,  4,  4,  3,  6,  9,  9,  7,  5, 11, 13,  9,
        6,  5,  7,  7,  3,  7,  6, 13, 11,  7,  9,  9,  6,  9, 11,  4, 11,
        6, 13,  4,  7,  9, 11,  5,  7,  6]), 'threshold': [-1.4169763203683587, -1.4103454472223709, -1.057783316612281, -1.2461038774126907, -1.2246623440337769, -1.0520683169189724, -0.93259031996255393, -0.72410481005401939, 0.097377664219079882, -1.2062180236276083, -1.4126897841535711, -1.5185918573610207, -1.3459068638660761, -0.97739287744893966, -1.6107223758321212, -1.6856999013023115, -1.4529163386313755, -1.2411113320684886, -0.97003704344987363, -1.3354974505213628, -1.2942498770202013, -0.39000283407400727, -1.3720238893477263, -1.0771822042025865, -1.6884924669159982, -1.5942995413511443, -1.262012247592782, -1.4281558355032196, -1.4272985933026643, -1.1329067611542627, -1.5152513752970513, -1.5723947178792759, -0.62910423367199031, -1.6262539835373491, -1.1126426924505577, -1.6896029969005584, -0.8589275882257893, -1.3320167456182706, -1.4456643266558509, -1.6321931167960329, -0.96659901203714615, -1.3162317257264029, -1.2232865169398282], 'fneg': array([0, 0, 1, 0, 0, 1, 1, 1, 2, 1, 0, 0, 0, 1, 0, 0, 0, 0, 1, 0, 0, 2, 0,
       1, 0, 0, 0, 0, 0, 1, 0, 0, 1, 0, 1, 0, 1, 0, 0, 0, 1, 0, 0]), 'sensitivity': array([1.0, 1.0, 1.0, 1.0, 1.0, 1.0, 1.0, 1.0, 0.80952381, 1.0, 1.0, 1.0,
       1.0, 1.0, 1.0, 1.0, 1.0, 1.0, 1.0, 1.0, 1.0, 1.0, 1.0, 1.0, 1.0,
       1.0, 1.0, 1.0, 1.0, 1.0, 1.0, 1.0, 1.0, 1.0, 1.0, 1.0, 1.0, 1.0,
       1.0, 1.0, 1.0, 1.0, 1.0]), 'tpos': array([3, 3, 2, 3, 3, 2, 2, 2, 1, 2, 3, 3, 3, 2, 3, 3, 3, 3, 2, 3, 3, 1, 3,
       2, 3, 3, 3, 3, 3, 2, 3, 3, 2, 3, 2, 3, 2, 3, 3, 3, 2, 3, 3])}, {'specificity': array([0.95454545, 0.59090909, 0.43181818, 0.79545455, 0.63636364,
       0.18181818, 0.86363636, 0.90909091, 0.56818182, 0.70454545,
       0.29545455, 0.36363636, 0.88636364, 0.27272727, 0.022727273,
       0.52272727, 0.40909091, 0.5, 0.22727273, 0.47727273, 1.0,
       0.97727273, 0.15909091, 0.045454545, 0.11363636, 0.54545455,
       0.68181818, 0.77272727, 0.38636364, 0.93181818, 0.72727273, 0.25,
       0.75, 0.13636364, 0.81818182, 0.34090909, 0.20454545, 0.45454545,
       0.068181818, 0.84090909, 0.61363636, 0.31818182, 0.65909091,
       0.090909091]), 'tneg': array([9, 2, 1, 3, 2, 1, 8, 8, 2, 2, 1, 1, 8, 1, 0, 1, 1, 1, 1, 1, 9, 9, 1,
       0, 1, 1, 2, 3, 1, 8, 2, 1, 2, 1, 3, 1, 1, 1, 0, 3, 2, 1, 2, 0]), 'fpos': array([ 3, 10, 11,  9, 10, 11,  4,  4, 10, 10, 11, 11,  4, 11, 12, 11, 11,
       11, 11, 11,  3,  3, 11, 12, 11, 11, 10,  9, 11,  4, 10, 11, 10, 11,
        9, 11, 11, 11, 12,  9, 10, 11, 10, 12]), 'threshold': [-0.18876697691288874, -0.932828031760734, -1.0241079653552794, -0.79124000634850378, -0.9092775519989198, -1.1502695266886271, -0.6001866105559821, -0.40281517977886366, -0.9384090488855541, -0.86338476478336745, -1.08525345195129, -1.044696433882087, -0.53549398518813884, -1.0996245651595997, -1.2394090439534327, -0.96352063936634269, -1.0314806149338933, -0.99294180790580744, -1.1120564796965742, -1.007943025070638, -0.11164509043072236, -0.12593467282020218, -1.1599482434345718, -1.2201677025512032, -1.1850187669416528, -0.95771480710518786, -0.868751858349922, -0.794531965202342, -1.0439531498011783, -0.33039410384402945, -0.86116769017848549, -1.10131030744915, -0.82435430511850494, -1.1611422703624017, -0.763151283286249, -1.0564165340479095, -1.116143343232926, -1.0133667071167625, -1.2025230108377893, -0.75564450629995017, -0.93179393989614578, -1.0644423640046308, -0.88121230032584141, -1.1956551853500319], 'fneg': array([1, 0, 0, 1, 0, 0, 1, 1, 0, 0, 0, 0, 1, 0, 0, 0, 0, 0, 0, 0, 1, 1, 0,
       0, 0, 0, 0, 1, 0, 1, 0, 0, 1, 0, 1, 0, 0, 0, 0, 1, 0, 0, 0, 0]), 'sensitivity': array([1.0, 1.0, 1.0, 1.0, 1.0, 1.0, 1.0, 1.0, 1.0, 1.0, 1.0, 1.0, 1.0,
       1.0, 1.0, 1.0, 1.0, 1.0, 1.0, 1.0, 0.95, 0.95, 1.0, 1.0, 1.0, 1.0,
       1.0, 1.0, 1.0, 1.0, 1.0, 1.0, 1.0, 1.0, 1.0, 1.0, 1.0, 1.0, 1.0,
       1.0, 1.0, 1.0, 1.0, 1.0]), 'tpos': array([3, 4, 4, 3, 4, 4, 3, 3, 4, 4, 4, 4, 3, 4, 4, 4, 4, 4, 4, 4, 3, 3, 4,
       4, 4, 4, 4, 3, 4, 3, 4, 4, 3, 4, 3, 4, 4, 4, 4, 3, 4, 4, 4, 4])}, {'specificity': array([0.93333333, 0.31111111, 0.42222222, 0.51111111, 0.46666667,
       0.68888889, 0.86666667, 0.77777778, 0.95555556, 0.97777778,
       0.35555556, 0.26666667, 0.64444444, 0.91111111, 0.022222222,
       0.82222222, 0.66666667, 0.71111111, 0.48888889, 0.53333333,
       0.066666667, 0.84444444, 1.0, 0.57777778, 0.28888889, 0.088888889,
       0.13333333, 0.44444444, 0.22222222, 0.4, 0.37777778, 0.8,
       0.75555556, 0.2, 0.55555556, 0.15555556, 0.88888889, 0.33333333,
       0.044444444, 0.17777778, 0.73333333, 0.62222222, 0.11111111, 0.6,
       0.24444444]), 'tneg': array([11,  1,  2,  6,  6,  6,  6,  6, 11, 11,  2,  1,  6, 10,  0,  6,  6,
        6,  6,  6,  0,  6, 11,  6,  1,  0,  0,  4,  0,  2,  2,  6,  6,  0,
        6,  0,  7,  1,  0,  0,  6,  6,  0,  6,  0]), 'fpos': array([ 0, 10,  9,  5,  5,  5,  5,  5,  0,  0,  9, 10,  5,  1, 11,  5,  5,
        5,  5,  5, 11,  5,  0,  5, 10, 11, 11,  7, 11,  9,  9,  5,  5, 11,
        5, 11,  4, 10, 11, 11,  5,  5, 11,  5, 11]), 'threshold': [-0.43413760735732182, -1.3968482952379926, -1.3433833702503888, -1.2546532199579255, -1.28147369103127, -1.1717759994296375, -0.89614451560053987, -1.0140342435273826, -0.37103850891747608, -0.28920291144503213, -1.3759258323970933, -1.4105020074956667, -1.2031958301821866, -0.6035544147410381, -1.5692688310051557, -0.95734420053433655, -1.1752550846701964, -1.09554702466516, -1.261082276441176, -1.253785831256075, -1.5275277967221834, -0.90672933869351613, 0.21881817092003181, -1.2423856535847002, -1.4004656259107444, -1.4963177545919082, -1.4584357456834367, -1.3205783828064557, -1.4474321119783147, -1.3495946201797595, -1.3680813226332973, -0.96295585300490194, -1.0305912130518318, -1.4495921840006987, -1.2463572146665738, -1.4555106296428653, -0.80454593937422592, -1.3920124584279143, -1.5351313350346363, -1.4511170714402204, -1.0519257313011072, -1.2206976226481112, -1.4719405015795888, -1.2399050312743603, -1.4460391985696857], 'fneg': array([5, 0, 0, 1, 0, 2, 4, 2, 5, 5, 0, 0, 2, 5, 0, 3, 2, 2, 1, 1, 0, 4, 5,
       1, 0, 0, 0, 0, 0, 0, 0, 3, 2, 0, 1, 0, 5, 0, 0, 0, 2, 2, 0, 1, 0]), 'sensitivity': array([0.94736842, 1.0, 1.0, 1.0, 1.0, 1.0, 1.0, 1.0, 0.94736842,
       0.94736842, 1.0, 1.0, 1.0, 1.0, 1.0, 1.0, 1.0, 1.0, 1.0, 1.0, 1.0,
       1.0, 0.63157895, 1.0, 1.0, 1.0, 1.0, 1.0, 1.0, 1.0, 1.0, 1.0, 1.0,
       1.0, 1.0, 1.0, 1.0, 1.0, 1.0, 1.0, 1.0, 1.0, 1.0, 1.0, 1.0]), 'tpos': array([0, 5, 5, 4, 5, 3, 1, 3, 0, 0, 5, 5, 3, 0, 5, 2, 3, 3, 4, 4, 5, 1, 0,
       4, 5, 5, 5, 5, 5, 5, 5, 2, 3, 5, 4, 5, 0, 5, 5, 5, 3, 3, 5, 4, 5])}, {'specificity': array([0.97916667, 0.91666667, 0.375, 0.625, 0.875, 0.22916667, 0.79166667,
       0.47916667, 0.89583333, 1.0, 0.5, 0.8125, 0.58333333, 0.85416667,
       0.6875, 0.75, 0.5625, 0.083333333, 0.9375, 0.95833333, 0.77083333,
       0.52083333, 0.25, 0.4375, 0.83333333, 0.125, 0.45833333,
       0.041666667, 0.1875, 0.020833333, 0.54166667, 0.14583333,
       0.66666667, 0.3125, 0.20833333, 0.35416667, 0.60416667, 0.64583333,
       0.29166667, 0.10416667, 0.70833333, 0.72916667, 0.33333333, 0.0625,
       0.39583333, 0.41666667, 0.27083333, 0.16666667]), 'tneg': array([4, 3, 0, 0, 3, 0, 0, 0, 3, 6, 0, 0, 0, 1, 0, 0, 0, 0, 3, 4, 0, 0, 0,
       0, 1, 0, 0, 0, 0, 0, 0, 0, 0, 0, 0, 0, 0, 0, 0, 0, 0, 0, 0, 0, 0, 0,
       0, 0]), 'fpos': array([4, 5, 8, 8, 5, 8, 8, 8, 5, 2, 8, 8, 8, 7, 8, 8, 8, 8, 5, 4, 8, 8, 8,
       8, 7, 8, 8, 8, 8, 8, 8, 8, 8, 8, 8, 8, 8, 8, 8, 8, 8, 8, 8, 8, 8, 8,
       8, 8]), 'threshold': [-0.58201400477590393, -0.92472474187936426, -1.34178025954174, -1.2164959028279978, -0.954798350740716, -1.4126186528172806, -1.0803208545908376, -1.2794028294570479, -0.94888012187087778, -0.46841621357141661, -1.2751207171737622, -1.0763619011467367, -1.2358065494440254, -1.0209215733327004, -1.1456226541010566, -1.0886917980427409, -1.2389904412437629, -1.4672947304930044, -0.92459436624365954, -0.62265980113899144, -1.0860531209248681, -1.2728790025723415, -1.4047731783181086, -1.3024808666063956, -1.0356186244642187, -1.4387371067282295, -1.2986325940929042, -1.4998044280444076, -1.4201347319673419, -1.52563236917476, -1.251979348443768, -1.4321997772579735, -1.1847923343599145, -1.3667606401977295, -1.4151294834062123, -1.3434657415509075, -1.2346834357557806, -1.2134135249295368, -1.3916303944037509, -1.4603147705011719, -1.1083011237808029, -1.0905907623411146, -1.3623174232077886, -1.4727690770905113, -1.3290251763611329, -1.3064033227070231, -1.392255387750285, -1.4286314463909835], 'fneg': array([5, 3, 0, 0, 3, 0, 2, 0, 3, 5, 0, 2, 0, 2, 1, 2, 0, 0, 3, 4, 2, 0, 0,
       0, 2, 0, 0, 0, 0, 0, 0, 0, 1, 0, 0, 0, 0, 0, 0, 0, 2, 2, 0, 0, 0, 0,
       0, 0]), 'sensitivity': array([0.94117647, 1.0, 1.0, 1.0, 1.0, 1.0, 1.0, 1.0, 1.0, 0.82352941, 1.0,
       1.0, 1.0, 1.0, 1.0, 1.0, 1.0, 1.0, 1.0, 0.94117647, 1.0, 1.0, 1.0,
       1.0, 1.0, 1.0, 1.0, 1.0, 1.0, 1.0, 1.0, 1.0, 1.0, 1.0, 1.0, 1.0,
       1.0, 1.0, 1.0, 1.0, 1.0, 1.0, 1.0, 1.0, 1.0, 1.0, 1.0, 1.0]), 'tpos': array([2, 4, 7, 7, 4, 7, 5, 7, 4, 2, 7, 5, 7, 5, 6, 5, 7, 7, 4, 3, 5, 7, 7,
       7, 5, 7, 7, 7, 7, 7, 7, 7, 6, 7, 7, 7, 7, 7, 7, 7, 5, 5, 7, 7, 7, 7,
       7, 7])}], <Model object at 0x00000000000013B5>)
#gbm
([{'specificity': array([1.0, 0.50980392, 0.54901961, 0.15686275, 0.80392157, 0.92156863,
       0.43137255, 0.52941176, 0.2745098, 0.11764706, 0.76470588,
       0.45098039, 0.35294118, 0.29411765, 0.019607843, 0.94117647,
       0.62745098, 0.8627451, 0.66666667, 0.60784314, 0.21568627,
       0.31372549, 0.74509804, 0.98039216, 0.56862745, 0.58823529,
       0.49019608, 0.098039216, 0.1372549, 0.058823529, 0.39215686,
       0.039215686, 0.78431373, 0.82352941, 0.19607843, 0.84313725,
       0.37254902, 0.88235294, 0.17647059, 0.90196078, 0.64705882,
       0.7254902, 0.23529412, 0.33333333, 0.68627451, 0.47058824,
       0.96078431, 0.078431373, 0.41176471, 0.70588235, 0.25490196]), 'tneg': array([11,  5,  7,  1,  8, 10,  4,  7,  2,  1,  7,  4,  4,  2,  1, 10,  7,
        9,  7,  7,  2,  2,  7, 10,  7,  7,  4,  1,  1,  1,  4,  1,  8,  8,
        2,  9,  4,  9,  2, 10,  7,  7,  2,  3,  7,  4, 10,  1,  4,  7,  2]), 'fpos': array([ 1,  7,  5, 11,  4,  2,  8,  5, 10, 11,  5,  8,  8, 10, 11,  2,  5,
        3,  5,  5, 10, 10,  5,  2,  5,  5,  8, 11, 11, 11,  8, 11,  4,  4,
       10,  3,  8,  3, 10,  2,  5,  5, 10,  9,  5,  8,  2, 11,  8,  5, 10]), 'threshold': [-0.66232429113006352, -1.636264590493244, -1.6018673898161264, -1.8101738923583768, -1.4444533706448051, -1.2262330254704177, -1.7072064739227697, -1.6032148386080414, -1.7463270140413962, -1.8408557548826452, -1.5029972869074717, -1.6899706909466312, -1.729212348117666, -1.7439895294584922, -1.8844936512640587, -1.1712207783011039, -1.5673978385848515, -1.4178447154163278, -1.5521542348399682, -1.5804820609479742, -1.76468384090318, -1.7434919471097172, -1.5163067029946229, -0.92615283014128347, -1.5967255150539434, -1.5907729135979876, -1.6527327790829605, -1.8572998372109473, -1.8395488163636731, -1.8659618221714711, -1.7209389812428697, -1.8720671671471938, -1.4544458916610044, -1.430452452132472, -1.7665779937589048, -1.4248216106077118, -1.7251605825970975, -1.3985765590441739, -1.7756612013720539, -1.3643254916848451, -1.5619916054151957, -1.5197988086792589, -1.7641279632666322, -1.7366842039208503, -1.536783984521112, -1.6718476750301374, -0.97497585882706772, -1.8599196397441926, -1.7142726758678266, -1.5311831584114171, -1.7615014596433281], 'fneg': array([3, 0, 0, 0, 1, 2, 0, 0, 0, 0, 1, 0, 0, 0, 0, 2, 0, 1, 0, 0, 0, 0, 0,
       3, 0, 0, 0, 0, 0, 0, 0, 0, 1, 1, 0, 1, 0, 1, 0, 1, 0, 0, 0, 0, 0, 0,
       3, 0, 0, 0, 0]), 'sensitivity': array([0.75, 1.0, 1.0, 1.0, 1.0, 1.0, 1.0, 1.0, 1.0, 1.0, 1.0, 1.0, 1.0,
       1.0, 1.0, 1.0, 1.0, 1.0, 1.0, 1.0, 1.0, 1.0, 1.0, 0.91666667, 1.0,
       1.0, 1.0, 1.0, 1.0, 1.0, 1.0, 1.0, 1.0, 1.0, 1.0, 1.0, 1.0, 1.0,
       1.0, 1.0, 1.0, 1.0, 1.0, 1.0, 1.0, 1.0, 1.0, 1.0, 1.0, 1.0, 1.0]), 'tpos': array([2, 5, 5, 5, 4, 3, 5, 5, 5, 5, 4, 5, 5, 5, 5, 3, 5, 4, 5, 5, 5, 5, 5,
       2, 5, 5, 5, 5, 5, 5, 5, 5, 4, 4, 5, 4, 5, 4, 5, 4, 5, 5, 5, 5, 5, 5,
       2, 5, 5, 5, 5])}, {'specificity': array([1.0, 0.26530612, 0.55102041, 0.06122449, 0.44897959, 0.81632653,
       0.87755102, 0.97959184, 0.42857143, 0.63265306, 0.12244898,
       0.3877551, 0.89795918, 0.65306122, 0.7755102, 0.57142857,
       0.020408163, 0.93877551, 0.40816327, 0.83673469, 0.73469388,
       0.30612245, 0.91836735, 0.46938776, 0.75510204, 0.48979592,
       0.14285714, 0.16326531, 0.10204082, 0.71428571, 0.2244898,
       0.34693878, 0.85714286, 0.081632653, 0.69387755, 0.67346939,
       0.36734694, 0.28571429, 0.32653061, 0.20408163, 0.18367347,
       0.24489796, 0.59183673, 0.6122449, 0.79591837, 0.95918367,
       0.040816327, 0.53061224, 0.51020408]), 'tneg': array([13,  1,  4,  0,  4,  7,  8, 13,  3,  4,  1,  2,  9,  4,  6,  4,  0,
       10,  2,  7,  6,  1, 10,  4,  6,  4,  1,  1,  0,  4,  1,  2,  8,  0,
        4,  4,  2,  1,  1,  1,  1,  1,  4,  4,  7, 12,  0,  4,  4]), 'fpos': array([ 1, 13, 10, 14, 10,  7,  6,  1, 11, 10, 13, 12,  5, 10,  8, 10, 14,
        4, 12,  7,  8, 13,  4, 10,  8, 10, 13, 13, 14, 10, 13, 12,  6, 14,
       10, 10, 12, 13, 13, 13, 13, 13, 10, 10,  7,  2, 14, 10, 10]), 'threshold': [-0.36806068284731674, -1.650405124214321, -1.5359649168870437, -1.7827494472958361, -1.565347297477923, -1.3239268169152, -1.1956857502223159, -0.63909970605347588, -1.5739035871254705, -1.4818394265148023, -1.7328217554722021, -1.6126167768574984, -1.1481034138609179, -1.4653767794088903, -1.3462378570413305, -1.5342397540593435, -1.8149891535776439, -1.0616841701433806, -1.6032646265304964, -1.2968785982809967, -1.3903908492060622, -1.636712706846295, -1.0671913064935019, -1.5489750987130639, -1.3691600097075507, -1.5424644571728987, -1.7290343059910129, -1.7020624118910563, -1.7748859335715523, -1.420050175040217, -1.6730392583619529, -1.6198558759072825, -1.2162433358206493, -1.7823401630082849, -1.4566436194415389, -1.4635961091777747, -1.6159456100980232, -1.6421211667144922, -1.635815235076832, -1.6752964852971342, -1.7015002920818456, -1.6517746336396344, -1.5228366791547574, -1.4938510238935809, -1.3285955597970394, -0.98100683949147927, -1.7947382868045612, -1.5375320326539577, -1.5391941941732354], 'fneg': array([2, 1, 1, 0, 1, 1, 1, 1, 1, 1, 0, 1, 1, 1, 1, 1, 0, 1, 1, 1, 1, 1, 1,
       1, 1, 1, 0, 0, 0, 1, 1, 1, 1, 0, 1, 1, 1, 1, 1, 1, 0, 1, 1, 1, 1, 1,
       0, 1, 1]), 'sensitivity': array([0.8, 1.0, 1.0, 1.0, 1.0, 1.0, 1.0, 0.86666667, 1.0, 1.0, 1.0, 1.0,
       1.0, 1.0, 1.0, 1.0, 1.0, 1.0, 1.0, 1.0, 1.0, 1.0, 1.0, 1.0, 1.0,
       1.0, 1.0, 1.0, 1.0, 1.0, 1.0, 1.0, 1.0, 1.0, 1.0, 1.0, 1.0, 1.0,
       1.0, 1.0, 1.0, 1.0, 1.0, 1.0, 1.0, 1.0, 1.0, 1.0, 1.0]), 'tpos': array([0, 1, 1, 2, 1, 1, 1, 1, 1, 1, 2, 1, 1, 1, 1, 1, 2, 1, 1, 1, 1, 1, 1,
       1, 1, 1, 2, 2, 2, 1, 1, 1, 1, 2, 1, 1, 1, 1, 1, 1, 2, 1, 1, 1, 1, 1,
       2, 1, 1])}, {'specificity': array([1.0, 0.3, 0.22, 0.7, 0.18, 0.64, 0.82, 0.8, 0.9, 0.94, 0.86, 0.44,
       0.74, 0.32, 0.92, 0.56, 0.4, 0.5, 0.06, 0.84, 0.36, 0.16, 0.62, 0.6,
       0.54, 0.96, 0.78, 0.08, 0.26, 0.04, 0.1, 0.58, 0.14, 0.68, 0.88,
       0.38, 0.76, 0.34, 0.66, 0.12, 0.72, 0.42, 0.24, 0.46, 0.2, 0.48,
       0.98, 0.02, 0.52, 0.28]), 'tneg': array([13,  4,  1,  5,  1,  5,  8,  8, 11, 11, 10,  5,  5,  4, 11,  5,  4,
        5,  1, 10,  4,  1,  5,  5,  5, 11,  6,  1,  2,  1,  1,  5,  1,  5,
       11,  4,  6,  4,  5,  1,  5,  4,  1,  5,  1,  5, 11,  1,  5,  3]), 'fpos': array([ 0,  9, 12,  8, 12,  8,  5,  5,  2,  2,  3,  8,  8,  9,  2,  8,  9,
        8, 12,  3,  9, 12,  8,  8,  8,  2,  7, 12, 11, 12, 12,  8, 12,  8,
        2,  9,  7,  9,  8, 12,  8,  9, 12,  8, 12,  8,  2, 12,  8, 10]), 'threshold': [-0.28724998459886414, -1.1665166510115697, -1.225703522732676, -1.0397741074738369, -1.2278205779231461, -1.0741014728018747, -0.95456927329659447, -0.96288848085582279, -0.793274975661246, -0.76816231947021019, -0.8944047993066947, -1.1187297883685443, -1.0052220652745196, -1.1594689448069813, -0.79038335437160889, -1.1043492531335928, -1.137026361271493, -1.1163466114270861, -1.2597715139521166, -0.89593090482849791, -1.1409786209365429, -1.2293682872440721, -1.0807128088402778, -1.0834010962044158, -1.1129467776481181, -0.73080660520445773, -0.9982406133441204, -1.2469753657521132, -1.1920815193482317, -1.2650579591268667, -1.2441370392097897, -1.085457532426662, -1.2312226437195153, -1.053398256852234, -0.82031329244952156, -1.1380131927346295, -1.0004443225715727, -1.1469756278586545, -1.0599581163841705, -1.2423293982955412, -1.0133422122895455, -1.1322950784739703, -1.2204823914451266, -1.1169827850381469, -1.2261414534579578, -1.1166378496738803, -0.70846511728574935, -1.2745220785638354, -1.1151257709254492, -1.187742352899573], 'fneg': array([1, 0, 0, 0, 0, 0, 0, 0, 0, 0, 0, 0, 0, 0, 0, 0, 0, 0, 0, 0, 0, 0, 0,
       0, 0, 0, 0, 0, 0, 0, 0, 0, 0, 0, 0, 0, 0, 0, 0, 0, 0, 0, 0, 0, 0, 0,
       0, 0, 0, 0]), 'sensitivity': array([0.64285714, 1.0, 1.0, 1.0, 1.0, 1.0, 1.0, 1.0, 0.92857143,
       0.92857143, 1.0, 1.0, 1.0, 1.0, 0.92857143, 1.0, 1.0, 1.0, 1.0, 1.0,
       1.0, 1.0, 1.0, 1.0, 1.0, 0.92857143, 1.0, 1.0, 1.0, 1.0, 1.0, 1.0,
       1.0, 1.0, 1.0, 1.0, 1.0, 1.0, 1.0, 1.0, 1.0, 1.0, 1.0, 1.0, 1.0,
       1.0, 0.92857143, 1.0, 1.0, 1.0]), 'tpos': array([2, 3, 3, 3, 3, 3, 3, 3, 3, 3, 3, 3, 3, 3, 3, 3, 3, 3, 3, 3, 3, 3, 3,
       3, 3, 3, 3, 3, 3, 3, 3, 3, 3, 3, 3, 3, 3, 3, 3, 3, 3, 3, 3, 3, 3, 3,
       3, 3, 3, 3])}, {'specificity': array([0.39215686, 0.41176471, 0.078431373, 0.84313725, 0.74509804,
       0.80392157, 0.92156863, 0.82352941, 0.31372549, 0.43137255,
       0.96078431, 0.58823529, 0.52941176, 0.21568627, 0.17647059,
       0.94117647, 0.56862745, 0.098039216, 0.35294118, 1.0, 0.98039216,
       0.37254902, 0.7254902, 0.29411765, 0.88235294, 0.45098039,
       0.70588235, 0.8627451, 0.11764706, 0.19607843, 0.058823529,
       0.68627451, 0.039215686, 0.62745098, 0.76470588, 0.78431373,
       0.60784314, 0.25490196, 0.1372549, 0.54901961, 0.50980392,
       0.64705882, 0.49019608, 0.2745098, 0.47058824, 0.66666667,
       0.33333333, 0.90196078, 0.019607843, 0.23529412, 0.15686275]), 'tneg': array([ 1,  1,  1,  5,  4,  5,  8,  5,  1,  1,  9,  2,  2,  1,  1,  8,  2,
        1,  1, 10, 10,  1,  3,  1,  5,  2,  3,  5,  1,  1,  0,  3,  0,  3,
        4,  5,  3,  1,  1,  2,  2,  3,  2,  1,  2,  3,  1,  5,  0,  1,  1]), 'fpos': array([11, 11, 11,  7,  8,  7,  4,  7, 11, 11,  3, 10, 10, 11, 11,  4, 10,
       11, 11,  2,  2, 11,  9, 11,  7, 10,  9,  7, 11, 11, 12,  9, 12,  9,
        8,  7,  9, 11, 11, 10, 10,  9, 10, 11, 10,  9, 11,  7, 12, 11, 11]), 'threshold': [-1.9436575666482148, -1.9434453537279819, -2.1636719947725767, -1.5169857418714812, -1.6982257270233556, -1.5575678788852547, -1.1855204492686169, -1.5513768248288342, -1.9860645057322255, -1.9426708165824833, -1.0486051523521374, -1.822949184838349, -1.8684412210805732, -2.0072925725631259, -2.0210888469326291, -1.130080185673435, -1.8293098807164454, -2.1431908742862413, -1.965958993478397, -0.64417399094393013, -0.788774314439881, -1.94620633855529, -1.7054099538426568, -1.9873004306614466, -1.363229845007498, -1.9222637302314491, -1.7106750148451824, -1.3719645670987866, -2.1312984437277742, -2.0103686267323417, -2.1870813826199034, -1.7121179252867746, -2.2025001533256821, -1.7601802406031595, -1.622326535631812, -1.5609142400252969, -1.7838713425180115, -1.9941424152620342, -2.0563927018585235, -1.8545330888783469, -1.8737761475368409, -1.7419103357731005, -1.8868456660099124, -1.990939970917422, -1.8933782117539726, -1.7237430793778359, -1.9818098292281856, -1.3277825389048108, -2.2418825556299646, -2.001209636370533, -2.0476582995129102], 'fneg': array([1, 1, 0, 1, 1, 1, 1, 1, 1, 1, 2, 1, 1, 1, 1, 2, 1, 0, 1, 2, 2, 1, 1,
       1, 1, 1, 1, 1, 0, 1, 0, 1, 0, 1, 1, 1, 1, 1, 1, 1, 1, 1, 1, 1, 1, 1,
       1, 1, 0, 1, 1]), 'sensitivity': array([1.0, 1.0, 1.0, 1.0, 1.0, 1.0, 1.0, 1.0, 1.0, 1.0, 1.0, 1.0, 1.0,
       1.0, 1.0, 1.0, 1.0, 1.0, 1.0, 0.92307692, 1.0, 1.0, 1.0, 1.0, 1.0,
       1.0, 1.0, 1.0, 1.0, 1.0, 1.0, 1.0, 1.0, 1.0, 1.0, 1.0, 1.0, 1.0,
       1.0, 1.0, 1.0, 1.0, 1.0, 1.0, 1.0, 1.0, 1.0, 1.0, 1.0, 1.0, 1.0]), 'tpos': array([3, 3, 4, 3, 3, 3, 3, 3, 3, 3, 2, 3, 3, 3, 3, 2, 3, 4, 3, 2, 2, 3, 3,
       3, 3, 3, 3, 3, 4, 3, 4, 3, 4, 3, 3, 3, 3, 3, 3, 3, 3, 3, 3, 3, 3, 3,
       3, 3, 4, 3, 3])}, {'specificity': array([1.0, 0.41176471, 0.37254902, 0.52941176, 0.098039216, 0.29411765,
       0.94117647, 0.80392157, 0.92156863, 0.98039216, 0.76470588,
       0.47058824, 0.39215686, 0.74509804, 0.68627451, 0.31372549,
       0.17647059, 0.058823529, 0.7254902, 0.078431373, 0.58823529,
       0.90196078, 0.82352941, 0.84313725, 0.64705882, 0.66666667,
       0.33333333, 0.88235294, 0.1372549, 0.019607843, 0.039215686,
       0.23529412, 0.8627451, 0.96078431, 0.15686275, 0.54901961,
       0.35294118, 0.56862745, 0.11764706, 0.45098039, 0.78431373,
       0.2745098, 0.43137255, 0.49019608, 0.19607843, 0.62745098,
       0.60784314, 0.50980392, 0.25490196, 0.70588235, 0.21568627]), 'tneg': array([9, 4, 4, 4, 3, 3, 8, 5, 7, 9, 4, 4, 4, 4, 4, 3, 3, 3, 4, 3, 4, 7, 5,
       5, 4, 4, 3, 7, 3, 3, 3, 3, 5, 9, 3, 4, 3, 4, 3, 4, 4, 3, 4, 4, 3, 4,
       4, 4, 3, 4, 3]), 'fpos': array([3, 8, 8, 8, 9, 9, 4, 7, 5, 3, 8, 8, 8, 8, 8, 9, 9, 9, 8, 9, 8, 5, 7,
       7, 8, 8, 9, 5, 9, 9, 9, 9, 7, 3, 9, 8, 9, 8, 9, 8, 8, 9, 8, 8, 9, 8,
       8, 8, 9, 8, 9]), 'threshold': [-0.084045350942940078, -1.9888480282462515, -2.0037638702017038, -1.9331457713104843, -2.0990409501772893, -2.0515045751227836, -0.95406720308699977, -1.6462118372618066, -1.1026105634378631, -0.6852858258521598, -1.683626389231941, -1.9512545457688477, -1.9994771525411783, -1.7064953049454881, -1.8486535292892361, -2.035936157043452, -2.0855651487101352, -2.1310464178869042, -1.7255954858083289, -2.1253387719254411, -1.8915972661867662, -1.1845611403953329, -1.6438883718787578, -1.6142223440654018, -1.8710211374145676, -1.861776588079836, -2.0196935919198458, -1.270615816511171, -2.0932840144690039, -2.1666477823094721, -2.1434729712189715, -2.0701859772398761, -1.3993904325283242, -0.92586320099038588, -2.0856057978359859, -1.9141878668682915, -2.0128295532492984, -1.9124168037455447, -2.0949781600611614, -1.9625792584593331, -1.6680955976411402, -2.0542543643496582, -1.9704194025127504, -1.9385818965285113, -2.0769095533822126, -1.8842251786213042, -1.8864914595228213, -1.9368808233858246, -2.067015435469016, -1.8282883184261276, -2.0748584573577031], 'fneg': array([3, 0, 0, 1, 0, 0, 2, 1, 2, 2, 1, 0, 0, 1, 1, 0, 0, 0, 1, 0, 1, 2, 1,
       1, 1, 1, 0, 2, 0, 0, 0, 0, 2, 2, 0, 1, 0, 1, 0, 0, 1, 0, 0, 1, 0, 1,
       1, 1, 0, 1, 0]), 'sensitivity': array([0.85714286, 1.0, 1.0, 1.0, 1.0, 1.0, 0.92857143, 1.0, 1.0,
       0.85714286, 1.0, 1.0, 1.0, 1.0, 1.0, 1.0, 1.0, 1.0, 1.0, 1.0, 1.0,
       1.0, 1.0, 1.0, 1.0, 1.0, 1.0, 1.0, 1.0, 1.0, 1.0, 1.0, 1.0,
       0.92857143, 1.0, 1.0, 1.0, 1.0, 1.0, 1.0, 1.0, 1.0, 1.0, 1.0, 1.0,
       1.0, 1.0, 1.0, 1.0, 1.0, 1.0]), 'tpos': array([0, 3, 3, 2, 3, 3, 1, 2, 1, 1, 2, 3, 3, 2, 2, 3, 3, 3, 2, 3, 2, 1, 2,
       2, 2, 2, 3, 1, 3, 3, 3, 3, 1, 1, 3, 2, 3, 2, 3, 3, 2, 3, 3, 2, 3, 2,
       2, 2, 3, 2, 3])}], <Model object at 0x0000000000001A0C>)
#gbm
([{'specificity': array([0.95744681, 0.4893617, 0.085106383, 0.78723404, 0.29787234,
       0.76595745, 0.93617021, 0.38297872, 0.40425532, 0.19148936,
       0.80851064, 0.61702128, 0.21276596, 0.9787234, 0.55319149,
       0.72340426, 0.5106383, 0.46808511, 0.23404255, 0.89361702, 1.0,
       0.27659574, 0.10638298, 0.063829787, 0.25531915, 0.12765957,
       0.53191489, 0.021276596, 0.57446809, 0.14893617, 0.36170213,
       0.42553191, 0.65957447, 0.34042553, 0.44680851, 0.70212766,
       0.17021277, 0.68085106, 0.042553191, 0.87234043, 0.63829787,
       0.82978723, 0.74468085, 0.85106383, 0.91489362, 0.31914894,
       0.59574468]), 'tneg': array([11,  3,  2,  7,  3,  7, 10,  3,  3,  3,  7,  6,  3, 11,  5,  6,  3,
        3,  3,  9, 12,  3,  2,  2,  3,  2,  5,  0,  5,  2,  3,  3,  6,  3,
        3,  6,  3,  6,  1,  9,  6,  8,  6,  9,  9,  3,  5]), 'fpos': array([ 2, 10, 11,  6, 10,  6,  3, 10, 10, 10,  6,  7, 10,  2,  8,  7, 10,
       10, 10,  4,  1, 10, 11, 11, 10, 11,  8, 13,  8, 11, 10, 10,  7, 10,
       10,  7, 10,  7, 12,  4,  7,  5,  7,  4,  4, 10,  8]), 'threshold': [-0.48206513917237648, -1.2121687894433231, -1.3631373551467294, -1.008309025800562, -1.2671415139812325, -1.0208482319252841, -0.60839699201421993, -1.2416859007098553, -1.2407755835211518, -1.3041450494996558, -0.992878067120513, -1.113789620828586, -1.3039952669453903, -0.45427886088389835, -1.1665100638690491, -1.0461242820942491, -1.1983463830795951, -1.2160561151466682, -1.2978925423322127, -0.74649723713924709, -0.27237941386489639, -1.2739903127412864, -1.357212113004844, -1.366539449508243, -1.2887046374779492, -1.3554970816486602, -1.1710952347016841, -1.4211630126591903, -1.1481703595586454, -1.3481130106701229, -1.2484479492645013, -1.2347041759953963, -1.093596992637941, -1.2489415567532918, -1.2183747258424165, -1.0620054402859194, -1.304616402864252, -1.0690272337455875, -1.3875532503954513, -0.86105724074576973, -1.1084277379957668, -0.9201886070838261, -1.0408969336498353, -0.8776732106372408, -0.74503042203504144, -1.2576219936459248, -1.1368629048548615], 'fneg': array([2, 0, 0, 1, 0, 1, 2, 0, 0, 0, 1, 0, 0, 2, 0, 1, 0, 0, 0, 1, 3, 0, 0,
       0, 0, 0, 0, 0, 0, 0, 0, 0, 1, 0, 0, 1, 0, 1, 0, 1, 0, 1, 1, 1, 1, 0,
       0]), 'sensitivity': array([0.94117647, 1.0, 1.0, 1.0, 1.0, 1.0, 0.94117647, 1.0, 1.0, 1.0, 1.0,
       1.0, 1.0, 0.94117647, 1.0, 1.0, 1.0, 1.0, 1.0, 1.0, 0.76470588, 1.0,
       1.0, 1.0, 1.0, 1.0, 1.0, 1.0, 1.0, 1.0, 1.0, 1.0, 1.0, 1.0, 1.0,
       1.0, 1.0, 1.0, 1.0, 1.0, 1.0, 1.0, 1.0, 1.0, 1.0, 1.0, 1.0]), 'tpos': array([2, 4, 4, 3, 4, 3, 2, 4, 4, 4, 3, 4, 4, 2, 4, 3, 4, 4, 4, 3, 1, 4, 4,
       4, 4, 4, 4, 4, 4, 4, 4, 4, 3, 4, 4, 3, 4, 3, 4, 3, 4, 3, 3, 3, 3, 4,
       4])}, {'specificity': array([0.97826087, 0.76086957, 0.17391304, 0.7826087, 0.52173913,
       0.91304348, 0.89130435, 0.58695652, 0.60869565, 0.41304348, 0.5,
       0.63043478, 0.34782609, 0.19565217, 0.43478261, 0.95652174,
       0.39130435, 0.67391304, 0.82608696, 0.93478261, 1.0, 0.45652174,
       0.69565217, 0.54347826, 0.13043478, 0.10869565, 0.7173913,
       0.065217391, 0.73913043, 0.2173913, 0.30434783, 0.84782609,
       0.32608696, 0.86956522, 0.02173913, 0.56521739, 0.26086957,
       0.23913043, 0.15217391, 0.65217391, 0.47826087, 0.2826087,
       0.043478261, 0.36956522, 0.80434783, 0.086956522]), 'tneg': array([14,  7,  1,  7,  4, 12, 12,  5,  5,  3,  4,  5,  1,  1,  3, 13,  3,
        6,  7, 12, 14,  4,  6,  4,  1,  1,  7,  1,  7,  1,  1, 10,  1, 12,
        0,  5,  1,  1,  1,  6,  4,  1,  1,  3,  7,  1]), 'fpos': array([ 0,  7, 13,  7, 10,  2,  2,  9,  9, 11, 10,  9, 13, 13, 11,  1, 11,
        8,  7,  2,  0, 10,  8, 10, 13, 13,  7, 13,  7, 13, 13,  4, 13,  2,
       14,  9, 13, 13, 13,  8, 10, 13, 13, 11,  7, 13]), 'threshold': [-0.39888467203247779, -0.93985081270220938, -1.1986242860293452, -0.92482461670390514, -1.0178109358186862, -0.609026213731575, -0.62724387670315018, -0.99297136666015251, -0.98610119350166436, -1.0643741984450228, -1.0377617144326434, -0.98506176365669162, -1.141979436570191, -1.1909995616588267, -1.0511612598956908, -0.51557122448943693, -1.0969006153625733, -0.96210427593991121, -0.91457179099204322, -0.59477415535809119, -0.1239885363160015, -1.0441942519851233, -0.95441526430821, -1.0079089247074717, -1.2327727018326014, -1.2409221282181235, -0.95079399188854186, -1.2552635438864392, -0.94432654984896958, -1.1858613868023327, -1.1555374417383462, -0.81188407245276406, -1.1458029396689196, -0.73762030495376385, -1.2953277023058454, -1.0038227180591746, -1.1621872448141009, -1.1754927360611871, -1.2085494971252244, -0.97082576263549714, -1.0404545908419061, -1.1581674603737364, -1.2643760236795296, -1.0973238826324963, -0.92062676277286382, -1.2417452796304624], 'fneg': array([2, 0, 0, 0, 0, 2, 2, 0, 0, 0, 0, 0, 0, 0, 0, 2, 0, 0, 0, 2, 2, 0, 0,
       0, 0, 0, 0, 0, 0, 0, 0, 0, 0, 1, 0, 0, 0, 0, 0, 0, 0, 0, 0, 0, 0, 0]), 'sensitivity': array([0.94736842, 1.0, 1.0, 1.0, 1.0, 1.0, 1.0, 1.0, 1.0, 1.0, 1.0, 1.0,
       1.0, 1.0, 1.0, 1.0, 1.0, 1.0, 1.0, 1.0, 0.78947368, 1.0, 1.0, 1.0,
       1.0, 1.0, 1.0, 1.0, 1.0, 1.0, 1.0, 1.0, 1.0, 1.0, 1.0, 1.0, 1.0,
       1.0, 1.0, 1.0, 1.0, 1.0, 1.0, 1.0, 1.0, 1.0]), 'tpos': array([0, 2, 2, 2, 2, 0, 0, 2, 2, 2, 2, 2, 2, 2, 2, 0, 2, 2, 2, 0, 0, 2, 2,
       2, 2, 2, 2, 2, 2, 2, 2, 2, 2, 1, 2, 2, 2, 2, 2, 2, 2, 2, 2, 2, 2, 2])}, {'specificity': array([0.72916667, 0.20833333, 0.625, 0.60416667, 0.66666667, 0.95833333,
       1.0, 0.97916667, 0.29166667, 0.47916667, 0.875, 0.8125, 0.1875,
       0.14583333, 0.375, 0.79166667, 0.77083333, 0.64583333, 0.35416667,
       0.54166667, 0.39583333, 0.70833333, 0.6875, 0.10416667, 0.083333333,
       0.0625, 0.45833333, 0.3125, 0.5, 0.75, 0.89583333, 0.33333333,
       0.58333333, 0.83333333, 0.16666667, 0.85416667, 0.25, 0.27083333,
       0.125, 0.5625, 0.4375, 0.91666667, 0.41666667, 0.9375, 0.020833333,
       0.22916667, 0.52083333, 0.041666667]), 'tneg': array([5, 1, 3, 3, 4, 5, 7, 5, 2, 3, 5, 5, 1, 1, 3, 5, 5, 4, 3, 3, 3, 4, 4,
       1, 1, 1, 3, 2, 3, 5, 5, 3, 3, 5, 1, 5, 2, 2, 1, 3, 3, 5, 3, 5, 0, 2,
       3, 1]), 'fpos': array([ 7, 11,  9,  9,  8,  7,  5,  7, 10,  9,  7,  7, 11, 11,  9,  7,  7,
        8,  9,  9,  9,  8,  8, 11, 11, 11,  9, 10,  9,  7,  7,  9,  9,  7,
       11,  7, 10, 10, 11,  9,  9,  7,  9,  7, 12, 10,  9, 11]), 'threshold': [-1.082571665835028, -1.2871242535657401, -1.1311198508231104, -1.1311344375667425, -1.1104938353205278, -0.79482665891222226, -0.58794488822079227, -0.78266119364438447, -1.2245261701020644, -1.1712683338943624, -0.95847583655724233, -0.98209622855550827, -1.2907598926892649, -1.298031170822616, -1.1888081472667271, -1.0224473621643135, -1.0387135661426443, -1.1198708124456256, -1.1900964259163933, -1.1512538950552442, -1.1849490593931513, -1.0973511331198065, -1.1046134921655697, -1.334334182091987, -1.3732657737398282, -1.3774774524358926, -1.1778195547509547, -1.2080082699243184, -1.1706498732036859, -1.0477213628303239, -0.93837008983806891, -1.193838989223847, -1.1364182705741817, -0.979106654284541, -1.2975863023706211, -0.96383384312402476, -1.2678811025616719, -1.2404066218000083, -1.3013612603870952, -1.147178767779274, -1.18156031324864, -0.82361260615594412, -1.1830464381074297, -0.80725796138303341, -1.4170935978121273, -1.2773713942099896, -1.1522491831721973, -1.3796255204314485], 'fneg': array([0, 0, 0, 0, 0, 1, 3, 1, 0, 0, 0, 0, 0, 0, 0, 0, 0, 0, 0, 0, 0, 0, 0,
       0, 0, 0, 0, 0, 0, 0, 0, 0, 0, 0, 0, 0, 0, 0, 0, 0, 0, 1, 0, 1, 0, 0,
       0, 0]), 'sensitivity': array([1.0, 1.0, 1.0, 1.0, 1.0, 1.0, 1.0, 1.0, 1.0, 1.0, 1.0, 1.0, 1.0,
       1.0, 1.0, 1.0, 1.0, 1.0, 1.0, 1.0, 1.0, 1.0, 1.0, 1.0, 1.0, 1.0,
       1.0, 1.0, 1.0, 1.0, 1.0, 1.0, 1.0, 1.0, 1.0, 1.0, 1.0, 1.0, 1.0,
       1.0, 1.0, 1.0, 1.0, 1.0, 1.0, 1.0, 1.0, 1.0]), 'tpos': array([4, 4, 4, 4, 4, 3, 1, 3, 4, 4, 4, 4, 4, 4, 4, 4, 4, 4, 4, 4, 4, 4, 4,
       4, 4, 4, 4, 4, 4, 4, 4, 4, 4, 4, 4, 4, 4, 4, 4, 4, 4, 3, 4, 3, 4, 4,
       4, 4])}, {'specificity': array([0.94117647, 0.50980392, 0.7254902, 0.66666667, 0.45098039,
       0.52941176, 0.74509804, 0.80392157, 0.25490196, 0.68627451,
       0.58823529, 0.56862745, 1.0, 0.84313725, 0.98039216, 0.41176471,
       0.31372549, 0.76470588, 0.88235294, 0.82352941, 0.21568627,
       0.49019608, 0.47058824, 0.098039216, 0.54901961, 0.019607843,
       0.039215686, 0.39215686, 0.058823529, 0.78431373, 0.17647059,
       0.62745098, 0.60784314, 0.92156863, 0.23529412, 0.37254902,
       0.33333333, 0.90196078, 0.29411765, 0.15686275, 0.70588235,
       0.19607843, 0.1372549, 0.43137255, 0.8627451, 0.35294118, 0.2745098,
       0.96078431, 0.078431373, 0.64705882, 0.11764706]), 'tneg': array([8, 4, 4, 4, 3, 4, 5, 5, 1, 4, 4, 4, 9, 6, 9, 2, 2, 5, 7, 5, 0, 4, 3,
       0, 4, 0, 0, 2, 0, 5, 0, 4, 4, 7, 1, 2, 2, 7, 2, 0, 4, 0, 0, 2, 6, 2,
       1, 8, 0, 4, 0]), 'fpos': array([1, 5, 5, 5, 6, 5, 4, 4, 8, 5, 5, 5, 0, 3, 0, 7, 7, 4, 2, 4, 9, 5, 6,
       9, 5, 9, 9, 7, 9, 4, 9, 5, 5, 2, 8, 7, 7, 2, 7, 9, 5, 9, 9, 7, 3, 7,
       8, 1, 9, 5, 9]), 'threshold': [-0.84282179123904211, -1.1833346680831622, -1.1130061048621605, -1.1259421557611544, -1.1983140273467217, -1.1783292168543695, -1.1054260485704526, -1.0851934836484682, -1.2767550719390861, -1.1185974956394449, -1.1585023399211432, -1.1741968847559394, -0.65479969634491419, -1.058258716643895, -0.68548335881583866, -1.222558574568013, -1.2415767040392562, -1.1041014881278326, -1.01825070473238, -1.065399501448757, -1.2960951425036225, -1.1834041267495095, -1.1951604927349946, -1.3610099001621299, -1.1749552945716009, -1.3791341670972108, -1.3732439834009158, -1.2234925185195413, -1.36518619452792, -1.1021904522650259, -1.3290634648095976, -1.1537648001711414, -1.1583782182618008, -0.92069070252490748, -1.2773709460750866, -1.2238925095910105, -1.2293736124465833, -0.92112078200874, -1.2432028625435083, -1.3452299057735604, -1.1132299821084872, -1.3147598246086187, -1.3499629994989748, -1.2148217604603526, -1.05494074833762, -1.2275109525779298, -1.2580086092757825, -0.77357544839278569, -1.3641421260847328, -1.1485773085114297, -1.3533100260476545], 'fneg': array([5, 1, 2, 2, 1, 1, 2, 2, 0, 2, 1, 1, 6, 2, 5, 1, 1, 2, 2, 2, 0, 1, 1,
       0, 1, 0, 0, 1, 0, 2, 0, 1, 1, 3, 0, 1, 1, 3, 1, 0, 2, 0, 0, 1, 2, 1,
       0, 5, 0, 1, 0]), 'sensitivity': array([1.0, 1.0, 1.0, 1.0, 1.0, 1.0, 1.0, 1.0, 1.0, 1.0, 1.0, 1.0,
       0.85714286, 1.0, 0.85714286, 1.0, 1.0, 1.0, 1.0, 1.0, 1.0, 1.0, 1.0,
       1.0, 1.0, 1.0, 1.0, 1.0, 1.0, 1.0, 1.0, 1.0, 1.0, 1.0, 1.0, 1.0,
       1.0, 1.0, 1.0, 1.0, 1.0, 1.0, 1.0, 1.0, 1.0, 1.0, 1.0, 1.0, 1.0,
       1.0, 1.0]), 'tpos': array([2, 6, 5, 5, 6, 6, 5, 5, 7, 5, 6, 6, 1, 5, 2, 6, 6, 5, 5, 5, 7, 6, 6,
       7, 6, 7, 7, 6, 7, 5, 7, 6, 6, 4, 7, 6, 6, 4, 6, 7, 5, 7, 7, 6, 5, 6,
       7, 2, 7, 6, 7])}, {'specificity': array([0.95833333, 0.29166667, 0.72916667, 0.83333333, 0.875, 0.9375,
       0.97916667, 0.79166667, 0.4375, 0.5625, 0.3125, 0.8125, 0.27083333,
       0.39583333, 0.89583333, 0.60416667, 0.375, 0.33333333, 0.41666667,
       0.52083333, 0.91666667, 1.0, 0.625, 0.77083333, 0.125, 0.47916667,
       0.20833333, 0.35416667, 0.020833333, 0.25, 0.14583333, 0.66666667,
       0.64583333, 0.54166667, 0.45833333, 0.6875, 0.58333333, 0.041666667,
       0.70833333, 0.1875, 0.10416667, 0.083333333, 0.75, 0.5, 0.85416667,
       0.16666667, 0.22916667, 0.0625]), 'tneg': array([12,  1,  6,  9, 10, 12, 12,  8,  4,  5,  2,  9,  0,  2, 11,  6,  2,
        2,  3,  5, 11, 12,  6,  7,  0,  5,  0,  2,  0,  0,  0,  6,  6,  5,
        5,  6,  5,  0,  6,  0,  0,  0,  6,  5, 10,  0,  0,  0]), 'fpos': array([ 0, 11,  6,  3,  2,  0,  0,  4,  8,  7, 10,  3, 12, 10,  1,  6, 10,
       10,  9,  7,  1,  0,  6,  5, 12,  7, 12, 10, 12, 12, 12,  6,  6,  7,
        7,  6,  7, 12,  6, 12, 12, 12,  6,  7,  2, 12, 12, 12]), 'threshold': [-0.501467783510007, -1.0008367121314421, -0.83968651842213793, -0.753923799098896, -0.6995503977612415, -0.54409468055834165, -0.44483380286059948, -0.800671232091496, -0.95625261497174974, -0.91482845153190906, -0.99501453732618172, -0.77297831011396045, -1.0107108310661743, -0.97189504179484321, -0.60108669872947507, -0.87119164565197271, -0.97229989556495222, -0.98763613759699209, -0.96519939496241813, -0.93619703121476339, -0.5694596456069364, -0.18442000508536879, -0.8632816176926531, -0.81082521502841776, -1.0527168121992696, -0.93957146977307182, -1.0272204834921774, -0.9744008931921051, -1.0872079096367253, -1.0244279519331903, -1.0504283465704725, -0.85758221977456417, -0.86107515170966864, -0.91525552888170769, -0.940377411880749, -0.85082360752692321, -0.90982935723643465, -1.0816504006091168, -0.84432547729639318, -1.0313731037506004, -1.0567200653373032, -1.0567620172173808, -0.81445889207794364, -0.93948512505647486, -0.73792627322945314, -1.0363678447718703, -1.0247524262277883, -1.0791699816330809], 'fneg': array([3, 0, 2, 3, 3, 3, 3, 3, 0, 1, 0, 3, 0, 0, 3, 2, 0, 0, 0, 1, 3, 3, 2,
       2, 0, 1, 0, 0, 0, 0, 0, 2, 2, 1, 1, 2, 1, 0, 2, 0, 0, 0, 2, 1, 3, 0,
       0, 0]), 'sensitivity': array([1.0, 1.0, 1.0, 1.0, 1.0, 1.0, 1.0, 1.0, 1.0, 1.0, 1.0, 1.0, 1.0,
       1.0, 1.0, 1.0, 1.0, 1.0, 1.0, 1.0, 1.0, 0.64705882, 1.0, 1.0, 1.0,
       1.0, 1.0, 1.0, 1.0, 1.0, 1.0, 1.0, 1.0, 1.0, 1.0, 1.0, 1.0, 1.0,
       1.0, 1.0, 1.0, 1.0, 1.0, 1.0, 1.0, 1.0, 1.0, 1.0]), 'tpos': array([1, 4, 2, 1, 1, 1, 1, 1, 4, 3, 4, 1, 4, 4, 1, 2, 4, 4, 4, 3, 1, 1, 2,
       2, 4, 3, 4, 4, 4, 4, 4, 2, 2, 3, 3, 2, 3, 4, 2, 4, 4, 4, 2, 3, 1, 4,
       4, 4])}], <Model object at 0x0000000000002063>)
