#lasso
([{'specificity': array([0.2195122, 0.70731707, 0.85365854, 0.24390244, 0.36585366,
       0.31707317, 0.53658537, 0.73170732, 0.75609756, 0.56097561,
       0.87804878, 0.43902439, 0.97560976, 0.90243902, 0.82926829,
       0.19512195, 0.65853659, 0.29268293, 0.097560976, 0.48780488,
       0.26829268, 0.92682927, 0.048780488, 0.3902439, 0.58536585,
       0.14634146, 0.51219512, 1.0, 0.34146341, 0.073170732, 0.80487805,
       0.63414634, 0.6097561, 0.7804878, 0.68292683, 0.46341463,
       0.12195122, 0.41463415, 0.95121951, 0.024390244, 0.17073171]), 'tneg': array([11, 12, 12, 11, 12, 11, 12, 12, 12, 12, 12, 12, 12, 12, 12, 11, 12,
       11,  3, 12, 11, 12,  3, 12, 12, 10, 12, 12, 11,  3, 12, 12, 12, 12,
       12, 12,  8, 12, 12,  0, 11]), 'fpos': array([ 1,  0,  0,  1,  0,  1,  0,  0,  0,  0,  0,  0,  0,  0,  0,  1,  0,
        1,  9,  0,  1,  0,  9,  0,  0,  2,  0,  0,  1,  9,  0,  0,  0,  0,
        0,  0,  4,  0,  0, 12,  1]), 'threshold': [1.9575582671327885, 2.0872651348910045, 2.1550109202871766, 1.9590256767131744, 1.9838904927079326, 1.9755906376728072, 2.0449342579303575, 2.0885326010843812, 2.1310104531646039, 2.04596375798004, 2.1586535656780952, 2.0211112732402432, 2.2142072262308212, 2.1648618487955265, 2.1522865311813066, 1.951995998358607, 2.0779132090748846, 1.9681503156531022, 1.8736161658694479, 2.0386093468790176, 1.9630186760258224, 2.1728878605710991, 1.8617362240129431, 1.9891298704494671, 2.0550287989936256, 1.9297529233120754, 2.0443171865697525, 2.2375926820287209, 1.9766466048218816, 1.8719351460830489, 2.143414519853585, 2.0560212268338773, 2.0558119358667888, 2.1429744946460487, 2.0811079105547567, 2.0267303117411557, 1.9203915454295621, 1.9910889509388594, 2.1851264563298338, 1.758597282385552, 1.9453704050664347], 'fneg': array([3, 5, 5, 3, 5, 5, 5, 5, 5, 5, 5, 5, 5, 5, 5, 3, 5, 4, 0, 5, 3, 5, 0,
       5, 5, 2, 5, 5, 5, 0, 5, 5, 5, 5, 5, 5, 2, 5, 5, 0, 3]), 'sensitivity': array([0.23809524, 0.095238095, 0.047619048, 0.23809524, 0.23809524,
       0.23809524, 0.095238095, 0.095238095, 0.047619048, 0.095238095,
       0.047619048, 0.14285714, 0.0, 0.047619048, 0.047619048, 0.28571429,
       0.095238095, 0.23809524, 0.57142857, 0.095238095, 0.23809524,
       0.047619048, 0.66666667, 0.23809524, 0.095238095, 0.28571429,
       0.095238095, 0.0, 0.23809524, 0.57142857, 0.047619048, 0.095238095,
       0.095238095, 0.047619048, 0.095238095, 0.095238095, 0.28571429,
       0.23809524, 0.0, 0.95238095, 0.28571429]), 'tpos': array([2, 0, 0, 2, 0, 0, 0, 0, 0, 0, 0, 0, 0, 0, 0, 2, 0, 1, 5, 0, 2, 0, 5,
       0, 0, 3, 0, 0, 0, 5, 0, 0, 0, 0, 0, 0, 3, 0, 0, 5, 2])}, {'specificity': array([0.2195122, 0.75609756, 0.87804878, 0.24390244, 0.26829268,
       0.51219512, 0.34146341, 0.80487805, 0.58536585, 0.14634146,
       0.73170732, 0.7804878, 0.6097561, 0.48780488, 0.92682927,
       0.85365854, 0.19512195, 0.29268293, 0.97560976, 0.53658537,
       0.95121951, 0.048780488, 0.70731707, 0.41463415, 0.36585366,
       0.43902439, 0.12195122, 0.56097561, 1.0, 0.31707317, 0.073170732,
       0.90243902, 0.82926829, 0.65853659, 0.63414634, 0.46341463,
       0.097560976, 0.3902439, 0.024390244, 0.17073171, 0.68292683]), 'tneg': array([13, 14, 14, 13, 13, 14, 13, 14, 14, 10, 14, 14, 14, 14, 14, 14, 12,
       13, 14, 14, 14,  4, 14, 14, 14, 14,  9, 14, 14, 13,  4, 14, 14, 14,
       14, 14,  9, 14,  0, 10, 14]), 'fpos': array([ 1,  0,  0,  1,  1,  0,  1,  0,  0,  4,  0,  0,  0,  0,  0,  0,  2,
        1,  0,  0,  0, 10,  0,  0,  0,  0,  5,  0,  0,  1, 10,  0,  0,  0,
        0,  0,  5,  0, 14,  4,  0]), 'threshold': [2.1525799500477669, 2.6759769079642788, 2.95107809408065, 2.1583784909471992, 2.1699356397755718, 2.4919256809234156, 2.2445568488297085, 2.8629047513472692, 2.4978504614579746, 2.0836863204310703, 2.6711181710902436, 2.8379847669747709, 2.5019185813774873, 2.4350903122830427, 2.9717502164392124, 2.9220582323578346, 2.1306003722858167, 2.1944349490710482, 3.052058676710546, 2.4930850082858962, 3.0074122721316714, 1.7778813254731956, 2.6565916527774243, 2.4085447897959336, 2.2773366884113355, 2.422793532304925, 2.0427057707305205, 2.4954120737234509, 3.2591496697271776, 2.2280084522681651, 1.8181828660547097, 2.9557723759413896, 2.8870000446291657, 2.5416611626399046, 2.5408341391225671, 2.4259166756083665, 2.0057138270684689, 2.2969187210253197, 1.6025004905409408, 2.1044190155595244, 2.6027629848219944], 'fneg': array([2, 2, 2, 2, 2, 2, 2, 2, 2, 2, 2, 2, 2, 2, 2, 2, 2, 2, 2, 2, 2, 1, 2,
       2, 2, 2, 1, 2, 2, 2, 1, 2, 2, 2, 2, 2, 1, 2, 0, 2, 2]), 'sensitivity': array([0.31818182, 0.045454545, 0.0, 0.31818182, 0.31818182, 0.090909091,
       0.22727273, 0.0, 0.090909091, 0.31818182, 0.045454545, 0.0,
       0.090909091, 0.13636364, 0.0, 0.0, 0.31818182, 0.22727273, 0.0,
       0.090909091, 0.0, 0.68181818, 0.045454545, 0.13636364, 0.22727273,
       0.13636364, 0.31818182, 0.090909091, 0.0, 0.22727273, 0.63636364,
       0.0, 0.0, 0.090909091, 0.090909091, 0.13636364, 0.31818182,
       0.22727273, 0.77272727, 0.31818182, 0.045454545]), 'tpos': array([0, 0, 0, 0, 0, 0, 0, 0, 0, 0, 0, 0, 0, 0, 0, 0, 0, 0, 0, 0, 0, 1, 0,
       0, 0, 0, 1, 0, 0, 0, 1, 0, 0, 0, 0, 0, 1, 0, 2, 0, 0])}, {'specificity': array([0.4375, 0.40625, 0.125, 0.390625, 0.8125, 0.328125, 0.421875,
       0.28125, 0.265625, 0.140625, 0.640625, 0.484375, 0.703125, 1.0,
       0.5625, 0.75, 0.90625, 0.625, 0.921875, 0.453125, 0.671875, 0.9375,
       0.875, 0.25, 0.6875, 0.59375, 0.46875, 0.53125, 0.171875, 0.859375,
       0.0625, 0.734375, 0.515625, 0.578125, 0.890625, 0.1875, 0.21875,
       0.15625, 0.09375, 0.203125, 0.953125, 0.375, 0.109375, 0.765625,
       0.609375, 0.359375, 0.96875, 0.984375, 0.34375, 0.234375, 0.828125,
       0.65625, 0.796875, 0.78125, 0.296875, 0.3125, 0.84375, 0.546875,
       0.5, 0.03125, 0.71875, 0.015625, 0.046875, 0.078125]), 'tneg': array([8, 8, 8, 8, 8, 8, 8, 8, 8, 8, 8, 8, 8, 8, 8, 8, 8, 8, 8, 8, 8, 8, 8,
       8, 8, 8, 8, 8, 8, 8, 8, 8, 8, 8, 8, 8, 8, 8, 8, 8, 8, 8, 8, 8, 8, 8,
       8, 8, 8, 8, 8, 8, 8, 8, 8, 8, 8, 8, 8, 8, 8, 8, 8, 8]), 'fpos': array([0, 0, 0, 0, 0, 0, 0, 0, 0, 0, 0, 0, 0, 0, 0, 0, 0, 0, 0, 0, 0, 0, 0,
       0, 0, 0, 0, 0, 0, 0, 0, 0, 0, 0, 0, 0, 0, 0, 0, 0, 0, 0, 0, 0, 0, 0,
       0, 0, 0, 0, 0, 0, 0, 0, 0, 0, 0, 0, 0, 0, 0, 0, 0, 0]), 'threshold': [4.1043871043241857, 4.0590040452028777, 3.5204908918067774, 4.0275849679680658, 4.6033336943233945, 3.9665474787756105, 4.0730959597035641, 3.80197104468008, 3.7655045074296618, 3.5329589477198908, 4.38069830479337, 4.185582401936812, 4.4767838884713171, 5.5181413896066775, 4.2811928815484723, 4.5071106374239944, 4.7440535016475591, 4.342876366400966, 4.8492538813107444, 4.1069753775820343, 4.4476992814965985, 4.8947792885469292, 4.7209251049691323, 3.7487447267111751, 4.4574521826494538, 4.3236639607608565, 4.1672691556120576, 4.2188503512201789, 3.5922478898098182, 4.7106806304656788, 3.1723116090997081, 4.4927383833912256, 4.2102945283668944, 4.2978130618977017, 4.7377453123522359, 3.7140961624213, 3.7290170540096046, 3.5900078283513612, 3.39625505733083, 3.7181209446238785, 4.9587257587815756, 4.0133794850057294, 3.4034204816676485, 4.5416148546118862, 4.3370741956072827, 3.9987787631250056, 4.9755980746569595, 5.2102285637973651, 3.9741475373549626, 3.7486486193098738, 4.6062133749599017, 4.3974917479763036, 4.5692443873150408, 4.5636151343284617, 3.8569473764805586, 3.8919206290546668, 4.6479134732772716, 4.2717446654457936, 4.1914068624661054, 3.0873594478244017, 4.489579173235712, 3.0747382569943111, 3.1446047951047924, 3.288866249930964], 'fneg': array([7, 7, 7, 7, 7, 7, 7, 7, 7, 7, 7, 7, 7, 7, 7, 7, 7, 7, 7, 7, 7, 7, 7,
       7, 7, 7, 7, 7, 7, 7, 7, 7, 7, 7, 7, 7, 7, 7, 7, 7, 7, 7, 7, 7, 7, 7,
       7, 7, 7, 7, 7, 7, 7, 7, 7, 7, 7, 7, 7, 7, 7, 7, 7, 7]), 'sensitivity': array([1, 1, 1, 1, 1, 1, 1, 1, 1, 1, 1, 1, 1, 1, 1, 1, 1, 1, 1, 1, 1, 1, 1,
       1, 1, 1, 1, 1, 1, 1, 1, 1, 1, 1, 1, 1, 1, 1, 1, 1, 1, 1, 1, 1, 1, 1,
       1, 1, 1, 1, 1, 1, 1, 1, 1, 1, 1, 1, 1, 1, 1, 1, 1, 1]), 'tpos': array([0, 0, 0, 0, 0, 0, 0, 0, 0, 0, 0, 0, 0, 0, 0, 0, 0, 0, 0, 0, 0, 0, 0,
       0, 0, 0, 0, 0, 0, 0, 0, 0, 0, 0, 0, 0, 0, 0, 0, 0, 0, 0, 0, 0, 0, 0,
       0, 0, 0, 0, 0, 0, 0, 0, 0, 0, 0, 0, 0, 0, 0, 0, 0, 0])}, {'specificity': array([0.19047619, 0.85714286, 0.21428571, 0.33333333, 0.23809524, 0.5,
       0.30952381, 0.73809524, 0.54761905, 0.76190476, 0.57142857,
       0.88095238, 0.42857143, 0.4047619, 1.0, 0.92857143, 0.83333333,
       0.16666667, 0.66666667, 0.28571429, 0.95238095, 0.11904762,
       0.47619048, 0.26190476, 0.071428571, 0.71428571, 0.35714286,
       0.5952381, 0.45238095, 0.14285714, 0.52380952, 0.095238095,
       0.9047619, 0.80952381, 0.61904762, 0.78571429, 0.69047619,
       0.38095238, 0.97619048, 0.023809524, 0.047619048, 0.64285714]), 'tneg': array([10, 12, 10, 10, 10, 12, 10, 12, 12, 12, 12, 12, 12, 12, 12, 12, 12,
        9, 12, 10, 12,  2, 12, 10,  2, 12, 10, 12, 12,  7, 12,  2, 12, 12,
       12, 12, 12, 11, 12,  0,  0, 12]), 'fpos': array([ 2,  0,  2,  2,  2,  0,  2,  0,  0,  0,  0,  0,  0,  0,  0,  0,  0,
        3,  0,  2,  0, 10,  0,  2, 10,  0,  2,  0,  0,  5,  0, 10,  0,  0,
        0,  0,  0,  1,  0, 12, 12,  0]), 'threshold': [1.9458470683781188, 2.2432183769485228, 1.9480570437831439, 1.9855044153509602, 1.9517096461956542, 2.0682233984126741, 1.9730045136615662, 2.1970150537231805, 2.0774386793593731, 2.2070727481077705, 2.0789891461272623, 2.2487043413518903, 2.0461858903327408, 2.0415603459048568, 2.3323702960530568, 2.2580542550912743, 2.2391153419144274, 1.9374700771471867, 2.1271062513086814, 1.9617991018332688, 2.2869696170776184, 1.8194270274313344, 2.0679131194548535, 1.9540706547007669, 1.801535376956287, 2.1379390939748339, 1.9933951202374454, 2.0926414474024773, 2.0488325230380147, 1.9039711485303856, 2.0765093460987005, 1.8168953468201687, 2.2519646827078046, 2.2257537507885128, 2.0941360819936197, 2.2250910558604953, 2.1319175949112341, 1.9963455709881364, 2.2885735353535193, 1.6462041542741459, 1.7361974173014856, 2.11742358251601], 'fneg': array([4, 4, 4, 4, 4, 4, 4, 4, 4, 4, 4, 4, 4, 4, 4, 4, 4, 4, 4, 4, 4, 0, 4,
       4, 0, 4, 4, 4, 4, 2, 4, 0, 4, 4, 4, 4, 4, 4, 4, 0, 0, 4]), 'sensitivity': array([0.33333333, 0.047619048, 0.33333333, 0.28571429, 0.33333333,
       0.14285714, 0.28571429, 0.047619048, 0.14285714, 0.047619048,
       0.14285714, 0.047619048, 0.19047619, 0.23809524, 0.0, 0.047619048,
       0.047619048, 0.33333333, 0.095238095, 0.28571429, 0.0, 0.57142857,
       0.14285714, 0.33333333, 0.66666667, 0.095238095, 0.28571429,
       0.14285714, 0.19047619, 0.38095238, 0.14285714, 0.57142857,
       0.047619048, 0.047619048, 0.14285714, 0.047619048, 0.095238095,
       0.28571429, 0.0, 0.95238095, 0.85714286, 0.095238095]), 'tpos': array([0, 0, 0, 0, 0, 0, 0, 0, 0, 0, 0, 0, 0, 0, 0, 0, 0, 0, 0, 0, 0, 4, 0,
       0, 4, 0, 0, 0, 0, 2, 0, 4, 0, 0, 0, 0, 0, 0, 0, 4, 4, 0])}, {'specificity': array([0.53191489, 0.91489362, 0.31914894, 0.70212766, 0.14893617,
       0.57446809, 0.12765957, 0.38297872, 0.55319149, 0.65957447,
       0.085106383, 0.27659574, 0.40425532, 0.19148936, 0.23404255,
       0.042553191, 0.21276596, 0.17021277, 0.68085106, 0.89361702,
       0.46808511, 0.87234043, 0.42553191, 0.5106383, 0.72340426,
       0.85106383, 0.59574468, 0.93617021, 0.61702128, 0.29787234,
       0.44680851, 0.36170213, 0.34042553, 0.76595745, 1.0, 0.78723404,
       0.4893617, 0.82978723, 0.74468085, 0.25531915, 0.63829787,
       0.80851064, 0.021276596, 0.10638298, 0.063829787, 0.9787234,
       0.95744681]), 'tneg': array([15, 15, 15, 15, 15, 15, 15, 15, 15, 15, 15, 15, 15, 15, 15, 15, 15,
       15, 15, 15, 15, 15, 15, 15, 15, 15, 15, 15, 15, 15, 15, 15, 15, 15,
       15, 15, 15, 15, 15, 15, 15, 15, 15, 15, 15, 15, 15]), 'fpos': array([0, 0, 0, 0, 0, 0, 0, 0, 0, 0, 0, 0, 0, 0, 0, 0, 0, 0, 0, 0, 0, 0, 0,
       0, 0, 0, 0, 0, 0, 0, 0, 0, 0, 0, 0, 0, 0, 0, 0, 0, 0, 0, 0, 0, 0, 0,
       0]), 'threshold': [2.721961344985472, 3.3906623595988794, 2.5561653409933953, 3.0091928429286465, 2.3393962647101936, 2.8194448893856827, 2.3231239834172168, 2.5973594820041135, 2.7668932726362678, 2.8951813072413515, 2.194612218084202, 2.4772528935711646, 2.6095253979769293, 2.3618367946077465, 2.4190239888193883, 2.1705764344534173, 2.4039857893283685, 2.3591700418367156, 2.9379993590182427, 3.3383644778195558, 2.6573048980082663, 3.3322165405591484, 2.6320937347203879, 2.7121116103966729, 3.0192766744658082, 3.3112641131426779, 2.8241692418968, 3.7794958091108555, 2.8244570257498065, 2.5232027505380996, 2.6440298400005009, 2.5731831548639281, 2.5602730646321605, 3.1624136430817504, 4.063590760887136, 3.1883098854757934, 2.7097334721137019, 3.2410012007110263, 3.0813050557152195, 2.4655285290597471, 2.8662203996690354, 3.2069290942324726, 2.1649939403029763, 2.2726058009504921, 2.1878930028852364, 4.0010519782584542, 3.8677446684562451], 'fneg': array([0, 0, 0, 0, 0, 0, 0, 0, 0, 0, 0, 0, 0, 0, 0, 0, 0, 0, 0, 0, 0, 0, 0,
       0, 0, 0, 0, 0, 0, 0, 0, 0, 0, 0, 0, 0, 0, 0, 0, 0, 0, 0, 0, 0, 0, 0,
       0]), 'sensitivity': array([0.058823529, 0.0, 0.11764706, 0.0, 0.47058824, 0.0, 0.47058824,
       0.11764706, 0.0, 0.0, 0.64705882, 0.29411765, 0.11764706,
       0.47058824, 0.41176471, 0.70588235, 0.41176471, 0.47058824, 0.0,
       0.0, 0.11764706, 0.0, 0.11764706, 0.058823529, 0.0, 0.0, 0.0, 0.0,
       0.0, 0.29411765, 0.11764706, 0.11764706, 0.11764706, 0.0, 0.0, 0.0,
       0.058823529, 0.0, 0.0, 0.29411765, 0.0, 0.0, 0.70588235, 0.52941176,
       0.64705882, 0.0, 0.0]), 'tpos': array([0, 0, 0, 0, 0, 0, 0, 0, 0, 0, 0, 0, 0, 0, 0, 0, 0, 0, 0, 0, 0, 0, 0,
       0, 0, 0, 0, 0, 0, 0, 0, 0, 0, 0, 0, 0, 0, 0, 0, 0, 0, 0, 0, 0, 0, 0,
       0])}], <Model object at 0x00000000000003DC>)
#lasso
([{'specificity': array([0.46341463, 0.36585366, 0.26829268, 0.87804878, 0.75609756,
       0.90243902, 0.92682927, 0.51219512, 0.26829268, 0.85365854,
       0.26829268, 0.7804878, 0.65853659, 0.6097561, 0.31707317,
       0.58536585, 0.80487805, 0.26829268, 0.26829268, 0.48780488,
       0.26829268, 0.95121951, 1.0, 0.26829268, 0.26829268, 0.26829268,
       0.3902439, 0.26829268, 0.29268293, 0.43902439, 0.73170732,
       0.70731707, 0.82926829, 0.53658537, 0.34146341, 0.68292683,
       0.63414634, 0.56097561, 1.0, 0.26829268, 0.41463415]), 'tneg': array([ 9,  8,  8, 12, 12, 12, 12,  9,  8, 12,  8, 12, 10,  9,  8,  9, 12,
        8,  8,  9,  8, 12, 12,  8,  8,  8,  8,  8,  8,  9, 12, 12, 12,  9,
        8, 10,  9,  9, 12,  8,  8]), 'fpos': array([3, 4, 4, 0, 0, 0, 0, 3, 4, 0, 4, 0, 2, 3, 4, 3, 0, 4, 4, 3, 4, 0, 0,
       4, 4, 4, 4, 4, 4, 3, 0, 0, 0, 3, 4, 2, 3, 3, 0, 4, 4]), 'threshold': [1.9931161441689425, 1.9921286240732761, 1.9920576214126984, 2.1241194830148533, 2.0381781370581322, 2.1376712154565465, 2.1568976726160947, 1.9967688365964349, 1.9920576214126984, 2.1112993866843293, 1.9920576214126984, 2.0431771359724227, 2.0017196428836184, 1.9968525305538307, 1.992107186071894, 1.9968129131272765, 2.0712849283445589, 1.9920576214126984, 1.9920576214126984, 1.9967647205001695, 1.9920576214126984, 2.160895945625867, 2.1635616324697264, 1.9920576214126984, 1.9920576214126984, 1.9920576214126984, 1.992146803498448, 1.9920576214126984, 1.9921054710317834, 1.9929950623371362, 2.0341891252649567, 2.0262153892788826, 2.0971298967948089, 1.996784100453419, 1.9921078720879382, 2.0175959406911783, 1.9990548135598141, 1.9967879755865488, 2.1635616324697264, 1.9920576214126984, 1.9922545591255871], 'fneg': array([3, 3, 3, 5, 5, 5, 5, 5, 3, 5, 3, 5, 5, 5, 3, 5, 5, 3, 3, 5, 3, 5, 5,
       3, 3, 3, 3, 3, 3, 3, 5, 5, 5, 5, 3, 5, 5, 5, 5, 3, 3]), 'sensitivity': array([0.81818182, 0.86363636, 0.86363636, 0.31818182, 0.59090909,
       0.22727273, 0.13636364, 0.81818182, 0.86363636, 0.31818182,
       0.86363636, 0.54545455, 0.77272727, 0.81818182, 0.86363636,
       0.81818182, 0.45454545, 0.86363636, 0.86363636, 0.81818182,
       0.86363636, 0.13636364, 0.0, 0.86363636, 0.86363636, 0.86363636,
       0.86363636, 0.86363636, 0.86363636, 0.81818182, 0.59090909,
       0.59090909, 0.40909091, 0.81818182, 0.86363636, 0.59090909,
       0.81818182, 0.81818182, 0.0, 0.86363636, 0.81818182]), 'tpos': array([2, 2, 2, 0, 0, 0, 0, 0, 2, 0, 2, 0, 0, 0, 2, 0, 0, 2, 2, 0, 2, 0, 0,
       2, 2, 2, 2, 2, 2, 2, 0, 0, 0, 0, 2, 0, 0, 0, 0, 2, 2])}, {'specificity': array([0.97777778, 0.64444444, 0.93333333, 0.2, 0.62222222, 1.0,
       0.95555556, 0.84444444, 0.33333333, 0.22222222, 0.4, 0.75555556,
       0.55555556, 0.86666667, 0.73333333, 0.66666667, 0.68888889,
       0.28888889, 0.53333333, 0.15555556, 0.51111111, 0.82222222,
       0.044444444, 0.88888889, 0.066666667, 0.77777778, 0.088888889,
       0.46666667, 0.37777778, 0.31111111, 0.42222222, 0.91111111,
       0.11111111, 0.26666667, 0.35555556, 0.17777778, 0.24444444, 0.8,
       0.44444444, 0.71111111, 0.13333333, 0.57777778, 0.6, 0.48888889,
       0.022222222]), 'tneg': array([11, 11, 11, 10, 11, 12, 11, 11, 11, 10, 11, 11, 11, 11, 11, 11, 11,
       10, 11, 10, 11, 11,  6, 11,  7, 11,  8, 11, 11, 11, 11, 11,  8, 10,
       11, 10, 10, 11, 11, 11,  9, 11, 11, 11,  2]), 'fpos': array([ 1,  1,  1,  2,  1,  0,  1,  1,  1,  2,  1,  1,  1,  1,  1,  1,  1,
        2,  1,  2,  1,  1,  6,  1,  5,  1,  4,  1,  1,  1,  1,  1,  4,  2,
        1,  2,  2,  1,  1,  1,  3,  1,  1,  1, 10]), 'threshold': [2.8833712767064323, 2.5991686556186964, 2.8376885692894231, 2.1438056726246888, 2.587195754633318, 3.3126002072282019, 2.865148927412192, 2.7381312746566095, 2.3423405078389146, 2.1535443579495364, 2.3526901348081335, 2.6633762823310012, 2.5301656043869296, 2.7592940701135964, 2.662105157162634, 2.6102837908168608, 2.6407037388626775, 2.1990930076028894, 2.4745955354805429, 2.1282790326724736, 2.4392925906704948, 2.7369275134239608, 1.9434074234412295, 2.7805526127356952, 1.976885711785763, 2.7244123886298208, 1.9998055063119729, 2.435861028254386, 2.3522952722410766, 2.3345593559875475, 2.3957565150354707, 2.7949974900931567, 2.000382691893448, 2.1924466846288753, 2.3453517031116227, 2.1296581501985288, 2.1605530130022839, 2.7266063367383784, 2.4302980605544739, 2.6563628412037894, 2.111607324357855, 2.5551115278334562, 2.5568108270738534, 2.4382983980306205, 1.8231117178183878], 'fneg': array([4, 4, 4, 3, 4, 4, 4, 4, 4, 3, 4, 4, 4, 4, 4, 4, 4, 4, 4, 3, 4, 4, 1,
       4, 2, 4, 3, 4, 4, 4, 4, 4, 3, 4, 4, 3, 3, 4, 4, 4, 3, 4, 4, 4, 1]), 'sensitivity': array([0.26315789, 0.31578947, 0.26315789, 0.63157895, 0.31578947,
       0.052631579, 0.26315789, 0.26315789, 0.31578947, 0.63157895,
       0.31578947, 0.31578947, 0.31578947, 0.26315789, 0.31578947,
       0.31578947, 0.31578947, 0.63157895, 0.31578947, 0.63157895,
       0.31578947, 0.26315789, 0.89473684, 0.26315789, 0.78947368,
       0.26315789, 0.78947368, 0.31578947, 0.31578947, 0.31578947,
       0.31578947, 0.26315789, 0.78947368, 0.63157895, 0.31578947,
       0.63157895, 0.63157895, 0.26315789, 0.31578947, 0.31578947,
       0.68421053, 0.31578947, 0.31578947, 0.31578947, 1.0]), 'tpos': array([0, 0, 0, 1, 0, 0, 0, 0, 0, 1, 0, 0, 0, 0, 0, 0, 0, 0, 0, 1, 0, 0, 3,
       0, 2, 0, 1, 0, 0, 0, 0, 0, 1, 0, 0, 1, 1, 0, 0, 0, 1, 0, 0, 0, 3])}, {'specificity': array([0.69047619, 0.78571429, 0.42857143, 0.52380952, 0.88095238,
       0.83333333, 0.92857143, 0.95238095, 0.42857143, 0.54761905,
       0.45238095, 0.42857143, 0.42857143, 0.78571429, 0.88095238,
       0.42857143, 0.42857143, 0.42857143, 0.42857143, 0.42857143,
       0.64285714, 0.83333333, 1.0, 0.73809524, 0.61904762, 0.61904762,
       0.42857143, 0.42857143, 0.42857143, 0.42857143, 0.42857143,
       0.61904762, 0.66666667, 0.42857143, 0.97619048, 0.42857143,
       0.42857143, 0.9047619, 0.71428571, 0.42857143, 0.5, 0.5]), 'tneg': array([ 9,  9,  9,  9,  9,  9,  9,  9,  9,  9,  9,  9,  9,  9,  9,  9,  9,
        9,  9,  9,  9,  9, 10,  9,  9,  9,  9,  9,  9,  9,  9,  9,  9,  9,
       10,  9,  9,  9,  9,  9,  9,  9]), 'fpos': array([1, 1, 1, 1, 1, 1, 1, 1, 1, 1, 1, 1, 1, 1, 1, 1, 1, 1, 1, 1, 1, 1, 0,
       1, 1, 1, 1, 1, 1, 1, 1, 1, 1, 1, 0, 1, 1, 1, 1, 1, 1, 1]), 'threshold': [2.0522488762856206, 2.0962027204303331, 1.995367430921875, 2.0057095118971016, 2.1039592811617531, 2.1013737609179466, 2.1220579228683993, 2.1246434431122063, 1.995367430921875, 2.0082950321409081, 2.000538471409488, 1.995367430921875, 1.995367430921875, 2.0962027204303331, 2.1039592811617531, 1.995367430921875, 1.995367430921875, 1.995367430921875, 1.995367430921875, 1.995367430921875, 2.0186371131161347, 2.1013737609179466, 2.6469185323611439, 2.0832751192113, 2.0160515928723282, 2.0160515928723282, 1.995367430921875, 1.995367430921875, 1.995367430921875, 1.995367430921875, 1.995367430921875, 2.0160515928723282, 2.049663356041814, 1.995367430921875, 2.2099656111578247, 1.995367430921875, 1.995367430921875, 2.1194724026245928, 2.0729330382360738, 1.995367430921875, 2.003123991653295, 2.003123991653295], 'fneg': array([4, 4, 4, 4, 4, 4, 4, 4, 4, 4, 4, 4, 4, 4, 4, 4, 4, 4, 4, 4, 4, 4, 6,
       4, 4, 4, 4, 4, 4, 4, 4, 4, 4, 4, 6, 4, 4, 4, 4, 4, 4, 4]), 'sensitivity': array([0.54545455, 0.45454545, 0.86363636, 0.77272727, 0.40909091,
       0.45454545, 0.36363636, 0.36363636, 0.86363636, 0.63636364,
       0.77272727, 0.86363636, 0.86363636, 0.45454545, 0.40909091,
       0.86363636, 0.86363636, 0.86363636, 0.86363636, 0.86363636,
       0.59090909, 0.45454545, 0.0, 0.5, 0.59090909, 0.59090909,
       0.86363636, 0.86363636, 0.86363636, 0.86363636, 0.86363636,
       0.59090909, 0.54545455, 0.86363636, 0.18181818, 0.86363636,
       0.86363636, 0.40909091, 0.54545455, 0.86363636, 0.77272727,
       0.77272727]), 'tpos': array([2, 2, 2, 2, 2, 2, 2, 2, 2, 2, 2, 2, 2, 2, 2, 2, 2, 2, 2, 2, 2, 2, 0,
       2, 2, 2, 2, 2, 2, 2, 2, 2, 2, 2, 0, 2, 2, 2, 2, 2, 2, 2])}, {'specificity': array([0.80434783, 0.2826087, 0.47826087, 0.26086957, 0.34782609,
       0.63043478, 0.73913043, 0.82608696, 0.58695652, 0.56521739,
       0.67391304, 0.30434783, 0.39130435, 0.95652174, 0.84782609,
       0.69565217, 0.54347826, 0.45652174, 0.7173913, 0.60869565,
       0.65217391, 0.7826087, 0.41304348, 0.86956522, 0.17391304, 1.0,
       0.13043478, 0.23913043, 0.5, 0.065217391, 0.52173913, 0.15217391,
       0.10869565, 0.19565217, 0.76086957, 0.043478261, 0.02173913,
       0.32608696, 0.086956522, 0.43478261, 0.97826087, 0.93478261,
       0.91304348, 0.89130435, 0.36956522, 0.2173913]), 'tneg': array([13, 13, 13, 13, 13, 13, 13, 13, 13, 13, 13, 13, 13, 13, 13, 13, 13,
       13, 13, 13, 13, 13, 13, 13, 13, 13, 13, 13, 13, 13, 13, 13, 13, 13,
       13, 13, 13, 13, 13, 13, 13, 13, 13, 13, 13, 13]), 'fpos': array([0, 0, 0, 0, 0, 0, 0, 0, 0, 0, 0, 0, 0, 0, 0, 0, 0, 0, 0, 0, 0, 0, 0,
       0, 0, 0, 0, 0, 0, 0, 0, 0, 0, 0, 0, 0, 0, 0, 0, 0, 0, 0, 0, 0, 0, 0]), 'threshold': [2.5069723064055465, 2.308388454625844, 2.3583579762639904, 2.2968924850399568, 2.3128337392442329, 2.4198386719316525, 2.4634695715807102, 2.5193545360540481, 2.4062202050549422, 2.3941150867201473, 2.4232333767560057, 2.312483207414993, 2.3184471360760197, 2.5981188685055558, 2.5282669628505072, 2.4452040646939368, 2.3916018676443067, 2.3447951923340393, 2.4541794483996617, 2.4070684570169538, 2.4210379895424419, 2.4867779540493693, 2.3280496799839838, 2.5723739588623449, 2.2555697957826797, 2.8747676512893054, 2.2128801904673905, 2.2750366260581507, 2.3625076430564529, 2.198902021824352, 2.3637300316356367, 2.2330244721992512, 2.20640065598585, 2.2599477362854921, 2.4741059161217631, 2.1855110633948671, 2.1611333268732169, 2.3126993832276836, 2.2060039962450122, 2.3367883602763424, 2.648701447274151, 2.5908267738234612, 2.5805531841202534, 2.5775358968951965, 2.3184126425891596, 2.2622806675775027], 'fneg': array([3, 3, 3, 3, 3, 3, 3, 3, 3, 3, 3, 3, 3, 3, 3, 3, 3, 3, 3, 3, 3, 3, 3,
       3, 3, 3, 3, 3, 3, 3, 3, 3, 3, 3, 3, 3, 3, 3, 3, 3, 3, 3, 3, 3, 3, 3]), 'sensitivity': array([0.44444444, 0.83333333, 0.77777778, 0.94444444, 0.83333333,
       0.77777778, 0.72222222, 0.44444444, 0.77777778, 0.77777778,
       0.77777778, 0.83333333, 0.83333333, 0.33333333, 0.44444444,
       0.72222222, 0.77777778, 0.83333333, 0.72222222, 0.77777778,
       0.77777778, 0.55555556, 0.83333333, 0.38888889, 0.94444444, 0.0,
       1.0, 0.94444444, 0.77777778, 1.0, 0.77777778, 1.0, 1.0, 0.94444444,
       0.66666667, 1.0, 1.0, 0.83333333, 1.0, 0.83333333, 0.11111111,
       0.33333333, 0.33333333, 0.33333333, 0.83333333, 0.94444444]), 'tpos': array([0, 0, 0, 0, 0, 0, 0, 0, 0, 0, 0, 0, 0, 0, 0, 0, 0, 0, 0, 0, 0, 0, 0,
       0, 0, 0, 0, 0, 0, 0, 0, 0, 0, 0, 0, 0, 0, 0, 0, 0, 0, 0, 0, 0, 0, 0])}, {'specificity': array([0.53658537, 0.41463415, 0.12195122, 0.097560976, 0.82926829,
       0.92682927, 0.85365854, 0.68292683, 0.14634146, 0.51219512,
       0.87804878, 0.36585366, 0.29268293, 0.43902439, 0.58536585,
       0.26829268, 0.46341463, 0.097560976, 0.95121951, 1.0, 0.56097561,
       0.63414634, 0.097560976, 0.097560976, 0.70731707, 0.19512195,
       0.80487805, 0.3902439, 0.6097561, 0.75609756, 0.90243902,
       0.48780488, 0.65853659, 0.31707317, 0.73170732, 0.17073171,
       0.2195122, 0.7804878, 0.97560976, 0.34146341, 0.24390244]), 'tneg': array([12, 12, 12, 12, 12, 12, 12, 12, 12, 12, 12, 12, 12, 12, 12, 12, 12,
       12, 12, 12, 12, 12, 12, 12, 12, 12, 12, 12, 12, 12, 12, 12, 12, 12,
       12, 12, 12, 12, 12, 12, 12]), 'fpos': array([0, 0, 0, 0, 0, 0, 0, 0, 0, 0, 0, 0, 0, 0, 0, 0, 0, 0, 0, 0, 0, 0, 0,
       0, 0, 0, 0, 0, 0, 0, 0, 0, 0, 0, 0, 0, 0, 0, 0, 0, 0]), 'threshold': [1.9917506450266951, 1.9884609787051002, 1.9847239244985266, 1.9846900402461538, 2.0053613809596391, 2.0226932286636456, 2.0062585770333374, 1.9950248950657663, 1.984844308301988, 1.9916411525900679, 2.017792902817769, 1.9866803191506686, 1.9859077687196274, 1.9887004309295548, 1.9937703884984905, 1.9857332437737878, 1.9893856925800266, 1.9846900402461538, 2.0345869169383048, 2.0369110925284688, 1.9930862843845905, 1.9942249320640946, 1.9846900402461538, 1.9846900402461538, 1.9975371703488383, 1.9850637667129307, 2.0039116716341283, 1.9872073665979027, 1.9939099768859829, 2.0023936676508849, 2.0187348745106743, 1.9896364570937053, 1.9943315832745909, 1.9860501457179518, 1.9990196590054488, 1.9848689322617867, 1.9850958022741678, 2.0037861913023725, 2.0362765809117578, 1.9863297625146799, 1.9852595682858802], 'fneg': array([3, 3, 3, 3, 3, 3, 3, 3, 3, 3, 3, 3, 3, 3, 3, 3, 3, 3, 3, 3, 3, 3, 3,
       3, 3, 3, 3, 3, 3, 3, 3, 3, 3, 3, 3, 3, 3, 3, 3, 3, 3]), 'sensitivity': array([0.75, 0.83333333, 0.91666667, 0.91666667, 0.41666667, 0.25,
       0.41666667, 0.70833333, 0.91666667, 0.75, 0.29166667, 0.83333333,
       0.83333333, 0.79166667, 0.70833333, 0.83333333, 0.79166667,
       0.91666667, 0.041666667, 0.0, 0.75, 0.70833333, 0.91666667,
       0.91666667, 0.625, 0.91666667, 0.41666667, 0.83333333, 0.70833333,
       0.45833333, 0.29166667, 0.75, 0.70833333, 0.83333333, 0.625,
       0.91666667, 0.91666667, 0.41666667, 0.0, 0.83333333, 0.91666667]), 'tpos': array([0, 0, 0, 0, 0, 0, 0, 0, 0, 0, 0, 0, 0, 0, 0, 0, 0, 0, 0, 0, 0, 0, 0,
       0, 0, 0, 0, 0, 0, 0, 0, 0, 0, 0, 0, 0, 0, 0, 0, 0, 0])}], <Model object at 0x0000000000000708>)
#lasso
([{'specificity': array([0.025, 0.4, 0.775, 0.5, 0.65, 0.3, 0.8, 0.1, 0.7, 0.9, 0.975, 0.575,
       0.825, 0.15, 0.85, 0.75, 0.45, 0.525, 0.475, 0.875, 0.175, 0.6,
       0.05, 0.225, 0.95, 0.2, 0.325, 0.925, 0.125, 0.625, 1.0, 0.35, 0.55,
       0.675, 0.075, 0.25, 0.725, 0.425, 0.275, 0.375]), 'tneg': array([ 3, 10, 11, 11, 11,  8, 11,  3, 11, 11, 11, 11, 11,  4, 11, 11, 11,
       11, 11, 11,  5, 11,  3,  7, 11,  6,  9, 11,  3, 11, 11, 10, 11, 11,
        3,  8, 11, 11,  8, 10]), 'fpos': array([8, 1, 0, 0, 0, 3, 0, 8, 0, 0, 0, 0, 0, 7, 0, 0, 0, 0, 0, 0, 6, 0, 8,
       4, 0, 5, 2, 0, 8, 0, 0, 1, 0, 0, 8, 3, 0, 0, 3, 1]), 'threshold': [1.821236383555511, 1.9640363611709015, 2.0621104038177136, 1.9888312404376063, 2.0317578508311032, 1.9396801758567037, 2.0630416392982989, 1.8836281750904211, 2.0381236377533751, 2.1447754560836287, 2.1585046391667673, 2.008425214395833, 2.0644442143053947, 1.9049628357799369, 2.1083839151909354, 2.0539634071080184, 1.9878547217283269, 1.9958409002444741, 1.9882361239217712, 2.1097723485078594, 1.9215926475075749, 2.0113390900523314, 1.8642787257494866, 1.9314520615783153, 2.1553044370800238, 1.9280981243273558, 1.9551858215072253, 2.1486429734388417, 1.8866200793352428, 2.0280347813412263, 2.1665157533712551, 1.9581238836366899, 2.0077423670074248, 2.0357299696098008, 1.8663964478539628, 1.9353971928074576, 2.0512139964690497, 1.9742667964048366, 1.937290844155271, 1.9606899271424023], 'fneg': array([2, 2, 6, 3, 6, 2, 6, 2, 6, 6, 6, 4, 6, 2, 6, 6, 3, 4, 3, 6, 2, 5, 2,
       2, 6, 2, 2, 6, 2, 5, 6, 2, 4, 6, 2, 2, 6, 2, 2, 2]), 'sensitivity': array([0.91304348, 0.52173913, 0.17391304, 0.43478261, 0.26086957,
       0.65217391, 0.17391304, 0.7826087, 0.26086957, 0.0, 0.0, 0.34782609,
       0.17391304, 0.73913043, 0.0, 0.2173913, 0.43478261, 0.39130435,
       0.43478261, 0.0, 0.69565217, 0.34782609, 0.82608696, 0.69565217,
       0.0, 0.69565217, 0.60869565, 0.0, 0.7826087, 0.26086957, 0.0,
       0.56521739, 0.34782609, 0.26086957, 0.82608696, 0.69565217,
       0.26086957, 0.47826087, 0.65217391, 0.56521739]), 'tpos': array([4, 4, 0, 3, 0, 4, 0, 4, 0, 0, 0, 2, 0, 4, 0, 0, 3, 2, 3, 0, 4, 1, 4,
       4, 0, 4, 4, 0, 4, 1, 0, 4, 2, 0, 4, 4, 0, 4, 4, 4])}, {'specificity': array([0.89473684, 0.70175439, 0.59649123, 0.22807018, 0.26315789,
       0.45614035, 0.66666667, 0.42105263, 0.28070175, 0.070175439,
       0.10526316, 0.84210526, 0.87719298, 0.73684211, 0.92982456,
       0.96491228, 0.49122807, 0.38596491, 0.71929825, 0.40350877,
       0.57894737, 0.8245614, 0.33333333, 0.24561404, 0.36842105,
       0.087719298, 0.78947368, 0.64912281, 0.63157895, 0.98245614,
       0.47368421, 0.56140351, 0.14035088, 0.12280702, 0.29824561,
       0.21052632, 0.31578947, 0.35087719, 0.68421053, 0.94736842,
       0.43859649, 0.15789474, 0.75438596, 0.1754386, 0.85964912,
       0.77192982, 0.52631579, 0.54385965, 0.61403509, 0.052631579,
       0.80701754, 0.50877193, 0.035087719, 1.0, 0.19298246, 0.01754386,
       0.9122807]), 'tneg': array([12, 12, 12, 12, 12, 12, 12, 12, 12, 12, 12, 12, 12, 12, 12, 12, 12,
       12, 12, 12, 12, 12, 12, 12, 12, 12, 12, 12, 12, 12, 12, 12, 12, 12,
       12, 12, 12, 12, 12, 12, 12, 12, 12, 12, 12, 12, 12, 12, 12, 12, 12,
       12, 12, 12, 12, 12, 12]), 'fpos': array([0, 0, 0, 0, 0, 0, 0, 0, 0, 0, 0, 0, 0, 0, 0, 0, 0, 0, 0, 0, 0, 0, 0,
       0, 0, 0, 0, 0, 0, 0, 0, 0, 0, 0, 0, 0, 0, 0, 0, 0, 0, 0, 0, 0, 0, 0,
       0, 0, 0, 0, 0, 0, 0, 0, 0, 0, 0]), 'threshold': [3.8961154095733992, 3.7061719957390338, 3.6159352356109906, 3.1546333866203571, 3.188270426685019, 3.4226755002953371, 3.6750847956576713, 3.4031505393773744, 3.1903634845450011, 2.8538278261809387, 3.0245566468871967, 3.8121333376550677, 3.8256589594402897, 3.7391781135031428, 4.0355700614699161, 4.0940595263628694, 3.4865838974767911, 3.3492177196110937, 3.70631113779158, 3.3934365570408991, 3.6146023165730341, 3.7939481294738533, 3.24393490225611, 3.1825124188746781, 3.347747605397366, 3.0108782925610393, 3.7731810883451216, 3.6622188591897178, 3.6426756458157104, 4.138661486411686, 3.444221154065275, 3.609794747608273, 3.1061371963053959, 3.0863690207455043, 3.196405079021003, 3.1490273172415293, 3.2379768457733151, 3.2957375604113741, 3.69588159563557, 4.08741780328758, 3.4056584230756961, 3.1073688133371662, 3.7499437202440555, 3.1189189219882238, 3.8161236852793925, 3.750416431861316, 3.5119372984726382, 3.54222094416508, 3.6359820565033072, 2.8338163889244372, 3.7780408936525158, 3.4993796852280816, 2.770380346053765, 4.1604635911305206, 3.1464068497223563, 2.4650779908651157, 3.9134881542942153], 'fneg': array([4, 4, 4, 4, 4, 4, 4, 4, 4, 4, 4, 4, 4, 4, 4, 4, 4, 4, 4, 4, 4, 4, 4,
       4, 4, 4, 4, 4, 4, 4, 4, 4, 4, 4, 4, 4, 4, 4, 4, 4, 4, 4, 4, 4, 4, 4,
       4, 4, 4, 4, 4, 4, 4, 4, 4, 4, 4]), 'sensitivity': array([0.42857143, 0.42857143, 0.42857143, 1.0, 1.0, 0.85714286,
       0.42857143, 0.85714286, 1.0, 1.0, 1.0, 0.42857143, 0.42857143,
       0.42857143, 0.14285714, 0.14285714, 0.71428571, 1.0, 0.42857143,
       0.85714286, 0.42857143, 0.42857143, 1.0, 1.0, 1.0, 1.0, 0.42857143,
       0.42857143, 0.42857143, 0.14285714, 0.85714286, 0.42857143, 1.0,
       1.0, 1.0, 1.0, 1.0, 1.0, 0.42857143, 0.14285714, 0.85714286, 1.0,
       0.42857143, 1.0, 0.42857143, 0.42857143, 0.71428571, 0.71428571,
       0.42857143, 1.0, 0.42857143, 0.71428571, 1.0, 0.14285714, 1.0, 1.0,
       0.28571429]), 'tpos': array([0, 0, 0, 0, 0, 0, 0, 0, 0, 0, 0, 0, 0, 0, 0, 0, 0, 0, 0, 0, 0, 0, 0,
       0, 0, 0, 0, 0, 0, 0, 0, 0, 0, 0, 0, 0, 0, 0, 0, 0, 0, 0, 0, 0, 0, 0,
       0, 0, 0, 0, 0, 0, 0, 0, 0, 0, 0])}, {'specificity': array([1.0, 0.40425532, 0.53191489, 0.89361702, 0.42553191, 0.085106383,
       0.57446809, 0.95744681, 0.61702128, 0.78723404, 0.76595745,
       0.70212766, 0.74468085, 0.85106383, 0.65957447, 0.59574468,
       0.68085106, 0.55319149, 0.5106383, 0.27659574, 0.9787234,
       0.063829787, 0.91489362, 0.36170213, 0.38297872, 0.25531915,
       0.12765957, 0.31914894, 0.14893617, 0.21276596, 0.34042553,
       0.23404255, 0.19148936, 0.29787234, 0.72340426, 0.46808511,
       0.63829787, 0.82978723, 0.80851064, 0.4893617, 0.44680851,
       0.10638298, 0.93617021, 0.021276596, 0.042553191, 0.17021277,
       0.87234043]), 'tneg': array([10,  7,  8,  8,  7,  7,  8,  9,  8,  8,  8,  8,  8,  8,  8,  8,  8,
        8,  7,  7, 10,  6,  8,  7,  7,  7,  7,  7,  7,  7,  7,  7,  7,  7,
        8,  7,  8,  8,  8,  7,  7,  7,  8,  3,  5,  7,  8]), 'fpos': array([0, 3, 2, 2, 3, 3, 2, 1, 2, 2, 2, 2, 2, 2, 2, 2, 2, 2, 3, 3, 0, 4, 2,
       3, 3, 3, 3, 3, 3, 3, 3, 3, 3, 3, 2, 3, 2, 2, 2, 3, 3, 3, 2, 7, 5, 3,
       2]), 'threshold': [2.7126587844856505, 2.242455092880931, 2.3159504537773721, 2.4350381973307162, 2.2442906025521312, 2.1526531899435088, 2.3210477070939821, 2.6240732965155873, 2.3343350285623088, 2.3739912675154295, 2.37238336051742, 2.3531154305180597, 2.3660837071062772, 2.4013761520901173, 2.3429245492349393, 2.3265957466244971, 2.348453635658851, 2.3192159296888675, 2.2873802967848009, 2.2042180443930817, 2.7087568817339416, 2.0760989068004339, 2.4478392623551986, 2.2365727611811241, 2.2392964185168696, 2.1974404962130789, 2.1684404312729413, 2.2200886596711875, 2.1789782704833418, 2.1849721907753912, 2.2354448866513592, 2.1875915711247194, 2.1835004673894662, 2.212421794804933, 2.3633299926098261, 2.2767172803040054, 2.341221389359541, 2.3842822607309895, 2.379485405523265, 2.2847028551729807, 2.2528782255579136, 2.1667836351403262, 2.485091313678037, 1.878794711422572, 2.0222957097166874, 2.1801709218342125, 2.424277248561403], 'fneg': array([6, 3, 3, 3, 3, 1, 3, 6, 3, 3, 3, 3, 3, 3, 3, 3, 3, 3, 3, 1, 6, 1, 4,
       2, 3, 1, 1, 1, 1, 1, 2, 1, 1, 1, 3, 3, 3, 3, 3, 3, 3, 1, 5, 1, 1, 1,
       3]), 'sensitivity': array([0.17647059, 0.88235294, 0.70588235, 0.41176471, 0.88235294,
       0.94117647, 0.70588235, 0.23529412, 0.70588235, 0.64705882,
       0.64705882, 0.64705882, 0.64705882, 0.52941176, 0.64705882,
       0.70588235, 0.64705882, 0.70588235, 0.76470588, 0.94117647,
       0.17647059, 0.94117647, 0.41176471, 0.88235294, 0.88235294,
       0.94117647, 0.94117647, 0.88235294, 0.94117647, 0.94117647,
       0.88235294, 0.94117647, 0.94117647, 0.88235294, 0.64705882,
       0.82352941, 0.64705882, 0.64705882, 0.64705882, 0.82352941,
       0.88235294, 0.94117647, 0.29411765, 1.0, 1.0, 0.94117647, 0.41176471]), 'tpos': array([0, 3, 3, 3, 3, 5, 3, 0, 3, 3, 3, 3, 3, 3, 3, 3, 3, 3, 3, 5, 0, 5, 2,
       4, 3, 5, 5, 5, 5, 5, 4, 5, 5, 5, 3, 3, 3, 3, 3, 3, 3, 5, 1, 5, 5, 5,
       3])}, {'specificity': array([0.89361702, 0.93617021, 0.17021277, 0.40425532, 0.76595745,
       0.4893617, 0.19148936, 0.21276596, 0.85106383, 0.91489362,
       0.87234043, 0.44680851, 0.10638298, 0.68085106, 0.95744681,
       0.5106383, 0.34042553, 0.65957447, 0.53191489, 0.80851064,
       0.42553191, 0.38297872, 0.78723404, 0.55319149, 1.0, 0.042553191,
       0.31914894, 0.27659574, 0.12765957, 0.25531915, 0.72340426,
       0.9787234, 0.59574468, 0.063829787, 0.46808511, 0.63829787,
       0.29787234, 0.74468085, 0.36170213, 0.23404255, 0.085106383,
       0.70212766, 0.57446809, 0.61702128, 0.021276596, 0.82978723,
       0.14893617]), 'tneg': array([13, 13, 11, 12, 13, 12, 11, 11, 13, 13, 13, 12,  9, 13, 13, 12, 11,
       13, 12, 13, 12, 12, 13, 12, 13,  7, 11, 11, 10, 11, 13, 13, 12,  8,
       12, 12, 11, 13, 11, 11,  8, 13, 12, 12,  2, 13, 10]), 'fpos': array([ 0,  0,  2,  1,  0,  1,  2,  2,  0,  0,  0,  1,  4,  0,  0,  1,  2,
        0,  1,  0,  1,  1,  0,  1,  0,  6,  2,  2,  3,  2,  0,  0,  1,  5,
        1,  1,  2,  0,  2,  2,  5,  0,  1,  1, 11,  0,  3]), 'threshold': [3.0097264703847522, 3.1212601270921683, 2.0536329849497221, 2.2614350081355217, 2.6046888464805233, 2.3593497702771917, 2.0563974961671905, 2.0943138590488357, 2.9849714529414237, 3.0168137314644854, 2.999673442040816, 2.3349468578067252, 2.0257337189351485, 2.485330092985798, 3.1570980669507351, 2.3643067826771484, 2.2195159308187722, 2.48372882892628, 2.3742452980786659, 2.9095963105391007, 2.2677130561485108, 2.2542051550245708, 2.7498602445356326, 2.3746265081528803, 3.2637547176294897, 1.8719175397703478, 2.2193177421538093, 2.2042160195545613, 2.0311013335017516, 2.1882924371814312, 2.4862604794731515, 3.1804516960181219, 2.3890892663380923, 1.9751734434360828, 2.3448159390139742, 2.43413804697339, 2.2054258942173997, 2.4998133472818127, 2.2445058557101714, 2.1606548723045726, 1.9965659017220765, 2.4855004678305059, 2.3788970644058312, 2.4052049714219517, 1.7794009201994006, 2.9546170366383566, 2.0348038555681662], 'fneg': array([3, 3, 2, 2, 3, 3, 2, 2, 3, 3, 3, 2, 2, 3, 3, 3, 2, 3, 3, 3, 2, 2, 3,
       3, 3, 1, 2, 2, 2, 2, 3, 3, 3, 2, 2, 3, 2, 3, 2, 2, 2, 3, 3, 3, 0, 3,
       2]), 'sensitivity': array([0.23529412, 0.058823529, 0.82352941, 0.64705882, 0.52941176,
       0.64705882, 0.82352941, 0.82352941, 0.23529412, 0.23529412,
       0.23529412, 0.64705882, 0.82352941, 0.58823529, 0.058823529,
       0.64705882, 0.64705882, 0.58823529, 0.64705882, 0.23529412,
       0.64705882, 0.64705882, 0.41176471, 0.64705882, 0.058823529,
       0.94117647, 0.64705882, 0.70588235, 0.82352941, 0.70588235,
       0.58823529, 0.058823529, 0.64705882, 0.88235294, 0.64705882,
       0.58823529, 0.70588235, 0.58823529, 0.64705882, 0.70588235,
       0.88235294, 0.58823529, 0.64705882, 0.64705882, 0.94117647,
       0.23529412, 0.82352941]), 'tpos': array([0, 0, 1, 1, 0, 0, 1, 1, 0, 0, 0, 1, 1, 0, 0, 0, 1, 0, 0, 0, 1, 1, 0,
       0, 0, 2, 1, 1, 1, 1, 0, 0, 0, 1, 1, 0, 1, 0, 1, 1, 1, 0, 0, 0, 3, 0,
       1])}, {'specificity': array([0.93220339, 0.91525424, 0.83050847, 0.3559322, 0.44067797,
       0.57627119, 0.52542373, 0.45762712, 0.15254237, 0.13559322,
       0.18644068, 0.06779661, 0.11864407, 0.72881356, 0.69491525,
       0.6779661, 0.77966102, 0.28813559, 0.16949153, 0.33898305,
       0.55932203, 0.61016949, 0.40677966, 0.20338983, 0.42372881,
       0.23728814, 0.59322034, 0.66101695, 0.37288136, 0.27118644,
       0.84745763, 0.74576271, 0.96610169, 0.79661017, 0.49152542,
       0.50847458, 0.25423729, 0.47457627, 0.38983051, 0.3220339,
       0.30508475, 0.22033898, 0.71186441, 0.54237288, 0.94915254,
       0.98305085, 0.76271186, 0.6440678, 0.81355932, 0.084745763, 1.0,
       0.88135593, 0.033898305, 0.86440678, 0.10169492, 0.62711864,
       0.016949153, 0.050847458, 0.89830508]), 'tneg': array([11, 11, 11, 11, 11, 11, 11, 11, 11, 11, 11, 11, 11, 11, 11, 11, 11,
       11, 11, 11, 11, 11, 11, 11, 11, 11, 11, 11, 11, 11, 11, 11, 11, 11,
       11, 11, 11, 11, 11, 11, 11, 11, 11, 11, 11, 11, 11, 11, 11, 11, 11,
       11, 11, 11, 11, 11, 11, 11, 11]), 'fpos': array([0, 0, 0, 0, 0, 0, 0, 0, 0, 0, 0, 0, 0, 0, 0, 0, 0, 0, 0, 0, 0, 0, 0,
       0, 0, 0, 0, 0, 0, 0, 0, 0, 0, 0, 0, 0, 0, 0, 0, 0, 0, 0, 0, 0, 0, 0,
       0, 0, 0, 0, 0, 0, 0, 0, 0, 0, 0, 0, 0]), 'threshold': [3.6501438174908873, 3.6462541845827956, 3.5408706653346464, 3.1434607226149645, 3.1878136860569404, 3.2938132357457031, 3.2229040803986488, 3.1905569051086751, 3.0286562942074706, 3.0051230195297451, 3.048197386585235, 2.9244746450750441, 2.9927578750233477, 3.4389073148044331, 3.3676007471964882, 3.3667286322439591, 3.4946822897421996, 3.1266097953793808, 3.0314952319978707, 3.136031797735277, 3.2600810456871221, 3.3090423739100845, 3.1802099785449376, 3.0773931466253863, 3.1862403446687018, 3.0917309783286577, 3.3081176557014755, 3.3589464476918396, 3.1577042222924283, 3.1036329513144656, 3.5956859951455957, 3.4433264975250228, 3.7075734836238885, 3.5118273962990472, 3.2055073486030903, 3.2080633032544243, 3.0977816664846589, 3.1938128558204451, 3.1788884959583736, 3.131282719115692, 3.1275598992931068, 3.0873876759302674, 3.3877829783594566, 3.2446751621055823, 3.6741624028559903, 3.7505165487726089, 3.4794903102835812, 3.3491866481380375, 3.5372824508240432, 2.9716424576802067, 3.8012881459911387, 3.6176603752957606, 2.8997113355953008, 3.6054885190457227, 2.9749688433966148, 3.3415213290909218, 2.8598437142650055, 2.9234858264463512, 3.6325260055591855], 'fneg': array([4, 4, 4, 4, 4, 4, 4, 4, 4, 4, 4, 4, 4, 4, 4, 4, 4, 4, 4, 4, 4, 4, 4,
       4, 4, 4, 4, 4, 4, 4, 4, 4, 4, 4, 4, 4, 4, 4, 4, 4, 4, 4, 4, 4, 4, 4,
       4, 4, 4, 4, 4, 4, 4, 4, 4, 4, 4, 4, 4]), 'sensitivity': array([0.16666667, 0.16666667, 0.33333333, 1.0, 1.0, 1.0, 1.0, 1.0, 1.0,
       1.0, 1.0, 1.0, 1.0, 0.66666667, 0.66666667, 0.66666667, 0.33333333,
       1.0, 1.0, 1.0, 1.0, 1.0, 1.0, 1.0, 1.0, 1.0, 1.0, 0.83333333, 1.0,
       1.0, 0.16666667, 0.66666667, 0.0, 0.33333333, 1.0, 1.0, 1.0, 1.0,
       1.0, 1.0, 1.0, 1.0, 0.66666667, 1.0, 0.0, 0.0, 0.5, 0.83333333,
       0.33333333, 1.0, 0.0, 0.16666667, 1.0, 0.16666667, 1.0, 0.83333333,
       1.0, 1.0, 0.16666667]), 'tpos': array([0, 0, 0, 0, 0, 0, 0, 0, 0, 0, 0, 0, 0, 0, 0, 0, 0, 0, 0, 0, 0, 0, 0,
       0, 0, 0, 0, 0, 0, 0, 0, 0, 0, 0, 0, 0, 0, 0, 0, 0, 0, 0, 0, 0, 0, 0,
       0, 0, 0, 0, 0, 0, 0, 0, 0, 0, 0, 0, 0])}], <Model object at 0x0000000000000A34>)
#lasso
([{'specificity': array([0.76315789, 0.55263158, 0.21052632, 0.34210526, 0.39473684,
       0.31578947, 0.47368421, 0.5, 0.52631579, 0.42105263, 0.026315789,
       0.10526316, 0.94736842, 0.28947368, 0.13157895, 0.26315789,
       0.36842105, 0.97368421, 0.71052632, 0.65789474, 0.57894737,
       0.68421053, 0.73684211, 0.052631579, 0.15789474, 0.86842105,
       0.81578947, 0.63157895, 1.0, 0.44736842, 0.89473684, 0.84210526,
       0.60526316, 0.23684211, 0.92105263, 0.18421053, 0.78947368,
       0.078947368]), 'tneg': array([15, 15, 15, 15, 15, 15, 15, 15, 15, 15, 13, 15, 15, 15, 15, 15, 15,
       15, 15, 15, 15, 15, 15, 15, 15, 15, 15, 15, 15, 15, 15, 15, 15, 15,
       15, 15, 15, 15]), 'fpos': array([0, 0, 0, 0, 0, 0, 0, 0, 0, 0, 2, 0, 0, 0, 0, 0, 0, 0, 0, 0, 0, 0, 0,
       0, 0, 0, 0, 0, 0, 0, 0, 0, 0, 0, 0, 0, 0, 0]), 'threshold': [2.1705919754005651, 2.1524838753950459, 2.1243943196939261, 2.1319484184025974, 2.1377897341773515, 2.1310261831363064, 2.1404998818409009, 2.1461360688561961, 2.1520382690415509, 2.1387111252923692, 2.10290507728134, 2.1184586700143595, 2.2168384863621573, 2.1271201896749448, 2.1207695341255466, 2.1267830567600932, 2.1324731639379828, 2.2526297617259008, 2.1618916247813993, 2.158356213729101, 2.1534160294388007, 2.1616645480888295, 2.167244388006619, 2.1114694140265637, 2.1229783614515507, 2.1804281315582159, 2.1749505394634285, 2.1577687899616587, 2.2675255495790512, 2.1394259103831996, 2.1843736946105228, 2.1772725885789894, 2.1569807747478529, 2.1266454601025138, 2.2108341817539987, 2.1232368702223079, 2.1720692665089052, 2.1170007116584846], 'fneg': array([2, 2, 2, 2, 2, 2, 2, 2, 2, 2, 1, 2, 2, 2, 2, 2, 2, 2, 2, 2, 2, 2, 2,
       2, 2, 2, 2, 2, 2, 2, 2, 2, 2, 2, 2, 2, 2, 2]), 'sensitivity': array([0.12, 0.28, 0.48, 0.4, 0.4, 0.4, 0.36, 0.28, 0.28, 0.4, 0.92, 0.6,
       0.04, 0.44, 0.52, 0.44, 0.4, 0.0, 0.24, 0.28, 0.28, 0.24, 0.12,
       0.72, 0.52, 0.08, 0.08, 0.28, 0.0, 0.36, 0.08, 0.08, 0.28, 0.44,
       0.04, 0.52, 0.12, 0.6]), 'tpos': array([0, 0, 0, 0, 0, 0, 0, 0, 0, 0, 1, 0, 0, 0, 0, 0, 0, 0, 0, 0, 0, 0, 0,
       0, 0, 0, 0, 0, 0, 0, 0, 0, 0, 0, 0, 0, 0, 0])}, {'specificity': array([0.21428571, 0.92857143, 0.78571429, 0.85714286, 0.9047619, 0.5,
       0.52380952, 0.73809524, 0.28571429, 0.76190476, 0.33333333,
       0.23809524, 0.61904762, 0.54761905, 0.16666667, 0.95238095, 1.0,
       0.16666667, 0.71428571, 0.16666667, 0.16666667, 0.16666667,
       0.88095238, 0.42857143, 0.57142857, 0.5952381, 0.69047619,
       0.80952381, 0.38095238, 0.26190476, 0.47619048, 0.66666667,
       0.83333333, 0.35714286, 0.64285714, 0.30952381, 0.4047619,
       0.19047619, 0.97619048, 0.45238095, 0.16666667, 0.16666667]), 'tneg': array([8, 9, 9, 9, 9, 9, 9, 9, 8, 9, 8, 8, 9, 9, 8, 9, 9, 8, 9, 8, 8, 8, 9,
       8, 9, 9, 9, 9, 8, 8, 9, 9, 9, 8, 9, 8, 8, 8, 9, 9, 8, 8]), 'fpos': array([1, 0, 0, 0, 0, 0, 0, 0, 1, 0, 1, 1, 0, 0, 1, 0, 0, 1, 0, 1, 1, 1, 0,
       1, 0, 0, 0, 0, 1, 1, 0, 0, 0, 1, 0, 1, 1, 1, 0, 0, 1, 1]), 'threshold': [1.925229481275603, 2.2157944204039604, 2.1101237651065983, 2.154253784586079, 2.2108147358412586, 1.9684350957462282, 1.969073726041759, 2.0775994548819012, 1.9288016585308476, 2.0807657696500761, 1.9310180217246848, 1.9266410880920488, 2.006879743773414, 1.9758448134245776, 1.9250890074375, 2.3049535655757167, 2.32355025664691, 1.9250890074375, 2.0465447909228742, 1.9250890074375, 1.9250890074375, 1.9250890074375, 2.1757391930176544, 1.9418789811716914, 1.9818550932255588, 1.9843398814195992, 2.0334254964870242, 2.113803778066853, 1.9325073842375753, 1.9285409995481135, 1.9512318039124237, 2.0244284570754116, 2.1155636317360451, 1.9320633717911004, 2.0079369315841684, 1.9300944014676611, 1.9356867191705045, 1.925104627524258, 2.3205299930741408, 1.9457157049640148, 1.9250890074375, 1.9250890074375], 'fneg': array([5, 7, 7, 7, 7, 5, 5, 6, 5, 6, 5, 5, 6, 5, 5, 7, 7, 5, 6, 5, 5, 5, 7,
       5, 5, 5, 6, 7, 5, 5, 5, 6, 7, 5, 6, 5, 5, 5, 7, 5, 5, 5]), 'sensitivity': array([1.0, 0.22727273, 0.45454545, 0.40909091, 0.22727273, 0.72727273,
       0.72727273, 0.54545455, 0.95454545, 0.5, 0.95454545, 0.95454545,
       0.68181818, 0.72727273, 1.0, 0.13636364, 0.0, 1.0, 0.59090909, 1.0,
       1.0, 1.0, 0.36363636, 0.86363636, 0.72727273, 0.72727273,
       0.63636364, 0.45454545, 0.90909091, 0.95454545, 0.77272727,
       0.63636364, 0.45454545, 0.95454545, 0.68181818, 0.95454545,
       0.90909091, 1.0, 0.090909091, 0.81818182, 1.0, 1.0]), 'tpos': array([2, 0, 0, 0, 0, 2, 2, 1, 2, 1, 2, 2, 1, 2, 2, 0, 0, 2, 1, 2, 2, 2, 0,
       2, 2, 2, 1, 0, 2, 2, 2, 1, 0, 2, 1, 2, 2, 2, 0, 2, 2, 2])}, {'specificity': array([0.225, 0.2, 0.95, 0.625, 0.675, 0.175, 0.325, 0.8, 0.4, 0.425, 0.65,
       0.125, 0.35, 0.275, 0.15, 1.0, 0.975, 0.75, 0.3, 0.25, 0.875, 0.475,
       0.7, 0.375, 0.55, 0.9, 0.725, 0.575, 0.5, 0.525, 0.45, 0.85, 0.6,
       0.025, 0.775, 0.825, 0.075, 0.05, 0.1, 0.925]), 'tneg': array([12, 12, 12, 12, 12, 12, 12, 12, 12, 12, 12, 12, 12, 12, 12, 12, 12,
       12, 12, 12, 12, 12, 12, 12, 12, 12, 12, 12, 12, 12, 12, 12, 12,  0,
       12, 12,  0,  0,  9, 12]), 'fpos': array([ 0,  0,  0,  0,  0,  0,  0,  0,  0,  0,  0,  0,  0,  0,  0,  0,  0,
        0,  0,  0,  0,  0,  0,  0,  0,  0,  0,  0,  0,  0,  0,  0,  0, 12,
        0,  0, 12, 12,  3,  0]), 'threshold': [1.9904805761799107, 1.9870159125744971, 2.1610220788404377, 2.0611331094452829, 2.0626382460425865, 1.9825748227991169, 2.0005013458953473, 2.1039406565221506, 2.0277846762441367, 2.0288362800205157, 2.0622278400772078, 1.9690655369141092, 2.00840502165204, 1.9991715963813481, 1.9798951886339398, 2.2203062572935477, 2.1800592904231686, 2.073462932863483, 1.9994117055083627, 1.99883431359185, 2.1217110516650113, 2.04419680376142, 2.062952280892218, 2.0135667349839315, 2.0488487727797131, 2.1283478734670456, 2.0711344877471709, 2.0490832677700754, 2.0460506893738253, 2.0460919086328153, 2.034844322038583, 2.1116977805592776, 2.0547050000538047, 1.8453197689177499, 2.0770895809236256, 2.1072959297228806, 1.9174281102456985, 1.8812358698832519, 1.9473695960254047, 2.152583120696355], 'fneg': array([4, 4, 4, 4, 4, 4, 4, 4, 4, 4, 4, 4, 4, 4, 4, 4, 4, 4, 4, 4, 4, 4, 4,
       4, 4, 4, 4, 4, 4, 4, 4, 4, 4, 0, 4, 4, 0, 0, 3, 4]), 'sensitivity': array([0.83333333, 0.83333333, 0.16666667, 0.45833333, 0.45833333,
       0.83333333, 0.83333333, 0.25, 0.625, 0.625, 0.45833333, 0.875,
       0.79166667, 0.83333333, 0.83333333, 0.0, 0.125, 0.41666667,
       0.83333333, 0.83333333, 0.25, 0.5, 0.45833333, 0.75, 0.5, 0.25,
       0.41666667, 0.5, 0.5, 0.5, 0.54166667, 0.25, 0.5, 1.0, 0.375, 0.25,
       0.95833333, 1.0, 0.91666667, 0.16666667]), 'tpos': array([0, 0, 0, 0, 0, 0, 0, 0, 0, 0, 0, 0, 0, 0, 0, 0, 0, 0, 0, 0, 0, 0, 0,
       0, 0, 0, 0, 0, 0, 0, 0, 0, 0, 4, 0, 0, 4, 4, 1, 0])}, {'specificity': array([0.225, 0.3, 0.4, 0.275, 0.75, 0.8, 0.45, 0.525, 0.5, 0.325, 0.65,
       0.85, 0.15, 0.575, 0.175, 0.075, 0.95, 0.625, 0.375, 0.6, 0.2,
       0.425, 0.475, 0.25, 0.125, 0.875, 0.725, 0.9, 0.7, 0.825, 0.675,
       0.55, 0.35, 0.925, 0.775, 0.05, 0.975, 0.025, 0.1, 1.0]), 'tneg': array([ 7,  9, 10,  9, 11, 11, 10, 10, 10,  9, 11, 11,  3, 10,  4,  1, 11,
       11, 10, 10,  5, 10, 10,  7,  3, 11, 11, 11, 11, 11, 11, 10, 10, 11,
       11,  0, 11,  0,  3, 11]), 'fpos': array([ 4,  2,  1,  2,  0,  0,  1,  1,  1,  2,  0,  0,  8,  1,  7, 10,  0,
        0,  1,  1,  6,  1,  1,  4,  8,  0,  0,  0,  0,  0,  0,  1,  1,  0,
        0, 11,  0, 11,  8,  0]), 'threshold': [1.9413319005472403, 1.9610570176301114, 1.9860428415306544, 1.9594856246632071, 2.0878426186007748, 2.0990134306917541, 2.0029109157445428, 2.0159742598867476, 2.0104957798652587, 1.9628962736256028, 2.0644958897750985, 2.1089251437561045, 1.886866278478087, 2.02721548094846, 1.9016463893800117, 1.8495692959893832, 2.14306779063634, 2.0399397522006013, 1.9754643593746206, 2.0289154774650564, 1.9331694611849417, 1.9868890200333069, 2.0097395282198796, 1.9456906893747323, 1.87005432948179, 2.1089628851456883, 2.0842651973838984, 2.1147514584918436, 2.0802226500134826, 2.1067464534511213, 2.0771097407552652, 2.0259848135645497, 1.972591259009981, 2.1250085645748129, 2.0943194097591524, 1.7553077534250594, 2.244385096233291, 1.6837749001499853, 1.8670264895772606, 2.2865623703033338], 'fneg': array([4, 4, 4, 4, 5, 5, 5, 5, 5, 4, 5, 5, 3, 5, 3, 1, 5, 5, 4, 5, 4, 4, 5,
       4, 2, 5, 5, 5, 5, 5, 5, 5, 4, 5, 5, 0, 5, 0, 2, 5]), 'sensitivity': array([0.33333333, 0.25, 0.25, 0.25, 0.083333333, 0.083333333, 0.16666667,
       0.16666667, 0.16666667, 0.25, 0.083333333, 0.083333333, 0.45833333,
       0.125, 0.375, 0.54166667, 0.0, 0.125, 0.25, 0.125, 0.33333333, 0.25,
       0.16666667, 0.33333333, 0.54166667, 0.083333333, 0.083333333, 0.0,
       0.083333333, 0.083333333, 0.083333333, 0.125, 0.25, 0.0,
       0.083333333, 0.875, 0.0, 0.91666667, 0.54166667, 0.0]), 'tpos': array([1, 1, 1, 1, 0, 0, 0, 0, 0, 1, 0, 0, 2, 0, 2, 4, 0, 0, 1, 0, 1, 1, 0,
       1, 3, 0, 0, 0, 0, 0, 0, 0, 1, 0, 0, 5, 0, 5, 3, 0])}, {'specificity': array([0.57142857, 0.92857143, 1.0, 0.28571429, 0.875, 0.48214286,
       0.69642857, 0.53571429, 0.83928571, 0.91071429, 0.96428571,
       0.94642857, 0.67857143, 0.41071429, 0.25, 0.35714286, 0.78571429,
       0.32142857, 0.42857143, 0.60714286, 0.58928571, 0.55357143,
       0.053571429, 0.125, 0.26785714, 0.76785714, 0.21428571, 0.85714286,
       0.98214286, 0.071428571, 0.19642857, 0.33928571, 0.23214286,
       0.17857143, 0.5, 0.10714286, 0.64285714, 0.625, 0.80357143,
       0.44642857, 0.66071429, 0.71428571, 0.46428571, 0.39285714,
       0.73214286, 0.51785714, 0.16071429, 0.30357143, 0.375, 0.75,
       0.14285714, 0.89285714, 0.035714286, 0.017857143, 0.089285714,
       0.82142857]), 'tneg': array([10, 11, 11, 10, 11, 10, 11, 10, 11, 11, 11, 11, 11, 10, 10, 10, 11,
       10, 10, 10, 10, 10,  8, 10, 10, 11, 10, 11, 11,  8, 10, 10, 10, 10,
       10, 10, 10, 10, 11, 10, 10, 11, 10, 10, 11, 10, 10, 10, 10, 11, 10,
       11,  8,  8, 10, 11]), 'fpos': array([1, 0, 0, 1, 0, 1, 0, 1, 0, 0, 0, 0, 0, 1, 1, 1, 0, 1, 1, 1, 1, 1, 3,
       1, 1, 0, 1, 0, 0, 3, 1, 1, 1, 1, 1, 1, 1, 1, 0, 1, 1, 0, 1, 1, 0, 1,
       1, 1, 1, 0, 1, 0, 3, 3, 1, 0]), 'threshold': [2.9366222937214959, 3.9516242679479694, 4.8927072997608345, 2.7589997778020989, 3.4765517148961411, 2.89544916065603, 3.0515581189476935, 2.9176778488508677, 3.3671478845457647, 3.6917479984567434, 4.224095415448506, 4.1178238613152125, 3.0389454159203062, 2.8505685607656313, 2.7497646075992872, 2.8138600711867614, 3.1444062857877326, 2.7830314716124054, 2.8556994730958354, 2.9857046310499373, 2.9677101523339511, 2.9340347820529669, 2.4159798734958255, 2.6446613815686568, 2.7538989799468583, 3.1307888336623404, 2.726977472400578, 3.459375415259673, 4.5532103248638887, 2.4481613838717831, 2.7173132006333987, 2.805630869322715, 2.7414340585488786, 2.7040946503729391, 2.8968544959723919, 2.6290602256968487, 3.0082602255916169, 3.0021468802658493, 3.2636428719193842, 2.8860363607419468, 3.0162585759681164, 3.0546589613991384, 2.8938212458388004, 2.8457537606385106, 3.1122647580683038, 2.8977309586427005, 2.678865067527779, 2.7804064679509497, 2.8158780870936417, 3.1258525342069161, 2.6693056005259543, 3.5313045344892231, 2.242453877268709, 2.1949908952287136, 2.61003175745115, 3.2811679573186368], 'fneg': array([4, 4, 4, 4, 4, 4, 4, 4, 4, 4, 4, 4, 4, 4, 4, 4, 4, 4, 4, 4, 4, 4, 4,
       4, 4, 4, 4, 4, 4, 4, 4, 4, 4, 4, 4, 4, 4, 4, 4, 4, 4, 4, 4, 4, 4, 4,
       4, 4, 4, 4, 4, 4, 3, 3, 4, 4]), 'sensitivity': array([0.66666667, 0.22222222, 0.0, 0.88888889, 0.33333333, 0.77777778,
       0.66666667, 0.66666667, 0.33333333, 0.22222222, 0.11111111,
       0.11111111, 0.66666667, 0.88888889, 0.88888889, 0.88888889,
       0.55555556, 0.88888889, 0.88888889, 0.66666667, 0.66666667,
       0.66666667, 0.88888889, 0.88888889, 0.88888889, 0.55555556,
       0.88888889, 0.33333333, 0.11111111, 0.88888889, 0.88888889,
       0.88888889, 0.88888889, 0.88888889, 0.77777778, 0.88888889,
       0.66666667, 0.66666667, 0.33333333, 0.77777778, 0.66666667,
       0.66666667, 0.77777778, 0.88888889, 0.55555556, 0.77777778,
       0.88888889, 0.88888889, 0.88888889, 0.55555556, 0.88888889,
       0.33333333, 1.0, 1.0, 0.88888889, 0.33333333]), 'tpos': array([0, 0, 0, 0, 0, 0, 0, 0, 0, 0, 0, 0, 0, 0, 0, 0, 0, 0, 0, 0, 0, 0, 0,
       0, 0, 0, 0, 0, 0, 0, 0, 0, 0, 0, 0, 0, 0, 0, 0, 0, 0, 0, 0, 0, 0, 0,
       0, 0, 0, 0, 0, 0, 1, 1, 0, 0])}], <Model object at 0x0000000000000D60>)
#lasso
([{'specificity': array([0.27906977, 0.62790698, 0.93023256, 0.1627907, 0.39534884,
       0.37209302, 0.72093023, 0.95348837, 0.88372093, 0.41860465,
       0.25581395, 0.53488372, 0.093023256, 0.58139535, 0.90697674,
       0.69767442, 0.60465116, 0.6744186, 0.86046512, 0.11627907,
       0.13953488, 0.23255814, 0.34883721, 0.3255814, 0.30232558,
       0.51162791, 0.46511628, 0.55813953, 0.18604651, 0.069767442,
       0.046511628, 0.76744186, 0.81395349, 0.79069767, 0.65116279,
       0.74418605, 0.48837209, 0.8372093, 0.44186047, 1.0, 0.023255814,
       0.20930233, 0.97674419]), 'tneg': array([10, 13, 13,  9, 10, 10, 13, 13, 13, 10,  9, 12,  9, 12, 13, 13, 13,
       13, 13,  9,  9,  9, 10, 10, 10, 12, 11, 12,  9,  8,  6, 13, 13, 13,
       13, 13, 11, 13, 11, 13,  0,  9, 13]), 'fpos': array([ 3,  0,  0,  4,  3,  3,  0,  0,  0,  3,  4,  1,  4,  1,  0,  0,  0,
        0,  0,  4,  4,  4,  3,  3,  3,  1,  2,  1,  4,  5,  7,  0,  0,  0,
        0,  0,  2,  0,  2,  0, 13,  4,  0]), 'threshold': [2.0578088884062873, 2.2042571022214394, 2.3972663196548036, 1.9868225178419021, 2.101059135107799, 2.1005809057250806, 2.2253544393289078, 2.5118574970133363, 2.3362810012803394, 2.1052461487879413, 2.0194289926710236, 2.1450484863691677, 1.9653320909238152, 2.1823694075135309, 2.3633904990381915, 2.223859076338472, 2.1967875335930005, 2.2123961471294491, 2.3140932700784607, 1.9686079135798085, 1.9843200306239319, 2.0138621648237027, 2.0963250424197271, 2.0714276327449017, 2.0670996901431269, 2.1397407902183661, 2.1132490137659032, 2.1554038143254242, 1.9988343875776233, 1.9451094791943622, 1.9082459324560983, 2.2349906314014842, 2.2495122213802974, 2.2408400712927992, 2.2082052254077769, 2.2331125892556694, 2.119124208888282, 2.2950852123685612, 2.1097644727595823, 2.9638057582782293, 1.5920126372163947, 2.0029378849767854, 2.8084059194708], 'fneg': array([2, 3, 4, 1, 3, 3, 3, 4, 4, 3, 2, 3, 1, 3, 4, 3, 3, 3, 4, 1, 1, 1, 3,
       2, 2, 3, 3, 3, 1, 1, 1, 3, 3, 3, 3, 3, 3, 4, 3, 4, 0, 1, 4]), 'sensitivity': array([0.57142857, 0.42857143, 0.23809524, 0.71428571, 0.57142857,
       0.57142857, 0.33333333, 0.047619048, 0.28571429, 0.57142857,
       0.57142857, 0.57142857, 0.71428571, 0.47619048, 0.28571429,
       0.33333333, 0.47619048, 0.42857143, 0.28571429, 0.71428571,
       0.71428571, 0.61904762, 0.57142857, 0.57142857, 0.57142857,
       0.57142857, 0.57142857, 0.57142857, 0.71428571, 0.71428571,
       0.76190476, 0.33333333, 0.33333333, 0.33333333, 0.42857143,
       0.33333333, 0.57142857, 0.28571429, 0.57142857, 0.0, 1.0,
       0.71428571, 0.0]), 'tpos': array([2, 1, 0, 3, 1, 1, 1, 0, 0, 1, 2, 1, 3, 1, 0, 1, 1, 1, 0, 3, 3, 3, 1,
       2, 2, 1, 1, 1, 3, 3, 3, 1, 1, 1, 1, 1, 1, 0, 1, 0, 4, 3, 0])}, {'specificity': array([0.21568627, 0.49019608, 0.80392157, 0.31372549, 0.23529412,
       0.62745098, 0.35294118, 0.33333333, 0.64705882, 0.76470588,
       0.47058824, 0.70588235, 0.45098039, 0.54901961, 0.74509804,
       0.88235294, 0.68627451, 0.96078431, 0.82352941, 0.66666667,
       0.41176471, 0.29411765, 0.39215686, 0.84313725, 0.1372549,
       0.19607843, 0.2745098, 0.43137255, 0.37254902, 0.15686275,
       0.78431373, 0.25490196, 0.60784314, 0.17647059, 0.11764706,
       0.098039216, 0.50980392, 0.7254902, 0.58823529, 0.90196078,
       0.8627451, 0.52941176, 0.56862745, 0.94117647, 0.92156863, 1.0,
       0.039215686, 0.078431373, 0.019607843, 0.058823529, 0.98039216]), 'tneg': array([9, 9, 9, 9, 9, 9, 9, 9, 9, 9, 9, 9, 9, 9, 9, 9, 9, 9, 9, 9, 9, 9, 9,
       9, 9, 9, 9, 9, 9, 9, 9, 9, 9, 9, 9, 9, 9, 9, 9, 9, 9, 9, 9, 9, 9, 9,
       9, 9, 9, 9, 9]), 'fpos': array([0, 0, 0, 0, 0, 0, 0, 0, 0, 0, 0, 0, 0, 0, 0, 0, 0, 0, 0, 0, 0, 0, 0,
       0, 0, 0, 0, 0, 0, 0, 0, 0, 0, 0, 0, 0, 0, 0, 0, 0, 0, 0, 0, 0, 0, 0,
       0, 0, 0, 0, 0]), 'threshold': [2.4647510064055309, 3.1508070929907368, 3.4947367766366035, 2.6705638441750272, 2.5668004696440452, 3.2995659929006438, 2.7887250720977965, 2.6756974263185178, 3.3116918704225258, 3.4519026215470903, 3.115107036893022, 3.37348146277374, 3.0748890378807041, 3.2152228085060872, 3.4394622184758314, 3.5548526401493534, 3.3496700063397, 4.0569414530462957, 3.53342745877338, 3.3262815907325107, 3.0625399197918393, 2.6525138188645188, 3.0428474141450979, 3.5497206947269886, 2.3411250859168451, 2.4414389636777134, 2.6326752399273818, 3.0636367086024707, 2.9874088412164981, 2.4178812310860511, 3.4943214155402771, 2.6001415193291395, 3.2628134159449846, 2.4350250567155816, 2.3083850465400855, 2.215361568319886, 3.1592451527089791, 3.4071166491929912, 3.2552275921536542, 3.6602641798775677, 3.5523730295592637, 3.1676101386212219, 3.220930627171616, 3.8035666205187084, 3.6886057175317122, 4.7860409572831122, 1.3674325051076024, 1.4949945652647709, 1.209878030086365, 1.4906714934875929, 4.5250556629708347], 'fneg': array([7, 7, 7, 7, 7, 7, 7, 7, 7, 7, 7, 7, 7, 7, 7, 7, 7, 7, 7, 7, 7, 7, 7,
       7, 7, 7, 7, 7, 7, 7, 7, 7, 7, 7, 7, 7, 7, 7, 7, 7, 7, 7, 7, 7, 7, 7,
       7, 7, 7, 7, 7]), 'sensitivity': array([0.42857143, 0.14285714, 0.0, 0.35714286, 0.42857143, 0.071428571,
       0.28571429, 0.35714286, 0.071428571, 0.0, 0.14285714, 0.071428571,
       0.14285714, 0.071428571, 0.0, 0.0, 0.071428571, 0.0, 0.0,
       0.071428571, 0.14285714, 0.35714286, 0.14285714, 0.0, 0.42857143,
       0.42857143, 0.35714286, 0.14285714, 0.14285714, 0.42857143, 0.0,
       0.35714286, 0.071428571, 0.42857143, 0.42857143, 0.57142857,
       0.071428571, 0.071428571, 0.071428571, 0.0, 0.0, 0.071428571,
       0.071428571, 0.0, 0.0, 0.0, 0.92857143, 0.92857143, 1.0, 0.92857143,
       0.0]), 'tpos': array([0, 0, 0, 0, 0, 0, 0, 0, 0, 0, 0, 0, 0, 0, 0, 0, 0, 0, 0, 0, 0, 0, 0,
       0, 0, 0, 0, 0, 0, 0, 0, 0, 0, 0, 0, 0, 0, 0, 0, 0, 0, 0, 0, 0, 0, 0,
       0, 0, 0, 0, 0])}, {'specificity': array([0.90384615, 0.69230769, 0.92307692, 0.80769231, 0.86538462,
       0.98076923, 0.19230769, 0.59615385, 0.32692308, 0.88461538, 1.0,
       0.26923077, 0.73076923, 0.28846154, 0.65384615, 0.30769231,
       0.48076923, 0.5, 0.78846154, 0.82692308, 0.84615385, 0.75,
       0.076923077, 0.61538462, 0.55769231, 0.17307692, 0.019230769,
       0.21153846, 0.44230769, 0.15384615, 0.46153846, 0.096153846,
       0.23076923, 0.40384615, 0.34615385, 0.57692308, 0.057692308, 0.25,
       0.13461538, 0.38461538, 0.11538462, 0.038461538, 0.63461538,
       0.67307692, 0.53846154, 0.51923077, 0.36538462, 0.71153846,
       0.42307692, 0.76923077, 0.94230769, 0.96153846]), 'tneg': array([0, 0, 0, 0, 0, 0, 0, 0, 0, 0, 0, 0, 0, 0, 0, 0, 0, 0, 0, 0, 0, 0, 0,
       0, 0, 0, 0, 0, 0, 0, 0, 0, 0, 0, 0, 0, 0, 0, 0, 0, 0, 0, 0, 0, 0, 0,
       0, 0, 0, 0, 0, 0]), 'fpos': array([13, 13, 13, 13, 13, 13, 13, 13, 13, 13, 13, 13, 13, 13, 13, 13, 13,
       13, 13, 13, 13, 13, 13, 13, 13, 13, 13, 13, 13, 13, 13, 13, 13, 13,
       13, 13, 13, 13, 13, 13, 13, 13, 13, 13, 13, 13, 13, 13, 13, 13, 13,
       13]), 'threshold': [7.6772197513113234, 4.3847525873137734, 7.9478807322909955, 4.7909722884299066, 5.567948457212184, 17.831249898655241, 2.5147002049840457, 4.1971102727452489, 3.2968722469581495, 5.9725834008409446, 45.383995635495623, 3.1225497719074777, 4.4428030045666684, 3.1260352989950206, 4.3487007387608845, 3.1420051572970822, 3.8513255570666218, 3.8676475865624731, 4.6452911694801458, 4.8188169762348529, 5.0516951792577451, 4.4527464670273735, 2.173867640156371, 4.2536913362265008, 4.1061274945546362, 2.4657951605198507, 0.36276258363525682, 2.5359099688996656, 3.7484971908140361, 2.4217378976256381, 3.7729646921802038, 2.1812463864046725, 2.7555653210015705, 3.4697575356084185, 3.3230902394019921, 4.1142515486496034, 1.9490556260395548, 3.1087824464501, 2.3922755858616043, 3.4353186213340683, 2.252658623415555, 1.5369378574491612, 4.315161072269686, 4.38341163013312, 4.0280342978049646, 3.945198448356388, 3.3693708700948144, 4.4071748968394466, 3.6523503871757188, 4.5441726491034231, 8.57309827544094, 8.9365406864167731], 'fneg': array([0, 0, 0, 0, 0, 0, 0, 0, 0, 0, 0, 0, 0, 0, 0, 0, 0, 0, 0, 0, 0, 0, 0,
       0, 0, 0, 0, 0, 0, 0, 0, 0, 0, 0, 0, 0, 0, 0, 0, 0, 0, 0, 0, 0, 0, 0,
       0, 0, 0, 0, 0, 0]), 'sensitivity': array([0.0, 0.0, 0.0, 0.0, 0.0, 0.0, 0.23076923, 0.0, 0.15384615, 0.0, 0.0,
       0.23076923, 0.0, 0.23076923, 0.0, 0.15384615, 0.0, 0.0, 0.0, 0.0,
       0.0, 0.0, 0.23076923, 0.0, 0.0, 0.23076923, 0.46153846, 0.23076923,
       0.076923077, 0.23076923, 0.076923077, 0.23076923, 0.23076923,
       0.15384615, 0.15384615, 0.0, 0.23076923, 0.23076923, 0.23076923,
       0.15384615, 0.23076923, 0.30769231, 0.0, 0.0, 0.0, 0.0, 0.15384615,
       0.0, 0.076923077, 0.0, 0.0, 0.0]), 'tpos': array([3, 3, 3, 3, 3, 3, 3, 3, 3, 3, 3, 3, 3, 3, 3, 3, 3, 3, 3, 3, 3, 3, 3,
       3, 3, 3, 3, 3, 3, 3, 3, 3, 3, 3, 3, 3, 3, 3, 3, 3, 3, 3, 3, 3, 3, 3,
       3, 3, 3, 3, 3, 3])}, {'specificity': array([0.46153846, 0.27692308, 0.076923077, 0.6, 0.35384615, 0.15384615,
       0.33846154, 0.90769231, 0.26153846, 0.21538462, 0.10769231, 0.2,
       0.89230769, 0.76923077, 0.61538462, 1.0, 0.83076923, 0.96923077,
       0.73846154, 0.8, 0.66153846, 0.30769231, 0.43076923, 0.87692308,
       0.4, 0.98461538, 0.16923077, 0.86153846, 0.53846154, 0.70769231,
       0.18461538, 0.23076923, 0.44615385, 0.63076923, 0.36923077,
       0.12307692, 0.55384615, 0.67692308, 0.95384615, 0.061538462,
       0.13846154, 0.24615385, 0.56923077, 0.92307692, 0.84615385,
       0.47692308, 0.64615385, 0.75384615, 0.72307692, 0.93846154,
       0.52307692, 0.78461538, 0.32307692, 0.49230769, 0.69230769,
       0.58461538, 0.50769231, 0.38461538, 0.81538462, 0.29230769,
       0.41538462, 0.092307692, 0.030769231, 0.015384615, 0.046153846]), 'tneg': array([12, 12, 12, 12, 12, 12, 12, 12, 12, 12, 12, 12, 12, 12, 12, 12, 12,
       12, 12, 12, 12, 12, 12, 12, 12, 12, 12, 12, 12, 12, 12, 12, 12, 12,
       12, 12, 12, 12, 12, 12, 12, 12, 12, 12, 12, 12, 12, 12, 12, 12, 12,
       12, 12, 12, 12, 12, 12, 12, 12, 12, 12, 12, 12, 12, 12]), 'fpos': array([0, 0, 0, 0, 0, 0, 0, 0, 0, 0, 0, 0, 0, 0, 0, 0, 0, 0, 0, 0, 0, 0, 0,
       0, 0, 0, 0, 0, 0, 0, 0, 0, 0, 0, 0, 0, 0, 0, 0, 0, 0, 0, 0, 0, 0, 0,
       0, 0, 0, 0, 0, 0, 0, 0, 0, 0, 0, 0, 0, 0, 0, 0, 0, 0, 0]), 'threshold': [7.9789173355138159, 7.6713777619682118, 6.625711693047001, 8.442034450053443, 7.7964374811898693, 7.14217548533807, 7.7679412676967363, 9.9997939418148682, 7.6487462401080961, 7.575462706719212, 6.7058926330484487, 7.4189795576995659, 9.9400228986640524, 9.2708630399808847, 8.4762545243129939, 13.953128572758265, 9.420744360732165, 11.127197137132255, 9.1306942764692369, 9.35999189817685, 8.66774951215982, 7.6959405930928382, 7.9295684286048953, 9.77810682741799, 7.9032482559795421, 11.661473011872877, 7.2173028568901234, 9.6214515012920749, 8.22845684539812, 8.7696715681659327, 7.2269121710659672, 7.6065019188057761, 7.9773987169422087, 8.5198515958457666, 7.8473999804351147, 6.7113888595801185, 8.2734322709535189, 8.6694188836392989, 10.896784659271908, 6.5779879593564141, 6.8766700086270713, 7.6237234466629573, 8.37191929839695, 10.179579706408305, 9.4228927752966314, 8.005748070742964, 8.5762299788644167, 9.1862837164960016, 8.8340042113971631, 10.241748618671869, 8.15879627345134, 9.332521495886553, 7.70436202233046, 8.0947011717403363, 8.7675596327764964, 8.389077410377249, 8.1551734035197132, 7.8863580579941654, 9.4188080356142478, 7.6760721508333791, 7.9061759424593081, 6.6712757636505016, 6.0537550225653707, 6.0161612044609241, 6.4671695271887168], 'fneg': array([4, 4, 4, 4, 4, 4, 4, 4, 4, 4, 4, 4, 4, 4, 4, 4, 4, 4, 4, 4, 4, 4, 4,
       4, 4, 4, 4, 4, 4, 4, 4, 4, 4, 4, 4, 4, 4, 4, 4, 4, 4, 4, 4, 4, 4, 4,
       4, 4, 4, 4, 4, 4, 4, 4, 4, 4, 4, 4, 4, 4, 4, 4, 4, 4, 4]), 'sensitivity': array([1, 1, 1, 1, 1, 1, 1, 1, 1, 1, 1, 1, 1, 1, 1, 1, 1, 1, 1, 1, 1, 1, 1,
       1, 1, 1, 1, 1, 1, 1, 1, 1, 1, 1, 1, 1, 1, 1, 1, 1, 1, 1, 1, 1, 1, 1,
       1, 1, 1, 1, 1, 1, 1, 1, 1, 1, 1, 1, 1, 1, 1, 1, 1, 1, 1]), 'tpos': array([0, 0, 0, 0, 0, 0, 0, 0, 0, 0, 0, 0, 0, 0, 0, 0, 0, 0, 0, 0, 0, 0, 0,
       0, 0, 0, 0, 0, 0, 0, 0, 0, 0, 0, 0, 0, 0, 0, 0, 0, 0, 0, 0, 0, 0, 0,
       0, 0, 0, 0, 0, 0, 0, 0, 0, 0, 0, 0, 0, 0, 0, 0, 0, 0, 0])}, {'specificity': array([0.9375, 1.0, 0.16666667, 0.89583333, 0.29166667, 0.8125, 0.77083333,
       0.75, 0.95833333, 0.625, 0.5, 0.58333333, 0.66666667, 0.39583333,
       0.54166667, 0.91666667, 0.85416667, 0.83333333, 0.70833333,
       0.60416667, 0.35416667, 0.5625, 0.3125, 0.52083333, 0.875,
       0.10416667, 0.97916667, 0.0625, 0.25, 0.125, 0.20833333, 0.1875,
       0.33333333, 0.27083333, 0.14583333, 0.22916667, 0.45833333,
       0.41666667, 0.4375, 0.64583333, 0.6875, 0.79166667, 0.375,
       0.72916667, 0.041666667, 0.020833333, 0.083333333, 0.47916667]), 'tneg': array([14, 14, 14, 14, 14, 14, 14, 14, 14, 14, 14, 14, 14, 14, 14, 14, 14,
       14, 14, 14, 14, 14, 14, 14, 14, 14, 14, 14, 14, 14, 14, 14, 14, 14,
       14, 14, 14, 14, 14, 14, 14, 14, 14, 14, 14, 14, 14, 14]), 'fpos': array([0, 0, 0, 0, 0, 0, 0, 0, 0, 0, 0, 0, 0, 0, 0, 0, 0, 0, 0, 0, 0, 0, 0,
       0, 0, 0, 0, 0, 0, 0, 0, 0, 0, 0, 0, 0, 0, 0, 0, 0, 0, 0, 0, 0, 0, 0,
       0, 0]), 'threshold': [3.3044371921401892, 4.7331884016708594, 2.1509272913522786, 2.9363822614156456, 2.258263972366588, 2.7634606812096658, 2.70916073285782, 2.6750638369418285, 3.4861556087809928, 2.5717702003168563, 2.4876384306657084, 2.5679123067741672, 2.6242025322546905, 2.4015398777877741, 2.5447416889904053, 3.0467153971855021, 2.8526411694213794, 2.7962278149005746, 2.6297638098329337, 2.5679593609174063, 2.3330223704864808, 2.5658248390828633, 2.289619261687569, 2.5197427802498495, 2.9038123171058183, 2.0141118007012366, 4.1327027442852238, 1.9981038259139006, 2.2084317263458604, 2.0476367018975976, 2.1853247566281491, 2.1680737152140579, 2.3286609512821617, 2.224770277751456, 2.1132501165320425, 2.1980141670780391, 2.4543936177916277, 2.4227937266438495, 2.4379957843408215, 2.6147044651016458, 2.6257330651486752, 2.7501670019223217, 2.38139792499271, 2.67135030501836, 1.8190412868881154, 1.8172034251534492, 2.0064126742353645, 2.4666061728207991], 'fneg': array([2, 2, 2, 2, 2, 2, 2, 2, 2, 2, 2, 2, 2, 2, 2, 2, 2, 2, 2, 2, 2, 2, 2,
       2, 2, 2, 2, 2, 2, 2, 2, 2, 2, 2, 2, 2, 2, 2, 2, 2, 2, 2, 2, 2, 2, 2,
       2, 2]), 'sensitivity': array([0.17647059, 0.0, 0.64705882, 0.17647059, 0.52941176, 0.29411765,
       0.29411765, 0.29411765, 0.17647059, 0.29411765, 0.29411765,
       0.29411765, 0.29411765, 0.29411765, 0.29411765, 0.17647059,
       0.17647059, 0.29411765, 0.29411765, 0.29411765, 0.35294118,
       0.29411765, 0.47058824, 0.29411765, 0.17647059, 0.88235294,
       0.058823529, 0.88235294, 0.58823529, 0.82352941, 0.58823529,
       0.64705882, 0.35294118, 0.58823529, 0.76470588, 0.58823529,
       0.29411765, 0.29411765, 0.29411765, 0.29411765, 0.29411765,
       0.29411765, 0.29411765, 0.29411765, 0.94117647, 0.94117647,
       0.88235294, 0.29411765]), 'tpos': array([0, 0, 0, 0, 0, 0, 0, 0, 0, 0, 0, 0, 0, 0, 0, 0, 0, 0, 0, 0, 0, 0, 0,
       0, 0, 0, 0, 0, 0, 0, 0, 0, 0, 0, 0, 0, 0, 0, 0, 0, 0, 0, 0, 0, 0, 0,
       0, 0])}], <Model object at 0x000000000000108C>)
