# fold = 1
# threshold = 4.49260118941
# requested specificity = 0.809523809524
# actual training-set specificity = 0.785714285714
# tpos = 1
# tneg = 15
# fpos = 2
# fneg = 3
# raw predictions:
[5.7564929 1.4516184 2.0927809 -1.1015297 -0.06302466 1.0100509
 -0.018604631 -3.8037457 -1.0537408 0.55920168 2.1386142 -0.28491422
 2.7425126 -0.59140821 -1.454713 -1.3165583 4.9373022 6.1475664 3.9854257
 2.1579165 0.20749995]
# truth:
[2.286681 3.3837436 3.2980448 2.2000293 2.1664301 2.1804126 0.79934055
 1.687529 1.5024271 1.7024305 1.6009729 3.3837436 2.1433271 0.30103
 1.5786392 2.0406023 2.5161386 2.1525941 1.6928469 1.5263393 0.0]
# fold = 2
# threshold = 125.726231274
# requested specificity = 0.805555555556
# actual training-set specificity = 0.8
# tpos = 1
# tneg = 12
# fpos = 2
# fneg = 5
# raw predictions:
[100.87596 123.69491 120.06976 117.77401 123.44446 106.34678 148.3398
 102.94252 102.29479 115.34472 100.11816 140.24465 85.678606 102.546
 100.71928 103.66137 105.29116 116.16714 130.81971 100.54555]
# truth:
[2.5366847 1.7767012 3.3837436 1.376577 2.5627685 2.0297895 2.2367891
 1.3384565 1.8709888 3.3837436 1.1430148 2.2796669 2.3398488 2.0674428
 2.2355284 3.3837436 2.1027766 1.9703469 2.6887757 0.70757018]
# fold = 3
# threshold = 695.815983699
# requested specificity = 0.80487804878
# actual training-set specificity = 0.8
# tpos = 5
# tneg = 12
# fpos = 2
# fneg = 1
# raw predictions:
[1112.6794 658.47978 588.98024 566.78789 540.46683 463.84152 705.82769
 706.8505 640.27015 599.90977 1078.3405 1298.1596 800.93451 737.11556
 600.53079 631.59357 590.10891 427.08656 520.17762 543.00835]
# truth:
[2.5375673 0.30103 1.1172713 1.8920946 1.8469553 3.3837436 2.1580608
 1.1643529 1.3579348 1.3031961 2.9914033 2.7136585 2.7567882 3.3837436
 1.3483049 1.3710679 2.3583156 1.4712917 0.49136169 1.5024271]
# fold = 4
# threshold = 71.1341114255
# requested specificity = 0.80701754386
# actual training-set specificity = 0.8
# tpos = 3
# tneg = 12
# fpos = 0
# fneg = 5
# raw predictions:
[126.80913 55.775694 73.323187 57.075781 63.412689 57.267008 61.143895
 51.347014 45.30954 96.397576 55.60786 70.071092 41.32655 54.002661
 56.601087 48.347923 48.510287 56.65466 57.501984 59.593687]
# truth:
[2.5779511 2.4350476 2.4834446 3.3837436 2.6134189 2.8121108 1.6042261
 1.382017 2.0318123 2.4637437 1.8469553 1.6884198 1.9020029 2.2000293
 2.3380579 2.6190933 0.30103 1.0374265 1.1643529 1.9355073]
# fold = 5
# threshold = 433.727953886
# requested specificity = 0.803571428571
# actual training-set specificity = 0.792452830189
# tpos = 0
# tneg = 16
# fpos = 1
# fneg = 2
# raw predictions:
[-271.57274 15.918525 -268.17148 -788.8417 -482.17974 -5.8957142 413.27647
 402.59493 -404.75363 260.84945 408.87646 196.43311 254.29899 263.25812
 349.26526 337.30241 619.96394 -10.647123 119.96642]
# truth:
[1.5717088 2.5880475 1.5263393 1.6532125 2.512551 2.2671717 1.3961993
 2.0338257 1.4593925 1.9355073 2.1598678 0.61278386 1.39794 1.6866363
 1.8000294 1.948413 2.1195858 1.666518 1.1271048]
# fold = overall performance
# tpos = 10
# tneg = 67
# fpos = 7
# fneg = 16
