# fold = 1
# threshold = 0.25144692614
# requested specificity = 0.827586206897
# actual training-set specificity = 
# tpos = 2
# tneg = 9
# fpos = 7
# fneg = 3
# raw predictions:
[0.0429903158581 0.921374225015 0.26713784035 0.081289810152 0.158735400112
 0.27372513464 0.658436130816 0.965422579029 0.00355444344541
 0.197702177391 0.517813531709 0.0650673325339 0.0924092755254
 0.0474505245906 0.956168412364 0.0819511773716 0.000127758737465
 0.0313327995695 0.567223532455 0.00259772321207 0.459614893903]
# truth:
[2.5779511 3.3837436 1.7767012 1.5717088 2.5880475 2.0297895 2.1580608
 2.2367891 1.1430148 2.3398488 1.8469553 3.3837436 2.2000293 1.9355073
 2.6190933 1.39794 0.30103 1.0374265 1.9355073 0.70757018 1.1271048]
# fold = 2
# threshold = 0.251324113031
# requested specificity = 0.811320754717
# actual training-set specificity = 
# tpos = 1
# tneg = 12
# fpos = 4
# fneg = 3
# raw predictions:
[0.418641210177 0.101264137138 0.135761014378 0.783481792184 0.14204668421
 0.0177537410583 0.0975449212951 0.0335712563199 0.10728143181
 0.197767266761 0.999713008611 0.0342560157192 0.0593228679616
 0.0735156483889 0.0874809495968 0.258167900502 0.30201708695
 0.0443407824472 0.139764007666 0.0464981647398]
# truth:
[2.286681 1.376577 2.4834446 2.6134189 2.1804126 1.6532125 2.2796669
 1.5024271 1.7024305 1.3961993 2.0674428 1.3483049 2.2355284 3.3837436
 2.1598678 1.6866363 1.8000294 1.9703469 2.6887757 0.49136169]
# fold = 3
# threshold = 0.111723378977
# requested specificity = 0.833333333333
# actual training-set specificity = 
# tpos = 3
# tneg = 10
# fpos = 3
# fneg = 4
# raw predictions:
[0.260681483936 0.94091563711 0.00381647313506 0.000164158756477
 0.99734418618 0.720478684857 0.371469308357 2.22044604925e-16
 0.000626192790341 0.000796418563313 0.00349455384513 0.98246892045
 9.3351451846e-05 3.72082537874e-05 0.0111617683185 1.20279245266e-05
 0.000475112787886 0.0185074256804 2.35298023714e-05 0.0143023291954]
# truth:
[2.4350476 3.3837436 1.1172713 3.3837436 1.5263393 1.8709888 1.6042261
 2.512551 2.2671717 1.3031961 2.0318123 2.7136585 3.3837436 1.6884198
 1.4712917 2.3380579 0.30103 2.0406023 2.5161386 1.666518]
