# fold = 1
# threshold = 0.195623617461
# requested specificity = 0.666666666667
# actual training-set specificity = 0.672413793103
# tpos = 5
# tneg = 9
# fpos = 7
# fneg = 0
# raw predictions:
[0.224012584917 0.553019350073 0.1270723977 0.266610101305 0.833351801068
 0.491525906872 0.416685982707 0.24354059698 0.519570076812 0.192774705925
 0.145932803834 0.128316335876 0.0867674579367 0.147113001749
 0.097578875853 0.377966397171 0.326583931805 0.108533809171 0.216180791403
 0.150276652139 0.838176408324]
# truth:
[2.5366847 2.5779511 1.1172713 1.8469553 3.3837436 1.5263393 2.6134189
 2.2000293 2.2671717 2.3398488 1.6009729 1.4593925 1.3483049 2.1027766
 1.4712917 2.3380579 1.6866363 1.9703469 2.6887757 0.49136169 2.1525941]
# fold = 2
# threshold = 0.869637790909
# requested specificity = 0.984615384615
# actual training-set specificity = 1.0
# tpos = 1
# tneg = 15
# fpos = 0
# fneg = 4
# raw predictions:
[0.504232096202 0.160512637766 0.27790776815 0.34046075807 0.327406351655
 0.331524247166 0.197896290467 0.606351860235 0.160048496367 0.149779760854
 0.115500401512 0.186989608953 0.87162906343 0.224356164779 0.13827058015
 0.225774684858 0.100916642197 0.288923664582 0.118637667647 0.111641958769]
# truth:
[2.286681 1.7767012 2.4350476 2.5880475 2.0297895 1.8920946 2.4834446
 2.2367891 2.8121108 1.3384565 1.5024271 1.3031961 2.7567882 1.8469553
 2.2000293 0.30103 0.30103 1.948413 1.0374265 0.70757018]
# fold = 3
# threshold = 0.311710706182
# requested specificity = 0.9
# actual training-set specificity = 0.915254237288
# tpos = 5
# tneg = 0
# fpos = 15
# fneg = 0
# raw predictions:
[1.0 1.0 1.0 1.0 1.0 1.0 1.0 1.0 1.0 1.0 1.0 1.0 1.0 1.0 1.0 1.0 1.0
 0.999995409873 1.0 1.0]
# truth:
[3.2980448 1.5717088 2.1580608 2.512551 1.687529 1.1430148 1.3579348
 2.2796669 1.7024305 2.7136585 3.3837436 1.6884198 1.3710679 3.3837436
 2.1433271 2.1598678 0.61278386 2.1195858 1.6928469 0.0]
# fold = 4
# threshold = 0.215680079455
# requested specificity = 0.730158730159
# actual training-set specificity = 0.75
# tpos = 4
# tneg = 8
# fpos = 6
# fneg = 2
# raw predictions:
[0.804406416727 0.162337438195 0.281867413839 0.119714560963 0.158923952806
 0.155421468427 0.283144832758 0.564950750455 0.155466352763 0.241571313801
 0.09195975532 0.100877022202 0.608964363356 0.976755700052 0.124340531839
 0.254153116157 0.0973361386801 0.151754168919 0.526402321279
 0.340458508114]
# truth:
[3.3837436 1.376577 2.5627685 2.1664301 1.1643529 0.79934055 1.6042261
 3.3837436 1.382017 2.0318123 2.4637437 1.3961993 2.9914033 2.0674428
 3.3837436 2.3583156 1.9355073 2.0406023 1.9355073 1.1271048]
# fold = 5
# threshold = 0.282688927124
# requested specificity = 0.876923076923
# actual training-set specificity = 0.883333333333
# tpos = 3
# tneg = 13
# fpos = 1
# fneg = 2
# raw predictions:
[0.328278722528 0.28605799942 0.182376332122 0.125608332076 0.199520088901
 0.151794338002 0.242621030898 0.512926442606 0.136131359024 0.110488063606
 0.360755814918 0.166783494623 0.158202661027 0.166447385376 0.224649743203
 0.144739102027 0.149047751219 0.136051136583 0.157821600865]
# truth:
[2.5375673 3.3837436 0.30103 3.3837436 2.1804126 1.6532125 1.8709888
 2.0338257 2.2355284 1.9020029 2.6190933 1.39794 1.8000294 1.5786392
 1.1643529 2.5161386 1.666518 1.5024271 1.5263393]
# fold = overall performance
# Area under ROC curve = 0
# tpos = 18
# tneg = 45
# fpos = 29
# fneg = 8
