# fold = 1
# threshold = 2.13371618353
# requested specificity = 0.9
# actual training-set specificity = 0.916666666667
# tpos = 4
# tneg = 1
# fpos = 16
# fneg = 0
# raw predictions:
[2.7416461 2.3286885 2.8173102 2.3860458 2.2159849 3.692417 2.4091477
 2.145273 2.2387331 2.1698297 6.0079845 2.1305016 2.1638587 2.1730929
 2.2218908 2.4480872 2.1952346 2.1446984 2.1977491 2.6579433 2.6697174]
# truth:
[0.30103 2.5880475 1.8469553 3.3837436 2.4834446 1.5263393 2.1664301
 0.79934055 1.5024271 2.3398488 2.0674428 1.3483049 3.3837436 2.3583156
 2.1433271 1.8000294 1.5786392 0.30103 1.1643529 1.9355073 0.49136169]
# fold = 2
# threshold = 2.45060510183
# requested specificity = 0.9
# actual training-set specificity = 0.92
# tpos = 4
# tneg = 0
# fpos = 16
# fneg = 0
# raw predictions:
[286.92828 315.22383 302.26421 1779.9783 1058.86 540.87364 2308.1518
 2043.8412 1780.4105 1692.022 249.06554 436.46694 428.85793 650.0301
 1896.2624 631.88516 232.4556 62.165752 615.30542 254.32539]
# truth:
[2.5375673 2.5779511 2.286681 3.3837436 1.7767012 2.0297895 1.3384565
 1.6532125 1.8709888 1.6042261 2.0318123 1.3961993 2.0338257 2.7136585
 1.8469553 1.9020029 2.1027766 2.1195858 1.666518 1.5024271]
# fold = 3
# threshold = 2.04675820473
# requested specificity = 0.9
# actual training-set specificity = 0.903846153846
# tpos = 5
# tneg = 1
# fpos = 13
# fneg = 1
# raw predictions:
[2.152008 2.5291359 2.2444962 2.3055283 2.1732224 2.2980961 2.4849551
 2.7099908 2.2753546 2.3024509 2.3504352 2.1601362 2.3044327 2.3616264
 2.2695727 2.3442549 2.2600157 1.7298874 1.9454594 2.2850042]
# truth:
[3.2980448 2.4350476 1.376577 2.1580608 2.2367891 2.6134189 2.2000293
 1.687529 2.2796669 1.7024305 1.6009729 1.3710679 3.3837436 2.2000293
 1.9355073 2.3380579 2.6887757 2.5161386 1.6928469 0.0]
# fold = 4
# threshold = 2.09521230900
# requested specificity = 0.9
# actual training-set specificity = 0.918367346939
# tpos = 1
# tneg = 6
# fpos = 9
# fneg = 4
# raw predictions:
[2.2830864 2.3565225 2.0344839 2.1068477 1.7394711 1.764588 1.9946517
 2.0873425 1.7540803 1.6195457 2.5013074 1.8659183 2.1567505 2.5401933
 2.149199 1.8369531 2.4527513 2.2120613 2.3059701 1.4027172]
# truth:
[1.5717088 3.3837436 1.1172713 1.8920946 3.3837436 2.2671717 1.3031961
 2.4637437 2.9914033 3.3837436 1.4593925 1.6884198 2.2355284 1.4712917
 0.61278386 1.6866363 0.30103 1.948413 1.0374265 1.1271048]
# fold = 5
# threshold = 2.12201087301
# requested specificity = 0.9
# actual training-set specificity = 0.903846153846
# tpos = 7
# tneg = 0
# fpos = 12
# fneg = 0
# raw predictions:
[108.71672 267.99795 1134.3625 1116.3045 921.30154 672.12318 684.46322
 510.06827 458.35173 418.75506 478.65822 146.90918 119.41973 93.150354
 46.01761 44.070337 26.406296 130.44451 82.518118]
# truth:
[2.5366847 2.5627685 2.8121108 2.1804126 1.1643529 2.512551 3.3837436
 1.1430148 1.3579348 1.382017 2.7567882 2.1598678 2.6190933 1.39794
 1.9703469 2.0406023 0.70757018 2.1525941 1.5263393]
# fold = overall performance
# Area under ROC curve = 0.326403326403
# tpos = 21
# tneg = 8
# fpos = 66
# fneg = 5
