#gbm
([{'specificity': array([0.98039216, 0.2745098, 0.76470588, 0.64705882, 0.19607843,
       0.78431373, 0.96078431, 0.94117647, 0.41176471, 0.49019608,
       0.54901961, 0.56862745, 0.35294118, 0.7254902, 0.84313725,
       0.66666667, 0.25490196, 0.47058824, 0.31372549, 0.8627451,
       0.019607843, 0.45098039, 0.60784314, 0.68627451, 1.0, 0.62745098,
       0.52941176, 0.1372549, 0.039215686, 0.21568627, 0.098039216,
       0.74509804, 0.43137255, 0.11764706, 0.37254902, 0.88235294,
       0.23529412, 0.70588235, 0.15686275, 0.90196078, 0.29411765,
       0.17647059, 0.078431373, 0.58823529, 0.39215686, 0.058823529,
       0.80392157, 0.82352941, 0.92156863, 0.33333333, 0.50980392]), 'tneg': array([ 9,  2,  9,  8,  0,  9,  9,  9,  4,  6,  6,  6,  4,  9,  9,  8,  1,
        6,  3,  9,  0,  4,  7,  9, 10,  7,  6,  0,  0,  0,  0,  9,  4,  0,
        4,  9,  1,  9,  0,  9,  2,  0,  0,  7,  4,  0,  9,  9,  9,  4,  6]), 'fpos': array([ 1,  8,  1,  2, 10,  1,  1,  1,  6,  4,  4,  4,  6,  1,  1,  2,  9,
        4,  7,  1, 10,  6,  3,  1,  0,  3,  4, 10, 10, 10, 10,  1,  6, 10,
        6,  1,  9,  1, 10,  1,  8, 10, 10,  3,  6, 10,  1,  1,  1,  6,  4]), 'threshold': [-0.95056334309102686, -1.4529133530028831, -1.286328911158289, -1.3351146844754722, -1.4777147922755585, -1.2815282297420869, -0.98746938756986258, -1.0335868512250257, -1.4063964804944058, -1.3798611166478776, -1.3587353383399043, -1.3545429638875959, -1.4110632915463681, -1.291123543963856, -1.2529678489316631, -1.3267912295435271, -1.4599287219899442, -1.3809734587139708, -1.4393507798298963, -1.186425378561317, -1.5192922685175292, -1.3996892078453782, -1.3434998174144341, -1.3078184611749251, -0.828622931537495, -1.3425285803899694, -1.3731605331138628, -1.4899104682091482, -1.5142228149338886, -1.4711564164422313, -1.5057008419224014, -1.2901215834919804, -1.4040777863196117, -1.5029386439469894, -1.4102082525783835, -1.17187927870068, -1.4639130665071254, -1.2936413845028132, -1.4800742485342033, -1.0595514080394706, -1.4435226263113434, -1.4782960346026728, -1.5060460529989694, -1.3528784660028781, -1.4084716076237014, -1.5069245930130955, -1.2814390379956027, -1.2687495210336375, -1.0516732929603851, -1.4200542626260659, -1.3785482105314584], 'fneg': array([4, 0, 1, 0, 0, 1, 4, 3, 0, 0, 0, 0, 0, 1, 1, 0, 0, 0, 0, 1, 0, 0, 0,
       0, 6, 0, 0, 0, 0, 0, 0, 1, 0, 0, 0, 2, 0, 1, 0, 3, 0, 0, 0, 0, 0, 0,
       1, 1, 3, 0, 0]), 'sensitivity': array([0.90909091, 1.0, 1.0, 1.0, 1.0, 1.0, 0.90909091, 0.90909091, 1.0,
       1.0, 1.0, 1.0, 1.0, 1.0, 1.0, 1.0, 1.0, 1.0, 1.0, 1.0, 1.0, 1.0,
       1.0, 1.0, 0.72727273, 1.0, 1.0, 1.0, 1.0, 1.0, 1.0, 1.0, 1.0, 1.0,
       1.0, 1.0, 1.0, 1.0, 1.0, 0.90909091, 1.0, 1.0, 1.0, 1.0, 1.0, 1.0,
       1.0, 1.0, 0.90909091, 1.0, 1.0]), 'tpos': array([3, 7, 6, 7, 7, 6, 3, 4, 7, 7, 7, 7, 7, 6, 6, 7, 7, 7, 7, 6, 7, 7, 7,
       7, 1, 7, 7, 7, 7, 7, 7, 6, 7, 7, 7, 5, 7, 6, 7, 4, 7, 7, 7, 7, 7, 7,
       6, 6, 4, 7, 7])}, {'specificity': array([0.9787234, 0.34042553, 0.29787234, 0.76595745, 0.53191489,
       0.4893617, 0.65957447, 0.80851064, 0.95744681, 0.93617021,
       0.27659574, 0.31914894, 0.57446809, 0.59574468, 0.25531915,
       0.85106383, 0.70212766, 0.89361702, 0.55319149, 0.063829787,
       0.68085106, 0.14893617, 0.40425532, 1.0, 0.63829787, 0.46808511,
       0.10638298, 0.021276596, 0.17021277, 0.82978723, 0.42553191,
       0.12765957, 0.44680851, 0.085106383, 0.74468085, 0.5106383,
       0.87234043, 0.38297872, 0.19148936, 0.78723404, 0.23404255,
       0.21276596, 0.36170213, 0.72340426, 0.91489362, 0.042553191,
       0.61702128]), 'tneg': array([12,  5,  4, 10,  8,  8,  8, 10, 12, 11,  4,  4,  8,  8,  4, 10,  9,
       11,  8,  3,  9,  3,  5, 13,  8,  7,  3,  0,  3, 10,  5,  3,  7,  3,
        9,  8, 10,  5,  3, 10,  4,  3,  5,  9, 11,  0,  8]), 'fpos': array([ 2,  9, 10,  4,  6,  6,  6,  4,  2,  3, 10, 10,  6,  6, 10,  4,  5,
        3,  6, 11,  5, 11,  9,  1,  6,  7, 11, 14, 11,  4,  9, 11,  7, 11,
        5,  6,  4,  9, 11,  4, 10, 11,  9,  5,  3, 14,  6]), 'threshold': [-0.11466876681580213, -1.4455054067999866, -1.4566148177946325, -1.1690440493908545, -1.3869396944168446, -1.3956059561570138, -1.3045318093328833, -1.1462845572824969, -0.19665189107132719, -0.88976950467017935, -1.4645955543417935, -1.4545935248574857, -1.3780473789738785, -1.346938539434873, -1.4731484535152128, -1.0914566510864456, -1.2577654626355599, -0.92701927183928945, -1.3784519842051497, -1.5730359856915241, -1.3021914041742027, -1.5518227253098451, -1.4254338768560544, 0.022769459313006724, -1.3215682698996021, -1.4048321349003663, -1.5597743096762409, -1.6126225849038331, -1.5474334981294722, -1.1110057548883852, -1.4238877935205112, -1.5529215432773778, -1.4152113640610922, -1.5695442908312387, -1.2138068229149452, -1.3907175432835375, -1.030652164573773, -1.4329930963994697, -1.5417277727563781, -1.1576743888894974, -1.4933606853231372, -1.5286559053575362, -1.4427707488306476, -1.2484018776144361, -0.89910327106224741, -1.6008913155280209, -1.3459369498212375], 'fneg': array([1, 0, 0, 0, 0, 0, 0, 0, 1, 1, 0, 0, 0, 0, 0, 0, 0, 1, 0, 0, 0, 0, 0,
       1, 0, 0, 0, 0, 0, 0, 0, 0, 0, 0, 0, 0, 0, 0, 0, 0, 0, 0, 0, 0, 1, 0,
       0]), 'sensitivity': array([0.6875, 1.0, 1.0, 1.0, 1.0, 1.0, 1.0, 1.0, 0.75, 1.0, 1.0, 1.0, 1.0,
       1.0, 1.0, 1.0, 1.0, 1.0, 1.0, 1.0, 1.0, 1.0, 1.0, 0.5625, 1.0, 1.0,
       1.0, 1.0, 1.0, 1.0, 1.0, 1.0, 1.0, 1.0, 1.0, 1.0, 1.0, 1.0, 1.0,
       1.0, 1.0, 1.0, 1.0, 1.0, 1.0, 1.0, 1.0]), 'tpos': array([1, 2, 2, 2, 2, 2, 2, 2, 1, 1, 2, 2, 2, 2, 2, 2, 2, 1, 2, 2, 2, 2, 2,
       1, 2, 2, 2, 2, 2, 2, 2, 2, 2, 2, 2, 2, 2, 2, 2, 2, 2, 2, 2, 2, 1, 2,
       2])}, {'specificity': array([0.97916667, 0.66666667, 0.52083333, 0.75, 0.6875, 0.64583333,
       0.85416667, 0.91666667, 0.79166667, 0.29166667, 0.54166667, 0.625,
       0.3125, 0.33333333, 0.875, 0.35416667, 0.16666667, 0.58333333,
       0.95833333, 0.39583333, 0.22916667, 0.020833333, 0.72916667,
       0.77083333, 0.9375, 1.0, 0.70833333, 0.041666667, 0.10416667,
       0.1875, 0.0625, 0.14583333, 0.27083333, 0.60416667, 0.4375,
       0.83333333, 0.45833333, 0.41666667, 0.125, 0.20833333, 0.375, 0.5,
       0.083333333, 0.8125, 0.89583333, 0.47916667, 0.25, 0.5625]), 'tneg': array([12,  1,  1,  4,  1,  1,  7, 11,  4,  1,  1,  1,  1,  1,  7,  1,  0,
        1, 11,  1,  0,  0,  1,  4, 11, 12,  1,  0,  0,  0,  0,  0,  1,  1,
        1,  7,  1,  1,  0,  0,  1,  1,  0,  4,  7,  1,  0,  1]), 'fpos': array([ 1, 12, 12,  9, 12, 12,  6,  2,  9, 12, 12, 12, 12, 12,  6, 12, 13,
       12,  2, 12, 13, 13, 12,  9,  2,  1, 12, 13, 13, 13, 13, 13, 12, 12,
       12,  6, 12, 12, 13, 13, 12, 12, 13,  9,  6, 12, 13, 12]), 'threshold': [-0.45547292092219493, -1.6711504353589197, -1.7299334987216744, -1.5249728178444326, -1.6330902512356702, -1.6986062700831894, -1.0552996231123288, -0.73650376717064847, -1.4559991663872969, -1.8390045850921166, -1.7273752874398449, -1.7011130698641339, -1.8292555297859978, -1.8239421154906101, -1.0418958507805831, -1.7975811372568038, -1.8870299457762476, -1.7184312887426179, -0.62120325179805536, -1.7966582229900105, -1.8661381245505253, -1.9942189747438794, -1.5982144267744636, -1.5214980526677582, -0.71968004617271442, -0.0871887977094681, -1.5989456582550581, -1.9903941788090911, -1.920750284667136, -1.8799294148486079, -1.9804953592418897, -1.8999643783837419, -1.8412047221919836, -1.707597881278655, -1.794449743345329, -1.0901334299039789, -1.7918769412864857, -1.7946781050355176, -1.9002652959221777, -1.8777142880885831, -1.7967471706100726, -1.7342323868567353, -1.9648965867130996, -1.3755339795107278, -0.88051164296208484, -1.7565399390467493, -1.8641363324481393, -1.7253154012585126], 'fneg': array([1, 0, 0, 0, 0, 0, 0, 0, 0, 0, 0, 0, 0, 0, 0, 0, 0, 0, 0, 0, 0, 0, 0,
       0, 0, 1, 0, 0, 0, 0, 0, 0, 0, 0, 0, 0, 0, 0, 0, 0, 0, 0, 0, 0, 0, 0,
       0, 0]), 'sensitivity': array([0.9375, 1.0, 1.0, 1.0, 1.0, 1.0, 1.0, 1.0, 1.0, 1.0, 1.0, 1.0, 1.0,
       1.0, 1.0, 1.0, 1.0, 1.0, 1.0, 1.0, 1.0, 1.0, 1.0, 1.0, 1.0, 0.8125,
       1.0, 1.0, 1.0, 1.0, 1.0, 1.0, 1.0, 1.0, 1.0, 1.0, 1.0, 1.0, 1.0,
       1.0, 1.0, 1.0, 1.0, 1.0, 1.0, 1.0, 1.0, 1.0]), 'tpos': array([1, 2, 2, 2, 2, 2, 2, 2, 2, 2, 2, 2, 2, 2, 2, 2, 2, 2, 2, 2, 2, 2, 2,
       2, 2, 1, 2, 2, 2, 2, 2, 2, 2, 2, 2, 2, 2, 2, 2, 2, 2, 2, 2, 2, 2, 2,
       2, 2])}, {'specificity': array([0.5, 0.86, 0.12, 0.84, 0.78, 0.98, 0.56, 0.22, 0.28, 0.72, 0.74,
       0.6, 0.32, 0.9, 0.88, 0.38, 0.4, 0.66, 0.92, 0.46, 0.02, 0.44, 0.2,
       0.62, 0.94, 1.0, 0.52, 0.16, 0.14, 0.64, 0.68, 0.3, 0.54, 0.76,
       0.58, 0.26, 0.36, 0.42, 0.82, 0.48, 0.1, 0.04, 0.18, 0.08, 0.06,
       0.8, 0.96, 0.7, 0.24, 0.34]), 'tneg': array([ 3,  6,  1,  6,  6, 10,  3,  1,  1,  5,  5,  3,  2,  7,  6,  3,  3,
        3,  7,  3,  0,  3,  1,  3, 10, 10,  3,  1,  1,  3,  3,  1,  3,  6,
        3,  1,  3,  3,  6,  3,  1,  1,  1,  1,  1,  6, 10,  5,  1,  3]), 'fpos': array([ 8,  5, 10,  5,  5,  1,  8, 10, 10,  6,  6,  8,  9,  4,  5,  8,  8,
        8,  4,  8, 11,  8, 10,  8,  1,  1,  8, 10, 10,  8,  8, 10,  8,  5,
        8, 10,  8,  8,  5,  8, 10, 10, 10, 10, 10,  5,  1,  6, 10,  8]), 'threshold': [-1.9846530801040083, -1.6207281006424785, -2.1405852592402619, -1.6253418569913132, -1.7375321375904962, -0.41316501446511772, -1.91875257921776, -2.113798177840124, -2.1040601655024811, -1.81364573753636, -1.7702144800766435, -1.9105102644296217, -2.0899569311225128, -1.3395438354240856, -1.4592711376652183, -2.0695163168424906, -2.06502947880466, -1.8606032632639902, -1.3355645225714685, -2.0413544653677356, -2.1925964469677357, -2.042327981959545, -2.1170090008107088, -1.86798301396254, -0.69242815152126236, -0.03615075714011, -1.9784064975799567, -2.1229667729871124, -2.1345622977301675, -1.8665247848275555, -1.8562258507937712, -2.10039657718118, -1.9486607684299457, -1.7516344556534627, -1.912154527003334, -2.1093627182792725, -2.0813058661598189, -2.063322598054993, -1.7340630142316766, -2.0130775181109852, -2.1497613973224432, -2.1769983352929287, -2.1198386132940397, -2.1565042157714829, -2.1615334290178492, -1.7347904408108028, -0.49324431226596804, -1.8196659658298047, -2.1120255449452028, -2.0820679623532778], 'fneg': array([0, 3, 0, 3, 1, 4, 0, 0, 0, 1, 1, 0, 0, 3, 3, 0, 0, 0, 3, 0, 0, 0, 0,
       0, 4, 4, 0, 0, 0, 0, 0, 0, 0, 1, 0, 0, 0, 0, 1, 0, 0, 0, 0, 0, 0, 1,
       4, 1, 0, 0]), 'sensitivity': array([1.0, 1.0, 1.0, 1.0, 1.0, 0.84615385, 1.0, 1.0, 1.0, 1.0, 1.0, 1.0,
       1.0, 1.0, 1.0, 1.0, 1.0, 1.0, 1.0, 1.0, 1.0, 1.0, 1.0, 1.0, 1.0,
       0.61538462, 1.0, 1.0, 1.0, 1.0, 1.0, 1.0, 1.0, 1.0, 1.0, 1.0, 1.0,
       1.0, 1.0, 1.0, 1.0, 1.0, 1.0, 1.0, 1.0, 1.0, 0.92307692, 1.0, 1.0,
       1.0]), 'tpos': array([5, 2, 5, 2, 4, 1, 5, 5, 5, 4, 4, 5, 5, 2, 2, 5, 5, 5, 2, 5, 5, 5, 5,
       5, 1, 1, 5, 5, 5, 5, 5, 5, 5, 4, 5, 5, 5, 5, 4, 5, 5, 5, 5, 5, 5, 4,
       1, 4, 5, 5])}, {'specificity': array([1.0, 0.60416667, 0.1875, 0.47916667, 0.33333333, 0.4375, 0.97916667,
       0.91666667, 0.6875, 0.64583333, 0.375, 0.16666667, 0.72916667,
       0.875, 0.85416667, 0.79166667, 0.35416667, 0.54166667, 0.89583333,
       0.77083333, 0.3125, 0.66666667, 0.95833333, 0.58333333, 0.41666667,
       0.083333333, 0.14583333, 0.20833333, 0.8125, 0.29166667, 0.0625,
       0.39583333, 0.45833333, 0.5625, 0.52083333, 0.75, 0.25, 0.625,
       0.125, 0.83333333, 0.22916667, 0.10416667, 0.041666667, 0.5,
       0.70833333, 0.9375, 0.020833333, 0.27083333]), 'tneg': array([12,  4,  2,  4,  3,  4, 12, 12,  4,  4,  4,  1,  4,  9,  8,  6,  4,
        4, 12,  4,  3,  4, 12,  4,  4,  1,  1,  2,  8,  3,  1,  4,  4,  4,
        4,  4,  3,  4,  1,  8,  2,  1,  1,  4,  4, 12,  1,  3]), 'fpos': array([ 1,  9, 11,  9, 10,  9,  1,  1,  9,  9,  9, 12,  9,  4,  5,  7,  9,
        9,  1,  9, 10,  9,  1,  9,  9, 12, 12, 11,  5, 10, 12,  9,  9,  9,
        9,  9, 10,  9, 12,  5, 11, 12, 12,  9,  9,  1, 12, 10]), 'threshold': [-0.14947332892873577, -1.8556423032812051, -2.0885275673990202, -1.9153249398400338, -2.0015789332116625, -1.9399338600567861, -0.39890724055357424, -0.8065109020666833, -1.7743061535225588, -1.8205803240926852, -1.9634903809307864, -2.0958180040676018, -1.7531284494159587, -1.3889777156269256, -1.4706161654647696, -1.650694363962252, -1.9981809333216487, -1.8722438164981872, -1.2082954685284084, -1.7438604637433872, -2.0134285844406152, -1.8060896259878954, -0.65389015398859907, -1.8604356407301264, -1.9446863065294737, -2.1434569404440036, -2.0992935378453774, -2.088257927707506, -1.5809800820212137, -2.016873896619618, -2.1779535984329579, -1.9492304999498114, -1.9228184412571414, -1.8651287338186362, -1.8939337175356463, -1.7444249497416018, -2.0409989509673556, -1.8483777101884076, -2.1241608307939357, -1.5148647003133147, -2.0721572650069553, -2.1377237529996056, -2.1863067560125908, -1.9047704754795327, -1.7591725945586549, -0.6636087726027935, -2.1962094300586013, -2.0400545704910615], 'fneg': array([1, 0, 0, 0, 0, 0, 1, 1, 1, 0, 0, 0, 1, 1, 1, 1, 0, 0, 1, 1, 0, 0, 1,
       0, 0, 0, 0, 0, 1, 0, 0, 0, 0, 0, 0, 1, 0, 0, 0, 1, 0, 0, 0, 0, 1, 1,
       0, 0]), 'sensitivity': array([0.8125, 1.0, 1.0, 1.0, 1.0, 1.0, 0.8125, 1.0, 1.0, 1.0, 1.0, 1.0,
       1.0, 1.0, 1.0, 1.0, 1.0, 1.0, 1.0, 1.0, 1.0, 1.0, 1.0, 1.0, 1.0,
       1.0, 1.0, 1.0, 1.0, 1.0, 1.0, 1.0, 1.0, 1.0, 1.0, 1.0, 1.0, 1.0,
       1.0, 1.0, 1.0, 1.0, 1.0, 1.0, 1.0, 1.0, 1.0, 1.0]), 'tpos': array([1, 2, 2, 2, 2, 2, 1, 1, 1, 2, 2, 2, 1, 1, 1, 1, 2, 2, 1, 1, 2, 2, 1,
       2, 2, 2, 2, 2, 1, 2, 2, 2, 2, 2, 2, 1, 2, 2, 2, 1, 2, 2, 2, 2, 1, 1,
       2, 2])}], <Model object at 0x0000000000000707>)
#gbm
([{'specificity': array([0.95454545, 0.5, 0.40909091, 0.18181818, 0.97727273, 0.81818182,
       0.45454545, 0.56818182, 0.93181818, 0.36363636, 0.090909091,
       0.38636364, 0.52272727, 0.11363636, 0.29545455, 0.61363636,
       0.43181818, 0.68181818, 1.0, 0.70454545, 0.77272727, 0.068181818,
       0.045454545, 0.75, 0.15909091, 0.72727273, 0.20454545, 0.54545455,
       0.34090909, 0.59090909, 0.79545455, 0.86363636, 0.65909091,
       0.31818182, 0.47727273, 0.13636364, 0.22727273, 0.63636364,
       0.88636364, 0.84090909, 0.27272727, 0.90909091, 0.022727273, 0.25]), 'tneg': array([9, 3, 2, 2, 9, 6, 2, 3, 7, 2, 2, 2, 3, 2, 2, 3, 2, 4, 9, 4, 4, 2, 1,
       4, 2, 4, 2, 3, 2, 3, 4, 6, 3, 2, 3, 2, 2, 3, 6, 6, 2, 6, 1, 2]), 'fpos': array([ 5, 11, 12, 12,  5,  8, 12, 11,  7, 12, 12, 12, 11, 12, 12, 11, 12,
       10,  5, 10, 10, 12, 13, 10, 12, 10, 12, 11, 12, 11, 10,  8, 11, 12,
       11, 12, 12, 11,  8,  8, 12,  8, 13, 12]), 'threshold': [-0.24644991786971024, -0.49903396016632978, -0.51252755480472112, -0.5490660126137803, -0.23484405846646395, -0.42018996811722736, -0.50747071759119644, -0.49052647724515719, -0.30618575772801776, -0.51906310082461871, -0.56707782185281541, -0.51302085401626873, -0.4976039948843799, -0.56077625514286922, -0.52507413756943655, -0.488750224066015, -0.51183102096481192, -0.47906519737530762, -0.14778114891419533, -0.47744816205216623, -0.43752484377634943, -0.56735291731988258, -0.58324184595396344, -0.44260536677301565, -0.55958086130862716, -0.47271882242628566, -0.54656982510104712, -0.49453724627754869, -0.523707179280408, -0.48963481425724775, -0.42992176274223082, -0.4112558147505424, -0.48034649951788067, -0.52427144311054252, -0.49943206817174496, -0.559878498436602, -0.5411374375443907, -0.48826273061200154, -0.41058158497794051, -0.41285986778243539, -0.52642615870696963, -0.40895839224325164, -0.5920730980621578, -0.53668288930840968], 'fneg': array([0, 0, 0, 0, 0, 0, 0, 0, 0, 0, 0, 0, 0, 0, 0, 0, 0, 0, 2, 0, 0, 0, 0,
       0, 0, 0, 0, 0, 0, 0, 0, 0, 0, 0, 0, 0, 0, 0, 0, 0, 0, 0, 0, 0]), 'sensitivity': array([0.89473684, 1.0, 1.0, 1.0, 0.84210526, 1.0, 1.0, 1.0, 1.0, 1.0, 1.0,
       1.0, 1.0, 1.0, 1.0, 1.0, 1.0, 1.0, 0.78947368, 1.0, 1.0, 1.0, 1.0,
       1.0, 1.0, 1.0, 1.0, 1.0, 1.0, 1.0, 1.0, 1.0, 1.0, 1.0, 1.0, 1.0,
       1.0, 1.0, 1.0, 1.0, 1.0, 1.0, 1.0, 1.0]), 'tpos': array([3, 3, 3, 3, 3, 3, 3, 3, 3, 3, 3, 3, 3, 3, 3, 3, 3, 3, 1, 3, 3, 3, 3,
       3, 3, 3, 3, 3, 3, 3, 3, 3, 3, 3, 3, 3, 3, 3, 3, 3, 3, 3, 3, 3])}, {'specificity': array([0.9787234, 0.61702128, 0.25531915, 0.74468085, 0.53191489,
       0.65957447, 0.55319149, 0.78723404, 0.87234043, 0.95744681,
       0.91489362, 0.27659574, 0.40425532, 0.34042553, 0.042553191,
       0.021276596, 0.44680851, 0.93617021, 0.17021277, 0.57446809,
       0.72340426, 0.85106383, 0.76595745, 1.0, 0.46808511, 0.68085106,
       0.10638298, 0.23404255, 0.36170213, 0.19148936, 0.31914894,
       0.80851064, 0.12765957, 0.29787234, 0.4893617, 0.59574468,
       0.063829787, 0.42553191, 0.63829787, 0.14893617, 0.38297872,
       0.5106383, 0.70212766, 0.82978723, 0.89361702, 0.085106383,
       0.21276596]), 'tneg': array([11,  3,  0,  3,  1,  3,  1,  3,  8, 11, 10,  0,  0,  0,  0,  0,  1,
       11,  0,  2,  3,  6,  3, 11,  1,  3,  0,  0,  0,  0,  0,  3,  0,  0,
        1,  3,  0,  1,  3,  0,  0,  1,  3,  3,  8,  0,  0]), 'fpos': array([ 0,  8, 11,  8, 10,  8, 10,  8,  3,  0,  1, 11, 11, 11, 11, 11, 10,
        0, 11,  9,  8,  5,  8,  0, 10,  8, 11, 11, 11, 11, 11,  8, 11, 11,
       10,  8, 11, 10,  8, 11, 11, 10,  8,  8,  3, 11, 11]), 'threshold': [-0.37759647628689808, -0.5089609532243331, -0.53084661644609388, -0.49607467493937774, -0.5173062005936544, -0.50557770303101068, -0.51546822637762735, -0.48791963351819762, -0.452631201661815, -0.41395028238317633, -0.44172290204029913, -0.53064856347297529, -0.52347023512044777, -0.52634876639442052, -0.54984237105058675, -0.5538604078190974, -0.52031339349083128, -0.41463403870937909, -0.54188729344255038, -0.51431173785004847, -0.49765625818492404, -0.46649410631678895, -0.49221497674008385, -0.37097920133209417, -0.52003941097395756, -0.50423953151335688, -0.54414273481623032, -0.53570752516352171, -0.52468470106398979, -0.538014611234914, -0.52764440317365213, -0.48364695786557255, -0.54248267934525329, -0.5301285841589255, -0.51880051932631455, -0.51307052244198159, -0.54916582679087556, -0.52064366859437261, -0.50863837540701418, -0.54239169728817016, -0.52369076284060567, -0.51801918040143857, -0.49773860831047012, -0.47951165234625437, -0.45168949420343552, -0.54596590352190233, -0.53604014871444039], 'fneg': array([4, 1, 0, 3, 0, 1, 0, 3, 3, 3, 3, 0, 0, 0, 0, 0, 0, 3, 0, 0, 2, 3, 3,
       4, 0, 1, 0, 0, 0, 0, 0, 3, 0, 0, 0, 0, 0, 0, 1, 0, 0, 0, 2, 3, 3, 0,
       0]), 'sensitivity': array([0.76470588, 1.0, 1.0, 1.0, 1.0, 1.0, 1.0, 1.0, 0.94117647,
       0.94117647, 0.94117647, 1.0, 1.0, 1.0, 1.0, 1.0, 1.0, 0.94117647,
       1.0, 1.0, 1.0, 1.0, 1.0, 0.76470588, 1.0, 1.0, 1.0, 1.0, 1.0, 1.0,
       1.0, 1.0, 1.0, 1.0, 1.0, 1.0, 1.0, 1.0, 1.0, 1.0, 1.0, 1.0, 1.0,
       1.0, 0.94117647, 1.0, 1.0]), 'tpos': array([1, 4, 5, 2, 5, 4, 5, 2, 2, 2, 2, 5, 5, 5, 5, 5, 5, 2, 5, 5, 3, 2, 2,
       1, 5, 4, 5, 5, 5, 5, 5, 2, 5, 5, 5, 5, 5, 5, 4, 5, 5, 5, 3, 2, 2, 5,
       5])}, {'specificity': array([1.0, 0.75, 0.5625, 0.5625, 0.5625, 0.5625, 0.5625, 0.5625, 0.5625,
       0.5625, 1.0, 0.5625, 0.5625, 0.5625, 0.5625, 0.5625, 0.5625, 0.5625,
       1.0, 0.5625, 1.0, 1.0, 0.5625, 0.5625, 0.5625, 0.75, 0.75, 0.5625,
       0.75, 0.75, 1.0, 1.0, 0.75, 1.0, 0.5625, 1.0, 1.0, 0.75, 0.75, 1.0,
       1.0, 0.5625, 0.5625, 0.5625, 0.5625, 0.5625, 0.5625, 0.75]), 'tneg': array([10,  6,  5,  5,  5,  5,  5,  5,  5,  5, 10,  5,  5,  5,  5,  5,  5,
        5, 10,  5, 10, 10,  5,  5,  5,  6,  6,  5,  6,  6, 10, 10,  6, 10,
        5, 10, 10,  6,  6, 10, 10,  5,  5,  5,  5,  5,  5,  6]), 'fpos': array([0, 4, 5, 5, 5, 5, 5, 5, 5, 5, 0, 5, 5, 5, 5, 5, 5, 5, 0, 5, 0, 0, 5,
       5, 5, 4, 4, 5, 4, 4, 0, 0, 4, 0, 5, 0, 0, 4, 4, 0, 0, 5, 5, 5, 5, 5,
       5, 4]), 'threshold': [-0.61281985750179346, -0.61309409628384481, -0.61325863955307558, -0.61325863955307558, -0.61325863955307558, -0.61325863955307558, -0.61325863955307558, -0.61325863955307558, -0.61325863955307558, -0.61325863955307558, -0.61281985750179346, -0.61325863955307558, -0.61325863955307558, -0.61325863955307558, -0.61325863955307558, -0.61325863955307558, -0.61325863955307558, -0.61325863955307558, -0.61281985750179346, -0.61325863955307558, -0.61281985750179346, -0.61281985750179346, -0.61325863955307558, -0.61325863955307558, -0.61325863955307558, -0.61309409628384481, -0.61309409628384481, -0.61325863955307558, -0.61309409628384481, -0.61309409628384481, -0.61281985750179346, -0.61281985750179346, -0.61309409628384481, -0.61281985750179346, -0.61325863955307558, -0.61281985750179346, -0.61281985750179346, -0.61309409628384481, -0.61309409628384481, -0.61281985750179346, -0.61281985750179346, -0.61325863955307558, -0.61325863955307558, -0.61325863955307558, -0.61325863955307558, -0.61325863955307558, -0.61325863955307558, -0.61309409628384481], 'fneg': array([6, 3, 2, 2, 2, 2, 2, 2, 2, 2, 6, 2, 2, 2, 2, 2, 2, 2, 6, 2, 6, 6, 2,
       2, 2, 3, 3, 2, 3, 3, 6, 6, 3, 6, 2, 6, 6, 3, 3, 6, 6, 2, 2, 2, 2, 2,
       2, 3]), 'sensitivity': array([0.0, 0.5625, 0.8125, 0.8125, 0.8125, 0.8125, 0.8125, 0.8125, 0.8125,
       0.8125, 0.0, 0.8125, 0.8125, 0.8125, 0.8125, 0.8125, 0.8125, 0.8125,
       0.0, 0.8125, 0.0, 0.0, 0.8125, 0.8125, 0.8125, 0.5625, 0.5625,
       0.8125, 0.5625, 0.5625, 0.0, 0.0, 0.5625, 0.0, 0.8125, 0.0, 0.0,
       0.5625, 0.5625, 0.0, 0.0, 0.8125, 0.8125, 0.8125, 0.8125, 0.8125,
       0.8125, 0.5625]), 'tpos': array([0, 3, 4, 4, 4, 4, 4, 4, 4, 4, 0, 4, 4, 4, 4, 4, 4, 4, 0, 4, 0, 0, 4,
       4, 4, 3, 3, 4, 3, 3, 0, 0, 3, 0, 4, 0, 0, 3, 3, 0, 0, 4, 4, 4, 4, 4,
       4, 3])}, {'specificity': array([0.63043478, 0.91304348, 0.26086957, 0.19565217, 0.82608696,
       0.84782609, 0.89130435, 0.97826087, 1.0, 0.60869565, 0.86956522,
       0.45652174, 0.086956522, 0.93478261, 0.76086957, 0.41304348,
       0.52173913, 0.47826087, 0.15217391, 0.5, 0.95652174, 0.58695652,
       0.56521739, 0.13043478, 0.043478261, 0.7173913, 0.2173913,
       0.54347826, 0.39130435, 0.30434783, 0.67391304, 0.2826087,
       0.69565217, 0.65217391, 0.23913043, 0.34782609, 0.32608696,
       0.02173913, 0.10869565, 0.17391304, 0.73913043, 0.7826087,
       0.43478261, 0.80434783, 0.36956522, 0.065217391]), 'tneg': array([ 4,  8,  3,  2,  7,  7,  7,  9, 10,  4,  7,  3,  1,  8,  4,  3,  4,
        3,  1,  4,  8,  4,  4,  1,  1,  4,  3,  4,  3,  3,  4,  3,  4,  4,
        3,  3,  3,  1,  1,  2,  4,  4,  3,  7,  3,  1]), 'fpos': array([ 8,  4,  9, 10,  5,  5,  5,  3,  2,  8,  5,  9, 11,  4,  8,  9,  8,
        9, 11,  8,  4,  8,  8, 11, 11,  8,  9,  8,  9,  9,  8,  9,  8,  8,
        9,  9,  9, 11, 11, 10,  8,  8,  9,  5,  9, 11]), 'threshold': [-0.76963970054448427, -0.575616140487245, -0.86965883398110044, -0.88888464127804778, -0.62184269977660367, -0.60543253165258293, -0.59109668016318739, -0.43316244067027931, -0.40461143972327246, -0.77133501924184467, -0.59803008160990212, -0.834963058001622, -0.92468385168456479, -0.5077502683611913, -0.708232914006491, -0.84773667361255, -0.800434062166918, -0.83488386730051412, -0.90213218851619381, -0.83291763125537377, -0.48516277751832687, -0.7735861617848705, -0.77647992028040669, -0.91159299675483618, -0.93507807905836626, -0.74886080333457328, -0.87781185425933517, -0.78572513411745193, -0.85077022716779493, -0.86792141984568516, -0.75441322248217313, -0.86864578975694318, -0.75359762990496837, -0.7602765884560454, -0.87218235651580933, -0.86057098029408641, -0.86125702528940673, -0.94330436097111536, -0.91338450531463555, -0.89446993123117557, -0.74615164212055041, -0.69781093189987631, -0.84562799615581608, -0.62694024127085146, -0.85952042810163687, -0.92742605736019124], 'fneg': array([2, 3, 0, 0, 2, 3, 3, 3, 3, 2, 3, 1, 0, 3, 2, 1, 2, 1, 0, 1, 3, 2, 2,
       0, 0, 2, 0, 2, 1, 0, 2, 0, 2, 2, 0, 0, 0, 0, 0, 0, 2, 2, 1, 2, 0, 0]), 'sensitivity': array([1.0, 1.0, 1.0, 1.0, 1.0, 1.0, 1.0, 1.0, 0.88888889, 1.0, 1.0, 1.0,
       1.0, 1.0, 1.0, 1.0, 1.0, 1.0, 1.0, 1.0, 1.0, 1.0, 1.0, 1.0, 1.0,
       1.0, 1.0, 1.0, 1.0, 1.0, 1.0, 1.0, 1.0, 1.0, 1.0, 1.0, 1.0, 1.0,
       1.0, 1.0, 1.0, 1.0, 1.0, 1.0, 1.0, 1.0]), 'tpos': array([2, 1, 4, 4, 2, 1, 1, 1, 1, 2, 1, 3, 4, 1, 2, 3, 2, 3, 4, 3, 1, 2, 2,
       4, 4, 2, 4, 2, 3, 4, 2, 4, 2, 2, 4, 4, 4, 4, 4, 4, 2, 2, 3, 2, 4, 4])}, {'specificity': array([0.93617021, 0.38297872, 0.40425532, 0.42553191, 0.23404255,
       0.61702128, 0.78723404, 0.9787234, 0.91489362, 0.36170213,
       0.57446809, 0.4893617, 0.80851064, 0.21276596, 0.021276596,
       0.27659574, 0.95744681, 0.55319149, 0.44680851, 0.46808511,
       0.85106383, 1.0, 0.19148936, 0.12765957, 0.63829787, 0.14893617,
       0.042553191, 0.87234043, 0.17021277, 0.25531915, 0.74468085,
       0.59574468, 0.65957447, 0.53191489, 0.76595745, 0.89361702,
       0.29787234, 0.68085106, 0.31914894, 0.5106383, 0.72340426,
       0.70212766, 0.10638298, 0.82978723, 0.085106383, 0.34042553,
       0.063829787]), 'tneg': array([11,  2,  2,  3,  1,  5,  7, 11, 10,  2,  5,  3,  7,  1,  0,  2, 11,
        4,  3,  3,  7, 11,  1,  1,  5,  1,  1,  8,  1,  2,  7,  5,  5,  3,
        7, 10,  2,  5,  2,  3,  7,  5,  1,  7,  1,  2,  1]), 'fpos': array([ 0,  9,  9,  8, 10,  6,  4,  0,  1,  9,  6,  8,  4, 10, 11,  9,  0,
        7,  8,  8,  4,  0, 10, 10,  6, 10, 10,  3, 10,  9,  4,  6,  6,  8,
        4,  1,  9,  6,  9,  8,  4,  6, 10,  4, 10,  9, 10]), 'threshold': [-0.45272367974120586, -0.55673942617094807, -0.55521074796721126, -0.55332058121575645, -0.56236454504348354, -0.53554020594889384, -0.517596381389481, -0.42070117712034294, -0.45845848306279413, -0.55685070369011325, -0.53964241158721427, -0.55243753572990029, -0.51342078767669408, -0.56397676624948956, -0.59099183842338987, -0.56076751323441831, -0.45253449881218344, -0.543330614081684, -0.55319060747220572, -0.55249938527270592, -0.50988704318945655, -0.41194933529982714, -0.56555394877196985, -0.570530363857721, -0.53207755250779865, -0.56672980524377792, -0.58008200420721634, -0.49177315650087067, -0.5661308583555319, -0.5617945862884548, -0.52437286729051213, -0.53615840501381051, -0.53098331526782716, -0.54434230236283987, -0.5230027987422905, -0.47933254318104912, -0.56011286828811335, -0.52996377312928744, -0.55848517893865357, -0.54841031716119926, -0.52616071059540692, -0.52807051589311915, -0.57223840790443192, -0.51267245457576927, -0.57438646932441906, -0.5578746885684458, -0.57827981702016884], 'fneg': array([2, 0, 0, 0, 0, 0, 1, 3, 2, 0, 0, 0, 1, 0, 0, 0, 2, 0, 0, 0, 1, 3, 0,
       0, 0, 0, 0, 1, 0, 0, 0, 0, 0, 0, 0, 2, 0, 0, 0, 0, 0, 0, 0, 1, 0, 0,
       0]), 'sensitivity': array([0.94444444, 1.0, 1.0, 1.0, 1.0, 1.0, 1.0, 0.83333333, 1.0, 1.0, 1.0,
       1.0, 1.0, 1.0, 1.0, 1.0, 0.94444444, 1.0, 1.0, 1.0, 1.0, 0.77777778,
       1.0, 1.0, 1.0, 1.0, 1.0, 1.0, 1.0, 1.0, 1.0, 1.0, 1.0, 1.0, 1.0,
       1.0, 1.0, 1.0, 1.0, 1.0, 1.0, 1.0, 1.0, 1.0, 1.0, 1.0, 1.0]), 'tpos': array([2, 4, 4, 4, 4, 4, 3, 1, 2, 4, 4, 4, 3, 4, 4, 4, 2, 4, 4, 4, 3, 1, 4,
       4, 4, 4, 4, 3, 4, 4, 4, 4, 4, 4, 4, 2, 4, 4, 4, 4, 4, 4, 4, 3, 4, 4,
       4])}], <Model object at 0x0000000000000D5E>)
