#adalasso
([{'specificity': array([0.22580645, 0.40322581, 0.096774194, 0.64516129, 0.53225806,
       0.62903226, 0.37096774, 0.58064516, 0.9516129, 0.74193548,
       0.70967742, 0.82258065, 0.88709677, 0.16129032, 0.33870968,
       0.69354839, 0.19354839, 0.14516129, 0.32258065, 0.79032258,
       0.016129032, 0.080645161, 0.20967742, 0.66129032, 0.25806452,
       0.85483871, 0.59677419, 0.048387097, 0.5, 0.38709677, 0.90322581,
       1.0, 0.61290323, 0.87096774, 0.064516129, 0.43548387, 0.51612903,
       0.30645161, 0.46774194, 0.4516129, 0.93548387, 0.72580645,
       0.35483871, 0.83870968, 0.56451613, 0.5483871, 0.80645161,
       0.77419355, 0.27419355, 0.11290323, 0.12903226, 0.75806452,
       0.24193548, 0.41935484, 0.96774194, 0.17741935, 0.48387097,
       0.032258065, 0.98387097, 0.91935484, 0.67741935, 0.29032258]), 'tneg': array([ 5,  7,  4,  8,  8,  8,  7,  8, 11,  9,  9, 11, 11,  5,  7,  9,  5,
        5,  7, 10,  1,  1,  5,  9,  6, 11,  8,  1,  8,  7, 11, 11,  8, 11,
        1,  8,  8,  7,  8,  8, 11,  9,  7, 11,  8,  8, 11, 10,  6,  4,  4,
       10,  6,  7, 11,  5,  8,  1, 11, 11,  9,  6]), 'fpos': array([ 6,  4,  7,  3,  3,  3,  4,  3,  0,  2,  2,  0,  0,  6,  4,  2,  6,
        6,  4,  1, 10, 10,  6,  2,  5,  0,  3, 10,  3,  4,  0,  0,  3,  0,
       10,  3,  3,  4,  3,  3,  0,  2,  4,  0,  3,  3,  0,  1,  5,  7,  7,
        1,  5,  4,  0,  6,  3, 10,  0,  0,  2,  5]), 'threshold': [0.16609998334082954, 0.17933029798519909, 0.15203903183705442, 0.19553550511734105, 0.18953462434337573, 0.1949439084148544, 0.17678159812913633, 0.19152187831463477, 0.24407419636819586, 0.20453990180185006, 0.20071859502553605, 0.2179614283565296, 0.23108756379377099, 0.15828165844308073, 0.17540338949453976, 0.20034799639615886, 0.16582761314231681, 0.15690525757652551, 0.17517233970746854, 0.21354424060555088, 0.14056584333163413, 0.15007784143504419, 0.16607396321526124, 0.19725790548181796, 0.16812073273921019, 0.22088154182224748, 0.193316813674306, 0.14631535289155787, 0.18791777637938853, 0.17682815012150205, 0.23226605728917121, 0.25659346242911696, 0.19456222810812668, 0.22251230058192514, 0.14849540784919529, 0.18053608679559022, 0.18828830306224853, 0.17314822276704764, 0.1863630205187701, 0.18211256150744096, 0.23847241351018139, 0.20278314119232979, 0.17554199324141451, 0.21980414351138849, 0.19126816548935599, 0.18960094012068565, 0.21768151712687542, 0.20866514469588934, 0.169002012653514, 0.15437462137772309, 0.15446382017999272, 0.20547010834848886, 0.16742822964816939, 0.17952857323278781, 0.24865211878462623, 0.15891508725210252, 0.18782390481576058, 0.14610895533810364, 0.2491268550563232, 0.23256005057687906, 0.19889175073303755, 0.16952129679675235], 'fneg': array([1, 3, 0, 3, 3, 3, 3, 3, 6, 4, 4, 6, 6, 0, 3, 4, 1, 0, 2, 5, 0, 0, 1,
       3, 1, 6, 3, 0, 3, 3, 6, 6, 3, 6, 0, 3, 3, 2, 3, 3, 6, 4, 3, 6, 3, 3,
       6, 5, 1, 0, 0, 4, 1, 3, 6, 0, 3, 0, 6, 6, 4, 1]), 'sensitivity': array([1, 1, 1, 1, 1, 1, 1, 1, 1, 1, 1, 1, 1, 1, 1, 1, 1, 1, 1, 1, 1, 1, 1,
       1, 1, 1, 1, 1, 1, 1, 1, 1, 1, 1, 1, 1, 1, 1, 1, 1, 1, 1, 1, 1, 1, 1,
       1, 1, 1, 1, 1, 1, 1, 1, 1, 1, 1, 1, 1, 1, 1, 1]), 'tpos': array([5, 3, 6, 3, 3, 3, 3, 3, 0, 2, 2, 0, 0, 6, 3, 2, 5, 6, 4, 1, 6, 6, 5,
       3, 5, 0, 3, 6, 3, 3, 0, 0, 3, 0, 6, 3, 3, 4, 3, 3, 0, 2, 3, 0, 3, 3,
       0, 1, 5, 6, 6, 2, 5, 3, 0, 6, 3, 6, 0, 0, 2, 5])}, {'specificity': array([0.93650794, 1.0, 0.96825397, 0.95238095, 0.52380952, 0.3015873,
       0.84126984, 0.92063492, 0.50793651, 0.33333333, 0.80952381,
       0.44444444, 0.57142857, 0.46031746, 0.79365079, 0.74603175,
       0.73015873, 0.88888889, 0.58730159, 0.47619048, 0.14285714,
       0.34920635, 0.49206349, 0.9047619, 0.31746032, 0.17460317,
       0.12698413, 0.41269841, 0.82539683, 0.38095238, 0.53968254,
       0.095238095, 0.19047619, 0.87301587, 0.98412698, 0.77777778,
       0.42857143, 0.079365079, 0.15873016, 0.22222222, 0.55555556,
       0.68253968, 0.25396825, 0.36507937, 0.015873016, 0.6031746,
       0.6984127, 0.71428571, 0.23809524, 0.76190476, 0.28571429,
       0.063492063, 0.63492063, 0.11111111, 0.26984127, 0.20634921,
       0.61904762, 0.85714286, 0.047619048, 0.66666667, 0.65079365,
       0.3968254, 0.031746032]), 'tneg': array([0, 0, 0, 0, 0, 0, 0, 0, 0, 0, 0, 0, 0, 0, 0, 0, 0, 0, 0, 0, 0, 0, 0,
       0, 0, 0, 0, 0, 0, 0, 0, 0, 0, 0, 0, 0, 0, 0, 0, 0, 0, 0, 0, 0, 0, 0,
       0, 0, 0, 0, 0, 0, 0, 0, 0, 0, 0, 0, 0, 0, 0, 0, 0]), 'fpos': array([12, 12, 12, 12, 12, 12, 12, 12, 12, 12, 12, 12, 12, 12, 12, 12, 12,
       12, 12, 12, 12, 12, 12, 12, 12, 12, 12, 12, 12, 12, 12, 12, 12, 12,
       12, 12, 12, 12, 12, 12, 12, 12, 12, 12, 12, 12, 12, 12, 12, 12, 12,
       12, 12, 12, 12, 12, 12, 12, 12, 12, 12, 12, 12]), 'threshold': [0.80948693497346835, 0.91495680094309262, 0.84152564836108223, 0.81205663352216928, 0.13037941015417667, 0.079501459390227472, 0.49071155252132803, 0.79386878833200603, 0.12397197519103655, 0.089286924163545597, 0.4082264114299714, 0.10319044869064259, 0.14646578577168884, 0.10449049605579185, 0.40296487655640151, 0.30962538894135894, 0.30572406567685789, 0.61962928344540147, 0.17130314992172296, 0.10480068910980037, 0.050238223310561415, 0.089955565165428297, 0.11267741754541194, 0.74550252837583264, 0.08067836251674762, 0.058127895910133308, 0.049145548239239667, 0.099963223471601234, 0.42338532131515444, 0.098116719665786223, 0.13740362246191984, 0.047712727818018413, 0.058892882668837215, 0.59645216865182027, 0.90216791362420534, 0.37682069642722943, 0.10190556660229726, 0.03923991105330233, 0.05683572434513072, 0.059994591298904068, 0.14631616397436639, 0.23655702285899125, 0.066279809086008876, 0.0954389913706815, 0.016893947281190532, 0.18296751735290676, 0.2676098857434101, 0.2787010118313813, 0.062942021977046736, 0.31224416628275847, 0.075118778175361306, 0.037284525662989773, 0.20207421337819195, 0.048621030299397211, 0.072195856560228228, 0.059985220920167281, 0.19630148441384937, 0.50121155389421812, 0.036793773053006004, 0.23054946580533703, 0.22360690047159978, 0.098566281583070167, 0.035011025648598107], 'fneg': array([0, 0, 0, 0, 0, 0, 0, 0, 0, 0, 0, 0, 0, 0, 0, 0, 0, 0, 0, 0, 0, 0, 0,
       0, 0, 0, 0, 0, 0, 0, 0, 0, 0, 0, 0, 0, 0, 0, 0, 0, 0, 0, 0, 0, 0, 0,
       0, 0, 0, 0, 0, 0, 0, 0, 0, 0, 0, 0, 0, 0, 0, 0, 0]), 'sensitivity': array([1, 1, 1, 1, 1, 1, 1, 1, 1, 1, 1, 1, 1, 1, 1, 1, 1, 1, 1, 1, 1, 1, 1,
       1, 1, 1, 1, 1, 1, 1, 1, 1, 1, 1, 1, 1, 1, 1, 1, 1, 1, 1, 1, 1, 1, 1,
       1, 1, 1, 1, 1, 1, 1, 1, 1, 1, 1, 1, 1, 1, 1, 1, 1]), 'tpos': array([4, 4, 4, 4, 4, 4, 4, 4, 4, 4, 4, 4, 4, 4, 4, 4, 4, 4, 4, 4, 4, 4, 4,
       4, 4, 4, 4, 4, 4, 4, 4, 4, 4, 4, 4, 4, 4, 4, 4, 4, 4, 4, 4, 4, 4, 4,
       4, 4, 4, 4, 4, 4, 4, 4, 4, 4, 4, 4, 4, 4, 4, 4, 4])}, {'specificity': array([0.875, 0.984375, 0.953125, 0.90625, 0.546875, 0.34375, 0.765625,
       0.84375, 0.6875, 0.515625, 0.078125, 0.828125, 0.890625, 0.796875,
       0.859375, 0.734375, 0.4375, 0.78125, 0.75, 0.171875, 0.5, 0.46875,
       0.21875, 0.296875, 0.71875, 0.421875, 0.5625, 0.046875, 0.28125,
       0.921875, 0.9375, 1.0, 0.96875, 0.375, 0.0625, 0.40625, 0.125,
       0.03125, 0.640625, 0.59375, 0.3125, 0.203125, 0.140625, 0.015625,
       0.484375, 0.53125, 0.625, 0.265625, 0.65625, 0.25, 0.671875,
       0.109375, 0.234375, 0.359375, 0.703125, 0.578125, 0.390625, 0.8125,
       0.15625, 0.453125, 0.328125, 0.1875, 0.609375, 0.09375]), 'tneg': array([0, 0, 0, 0, 0, 0, 0, 0, 0, 0, 0, 0, 0, 0, 0, 0, 0, 0, 0, 0, 0, 0, 0,
       0, 0, 0, 0, 0, 0, 0, 0, 0, 0, 0, 0, 0, 0, 0, 0, 0, 0, 0, 0, 0, 0, 0,
       0, 0, 0, 0, 0, 0, 0, 0, 0, 0, 0, 0, 0, 0, 0, 0, 0, 0]), 'fpos': array([9, 9, 9, 9, 9, 9, 9, 9, 9, 9, 9, 9, 9, 9, 9, 9, 9, 9, 9, 9, 9, 9, 9,
       9, 9, 9, 9, 9, 9, 9, 9, 9, 9, 9, 9, 9, 9, 9, 9, 9, 9, 9, 9, 9, 9, 9,
       9, 9, 9, 9, 9, 9, 9, 9, 9, 9, 9, 9, 9, 9, 9, 9, 9, 9]), 'threshold': [0.47398280792774483, 0.70596987305736914, 0.66352657005207727, 0.52344053148912595, 0.13119953316316571, 0.10917749251228763, 0.21632630755130483, 0.32612524451175362, 0.15326342169335236, 0.12412835789263217, 0.085198077809510858, 0.26566268267591858, 0.52188178734519552, 0.23792982480462305, 0.42074235711271696, 0.19235631392916802, 0.11355097420734771, 0.22728905049783832, 0.19238058950114878, 0.094416852954352315, 0.12332854742033884, 0.11745277755832337, 0.10034228931448848, 0.10494613695202085, 0.18702308479295077, 0.11336111927956373, 0.13417254775559026, 0.082201332415883815, 0.10450775238749356, 0.55029176387663858, 0.63686243219090777, 0.81056103270026936, 0.68112121201748699, 0.10998658107341225, 0.084404057824526132, 0.11315807005094615, 0.092625148847594499, 0.065195971919853352, 0.1454895809563565, 0.13629874686109245, 0.10501446855297231, 0.098954325728910414, 0.093179632952433519, 0.064678767128263287, 0.11786249589806154, 0.1295599377172183, 0.14441986982485167, 0.10355522848771834, 0.15122481272015509, 0.10156161200948412, 0.15168042068510845, 0.086061983478603679, 0.10131001298562664, 0.10918415906111467, 0.18698831730264298, 0.13596675770409383, 0.1107697060861317, 0.25838089583085783, 0.093407243900146236, 0.11396595406323562, 0.1085658934737808, 0.094622722019828964, 0.1365251575028377, 0.085857295002727888], 'fneg': array([0, 0, 0, 0, 0, 0, 0, 0, 0, 0, 0, 0, 0, 0, 0, 0, 0, 0, 0, 0, 0, 0, 0,
       0, 0, 0, 0, 0, 0, 0, 0, 0, 0, 0, 0, 0, 0, 0, 0, 0, 0, 0, 0, 0, 0, 0,
       0, 0, 0, 0, 0, 0, 0, 0, 0, 0, 0, 0, 0, 0, 0, 0, 0, 0]), 'sensitivity': array([1, 1, 1, 1, 1, 1, 1, 1, 1, 1, 1, 1, 1, 1, 1, 1, 1, 1, 1, 1, 1, 1, 1,
       1, 1, 1, 1, 1, 1, 1, 1, 1, 1, 1, 1, 1, 1, 1, 1, 1, 1, 1, 1, 1, 1, 1,
       1, 1, 1, 1, 1, 1, 1, 1, 1, 1, 1, 1, 1, 1, 1, 1, 1, 1]), 'tpos': array([6, 6, 6, 6, 6, 6, 6, 6, 6, 6, 6, 6, 6, 6, 6, 6, 6, 6, 6, 6, 6, 6, 6,
       6, 6, 6, 6, 6, 6, 6, 6, 6, 6, 6, 6, 6, 6, 6, 6, 6, 6, 6, 6, 6, 6, 6,
       6, 6, 6, 6, 6, 6, 6, 6, 6, 6, 6, 6, 6, 6, 6, 6, 6, 6])}, {'specificity': array([0.93650794, 0.98412698, 0.9047619, 0.92063492, 0.61904762,
       0.079365079, 0.68253968, 0.53968254, 0.41269841, 0.87301587,
       0.38095238, 0.44444444, 0.36507937, 0.76190476, 0.77777778,
       0.96825397, 0.74603175, 0.47619048, 0.55555556, 0.79365079,
       0.49206349, 0.28571429, 0.19047619, 0.85714286, 0.095238095,
       0.12698413, 0.063492063, 0.34920635, 0.80952381, 0.82539683, 1.0,
       0.95238095, 0.84126984, 0.20634921, 0.11111111, 0.22222222,
       0.015873016, 0.50793651, 0.3968254, 0.3015873, 0.33333333,
       0.031746032, 0.46031746, 0.73015873, 0.31746032, 0.6031746,
       0.71428571, 0.14285714, 0.58730159, 0.047619048, 0.57142857,
       0.66666667, 0.17460317, 0.23809524, 0.52380952, 0.88888889,
       0.65079365, 0.25396825, 0.26984127, 0.6984127, 0.42857143,
       0.63492063, 0.15873016]), 'tneg': array([13, 13, 12, 12,  7,  0,  9,  6,  6, 12,  6,  6,  6, 10, 10, 13, 10,
        6,  7, 10,  6,  4,  2, 12,  0,  0,  0,  6, 11, 11, 13, 13, 12,  2,
        0,  3,  0,  6,  6,  6,  6,  0,  6, 10,  6,  7, 10,  0,  7,  0,  7,
        8,  1,  3,  6, 12,  8,  4,  4,  9,  6,  7,  1]), 'fpos': array([ 0,  0,  1,  1,  6, 13,  4,  7,  7,  1,  7,  7,  7,  3,  3,  0,  3,
        7,  6,  3,  7,  9, 11,  1, 13, 13, 13,  7,  2,  2,  0,  0,  1, 11,
       13, 10, 13,  7,  7,  7,  7, 13,  7,  3,  7,  6,  3, 13,  6, 13,  6,
        5, 12, 10,  7,  1,  5,  9,  9,  4,  7,  6, 12]), 'threshold': [0.67325477784908527, 0.88904912460543672, 0.59498958192183959, 0.62961668432133966, 0.23611151338152014, 0.052088706883837071, 0.30439470413468406, 0.198545987787765, 0.1475987933119231, 0.55162572607673599, 0.1339797069427468, 0.16465416011062989, 0.12788934846175487, 0.37658695521474433, 0.39745066929267608, 0.81593126784537751, 0.361325675152734, 0.17414846906743811, 0.20182915889252165, 0.39950631537211467, 0.17460088982260597, 0.093578193149024755, 0.069840451931265812, 0.5346893906563065, 0.05527787440725114, 0.058202388404811609, 0.047028565130590484, 0.12600540159414034, 0.42490152560877109, 0.43714924766096452, 0.97386591116738586, 0.7235303764778831, 0.51794817217414835, 0.07152483644079434, 0.057883408308520394, 0.080223013432760754, 0.019343175626180285, 0.18115219478059824, 0.14561153299094612, 0.099621637746279371, 0.11766810058059134, 0.028293772863385674, 0.16907808609778807, 0.33304687572874414, 0.11661182014019493, 0.22698138652953492, 0.33290492365794355, 0.05830104322885693, 0.21812128472778908, 0.030878672840712464, 0.20333632266534979, 0.27178499817738194, 0.067359077555366603, 0.083198734598323457, 0.19085292322256484, 0.56028729877806505, 0.24333309029294287, 0.090999494865892677, 0.092828317305285429, 0.30455357370219527, 0.15980603174981584, 0.24095757766291606, 0.0632962340867292], 'fneg': array([2, 2, 2, 2, 1, 0, 1, 1, 1, 2, 1, 1, 1, 2, 2, 2, 2, 1, 1, 2, 1, 0, 0,
       2, 0, 0, 0, 1, 2, 2, 3, 2, 2, 0, 0, 0, 0, 1, 1, 0, 1, 0, 1, 2, 1, 1,
       2, 0, 1, 0, 1, 1, 0, 0, 1, 2, 1, 0, 0, 1, 1, 1, 0]), 'sensitivity': array([1, 1, 1, 1, 1, 1, 1, 1, 1, 1, 1, 1, 1, 1, 1, 1, 1, 1, 1, 1, 1, 1, 1,
       1, 1, 1, 1, 1, 1, 1, 1, 1, 1, 1, 1, 1, 1, 1, 1, 1, 1, 1, 1, 1, 1, 1,
       1, 1, 1, 1, 1, 1, 1, 1, 1, 1, 1, 1, 1, 1, 1, 1, 1]), 'tpos': array([1, 1, 1, 1, 2, 3, 2, 2, 2, 1, 2, 2, 2, 1, 1, 1, 1, 2, 2, 1, 2, 3, 3,
       1, 3, 3, 3, 2, 1, 1, 0, 1, 1, 3, 3, 3, 3, 2, 2, 3, 2, 3, 2, 1, 2, 2,
       1, 3, 2, 3, 2, 2, 3, 3, 2, 1, 2, 3, 3, 2, 2, 2, 3])}, {'specificity': array([0.875, 0.96875, 0.890625, 0.9375, 0.59375, 0.421875, 0.546875,
       0.265625, 0.609375, 0.640625, 0.453125, 0.46875, 0.4375, 0.78125,
       0.796875, 0.921875, 0.90625, 0.484375, 0.75, 0.25, 0.109375,
       0.171875, 0.8125, 0.0625, 0.078125, 0.3125, 0.71875, 0.140625,
       0.375, 0.203125, 0.828125, 0.765625, 0.984375, 1.0, 0.953125,
       0.84375, 0.21875, 0.125, 0.03125, 0.328125, 0.390625, 0.734375,
       0.296875, 0.515625, 0.28125, 0.015625, 0.53125, 0.578125, 0.671875,
       0.703125, 0.09375, 0.359375, 0.40625, 0.1875, 0.6875, 0.234375,
       0.65625, 0.859375, 0.34375, 0.046875, 0.5, 0.15625, 0.625, 0.5625]), 'tneg': array([14, 15, 14, 15, 11, 10, 11,  7, 12, 12, 10, 11, 10, 13, 14, 15, 14,
       11, 13,  7,  2,  5, 14,  2,  2,  8, 13,  2, 10,  6, 14, 13, 15, 15,
       15, 14,  6,  2,  1,  9, 10, 13,  8, 11,  7,  0, 11, 11, 12, 12,  2,
       10, 10,  6, 12,  7, 12, 14,  9,  1, 11,  4, 12, 11]), 'fpos': array([ 1,  0,  1,  0,  4,  5,  4,  8,  3,  3,  5,  4,  5,  2,  1,  0,  1,
        4,  2,  8, 13, 10,  1, 13, 13,  7,  2, 13,  5,  9,  1,  2,  0,  0,
        0,  1,  9, 13, 14,  6,  5,  2,  7,  4,  8, 15,  4,  4,  3,  3, 13,
        5,  5,  9,  3,  8,  3,  1,  6, 14,  4, 11,  3,  4]), 'threshold': [0.51752480970581682, 0.73702359377003024, 0.52172918754845599, 0.61312212780626696, 0.29543170505254773, 0.2436154871684505, 0.27491031302444513, 0.17858839214457467, 0.29966374188957834, 0.30586113088187122, 0.24734968607183222, 0.24832654206911875, 0.24400895801412065, 0.37812352357191609, 0.41876666845127358, 0.58758340630875672, 0.53603606184109875, 0.25861994525304249, 0.36400136108547393, 0.17778090155831325, 0.13228804900597033, 0.15258056784532864, 0.46447684030360414, 0.11667889781915976, 0.12088066031884304, 0.20005991565345893, 0.35754430733214937, 0.13934178089438684, 0.22741839411841985, 0.17064034982464674, 0.46499241624317422, 0.36583928996128612, 0.7441567650540083, 0.84065903927637997, 0.63322498304205099, 0.48645950072876831, 0.17474356135289593, 0.1380335502046422, 0.11216292612796598, 0.20636523943279861, 0.2335601241168232, 0.36389206620124515, 0.18682653113408909, 0.26667878169347481, 0.18343621301383511, 0.060931266362330039, 0.27248336203273976, 0.29528164935267237, 0.3119299689368934, 0.33287768062081735, 0.12244610837745611, 0.22628900469282076, 0.2407716329995544, 0.17041093169585764, 0.31542380283082933, 0.17595881291514781, 0.30996623512926963, 0.49731103631749285, 0.21890316545080407, 0.11409958381250622, 0.26438400077768393, 0.14594849897488568, 0.30527952628682437, 0.28354350142391899], 'fneg': array([0, 0, 0, 0, 0, 0, 0, 0, 0, 0, 0, 0, 0, 0, 0, 0, 0, 0, 0, 0, 0, 0, 0,
       0, 0, 0, 0, 0, 0, 0, 0, 0, 0, 0, 0, 0, 0, 0, 0, 0, 0, 0, 0, 0, 0, 0,
       0, 0, 0, 0, 0, 0, 0, 0, 0, 0, 0, 0, 0, 0, 0, 0, 0, 0]), 'sensitivity': array([1, 1, 1, 1, 1, 1, 1, 1, 1, 1, 1, 1, 1, 1, 1, 1, 1, 1, 1, 1, 1, 1, 1,
       1, 1, 1, 1, 1, 1, 1, 1, 1, 1, 1, 1, 1, 1, 1, 1, 1, 1, 1, 1, 1, 1, 1,
       1, 1, 1, 1, 1, 1, 1, 1, 1, 1, 1, 1, 1, 1, 1, 1, 1, 1]), 'tpos': array([0, 0, 0, 0, 0, 0, 0, 0, 0, 0, 0, 0, 0, 0, 0, 0, 0, 0, 0, 0, 0, 0, 0,
       0, 0, 0, 0, 0, 0, 0, 0, 0, 0, 0, 0, 0, 0, 0, 0, 0, 0, 0, 0, 0, 0, 0,
       0, 0, 0, 0, 0, 0, 0, 0, 0, 0, 0, 0, 0, 0, 0, 0, 0, 0])}], <Model object at 0x00000000000003DC>)
#adalasso
([{'specificity': array([0.85714286, 0.80952381, 0.88888889, 0.96825397, 0.23809524,
       0.76190476, 0.42857143, 0.79365079, 0.50793651, 0.53968254,
       0.74603175, 0.73015873, 1.0, 0.9047619, 0.87301587, 0.65079365,
       0.71428571, 0.38095238, 0.3015873, 0.58730159, 0.3968254,
       0.55555556, 0.82539683, 0.95238095, 0.15873016, 0.031746032,
       0.77777778, 0.44444444, 0.33333333, 0.57142857, 0.14285714,
       0.095238095, 0.17460317, 0.28571429, 0.6984127, 0.92063492,
       0.93650794, 0.98412698, 0.84126984, 0.19047619, 0.015873016,
       0.61904762, 0.6031746, 0.22222222, 0.25396825, 0.49206349,
       0.68253968, 0.36507937, 0.63492063, 0.52380952, 0.063492063,
       0.34920635, 0.31746032, 0.41269841, 0.047619048, 0.66666667,
       0.12698413, 0.47619048, 0.20634921, 0.46031746, 0.079365079,
       0.26984127, 0.11111111]), 'tneg': array([11, 10, 11, 12,  1, 10,  3, 10,  4,  4,  9,  9, 12, 11, 11,  9,  9,
        3,  1,  5,  3,  5, 10, 11,  1,  1, 10,  4,  2,  5,  1,  1,  1,  1,
        9, 11, 11, 12, 11,  1,  1,  8,  5,  1,  1,  4,  9,  3,  9,  4,  1,
        3,  2,  3,  1,  9,  1,  4,  1,  4,  1,  1,  1]), 'fpos': array([ 2,  3,  2,  1, 12,  3, 10,  3,  9,  9,  4,  4,  1,  2,  2,  4,  4,
       10, 12,  8, 10,  8,  3,  2, 12, 12,  3,  9, 11,  8, 12, 12, 12, 12,
        4,  2,  2,  1,  2, 12, 12,  5,  8, 12, 12,  9,  4, 10,  4,  9, 12,
       10, 11, 10, 12,  4, 12,  9, 12,  9, 12, 12, 12]), 'threshold': [0.7167047557800853, 0.56122008587267103, 0.72377349269682878, 0.87376268651859323, 0.092921021383854344, 0.51397864350447453, 0.17671141247341271, 0.55948474523486535, 0.21653183105549315, 0.23173187856042823, 0.43742163004039203, 0.42418452325238581, 0.95140549516812667, 0.75155078000647668, 0.72082465258003658, 0.39303281842778065, 0.40940340954729143, 0.15513364084193962, 0.11046472998578627, 0.25037639535506273, 0.16310955369190364, 0.2359963581451032, 0.63242821031684904, 0.85708708860041982, 0.08499678887807896, 0.04832564125672064, 0.52432026475673899, 0.18000261960776356, 0.13309178451332782, 0.24278989729103254, 0.083207727005825655, 0.068985484853784945, 0.085542011695441567, 0.10138235987007845, 0.40344341565900071, 0.78783338356374721, 0.8308830115095015, 0.94337280108395094, 0.66255778912498087, 0.087068694592777232, 0.037624923348273158, 0.34091569930755866, 0.25965841996590638, 0.088976689988300134, 0.094205501846088613, 0.2108959823566276, 0.39773483854629738, 0.14416270616340085, 0.38972543580577468, 0.2269229046977998, 0.064079992449606965, 0.14247928606426807, 0.12335724846894682, 0.17059839108895886, 0.058836854770676433, 0.39510839724139313, 0.082312610903016517, 0.20492013863332681, 0.087122030621948218, 0.18459001705669895, 0.066662805389396618, 0.094660325335167023, 0.070102854987159152], 'fneg': array([4, 2, 4, 4, 0, 2, 0, 2, 0, 1, 2, 2, 4, 4, 4, 2, 2, 0, 0, 1, 0, 1, 3,
       4, 0, 0, 2, 0, 0, 1, 0, 0, 0, 0, 2, 4, 4, 4, 4, 0, 0, 1, 1, 0, 0, 0,
       2, 0, 2, 1, 0, 0, 0, 0, 0, 2, 0, 0, 0, 0, 0, 0, 0]), 'sensitivity': array([1, 1, 1, 1, 1, 1, 1, 1, 1, 1, 1, 1, 1, 1, 1, 1, 1, 1, 1, 1, 1, 1, 1,
       1, 1, 1, 1, 1, 1, 1, 1, 1, 1, 1, 1, 1, 1, 1, 1, 1, 1, 1, 1, 1, 1, 1,
       1, 1, 1, 1, 1, 1, 1, 1, 1, 1, 1, 1, 1, 1, 1, 1, 1]), 'tpos': array([0, 2, 0, 0, 4, 2, 4, 2, 4, 3, 2, 2, 0, 0, 0, 2, 2, 4, 4, 3, 4, 3, 1,
       0, 4, 4, 2, 4, 4, 3, 4, 4, 4, 4, 2, 0, 0, 0, 0, 4, 4, 3, 3, 4, 4, 4,
       2, 4, 2, 3, 4, 4, 4, 4, 4, 2, 4, 4, 4, 4, 4, 4, 4])}, {'specificity': array([0.75, 0.5, 0.78125, 0.859375, 0.96875, 0.9375, 0.703125, 0.3125,
       0.265625, 0.65625, 0.671875, 0.6875, 0.953125, 0.890625, 0.8125,
       0.15625, 0.203125, 0.328125, 0.40625, 0.578125, 0.53125, 0.875,
       0.90625, 0.0625, 0.359375, 0.71875, 0.4375, 0.421875, 0.03125,
       0.796875, 0.921875, 0.984375, 1.0, 0.515625, 0.765625, 0.609375,
       0.625, 0.234375, 0.546875, 0.34375, 0.375, 0.015625, 0.28125,
       0.734375, 0.84375, 0.1875, 0.453125, 0.640625, 0.59375, 0.171875,
       0.046875, 0.140625, 0.078125, 0.390625, 0.125, 0.296875, 0.5625,
       0.109375, 0.21875, 0.828125, 0.46875, 0.484375, 0.25, 0.09375]), 'tneg': array([13,  9, 13, 13, 13, 13, 12,  5,  3, 11, 12, 12, 13, 13, 13,  2,  3,
        5,  7, 11, 11, 13, 13,  1,  7, 12,  8,  8,  0, 13, 13, 13, 13,  9,
       13, 11, 11,  3, 11,  6,  7,  0,  4, 13, 13,  3,  8, 11, 11,  3,  1,
        2,  1,  7,  1,  5, 11,  1,  3, 13,  9,  9,  3,  1]), 'fpos': array([ 0,  4,  0,  0,  0,  0,  1,  8, 10,  2,  1,  1,  0,  0,  0, 11, 10,
        8,  6,  2,  2,  0,  0, 12,  6,  1,  5,  5, 13,  0,  0,  0,  0,  4,
        0,  2,  2, 10,  2,  7,  6, 13,  9,  0,  0, 10,  5,  2,  2, 10, 12,
       11, 12,  6, 12,  8,  2, 12, 10,  0,  4,  4, 10, 12]), 'threshold': [0.38987640081138464, 0.26878769380599915, 0.40437534712868767, 0.4650675118785883, 0.6668794140604547, 0.55873473369395465, 0.33239872979775503, 0.23296775200022515, 0.22801277092144889, 0.30328726333864792, 0.31824266999857947, 0.31944553267392395, 0.66392126872482427, 0.49401846546206968, 0.42025196148028027, 0.2060635495739451, 0.21467389091261874, 0.23347993876391035, 0.24748092552625065, 0.28001241557773471, 0.27716667671214279, 0.47792324882017978, 0.53264182092787027, 0.18937138206577281, 0.24344411771240326, 0.34523644270177345, 0.25283715087764869, 0.25251254735081502, 0.17514224428423275, 0.41800883383676801, 0.55118456756149981, 0.72107594955547971, 0.79334581849662922, 0.27162242279527621, 0.4029386498242416, 0.28496242062024923, 0.28860903455246678, 0.21693732362692256, 0.27735495594006637, 0.23812483799478607, 0.24393020479610994, 0.16510115131422798, 0.2297335372327278, 0.37896014974640146, 0.45125387794663052, 0.21055996247961981, 0.25499711471646352, 0.30314358446194273, 0.28047888686063871, 0.20703094757789653, 0.18514235568490245, 0.20500933995808465, 0.19543906302103919, 0.24682356744273767, 0.19891063061767345, 0.23264789466120445, 0.27782795397923216, 0.19862505909277714, 0.21532739247177501, 0.4292640625176381, 0.26306248645052105, 0.26639398046572399, 0.2265198146687564, 0.19648423295675774], 'fneg': array([2, 0, 2, 2, 3, 3, 1, 0, 0, 0, 1, 1, 3, 3, 2, 0, 0, 0, 0, 0, 0, 2, 3,
       0, 0, 1, 0, 0, 0, 2, 3, 3, 3, 0, 2, 0, 0, 0, 0, 0, 0, 0, 0, 2, 2, 0,
       0, 0, 0, 0, 0, 0, 0, 0, 0, 0, 0, 0, 0, 2, 0, 0, 0, 0]), 'sensitivity': array([1, 1, 1, 1, 1, 1, 1, 1, 1, 1, 1, 1, 1, 1, 1, 1, 1, 1, 1, 1, 1, 1, 1,
       1, 1, 1, 1, 1, 1, 1, 1, 1, 1, 1, 1, 1, 1, 1, 1, 1, 1, 1, 1, 1, 1, 1,
       1, 1, 1, 1, 1, 1, 1, 1, 1, 1, 1, 1, 1, 1, 1, 1, 1, 1]), 'tpos': array([1, 3, 1, 1, 0, 0, 2, 3, 3, 3, 2, 2, 0, 0, 1, 3, 3, 3, 3, 3, 3, 1, 0,
       3, 3, 2, 3, 3, 3, 1, 0, 0, 0, 3, 1, 3, 3, 3, 3, 3, 3, 3, 3, 1, 1, 3,
       3, 3, 3, 3, 3, 3, 3, 3, 3, 3, 3, 3, 3, 1, 3, 3, 3, 3])}, {'specificity': array([0.921875, 0.890625, 0.65625, 0.96875, 0.609375, 0.546875, 0.84375,
       0.390625, 0.859375, 0.59375, 0.328125, 0.5, 0.8125, 0.796875,
       0.9375, 0.578125, 0.265625, 0.34375, 0.09375, 0.1875, 0.296875,
       0.3125, 0.671875, 0.828125, 0.21875, 0.140625, 0.046875, 0.875,
       0.28125, 0.15625, 0.46875, 0.234375, 0.0625, 0.5625, 0.953125, 1.0,
       0.984375, 0.765625, 0.109375, 0.640625, 0.4375, 0.125, 0.453125,
       0.015625, 0.75, 0.421875, 0.53125, 0.40625, 0.375, 0.515625,
       0.734375, 0.03125, 0.171875, 0.625, 0.078125, 0.6875, 0.703125,
       0.359375, 0.71875, 0.25, 0.78125, 0.90625, 0.484375, 0.203125]), 'tneg': array([8, 8, 7, 8, 6, 5, 8, 0, 8, 6, 0, 4, 8, 8, 8, 6, 0, 0, 0, 0, 0, 0, 7,
       8, 0, 0, 0, 8, 0, 0, 1, 0, 0, 6, 8, 8, 8, 8, 0, 7, 1, 0, 1, 0, 8, 1,
       5, 1, 0, 5, 8, 0, 0, 6, 0, 8, 8, 0, 8, 0, 8, 8, 3, 0]), 'fpos': array([0, 0, 1, 0, 2, 3, 0, 8, 0, 2, 8, 4, 0, 0, 0, 2, 8, 8, 8, 8, 8, 8, 1,
       0, 8, 8, 8, 0, 8, 8, 7, 8, 8, 2, 0, 0, 0, 0, 8, 1, 7, 8, 7, 8, 0, 7,
       3, 7, 8, 3, 0, 8, 8, 2, 8, 0, 0, 8, 0, 8, 0, 0, 5, 8]), 'threshold': [0.40860874775341766, 0.3797821138044184, 0.2168775646603851, 0.60618758556285379, 0.20969262599054825, 0.20505943648309977, 0.30706315723551431, 0.16295485419574959, 0.35594637858245226, 0.20936838578047118, 0.14995771188780599, 0.18948142165906459, 0.28129001050273694, 0.27768491785835087, 0.42216621118330494, 0.208642410583812, 0.14005662243404438, 0.15363514535762274, 0.11507435356581018, 0.12716237958712465, 0.1454722898999781, 0.14914611079240264, 0.21733913308790198, 0.29423500425229326, 0.12761551518382974, 0.12130744459801073, 0.11005023986439882, 0.35982266308778871, 0.14225065421171243, 0.12444715031537845, 0.18171374332409765, 0.13284386980102131, 0.11026471817926493, 0.20846538017790486, 0.43670740412391668, 0.67620378242997714, 0.62818076269841805, 0.25147499122845668, 0.11525878673518612, 0.21399979253470575, 0.1804599720498799, 0.11719181173321833, 0.18135097663628391, 0.094549905875893195, 0.2450513730688747, 0.17456822363778565, 0.20197476011005244, 0.16674553086224925, 0.15859544635825568, 0.19292550357821509, 0.24501988646288589, 0.10543398021726771, 0.12616818316401363, 0.21214965576551759, 0.11409272064467058, 0.23160437976879156, 0.23272641380658232, 0.15707879128404695, 0.23603269129807436, 0.13856386344302099, 0.27625566614137265, 0.38328050098817479, 0.18881830983388212, 0.12759813240473736], 'fneg': array([5, 4, 4, 8, 4, 4, 4, 2, 4, 4, 2, 4, 4, 4, 6, 4, 2, 2, 0, 1, 2, 2, 4,
       4, 1, 1, 0, 4, 2, 1, 2, 2, 0, 4, 6, 8, 8, 4, 0, 4, 2, 0, 2, 0, 4, 2,
       4, 2, 2, 4, 4, 0, 1, 4, 0, 4, 4, 2, 4, 2, 4, 4, 4, 1]), 'sensitivity': array([1, 1, 1, 1, 1, 1, 1, 1, 1, 1, 1, 1, 1, 1, 1, 1, 1, 1, 1, 1, 1, 1, 1,
       1, 1, 1, 1, 1, 1, 1, 1, 1, 1, 1, 1, 1, 1, 1, 1, 1, 1, 1, 1, 1, 1, 1,
       1, 1, 1, 1, 1, 1, 1, 1, 1, 1, 1, 1, 1, 1, 1, 1, 1, 1]), 'tpos': array([3, 4, 4, 0, 4, 4, 4, 6, 4, 4, 6, 4, 4, 4, 2, 4, 6, 6, 8, 7, 6, 6, 4,
       4, 7, 7, 8, 4, 6, 7, 6, 6, 8, 4, 2, 0, 0, 4, 8, 4, 6, 8, 6, 8, 4, 6,
       4, 6, 6, 4, 4, 8, 7, 4, 8, 4, 4, 6, 4, 6, 4, 4, 4, 7])}, {'specificity': array([0.78125, 0.8125, 0.875, 0.96875, 0.765625, 0.140625, 0.71875,
       0.671875, 0.734375, 0.125, 0.6875, 0.796875, 0.640625, 0.953125,
       0.703125, 0.078125, 0.5625, 0.28125, 0.375, 0.515625, 0.625,
       0.46875, 0.828125, 0.921875, 0.328125, 0.609375, 0.453125, 0.171875,
       0.09375, 0.546875, 0.359375, 0.109375, 0.890625, 0.859375, 0.9375,
       0.984375, 1.0, 0.34375, 0.75, 0.65625, 0.4375, 0.25, 0.046875,
       0.59375, 0.3125, 0.578125, 0.15625, 0.203125, 0.90625, 0.53125,
       0.296875, 0.234375, 0.265625, 0.40625, 0.1875, 0.0625, 0.421875,
       0.484375, 0.390625, 0.5, 0.84375, 0.21875, 0.046875, 0.046875]), 'tneg': array([13, 13, 14, 14, 13,  0, 11, 11, 11,  0, 11, 13, 11, 14, 11,  0,  9,
        3,  6,  8, 11,  8, 13, 14,  4, 11,  8,  1,  0,  9,  4,  0, 14, 14,
       14, 14, 14,  4, 12, 11,  8,  2,  0, 11,  3,  9,  1,  1, 14,  9,  3,
        2,  2,  8,  1,  0,  8,  8,  7,  8, 14,  2,  0,  0]), 'fpos': array([ 1,  1,  0,  0,  1, 14,  3,  3,  3, 14,  3,  1,  3,  0,  3, 14,  5,
       11,  8,  6,  3,  6,  1,  0, 10,  3,  6, 13, 14,  5, 10, 14,  0,  0,
        0,  0,  0, 10,  2,  3,  6, 12, 14,  3, 11,  5, 13, 13,  0,  5, 11,
       12, 12,  6, 13, 14,  6,  6,  7,  6,  0, 12, 14, 14]), 'threshold': [0.46759734902863109, 0.52820947577532618, 0.55640538005055185, 0.74480497428845505, 0.46614653866520139, 0.18949906063521524, 0.39518046280769292, 0.36993777304242925, 0.39669634901760087, 0.18908210934512404, 0.37256030719273714, 0.4792185426207613, 0.34777693796957843, 0.6876861093682034, 0.37825148311703455, 0.18837363768489798, 0.29228393168082384, 0.19876874980536435, 0.23182970848926171, 0.24398252133330275, 0.33292325643489729, 0.24177259699897144, 0.5392501915230874, 0.60672884866928445, 0.21254860488451235, 0.31924682080523825, 0.23925695487539886, 0.19027633926490936, 0.18875786532614364, 0.27551366204916389, 0.21736036072774273, 0.18898500702456433, 0.58725503480144348, 0.55254127813552267, 0.60908217921585617, 0.77044019571853872, 0.81138303808652568, 0.21551336186116765, 0.45043764479762627, 0.3625388355925222, 0.23900400849470738, 0.19728052961224224, 0.18822164554797727, 0.31755497982131237, 0.20999606362965279, 0.29266009237460738, 0.18984933932742487, 0.19209200505089222, 0.59424229179961274, 0.26321471953842618, 0.20752740146065182, 0.19563062354516897, 0.19741020199835199, 0.23611873259747876, 0.19067490260464273, 0.18830187954692673, 0.23852633283662877, 0.24303463643448275, 0.23286456216987633, 0.24329239915123754, 0.54863608130667019, 0.1931790602925651, 0.18822164554797727, 0.18822164554797727], 'fneg': array([2, 2, 2, 2, 2, 0, 2, 2, 2, 0, 2, 2, 2, 2, 2, 0, 2, 0, 1, 2, 2, 2, 2,
       2, 0, 2, 2, 0, 0, 2, 0, 0, 2, 2, 2, 2, 2, 0, 2, 2, 2, 0, 0, 2, 0, 2,
       0, 0, 2, 2, 0, 0, 0, 2, 0, 0, 2, 2, 1, 2, 2, 0, 0, 0]), 'sensitivity': array([1, 1, 1, 1, 1, 1, 1, 1, 1, 1, 1, 1, 1, 1, 1, 1, 1, 1, 1, 1, 1, 1, 1,
       1, 1, 1, 1, 1, 1, 1, 1, 1, 1, 1, 1, 1, 1, 1, 1, 1, 1, 1, 1, 1, 1, 1,
       1, 1, 1, 1, 1, 1, 1, 1, 1, 1, 1, 1, 1, 1, 1, 1, 1, 1]), 'tpos': array([0, 0, 0, 0, 0, 2, 0, 0, 0, 2, 0, 0, 0, 0, 0, 2, 0, 2, 1, 0, 0, 0, 0,
       0, 2, 0, 0, 2, 2, 0, 2, 2, 0, 0, 0, 0, 0, 2, 0, 0, 0, 2, 2, 0, 2, 0,
       2, 2, 0, 0, 2, 2, 2, 0, 2, 2, 0, 0, 1, 0, 0, 2, 2, 2])}, {'specificity': array([0.95384615, 0.73846154, 0.56923077, 0.98461538, 0.96923077,
       0.35384615, 0.92307692, 0.93846154, 0.44615385, 0.83076923, 0.6,
       0.27692308, 0.61538462, 0.70769231, 1.0, 0.76923077, 0.53846154,
       0.41538462, 0.8, 0.43076923, 0.55384615, 0.26153846, 0.75384615,
       0.50769231, 0.90769231, 0.12307692, 0.015384615, 0.33846154,
       0.67692308, 0.16923077, 0.18461538, 0.30769231, 0.46153846,
       0.47692308, 0.092307692, 0.72307692, 0.86153846, 0.89230769,
       0.63076923, 0.21538462, 0.84615385, 0.29230769, 0.36923077,
       0.076923077, 0.78461538, 0.15384615, 0.64615385, 0.87692308,
       0.13846154, 0.49230769, 0.69230769, 0.38461538, 0.32307692,
       0.030769231, 0.24615385, 0.4, 0.10769231, 0.58461538, 0.81538462,
       0.52307692, 0.66153846, 0.2, 0.23076923, 0.061538462, 0.046153846]), 'tneg': array([8, 7, 5, 8, 8, 3, 8, 8, 5, 8, 6, 3, 6, 7, 8, 7, 5, 4, 8, 5, 5, 3, 7,
       5, 8, 1, 0, 3, 6, 2, 2, 3, 5, 5, 1, 7, 8, 8, 6, 3, 8, 3, 3, 1, 7, 1,
       6, 8, 1, 5, 7, 4, 3, 0, 3, 4, 1, 6, 8, 5, 6, 2, 3, 1, 0]), 'fpos': array([0, 1, 3, 0, 0, 5, 0, 0, 3, 0, 2, 5, 2, 1, 0, 1, 3, 4, 0, 3, 3, 5, 1,
       3, 0, 7, 8, 5, 2, 6, 6, 5, 3, 3, 7, 1, 0, 0, 2, 5, 0, 5, 5, 7, 1, 7,
       2, 0, 7, 3, 1, 4, 5, 8, 5, 4, 7, 2, 0, 3, 2, 6, 5, 7, 8]), 'threshold': [0.82856669778621539, 0.40221901896112239, 0.1765705187167787, 0.95228125644849193, 0.83846982429807793, 0.08834906965729894, 0.76557364950097817, 0.79682491130700417, 0.12718614734031408, 0.58009385571989169, 0.23041244374203188, 0.064867306444322884, 0.23323377851712407, 0.3836508342529561, 0.98105350239833422, 0.43468581510315202, 0.15718225719480841, 0.11636013913584326, 0.55198558423021382, 0.11865444849115912, 0.15804088788589543, 0.063085442880092157, 0.41591709539337957, 0.1381362171437332, 0.72280292823766012, 0.029848901559221111, 0.0085244719247639794, 0.083322590596624335, 0.31440694625226812, 0.043230209592265832, 0.04511339140616559, 0.072221352848544071, 0.1312473021932023, 0.1319233629224186, 0.021432294628926259, 0.39784772602302576, 0.63145875324596412, 0.71947323452055911, 0.23365255174273192, 0.053728099696424378, 0.61149001487756638, 0.068810156305203263, 0.094480719180360523, 0.018786304147777353, 0.45601090296702335, 0.036182060860078309, 0.26923926721599839, 0.67324756694446797, 0.035762772586872681, 0.13520496236662574, 0.36491849386743436, 0.10385347083503764, 0.077358216544965289, 0.011624925873711733, 0.059795209445915577, 0.11616191645268784, 0.023455978801734376, 0.21018104171213739, 0.55506907539556805, 0.15066617538338897, 0.30493204108344324, 0.046011713943012816, 0.057635219444166455, 0.016272384440826515, 0.014649126924454822], 'fneg': array([6, 5, 5, 6, 6, 2, 6, 6, 3, 6, 5, 2, 5, 5, 7, 6, 5, 3, 6, 3, 5, 2, 5,
       4, 6, 2, 1, 2, 5, 2, 2, 2, 3, 3, 2, 5, 6, 6, 5, 2, 6, 2, 2, 2, 6, 2,
       5, 6, 2, 4, 5, 2, 2, 1, 2, 3, 2, 5, 6, 4, 5, 2, 2, 1, 1]), 'sensitivity': array([1, 1, 1, 1, 1, 1, 1, 1, 1, 1, 1, 1, 1, 1, 1, 1, 1, 1, 1, 1, 1, 1, 1,
       1, 1, 1, 1, 1, 1, 1, 1, 1, 1, 1, 1, 1, 1, 1, 1, 1, 1, 1, 1, 1, 1, 1,
       1, 1, 1, 1, 1, 1, 1, 1, 1, 1, 1, 1, 1, 1, 1, 1, 1, 1, 1]), 'tpos': array([1, 2, 2, 1, 1, 5, 1, 1, 4, 1, 2, 5, 2, 2, 0, 1, 2, 4, 1, 4, 2, 5, 2,
       3, 1, 5, 6, 5, 2, 5, 5, 5, 4, 4, 5, 2, 1, 1, 2, 5, 1, 5, 5, 5, 1, 5,
       2, 1, 5, 3, 2, 5, 5, 6, 5, 4, 5, 2, 1, 3, 2, 5, 5, 6, 6])}], <Model object at 0x0000000000000708>)
#adalasso
([{'specificity': array([0.84126984, 0.92063492, 0.76190476, 0.53968254, 0.88888889,
       0.65079365, 0.74603175, 0.34920635, 0.73015873, 0.58730159,
       0.80952381, 0.79365079, 0.49206349, 0.98412698, 0.9047619,
       0.85714286, 0.87301587, 0.57142857, 0.28571429, 0.095238095,
       0.77777778, 0.68253968, 0.96825397, 0.26984127, 0.3968254,
       0.31746032, 0.19047619, 0.015873016, 0.17460317, 0.6984127,
       0.52380952, 0.93650794, 1.0, 0.031746032, 0.36507937, 0.6031746,
       0.063492063, 0.47619048, 0.12698413, 0.38095238, 0.25396825,
       0.23809524, 0.61904762, 0.82539683, 0.41269841, 0.66666667,
       0.20634921, 0.079365079, 0.22222222, 0.50793651, 0.33333333,
       0.63492063, 0.55555556, 0.3015873, 0.71428571, 0.15873016,
       0.44444444, 0.42857143, 0.14285714, 0.95238095, 0.11111111,
       0.46031746, 0.047619048]), 'tneg': array([0, 0, 0, 0, 0, 0, 0, 0, 0, 0, 0, 0, 0, 0, 0, 0, 0, 0, 0, 0, 0, 0, 0,
       0, 0, 0, 0, 0, 0, 0, 0, 0, 0, 0, 0, 0, 0, 0, 0, 0, 0, 0, 0, 0, 0, 0,
       0, 0, 0, 0, 0, 0, 0, 0, 0, 0, 0, 0, 0, 0, 0, 0, 0]), 'fpos': array([16, 16, 16, 16, 16, 16, 16, 16, 16, 16, 16, 16, 16, 16, 16, 16, 16,
       16, 16, 16, 16, 16, 16, 16, 16, 16, 16, 16, 16, 16, 16, 16, 16, 16,
       16, 16, 16, 16, 16, 16, 16, 16, 16, 16, 16, 16, 16, 16, 16, 16, 16,
       16, 16, 16, 16, 16, 16, 16, 16, 16, 16, 16, 16]), 'threshold': [0.32646499932337758, 0.47003196759634852, 0.27206160505735172, 0.17488835694673421, 0.38348656835785883, 0.20604726064772672, 0.24116387449114821, 0.15833733254245636, 0.23842679763379188, 0.18961412637039138, 0.2798389770279025, 0.2772016569381307, 0.17049823785145424, 0.62082861549394142, 0.38952821547046468, 0.32885461336273947, 0.33465914688651022, 0.17945051454277344, 0.15239557722310945, 0.13875353931873771, 0.27538237342953836, 0.20710595565393022, 0.51979899790152517, 0.15204959657294306, 0.15972601292165017, 0.15394218386307962, 0.14880353108263136, 0.1273336252806927, 0.14551514589375617, 0.23168834419692902, 0.17294827121041381, 0.47578355480547191, 0.69284979276865766, 0.13132549170073382, 0.15950796746975232, 0.19032498405392812, 0.13631665676622667, 0.16755516206070861, 0.14174580188292835, 0.15960469163919869, 0.15196343889187067, 0.15167147928976832, 0.19697238772594178, 0.28017457639585447, 0.16215676335106477, 0.2063182605019471, 0.1502832811199972, 0.13829727300742928, 0.15054105297475209, 0.17218627969966177, 0.15803680237837964, 0.20295844905542523, 0.17885459816152524, 0.15367241108898677, 0.23299668159965306, 0.14393317401551517, 0.16675903498065994, 0.16582225725090782, 0.14316573602493721, 0.5095009658923616, 0.14055331434096555, 0.16728076885930007, 0.13614774143915145], 'fneg': array([0, 0, 0, 0, 0, 0, 0, 0, 0, 0, 0, 0, 0, 0, 0, 0, 0, 0, 0, 0, 0, 0, 0,
       0, 0, 0, 0, 0, 0, 0, 0, 0, 0, 0, 0, 0, 0, 0, 0, 0, 0, 0, 0, 0, 0, 0,
       0, 0, 0, 0, 0, 0, 0, 0, 0, 0, 0, 0, 0, 0, 0, 0, 0]), 'sensitivity': array([1, 1, 1, 1, 1, 1, 1, 1, 1, 1, 1, 1, 1, 1, 1, 1, 1, 1, 1, 1, 1, 1, 1,
       1, 1, 1, 1, 1, 1, 1, 1, 1, 1, 1, 1, 1, 1, 1, 1, 1, 1, 1, 1, 1, 1, 1,
       1, 1, 1, 1, 1, 1, 1, 1, 1, 1, 1, 1, 1, 1, 1, 1, 1]), 'tpos': array([1, 1, 1, 1, 1, 1, 1, 1, 1, 1, 1, 1, 1, 1, 1, 1, 1, 1, 1, 1, 1, 1, 1,
       1, 1, 1, 1, 1, 1, 1, 1, 1, 1, 1, 1, 1, 1, 1, 1, 1, 1, 1, 1, 1, 1, 1,
       1, 1, 1, 1, 1, 1, 1, 1, 1, 1, 1, 1, 1, 1, 1, 1, 1])}, {'specificity': array([0.90625, 0.96875, 0.765625, 0.171875, 0.890625, 0.78125, 0.203125,
       0.796875, 0.546875, 0.609375, 0.515625, 0.65625, 0.984375, 0.828125,
       0.9375, 0.734375, 0.875, 0.4375, 0.625, 0.453125, 0.296875,
       0.390625, 0.71875, 0.59375, 0.84375, 0.921875, 0.421875, 0.34375,
       0.1875, 0.46875, 0.703125, 0.671875, 0.75, 0.078125, 0.03125,
       0.28125, 0.859375, 0.5625, 0.953125, 1.0, 0.015625, 0.484375, 0.125,
       0.53125, 0.578125, 0.234375, 0.140625, 0.375, 0.6875, 0.0625,
       0.265625, 0.5, 0.359375, 0.15625, 0.328125, 0.25, 0.640625, 0.8125,
       0.40625, 0.21875, 0.046875, 0.109375, 0.3125, 0.09375]), 'tneg': array([0, 0, 0, 0, 0, 0, 0, 0, 0, 0, 0, 0, 0, 0, 0, 0, 0, 0, 0, 0, 0, 0, 0,
       0, 0, 0, 0, 0, 0, 0, 0, 0, 0, 0, 0, 0, 0, 0, 0, 0, 0, 0, 0, 0, 0, 0,
       0, 0, 0, 0, 0, 0, 0, 0, 0, 0, 0, 0, 0, 0, 0, 0, 0, 0]), 'fpos': array([15, 15, 15, 15, 15, 15, 15, 15, 15, 15, 15, 15, 15, 15, 15, 15, 15,
       15, 15, 15, 15, 15, 15, 15, 15, 15, 15, 15, 15, 15, 15, 15, 15, 15,
       15, 15, 15, 15, 15, 15, 15, 15, 15, 15, 15, 15, 15, 15, 15, 15, 15,
       15, 15, 15, 15, 15, 15, 15, 15, 15, 15, 15, 15, 15]), 'threshold': [0.52024319924533646, 0.84152105436106672, 0.34572453022258531, 0.09384213377388044, 0.47042309242357039, 0.36744647678492992, 0.094306223046590296, 0.36910449847389992, 0.18328080829074869, 0.21039626432865904, 0.1758349829737956, 0.22865474417997189, 0.84709484367756749, 0.40804701342974686, 0.6661533197838434, 0.31164280833697239, 0.43319685771133454, 0.1420999276343615, 0.22227260806387525, 0.15264810832447945, 0.10721352820745932, 0.13082183183358537, 0.26752734296549263, 0.19908165742349318, 0.41996634063713367, 0.57564049291269825, 0.13942079912632063, 0.12405075766851811, 0.094195678501589108, 0.15454624711400444, 0.25977882833906657, 0.24083659665504953, 0.33045248724914128, 0.071861861322001008, 0.058674587155812752, 0.1068458523200274, 0.42382644787239349, 0.18563728029540602, 0.80074290911018187, 0.89485725884234235, 0.053948708851175843, 0.15886288005059254, 0.080638436702693134, 0.17602752776636182, 0.19807577131267978, 0.09688421333522873, 0.0807566559936478, 0.12949783726244188, 0.25878971043991439, 0.069154248345092886, 0.10524465833225279, 0.16537571177211588, 0.12935308779322371, 0.083973543141531118, 0.12067630485913489, 0.099600474933301042, 0.22284069936760667, 0.3857030416446236, 0.13702807795862759, 0.094793218271823729, 0.067730764511038266, 0.078097796733745492, 0.10777496323270526, 0.072790165660798808], 'fneg': array([0, 0, 0, 0, 0, 0, 0, 0, 0, 0, 0, 0, 0, 0, 0, 0, 0, 0, 0, 0, 0, 0, 0,
       0, 0, 0, 0, 0, 0, 0, 0, 0, 0, 0, 0, 0, 0, 0, 0, 0, 0, 0, 0, 0, 0, 0,
       0, 0, 0, 0, 0, 0, 0, 0, 0, 0, 0, 0, 0, 0, 0, 0, 0, 0]), 'sensitivity': array([1, 1, 1, 1, 1, 1, 1, 1, 1, 1, 1, 1, 1, 1, 1, 1, 1, 1, 1, 1, 1, 1, 1,
       1, 1, 1, 1, 1, 1, 1, 1, 1, 1, 1, 1, 1, 1, 1, 1, 1, 1, 1, 1, 1, 1, 1,
       1, 1, 1, 1, 1, 1, 1, 1, 1, 1, 1, 1, 1, 1, 1, 1, 1, 1]), 'tpos': array([1, 1, 1, 1, 1, 1, 1, 1, 1, 1, 1, 1, 1, 1, 1, 1, 1, 1, 1, 1, 1, 1, 1,
       1, 1, 1, 1, 1, 1, 1, 1, 1, 1, 1, 1, 1, 1, 1, 1, 1, 1, 1, 1, 1, 1, 1,
       1, 1, 1, 1, 1, 1, 1, 1, 1, 1, 1, 1, 1, 1, 1, 1, 1, 1])}, {'specificity': array([0.890625, 0.890625, 0.890625, 0.890625, 0.890625, 0.890625,
       0.890625, 0.953125, 0.9375, 0.890625, 1.0, 0.890625, 0.890625,
       0.921875, 0.890625, 0.921875, 0.890625, 0.890625, 0.890625,
       0.984375, 0.890625, 0.890625, 0.890625, 0.890625, 0.890625,
       0.890625, 0.890625, 0.890625, 0.890625, 0.890625, 0.890625, 0.96875,
       0.890625, 0.890625, 0.890625, 0.890625, 0.890625, 0.890625,
       0.890625, 0.890625, 0.890625, 0.890625, 0.890625, 0.890625,
       0.890625, 0.890625, 0.890625, 0.890625, 0.890625, 0.890625,
       0.890625, 0.890625, 0.890625, 0.890625, 0.890625, 0.890625,
       0.890625, 0.890625, 0.890625, 0.890625, 0.890625, 0.890625,
       0.890625, 0.890625]), 'tneg': array([10, 10, 10, 10, 10, 10, 10, 10, 10, 10, 10, 10, 10, 10, 10, 10, 10,
       10, 10, 10, 10, 10, 10, 10, 10, 10, 10, 10, 10, 10, 10, 10, 10, 10,
       10, 10, 10, 10, 10, 10, 10, 10, 10, 10, 10, 10, 10, 10, 10, 10, 10,
       10, 10, 10, 10, 10, 10, 10, 10, 10, 10, 10, 10, 10]), 'fpos': array([0, 0, 0, 0, 0, 0, 0, 0, 0, 0, 0, 0, 0, 0, 0, 0, 0, 0, 0, 0, 0, 0, 0,
       0, 0, 0, 0, 0, 0, 0, 0, 0, 0, 0, 0, 0, 0, 0, 0, 0, 0, 0, 0, 0, 0, 0,
       0, 0, 0, 0, 0, 0, 0, 0, 0, 0, 0, 0, 0, 0, 0, 0, 0, 0]), 'threshold': [0.12380491180002433, 0.12380491180002433, 0.12380491180002433, 0.12380491180002433, 0.12380491180002433, 0.12380491180002433, 0.12380491180002433, 0.12381600199566671, 0.12381230516900556, 0.12380491180002433, 0.12394915089216362, 0.12380491180002433, 0.12380491180002433, 0.12380860843712528, 0.12380491180002433, 0.12380860843712528, 0.12380491180002433, 0.12380491180002433, 0.12380491180002433, 0.12394175050745823, 0.12380491180002433, 0.12380491180002433, 0.12380491180002433, 0.12380491180002433, 0.12380491180002433, 0.12380491180002433, 0.12380491180002433, 0.12380491180002433, 0.12380491180002433, 0.12380491180002433, 0.12380491180002433, 0.12383448755073788, 0.12380491180002433, 0.12380491180002433, 0.12380491180002433, 0.12380491180002433, 0.12380491180002433, 0.12380491180002433, 0.12380491180002433, 0.12380491180002433, 0.12380491180002433, 0.12380491180002433, 0.12380491180002433, 0.12380491180002433, 0.12380491180002433, 0.12380491180002433, 0.12380491180002433, 0.12380491180002433, 0.12380491180002433, 0.12380491180002433, 0.12380491180002433, 0.12380491180002433, 0.12380491180002433, 0.12380491180002433, 0.12380491180002433, 0.12380491180002433, 0.12380491180002433, 0.12380491180002433, 0.12380491180002433, 0.12380491180002433, 0.12380491180002433, 0.12380491180002433, 0.12380491180002433, 0.12380491180002433], 'fneg': array([5, 5, 5, 5, 5, 5, 5, 5, 5, 5, 6, 5, 5, 5, 5, 5, 5, 5, 5, 6, 5, 5, 5,
       5, 5, 5, 5, 5, 5, 5, 5, 6, 5, 5, 5, 5, 5, 5, 5, 5, 5, 5, 5, 5, 5, 5,
       5, 5, 5, 5, 5, 5, 5, 5, 5, 5, 5, 5, 5, 5, 5, 5, 5, 5]), 'sensitivity': array([1, 1, 1, 1, 1, 1, 1, 1, 1, 1, 1, 1, 1, 1, 1, 1, 1, 1, 1, 1, 1, 1, 1,
       1, 1, 1, 1, 1, 1, 1, 1, 1, 1, 1, 1, 1, 1, 1, 1, 1, 1, 1, 1, 1, 1, 1,
       1, 1, 1, 1, 1, 1, 1, 1, 1, 1, 1, 1, 1, 1, 1, 1, 1, 1]), 'tpos': array([1, 1, 1, 1, 1, 1, 1, 1, 1, 1, 0, 1, 1, 1, 1, 1, 1, 1, 1, 0, 1, 1, 1,
       1, 1, 1, 1, 1, 1, 1, 1, 0, 1, 1, 1, 1, 1, 1, 1, 1, 1, 1, 1, 1, 1, 1,
       1, 1, 1, 1, 1, 1, 1, 1, 1, 1, 1, 1, 1, 1, 1, 1, 1, 1])}, {'specificity': array([0.890625, 0.90625, 0.515625, 0.921875, 0.703125, 0.796875, 0.15625,
       0.015625, 0.78125, 0.84375, 0.8125, 0.984375, 0.828125, 0.875,
       0.546875, 0.328125, 0.125, 0.171875, 0.75, 0.859375, 0.96875,
       0.203125, 0.34375, 0.078125, 0.59375, 0.71875, 0.5, 0.21875,
       0.421875, 0.375, 0.578125, 0.25, 0.953125, 1.0, 0.359375, 0.5625,
       0.6875, 0.03125, 0.40625, 0.046875, 0.296875, 0.28125, 0.234375,
       0.3125, 0.453125, 0.140625, 0.4375, 0.765625, 0.53125, 0.625,
       0.0625, 0.734375, 0.390625, 0.609375, 0.484375, 0.46875, 0.65625,
       0.09375, 0.640625, 0.671875, 0.9375, 0.109375, 0.1875, 0.265625]), 'tneg': array([0, 0, 0, 0, 0, 0, 0, 0, 0, 0, 0, 0, 0, 0, 0, 0, 0, 0, 0, 0, 0, 0, 0,
       0, 0, 0, 0, 0, 0, 0, 0, 0, 0, 0, 0, 0, 0, 0, 0, 0, 0, 0, 0, 0, 0, 0,
       0, 0, 0, 0, 0, 0, 0, 0, 0, 0, 0, 0, 0, 0, 0, 0, 0, 0]), 'fpos': array([11, 11, 11, 11, 11, 11, 11, 11, 11, 11, 11, 11, 11, 11, 11, 11, 11,
       11, 11, 11, 11, 11, 11, 11, 11, 11, 11, 11, 11, 11, 11, 11, 11, 11,
       11, 11, 11, 11, 11, 11, 11, 11, 11, 11, 11, 11, 11, 11, 11, 11, 11,
       11, 11, 11, 11, 11, 11, 11, 11, 11, 11, 11, 11, 11]), 'threshold': [0.4171256639828439, 0.47565108281715007, 0.10691103330014107, 0.47939394373431948, 0.14252769213908384, 0.23080793405508046, 0.074052292121132027, 0.062674559981365646, 0.20916066940846911, 0.33870546845106886, 0.2717385922558917, 0.88537093139097056, 0.29369991821939229, 0.39898520967208717, 0.11125949239214993, 0.079711577495083646, 0.072300129618474304, 0.074193476099009795, 0.15148356481072106, 0.36114291213399646, 0.76937600034141529, 0.074655014388883917, 0.080587912271949017, 0.066285516741898767, 0.11920413830327525, 0.14497214138323092, 0.10545843532907735, 0.075710026228021046, 0.090569436832046282, 0.083317368276777992, 0.11815131953371988, 0.077364547807547243, 0.57579047430682995, 0.94716691927352092, 0.080802907405785732, 0.11797850351490798, 0.12375700127818619, 0.063288781628118407, 0.088388753959736985, 0.065770208342182376, 0.078302525634384834, 0.077990198300978114, 0.077014169919295841, 0.079419277608386268, 0.094163418060933604, 0.072721481327738174, 0.093908129502798129, 0.15515910900054444, 0.10849382772538026, 0.11970203498135484, 0.065891632225585986, 0.14513788687443302, 0.086063962011557901, 0.11942326500016175, 0.099268611124465916, 0.097435213494306658, 0.12241360358130481, 0.067773156868709133, 0.12093726161790054, 0.12354878185758696, 0.53691840730144302, 0.072150171848040803, 0.07445022985572082, 0.077555674409822764], 'fneg': array([0, 0, 0, 0, 0, 0, 0, 0, 0, 0, 0, 0, 0, 0, 0, 0, 0, 0, 0, 0, 0, 0, 0,
       0, 0, 0, 0, 0, 0, 0, 0, 0, 0, 0, 0, 0, 0, 0, 0, 0, 0, 0, 0, 0, 0, 0,
       0, 0, 0, 0, 0, 0, 0, 0, 0, 0, 0, 0, 0, 0, 0, 0, 0, 0]), 'sensitivity': array([1, 1, 1, 1, 1, 1, 1, 1, 1, 1, 1, 1, 1, 1, 1, 1, 1, 1, 1, 1, 1, 1, 1,
       1, 1, 1, 1, 1, 1, 1, 1, 1, 1, 1, 1, 1, 1, 1, 1, 1, 1, 1, 1, 1, 1, 1,
       1, 1, 1, 1, 1, 1, 1, 1, 1, 1, 1, 1, 1, 1, 1, 1, 1, 1]), 'tpos': array([5, 5, 5, 5, 5, 5, 5, 5, 5, 5, 5, 5, 5, 5, 5, 5, 5, 5, 5, 5, 5, 5, 5,
       5, 5, 5, 5, 5, 5, 5, 5, 5, 5, 5, 5, 5, 5, 5, 5, 5, 5, 5, 5, 5, 5, 5,
       5, 5, 5, 5, 5, 5, 5, 5, 5, 5, 5, 5, 5, 5, 5, 5, 5, 5])}, {'specificity': array([0.92307692, 0.72307692, 0.78461538, 0.93846154, 0.83076923,
       0.61538462, 0.61538462, 0.69230769, 0.89230769, 0.61538462,
       0.87692308, 0.90769231, 0.96923077, 0.95384615, 0.61538462,
       0.72307692, 0.67692308, 0.61538462, 0.84615385, 0.8, 0.86153846,
       0.98461538, 0.61538462, 0.61538462, 0.61538462, 0.61538462,
       0.61538462, 0.61538462, 0.61538462, 0.61538462, 0.61538462,
       0.66153846, 0.61538462, 1.0, 0.61538462, 0.75384615, 0.61538462,
       0.61538462, 0.61538462, 0.66153846, 0.66153846, 0.61538462,
       0.61538462, 0.61538462, 0.61538462, 0.81538462, 0.61538462,
       0.75384615, 0.76923077, 0.61538462, 0.61538462, 0.61538462,
       0.61538462, 0.61538462, 0.61538462, 0.61538462, 0.61538462,
       0.61538462, 0.61538462, 0.61538462, 0.61538462, 0.61538462,
       0.61538462, 0.61538462, 0.61538462]), 'tneg': array([10,  5,  7, 10, 10,  4,  4,  5, 10,  4, 10, 10, 10, 10,  4,  5,  4,
        4, 10,  9, 10, 10,  4,  4,  4,  4,  4,  4,  4,  4,  4,  4,  4, 10,
        4,  6,  4,  4,  4,  4,  4,  4,  4,  4,  4,  9,  4,  6,  7,  4,  4,
        4,  4,  4,  4,  4,  4,  4,  4,  4,  4,  4,  4,  4,  4]), 'fpos': array([0, 5, 3, 0, 0, 6, 6, 5, 0, 6, 0, 0, 0, 0, 6, 5, 6, 6, 0, 1, 0, 0, 6,
       6, 6, 6, 6, 6, 6, 6, 6, 6, 6, 0, 6, 4, 6, 6, 6, 6, 6, 6, 6, 6, 6, 1,
       6, 4, 3, 6, 6, 6, 6, 6, 6, 6, 6, 6, 6, 6, 6, 6, 6, 6, 6]), 'threshold': [0.24281363963690189, 0.13239841592075999, 0.16489072778864714, 0.31898576608296303, 0.19861829291457106, 0.12393396198572143, 0.12393396198572143, 0.13066723687466367, 0.21095528080268178, 0.12393396198572143, 0.20844371040371468, 0.2264885643834828, 0.40623343891501229, 0.37735282924491498, 0.12393396198572143, 0.13239841592075999, 0.12726256683173465, 0.12393396198572143, 0.20348685258394825, 0.18227068929641446, 0.20595423707239016, 0.43950726349636093, 0.12393396198572143, 0.12393396198572143, 0.12393396198572143, 0.12393396198572143, 0.12393396198572143, 0.12393396198572143, 0.12393396198572143, 0.12393396198572143, 0.12393396198572143, 0.12558882091641593, 0.12393396198572143, 0.6007302840999672, 0.12393396198572143, 0.13770882490326442, 0.12393396198572143, 0.12393396198572143, 0.12393396198572143, 0.12558882091641593, 0.12558882091641593, 0.12393396198572143, 0.12393396198572143, 0.12393396198572143, 0.12393396198572143, 0.19621707723749374, 0.12393396198572143, 0.13770882490326442, 0.1628144229168737, 0.12393396198572143, 0.12393396198572143, 0.12393396198572143, 0.12393396198572143, 0.12393396198572143, 0.12393396198572143, 0.12393396198572143, 0.12393396198572143, 0.12393396198572143, 0.12393396198572143, 0.12393396198572143, 0.12393396198572143, 0.12393396198572143, 0.12393396198572143, 0.12393396198572143, 0.12393396198572143], 'fneg': array([4, 3, 3, 4, 3, 0, 0, 3, 3, 0, 3, 3, 4, 4, 0, 3, 2, 0, 3, 3, 3, 4, 0,
       0, 0, 0, 0, 0, 0, 0, 0, 2, 0, 4, 0, 3, 0, 0, 0, 2, 2, 0, 0, 0, 0, 3,
       0, 3, 3, 0, 0, 0, 0, 0, 0, 0, 0, 0, 0, 0, 0, 0, 0, 0, 0]), 'sensitivity': array([1, 1, 1, 1, 1, 1, 1, 1, 1, 1, 1, 1, 1, 1, 1, 1, 1, 1, 1, 1, 1, 1, 1,
       1, 1, 1, 1, 1, 1, 1, 1, 1, 1, 1, 1, 1, 1, 1, 1, 1, 1, 1, 1, 1, 1, 1,
       1, 1, 1, 1, 1, 1, 1, 1, 1, 1, 1, 1, 1, 1, 1, 1, 1, 1, 1]), 'tpos': array([1, 2, 2, 1, 2, 5, 5, 2, 2, 5, 2, 2, 1, 1, 5, 2, 3, 5, 2, 2, 2, 1, 5,
       5, 5, 5, 5, 5, 5, 5, 5, 3, 5, 1, 5, 2, 5, 5, 5, 3, 3, 5, 5, 5, 5, 2,
       5, 2, 2, 5, 5, 5, 5, 5, 5, 5, 5, 5, 5, 5, 5, 5, 5, 5, 5])}], <Model object at 0x0000000000000A34>)
#adalasso
([{'specificity': array([0.85714286, 0.22222222, 0.92063492, 1.0, 0.22222222, 0.47619048,
       0.76190476, 0.36507937, 0.6984127, 0.22222222, 0.79365079,
       0.82539683, 0.84126984, 0.22222222, 0.96825397, 0.87301587,
       0.63492063, 0.71428571, 0.31746032, 0.73015873, 0.22222222,
       0.80952381, 0.65079365, 0.22222222, 0.68253968, 0.49206349,
       0.44444444, 0.42857143, 0.77777778, 0.66666667, 0.33333333,
       0.22222222, 0.22222222, 0.74603175, 0.53968254, 0.61904762,
       0.22222222, 0.98412698, 0.95238095, 0.22222222, 0.9047619,
       0.57142857, 0.22222222, 0.22222222, 0.52380952, 0.50793651,
       0.3015873, 0.26984127, 0.22222222, 0.93650794, 0.3968254, 0.6031746,
       0.25396825, 0.41269841, 0.38095238, 0.58730159, 0.55555556,
       0.23809524, 0.28571429, 0.46031746, 0.9047619, 0.34920635,
       0.22222222]), 'tneg': array([ 9,  5, 10, 11,  5,  7,  8,  5,  8,  5,  8,  9,  9,  5, 11, 10,  8,
        8,  5,  8,  5,  9,  8,  5,  8,  7,  7,  7,  8,  8,  5,  5,  5,  8,
        8,  8,  5, 11, 11,  5, 10,  8,  5,  5,  8,  7,  5,  5,  5, 10,  5,
        8,  5,  6,  5,  8,  8,  5,  5,  7, 10,  5,  5]), 'fpos': array([2, 6, 1, 0, 6, 4, 3, 6, 3, 6, 3, 2, 2, 6, 0, 1, 3, 3, 6, 3, 6, 2, 3,
       6, 3, 4, 4, 4, 3, 3, 6, 6, 6, 3, 3, 3, 6, 0, 0, 6, 1, 3, 6, 6, 3, 4,
       6, 6, 6, 1, 6, 3, 6, 5, 6, 3, 3, 6, 6, 4, 1, 6, 6]), 'threshold': [0.26100805447276276, 0.1376392122525148, 0.29978556976157439, 0.39878336231036227, 0.1376392122525148, 0.1452079247432089, 0.19797603912966263, 0.1380083348221452, 0.18581375956136856, 0.1376392122525148, 0.20979358180894406, 0.25515831335189981, 0.25661889641959906, 0.1376392122525148, 0.36113786439907714, 0.28924807854806395, 0.1732948824981653, 0.18624359148919489, 0.1377329410828711, 0.18849198901098349, 0.1376392122525148, 0.24005829161787831, 0.1768802051390839, 0.1376392122525148, 0.18528131642390192, 0.14528808580525005, 0.14093010098713799, 0.14090264287879734, 0.20077637810875298, 0.17988290940530438, 0.13776209654869578, 0.1376392122525148, 0.1376392122525148, 0.19496208890368422, 0.15264109447570007, 0.16992943920782366, 0.1376392122525148, 0.38829111553729134, 0.35262094315279141, 0.1376392122525148, 0.29877241686142941, 0.15618880659840759, 0.1376392122525148, 0.1376392122525148, 0.15126219684608427, 0.14641357003458508, 0.13769982676425879, 0.13767173148094711, 0.1376392122525148, 0.31399378121936494, 0.13827748593115921, 0.16884595412432965, 0.13767033267158776, 0.14088267615465958, 0.13803267302907557, 0.16132216215212578, 0.1538752755736352, 0.13765448033355679, 0.13767336344029504, 0.1424635089651726, 0.29877241686142941, 0.13777309510395899, 0.1376392122525148], 'fneg': array([5, 0, 6, 6, 0, 2, 3, 1, 2, 0, 4, 5, 5, 0, 6, 5, 2, 2, 1, 2, 0, 4, 2,
       0, 2, 2, 2, 2, 4, 2, 1, 0, 0, 3, 2, 2, 0, 6, 6, 0, 6, 2, 0, 0, 2, 2,
       0, 0, 0, 6, 1, 2, 0, 2, 1, 2, 2, 0, 0, 2, 6, 1, 0]), 'sensitivity': array([1, 1, 1, 1, 1, 1, 1, 1, 1, 1, 1, 1, 1, 1, 1, 1, 1, 1, 1, 1, 1, 1, 1,
       1, 1, 1, 1, 1, 1, 1, 1, 1, 1, 1, 1, 1, 1, 1, 1, 1, 1, 1, 1, 1, 1, 1,
       1, 1, 1, 1, 1, 1, 1, 1, 1, 1, 1, 1, 1, 1, 1, 1, 1]), 'tpos': array([1, 6, 0, 0, 6, 4, 3, 5, 4, 6, 2, 1, 1, 6, 0, 1, 4, 4, 5, 4, 6, 2, 4,
       6, 4, 4, 4, 4, 2, 4, 5, 6, 6, 3, 4, 4, 6, 0, 0, 6, 0, 4, 6, 6, 4, 4,
       6, 6, 6, 0, 5, 4, 6, 4, 5, 4, 4, 6, 6, 4, 0, 5, 6])}, {'specificity': array([0.9375, 0.90625, 0.609375, 0.96875, 0.921875, 0.859375, 0.875,
       0.578125, 0.890625, 0.484375, 0.734375, 0.390625, 0.625, 0.8125,
       0.703125, 1.0, 0.5625, 0.46875, 0.78125, 0.53125, 0.453125, 0.1875,
       0.671875, 0.515625, 0.953125, 0.140625, 0.0625, 0.4375, 0.6875,
       0.09375, 0.28125, 0.421875, 0.359375, 0.71875, 0.3125, 0.765625,
       0.984375, 0.84375, 0.234375, 0.171875, 0.15625, 0.828125, 0.75,
       0.265625, 0.203125, 0.328125, 0.34375, 0.65625, 0.40625, 0.640625,
       0.796875, 0.21875, 0.375, 0.109375, 0.25, 0.046875, 0.296875,
       0.078125, 0.125, 0.59375, 0.03125, 0.5, 0.546875, 0.015625]), 'tneg': array([13, 13, 10, 14, 13, 12, 12, 10, 13,  7, 11,  6, 10, 11, 11, 14, 10,
        7, 11, 10,  7,  5, 11, 10, 13,  2,  1,  6, 11,  1,  5,  6,  5, 11,
        5, 11, 14, 11,  5,  3,  3, 11, 11,  5,  5,  5,  5, 10,  6, 10, 11,
        5,  5,  1,  5,  1,  5,  1,  2, 10,  1,  7, 10,  1]), 'fpos': array([ 1,  1,  4,  0,  1,  2,  2,  4,  1,  7,  3,  8,  4,  3,  3,  0,  4,
        7,  3,  4,  7,  9,  3,  4,  1, 12, 13,  8,  3, 13,  9,  8,  9,  3,
        9,  3,  0,  3,  9, 11, 11,  3,  3,  9,  9,  9,  9,  4,  8,  4,  3,
        9,  9, 13,  9, 13,  9, 13, 12,  4, 13,  7,  4, 13]), 'threshold': [0.92569012990721755, 0.89060233766423003, 0.17052141912582436, 0.95976236291594652, 0.90504491936001885, 0.76425010708907637, 0.84247943106026846, 0.15196674969565188, 0.86036301159825379, 0.090908172039658883, 0.57419457598598866, 0.057205486580023897, 0.17725077461974897, 0.64065953877921256, 0.44253302255149812, 0.9996101951552816, 0.13970093510267548, 0.088795005928748019, 0.58574938195993997, 0.12431272456824616, 0.087777804057296432, 0.017507532855855455, 0.32874919033206662, 0.11871880571106196, 0.92730103560370314, 0.0085836583268150812, 0.0028708935358996803, 0.067081360765393838, 0.33831341451203667, 0.0064858264294986321, 0.028024066422655675, 0.064063099285242064, 0.045947995270241453, 0.4494923167580866, 0.038791409831924299, 0.58132855863474808, 0.98670073764579169, 0.70208975463136758, 0.020745702524027458, 0.014399616438985101, 0.01196658362138461, 0.69780019380999847, 0.578199978092098, 0.023803896807242028, 0.019485804567712983, 0.038845689725961807, 0.041404913535220779, 0.20798306027855382, 0.06349846731209334, 0.19383004353468453, 0.63461691158503952, 0.020202613748744328, 0.04939964484164406, 0.0073499643630611632, 0.021301021362336792, 0.0013927594246634779, 0.03330315311329414, 0.0045278296987866532, 0.0078842861917180918, 0.16150047449270497, 0.00063330835599103295, 0.094405470042029094, 0.13501258348089559, 0.00057669351532054077], 'fneg': array([1, 1, 0, 1, 1, 1, 1, 0, 1, 0, 1, 0, 0, 1, 0, 2, 0, 0, 1, 0, 0, 0, 0,
       0, 1, 0, 0, 0, 0, 0, 0, 0, 0, 0, 0, 1, 2, 1, 0, 0, 0, 1, 1, 0, 0, 0,
       0, 0, 0, 0, 1, 0, 0, 0, 0, 0, 0, 0, 0, 0, 0, 0, 0, 0]), 'sensitivity': array([1, 1, 1, 1, 1, 1, 1, 1, 1, 1, 1, 1, 1, 1, 1, 1, 1, 1, 1, 1, 1, 1, 1,
       1, 1, 1, 1, 1, 1, 1, 1, 1, 1, 1, 1, 1, 1, 1, 1, 1, 1, 1, 1, 1, 1, 1,
       1, 1, 1, 1, 1, 1, 1, 1, 1, 1, 1, 1, 1, 1, 1, 1, 1, 1]), 'tpos': array([1, 1, 2, 1, 1, 1, 1, 2, 1, 2, 1, 2, 2, 1, 2, 0, 2, 2, 1, 2, 2, 2, 2,
       2, 1, 2, 2, 2, 2, 2, 2, 2, 2, 2, 2, 1, 0, 1, 2, 2, 2, 1, 1, 2, 2, 2,
       2, 2, 2, 2, 1, 2, 2, 2, 2, 2, 2, 2, 2, 2, 2, 2, 2, 2])}, {'specificity': array([0.96875, 0.9375, 0.359375, 0.546875, 0.8125, 0.828125, 0.515625,
       0.84375, 0.4375, 0.875, 0.78125, 0.953125, 0.734375, 0.6875,
       0.765625, 0.328125, 0.90625, 0.609375, 0.34375, 0.390625, 0.125,
       0.5625, 0.5, 0.921875, 0.296875, 0.21875, 0.71875, 0.203125, 0.375,
       0.234375, 0.3125, 0.703125, 0.453125, 0.65625, 0.984375, 1.0,
       0.59375, 0.15625, 0.796875, 0.46875, 0.140625, 0.171875, 0.0625,
       0.890625, 0.1875, 0.09375, 0.28125, 0.625, 0.859375, 0.25, 0.671875,
       0.53125, 0.046875, 0.078125, 0.40625, 0.421875, 0.03125, 0.640625,
       0.015625, 0.578125, 0.265625, 0.75, 0.484375, 0.109375]), 'tneg': array([13, 13,  6,  7, 11, 11,  7, 11,  7, 11, 11, 13, 11, 10, 11,  5, 11,
        8,  6,  6,  2,  7,  7, 11,  5,  3, 10,  3,  6,  3,  5, 10,  7,  9,
       13, 13,  8,  3, 11,  7,  2,  3,  2, 11,  3,  2,  4,  8, 11,  3, 10,
        7,  1,  2,  6,  7,  1,  9,  0,  7,  4, 11,  7,  2]), 'fpos': array([ 0,  0,  7,  6,  2,  2,  6,  2,  6,  2,  2,  0,  2,  3,  2,  8,  2,
        5,  7,  7, 11,  6,  6,  2,  8, 10,  3, 10,  7, 10,  8,  3,  6,  4,
        0,  0,  5, 10,  2,  6, 11, 10, 11,  2, 10, 11,  9,  5,  2, 10,  3,
        6, 12, 11,  7,  6, 12,  4, 13,  6,  9,  2,  6, 11]), 'threshold': [0.93044245534346248, 0.88622700620576411, 0.049024024099336753, 0.12008504211765902, 0.62800735757447723, 0.65067169616739517, 0.10384379017716926, 0.67360461195116672, 0.078233342750738663, 0.68736613268757774, 0.58432066014637807, 0.92845255642152924, 0.49505163911401706, 0.32647772829554622, 0.53337294256366208, 0.04307304944705808, 0.70662415752866459, 0.22280555324221033, 0.048618913529969152, 0.06367566273587387, 0.014372697532715728, 0.12797290752656515, 0.0899222454890381, 0.801229292436065, 0.035700891139323884, 0.022309596022391825, 0.36818028341231268, 0.021400876474162063, 0.058573410148787045, 0.023252310739535979, 0.043020389778050228, 0.34693720705892245, 0.079993215836166295, 0.2671765155811292, 0.93180455619993496, 0.9671280423897255, 0.16438939365010172, 0.018269266647427403, 0.58930654989083986, 0.088453539773375126, 0.01470584239475327, 0.019288511161149324, 0.012165235695079192, 0.68982042355367146, 0.019571446424136281, 0.013316281603055653, 0.030601916391925454, 0.23951194847897023, 0.68434564581377078, 0.025559935620797478, 0.30951903289188504, 0.10957666812855788, 0.0048750026379693577, 0.012751762567585114, 0.070567935125041489, 0.07569635346693647, 0.0032694345118612707, 0.24723424032048325, 0.0015105015186830475, 0.1619396329784901, 0.02818184027093832, 0.52288647256747811, 0.089363230916866224, 0.013836456271751301], 'fneg': array([3, 3, 0, 1, 3, 3, 1, 3, 1, 3, 3, 3, 3, 2, 3, 0, 3, 1, 0, 0, 0, 1, 1,
       3, 0, 0, 2, 0, 0, 0, 0, 2, 1, 2, 3, 3, 1, 0, 3, 1, 0, 0, 0, 3, 0, 0,
       0, 1, 3, 0, 2, 1, 0, 0, 0, 1, 0, 1, 0, 1, 0, 3, 1, 0]), 'sensitivity': array([1, 1, 1, 1, 1, 1, 1, 1, 1, 1, 1, 1, 1, 1, 1, 1, 1, 1, 1, 1, 1, 1, 1,
       1, 1, 1, 1, 1, 1, 1, 1, 1, 1, 1, 1, 1, 1, 1, 1, 1, 1, 1, 1, 1, 1, 1,
       1, 1, 1, 1, 1, 1, 1, 1, 1, 1, 1, 1, 1, 1, 1, 1, 1, 1]), 'tpos': array([0, 0, 3, 2, 0, 0, 2, 0, 2, 0, 0, 0, 0, 1, 0, 3, 0, 2, 3, 3, 3, 2, 2,
       0, 3, 3, 1, 3, 3, 3, 3, 1, 2, 1, 0, 0, 2, 3, 0, 2, 3, 3, 3, 0, 3, 3,
       3, 2, 0, 3, 1, 2, 3, 3, 3, 2, 3, 2, 3, 2, 3, 0, 2, 3])}, {'specificity': array([0.875, 0.671875, 0.8125, 0.96875, 0.953125, 0.109375, 0.5, 0.890625,
       0.578125, 0.765625, 0.03125, 0.75, 0.65625, 0.84375, 0.6875,
       0.265625, 0.78125, 0.859375, 0.796875, 0.53125, 0.0625, 0.484375,
       0.140625, 0.9375, 0.203125, 0.046875, 0.375, 0.609375, 0.390625,
       0.296875, 0.21875, 0.25, 0.078125, 0.90625, 0.921875, 0.984375, 1.0,
       0.359375, 0.40625, 0.03125, 0.1875, 0.453125, 0.28125, 0.34375,
       0.71875, 0.421875, 0.09375, 0.5625, 0.15625, 0.640625, 0.546875,
       0.4375, 0.515625, 0.234375, 0.171875, 0.703125, 0.328125, 0.3125,
       0.625, 0.46875, 0.59375, 0.734375, 0.828125, 0.125]), 'tneg': array([0, 0, 0, 0, 0, 0, 0, 0, 0, 0, 0, 0, 0, 0, 0, 0, 0, 0, 0, 0, 0, 0, 0,
       0, 0, 0, 0, 0, 0, 0, 0, 0, 0, 0, 0, 0, 0, 0, 0, 0, 0, 0, 0, 0, 0, 0,
       0, 0, 0, 0, 0, 0, 0, 0, 0, 0, 0, 0, 0, 0, 0, 0, 0, 0]), 'fpos': array([11, 11, 11, 11, 11, 11, 11, 11, 11, 11, 11, 11, 11, 11, 11, 11, 11,
       11, 11, 11, 11, 11, 11, 11, 11, 11, 11, 11, 11, 11, 11, 11, 11, 11,
       11, 11, 11, 11, 11, 11, 11, 11, 11, 11, 11, 11, 11, 11, 11, 11, 11,
       11, 11, 11, 11, 11, 11, 11, 11, 11, 11, 11, 11, 11]), 'threshold': [0.34127891883352979, 0.19760025810168216, 0.28732902333223781, 0.58937970675421958, 0.49438728007224919, 0.14438297620308643, 0.17943732649094227, 0.34672719563980942, 0.18856722989430799, 0.23770119514587432, 0.141562559461475, 0.23432601172334494, 0.19615393523531577, 0.30556291082787806, 0.19887766296715045, 0.15303342785101703, 0.24439909041435465, 0.34117283416510052, 0.26867389700563649, 0.17985656241855727, 0.14189218152213967, 0.17639959583659393, 0.14586449811271993, 0.47235609878514356, 0.15102903784343641, 0.1418825040953442, 0.16658537672187715, 0.19014697887499707, 0.1670843419942884, 0.15886688218095829, 0.15188527945356123, 0.15289605746587548, 0.14221694691711281, 0.34725927183648275, 0.37044258134021629, 0.61985258791688025, 0.7164357375802467, 0.16525485238040386, 0.17116899263548502, 0.141562559461475, 0.14971386637867351, 0.17343507129925531, 0.15381115418349869, 0.16106819548834853, 0.21243833727432049, 0.17126259418575027, 0.14236219834420172, 0.18774437230879906, 0.14702170393230313, 0.19458645726595433, 0.18371193656357227, 0.17300311178563613, 0.17943975716872601, 0.1521483373307049, 0.14863000746926519, 0.20876363636263634, 0.15912467539062158, 0.15908819795730139, 0.19106922342451899, 0.17499029743632397, 0.18885350636092638, 0.21320700428637512, 0.28982651519027075, 0.14476749715592316], 'fneg': array([0, 0, 0, 0, 0, 0, 0, 0, 0, 0, 0, 0, 0, 0, 0, 0, 0, 0, 0, 0, 0, 0, 0,
       0, 0, 0, 0, 0, 0, 0, 0, 0, 0, 0, 0, 0, 0, 0, 0, 0, 0, 0, 0, 0, 0, 0,
       0, 0, 0, 0, 0, 0, 0, 0, 0, 0, 0, 0, 0, 0, 0, 0, 0, 0]), 'sensitivity': array([1, 1, 1, 1, 1, 1, 1, 1, 1, 1, 1, 1, 1, 1, 1, 1, 1, 1, 1, 1, 1, 1, 1,
       1, 1, 1, 1, 1, 1, 1, 1, 1, 1, 1, 1, 1, 1, 1, 1, 1, 1, 1, 1, 1, 1, 1,
       1, 1, 1, 1, 1, 1, 1, 1, 1, 1, 1, 1, 1, 1, 1, 1, 1, 1]), 'tpos': array([5, 5, 5, 5, 5, 5, 5, 5, 5, 5, 5, 5, 5, 5, 5, 5, 5, 5, 5, 5, 5, 5, 5,
       5, 5, 5, 5, 5, 5, 5, 5, 5, 5, 5, 5, 5, 5, 5, 5, 5, 5, 5, 5, 5, 5, 5,
       5, 5, 5, 5, 5, 5, 5, 5, 5, 5, 5, 5, 5, 5, 5, 5, 5, 5])}, {'specificity': array([0.87692308, 0.63076923, 0.70769231, 0.95384615, 0.21538462,
       0.38461538, 0.75384615, 0.86153846, 0.2, 0.73846154, 0.49230769,
       0.67692308, 0.98461538, 0.78461538, 0.89230769, 0.83076923,
       0.50769231, 0.16923077, 0.55384615, 0.47692308, 0.23076923,
       0.030769231, 0.81538462, 0.69230769, 0.92307692, 0.046153846,
       0.32307692, 0.24615385, 0.35384615, 0.52307692, 0.58461538,
       0.44615385, 0.46153846, 0.26153846, 0.8, 0.93846154, 1.0,
       0.96923077, 0.56923077, 0.90769231, 0.076923077, 0.10769231,
       0.092307692, 0.4, 0.43076923, 0.36923077, 0.12307692, 0.015384615,
       0.61538462, 0.18461538, 0.72307692, 0.84615385, 0.15384615,
       0.30769231, 0.41538462, 0.13846154, 0.64615385, 0.53846154,
       0.29230769, 0.27692308, 0.6, 0.66153846, 0.76923077, 0.33846154,
       0.061538462]), 'tneg': array([0, 0, 0, 0, 0, 0, 0, 0, 0, 0, 0, 0, 0, 0, 0, 0, 0, 0, 0, 0, 0, 0, 0,
       0, 0, 0, 0, 0, 0, 0, 0, 0, 0, 0, 0, 0, 0, 0, 0, 0, 0, 0, 0, 0, 0, 0,
       0, 0, 0, 0, 0, 0, 0, 0, 0, 0, 0, 0, 0, 0, 0, 0, 0, 0, 0]), 'fpos': array([11, 11, 11, 11, 11, 11, 11, 11, 11, 11, 11, 11, 11, 11, 11, 11, 11,
       11, 11, 11, 11, 11, 11, 11, 11, 11, 11, 11, 11, 11, 11, 11, 11, 11,
       11, 11, 11, 11, 11, 11, 11, 11, 11, 11, 11, 11, 11, 11, 11, 11, 11,
       11, 11, 11, 11, 11, 11, 11, 11, 11, 11, 11, 11, 11, 11]), 'threshold': [0.38232083891722807, 0.20344531547670941, 0.24732901726480364, 0.61993356610690531, 0.12742799057486218, 0.15029798464712363, 0.26349618063556079, 0.37396925653179142, 0.12716342368685185, 0.25148397539218204, 0.17182024130585477, 0.2296362909508827, 0.76952060747098094, 0.28540418833999293, 0.4107715797402029, 0.35121948257150987, 0.17190960480145578, 0.12446018460255641, 0.18318295258177461, 0.17109060697700837, 0.1297763315324329, 0.10460876891267315, 0.3479645188026026, 0.23518796480350154, 0.50843404744900678, 0.11151104688580478, 0.14376526668508857, 0.13512701782234182, 0.14758919112823341, 0.17759950053138909, 0.18932489397868804, 0.16383239547605566, 0.16739971050461699, 0.13651241979084322, 0.32361144765343181, 0.60293260061243614, 0.80501181730096505, 0.69871382239756763, 0.18613733245440678, 0.44349245203817711, 0.11499211022504198, 0.12060173482398083, 0.11796313198034952, 0.15179589387634987, 0.16329633100066379, 0.14877377176514081, 0.1213686645691609, 0.098299042615801621, 0.19592117699470463, 0.12540598330153277, 0.25139084149089269, 0.36587462218591577, 0.12378752346859229, 0.14346956548733275, 0.1531662912560661, 0.12187306691792189, 0.20371042499865041, 0.18006603841350849, 0.14245431053171775, 0.13960655966484586, 0.19434120596934218, 0.22855278199894327, 0.28255262866515246, 0.14694280350010258, 0.11427279836670534], 'fneg': array([0, 0, 0, 0, 0, 0, 0, 0, 0, 0, 0, 0, 0, 0, 0, 0, 0, 0, 0, 0, 0, 0, 0,
       0, 0, 0, 0, 0, 0, 0, 0, 0, 0, 0, 0, 0, 0, 0, 0, 0, 0, 0, 0, 0, 0, 0,
       0, 0, 0, 0, 0, 0, 0, 0, 0, 0, 0, 0, 0, 0, 0, 0, 0, 0, 0]), 'sensitivity': array([1, 1, 1, 1, 1, 1, 1, 1, 1, 1, 1, 1, 1, 1, 1, 1, 1, 1, 1, 1, 1, 1, 1,
       1, 1, 1, 1, 1, 1, 1, 1, 1, 1, 1, 1, 1, 1, 1, 1, 1, 1, 1, 1, 1, 1, 1,
       1, 1, 1, 1, 1, 1, 1, 1, 1, 1, 1, 1, 1, 1, 1, 1, 1, 1, 1]), 'tpos': array([4, 4, 4, 4, 4, 4, 4, 4, 4, 4, 4, 4, 4, 4, 4, 4, 4, 4, 4, 4, 4, 4, 4,
       4, 4, 4, 4, 4, 4, 4, 4, 4, 4, 4, 4, 4, 4, 4, 4, 4, 4, 4, 4, 4, 4, 4,
       4, 4, 4, 4, 4, 4, 4, 4, 4, 4, 4, 4, 4, 4, 4, 4, 4, 4, 4])}], <Model object at 0x0000000000000D60>)
#adalasso
([{'specificity': array([0.71875, 0.21875, 0.84375, 0.921875, 1.0, 0.21875, 0.375, 0.65625,
       0.625, 0.28125, 0.21875, 0.78125, 0.578125, 0.3125, 0.21875, 0.8125,
       0.859375, 0.40625, 0.640625, 0.21875, 0.328125, 0.546875, 0.75,
       0.21875, 0.59375, 0.46875, 0.828125, 0.734375, 0.421875, 0.265625,
       0.609375, 0.34375, 0.671875, 0.390625, 0.21875, 0.21875, 0.875,
       0.890625, 0.90625, 1.0, 0.21875, 1.0, 0.765625, 0.21875, 0.453125,
       0.21875, 0.6875, 0.515625, 0.5, 0.25, 0.21875, 0.796875, 1.0,
       0.359375, 0.5625, 0.703125, 0.21875, 0.234375, 0.296875, 0.53125,
       0.4375, 0.484375, 1.0, 0.21875]), 'tneg': array([13,  5, 13, 13, 13,  5,  8, 12, 12,  6,  5, 13, 12,  7,  5, 13, 13,
        8, 12,  5,  7, 12, 13,  5, 12,  9, 13, 13,  9,  5, 12,  7, 12,  8,
        5,  5, 13, 13, 13, 13,  5, 13, 13,  5,  9,  5, 12, 10, 10,  5,  5,
       13, 13,  8, 12, 13,  5,  5,  6, 10,  9, 10, 13,  5]), 'fpos': array([0, 8, 0, 0, 0, 8, 5, 1, 1, 7, 8, 0, 1, 6, 8, 0, 0, 5, 1, 8, 6, 1, 0,
       8, 1, 4, 0, 0, 4, 8, 1, 6, 1, 5, 8, 8, 0, 0, 0, 0, 8, 0, 0, 8, 4, 8,
       1, 3, 3, 8, 8, 0, 0, 5, 1, 0, 8, 8, 7, 3, 4, 3, 0, 8]), 'threshold': [0.26344879107918628, 0.26290810273145643, 0.26367289677272349, 0.2637172442188539, 0.26371747998011241, 0.26290810273145643, 0.26291309330370088, 0.26320619245640098, 0.26320268473186037, 0.26290843748277531, 0.26290810273145643, 0.2635311994870862, 0.26312560167720811, 0.26290858221833391, 0.26290810273145643, 0.2635951931479063, 0.26368600097270367, 0.26293031496540226, 0.26320502402071361, 0.26290810273145643, 0.26290875282847154, 0.26306245701340919, 0.2634706699245466, 0.26290810273145643, 0.26314918331778153, 0.26295365811394478, 0.26367090801036341, 0.26346207758988094, 0.26293070957297227, 0.26290833641048833, 0.26316997250044999, 0.26290895497327654, 0.26325160543430282, 0.26293029555848235, 0.26290810273145643, 0.26290810273145643, 0.26370488760162619, 0.26371663739754264, 0.26371709190581039, 0.26371747998011241, 0.26290810273145643, 0.26371747998011241, 0.26352591632763356, 0.26290810273145643, 0.26295225346028872, 0.26290810273145643, 0.26327356035233662, 0.26300507321443822, 0.26299894602220192, 0.26290832832470645, 0.26290810273145643, 0.26357214303940063, 0.26371747998011241, 0.26291252244124846, 0.26306917565101928, 0.26340377964499617, 0.26290810273145643, 0.2629082086551533, 0.26290848761463897, 0.26302852416000716, 0.2629410932258725, 0.26297388746111966, 0.26371747998011241, 0.26290810273145643], 'fneg': array([3, 0, 4, 4, 4, 0, 0, 2, 2, 0, 0, 3, 2, 0, 0, 4, 4, 1, 2, 0, 0, 2, 3,
       0, 2, 1, 4, 3, 1, 0, 2, 0, 3, 1, 0, 0, 4, 4, 4, 4, 0, 4, 3, 0, 1, 0,
       3, 2, 2, 0, 0, 3, 4, 0, 2, 3, 0, 0, 0, 2, 1, 1, 4, 0]), 'sensitivity': array([1, 1, 1, 1, 1, 1, 1, 1, 1, 1, 1, 1, 1, 1, 1, 1, 1, 1, 1, 1, 1, 1, 1,
       1, 1, 1, 1, 1, 1, 1, 1, 1, 1, 1, 1, 1, 1, 1, 1, 1, 1, 1, 1, 1, 1, 1,
       1, 1, 1, 1, 1, 1, 1, 1, 1, 1, 1, 1, 1, 1, 1, 1, 1, 1]), 'tpos': array([1, 4, 0, 0, 0, 4, 4, 2, 2, 4, 4, 1, 2, 4, 4, 0, 0, 3, 2, 4, 4, 2, 1,
       4, 2, 3, 0, 1, 3, 4, 2, 4, 1, 3, 4, 4, 0, 0, 0, 0, 4, 0, 1, 4, 3, 4,
       1, 2, 2, 4, 4, 1, 0, 4, 2, 1, 4, 4, 4, 2, 3, 3, 0, 4])}, {'specificity': array([0.78461538, 0.76923077, 0.96923077, 0.98461538, 0.93846154,
       0.38461538, 0.75384615, 0.66153846, 0.076923077, 0.83076923,
       0.63076923, 0.70769231, 0.36923077, 0.86153846, 0.030769231,
       0.12307692, 0.44615385, 0.8, 0.52307692, 0.2, 0.73846154,
       0.72307692, 0.84615385, 0.32307692, 0.41538462, 0.53846154,
       0.27692308, 0.10769231, 0.64615385, 0.87692308, 0.90769231,
       0.95384615, 1.0, 0.26153846, 0.50769231, 0.69230769, 0.015384615,
       0.23076923, 0.24615385, 0.15384615, 0.4, 0.33846154, 0.46153846,
       0.58461538, 0.092307692, 0.81538462, 0.55384615, 0.29230769,
       0.89230769, 0.30769231, 0.67692308, 0.56923077, 0.6, 0.35384615,
       0.13846154, 0.43076923, 0.61538462, 0.21538462, 0.18461538,
       0.061538462, 0.49230769, 0.92307692, 0.47692308, 0.16923077,
       0.046153846]), 'tneg': array([ 9,  9, 11, 11, 10,  3,  9,  8,  1,  9,  8,  9,  3,  9,  1,  2,  4,
        9,  6,  2,  9,  9,  9,  3,  4,  6,  2,  1,  8, 10, 10, 10, 11,  2,
        5,  9,  0,  2,  2,  2,  4,  3,  5,  6,  1,  9,  6,  2, 10,  2,  9,
        6,  6,  3,  2,  4,  7,  2,  2,  1,  5, 10,  5,  2,  1]), 'fpos': array([ 2,  2,  0,  0,  1,  8,  2,  3, 10,  2,  3,  2,  8,  2, 10,  9,  7,
        2,  5,  9,  2,  2,  2,  8,  7,  5,  9, 10,  3,  1,  1,  1,  0,  9,
        6,  2, 11,  9,  9,  9,  7,  8,  6,  5, 10,  2,  5,  9,  1,  9,  2,
        5,  5,  8,  9,  7,  4,  9,  9, 10,  6,  1,  6,  9, 10]), 'threshold': [0.28374862827314112, 0.28182589795522217, 0.38892421749174444, 0.39325249983103483, 0.37541223684946085, 0.22272997448172391, 0.26518082164986173, 0.25282785532492535, 0.20145396269574498, 0.2891805647347091, 0.25075412218592835, 0.26103780149520367, 0.21858938957514737, 0.29341444084828705, 0.19449732990790636, 0.20513943528746928, 0.22964401646127416, 0.28485063271388855, 0.24068580461272154, 0.20714232125937176, 0.26496868472581703, 0.26279967135956178, 0.28937731023008162, 0.21627591228519494, 0.22846637558685307, 0.24125859570108363, 0.21174884949539508, 0.20360987015055218, 0.2508769341483385, 0.3034136187298544, 0.30638154548117807, 0.37859937760232321, 0.40114037194812918, 0.21054250463553451, 0.23299066261752593, 0.25858748194165021, 0.19208317305599768, 0.20812530769033696, 0.20890811794927999, 0.20666389582681247, 0.22359008799292376, 0.21627609271180842, 0.23081022569076398, 0.24252388264072053, 0.20333470342911272, 0.28492241280053343, 0.24152934917632177, 0.21183858689041873, 0.30428385954014459, 0.21273499426691869, 0.25558349126337754, 0.24250589271160275, 0.24478369807855621, 0.21767096501408356, 0.20517258872974922, 0.22946385245878509, 0.2467426041230659, 0.20765431362050785, 0.20711172928196037, 0.19826436897347458, 0.23279256054876318, 0.32695023129629641, 0.23125003970210017, 0.20706815354098548, 0.19609677310454285], 'fneg': array([4, 4, 4, 4, 4, 1, 4, 4, 1, 4, 4, 4, 1, 4, 0, 1, 1, 4, 4, 1, 4, 4, 4,
       1, 1, 4, 1, 1, 4, 4, 4, 4, 5, 1, 3, 4, 0, 1, 1, 1, 1, 1, 2, 4, 1, 4,
       4, 1, 4, 1, 4, 4, 4, 1, 1, 1, 4, 1, 1, 0, 3, 4, 2, 1, 0]), 'sensitivity': array([1, 1, 1, 1, 1, 1, 1, 1, 1, 1, 1, 1, 1, 1, 1, 1, 1, 1, 1, 1, 1, 1, 1,
       1, 1, 1, 1, 1, 1, 1, 1, 1, 1, 1, 1, 1, 1, 1, 1, 1, 1, 1, 1, 1, 1, 1,
       1, 1, 1, 1, 1, 1, 1, 1, 1, 1, 1, 1, 1, 1, 1, 1, 1, 1, 1]), 'tpos': array([1, 1, 1, 1, 1, 4, 1, 1, 4, 1, 1, 1, 4, 1, 5, 4, 4, 1, 1, 4, 1, 1, 1,
       4, 4, 1, 4, 4, 1, 1, 1, 1, 0, 4, 2, 1, 5, 4, 4, 4, 4, 4, 3, 1, 4, 1,
       1, 4, 1, 4, 1, 1, 1, 4, 4, 4, 1, 4, 4, 5, 2, 1, 3, 4, 5])}, {'specificity': array([0.87692308, 0.90769231, 0.96923077, 0.50769231, 0.6, 0.92307692,
       0.53846154, 0.69230769, 0.83076923, 0.84615385, 0.78461538, 0.8,
       0.29230769, 0.18461538, 0.27692308, 0.16923077, 0.092307692,
       0.47692308, 0.076923077, 0.30769231, 0.81538462, 0.89230769,
       0.030769231, 0.24615385, 0.75384615, 0.33846154, 0.015384615,
       0.10769231, 0.56923077, 0.46153846, 0.58461538, 0.95384615,
       0.98461538, 1.0, 0.93846154, 0.67692308, 0.73846154, 0.13846154,
       0.64615385, 0.061538462, 0.43076923, 0.49230769, 0.32307692,
       0.36923077, 0.63076923, 0.26153846, 0.23076923, 0.046153846,
       0.76923077, 0.86153846, 0.52307692, 0.21538462, 0.35384615,
       0.38461538, 0.4, 0.66153846, 0.2, 0.41538462, 0.70769231,
       0.72307692, 0.15384615, 0.12307692, 0.61538462, 0.55384615,
       0.44615385]), 'tneg': array([11, 11, 12,  7,  7, 12,  7,  9, 11, 11,  9,  9,  3,  1,  3,  1,  0,
        7,  0,  3,  9, 11,  0,  1,  9,  3,  0,  0,  7,  5,  7, 12, 12, 12,
       12,  9,  9,  0,  7,  0,  5,  7,  3,  4,  7,  3,  1,  0,  9, 11,  7,
        1,  4,  5,  5,  7,  1,  5,  9,  9,  1,  0,  7,  7,  5]), 'fpos': array([ 1,  1,  0,  5,  5,  0,  5,  3,  1,  1,  3,  3,  9, 11,  9, 11, 12,
        5, 12,  9,  3,  1, 12, 11,  3,  9, 12, 12,  5,  7,  5,  0,  0,  0,
        0,  3,  3, 12,  5, 12,  7,  5,  9,  8,  5,  9, 11, 12,  3,  1,  5,
       11,  8,  7,  7,  5, 11,  7,  3,  3, 11, 12,  5,  5,  7]), 'threshold': [0.4274692989021518, 0.45415976572191286, 0.50828259191663616, 0.2625990627527639, 0.28638381911648209, 0.46803487070733057, 0.26782348574066173, 0.32631441342940304, 0.37059228424785851, 0.3989859665097753, 0.35095616387386086, 0.35536477676199524, 0.1904620419696034, 0.17659884334267234, 0.18354328019645505, 0.16816971699094802, 0.15344949275800549, 0.26115268856351603, 0.14875089457496049, 0.20083924285362173, 0.35726711769909242, 0.44916957711794026, 0.13706460358330588, 0.17958324785067589, 0.34970020258554618, 0.20244213428154623, 0.12789190988346544, 0.15502279562384672, 0.27280551941398906, 0.25859682449800614, 0.28153737275924107, 0.50410333539893526, 0.53666218541256172, 0.55468665180333321, 0.47900257346109787, 0.31919385690441399, 0.33286669566235144, 0.16345025254994289, 0.29461145088561747, 0.14528033665481949, 0.24641314252593455, 0.26123265066185858, 0.2017437313375752, 0.23233140495521321, 0.29382472136209487, 0.18311807284046089, 0.17873497181096706, 0.13742002367779641, 0.35005574453256405, 0.41615313594301595, 0.26581391379374419, 0.17810899638466024, 0.22018875588136982, 0.23879335011228944, 0.2393599140863116, 0.29673294287404617, 0.17701739624287946, 0.24061643992211107, 0.3276400649828381, 0.32780087518866013, 0.16607060884856317, 0.1632978681236377, 0.2928340783518969, 0.26785393335075469, 0.25657330156868186], 'fneg': array([4, 4, 4, 2, 3, 4, 2, 3, 3, 3, 3, 3, 0, 0, 0, 0, 0, 2, 0, 0, 3, 4, 0,
       0, 3, 0, 0, 0, 2, 2, 3, 4, 4, 4, 4, 3, 3, 0, 3, 0, 2, 2, 0, 1, 3, 0,
       0, 0, 3, 4, 2, 0, 0, 2, 2, 3, 0, 2, 3, 3, 0, 0, 3, 2, 2]), 'sensitivity': array([1, 1, 1, 1, 1, 1, 1, 1, 1, 1, 1, 1, 1, 1, 1, 1, 1, 1, 1, 1, 1, 1, 1,
       1, 1, 1, 1, 1, 1, 1, 1, 1, 1, 1, 1, 1, 1, 1, 1, 1, 1, 1, 1, 1, 1, 1,
       1, 1, 1, 1, 1, 1, 1, 1, 1, 1, 1, 1, 1, 1, 1, 1, 1, 1, 1]), 'tpos': array([0, 0, 0, 2, 1, 0, 2, 1, 1, 1, 1, 1, 4, 4, 4, 4, 4, 2, 4, 4, 1, 0, 4,
       4, 1, 4, 4, 4, 2, 2, 1, 0, 0, 0, 0, 1, 1, 4, 1, 4, 2, 2, 4, 3, 1, 4,
       4, 4, 1, 0, 2, 4, 4, 2, 2, 1, 4, 2, 1, 1, 4, 4, 1, 2, 2])}, {'specificity': array([0.83076923, 0.78461538, 0.90769231, 0.8, 0.96923077, 0.95384615,
       0.26153846, 0.30769231, 0.73846154, 0.33846154, 0.21538462,
       0.67692308, 0.41538462, 0.92307692, 0.87692308, 0.76923077,
       0.86153846, 0.72307692, 0.69230769, 0.61538462, 0.44615385,
       0.35384615, 0.63076923, 0.2, 0.66153846, 0.53846154, 0.84615385,
       0.46153846, 0.12307692, 0.52307692, 0.64615385, 0.50769231,
       0.43076923, 0.93846154, 0.98461538, 1.0, 0.81538462, 0.47692308,
       0.061538462, 0.030769231, 0.29230769, 0.24615385, 0.15384615,
       0.046153846, 0.015384615, 0.076923077, 0.23076923, 0.70769231,
       0.75384615, 0.13846154, 0.32307692, 0.6, 0.36923077, 0.58461538,
       0.49230769, 0.38461538, 0.10769231, 0.092307692, 0.4, 0.56923077,
       0.16923077, 0.55384615, 0.89230769, 0.18461538, 0.27692308]), 'tneg': array([8, 8, 9, 8, 9, 9, 4, 4, 6, 4, 4, 6, 4, 9, 8, 8, 8, 6, 6, 5, 4, 4, 5,
       4, 5, 5, 8, 4, 2, 4, 5, 4, 4, 9, 9, 9, 8, 4, 2, 0, 4, 4, 2, 0, 0, 2,
       4, 6, 8, 2, 4, 5, 4, 5, 4, 4, 2, 2, 4, 5, 2, 5, 9, 2, 4]), 'fpos': array([1, 1, 0, 1, 0, 0, 5, 5, 3, 5, 5, 3, 5, 0, 1, 1, 1, 3, 3, 4, 5, 5, 4,
       5, 4, 4, 1, 5, 7, 5, 4, 5, 5, 0, 0, 0, 1, 5, 7, 9, 5, 5, 7, 9, 9, 7,
       5, 3, 1, 7, 5, 4, 5, 4, 5, 5, 7, 7, 5, 4, 7, 4, 0, 7, 5]), 'threshold': [0.30385389123958478, 0.27838663032158245, 0.35841221813085306, 0.28047664882689954, 0.54713496206909173, 0.37484632755919323, 0.14202908618528864, 0.14877996669309951, 0.21896737724243601, 0.15012008867996191, 0.13878898559590869, 0.20674104643264465, 0.15639020417138327, 0.36128452544220446, 0.32366365772976308, 0.26296126390088226, 0.31802788180647767, 0.21146198947436876, 0.20977640571972928, 0.18804099834163396, 0.15811031437588682, 0.15016328730810097, 0.19049193192300568, 0.13738587261935736, 0.19761572749924464, 0.17282590479949758, 0.30695676818256112, 0.15840700998363291, 0.13276598501308359, 0.16732631043044152, 0.19287506618684905, 0.16699120117204205, 0.15777039107221919, 0.36332402791986046, 0.55542897285293336, 0.6823710847132991, 0.29686202793633348, 0.15936268825835853, 0.13136648755516631, 0.1205903599044436, 0.14805965516383152, 0.14151934890005188, 0.1349637832363379, 0.12812525630026186, 0.11973118095225013, 0.1314478984406916, 0.13955552298744198, 0.2102631765676401, 0.25876781815740907, 0.13444930567554228, 0.1499110497405966, 0.18706936759552048, 0.15224592679581867, 0.17653973297842893, 0.16407856118691727, 0.15266034578240006, 0.13267942011712908, 0.13219930820068704, 0.15399149166623377, 0.17382947159697049, 0.13524452801511491, 0.17378515965954017, 0.34696202321504632, 0.13529653246188642, 0.14297725439420431], 'fneg': array([5, 5, 5, 5, 7, 5, 0, 1, 5, 1, 0, 5, 1, 5, 5, 5, 5, 5, 5, 4, 1, 1, 4,
       0, 5, 3, 5, 1, 0, 2, 4, 2, 1, 5, 7, 7, 5, 1, 0, 0, 1, 0, 0, 0, 0, 0,
       0, 5, 5, 0, 1, 4, 1, 3, 2, 1, 0, 0, 1, 3, 0, 3, 5, 0, 0]), 'sensitivity': array([1, 1, 1, 1, 1, 1, 1, 1, 1, 1, 1, 1, 1, 1, 1, 1, 1, 1, 1, 1, 1, 1, 1,
       1, 1, 1, 1, 1, 1, 1, 1, 1, 1, 1, 1, 1, 1, 1, 1, 1, 1, 1, 1, 1, 1, 1,
       1, 1, 1, 1, 1, 1, 1, 1, 1, 1, 1, 1, 1, 1, 1, 1, 1, 1, 1]), 'tpos': array([2, 2, 2, 2, 0, 2, 7, 6, 2, 6, 7, 2, 6, 2, 2, 2, 2, 2, 2, 3, 6, 6, 3,
       7, 2, 4, 2, 6, 7, 5, 3, 5, 6, 2, 0, 0, 2, 6, 7, 7, 6, 7, 7, 7, 7, 7,
       7, 2, 2, 7, 6, 3, 6, 4, 5, 6, 7, 7, 6, 4, 7, 4, 2, 7, 7])}, {'specificity': array([0.86153846, 0.76923077, 0.75384615, 1.0, 0.98461538, 0.18461538,
       0.64615385, 0.83076923, 0.69230769, 0.12307692, 0.72307692, 0.8,
       0.6, 0.12307692, 0.78461538, 0.84615385, 0.93846154, 0.92307692,
       0.32307692, 0.58461538, 0.41538462, 0.70769231, 0.81538462,
       0.95384615, 0.26153846, 0.44615385, 0.53846154, 0.61538462,
       0.38461538, 0.52307692, 0.24615385, 0.12307692, 0.87692308,
       0.89230769, 0.90769231, 0.96923077, 0.12307692, 0.63076923,
       0.56923077, 0.50769231, 0.12307692, 0.16923077, 0.12307692,
       0.12307692, 0.55384615, 0.43076923, 0.33846154, 0.35384615, 0.2,
       0.4, 0.29230769, 0.67692308, 0.49230769, 0.27692308, 0.30769231,
       0.46153846, 0.47692308, 0.21538462, 0.13846154, 0.15384615,
       0.66153846, 0.73846154, 0.36923077, 0.23076923, 0.12307692]), 'tneg': array([12, 11, 11, 12, 12,  2,  8, 12,  9,  0,  9, 12,  8,  0, 12, 12, 12,
       12,  2,  8,  6,  9, 12, 12,  2,  7,  8,  8,  6,  8,  2,  0, 12, 12,
       12, 12,  0,  8,  8,  8,  0,  2,  0,  0,  8,  7,  3,  3,  2,  6,  2,
        9,  8,  2,  2,  8,  8,  2,  0,  2,  8, 11,  5,  2,  0]), 'fpos': array([ 1,  2,  2,  1,  1, 11,  5,  1,  4, 13,  4,  1,  5, 13,  1,  1,  1,
        1, 11,  5,  7,  4,  1,  1, 11,  6,  5,  5,  7,  5, 11, 13,  1,  1,
        1,  1, 13,  5,  5,  5, 13, 11, 13, 13,  5,  6, 10, 10, 11,  7, 11,
        4,  5, 11, 11,  5,  5, 11, 13, 11,  5,  2,  8, 11, 13]), 'threshold': [0.33843962518820331, 0.29447382112438003, 0.28474317800140259, 0.62456284212331026, 0.58706817791063048, 0.2094074775076204, 0.2440484770821634, 0.33592910745643889, 0.25631546356492907, 0.20872627283674222, 0.26083531573434471, 0.31199044669177728, 0.23427997349321247, 0.20872627283674222, 0.31136055885327513, 0.33629783918452366, 0.3952276693712965, 0.38562678055172178, 0.21088900237881356, 0.23425107384085242, 0.21939178236950302, 0.25918211968637772, 0.31358946078640315, 0.49115426650861338, 0.21016410728073234, 0.22137527816205288, 0.23259467871615691, 0.23460450254946175, 0.21905179201369643, 0.2311451394327495, 0.21012800698314951, 0.20872627283674222, 0.34619369885209134, 0.35795281170166904, 0.36598270831010232, 0.58681138102779429, 0.20872627283674222, 0.23841286632647976, 0.23381491323726081, 0.2309443188852735, 0.20872627283674222, 0.20939677909831306, 0.20872627283674222, 0.20872627283674222, 0.23272982707358372, 0.22010095973052074, 0.21174537813479147, 0.21183087800756645, 0.20959393885166469, 0.21937723003381771, 0.21078442997488045, 0.25553219227840901, 0.23044662445497538, 0.21057048843267692, 0.21079481178649309, 0.2247937170481101, 0.22762457481088474, 0.21001084430006553, 0.20873353056682692, 0.20914129829325406, 0.24531927209547025, 0.27553474572963027, 0.21683523767709015, 0.21004348807304452, 0.20872627283674222], 'fneg': array([2, 2, 2, 3, 3, 0, 1, 2, 1, 0, 1, 2, 1, 0, 2, 2, 3, 3, 0, 1, 1, 1, 2,
       3, 0, 1, 1, 1, 1, 1, 0, 0, 3, 3, 3, 3, 0, 1, 1, 1, 0, 0, 0, 0, 1, 1,
       0, 0, 0, 1, 0, 1, 1, 0, 0, 1, 1, 0, 0, 0, 1, 2, 1, 0, 0]), 'sensitivity': array([1, 1, 1, 1, 1, 1, 1, 1, 1, 1, 1, 1, 1, 1, 1, 1, 1, 1, 1, 1, 1, 1, 1,
       1, 1, 1, 1, 1, 1, 1, 1, 1, 1, 1, 1, 1, 1, 1, 1, 1, 1, 1, 1, 1, 1, 1,
       1, 1, 1, 1, 1, 1, 1, 1, 1, 1, 1, 1, 1, 1, 1, 1, 1, 1, 1]), 'tpos': array([1, 1, 1, 0, 0, 3, 2, 1, 2, 3, 2, 1, 2, 3, 1, 1, 0, 0, 3, 2, 2, 2, 1,
       0, 3, 2, 2, 2, 2, 2, 3, 3, 0, 0, 0, 0, 3, 2, 2, 2, 3, 3, 3, 3, 2, 2,
       3, 3, 3, 2, 3, 2, 2, 3, 3, 2, 2, 3, 3, 3, 2, 1, 2, 3, 3])}], <Model object at 0x000000000000108C>)
