#logistic
([{'specificity': array([0.63157895, 0.80701754, 0.26315789, 0.59649123, 0.59649123,
       0.9122807, 0.26315789, 0.070175439, 0.71929825, 0.98245614,
       0.61403509, 0.66666667, 0.80701754, 0.98245614, 0.98245614,
       0.9122807, 0.59649123]), 'tneg': array([ 6,  6,  1,  4,  4,  7,  2,  0,  6,  9,  5,  6,  6,  9, 10,  8,  3]), 'fpos': array([ 4,  4,  9,  6,  6,  3,  8, 10,  4,  1,  5,  4,  4,  1,  0,  2,  7]), 'threshold': [0.10889193276016232, 0.79172516124457704, 0.0044796769058470035, 0.039196322589244471, 0.039196322589244471, 0.89992288906477813, 0.0044796769058470035, 0.0003785871057408913, 0.33976665441194503, 0.99198287793108464, 0.076513799911917202, 0.12429057075371953, 0.79172516124457704, 0.99198287793108464, 0.99198287793108464, 0.89992288906477813, 0.039196322589244471], 'fneg': array([1, 4, 0, 1, 0, 5, 0, 0, 3, 5, 1, 2, 5, 6, 6, 5, 0]), 'sensitivity': array([0.4, 0.0, 1.0, 0.4, 0.4, 0.0, 1.0, 1.0, 0.2, 0.0, 0.4, 0.2, 0.0,
       0.0, 0.0, 0.0, 0.4]), 'tpos': array([6, 3, 7, 6, 7, 2, 7, 7, 4, 2, 6, 5, 2, 1, 1, 2, 7])}, {'specificity': array([0.0, 0.90740741, 0.33333333, 0.68518519, 0.85185185, 0.0,
       0.68518519, 0.40740741, 0.77777778, 0.2962963, 0.055555556,
       0.44444444, 0.35185185, 0.98148148, 0.64814815, 0.53703704]), 'tneg': array([1, 9, 2, 8, 9, 0, 8, 4, 9, 1, 1, 5, 3, 9, 7, 6]), 'fpos': array([ 9,  1,  8,  2,  1, 10,  2,  6,  1,  9,  9,  5,  7,  1,  3,  4]), 'threshold': [0.97693257071724793, 0.82509824181484825, 0.034951593205841049, 0.42037443724308587, 0.74876272026243196, 0.97693257071724793, 0.42037443724308587, 0.061047482507374913, 0.57943407124827551, 0.030411469991007023, 0.0089672039851045795, 0.069904036927950705, 0.043119768141131783, 0.97693257071724793, 0.26205806454709524, 0.12346260206306553], 'fneg': array([0, 5, 2, 2, 4, 0, 3, 2, 3, 2, 1, 2, 2, 6, 2, 2]), 'sensitivity': array([1.0, 0.0, 0.88888889, 0.11111111, 0.0, 1.0, 0.11111111, 0.88888889,
       0.0, 0.88888889, 1.0, 0.88888889, 0.88888889, 0.0, 0.33333333,
       0.55555556]), 'tpos': array([6, 1, 4, 4, 2, 6, 3, 4, 3, 4, 5, 4, 4, 0, 4, 4])}, {'specificity': array([0.54385965, 0.73684211, 0.12280702, 0.24561404, 0.50877193,
       0.45614035, 0.54385965, 0.71929825, 0.70175439, 0.68421053,
       0.19298246, 0.40350877, 0.47368421, 0.19298246, 0.035087719]), 'tneg': array([7, 9, 1, 3, 6, 4, 7, 8, 7, 7, 1, 3, 5, 2, 0]), 'fpos': array([ 3,  1,  9,  7,  4,  6,  3,  2,  3,  3,  9,  7,  5,  8, 10]), 'threshold': [0.079404526371162243, 0.58152343360524261, 0.0025725499690420024, 0.0071700008927399871, 0.069186078682541161, 0.047675240644531942, 0.079404526371162243, 0.42896345949161985, 0.28048613530802657, 0.2458729311183121, 0.0049877278458392363, 0.026077707133936701, 0.049008491574149521, 0.0049877278458392363, 0.00066769544907284407], 'fneg': array([2, 5, 0, 1, 2, 2, 3, 5, 5, 4, 1, 2, 2, 1, 0]), 'sensitivity': array([0.71428571, 0.0, 0.85714286, 0.85714286, 0.71428571, 0.71428571,
       0.71428571, 0.0, 0.0, 0.0, 0.85714286, 0.71428571, 0.71428571,
       0.85714286, 1.0]), 'tpos': array([3, 0, 5, 4, 3, 3, 2, 0, 0, 1, 4, 3, 3, 4, 5])}, {'specificity': array([0.2, 0.89090909, 0.87272727, 0.65454545, 0.94545455, 0.2,
       0.65454545, 0.0, 0.50909091, 0.2, 0.98181818, 0.29090909,
       0.65454545, 0.47272727, 0.14545455, 0.61818182]), 'tneg': array([ 2, 10,  9,  6, 11,  3,  7,  0,  5,  1, 11,  4,  8,  5,  1,  5]), 'fpos': array([10,  2,  3,  6,  1,  9,  5, 12,  7, 11,  1,  8,  4,  7, 11,  7]), 'threshold': [0.04675923360359055, 0.81454741770630723, 0.77142702436544552, 0.3068301366140006, 0.92525359898110293, 0.04675923360359055, 0.31824584816106521, 0.99478240353532499, 0.10706325066864728, 0.04675923360359055, 0.99478240353532499, 0.052852960634681992, 0.31824584816106521, 0.087125097373912774, 0.046632127747238863, 0.15564238701837602], 'fneg': array([1, 3, 3, 3, 3, 1, 3, 0, 2, 1, 4, 1, 3, 1, 0, 3]), 'sensitivity': array([1.0, 0.0, 0.0, 0.5, 0.0, 1.0, 0.5, 1.0, 0.625, 1.0, 0.0, 1.0, 0.5,
       0.75, 1.0, 0.625]), 'tpos': array([3, 1, 1, 1, 1, 3, 1, 4, 2, 3, 0, 3, 1, 3, 4, 1])}, {'specificity': array([0.075471698, 0.16981132, 0.41509434, 0.16981132, 0.22641509,
       0.28301887, 0.45283019, 0.71698113, 0.45283019, 0.094339623,
       0.22641509, 0.35849057, 0.54716981, 0.18867925, 0.47169811]), 'tneg': array([ 0,  3,  9,  2,  6,  7, 11, 14, 10,  1,  5,  8, 13,  4, 12]), 'fpos': array([15, 12,  6, 13,  9,  8,  4,  1,  5, 14, 10,  7,  2, 11,  3]), 'threshold': [0.038228312844925338, 0.063087412415626376, 0.15582785709440608, 0.063087412415626376, 0.08018010381801223, 0.10014880178486582, 0.27029820980364905, 0.64193443100421521, 0.24502818132269688, 0.048134773888538776, 0.08018010381801223, 0.12813737237650186, 0.36030391737506917, 0.069613528865575605, 0.3091020591836372], 'fneg': array([0, 0, 0, 0, 0, 0, 0, 0, 0, 0, 0, 0, 0, 0, 0]), 'sensitivity': array([1.0, 0.90909091, 0.63636364, 0.90909091, 0.90909091, 0.72727273,
       0.54545455, 0.0, 0.54545455, 1.0, 0.90909091, 0.72727273,
       0.27272727, 0.90909091, 0.36363636]), 'tpos': array([0, 0, 0, 0, 0, 0, 0, 0, 0, 0, 0, 0, 0, 0, 0])}], <Model object at 0x00000000000003DC>)
#logistic
([{'specificity': array([0.31481481, 0.92592593, 0.48148148, 0.53703704, 0.59259259,
       0.31481481, 0.40740741, 0.0, 0.46296296, 0.35185185, 0.31481481,
       0.98148148, 0.055555556, 0.90740741, 0.83333333, 0.33333333,
       0.12962963]), 'tneg': array([ 5, 12,  9, 10, 11,  3,  7,  0,  8,  6,  4, 12,  1, 11, 11,  5,  2]), 'fpos': array([ 8,  1,  4,  3,  2, 10,  6, 13,  5,  7,  9,  1, 12,  2,  2,  8, 11]), 'threshold': [0.0096330833092725318, 0.99045600608215345, 0.04269394721433098, 0.054626220364720368, 0.072277088052654356, 0.0096330833092725318, 0.022484728544986766, 0.99990500161195273, 0.034428334659262615, 0.018343100162496098, 0.0096330833092725318, 0.99990500161195273, 0.0029324073516222471, 0.94086340885361064, 0.64662726860190356, 0.013590439176122458, 0.0054003367588257925], 'fneg': array([0, 3, 1, 1, 1, 0, 1, 0, 1, 1, 0, 4, 0, 3, 2, 1, 0]), 'sensitivity': array([1.0, 0.0, 1.0, 1.0, 0.77777778, 1.0, 1.0, 1.0, 1.0, 1.0, 1.0, 0.0,
       1.0, 0.0, 0.0, 1.0, 1.0]), 'tpos': array([4, 1, 3, 3, 3, 4, 3, 4, 3, 3, 4, 0, 4, 1, 2, 3, 4])}, {'specificity': array([0.52727273, 0.94545455, 0.32727273, 0.65454545, 0.67272727,
       0.36363636, 0.6, 0.41818182, 0.94545455, 0.87272727, 0.036363636,
       0.25454545, 0.58181818, 0.52727273, 0.65454545, 0.49090909]), 'tneg': array([ 6, 13,  2, 10, 11,  3,  8,  4, 12, 12,  0,  1,  7,  5,  9,  4]), 'fpos': array([ 8,  1, 12,  4,  3, 11,  6, 10,  2,  2, 14, 13,  7,  9,  5, 10]), 'threshold': [0.097465779393641261, 0.8771293923330058, 0.032284591983742075, 0.2659882827284154, 0.34762638359455161, 0.039877748700585545, 0.24259462362313022, 0.062438883083357273, 0.8771293923330058, 0.81476757534455624, 0.0051795618624721112, 0.024222416150811461, 0.21531382793880632, 0.097465779393641261, 0.2659882827284154, 0.083922925900957193], 'fneg': array([1, 2, 0, 1, 1, 0, 1, 0, 2, 1, 0, 0, 1, 1, 1, 1]), 'sensitivity': array([0.55555556, 0.0, 0.88888889, 0.33333333, 0.33333333, 0.88888889,
       0.33333333, 0.66666667, 0.0, 0.0, 1.0, 0.88888889, 0.44444444,
       0.55555556, 0.33333333, 0.55555556]), 'tpos': array([1, 0, 2, 1, 1, 2, 1, 2, 0, 1, 2, 2, 1, 1, 1, 1])}, {'specificity': array([0.15789474, 0.42105263, 0.50877193, 0.75438596, 0.43859649,
       0.1754386, 0.68421053, 0.63157895, 0.56140351, 0.1754386,
       0.49122807, 0.12280702, 0.12280702, 0.64912281, 0.12280702,
       0.85964912]), 'tneg': array([ 3,  5,  8, 11,  6,  4, 10,  8,  8,  3,  7,  0,  2,  9,  1, 11]), 'fpos': array([ 9,  7,  4,  1,  6,  8,  2,  4,  4,  9,  5, 12, 10,  3, 11,  1]), 'threshold': [0.0027327020108366294, 0.016752123608633769, 0.068855706820724907, 0.73296623035797204, 0.027146551366767354, 0.0028120015510419878, 0.26742739235152069, 0.13017310617004821, 0.084060047354973771, 0.0028120015510419878, 0.043947275230978876, 0.0021641345341556657, 0.0021641345341556657, 0.16104774074751002, 0.0021641345341556657, 0.87635167494842536], 'fneg': array([0, 1, 1, 3, 1, 1, 3, 3, 2, 1, 1, 0, 0, 3, 0, 4]), 'sensitivity': array([1.0, 1.0, 0.71428571, 0.0, 1.0, 1.0, 0.42857143, 0.71428571,
       0.71428571, 1.0, 0.71428571, 1.0, 1.0, 0.57142857, 1.0, 0.0]), 'tpos': array([4, 3, 3, 1, 3, 3, 1, 1, 2, 3, 3, 4, 4, 1, 4, 0])}, {'specificity': array([0.81034483, 0.4137931, 0.72413793, 0.75862069, 0.63793103,
       0.75862069, 0.67241379, 0.68965517, 0.31034483, 0.82758621,
       0.74137931, 0.81034483, 0.72413793, 0.72413793, 0.017241379,
       0.72413793]), 'tneg': array([9, 2, 5, 7, 3, 7, 4, 4, 1, 9, 6, 8, 4, 6, 0, 5]), 'fpos': array([0, 7, 4, 2, 6, 2, 5, 5, 8, 0, 3, 1, 5, 3, 9, 4]), 'threshold': [0.70577756552960225, 0.028443026638933354, 0.32268132952975764, 0.53506907005019844, 0.098519333373029885, 0.53506907005019844, 0.11235216069777269, 0.14042704237238746, 0.014292626144541239, 0.819746106385285, 0.49883445795385817, 0.70577756552960225, 0.32268132952975764, 0.32268132952975764, 0.0011102326262245181, 0.32268132952975764], 'fneg': array([5, 0, 2, 4, 0, 5, 0, 1, 0, 6, 4, 5, 2, 3, 0, 3]), 'sensitivity': array([0.0, 0.66666667, 0.16666667, 0.0, 0.66666667, 0.0, 0.5, 0.16666667,
       1.0, 0.0, 0.0, 0.0, 0.16666667, 0.16666667, 1.0, 0.16666667]), 'tpos': array([2, 7, 5, 3, 7, 2, 7, 6, 7, 1, 3, 2, 5, 4, 7, 4])}, {'specificity': array([0.052631579, 0.50877193, 0.73684211, 0.73684211, 0.56140351,
       0.92982456, 0.052631579, 0.087719298, 0.36842105, 0.68421053,
       0.38596491, 0.56140351, 0.19298246, 0.43859649, 0.052631579]), 'tneg': array([ 0,  8, 10, 10,  9, 11,  2,  3,  5,  9,  6,  8,  4,  7,  1]), 'fpos': array([11,  3,  1,  1,  2,  0,  9,  8,  6,  2,  5,  3,  7,  4, 10]), 'threshold': [0.0017885229921672688, 0.074101705663297393, 0.48562650702617272, 0.48562650702617272, 0.10784328680505145, 0.94375454239880252, 0.0017885229921672688, 0.0033714833866658189, 0.0098627545318271687, 0.20350310794090756, 0.012562310843270507, 0.10784328680505145, 0.0048455739088187821, 0.018241637844907666, 0.0017885229921672688], 'fneg': array([0, 0, 2, 3, 1, 3, 0, 0, 0, 2, 0, 1, 0, 0, 0]), 'sensitivity': array([1.0, 0.75, 0.125, 0.125, 0.5, 0.0, 1.0, 1.0, 0.875, 0.375, 0.875,
       0.5, 1.0, 0.875, 1.0]), 'tpos': array([4, 4, 2, 1, 3, 1, 4, 4, 4, 2, 4, 3, 4, 4, 4])}], <Model object at 0x0000000000000708>)
#logistic
([{'specificity': array([0.96153846, 0.90384615, 0.61538462, 0.038461538, 0.84615385,
       0.71153846, 0.57692308, 0.26923077, 0.26923077, 0.038461538,
       0.61538462, 0.038461538, 0.57692308, 0.096153846, 0.096153846,
       0.57692308, 0.65384615]), 'tneg': array([13, 13, 10,  1, 13, 12,  6,  4,  4,  0,  9,  1,  7,  3,  2,  8, 11]), 'fpos': array([ 0,  0,  3, 12,  0,  1,  7,  9,  9, 13,  4, 12,  6, 10, 11,  5,  2]), 'threshold': [0.96928800961350581, 0.88211866193828969, 0.22410712185805823, 0.044104753117060344, 0.71327452583561435, 0.32591414161184579, 0.18461266451533975, 0.11182698362869178, 0.11182698362869178, 0.044104753117060344, 0.22410712185805823, 0.044104753117060344, 0.18461266451533975, 0.080989984947568913, 0.080989984947568913, 0.20648990987344937, 0.2712840867338196], 'fneg': array([3, 2, 1, 0, 1, 1, 1, 1, 1, 0, 1, 1, 1, 1, 1, 1, 1]), 'sensitivity': array([0.0, 0.0, 0.45454545, 1.0, 0.0, 0.18181818, 0.72727273, 0.90909091,
       0.90909091, 1.0, 0.45454545, 1.0, 0.72727273, 1.0, 1.0, 0.72727273,
       0.27272727]), 'tpos': array([1, 2, 3, 4, 3, 3, 3, 3, 3, 4, 3, 3, 3, 3, 3, 3, 3])}, {'specificity': array([0.71153846, 0.46153846, 0.71153846, 0.30769231, 0.46153846,
       0.53846154, 0.59615385, 0.0, 0.98076923, 0.96153846, 0.0,
       0.61538462, 0.65384615, 0.65384615, 0.51923077, 0.057692308]), 'tneg': array([11,  4, 10,  2,  3,  6,  7,  0, 11, 11,  0,  8,  9,  8,  5,  1]), 'fpos': array([ 0,  7,  1,  9,  8,  5,  4, 11,  0,  0, 11,  3,  2,  3,  6, 10]), 'threshold': [0.37932442101574959, 0.11560361689775175, 0.27640582790157359, 0.098330317527627678, 0.11560361689775175, 0.14301812895682015, 0.15761170475640743, 0.77139111715286823, 0.77139111715286823, 0.75374651843967733, 0.77139111715286823, 0.18192849986893298, 0.20818291049716098, 0.20818291049716098, 0.13601843595578031, 0.083976443403281656], 'fneg': array([2, 1, 2, 1, 1, 1, 1, 0, 4, 3, 0, 1, 2, 2, 1, 1]), 'sensitivity': array([0.25, 0.58333333, 0.25, 0.66666667, 0.58333333, 0.58333333, 0.5,
       1.0, 0.0, 0.0, 1.0, 0.5, 0.33333333, 0.33333333, 0.58333333,
       0.83333333]), 'tpos': array([3, 4, 3, 4, 4, 4, 4, 5, 1, 2, 5, 4, 3, 3, 4, 4])}, {'specificity': array([0.45454545, 0.36363636, 0.52727273, 0.67272727, 0.32727273,
       0.90909091, 0.58181818, 0.54545455, 0.92727273, 0.21818182,
       0.65454545, 0.0, 0.76363636, 0.21818182, 0.52727273, 0.63636364]), 'tneg': array([ 4,  4,  5,  9,  3, 11,  7,  6, 11,  2,  8,  0, 10,  1,  5,  8]), 'fpos': array([ 8,  8,  7,  3,  9,  1,  5,  6,  1, 10,  4, 12,  2, 11,  7,  4]), 'threshold': [0.10269824691609941, 0.081859178173607258, 0.12771713196885381, 0.49526565890712954, 0.07234155126257219, 0.8711747941324387, 0.24719111029408894, 0.15772597329194787, 0.889647470432262, 0.051015623993413153, 0.40855007194728371, 0.98376339350677167, 0.70294574015103495, 0.048130637124576915, 0.12771713196885381, 0.33930089374294692], 'fneg': array([1, 0, 1, 3, 0, 3, 2, 2, 4, 0, 3, 0, 3, 0, 2, 2]), 'sensitivity': array([0.55555556, 0.55555556, 0.44444444, 0.0, 0.88888889, 0.0,
       0.44444444, 0.44444444, 0.0, 1.0, 0.0, 1.0, 0.0, 1.0, 0.44444444,
       0.11111111]), 'tpos': array([3, 4, 3, 1, 4, 1, 2, 2, 0, 4, 1, 4, 1, 4, 2, 2])}, {'specificity': array([0.78181818, 0.38181818, 0.78181818, 0.78181818, 0.90909091,
       0.70909091, 0.45454545, 0.81818182, 0.36363636, 0.36363636,
       0.18181818, 0.65454545, 0.090909091, 0.36363636, 0.8, 0.18181818]), 'tneg': array([ 8,  5,  8,  8, 11,  7,  6, 10,  3,  3,  2,  7,  0,  4,  9,  1]), 'fpos': array([ 4,  7,  4,  4,  1,  5,  6,  2,  9,  9, 10,  5, 12,  8,  3, 11]), 'threshold': [0.64971204683519912, 0.09232516342095165, 0.64971204683519912, 0.64971204683519912, 0.92914609993006225, 0.56485523015920525, 0.11680943264946847, 0.84085092968969133, 0.079783917434529533, 0.067636426875378519, 0.03888060126201795, 0.37866123087116021, 0.020695244125196553, 0.079783917434529533, 0.77615876481241453, 0.03888060126201795], 'fneg': array([2, 1, 3, 4, 4, 2, 1, 4, 1, 0, 0, 1, 0, 1, 4, 0]), 'sensitivity': array([0.0, 0.66666667, 0.0, 0.0, 0.0, 0.0, 0.55555556, 0.0, 0.77777778,
       0.77777778, 1.0, 0.22222222, 1.0, 0.77777778, 0.0, 1.0]), 'tpos': array([2, 3, 1, 0, 0, 2, 3, 0, 3, 4, 4, 3, 4, 3, 0, 4])}, {'specificity': array([0.16363636, 0.70909091, 0.69090909, 0.32727273, 0.61818182,
       0.32727273, 0.61818182, 0.32727273, 0.0, 0.61818182, 0.63636364,
       0.69090909, 0.92727273, 0.21818182, 0.16363636]), 'tneg': array([2, 9, 8, 3, 6, 4, 5, 3, 0, 6, 6, 7, 9, 2, 1]), 'fpos': array([7, 0, 1, 6, 3, 5, 4, 6, 9, 3, 3, 2, 0, 7, 8]), 'threshold': [0.058675098590455853, 0.26642940127098474, 0.22816223304669117, 0.076208213679219261, 0.13043607967459436, 0.076208213679219261, 0.13043607967459436, 0.076208213679219261, 0.82513615870553858, 0.13043607967459436, 0.16580160490245854, 0.22816223304669117, 0.80338038287030711, 0.06297744732678183, 0.058675098590455853], 'fneg': array([0, 4, 4, 1, 3, 2, 2, 2, 0, 2, 4, 4, 5, 1, 0]), 'sensitivity': array([0.7, 0.3, 0.3, 0.6, 0.5, 0.6, 0.5, 0.6, 1.0, 0.5, 0.4, 0.3, 0.0,
       0.6, 0.7]), 'tpos': array([6, 2, 2, 5, 3, 4, 4, 4, 6, 4, 2, 2, 1, 5, 6])}], <Model object at 0x0000000000000A34>)
#logistic
([{'specificity': array([0.072727273, 0.25454545, 0.58181818, 0.25454545, 0.036363636,
       0.23636364, 0.16363636, 0.58181818, 0.65454545, 0.2, 0.45454545,
       0.8, 0.036363636, 0.69090909, 0.8, 0.036363636, 0.52727273]), 'tneg': array([ 3,  7, 11,  7,  2,  6,  4, 10, 12,  5,  8, 14,  0, 13, 13,  1,  9]), 'fpos': array([11,  7,  3,  7, 12,  8, 10,  4,  2,  9,  6,  0, 14,  1,  1, 13,  5]), 'threshold': [0.00077696967024361492, 0.011254778827668574, 0.093665337988702982, 0.011254778827668574, 0.00017313751440017195, 0.010202088657858979, 0.004678193066714559, 0.093665337988702982, 0.17033328763265387, 0.0069751268772194749, 0.040499400836432387, 0.3571055097613926, 0.00017313751440017195, 0.20459061329078115, 0.3571055097613926, 0.00017313751440017195, 0.080823076572398192], 'fneg': array([0, 0, 1, 1, 0, 0, 0, 1, 1, 0, 1, 2, 0, 1, 2, 0, 1]), 'sensitivity': array([1.0, 0.875, 0.875, 0.875, 1.0, 0.875, 0.875, 0.875, 0.75, 0.875,
       0.875, 0.375, 1.0, 0.75, 0.375, 1.0, 0.875]), 'tpos': array([3, 3, 2, 2, 3, 3, 3, 2, 2, 3, 2, 1, 3, 2, 1, 3, 2])}, {'specificity': array([0.67241379, 0.48275862, 0.55172414, 0.37931034, 0.13793103,
       0.82758621, 0.62068966, 0.82758621, 0.4137931, 0.68965517,
       0.87931034, 0.89655172, 0.55172414, 0.034482759, 0.79310345,
       0.086206897]), 'tneg': array([ 5,  3,  4,  2,  2,  8,  5,  9,  3,  6,  9, 10,  5,  0,  7,  1]), 'fpos': array([ 6,  8,  7,  9,  9,  3,  6,  2,  8,  5,  2,  1,  6, 11,  4, 10]), 'threshold': [0.030156116670043337, 0.0048934997787078161, 0.0077746985837046289, 0.0013153742286954148, 2.4821093311186365e-05, 0.5333855773291688, 0.017576886245979022, 0.5333855773291688, 0.0021156026603495917, 0.11262964892621614, 0.698709360618611, 0.80307043977014492, 0.0077746985837046289, 3.4615556333019799e-06, 0.37026060008127792, 1.0565296653544584e-05], 'fneg': array([4, 2, 2, 1, 0, 4, 3, 4, 1, 4, 5, 5, 2, 0, 4, 0]), 'sensitivity': array([0.83333333, 1.0, 1.0, 1.0, 1.0, 0.0, 1.0, 0.0, 1.0, 0.5, 0.0, 0.0,
       1.0, 1.0, 0.16666667, 1.0]), 'tpos': array([1, 3, 3, 4, 5, 1, 2, 1, 4, 1, 0, 0, 3, 5, 1, 5])}, {'specificity': array([0.85714286, 0.0, 0.80357143, 0.0, 0.85714286, 0.48214286,
       0.85714286, 0.89285714, 0.0, 0.0, 0.80357143, 0.48214286,
       0.44642857, 0.17857143, 0.5, 0.0]), 'tneg': array([10,  0,  8,  0,  9,  7, 11, 11,  0,  0,  8,  7,  6,  5,  7,  0]), 'fpos': array([ 1, 11,  3, 11,  2,  4,  0,  0, 11, 11,  3,  4,  5,  6,  4, 11]), 'threshold': [0.48489898897401451, 0.99809555444511078, 0.29333831239649499, 0.99809555444511078, 0.48489898897401451, 0.023363862475194463, 0.48489898897401451, 0.72394469167453757, 0.99809555444511078, 0.99809555444511078, 0.29333831239649499, 0.023363862475194463, 0.017629156085331096, 0.01408348586786046, 0.025947566781045019, 0.99809555444511078], 'fneg': array([3, 0, 2, 0, 3, 1, 3, 4, 0, 0, 3, 0, 0, 0, 2, 0]), 'sensitivity': array([0.125, 1.0, 0.25, 1.0, 0.125, 0.625, 0.125, 0.0, 1.0, 1.0, 0.25,
       0.625, 0.75, 1.0, 0.625, 1.0]), 'tpos': array([2, 5, 3, 5, 2, 4, 2, 1, 5, 5, 2, 5, 5, 5, 3, 5])}, {'specificity': array([0.52727273, 0.74545455, 0.81818182, 0.92727273, 0.63636364,
       0.090909091, 0.0, 0.87272727, 0.090909091, 0.83636364, 0.63636364,
       0.41818182, 0.32727273, 0.018181818, 0.85454545, 0.85454545]), 'tneg': array([ 6,  9, 10, 15,  7,  2,  0, 14,  3, 11,  8,  5,  4,  1, 12, 13]), 'fpos': array([10,  7,  6,  1,  9, 14, 16,  2, 13,  5,  8, 11, 12, 15,  4,  3]), 'threshold': [0.14265943448871782, 0.30501364674210413, 0.49635131663048437, 0.97766621762240447, 0.24686185825462234, 0.025806859243240644, 0.015794709682029884, 0.83795906688585309, 0.025806859243240644, 0.61197574477242156, 0.24686185825462234, 0.078864315672405746, 0.04920103333383187, 0.021112566532336487, 0.79463940137012268, 0.79463940137012268], 'fneg': array([0, 0, 0, 0, 0, 0, 0, 0, 0, 0, 0, 0, 0, 0, 0, 0]), 'sensitivity': array([0.66666667, 0.44444444, 0.0, 0.0, 0.44444444, 0.88888889, 1.0, 0.0,
       0.88888889, 0.0, 0.44444444, 0.88888889, 0.88888889, 0.88888889,
       0.0, 0.0]), 'tpos': array([0, 0, 0, 0, 0, 0, 0, 0, 0, 0, 0, 0, 0, 0, 0, 0])}, {'specificity': array([0.052631579, 0.70175439, 0.50877193, 0.8245614, 0.92982456,
       0.42105263, 0.68421053, 0.50877193, 0.52631579, 0.12280702,
       0.21052632, 0.10526316, 0.12280702, 0.92982456, 0.61403509]), 'tneg': array([0, 9, 5, 9, 9, 4, 8, 5, 6, 1, 3, 0, 2, 9, 7]), 'fpos': array([10,  1,  5,  1,  1,  6,  2,  5,  4,  9,  7, 10,  8,  1,  3]), 'threshold': [0.0023058733622254237, 0.17565003768597981, 0.03204439427672346, 0.48650462453085747, 0.90677897290889642, 0.026736655124279623, 0.13689118987662752, 0.03204439427672346, 0.042786408128278698, 0.0044281958735185537, 0.0076856953254070843, 0.0031485336375374796, 0.0044281958735185537, 0.90677897290889642, 0.066481852772235117], 'fneg': array([0, 2, 1, 3, 4, 1, 2, 2, 2, 1, 1, 1, 1, 5, 2]), 'sensitivity': array([1.0, 0.5, 1.0, 0.0, 0.0, 1.0, 0.5, 1.0, 0.875, 1.0, 1.0, 1.0, 1.0,
       0.0, 0.75]), 'tpos': array([5, 3, 4, 2, 1, 4, 3, 3, 3, 4, 4, 4, 4, 0, 3])}], <Model object at 0x0000000000000D60>)
#logistic
([{'specificity': array([0.85454545, 0.8, 0.96363636, 0.78181818, 0.0, 0.94545455, 0.6,
       0.43636364, 0.090909091, 0.090909091, 0.90909091, 0.98181818,
       0.78181818, 0.090909091, 0.27272727, 0.56363636, 0.21818182]), 'tneg': array([11, 10, 11,  8,  0, 11,  7,  5,  1,  0, 11, 12,  9,  2,  4,  6,  3]), 'fpos': array([ 1,  2,  1,  4, 12,  1,  5,  7, 11, 12,  1,  0,  3, 10,  8,  6,  9]), 'threshold': [0.52058659915587679, 0.3230332588082796, 0.96024957112818421, 0.28964920662096288, 0.98080240448765421, 0.95453913759520592, 0.13373143821733183, 0.039811930992806957, 0.00013089430522941287, 0.00013089430522941287, 0.71586304615051577, 0.98080240448765421, 0.28964920662096288, 0.00013089430522941287, 0.01567205267342632, 0.10004835558207467, 0.0095923136959672368], 'fneg': array([1, 1, 4, 1, 0, 3, 1, 1, 1, 1, 2, 4, 1, 1, 1, 1, 1]), 'sensitivity': array([0.0, 0.44444444, 0.0, 0.44444444, 1.0, 0.0, 0.66666667, 0.77777778,
       1.0, 1.0, 0.0, 0.0, 0.44444444, 1.0, 1.0, 0.77777778, 1.0]), 'tpos': array([4, 4, 1, 4, 5, 2, 4, 4, 4, 4, 3, 1, 4, 4, 4, 4, 4])}, {'specificity': array([0.090909091, 0.30909091, 0.090909091, 0.81818182, 0.83636364,
       0.090909091, 0.38181818, 0.41818182, 0.41818182, 0.0, 0.0,
       0.74545455, 0.2, 0.6, 0.18181818, 0.0]), 'tneg': array([ 5,  7,  3, 13, 14,  4,  8, 10,  9,  0,  0, 12,  6, 11,  5,  0]), 'fpos': array([ 9,  7, 11,  1,  0, 10,  6,  4,  5, 14, 14,  2,  8,  3,  9, 14]), 'threshold': [0.056730188584588379, 0.067103585365090687, 0.056730188584588379, 0.67839007741317126, 0.7337508439714846, 0.056730188584588379, 0.073668019743337157, 0.079883623924507791, 0.079883623924507791, 0.90569194621993443, 0.90569194621993443, 0.52045273955153648, 0.061780857876857449, 0.14935190703833257, 0.060698505612849125, 0.90569194621993443], 'fneg': array([0, 1, 0, 1, 1, 0, 1, 1, 1, 0, 0, 1, 1, 1, 1, 0]), 'sensitivity': array([0.9, 0.8, 0.9, 0.0, 0.0, 0.9, 0.8, 0.8, 0.8, 1.0, 1.0, 0.2, 0.8,
       0.6, 0.8, 1.0]), 'tpos': array([2, 1, 2, 1, 1, 2, 1, 1, 1, 2, 2, 1, 1, 1, 1, 2])}, {'specificity': array([0.77966102, 0.0, 0.69491525, 0.89830508, 0.37288136, 0.81355932,
       0.27118644, 0.94915254, 0.22033898, 0.16949153, 0.42372881,
       0.6440678, 0.27118644, 0.22033898, 0.22033898, 0.084745763]), 'tneg': array([10,  0, 10, 12,  7, 11,  5, 12,  3,  1,  8,  9,  6,  2,  4,  0]), 'fpos': array([ 2, 12,  2,  0,  5,  1,  7,  0,  9, 11,  4,  3,  6, 10,  8, 12]), 'threshold': [0.66339525676251554, 0.99754889369551769, 0.20603757734597999, 0.90990091819777641, 0.01383251613745418, 0.7740692098876143, 0.0091794075198807119, 0.96273345328691939, 0.0031412978276507829, 0.0016097452580642701, 0.019504051029314046, 0.13816973448185557, 0.0091794075198807119, 0.0031412978276507829, 0.0031412978276507829, 0.0007882476560286555], 'fneg': array([2, 0, 1, 2, 1, 2, 1, 3, 1, 1, 1, 1, 1, 1, 1, 1]), 'sensitivity': array([0.0, 1.0, 0.33333333, 0.0, 0.83333333, 0.0, 0.83333333, 0.0, 1.0,
       1.0, 0.83333333, 0.66666667, 0.83333333, 1.0, 1.0, 1.0]), 'tpos': array([2, 4, 3, 2, 3, 2, 3, 1, 3, 3, 3, 3, 3, 3, 3, 3])}, {'specificity': array([0.79310345, 0.25862069, 0.68965517, 0.82758621, 0.22413793,
       0.84482759, 0.034482759, 0.84482759, 0.39655172, 0.74137931,
       0.53448276, 0.63793103, 0.37931034, 0.18965517, 0.5862069,
       0.70689655]), 'tneg': array([ 8,  2,  6,  8,  2, 10,  0,  9,  3,  7,  4,  5,  2,  1,  5,  6]), 'fpos': array([ 3,  9,  5,  3,  9,  1, 11,  2,  8,  4,  7,  6,  9, 10,  6,  5]), 'threshold': [0.60827860191472838, 0.015165740879178897, 0.19632938341742942, 0.73670731931065159, 0.010443551796530594, 0.76186063871682186, 0.00011849204617599576, 0.76186063871682186, 0.032161947033461799, 0.29383255481329895, 0.069834338492878414, 0.13554947714256024, 0.025205780425763952, 0.0074226116275520511, 0.10359224137505341, 0.21249120478589212], 'fneg': array([4, 1, 3, 5, 0, 5, 0, 5, 2, 4, 2, 3, 2, 0, 2, 4]), 'sensitivity': array([0.0, 0.85714286, 0.71428571, 0.0, 0.85714286, 0.0, 1.0, 0.0,
       0.85714286, 0.71428571, 0.85714286, 0.85714286, 0.85714286,
       0.85714286, 0.85714286, 0.71428571]), 'tpos': array([1, 4, 2, 0, 5, 0, 5, 0, 3, 1, 3, 2, 3, 5, 3, 1])}, {'specificity': array([0.59649123, 0.38596491, 0.10526316, 0.64912281, 0.24561404,
       0.19298246, 0.59649123, 0.14035088, 0.98245614, 0.22807018,
       0.75438596, 0.14035088, 0.47368421, 0.61403509, 0.01754386,
       0.36842105]), 'tneg': array([ 7,  6,  1,  9,  4,  3,  7,  2, 11,  4, 10,  2,  6,  8,  0,  5]), 'fpos': array([ 5,  6, 11,  3,  8,  9,  5, 10,  1,  8,  2, 10,  6,  4, 12,  7]), 'threshold': [0.083821337277186506, 0.035187548846392754, 0.0033987254073728711, 0.14584681556252349, 0.011306028260217052, 0.0056058420971457912, 0.083821337277186506, 0.0040257121827918354, 0.99380540397250594, 0.011041350368673941, 0.24874843121453638, 0.0040257121827918354, 0.046552599268254183, 0.091158657776709409, 0.0027385953498955942, 0.030112618623611469], 'fneg': array([3, 2, 0, 4, 2, 1, 4, 1, 4, 1, 4, 0, 3, 4, 0, 2]), 'sensitivity': array([0.625, 0.875, 1.0, 0.5, 0.875, 1.0, 0.625, 1.0, 0.0, 0.875, 0.25,
       1.0, 0.75, 0.625, 1.0, 0.875]), 'tpos': array([1, 2, 4, 0, 2, 3, 0, 3, 0, 3, 0, 4, 1, 0, 4, 2])}], <Model object at 0x000000000000108C>)
