#adapt
([{'specificity': array([0.32258065, 0.98387097, 0.64516129, 0.75806452, 0.62903226,
       0.77419355, 0.72580645, 0.16129032, 0.74193548, 0.19354839,
       0.11290323, 0.24193548, 0.87096774, 0.080645161, 0.5483871,
       0.58064516, 0.5, 0.90322581, 0.17741935, 0.59677419, 0.37096774,
       0.51612903, 0.69354839, 0.56451613, 0.4516129, 0.41935484,
       0.27419355, 0.83870968, 0.85483871, 0.30645161, 0.9516129,
       0.91935484, 0.96774194, 1.0, 0.88709677, 0.29032258, 0.096774194,
       0.67741935, 0.22580645, 0.38709677, 0.33870968, 0.048387097,
       0.61290323, 0.25806452, 0.43548387, 0.032258065, 0.70967742,
       0.12903226, 0.80645161, 0.14516129, 0.46774194, 0.66129032,
       0.82258065, 0.35483871, 0.53225806, 0.93548387, 0.40322581,
       0.064516129, 0.016129032, 0.48387097, 0.79032258, 0.20967742]), 'tneg': array([ 7, 13, 12, 13, 12, 13, 13,  5, 13,  6,  2,  6, 13,  2, 12, 12, 12,
       13,  6, 12,  7, 12, 13, 12, 10,  8,  6, 13, 13,  6, 13, 13, 13, 13,
       13,  6,  2, 13,  6,  7,  7,  0, 12,  6, 10,  0, 13,  2, 13,  2, 12,
       13, 13,  7, 12, 13,  8,  1,  0, 12, 13,  6]), 'fpos': array([ 7,  1,  2,  1,  2,  1,  1,  9,  1,  8, 12,  8,  1, 12,  2,  2,  2,
        1,  8,  2,  7,  2,  1,  2,  4,  6,  8,  1,  1,  8,  1,  1,  1,  1,
        1,  8, 12,  1,  8,  7,  7, 14,  2,  8,  4, 14,  1, 12,  1, 12,  2,
        1,  1,  7,  2,  1,  6, 13, 14,  2,  1,  8]), 'threshold': [194.04230720999925, 374.62174019418546, 223.01009403928015, 234.55564470492368, 221.87291787798492, 236.55081683123612, 233.6470312325238, 181.95529363619971, 233.836869131697, 184.13277651217885, 177.02627221417751, 186.38312809005393, 276.439094102186, 173.72913157027293, 217.05612024383999, 217.68986382240698, 208.81366968557217, 282.16250062942197, 183.27757944581961, 217.70021487027276, 195.77733983684436, 210.20449704295859, 228.52394472320367, 217.24245564598326, 201.52034121227433, 199.63023128481902, 187.93220922985458, 267.1880661210746, 276.1765248212655, 193.70376080915071, 328.78598754729342, 301.62835941266542, 354.99039399768373, 429.31213213475388, 278.30168093919588, 189.34751890147996, 174.80898444407777, 228.15538980053864, 184.55395152424404, 195.89203163925407, 194.81865018201921, 147.14344962881989, 221.14990212297684, 187.05525950096063, 200.98328177859318, 143.1094633837983, 228.96863854080223, 178.08293753276422, 245.12737398884303, 178.70500282819185, 206.72676350079536, 223.73755852984343, 247.42723888526191, 195.29712109364081, 216.2576116144468, 309.00727125656636, 198.32880324315764, 168.50825470097215, 140.71242204904993, 207.49338728757724, 239.12583553067481, 184.22911928823851], 'fneg': array([1, 3, 2, 2, 2, 2, 2, 1, 2, 1, 1, 1, 3, 1, 2, 2, 2, 3, 1, 2, 1, 2, 2,
       2, 1, 1, 1, 3, 3, 1, 3, 3, 3, 3, 3, 1, 1, 2, 1, 1, 1, 0, 2, 1, 1, 0,
       2, 1, 3, 1, 2, 2, 3, 1, 2, 3, 1, 1, 0, 2, 2, 1]), 'sensitivity': array([1, 1, 1, 1, 1, 1, 1, 1, 1, 1, 1, 1, 1, 1, 1, 1, 1, 1, 1, 1, 1, 1, 1,
       1, 1, 1, 1, 1, 1, 1, 1, 1, 1, 1, 1, 1, 1, 1, 1, 1, 1, 1, 1, 1, 1, 1,
       1, 1, 1, 1, 1, 1, 1, 1, 1, 1, 1, 1, 1, 1, 1, 1]), 'tpos': array([2, 0, 1, 1, 1, 1, 1, 2, 1, 2, 2, 2, 0, 2, 1, 1, 1, 0, 2, 1, 2, 1, 1,
       1, 2, 2, 2, 0, 0, 2, 0, 0, 0, 0, 0, 2, 2, 1, 2, 2, 2, 3, 1, 2, 2, 3,
       1, 2, 0, 2, 1, 1, 0, 2, 1, 0, 2, 2, 3, 1, 1, 2])}, {'specificity': array([0.8, 0.73333333, 0.53333333, 0.13333333, 0.6, 1.0, 0.4, 0.33333333,
       0.26666667, 0.66666667, 0.2, 0.93333333, 0.86666667, 0.46666667,
       0.066666667]), 'tneg': array([11, 11, 10, 10, 10, 12, 10, 10, 10, 11, 10, 12, 11, 10,  9]), 'fpos': array([1, 1, 2, 2, 2, 0, 2, 2, 2, 1, 2, 0, 1, 2, 3]), 'threshold': [7.3023710539543538, 7.1843622000910239, 5.5193906286172494, 3.2583525487182974, 5.871902723431397, 8.7980105241426987, 5.2754082558890305, 4.8336705155822921, 3.8738547262749634, 6.2686479788048253, 3.4988479179774639, 7.9258650762987743, 7.6123524226633963, 5.44518518936724, 0.774821193928737], 'fneg': array([4, 4, 4, 4, 4, 4, 4, 4, 4, 4, 4, 4, 4, 4, 4]), 'sensitivity': array([0.0, 0.0, 0.0, 0.020833333, 0.0, 0.0, 0.0, 0.0, 0.0, 0.0,
       0.020833333, 0.0, 0.0, 0.0, 0.16666667]), 'tpos': array([0, 0, 0, 0, 0, 0, 0, 0, 0, 0, 0, 0, 0, 0, 0])}, {'specificity': array([0.34090909, 0.11363636, 0.56818182, 0.5, 0.36363636, 0.38636364,
       0.70454545, 0.88636364, 0.54545455, 0.40909091, 0.86363636,
       0.72727273, 0.59090909, 0.52272727, 0.77272727, 0.81818182, 0.75,
       0.84090909, 0.18181818, 0.22727273, 0.65909091, 0.43181818,
       0.15909091, 0.20454545, 0.25, 0.045454545, 0.31818182, 0.068181818,
       0.61363636, 0.022727273, 0.47727273, 0.090909091, 0.90909091,
       0.97727273, 0.93181818, 0.29545455, 1.0, 0.97727273, 0.68181818,
       0.63636364, 0.79545455, 0.45454545, 0.27272727, 0.13636364]), 'tneg': array([ 2,  1,  4,  4,  2,  3,  5,  7,  4,  4,  6,  5,  4,  4,  6,  6,  6,
        6,  1,  1,  5,  4,  1,  1,  1,  0,  2,  1,  4,  0,  4,  1,  9, 10,
        9,  2, 10, 10,  5,  4,  6,  4,  2,  1]), 'fpos': array([ 8,  9,  6,  6,  8,  7,  5,  3,  6,  6,  4,  5,  6,  6,  4,  4,  4,
        4,  9,  9,  5,  6,  9,  9,  9, 10,  8,  9,  6, 10,  6,  9,  1,  0,
        1,  8,  0,  0,  5,  6,  4,  6,  8,  9]), 'threshold': [1.9920046387611088, 1.9410032468568581, 2.0436232874691425, 2.0339730808240803, 1.9935375311106149, 1.9985825113223497, 2.09873527145747, 2.1778080603909338, 2.0417356365590433, 2.0015826115389608, 2.164628806304727, 2.1122607289715241, 2.0739751009879592, 2.0402903429048953, 2.1405423919292521, 2.1504355902452841, 2.1394829447209904, 2.1635808252114179, 1.9511520064453332, 1.9617894455691991, 2.0887139273085911, 2.0067167853826251, 1.9442640298314262, 1.9581732503776004, 1.9640090504569376, 1.9228929814048896, 1.98263838062105, 1.9312906920156339, 2.076186017336096, 1.8808003550238239, 2.0205645718854717, 1.9317584811149209, 2.2097117013001517, 2.2274196008956233, 2.2141998451937663, 1.9761794623831912, 2.3150679472015372, 2.2274196008956233, 2.095121530357464, 2.0831942786258835, 2.1494990991944998, 2.0070844095295421, 1.9728853968133133, 1.9414181237867503], 'fneg': array([1, 1, 1, 1, 1, 1, 2, 4, 1, 1, 4, 2, 1, 1, 2, 3, 2, 3, 1, 1, 2, 1, 1,
       1, 1, 1, 1, 1, 1, 0, 1, 1, 4, 5, 4, 1, 5, 5, 2, 2, 3, 1, 1, 1]), 'sensitivity': array([0.9, 0.95, 0.7, 0.75, 0.9, 0.9, 0.45, 0.3, 0.7, 0.85, 0.3, 0.35,
       0.65, 0.75, 0.3, 0.3, 0.3, 0.3, 0.95, 0.95, 0.5, 0.85, 0.95, 0.95,
       0.95, 1.0, 0.9, 1.0, 0.6, 1.0, 0.75, 1.0, 0.15, 0.1, 0.15, 0.9, 0.0,
       0.1, 0.45, 0.6, 0.3, 0.85, 0.9, 0.95]), 'tpos': array([4, 4, 4, 4, 4, 4, 3, 1, 4, 4, 1, 3, 4, 4, 3, 2, 3, 2, 4, 4, 3, 4, 4,
       4, 4, 4, 4, 4, 4, 5, 4, 4, 1, 0, 1, 4, 0, 0, 3, 3, 2, 4, 4, 4])}, {'specificity': array([0.94117647, 0.17647059, 0.64705882, 0.23529412, 0.88235294,
       0.82352941, 0.41176471, 0.29411765, 0.70588235, 0.11764706,
       0.52941176, 0.35294118, 0.58823529, 0.76470588, 1.0, 0.47058824,
       0.058823529]), 'tneg': array([10,  9, 10,  9, 10, 10, 10,  9, 10,  3, 10,  9, 10, 10, 10, 10,  2]), 'fpos': array([0, 1, 0, 1, 0, 0, 0, 1, 0, 7, 0, 1, 0, 0, 0, 0, 8]), 'threshold': [4.0362634783093609, 0.63223796201219473, 3.4191200283415664, 1.0871816119454922, 4.0346163811836657, 4.0226731714984094, 2.4552686352285935, 2.0917462753329197, 3.5422702689849648, -0.97063958536620643, 2.7561712359553381, 2.213915739964289, 3.2742114106865778, 3.7053584615832005, 5.0296083775708507, 2.6972562654950538, -1.8276198438509912], 'fneg': array([5, 2, 5, 2, 5, 5, 4, 4, 5, 1, 5, 4, 5, 5, 5, 5, 0]), 'sensitivity': array([0.0, 0.32608696, 0.02173913, 0.17391304, 0.0, 0.0, 0.086956522,
       0.086956522, 0.02173913, 0.56521739, 0.065217391, 0.086956522,
       0.043478261, 0.02173913, 0.0, 0.065217391, 0.7826087]), 'tpos': array([1, 4, 1, 4, 1, 1, 2, 2, 1, 5, 1, 2, 1, 1, 1, 1, 6])}, {'specificity': array([0.66666667, 0.71428571, 0.19047619, 0.38095238, 0.76190476,
       0.047619048, 0.47619048, 0.28571429, 0.23809524, 1.0, 0.95238095,
       0.57142857, 0.52380952, 0.14285714, 0.61904762, 0.095238095,
       0.42857143, 0.80952381, 0.9047619, 0.85714286, 0.33333333]), 'tneg': array([12, 12,  5,  7, 12,  5,  9,  7,  5, 12, 12,  9,  9,  5, 10,  5,  8,
       12, 12, 12,  7]), 'fpos': array([0, 0, 7, 5, 0, 7, 3, 5, 7, 0, 0, 3, 3, 7, 2, 7, 4, 0, 0, 0, 5]), 'threshold': [4.4007714334236772, 4.4809398455748521, 0.72763256122111719, 1.4312384181399409, 4.5078080151853612, -0.33970840440905636, 2.8764606403818425, 1.26851188861245, 1.0055002599916372, 5.7098065116772219, 4.9604667116533019, 3.1909015697119916, 2.9308760171991772, 0.63264862767647378, 3.9786016230166212, -0.051151255326728151, 1.8421102556376066, 4.5674089034000289, 4.6319747476297835, 4.6255184281660355, 1.383187124429178], 'fneg': array([3, 3, 1, 1, 3, 0, 2, 1, 1, 3, 3, 2, 2, 1, 2, 0, 2, 3, 3, 3, 1]), 'sensitivity': array([0.0, 0.0, 0.25581395, 0.13953488, 0.0, 0.51162791, 0.046511628,
       0.18604651, 0.20930233, 0.0, 0.0, 0.023255814, 0.046511628,
       0.25581395, 0.0, 0.46511628, 0.069767442, 0.0, 0.0, 0.0, 0.13953488]), 'tpos': array([0, 0, 2, 2, 0, 3, 1, 2, 2, 0, 0, 1, 1, 2, 1, 3, 1, 0, 0, 0, 2])}], <Model object at 0x00000000000003DC>)
#adapt
([{'specificity': array([0.025, 0.55, 0.45, 0.4, 0.475, 0.825, 0.275, 0.225, 0.3, 0.525,
       0.15, 0.85, 0.6, 0.35, 0.725, 0.625, 1.0, 0.675, 0.7, 0.375, 0.925,
       0.75, 0.9, 0.8, 0.25, 0.425, 0.65, 0.1, 0.2, 0.075, 0.175, 0.325,
       0.875, 0.125, 0.575, 0.05, 0.95, 0.975, 0.775, 0.5]), 'tneg': array([ 0,  7,  4,  4,  5, 11,  4,  3,  4,  5,  2, 11,  7,  4, 10,  7, 12,
        8, 10,  4, 11, 10, 11, 11,  4,  4,  7,  0,  3,  0,  2,  4, 11,  2,
        7,  0, 11, 12, 10,  5]), 'fpos': array([12,  5,  8,  8,  7,  1,  8,  9,  8,  7, 10,  1,  5,  8,  2,  5,  0,
        4,  2,  8,  1,  2,  1,  1,  8,  8,  5, 12,  9, 12, 10,  8,  1, 10,
        5, 12,  1,  0,  2,  7]), 'threshold': [0.079334511042007838, 1.8635972156628273, 1.6013405753763568, 1.4423422767806309, 1.7261510722497575, 3.0038532859342251, 1.0529034870302458, 0.9243712178029786, 1.2687177805253307, 1.7867156726778386, 0.70728776419284256, 3.0430384953122247, 2.01430221452972, 1.35469191407432, 2.7205805382262227, 2.0522271546606903, 4.4773518229992835, 2.5047797986252585, 2.7146393503546218, 1.3757388453925057, 3.1830569123146457, 2.7923617807656806, 3.1465014216471054, 2.9519626888297674, 1.041876927411088, 1.4841338474832291, 2.1763626526778936, 0.23395875257292409, 0.87296137990971534, 0.15373979342643085, 0.722825940898447, 1.314026357844901, 3.0523866195735803, 0.66353184339061322, 1.9285416634534658, 0.13053279958972208, 3.4465898499187615, 4.0362259136484733, 2.8227682227647528, 1.7696394284904864], 'fneg': array([0, 1, 1, 1, 1, 2, 0, 0, 0, 1, 0, 2, 1, 1, 2, 1, 5, 2, 2, 1, 2, 2, 2,
       2, 0, 1, 2, 0, 0, 0, 0, 1, 2, 0, 1, 0, 4, 5, 2, 1]), 'sensitivity': array([0.95652174, 0.26086957, 0.34782609, 0.47826087, 0.30434783,
       0.043478261, 0.52173913, 0.60869565, 0.47826087, 0.26086957,
       0.73913043, 0.043478261, 0.26086957, 0.47826087, 0.043478261,
       0.26086957, 0.0, 0.17391304, 0.086956522, 0.47826087, 0.043478261,
       0.043478261, 0.043478261, 0.043478261, 0.52173913, 0.43478261,
       0.26086957, 0.95652174, 0.65217391, 0.95652174, 0.69565217,
       0.47826087, 0.043478261, 0.73913043, 0.26086957, 0.95652174,
       0.043478261, 0.0, 0.043478261, 0.26086957]), 'tpos': array([5, 4, 4, 4, 4, 3, 5, 5, 5, 4, 5, 3, 4, 4, 3, 4, 0, 3, 3, 4, 3, 3, 3,
       3, 5, 4, 3, 5, 5, 5, 5, 4, 3, 5, 4, 5, 1, 0, 3, 4])}, {'specificity': array([0.96875, 1.0, 0.734375, 0.796875, 0.078125, 0.4375, 0.65625,
       0.953125, 0.28125, 0.21875, 0.234375, 0.1875, 0.765625, 0.703125,
       0.109375, 0.6875, 0.53125, 0.671875, 0.375, 0.3125, 0.484375,
       0.59375, 0.34375, 0.40625, 0.25, 0.875, 0.359375, 0.890625,
       0.296875, 0.140625, 0.046875, 0.390625, 0.84375, 0.921875, 0.984375,
       0.9375, 0.328125, 0.90625, 0.09375, 0.75, 0.125, 0.625, 0.5,
       0.515625, 0.15625, 0.609375, 0.828125, 0.203125, 0.421875, 0.578125,
       0.0625, 0.8125, 0.03125, 0.640625, 0.546875, 0.859375, 0.265625,
       0.71875, 0.46875, 0.5625, 0.015625, 0.171875, 0.453125, 0.78125]), 'tneg': array([12, 12, 11, 12,  0,  7, 11, 12,  4,  1,  1,  0, 12, 11,  0, 11,  8,
       11,  7,  4,  8, 11,  6,  7,  2, 12,  6, 12,  4,  0,  0,  7, 12, 12,
       12, 12,  6, 12,  0, 12,  0, 11,  8,  8,  0, 11, 12,  1,  7, 11,  0,
       12,  0, 11, 11, 12,  4, 11,  7, 11,  0,  0,  7, 12]), 'fpos': array([ 1,  1,  2,  1, 13,  6,  2,  1,  9, 12, 12, 13,  1,  2, 13,  2,  5,
        2,  6,  9,  5,  2,  7,  6, 11,  1,  7,  1,  9, 13, 13,  6,  1,  1,
        1,  1,  7,  1, 13,  1, 13,  2,  5,  5, 13,  2,  1, 12,  6,  2, 13,
        1, 13,  2,  2,  1,  9,  2,  6,  2, 13, 13,  6,  1]), 'threshold': [134.177953076017, 153.75325699542165, 82.8748016082186, 86.571063030421058, 57.518647556959785, 68.165053972010554, 79.9032338729114, 104.36574769151038, 64.37164701008345, 62.984861672165, 63.468279006807172, 61.930192540365894, 85.612949158661181, 81.684924345035526, 58.149879381540629, 80.742644029697175, 74.505938698130308, 80.163348546498355, 67.19684174005323, 64.65067731364914, 73.225789835275421, 78.524495059455077, 66.637856824684292, 67.549684337143461, 63.813850318918092, 94.375362567024879, 66.783629693928063, 98.7663006742667, 64.5303522362159, 59.715764621835753, 56.441386120019033, 67.362471165254462, 89.443987683531049, 103.08465999608099, 139.40974023075606, 103.96394149471033, 66.565883656201137, 99.406447116455254, 58.104279945992296, 84.620249629255923, 58.42409597649236, 78.94346201303631, 73.244357861120946, 73.786553510588149, 59.855940909392267, 78.636769586961677, 87.4976254564089, 62.3654549729922, 67.752387042687133, 77.165082414695988, 56.443421589543981, 87.130865095092034, 55.586813551101592, 79.303649137487383, 75.891895980103186, 93.296757966995472, 64.15363430057991, 81.975915717575447, 70.881456779770588, 76.439627222381176, 51.337470958624088, 60.737582890352677, 68.213047246613542, 86.2142571873631], 'fneg': array([2, 2, 2, 2, 0, 1, 2, 2, 0, 0, 0, 0, 2, 2, 0, 2, 2, 2, 1, 0, 2, 2, 1,
       1, 0, 2, 1, 2, 0, 0, 0, 1, 2, 2, 2, 2, 1, 2, 0, 2, 0, 2, 2, 2, 0, 2,
       2, 0, 1, 2, 0, 2, 0, 2, 2, 2, 0, 2, 2, 2, 0, 0, 1, 2]), 'sensitivity': array([1, 1, 1, 1, 1, 1, 1, 1, 1, 1, 1, 1, 1, 1, 1, 1, 1, 1, 1, 1, 1, 1, 1,
       1, 1, 1, 1, 1, 1, 1, 1, 1, 1, 1, 1, 1, 1, 1, 1, 1, 1, 1, 1, 1, 1, 1,
       1, 1, 1, 1, 1, 1, 1, 1, 1, 1, 1, 1, 1, 1, 1, 1, 1, 1]), 'tpos': array([1, 1, 1, 1, 3, 2, 1, 1, 3, 3, 3, 3, 1, 1, 3, 1, 1, 1, 2, 3, 1, 1, 2,
       2, 3, 1, 2, 1, 3, 3, 3, 2, 1, 1, 1, 1, 2, 1, 3, 1, 3, 1, 1, 1, 3, 1,
       1, 3, 2, 1, 3, 1, 3, 1, 1, 1, 3, 1, 1, 1, 3, 3, 2, 1])}, {'specificity': array([0.38, 0.54, 0.12, 0.66, 0.36, 0.22, 0.1, 0.56, 0.28, 0.94, 0.6,
       0.24, 0.86, 0.4, 0.18, 0.42, 0.32, 0.26, 0.62, 0.72, 0.96, 0.3,
       0.58, 0.9, 0.98, 0.76, 0.74, 0.34, 1.0, 0.06, 0.64, 0.14, 0.82,
       0.88, 0.8, 0.02, 0.08, 0.48, 0.84, 0.68, 0.2, 0.44, 0.52, 0.92,
       0.04, 0.7, 0.78, 0.5, 0.46, 0.16]), 'tneg': array([ 7,  8,  6,  9,  7,  6,  6,  9,  7, 13,  9,  6, 12,  7,  6,  7,  7,
        7,  9,  9, 13,  7,  9, 12, 13, 11,  9,  7, 13,  4,  9,  6, 11, 12,
       11,  3,  4,  7, 12,  9,  6,  7,  7, 13,  3,  9, 11,  7,  7,  6]), 'fpos': array([ 6,  5,  7,  4,  6,  7,  7,  4,  6,  0,  4,  7,  1,  6,  7,  6,  6,
        6,  4,  4,  0,  6,  4,  1,  0,  2,  4,  6,  0,  9,  4,  7,  2,  1,
        2, 10,  9,  6,  1,  4,  7,  6,  6,  0, 10,  4,  2,  6,  6,  7]), 'threshold': [5.44350251653391, 8.0554887004618916, 2.0898796826521404, 9.8916576197671056, 4.8229691374545629, 2.6284488942607052, 1.9929919370502143, 8.1675418617407018, 4.291805932231572, 25.834385630707104, 8.63913401087715, 3.5678249696321451, 20.614095495033933, 5.4911034022717136, 2.1907750042043568, 5.8994660201164546, 4.69564878353806, 4.2848796738858415, 8.7397869768895511, 10.595689163490707, 25.925965693436851, 4.3379192316119752, 8.186185079007835, 24.282339299208417, 47.447395350329323, 16.446567045496909, 13.260334954892315, 4.69835283346417, 57.21873093970305, 0.61045574940482261, 9.1063441808677972, 2.1055622082166936, 17.494857927497982, 24.2403417113049, 17.079912975890469, -0.59811568334995924, 0.75181371693986, 7.1631527924213216, 18.92825348641405, 10.159761807534181, 2.3145402521276961, 6.0172701238270756, 8.0087440378656538, 25.646306404578812, -0.44404666313851449, 10.400764887806865, 16.784919277434263, 7.1856911638335381, 6.1245545621644171, 2.1178776387902429], 'fneg': array([2, 3, 1, 3, 2, 1, 1, 3, 2, 3, 3, 2, 3, 2, 1, 2, 2, 2, 3, 3, 3, 2, 3,
       3, 3, 3, 3, 2, 3, 0, 3, 1, 3, 3, 3, 0, 0, 2, 3, 3, 1, 2, 3, 3, 0, 3,
       3, 2, 2, 1]), 'sensitivity': array([0.0, 0.0, 0.071428571, 0.0, 0.0, 0.071428571, 0.071428571, 0.0, 0.0,
       0.0, 0.0, 0.0, 0.0, 0.0, 0.071428571, 0.0, 0.0, 0.0, 0.0, 0.0, 0.0,
       0.0, 0.0, 0.0, 0.0, 0.0, 0.0, 0.0, 0.0, 0.14285714, 0.0,
       0.071428571, 0.0, 0.0, 0.0, 0.35714286, 0.071428571, 0.0, 0.0, 0.0,
       0.071428571, 0.0, 0.0, 0.0, 0.28571429, 0.0, 0.0, 0.0, 0.0,
       0.071428571]), 'tpos': array([1, 0, 2, 0, 1, 2, 2, 0, 1, 0, 0, 1, 0, 1, 2, 1, 1, 1, 0, 0, 0, 1, 0,
       0, 0, 0, 0, 1, 0, 3, 0, 2, 0, 0, 0, 3, 3, 1, 0, 0, 2, 1, 0, 0, 3, 0,
       0, 1, 1, 2])}, {'specificity': array([0.50877193, 0.22807018, 0.035087719, 0.68421053, 0.45614035,
       0.71929825, 0.49122807, 0.087719298, 0.28070175, 0.56140351,
       0.42105263, 0.94736842, 0.19298246, 0.47368421, 0.9122807,
       0.63157895, 0.38596491, 0.26315789, 0.92982456, 0.29824561,
       0.15789474, 0.01754386, 0.75438596, 0.54385965, 0.70175439,
       0.80701754, 0.61403509, 0.35087719, 0.66666667, 0.87719298,
       0.98245614, 0.8245614, 0.77192982, 0.33333333, 1.0, 0.59649123,
       0.052631579, 0.10526316, 0.36842105, 0.1754386, 0.21052632,
       0.89473684, 0.070175439, 0.14035088, 0.57894737, 0.40350877,
       0.12280702, 0.85964912, 0.84210526, 0.31578947, 0.73684211,
       0.96491228, 0.24561404, 0.64912281, 0.78947368, 0.52631579,
       0.43859649]), 'tneg': array([0, 0, 0, 0, 0, 0, 0, 0, 0, 0, 0, 2, 0, 0, 2, 0, 0, 0, 2, 0, 0, 0, 1,
       0, 0, 1, 0, 0, 0, 2, 3, 1, 1, 0, 5, 0, 0, 0, 0, 0, 0, 2, 0, 0, 0, 0,
       0, 2, 2, 0, 0, 2, 0, 0, 1, 0, 0]), 'fpos': array([10, 10, 10, 10, 10, 10, 10, 10, 10, 10, 10,  8, 10, 10,  8, 10, 10,
       10,  8, 10, 10, 10,  9, 10, 10,  9, 10, 10, 10,  8,  7,  9,  9, 10,
        5, 10, 10, 10, 10, 10, 10,  8, 10, 10, 10, 10, 10,  8,  8, 10, 10,
        8, 10, 10,  9, 10, 10]), 'threshold': [7.8294405919832935, 3.3691814961682409, 0.78993139879697027, 12.070574914874023, 6.9771324219042405, 13.679461312089122, 7.6170601390570738, 1.7845046003638292, 3.8996786635373741, 9.7706232959475017, 6.5098522788371485, 36.152132988745706, 3.1438030675464539, 7.1953216720574575, 32.844618547126387, 10.23676968354428, 5.807135356504789, 3.5011109685315125, 36.119145732733685, 4.6748125482599594, 2.4767970686461069, 0.4632889071516606, 17.744106675925224, 8.7961310486158091, 13.036341543608673, 20.919121404564553, 10.222094942922222, 5.1990764327928236, 12.062382234306835, 31.324640243898205, 61.945237209040563, 20.970869349243323, 18.014316556306255, 4.9595528169304171, 77.348107118951091, 10.028420715562067, 0.988895403102611, 1.8231459410440156, 5.6461302414982963, 2.9466783047931404, 3.1525082980468673, 32.679602052218556, 1.0872541204153832, 2.4251932729793104, 9.7860999243378171, 5.835793842952576, 2.0073789961251802, 28.207871252672298, 27.773618730229551, 4.84857752302691, 14.306083598530151, 36.823746215251582, 3.4606943520049809, 11.792592363379216, 20.041801491187943, 8.2395384522213213, 6.841491162080124], 'fneg': array([0, 0, 0, 0, 0, 0, 0, 0, 0, 0, 0, 2, 0, 0, 2, 0, 0, 0, 2, 0, 0, 0, 0,
       0, 0, 1, 0, 0, 0, 2, 3, 1, 1, 0, 4, 0, 0, 0, 0, 0, 0, 2, 0, 0, 0, 0,
       0, 1, 1, 0, 0, 2, 0, 0, 1, 0, 0]), 'sensitivity': array([0.0, 0.0, 0.28571429, 0.0, 0.0, 0.0, 0.0, 0.14285714, 0.0, 0.0, 0.0,
       0.0, 0.0, 0.0, 0.0, 0.0, 0.0, 0.0, 0.0, 0.0, 0.0, 0.28571429, 0.0,
       0.0, 0.0, 0.0, 0.0, 0.0, 0.0, 0.0, 0.0, 0.0, 0.0, 0.0, 0.0, 0.0,
       0.28571429, 0.14285714, 0.0, 0.0, 0.0, 0.0, 0.28571429, 0.0, 0.0,
       0.0, 0.14285714, 0.0, 0.0, 0.0, 0.0, 0.0, 0.0, 0.0, 0.0, 0.0, 0.0]), 'tpos': array([6, 6, 6, 6, 6, 6, 6, 6, 6, 6, 6, 4, 6, 6, 4, 6, 6, 6, 4, 6, 6, 6, 6,
       6, 6, 5, 6, 6, 6, 4, 3, 5, 5, 6, 2, 6, 6, 6, 6, 6, 6, 4, 6, 6, 6, 6,
       6, 5, 5, 6, 6, 4, 6, 6, 5, 6, 6])}, {'specificity': array([0.81481481, 0.14814815, 0.074074074, 0.92592593, 0.51851852,
       0.7037037, 0.48148148, 0.11111111, 0.2962963, 0.77777778, 1.0,
       0.88888889, 0.33333333, 0.59259259, 0.44444444, 0.74074074,
       0.55555556, 0.40740741, 0.25925926, 0.037037037, 0.37037037,
       0.22222222, 0.85185185, 0.96296296, 0.66666667, 0.62962963,
       0.18518519]), 'tneg': array([11, 10,  8, 11, 11, 11, 11,  9, 11, 11, 12, 11, 11, 11, 11, 11, 11,
       11, 11,  6, 11, 11, 11, 11, 11, 11, 10]), 'fpos': array([1, 2, 4, 1, 1, 1, 1, 3, 1, 1, 0, 1, 1, 1, 1, 1, 1, 1, 1, 6, 1, 1, 1,
       1, 1, 1, 2]), 'threshold': [5.3450384459352271, 1.2929509611075472, 0.62318832628369214, 5.8019902535793584, 3.6895332695387166, 4.5900805304251966, 3.6589539511021174, 1.2265716445708135, 3.0905137419483619, 5.2337414443252523, 7.3475999507660639, 5.6528220564605531, 3.3641982324362165, 4.0486349316167862, 3.6381671370286135, 5.101084589853075, 3.7247711510770447, 3.5024122952362604, 2.951450397464793, -0.68996298258822386, 3.3723613289577843, 2.5611498977582037, 5.5008715901506431, 6.0166449035907776, 4.5485234435146751, 4.4314678328312551, 1.3664276837614011], 'fneg': array([3, 1, 1, 3, 2, 3, 2, 1, 2, 3, 3, 3, 2, 2, 2, 3, 2, 2, 2, 1, 2, 1, 3,
       3, 3, 3, 1]), 'sensitivity': array([0.0, 0.15789474, 0.23684211, 0.0, 0.0, 0.0, 0.0, 0.15789474,
       0.026315789, 0.0, 0.0, 0.0, 0.026315789, 0.0, 0.0, 0.0, 0.0, 0.0,
       0.026315789, 0.47368421, 0.026315789, 0.026315789, 0.0, 0.0, 0.0,
       0.0, 0.15789474]), 'tpos': array([0, 2, 2, 0, 1, 0, 1, 2, 1, 0, 0, 0, 1, 1, 1, 0, 1, 1, 1, 2, 1, 2, 0,
       0, 0, 0, 2])}], <Model object at 0x0000000000000708>)
#adapt
([{'specificity': array([0.5, 0.8, 0.3, 0.15, 0.9, 0.75, 0.05, 0.6, 0.7, 0.25, 0.85, 1.0,
       0.55, 0.35, 0.45, 0.1, 0.4, 0.95, 0.2, 0.65]), 'tneg': array([12, 15,  8,  7, 15, 15,  3, 13, 14,  8, 15, 15, 13,  9, 11,  5, 10,
       15,  8, 14]), 'fpos': array([ 3,  0,  7,  8,  0,  0, 12,  2,  1,  7,  0,  0,  2,  6,  4, 10,  5,
        0,  7,  1]), 'threshold': [2.9811898385996294, 4.5348051039701565, 1.3691094354979683, 0.87380324845516877, 5.0922180715355889, 4.5005943608280452, -0.53973517251918213, 3.3384362154041334, 3.9222601144618809, 1.2310696739946709, 4.8718368488948833, 5.6679542828966687, 3.1098078374000346, 1.8544082656568883, 2.8437804468476782, 0.014145641826891486, 2.4759305744404005, 5.4432049475998046, 1.1471302372685386, 3.8613729887639554], 'fneg': array([1, 1, 1, 1, 1, 1, 0, 1, 1, 1, 1, 1, 1, 1, 1, 0, 1, 1, 1, 1]), 'sensitivity': array([0.046511628, 0.0, 0.20930233, 0.27906977, 0.0, 0.0, 0.48837209,
       0.023255814, 0.023255814, 0.23255814, 0.0, 0.0, 0.023255814,
       0.093023256, 0.046511628, 0.44186047, 0.093023256, 0.0, 0.23255814,
       0.023255814]), 'tpos': array([1, 1, 1, 1, 1, 1, 2, 1, 1, 1, 1, 1, 1, 1, 1, 2, 1, 1, 1, 1])}, {'specificity': array([0.26829268, 0.048780488, 0.48780488, 0.46341463, 0.65853659,
       0.90243902, 0.19512195, 0.36585366, 0.3902439, 0.56097561,
       0.43902439, 0.14634146, 0.7804878, 0.2195122, 0.31707317,
       0.85365854, 0.68292683, 0.63414634, 1.0, 0.97560976, 0.12195122,
       0.75609756, 0.17073171, 0.70731707, 0.73170732, 0.87804878,
       0.95121951, 0.41463415, 0.53658537, 0.58536585, 0.29268293,
       0.073170732, 0.34146341, 0.6097561, 0.92682927, 0.097560976,
       0.024390244, 0.82926829, 0.80487805, 0.51219512, 0.24390244]), 'tneg': array([ 3,  1,  8,  6, 10, 10,  3,  5,  5,  9,  6,  3, 10,  3,  3, 10, 10,
       10, 11, 11,  2, 10,  3, 10, 10, 10, 11,  6,  9, 10,  3,  1,  5, 10,
       11,  2,  1, 10, 10,  9,  3]), 'fpos': array([ 8, 10,  3,  5,  1,  1,  8,  6,  6,  2,  5,  8,  1,  8,  8,  1,  1,
        1,  0,  0,  9,  1,  8,  1,  1,  1,  0,  5,  2,  1,  8, 10,  6,  1,
        0,  9, 10,  1,  1,  2,  8]), 'threshold': [0.95675882896331443, 0.519653650625445, 1.6356122959264989, 1.4806945894982397, 2.08802439046428, 2.7087782263816713, 0.9083136379013208, 1.1766408996582478, 1.1767447919788754, 1.8278719306201428, 1.3952537136881513, 0.8064091305207417, 2.4861988913424713, 0.93017863927550937, 1.0403564676037218, 2.6631843475128103, 2.161478003350068, 2.0642471589117388, 4.0422616030581109, 3.4777871244468077, 0.608862633135578, 2.4619449135224505, 0.85685530207493144, 2.2458108380142257, 2.4375636858306038, 2.6713676874466845, 2.9260510564332227, 1.3135475428231833, 1.7332271706998728, 2.0366261903647089, 0.99082454001911513, 0.5347922170328494, 1.1182437786370181, 2.0370544987783643, 2.8593665358699711, 0.5505014737953664, 0.30052274997529249, 2.5644205117343954, 2.5338753540477263, 1.71815024205243, 0.94081508186478335], 'fneg': array([0, 0, 2, 2, 2, 5, 0, 0, 0, 2, 1, 0, 5, 0, 0, 5, 2, 2, 5, 5, 0, 5, 0,
       3, 4, 5, 5, 1, 2, 2, 0, 0, 0, 2, 5, 0, 0, 5, 5, 2, 0]), 'sensitivity': array([0.7826087, 0.91304348, 0.43478261, 0.52173913, 0.30434783,
       0.13043478, 0.7826087, 0.69565217, 0.69565217, 0.34782609,
       0.56521739, 0.7826087, 0.17391304, 0.7826087, 0.7826087, 0.13043478,
       0.30434783, 0.30434783, 0.0, 0.0, 0.91304348, 0.17391304, 0.7826087,
       0.26086957, 0.17391304, 0.13043478, 0.043478261, 0.60869565,
       0.39130435, 0.30434783, 0.7826087, 0.91304348, 0.73913043,
       0.30434783, 0.086956522, 0.91304348, 0.95652174, 0.17391304,
       0.17391304, 0.39130435, 0.7826087]), 'tpos': array([5, 5, 3, 3, 3, 0, 5, 5, 5, 3, 4, 5, 0, 5, 5, 0, 3, 3, 0, 0, 5, 0, 5,
       2, 1, 0, 0, 4, 3, 3, 5, 5, 5, 3, 0, 5, 5, 0, 0, 3, 5])}, {'specificity': array([0.73913043, 0.34782609, 0.17391304, 0.13043478, 0.95652174,
       0.56521739, 0.82608696, 0.52173913, 0.7826087, 0.26086957,
       0.65217391, 0.39130435, 0.86956522, 1.0, 0.60869565, 0.47826087,
       0.43478261, 0.086956522, 0.30434783, 0.91304348, 0.69565217,
       0.2173913, 0.043478261]), 'tneg': array([12, 10,  7,  7, 12, 11, 12, 11, 12,  7, 11, 10, 12, 12, 11, 11, 10,
        6, 10, 12, 12,  7,  4]), 'fpos': array([0, 2, 5, 5, 0, 1, 0, 1, 0, 5, 1, 2, 0, 0, 1, 1, 2, 6, 2, 0, 0, 5, 8]), 'threshold': [4.581127329167078, 2.8927197682952093, 1.1063877091226044, 0.40255350088884234, 6.02498386922777, 3.8498042725529045, 5.276504674361524, 3.6025036550743144, 4.5983122076772478, 1.3842140079820218, 3.9346701096475778, 3.0781135780929554, 5.6088834472450237, 7.9837991283168845, 3.8533559558112898, 3.5893989004787441, 3.28697382920564, -0.87656879782520658, 2.5249256892370271, 5.7162357990304686, 4.517190997037817, 1.2327851345648468, -1.9949319049607892], 'fneg': array([3, 2, 2, 1, 4, 2, 3, 2, 3, 2, 3, 2, 4, 4, 2, 2, 2, 1, 2, 4, 3, 2, 0]), 'sensitivity': array([0.0, 0.0, 0.14634146, 0.24390244, 0.0, 0.0, 0.0, 0.0, 0.0,
       0.073170732, 0.0, 0.0, 0.0, 0.0, 0.0, 0.0, 0.0, 0.51219512,
       0.048780488, 0.0, 0.0, 0.073170732, 0.65853659]), 'tpos': array([1, 2, 2, 3, 0, 2, 1, 2, 1, 2, 1, 2, 0, 0, 2, 2, 2, 3, 2, 0, 1, 2, 4])}, {'specificity': array([0.421875, 0.953125, 0.984375, 0.796875, 0.765625, 0.71875, 0.359375,
       0.3125, 0.84375, 0.640625, 0.1875, 0.515625, 0.203125, 0.671875,
       0.890625, 0.578125, 0.375, 0.875, 0.171875, 0.46875, 0.453125,
       0.546875, 0.78125, 0.65625, 0.21875, 0.828125, 0.28125, 0.859375,
       0.296875, 0.125, 0.046875, 0.9375, 0.8125, 0.96875, 1.0, 0.921875,
       0.625, 0.09375, 0.734375, 0.34375, 0.015625, 0.234375, 0.5, 0.53125,
       0.4375, 0.109375, 0.078125, 0.15625, 0.5625, 0.0625, 0.703125,
       0.59375, 0.328125, 0.390625, 0.484375, 0.6875, 0.90625, 0.25,
       0.265625, 0.03125, 0.40625, 0.609375, 0.75, 0.140625]), 'tneg': array([ 8, 12, 12, 10, 10, 10,  8,  6, 11,  9,  6,  9,  6, 10, 11,  9,  8,
       11,  5,  8,  8,  9, 10, 10,  6, 11,  6, 11,  6,  3,  1, 12, 11, 12,
       12, 12,  9,  2, 10,  8,  1,  6,  9,  9,  8,  3,  2,  5,  9,  2, 10,
        9,  6,  8,  9, 10, 11,  6,  6,  1,  8,  9, 10,  5]), 'fpos': array([ 4,  0,  0,  2,  2,  2,  4,  6,  1,  3,  6,  3,  6,  2,  1,  3,  4,
        1,  7,  4,  4,  3,  2,  2,  6,  1,  6,  1,  6,  9, 11,  0,  1,  0,
        0,  0,  3, 10,  2,  4, 11,  6,  3,  3,  4,  9, 10,  7,  3, 10,  2,
        3,  6,  4,  3,  2,  1,  6,  6, 11,  4,  3,  2,  7]), 'threshold': [32.268002208341144, 60.134359306471964, 70.4028991627174, 39.814243670255166, 39.618437859996369, 38.903480346947354, 31.770795686412363, 30.818330297432535, 45.292654527026933, 37.200339764304992, 29.98206014708148, 34.130391208373929, 30.007370382797752, 38.1421336229398, 48.406156925668213, 36.116222959452756, 32.174302395426828, 46.714688129866474, 29.211207949962525, 32.89878577009258, 32.461847766736675, 34.393417643081079, 39.692957369383095, 37.882019283350367, 30.025401067124115, 44.144401029056212, 30.642881787037741, 45.453435640891364, 30.745652533149759, 28.519049258563495, 25.486394850220808, 53.127478257892925, 42.08266632147334, 61.45956974886851, 74.6141736091784, 49.690686645020854, 36.888276088066334, 27.8464878696584, 39.326189915818276, 31.519763972884874, 23.113382763257249, 30.187667485017425, 33.964137004393351, 34.217851352054893, 32.404387680907611, 28.19891439540438, 27.453392037346848, 29.204617467605154, 34.754146394707988, 27.164632745376991, 38.6962095814087, 36.229657999723614, 31.253454772704195, 32.181934615839388, 33.9269492839161, 38.593126951083953, 48.4646399628795, 30.4530718262161, 30.611898919536426, 25.30009235346553, 32.2288687069381, 36.292571820237249, 39.407440549602377, 28.707510574405681], 'fneg': array([1, 4, 4, 4, 4, 4, 1, 1, 4, 3, 1, 2, 1, 3, 4, 2, 1, 4, 1, 2, 1, 2, 4,
       3, 1, 4, 1, 4, 1, 1, 0, 4, 4, 4, 4, 4, 2, 0, 4, 1, 0, 1, 2, 2, 1, 0,
       0, 1, 2, 0, 3, 2, 1, 1, 2, 3, 4, 1, 1, 0, 1, 2, 4, 1]), 'sensitivity': array([1, 1, 1, 1, 1, 1, 1, 1, 1, 1, 1, 1, 1, 1, 1, 1, 1, 1, 1, 1, 1, 1, 1,
       1, 1, 1, 1, 1, 1, 1, 1, 1, 1, 1, 1, 1, 1, 1, 1, 1, 1, 1, 1, 1, 1, 1,
       1, 1, 1, 1, 1, 1, 1, 1, 1, 1, 1, 1, 1, 1, 1, 1, 1, 1]), 'tpos': array([3, 0, 0, 0, 0, 0, 3, 3, 0, 1, 3, 2, 3, 1, 0, 2, 3, 0, 3, 2, 3, 2, 0,
       1, 3, 0, 3, 0, 3, 3, 4, 0, 0, 0, 0, 0, 2, 4, 0, 3, 4, 3, 2, 2, 3, 4,
       4, 3, 2, 4, 1, 2, 3, 3, 2, 1, 0, 3, 3, 4, 3, 2, 0, 3])}, {'specificity': array([0.35714286, 0.46428571, 0.89285714, 0.92857143, 0.21428571,
       0.71428571, 0.78571429, 0.39285714, 0.75, 0.60714286, 1.0,
       0.96428571, 0.67857143, 0.5, 0.64285714, 0.28571429, 0.53571429,
       0.035714286, 0.10714286, 0.17857143, 0.25, 0.57142857, 0.32142857,
       0.071428571, 0.85714286, 0.82142857, 0.42857143, 0.14285714]), 'tneg': array([6, 7, 8, 8, 3, 8, 8, 6, 8, 8, 8, 8, 8, 7, 8, 6, 8, 0, 0, 3, 4, 8, 6,
       0, 8, 8, 7, 3]), 'fpos': array([2, 1, 0, 0, 5, 0, 0, 2, 0, 0, 0, 0, 0, 1, 0, 2, 0, 8, 8, 5, 4, 0, 2,
       8, 0, 0, 1, 5]), 'threshold': [1.356511307270847, 1.8759357673361061, 3.6283068758752961, 3.7970871843332219, 0.21841399836044251, 2.8337490915275025, 3.063604680147336, 1.4189813509235225, 2.904786075963619, 2.5961669057207049, 5.0801658040625535, 4.5512802374117385, 2.7280349108784794, 1.9416550332137275, 2.72313490502492, 1.1586745539616101, 2.2017967206057651, -1.1464202418502143, -0.97494811387660785, -0.10714903298856338, 0.61305725561457769, 2.2373181339991275, 1.2759964533882382, -1.11800427090208, 3.2054457244609402, 3.1673768559015167, 1.5078346599801744, -0.13506372911628106], 'fneg': array([1, 2, 6, 6, 1, 5, 5, 1, 5, 5, 7, 7, 5, 2, 5, 1, 3, 1, 1, 1, 1, 3, 1,
       1, 5, 5, 1, 1]), 'sensitivity': array([0.24324324, 0.13513514, 0.054054054, 0.054054054, 0.59459459,
       0.081081081, 0.081081081, 0.24324324, 0.081081081, 0.10810811, 0.0,
       0.0, 0.081081081, 0.13513514, 0.081081081, 0.24324324, 0.10810811,
       0.89189189, 0.83783784, 0.67567568, 0.48648649, 0.10810811,
       0.24324324, 0.89189189, 0.081081081, 0.081081081, 0.21621622,
       0.7027027]), 'tpos': array([6, 5, 1, 1, 6, 2, 2, 6, 2, 2, 0, 0, 2, 5, 2, 6, 4, 6, 6, 6, 6, 4, 6,
       6, 2, 2, 6, 6])}], <Model object at 0x0000000000000A34>)
#adapt
([{'specificity': array([0.97674419, 0.30232558, 0.48837209, 0.41860465, 0.93023256,
       0.90697674, 0.95348837, 0.55813953, 0.30232558, 0.46511628,
       0.30232558, 0.76744186, 0.88372093, 0.30232558, 0.8372093,
       0.65116279, 0.37209302, 0.60465116, 0.86046512, 0.30232558,
       0.30232558, 0.81395349, 0.53488372, 1.0, 0.74418605, 0.30232558,
       0.30232558, 0.30232558, 0.6744186, 0.51162791, 0.44186047,
       0.30232558, 0.34883721, 0.30232558, 0.79069767, 0.30232558,
       0.69767442, 0.3255814, 0.39534884, 0.72093023, 0.62790698,
       0.58139535, 0.30232558]), 'tneg': array([12,  5,  8,  6, 10, 10, 11,  8,  5,  6,  5,  9, 10,  5, 10,  9,  6,
        8, 10,  5,  5, 10,  8, 13,  9,  5,  5,  5,  9,  8,  6,  5,  6,  5,
        9,  5,  9,  5,  6,  9,  8,  8,  5]), 'fpos': array([1, 8, 5, 7, 3, 3, 2, 5, 8, 7, 8, 4, 3, 8, 3, 4, 7, 5, 3, 8, 8, 3, 5,
       0, 4, 8, 8, 8, 4, 5, 7, 8, 7, 8, 4, 8, 4, 8, 7, 4, 5, 5, 8]), 'threshold': [2.3189603365803695, 2.0294892715396826, 2.0312764070095355, 2.0296091474444977, 2.2524532424999921, 2.2313264172752878, 2.3077936354470459, 2.0374433563350256, 2.0294892715396826, 2.0297220740214974, 2.0294892715396826, 2.0847538009914186, 2.230808692353043, 2.0294892715396826, 2.1157958692320284, 2.0458019499202886, 2.0295729530287927, 2.0375177720537154, 2.1632510915512415, 2.0294892715396826, 2.0294892715396826, 2.1028921257001874, 2.03743640700721, 2.319044597180131, 2.0731854866214312, 2.0294892715396826, 2.0294892715396826, 2.0294892715396826, 2.0507296024520376, 2.0344108434095931, 2.0296398403090157, 2.0294892715396826, 2.0295700574755364, 2.0294892715396826, 2.087158847526188, 2.0294892715396826, 2.0679772549791369, 2.0295272032873415, 2.0295741112500951, 2.0726063759701505, 2.0413028392704873, 2.0374756692615907, 2.0294892715396826], 'fneg': array([4, 0, 0, 0, 2, 2, 4, 1, 0, 0, 0, 1, 2, 0, 2, 1, 0, 1, 2, 0, 0, 1, 1,
       4, 1, 0, 0, 0, 1, 1, 0, 0, 0, 0, 1, 0, 1, 0, 0, 1, 1, 1, 0]), 'sensitivity': array([0.1, 0.85, 0.8, 0.85, 0.25, 0.25, 0.1, 0.8, 0.85, 0.8, 0.85, 0.6,
       0.25, 0.85, 0.6, 0.8, 0.85, 0.8, 0.35, 0.85, 0.85, 0.6, 0.8, 0.0,
       0.6, 0.85, 0.85, 0.85, 0.8, 0.8, 0.8, 0.85, 0.85, 0.85, 0.6, 0.85,
       0.6, 0.85, 0.85, 0.6, 0.8, 0.8, 0.85]), 'tpos': array([0, 4, 4, 4, 2, 2, 0, 3, 4, 4, 4, 3, 2, 4, 2, 3, 4, 3, 2, 4, 4, 3, 3,
       0, 3, 4, 4, 4, 3, 3, 4, 4, 4, 4, 3, 4, 3, 4, 4, 3, 3, 3, 4])}, {'specificity': array([0.96875, 0.984375, 0.625, 0.71875, 0.609375, 0.734375, 0.140625,
       0.265625, 0.703125, 0.828125, 0.65625, 0.6875, 0.46875, 0.78125,
       0.53125, 0.859375, 0.078125, 0.578125, 0.890625, 0.453125, 0.21875,
       0.578125, 0.328125, 0.515625, 0.40625, 0.296875, 0.25, 0.765625,
       0.84375, 0.296875, 0.875, 0.0625, 0.046875, 0.9375, 0.8125, 0.90625,
       0.953125, 0.09375, 0.203125, 0.34375, 0.3125, 0.390625, 0.59375,
       0.359375, 0.234375, 0.4375, 0.03125, 0.671875, 0.171875, 0.125,
       0.109375, 0.484375, 0.640625, 0.796875, 0.421875, 0.375, 0.546875,
       0.921875, 0.015625, 1.0, 0.15625, 0.5, 0.75, 0.1875]), 'tneg': array([11, 11,  9, 11,  9, 11,  2,  5, 11, 11, 10, 11,  9, 11,  9, 11,  2,
        9, 11,  9,  4,  9,  7,  9,  8,  5,  4, 11, 11,  5, 11,  1,  1, 11,
       11, 11, 11,  2,  4,  7,  5,  8,  9,  7,  4,  9,  0, 11,  3,  2,  2,
        9, 10, 11,  9,  8,  9, 11,  0, 11,  3,  9, 11,  4]), 'fpos': array([ 0,  0,  2,  0,  2,  0,  9,  6,  0,  0,  1,  0,  2,  0,  2,  0,  9,
        2,  0,  2,  7,  2,  4,  2,  3,  6,  7,  0,  0,  6,  0, 10, 10,  0,
        0,  0,  0,  9,  7,  4,  6,  3,  2,  4,  7,  2, 11,  0,  8,  9,  9,
        2,  1,  0,  2,  3,  2,  0, 11,  0,  8,  2,  0,  7]), 'threshold': [293.22145217359486, 330.39778780866357, 174.07492587083806, 183.54937003000109, 173.88831963669568, 185.200621113897, 141.221200231516, 150.58622088693733, 182.83505587018962, 208.64190639787947, 175.56028969062356, 182.67097360485184, 158.84157985460362, 191.33221066021036, 167.25495626511014, 216.03420738686174, 136.38569029599179, 170.48271219295106, 220.76622313728723, 157.30806454420392, 146.12690833918146, 170.48271219295106, 153.02871545575405, 164.65947070666761, 156.2723173727274, 151.70469046622694, 147.13706355972647, 189.91687393783337, 209.05378384784385, 151.70469046622694, 216.15898125795567, 124.31111147947303, 118.71627391927916, 257.35595059586842, 194.33831141734768, 235.56635422232816, 277.44890007837324, 137.06962222057314, 144.59949305611511, 153.22723276839375, 152.61821584752704, 156.1200631425107, 173.18045992134535, 153.99886340449314, 146.42654381871529, 157.13509134395525, 112.22009343003406, 179.26270613544639, 143.0388318903336, 139.32134640860346, 139.13097331477212, 159.88979614352948, 175.10109050952374, 193.52385236574227, 156.98283711373856, 155.3587919914273, 169.36618117136206, 241.73769193435825, 110.1616289204936, 357.24790125874773, 141.73043166569681, 162.52205028296069, 187.23067751678607, 144.34573600575396], 'fneg': array([5, 5, 4, 5, 4, 5, 1, 2, 5, 5, 4, 5, 3, 5, 4, 5, 1, 4, 5, 3, 2, 4, 3,
       4, 3, 3, 2, 5, 5, 3, 5, 1, 0, 5, 5, 5, 5, 1, 1, 3, 3, 3, 4, 3, 2, 3,
       0, 5, 1, 1, 1, 3, 4, 5, 3, 3, 4, 5, 0, 5, 1, 3, 5, 1]), 'sensitivity': array([1, 1, 1, 1, 1, 1, 1, 1, 1, 1, 1, 1, 1, 1, 1, 1, 1, 1, 1, 1, 1, 1, 1,
       1, 1, 1, 1, 1, 1, 1, 1, 1, 1, 1, 1, 1, 1, 1, 1, 1, 1, 1, 1, 1, 1, 1,
       1, 1, 1, 1, 1, 1, 1, 1, 1, 1, 1, 1, 1, 1, 1, 1, 1, 1]), 'tpos': array([0, 0, 1, 0, 1, 0, 4, 3, 0, 0, 1, 0, 2, 0, 1, 0, 4, 1, 0, 2, 3, 1, 2,
       1, 2, 2, 3, 0, 0, 2, 0, 4, 5, 0, 0, 0, 0, 4, 4, 2, 2, 2, 1, 2, 3, 2,
       5, 0, 4, 4, 4, 2, 1, 0, 2, 2, 1, 0, 5, 0, 4, 2, 0, 4])}, {'specificity': array([0.33333333, 0.47619048, 0.9047619, 0.88095238, 0.92857143,
       0.5952381, 0.52380952, 0.33333333, 0.76190476, 0.85714286,
       0.42857143, 0.64285714, 0.33333333, 0.33333333, 0.83333333,
       0.57142857, 0.33333333, 0.95238095, 1.0, 0.33333333, 0.73809524,
       0.33333333, 0.5, 0.33333333, 0.4047619, 0.33333333, 0.80952381,
       0.78571429, 0.38095238, 0.33333333, 0.69047619, 0.33333333,
       0.35714286, 0.45238095, 0.71428571, 0.66666667, 0.61904762, 1.0,
       0.33333333, 0.54761905, 0.33333333, 0.33333333]), 'tneg': array([ 3,  3,  9,  9, 10,  5,  3,  3,  7,  9,  3,  5,  3,  3,  7,  5,  3,
       11, 11,  3,  7,  3,  3,  3,  3,  3,  7,  7,  3,  3,  7,  3,  3,  3,
        7,  5,  5, 11,  3,  3,  3,  3]), 'fpos': array([8, 8, 2, 2, 1, 6, 8, 8, 4, 2, 8, 6, 8, 8, 4, 6, 8, 0, 0, 8, 4, 8, 8,
       8, 8, 8, 4, 4, 8, 8, 4, 8, 8, 8, 4, 6, 6, 0, 8, 8, 8, 8]), 'threshold': [2.006678788703125, 2.006722852515221, 2.0886355633834546, 2.0808697954560436, 2.0970456847370205, 2.0096025397134452, 2.0067643619034272, 2.006678788703125, 2.0269928446852759, 2.0806794908762671, 2.0067095482241291, 2.0096298933359296, 2.006678788703125, 2.006678788703125, 2.0336601039058242, 2.0095999852895554, 2.006678788703125, 2.1114588086655068, 2.1131131174370177, 2.006678788703125, 2.0227405803836991, 2.006678788703125, 2.0067341345540668, 2.006678788703125, 2.0067084838808418, 2.006678788703125, 2.0328253394655644, 2.0278768882197395, 2.0067072066688971, 2.006678788703125, 2.0208261461127628, 2.006678788703125, 2.006692731600189, 2.0067099739614442, 2.0225277117262315, 2.0110212028811389, 2.0096144172523602, 2.1131131174370177, 2.006678788703125, 2.0068010070299414, 2.006678788703125, 2.006678788703125], 'fneg': array([2, 2, 4, 4, 4, 3, 3, 2, 4, 4, 2, 3, 2, 2, 4, 3, 2, 4, 5, 2, 4, 2, 3,
       2, 2, 2, 4, 4, 2, 2, 4, 2, 2, 2, 4, 3, 3, 5, 2, 3, 2, 2]), 'sensitivity': array([0.90909091, 0.90909091, 0.27272727, 0.27272727, 0.18181818,
       0.81818182, 0.90909091, 0.90909091, 0.63636364, 0.27272727,
       0.90909091, 0.81818182, 0.90909091, 0.90909091, 0.63636364,
       0.81818182, 0.90909091, 0.090909091, 0.0, 0.90909091, 0.63636364,
       0.90909091, 0.90909091, 0.90909091, 0.90909091, 0.90909091,
       0.63636364, 0.63636364, 0.90909091, 0.90909091, 0.63636364,
       0.90909091, 0.90909091, 0.90909091, 0.63636364, 0.81818182,
       0.81818182, 0.0, 0.90909091, 0.86363636, 0.90909091, 0.90909091]), 'tpos': array([3, 3, 1, 1, 1, 2, 2, 3, 1, 1, 3, 2, 3, 3, 1, 2, 3, 1, 0, 3, 1, 3, 2,
       3, 3, 3, 1, 1, 3, 3, 1, 3, 3, 3, 1, 2, 2, 0, 3, 2, 3, 3])}, {'specificity': array([0.275, 0.45, 0.825, 0.925, 0.85, 0.6, 0.225, 0.25, 0.9, 0.425, 0.15,
       0.625, 0.475, 0.4, 0.35, 0.125, 0.95, 1.0, 0.125, 0.575, 0.125,
       0.125, 0.325, 0.55, 0.875, 0.65, 0.775, 0.7, 0.375, 0.525, 0.5,
       0.725, 0.8, 0.675, 0.175, 0.75, 0.975, 0.3, 0.2, 0.125]), 'tneg': array([ 7,  9, 12, 12, 12, 11,  7,  7, 12,  9,  7, 12,  9,  8,  7,  7, 12,
       12,  7, 10,  7,  7,  7, 10, 12, 12, 12, 12,  8,  9,  9, 12, 12, 12,
        7, 12, 12,  7,  7,  7]), 'fpos': array([5, 3, 0, 0, 0, 1, 5, 5, 0, 3, 5, 0, 3, 4, 5, 5, 0, 0, 5, 2, 5, 5, 5,
       2, 0, 0, 0, 0, 4, 3, 3, 0, 0, 0, 5, 0, 0, 5, 5, 5]), 'threshold': [2.039807211451143, 2.0406790605957683, 2.0427427408516836, 2.0457371928851287, 2.0428787750699726, 2.0411755073119378, 2.0397494375941849, 2.0397931549010244, 2.044657431249473, 2.04063579003513, 2.0396312253582827, 2.0412688294023407, 2.0407797539984922, 2.0403880293784682, 2.0401979468474356, 2.039608521078125, 2.04717396057888, 2.0475263555779697, 2.039608521078125, 2.0410542157182912, 2.039608521078125, 2.039608521078125, 2.0401741177241637, 2.0409211571488068, 2.0438560563180994, 2.0415564222694127, 2.0425229337430446, 2.0422927716956685, 2.04035850424113, 2.0407963952944894, 2.0407940418993222, 2.0425020802685778, 2.0427098651178364, 2.0417811994295412, 2.0396356449546311, 2.0425039082263914, 2.0474301499721888, 2.0398571382350084, 2.0396948737762131, 2.039608521078125], 'fneg': array([2, 4, 4, 4, 4, 4, 2, 2, 4, 4, 2, 4, 4, 4, 3, 2, 4, 4, 2, 4, 2, 2, 3,
       4, 4, 4, 4, 4, 4, 4, 4, 4, 4, 4, 2, 4, 4, 3, 2, 2]), 'sensitivity': array([0.83333333, 0.75, 0.45833333, 0.25, 0.45833333, 0.75, 0.875,
       0.83333333, 0.33333333, 0.75, 0.875, 0.75, 0.75, 0.75, 0.79166667,
       0.91666667, 0.083333333, 0.0, 0.91666667, 0.75, 0.91666667,
       0.91666667, 0.79166667, 0.75, 0.41666667, 0.66666667, 0.45833333,
       0.5, 0.75, 0.75, 0.75, 0.45833333, 0.45833333, 0.66666667, 0.875,
       0.45833333, 0.0, 0.79166667, 0.875, 0.91666667]), 'tpos': array([2, 0, 0, 0, 0, 0, 2, 2, 0, 0, 2, 0, 0, 0, 1, 2, 0, 0, 2, 0, 2, 2, 1,
       0, 0, 0, 0, 0, 0, 0, 0, 0, 0, 0, 2, 0, 0, 1, 2, 2])}, {'specificity': array([0.79545455, 0.56818182, 0.84090909, 0.90909091, 0.95454545,
       0.97727273, 0.52272727, 0.68181818, 0.65909091, 0.59090909,
       0.52272727, 0.86363636, 0.93181818, 0.52272727, 0.52272727,
       0.52272727, 0.75, 0.56818182, 0.90909091, 1.0, 0.81818182,
       0.72727273, 0.52272727, 0.52272727, 0.52272727, 0.52272727,
       0.52272727, 0.52272727, 0.52272727, 0.52272727, 0.52272727,
       0.52272727, 0.72727273, 0.77272727, 0.52272727, 0.52272727,
       0.52272727, 0.52272727, 0.52272727, 0.52272727, 0.63636364,
       0.63636364, 0.52272727, 0.52272727]), 'tneg': array([10,  6, 11, 11, 11, 11,  6, 10,  8,  7,  6, 11, 11,  6,  6,  6, 10,
        6, 11, 13, 11, 10,  6,  6,  6,  6,  6,  6,  6,  6,  6,  6, 10, 10,
        6,  6,  6,  6,  6,  6,  7,  7,  6,  6]), 'fpos': array([3, 7, 2, 2, 2, 2, 7, 3, 5, 6, 7, 2, 2, 7, 7, 7, 3, 7, 2, 0, 2, 3, 7,
       7, 7, 7, 7, 7, 7, 7, 7, 7, 3, 3, 7, 7, 7, 7, 7, 7, 6, 6, 7, 7]), 'threshold': [2.1473623164015052, 2.0436419838986697, 2.2263873316417606, 2.2412045219993084, 2.2807170296194359, 2.2856560930719518, 2.0387029204461538, 2.0633982377087334, 2.0584591742562175, 2.0485810473511856, 2.0387029204461538, 2.2313263950942765, 2.2461435854518244, 2.0387029204461538, 2.0387029204461538, 2.0387029204461538, 2.0831544915187976, 2.0436419838986697, 2.2412045219993084, 3.2833469104801773, 2.2066310778316964, 2.0782154280662817, 2.0387029204461538, 2.0387029204461538, 2.0387029204461538, 2.0387029204461538, 2.0387029204461538, 2.0387029204461538, 2.0387029204461538, 2.0387029204461538, 2.0387029204461538, 2.0387029204461538, 2.0782154280662817, 2.1424232529489888, 2.0387029204461538, 2.0387029204461538, 2.0387029204461538, 2.0387029204461538, 2.0387029204461538, 2.0387029204461538, 2.0535201108037016, 2.0535201108037016, 2.0387029204461538, 2.0387029204461538], 'fneg': array([1, 1, 1, 1, 1, 1, 0, 1, 1, 1, 0, 1, 1, 0, 0, 0, 1, 1, 1, 2, 1, 1, 0,
       0, 0, 0, 0, 0, 0, 0, 0, 0, 1, 1, 0, 0, 0, 0, 0, 0, 1, 1, 0, 0]), 'sensitivity': array([0.52380952, 0.71428571, 0.38095238, 0.38095238, 0.33333333,
       0.33333333, 0.76190476, 0.66666667, 0.71428571, 0.71428571,
       0.76190476, 0.38095238, 0.38095238, 0.76190476, 0.76190476,
       0.76190476, 0.61904762, 0.71428571, 0.38095238, 0.0, 0.47619048,
       0.61904762, 0.76190476, 0.76190476, 0.76190476, 0.76190476,
       0.76190476, 0.76190476, 0.76190476, 0.76190476, 0.76190476,
       0.76190476, 0.61904762, 0.52380952, 0.76190476, 0.76190476,
       0.76190476, 0.76190476, 0.76190476, 0.76190476, 0.71428571,
       0.71428571, 0.76190476, 0.76190476]), 'tpos': array([1, 1, 1, 1, 1, 1, 2, 1, 1, 1, 2, 1, 1, 2, 2, 2, 1, 1, 1, 0, 1, 1, 2,
       2, 2, 2, 2, 2, 2, 2, 2, 2, 1, 1, 2, 2, 2, 2, 2, 2, 1, 1, 2, 2])}], <Model object at 0x0000000000000D60>)
#adapt
([{'specificity': array([0.5, 0.32142857, 0.25, 0.89285714, 0.42857143, 0.071428571,
       0.64285714, 0.35714286, 0.57142857, 1.0, 0.82142857, 0.39285714,
       0.71428571, 0.17857143, 0.85714286, 0.78571429, 0.75, 0.60714286,
       0.10714286, 0.21428571, 0.67857143, 0.46428571, 0.14285714,
       0.53571429, 0.28571429, 0.92857143, 0.96428571, 0.035714286]), 'tneg': array([ 8,  7,  7, 13,  8,  5,  8,  7,  8, 14, 12,  8,  9,  7, 13, 10, 10,
        8,  5,  7,  8,  8,  6,  8,  7, 14, 14,  5]), 'fpos': array([6, 7, 7, 1, 6, 9, 6, 7, 6, 0, 2, 6, 5, 7, 1, 4, 4, 6, 9, 7, 6, 6, 8,
       6, 7, 0, 0, 9]), 'threshold': [2.8668241045177094, 1.5297871729276125, 0.9416201421252437, 5.0407839787933808, 2.19535498491812, -0.25983664927066807, 3.2328887750328614, 1.6125848872358084, 2.9789404934670847, 6.8639772485798121, 4.3091340809771932, 2.0683420559464949, 3.53707054995916, 0.57522224753729834, 4.800670037483556, 3.7369250422852431, 3.7258879917209651, 3.1716068775422563, -0.18504220976840391, 0.70497468865074353, 3.44716405193603, 2.4362190397539614, 0.38498755440388122, 2.9213835568252047, 1.2922687020340369, 5.5722351403706512, 5.9754597444619124, -1.0571699062791058], 'fneg': array([3, 2, 2, 3, 2, 0, 3, 2, 3, 3, 3, 2, 3, 2, 3, 3, 3, 3, 0, 2, 3, 3, 0,
       3, 2, 3, 3, 0]), 'sensitivity': array([0.055555556, 0.22222222, 0.25, 0.0, 0.13888889, 0.52777778,
       0.027777778, 0.22222222, 0.055555556, 0.0, 0.027777778, 0.16666667,
       0.027777778, 0.27777778, 0.0, 0.027777778, 0.027777778, 0.055555556,
       0.52777778, 0.27777778, 0.027777778, 0.13888889, 0.30555556,
       0.055555556, 0.22222222, 0.0, 0.0, 0.69444444]), 'tpos': array([0, 1, 1, 0, 1, 3, 0, 1, 0, 0, 0, 1, 0, 1, 0, 0, 0, 0, 3, 1, 0, 0, 3,
       0, 1, 0, 0, 3])}, {'specificity': array([0.95, 0.1, 0.9, 0.35, 0.8, 0.6, 0.45, 0.15, 0.25, 0.7, 0.55, 0.65,
       0.85, 0.5, 0.4, 0.3, 0.05, 0.2, 1.0, 0.75]), 'tneg': array([10,  5, 10, 10, 10, 10, 10,  6,  9, 10, 10, 10, 10, 10, 10,  9,  5,
        8, 11, 10]), 'fpos': array([1, 6, 1, 1, 1, 1, 1, 5, 2, 1, 1, 1, 1, 1, 1, 2, 6, 3, 0, 1]), 'threshold': [5.845228362255944, 0.33234150082903779, 5.7360964109967183, 3.5163304528418435, 4.8002191865712138, 4.2356443953352487, 3.79143189724342, 0.90702279580204492, 2.8240259235403435, 4.5010029954339208, 3.8261387075253026, 4.4387197579225113, 5.2383964439341346, 3.7983887272727395, 3.5714882747022862, 2.9851093881511517, -0.97741280434991062, 2.2770077627059591, 6.668566323246746, 4.6156916928647966], 'fneg': array([4, 0, 4, 4, 4, 4, 4, 0, 3, 4, 4, 4, 4, 4, 4, 3, 0, 3, 4, 4]), 'sensitivity': array([0.0, 0.2, 0.0, 0.0, 0.0, 0.0, 0.0, 0.17777778, 0.022222222, 0.0,
       0.0, 0.0, 0.0, 0.0, 0.0, 0.022222222, 0.51111111, 0.066666667, 0.0,
       0.0]), 'tpos': array([1, 5, 1, 1, 1, 1, 1, 5, 2, 1, 1, 1, 1, 1, 1, 2, 5, 2, 1, 1])}, {'specificity': array([0.8, 0.2, 0.85, 0.4, 0.65, 0.55, 0.5, 1.0, 0.6, 0.15, 0.75, 0.45,
       0.3, 0.1, 0.35, 0.25, 0.95, 0.9, 0.7, 0.05]), 'tneg': array([10,  8, 10, 10, 10, 10, 10, 10, 10,  4, 10, 10,  9,  4, 10,  8, 10,
       10, 10,  2]), 'fpos': array([0, 2, 0, 0, 0, 0, 0, 0, 0, 6, 0, 0, 1, 6, 0, 2, 0, 0, 0, 8]), 'threshold': [4.5183091586527189, 1.0258348790438059, 4.5769773124776716, 2.7372142960163739, 3.6802069878617072, 3.2532627669832737, 2.9504274869919755, 5.4113628878416442, 3.3379193564864629, 0.44137192390699265, 4.1942831097722868, 2.8719980073020706, 2.5804743031153343, -0.34251356285258461, 2.716668699155433, 1.7759037477523418, 4.917085801363795, 4.833206579884151, 3.7836113005429057, -1.1575058241922462], 'fneg': array([6, 2, 6, 4, 6, 6, 4, 6, 6, 2, 6, 4, 4, 1, 4, 3, 6, 6, 6, 0]), 'sensitivity': array([0.0, 0.2, 0.0, 0.0, 0.0, 0.0, 0.0, 0.0, 0.0, 0.26666667, 0.0, 0.0,
       0.0, 0.46666667, 0.0, 0.11111111, 0.0, 0.0, 0.0, 0.6]), 'tpos': array([0, 4, 0, 2, 0, 0, 2, 0, 0, 4, 0, 2, 2, 5, 2, 3, 0, 0, 0, 6])}, {'specificity': array([0.7962963, 0.94444444, 0.25925926, 0.37037037, 0.51851852,
       0.83333333, 0.7037037, 0.77777778, 0.88888889, 0.31481481,
       0.33333333, 0.53703704, 0.81481481, 0.38888889, 0.074074074,
       0.42592593, 0.85185185, 0.092592593, 0.018518519, 0.59259259,
       0.68518519, 0.12962963, 0.72222222, 0.75925926, 0.66666667,
       0.61111111, 0.35185185, 0.96296296, 1.0, 0.98148148, 0.16666667,
       0.14814815, 0.64814815, 0.48148148, 0.55555556, 0.87037037,
       0.90740741, 0.11111111, 0.62962963, 0.74074074, 0.22222222,
       0.055555556, 0.037037037, 0.5, 0.18518519, 0.44444444, 0.27777778,
       0.40740741, 0.46296296, 0.2962963, 0.57407407, 0.92592593,
       0.24074074, 0.2037037]), 'tneg': array([ 9, 11,  5,  5,  6, 11,  9,  9, 11,  5,  5,  6,  9,  5,  1,  6, 11,
        1,  1,  9,  9,  2,  9,  9,  9,  9,  5, 11, 11, 11,  3,  2,  9,  6,
        6, 11, 11,  2,  9,  9,  3,  1,  1,  6,  3,  6,  5,  5,  6,  5,  7,
       11,  3,  3]), 'fpos': array([ 2,  0,  6,  6,  5,  0,  2,  2,  0,  6,  6,  5,  2,  6, 10,  5,  0,
       10, 10,  2,  2,  9,  2,  2,  2,  2,  6,  0,  0,  0,  8,  9,  2,  5,
        5,  0,  0,  9,  2,  2,  8, 10, 10,  5,  8,  5,  6,  6,  5,  6,  4,
        0,  8,  8]), 'threshold': [2.8823180432830622, 3.3234598846193157, 2.0467671836413488, 2.1122823056853135, 2.2389311591415986, 2.9766311462884141, 2.5134510999109891, 2.7749918921318395, 3.1185313491568856, 2.0768383736859048, 2.0910766226563449, 2.2421051447437095, 2.9073182840520517, 2.1152059006800261, 1.6582149015748997, 2.174254937740475, 3.0045080964474189, 1.7548607045180162, 1.588265324154869, 2.3418592108135412, 2.5025355796474522, 1.8104474140502498, 2.5179731141695267, 2.6948431585846224, 2.4210325750990771, 2.3451508432089714, 2.1019183073280834, 3.3725128117094454, 3.4797940744937552, 3.4315120001418045, 1.9296678966357712, 1.8791408700622274, 2.4125363422248292, 2.2168688075032779, 2.2506409168932731, 3.054048969389771, 3.2360504732619462, 1.7956228513389489, 2.4020907811313448, 2.6439830015106569, 2.0270263352576996, 1.6552418740991006, 1.6210236806707408, 2.2269302506230879, 1.9368806562757133, 2.1756953443036964, 2.0513100979426508, 2.13704482139147, 2.203755846972121, 2.0608301305269978, 2.303307263120602, 3.2646304388480805, 2.0313528027778491, 1.9605153163614382], 'fneg': array([4, 5, 2, 2, 3, 4, 3, 4, 5, 2, 2, 3, 4, 2, 1, 2, 4, 1, 0, 3, 3, 1, 3,
       4, 3, 3, 2, 5, 5, 5, 2, 2, 3, 3, 3, 5, 5, 1, 3, 4, 2, 1, 0, 3, 2, 2,
       2, 2, 3, 2, 3, 5, 2, 2]), 'sensitivity': array([0.36363636, 0.0, 0.81818182, 0.81818182, 0.81818182, 0.36363636,
       0.63636364, 0.36363636, 0.27272727, 0.81818182, 0.81818182,
       0.81818182, 0.36363636, 0.81818182, 1.0, 0.81818182, 0.36363636,
       1.0, 1.0, 0.63636364, 0.63636364, 1.0, 0.63636364, 0.36363636,
       0.63636364, 0.63636364, 0.81818182, 0.0, 0.0, 0.0, 0.90909091,
       0.90909091, 0.63636364, 0.81818182, 0.81818182, 0.36363636,
       0.18181818, 1.0, 0.63636364, 0.45454545, 0.81818182, 1.0, 1.0,
       0.81818182, 0.90909091, 0.81818182, 0.81818182, 0.81818182,
       0.81818182, 0.81818182, 0.72727273, 0.18181818, 0.81818182,
       0.81818182]), 'tpos': array([1, 0, 3, 3, 2, 1, 2, 1, 0, 3, 3, 2, 1, 3, 4, 3, 1, 4, 5, 2, 2, 4, 2,
       1, 2, 2, 3, 0, 0, 0, 3, 3, 2, 2, 2, 0, 0, 4, 2, 1, 3, 4, 5, 2, 3, 3,
       3, 3, 2, 3, 2, 0, 3, 3])}, {'specificity': array([0.33333333, 0.91666667, 0.75, 0.125, 0.041666667, 0.83333333,
       0.58333333, 0.79166667, 0.20833333, 0.41666667, 0.625, 0.54166667,
       0.16666667, 0.375, 1.0, 0.875, 0.66666667, 0.5, 0.45833333, 0.25,
       0.29166667, 0.083333333, 0.95833333, 0.70833333]), 'tneg': array([ 9, 13, 12,  9,  9, 13, 12, 13,  9,  9, 12, 12,  9,  9, 14, 13, 12,
        9,  9,  9,  9,  9, 13, 12]), 'fpos': array([5, 1, 2, 5, 5, 1, 2, 1, 5, 5, 2, 2, 5, 5, 0, 1, 2, 5, 5, 5, 5, 5, 1,
       2]), 'threshold': [2.7898077089835889, 6.2288497300079477, 4.9229962354583057, 1.2338387382373728, 0.51243962595655, 5.9889992862334589, 4.145719600292729, 5.5156923500438575, 2.0291748236324461, 3.7688561072374673, 4.3531065938972029, 4.0462774742939924, 1.2615748445106028, 3.2207216160148322, 8.3877919425835, 6.1112124332467088, 4.6403523472203245, 3.987624785217196, 3.8044080872993753, 2.6547501112530476, 2.7689340706480641, 0.96253880044836282, 6.4852942270873415, 4.8549462832357433], 'fneg': array([0, 2, 2, 0, 0, 2, 2, 2, 0, 2, 2, 2, 0, 1, 2, 2, 2, 2, 2, 0, 0, 0, 2,
       2]), 'sensitivity': array([0.048780488, 0.0, 0.0, 0.19512195, 0.24390244, 0.0, 0.0, 0.0,
       0.12195122, 0.024390244, 0.0, 0.0, 0.17073171, 0.024390244, 0.0,
       0.0, 0.0, 0.024390244, 0.024390244, 0.048780488, 0.048780488,
       0.2195122, 0.0, 0.0]), 'tpos': array([2, 0, 0, 2, 2, 0, 0, 0, 2, 0, 0, 0, 2, 1, 0, 0, 0, 0, 0, 2, 2, 2, 0,
       0])}], <Model object at 0x000000000000108C>)
