#galogistic
([{'specificity': array([1.0, 0.82258065, 0.67741935, 1.0, 0.87096774, 0.67741935,
       0.67741935, 0.80645161, 0.83870968, 0.67741935, 0.67741935,
       0.67741935, 1.0, 0.67741935, 0.69354839, 0.67741935, 1.0,
       0.79032258, 1.0, 0.77419355, 0.67741935, 0.72580645, 1.0,
       0.67741935, 1.0, 0.67741935, 0.74193548, 0.67741935, 0.67741935,
       0.85483871, 0.67741935, 0.67741935, 0.67741935, 0.67741935,
       0.67741935, 0.67741935, 0.67741935, 0.67741935, 0.67741935,
       0.70967742, 0.67741935, 0.75806452, 0.67741935, 0.67741935,
       0.67741935, 0.67741935, 0.67741935, 0.67741935, 0.67741935,
       0.67741935, 0.67741935, 0.67741935, 0.67741935, 0.67741935,
       0.67741935, 0.67741935, 0.67741935, 1.0, 0.67741935, 0.67741935,
       0.67741935, 0.67741935]), 'tneg': array([6, 6, 6, 6, 6, 6, 6, 6, 6, 6, 6, 6, 6, 6, 6, 6, 6, 6, 6, 6, 6, 6, 6,
       6, 6, 6, 6, 6, 6, 6, 6, 6, 6, 6, 6, 6, 6, 6, 6, 6, 6, 6, 6, 6, 6, 6,
       6, 6, 6, 6, 6, 6, 6, 6, 6, 6, 6, 6, 6, 6, 6, 6]), 'fpos': array([3, 3, 3, 3, 3, 3, 3, 3, 3, 3, 3, 3, 3, 3, 3, 3, 3, 3, 3, 3, 3, 3, 3,
       3, 3, 3, 3, 3, 3, 3, 3, 3, 3, 3, 3, 3, 3, 3, 3, 3, 3, 3, 3, 3, 3, 3,
       3, 3, 3, 3, 3, 3, 3, 3, 3, 3, 3, 3, 3, 3, 3, 3]), 'threshold': [0.99999999999999978, 0.99999999926316008, 2.2204460492503126E-16, 0.99999999999999978, 0.99999999977895537, 2.2204460492503126E-16, 2.2204460492503126E-16, 0.99999999901810088, 0.999999999531981, 2.2204460492503126E-16, 2.2204460492503126E-16, 2.2204460492503126E-16, 0.99999999999999978, 2.2204460492503126E-16, 2.4823091009627664E-10, 2.2204460492503126E-16, 0.99999999999999978, 0.99999999730167033, 0.99999999999999978, 2.0118551042768929E-09, 2.2204460492503126E-16, 5.1658902541805674E-10, 0.99999999999999978, 2.2204460492503126E-16, 0.99999999999999978, 2.2204460492503126E-16, 5.7432010858013612E-10, 2.2204460492503126E-16, 2.2204460492503126E-16, 0.99999999953302721, 2.2204460492503126E-16, 2.2204460492503126E-16, 2.2204460492503126E-16, 2.2204460492503126E-16, 2.2204460492503126E-16, 2.2204460492503126E-16, 2.2204460492503126E-16, 2.2204460492503126E-16, 2.2204460492503126E-16, 2.6579882761620006E-10, 2.2204460492503126E-16, 1.2648420635E-09, 2.2204460492503126E-16, 2.2204460492503126E-16, 2.2204460492503126E-16, 2.2204460492503126E-16, 2.2204460492503126E-16, 2.2204460492503126E-16, 2.2204460492503126E-16, 2.2204460492503126E-16, 2.2204460492503126E-16, 2.2204460492503126E-16, 2.2204460492503126E-16, 2.2204460492503126E-16, 2.2204460492503126E-16, 2.2204460492503126E-16, 2.2204460492503126E-16, 0.99999999999999978, 2.2204460492503126E-16, 2.2204460492503126E-16, 2.2204460492503126E-16, 2.2204460492503126E-16], 'fneg': array([7, 7, 7, 7, 7, 7, 7, 7, 7, 7, 7, 7, 7, 7, 7, 7, 7, 7, 7, 7, 7, 7, 7,
       7, 7, 7, 7, 7, 7, 7, 7, 7, 7, 7, 7, 7, 7, 7, 7, 7, 7, 7, 7, 7, 7, 7,
       7, 7, 7, 7, 7, 7, 7, 7, 7, 7, 7, 7, 7, 7, 7, 7]), 'sensitivity': array([1, 1, 1, 1, 1, 1, 1, 1, 1, 1, 1, 1, 1, 1, 1, 1, 1, 1, 1, 1, 1, 1, 1,
       1, 1, 1, 1, 1, 1, 1, 1, 1, 1, 1, 1, 1, 1, 1, 1, 1, 1, 1, 1, 1, 1, 1,
       1, 1, 1, 1, 1, 1, 1, 1, 1, 1, 1, 1, 1, 1, 1, 1]), 'tpos': array([1, 1, 1, 1, 1, 1, 1, 1, 1, 1, 1, 1, 1, 1, 1, 1, 1, 1, 1, 1, 1, 1, 1,
       1, 1, 1, 1, 1, 1, 1, 1, 1, 1, 1, 1, 1, 1, 1, 1, 1, 1, 1, 1, 1, 1, 1,
       1, 1, 1, 1, 1, 1, 1, 1, 1, 1, 1, 1, 1, 1, 1, 1])}, {'specificity': array([0.68627451, 0.96078431, 0.33333333, 0.88235294, 0.60784314,
       0.21568627, 0.66666667, 0.74509804, 0.82352941, 1.0, 0.8627451,
       0.90196078, 0.039215686, 0.11764706, 0.078431373, 0.23529412,
       0.7254902, 0.54901961, 0.94117647, 0.45098039, 0.43137255,
       0.80392157, 0.31372549, 0.35294118, 0.39215686, 0.50980392,
       0.84313725, 0.98039216, 0.019607843, 0.058823529, 0.1372549,
       0.098039216, 0.15686275, 0.17647059, 0.19607843, 0.78431373,
       0.29411765, 0.37254902, 0.62745098, 0.58823529, 0.92156863,
       0.47058824, 0.76470588, 0.49019608, 0.25490196, 0.41176471,
       0.52941176, 0.64705882, 0.56862745, 0.70588235, 0.2745098]), 'tneg': array([11, 11, 11, 11, 11, 11, 11, 11, 11, 11, 11, 11, 11, 11, 11, 11, 11,
       11, 11, 11, 11, 11, 11, 11, 11, 11, 11, 11, 11, 11, 11, 11, 11, 11,
       11, 11, 11, 11, 11, 11, 11, 11, 11, 11, 11, 11, 11, 11, 11, 11, 11]), 'fpos': array([3, 3, 3, 3, 3, 3, 3, 3, 3, 3, 3, 3, 3, 3, 3, 3, 3, 3, 3, 3, 3, 3, 3,
       3, 3, 3, 3, 3, 3, 3, 3, 3, 3, 3, 3, 3, 3, 3, 3, 3, 3, 3, 3, 3, 3, 3,
       3, 3, 3, 3, 3]), 'threshold': [0.26785127060583164, 0.9858797884701973, 0.0449828950781063, 0.91926813878849845, 0.17150931086941035, 0.032001255671061851, 0.24064961380544772, 0.38472956320460877, 0.702190952430884, 0.99993899452324253, 0.91017543406007573, 0.93627923066819985, 0.0055262054172193712, 0.00957582564164623, 0.00688658124150233, 0.033227611952170458, 0.372790621039943, 0.11073230647064349, 0.96927620387553415, 0.08807635438202524, 0.077176235546721164, 0.55351833487743551, 0.043189634251289681, 0.046665326499471763, 0.053582501911481194, 0.10067558445588089, 0.7435285793303249, 0.99981240069686383, 0.0029885306266397862, 0.0065921225612508919, 0.012889728113227498, 0.0090693003400223425, 0.014705720869554973, 0.01619473754666638, 0.024939198929541048, 0.50592213756023374, 0.040093792216885873, 0.053491389812580115, 0.2061935130715869, 0.14764519542808938, 0.94650569977955656, 0.10002575452493284, 0.46755046766238911, 0.10060161919883906, 0.034662245832425193, 0.062285779256880107, 0.10479189058082879, 0.21226140961970524, 0.12185357188594249, 0.30823190079135065, 0.037944851960359058], 'fneg': array([1, 1, 1, 1, 1, 1, 1, 1, 1, 1, 1, 1, 1, 1, 1, 1, 1, 1, 1, 1, 1, 1, 1,
       1, 1, 1, 1, 1, 1, 1, 1, 1, 1, 1, 1, 1, 1, 1, 1, 1, 1, 1, 1, 1, 1, 1,
       1, 1, 1, 1, 1]), 'sensitivity': array([0.83333333, 0.0, 0.91666667, 0.0, 0.83333333, 0.91666667,
       0.83333333, 0.58333333, 0.0, 0.0, 0.0, 0.0, 1.0, 1.0, 1.0,
       0.91666667, 0.58333333, 0.83333333, 0.0, 0.83333333, 0.91666667,
       0.16666667, 0.91666667, 0.91666667, 0.91666667, 0.83333333, 0.0,
       0.0, 1.0, 1.0, 1.0, 1.0, 1.0, 1.0, 0.91666667, 0.25, 0.91666667,
       0.91666667, 0.83333333, 0.83333333, 0.0, 0.83333333, 0.33333333,
       0.83333333, 0.91666667, 0.91666667, 0.83333333, 0.83333333,
       0.83333333, 0.66666667, 0.91666667]), 'tpos': array([1, 1, 1, 1, 1, 1, 1, 1, 1, 1, 1, 1, 1, 1, 1, 1, 1, 1, 1, 1, 1, 1, 1,
       1, 1, 1, 1, 1, 1, 1, 1, 1, 1, 1, 1, 1, 1, 1, 1, 1, 1, 1, 1, 1, 1, 1,
       1, 1, 1, 1, 1])}, {'specificity': array([1.0, 1.0, 1.0, 0.546875, 1.0, 0.78125, 0.546875, 0.546875, 1.0,
       0.703125, 0.546875, 1.0, 0.546875, 0.546875, 1.0, 0.546875, 0.59375,
       0.765625, 0.71875, 0.546875, 0.609375, 1.0, 0.546875, 0.546875,
       0.546875, 0.546875, 0.546875, 0.734375, 0.546875, 0.546875, 0.5625,
       0.6875, 0.640625, 0.546875, 0.546875, 1.0, 1.0, 1.0, 1.0, 0.671875,
       0.546875, 0.546875, 0.546875, 0.546875, 0.546875, 1.0, 0.546875,
       0.65625, 0.546875, 0.625, 0.546875, 0.546875, 1.0, 0.546875,
       0.546875, 0.546875, 0.546875, 0.546875, 0.75, 0.546875, 0.546875,
       0.578125, 0.546875, 0.546875]), 'tneg': array([7, 7, 7, 7, 7, 7, 7, 7, 7, 7, 7, 7, 7, 7, 7, 7, 7, 7, 7, 7, 7, 7, 7,
       7, 7, 7, 7, 7, 7, 7, 7, 7, 7, 7, 7, 7, 7, 7, 7, 7, 7, 7, 7, 7, 7, 7,
       7, 7, 7, 7, 7, 7, 7, 7, 7, 7, 7, 7, 7, 7, 7, 7, 7, 7]), 'fpos': array([6, 6, 6, 6, 6, 6, 6, 6, 6, 6, 6, 6, 6, 6, 6, 6, 6, 6, 6, 6, 6, 6, 6,
       6, 6, 6, 6, 6, 6, 6, 6, 6, 6, 6, 6, 6, 6, 6, 6, 6, 6, 6, 6, 6, 6, 6,
       6, 6, 6, 6, 6, 6, 6, 6, 6, 6, 6, 6, 6, 6, 6, 6, 6, 6]), 'threshold': [0.99999999999999978, 0.99999999999999978, 0.99999999999999978, 2.2204460492503126E-16, 0.99999999999999978, 0.99999999919461013, 2.2204460492503126E-16, 2.2204460492503126E-16, 0.99999999999999978, 0.99999999689145957, 2.2204460492503126E-16, 0.99999999999999978, 2.2204460492503126E-16, 2.2204460492503126E-16, 0.99999999999999978, 2.2204460492503126E-16, 7.5736730736128149E-10, 0.99999999816518859, 0.99999999718665111, 2.2204460492503126E-16, 1.0930595396067331E-09, 0.99999999999999978, 2.2204460492503126E-16, 2.2204460492503126E-16, 2.2204460492503126E-16, 2.2204460492503126E-16, 2.2204460492503126E-16, 0.99999999726300215, 2.2204460492503126E-16, 2.2204460492503126E-16, 2.0375404219685241E-10, 6.3754359149968234E-09, 1.4668011516607139E-09, 2.2204460492503126E-16, 2.2204460492503126E-16, 0.99999999999999978, 0.99999999999999978, 0.99999999999999978, 0.99999999999999978, 1.9455454656162683E-09, 2.2204460492503126E-16, 2.2204460492503126E-16, 2.2204460492503126E-16, 2.2204460492503126E-16, 2.2204460492503126E-16, 0.99999999999999978, 2.2204460492503126E-16, 1.8795024501980725E-09, 2.2204460492503126E-16, 1.346876679121147E-09, 2.2204460492503126E-16, 2.2204460492503126E-16, 0.99999999999999978, 2.2204460492503126E-16, 2.2204460492503126E-16, 2.2204460492503126E-16, 2.2204460492503126E-16, 2.2204460492503126E-16, 0.999999997774609, 2.2204460492503126E-16, 2.2204460492503126E-16, 4.173746485413414E-10, 2.2204460492503126E-16, 2.2204460492503126E-16], 'fneg': array([1, 1, 1, 1, 1, 1, 1, 1, 1, 1, 1, 1, 1, 1, 1, 1, 1, 1, 1, 1, 1, 1, 1,
       1, 1, 1, 1, 1, 1, 1, 1, 1, 1, 1, 1, 1, 1, 1, 1, 1, 1, 1, 1, 1, 1, 1,
       1, 1, 1, 1, 1, 1, 1, 1, 1, 1, 1, 1, 1, 1, 1, 1, 1, 1]), 'sensitivity': array([1, 1, 1, 1, 1, 1, 1, 1, 1, 1, 1, 1, 1, 1, 1, 1, 1, 1, 1, 1, 1, 1, 1,
       1, 1, 1, 1, 1, 1, 1, 1, 1, 1, 1, 1, 1, 1, 1, 1, 1, 1, 1, 1, 1, 1, 1,
       1, 1, 1, 1, 1, 1, 1, 1, 1, 1, 1, 1, 1, 1, 1, 1, 1, 1]), 'tpos': array([1, 1, 1, 1, 1, 1, 1, 1, 1, 1, 1, 1, 1, 1, 1, 1, 1, 1, 1, 1, 1, 1, 1,
       1, 1, 1, 1, 1, 1, 1, 1, 1, 1, 1, 1, 1, 1, 1, 1, 1, 1, 1, 1, 1, 1, 1,
       1, 1, 1, 1, 1, 1, 1, 1, 1, 1, 1, 1, 1, 1, 1, 1, 1, 1])}, {'specificity': array([1.0, 1.0, 1.0, 0.76190476, 0.57142857, 1.0, 1.0, 0.63492063, 1.0,
       0.57142857, 0.57142857, 1.0, 0.57142857, 0.57142857, 0.73015873,
       1.0, 0.66666667, 0.57142857, 0.57142857, 1.0, 0.57142857,
       0.57142857, 0.57142857, 0.57142857, 0.57142857, 0.57142857,
       0.74603175, 0.57142857, 0.57142857, 0.57142857, 0.71428571,
       0.57142857, 0.57142857, 1.0, 1.0, 1.0, 1.0, 0.68253968, 0.57142857,
       0.57142857, 0.57142857, 0.57142857, 1.0, 0.65079365, 0.57142857,
       0.57142857, 0.57142857, 0.6984127, 0.77777778, 0.58730159,
       0.61904762, 0.57142857, 0.6031746, 0.57142857, 0.57142857,
       0.57142857, 0.57142857, 0.57142857, 0.57142857, 0.57142857,
       0.57142857, 0.57142857, 0.57142857]), 'tneg': array([7, 7, 7, 7, 7, 7, 7, 7, 7, 7, 7, 7, 7, 7, 7, 7, 7, 7, 7, 7, 7, 7, 7,
       7, 7, 7, 7, 7, 7, 7, 7, 7, 7, 7, 7, 7, 7, 7, 7, 7, 7, 7, 7, 7, 7, 7,
       7, 7, 7, 7, 7, 7, 7, 7, 7, 7, 7, 7, 7, 7, 7, 7, 7]), 'fpos': array([5, 5, 5, 5, 5, 5, 5, 5, 5, 5, 5, 5, 5, 5, 5, 5, 5, 5, 5, 5, 5, 5, 5,
       5, 5, 5, 5, 5, 5, 5, 5, 5, 5, 5, 5, 5, 5, 5, 5, 5, 5, 5, 5, 5, 5, 5,
       5, 5, 5, 5, 5, 5, 5, 5, 5, 5, 5, 5, 5, 5, 5, 5, 5]), 'threshold': [0.99999999999999978, 0.99999999999999978, 0.99999999999999978, 0.99999999886112045, 2.2204460492503126E-16, 0.99999999999999978, 0.99999999999999978, 8.8851538356263748E-10, 0.99999999999999978, 2.2204460492503126E-16, 2.2204460492503126E-16, 0.99999999999999978, 2.2204460492503126E-16, 2.2204460492503126E-16, 0.9999999954311396, 0.99999999999999978, 1.2159188477826825E-09, 2.2204460492503126E-16, 2.2204460492503126E-16, 0.99999999999999978, 2.2204460492503126E-16, 2.2204460492503126E-16, 2.2204460492503126E-16, 2.2204460492503126E-16, 2.2204460492503126E-16, 2.2204460492503126E-16, 0.99999999674929518, 2.2204460492503126E-16, 2.2204460492503126E-16, 2.2204460492503126E-16, 3.2317651204035013E-09, 2.2204460492503126E-16, 2.2204460492503126E-16, 0.99999999999999978, 0.99999999999999978, 0.99999999999999978, 0.99999999999999978, 1.270394980646805E-09, 2.2204460492503126E-16, 2.2204460492503126E-16, 2.2204460492503126E-16, 2.2204460492503126E-16, 0.99999999999999978, 1.1198058483181778E-09, 2.2204460492503126E-16, 2.2204460492503126E-16, 2.2204460492503126E-16, 2.338148991718663E-09, 0.99999999979340015, 2.1032026160888958E-13, 2.3466355643058329E-10, 2.2204460492503126E-16, 4.33728452374429E-13, 2.2204460492503126E-16, 2.2204460492503126E-16, 2.2204460492503126E-16, 2.2204460492503126E-16, 2.2204460492503126E-16, 2.2204460492503126E-16, 2.2204460492503126E-16, 2.2204460492503126E-16, 2.2204460492503126E-16, 2.2204460492503126E-16], 'fneg': array([3, 3, 3, 3, 3, 3, 3, 3, 3, 3, 3, 3, 3, 3, 3, 3, 3, 3, 3, 3, 3, 3, 3,
       3, 3, 3, 3, 3, 3, 3, 3, 3, 3, 3, 3, 3, 3, 3, 3, 3, 3, 3, 3, 3, 3, 3,
       3, 3, 3, 3, 3, 3, 3, 3, 3, 3, 3, 3, 3, 3, 3, 3, 3]), 'sensitivity': array([1, 1, 1, 1, 1, 1, 1, 1, 1, 1, 1, 1, 1, 1, 1, 1, 1, 1, 1, 1, 1, 1, 1,
       1, 1, 1, 1, 1, 1, 1, 1, 1, 1, 1, 1, 1, 1, 1, 1, 1, 1, 1, 1, 1, 1, 1,
       1, 1, 1, 1, 1, 1, 1, 1, 1, 1, 1, 1, 1, 1, 1, 1, 1]), 'tpos': array([1, 1, 1, 1, 1, 1, 1, 1, 1, 1, 1, 1, 1, 1, 1, 1, 1, 1, 1, 1, 1, 1, 1,
       1, 1, 1, 1, 1, 1, 1, 1, 1, 1, 1, 1, 1, 1, 1, 1, 1, 1, 1, 1, 1, 1, 1,
       1, 1, 1, 1, 1, 1, 1, 1, 1, 1, 1, 1, 1, 1, 1, 1, 1])}, {'specificity': array([0.765625, 0.796875, 0.65625, 1.0, 1.0, 0.65625, 0.65625, 1.0,
       0.65625, 0.65625, 0.65625, 1.0, 0.8125, 0.65625, 0.65625, 0.75, 1.0,
       0.65625, 1.0, 0.65625, 0.65625, 0.65625, 0.65625, 0.71875, 0.65625,
       0.65625, 0.65625, 0.65625, 0.65625, 0.65625, 0.65625, 0.859375, 1.0,
       1.0, 1.0, 0.65625, 0.65625, 0.65625, 0.65625, 0.65625, 0.828125,
       0.65625, 0.65625, 0.65625, 0.65625, 0.65625, 0.65625, 0.734375,
       0.84375, 0.65625, 0.65625, 0.65625, 0.65625, 0.65625, 0.703125,
       0.65625, 0.65625, 0.65625, 0.78125, 0.65625, 0.65625, 0.6875,
       0.671875, 0.65625]), 'tneg': array([7, 7, 7, 7, 7, 7, 7, 7, 7, 7, 7, 7, 7, 7, 7, 7, 7, 7, 7, 7, 7, 7, 7,
       7, 7, 7, 7, 7, 7, 7, 7, 7, 7, 7, 7, 7, 7, 7, 7, 7, 7, 7, 7, 7, 7, 7,
       7, 7, 7, 7, 7, 7, 7, 7, 7, 7, 7, 7, 7, 7, 7, 7, 7, 7]), 'fpos': array([2, 2, 2, 2, 2, 2, 2, 2, 2, 2, 2, 2, 2, 2, 2, 2, 2, 2, 2, 2, 2, 2, 2,
       2, 2, 2, 2, 2, 2, 2, 2, 2, 2, 2, 2, 2, 2, 2, 2, 2, 2, 2, 2, 2, 2, 2,
       2, 2, 2, 2, 2, 2, 2, 2, 2, 2, 2, 2, 2, 2, 2, 2, 2, 2]), 'threshold': [0.99999994680795579, 0.99999997537174545, 2.2204460492503126E-16, 0.99999999999999978, 0.99999999999999978, 2.2204460492503126E-16, 2.2204460492503126E-16, 0.99999999999999978, 2.2204460492503126E-16, 2.2204460492503126E-16, 2.2204460492503126E-16, 0.99999999999999978, 0.99999997823060627, 2.2204460492503126E-16, 2.2204460492503126E-16, 3.0457695020848994E-08, 0.99999999999999978, 2.2204460492503126E-16, 0.99999999999999978, 2.2204460492503126E-16, 2.2204460492503126E-16, 2.2204460492503126E-16, 2.2204460492503126E-16, 2.7482255641331723E-08, 2.2204460492503126E-16, 2.2204460492503126E-16, 2.2204460492503126E-16, 2.2204460492503126E-16, 2.2204460492503126E-16, 2.2204460492503126E-16, 2.2204460492503126E-16, 0.99999998752430608, 0.99999999999999978, 0.99999999999999978, 0.99999999999999978, 2.2204460492503126E-16, 2.2204460492503126E-16, 2.2204460492503126E-16, 2.2204460492503126E-16, 2.2204460492503126E-16, 0.999999981618302, 2.2204460492503126E-16, 2.2204460492503126E-16, 2.2204460492503126E-16, 2.2204460492503126E-16, 2.2204460492503126E-16, 2.2204460492503126E-16, 2.98935746475782E-08, 0.99999998218071706, 2.2204460492503126E-16, 2.2204460492503126E-16, 2.2204460492503126E-16, 2.2204460492503126E-16, 2.2204460492503126E-16, 1.5934758263670609E-08, 2.2204460492503126E-16, 2.2204460492503126E-16, 2.2204460492503126E-16, 0.99999997475183089, 2.2204460492503126E-16, 2.2204460492503126E-16, 1.3391338128204251E-08, 8.86951481964288E-09, 2.2204460492503126E-16], 'fneg': array([3, 3, 3, 3, 3, 3, 3, 3, 3, 3, 3, 3, 3, 3, 3, 3, 3, 3, 3, 3, 3, 3, 3,
       3, 3, 3, 3, 3, 3, 3, 3, 3, 3, 3, 3, 3, 3, 3, 3, 3, 3, 3, 3, 3, 3, 3,
       3, 3, 3, 3, 3, 3, 3, 3, 3, 3, 3, 3, 3, 3, 3, 3, 3, 3]), 'sensitivity': array([1, 1, 1, 1, 1, 1, 1, 1, 1, 1, 1, 1, 1, 1, 1, 1, 1, 1, 1, 1, 1, 1, 1,
       1, 1, 1, 1, 1, 1, 1, 1, 1, 1, 1, 1, 1, 1, 1, 1, 1, 1, 1, 1, 1, 1, 1,
       1, 1, 1, 1, 1, 1, 1, 1, 1, 1, 1, 1, 1, 1, 1, 1, 1, 1]), 'tpos': array([3, 3, 3, 3, 3, 3, 3, 3, 3, 3, 3, 3, 3, 3, 3, 3, 3, 3, 3, 3, 3, 3, 3,
       3, 3, 3, 3, 3, 3, 3, 3, 3, 3, 3, 3, 3, 3, 3, 3, 3, 3, 3, 3, 3, 3, 3,
       3, 3, 3, 3, 3, 3, 3, 3, 3, 3, 3, 3, 3, 3, 3, 3, 3, 3])}], <Model object at 0x00000000000003DC>)
#galogistic
([{'specificity': array([1.0, 0.6984127, 0.79365079, 0.66666667, 1.0, 0.66666667, 0.80952381,
       0.66666667, 0.66666667, 0.66666667, 1.0, 1.0, 0.74603175,
       0.66666667, 1.0, 0.66666667, 0.82539683, 0.66666667, 0.66666667,
       0.66666667, 1.0, 0.66666667, 0.66666667, 0.66666667, 0.66666667,
       0.68253968, 0.66666667, 0.66666667, 0.66666667, 0.77777778,
       0.66666667, 0.71428571, 1.0, 1.0, 0.66666667, 0.66666667, 1.0,
       0.66666667, 0.66666667, 0.66666667, 1.0, 0.66666667, 0.66666667,
       0.66666667, 0.66666667, 0.76190476, 0.66666667, 0.73015873,
       0.66666667, 0.66666667, 0.66666667, 0.66666667, 1.0, 0.66666667,
       0.66666667, 0.66666667, 0.66666667, 0.66666667, 0.66666667,
       0.66666667, 0.66666667, 0.66666667, 0.66666667]), 'tneg': array([8, 8, 8, 8, 8, 8, 8, 8, 8, 8, 8, 8, 8, 8, 8, 8, 8, 8, 8, 8, 8, 8, 8,
       8, 8, 8, 8, 8, 8, 8, 8, 8, 8, 8, 8, 8, 8, 8, 8, 8, 8, 8, 8, 8, 8, 8,
       8, 8, 8, 8, 8, 8, 8, 8, 8, 8, 8, 8, 8, 8, 8, 8, 8]), 'fpos': array([5, 5, 5, 5, 5, 5, 5, 5, 5, 5, 5, 5, 5, 5, 5, 5, 5, 5, 5, 5, 5, 5, 5,
       5, 5, 5, 5, 5, 5, 5, 5, 5, 5, 5, 5, 5, 5, 5, 5, 5, 5, 5, 5, 5, 5, 5,
       5, 5, 5, 5, 5, 5, 5, 5, 5, 5, 5, 5, 5, 5, 5, 5, 5]), 'threshold': [0.99999999999999978, 1.8690806128993491E-09, 0.99999999975064435, 2.2204460492503126E-16, 0.99999999999999978, 2.2204460492503126E-16, 0.99999999980563159, 2.2204460492503126E-16, 2.2204460492503126E-16, 2.2204460492503126E-16, 0.99999999999999978, 0.99999999999999978, 9.9247095284022584E-09, 2.2204460492503126E-16, 0.99999999999999978, 2.2204460492503126E-16, 0.99999999986986521, 2.2204460492503126E-16, 2.2204460492503126E-16, 2.2204460492503126E-16, 0.99999999999999978, 2.2204460492503126E-16, 2.2204460492503126E-16, 2.2204460492503126E-16, 2.2204460492503126E-16, 1.9230941641692331E-11, 2.2204460492503126E-16, 2.2204460492503126E-16, 2.2204460492503126E-16, 0.99999998982343385, 2.2204460492503126E-16, 4.3814263264797156E-09, 0.99999999999999978, 0.99999999999999978, 2.2204460492503126E-16, 2.2204460492503126E-16, 0.99999999999999978, 2.2204460492503126E-16, 2.2204460492503126E-16, 2.2204460492503126E-16, 0.99999999999999978, 2.2204460492503126E-16, 2.2204460492503126E-16, 2.2204460492503126E-16, 2.2204460492503126E-16, 0.99999998895486975, 2.2204460492503126E-16, 4.4954620219104353E-09, 2.2204460492503126E-16, 2.2204460492503126E-16, 2.2204460492503126E-16, 2.2204460492503126E-16, 0.99999999999999978, 2.2204460492503126E-16, 2.2204460492503126E-16, 2.2204460492503126E-16, 2.2204460492503126E-16, 2.2204460492503126E-16, 2.2204460492503126E-16, 2.2204460492503126E-16, 2.2204460492503126E-16, 2.2204460492503126E-16, 2.2204460492503126E-16], 'fneg': array([3, 3, 3, 3, 3, 3, 3, 3, 3, 3, 3, 3, 3, 3, 3, 3, 3, 3, 3, 3, 3, 3, 3,
       3, 3, 3, 3, 3, 3, 3, 3, 3, 3, 3, 3, 3, 3, 3, 3, 3, 3, 3, 3, 3, 3, 3,
       3, 3, 3, 3, 3, 3, 3, 3, 3, 3, 3, 3, 3, 3, 3, 3, 3]), 'sensitivity': array([1, 1, 1, 1, 1, 1, 1, 1, 1, 1, 1, 1, 1, 1, 1, 1, 1, 1, 1, 1, 1, 1, 1,
       1, 1, 1, 1, 1, 1, 1, 1, 1, 1, 1, 1, 1, 1, 1, 1, 1, 1, 1, 1, 1, 1, 1,
       1, 1, 1, 1, 1, 1, 1, 1, 1, 1, 1, 1, 1, 1, 1, 1, 1]), 'tpos': array([1, 1, 1, 1, 1, 1, 1, 1, 1, 1, 1, 1, 1, 1, 1, 1, 1, 1, 1, 1, 1, 1, 1,
       1, 1, 1, 1, 1, 1, 1, 1, 1, 1, 1, 1, 1, 1, 1, 1, 1, 1, 1, 1, 1, 1, 1,
       1, 1, 1, 1, 1, 1, 1, 1, 1, 1, 1, 1, 1, 1, 1, 1, 1])}, {'specificity': array([1.0, 0.65625, 1.0, 1.0, 0.734375, 0.65625, 0.65625, 1.0, 0.65625,
       0.8125, 0.65625, 0.65625, 1.0, 0.65625, 0.6875, 0.75, 0.65625,
       0.65625, 1.0, 0.65625, 0.65625, 0.65625, 1.0, 0.65625, 0.65625,
       0.65625, 0.65625, 0.65625, 0.703125, 0.671875, 0.65625, 0.796875,
       0.65625, 1.0, 1.0, 0.65625, 0.765625, 0.65625, 0.65625, 0.65625,
       0.65625, 0.828125, 0.65625, 0.65625, 0.65625, 0.65625, 1.0, 0.65625,
       0.65625, 0.71875, 0.65625, 0.65625, 1.0, 0.65625, 0.65625, 0.78125,
       0.65625, 0.65625, 0.65625, 0.65625, 0.65625, 0.65625, 0.65625,
       0.65625]), 'tneg': array([10, 10, 10, 10, 10, 10, 10, 10, 10, 10, 10, 10, 10, 10, 10, 10, 10,
       10, 10, 10, 10, 10, 10, 10, 10, 10, 10, 10, 10, 10, 10, 10, 10, 10,
       10, 10, 10, 10, 10, 10, 10, 10, 10, 10, 10, 10, 10, 10, 10, 10, 10,
       10, 10, 10, 10, 10, 10, 10, 10, 10, 10, 10, 10, 10]), 'fpos': array([3, 3, 3, 3, 3, 3, 3, 3, 3, 3, 3, 3, 3, 3, 3, 3, 3, 3, 3, 3, 3, 3, 3,
       3, 3, 3, 3, 3, 3, 3, 3, 3, 3, 3, 3, 3, 3, 3, 3, 3, 3, 3, 3, 3, 3, 3,
       3, 3, 3, 3, 3, 3, 3, 3, 3, 3, 3, 3, 3, 3, 3, 3, 3, 3]), 'threshold': [0.99999999999999978, 2.2204460492503126E-16, 0.99999999999999978, 0.99999999999999978, 6.77988980276823E-08, 2.2204460492503126E-16, 2.2204460492503126E-16, 0.99999999999999978, 2.2204460492503126E-16, 0.9999999836447151, 2.2204460492503126E-16, 2.2204460492503126E-16, 0.99999999999999978, 2.2204460492503126E-16, 1.7907243455603823E-08, 0.99999994000612913, 2.2204460492503126E-16, 2.2204460492503126E-16, 0.99999999999999978, 2.2204460492503126E-16, 2.2204460492503126E-16, 2.2204460492503126E-16, 0.99999999999999978, 2.2204460492503126E-16, 2.2204460492503126E-16, 2.2204460492503126E-16, 2.2204460492503126E-16, 2.2204460492503126E-16, 4.20272130901873E-08, 1.3220684641485522E-08, 2.2204460492503126E-16, 0.99999996741092234, 2.2204460492503126E-16, 0.99999999999999978, 0.99999999999999978, 2.2204460492503126E-16, 0.99999995363241623, 2.2204460492503126E-16, 2.2204460492503126E-16, 2.2204460492503126E-16, 2.2204460492503126E-16, 0.99999999729031841, 2.2204460492503126E-16, 2.2204460492503126E-16, 2.2204460492503126E-16, 2.2204460492503126E-16, 0.99999999999999978, 2.2204460492503126E-16, 2.2204460492503126E-16, 5.5126658971428264E-08, 2.2204460492503126E-16, 2.2204460492503126E-16, 0.99999999999999978, 2.2204460492503126E-16, 2.2204460492503126E-16, 0.99999995679523446, 2.2204460492503126E-16, 2.2204460492503126E-16, 2.2204460492503126E-16, 2.2204460492503126E-16, 2.2204460492503126E-16, 2.2204460492503126E-16, 2.2204460492503126E-16, 2.2204460492503126E-16], 'fneg': array([2, 2, 2, 2, 2, 2, 2, 2, 2, 2, 2, 2, 2, 2, 2, 2, 2, 2, 2, 2, 2, 2, 2,
       2, 2, 2, 2, 2, 2, 2, 2, 2, 2, 2, 2, 2, 2, 2, 2, 2, 2, 2, 2, 2, 2, 2,
       2, 2, 2, 2, 2, 2, 2, 2, 2, 2, 2, 2, 2, 2, 2, 2, 2, 2]), 'sensitivity': array([1, 1, 1, 1, 1, 1, 1, 1, 1, 1, 1, 1, 1, 1, 1, 1, 1, 1, 1, 1, 1, 1, 1,
       1, 1, 1, 1, 1, 1, 1, 1, 1, 1, 1, 1, 1, 1, 1, 1, 1, 1, 1, 1, 1, 1, 1,
       1, 1, 1, 1, 1, 1, 1, 1, 1, 1, 1, 1, 1, 1, 1, 1, 1, 1]), 'tpos': array([1, 1, 1, 1, 1, 1, 1, 1, 1, 1, 1, 1, 1, 1, 1, 1, 1, 1, 1, 1, 1, 1, 1,
       1, 1, 1, 1, 1, 1, 1, 1, 1, 1, 1, 1, 1, 1, 1, 1, 1, 1, 1, 1, 1, 1, 1,
       1, 1, 1, 1, 1, 1, 1, 1, 1, 1, 1, 1, 1, 1, 1, 1, 1, 1])}, {'specificity': array([1.0, 0.859375, 0.671875, 0.84375, 0.671875, 0.671875, 0.671875, 1.0,
       0.671875, 0.671875, 1.0, 0.734375, 0.671875, 1.0, 0.671875, 0.78125,
       0.796875, 0.765625, 0.671875, 0.671875, 1.0, 0.671875, 0.671875,
       0.671875, 0.671875, 0.671875, 0.671875, 0.671875, 0.671875, 0.8125,
       0.671875, 0.671875, 1.0, 1.0, 0.6875, 0.671875, 0.671875, 0.671875,
       0.671875, 0.671875, 1.0, 1.0, 0.671875, 0.671875, 0.671875,
       0.703125, 0.671875, 0.671875, 0.671875, 0.671875, 0.671875, 0.75,
       0.671875, 0.671875, 0.671875, 0.671875, 0.671875, 0.828125,
       0.671875, 0.71875, 0.671875, 0.671875, 0.671875, 0.671875]), 'tneg': array([8, 8, 8, 8, 8, 8, 8, 8, 8, 8, 8, 8, 8, 8, 8, 8, 8, 8, 8, 8, 8, 8, 8,
       8, 8, 8, 8, 8, 8, 8, 8, 8, 8, 8, 8, 8, 8, 8, 8, 8, 8, 8, 8, 8, 8, 8,
       8, 8, 8, 8, 8, 8, 8, 8, 8, 8, 8, 8, 8, 8, 8, 8, 8, 8]), 'fpos': array([2, 2, 2, 2, 2, 2, 2, 2, 2, 2, 2, 2, 2, 2, 2, 2, 2, 2, 2, 2, 2, 2, 2,
       2, 2, 2, 2, 2, 2, 2, 2, 2, 2, 2, 2, 2, 2, 2, 2, 2, 2, 2, 2, 2, 2, 2,
       2, 2, 2, 2, 2, 2, 2, 2, 2, 2, 2, 2, 2, 2, 2, 2, 2, 2]), 'threshold': [0.99999999999999978, 0.99999999998128974, 2.2204460492503126E-16, 0.99999999884148938, 2.2204460492503126E-16, 2.2204460492503126E-16, 2.2204460492503126E-16, 0.99999999999999978, 2.2204460492503126E-16, 2.2204460492503126E-16, 0.99999999999999978, 2.2145110672849728E-09, 2.2204460492503126E-16, 0.99999999999999978, 2.2204460492503126E-16, 5.5426255207855542E-09, 0.99999999291693376, 2.9420574054521617E-09, 2.2204460492503126E-16, 2.2204460492503126E-16, 0.99999999999999978, 2.2204460492503126E-16, 2.2204460492503126E-16, 2.2204460492503126E-16, 2.2204460492503126E-16, 2.2204460492503126E-16, 2.2204460492503126E-16, 2.2204460492503126E-16, 2.2204460492503126E-16, 0.99999999617168411, 2.2204460492503126E-16, 2.2204460492503126E-16, 0.99999999999999978, 0.99999999999999978, 1.1831880442919524E-12, 2.2204460492503126E-16, 2.2204460492503126E-16, 2.2204460492503126E-16, 2.2204460492503126E-16, 2.2204460492503126E-16, 0.99999999999999978, 0.99999999999999978, 2.2204460492503126E-16, 2.2204460492503126E-16, 2.2204460492503126E-16, 4.2136533114814633E-10, 2.2204460492503126E-16, 2.2204460492503126E-16, 2.2204460492503126E-16, 2.2204460492503126E-16, 2.2204460492503126E-16, 2.559207876375771E-09, 2.2204460492503126E-16, 2.2204460492503126E-16, 2.2204460492503126E-16, 2.2204460492503126E-16, 2.2204460492503126E-16, 0.99999999634080738, 2.2204460492503126E-16, 1.5560303557354426E-09, 2.2204460492503126E-16, 2.2204460492503126E-16, 2.2204460492503126E-16, 2.2204460492503126E-16], 'fneg': array([3, 3, 3, 3, 3, 3, 3, 3, 3, 3, 3, 3, 3, 3, 3, 3, 3, 3, 3, 3, 3, 3, 3,
       3, 3, 3, 3, 3, 3, 3, 3, 3, 3, 3, 3, 3, 3, 3, 3, 3, 3, 3, 3, 3, 3, 3,
       3, 3, 3, 3, 3, 3, 3, 3, 3, 3, 3, 3, 3, 3, 3, 3, 3, 3]), 'sensitivity': array([1, 1, 1, 1, 1, 1, 1, 1, 1, 1, 1, 1, 1, 1, 1, 1, 1, 1, 1, 1, 1, 1, 1,
       1, 1, 1, 1, 1, 1, 1, 1, 1, 1, 1, 1, 1, 1, 1, 1, 1, 1, 1, 1, 1, 1, 1,
       1, 1, 1, 1, 1, 1, 1, 1, 1, 1, 1, 1, 1, 1, 1, 1, 1, 1]), 'tpos': array([3, 3, 3, 3, 3, 3, 3, 3, 3, 3, 3, 3, 3, 3, 3, 3, 3, 3, 3, 3, 3, 3, 3,
       3, 3, 3, 3, 3, 3, 3, 3, 3, 3, 3, 3, 3, 3, 3, 3, 3, 3, 3, 3, 3, 3, 3,
       3, 3, 3, 3, 3, 3, 3, 3, 3, 3, 3, 3, 3, 3, 3, 3, 3, 3])}, {'specificity': array([0.765625, 0.859375, 0.875, 0.71875, 0.640625, 0.828125, 0.640625,
       1.0, 0.640625, 0.640625, 1.0, 0.84375, 1.0, 0.640625, 0.640625,
       0.734375, 0.640625, 0.640625, 0.640625, 0.640625, 0.640625,
       0.640625, 0.703125, 0.640625, 0.640625, 0.796875, 0.671875, 1.0,
       0.640625, 0.640625, 0.8125, 0.640625, 0.640625, 0.640625, 0.640625,
       0.640625, 1.0, 1.0, 0.75, 0.640625, 0.6875, 0.640625, 0.640625,
       0.640625, 0.640625, 1.0, 0.640625, 0.65625, 0.640625, 0.640625,
       0.640625, 1.0, 0.640625, 0.640625, 0.640625, 0.78125, 0.640625,
       0.640625, 0.640625, 0.640625, 0.640625, 0.640625, 0.640625, 0.640625]), 'tneg': array([10, 10, 10, 10, 10, 10, 10, 10, 10, 10, 10, 10, 10, 10, 10, 10, 10,
       10, 10, 10, 10, 10, 10, 10, 10, 10, 10, 10, 10, 10, 10, 10, 10, 10,
       10, 10, 10, 10, 10, 10, 10, 10, 10, 10, 10, 10, 10, 10, 10, 10, 10,
       10, 10, 10, 10, 10, 10, 10, 10, 10, 10, 10, 10, 10]), 'fpos': array([1, 1, 1, 1, 1, 1, 1, 1, 1, 1, 1, 1, 1, 1, 1, 1, 1, 1, 1, 1, 1, 1, 1,
       1, 1, 1, 1, 1, 1, 1, 1, 1, 1, 1, 1, 1, 1, 1, 1, 1, 1, 1, 1, 1, 1, 1,
       1, 1, 1, 1, 1, 1, 1, 1, 1, 1, 1, 1, 1, 1, 1, 1, 1, 1]), 'threshold': [8.9538869573401978E-08, 0.99999999594809552, 0.99999999991709243, 2.0475235303352742E-08, 2.2204460492503126E-16, 0.99999998166645976, 2.2204460492503126E-16, 0.99999999999999978, 2.2204460492503126E-16, 2.2204460492503126E-16, 0.99999999999999978, 0.99999999011017482, 0.99999999999999978, 2.2204460492503126E-16, 2.2204460492503126E-16, 2.3344060065370065E-08, 2.2204460492503126E-16, 2.2204460492503126E-16, 2.2204460492503126E-16, 2.2204460492503126E-16, 2.2204460492503126E-16, 2.2204460492503126E-16, 1.8664929912136412E-08, 2.2204460492503126E-16, 2.2204460492503126E-16, 0.99999996124877066, 1.2066238411518118E-08, 0.99999999999999978, 2.2204460492503126E-16, 2.2204460492503126E-16, 0.99999997289008913, 2.2204460492503126E-16, 2.2204460492503126E-16, 2.2204460492503126E-16, 2.2204460492503126E-16, 2.2204460492503126E-16, 0.99999999999999978, 0.99999999999999978, 7.4034475629771513E-08, 2.2204460492503126E-16, 1.3734049873875636E-08, 2.2204460492503126E-16, 2.2204460492503126E-16, 2.2204460492503126E-16, 2.2204460492503126E-16, 0.99999999999999978, 2.2204460492503126E-16, 3.5091946774505654E-09, 2.2204460492503126E-16, 2.2204460492503126E-16, 2.2204460492503126E-16, 0.99999999999999978, 2.2204460492503126E-16, 2.2204460492503126E-16, 2.2204460492503126E-16, 0.99999989260570143, 2.2204460492503126E-16, 2.2204460492503126E-16, 2.2204460492503126E-16, 2.2204460492503126E-16, 2.2204460492503126E-16, 2.2204460492503126E-16, 2.2204460492503126E-16, 2.2204460492503126E-16], 'fneg': array([2, 2, 2, 2, 2, 2, 2, 2, 2, 2, 2, 2, 2, 2, 2, 2, 2, 2, 2, 2, 2, 2, 2,
       2, 2, 2, 2, 2, 2, 2, 2, 2, 2, 2, 2, 2, 2, 2, 2, 2, 2, 2, 2, 2, 2, 2,
       2, 2, 2, 2, 2, 2, 2, 2, 2, 2, 2, 2, 2, 2, 2, 2, 2, 2]), 'sensitivity': array([1, 1, 1, 1, 1, 1, 1, 1, 1, 1, 1, 1, 1, 1, 1, 1, 1, 1, 1, 1, 1, 1, 1,
       1, 1, 1, 1, 1, 1, 1, 1, 1, 1, 1, 1, 1, 1, 1, 1, 1, 1, 1, 1, 1, 1, 1,
       1, 1, 1, 1, 1, 1, 1, 1, 1, 1, 1, 1, 1, 1, 1, 1, 1, 1]), 'tpos': array([3, 3, 3, 3, 3, 3, 3, 3, 3, 3, 3, 3, 3, 3, 3, 3, 3, 3, 3, 3, 3, 3, 3,
       3, 3, 3, 3, 3, 3, 3, 3, 3, 3, 3, 3, 3, 3, 3, 3, 3, 3, 3, 3, 3, 3, 3,
       3, 3, 3, 3, 3, 3, 3, 3, 3, 3, 3, 3, 3, 3, 3, 3, 3, 3])}, {'specificity': array([1.0, 0.56923077, 0.78461538, 1.0, 0.70769231, 0.56923077, 1.0, 1.0,
       0.56923077, 0.56923077, 1.0, 0.56923077, 0.56923077, 1.0, 1.0,
       0.56923077, 1.0, 0.56923077, 0.56923077, 1.0, 0.69230769,
       0.61538462, 0.56923077, 0.56923077, 1.0, 0.56923077, 0.56923077,
       0.56923077, 0.56923077, 0.56923077, 0.67692308, 0.56923077, 1.0,
       0.6, 1.0, 0.56923077, 0.56923077, 0.64615385, 0.56923077,
       0.76923077, 0.73846154, 0.56923077, 0.56923077, 0.58461538,
       0.56923077, 0.63076923, 0.56923077, 0.75384615, 0.56923077,
       0.72307692, 0.56923077, 0.56923077, 0.66153846, 0.56923077, 1.0,
       0.56923077, 0.56923077, 1.0, 0.56923077, 0.56923077, 0.56923077,
       0.56923077, 0.56923077, 0.56923077, 0.56923077]), 'tneg': array([10, 10, 10, 10, 10, 10, 10, 10, 10, 10, 10, 10, 10, 10, 10, 10, 10,
       10, 10, 10, 10, 10, 10, 10, 10, 10, 10, 10, 10, 10, 10, 10, 10, 10,
       10, 10, 10, 10, 10, 10, 10, 10, 10, 10, 10, 10, 10, 10, 10, 10, 10,
       10, 10, 10, 10, 10, 10, 10, 10, 10, 10, 10, 10, 10, 10]), 'fpos': array([3, 3, 3, 3, 3, 3, 3, 3, 3, 3, 3, 3, 3, 3, 3, 3, 3, 3, 3, 3, 3, 3, 3,
       3, 3, 3, 3, 3, 3, 3, 3, 3, 3, 3, 3, 3, 3, 3, 3, 3, 3, 3, 3, 3, 3, 3,
       3, 3, 3, 3, 3, 3, 3, 3, 3, 3, 3, 3, 3, 3, 3, 3, 3, 3, 3]), 'threshold': [0.99999999999999978, 2.2204460492503126E-16, 0.99999999982043009, 0.99999999999999978, 6.3393886803652059E-09, 2.2204460492503126E-16, 0.99999999999999978, 0.99999999999999978, 2.2204460492503126E-16, 2.2204460492503126E-16, 0.99999999999999978, 2.2204460492503126E-16, 2.2204460492503126E-16, 0.99999999999999978, 0.99999999999999978, 2.2204460492503126E-16, 0.99999999999999978, 2.2204460492503126E-16, 2.2204460492503126E-16, 0.99999999999999978, 4.7855923774111117E-09, 1.747354039016807E-11, 2.2204460492503126E-16, 2.2204460492503126E-16, 0.99999999999999978, 2.2204460492503126E-16, 2.2204460492503126E-16, 2.2204460492503126E-16, 2.2204460492503126E-16, 2.2204460492503126E-16, 1.7135324633700988E-09, 2.2204460492503126E-16, 0.99999999999999978, 5.30700370938922E-12, 0.99999999999999978, 2.2204460492503126E-16, 2.2204460492503126E-16, 9.8964285997013922E-11, 2.2204460492503126E-16, 0.99999999967612441, 0.99999998723812933, 2.2204460492503126E-16, 2.2204460492503126E-16, 3.579015565923754E-12, 2.2204460492503126E-16, 2.2916052967294858E-11, 2.2204460492503126E-16, 0.999999998068416, 2.2204460492503126E-16, 8.0834421666334224E-09, 2.2204460492503126E-16, 2.2204460492503126E-16, 1.115120265448833E-09, 2.2204460492503126E-16, 0.99999999999999978, 2.2204460492503126E-16, 2.2204460492503126E-16, 0.99999999999999978, 2.2204460492503126E-16, 2.2204460492503126E-16, 2.2204460492503126E-16, 2.2204460492503126E-16, 2.2204460492503126E-16, 2.2204460492503126E-16, 2.2204460492503126E-16], 'fneg': array([0, 0, 0, 0, 0, 0, 0, 0, 0, 0, 0, 0, 0, 0, 0, 0, 0, 0, 0, 0, 0, 0, 0,
       0, 0, 0, 0, 0, 0, 0, 0, 0, 0, 0, 0, 0, 0, 0, 0, 0, 0, 0, 0, 0, 0, 0,
       0, 0, 0, 0, 0, 0, 0, 0, 0, 0, 0, 0, 0, 0, 0, 0, 0, 0, 0]), 'sensitivity': array([1, 1, 1, 1, 1, 1, 1, 1, 1, 1, 1, 1, 1, 1, 1, 1, 1, 1, 1, 1, 1, 1, 1,
       1, 1, 1, 1, 1, 1, 1, 1, 1, 1, 1, 1, 1, 1, 1, 1, 1, 1, 1, 1, 1, 1, 1,
       1, 1, 1, 1, 1, 1, 1, 1, 1, 1, 1, 1, 1, 1, 1, 1, 1, 1, 1]), 'tpos': array([2, 2, 2, 2, 2, 2, 2, 2, 2, 2, 2, 2, 2, 2, 2, 2, 2, 2, 2, 2, 2, 2, 2,
       2, 2, 2, 2, 2, 2, 2, 2, 2, 2, 2, 2, 2, 2, 2, 2, 2, 2, 2, 2, 2, 2, 2,
       2, 2, 2, 2, 2, 2, 2, 2, 2, 2, 2, 2, 2, 2, 2, 2, 2, 2, 2])}], <Model object at 0x0000000000000708>)
#galogistic
([{'specificity': array([1.0, 1.0, 1.0, 1.0, 0.65079365, 0.65079365, 1.0, 1.0, 0.73015873,
       0.65079365, 0.71428571, 0.65079365, 0.77777778, 0.79365079,
       0.84126984, 0.6984127, 0.65079365, 0.80952381, 0.65079365,
       0.65079365, 0.65079365, 0.65079365, 0.65079365, 1.0, 0.65079365,
       0.65079365, 0.66666667, 0.65079365, 0.65079365, 0.65079365,
       0.65079365, 0.65079365, 0.76190476, 0.68253968, 1.0, 0.65079365,
       0.82539683, 0.65079365, 0.65079365, 0.65079365, 0.65079365,
       0.65079365, 1.0, 0.65079365, 0.65079365, 0.65079365, 0.65079365,
       1.0, 0.65079365, 0.74603175, 0.65079365, 0.65079365, 0.65079365,
       0.65079365, 0.65079365, 0.65079365, 0.65079365, 0.65079365,
       0.65079365, 0.65079365, 0.65079365, 0.65079365, 0.65079365]), 'tneg': array([7, 7, 7, 7, 7, 7, 7, 7, 7, 7, 7, 7, 7, 7, 7, 7, 7, 7, 7, 7, 7, 7, 7,
       7, 7, 7, 7, 7, 7, 7, 7, 7, 7, 7, 7, 7, 7, 7, 7, 7, 7, 7, 7, 7, 7, 7,
       7, 7, 7, 7, 7, 7, 7, 7, 7, 7, 7, 7, 7, 7, 7, 7, 7]), 'fpos': array([5, 5, 5, 5, 5, 5, 5, 5, 5, 5, 5, 5, 5, 5, 5, 5, 5, 5, 5, 5, 5, 5, 5,
       5, 5, 5, 5, 5, 5, 5, 5, 5, 5, 5, 5, 5, 5, 5, 5, 5, 5, 5, 5, 5, 5, 5,
       5, 5, 5, 5, 5, 5, 5, 5, 5, 5, 5, 5, 5, 5, 5, 5, 5]), 'threshold': [0.99999999999999978, 0.99999999999999978, 0.99999999999999978, 0.99999999999999978, 2.2204460492503126E-16, 2.2204460492503126E-16, 0.99999999999999978, 0.99999999999999978, 3.5471994983910296E-09, 2.2204460492503126E-16, 3.460962676457192E-09, 2.2204460492503126E-16, 0.99999999629789815, 0.99999999773034687, 0.999999999646478, 2.7027154567421491E-09, 2.2204460492503126E-16, 0.999999997969774, 2.2204460492503126E-16, 2.2204460492503126E-16, 2.2204460492503126E-16, 2.2204460492503126E-16, 2.2204460492503126E-16, 0.99999999999999978, 2.2204460492503126E-16, 2.2204460492503126E-16, 4.8477481383975275E-10, 2.2204460492503126E-16, 2.2204460492503126E-16, 2.2204460492503126E-16, 2.2204460492503126E-16, 2.2204460492503126E-16, 0.99999999530634776, 2.0322483984244788E-09, 0.99999999999999978, 2.2204460492503126E-16, 0.99999999913202342, 2.2204460492503126E-16, 2.2204460492503126E-16, 2.2204460492503126E-16, 2.2204460492503126E-16, 2.2204460492503126E-16, 0.99999999999999978, 2.2204460492503126E-16, 2.2204460492503126E-16, 2.2204460492503126E-16, 2.2204460492503126E-16, 0.99999999999999978, 2.2204460492503126E-16, 4.2870564322559158E-09, 2.2204460492503126E-16, 2.2204460492503126E-16, 2.2204460492503126E-16, 2.2204460492503126E-16, 2.2204460492503126E-16, 2.2204460492503126E-16, 2.2204460492503126E-16, 2.2204460492503126E-16, 2.2204460492503126E-16, 2.2204460492503126E-16, 2.2204460492503126E-16, 2.2204460492503126E-16, 2.2204460492503126E-16], 'fneg': array([4, 4, 4, 4, 4, 4, 4, 4, 4, 4, 4, 4, 4, 4, 4, 4, 4, 4, 4, 4, 4, 4, 4,
       4, 4, 4, 4, 4, 4, 4, 4, 4, 4, 4, 4, 4, 4, 4, 4, 4, 4, 4, 4, 4, 4, 4,
       4, 4, 4, 4, 4, 4, 4, 4, 4, 4, 4, 4, 4, 4, 4, 4, 4]), 'sensitivity': array([1, 1, 1, 1, 1, 1, 1, 1, 1, 1, 1, 1, 1, 1, 1, 1, 1, 1, 1, 1, 1, 1, 1,
       1, 1, 1, 1, 1, 1, 1, 1, 1, 1, 1, 1, 1, 1, 1, 1, 1, 1, 1, 1, 1, 1, 1,
       1, 1, 1, 1, 1, 1, 1, 1, 1, 1, 1, 1, 1, 1, 1, 1, 1]), 'tpos': array([1, 1, 1, 1, 1, 1, 1, 1, 1, 1, 1, 1, 1, 1, 1, 1, 1, 1, 1, 1, 1, 1, 1,
       1, 1, 1, 1, 1, 1, 1, 1, 1, 1, 1, 1, 1, 1, 1, 1, 1, 1, 1, 1, 1, 1, 1,
       1, 1, 1, 1, 1, 1, 1, 1, 1, 1, 1, 1, 1, 1, 1, 1, 1])}, {'specificity': array([0.765625, 1.0, 1.0, 0.609375, 0.8125, 1.0, 1.0, 0.609375, 0.609375,
       0.609375, 0.609375, 0.625, 1.0, 1.0, 0.609375, 0.703125, 0.609375,
       0.609375, 1.0, 0.609375, 0.609375, 0.609375, 0.609375, 0.609375,
       0.75, 1.0, 0.609375, 0.609375, 0.609375, 0.609375, 0.609375,
       0.609375, 0.609375, 0.609375, 0.734375, 1.0, 0.671875, 1.0, 0.65625,
       0.609375, 0.609375, 0.609375, 0.78125, 0.796875, 0.609375, 0.71875,
       0.609375, 0.609375, 0.609375, 1.0, 0.609375, 0.609375, 0.640625,
       0.609375, 0.609375, 1.0, 0.609375, 0.609375, 0.609375, 0.609375,
       0.6875, 0.609375, 0.609375, 0.609375]), 'tneg': array([12, 12, 12, 12, 12, 12, 12, 12, 12, 12, 12, 12, 12, 12, 12, 12, 12,
       12, 12, 12, 12, 12, 12, 12, 12, 12, 12, 12, 12, 12, 12, 12, 12, 12,
       12, 12, 12, 12, 12, 12, 12, 12, 12, 12, 12, 12, 12, 12, 12, 12, 12,
       12, 12, 12, 12, 12, 12, 12, 12, 12, 12, 12, 12, 12]), 'fpos': array([1, 1, 1, 1, 1, 1, 1, 1, 1, 1, 1, 1, 1, 1, 1, 1, 1, 1, 1, 1, 1, 1, 1,
       1, 1, 1, 1, 1, 1, 1, 1, 1, 1, 1, 1, 1, 1, 1, 1, 1, 1, 1, 1, 1, 1, 1,
       1, 1, 1, 1, 1, 1, 1, 1, 1, 1, 1, 1, 1, 1, 1, 1, 1, 1]), 'threshold': [0.99999999957161922, 0.99999999999999978, 0.99999999999999978, 2.2204460492503126E-16, 0.99999999995652744, 0.99999999999999978, 0.99999999999999978, 2.2204460492503126E-16, 2.2204460492503126E-16, 2.2204460492503126E-16, 2.2204460492503126E-16, 5.2132343076673456E-12, 0.99999999999999978, 0.99999999999999978, 2.2204460492503126E-16, 1.1747068954150841E-09, 2.2204460492503126E-16, 2.2204460492503126E-16, 0.99999999999999978, 2.2204460492503126E-16, 2.2204460492503126E-16, 2.2204460492503126E-16, 2.2204460492503126E-16, 2.2204460492503126E-16, 0.9999999993328953, 0.99999999999999978, 2.2204460492503126E-16, 2.2204460492503126E-16, 2.2204460492503126E-16, 2.2204460492503126E-16, 2.2204460492503126E-16, 2.2204460492503126E-16, 2.2204460492503126E-16, 2.2204460492503126E-16, 0.99999999773169768, 0.99999999999999978, 3.8144647910048352E-10, 0.99999999999999978, 2.9819662260049936E-10, 2.2204460492503126E-16, 2.2204460492503126E-16, 2.2204460492503126E-16, 0.99999999976034049, 0.99999999990293653, 2.2204460492503126E-16, 2.4280578983496751E-09, 2.2204460492503126E-16, 2.2204460492503126E-16, 2.2204460492503126E-16, 0.99999999999999978, 2.2204460492503126E-16, 2.2204460492503126E-16, 5.5436653661770667E-11, 2.2204460492503126E-16, 2.2204460492503126E-16, 0.99999999999999978, 2.2204460492503126E-16, 2.2204460492503126E-16, 2.2204460492503126E-16, 2.2204460492503126E-16, 7.1726206216708482E-10, 2.2204460492503126E-16, 2.2204460492503126E-16, 2.2204460492503126E-16], 'fneg': array([3, 3, 3, 3, 3, 3, 3, 3, 3, 3, 3, 3, 3, 3, 3, 3, 3, 3, 3, 3, 3, 3, 3,
       3, 3, 3, 3, 3, 3, 3, 3, 3, 3, 3, 3, 3, 3, 3, 3, 3, 3, 3, 3, 3, 3, 3,
       3, 3, 3, 3, 3, 3, 3, 3, 3, 3, 3, 3, 3, 3, 3, 3, 3, 3]), 'sensitivity': array([1, 1, 1, 1, 1, 1, 1, 1, 1, 1, 1, 1, 1, 1, 1, 1, 1, 1, 1, 1, 1, 1, 1,
       1, 1, 1, 1, 1, 1, 1, 1, 1, 1, 1, 1, 1, 1, 1, 1, 1, 1, 1, 1, 1, 1, 1,
       1, 1, 1, 1, 1, 1, 1, 1, 1, 1, 1, 1, 1, 1, 1, 1, 1, 1]), 'tpos': array([0, 0, 0, 0, 0, 0, 0, 0, 0, 0, 0, 0, 0, 0, 0, 0, 0, 0, 0, 0, 0, 0, 0,
       0, 0, 0, 0, 0, 0, 0, 0, 0, 0, 0, 0, 0, 0, 0, 0, 0, 0, 0, 0, 0, 0, 0,
       0, 0, 0, 0, 0, 0, 0, 0, 0, 0, 0, 0, 0, 0, 0, 0, 0, 0])}, {'specificity': array([1.0, 0.8125, 1.0, 1.0, 0.640625, 0.640625, 0.765625, 0.640625,
       0.640625, 0.640625, 0.796875, 1.0, 1.0, 0.734375, 0.640625,
       0.640625, 0.75, 0.640625, 0.640625, 0.640625, 0.671875, 0.703125,
       1.0, 1.0, 0.640625, 0.640625, 0.640625, 0.640625, 0.640625,
       0.640625, 0.640625, 1.0, 0.6875, 0.640625, 1.0, 1.0, 0.640625,
       0.640625, 0.640625, 0.640625, 0.640625, 1.0, 1.0, 0.640625,
       0.640625, 0.640625, 0.640625, 0.640625, 0.640625, 0.71875, 0.640625,
       0.640625, 0.640625, 0.640625, 0.78125, 0.640625, 0.640625, 0.640625,
       0.65625, 0.640625, 0.640625, 0.640625, 0.640625, 0.640625]), 'tneg': array([8, 8, 8, 8, 8, 8, 8, 8, 8, 8, 8, 8, 8, 8, 8, 8, 8, 8, 8, 8, 8, 8, 8,
       8, 8, 8, 8, 8, 8, 8, 8, 8, 8, 8, 8, 8, 8, 8, 8, 8, 8, 8, 8, 8, 8, 8,
       8, 8, 8, 8, 8, 8, 8, 8, 8, 8, 8, 8, 8, 8, 8, 8, 8, 8]), 'fpos': array([4, 4, 4, 4, 4, 4, 4, 4, 4, 4, 4, 4, 4, 4, 4, 4, 4, 4, 4, 4, 4, 4, 4,
       4, 4, 4, 4, 4, 4, 4, 4, 4, 4, 4, 4, 4, 4, 4, 4, 4, 4, 4, 4, 4, 4, 4,
       4, 4, 4, 4, 4, 4, 4, 4, 4, 4, 4, 4, 4, 4, 4, 4, 4, 4]), 'threshold': [0.99999999999999978, 0.99999995803453878, 0.99999999999999978, 0.99999999999999978, 2.2204460492503126E-16, 2.2204460492503126E-16, 0.999999890896284, 2.2204460492503126E-16, 2.2204460492503126E-16, 2.2204460492503126E-16, 0.99999994930190694, 0.99999999999999978, 0.99999999999999978, 1.05542879476133E-07, 2.2204460492503126E-16, 2.2204460492503126E-16, 0.999999890816289, 2.2204460492503126E-16, 2.2204460492503126E-16, 2.2204460492503126E-16, 3.3142758323786222E-08, 6.350804944959607E-08, 0.99999999999999978, 0.99999999999999978, 2.2204460492503126E-16, 2.2204460492503126E-16, 2.2204460492503126E-16, 2.2204460492503126E-16, 2.2204460492503126E-16, 2.2204460492503126E-16, 2.2204460492503126E-16, 0.99999999999999978, 3.964692670901188E-08, 2.2204460492503126E-16, 0.99999999999999978, 0.99999999999999978, 2.2204460492503126E-16, 2.2204460492503126E-16, 2.2204460492503126E-16, 2.2204460492503126E-16, 2.2204460492503126E-16, 0.99999999999999978, 0.99999999999999978, 2.2204460492503126E-16, 2.2204460492503126E-16, 2.2204460492503126E-16, 2.2204460492503126E-16, 2.2204460492503126E-16, 2.2204460492503126E-16, 9.4006526762241525E-08, 2.2204460492503126E-16, 2.2204460492503126E-16, 2.2204460492503126E-16, 2.2204460492503126E-16, 0.99999990736516819, 2.2204460492503126E-16, 2.2204460492503126E-16, 2.2204460492503126E-16, 6.5770299743333511E-09, 2.2204460492503126E-16, 2.2204460492503126E-16, 2.2204460492503126E-16, 2.2204460492503126E-16, 2.2204460492503126E-16], 'fneg': array([0, 0, 0, 0, 0, 0, 0, 0, 0, 0, 0, 0, 0, 0, 0, 0, 0, 0, 0, 0, 0, 0, 0,
       0, 0, 0, 0, 0, 0, 0, 0, 0, 0, 0, 0, 0, 0, 0, 0, 0, 0, 0, 0, 0, 0, 0,
       0, 0, 0, 0, 0, 0, 0, 0, 0, 0, 0, 0, 0, 0, 0, 0, 0, 0]), 'sensitivity': array([1, 1, 1, 1, 1, 1, 1, 1, 1, 1, 1, 1, 1, 1, 1, 1, 1, 1, 1, 1, 1, 1, 1,
       1, 1, 1, 1, 1, 1, 1, 1, 1, 1, 1, 1, 1, 1, 1, 1, 1, 1, 1, 1, 1, 1, 1,
       1, 1, 1, 1, 1, 1, 1, 1, 1, 1, 1, 1, 1, 1, 1, 1, 1, 1]), 'tpos': array([4, 4, 4, 4, 4, 4, 4, 4, 4, 4, 4, 4, 4, 4, 4, 4, 4, 4, 4, 4, 4, 4, 4,
       4, 4, 4, 4, 4, 4, 4, 4, 4, 4, 4, 4, 4, 4, 4, 4, 4, 4, 4, 4, 4, 4, 4,
       4, 4, 4, 4, 4, 4, 4, 4, 4, 4, 4, 4, 4, 4, 4, 4, 4, 4])}, {'specificity': array([1.0, 1.0, 1.0, 0.640625, 0.640625, 0.8125, 1.0, 0.765625, 0.640625,
       0.640625, 0.640625, 0.78125, 1.0, 0.734375, 0.640625, 0.6875,
       0.640625, 0.640625, 0.640625, 0.640625, 0.84375, 0.640625, 0.640625,
       0.640625, 0.640625, 0.71875, 0.703125, 0.640625, 0.640625, 1.0,
       0.640625, 1.0, 0.65625, 0.796875, 0.640625, 0.640625, 0.640625, 1.0,
       1.0, 0.640625, 0.640625, 0.640625, 0.640625, 0.640625, 1.0,
       0.640625, 0.671875, 0.640625, 0.75, 0.640625, 0.640625, 0.640625,
       0.640625, 0.828125, 0.640625, 0.640625, 0.640625, 0.640625,
       0.640625, 0.640625, 0.640625, 0.640625, 0.640625, 0.640625]), 'tneg': array([9, 9, 9, 9, 9, 9, 9, 9, 9, 9, 9, 9, 9, 9, 9, 9, 9, 9, 9, 9, 9, 9, 9,
       9, 9, 9, 9, 9, 9, 9, 9, 9, 9, 9, 9, 9, 9, 9, 9, 9, 9, 9, 9, 9, 9, 9,
       9, 9, 9, 9, 9, 9, 9, 9, 9, 9, 9, 9, 9, 9, 9, 9, 9, 9]), 'fpos': array([2, 2, 2, 2, 2, 2, 2, 2, 2, 2, 2, 2, 2, 2, 2, 2, 2, 2, 2, 2, 2, 2, 2,
       2, 2, 2, 2, 2, 2, 2, 2, 2, 2, 2, 2, 2, 2, 2, 2, 2, 2, 2, 2, 2, 2, 2,
       2, 2, 2, 2, 2, 2, 2, 2, 2, 2, 2, 2, 2, 2, 2, 2, 2, 2]), 'threshold': [0.99999999999999978, 0.99999999999999978, 0.99999999999999978, 2.2204460492503126E-16, 2.2204460492503126E-16, 0.999999997603073, 0.99999999999999978, 0.99999999524861327, 2.2204460492503126E-16, 2.2204460492503126E-16, 2.2204460492503126E-16, 0.99999999525250438, 0.99999999999999978, 4.97660040815696E-09, 2.2204460492503126E-16, 6.6745635627396153E-10, 2.2204460492503126E-16, 2.2204460492503126E-16, 2.2204460492503126E-16, 2.2204460492503126E-16, 0.999999999703888, 2.2204460492503126E-16, 2.2204460492503126E-16, 2.2204460492503126E-16, 2.2204460492503126E-16, 4.2638640413273511E-09, 2.3716548091895172E-09, 2.2204460492503126E-16, 2.2204460492503126E-16, 0.99999999999999978, 2.2204460492503126E-16, 0.99999999999999978, 2.9007014654560676E-12, 0.99999999548650886, 2.2204460492503126E-16, 2.2204460492503126E-16, 2.2204460492503126E-16, 0.99999999999999978, 0.99999999999999978, 2.2204460492503126E-16, 2.2204460492503126E-16, 2.2204460492503126E-16, 2.2204460492503126E-16, 2.2204460492503126E-16, 0.99999999999999978, 2.2204460492503126E-16, 1.9865486267015289E-10, 2.2204460492503126E-16, 5.6344081606961232E-09, 2.2204460492503126E-16, 2.2204460492503126E-16, 2.2204460492503126E-16, 2.2204460492503126E-16, 0.9999999991130345, 2.2204460492503126E-16, 2.2204460492503126E-16, 2.2204460492503126E-16, 2.2204460492503126E-16, 2.2204460492503126E-16, 2.2204460492503126E-16, 2.2204460492503126E-16, 2.2204460492503126E-16, 2.2204460492503126E-16, 2.2204460492503126E-16], 'fneg': array([3, 3, 3, 3, 3, 3, 3, 3, 3, 3, 3, 3, 3, 3, 3, 3, 3, 3, 3, 3, 3, 3, 3,
       3, 3, 3, 3, 3, 3, 3, 3, 3, 3, 3, 3, 3, 3, 3, 3, 3, 3, 3, 3, 3, 3, 3,
       3, 3, 3, 3, 3, 3, 3, 3, 3, 3, 3, 3, 3, 3, 3, 3, 3, 3]), 'sensitivity': array([1, 1, 1, 1, 1, 1, 1, 1, 1, 1, 1, 1, 1, 1, 1, 1, 1, 1, 1, 1, 1, 1, 1,
       1, 1, 1, 1, 1, 1, 1, 1, 1, 1, 1, 1, 1, 1, 1, 1, 1, 1, 1, 1, 1, 1, 1,
       1, 1, 1, 1, 1, 1, 1, 1, 1, 1, 1, 1, 1, 1, 1, 1, 1, 1]), 'tpos': array([2, 2, 2, 2, 2, 2, 2, 2, 2, 2, 2, 2, 2, 2, 2, 2, 2, 2, 2, 2, 2, 2, 2,
       2, 2, 2, 2, 2, 2, 2, 2, 2, 2, 2, 2, 2, 2, 2, 2, 2, 2, 2, 2, 2, 2, 2,
       2, 2, 2, 2, 2, 2, 2, 2, 2, 2, 2, 2, 2, 2, 2, 2, 2, 2])}, {'specificity': array([1.0, 0.83076923, 0.61538462, 1.0, 1.0, 1.0, 0.61538462, 0.61538462,
       0.61538462, 0.61538462, 0.61538462, 1.0, 0.75384615, 0.61538462,
       0.61538462, 0.61538462, 0.81538462, 0.61538462, 0.61538462,
       0.63076923, 0.61538462, 0.61538462, 0.61538462, 1.0, 1.0,
       0.61538462, 0.67692308, 0.61538462, 0.61538462, 0.61538462,
       0.61538462, 0.61538462, 1.0, 0.70769231, 0.64615385, 1.0, 1.0,
       0.61538462, 0.78461538, 0.73846154, 0.61538462, 0.61538462,
       0.76923077, 0.61538462, 0.61538462, 0.61538462, 0.61538462,
       0.61538462, 1.0, 0.61538462, 0.61538462, 0.61538462, 0.66153846,
       0.61538462, 0.61538462, 0.61538462, 0.8, 0.61538462, 0.61538462,
       0.72307692, 0.61538462, 0.69230769, 0.61538462, 0.61538462,
       0.61538462]), 'tneg': array([9, 9, 9, 9, 9, 9, 9, 9, 9, 9, 9, 9, 9, 9, 9, 9, 9, 9, 9, 9, 9, 9, 9,
       9, 9, 9, 9, 9, 9, 9, 9, 9, 9, 9, 9, 9, 9, 9, 9, 9, 9, 9, 9, 9, 9, 9,
       9, 9, 9, 9, 9, 9, 9, 9, 9, 9, 9, 9, 9, 9, 9, 9, 9, 9, 9]), 'fpos': array([2, 2, 2, 2, 2, 2, 2, 2, 2, 2, 2, 2, 2, 2, 2, 2, 2, 2, 2, 2, 2, 2, 2,
       2, 2, 2, 2, 2, 2, 2, 2, 2, 2, 2, 2, 2, 2, 2, 2, 2, 2, 2, 2, 2, 2, 2,
       2, 2, 2, 2, 2, 2, 2, 2, 2, 2, 2, 2, 2, 2, 2, 2, 2, 2, 2]), 'threshold': [0.99999999999999978, 0.99999999986655674, 2.2204460492503126E-16, 0.99999999999999978, 0.99999999999999978, 0.99999999999999978, 2.2204460492503126E-16, 2.2204460492503126E-16, 2.2204460492503126E-16, 2.2204460492503126E-16, 2.2204460492503126E-16, 0.99999999999999978, 0.99999999651878857, 2.2204460492503126E-16, 2.2204460492503126E-16, 2.2204460492503126E-16, 0.99999999972495557, 2.2204460492503126E-16, 2.2204460492503126E-16, 5.2302620159666961E-11, 2.2204460492503126E-16, 2.2204460492503126E-16, 2.2204460492503126E-16, 0.99999999999999978, 0.99999999999999978, 2.2204460492503126E-16, 4.7492862316603905E-10, 2.2204460492503126E-16, 2.2204460492503126E-16, 2.2204460492503126E-16, 2.2204460492503126E-16, 2.2204460492503126E-16, 0.99999999999999978, 1.2392940078730635E-09, 1.6234594723416318E-10, 0.99999999999999978, 0.99999999999999978, 2.2204460492503126E-16, 0.99999999853465915, 8.531504528444E-09, 2.2204460492503126E-16, 2.2204460492503126E-16, 0.99999999753019564, 2.2204460492503126E-16, 2.2204460492503126E-16, 2.2204460492503126E-16, 2.2204460492503126E-16, 2.2204460492503126E-16, 0.99999999999999978, 2.2204460492503126E-16, 2.2204460492503126E-16, 2.2204460492503126E-16, 2.8802364509471545E-10, 2.2204460492503126E-16, 2.2204460492503126E-16, 2.2204460492503126E-16, 0.99999999886391022, 2.2204460492503126E-16, 2.2204460492503126E-16, 1.615114570455624E-09, 2.2204460492503126E-16, 9.8999443382000847E-10, 2.2204460492503126E-16, 2.2204460492503126E-16, 2.2204460492503126E-16], 'fneg': array([2, 2, 2, 2, 2, 2, 2, 2, 2, 2, 2, 2, 2, 2, 2, 2, 2, 2, 2, 2, 2, 2, 2,
       2, 2, 2, 2, 2, 2, 2, 2, 2, 2, 2, 2, 2, 2, 2, 2, 2, 2, 2, 2, 2, 2, 2,
       2, 2, 2, 2, 2, 2, 2, 2, 2, 2, 2, 2, 2, 2, 2, 2, 2, 2, 2]), 'sensitivity': array([1, 1, 1, 1, 1, 1, 1, 1, 1, 1, 1, 1, 1, 1, 1, 1, 1, 1, 1, 1, 1, 1, 1,
       1, 1, 1, 1, 1, 1, 1, 1, 1, 1, 1, 1, 1, 1, 1, 1, 1, 1, 1, 1, 1, 1, 1,
       1, 1, 1, 1, 1, 1, 1, 1, 1, 1, 1, 1, 1, 1, 1, 1, 1, 1, 1]), 'tpos': array([2, 2, 2, 2, 2, 2, 2, 2, 2, 2, 2, 2, 2, 2, 2, 2, 2, 2, 2, 2, 2, 2, 2,
       2, 2, 2, 2, 2, 2, 2, 2, 2, 2, 2, 2, 2, 2, 2, 2, 2, 2, 2, 2, 2, 2, 2,
       2, 2, 2, 2, 2, 2, 2, 2, 2, 2, 2, 2, 2, 2, 2, 2, 2, 2, 2])}], <Model object at 0x0000000000000A34>)
#galogistic
([{'specificity': array([1.0, 0.85714286, 0.63492063, 1.0, 0.71428571, 0.80952381, 1.0,
       0.63492063, 0.65079365, 0.84126984, 0.63492063, 0.63492063,
       0.63492063, 1.0, 0.63492063, 0.63492063, 0.63492063, 0.63492063,
       0.63492063, 0.63492063, 0.82539683, 0.63492063, 0.63492063,
       0.76190476, 0.63492063, 0.63492063, 0.63492063, 0.63492063,
       0.63492063, 0.63492063, 0.63492063, 0.63492063, 0.63492063, 1.0,
       0.77777778, 0.74603175, 0.66666667, 0.87301587, 0.63492063,
       0.63492063, 1.0, 0.63492063, 0.63492063, 0.63492063, 0.63492063,
       0.63492063, 1.0, 0.63492063, 0.63492063, 0.6984127, 0.63492063,
       0.68253968, 0.63492063, 0.63492063, 0.63492063, 1.0, 0.63492063,
       0.63492063, 0.79365079, 0.63492063, 0.73015873, 0.63492063,
       0.63492063]), 'tneg': array([11, 11, 11, 11, 11, 11, 11, 11, 11, 11, 11, 11, 11, 11, 11, 11, 11,
       11, 11, 11, 11, 11, 11, 11, 11, 11, 11, 11, 11, 11, 11, 11, 11, 11,
       11, 11, 11, 11, 11, 11, 11, 11, 11, 11, 11, 11, 11, 11, 11, 11, 11,
       11, 11, 11, 11, 11, 11, 11, 11, 11, 11, 11, 11]), 'fpos': array([1, 1, 1, 1, 1, 1, 1, 1, 1, 1, 1, 1, 1, 1, 1, 1, 1, 1, 1, 1, 1, 1, 1,
       1, 1, 1, 1, 1, 1, 1, 1, 1, 1, 1, 1, 1, 1, 1, 1, 1, 1, 1, 1, 1, 1, 1,
       1, 1, 1, 1, 1, 1, 1, 1, 1, 1, 1, 1, 1, 1, 1, 1, 1]), 'threshold': [0.99999999999999978, 0.99999999841683018, 2.2204460492503126E-16, 0.99999999999999978, 3.2413698976702362E-09, 0.99999999584040355, 0.99999999999999978, 2.2204460492503126E-16, 1.185721348988606E-09, 0.99999999826713881, 2.2204460492503126E-16, 2.2204460492503126E-16, 2.2204460492503126E-16, 0.99999999999999978, 2.2204460492503126E-16, 2.2204460492503126E-16, 2.2204460492503126E-16, 2.2204460492503126E-16, 2.2204460492503126E-16, 2.2204460492503126E-16, 0.999999997604873, 2.2204460492503126E-16, 2.2204460492503126E-16, 9.210567194606865E-09, 2.2204460492503126E-16, 2.2204460492503126E-16, 2.2204460492503126E-16, 2.2204460492503126E-16, 2.2204460492503126E-16, 2.2204460492503126E-16, 2.2204460492503126E-16, 2.2204460492503126E-16, 2.2204460492503126E-16, 0.99999999999999978, 0.99999999141803775, 8.0734559000653476E-09, 2.1098862932918925E-09, 0.99999999844058851, 2.2204460492503126E-16, 2.2204460492503126E-16, 0.99999999999999978, 2.2204460492503126E-16, 2.2204460492503126E-16, 2.2204460492503126E-16, 2.2204460492503126E-16, 2.2204460492503126E-16, 0.99999999999999978, 2.2204460492503126E-16, 2.2204460492503126E-16, 2.8395667766998671E-09, 2.2204460492503126E-16, 2.5234487480051427E-09, 2.2204460492503126E-16, 2.2204460492503126E-16, 2.2204460492503126E-16, 0.99999999999999978, 2.2204460492503126E-16, 2.2204460492503126E-16, 0.999999993632518, 2.2204460492503126E-16, 4.0818283872131878E-09, 2.2204460492503126E-16, 2.2204460492503126E-16], 'fneg': array([3, 3, 3, 3, 3, 3, 3, 3, 3, 3, 3, 3, 3, 3, 3, 3, 3, 3, 3, 3, 3, 3, 3,
       3, 3, 3, 3, 3, 3, 3, 3, 3, 3, 3, 3, 3, 3, 3, 3, 3, 3, 3, 3, 3, 3, 3,
       3, 3, 3, 3, 3, 3, 3, 3, 3, 3, 3, 3, 3, 3, 3, 3, 3]), 'sensitivity': array([1, 1, 1, 1, 1, 1, 1, 1, 1, 1, 1, 1, 1, 1, 1, 1, 1, 1, 1, 1, 1, 1, 1,
       1, 1, 1, 1, 1, 1, 1, 1, 1, 1, 1, 1, 1, 1, 1, 1, 1, 1, 1, 1, 1, 1, 1,
       1, 1, 1, 1, 1, 1, 1, 1, 1, 1, 1, 1, 1, 1, 1, 1, 1]), 'tpos': array([2, 2, 2, 2, 2, 2, 2, 2, 2, 2, 2, 2, 2, 2, 2, 2, 2, 2, 2, 2, 2, 2, 2,
       2, 2, 2, 2, 2, 2, 2, 2, 2, 2, 2, 2, 2, 2, 2, 2, 2, 2, 2, 2, 2, 2, 2,
       2, 2, 2, 2, 2, 2, 2, 2, 2, 2, 2, 2, 2, 2, 2, 2, 2])}, {'specificity': array([0.8125, 1.0, 1.0, 0.640625, 1.0, 0.640625, 0.828125, 0.640625, 1.0,
       0.640625, 0.78125, 0.640625, 1.0, 0.640625, 0.765625, 0.640625, 1.0,
       0.640625, 0.640625, 1.0, 0.640625, 0.640625, 0.671875, 0.640625,
       1.0, 0.640625, 0.640625, 0.640625, 0.640625, 0.640625, 0.640625,
       0.640625, 0.640625, 0.75, 0.640625, 0.640625, 0.640625, 0.796875,
       0.84375, 0.703125, 0.640625, 1.0, 0.640625, 0.640625, 0.65625,
       0.859375, 0.640625, 0.640625, 0.640625, 0.640625, 0.640625, 0.6875,
       0.640625, 0.734375, 0.640625, 0.640625, 0.640625, 0.640625,
       0.640625, 0.640625, 0.71875, 0.640625, 0.640625, 0.640625]), 'tneg': array([8, 8, 8, 8, 8, 8, 8, 8, 8, 8, 8, 8, 8, 8, 8, 8, 8, 8, 8, 8, 8, 8, 8,
       8, 8, 8, 8, 8, 8, 8, 8, 8, 8, 8, 8, 8, 8, 8, 8, 8, 8, 8, 8, 8, 8, 8,
       8, 8, 8, 8, 8, 8, 8, 8, 8, 8, 8, 8, 8, 8, 8, 8, 8, 8]), 'fpos': array([3, 3, 3, 3, 3, 3, 3, 3, 3, 3, 3, 3, 3, 3, 3, 3, 3, 3, 3, 3, 3, 3, 3,
       3, 3, 3, 3, 3, 3, 3, 3, 3, 3, 3, 3, 3, 3, 3, 3, 3, 3, 3, 3, 3, 3, 3,
       3, 3, 3, 3, 3, 3, 3, 3, 3, 3, 3, 3, 3, 3, 3, 3, 3, 3]), 'threshold': [0.999999992476925, 0.99999999999999978, 0.99999999999999978, 2.2204460492503126E-16, 0.99999999999999978, 2.2204460492503126E-16, 0.99999999658805061, 2.2204460492503126E-16, 0.99999999999999978, 2.2204460492503126E-16, 0.99999998688169678, 2.2204460492503126E-16, 0.99999999999999978, 2.2204460492503126E-16, 7.6977362785325348E-09, 2.2204460492503126E-16, 0.99999999999999978, 2.2204460492503126E-16, 2.2204460492503126E-16, 0.99999999999999978, 2.2204460492503126E-16, 2.2204460492503126E-16, 2.043311785206492E-09, 2.2204460492503126E-16, 0.99999999999999978, 2.2204460492503126E-16, 2.2204460492503126E-16, 2.2204460492503126E-16, 2.2204460492503126E-16, 2.2204460492503126E-16, 2.2204460492503126E-16, 2.2204460492503126E-16, 2.2204460492503126E-16, 6.6783280761804267E-09, 2.2204460492503126E-16, 2.2204460492503126E-16, 2.2204460492503126E-16, 0.99999998708464233, 0.99999999972046771, 5.5096143099182509E-09, 2.2204460492503126E-16, 0.99999999999999978, 2.2204460492503126E-16, 2.2204460492503126E-16, 4.1881435997098293E-11, 0.999999999738889, 2.2204460492503126E-16, 2.2204460492503126E-16, 2.2204460492503126E-16, 2.2204460492503126E-16, 2.2204460492503126E-16, 2.8743746121376741E-09, 2.2204460492503126E-16, 6.5587044959818257E-09, 2.2204460492503126E-16, 2.2204460492503126E-16, 2.2204460492503126E-16, 2.2204460492503126E-16, 2.2204460492503126E-16, 2.2204460492503126E-16, 5.6796323135632347E-09, 2.2204460492503126E-16, 2.2204460492503126E-16, 2.2204460492503126E-16], 'fneg': array([4, 4, 4, 4, 4, 4, 4, 4, 4, 4, 4, 4, 4, 4, 4, 4, 4, 4, 4, 4, 4, 4, 4,
       4, 4, 4, 4, 4, 4, 4, 4, 4, 4, 4, 4, 4, 4, 4, 4, 4, 4, 4, 4, 4, 4, 4,
       4, 4, 4, 4, 4, 4, 4, 4, 4, 4, 4, 4, 4, 4, 4, 4, 4, 4]), 'sensitivity': array([1, 1, 1, 1, 1, 1, 1, 1, 1, 1, 1, 1, 1, 1, 1, 1, 1, 1, 1, 1, 1, 1, 1,
       1, 1, 1, 1, 1, 1, 1, 1, 1, 1, 1, 1, 1, 1, 1, 1, 1, 1, 1, 1, 1, 1, 1,
       1, 1, 1, 1, 1, 1, 1, 1, 1, 1, 1, 1, 1, 1, 1, 1, 1, 1]), 'tpos': array([1, 1, 1, 1, 1, 1, 1, 1, 1, 1, 1, 1, 1, 1, 1, 1, 1, 1, 1, 1, 1, 1, 1,
       1, 1, 1, 1, 1, 1, 1, 1, 1, 1, 1, 1, 1, 1, 1, 1, 1, 1, 1, 1, 1, 1, 1,
       1, 1, 1, 1, 1, 1, 1, 1, 1, 1, 1, 1, 1, 1, 1, 1, 1, 1])}, {'specificity': array([0.796875, 1.0, 1.0, 0.8125, 1.0, 0.625, 1.0, 0.625, 0.765625, 0.625,
       0.65625, 0.625, 1.0, 0.625, 0.625, 1.0, 0.625, 0.625, 0.625, 0.625,
       0.640625, 0.625, 1.0, 1.0, 0.625, 0.625, 0.625, 0.625, 0.734375,
       0.625, 0.625, 0.625, 0.703125, 0.671875, 0.625, 1.0, 1.0, 0.625,
       0.625, 0.625, 0.625, 0.625, 0.78125, 0.625, 0.625, 0.625, 1.0,
       0.625, 0.625, 0.625, 0.625, 0.625, 0.625, 0.625, 1.0, 0.71875,
       0.625, 0.625, 0.75, 0.625, 0.625, 0.625, 0.6875, 0.625]), 'tneg': array([8, 8, 8, 8, 8, 8, 8, 8, 8, 8, 8, 8, 8, 8, 8, 8, 8, 8, 8, 8, 8, 8, 8,
       8, 8, 8, 8, 8, 8, 8, 8, 8, 8, 8, 8, 8, 8, 8, 8, 8, 8, 8, 8, 8, 8, 8,
       8, 8, 8, 8, 8, 8, 8, 8, 8, 8, 8, 8, 8, 8, 8, 8, 8, 8]), 'fpos': array([5, 5, 5, 5, 5, 5, 5, 5, 5, 5, 5, 5, 5, 5, 5, 5, 5, 5, 5, 5, 5, 5, 5,
       5, 5, 5, 5, 5, 5, 5, 5, 5, 5, 5, 5, 5, 5, 5, 5, 5, 5, 5, 5, 5, 5, 5,
       5, 5, 5, 5, 5, 5, 5, 5, 5, 5, 5, 5, 5, 5, 5, 5, 5, 5]), 'threshold': [0.999999999916606, 0.99999999999999978, 0.99999999999999978, 0.99999999999261657, 0.99999999999999978, 2.2204460492503126E-16, 0.99999999999999978, 2.2204460492503126E-16, 0.99999999912538351, 2.2204460492503126E-16, 1.477342892494944E-10, 2.2204460492503126E-16, 0.99999999999999978, 2.2204460492503126E-16, 2.2204460492503126E-16, 0.99999999999999978, 2.2204460492503126E-16, 2.2204460492503126E-16, 2.2204460492503126E-16, 2.2204460492503126E-16, 1.3355327407304033E-11, 2.2204460492503126E-16, 0.99999999999999978, 0.99999999999999978, 2.2204460492503126E-16, 2.2204460492503126E-16, 2.2204460492503126E-16, 2.2204460492503126E-16, 1.1657855403527346E-09, 2.2204460492503126E-16, 2.2204460492503126E-16, 2.2204460492503126E-16, 6.6902393057171391E-10, 3.4707591252696179E-10, 2.2204460492503126E-16, 0.99999999999999978, 0.99999999999999978, 2.2204460492503126E-16, 2.2204460492503126E-16, 2.2204460492503126E-16, 2.2204460492503126E-16, 2.2204460492503126E-16, 0.9999999997064235, 2.2204460492503126E-16, 2.2204460492503126E-16, 2.2204460492503126E-16, 0.99999999999999978, 2.2204460492503126E-16, 2.2204460492503126E-16, 2.2204460492503126E-16, 2.2204460492503126E-16, 2.2204460492503126E-16, 2.2204460492503126E-16, 2.2204460492503126E-16, 0.99999999999999978, 7.2690461081154432E-10, 2.2204460492503126E-16, 2.2204460492503126E-16, 0.99999999757244584, 2.2204460492503126E-16, 2.2204460492503126E-16, 2.2204460492503126E-16, 5.5281680463915651E-10, 2.2204460492503126E-16], 'fneg': array([2, 2, 2, 2, 2, 2, 2, 2, 2, 2, 2, 2, 2, 2, 2, 2, 2, 2, 2, 2, 2, 2, 2,
       2, 2, 2, 2, 2, 2, 2, 2, 2, 2, 2, 2, 2, 2, 2, 2, 2, 2, 2, 2, 2, 2, 2,
       2, 2, 2, 2, 2, 2, 2, 2, 2, 2, 2, 2, 2, 2, 2, 2, 2, 2]), 'sensitivity': array([1, 1, 1, 1, 1, 1, 1, 1, 1, 1, 1, 1, 1, 1, 1, 1, 1, 1, 1, 1, 1, 1, 1,
       1, 1, 1, 1, 1, 1, 1, 1, 1, 1, 1, 1, 1, 1, 1, 1, 1, 1, 1, 1, 1, 1, 1,
       1, 1, 1, 1, 1, 1, 1, 1, 1, 1, 1, 1, 1, 1, 1, 1, 1, 1]), 'tpos': array([1, 1, 1, 1, 1, 1, 1, 1, 1, 1, 1, 1, 1, 1, 1, 1, 1, 1, 1, 1, 1, 1, 1,
       1, 1, 1, 1, 1, 1, 1, 1, 1, 1, 1, 1, 1, 1, 1, 1, 1, 1, 1, 1, 1, 1, 1,
       1, 1, 1, 1, 1, 1, 1, 1, 1, 1, 1, 1, 1, 1, 1, 1, 1, 1])}, {'specificity': array([1.0, 0.640625, 0.71875, 0.640625, 0.765625, 0.8125, 0.640625, 1.0,
       0.640625, 0.6875, 0.640625, 0.828125, 0.640625, 1.0, 0.640625,
       0.703125, 0.671875, 0.640625, 0.640625, 1.0, 1.0, 0.640625,
       0.640625, 0.640625, 0.640625, 0.640625, 0.640625, 0.640625,
       0.640625, 0.640625, 0.640625, 1.0, 0.796875, 1.0, 0.640625, 1.0,
       0.640625, 0.640625, 0.640625, 0.640625, 0.84375, 0.640625, 0.640625,
       0.640625, 0.640625, 1.0, 0.640625, 0.640625, 0.734375, 0.640625,
       0.640625, 0.640625, 0.640625, 0.640625, 1.0, 0.640625, 0.78125,
       0.640625, 0.640625, 0.65625, 0.75, 0.640625, 0.640625, 0.640625]), 'tneg': array([10, 10, 10, 10, 10, 10, 10, 10, 10, 10, 10, 10, 10, 10, 10, 10, 10,
       10, 10, 10, 10, 10, 10, 10, 10, 10, 10, 10, 10, 10, 10, 10, 10, 10,
       10, 10, 10, 10, 10, 10, 10, 10, 10, 10, 10, 10, 10, 10, 10, 10, 10,
       10, 10, 10, 10, 10, 10, 10, 10, 10, 10, 10, 10, 10]), 'fpos': array([2, 2, 2, 2, 2, 2, 2, 2, 2, 2, 2, 2, 2, 2, 2, 2, 2, 2, 2, 2, 2, 2, 2,
       2, 2, 2, 2, 2, 2, 2, 2, 2, 2, 2, 2, 2, 2, 2, 2, 2, 2, 2, 2, 2, 2, 2,
       2, 2, 2, 2, 2, 2, 2, 2, 2, 2, 2, 2, 2, 2, 2, 2, 2, 2]), 'threshold': [0.99999999999999978, 2.2204460492503126E-16, 2.7701935449948292E-09, 2.2204460492503126E-16, 0.99999998971056137, 0.999999997408856, 2.2204460492503126E-16, 0.99999999999999978, 2.2204460492503126E-16, 1.1511928378167048E-09, 2.2204460492503126E-16, 0.99999999840337672, 2.2204460492503126E-16, 0.99999999999999978, 2.2204460492503126E-16, 1.8425511634594178E-09, 6.3910061307663958E-10, 2.2204460492503126E-16, 2.2204460492503126E-16, 0.99999999999999978, 0.99999999999999978, 2.2204460492503126E-16, 2.2204460492503126E-16, 2.2204460492503126E-16, 2.2204460492503126E-16, 2.2204460492503126E-16, 2.2204460492503126E-16, 2.2204460492503126E-16, 2.2204460492503126E-16, 2.2204460492503126E-16, 2.2204460492503126E-16, 0.99999999999999978, 0.99999999707266141, 0.99999999999999978, 2.2204460492503126E-16, 0.99999999999999978, 2.2204460492503126E-16, 2.2204460492503126E-16, 2.2204460492503126E-16, 2.2204460492503126E-16, 0.99999999860417343, 2.2204460492503126E-16, 2.2204460492503126E-16, 2.2204460492503126E-16, 2.2204460492503126E-16, 0.99999999999999978, 2.2204460492503126E-16, 2.2204460492503126E-16, 9.95435204674417E-09, 2.2204460492503126E-16, 2.2204460492503126E-16, 2.2204460492503126E-16, 2.2204460492503126E-16, 2.2204460492503126E-16, 0.99999999999999978, 2.2204460492503126E-16, 0.99999999125372707, 2.2204460492503126E-16, 2.2204460492503126E-16, 2.3230790347049847E-11, 1.3120981585109523E-08, 2.2204460492503126E-16, 2.2204460492503126E-16, 2.2204460492503126E-16], 'fneg': array([3, 3, 3, 3, 3, 3, 3, 3, 3, 3, 3, 3, 3, 3, 3, 3, 3, 3, 3, 3, 3, 3, 3,
       3, 3, 3, 3, 3, 3, 3, 3, 3, 3, 3, 3, 3, 3, 3, 3, 3, 3, 3, 3, 3, 3, 3,
       3, 3, 3, 3, 3, 3, 3, 3, 3, 3, 3, 3, 3, 3, 3, 3, 3, 3]), 'sensitivity': array([1, 1, 1, 1, 1, 1, 1, 1, 1, 1, 1, 1, 1, 1, 1, 1, 1, 1, 1, 1, 1, 1, 1,
       1, 1, 1, 1, 1, 1, 1, 1, 1, 1, 1, 1, 1, 1, 1, 1, 1, 1, 1, 1, 1, 1, 1,
       1, 1, 1, 1, 1, 1, 1, 1, 1, 1, 1, 1, 1, 1, 1, 1, 1, 1]), 'tpos': array([1, 1, 1, 1, 1, 1, 1, 1, 1, 1, 1, 1, 1, 1, 1, 1, 1, 1, 1, 1, 1, 1, 1,
       1, 1, 1, 1, 1, 1, 1, 1, 1, 1, 1, 1, 1, 1, 1, 1, 1, 1, 1, 1, 1, 1, 1,
       1, 1, 1, 1, 1, 1, 1, 1, 1, 1, 1, 1, 1, 1, 1, 1, 1, 1])}, {'specificity': array([1.0, 1.0, 0.78461538, 0.66153846, 1.0, 0.66153846, 1.0, 0.66153846,
       0.66153846, 0.75384615, 1.0, 0.66153846, 0.66153846, 0.83076923,
       0.66153846, 0.66153846, 0.66153846, 0.66153846, 0.66153846, 1.0,
       0.8, 0.66153846, 0.66153846, 0.66153846, 0.72307692, 0.66153846,
       0.66153846, 0.66153846, 0.73846154, 0.66153846, 0.66153846,
       0.70769231, 1.0, 1.0, 1.0, 0.66153846, 1.0, 0.66153846, 0.66153846,
       0.66153846, 0.66153846, 0.66153846, 0.66153846, 0.66153846, 1.0,
       0.66153846, 0.66153846, 0.66153846, 0.66153846, 0.66153846,
       0.66153846, 0.66153846, 0.66153846, 0.81538462, 0.66153846,
       0.66153846, 0.69230769, 0.76923077, 0.66153846, 0.67692308,
       0.66153846, 0.66153846, 0.66153846, 0.66153846, 0.66153846]), 'tneg': array([7, 7, 7, 7, 7, 7, 7, 7, 7, 7, 7, 7, 7, 7, 7, 7, 7, 7, 7, 7, 7, 7, 7,
       7, 7, 7, 7, 7, 7, 7, 7, 7, 7, 7, 7, 7, 7, 7, 7, 7, 7, 7, 7, 7, 7, 7,
       7, 7, 7, 7, 7, 7, 7, 7, 7, 7, 7, 7, 7, 7, 7, 7, 7, 7, 7]), 'fpos': array([5, 5, 5, 5, 5, 5, 5, 5, 5, 5, 5, 5, 5, 5, 5, 5, 5, 5, 5, 5, 5, 5, 5,
       5, 5, 5, 5, 5, 5, 5, 5, 5, 5, 5, 5, 5, 5, 5, 5, 5, 5, 5, 5, 5, 5, 5,
       5, 5, 5, 5, 5, 5, 5, 5, 5, 5, 5, 5, 5, 5, 5, 5, 5, 5, 5]), 'threshold': [0.99999999999999978, 0.99999999999999978, 0.99999998985610261, 2.2204460492503126E-16, 0.99999999999999978, 2.2204460492503126E-16, 0.99999999999999978, 2.2204460492503126E-16, 2.2204460492503126E-16, 0.99999998317504668, 0.99999999999999978, 2.2204460492503126E-16, 2.2204460492503126E-16, 0.99999999999341394, 2.2204460492503126E-16, 2.2204460492503126E-16, 2.2204460492503126E-16, 2.2204460492503126E-16, 2.2204460492503126E-16, 0.99999999999999978, 0.99999999218131452, 2.2204460492503126E-16, 2.2204460492503126E-16, 2.2204460492503126E-16, 2.2267969731266312E-08, 2.2204460492503126E-16, 2.2204460492503126E-16, 2.2204460492503126E-16, 2.4608345170808755E-08, 2.2204460492503126E-16, 2.2204460492503126E-16, 1.705163375051776E-08, 0.99999999999999978, 0.99999999999999978, 0.99999999999999978, 2.2204460492503126E-16, 0.99999999999999978, 2.2204460492503126E-16, 2.2204460492503126E-16, 2.2204460492503126E-16, 2.2204460492503126E-16, 2.2204460492503126E-16, 2.2204460492503126E-16, 2.2204460492503126E-16, 0.99999999999999978, 2.2204460492503126E-16, 2.2204460492503126E-16, 2.2204460492503126E-16, 2.2204460492503126E-16, 2.2204460492503126E-16, 2.2204460492503126E-16, 2.2204460492503126E-16, 2.2204460492503126E-16, 0.999999999977724, 2.2204460492503126E-16, 2.2204460492503126E-16, 6.785214110245357E-09, 0.99999998425720815, 2.2204460492503126E-16, 3.3267748518024663E-10, 2.2204460492503126E-16, 2.2204460492503126E-16, 2.2204460492503126E-16, 2.2204460492503126E-16, 2.2204460492503126E-16], 'fneg': array([2, 2, 2, 2, 2, 2, 2, 2, 2, 2, 2, 2, 2, 2, 2, 2, 2, 2, 2, 2, 2, 2, 2,
       2, 2, 2, 2, 2, 2, 2, 2, 2, 2, 2, 2, 2, 2, 2, 2, 2, 2, 2, 2, 2, 2, 2,
       2, 2, 2, 2, 2, 2, 2, 2, 2, 2, 2, 2, 2, 2, 2, 2, 2, 2, 2]), 'sensitivity': array([1, 1, 1, 1, 1, 1, 1, 1, 1, 1, 1, 1, 1, 1, 1, 1, 1, 1, 1, 1, 1, 1, 1,
       1, 1, 1, 1, 1, 1, 1, 1, 1, 1, 1, 1, 1, 1, 1, 1, 1, 1, 1, 1, 1, 1, 1,
       1, 1, 1, 1, 1, 1, 1, 1, 1, 1, 1, 1, 1, 1, 1, 1, 1, 1, 1]), 'tpos': array([1, 1, 1, 1, 1, 1, 1, 1, 1, 1, 1, 1, 1, 1, 1, 1, 1, 1, 1, 1, 1, 1, 1,
       1, 1, 1, 1, 1, 1, 1, 1, 1, 1, 1, 1, 1, 1, 1, 1, 1, 1, 1, 1, 1, 1, 1,
       1, 1, 1, 1, 1, 1, 1, 1, 1, 1, 1, 1, 1, 1, 1, 1, 1, 1, 1])}], <Model object at 0x0000000000000D60>)
#galogistic
([{'specificity': array([1.0, 1.0, 0.75, 0.734375, 0.84375, 0.640625, 0.828125, 0.8125,
       0.640625, 0.640625, 0.71875, 1.0, 1.0, 1.0, 0.640625, 0.640625,
       0.78125, 0.640625, 0.640625, 0.640625, 0.640625, 0.671875, 0.640625,
       1.0, 0.640625, 0.640625, 0.640625, 0.640625, 0.640625, 0.640625,
       1.0, 0.640625, 0.703125, 1.0, 0.6875, 0.765625, 0.640625, 0.640625,
       0.640625, 0.640625, 1.0, 1.0, 0.640625, 0.640625, 0.65625, 0.640625,
       0.640625, 0.640625, 0.640625, 0.640625, 0.640625, 0.640625,
       0.640625, 0.640625, 0.640625, 0.640625, 0.796875, 0.640625,
       0.640625, 0.640625, 0.640625, 0.640625, 0.640625, 0.640625]), 'tneg': array([6, 6, 6, 6, 6, 6, 6, 6, 6, 6, 6, 6, 6, 6, 6, 6, 6, 6, 6, 6, 6, 6, 6,
       6, 6, 6, 6, 6, 6, 6, 6, 6, 6, 6, 6, 6, 6, 6, 6, 6, 6, 6, 6, 6, 6, 6,
       6, 6, 6, 6, 6, 6, 6, 6, 6, 6, 6, 6, 6, 6, 6, 6, 6, 6]), 'fpos': array([7, 7, 7, 7, 7, 7, 7, 7, 7, 7, 7, 7, 7, 7, 7, 7, 7, 7, 7, 7, 7, 7, 7,
       7, 7, 7, 7, 7, 7, 7, 7, 7, 7, 7, 7, 7, 7, 7, 7, 7, 7, 7, 7, 7, 7, 7,
       7, 7, 7, 7, 7, 7, 7, 7, 7, 7, 7, 7, 7, 7, 7, 7, 7, 7]), 'threshold': [0.99999999999999978, 0.99999999999999978, 0.99999997474680735, 1.8948313226460812E-08, 0.99999999977567822, 2.2204460492503126E-16, 0.99999999900809855, 0.99999999745073387, 2.2204460492503126E-16, 2.2204460492503126E-16, 1.3352345016614467E-08, 0.99999999999999978, 0.99999999999999978, 0.99999999999999978, 2.2204460492503126E-16, 2.2204460492503126E-16, 0.999999994811403, 2.2204460492503126E-16, 2.2204460492503126E-16, 2.2204460492503126E-16, 2.2204460492503126E-16, 7.817922146315248E-09, 2.2204460492503126E-16, 0.99999999999999978, 2.2204460492503126E-16, 2.2204460492503126E-16, 2.2204460492503126E-16, 2.2204460492503126E-16, 2.2204460492503126E-16, 2.2204460492503126E-16, 0.99999999999999978, 2.2204460492503126E-16, 1.1267346545338766E-08, 0.99999999999999978, 9.9230114862972379E-09, 0.99999999435932119, 2.2204460492503126E-16, 2.2204460492503126E-16, 2.2204460492503126E-16, 2.2204460492503126E-16, 0.99999999999999978, 0.99999999999999978, 2.2204460492503126E-16, 2.2204460492503126E-16, 1.8929890035523174E-09, 2.2204460492503126E-16, 2.2204460492503126E-16, 2.2204460492503126E-16, 2.2204460492503126E-16, 2.2204460492503126E-16, 2.2204460492503126E-16, 2.2204460492503126E-16, 2.2204460492503126E-16, 2.2204460492503126E-16, 2.2204460492503126E-16, 2.2204460492503126E-16, 0.99999999530782868, 2.2204460492503126E-16, 2.2204460492503126E-16, 2.2204460492503126E-16, 2.2204460492503126E-16, 2.2204460492503126E-16, 2.2204460492503126E-16, 2.2204460492503126E-16], 'fneg': array([2, 2, 2, 2, 2, 2, 2, 2, 2, 2, 2, 2, 2, 2, 2, 2, 2, 2, 2, 2, 2, 2, 2,
       2, 2, 2, 2, 2, 2, 2, 2, 2, 2, 2, 2, 2, 2, 2, 2, 2, 2, 2, 2, 2, 2, 2,
       2, 2, 2, 2, 2, 2, 2, 2, 2, 2, 2, 2, 2, 2, 2, 2, 2, 2]), 'sensitivity': array([1, 1, 1, 1, 1, 1, 1, 1, 1, 1, 1, 1, 1, 1, 1, 1, 1, 1, 1, 1, 1, 1, 1,
       1, 1, 1, 1, 1, 1, 1, 1, 1, 1, 1, 1, 1, 1, 1, 1, 1, 1, 1, 1, 1, 1, 1,
       1, 1, 1, 1, 1, 1, 1, 1, 1, 1, 1, 1, 1, 1, 1, 1, 1, 1]), 'tpos': array([2, 2, 2, 2, 2, 2, 2, 2, 2, 2, 2, 2, 2, 2, 2, 2, 2, 2, 2, 2, 2, 2, 2,
       2, 2, 2, 2, 2, 2, 2, 2, 2, 2, 2, 2, 2, 2, 2, 2, 2, 2, 2, 2, 2, 2, 2,
       2, 2, 2, 2, 2, 2, 2, 2, 2, 2, 2, 2, 2, 2, 2, 2, 2, 2])}, {'specificity': array([0.90384615, 0.76923077, 0.98076923, 0.19230769, 0.88461538, 0.25,
       0.42307692, 0.80769231, 0.59615385, 1.0, 0.34615385, 0.65384615,
       0.13461538, 0.038461538, 0.57692308, 0.019230769, 0.15384615,
       0.86538462, 0.94230769, 0.51923077, 0.61538462, 0.21153846,
       0.11538462, 0.28846154, 0.17307692, 0.73076923, 0.71153846,
       0.92307692, 0.96153846, 0.5, 0.46153846, 0.63461538, 0.53846154,
       0.30769231, 0.44230769, 0.69230769, 0.78846154, 0.48076923,
       0.84615385, 0.38461538, 0.26923077, 0.057692308, 0.40384615,
       0.23076923, 0.096153846, 0.36538462, 0.82692308, 0.32692308,
       0.67307692, 0.75, 0.55769231, 0.076923077]), 'tneg': array([15, 15, 15, 14, 15, 14, 14, 15, 14, 15, 14, 14, 14, 14, 14, 14, 14,
       15, 15, 14, 14, 14, 14, 14, 14, 15, 15, 15, 15, 14, 14, 14, 14, 14,
       14, 15, 15, 14, 15, 14, 14, 14, 14, 14, 14, 14, 15, 14, 14, 15, 14,
       14]), 'fpos': array([1, 1, 1, 2, 1, 2, 2, 1, 2, 1, 2, 2, 2, 2, 2, 2, 2, 1, 1, 2, 2, 2, 2,
       2, 2, 1, 1, 1, 1, 2, 2, 2, 2, 2, 2, 1, 1, 2, 1, 2, 2, 2, 2, 2, 2, 2,
       1, 2, 2, 1, 2, 2]), 'threshold': [0.98524300311116009, 0.44415401072743527, 0.99984548236325221, 0.0034860479444413809, 0.97548815414107815, 0.0044197745016652809, 0.039091827974312557, 0.57627909234933494, 0.19087837581662853, 0.99994101148659076, 0.017136264469434028, 0.20316623095661043, 0.00073768611595119774, 7.3813480467496658E-07, 0.12625102136450186, 3.2582515806492578E-07, 0.001204806232693297, 0.8618872055868616, 0.98997252817338788, 0.10505037341210681, 0.1959999362571665, 0.0036444904785188389, 0.00067895822014547283, 0.011737473304897427, 0.0014847160284730853, 0.38051124186467833, 0.31596125115162815, 0.986936753951664, 0.99975841779424857, 0.080431451588724112, 0.054909534299372079, 0.20259844124289603, 0.11190294530241522, 0.012069350854950898, 0.043424837112727883, 0.31579065307012816, 0.4668508566583725, 0.061344261789548667, 0.68411412090768942, 0.019601352886054038, 0.0076557519117336379, 0.00042806123525301697, 0.028263122252421134, 0.00413634568181018, 0.00053867841782932627, 0.018487811390653013, 0.63198307521060326, 0.013382612604642205, 0.2271263054519756, 0.418837460297458, 0.11769757787145632, 0.00042961178371790117], 'fneg': array([0, 0, 0, 0, 0, 0, 0, 0, 0, 0, 0, 0, 0, 0, 0, 0, 0, 0, 0, 0, 0, 0, 0,
       0, 0, 0, 0, 0, 0, 0, 0, 0, 0, 0, 0, 0, 0, 0, 0, 0, 0, 0, 0, 0, 0, 0,
       0, 0, 0, 0, 0, 0]), 'sensitivity': array([0.0, 0.69230769, 0.0, 1.0, 0.0, 1.0, 0.92307692, 0.46153846,
       0.76923077, 0.0, 1.0, 0.76923077, 1.0, 1.0, 0.76923077, 1.0, 1.0,
       0.076923077, 0.0, 0.92307692, 0.76923077, 1.0, 1.0, 1.0, 1.0,
       0.69230769, 0.69230769, 0.0, 0.0, 0.92307692, 0.92307692,
       0.76923077, 0.84615385, 1.0, 0.92307692, 0.69230769, 0.69230769,
       0.92307692, 0.23076923, 0.92307692, 1.0, 1.0, 0.92307692, 1.0, 1.0,
       1.0, 0.38461538, 1.0, 0.76923077, 0.69230769, 0.76923077, 1.0]), 'tpos': array([0, 0, 0, 0, 0, 0, 0, 0, 0, 0, 0, 0, 0, 0, 0, 0, 0, 0, 0, 0, 0, 0, 0,
       0, 0, 0, 0, 0, 0, 0, 0, 0, 0, 0, 0, 0, 0, 0, 0, 0, 0, 0, 0, 0, 0, 0,
       0, 0, 0, 0, 0, 0])}, {'specificity': array([1.0, 0.8, 0.63076923, 0.63076923, 0.63076923, 0.78461538,
       0.63076923, 0.73846154, 0.63076923, 0.86153846, 1.0, 1.0,
       0.63076923, 0.66153846, 0.84615385, 0.63076923, 0.63076923,
       0.70769231, 0.63076923, 1.0, 1.0, 0.69230769, 0.63076923,
       0.63076923, 0.63076923, 0.63076923, 0.64615385, 0.63076923,
       0.63076923, 0.63076923, 0.81538462, 0.63076923, 0.75384615, 1.0,
       1.0, 0.63076923, 0.87692308, 0.63076923, 0.63076923, 0.63076923,
       0.63076923, 0.83076923, 0.72307692, 0.63076923, 0.63076923,
       0.63076923, 0.63076923, 0.67692308, 0.63076923, 0.63076923,
       0.63076923, 0.63076923, 0.63076923, 0.63076923, 0.63076923,
       0.63076923, 0.89230769, 0.63076923, 0.76923077, 0.63076923,
       0.63076923, 0.63076923, 0.63076923, 0.63076923, 0.63076923]), 'tneg': array([7, 7, 7, 7, 7, 7, 7, 7, 7, 7, 7, 7, 7, 7, 7, 7, 7, 7, 7, 7, 7, 7, 7,
       7, 7, 7, 7, 7, 7, 7, 7, 7, 7, 7, 7, 7, 7, 7, 7, 7, 7, 7, 7, 7, 7, 7,
       7, 7, 7, 7, 7, 7, 7, 7, 7, 7, 7, 7, 7, 7, 7, 7, 7, 7, 7]), 'fpos': array([3, 3, 3, 3, 3, 3, 3, 3, 3, 3, 3, 3, 3, 3, 3, 3, 3, 3, 3, 3, 3, 3, 3,
       3, 3, 3, 3, 3, 3, 3, 3, 3, 3, 3, 3, 3, 3, 3, 3, 3, 3, 3, 3, 3, 3, 3,
       3, 3, 3, 3, 3, 3, 3, 3, 3, 3, 3, 3, 3, 3, 3, 3, 3, 3, 3]), 'threshold': [0.99999999999999978, 0.99999997254467687, 2.2204460492503126E-16, 2.2204460492503126E-16, 2.2204460492503126E-16, 0.99999996098360833, 2.2204460492503126E-16, 3.0976544408507771E-08, 2.2204460492503126E-16, 0.99999999189248512, 0.99999999999999978, 0.99999999999999978, 2.2204460492503126E-16, 8.4618712900865721E-10, 0.99999998947348134, 2.2204460492503126E-16, 2.2204460492503126E-16, 1.2010811338658301E-08, 2.2204460492503126E-16, 0.99999999999999978, 0.99999999999999978, 5.0170559974110736E-09, 2.2204460492503126E-16, 2.2204460492503126E-16, 2.2204460492503126E-16, 2.2204460492503126E-16, 4.5683911446209462E-10, 2.2204460492503126E-16, 2.2204460492503126E-16, 2.2204460492503126E-16, 0.99999997932942675, 2.2204460492503126E-16, 3.1428006675610165E-08, 0.99999999999999978, 0.99999999999999978, 2.2204460492503126E-16, 0.99999999200400069, 2.2204460492503126E-16, 2.2204460492503126E-16, 2.2204460492503126E-16, 2.2204460492503126E-16, 0.99999998688260117, 1.3484064512601826E-08, 2.2204460492503126E-16, 2.2204460492503126E-16, 2.2204460492503126E-16, 2.2204460492503126E-16, 4.4130956985768857E-09, 2.2204460492503126E-16, 2.2204460492503126E-16, 2.2204460492503126E-16, 2.2204460492503126E-16, 2.2204460492503126E-16, 2.2204460492503126E-16, 2.2204460492503126E-16, 2.2204460492503126E-16, 0.999999998338717, 2.2204460492503126E-16, 3.5693081303379471E-08, 2.2204460492503126E-16, 2.2204460492503126E-16, 2.2204460492503126E-16, 2.2204460492503126E-16, 2.2204460492503126E-16, 2.2204460492503126E-16], 'fneg': array([5, 5, 5, 5, 5, 5, 5, 5, 5, 5, 5, 5, 5, 5, 5, 5, 5, 5, 5, 5, 5, 5, 5,
       5, 5, 5, 5, 5, 5, 5, 5, 5, 5, 5, 5, 5, 5, 5, 5, 5, 5, 5, 5, 5, 5, 5,
       5, 5, 5, 5, 5, 5, 5, 5, 5, 5, 5, 5, 5, 5, 5, 5, 5, 5, 5]), 'sensitivity': array([1, 1, 1, 1, 1, 1, 1, 1, 1, 1, 1, 1, 1, 1, 1, 1, 1, 1, 1, 1, 1, 1, 1,
       1, 1, 1, 1, 1, 1, 1, 1, 1, 1, 1, 1, 1, 1, 1, 1, 1, 1, 1, 1, 1, 1, 1,
       1, 1, 1, 1, 1, 1, 1, 1, 1, 1, 1, 1, 1, 1, 1, 1, 1, 1, 1]), 'tpos': array([1, 1, 1, 1, 1, 1, 1, 1, 1, 1, 1, 1, 1, 1, 1, 1, 1, 1, 1, 1, 1, 1, 1,
       1, 1, 1, 1, 1, 1, 1, 1, 1, 1, 1, 1, 1, 1, 1, 1, 1, 1, 1, 1, 1, 1, 1,
       1, 1, 1, 1, 1, 1, 1, 1, 1, 1, 1, 1, 1, 1, 1, 1, 1, 1, 1])}, {'specificity': array([0.8, 1.0, 1.0, 0.75384615, 1.0, 0.81538462, 1.0, 0.64615385,
       0.64615385, 1.0, 0.64615385, 0.64615385, 1.0, 0.64615385,
       0.64615385, 1.0, 0.64615385, 0.64615385, 0.64615385, 0.64615385,
       0.64615385, 0.69230769, 1.0, 1.0, 0.64615385, 0.64615385,
       0.64615385, 0.73846154, 0.64615385, 0.64615385, 0.64615385,
       0.72307692, 0.64615385, 1.0, 0.70769231, 0.78461538, 0.64615385,
       0.64615385, 0.64615385, 0.64615385, 0.64615385, 1.0, 0.64615385,
       0.64615385, 0.64615385, 0.64615385, 0.64615385, 0.64615385,
       0.64615385, 0.64615385, 0.64615385, 0.64615385, 0.64615385,
       0.64615385, 0.76923077, 0.64615385, 0.64615385, 0.64615385, 1.0,
       0.64615385, 0.67692308, 0.64615385, 0.66153846, 0.64615385,
       0.64615385]), 'tneg': array([7, 7, 7, 7, 7, 7, 7, 7, 7, 7, 7, 7, 7, 7, 7, 7, 7, 7, 7, 7, 7, 7, 7,
       7, 7, 7, 7, 7, 7, 7, 7, 7, 7, 7, 7, 7, 7, 7, 7, 7, 7, 7, 7, 7, 7, 7,
       7, 7, 7, 7, 7, 7, 7, 7, 7, 7, 7, 7, 7, 7, 7, 7, 7, 7, 7]), 'fpos': array([4, 4, 4, 4, 4, 4, 4, 4, 4, 4, 4, 4, 4, 4, 4, 4, 4, 4, 4, 4, 4, 4, 4,
       4, 4, 4, 4, 4, 4, 4, 4, 4, 4, 4, 4, 4, 4, 4, 4, 4, 4, 4, 4, 4, 4, 4,
       4, 4, 4, 4, 4, 4, 4, 4, 4, 4, 4, 4, 4, 4, 4, 4, 4, 4, 4]), 'threshold': [0.99999999615893076, 0.99999999999999978, 0.99999999999999978, 8.3984761774648933E-09, 0.99999999999999978, 0.99999999755583158, 0.99999999999999978, 2.2204460492503126E-16, 2.2204460492503126E-16, 0.99999999999999978, 2.2204460492503126E-16, 2.2204460492503126E-16, 0.99999999999999978, 2.2204460492503126E-16, 2.2204460492503126E-16, 0.99999999999999978, 2.2204460492503126E-16, 2.2204460492503126E-16, 2.2204460492503126E-16, 2.2204460492503126E-16, 2.2204460492503126E-16, 3.4708063341934843E-09, 0.99999999999999978, 0.99999999999999978, 2.2204460492503126E-16, 2.2204460492503126E-16, 2.2204460492503126E-16, 6.1001649757154559E-09, 2.2204460492503126E-16, 2.2204460492503126E-16, 2.2204460492503126E-16, 4.1823015641809669E-09, 2.2204460492503126E-16, 0.99999999999999978, 4.1716595326608326E-09, 0.99999999314756249, 2.2204460492503126E-16, 2.2204460492503126E-16, 2.2204460492503126E-16, 2.2204460492503126E-16, 2.2204460492503126E-16, 0.99999999999999978, 2.2204460492503126E-16, 2.2204460492503126E-16, 2.2204460492503126E-16, 2.2204460492503126E-16, 2.2204460492503126E-16, 2.2204460492503126E-16, 2.2204460492503126E-16, 2.2204460492503126E-16, 2.2204460492503126E-16, 2.2204460492503126E-16, 2.2204460492503126E-16, 2.2204460492503126E-16, 0.99999999100012615, 2.2204460492503126E-16, 2.2204460492503126E-16, 2.2204460492503126E-16, 0.99999999999999978, 2.2204460492503126E-16, 2.8378295495281888E-09, 2.2204460492503126E-16, 1.0171232431309018E-09, 2.2204460492503126E-16, 2.2204460492503126E-16], 'fneg': array([4, 4, 4, 4, 4, 4, 4, 4, 4, 4, 4, 4, 4, 4, 4, 4, 4, 4, 4, 4, 4, 4, 4,
       4, 4, 4, 4, 4, 4, 4, 4, 4, 4, 4, 4, 4, 4, 4, 4, 4, 4, 4, 4, 4, 4, 4,
       4, 4, 4, 4, 4, 4, 4, 4, 4, 4, 4, 4, 4, 4, 4, 4, 4, 4, 4]), 'sensitivity': array([1, 1, 1, 1, 1, 1, 1, 1, 1, 1, 1, 1, 1, 1, 1, 1, 1, 1, 1, 1, 1, 1, 1,
       1, 1, 1, 1, 1, 1, 1, 1, 1, 1, 1, 1, 1, 1, 1, 1, 1, 1, 1, 1, 1, 1, 1,
       1, 1, 1, 1, 1, 1, 1, 1, 1, 1, 1, 1, 1, 1, 1, 1, 1, 1, 1]), 'tpos': array([1, 1, 1, 1, 1, 1, 1, 1, 1, 1, 1, 1, 1, 1, 1, 1, 1, 1, 1, 1, 1, 1, 1,
       1, 1, 1, 1, 1, 1, 1, 1, 1, 1, 1, 1, 1, 1, 1, 1, 1, 1, 1, 1, 1, 1, 1,
       1, 1, 1, 1, 1, 1, 1, 1, 1, 1, 1, 1, 1, 1, 1, 1, 1, 1, 1])}, {'specificity': array([1.0, 0.67692308, 1.0, 0.67692308, 1.0, 0.84615385, 0.67692308,
       0.76923077, 1.0, 0.72307692, 0.67692308, 0.83076923, 0.8,
       0.67692308, 0.67692308, 0.67692308, 0.67692308, 0.67692308,
       0.67692308, 0.67692308, 1.0, 0.67692308, 0.67692308, 0.73846154,
       0.67692308, 0.67692308, 0.67692308, 0.67692308, 1.0, 0.67692308,
       1.0, 1.0, 0.67692308, 0.67692308, 0.67692308, 0.67692308,
       0.67692308, 0.81538462, 1.0, 0.69230769, 0.67692308, 0.67692308,
       0.67692308, 0.70769231, 0.67692308, 0.67692308, 0.75384615,
       0.67692308, 0.67692308, 0.67692308, 0.67692308, 0.67692308, 1.0,
       0.67692308, 0.67692308, 0.67692308, 0.78461538, 0.67692308,
       0.67692308, 0.67692308, 0.67692308, 0.67692308, 0.67692308,
       0.67692308, 0.67692308]), 'tneg': array([7, 7, 7, 7, 7, 7, 7, 7, 7, 7, 7, 7, 7, 7, 7, 7, 7, 7, 7, 7, 7, 7, 7,
       7, 7, 7, 7, 7, 7, 7, 7, 7, 7, 7, 7, 7, 7, 7, 7, 7, 7, 7, 7, 7, 7, 7,
       7, 7, 7, 7, 7, 7, 7, 7, 7, 7, 7, 7, 7, 7, 7, 7, 7, 7, 7]), 'fpos': array([3, 3, 3, 3, 3, 3, 3, 3, 3, 3, 3, 3, 3, 3, 3, 3, 3, 3, 3, 3, 3, 3, 3,
       3, 3, 3, 3, 3, 3, 3, 3, 3, 3, 3, 3, 3, 3, 3, 3, 3, 3, 3, 3, 3, 3, 3,
       3, 3, 3, 3, 3, 3, 3, 3, 3, 3, 3, 3, 3, 3, 3, 3, 3, 3, 3]), 'threshold': [0.99999999999999978, 2.2204460492503126E-16, 0.99999999999999978, 2.2204460492503126E-16, 0.99999999999999978, 0.99999999995287392, 2.2204460492503126E-16, 4.3407881524702617E-09, 0.99999999999999978, 2.1233305759876397E-09, 2.2204460492503126E-16, 0.99999999795442673, 0.99999999519111449, 2.2204460492503126E-16, 2.2204460492503126E-16, 2.2204460492503126E-16, 2.2204460492503126E-16, 2.2204460492503126E-16, 2.2204460492503126E-16, 2.2204460492503126E-16, 0.99999999999999978, 2.2204460492503126E-16, 2.2204460492503126E-16, 2.28468574177907E-09, 2.2204460492503126E-16, 2.2204460492503126E-16, 2.2204460492503126E-16, 2.2204460492503126E-16, 0.99999999999999978, 2.2204460492503126E-16, 0.99999999999999978, 0.99999999999999978, 2.2204460492503126E-16, 2.2204460492503126E-16, 2.2204460492503126E-16, 2.2204460492503126E-16, 2.2204460492503126E-16, 0.99999999717839694, 0.99999999999999978, 1.2926794019013368E-09, 2.2204460492503126E-16, 2.2204460492503126E-16, 2.2204460492503126E-16, 1.9464375414030687E-09, 2.2204460492503126E-16, 2.2204460492503126E-16, 3.2566723959656441E-09, 2.2204460492503126E-16, 2.2204460492503126E-16, 2.2204460492503126E-16, 2.2204460492503126E-16, 2.2204460492503126E-16, 0.99999999999999978, 2.2204460492503126E-16, 2.2204460492503126E-16, 2.2204460492503126E-16, 0.999999994528452, 2.2204460492503126E-16, 2.2204460492503126E-16, 2.2204460492503126E-16, 2.2204460492503126E-16, 2.2204460492503126E-16, 2.2204460492503126E-16, 2.2204460492503126E-16, 2.2204460492503126E-16], 'fneg': array([2, 2, 2, 2, 2, 2, 2, 2, 2, 2, 2, 2, 2, 2, 2, 2, 2, 2, 2, 2, 2, 2, 2,
       2, 2, 2, 2, 2, 2, 2, 2, 2, 2, 2, 2, 2, 2, 2, 2, 2, 2, 2, 2, 2, 2, 2,
       2, 2, 2, 2, 2, 2, 2, 2, 2, 2, 2, 2, 2, 2, 2, 2, 2, 2, 2]), 'sensitivity': array([1, 1, 1, 1, 1, 1, 1, 1, 1, 1, 1, 1, 1, 1, 1, 1, 1, 1, 1, 1, 1, 1, 1,
       1, 1, 1, 1, 1, 1, 1, 1, 1, 1, 1, 1, 1, 1, 1, 1, 1, 1, 1, 1, 1, 1, 1,
       1, 1, 1, 1, 1, 1, 1, 1, 1, 1, 1, 1, 1, 1, 1, 1, 1, 1, 1]), 'tpos': array([4, 4, 4, 4, 4, 4, 4, 4, 4, 4, 4, 4, 4, 4, 4, 4, 4, 4, 4, 4, 4, 4, 4,
       4, 4, 4, 4, 4, 4, 4, 4, 4, 4, 4, 4, 4, 4, 4, 4, 4, 4, 4, 4, 4, 4, 4,
       4, 4, 4, 4, 4, 4, 4, 4, 4, 4, 4, 4, 4, 4, 4, 4, 4, 4, 4])}], <Model object at 0x000000000000108C>)
