# fold = 1
# threshold = 0.564302817685
# requested specificity = 0.96875
# actual training-set specificity = 0.983870967742
# tpos = 1
# tneg = 10
# fpos = 2
# fneg = 8
# raw predictions:
[0.68155861405 0.375392937253 0.121387433652 0.158455394231 0.560322734834
 0.109626788646 0.493560487656 0.228850632622 0.148348137275 0.101892191901
 0.157336089314 0.929465120789 0.177671848059 0.0981397902352
 0.184944114051 0.21880849113 0.0383034626308 0.140939903649
 0.0779396488839 0.260965641106 0.954053430429]
# truth:
[2.286681 3.2980448 2.4350476 3.3837436 2.5880475 1.1172713 3.3837436
 2.6134189 2.8121108 0.79934055 1.8709888 2.7136585 1.8469553 3.3837436
 2.1433271 2.1598678 0.30103 1.948413 2.0406023 1.1271048 2.1525941]
# fold = 2
# threshold = 0.227603149711
# requested specificity = 0.734375
# actual training-set specificity = 0.741379310345
# tpos = 3
# tneg = 11
# fpos = 5
# fneg = 1
# raw predictions:
[0.587471964114 0.234229252597 0.589456672382 0.107655948865 0.107148362924
 0.188561941515 0.128953554841 0.159800894345 0.186155897009 0.822047406681
 0.468466754032 0.133178565951 0.427949023144 0.342734508945 0.230152101933
 0.0934060878116 0.0812418399817 0.17601764174 0.166551631824
 0.0741482543196]
# truth:
[3.3837436 2.5627685 2.1580608 1.687529 1.1430148 1.382017 1.5024271
 1.6009729 1.3961993 2.7567882 2.3583156 2.2000293 2.3380579 1.39794
 1.8000294 1.0374265 1.1643529 2.5161386 2.1195858 0.0]
# fold = 3
# threshold = 0.195629414262
# requested specificity = 0.707692307692
# actual training-set specificity = 0.728813559322
# tpos = 3
# tneg = 8
# fpos = 7
# fneg = 2
# raw predictions:
[0.247729242179 0.219916777082 0.200395287632 0.173253130799 0.251323370895
 0.231646775238 0.392199460053 0.156166626088 0.292738885544 0.233012148008
 0.148737903675 0.437840879291 0.165218117938 0.122726582815 0.146154398901
 0.153557603468 0.181366885819 0.15724970406 0.159905470226 0.210538195283]
# truth:
[2.5366847 0.30103 1.8920946 3.3837436 2.2000293 1.6042261 3.3837436
 1.3579348 2.2671717 1.7024305 2.0318123 2.9914033 3.3837436 1.9020029
 1.9355073 1.6866363 1.9703469 1.9355073 0.70757018 1.666518]
# fold = 4
# threshold = 0.241775579466
# requested specificity = 0.777777777778
# actual training-set specificity = 0.796610169492
# tpos = 0
# tneg = 12
# fpos = 3
# fneg = 5
# raw predictions:
[0.217470698657 0.19715616195 0.115094755098 0.205775073266 0.112221829099
 0.649632214547 0.102905051862 0.174590916205 0.228487890278 0.258773194693
 0.153913940778 0.0282718119202 0.99511299338 0.19689411476 0.0709507009713
 0.0745650042961 0.0633044407839 0.0968347893816 0.108942390904
 0.0899015435023]
# truth:
[2.5375673 2.5779511 1.5717088 2.0297895 2.4834446 2.2367891 2.1664301
 1.3384565 1.1643529 1.3031961 2.3398488 2.4637437 2.0674428 1.6884198
 2.2355284 3.3837436 0.61278386 0.30103 0.49136169 1.6928469]
# fold = 5
# threshold = 0.321449968412
# requested specificity = 0.907692307692
# actual training-set specificity = 0.913793103448
# tpos = 1
# tneg = 14
# fpos = 2
# fneg = 2
# raw predictions:
[0.224277080217 0.215013004038 0.257098625138 0.457260772751 0.27921039645
 0.190851507776 0.388869973731 0.251514664208 0.40629552336 0.192750869864
 0.172047201792 0.187302965349 0.19717926279 0.13446207634 0.250951084366
 0.221453328928 0.240170913776 0.195902265077 0.227715963182]
# truth:
[1.7767012 1.376577 1.8469553 1.5263393 2.1804126 1.6532125 2.512551
 2.2796669 2.0338257 1.4593925 1.3483049 1.3710679 2.1027766 1.4712917
 2.6190933 1.5786392 2.6887757 1.5024271 1.5263393]
# fold = overall performance
# Area under ROC curve = 0
# tpos = 8
# tneg = 55
# fpos = 19
# fneg = 18
