#adalasso
([{'specificity': array([0.87096774, 0.83870968, 0.51612903, 0.96774194, 0.9516129,
       0.62903226, 0.90322581, 0.67741935, 0.4516129, 0.40322581,
       0.4516129, 0.75806452, 0.75806452, 0.93548387, 0.72580645,
       0.80645161, 0.91935484, 0.46774194, 0.40322581, 0.69354839,
       0.88709677, 0.4516129, 0.40322581, 0.40322581, 0.40322581,
       0.87096774, 0.40322581, 0.40322581, 0.51612903, 0.58064516,
       0.72580645, 0.80645161, 0.98387097, 1.0, 0.64516129, 0.40322581,
       0.56451613, 0.56451613, 0.40322581, 0.40322581, 0.40322581,
       0.40322581, 0.40322581, 0.40322581, 0.40322581, 0.40322581,
       0.66129032, 0.40322581, 0.56451613, 0.61290323, 0.61290323,
       0.40322581, 0.40322581, 0.40322581, 0.40322581, 0.40322581,
       0.40322581, 0.40322581, 0.77419355, 0.83870968, 0.40322581,
       0.48387097]), 'tneg': array([10, 10,  7, 11, 11,  7, 11,  8,  7,  6,  7,  9,  9, 11,  9,  9, 11,
        7,  6,  9, 10,  7,  6,  6,  6, 10,  6,  6,  7,  7,  9,  9, 11, 11,
        8,  6,  7,  7,  6,  6,  6,  6,  6,  6,  6,  6,  8,  6,  7,  7,  7,
        6,  6,  6,  6,  6,  6,  6,  9, 10,  6,  7]), 'fpos': array([1, 1, 4, 0, 0, 4, 0, 3, 4, 5, 4, 2, 2, 0, 2, 2, 0, 4, 5, 2, 1, 4, 5,
       5, 5, 1, 5, 5, 4, 4, 2, 2, 0, 0, 3, 5, 4, 4, 5, 5, 5, 5, 5, 5, 5, 5,
       3, 5, 4, 4, 4, 5, 5, 5, 5, 5, 5, 5, 2, 1, 5, 4]), 'threshold': [0.26724236671959328, 0.25352628528043486, 0.17100375427935707, 0.54536603003198658, 0.53778674992561848, 0.19693949192163066, 0.35397584465125703, 0.22220035619602407, 0.16531037325196246, 0.16391100070000958, 0.16531037325196246, 0.23111817313357419, 0.23111817313357419, 0.53525626135226334, 0.22931477396527603, 0.24401824474332942, 0.3609877937957422, 0.1667193105211098, 0.16391100070000958, 0.22573770966047782, 0.27732336473378827, 0.16531037325196246, 0.16391100070000958, 0.16391100070000958, 0.16391100070000958, 0.26724236671959328, 0.16391100070000958, 0.16391100070000958, 0.17100375427935707, 0.17685167295654, 0.22931477396527603, 0.24401824474332942, 0.61223669120241653, 0.71809029821242731, 0.21696891634046681, 0.16391100070000958, 0.17537512914783801, 0.17537512914783801, 0.16391100070000958, 0.16391100070000958, 0.16391100070000958, 0.16391100070000958, 0.16391100070000958, 0.16391100070000958, 0.16391100070000958, 0.16391100070000958, 0.22044659134760247, 0.16391100070000958, 0.17537512914783801, 0.19533503285284751, 0.19533503285284751, 0.16391100070000958, 0.16391100070000958, 0.16391100070000958, 0.16391100070000958, 0.16391100070000958, 0.16391100070000958, 0.16391100070000958, 0.24214588779920659, 0.25352628528043486, 0.16391100070000958, 0.16813783720473818], 'fneg': array([5, 5, 2, 6, 6, 3, 5, 3, 1, 1, 1, 3, 3, 6, 3, 3, 5, 1, 1, 3, 5, 1, 1,
       1, 1, 5, 1, 1, 2, 2, 3, 3, 6, 6, 3, 1, 2, 2, 1, 1, 1, 1, 1, 1, 1, 1,
       3, 1, 2, 3, 3, 1, 1, 1, 1, 1, 1, 1, 3, 5, 1, 1]), 'sensitivity': array([1, 1, 1, 1, 1, 1, 1, 1, 1, 1, 1, 1, 1, 1, 1, 1, 1, 1, 1, 1, 1, 1, 1,
       1, 1, 1, 1, 1, 1, 1, 1, 1, 1, 1, 1, 1, 1, 1, 1, 1, 1, 1, 1, 1, 1, 1,
       1, 1, 1, 1, 1, 1, 1, 1, 1, 1, 1, 1, 1, 1, 1, 1]), 'tpos': array([1, 1, 4, 0, 0, 3, 1, 3, 5, 5, 5, 3, 3, 0, 3, 3, 1, 5, 5, 3, 1, 5, 5,
       5, 5, 1, 5, 5, 4, 4, 3, 3, 0, 0, 3, 5, 4, 4, 5, 5, 5, 5, 5, 5, 5, 5,
       3, 5, 4, 3, 3, 5, 5, 5, 5, 5, 5, 5, 3, 1, 5, 5])}, {'specificity': array([0.93650794, 0.73015873, 0.79365079, 1.0, 0.98412698, 0.23809524,
       0.20634921, 0.82539683, 0.95238095, 0.26984127, 0.80952381,
       0.31746032, 0.77777778, 0.63492063, 0.68253968, 0.42857143,
       0.87301587, 0.28571429, 0.65079365, 0.71428571, 0.9047619,
       0.92063492, 0.19047619, 0.14285714, 0.095238095, 0.52380952,
       0.74603175, 0.17460317, 0.22222222, 0.50793651, 0.44444444,
       0.41269841, 0.55555556, 0.25396825, 0.76190476, 0.88888889,
       0.96825397, 0.84126984, 0.3968254, 0.57142857, 0.031746032,
       0.047619048, 0.33333333, 0.079365079, 0.063492063, 0.47619048,
       0.85714286, 0.6031746, 0.61904762, 0.11111111, 0.38095238,
       0.015873016, 0.58730159, 0.49206349, 0.46031746, 0.53968254,
       0.12698413, 0.6984127, 0.3015873, 0.15873016, 0.34920635,
       0.66666667, 0.36507937]), 'tneg': array([0, 0, 0, 0, 0, 0, 0, 0, 0, 0, 0, 0, 0, 0, 0, 0, 0, 0, 0, 0, 0, 0, 0,
       0, 0, 0, 0, 0, 0, 0, 0, 0, 0, 0, 0, 0, 0, 0, 0, 0, 0, 0, 0, 0, 0, 0,
       0, 0, 0, 0, 0, 0, 0, 0, 0, 0, 0, 0, 0, 0, 0, 0, 0]), 'fpos': array([13, 13, 13, 13, 13, 13, 13, 13, 13, 13, 13, 13, 13, 13, 13, 13, 13,
       13, 13, 13, 13, 13, 13, 13, 13, 13, 13, 13, 13, 13, 13, 13, 13, 13,
       13, 13, 13, 13, 13, 13, 13, 13, 13, 13, 13, 13, 13, 13, 13, 13, 13,
       13, 13, 13, 13, 13, 13, 13, 13, 13, 13, 13, 13]), 'threshold': [0.78153314098516069, 0.34605554293468876, 0.42981029538582011, 0.94236738954483157, 0.87312281747033915, 0.098894269736138504, 0.091602538946580103, 0.50895649931587339, 0.79224896248894627, 0.10269085386859063, 0.44535154317984266, 0.10778473796833001, 0.37451015078614541, 0.25871935412313557, 0.31839354625514893, 0.13993891413849699, 0.58861834057674611, 0.10660509602671903, 0.28262340009473186, 0.33723817388181804, 0.73798917854687507, 0.74462885949222624, 0.085446180114243223, 0.079102297835595137, 0.065776546419307372, 0.17849590693580483, 0.35091357070498869, 0.084950079816047547, 0.094130503376961383, 0.17655709467733485, 0.14014919827860842, 0.13651446267168443, 0.19914140165306804, 0.10077940405219893, 0.3679995965552908, 0.73235617930090846, 0.81449052739061156, 0.51266230927366474, 0.13095247773159152, 0.19943723134224606, 0.045029451727737466, 0.046014595129147483, 0.11015341858963357, 0.056566567212003406, 0.046101321278720478, 0.14467833872566388, 0.54998166513489666, 0.2309402368300536, 0.24279801288514666, 0.068197757899238862, 0.12882922311078524, 0.04185713799567474, 0.22579036732665059, 0.15310610343958422, 0.14333657066391456, 0.19094737934636047, 0.072811962827509305, 0.32148377780782739, 0.10727606072543376, 0.083869340481465507, 0.11053475963838581, 0.31499505975900394, 0.11436395685148959], 'fneg': array([0, 0, 0, 0, 0, 0, 0, 0, 0, 0, 0, 0, 0, 0, 0, 0, 0, 0, 0, 0, 0, 0, 0,
       0, 0, 0, 0, 0, 0, 0, 0, 0, 0, 0, 0, 0, 0, 0, 0, 0, 0, 0, 0, 0, 0, 0,
       0, 0, 0, 0, 0, 0, 0, 0, 0, 0, 0, 0, 0, 0, 0, 0, 0]), 'sensitivity': array([1, 1, 1, 1, 1, 1, 1, 1, 1, 1, 1, 1, 1, 1, 1, 1, 1, 1, 1, 1, 1, 1, 1,
       1, 1, 1, 1, 1, 1, 1, 1, 1, 1, 1, 1, 1, 1, 1, 1, 1, 1, 1, 1, 1, 1, 1,
       1, 1, 1, 1, 1, 1, 1, 1, 1, 1, 1, 1, 1, 1, 1, 1, 1]), 'tpos': array([3, 3, 3, 3, 3, 3, 3, 3, 3, 3, 3, 3, 3, 3, 3, 3, 3, 3, 3, 3, 3, 3, 3,
       3, 3, 3, 3, 3, 3, 3, 3, 3, 3, 3, 3, 3, 3, 3, 3, 3, 3, 3, 3, 3, 3, 3,
       3, 3, 3, 3, 3, 3, 3, 3, 3, 3, 3, 3, 3, 3, 3, 3, 3])}, {'specificity': array([0.859375, 0.65625, 0.15625, 0.71875, 0.828125, 0.203125, 0.359375,
       0.21875, 0.546875, 0.609375, 0.375, 0.96875, 0.796875, 0.84375,
       0.78125, 0.328125, 0.671875, 0.59375, 0.390625, 0.875, 0.9375,
       0.3125, 0.234375, 0.1875, 0.5625, 0.734375, 0.421875, 0.40625,
       0.46875, 0.453125, 0.515625, 0.640625, 0.171875, 0.8125, 0.921875,
       0.953125, 0.984375, 1.0, 0.28125, 0.90625, 0.296875, 0.125,
       0.109375, 0.0625, 0.03125, 0.34375, 0.09375, 0.890625, 0.046875,
       0.5, 0.140625, 0.015625, 0.75, 0.578125, 0.484375, 0.078125, 0.25,
       0.6875, 0.4375, 0.703125, 0.53125, 0.625, 0.765625, 0.265625]), 'tneg': array([10,  9,  3,  9, 10,  5,  5,  5,  8,  9,  5, 10,  9, 10,  9,  5,  9,
        9,  5, 10, 10,  5,  5,  4,  8,  9,  6,  5,  7,  7,  8,  9,  3, 10,
       10, 10, 10, 10,  5, 10,  5,  2,  2,  1,  1,  5,  2, 10,  1,  8,  2,
        0,  9,  9,  8,  1,  5,  9,  7,  9,  8,  9,  9,  5]), 'fpos': array([ 0,  1,  7,  1,  0,  5,  5,  5,  2,  1,  5,  0,  1,  0,  1,  5,  1,
        1,  5,  0,  0,  5,  5,  6,  2,  1,  4,  5,  3,  3,  2,  1,  7,  0,
        0,  0,  0,  0,  5,  0,  5,  8,  8,  9,  9,  5,  8,  0,  9,  2,  8,
       10,  1,  1,  2,  9,  5,  1,  3,  1,  2,  1,  1,  5]), 'threshold': [0.37317198474691959, 0.22651740434105366, 0.11734185997360865, 0.2875585026762551, 0.33839327510167017, 0.12958946983318742, 0.15153349745678735, 0.13069244804501776, 0.19405185034230016, 0.20646667263304908, 0.15199398831898997, 0.69479078439405451, 0.31560097189051672, 0.34759902312555852, 0.31486330927231276, 0.14752474815178565, 0.2412264613530565, 0.20254330989630792, 0.15347941352471978, 0.37930971825274562, 0.44415972949074106, 0.14748343541470071, 0.13470353557938597, 0.12138763685428225, 0.19751903685858283, 0.30277495655351266, 0.16313013253847356, 0.15800658630526712, 0.17891290225774975, 0.17777267326734689, 0.18993298164967104, 0.21934292499016983, 0.11836724414335358, 0.33484301802498895, 0.42759565145877065, 0.51057313959373307, 0.73062554909770372, 0.81588311622544019, 0.14380339976756629, 0.38906400511325667, 0.14508129765949424, 0.10937001644426389, 0.10776155430110161, 0.099492605335947365, 0.092408224929413904, 0.15108740019055039, 0.10382650051457022, 0.38036728826042704, 0.096750650821658096, 0.18841424295826248, 0.11141553206990595, 0.079430770117543278, 0.30326606172952636, 0.20232556301549631, 0.18596953298951147, 0.10167935420988562, 0.13610487249400102, 0.27516909796475331, 0.17752952652753015, 0.28417030103835811, 0.19261777477136952, 0.20928792053266723, 0.30751243956828372, 0.14360660829405217], 'fneg': array([3, 1, 0, 3, 3, 0, 0, 0, 1, 1, 0, 5, 3, 3, 3, 0, 1, 1, 0, 3, 3, 0, 0,
       0, 1, 3, 0, 0, 0, 0, 1, 1, 0, 3, 3, 4, 5, 5, 0, 3, 0, 0, 0, 0, 0, 0,
       0, 3, 0, 1, 0, 0, 3, 1, 1, 0, 0, 3, 0, 3, 1, 1, 3, 0]), 'sensitivity': array([1, 1, 1, 1, 1, 1, 1, 1, 1, 1, 1, 1, 1, 1, 1, 1, 1, 1, 1, 1, 1, 1, 1,
       1, 1, 1, 1, 1, 1, 1, 1, 1, 1, 1, 1, 1, 1, 1, 1, 1, 1, 1, 1, 1, 1, 1,
       1, 1, 1, 1, 1, 1, 1, 1, 1, 1, 1, 1, 1, 1, 1, 1, 1, 1]), 'tpos': array([2, 4, 5, 2, 2, 5, 5, 5, 4, 4, 5, 0, 2, 2, 2, 5, 4, 4, 5, 2, 2, 5, 5,
       5, 4, 2, 5, 5, 5, 5, 4, 4, 5, 2, 2, 1, 0, 0, 5, 2, 5, 5, 5, 5, 5, 5,
       5, 2, 5, 4, 5, 5, 2, 4, 4, 5, 5, 2, 5, 2, 4, 4, 2, 5])}, {'specificity': array([0.88888889, 0.71428571, 0.96825397, 0.93650794, 0.12698413,
       0.53968254, 0.77777778, 0.6031746, 0.76190476, 0.17460317,
       0.031746032, 0.61904762, 0.82539683, 0.68253968, 0.42857143,
       0.95238095, 0.74603175, 0.87301587, 0.65079365, 0.46031746,
       0.58730159, 0.19047619, 0.79365079, 0.92063492, 0.23809524,
       0.063492063, 0.38095238, 0.36507937, 0.31746032, 0.14285714,
       0.22222222, 0.047619048, 0.85714286, 0.84126984, 0.9047619,
       0.98412698, 1.0, 0.55555556, 0.44444444, 0.47619048, 0.015873016,
       0.3968254, 0.095238095, 0.34920635, 0.57142857, 0.11111111,
       0.20634921, 0.33333333, 0.52380952, 0.25396825, 0.80952381,
       0.3015873, 0.28571429, 0.41269841, 0.49206349, 0.50793651,
       0.26984127, 0.079365079, 0.63492063, 0.66666667, 0.6984127,
       0.73015873, 0.15873016]), 'tneg': array([12,  9, 12, 12,  0,  6, 10,  8, 10,  0,  0,  8, 11,  9,  6, 12, 10,
       12,  9,  6,  7,  1, 11, 12,  2,  0,  4,  4,  2,  0,  2,  0, 12, 12,
       12, 12, 12,  6,  6,  6,  0,  5,  0,  3,  7,  0,  2,  2,  6,  2, 11,
        2,  2,  6,  6,  6,  2,  0,  8,  9,  9, 10,  0]), 'fpos': array([ 0,  3,  0,  0, 12,  6,  2,  4,  2, 12, 12,  4,  1,  3,  6,  0,  2,
        0,  3,  6,  5, 11,  1,  0, 10, 12,  8,  8, 10, 12, 10, 12,  0,  0,
        0,  0,  0,  6,  6,  6, 12,  7, 12,  9,  5, 12, 10, 10,  6, 10,  1,
       10, 10,  6,  6,  6, 10, 12,  4,  3,  3,  2, 12]), 'threshold': [0.32797777537392708, 0.23024366346417277, 0.62118417753570598, 0.55979397247770657, 0.15097427013419887, 0.18816855686347159, 0.24886591441007328, 0.2095864274823569, 0.24708289993447966, 0.153298741583794, 0.14819304626436985, 0.21189857546170027, 0.28138447047577014, 0.22404753069586947, 0.17017727447866521, 0.57914812450609021, 0.24532617579039448, 0.32142229664365635, 0.21867775771324707, 0.17286541454819196, 0.20475365313151983, 0.1543993841777962, 0.26760899312419323, 0.46748869702297302, 0.15739125029130507, 0.14861625004004225, 0.1657073738470474, 0.16461103256199067, 0.16122134844720681, 0.15193829942767187, 0.1547290836775557, 0.14858810581383822, 0.31142492545190259, 0.30109871308726932, 0.34069076278914312, 0.67954492835814484, 0.76567838017867096, 0.19223047979260377, 0.17244682641946565, 0.17624554605192636, 0.14741769043649058, 0.16953915459414401, 0.14879304680852859, 0.16256788842124914, 0.19401126724667919, 0.14884599684721822, 0.15472227553125159, 0.16189861530422628, 0.18609899027476415, 0.15799717452173531, 0.27731996288521976, 0.16032763083211621, 0.15995487169090794, 0.1700883344743882, 0.17803418138178689, 0.18163129312146928, 0.1588787092436959, 0.14871715073307962, 0.21563661155175307, 0.22130891713514236, 0.22571735153039427, 0.24322709713515092, 0.15289136885897567], 'fneg': array([3, 1, 4, 4, 0, 1, 1, 1, 1, 0, 0, 1, 2, 1, 1, 4, 1, 3, 1, 1, 1, 0, 1,
       4, 0, 0, 1, 0, 0, 0, 0, 0, 3, 2, 3, 4, 4, 1, 1, 1, 0, 1, 0, 0, 1, 0,
       0, 0, 1, 0, 2, 0, 0, 1, 1, 1, 0, 0, 1, 1, 1, 1, 0]), 'sensitivity': array([1, 1, 1, 1, 1, 1, 1, 1, 1, 1, 1, 1, 1, 1, 1, 1, 1, 1, 1, 1, 1, 1, 1,
       1, 1, 1, 1, 1, 1, 1, 1, 1, 1, 1, 1, 1, 1, 1, 1, 1, 1, 1, 1, 1, 1, 1,
       1, 1, 1, 1, 1, 1, 1, 1, 1, 1, 1, 1, 1, 1, 1, 1, 1]), 'tpos': array([1, 3, 0, 0, 4, 3, 3, 3, 3, 4, 4, 3, 2, 3, 3, 0, 3, 1, 3, 3, 3, 4, 3,
       0, 4, 4, 3, 4, 4, 4, 4, 4, 1, 2, 1, 0, 0, 3, 3, 3, 4, 3, 4, 4, 3, 4,
       4, 4, 3, 4, 2, 4, 4, 3, 3, 3, 4, 4, 3, 3, 3, 3, 4])}, {'specificity': array([0.59375, 0.71875, 0.96875, 0.9375, 0.125, 0.34375, 0.734375,
       0.828125, 0.40625, 0.6875, 0.234375, 0.703125, 0.3125, 0.953125,
       0.765625, 0.859375, 0.8125, 0.4375, 0.671875, 0.625, 0.328125,
       0.78125, 0.875, 0.921875, 0.21875, 0.65625, 0.265625, 0.390625,
       0.609375, 0.5625, 0.140625, 0.90625, 0.984375, 1.0, 0.25, 0.84375,
       0.546875, 0.15625, 0.109375, 0.0625, 0.078125, 0.296875, 0.28125,
       0.09375, 0.03125, 0.1875, 0.890625, 0.046875, 0.515625, 0.359375,
       0.453125, 0.203125, 0.015625, 0.75, 0.46875, 0.53125, 0.484375,
       0.171875, 0.578125, 0.5, 0.375, 0.640625, 0.421875, 0.796875]), 'tneg': array([ 8, 11, 12, 12,  0,  7, 11, 11,  7, 11,  4, 11,  4, 12, 11, 12, 11,
        7, 11, 10,  5, 11, 12, 12,  4, 10,  4,  7, 10,  8,  0, 12, 12, 12,
        4, 11,  8,  0,  0,  0,  0,  4,  4,  0,  0,  0, 12,  0,  7,  7,  7,
        0,  0, 11,  7,  8,  7,  0,  8,  7,  7, 10,  7, 11]), 'fpos': array([ 4,  1,  0,  0, 12,  5,  1,  1,  5,  1,  8,  1,  8,  0,  1,  0,  1,
        5,  1,  2,  7,  1,  0,  0,  8,  2,  8,  5,  2,  4, 12,  0,  0,  0,
        8,  1,  4, 12, 12, 12, 12,  8,  8, 12, 12, 12,  0, 12,  5,  5,  5,
       12, 12,  1,  5,  4,  5, 12,  4,  5,  5,  2,  5,  1]), 'threshold': [0.2160054157778929, 0.29156178661072107, 0.77027953693761164, 0.58385837836211918, 0.1292409352432996, 0.16087852691141152, 0.29241314007311275, 0.36805787990826433, 0.17201019360531869, 0.27578985940595002, 0.14779351358805787, 0.28268231672754834, 0.15510098302225001, 0.71572130019612867, 0.33647069630291432, 0.42957669231116996, 0.3500472936383916, 0.17886727832858101, 0.2680693193476531, 0.24416500535094357, 0.15602620299495201, 0.34429473963589491, 0.43338449896404252, 0.55195814691576039, 0.14771356028943899, 0.25970265524851649, 0.15119703715430827, 0.16965945730405546, 0.22483273031342926, 0.20282183011584662, 0.13018388338335793, 0.51755663226552162, 0.79168753977239714, 0.88356483446008027, 0.14875130019599911, 0.38183649694213806, 0.20259625440894963, 0.13092392501759792, 0.12705932308185011, 0.11951194307787827, 0.12102832133028546, 0.15213327333596124, 0.15161254240331945, 0.12284653599646417, 0.1188410807961278, 0.13552833143504731, 0.43440980097653326, 0.11933877840853918, 0.1911481170766868, 0.16420916258584692, 0.18078627628927491, 0.13813131548869809, 0.11713110026062262, 0.29849621555433126, 0.18100310298841013, 0.19978099308260566, 0.1862197306482597, 0.13152099182928032, 0.20445932244941151, 0.18898627286341815, 0.16814048836397047, 0.25934559713285221, 0.17624683077949338, 0.34545078356056808], 'fneg': array([1, 1, 3, 3, 0, 0, 1, 1, 0, 1, 0, 1, 0, 3, 1, 2, 1, 0, 1, 1, 0, 1, 2,
       3, 0, 1, 0, 0, 1, 1, 0, 3, 3, 3, 0, 1, 1, 0, 0, 0, 0, 0, 0, 0, 0, 0,
       2, 0, 1, 0, 0, 0, 0, 1, 0, 1, 1, 0, 1, 1, 0, 1, 0, 1]), 'sensitivity': array([1, 1, 1, 1, 1, 1, 1, 1, 1, 1, 1, 1, 1, 1, 1, 1, 1, 1, 1, 1, 1, 1, 1,
       1, 1, 1, 1, 1, 1, 1, 1, 1, 1, 1, 1, 1, 1, 1, 1, 1, 1, 1, 1, 1, 1, 1,
       1, 1, 1, 1, 1, 1, 1, 1, 1, 1, 1, 1, 1, 1, 1, 1, 1, 1]), 'tpos': array([2, 2, 0, 0, 3, 3, 2, 2, 3, 2, 3, 2, 3, 0, 2, 1, 2, 3, 2, 2, 3, 2, 1,
       0, 3, 2, 3, 3, 2, 2, 3, 0, 0, 0, 3, 2, 2, 3, 3, 3, 3, 3, 3, 3, 3, 3,
       1, 3, 2, 3, 3, 3, 3, 2, 3, 2, 2, 3, 2, 2, 3, 2, 3, 2])}], <Model object at 0x00000000000003DC>)
#adalasso
([{'specificity': array([0.93650794, 0.85714286, 0.28571429, 0.33333333, 0.73015873,
       0.84126984, 0.82539683, 0.41269841, 0.80952381, 0.76190476,
       0.77777778, 1.0, 0.87301587, 0.55555556, 0.3968254, 0.42857143,
       0.46031746, 0.34920635, 0.63492063, 0.36507937, 0.031746032,
       0.71428571, 0.6031746, 0.9047619, 0.98412698, 0.063492063,
       0.14285714, 0.52380952, 0.65079365, 0.44444444, 0.49206349,
       0.88888889, 0.95238095, 0.26984127, 0.15873016, 0.11111111,
       0.66666667, 0.3015873, 0.17460317, 0.015873016, 0.58730159,
       0.31746032, 0.79365079, 0.92063492, 0.25396825, 0.50793651,
       0.68253968, 0.61904762, 0.20634921, 0.079365079, 0.74603175,
       0.19047619, 0.23809524, 0.53968254, 0.22222222, 0.6984127,
       0.12698413, 0.047619048, 0.47619048, 0.96825397, 0.57142857,
       0.38095238, 0.095238095]), 'tneg': array([0, 0, 0, 0, 0, 0, 0, 0, 0, 0, 0, 0, 0, 0, 0, 0, 0, 0, 0, 0, 0, 0, 0,
       0, 0, 0, 0, 0, 0, 0, 0, 0, 0, 0, 0, 0, 0, 0, 0, 0, 0, 0, 0, 0, 0, 0,
       0, 0, 0, 0, 0, 0, 0, 0, 0, 0, 0, 0, 0, 0, 0, 0, 0]), 'fpos': array([14, 14, 14, 14, 14, 14, 14, 14, 14, 14, 14, 14, 14, 14, 14, 14, 14,
       14, 14, 14, 14, 14, 14, 14, 14, 14, 14, 14, 14, 14, 14, 14, 14, 14,
       14, 14, 14, 14, 14, 14, 14, 14, 14, 14, 14, 14, 14, 14, 14, 14, 14,
       14, 14, 14, 14, 14, 14, 14, 14, 14, 14, 14, 14]), 'threshold': [0.5302768103033777, 0.36577906664100385, 0.089893596180005142, 0.093070604381446306, 0.24924353300595126, 0.34254959379403882, 0.32021410517457322, 0.10592736589619947, 0.30068786718508833, 0.26175604368090438, 0.29329803435506385, 0.8814563400616019, 0.37554484469169291, 0.14196175394719188, 0.10361165048033813, 0.11336385399015611, 0.1167872374715144, 0.099710953297445143, 0.17252228720296206, 0.10104007351409187, 0.058192935320579682, 0.24644758517502213, 0.16415068396549301, 0.48148048838766672, 0.64320164500352373, 0.062080449206703817, 0.08221606980101473, 0.13253586089086591, 0.19598144027930867, 0.1162284392691922, 0.11972440680772353, 0.38788089243302798, 0.53438117333928103, 0.088471519775231044, 0.082442261534593428, 0.070624604400757102, 0.20403722929367757, 0.091126179113756076, 0.083630503140550441, 0.048758576769963896, 0.14831997911043171, 0.092342793197256037, 0.29961953883183529, 0.49338879694440207, 0.087347139952565267, 0.12464542487902366, 0.22728670395804357, 0.16568467215461788, 0.0862006590630085, 0.062763027319575032, 0.25371703683844343, 0.085232751556531108, 0.08704146383277607, 0.13479020505535139, 0.08667215322727892, 0.23150163210564645, 0.079660665077129322, 0.061024503119400074, 0.11708655942090324, 0.53646943504643985, 0.14242571741068011, 0.10123983507087739, 0.068596759798161377], 'fneg': array([0, 0, 0, 0, 0, 0, 0, 0, 0, 0, 0, 0, 0, 0, 0, 0, 0, 0, 0, 0, 0, 0, 0,
       0, 0, 0, 0, 0, 0, 0, 0, 0, 0, 0, 0, 0, 0, 0, 0, 0, 0, 0, 0, 0, 0, 0,
       0, 0, 0, 0, 0, 0, 0, 0, 0, 0, 0, 0, 0, 0, 0, 0, 0]), 'sensitivity': array([1, 1, 1, 1, 1, 1, 1, 1, 1, 1, 1, 1, 1, 1, 1, 1, 1, 1, 1, 1, 1, 1, 1,
       1, 1, 1, 1, 1, 1, 1, 1, 1, 1, 1, 1, 1, 1, 1, 1, 1, 1, 1, 1, 1, 1, 1,
       1, 1, 1, 1, 1, 1, 1, 1, 1, 1, 1, 1, 1, 1, 1, 1, 1]), 'tpos': array([3, 3, 3, 3, 3, 3, 3, 3, 3, 3, 3, 3, 3, 3, 3, 3, 3, 3, 3, 3, 3, 3, 3,
       3, 3, 3, 3, 3, 3, 3, 3, 3, 3, 3, 3, 3, 3, 3, 3, 3, 3, 3, 3, 3, 3, 3,
       3, 3, 3, 3, 3, 3, 3, 3, 3, 3, 3, 3, 3, 3, 3, 3, 3])}, {'specificity': array([0.78125, 0.96875, 0.15625, 0.5, 0.1875, 0.75, 0.921875, 1.0,
       0.28125, 0.40625, 0.359375, 0.734375, 0.859375, 0.984375, 0.703125,
       0.90625, 0.640625, 0.53125, 0.390625, 0.8125, 0.828125, 0.546875,
       0.484375, 0.453125, 0.609375, 0.625, 0.765625, 0.875, 0.421875,
       0.46875, 0.25, 0.34375, 0.203125, 0.578125, 0.84375, 0.265625,
       0.6875, 0.953125, 0.65625, 0.03125, 0.171875, 0.234375, 0.0625,
       0.890625, 0.9375, 0.796875, 0.328125, 0.671875, 0.4375, 0.59375,
       0.5625, 0.078125, 0.09375, 0.21875, 0.125, 0.71875, 0.3125,
       0.515625, 0.046875, 0.375, 0.109375, 0.140625, 0.296875, 0.015625]), 'tneg': array([0, 0, 0, 0, 0, 0, 0, 0, 0, 0, 0, 0, 0, 0, 0, 0, 0, 0, 0, 0, 0, 0, 0,
       0, 0, 0, 0, 0, 0, 0, 0, 0, 0, 0, 0, 0, 0, 0, 0, 0, 0, 0, 0, 0, 0, 0,
       0, 0, 0, 0, 0, 0, 0, 0, 0, 0, 0, 0, 0, 0, 0, 0, 0, 0]), 'fpos': array([14, 14, 14, 14, 14, 14, 14, 14, 14, 14, 14, 14, 14, 14, 14, 14, 14,
       14, 14, 14, 14, 14, 14, 14, 14, 14, 14, 14, 14, 14, 14, 14, 14, 14,
       14, 14, 14, 14, 14, 14, 14, 14, 14, 14, 14, 14, 14, 14, 14, 14, 14,
       14, 14, 14, 14, 14, 14, 14, 14, 14, 14, 14, 14, 14]), 'threshold': [0.41555682391448462, 0.80825635956112463, 0.0378818458381232, 0.10675538283701608, 0.038612531717652124, 0.37952266264521917, 0.65788039802828824, 0.90224583431995331, 0.046664500390588337, 0.088519610242623212, 0.074589085514945211, 0.36229206672357361, 0.53791567585519851, 0.88969833080810234, 0.35084865385970532, 0.61007915994488482, 0.24179240642575134, 0.11304525693750056, 0.079037039566244985, 0.46036725431056863, 0.46551054162172145, 0.12083613992177386, 0.10621585169626764, 0.090608512877519309, 0.23516482643515091, 0.23959640462625303, 0.39611983462404837, 0.58589432073396563, 0.088887511194219546, 0.096850444290168022, 0.040109023995375227, 0.074266539064947401, 0.039114596410517621, 0.18440634120526939, 0.48692761323646022, 0.044021057450099432, 0.30927012923378722, 0.72832658261575955, 0.29345560196431608, 0.0065584233067493038, 0.038569644212783347, 0.039435132792843018, 0.0097204685242049376, 0.60558177262059298, 0.68616715068461109, 0.44868457038275666, 0.070183418171358355, 0.30219813297990344, 0.089170541843235307, 0.2009992485475782, 0.14643127883327972, 0.013266262028928012, 0.014090287694157743, 0.039331972600441981, 0.015063297952251578, 0.35744794026721177, 0.065669424855415215, 0.10989819576254145, 0.0066910013473185179, 0.077413573467986427, 0.014954289150573114, 0.025886128763375628, 0.052849105803335468, 0.0038325174599063124], 'fneg': array([0, 0, 0, 0, 0, 0, 0, 0, 0, 0, 0, 0, 0, 0, 0, 0, 0, 0, 0, 0, 0, 0, 0,
       0, 0, 0, 0, 0, 0, 0, 0, 0, 0, 0, 0, 0, 0, 0, 0, 0, 0, 0, 0, 0, 0, 0,
       0, 0, 0, 0, 0, 0, 0, 0, 0, 0, 0, 0, 0, 0, 0, 0, 0, 0]), 'sensitivity': array([1, 1, 1, 1, 1, 1, 1, 1, 1, 1, 1, 1, 1, 1, 1, 1, 1, 1, 1, 1, 1, 1, 1,
       1, 1, 1, 1, 1, 1, 1, 1, 1, 1, 1, 1, 1, 1, 1, 1, 1, 1, 1, 1, 1, 1, 1,
       1, 1, 1, 1, 1, 1, 1, 1, 1, 1, 1, 1, 1, 1, 1, 1, 1, 1]), 'tpos': array([2, 2, 2, 2, 2, 2, 2, 2, 2, 2, 2, 2, 2, 2, 2, 2, 2, 2, 2, 2, 2, 2, 2,
       2, 2, 2, 2, 2, 2, 2, 2, 2, 2, 2, 2, 2, 2, 2, 2, 2, 2, 2, 2, 2, 2, 2,
       2, 2, 2, 2, 2, 2, 2, 2, 2, 2, 2, 2, 2, 2, 2, 2, 2, 2])}, {'specificity': array([0.921875, 0.296875, 0.0625, 0.28125, 0.84375, 1.0, 0.828125,
       0.59375, 0.578125, 0.234375, 0.15625, 0.78125, 0.984375, 0.71875,
       0.765625, 0.484375, 0.953125, 0.640625, 0.4375, 0.515625, 0.6875,
       0.734375, 0.75, 0.5625, 0.40625, 0.53125, 0.421875, 0.390625,
       0.3125, 0.8125, 0.46875, 0.359375, 0.03125, 0.875, 0.015625,
       0.09375, 0.203125, 0.125, 0.9375, 0.96875, 0.21875, 0.1875, 0.375,
       0.65625, 0.859375, 0.609375, 0.671875, 0.703125, 0.5, 0.890625,
       0.453125, 0.140625, 0.625, 0.546875, 0.109375, 0.328125, 0.90625,
       0.265625, 0.046875, 0.34375, 0.796875, 0.171875, 0.25, 0.078125]), 'tneg': array([0, 0, 0, 0, 0, 0, 0, 0, 0, 0, 0, 0, 0, 0, 0, 0, 0, 0, 0, 0, 0, 0, 0,
       0, 0, 0, 0, 0, 0, 0, 0, 0, 0, 0, 0, 0, 0, 0, 0, 0, 0, 0, 0, 0, 0, 0,
       0, 0, 0, 0, 0, 0, 0, 0, 0, 0, 0, 0, 0, 0, 0, 0, 0, 0]), 'fpos': array([11, 11, 11, 11, 11, 11, 11, 11, 11, 11, 11, 11, 11, 11, 11, 11, 11,
       11, 11, 11, 11, 11, 11, 11, 11, 11, 11, 11, 11, 11, 11, 11, 11, 11,
       11, 11, 11, 11, 11, 11, 11, 11, 11, 11, 11, 11, 11, 11, 11, 11, 11,
       11, 11, 11, 11, 11, 11, 11, 11, 11, 11, 11, 11, 11]), 'threshold': [0.47883448468451539, 0.049183583067197063, 0.01911239266092991, 0.045630009978851881, 0.35713545012980474, 0.71898680592261055, 0.31921297269132237, 0.14544671794335948, 0.14107756262772345, 0.040313196515384175, 0.035407668573339039, 0.28777810908200802, 0.53570774654764219, 0.26533938596698226, 0.27841380562154439, 0.10543506728083488, 0.49586895777467122, 0.22422094602155315, 0.097707102250295552, 0.11582326593415819, 0.2399137975387397, 0.2713850191577426, 0.27630714260300709, 0.12281700773795358, 0.074048292252537035, 0.12042644649709071, 0.074709736493344878, 0.069698121001475627, 0.049677542113083846, 0.30462424488242623, 0.10322677614497465, 0.060683360007040908, 0.016337930241354517, 0.38559782935599396, 0.0085641037293881419, 0.020556945316785112, 0.037733745938128629, 0.032919425467987047, 0.49466204913361195, 0.5131017795052264, 0.03792962807770453, 0.035889124746471081, 0.068126082601190435, 0.22857326569779504, 0.38235609194775028, 0.18264251743843754, 0.23301788111763938, 0.24869841993632277, 0.11519584170438077, 0.39490173412943114, 0.10018755455899223, 0.033243277629532587, 0.18914781278714554, 0.12146518177820069, 0.022975631010363606, 0.052268755529222548, 0.41523227518862077, 0.044792391884007805, 0.018753222691380789, 0.058732595803769813, 0.29029337532519484, 0.035621229579423909, 0.04079339797782898, 0.020238021987095959], 'fneg': array([0, 0, 0, 0, 0, 0, 0, 0, 0, 0, 0, 0, 0, 0, 0, 0, 0, 0, 0, 0, 0, 0, 0,
       0, 0, 0, 0, 0, 0, 0, 0, 0, 0, 0, 0, 0, 0, 0, 0, 0, 0, 0, 0, 0, 0, 0,
       0, 0, 0, 0, 0, 0, 0, 0, 0, 0, 0, 0, 0, 0, 0, 0, 0, 0]), 'sensitivity': array([1, 1, 1, 1, 1, 1, 1, 1, 1, 1, 1, 1, 1, 1, 1, 1, 1, 1, 1, 1, 1, 1, 1,
       1, 1, 1, 1, 1, 1, 1, 1, 1, 1, 1, 1, 1, 1, 1, 1, 1, 1, 1, 1, 1, 1, 1,
       1, 1, 1, 1, 1, 1, 1, 1, 1, 1, 1, 1, 1, 1, 1, 1, 1, 1]), 'tpos': array([5, 5, 5, 5, 5, 5, 5, 5, 5, 5, 5, 5, 5, 5, 5, 5, 5, 5, 5, 5, 5, 5, 5,
       5, 5, 5, 5, 5, 5, 5, 5, 5, 5, 5, 5, 5, 5, 5, 5, 5, 5, 5, 5, 5, 5, 5,
       5, 5, 5, 5, 5, 5, 5, 5, 5, 5, 5, 5, 5, 5, 5, 5, 5, 5])}, {'specificity': array([0.921875, 0.90625, 0.78125, 0.765625, 0.140625, 0.078125, 0.734375,
       0.484375, 0.890625, 0.75, 0.875, 0.546875, 0.15625, 0.59375,
       0.265625, 0.8125, 0.21875, 0.828125, 0.40625, 0.9375, 0.3125,
       0.5625, 0.578125, 0.328125, 0.390625, 0.296875, 0.078125, 0.953125,
       0.859375, 1.0, 0.078125, 0.515625, 0.640625, 0.078125, 0.625,
       0.203125, 0.359375, 0.46875, 0.796875, 0.609375, 0.1875, 0.71875,
       0.6875, 0.96875, 0.5, 0.671875, 0.84375, 0.375, 0.53125, 0.34375,
       0.28125, 0.234375, 0.4375, 0.421875, 0.65625, 0.703125, 0.09375,
       0.453125, 0.171875, 0.125, 0.984375, 0.25, 0.109375, 0.078125]), 'tneg': array([13, 13, 10, 10,  1,  0, 10, 10, 13, 10, 12, 10,  1, 10,  6, 11,  3,
       11,  7, 13,  7, 10, 10,  7,  7,  7,  0, 13, 12, 13,  0, 10, 10,  0,
       10,  3,  7, 10, 10, 10,  1, 10, 10, 13, 10, 10, 11,  7, 10,  7,  6,
        4, 10, 10, 10, 10,  1, 10,  1,  1, 13,  4,  1,  0]), 'fpos': array([ 0,  0,  3,  3, 12, 13,  3,  3,  0,  3,  1,  3, 12,  3,  7,  2, 10,
        2,  6,  0,  6,  3,  3,  6,  6,  6, 13,  0,  1,  0, 13,  3,  3, 13,
        3, 10,  6,  3,  3,  3, 12,  3,  3,  0,  3,  3,  2,  6,  3,  6,  7,
        9,  3,  3,  3,  3, 12,  3, 12, 12,  0,  9, 12, 13]), 'threshold': [0.20674424880998721, 0.20674415284213721, 0.20640833494845443, 0.20636696443630284, 0.2059776769647218, 0.20597714564063488, 0.2063014724355558, 0.20611327037638336, 0.20667357161957747, 0.20631555771222523, 0.20658484779598724, 0.20613924902081743, 0.20597956465850703, 0.2061785084401255, 0.20602269716661184, 0.20649670099312908, 0.20599624094350094, 0.20649978909990432, 0.20608340507128273, 0.20674866253937058, 0.20604003786569083, 0.20614890609021266, 0.20615211252925361, 0.20605078577968244, 0.20605777330178474, 0.20603811015106982, 0.20597714564063488, 0.20676065648727876, 0.20657877308730732, 0.20679720574871313, 0.20597714564063488, 0.20612669813794271, 0.20620800576717488, 0.20597714564063488, 0.20619227457158881, 0.20599298761981436, 0.20605284727439363, 0.20611293029517783, 0.2064167684444064, 0.20617866861311623, 0.20598300593744354, 0.20627871463696984, 0.20626685865344879, 0.20677500323843712, 0.20612175685769554, 0.20625488672798059, 0.20651149958393478, 0.20605471897297148, 0.20612837139120718, 0.20605260794876368, 0.20602802040035737, 0.20599847365481455, 0.20610002154902848, 0.20609977805582846, 0.20621655789262997, 0.206276555662391, 0.20597719431779929, 0.20610214944104047, 0.20597995077926865, 0.20597732410848729, 0.20678722714268261, 0.20600285856964626, 0.20597719885550153, 0.20597714564063488], 'fneg': array([3, 3, 2, 2, 0, 0, 2, 0, 3, 2, 2, 0, 0, 0, 0, 2, 0, 2, 0, 3, 0, 0, 0,
       0, 0, 0, 0, 3, 2, 3, 0, 0, 0, 0, 0, 0, 0, 0, 2, 0, 0, 2, 2, 3, 0, 2,
       2, 0, 0, 0, 0, 0, 0, 0, 0, 2, 0, 0, 0, 0, 3, 0, 0, 0]), 'sensitivity': array([1, 1, 1, 1, 1, 1, 1, 1, 1, 1, 1, 1, 1, 1, 1, 1, 1, 1, 1, 1, 1, 1, 1,
       1, 1, 1, 1, 1, 1, 1, 1, 1, 1, 1, 1, 1, 1, 1, 1, 1, 1, 1, 1, 1, 1, 1,
       1, 1, 1, 1, 1, 1, 1, 1, 1, 1, 1, 1, 1, 1, 1, 1, 1, 1]), 'tpos': array([0, 0, 1, 1, 3, 3, 1, 3, 0, 1, 1, 3, 3, 3, 3, 1, 3, 1, 3, 0, 3, 3, 3,
       3, 3, 3, 3, 0, 1, 0, 3, 3, 3, 3, 3, 3, 3, 3, 1, 3, 3, 1, 1, 0, 3, 1,
       1, 3, 3, 3, 3, 3, 3, 3, 3, 1, 3, 3, 3, 3, 0, 3, 3, 3])}, {'specificity': array([0.75384615, 0.90769231, 0.96923077, 0.18461538, 0.33846154,
       0.78461538, 0.13846154, 0.10769231, 0.83076923, 0.84615385,
       0.70769231, 0.89230769, 0.72307692, 0.8, 0.44615385, 0.32307692,
       0.15384615, 0.4, 0.49230769, 0.87692308, 0.43076923, 0.35384615,
       0.46153846, 0.76923077, 0.93846154, 0.24615385, 0.64615385,
       0.67692308, 0.21538462, 0.69230769, 0.58461538, 0.50769231,
       0.10769231, 0.10769231, 0.92307692, 1.0, 0.10769231, 0.53846154,
       0.16923077, 0.10769231, 0.10769231, 0.66153846, 0.26153846,
       0.52307692, 0.36923077, 0.86153846, 0.38461538, 0.2, 0.55384615,
       0.29230769, 0.81538462, 0.98461538, 0.61538462, 0.73846154,
       0.63076923, 0.27692308, 0.30769231, 0.47692308, 0.56923077, 0.6,
       0.12307692, 0.95384615, 0.41538462, 0.23076923, 0.10769231]), 'tneg': array([10, 10, 11,  4,  5, 10,  2,  1, 10, 10, 10, 10, 10, 10,  5,  5,  2,
        5,  5, 10,  5,  5,  5, 10, 10,  5,  9, 10,  4, 10,  7,  5,  1,  1,
       10, 11,  1,  6,  4,  1,  1,  9,  5,  5,  5, 10,  5,  4,  6,  5, 10,
       11,  8, 10,  9,  5,  5,  5,  7,  8,  2, 11,  5,  4,  1]), 'fpos': array([ 1,  1,  0,  7,  6,  1,  9, 10,  1,  1,  1,  1,  1,  1,  6,  6,  9,
        6,  6,  1,  6,  6,  6,  1,  1,  6,  2,  1,  7,  1,  4,  6, 10, 10,
        1,  0, 10,  5,  7, 10, 10,  2,  6,  6,  6,  1,  6,  7,  5,  6,  1,
        0,  3,  1,  2,  6,  6,  6,  4,  3,  9,  0,  6,  7, 10]), 'threshold': [0.18011599915504653, 0.18024277948231213, 0.18030011966694853, 0.17989053168724983, 0.17990356973881228, 0.18013189214139302, 0.17988605518787612, 0.17988591447092542, 0.18017427547279835, 0.1801908110924792, 0.18009470706086653, 0.18022858986488272, 0.18010091092451672, 0.18016224518811269, 0.179915884154499, 0.17990053583536866, 0.17988605725724366, 0.17990953584224115, 0.17992400885850343, 0.1802207822786763, 0.17991534480813951, 0.17990507263265068, 0.17991775635430418, 0.18012204864381648, 0.1802679090938891, 0.17989564732000124, 0.18004164714528831, 0.18005423815122912, 0.17989332954351919, 0.1800836394442307, 0.17996680943359003, 0.17994708105242144, 0.17988591447092542, 0.17988591447092542, 0.18026001395356972, 0.1803001594701581, 0.17988591447092542, 0.17995530538755986, 0.17989045925798977, 0.17988591447092542, 0.17988591447092542, 0.1800424961602988, 0.17989799326465036, 0.1799521354276043, 0.17990629531914235, 0.1801981588869945, 0.17990686941283726, 0.17989179361555396, 0.17995689473089016, 0.17989983137946425, 0.18017282510902741, 0.18030014330010341, 0.18000068484822973, 0.18010520973313693, 0.18002810681355544, 0.17989838936246014, 0.17989990132827974, 0.17991861153619299, 0.17996345632185584, 0.17999204855672091, 0.17988596372184837, 0.18029637550834762, 0.17991171210817733, 0.17989483270375817, 0.17988591447092542], 'fneg': array([3, 4, 4, 0, 1, 3, 0, 0, 3, 4, 3, 4, 3, 3, 1, 1, 0, 1, 1, 4, 1, 1, 1,
       3, 4, 1, 3, 3, 1, 3, 1, 1, 0, 0, 4, 4, 0, 1, 0, 0, 0, 3, 1, 1, 1, 4,
       1, 1, 1, 1, 3, 4, 2, 3, 3, 1, 1, 1, 1, 2, 0, 4, 1, 1, 0]), 'sensitivity': array([1, 1, 1, 1, 1, 1, 1, 1, 1, 1, 1, 1, 1, 1, 1, 1, 1, 1, 1, 1, 1, 1, 1,
       1, 1, 1, 1, 1, 1, 1, 1, 1, 1, 1, 1, 1, 1, 1, 1, 1, 1, 1, 1, 1, 1, 1,
       1, 1, 1, 1, 1, 1, 1, 1, 1, 1, 1, 1, 1, 1, 1, 1, 1, 1, 1]), 'tpos': array([1, 0, 0, 4, 3, 1, 4, 4, 1, 0, 1, 0, 1, 1, 3, 3, 4, 3, 3, 0, 3, 3, 3,
       1, 0, 3, 1, 1, 3, 1, 3, 3, 4, 4, 0, 0, 4, 3, 4, 4, 4, 1, 3, 3, 3, 0,
       3, 3, 3, 3, 1, 0, 2, 1, 1, 3, 3, 3, 3, 2, 4, 0, 3, 3, 4])}], <Model object at 0x0000000000000708>)
#adalasso
([{'specificity': array([0.93650794, 0.9047619, 0.88888889, 0.17460317, 0.57142857,
       0.68253968, 0.80952381, 0.77777778, 0.47619048, 0.76190476,
       0.85714286, 0.61904762, 0.41269841, 0.65079365, 0.46031746,
       0.3968254, 0.63492063, 0.92063492, 0.11111111, 0.12698413,
       0.33333333, 0.6984127, 0.55555556, 0.031746032, 0.22222222,
       0.015873016, 0.58730159, 0.96825397, 0.98412698, 1.0, 0.95238095,
       0.66666667, 0.84126984, 0.31746032, 0.15873016, 0.26984127,
       0.52380952, 0.53968254, 0.71428571, 0.28571429, 0.44444444,
       0.50793651, 0.79365079, 0.82539683, 0.20634921, 0.49206349,
       0.73015873, 0.36507937, 0.23809524, 0.095238095, 0.34920635,
       0.19047619, 0.079365079, 0.14285714, 0.25396825, 0.38095238,
       0.74603175, 0.063492063, 0.42857143, 0.047619048, 0.87301587,
       0.6031746, 0.3015873]), 'tneg': array([13, 13, 13,  4, 10, 10, 12, 12,  9, 11, 12, 10,  8, 10,  9,  7, 10,
       13,  3,  4,  6, 10, 10,  2,  4,  0, 10, 13, 13, 13, 13, 10, 12,  5,
        4,  4, 10, 10, 11,  4,  9,  9, 12, 12,  4,  9, 11,  6,  4,  2,  6,
        4,  2,  4,  4,  6, 11,  2,  8,  2, 13, 10,  4]), 'fpos': array([ 0,  0,  0,  9,  3,  3,  1,  1,  4,  2,  1,  3,  5,  3,  4,  6,  3,
        0, 10,  9,  7,  3,  3, 11,  9, 13,  3,  0,  0,  0,  0,  3,  1,  8,
        9,  9,  3,  3,  2,  9,  4,  4,  1,  1,  9,  4,  2,  7,  9, 11,  7,
        9, 11,  9,  9,  7,  2, 11,  5, 11,  0,  3,  9]), 'threshold': [0.53982867170239623, 0.48661806787444628, 0.48645869422104038, 0.10700736482761598, 0.22411185158671115, 0.27661342971497566, 0.36962601013178259, 0.35364783106421932, 0.19503714648189166, 0.33030830391377725, 0.47665874450527412, 0.22597432040558199, 0.168066101734337, 0.25058554591447091, 0.18934842690089523, 0.16384765756848821, 0.24306825401366294, 0.50631358315748987, 0.085313942036995216, 0.097023800360551332, 0.15328363551015914, 0.28130816689879723, 0.21173941199259597, 0.058320950529116344, 0.12591729944397817, 0.029711870819304171, 0.22486675584258151, 0.58414111509657018, 0.73594737062260029, 0.74270082570677931, 0.58271757011045411, 0.25729787592795011, 0.41969609394306318, 0.1509260702179884, 0.10627962213696182, 0.14027639762995156, 0.2100345276888094, 0.2117056851480916, 0.28818591180797881, 0.14274031481285557, 0.18194730295996722, 0.20456666262216255, 0.35866020301482421, 0.40909036958236389, 0.12153487567279125, 0.20180642170279714, 0.3010946913743025, 0.15605689244012141, 0.12727868661179181, 0.076252688113168904, 0.15346563723590173, 0.11482353824851899, 0.069790864913939016, 0.10162727093334588, 0.13626673467756884, 0.15711866042948575, 0.30309059792972909, 0.064854317509048687, 0.1786947534066296, 0.060316794412992834, 0.47926029008815235, 0.2253974189586356, 0.14324442303906201], 'fneg': array([4, 4, 4, 1, 2, 2, 4, 4, 2, 4, 4, 2, 1, 2, 2, 1, 2, 4, 0, 1, 1, 3, 2,
       0, 1, 0, 2, 4, 4, 4, 4, 2, 4, 1, 1, 1, 2, 2, 4, 1, 2, 2, 4, 4, 1, 2,
       4, 1, 1, 0, 1, 1, 0, 1, 1, 1, 4, 0, 2, 0, 4, 2, 1]), 'sensitivity': array([1, 1, 1, 1, 1, 1, 1, 1, 1, 1, 1, 1, 1, 1, 1, 1, 1, 1, 1, 1, 1, 1, 1,
       1, 1, 1, 1, 1, 1, 1, 1, 1, 1, 1, 1, 1, 1, 1, 1, 1, 1, 1, 1, 1, 1, 1,
       1, 1, 1, 1, 1, 1, 1, 1, 1, 1, 1, 1, 1, 1, 1, 1, 1]), 'tpos': array([0, 0, 0, 3, 2, 2, 0, 0, 2, 0, 0, 2, 3, 2, 2, 3, 2, 0, 4, 3, 3, 1, 2,
       4, 3, 4, 2, 0, 0, 0, 0, 2, 0, 3, 3, 3, 2, 2, 0, 3, 2, 2, 0, 0, 3, 2,
       0, 3, 3, 4, 3, 3, 4, 3, 3, 3, 0, 4, 2, 4, 0, 2, 3])}, {'specificity': array([0.828125, 0.875, 0.984375, 0.9375, 0.484375, 0.265625, 0.78125,
       0.09375, 0.765625, 0.75, 0.515625, 0.578125, 0.921875, 0.4375,
       0.171875, 0.59375, 0.34375, 0.671875, 0.390625, 0.28125, 0.53125,
       0.3125, 0.890625, 0.203125, 0.71875, 0.640625, 0.25, 0.703125,
       0.625, 0.109375, 0.8125, 0.953125, 0.96875, 0.90625, 0.0625,
       0.734375, 0.234375, 0.015625, 0.6875, 0.546875, 0.453125, 0.328125,
       0.15625, 0.03125, 0.296875, 0.5, 0.796875, 0.84375, 0.078125,
       0.40625, 0.609375, 0.140625, 0.65625, 0.375, 0.359375, 0.46875,
       0.859375, 0.421875, 0.125, 0.046875, 1.0, 0.1875, 0.5625, 0.21875]), 'tneg': array([12, 12, 12, 12,  5,  1, 11,  0, 11, 11,  6,  9, 12,  3,  1,  9,  2,
       10,  3,  1,  7,  2, 12,  1, 10,  9,  1, 10,  9,  0, 11, 12, 12, 12,
        0, 10,  1,  0, 10,  8,  4,  2,  1,  0,  1,  6, 11, 12,  0,  3,  9,
        1, 10,  3,  2,  4, 12,  3,  0,  0, 12,  1,  8,  1]), 'fpos': array([ 0,  0,  0,  0,  7, 11,  1, 12,  1,  1,  6,  3,  0,  9, 11,  3, 10,
        2,  9, 11,  5, 10,  0, 11,  2,  3, 11,  2,  3, 12,  1,  0,  0,  0,
       12,  2, 11, 12,  2,  4,  8, 10, 11, 12, 11,  6,  1,  0, 12,  9,  3,
       11,  2,  9, 10,  8,  0,  9, 12, 12,  0, 11,  4, 11]), 'threshold': [0.28056702707882875, 0.34398605163139306, 0.67929058142241483, 0.53699942653342858, 0.15731855788610433, 0.12779746691964192, 0.25791140730916118, 0.11527868518053812, 0.25425655690255999, 0.25322354686296938, 0.16152297327132506, 0.17717208174202545, 0.42109304262844061, 0.14591464744799965, 0.12140998668164647, 0.17774551820901485, 0.13683810726574355, 0.20234581801276913, 0.13909660538619975, 0.1283061525066177, 0.16621706443187717, 0.13526695583665849, 0.35510883121933723, 0.12382489423524067, 0.22420345895493241, 0.19201981317756386, 0.12650545682208417, 0.20744073911917285, 0.18897249029413485, 0.11833149397161671, 0.27267900782743704, 0.5740026805434334, 0.5878796346963342, 0.3645661212337345, 0.1008087865214282, 0.22622699418016332, 0.12615528973187656, 0.094992941653112173, 0.20492563670356864, 0.17165697116532788, 0.14900748488976251, 0.13578837015532794, 0.12135708299512879, 0.095907656091673399, 0.13202763036285931, 0.16005267650088975, 0.26426821848676396, 0.28173235064762442, 0.11439774477380732, 0.14092757486227986, 0.18302326737844193, 0.12097294007545563, 0.20007289469044506, 0.13831960848936545, 0.13686061269687536, 0.15325977720273235, 0.28638972153266645, 0.14216695689419714, 0.12050204381430725, 0.096765077145712017, 0.73938314318970377, 0.12181042690186089, 0.17215483747797897, 0.12433397917316755], 'fneg': array([2, 2, 3, 3, 1, 0, 2, 0, 2, 2, 1, 1, 3, 1, 0, 1, 0, 2, 0, 0, 1, 0, 3,
       0, 2, 1, 0, 2, 1, 0, 2, 3, 3, 3, 0, 2, 0, 0, 2, 1, 1, 0, 0, 0, 0, 1,
       2, 2, 0, 0, 1, 0, 2, 0, 0, 1, 2, 0, 0, 0, 4, 0, 1, 0]), 'sensitivity': array([1, 1, 1, 1, 1, 1, 1, 1, 1, 1, 1, 1, 1, 1, 1, 1, 1, 1, 1, 1, 1, 1, 1,
       1, 1, 1, 1, 1, 1, 1, 1, 1, 1, 1, 1, 1, 1, 1, 1, 1, 1, 1, 1, 1, 1, 1,
       1, 1, 1, 1, 1, 1, 1, 1, 1, 1, 1, 1, 1, 1, 1, 1, 1, 1]), 'tpos': array([2, 2, 1, 1, 3, 4, 2, 4, 2, 2, 3, 3, 1, 3, 4, 3, 4, 2, 4, 4, 3, 4, 1,
       4, 2, 3, 4, 2, 3, 4, 2, 1, 1, 1, 4, 2, 4, 4, 2, 3, 3, 4, 4, 4, 4, 3,
       2, 2, 4, 4, 3, 4, 2, 4, 4, 3, 2, 4, 4, 4, 0, 4, 3, 4])}, {'specificity': array([0.859375, 0.59375, 0.90625, 0.96875, 0.921875, 0.515625, 0.203125,
       0.84375, 0.296875, 0.828125, 0.8125, 0.3125, 0.796875, 0.09375,
       0.5625, 0.234375, 0.640625, 0.21875, 0.6875, 0.109375, 0.046875,
       0.5, 0.703125, 0.1875, 0.53125, 0.375, 0.03125, 0.984375, 1.0,
       0.875, 0.71875, 0.890625, 0.546875, 0.140625, 0.265625, 0.171875,
       0.65625, 0.765625, 0.28125, 0.015625, 0.609375, 0.359375, 0.9375,
       0.328125, 0.625, 0.46875, 0.390625, 0.125, 0.453125, 0.40625, 0.25,
       0.75, 0.421875, 0.671875, 0.578125, 0.78125, 0.4375, 0.078125,
       0.34375, 0.0625, 0.734375, 0.953125, 0.484375, 0.15625]), 'tneg': array([ 9,  3, 10, 11, 10,  3,  2,  9,  2,  8,  8,  2,  8,  2,  3,  2,  5,
        2,  6,  2,  1,  3,  6,  2,  3,  2,  1, 11, 11, 10,  6, 10,  3,  2,
        2,  2,  5,  6,  2,  1,  3,  2, 10,  2,  4,  3,  2,  2,  3,  2,  2,
        6,  2,  6,  3,  6,  2,  2,  2,  2,  6, 11,  3,  2]), 'fpos': array([ 2,  8,  1,  0,  1,  8,  9,  2,  9,  3,  3,  9,  3,  9,  8,  9,  6,
        9,  5,  9, 10,  8,  5,  9,  8,  9, 10,  0,  0,  1,  5,  1,  8,  9,
        9,  9,  6,  5,  9, 10,  8,  9,  1,  9,  7,  8,  9,  9,  8,  9,  9,
        5,  9,  5,  8,  5,  9,  9,  9,  9,  5,  0,  8,  9]), 'threshold': [0.36639347172566106, 0.14123952653204971, 0.62893194293482479, 0.79504082224499972, 0.65534604645525163, 0.11601087356135977, 0.069459935299653511, 0.36043134674563104, 0.083641842908471001, 0.30324496549345209, 0.29061999782170328, 0.087304848524505041, 0.256164967203525, 0.055804758837226597, 0.13402209046505106, 0.07325643156393391, 0.18217003694181566, 0.071960775251625919, 0.19879008070148801, 0.057192700659017555, 0.037570657736142425, 0.11576633912414407, 0.22275091097921146, 0.065591198630020303, 0.12491439726289863, 0.097930274423266989, 0.028434888451466456, 0.87901823881254693, 0.89057089134966583, 0.44863290518168802, 0.22427323083424769, 0.56919036222626895, 0.12701740603442574, 0.059526805766221422, 0.080279982652410181, 0.063157946844509552, 0.1876154597489979, 0.23939986941714242, 0.083205862649457341, 0.02557766984330407, 0.1505178761426656, 0.097686486308347031, 0.65957464254851084, 0.089109270094910528, 0.17152297832289334, 0.11177403758009581, 0.098266300329138398, 0.058874584421706157, 0.10964335613595978, 0.10225725764535347, 0.080029176826578147, 0.23504393380263661, 0.10482741550394713, 0.1919589404670482, 0.13678959140504701, 0.24735688169166717, 0.10483135685450493, 0.055309469940878868, 0.095699234717712287, 0.043645497716510405, 0.22611932548647734, 0.7677742032585706, 0.11277592759474167, 0.061343779074161074], 'fneg': array([4, 4, 4, 5, 4, 3, 0, 4, 2, 4, 4, 2, 4, 0, 4, 1, 4, 1, 4, 0, 0, 3, 4,
       0, 3, 3, 0, 5, 5, 4, 4, 4, 3, 0, 1, 0, 4, 4, 2, 0, 4, 3, 4, 2, 4, 3,
       3, 0, 3, 3, 1, 4, 3, 4, 4, 4, 3, 0, 3, 0, 4, 4, 3, 0]), 'sensitivity': array([1, 1, 1, 1, 1, 1, 1, 1, 1, 1, 1, 1, 1, 1, 1, 1, 1, 1, 1, 1, 1, 1, 1,
       1, 1, 1, 1, 1, 1, 1, 1, 1, 1, 1, 1, 1, 1, 1, 1, 1, 1, 1, 1, 1, 1, 1,
       1, 1, 1, 1, 1, 1, 1, 1, 1, 1, 1, 1, 1, 1, 1, 1, 1, 1]), 'tpos': array([1, 1, 1, 0, 1, 2, 5, 1, 3, 1, 1, 3, 1, 5, 1, 4, 1, 4, 1, 5, 5, 2, 1,
       5, 2, 2, 5, 0, 0, 1, 1, 1, 2, 5, 4, 5, 1, 1, 3, 5, 1, 2, 1, 3, 1, 2,
       2, 5, 2, 2, 4, 1, 2, 1, 1, 1, 2, 5, 2, 5, 1, 1, 2, 5])}, {'specificity': array([0.796875, 0.90625, 0.921875, 0.890625, 0.390625, 0.46875, 0.859375,
       0.640625, 0.609375, 0.65625, 0.546875, 0.828125, 0.703125, 0.84375,
       0.140625, 0.203125, 0.171875, 0.359375, 0.40625, 0.8125, 0.1875,
       0.109375, 0.21875, 0.765625, 0.671875, 0.375, 0.4375, 0.078125,
       0.28125, 0.0625, 0.78125, 0.9375, 0.984375, 1.0, 0.96875, 0.875,
       0.734375, 0.046875, 0.03125, 0.296875, 0.328125, 0.09375, 0.015625,
       0.3125, 0.59375, 0.75, 0.34375, 0.25, 0.453125, 0.234375, 0.5,
       0.625, 0.6875, 0.515625, 0.578125, 0.71875, 0.53125, 0.125,
       0.484375, 0.5625, 0.953125, 0.265625, 0.421875, 0.15625]), 'tneg': array([10, 11, 11, 11,  7,  9, 11, 10, 10, 10, 10, 10, 10, 10,  0,  2,  2,
        7,  7, 10,  2,  0,  3, 10, 10,  7,  9,  0,  6,  0, 10, 12, 12, 12,
       12, 11, 10,  0,  0,  6,  7,  0,  0,  7, 10, 10,  7,  3,  9,  3, 10,
       10, 10, 10, 10, 10, 10,  0, 10, 10, 12,  5,  8,  2]), 'fpos': array([ 2,  1,  1,  1,  5,  3,  1,  2,  2,  2,  2,  2,  2,  2, 12, 10, 10,
        5,  5,  2, 10, 12,  9,  2,  2,  5,  3, 12,  6, 12,  2,  0,  0,  0,
        0,  1,  2, 12, 12,  6,  5, 12, 12,  5,  2,  2,  5,  9,  3,  9,  2,
        2,  2,  2,  2,  2,  2, 12,  2,  2,  0,  7,  4, 10]), 'threshold': [0.29465378329595815, 0.47107058483873027, 0.53405085100025373, 0.47072572725029405, 0.1493037382614868, 0.17014615718847118, 0.36590235583226299, 0.21512033081739718, 0.1970509157331917, 0.22367095418689137, 0.18588771972665447, 0.3368627327081557, 0.23080141845590543, 0.35045322521021383, 0.096129693177077258, 0.11137924953083506, 0.10500171733326325, 0.1452684022155229, 0.15498263073515706, 0.30433158359570955, 0.10936561256333917, 0.094019227379947279, 0.11559141209685234, 0.26016185128532898, 0.23015509509349552, 0.14769672924857, 0.16462804523987665, 0.087635866901231374, 0.13827365905183445, 0.087111574026486116, 0.29037958525136348, 0.60743556542199639, 0.65537166162301808, 0.66568243823780626, 0.64888992046592009, 0.40630547763620778, 0.23278816500349089, 0.081748212368629003, 0.079418342993247237, 0.14074232257386887, 0.14443649472885362, 0.091177246117902372, 0.067553267711472464, 0.14434648665607447, 0.1955186842766419, 0.23583479002311514, 0.14492788165393555, 0.12340603932439594, 0.16772988860408336, 0.12202008853566544, 0.17628090482721395, 0.19974403848957387, 0.23065077259401329, 0.17921487201892031, 0.19363220902283043, 0.23260819012615622, 0.18072327903737687, 0.095183019293862497, 0.17444744952869939, 0.18941186936769044, 0.64195870307125746, 0.1299557965249509, 0.15756109764946846, 0.097838642139926255], 'fneg': array([3, 3, 3, 3, 1, 1, 3, 2, 2, 2, 2, 3, 2, 3, 0, 0, 0, 1, 1, 3, 0, 0, 0,
       3, 2, 1, 1, 0, 1, 0, 3, 3, 4, 4, 3, 3, 2, 0, 0, 1, 1, 0, 0, 1, 2, 2,
       1, 1, 1, 1, 1, 2, 2, 1, 2, 2, 1, 0, 1, 2, 3, 1, 1, 0]), 'sensitivity': array([1, 1, 1, 1, 1, 1, 1, 1, 1, 1, 1, 1, 1, 1, 1, 1, 1, 1, 1, 1, 1, 1, 1,
       1, 1, 1, 1, 1, 1, 1, 1, 1, 1, 1, 1, 1, 1, 1, 1, 1, 1, 1, 1, 1, 1, 1,
       1, 1, 1, 1, 1, 1, 1, 1, 1, 1, 1, 1, 1, 1, 1, 1, 1, 1]), 'tpos': array([1, 1, 1, 1, 3, 3, 1, 2, 2, 2, 2, 1, 2, 1, 4, 4, 4, 3, 3, 1, 4, 4, 4,
       1, 2, 3, 3, 4, 3, 4, 1, 1, 0, 0, 1, 1, 2, 4, 4, 3, 3, 4, 4, 3, 2, 2,
       3, 3, 3, 3, 3, 2, 2, 3, 2, 2, 3, 4, 3, 2, 1, 3, 3, 4])}, {'specificity': array([0.78461538, 0.95384615, 0.98461538, 0.90769231, 0.67692308,
       0.89230769, 0.29230769, 0.87692308, 0.70769231, 0.69230769,
       0.50769231, 0.75384615, 0.93846154, 0.44615385, 0.8, 0.52307692,
       0.81538462, 0.35384615, 0.32307692, 0.27692308, 0.26153846,
       0.58461538, 0.47692308, 0.84615385, 0.12307692, 0.4, 0.83076923,
       0.73846154, 0.21538462, 0.30769231, 0.092307692, 0.92307692,
       0.96923077, 1.0, 0.49230769, 0.86153846, 0.16923077, 0.41538462,
       0.030769231, 0.61538462, 0.64615385, 0.33846154, 0.18461538,
       0.015384615, 0.53846154, 0.63076923, 0.66153846, 0.24615385, 0.6,
       0.061538462, 0.046153846, 0.36923077, 0.38461538, 0.23076923,
       0.72307692, 0.076923077, 0.2, 0.56923077, 0.76923077, 0.10769231,
       0.55384615, 0.15384615, 0.43076923, 0.46153846, 0.13846154]), 'tneg': array([0, 0, 0, 0, 0, 0, 0, 0, 0, 0, 0, 0, 0, 0, 0, 0, 0, 0, 0, 0, 0, 0, 0,
       0, 0, 0, 0, 0, 0, 0, 0, 0, 0, 0, 0, 0, 0, 0, 0, 0, 0, 0, 0, 0, 0, 0,
       0, 0, 0, 0, 0, 0, 0, 0, 0, 0, 0, 0, 0, 0, 0, 0, 0, 0, 0]), 'fpos': array([12, 12, 12, 12, 12, 12, 12, 12, 12, 12, 12, 12, 12, 12, 12, 12, 12,
       12, 12, 12, 12, 12, 12, 12, 12, 12, 12, 12, 12, 12, 12, 12, 12, 12,
       12, 12, 12, 12, 12, 12, 12, 12, 12, 12, 12, 12, 12, 12, 12, 12, 12,
       12, 12, 12, 12, 12, 12, 12, 12, 12, 12, 12, 12, 12, 12]), 'threshold': [0.36558785489109369, 0.84314953334640941, 0.94645621793544221, 0.52198680847171353, 0.25277010174157449, 0.50691964379500998, 0.11994227456279676, 0.46092244607447908, 0.26439606039715785, 0.26182197609095365, 0.16180006927570981, 0.33897406225042709, 0.70959468427979444, 0.14946414863145519, 0.36767047269338754, 0.17079157547092064, 0.37791457500541531, 0.13032820852844698, 0.1255689985184314, 0.11977021910116473, 0.11894655857057052, 0.18793662657386753, 0.15321847110334116, 0.39448370707257335, 0.091824111699542535, 0.13844111699836309, 0.38930444583753387, 0.31029733901996043, 0.1027089439048646, 0.12386122113103716, 0.091070110156345224, 0.6546044541704451, 0.91167726538403893, 0.98053286565625875, 0.15479912667328494, 0.41471754308278075, 0.10009988435369197, 0.13931515465202446, 0.041208980928393077, 0.21064140092103503, 0.22203970060400818, 0.12637764617456257, 0.10171854064876103, 0.038675599183553649, 0.17178905241453682, 0.22177261265665152, 0.23718623131478073, 0.1113907956202181, 0.18807462359889465, 0.079733043196048459, 0.054368846530251036, 0.13219946830010076, 0.13416674934538023, 0.11091051312102983, 0.26603113536588041, 0.089828108046511576, 0.10253735337736004, 0.18642546606331265, 0.34752723381913425, 0.091175034074181899, 0.17485220022104717, 0.095238634884783346, 0.14711230116251128, 0.14972161008164733, 0.093351739088780195], 'fneg': array([0, 0, 0, 0, 0, 0, 0, 0, 0, 0, 0, 0, 0, 0, 0, 0, 0, 0, 0, 0, 0, 0, 0,
       0, 0, 0, 0, 0, 0, 0, 0, 0, 0, 0, 0, 0, 0, 0, 0, 0, 0, 0, 0, 0, 0, 0,
       0, 0, 0, 0, 0, 0, 0, 0, 0, 0, 0, 0, 0, 0, 0, 0, 0, 0, 0]), 'sensitivity': array([1, 1, 1, 1, 1, 1, 1, 1, 1, 1, 1, 1, 1, 1, 1, 1, 1, 1, 1, 1, 1, 1, 1,
       1, 1, 1, 1, 1, 1, 1, 1, 1, 1, 1, 1, 1, 1, 1, 1, 1, 1, 1, 1, 1, 1, 1,
       1, 1, 1, 1, 1, 1, 1, 1, 1, 1, 1, 1, 1, 1, 1, 1, 1, 1, 1]), 'tpos': array([3, 3, 3, 3, 3, 3, 3, 3, 3, 3, 3, 3, 3, 3, 3, 3, 3, 3, 3, 3, 3, 3, 3,
       3, 3, 3, 3, 3, 3, 3, 3, 3, 3, 3, 3, 3, 3, 3, 3, 3, 3, 3, 3, 3, 3, 3,
       3, 3, 3, 3, 3, 3, 3, 3, 3, 3, 3, 3, 3, 3, 3, 3, 3, 3, 3])}], <Model object at 0x0000000000000A34>)
#adalasso
([{'specificity': array([0.80952381, 0.95238095, 0.93650794, 0.6984127, 0.98412698,
       0.96825397, 0.12698413, 0.77777778, 0.85714286, 0.42857143,
       0.9047619, 0.34920635, 0.87301587, 0.20634921, 0.53968254,
       0.47619048, 0.73015873, 0.55555556, 0.68253968, 0.88888889,
       0.79365079, 0.74603175, 0.23809524, 0.25396825, 0.33333333,
       0.58730159, 0.38095238, 0.19047619, 0.66666667, 0.44444444,
       0.92063492, 0.14285714, 0.079365079, 0.76190476, 0.17460317,
       0.65079365, 0.6031746, 0.41269841, 0.82539683, 1.0, 0.71428571,
       0.31746032, 0.3968254, 0.063492063, 0.22222222, 0.28571429,
       0.095238095, 0.50793651, 0.015873016, 0.11111111, 0.63492063,
       0.047619048, 0.3015873, 0.15873016, 0.52380952, 0.49206349,
       0.84126984, 0.57142857, 0.61904762, 0.26984127, 0.36507937,
       0.46031746, 0.031746032]), 'tneg': array([0, 0, 0, 0, 0, 0, 0, 0, 0, 0, 0, 0, 0, 0, 0, 0, 0, 0, 0, 0, 0, 0, 0,
       0, 0, 0, 0, 0, 0, 0, 0, 0, 0, 0, 0, 0, 0, 0, 0, 0, 0, 0, 0, 0, 0, 0,
       0, 0, 0, 0, 0, 0, 0, 0, 0, 0, 0, 0, 0, 0, 0, 0, 0]), 'fpos': array([13, 13, 13, 13, 13, 13, 13, 13, 13, 13, 13, 13, 13, 13, 13, 13, 13,
       13, 13, 13, 13, 13, 13, 13, 13, 13, 13, 13, 13, 13, 13, 13, 13, 13,
       13, 13, 13, 13, 13, 13, 13, 13, 13, 13, 13, 13, 13, 13, 13, 13, 13,
       13, 13, 13, 13, 13, 13, 13, 13, 13, 13, 13, 13]), 'threshold': [0.44323680486846179, 0.57202508072199676, 0.55015277042134658, 0.36285797085202343, 0.7823093122723529, 0.69809088201194336, 0.15164533721422369, 0.40342238904784494, 0.4771459300054291, 0.21788920382342719, 0.51340135820054611, 0.20206995950558918, 0.48335328506227321, 0.17691810418829632, 0.25024811601085667, 0.23530157227357793, 0.38432124399405876, 0.2525533955433148, 0.35906710299793854, 0.49913140431076602, 0.42113080335487607, 0.40018668350561903, 0.18105172555269358, 0.18312966785747153, 0.19904753969516345, 0.286372773870397, 0.20461472534847866, 0.1712879860482146, 0.33089155856967978, 0.23100781175644378, 0.54048650079718763, 0.15332340343184245, 0.1325938358606128, 0.40095499009650354, 0.16876697327918558, 0.3253756147984741, 0.3017409930561788, 0.21363338533321577, 0.45834884104138779, 0.78275549053638172, 0.3662334450109429, 0.19214986280901569, 0.21044206198067927, 0.12661837422595029, 0.18067792417761797, 0.18400948067545433, 0.14087737614419116, 0.24675667005526966, 0.10969281285976566, 0.14708964654439852, 0.30771889702872168, 0.12646468115342541, 0.18743551987804635, 0.15450550710562544, 0.24920072826499984, 0.24193192130758162, 0.47126827161417156, 0.26692835279069171, 0.3032658830293431, 0.18325124297273199, 0.20347206798240358, 0.2319374252315701, 0.11809008451299616], 'fneg': array([0, 0, 0, 0, 0, 0, 0, 0, 0, 0, 0, 0, 0, 0, 0, 0, 0, 0, 0, 0, 0, 0, 0,
       0, 0, 0, 0, 0, 0, 0, 0, 0, 0, 0, 0, 0, 0, 0, 0, 0, 0, 0, 0, 0, 0, 0,
       0, 0, 0, 0, 0, 0, 0, 0, 0, 0, 0, 0, 0, 0, 0, 0, 0]), 'sensitivity': array([1, 1, 1, 1, 1, 1, 1, 1, 1, 1, 1, 1, 1, 1, 1, 1, 1, 1, 1, 1, 1, 1, 1,
       1, 1, 1, 1, 1, 1, 1, 1, 1, 1, 1, 1, 1, 1, 1, 1, 1, 1, 1, 1, 1, 1, 1,
       1, 1, 1, 1, 1, 1, 1, 1, 1, 1, 1, 1, 1, 1, 1, 1, 1]), 'tpos': array([4, 4, 4, 4, 4, 4, 4, 4, 4, 4, 4, 4, 4, 4, 4, 4, 4, 4, 4, 4, 4, 4, 4,
       4, 4, 4, 4, 4, 4, 4, 4, 4, 4, 4, 4, 4, 4, 4, 4, 4, 4, 4, 4, 4, 4, 4,
       4, 4, 4, 4, 4, 4, 4, 4, 4, 4, 4, 4, 4, 4, 4, 4, 4])}, {'specificity': array([0.875, 0.859375, 0.9375, 0.78125, 0.234375, 0.765625, 0.921875,
       0.515625, 0.8125, 0.359375, 0.25, 0.75, 0.578125, 0.703125, 0.5,
       1.0, 0.890625, 0.90625, 0.84375, 0.625, 0.40625, 0.453125, 0.296875,
       0.671875, 0.46875, 0.953125, 0.421875, 0.140625, 0.328125, 0.59375,
       0.15625, 0.609375, 0.28125, 0.828125, 0.96875, 0.984375, 0.796875,
       0.265625, 0.03125, 0.09375, 0.046875, 0.484375, 0.390625, 0.5625,
       0.0625, 0.171875, 0.3125, 0.375, 0.71875, 0.734375, 0.109375,
       0.34375, 0.546875, 0.125, 0.6875, 0.21875, 0.078125, 0.65625,
       0.4375, 0.640625, 0.53125, 0.203125, 0.1875, 0.015625]), 'tneg': array([0, 0, 0, 0, 0, 0, 0, 0, 0, 0, 0, 0, 0, 0, 0, 0, 0, 0, 0, 0, 0, 0, 0,
       0, 0, 0, 0, 0, 0, 0, 0, 0, 0, 0, 0, 0, 0, 0, 0, 0, 0, 0, 0, 0, 0, 0,
       0, 0, 0, 0, 0, 0, 0, 0, 0, 0, 0, 0, 0, 0, 0, 0, 0, 0]), 'fpos': array([13, 13, 13, 13, 13, 13, 13, 13, 13, 13, 13, 13, 13, 13, 13, 13, 13,
       13, 13, 13, 13, 13, 13, 13, 13, 13, 13, 13, 13, 13, 13, 13, 13, 13,
       13, 13, 13, 13, 13, 13, 13, 13, 13, 13, 13, 13, 13, 13, 13, 13, 13,
       13, 13, 13, 13, 13, 13, 13, 13, 13, 13, 13, 13, 13]), 'threshold': [0.55537551319777345, 0.53792725779407025, 0.59896658824522619, 0.41131053378484594, 0.16133458958710906, 0.40768153744659091, 0.57953641404129796, 0.27624959624453743, 0.50710693666102891, 0.20337902749050474, 0.16417320009743852, 0.37349075883622818, 0.30159243450715217, 0.35758282740248293, 0.27381667459656595, 0.91075028435075889, 0.5660941222489978, 0.57652905736358206, 0.53732523729625303, 0.31797835250994133, 0.2213575940539512, 0.25449325289865959, 0.19141937637311232, 0.33970101833625016, 0.25683387163183768, 0.65717450056853555, 0.22579156015250543, 0.14475481954664654, 0.19897106481947999, 0.30416047541825159, 0.14627363224834089, 0.3107594543361884, 0.17211588726252713, 0.50715291154743636, 0.70807149002441816, 0.90685614428697081, 0.48111100671548646, 0.16777616122597808, 0.12228821270870213, 0.13541731623703412, 0.1234677670486438, 0.2653672054692256, 0.22024493009096052, 0.29695669900702032, 0.13331917998145348, 0.14989151878217963, 0.19744735065584548, 0.21425972874335589, 0.35962081127363865, 0.3667126632693089, 0.13640782121208456, 0.20208553822964495, 0.27729075059130026, 0.14466662719304646, 0.35466357134633297, 0.16086881230039879, 0.13538321777196841, 0.32714964932330015, 0.22864597182065177, 0.32098946485128088, 0.27676397685382992, 0.16022591591732829, 0.16019406965178662, 0.10715080727354844], 'fneg': array([0, 0, 0, 0, 0, 0, 0, 0, 0, 0, 0, 0, 0, 0, 0, 0, 0, 0, 0, 0, 0, 0, 0,
       0, 0, 0, 0, 0, 0, 0, 0, 0, 0, 0, 0, 0, 0, 0, 0, 0, 0, 0, 0, 0, 0, 0,
       0, 0, 0, 0, 0, 0, 0, 0, 0, 0, 0, 0, 0, 0, 0, 0, 0, 0]), 'sensitivity': array([1, 1, 1, 1, 1, 1, 1, 1, 1, 1, 1, 1, 1, 1, 1, 1, 1, 1, 1, 1, 1, 1, 1,
       1, 1, 1, 1, 1, 1, 1, 1, 1, 1, 1, 1, 1, 1, 1, 1, 1, 1, 1, 1, 1, 1, 1,
       1, 1, 1, 1, 1, 1, 1, 1, 1, 1, 1, 1, 1, 1, 1, 1, 1, 1]), 'tpos': array([3, 3, 3, 3, 3, 3, 3, 3, 3, 3, 3, 3, 3, 3, 3, 3, 3, 3, 3, 3, 3, 3, 3,
       3, 3, 3, 3, 3, 3, 3, 3, 3, 3, 3, 3, 3, 3, 3, 3, 3, 3, 3, 3, 3, 3, 3,
       3, 3, 3, 3, 3, 3, 3, 3, 3, 3, 3, 3, 3, 3, 3, 3, 3, 3])}, {'specificity': array([0.890625, 0.921875, 0.71875, 0.984375, 0.9375, 0.28125, 0.8125,
       0.78125, 0.09375, 0.625, 0.59375, 0.75, 0.640625, 0.3125, 0.5625,
       0.953125, 0.796875, 0.875, 0.828125, 0.84375, 0.515625, 0.390625,
       0.671875, 0.4375, 0.421875, 0.765625, 0.6875, 0.90625, 0.15625,
       0.125, 0.65625, 0.5, 0.0625, 0.03125, 0.703125, 0.40625, 0.859375,
       0.96875, 1.0, 0.609375, 0.546875, 0.359375, 0.046875, 0.21875,
       0.171875, 0.484375, 0.46875, 0.265625, 0.296875, 0.234375, 0.375,
       0.53125, 0.734375, 0.328125, 0.015625, 0.453125, 0.34375, 0.578125,
       0.109375, 0.1875, 0.25, 0.078125, 0.140625, 0.203125]), 'tneg': array([12, 12, 12, 12, 12,  7, 12, 12,  2, 11, 11, 12, 11,  8, 10, 12, 12,
       12, 12, 12, 10,  9, 11,  9,  9, 12, 11, 12,  5,  4, 11, 10,  1,  0,
       11,  9, 12, 12, 12, 11, 10,  9,  1,  6,  5, 10, 10,  7,  7,  7,  9,
       10, 12,  8,  0, 10,  8, 10,  3,  6,  7,  2,  4,  6]), 'fpos': array([ 0,  0,  0,  0,  0,  5,  0,  0, 10,  1,  1,  0,  1,  4,  2,  0,  0,
        0,  0,  0,  2,  3,  1,  3,  3,  0,  1,  0,  7,  8,  1,  2, 11, 12,
        1,  3,  0,  0,  0,  1,  2,  3, 11,  6,  7,  2,  2,  5,  5,  5,  3,
        2,  0,  4, 12,  2,  4,  2,  9,  6,  5, 10,  8,  6]), 'threshold': [0.5492863651400246, 0.59243619942704906, 0.32979977953903816, 0.78504806836285479, 0.67199637806136647, 0.2222221449134511, 0.46455593907849113, 0.35711219994907362, 0.19180977104266384, 0.28536696734964639, 0.28315039381675888, 0.33679090674037915, 0.29554177935832754, 0.23198006944416122, 0.26637747695640973, 0.68608542745079937, 0.39984953100633247, 0.50435571956952396, 0.47488766401342253, 0.48982669455996286, 0.2605348667476266, 0.23942705440084683, 0.30111142664565815, 0.24250792771677762, 0.24033719460908518, 0.34361639376730413, 0.30872977773361221, 0.59056222569112016, 0.20580486593290928, 0.19747519239943503, 0.29844749949570937, 0.25949092542319124, 0.1825032840187831, 0.15243317309919657, 0.32004267142168313, 0.23951551772942523, 0.50229275915840133, 0.70568478122593903, 0.80133167787907467, 0.28351539225059968, 0.26343329566120588, 0.23771598236278266, 0.18038169178424493, 0.2128815877636846, 0.20669275747550789, 0.25912502276480354, 0.24788004560787091, 0.22215727619418554, 0.22385714361872167, 0.21800594250841474, 0.23846330837841154, 0.26114566050617094, 0.33570438105216704, 0.23602456766552502, 0.15180339466295806, 0.24545159696922764, 0.23695231596622213, 0.27466618398145276, 0.19617066868854097, 0.21170283302611703, 0.21953292410485348, 0.19048144043060072, 0.19892591178528254, 0.21242407650578682], 'fneg': array([4, 4, 2, 4, 4, 1, 4, 3, 1, 2, 2, 2, 2, 1, 2, 4, 4, 4, 4, 4, 1, 1, 2,
       1, 1, 2, 2, 4, 1, 1, 2, 1, 1, 0, 2, 1, 4, 4, 4, 2, 2, 1, 0, 1, 1, 1,
       1, 1, 1, 1, 1, 2, 2, 1, 0, 1, 1, 2, 1, 1, 1, 1, 1, 1]), 'sensitivity': array([1, 1, 1, 1, 1, 1, 1, 1, 1, 1, 1, 1, 1, 1, 1, 1, 1, 1, 1, 1, 1, 1, 1,
       1, 1, 1, 1, 1, 1, 1, 1, 1, 1, 1, 1, 1, 1, 1, 1, 1, 1, 1, 1, 1, 1, 1,
       1, 1, 1, 1, 1, 1, 1, 1, 1, 1, 1, 1, 1, 1, 1, 1, 1, 1]), 'tpos': array([0, 0, 2, 0, 0, 3, 0, 1, 3, 2, 2, 2, 2, 3, 2, 0, 0, 0, 0, 0, 3, 3, 2,
       3, 3, 2, 2, 0, 3, 3, 2, 3, 3, 4, 2, 3, 0, 0, 0, 2, 2, 3, 4, 3, 3, 3,
       3, 3, 3, 3, 3, 2, 2, 3, 4, 3, 3, 2, 3, 3, 3, 3, 3, 3])}, {'specificity': array([0.890625, 0.8125, 1.0, 0.953125, 0.796875, 0.625, 0.265625,
       0.171875, 0.703125, 0.84375, 0.859375, 0.734375, 0.984375, 0.828125,
       0.875, 0.0625, 0.109375, 0.40625, 0.484375, 0.140625, 0.71875,
       0.046875, 0.6875, 0.9375, 0.03125, 0.234375, 0.015625, 0.4375,
       0.28125, 0.328125, 0.25, 0.375, 0.203125, 0.90625, 0.96875,
       0.359375, 0.65625, 0.078125, 0.453125, 0.15625, 0.53125, 0.1875,
       0.5625, 0.421875, 0.671875, 0.34375, 0.765625, 0.921875, 0.390625,
       0.59375, 0.78125, 0.125, 0.21875, 0.609375, 0.515625, 0.640625,
       0.546875, 0.46875, 0.3125, 0.578125, 0.75, 0.5, 0.296875, 0.09375]), 'tneg': array([7, 5, 8, 8, 5, 4, 1, 1, 4, 6, 7, 4, 8, 6, 7, 0, 1, 2, 3, 1, 4, 0, 4,
       8, 0, 1, 0, 2, 1, 1, 1, 2, 1, 7, 8, 1, 4, 1, 3, 1, 3, 1, 3, 2, 4, 1,
       4, 8, 2, 4, 5, 1, 1, 4, 3, 4, 3, 3, 1, 4, 4, 3, 1, 1]), 'fpos': array([1, 3, 0, 0, 3, 4, 7, 7, 4, 2, 1, 4, 0, 2, 1, 8, 7, 6, 5, 7, 4, 8, 4,
       0, 8, 7, 8, 6, 7, 7, 7, 6, 7, 1, 0, 7, 4, 7, 5, 7, 5, 7, 5, 6, 4, 7,
       4, 0, 6, 4, 3, 7, 7, 4, 5, 4, 5, 5, 7, 4, 4, 5, 7, 7]), 'threshold': [0.35911618478088692, 0.29841381796540234, 0.71359718747681755, 0.66473816737525926, 0.28580696920349857, 0.19742084643142985, 0.15377588720117999, 0.15115814020736301, 0.21742978134250982, 0.32656430464262237, 0.33417199353943255, 0.2204579703140058, 0.70713550850024165, 0.30336126655047407, 0.35850548004832511, 0.13807418096919832, 0.14529901358580449, 0.16681674352056214, 0.1770960142268318, 0.15003721004410628, 0.21823978875089775, 0.13694298726033288, 0.20850466424717981, 0.57423461559650346, 0.1356563519445505, 0.15226285245996885, 0.13447110001062854, 0.16985432097695055, 0.15408033970918145, 0.15634436720257405, 0.15295348520359847, 0.16605262367342794, 0.15183197530010431, 0.37234616595942183, 0.70697810712116693, 0.16166751126665002, 0.19931227185666536, 0.14112608363940207, 0.17363409944988201, 0.15062476243870168, 0.18323795854493938, 0.15161387602919085, 0.18601383621939618, 0.1685587650116773, 0.20602599412655168, 0.15693980613608902, 0.23107816014754609, 0.38889460567870165, 0.16636878816549555, 0.19042855861681357, 0.26557523071285927, 0.14685407479982054, 0.1520351296868287, 0.19285827838824371, 0.18200870285774937, 0.19823268055652446, 0.18503687970953139, 0.17540762991766187, 0.15521633519777023, 0.18725961483524331, 0.22064634826970625, 0.17808818704904722, 0.15513319199497747, 0.14244311667538209], 'fneg': array([7, 5, 8, 8, 5, 1, 0, 0, 2, 5, 5, 2, 8, 5, 7, 0, 0, 1, 1, 0, 2, 0, 2,
       8, 0, 0, 0, 1, 0, 0, 0, 1, 0, 7, 8, 1, 1, 0, 1, 0, 1, 0, 1, 1, 2, 0,
       3, 7, 1, 1, 5, 0, 0, 1, 1, 1, 1, 1, 0, 1, 2, 1, 0, 0]), 'sensitivity': array([1, 1, 1, 1, 1, 1, 1, 1, 1, 1, 1, 1, 1, 1, 1, 1, 1, 1, 1, 1, 1, 1, 1,
       1, 1, 1, 1, 1, 1, 1, 1, 1, 1, 1, 1, 1, 1, 1, 1, 1, 1, 1, 1, 1, 1, 1,
       1, 1, 1, 1, 1, 1, 1, 1, 1, 1, 1, 1, 1, 1, 1, 1, 1, 1]), 'tpos': array([1, 3, 0, 0, 3, 7, 8, 8, 6, 3, 3, 6, 0, 3, 1, 8, 8, 7, 7, 8, 6, 8, 6,
       0, 8, 8, 8, 7, 8, 8, 8, 7, 8, 1, 0, 7, 7, 8, 7, 8, 7, 8, 7, 7, 6, 8,
       5, 1, 7, 7, 3, 8, 8, 7, 7, 7, 7, 7, 8, 7, 6, 7, 8, 8])}, {'specificity': array([0.90769231, 0.93846154, 0.78461538, 0.95384615, 0.92307692,
       0.21538462, 0.76923077, 0.89230769, 0.36923077, 0.87692308,
       0.49230769, 0.16923077, 0.83076923, 0.46153846, 0.55384615,
       0.50769231, 0.96923077, 0.75384615, 0.6, 0.86153846, 0.12307692,
       0.44615385, 0.69230769, 0.63076923, 0.56923077, 0.13846154,
       0.66153846, 0.47692308, 0.23076923, 0.061538462, 0.70769231,
       0.32307692, 0.73846154, 0.43076923, 0.015384615, 0.2, 0.98461538,
       1.0, 0.81538462, 0.52307692, 0.046153846, 0.33846154, 0.64615385,
       0.38461538, 0.53846154, 0.092307692, 0.27692308, 0.61538462,
       0.84615385, 0.29230769, 0.18461538, 0.15384615, 0.4, 0.8,
       0.30769231, 0.24615385, 0.67692308, 0.72307692, 0.35384615,
       0.58461538, 0.41538462, 0.076923077, 0.10769231, 0.26153846,
       0.030769231]), 'tneg': array([0, 0, 0, 0, 0, 0, 0, 0, 0, 0, 0, 0, 0, 0, 0, 0, 0, 0, 0, 0, 0, 0, 0,
       0, 0, 0, 0, 0, 0, 0, 0, 0, 0, 0, 0, 0, 0, 0, 0, 0, 0, 0, 0, 0, 0, 0,
       0, 0, 0, 0, 0, 0, 0, 0, 0, 0, 0, 0, 0, 0, 0, 0, 0, 0, 0]), 'fpos': array([10, 10, 10, 10, 10, 10, 10, 10, 10, 10, 10, 10, 10, 10, 10, 10, 10,
       10, 10, 10, 10, 10, 10, 10, 10, 10, 10, 10, 10, 10, 10, 10, 10, 10,
       10, 10, 10, 10, 10, 10, 10, 10, 10, 10, 10, 10, 10, 10, 10, 10, 10,
       10, 10, 10, 10, 10, 10, 10, 10, 10, 10, 10, 10, 10, 10]), 'threshold': [0.86319524375705337, 0.89745515484796501, 0.48588147804682563, 0.91008604118978298, 0.87437704495833535, 0.073875764624232509, 0.46304399510820177, 0.66036017979197514, 0.10855366765142656, 0.65829822392769477, 0.13484478302678946, 0.058565528772044829, 0.52787053626751079, 0.12966788208774155, 0.15449858222532953, 0.13713309047434769, 0.96734626268933266, 0.45785490181919342, 0.20069351150021908, 0.62473848694245293, 0.052476321121041343, 0.12701754095119219, 0.35069153366534583, 0.26828674534407171, 0.17657340080842213, 0.052510662504309823, 0.28743773096179787, 0.13320811137040228, 0.076599504418508144, 0.034226339445346511, 0.35382708427910153, 0.096951195183941838, 0.41862958884161422, 0.12513873793724142, 0.019473590653954608, 0.069756339187177593, 0.96785727438065994, 0.97943032934503571, 0.51504466570596164, 0.13862174403977404, 0.021864658658710595, 0.10357746509748371, 0.26927909572341158, 0.10869626747734623, 0.1533746750888641, 0.047400693092784246, 0.089496589959059389, 0.211408595070844, 0.56029038614385174, 0.092381385579833095, 0.059271832089057855, 0.05362019594368362, 0.11846708886368637, 0.49576539563551192, 0.096763949254105697, 0.077923263500140769, 0.32048240381226339, 0.4043837373787687, 0.10730081688767762, 0.18127630320549235, 0.11919173239308482, 0.043431136721784197, 0.050550114221573336, 0.083703173399698697, 0.021052116441032609], 'fneg': array([0, 0, 0, 0, 0, 0, 0, 0, 0, 0, 0, 0, 0, 0, 0, 0, 0, 0, 0, 0, 0, 0, 0,
       0, 0, 0, 0, 0, 0, 0, 0, 0, 0, 0, 0, 0, 0, 0, 0, 0, 0, 0, 0, 0, 0, 0,
       0, 0, 0, 0, 0, 0, 0, 0, 0, 0, 0, 0, 0, 0, 0, 0, 0, 0, 0]), 'sensitivity': array([1, 1, 1, 1, 1, 1, 1, 1, 1, 1, 1, 1, 1, 1, 1, 1, 1, 1, 1, 1, 1, 1, 1,
       1, 1, 1, 1, 1, 1, 1, 1, 1, 1, 1, 1, 1, 1, 1, 1, 1, 1, 1, 1, 1, 1, 1,
       1, 1, 1, 1, 1, 1, 1, 1, 1, 1, 1, 1, 1, 1, 1, 1, 1, 1, 1]), 'tpos': array([5, 5, 5, 5, 5, 5, 5, 5, 5, 5, 5, 5, 5, 5, 5, 5, 5, 5, 5, 5, 5, 5, 5,
       5, 5, 5, 5, 5, 5, 5, 5, 5, 5, 5, 5, 5, 5, 5, 5, 5, 5, 5, 5, 5, 5, 5,
       5, 5, 5, 5, 5, 5, 5, 5, 5, 5, 5, 5, 5, 5, 5, 5, 5, 5, 5])}], <Model object at 0x0000000000000D60>)
#adalasso
([{'specificity': array([0.921875, 0.9375, 0.59375, 0.90625, 0.875, 0.671875, 0.828125,
       0.578125, 0.625, 0.4375, 0.515625, 0.25, 0.734375, 0.71875,
       0.796875, 0.8125, 0.75, 0.46875, 0.40625, 0.09375, 0.5, 0.703125,
       0.78125, 0.390625, 0.234375, 0.171875, 0.765625, 0.234375, 0.046875,
       0.078125, 0.859375, 0.6875, 0.84375, 0.890625, 0.984375, 1.0,
       0.953125, 0.421875, 0.203125, 0.640625, 0.140625, 0.28125, 0.03125,
       0.34375, 0.546875, 0.328125, 0.359375, 0.015625, 0.265625, 0.1875,
       0.15625, 0.375, 0.5625, 0.3125, 0.484375, 0.3125, 0.609375, 0.53125,
       0.0625, 0.96875, 0.109375, 0.453125, 0.65625, 0.125]), 'tneg': array([15, 15,  9, 15, 15, 11, 15,  9,  9,  6,  8,  3, 12, 12, 15, 15, 13,
        7,  6,  2,  7, 12, 14,  6,  3,  3, 13,  3,  1,  2, 15, 12, 15, 15,
       15, 15, 15,  6,  3,  9,  2,  4,  0,  4,  8,  4,  5,  0,  4,  3,  2,
        6,  8,  4,  7,  4,  9,  8,  1, 15,  2,  7, 10,  2]), 'fpos': array([ 0,  0,  6,  0,  0,  4,  0,  6,  6,  9,  7, 12,  3,  3,  0,  0,  2,
        8,  9, 13,  8,  3,  1,  9, 12, 12,  2, 12, 14, 13,  0,  3,  0,  0,
        0,  0,  0,  9, 12,  6, 13, 11, 15, 11,  7, 11, 10, 15, 11, 12, 13,
        9,  7, 11,  8, 11,  6,  7, 14,  0, 13,  8,  5, 13]), 'threshold': [0.46614645652852016, 0.47425959328046502, 0.26463400531988773, 0.44584718252990579, 0.42919279193050919, 0.27784428460141036, 0.36467621489983493, 0.26289956144841808, 0.27075893825863545, 0.24740536879477817, 0.25932218514574257, 0.23690882199148577, 0.29487443443417882, 0.28816151560301162, 0.34737923822486333, 0.35121261226217471, 0.30537816925106159, 0.25307374376006836, 0.24580584376861689, 0.22861782598225888, 0.25653913408340401, 0.28612205929570383, 0.32548109442886691, 0.24390398755567849, 0.23681593573551482, 0.23217973457014188, 0.30879550291545099, 0.23681593573551482, 0.21361736445347193, 0.22497075478585304, 0.39551002203798197, 0.28398677570962066, 0.37330594876606754, 0.43868262898403809, 0.52014968891599822, 0.52364362256798114, 0.47627025718201554, 0.24585250854831811, 0.2346055975381148, 0.27217585707366354, 0.22963157657009892, 0.23837545081164907, 0.20165574909117381, 0.24135791894021783, 0.26029420697900868, 0.24075737358837482, 0.24241040925166968, 0.1988522334879439, 0.23795889123437505, 0.23424507226613317, 0.2303047099265747, 0.24383067534660599, 0.26155151382055525, 0.24057059862921298, 0.25533683757429643, 0.24057059862921298, 0.26704637140807524, 0.26012177519019775, 0.21857665173250562, 0.49800924295252047, 0.22906562591306065, 0.25050241465751349, 0.27501350670189278, 0.22937784342498685], 'fneg': array([2, 2, 0, 2, 2, 0, 1, 0, 0, 0, 0, 0, 0, 0, 0, 0, 0, 0, 0, 0, 0, 0, 0,
       0, 0, 0, 0, 0, 0, 0, 2, 0, 1, 2, 2, 2, 2, 0, 0, 0, 0, 0, 0, 0, 0, 0,
       0, 0, 0, 0, 0, 0, 0, 0, 0, 0, 0, 0, 0, 2, 0, 0, 0, 0]), 'sensitivity': array([1, 1, 1, 1, 1, 1, 1, 1, 1, 1, 1, 1, 1, 1, 1, 1, 1, 1, 1, 1, 1, 1, 1,
       1, 1, 1, 1, 1, 1, 1, 1, 1, 1, 1, 1, 1, 1, 1, 1, 1, 1, 1, 1, 1, 1, 1,
       1, 1, 1, 1, 1, 1, 1, 1, 1, 1, 1, 1, 1, 1, 1, 1, 1, 1]), 'tpos': array([0, 0, 2, 0, 0, 2, 1, 2, 2, 2, 2, 2, 2, 2, 2, 2, 2, 2, 2, 2, 2, 2, 2,
       2, 2, 2, 2, 2, 2, 2, 0, 2, 1, 0, 0, 0, 0, 2, 2, 2, 2, 2, 2, 2, 2, 2,
       2, 2, 2, 2, 2, 2, 2, 2, 2, 2, 2, 2, 2, 0, 2, 2, 2, 2])}, {'specificity': array([0.70769231, 0.89230769, 0.98461538, 0.84615385, 0.33846154,
       0.43076923, 0.75384615, 0.78461538, 0.56923077, 0.27692308,
       0.69230769, 0.76923077, 0.8, 0.30769231, 0.96923077, 0.86153846,
       0.73846154, 0.81538462, 0.4, 0.2, 0.63076923, 0.50769231,
       0.61538462, 0.18461538, 0.6, 0.87692308, 0.92307692, 0.21538462,
       0.10769231, 0.15384615, 0.64615385, 0.67692308, 0.44615385,
       0.36923077, 0.52307692, 0.23076923, 0.58461538, 0.38461538,
       0.90769231, 0.95384615, 1.0, 0.076923077, 0.83076923, 0.29230769,
       0.030769231, 0.66153846, 0.49230769, 0.46153846, 0.32307692,
       0.16923077, 0.015384615, 0.092307692, 0.53846154, 0.47692308,
       0.72307692, 0.41538462, 0.26153846, 0.12307692, 0.061538462,
       0.24615385, 0.55384615, 0.046153846, 0.93846154, 0.13846154,
       0.35384615]), 'tneg': array([ 9, 12, 13, 11,  3,  3,  9, 10,  7,  3,  9, 10, 11,  3, 13, 12,  9,
       11,  3,  3,  8,  5,  8,  3,  8, 12, 12,  3,  3,  3,  9,  9,  3,  3,
        5,  3,  7,  3, 12, 13, 13,  3, 11,  3,  0,  9,  5,  3,  3,  3,  0,
        3,  6,  4,  9,  3,  3,  3,  3,  3,  7,  0, 13,  3,  3]), 'fpos': array([ 4,  1,  0,  2, 10, 10,  4,  3,  6, 10,  4,  3,  2, 10,  0,  1,  4,
        2, 10, 10,  5,  8,  5, 10,  5,  1,  1, 10, 10, 10,  4,  4, 10, 10,
        8, 10,  6, 10,  1,  0,  0, 10,  2, 10, 13,  4,  8, 10, 10, 10, 13,
       10,  7,  9,  4, 10, 10, 10, 10, 10,  6, 13,  0, 10, 10]), 'threshold': [0.31311016876809472, 0.52772215981157589, 0.73570657900466452, 0.44594979215140146, 0.19324601724101956, 0.20226406330015703, 0.33062568508596646, 0.37956081893593935, 0.22609496932447598, 0.18983415589336658, 0.31062169056418759, 0.37041269310202901, 0.3974166767650732, 0.19224791190602825, 0.67263959566192222, 0.46168464033011908, 0.32534591389164697, 0.41703416343630856, 0.19908498113436871, 0.18782493528976832, 0.26927194252549108, 0.21318689370736824, 0.2378557624540974, 0.18771715591258362, 0.23447982457223007, 0.50300848347208227, 0.54298109094112712, 0.18845351632508522, 0.1828421008225701, 0.18581778345957206, 0.27657131347763647, 0.2788824249133478, 0.20306283770469466, 0.19550681534729358, 0.21689083679051094, 0.18862865359139971, 0.23054833022216109, 0.19688525389568895, 0.53559242891703396, 0.62261345654252542, 0.81420218647666809, 0.18184785628788955, 0.43065698770621197, 0.19191043202990255, 0.16817653173635772, 0.27862949312663776, 0.21306386694548948, 0.20420747079026236, 0.19262222609272972, 0.18690739522883426, 0.16700869913207797, 0.18196283076955022, 0.22442558342488037, 0.20727121512328911, 0.31747713234293107, 0.20121452533203571, 0.18969022343535352, 0.18290335708614958, 0.18176618121927793, 0.1895818668334224, 0.22544379734959008, 0.17706392770271343, 0.55225993604264012, 0.18553282993745374, 0.19396700447819851], 'fneg': array([2, 2, 2, 2, 1, 2, 2, 2, 2, 1, 2, 2, 2, 1, 2, 2, 2, 2, 2, 1, 2, 2, 2,
       1, 2, 2, 2, 1, 0, 0, 2, 2, 2, 1, 2, 1, 2, 1, 2, 2, 3, 0, 2, 1, 0, 2,
       2, 2, 1, 0, 0, 0, 2, 2, 2, 2, 1, 0, 0, 1, 2, 0, 2, 0, 1]), 'sensitivity': array([1, 1, 1, 1, 1, 1, 1, 1, 1, 1, 1, 1, 1, 1, 1, 1, 1, 1, 1, 1, 1, 1, 1,
       1, 1, 1, 1, 1, 1, 1, 1, 1, 1, 1, 1, 1, 1, 1, 1, 1, 1, 1, 1, 1, 1, 1,
       1, 1, 1, 1, 1, 1, 1, 1, 1, 1, 1, 1, 1, 1, 1, 1, 1, 1, 1]), 'tpos': array([1, 1, 1, 1, 2, 1, 1, 1, 1, 2, 1, 1, 1, 2, 1, 1, 1, 1, 1, 2, 1, 1, 1,
       2, 1, 1, 1, 2, 3, 3, 1, 1, 1, 2, 1, 2, 1, 2, 1, 1, 0, 3, 1, 2, 3, 1,
       1, 1, 2, 3, 3, 3, 1, 1, 1, 1, 2, 3, 3, 2, 1, 3, 1, 3, 2])}, {'specificity': array([0.86153846, 0.87692308, 0.98461538, 0.2, 0.49230769, 0.83076923,
       0.44615385, 0.75384615, 0.55384615, 0.12307692, 0.95384615, 0.8,
       0.76923077, 0.24615385, 0.076923077, 0.64615385, 0.4, 0.29230769,
       0.27692308, 0.18461538, 0.53846154, 0.93846154, 0.46153846,
       0.092307692, 0.56923077, 0.32307692, 0.50769231, 0.16923077,
       0.38461538, 0.78461538, 0.36923077, 0.33846154, 0.90769231,
       0.84615385, 0.92307692, 0.96923077, 1.0, 0.15384615, 0.66153846,
       0.61538462, 0.52307692, 0.030769231, 0.63076923, 0.26153846,
       0.21538462, 0.47692308, 0.67692308, 0.73846154, 0.69230769,
       0.81538462, 0.41538462, 0.58461538, 0.30769231, 0.43076923,
       0.72307692, 0.6, 0.061538462, 0.10769231, 0.35384615, 0.70769231,
       0.89230769, 0.23076923, 0.13846154, 0.046153846, 0.030769231]), 'tneg': array([8, 8, 8, 3, 6, 7, 6, 6, 6, 0, 8, 7, 7, 3, 0, 6, 5, 3, 3, 3, 6, 8, 6,
       0, 6, 3, 6, 1, 5, 7, 5, 4, 8, 8, 8, 8, 8, 1, 6, 6, 6, 0, 6, 3, 3, 6,
       6, 6, 6, 7, 5, 6, 3, 5, 6, 6, 0, 0, 4, 6, 8, 3, 0, 0, 0]), 'fpos': array([0, 0, 0, 5, 2, 1, 2, 2, 2, 8, 0, 1, 1, 5, 8, 2, 3, 5, 5, 5, 2, 0, 2,
       8, 2, 5, 2, 7, 3, 1, 3, 4, 0, 0, 0, 0, 0, 7, 2, 2, 2, 8, 2, 5, 5, 2,
       2, 2, 2, 1, 3, 2, 5, 3, 2, 2, 8, 8, 4, 2, 0, 5, 8, 8, 8]), 'threshold': [0.32576462504646431, 0.32685266757105591, 0.46157473190048831, 0.15661567461095149, 0.18051140169486551, 0.27768255781068829, 0.17465853660001784, 0.22369367625963935, 0.18205231885479498, 0.15471398804151501, 0.4290025661357128, 0.24916021020785101, 0.23474539464125543, 0.15905397036163615, 0.15396851267524453, 0.19410594875541956, 0.171767530304029, 0.16407704554054012, 0.16286797670252509, 0.15640107726813349, 0.18191402821145264, 0.38156242900279291, 0.1754686233730221, 0.15435995551146867, 0.18820296363373826, 0.16608982805760506, 0.18080619028756592, 0.15599774347018305, 0.1714094266389054, 0.24416572433230524, 0.16974345178169373, 0.16689167257949922, 0.35528885159884627, 0.31295141962265433, 0.36336550194912093, 0.45703886247710956, 0.49662895887843422, 0.15582999188460034, 0.20128635661510813, 0.1904889957554437, 0.18188419571930722, 0.15360452235448877, 0.19118765629501225, 0.16230225700918494, 0.15815483900969141, 0.17560534618983281, 0.2026948332835837, 0.22033224520508932, 0.2029318425240747, 0.25698617126918233, 0.17203887540177643, 0.18893869800027663, 0.16533186350335347, 0.17232567489095613, 0.20620815062291453, 0.18918534641905038, 0.15361868210870194, 0.15462213750009232, 0.16797928607091459, 0.20528304367904721, 0.33456157361245981, 0.15830267309328011, 0.15512122421422447, 0.15361225888312771, 0.15360452235448877], 'fneg': array([8, 8, 8, 0, 2, 7, 1, 4, 2, 0, 8, 6, 6, 1, 0, 2, 1, 1, 1, 0, 2, 8, 2,
       0, 2, 1, 2, 0, 1, 6, 1, 1, 8, 7, 8, 8, 8, 0, 3, 2, 2, 0, 2, 1, 1, 2,
       3, 4, 3, 6, 1, 2, 1, 1, 4, 2, 0, 0, 1, 4, 8, 1, 0, 0, 0]), 'sensitivity': array([1, 1, 1, 1, 1, 1, 1, 1, 1, 1, 1, 1, 1, 1, 1, 1, 1, 1, 1, 1, 1, 1, 1,
       1, 1, 1, 1, 1, 1, 1, 1, 1, 1, 1, 1, 1, 1, 1, 1, 1, 1, 1, 1, 1, 1, 1,
       1, 1, 1, 1, 1, 1, 1, 1, 1, 1, 1, 1, 1, 1, 1, 1, 1, 1, 1]), 'tpos': array([0, 0, 0, 8, 6, 1, 7, 4, 6, 8, 0, 2, 2, 7, 8, 6, 7, 7, 7, 8, 6, 0, 6,
       8, 6, 7, 6, 8, 7, 2, 7, 7, 0, 1, 0, 0, 0, 8, 5, 6, 6, 8, 6, 7, 7, 6,
       5, 4, 5, 2, 7, 6, 7, 7, 4, 6, 8, 8, 7, 4, 0, 7, 8, 8, 8])}, {'specificity': array([0.84615385, 0.89230769, 0.78461538, 0.93846154, 0.56923077,
       0.29230769, 0.8, 0.49230769, 0.35384615, 0.76923077, 0.61538462,
       0.73846154, 0.63076923, 0.92307692, 0.70769231, 0.83076923,
       0.46153846, 0.36923077, 0.69230769, 0.38461538, 0.52307692,
       0.81538462, 0.87692308, 0.12307692, 0.18461538, 0.15384615,
       0.32307692, 0.41538462, 0.72307692, 0.55384615, 0.58461538, 0.2,
       0.75384615, 0.66153846, 0.86153846, 0.90769231, 0.96923077,
       0.98461538, 1.0, 0.16923077, 0.046153846, 0.64615385, 0.10769231,
       0.50769231, 0.47692308, 0.24615385, 0.6, 0.015384615, 0.44615385,
       0.67692308, 0.33846154, 0.26153846, 0.4, 0.13846154, 0.21538462,
       0.076923077, 0.23076923, 0.53846154, 0.30769231, 0.030769231,
       0.95384615, 0.092307692, 0.27692308, 0.43076923, 0.061538462]), 'tneg': array([11, 11, 11, 11,  9,  5, 11,  8,  6, 10, 10, 10, 10, 11, 10, 11,  7,
        6, 10,  6,  9, 11, 11,  3,  3,  3,  5,  7, 10,  9,  9,  3, 10, 10,
       11, 11, 11, 11, 11,  3,  2, 10,  2,  8,  8,  5, 10,  0,  7, 10,  6,
        5,  7,  3,  5,  2,  5,  9,  5,  0, 11,  2,  5,  7,  2]), 'fpos': array([ 0,  0,  0,  0,  2,  6,  0,  3,  5,  1,  1,  1,  1,  0,  1,  0,  4,
        5,  1,  5,  2,  0,  0,  8,  8,  8,  6,  4,  1,  2,  2,  8,  1,  1,
        0,  0,  0,  0,  0,  8,  9,  1,  9,  3,  3,  6,  1, 11,  4,  1,  5,
        6,  4,  8,  6,  9,  6,  2,  6, 11,  0,  9,  6,  4,  9]), 'threshold': [0.40823107590530638, 0.51727074204171186, 0.27333460579141095, 0.56637299179003664, 0.17713350046856372, 0.14177074819227639, 0.29691367043788214, 0.168792853282101, 0.1494003417060972, 0.25187920755858578, 0.18821920797840358, 0.23827594605748917, 0.18829620962521451, 0.56266272542529783, 0.22310717962839421, 0.32536338244054908, 0.15943071056591759, 0.15037824422781371, 0.21115742581777375, 0.15090572218298604, 0.17375067613234391, 0.29988911754426478, 0.47890165119311912, 0.12368494299513706, 0.13136365887295354, 0.12708597076790257, 0.14670501372743994, 0.15390847172259711, 0.23432490351679411, 0.17639564063864274, 0.17870887011036571, 0.13179761459196041, 0.2499670559245688, 0.20087326110558118, 0.41438076441361033, 0.54551045473442961, 0.67342722228090901, 0.69524159113391482, 0.69720873003607442, 0.12765310582027772, 0.11139800014578742, 0.19845228931545497, 0.11780755516982655, 0.17083057401559909, 0.16676906405551575, 0.13593427761942573, 0.18124503007509338, 0.083972100324716997, 0.15763935117580941, 0.20883430330252753, 0.14929526640649812, 0.13617310256908663, 0.15343592268020964, 0.12413928479664034, 0.13371136137148884, 0.11589687749400955, 0.13430972853524756, 0.17636695086917631, 0.14448179756952165, 0.088670717415024095, 0.5764144329217703, 0.11726559611260869, 0.13676923963551538, 0.15422567944507626, 0.11270207142761224], 'fneg': array([4, 4, 4, 4, 2, 2, 4, 2, 2, 3, 2, 3, 2, 4, 3, 4, 2, 2, 2, 2, 2, 4, 4,
       1, 1, 1, 2, 2, 3, 2, 2, 1, 3, 2, 4, 4, 5, 5, 5, 1, 1, 2, 1, 2, 2, 2,
       2, 0, 2, 2, 2, 2, 2, 1, 2, 1, 2, 2, 2, 0, 4, 1, 2, 2, 1]), 'sensitivity': array([1, 1, 1, 1, 1, 1, 1, 1, 1, 1, 1, 1, 1, 1, 1, 1, 1, 1, 1, 1, 1, 1, 1,
       1, 1, 1, 1, 1, 1, 1, 1, 1, 1, 1, 1, 1, 1, 1, 1, 1, 1, 1, 1, 1, 1, 1,
       1, 1, 1, 1, 1, 1, 1, 1, 1, 1, 1, 1, 1, 1, 1, 1, 1, 1, 1]), 'tpos': array([1, 1, 1, 1, 3, 3, 1, 3, 3, 2, 3, 2, 3, 1, 2, 1, 3, 3, 3, 3, 3, 1, 1,
       4, 4, 4, 3, 3, 2, 3, 3, 4, 2, 3, 1, 1, 0, 0, 0, 4, 4, 3, 4, 3, 3, 3,
       3, 5, 3, 3, 3, 3, 3, 4, 3, 4, 3, 3, 3, 5, 1, 4, 3, 3, 4])}, {'specificity': array([0.86153846, 0.55384615, 0.98461538, 0.96923077, 0.38461538,
       0.67692308, 0.83076923, 0.90769231, 0.73846154, 0.46153846,
       0.46153846, 0.72307692, 0.78461538, 0.64615385, 0.95384615,
       0.76923077, 0.92307692, 0.81538462, 0.38461538, 0.55384615,
       0.50769231, 0.38461538, 0.38461538, 0.89230769, 0.93846154,
       0.46153846, 0.38461538, 0.87692308, 0.38461538, 0.38461538,
       0.38461538, 0.55384615, 0.38461538, 0.63076923, 0.70769231,
       0.46153846, 0.76923077, 1.0, 0.70769231, 0.38461538, 0.61538462,
       0.61538462, 0.38461538, 0.38461538, 0.38461538, 0.38461538,
       0.46153846, 0.47692308, 0.38461538, 0.38461538, 0.38461538,
       0.61538462, 0.38461538, 0.61538462, 0.66153846, 0.38461538,
       0.38461538, 0.38461538, 0.38461538, 0.38461538, 0.38461538, 0.8,
       0.86153846, 0.49230769, 0.38461538]), 'tneg': array([10,  7, 11, 11,  0,  8, 10, 10,  9,  5,  5,  9, 10,  7, 11,  9, 10,
       10,  0,  7,  6,  0,  0, 10, 10,  5,  0, 10,  0,  0,  0,  7,  0,  7,
        9,  5,  9, 11,  9,  0,  7,  7,  0,  0,  0,  0,  5,  5,  0,  0,  0,
        7,  0,  7,  7,  0,  0,  0,  0,  0,  0, 10, 10,  5,  0]), 'fpos': array([ 2,  5,  1,  1, 12,  4,  2,  2,  3,  7,  7,  3,  2,  5,  1,  3,  2,
        2, 12,  5,  6, 12, 12,  2,  2,  7, 12,  2, 12, 12, 12,  5, 12,  5,
        3,  7,  3,  1,  3, 12,  5,  5, 12, 12, 12, 12,  7,  7, 12, 12, 12,
        5, 12,  5,  5, 12, 12, 12, 12, 12, 12,  2,  2,  7, 12]), 'threshold': [0.33047372151202098, 0.20898283764755873, 0.70592014592989805, 0.6979139679324301, 0.19863532401662021, 0.24708454464161586, 0.32206237177058328, 0.47339260778491049, 0.28958977584029894, 0.20067355897198516, 0.20067355897198516, 0.28697265783027298, 0.29752523442905193, 0.23541192616561169, 0.6952179349865325, 0.29486616757641454, 0.48294077119172207, 0.31928368210497615, 0.19863532401662021, 0.20898283764755873, 0.20688204930513579, 0.19863532401662021, 0.19863532401662021, 0.36517420609712775, 0.52118824201637037, 0.20067355897198516, 0.19863532401662021, 0.35052004242725082, 0.19863532401662021, 0.19863532401662021, 0.19863532401662021, 0.20898283764755873, 0.19863532401662021, 0.21754253920940217, 0.27664696138508049, 0.20067355897198516, 0.29486616757641454, 0.77207268350527103, 0.27664696138508049, 0.19863532401662021, 0.21537913363422426, 0.21537913363422426, 0.19863532401662021, 0.19863532401662021, 0.19863532401662021, 0.19863532401662021, 0.20067355897198516, 0.20272741768723859, 0.19863532401662021, 0.19863532401662021, 0.19863532401662021, 0.21537913363422426, 0.19863532401662021, 0.21537913363422426, 0.24471923554279018, 0.19863532401662021, 0.19863532401662021, 0.19863532401662021, 0.19863532401662021, 0.19863532401662021, 0.19863532401662021, 0.31376478102980287, 0.33047372151202098, 0.20479691148683873, 0.19863532401662021], 'fneg': array([4, 0, 4, 4, 0, 2, 4, 4, 2, 0, 0, 2, 2, 2, 4, 2, 4, 4, 0, 0, 0, 0, 0,
       4, 4, 0, 0, 4, 0, 0, 0, 0, 0, 1, 2, 0, 2, 4, 2, 0, 1, 1, 0, 0, 0, 0,
       0, 0, 0, 0, 0, 1, 0, 1, 2, 0, 0, 0, 0, 0, 0, 2, 4, 0, 0]), 'sensitivity': array([1, 1, 1, 1, 1, 1, 1, 1, 1, 1, 1, 1, 1, 1, 1, 1, 1, 1, 1, 1, 1, 1, 1,
       1, 1, 1, 1, 1, 1, 1, 1, 1, 1, 1, 1, 1, 1, 1, 1, 1, 1, 1, 1, 1, 1, 1,
       1, 1, 1, 1, 1, 1, 1, 1, 1, 1, 1, 1, 1, 1, 1, 1, 1, 1, 1]), 'tpos': array([0, 4, 0, 0, 4, 2, 0, 0, 2, 4, 4, 2, 2, 2, 0, 2, 0, 0, 4, 4, 4, 4, 4,
       0, 0, 4, 4, 0, 4, 4, 4, 4, 4, 3, 2, 4, 2, 0, 2, 4, 3, 3, 4, 4, 4, 4,
       4, 4, 4, 4, 4, 3, 4, 3, 2, 4, 4, 4, 4, 4, 4, 2, 0, 4, 4])}], <Model object at 0x000000000000108C>)
