# fold = 1
# threshold = 1.86832522027
# requested specificity = 0.589743589744
# actual training-set specificity = 0.612244897959
# tpos = 0
# tneg = 14
# fpos = 1
# fneg = 6
# raw predictions:
[1.8451529 1.6750346 1.8294507 1.7942324 1.7684374 1.7968929 1.81238
 1.8080108 1.849133 1.8073841 1.7930268 1.7789791 1.6647233 1.8004973
 1.8009391 1.697367 1.7973569 1.8408669 1.8321153 1.8113088 1.8745015]
# truth:
[2.5375673 2.5627685 2.0297895 1.8920946 2.1580608 2.2367891 2.6134189
 2.1664301 1.6042261 2.512551 1.6009729 1.8469553 3.3837436 1.6884198
 1.3710679 2.3583156 2.1598678 1.948413 1.9703469 2.6887757 1.0374265]
# fold = 2
# threshold = 1.93754053191
# requested specificity = 0.627906976744
# actual training-set specificity = 0.64
# tpos = 2
# tneg = 9
# fpos = 5
# fneg = 4
# raw predictions:
[1.8099653 2.0394479 1.812967 2.0639732 2.0897143 2.1768422 1.8980055
 1.9820458 1.7500833 1.7967242 1.7752999 1.9145921 1.9605404 1.816612
 1.8243008 1.8170602 1.978019 1.6917415 1.9059747 1.9304363]
# truth:
[0.30103 2.5880475 3.3837436 1.1643529 1.8709888 3.3837436 2.2671717
 2.0318123 2.4637437 1.3483049 2.2355284 3.3837436 1.6866363 1.8000294
 0.30103 1.5786392 2.0406023 2.5161386 0.70757018 1.666518]
# fold = 3
# threshold = 2.11415701534
# requested specificity = 0.829268292683
# actual training-set specificity = 0.84
# tpos = 2
# tneg = 15
# fpos = 1
# fneg = 2
# raw predictions:
[1.9560144 2.2120677 2.1729655 1.984979 1.9344652 1.7725309 1.993172
 1.7085395 1.7245883 1.9212867 2.0994307 2.0847831 2.0106878 2.4839678
 1.6994711 1.7489583 1.9233581 1.8711145 1.8073886 1.8023406]
# truth:
[2.5366847 2.286681 3.3837436 1.376577 1.1172713 2.8121108 2.1804126
 1.6532125 1.1430148 1.3031961 2.3398488 1.3961993 2.0338257 2.7136585
 1.4593925 1.9020029 2.2000293 1.1643529 0.49136169 0.0]
# fold = 4
# threshold = 2.08950937403
# requested specificity = 0.810810810811
# actual training-set specificity = 0.816326530612
# tpos = 0
# tneg = 15
# fpos = 0
# fneg = 5
# raw predictions:
[-30.237342 -106.3605 -114.5425 -116.14649 -20.025117 -157.83546 -146.95685
 -112.73174 -102.69641 -78.181944 -43.619773 -60.326878 -135.19078
 -22.082959 -20.783423 -25.076054 -20.733488 -5.5218827 -36.261226
 -29.507274]
# truth:
[2.5779511 1.5717088 2.4350476 3.3837436 2.4834446 1.5263393 1.687529
 1.3579348 1.382017 2.2796669 1.7024305 2.9914033 2.0674428 1.9355073
 1.4712917 0.61278386 1.39794 1.9355073 1.1271048 2.1525941]
# fold = 5
# threshold = 1.96711722682
# requested specificity = 0.813953488372
# actual training-set specificity = 0.836734693878
# tpos = 3
# tneg = 10
# fpos = 4
# fneg = 2
# raw predictions:
[1.9663071 1.9380582 1.9417373 1.9787744 1.8674039 1.894815 1.9157802
 1.8876828 2.0197862 1.9203389 1.9495219 1.9743969 2.001136 1.9965612
 1.8660767 1.8804451 1.9926051 1.9921181 1.9427873]
# truth:
[3.2980448 1.7767012 1.8469553 3.3837436 2.2000293 1.3384565 0.79934055
 1.5024271 2.7567882 3.3837436 2.1027766 2.1433271 2.3380579 2.6190933
 0.30103 2.1195858 1.5024271 1.6928469 1.5263393]
# fold = overall performance
# Area under ROC curve = 0.591995841996
# tpos = 7
# tneg = 63
# fpos = 11
# fneg = 19
