# fold = 1
# threshold = 0.350445550583
# requested specificity = 0.9
# actual training-set specificity = 0.916666666667
# tpos = 2
# tneg = 12
# fpos = 2
# fneg = 5
# raw predictions:
[0.297939899111 0.47378035988 0.406911404959 0.314636566991 0.119987009594
 0.148595032863 0.17077108504 0.135520258869 0.242457342674 0.143096197212
 0.284068975972 0.159102909811 0.707141473483 0.18622379465 0.0894904512869
 0.171941031713 0.275271240694 0.0809281551997 0.189797724411
 0.927275906629 0.0659356910237]
# truth:
[2.5366847 2.5375673 2.286681 3.2980448 1.7767012 1.376577 1.8469553
 2.1664301 2.1804126 1.6042261 1.7024305 1.3961993 2.9914033 1.4593925
 2.2355284 3.3837436 2.6190933 0.30103 2.6887757 2.1525941 0.0]
# fold = 2
# threshold = 0.341174097955
# requested specificity = 0.969230769231
# actual training-set specificity = 0.983606557377
# tpos = 1
# tneg = 12
# fpos = 1
# fneg = 6
# raw predictions:
[0.292096442466 0.251019611618 0.234047197078 0.25860405804 0.266897192274
 0.198666826283 0.171641123894 0.152724366563 0.378271830172 0.647265527668
 0.226416164571 0.151712765501 0.235218477942 0.146543641813 0.266564963089
 0.2041559222 0.153010020613 0.145178836321 0.173310702283 0.154697925941]
# truth:
[2.5779511 2.5880475 2.5627685 2.0297895 1.1643529 1.382017 1.6009729
 2.4637437 2.0338257 2.7567882 3.3837436 2.2000293 2.1027766 1.4712917
 2.3380579 0.30103 1.9703469 2.5161386 1.1271048 1.5024271]
# fold = 3
# threshold = 0.214271956496
# requested specificity = 0.707692307692
# actual training-set specificity = 0.728813559322
# tpos = 4
# tneg = 10
# fpos = 5
# fneg = 1
# raw predictions:
[0.530521562273 0.193574239572 0.279133497607 0.338905317986 0.331693268097
 0.238262978758 0.180800695253 0.233363855777 0.391716860732 0.175575181684
 0.175623585991 0.170082688991 0.190827968831 0.459401753882 0.151310741637
 0.163438769037 0.188150955624 0.282104661554 0.181393164046 0.177639544361]
# truth:
[3.3837436 3.3837436 2.1580608 1.5263393 2.6134189 2.2000293 1.6532125
 1.8709888 3.3837436 1.687529 1.1430148 1.5024271 1.3031961 2.7136585
 1.9020029 0.61278386 1.6866363 1.948413 2.0406023 1.0374265]
# fold = 4
# threshold = 0.214347325931
# requested specificity = 0.671875
# actual training-set specificity = 0.677966101695
# tpos = 3
# tneg = 8
# fpos = 7
# fneg = 2
# raw predictions:
[0.109856691618 0.282309510501 0.245163391407 0.177634026753 0.568003579198
 0.162686556869 0.108065468848 0.298869029382 0.354102763175 0.227800625791
 0.251215971647 0.0857417181246 0.191323426542 0.265030526915
 0.174772589696 0.453098384023 0.166281441639 0.119659910056 0.258590372226
 0.211410917705]
# truth:
[1.5717088 3.3837436 1.8920946 2.4834446 3.3837436 2.8121108 1.3384565
 2.512551 2.2671717 1.8469553 1.6884198 1.3483049 1.3710679 2.1598678
 1.39794 1.9355073 2.1195858 0.70757018 1.666518 1.5263393]
# fold = 5
# threshold = 0.282157959811
# requested specificity = 0.892307692308
# actual training-set specificity = 0.894736842105
# tpos = 1
# tneg = 15
# fpos = 2
# fneg = 1
# raw predictions:
[0.30923785648 0.195785477207 0.154294912428 0.551666625528 0.149011000667
 0.114211489776 0.210574711897 0.18688512455 0.12078645779 0.947728853006
 0.181602132405 0.246822244395 0.13397863391 0.199251258319 0.254586066488
 0.166896527659 0.147924135477 0.165733445532 0.225467082055]
# truth:
[2.4350476 0.30103 1.1172713 2.2367891 0.79934055 1.3579348 2.2796669
 2.3398488 2.0318123 2.0674428 3.3837436 2.3583156 1.9355073 2.1433271
 1.8000294 1.5786392 1.1643529 0.49136169 1.6928469]
# fold = overall performance
# Area under ROC curve = 0
# tpos = 11
# tneg = 57
# fpos = 17
# fneg = 15
