# fold = 1
# threshold = 2.62387610957
# requested specificity = 1.0
# actual training-set specificity = 1.0
# tpos = 0
# tneg = 13
# fpos = 0
# fneg = 8
# raw predictions:
[1.860279 1.8535358 1.7588201 1.7663782 1.7116627 1.6649266 1.7775583
 1.6965121 2.1883487 2.3267824 1.9097857 1.7123517 1.7163085 1.7442169
 1.9146206 1.6723183 2.0150864 1.883311 1.7026292 1.7307502 1.7742504]
# truth:
[2.5779511 2.4350476 1.1172713 2.2000293 1.687529 1.3579348 1.5024271
 1.3031961 2.7136585 2.7567882 3.3837436 2.2355284 3.3837436 2.1027766
 2.1433271 0.61278386 1.948413 2.6887757 1.0374265 2.5161386 1.5024271]
# fold = 2
# threshold = 1.72601564877
# requested specificity = 0.0238095238095
# actual training-set specificity = 0.0612244897959
# tpos = 3
# tneg = 0
# fpos = 17
# fneg = 0
# raw predictions:
[1.9743586 1.8660377 1.8227818 1.9915503 1.9336927 1.8028816 1.9124484
 1.9006477 1.8644627 1.9209062 1.9915748 1.8874707 1.8126908 1.8543633
 1.8675415 1.8425763 1.8046958 1.7521093 1.8305277 1.9033932]
# truth:
[2.5366847 1.7767012 1.5717088 2.5880475 1.8920946 2.1664301 2.1804126
 1.6042261 1.7024305 1.3961993 2.0338257 3.3837436 2.2000293 2.1598678
 1.39794 0.30103 1.9703469 2.0406023 1.666518 1.6928469]
# fold = 3
# threshold = 2.05660734794
# requested specificity = 0.846153846154
# actual training-set specificity = 0.857142857143
# tpos = 1
# tneg = 14
# fpos = 2
# fneg = 3
# raw predictions:
[1.9871221 1.9365348 2.0002398 2.01945 2.0586366 1.9847239 1.9117276
 1.9654781 1.916689 2.0634039 1.988234 2.0529189 1.9167517 1.9463887
 1.9741598 2.015523 1.9310424 2.0743854 1.9911339 1.9755172]
# truth:
[2.5375673 0.30103 1.376577 1.8469553 2.1580608 1.5263393 2.8121108
 0.79934055 1.6532125 3.3837436 2.4637437 1.8469553 1.4593925 1.3483049
 1.1643529 1.9355073 2.1195858 2.1525941 1.5263393 0.0]
# fold = 4
# threshold = 2.10493523358
# requested specificity = 0.951219512195
# actual training-set specificity = 0.96
# tpos = 3
# tneg = 12
# fpos = 2
# fneg = 3
# raw predictions:
[2.4496665 2.0244568 2.0312759 1.8769307 1.8613698 2.3641454 2.2452948
 1.9315935 1.9419167 1.9336022 1.8732124 1.9147998 1.8105232 2.6071726
 1.8008321 1.7586307 2.0869432 2.1459137 1.7528461 1.8244832]
# truth:
[3.3837436 2.5627685 2.0297895 3.3837436 2.4834446 3.3837436 2.2367891
 1.1643529 1.382017 2.2671717 2.2796669 1.6009729 2.0318123 2.0674428
 1.3710679 1.9020029 2.3380579 2.6190933 0.30103 0.49136169]
