# fold = 1
# threshold = 2.54310605382
# requested specificity = 0.80487804878
# actual training-set specificity = 0.8
# tpos = 0
# tneg = 11
# fpos = 0
# fneg = 10
# raw predictions:
[1.8540267 1.7762997 1.8072723 1.9930699 1.8395137 1.9542313 1.6069061
 1.6445655 1.7545709 2.1721038 1.8874571 1.8813118 1.9057353 1.6689932
 1.7129019 1.9627488 1.710166 1.8538906 1.7537795 1.7039233 1.9444898]
# truth:
[2.5779511 2.4350476 2.0297895 2.2367891 2.6134189 3.3837436 1.3579348
 2.0318123 2.4637437 2.7567882 1.8469553 3.3837436 1.6884198 1.9020029
 3.3837436 2.6190933 1.39794 2.6887757 1.1643529 2.1195858 1.1271048]
# fold = 2
# threshold = 2.57164583986
# requested specificity = 0.804347826087
# actual training-set specificity = 0.796610169492
# tpos = 0
# tneg = 15
# fpos = 1
# fneg = 4
# raw predictions:
[2.4567007 1.8654053 1.8820981 1.8665089 2.2794128 1.7669653 1.8778483
 1.8540929 1.9788266 1.9005363 1.7582425 1.7554793 2.9780853 1.7920003
 1.9674006 1.8683887 1.8417825 2.1583715 1.9404406 1.8676908]
# truth:
[3.2980448 1.5717088 0.30103 2.4834446 2.1580608 2.2000293 2.8121108
 1.3384565 1.1643529 0.79934055 1.6532125 1.1430148 2.0674428 1.3483049
 3.3837436 2.1027766 2.1598678 2.3380579 0.30103 1.9355073]
# fold = 3
# threshold = 6.16609151089
# requested specificity = 0.807692307692
# actual training-set specificity = 0.807692307692
# tpos = 0
# tneg = 17
# fpos = 0
# fneg = 3
# raw predictions:
[-935.32223 -467.73982 -130.35362 -811.31759 -1415.9134 -888.92454
 -528.24817 -323.57054 -229.08607 -316.84391 -138.99948 -102.50282
 -78.071481 -53.024154 -31.21694 -28.645818 -320.08774 -284.48342
 -131.22007 -112.84779]
# truth:
[3.3837436 1.1172713 1.8469553 1.5263393 2.1804126 1.6042261 1.382017
 1.5024271 1.7024305 2.9914033 2.3583156 1.6866363 1.8000294 1.9703469
 2.5161386 0.70757018 1.666518 0.49136169 1.5024271 1.6928469]
# fold = 4
# threshold = 2.56738793154
# requested specificity = 0.803921568627
# actual training-set specificity = 0.795918367347
# tpos = 0
# tneg = 16
# fpos = 0
# fneg = 4
# raw predictions:
[1.9488509 1.9671834 1.8463428 2.0748856 1.9713156 2.1594353 1.7239121
 1.8847198 2.0196481 2.0480619 2.0100978 1.8333577 1.9087307 1.936764
 1.8836644 1.9016425 1.8591111 1.7883528 1.8109328 1.9789264]
# truth:
[2.5366847 1.7767012 3.3837436 3.3837436 1.8709888 2.512551 1.687529
 1.3031961 1.6009729 1.3961993 2.0338257 1.4593925 2.2355284 1.3710679
 1.9355073 0.61278386 1.5786392 0.30103 2.0406023 1.5263393]
# fold = 5
# threshold = 2.53899409247
# requested specificity = 0.804347826087
# actual training-set specificity = 0.806451612903
# tpos = 0
# tneg = 14
# fpos = 0
# fneg = 5
# raw predictions:
[2.0382351 2.0062918 1.9337494 1.8212638 1.8267374 1.8737142 1.7749694
 1.7818062 1.8790557 1.9041724 1.7225675 2.3123883 1.7447691 1.6767709
 1.8046371 1.8004175 1.8015772 2.163224 1.9191795]
# truth:
[2.5375673 2.286681 2.5880475 1.376577 2.5627685 1.8920946 3.3837436
 2.1664301 2.2671717 2.2796669 2.3398488 2.7136585 2.2000293 1.4712917
 2.1433271 1.948413 1.0374265 2.1525941 0.0]
# fold = overall performance
# tpos = 0
# tneg = 73
# fpos = 1
# fneg = 26
