#lasso
([{'specificity': array([0.30555556, 0.69444444, 0.63888889, 0.72222222, 0.97222222,
       0.52777778, 0.66666667, 0.61111111, 0.5, 0.11111111, 0.91666667,
       0.83333333, 0.055555556, 0.16666667, 0.44444444, 0.22222222,
       0.80555556, 0.77777778, 0.55555556, 0.083333333, 0.88888889,
       0.58333333, 0.47222222, 0.38888889, 0.86111111, 0.94444444,
       0.19444444, 0.13888889, 0.75, 0.33333333, 0.25, 0.41666667,
       0.27777778, 0.36111111, 1.0, 0.027777778]), 'tneg': array([ 3, 10,  9, 10, 10,  6,  9,  7,  4,  1, 10, 10,  1,  2,  4,  2, 10,
       10,  6,  1, 10,  6,  4,  4, 10, 10,  2,  1, 10,  3,  3,  4,  3,  3,
       12,  0]), 'fpos': array([10,  3,  4,  3,  3,  7,  4,  6,  9, 12,  3,  3, 12, 11,  9, 11,  3,
        3,  7, 12,  3,  7,  9,  9,  3,  3, 11, 12,  3, 10, 10,  9, 10, 10,
        1, 13]), 'threshold': [1.8991129645593343, 2.0139042237173075, 2.0039083462505136, 2.0152075468349029, 2.1179844678466377, 1.9815748021565021, 2.0062034860071654, 1.9914007694835845, 1.9628969160772634, 1.8574534491270516, 2.0687370991873069, 2.0441381458685095, 1.8207713396838237, 1.8642786919034597, 1.9580512391428426, 1.88334002240197, 2.040071492504373, 2.0318724337239642, 1.98745482046014, 1.8501059951294514, 2.0680834660688769, 1.9879231789060872, 1.960975506562495, 1.9374806155976925, 2.0484579882559091, 2.0821084950146918, 1.8773095655068326, 1.8603990771809162, 2.0256325457456645, 1.9236790297233051, 1.8889643117943393, 1.9437030477626516, 1.8908312286822422, 1.9243731543734726, 2.2652056928650572, 1.6471757152911848], 'fneg': array([0, 0, 0, 0, 2, 0, 0, 0, 0, 0, 1, 1, 0, 0, 0, 0, 1, 1, 0, 0, 1, 0, 0,
       0, 1, 2, 0, 0, 1, 0, 0, 0, 0, 0, 3, 0]), 'sensitivity': array([1.0, 0.69230769, 0.73076923, 0.65384615, 0.42307692, 0.73076923,
       0.73076923, 0.73076923, 0.76923077, 1.0, 0.61538462, 0.61538462,
       1.0, 1.0, 0.76923077, 1.0, 0.61538462, 0.61538462, 0.73076923, 1.0,
       0.61538462, 0.73076923, 0.76923077, 0.88461538, 0.61538462,
       0.57692308, 1.0, 1.0, 0.61538462, 1.0, 1.0, 0.84615385, 1.0,
       0.96153846, 0.0, 1.0]), 'tpos': array([4, 4, 4, 4, 2, 4, 4, 4, 4, 4, 3, 3, 4, 4, 4, 4, 3, 3, 4, 4, 3, 4, 4,
       4, 3, 2, 4, 4, 3, 4, 4, 4, 4, 4, 1, 4])}, {'specificity': array([0.525, 0.475, 0.575, 0.675, 0.75, 0.875, 0.4, 0.375, 0.075, 0.775,
       0.05, 0.125, 0.1, 0.275, 0.225, 0.625, 0.55, 0.7, 0.8, 1.0, 0.175,
       0.725, 0.5, 0.45, 0.6, 0.825, 0.85, 0.3, 0.25, 0.15, 0.9, 0.325,
       0.425, 0.65, 0.2, 0.95, 0.35, 0.975, 0.925, 0.025]), 'tneg': array([4, 4, 4, 5, 6, 7, 3, 2, 0, 6, 0, 0, 0, 1, 0, 5, 4, 5, 7, 9, 0, 6, 4,
       3, 4, 7, 7, 1, 0, 0, 8, 1, 3, 5, 0, 9, 1, 9, 8, 0]), 'fpos': array([5, 5, 5, 4, 3, 2, 6, 7, 9, 3, 9, 9, 9, 8, 9, 4, 5, 4, 2, 0, 9, 3, 5,
       6, 5, 2, 2, 8, 9, 9, 1, 8, 6, 4, 9, 0, 8, 0, 1, 9]), 'threshold': [1.8170696136531799, 1.8119435378074551, 1.8325144753853992, 1.8560717342031119, 1.8993117249920268, 1.9239985268523687, 1.8048364020545922, 1.7988492798577513, 1.7333792363337721, 1.9026272729943858, 1.7099927103698216, 1.738369315113544, 1.7349163049410474, 1.7759689714554114, 1.7645019390481815, 1.8487124392751391, 1.8319774577187229, 1.8666254860794045, 1.9044390939183726, 2.3477705319550712, 1.7444399211540604, 1.8992761723681104, 1.8123416712255478, 1.8100038046894991, 1.8335698771586193, 1.9054948166288586, 1.910403097913542, 1.7782307912799333, 1.7672770728312246, 1.7395424263205637, 1.9487223653259158, 1.7865111967474305, 1.8088197654956071, 1.8556933331596111, 1.7615015145294628, 2.0018446864525377, 1.7905473215560559, 2.0065532705043196, 1.9568345609177633, 1.6819409885435692], 'fneg': array([1, 1, 2, 2, 3, 4, 1, 0, 0, 3, 0, 0, 0, 0, 0, 2, 2, 2, 3, 7, 0, 3, 1,
       1, 2, 3, 3, 0, 0, 0, 5, 0, 1, 2, 0, 5, 0, 5, 5, 0]), 'sensitivity': array([0.86956522, 0.86956522, 0.86956522, 0.73913043, 0.60869565,
       0.52173913, 0.86956522, 0.91304348, 1.0, 0.60869565, 1.0, 1.0, 1.0,
       0.91304348, 0.95652174, 0.7826087, 0.86956522, 0.73913043,
       0.60869565, 0.0, 1.0, 0.60869565, 0.86956522, 0.86956522,
       0.86956522, 0.60869565, 0.56521739, 0.91304348, 0.95652174, 1.0,
       0.47826087, 0.91304348, 0.86956522, 0.73913043, 0.95652174,
       0.30434783, 0.91304348, 0.30434783, 0.39130435, 1.0]), 'tpos': array([6, 6, 5, 5, 4, 3, 6, 7, 7, 4, 7, 7, 7, 7, 7, 5, 5, 5, 4, 0, 7, 4, 6,
       6, 5, 4, 4, 7, 7, 7, 2, 7, 6, 5, 7, 2, 7, 2, 2, 7])}, {'specificity': array([0.44444444, 0.30555556, 0.25, 0.91666667, 0.88888889, 0.77777778,
       0.94444444, 0.33333333, 0.69444444, 0.83333333, 0.80555556,
       0.55555556, 0.19444444, 0.52777778, 0.86111111, 0.16666667, 0.75,
       1.0, 0.63888889, 0.16666667, 0.47222222, 0.27777778, 0.16666667,
       0.41666667, 0.72222222, 0.5, 0.38888889, 0.66666667, 0.16666667,
       0.22222222, 0.61111111, 0.58333333, 0.16666667, 1.0, 0.36111111,
       0.16666667]), 'tneg': array([ 8,  8,  8, 13, 12, 11, 13,  8, 10, 11, 11,  8,  8,  8, 11,  6, 11,
       14, 10,  6,  8,  8,  6,  8, 11,  8,  8, 10,  6,  8, 10, 10,  6, 14,
        8,  6]), 'fpos': array([6, 6, 6, 1, 2, 3, 1, 6, 4, 3, 3, 6, 6, 6, 3, 8, 3, 0, 4, 8, 6, 6, 8,
       6, 3, 6, 6, 4, 8, 6, 4, 4, 8, 0, 6, 8]), 'threshold': [1.9944493415808029, 1.9934958866619243, 1.9934714303904033, 2.1241779735340387, 2.1117862864577752, 2.0390728660046884, 2.1566372202397615, 1.9935376661257727, 2.0258158684881526, 2.0448433572370965, 2.044023222965051, 1.9981493716596577, 1.9934502009880415, 1.9981101397240928, 2.0718575169898146, 1.9934011186097806, 2.0364546862701971, 2.16323633750516, 2.0190306118228447, 1.9934011186097806, 1.9962878078253454, 1.9934894329236064, 1.9934011186097806, 1.9943294379162628, 2.0351226686484005, 1.9980816074073184, 1.993973802967896, 2.02567949080738, 1.9934011186097806, 1.993450880328917, 2.0186909413850538, 2.0072175575832381, 1.9934011186097806, 2.16323633750516, 1.9935961400519677, 1.9934011186097806], 'fneg': array([1, 0, 0, 1, 1, 1, 1, 1, 1, 1, 1, 1, 0, 1, 1, 0, 1, 1, 1, 0, 1, 0, 0,
       1, 1, 1, 1, 1, 0, 0, 1, 1, 0, 1, 1, 0]), 'sensitivity': array([0.82142857, 0.85714286, 0.89285714, 0.35714286, 0.35714286,
       0.67857143, 0.21428571, 0.85714286, 0.67857143, 0.64285714,
       0.64285714, 0.78571429, 0.89285714, 0.78571429, 0.42857143,
       0.89285714, 0.67857143, 0.0, 0.67857143, 0.89285714, 0.78571429,
       0.85714286, 0.89285714, 0.82142857, 0.67857143, 0.78571429,
       0.82142857, 0.67857143, 0.89285714, 0.89285714, 0.67857143, 0.75,
       0.89285714, 0.0, 0.82142857, 0.89285714]), 'tpos': array([0, 1, 1, 0, 0, 0, 0, 0, 0, 0, 0, 0, 1, 0, 0, 1, 0, 0, 0, 1, 0, 1, 1,
       0, 0, 0, 0, 0, 1, 1, 0, 0, 1, 0, 0, 1])}, {'specificity': array([1.0, 0.45, 0.175, 0.675, 0.825, 0.6, 0.525, 0.925, 0.75, 0.55,
       0.225, 0.775, 0.7, 0.075, 0.125, 0.375, 0.3, 0.475, 0.8, 0.575, 0.9,
       0.2, 0.4, 0.725, 0.5, 0.35, 0.65, 0.875, 0.85, 0.15, 0.25, 0.275,
       0.325, 0.425, 0.625, 0.1, 0.95, 0.05, 0.975, 0.025]), 'tneg': array([10,  3,  3,  5,  7,  5,  5,  9,  7,  5,  3,  7,  7,  0,  2,  3,  3,
        5,  7,  5,  9,  3,  3,  7,  5,  3,  5,  9,  9,  3,  3,  3,  3,  3,
        5,  2,  9,  0, 10,  0]), 'fpos': array([ 1,  8,  8,  6,  4,  6,  6,  2,  4,  6,  8,  4,  4, 11,  9,  8,  8,
        6,  4,  6,  2,  8,  8,  4,  6,  8,  6,  2,  2,  8,  8,  8,  8,  8,
        6,  9,  2, 11,  1, 11]), 'threshold': [2.2793907297520044, 1.8548810703259866, 1.7421520680702678, 1.971560140363664, 2.0169819900415682, 1.9489829985652645, 1.9111546158889241, 2.1373488129040874, 1.9934768203647211, 1.9211422096445356, 1.7758695629414891, 1.9963326586917956, 1.9806388062307332, 1.6573159263680775, 1.7319355631809719, 1.850515271771116, 1.8014940026535453, 1.8855097825510567, 1.9969151419583364, 1.922135054372216, 2.1360525883018537, 1.7490891130063078, 1.8514596213420997, 1.9914113513954033, 1.9086750276824429, 1.8271074426207519, 1.9622651590834304, 2.1147056526205414, 2.0672600647970145, 1.7416006260405448, 1.7784731783092103, 1.7823000550342703, 1.8050676418161014, 1.8544326619662614, 1.9575440696101045, 1.7213909396301166, 2.1698116465613868, 1.6128767626127516, 2.2202101324499015, 1.4979349230562216], 'fneg': array([5, 2, 0, 3, 3, 3, 3, 3, 3, 3, 1, 3, 3, 0, 0, 2, 2, 2, 3, 3, 3, 0, 2,
       3, 3, 2, 3, 3, 3, 0, 1, 1, 2, 2, 3, 0, 4, 0, 4, 0]), 'sensitivity': array([0.043478261, 0.91304348, 1.0, 0.69565217, 0.56521739, 0.69565217,
       0.82608696, 0.2173913, 0.65217391, 0.69565217, 0.95652174,
       0.65217391, 0.69565217, 1.0, 1.0, 0.91304348, 0.95652174,
       0.86956522, 0.65217391, 0.69565217, 0.2173913, 1.0, 0.91304348,
       0.65217391, 0.82608696, 0.91304348, 0.69565217, 0.39130435,
       0.52173913, 1.0, 0.95652174, 0.95652174, 0.95652174, 0.91304348,
       0.69565217, 1.0, 0.17391304, 1.0, 0.13043478, 1.0]), 'tpos': array([0, 3, 5, 2, 2, 2, 2, 2, 2, 2, 4, 2, 2, 5, 5, 3, 3, 3, 2, 2, 2, 5, 3,
       2, 2, 3, 2, 2, 2, 5, 4, 4, 3, 3, 2, 5, 1, 5, 1, 5])}, {'specificity': array([0.28947368, 0.71052632, 0.76315789, 0.36842105, 0.13157895,
       0.52631579, 0.55263158, 0.078947368, 0.10526316, 0.23684211,
       0.73684211, 0.68421053, 0.89473684, 0.5, 0.86842105, 0.026315789,
       0.94736842, 0.57894737, 0.78947368, 0.39473684, 0.63157895,
       0.44736842, 0.60526316, 0.92105263, 0.84210526, 0.15789474,
       0.31578947, 0.18421053, 0.42105263, 0.34210526, 0.26315789,
       0.47368421, 0.81578947, 0.21052632, 0.65789474, 0.052631579, 1.0,
       0.97368421]), 'tneg': array([4, 8, 8, 5, 1, 6, 6, 1, 1, 3, 8, 6, 8, 6, 8, 1, 8, 6, 8, 5, 6, 5, 6,
       8, 8, 1, 4, 2, 5, 5, 4, 6, 8, 3, 6, 1, 9, 8]), 'fpos': array([5, 1, 1, 4, 8, 3, 3, 8, 8, 6, 1, 3, 1, 3, 1, 8, 1, 3, 1, 4, 3, 4, 3,
       1, 1, 8, 5, 7, 4, 4, 5, 3, 1, 6, 3, 8, 0, 1]), 'threshold': [1.8669947008655297, 2.0008922808131704, 2.0237503029510417, 1.9048890617361132, 1.7808938181162797, 1.9422403793180325, 1.946649453752048, 1.774062698307562, 1.7802669814099543, 1.8593110339130319, 2.0082839958892458, 1.9905090209437735, 2.0948703727174083, 1.9270527069078551, 2.0826431987603127, 1.7679771306584475, 2.1103445884245886, 1.9674247237819473, 2.0327585740750465, 1.9067008229532687, 1.9811603543086316, 1.9229981293862457, 1.9734956705378337, 2.0991224747962565, 2.0654804349319913, 1.7857190968371319, 1.8741911162381424, 1.7976616983544549, 1.9223086252379951, 1.894052880175215, 1.8662191247708218, 1.926052074618605, 2.0430591181514881, 1.805420951371649, 1.9817429517936918, 1.7702981560211086, 2.2163313054315785, 2.1563649846211939], 'fneg': array([1, 4, 5, 1, 1, 2, 2, 1, 1, 1, 4, 4, 5, 2, 5, 1, 6, 3, 5, 1, 4, 2, 3,
       5, 5, 1, 1, 1, 2, 1, 1, 2, 5, 1, 4, 1, 6, 6]), 'sensitivity': array([0.92307692, 0.57692308, 0.57692308, 0.88461538, 1.0, 0.73076923,
       0.69230769, 1.0, 1.0, 0.92307692, 0.57692308, 0.61538462,
       0.38461538, 0.80769231, 0.46153846, 1.0, 0.38461538, 0.65384615,
       0.57692308, 0.84615385, 0.61538462, 0.80769231, 0.65384615,
       0.38461538, 0.5, 1.0, 0.88461538, 1.0, 0.80769231, 0.88461538,
       0.92307692, 0.80769231, 0.57692308, 1.0, 0.61538462, 1.0,
       0.076923077, 0.26923077]), 'tpos': array([5, 2, 1, 5, 5, 4, 4, 5, 5, 5, 2, 2, 1, 4, 1, 5, 0, 3, 1, 5, 2, 4, 3,
       1, 1, 5, 5, 5, 4, 5, 5, 4, 1, 5, 2, 5, 0, 0])}], <Model object at 0x00000000000003DC>)
#lasso
([{'specificity': array([0.94871795, 0.64102564, 0.43589744, 0.25641026, 0.61538462,
       0.66666667, 0.8974359, 0.97435897, 0.33333333, 0.20512821,
       0.48717949, 0.1025641, 0.58974359, 0.076923077, 0.12820513,
       0.28205128, 0.71794872, 0.38461538, 0.82051282, 0.56410256, 1.0,
       0.92307692, 0.051282051, 0.87179487, 0.30769231, 0.46153846,
       0.025641026, 0.51282051, 0.84615385, 0.79487179, 0.17948718,
       0.41025641, 0.69230769, 0.35897436, 0.53846154, 0.76923077,
       0.15384615, 0.23076923, 0.74358974]), 'tneg': array([13,  8,  4,  3,  8,  8, 12, 13,  3,  2,  4,  0,  7,  0,  0,  3,  8,
        3, 10,  5, 14, 13,  0, 12,  3,  4,  0,  4, 12, 10,  2,  3,  8,  3,
        4, 10,  2,  3,  9]), 'fpos': array([ 1,  6, 10, 11,  6,  6,  2,  1, 11, 12, 10, 14,  7, 14, 14, 11,  6,
       11,  4,  9,  0,  1, 14,  2, 11, 10, 14, 10,  2,  4, 12, 11,  6, 11,
       10,  4, 12, 11,  5]), 'threshold': [2.2234742612618215, 1.9610442264772576, 1.8152726412461406, 1.7488092125587931, 1.9607138004157578, 1.9625330078614889, 2.1562585622197794, 2.2393552074970908, 1.781867963845944, 1.7179680850708083, 1.8353629364642037, 1.6751579506982681, 1.9348007301240251, 1.6743480618454156, 1.6842096182072088, 1.7764749736240857, 1.9689518022198811, 1.7899421352184195, 2.0821358682007838, 1.9178024353108694, 2.3957205120905369, 2.1879554212005861, 1.668967510124324, 2.1113149106932507, 1.7797163248374541, 1.8224756594671541, 1.5629344917212786, 1.8587603091410037, 2.0968156565153828, 2.0704089409089521, 1.7089502278250817, 1.7957004157257128, 1.9667887523527177, 1.7854004014488427, 1.8627060834965115, 2.0138821382907732, 1.7068476261998786, 1.7323312467442005, 1.9783710487404487], 'fneg': array([1, 0, 0, 0, 0, 0, 0, 1, 0, 0, 0, 0, 0, 0, 0, 0, 0, 0, 0, 0, 3, 1, 0,
       0, 0, 0, 0, 0, 0, 0, 0, 0, 0, 0, 0, 0, 0, 0, 0]), 'sensitivity': array([0.125, 0.58333333, 0.91666667, 0.95833333, 0.58333333, 0.58333333,
       0.20833333, 0.125, 0.95833333, 0.95833333, 0.91666667, 0.95833333,
       0.625, 0.95833333, 0.95833333, 0.95833333, 0.58333333, 0.95833333,
       0.375, 0.70833333, 0.0, 0.16666667, 0.95833333, 0.20833333,
       0.95833333, 0.91666667, 1.0, 0.875, 0.29166667, 0.375, 0.95833333,
       0.91666667, 0.58333333, 0.95833333, 0.875, 0.54166667, 0.95833333,
       0.95833333, 0.54166667]), 'tpos': array([2, 3, 3, 3, 3, 3, 3, 2, 3, 3, 3, 3, 3, 3, 3, 3, 3, 3, 3, 3, 0, 2, 3,
       3, 3, 3, 3, 3, 3, 3, 3, 3, 3, 3, 3, 3, 3, 3, 3])}, {'specificity': array([0.95238095, 0.47619048, 0.14285714, 0.26190476, 0.66666667,
       0.33333333, 0.57142857, 0.97619048, 0.45238095, 0.85714286, 0.5,
       0.16666667, 0.83333333, 0.19047619, 0.54761905, 0.73809524,
       0.4047619, 0.61904762, 0.5952381, 0.9047619, 1.0, 0.28571429,
       0.69047619, 0.11904762, 0.23809524, 0.80952381, 0.30952381,
       0.78571429, 0.64285714, 0.071428571, 0.35714286, 0.047619048,
       0.76190476, 0.21428571, 0.42857143, 0.92857143, 0.38095238,
       0.095238095, 0.88095238, 0.71428571, 0.52380952, 0.023809524]), 'tneg': array([11, 11, 11, 11, 11, 11, 11, 11, 11, 11, 11, 11, 11, 11, 11, 11, 11,
       11, 11, 11, 11, 11, 11, 11, 11, 11, 11, 11, 11, 11, 11, 11, 11, 11,
       11, 11, 11, 11, 11, 11, 11, 11]), 'fpos': array([0, 0, 0, 0, 0, 0, 0, 0, 0, 0, 0, 0, 0, 0, 0, 0, 0, 0, 0, 0, 0, 0, 0,
       0, 0, 0, 0, 0, 0, 0, 0, 0, 0, 0, 0, 0, 0, 0, 0, 0, 0, 0]), 'threshold': [2.2661155727809219, 1.6470823474175256, 1.4060492354031049, 1.5069975291021689, 1.8096963507385142, 1.6029481573114974, 1.751361686056242, 2.2771437364983034, 1.6455852885363309, 2.0502640229777711, 1.66285060988195, 1.4498172290171729, 2.0283880792526419, 1.458881073453222, 1.7286244147295347, 1.9051969583674968, 1.6419992118607292, 1.7588550793892999, 1.7555098920362573, 2.2296901577596016, 2.5284234939473591, 1.5259206239444603, 1.8378691907455325, 1.3732851430368338, 1.4626557606762183, 2.025917553359013, 1.5603452813111072, 1.9699351230586135, 1.7716742522980049, 1.2152748225527761, 1.6255586955765322, 1.1714199478483347, 1.9185241155128541, 1.460353209128618, 1.6436447057409174, 2.2524058237714519, 1.6418089936641092, 1.368384768620841, 2.1128610600008617, 1.8685720754962198, 1.690975969548147, 0.99948329187249174], 'fneg': array([5, 5, 5, 5, 5, 5, 5, 5, 5, 5, 5, 5, 5, 5, 5, 5, 5, 5, 5, 5, 5, 5, 5,
       5, 5, 5, 5, 5, 5, 5, 5, 5, 5, 5, 5, 5, 5, 5, 5, 5, 5, 5]), 'sensitivity': array([0.22727273, 1.0, 1.0, 1.0, 0.95454545, 1.0, 0.95454545, 0.22727273,
       1.0, 0.5, 1.0, 1.0, 0.54545455, 1.0, 0.95454545, 0.77272727, 1.0,
       0.95454545, 0.95454545, 0.22727273, 0.18181818, 1.0, 0.81818182,
       1.0, 1.0, 0.54545455, 1.0, 0.59090909, 0.95454545, 1.0, 1.0, 1.0,
       0.77272727, 1.0, 1.0, 0.22727273, 1.0, 1.0, 0.36363636, 0.77272727,
       0.95454545, 1.0]), 'tpos': array([0, 0, 0, 0, 0, 0, 0, 0, 0, 0, 0, 0, 0, 0, 0, 0, 0, 0, 0, 0, 0, 0, 0,
       0, 0, 0, 0, 0, 0, 0, 0, 0, 0, 0, 0, 0, 0, 0, 0, 0, 0, 0])}, {'specificity': array([0.325, 0.525, 0.7, 0.95, 0.5, 0.35, 0.25, 0.4, 0.675, 0.3, 0.8,
       0.375, 0.475, 0.05, 0.925, 1.0, 0.875, 0.225, 0.575, 0.2, 0.025,
       0.825, 0.425, 0.625, 0.85, 0.775, 0.125, 0.45, 0.1, 0.65, 0.175,
       0.55, 0.725, 0.6, 0.15, 0.075, 0.975, 0.9, 0.75, 0.275]), 'tneg': array([ 5,  6,  7, 11,  6,  5,  5,  6,  6,  5,  9,  5,  6,  0, 11, 13,  9,
        5,  6,  4,  0,  9,  6,  6,  9,  9,  3,  6,  1,  6,  3,  6,  8,  6,
        3,  0, 11,  9,  8,  5]), 'fpos': array([ 8,  7,  6,  2,  7,  8,  8,  7,  7,  8,  4,  8,  7, 13,  2,  0,  4,
        8,  7,  9, 13,  4,  7,  7,  4,  4, 10,  7, 12,  7, 10,  7,  5,  7,
       10, 13,  2,  4,  5,  8]), 'threshold': [1.806885680038786, 1.8580787147265985, 1.9125275066884375, 2.0044546011744937, 1.8517841549629193, 1.8069514113703404, 1.7970201093301963, 1.8191161477925193, 1.8977436318498666, 1.8048562032415518, 1.9523019781358404, 1.8081696025363292, 1.8507711152471917, 1.7226006628614998, 1.9836095059321126, 2.0781148415777757, 1.9700909976856729, 1.7915973712661071, 1.8643103572058617, 1.7872631375704544, 1.6573483966436571, 1.9688130567358315, 1.8280036839960776, 1.8731874578273904, 1.9698862552544814, 1.9445188427555746, 1.7603194509915583, 1.850079308060324, 1.7509816490048022, 1.878513969134642, 1.7724903200615625, 1.8624354615566465, 1.9255834645831866, 1.8697688784540163, 1.76757964249893, 1.7435121078327911, 2.0160776674437582, 1.9735742712105666, 1.9275803476247433, 1.8005637318193266], 'fneg': array([0, 0, 1, 3, 0, 0, 0, 0, 0, 0, 2, 0, 0, 0, 3, 3, 3, 0, 0, 0, 0, 3, 0,
       0, 3, 1, 0, 0, 0, 0, 0, 0, 1, 0, 0, 0, 3, 3, 1, 0]), 'sensitivity': array([1.0, 0.83333333, 0.66666667, 0.33333333, 0.875, 1.0, 1.0,
       0.95833333, 0.70833333, 1.0, 0.625, 1.0, 0.875, 1.0, 0.41666667,
       0.125, 0.5, 1.0, 0.83333333, 1.0, 1.0, 0.5, 0.95833333, 0.79166667,
       0.5, 0.625, 1.0, 0.875, 1.0, 0.79166667, 1.0, 0.83333333,
       0.66666667, 0.79166667, 1.0, 1.0, 0.25, 0.5, 0.66666667, 1.0]), 'tpos': array([3, 3, 2, 0, 3, 3, 3, 3, 3, 3, 1, 3, 3, 3, 0, 0, 0, 3, 3, 3, 3, 0, 3,
       3, 0, 2, 3, 3, 3, 3, 3, 3, 2, 3, 3, 3, 0, 0, 2, 3])}, {'specificity': array([0.57142857, 0.30952381, 0.19047619, 0.66666667, 0.5952381,
       0.85714286, 0.95238095, 0.4047619, 0.61904762, 0.35714286,
       0.16666667, 0.21428571, 0.47619048, 0.45238095, 0.73809524,
       0.78571429, 0.76190476, 0.52380952, 0.69047619, 0.83333333, 1.0,
       0.71428571, 0.11904762, 0.80952381, 0.23809524, 0.42857143,
       0.26190476, 0.047619048, 0.9047619, 0.38095238, 0.54761905,
       0.095238095, 0.28571429, 0.14285714, 0.64285714, 0.5, 0.33333333,
       0.92857143, 0.071428571, 0.97619048, 0.88095238, 0.023809524]), 'tneg': array([11, 11, 11, 11, 11, 11, 11, 11, 11, 11, 11, 11, 11, 11, 11, 11, 11,
       11, 11, 11, 11, 11, 11, 11, 11, 11, 11, 11, 11, 11, 11, 11, 11, 11,
       11, 11, 11, 11, 11, 11, 11, 11]), 'fpos': array([0, 0, 0, 0, 0, 0, 0, 0, 0, 0, 0, 0, 0, 0, 0, 0, 0, 0, 0, 0, 0, 0, 0,
       0, 0, 0, 0, 0, 0, 0, 0, 0, 0, 0, 0, 0, 0, 0, 0, 0, 0, 0]), 'threshold': [1.796409264255056, 1.6886988337180615, 1.5795455157892246, 1.8442996333471078, 1.8051439090194512, 2.0683516217386151, 2.1553749443573778, 1.7228054575063534, 1.81049206075282, 1.7130867271868469, 1.5666804085573918, 1.6140183065434313, 1.7661216836118368, 1.7523051869045516, 1.8944601883693484, 1.9157005814313544, 1.9058613900309422, 1.7885777472756876, 1.8780952529586128, 1.9945869951373689, 2.2603544284094914, 1.889171597476248, 1.5454286351993485, 1.9744667963113833, 1.6605317862038371, 1.7390635180784901, 1.6805738418425533, 1.4562673428000046, 2.0908151483584794, 1.7139552186527729, 1.7937655394677408, 1.5242784886391989, 1.6806485175342136, 1.5582055263998025, 1.8253401211898868, 1.7877087789300168, 1.6975425448380446, 2.0935988928749314, 1.5071013801287438, 2.2449022992522147, 2.0734651139775377, 1.444257123706993], 'fneg': array([5, 5, 5, 5, 5, 5, 5, 5, 5, 5, 5, 5, 5, 5, 5, 5, 5, 5, 5, 5, 5, 5, 5,
       5, 5, 5, 5, 5, 5, 5, 5, 5, 5, 5, 5, 5, 5, 5, 5, 5, 5, 5]), 'sensitivity': array([0.81818182, 1.0, 1.0, 0.81818182, 0.81818182, 0.5, 0.27272727,
       0.95454545, 0.81818182, 0.95454545, 1.0, 1.0, 0.81818182,
       0.90909091, 0.72727273, 0.68181818, 0.68181818, 0.81818182,
       0.77272727, 0.54545455, 0.045454545, 0.72727273, 1.0, 0.59090909,
       1.0, 0.90909091, 1.0, 1.0, 0.45454545, 0.95454545, 0.81818182, 1.0,
       1.0, 1.0, 0.81818182, 0.81818182, 1.0, 0.45454545, 1.0, 0.090909091,
       0.5, 1.0]), 'tpos': array([0, 0, 0, 0, 0, 0, 0, 0, 0, 0, 0, 0, 0, 0, 0, 0, 0, 0, 0, 0, 0, 0, 0,
       0, 0, 0, 0, 0, 0, 0, 0, 0, 0, 0, 0, 0, 0, 0, 0, 0, 0, 0])}, {'specificity': array([0.61538462, 0.41025641, 0.58974359, 0.51282051, 0.56410256,
       0.92307692, 1.0, 0.97435897, 0.33333333, 0.20512821, 0.35897436,
       0.15384615, 0.69230769, 0.051282051, 0.076923077, 0.23076923,
       0.66666667, 0.48717949, 0.76923077, 0.8974359, 0.1025641,
       0.82051282, 0.53846154, 0.25641026, 0.025641026, 0.71794872,
       0.38461538, 0.46153846, 0.74358974, 0.79487179, 0.12820513,
       0.87179487, 0.28205128, 0.43589744, 0.17948718, 0.94871795,
       0.84615385, 0.64102564, 0.30769231]), 'tneg': array([ 7,  6,  7,  7,  7, 10, 10, 10,  4,  1,  4,  1,  8,  1,  1,  3,  8,
        7,  9, 10,  1, 10,  7,  3,  0,  9,  5,  7,  9, 10,  1, 10,  4,  7,
        1, 10, 10,  7,  4]), 'fpos': array([ 4,  5,  4,  4,  4,  1,  1,  1,  7, 10,  7, 10,  3, 10, 10,  8,  3,
        4,  2,  1, 10,  1,  4,  8, 11,  2,  6,  4,  2,  1, 10,  1,  7,  4,
       10,  1,  1,  4,  7]), 'threshold': [1.8547794721702562, 1.7649559045757934, 1.8498289400863872, 1.8019266184626677, 1.8449460422981383, 2.0396654091905071, 2.1399731547404048, 2.0777744020385716, 1.7263428103676708, 1.6738758036433388, 1.7451698984579249, 1.658875244096317, 1.8826169774419328, 1.6457997405697049, 1.6491658213703677, 1.7122690135159906, 1.8806139979420096, 1.8005508103827506, 1.9301153025620761, 2.0283276646932982, 1.6503682451791255, 1.9617727221617276, 1.8037938219009144, 1.7178918072049827, 1.5469007200570686, 1.9197699428542838, 1.75378473274174, 1.8000133527624531, 1.9259842725668421, 1.9448084941414854, 1.6525929429426762, 1.9847397666042761, 1.7216052401532955, 1.7708343564801268, 1.6693939216465668, 2.0742099725994207, 1.9643419400613205, 1.8674132122018889, 1.7220653244448798], 'fneg': array([0, 0, 0, 0, 0, 3, 3, 3, 0, 0, 0, 0, 0, 0, 0, 0, 0, 0, 0, 3, 0, 2, 0,
       0, 0, 0, 0, 0, 0, 2, 0, 2, 0, 0, 0, 3, 2, 0, 0]), 'sensitivity': array([0.73076923, 0.88461538, 0.73076923, 0.76923077, 0.73076923,
       0.23076923, 0.11538462, 0.23076923, 0.96153846, 0.96153846,
       0.92307692, 1.0, 0.73076923, 1.0, 1.0, 0.96153846, 0.73076923,
       0.76923077, 0.53846154, 0.26923077, 1.0, 0.5, 0.76923077,
       0.96153846, 1.0, 0.57692308, 0.92307692, 0.76923077, 0.53846154,
       0.53846154, 1.0, 0.46153846, 0.96153846, 0.84615385, 0.96153846,
       0.23076923, 0.5, 0.73076923, 0.96153846]), 'tpos': array([4, 4, 4, 4, 4, 1, 1, 1, 4, 4, 4, 4, 4, 4, 4, 4, 4, 4, 4, 1, 4, 2, 4,
       4, 4, 4, 4, 4, 4, 2, 4, 2, 4, 4, 4, 1, 2, 4, 4])}], <Model object at 0x0000000000000708>)
#lasso
([{'specificity': array([0.97297297, 0.62162162, 0.56756757, 0.89189189, 0.94594595,
       0.81081081, 0.35135135, 0.40540541, 0.54054054, 0.72972973,
       0.2972973, 0.43243243, 0.59459459, 0.64864865, 0.78378378,
       0.18918919, 0.16216216, 0.45945946, 0.13513514, 0.7027027,
       0.027027027, 0.86486486, 0.91891892, 0.75675676, 0.081081081,
       0.32432432, 0.054054054, 0.48648649, 0.27027027, 0.51351351,
       0.21621622, 0.67567568, 0.24324324, 1.0, 0.83783784, 0.37837838,
       0.10810811]), 'tneg': array([13,  6,  6, 11, 13, 11,  6,  6,  6, 10,  3,  6,  6,  9, 11,  3,  2,
        6,  0,  9,  0, 11, 11, 10,  0,  4,  0,  6,  3,  6,  3,  9,  3, 13,
       11,  6,  0]), 'fpos': array([ 0,  7,  7,  2,  0,  2,  7,  7,  7,  3, 10,  7,  7,  4,  2, 10, 11,
        7, 13,  4, 13,  2,  2,  3, 13,  9, 13,  7, 10,  7, 10,  4, 10,  0,
        2,  7, 13]), 'threshold': [2.326503683249542, 1.8381711250928035, 1.8073048162038041, 2.1151702192113082, 2.3088405972814066, 2.0735226442015682, 1.7102069097330692, 1.7437163744016355, 1.7892464002039956, 1.9787331274702131, 1.6735273678316232, 1.746622662673742, 1.826722151566738, 1.918496784825144, 2.0578870741445137, 1.6380276637083329, 1.6222597070357336, 1.7622791089640846, 1.6024666987895149, 1.930271624030597, 1.4501503598477972, 2.0776495702616122, 2.1384145734214055, 2.0054233166097868, 1.5205045318690287, 1.6983203515064096, 1.4537786709542955, 1.7635640120042078, 1.6693371359751084, 1.7867230671154446, 1.6583059521952841, 1.9247903959827473, 1.6665092984350904, 2.3400506276661295, 2.0757822468821203, 1.7215878079772264, 1.5584710119310441], 'fneg': array([3, 1, 1, 2, 3, 2, 0, 1, 1, 1, 0, 1, 1, 1, 2, 0, 0, 1, 0, 1, 0, 2, 2,
       2, 0, 0, 0, 1, 0, 1, 0, 1, 0, 3, 2, 1, 0]), 'sensitivity': array([0.19230769, 0.84615385, 0.88461538, 0.46153846, 0.19230769,
       0.57692308, 0.92307692, 0.92307692, 0.88461538, 0.65384615,
       0.92307692, 0.92307692, 0.84615385, 0.76923077, 0.61538462,
       0.96153846, 0.96153846, 0.92307692, 0.96153846, 0.76923077, 1.0,
       0.57692308, 0.34615385, 0.61538462, 1.0, 0.92307692, 1.0,
       0.92307692, 0.92307692, 0.88461538, 0.92307692, 0.76923077,
       0.92307692, 0.19230769, 0.57692308, 0.92307692, 1.0]), 'tpos': array([1, 3, 3, 2, 1, 2, 4, 3, 3, 3, 4, 3, 3, 3, 2, 4, 4, 3, 4, 3, 4, 2, 2,
       2, 4, 4, 4, 3, 4, 3, 4, 3, 4, 1, 2, 3, 4])}, {'specificity': array([0.45, 0.65, 0.725, 0.675, 0.8, 0.95, 1.0, 0.9, 0.55, 0.525, 0.475,
       0.175, 0.15, 0.25, 0.325, 0.375, 0.575, 0.7, 0.6, 0.075, 0.275,
       0.125, 0.4, 0.1, 0.925, 0.85, 0.025, 0.425, 0.3, 0.225, 0.5, 0.2,
       0.875, 0.625, 0.825, 0.975, 0.775, 0.75, 0.35, 0.05]), 'tneg': array([2, 3, 5, 3, 6, 9, 9, 8, 2, 2, 2, 2, 2, 2, 2, 2, 2, 3, 3, 0, 2, 1, 2,
       0, 9, 6, 0, 2, 2, 2, 2, 2, 7, 3, 6, 9, 5, 5, 2, 0]), 'fpos': array([ 8,  7,  5,  7,  4,  1,  1,  2,  8,  8,  8,  8,  8,  8,  8,  8,  8,
        7,  7, 10,  8,  9,  8, 10,  1,  4, 10,  8,  8,  8,  8,  8,  3,  7,
        4,  1,  5,  5,  8, 10]), 'threshold': [1.7769429547422524, 1.8081396739621227, 1.8666164803665768, 1.8141234529089949, 1.922574872350624, 2.1082512779995382, 2.1757899457843304, 1.9962363288900196, 1.7906209279989758, 1.7827522157019851, 1.7795781611895041, 1.6992873847531385, 1.6972290160264849, 1.7181758086852295, 1.7395264450860806, 1.7575151761241274, 1.7985220408341627, 1.821951844836522, 1.803354846865509, 1.6172040451369167, 1.7302955407707863, 1.6850681426687646, 1.7586891666533608, 1.6203772323810606, 2.0703993907314961, 1.957167831225205, 1.5942140497936095, 1.7705116625640827, 1.7388578752242168, 1.7169329477655162, 1.7817415898207498, 1.7147184067321921, 1.9863902399925446, 1.8035547492479285, 1.9467326819048136, 2.1132567579143071, 1.8851737050112947, 1.8803639718983227, 1.7397150581555581, 1.6162933394571739], 'fneg': array([0, 0, 0, 0, 1, 3, 3, 2, 0, 0, 0, 0, 0, 0, 0, 0, 0, 0, 0, 0, 0, 0, 0,
       0, 3, 2, 0, 0, 0, 0, 0, 0, 2, 0, 2, 3, 1, 1, 0, 0]), 'sensitivity': array([0.95833333, 0.875, 0.79166667, 0.875, 0.58333333, 0.375, 0.25, 0.5,
       0.91666667, 0.91666667, 0.91666667, 1.0, 1.0, 1.0, 1.0, 1.0,
       0.91666667, 0.83333333, 0.875, 1.0, 1.0, 1.0, 1.0, 1.0, 0.375, 0.5,
       1.0, 1.0, 1.0, 1.0, 0.91666667, 1.0, 0.5, 0.875, 0.5, 0.33333333,
       0.70833333, 0.70833333, 1.0, 1.0]), 'tpos': array([6, 6, 6, 6, 5, 3, 3, 4, 6, 6, 6, 6, 6, 6, 6, 6, 6, 6, 6, 6, 6, 6, 6,
       6, 3, 4, 6, 6, 6, 6, 6, 6, 4, 6, 4, 3, 5, 5, 6, 6])}, {'specificity': array([0.36585366, 0.51219512, 0.53658537, 0.41463415, 0.6097561,
       0.87804878, 1.0, 0.97560976, 0.46341463, 0.24390244, 0.048780488,
       0.80487805, 0.2195122, 0.14634146, 0.31707317, 0.56097561,
       0.63414634, 0.73170732, 0.95121951, 0.90243902, 0.43902439,
       0.12195122, 0.17073171, 0.29268293, 0.024390244, 0.7804878,
       0.75609756, 0.68292683, 0.097560976, 0.19512195, 0.073170732,
       0.85365854, 0.70731707, 0.26829268, 0.48780488, 0.34146341,
       0.82926829, 0.92682927, 0.65853659, 0.58536585, 0.3902439]), 'tneg': array([ 3,  3,  3,  3,  5, 11, 11, 11,  3,  1,  0,  9,  1,  0,  2,  5,  5,
        8, 11, 11,  3,  0,  0,  2,  0,  9,  9,  6,  0,  1,  0, 11,  7,  2,
        3,  2, 11, 11,  6,  5,  3]), 'fpos': array([ 8,  8,  8,  8,  6,  0,  0,  0,  8, 10, 11,  2, 10, 11,  9,  6,  6,
        3,  0,  0,  8, 11, 11,  9, 11,  2,  2,  5, 11, 10, 11,  0,  4,  9,
        8,  9,  0,  0,  5,  6,  8]), 'threshold': [1.7230186926576345, 1.7759468223511306, 1.7789611121724873, 1.7458899435431781, 1.8121411275310981, 1.9877544688907369, 2.2314392153957789, 2.2189384600100412, 1.7616684310282129, 1.6858129642279776, 1.600621681174395, 1.9689393591732525, 1.6855740052882844, 1.645721125538173, 1.7071255523595714, 1.803296510685743, 1.8133808077614495, 1.9217178614924726, 2.1126718242869558, 2.0340137284834121, 1.7494316712778948, 1.6425873237216913, 1.6625808347123521, 1.6991200107775042, 1.5341808751174242, 1.9636522247357156, 1.9476141639265214, 1.8822293516675812, 1.6239201894430129, 1.6850477549048102, 1.6200416829136402, 1.9847704011524261, 1.8947938833419207, 1.698352061641873, 1.7627452146632212, 1.7143396713837349, 1.9772775124334905, 2.1115553388006845, 1.8397095461259385, 1.8109505287370833, 1.7234742993619725], 'fneg': array([1, 1, 1, 1, 2, 2, 4, 3, 1, 0, 0, 2, 0, 0, 0, 1, 2, 2, 3, 2, 1, 0, 0,
       0, 0, 2, 2, 2, 0, 0, 0, 2, 2, 0, 1, 1, 2, 3, 2, 2, 1]), 'sensitivity': array([1.0, 0.95652174, 0.95652174, 0.95652174, 0.91304348, 0.60869565,
       0.30434783, 0.30434783, 0.95652174, 1.0, 1.0, 0.65217391, 1.0, 1.0,
       1.0, 0.91304348, 0.86956522, 0.69565217, 0.34782609, 0.47826087,
       0.95652174, 1.0, 1.0, 1.0, 1.0, 0.65217391, 0.65217391, 0.82608696,
       1.0, 1.0, 1.0, 0.60869565, 0.7826087, 1.0, 0.95652174, 1.0,
       0.65217391, 0.34782609, 0.86956522, 0.91304348, 1.0]), 'tpos': array([4, 4, 4, 4, 3, 3, 1, 2, 4, 5, 5, 3, 5, 5, 5, 4, 3, 3, 2, 3, 4, 5, 5,
       5, 5, 3, 3, 3, 5, 5, 5, 3, 3, 5, 4, 4, 3, 2, 3, 3, 4])}, {'specificity': array([0.925, 0.325, 0.375, 0.2, 0.775, 0.825, 0.875, 0.9, 0.85, 0.575,
       0.425, 0.75, 0.475, 0.25, 0.35, 0.125, 0.95, 0.55, 0.725, 0.15,
       0.225, 0.1, 0.45, 1.0, 0.8, 0.65, 0.05, 0.525, 0.7, 0.275, 0.4, 0.5,
       0.675, 0.175, 0.6, 0.975, 0.3, 0.625, 0.075, 0.025]), 'tneg': array([13,  0,  1,  0, 12, 12, 13, 13, 13,  5,  1, 12,  2,  0,  0,  0, 13,
        5, 11,  0,  0,  0,  2, 13, 12,  8,  0,  4, 11,  0,  1,  4,  9,  0,
        5, 13,  0,  6,  0,  0]), 'fpos': array([ 0, 13, 12, 13,  1,  1,  0,  0,  0,  8, 12,  1, 11, 13, 13, 13,  0,
        8,  2, 13, 13, 13, 11,  0,  1,  5, 13,  9,  2, 13, 12,  9,  4, 13,
        8,  0, 13,  7, 13, 13]), 'threshold': [2.2876604995018646, 1.6926552910691828, 1.7173958636406144, 1.6290844950476322, 1.9947644470289132, 2.0163851291545156, 2.1175912356231832, 2.2735135291153732, 2.11592801563918, 1.7901910985777181, 1.7326336447285966, 1.9175793988365437, 1.7545010762956723, 1.6626237357528142, 1.696712983780557, 1.5380388260237652, 2.3038072946311807, 1.7857691076132136, 1.8987712177620837, 1.5707275603588302, 1.6468635239468195, 1.5076771638635145, 1.7492553714522208, 2.3349801822640051, 2.0043639098707615, 1.8594528883894312, 1.3802498060229937, 1.7758036260943759, 1.8946909652548896, 1.6639047581825628, 1.7284622442296997, 1.7644893964794302, 1.879455933408644, 1.5983252202525666, 1.7975206457839095, 2.3082178564353062, 1.6880614587418752, 1.8038483686271556, 1.3978768624207003, 1.3548665692124011], 'fneg': array([3, 0, 0, 0, 2, 3, 3, 3, 3, 0, 0, 0, 0, 0, 0, 0, 3, 0, 0, 0, 0, 0, 0,
       3, 2, 0, 0, 0, 0, 0, 0, 0, 0, 0, 0, 3, 0, 0, 0, 0]), 'sensitivity': array([0.45833333, 0.95833333, 0.95833333, 0.95833333, 0.70833333,
       0.66666667, 0.625, 0.45833333, 0.625, 0.875, 0.91666667, 0.70833333,
       0.875, 0.95833333, 0.95833333, 1.0, 0.45833333, 0.875, 0.75, 1.0,
       0.95833333, 1.0, 0.875, 0.375, 0.70833333, 0.83333333, 1.0, 0.875,
       0.75, 0.95833333, 0.91666667, 0.875, 0.83333333, 1.0, 0.875,
       0.41666667, 0.95833333, 0.875, 1.0, 1.0]), 'tpos': array([0, 3, 3, 3, 1, 0, 0, 0, 0, 3, 3, 3, 3, 3, 3, 3, 0, 3, 3, 3, 3, 3, 3,
       0, 1, 3, 3, 3, 3, 3, 3, 3, 3, 3, 3, 0, 3, 3, 3, 3])}, {'specificity': array([1.0, 0.45, 0.175, 0.65, 0.275, 0.75, 0.5, 0.85, 0.7, 0.825, 0.475,
       0.725, 0.675, 0.25, 0.8, 0.4, 0.325, 0.6, 0.975, 0.575, 0.35, 0.525,
       0.225, 0.875, 0.775, 0.1, 0.2, 0.3, 0.125, 0.925, 0.075, 0.375,
       0.025, 0.425, 0.625, 0.55, 0.15, 0.95, 0.9, 0.05]), 'tneg': array([12, 12, 11, 12, 12, 12, 12, 12, 12, 12, 12, 12, 12, 12, 12, 12, 12,
       12, 12, 12, 12, 12, 11, 12, 12, 10, 11, 12, 11, 12,  8, 12,  5, 12,
       12, 12, 11, 12, 12,  5]), 'fpos': array([0, 0, 1, 0, 0, 0, 0, 0, 0, 0, 0, 0, 0, 0, 0, 0, 0, 0, 0, 0, 0, 0, 1,
       0, 0, 2, 1, 0, 1, 0, 4, 0, 7, 0, 0, 0, 1, 0, 0, 7]), 'threshold': [2.3670181188507193, 1.7471329962658004, 1.5170518974472655, 1.8695144220674866, 1.6752423002669541, 1.9318301594751146, 1.7936741687867985, 2.0978977040571514, 1.9165399197208646, 2.0824552838945722, 1.7693127370553561, 1.9305968235529638, 1.8912370784928765, 1.656579435220104, 2.0757608818363726, 1.7353686995675692, 1.7074072235064046, 1.8359424021061903, 2.2695612739778568, 1.833295452899451, 1.7083089971900551, 1.8151533208188715, 1.5928269288032093, 2.1083715122573761, 2.0153509220904509, 1.4602657401920425, 1.5920681395345879, 1.6960926994370038, 1.4866198564524633, 2.1788151744110276, 1.339461745158244, 1.7132564857841512, 1.0197314111763434, 1.7414102183901385, 1.849485798119072, 1.8189315452084698, 1.5056861353051383, 2.2439020698591525, 2.1178092011502092, 1.1278579219919007], 'fneg': array([3, 3, 2, 3, 3, 3, 3, 3, 3, 3, 3, 3, 3, 3, 3, 3, 3, 3, 3, 3, 3, 3, 3,
       3, 3, 2, 3, 3, 2, 3, 2, 3, 2, 3, 3, 3, 2, 3, 3, 2]), 'sensitivity': array([0.32, 0.96, 1.0, 0.8, 1.0, 0.8, 0.96, 0.6, 0.8, 0.6, 0.96, 0.8, 0.8,
       1.0, 0.6, 0.96, 1.0, 0.84, 0.4, 0.84, 1.0, 0.92, 1.0, 0.6, 0.76,
       1.0, 1.0, 1.0, 1.0, 0.44, 1.0, 1.0, 1.0, 0.96, 0.84, 0.92, 1.0, 0.4,
       0.56, 1.0]), 'tpos': array([0, 0, 1, 0, 0, 0, 0, 0, 0, 0, 0, 0, 0, 0, 0, 0, 0, 0, 0, 0, 0, 0, 0,
       0, 0, 1, 0, 0, 1, 0, 1, 0, 1, 0, 0, 0, 1, 0, 0, 1])}], <Model object at 0x0000000000000A34>)
#lasso
([{'specificity': array([0.43902439, 0.14634146, 0.87804878, 0.90243902, 0.80487805,
       0.82926829, 0.34146341, 0.41463415, 0.95121951, 0.7804878,
       0.36585366, 0.26829268, 0.63414634, 0.17073171, 0.75609756,
       0.48780488, 0.6097561, 0.46341463, 0.12195122, 1.0, 0.12195122,
       0.68292683, 0.51219512, 0.12195122, 0.12195122, 0.92682927,
       0.53658537, 0.56097561, 0.73170732, 0.85365854, 0.29268293,
       0.3902439, 0.58536585, 0.2195122, 0.70731707, 0.19512195,
       0.65853659, 0.97560976, 0.31707317, 0.24390244, 0.12195122]), 'tneg': array([11,  3, 13, 13, 13, 13, 11, 11, 13, 12, 11,  9, 11,  4, 12, 11, 11,
       11,  2, 13,  2, 11, 11,  2,  2, 13, 11, 11, 11, 13, 10, 11, 11,  8,
       11,  7, 11, 13, 11,  8,  2]), 'fpos': array([ 2, 10,  0,  0,  0,  0,  2,  2,  0,  1,  2,  4,  2,  9,  1,  2,  2,
        2, 11,  0, 11,  2,  2, 11, 11,  0,  2,  2,  2,  0,  3,  2,  2,  5,
        2,  6,  2,  0,  2,  5, 11]), 'threshold': [1.9477645855865167, 1.9222562750168961, 2.1086688465843437, 2.1193565485431924, 2.0572295600726633, 2.0612408633791572, 1.9415596007842841, 1.94681693660826, 2.1387263008076429, 2.0293122175894074, 1.9427710808093424, 1.9284639383069138, 1.9765302051512144, 1.9236547134893325, 2.0229175958520118, 1.9667156902102054, 1.9745092861175941, 1.9617454882767584, 1.9221652064322135, 2.1900139849107041, 1.9221652064322135, 1.978739421876105, 1.9670665721100122, 1.9221652064322135, 1.9221652064322135, 2.1241055073856159, 1.9680948435705912, 1.9698224681917775, 1.9964233339288118, 2.0640203301534283, 1.9312168880521157, 1.9433244563856789, 1.9723399788606968, 1.9277940485119389, 1.9810814915951207, 1.9262964331365979, 1.9766258903774427, 2.1875694678551985, 1.9388598798232828, 1.9279367596803563, 1.9221652064322135], 'fneg': array([1, 0, 3, 3, 1, 1, 1, 1, 3, 1, 1, 0, 1, 0, 1, 1, 1, 1, 0, 4, 0, 1, 1,
       0, 0, 3, 1, 1, 1, 1, 1, 1, 1, 0, 1, 0, 1, 4, 1, 0, 0]), 'sensitivity': array([0.72727273, 0.90909091, 0.31818182, 0.27272727, 0.40909091,
       0.40909091, 0.72727273, 0.72727273, 0.27272727, 0.5, 0.72727273,
       0.90909091, 0.63636364, 0.90909091, 0.54545455, 0.63636364,
       0.63636364, 0.68181818, 0.90909091, 0.0, 0.90909091, 0.63636364,
       0.63636364, 0.90909091, 0.90909091, 0.27272727, 0.63636364,
       0.63636364, 0.59090909, 0.40909091, 0.86363636, 0.72727273,
       0.63636364, 0.90909091, 0.63636364, 0.90909091, 0.63636364,
       0.090909091, 0.72727273, 0.90909091, 0.90909091]), 'tpos': array([3, 4, 1, 1, 3, 3, 3, 3, 1, 3, 3, 4, 3, 4, 3, 3, 3, 3, 4, 0, 4, 3, 3,
       4, 4, 1, 3, 3, 3, 3, 3, 3, 3, 4, 3, 4, 3, 0, 3, 4, 4])}, {'specificity': array([0.21428571, 0.54761905, 0.14285714, 0.095238095, 0.9047619,
       0.92857143, 0.83333333, 0.85714286, 0.47619048, 0.52380952,
       0.97619048, 0.80952381, 0.19047619, 0.78571429, 0.28571429,
       0.16666667, 0.57142857, 0.095238095, 0.095238095, 0.71428571,
       0.5952381, 0.095238095, 0.95238095, 0.42857143, 0.23809524,
       0.61904762, 0.64285714, 0.88095238, 0.35714286, 0.76190476,
       0.38095238, 0.4047619, 0.5, 0.66666667, 0.30952381, 0.73809524,
       0.26190476, 0.11904762, 0.69047619, 1.0, 0.45238095, 0.33333333]), 'tneg': array([ 3,  5,  3,  3, 12, 12, 11, 11,  4,  5, 12, 10,  3, 10,  3,  3,  5,
        3,  3,  9,  7,  3, 12,  4,  3,  7,  7, 11,  3, 10,  4,  4,  5,  7,
        3,  9,  3,  3,  9, 12,  4,  3]), 'fpos': array([10,  8, 10, 10,  1,  1,  2,  2,  9,  8,  1,  3, 10,  3, 10, 10,  8,
       10, 10,  4,  6, 10,  1,  9, 10,  6,  6,  2, 10,  3,  9,  9,  8,  6,
       10,  4, 10, 10,  4,  1,  9, 10]), 'threshold': [1.9235273650390259, 1.9383310454926657, 1.9216306533449965, 1.9215710303812419, 2.0436757036408588, 2.0506729845224378, 2.0099981986490358, 2.0126244148407686, 1.9342686173210788, 1.9377106159463013, 2.0633544381897293, 1.9917206037483988, 1.922546216561946, 1.9875340195228757, 1.9247128098477941, 1.9223934765577395, 1.9474843979606067, 1.9215710303812419, 1.9215710303812419, 1.958610393720535, 1.9509681326604575, 1.9215710303812419, 2.0537821467205832, 1.9304494157692791, 1.9240620427345783, 1.9516413460659103, 1.9527724287606671, 2.0144441427668913, 1.9254924677797149, 1.9818005701112367, 1.926856606118089, 1.9274972022551349, 1.9354240752863117, 1.9544206529851662, 1.9252562556262518, 1.9601437560589774, 1.9242757608974335, 1.9215793074515042, 1.9572266562618048, 2.0953322534669105, 1.9325010992953378, 1.9253496891944966], 'fneg': array([1, 1, 1, 1, 2, 2, 2, 2, 1, 1, 2, 2, 1, 2, 1, 1, 2, 1, 1, 2, 2, 1, 2,
       1, 1, 2, 2, 2, 1, 2, 1, 1, 1, 2, 1, 2, 1, 1, 2, 3, 1, 1]), 'sensitivity': array([0.90909091, 0.68181818, 0.95454545, 0.95454545, 0.31818182,
       0.27272727, 0.45454545, 0.45454545, 0.68181818, 0.68181818,
       0.27272727, 0.54545455, 0.95454545, 0.59090909, 0.90909091,
       0.95454545, 0.68181818, 0.95454545, 0.95454545, 0.68181818,
       0.68181818, 0.95454545, 0.27272727, 0.72727273, 0.90909091,
       0.68181818, 0.68181818, 0.45454545, 0.90909091, 0.59090909,
       0.86363636, 0.81818182, 0.68181818, 0.68181818, 0.90909091,
       0.68181818, 0.90909091, 0.95454545, 0.68181818, 0.090909091,
       0.68181818, 0.90909091]), 'tpos': array([2, 2, 2, 2, 1, 1, 1, 1, 2, 2, 1, 1, 2, 1, 2, 2, 1, 2, 2, 1, 1, 2, 1,
       2, 2, 1, 1, 1, 2, 1, 2, 2, 2, 1, 2, 1, 2, 2, 1, 0, 2, 2])}, {'specificity': array([0.30232558, 0.46511628, 0.41860465, 0.30232558, 0.93023256,
       0.90697674, 0.95348837, 0.72093023, 0.81395349, 0.62790698,
       0.60465116, 0.37209302, 0.58139535, 0.86046512, 0.30232558,
       0.30232558, 0.8372093, 0.79069767, 0.51162791, 0.30232558, 1.0,
       0.30232558, 0.69767442, 0.30232558, 0.30232558, 0.30232558,
       0.44186047, 0.30232558, 0.34883721, 0.48837209, 0.76744186,
       0.74418605, 0.3255814, 0.88372093, 0.53488372, 0.30232558,
       0.65116279, 0.39534884, 0.6744186, 0.30232558, 0.55813953, 1.0,
       0.30232558]), 'tneg': array([ 3,  3,  3,  3, 12, 11, 12,  9, 10,  6,  6,  3,  6, 10,  3,  3, 10,
        9,  5,  3, 12,  3,  8,  3,  3,  3,  3,  3,  3,  4,  9,  9,  3, 10,
        6,  3,  8,  3,  8,  3,  6, 12,  3]), 'fpos': array([9, 9, 9, 9, 0, 1, 0, 3, 2, 6, 6, 9, 6, 2, 9, 9, 2, 3, 7, 9, 0, 9, 4,
       9, 9, 9, 9, 9, 9, 8, 3, 3, 9, 2, 6, 9, 4, 9, 4, 9, 6, 0, 9]), 'threshold': [1.9352526229933795, 1.9352762929214995, 1.9352701845529523, 1.9352526229933795, 1.9679163602529166, 1.964821326264709, 1.9712682002354582, 1.9433487564718452, 1.9478963520167076, 1.9376423949297534, 1.936438579714489, 1.9352648821496996, 1.9364287808732779, 1.9548484389693732, 1.9352526229933795, 1.9352526229933795, 1.9532657352272846, 1.9460059816282849, 1.9364168610707659, 1.9352526229933795, 1.9776718490148919, 1.9352526229933795, 1.9416540235538338, 1.9352526229933795, 1.9352526229933795, 1.9352526229933795, 1.9352746809909107, 1.9352526229933795, 1.9352644579574394, 1.9354844864828131, 1.9456732876385983, 1.94370109056318, 1.9352639489267272, 1.9612408466539111, 1.9364216544433064, 1.9352526229933795, 1.9408910289353849, 1.9352650518266037, 1.9415691851017909, 1.9352526229933795, 1.9364226129057183, 1.9776718490148919, 1.9352526229933795], 'fneg': array([0, 0, 0, 0, 2, 2, 2, 2, 2, 1, 1, 0, 1, 2, 0, 0, 2, 2, 1, 0, 4, 0, 2,
       0, 0, 0, 0, 0, 0, 0, 2, 2, 0, 2, 1, 0, 2, 0, 2, 0, 1, 4, 0]), 'sensitivity': array([0.9047619, 0.9047619, 0.9047619, 0.9047619, 0.33333333, 0.33333333,
       0.28571429, 0.66666667, 0.66666667, 0.80952381, 0.85714286,
       0.9047619, 0.85714286, 0.42857143, 0.9047619, 0.9047619, 0.47619048,
       0.66666667, 0.85714286, 0.9047619, 0.0, 0.9047619, 0.66666667,
       0.9047619, 0.9047619, 0.9047619, 0.9047619, 0.9047619, 0.9047619,
       0.85714286, 0.66666667, 0.66666667, 0.9047619, 0.38095238,
       0.85714286, 0.9047619, 0.66666667, 0.9047619, 0.66666667, 0.9047619,
       0.85714286, 0.0, 0.9047619]), 'tpos': array([4, 4, 4, 4, 2, 2, 2, 2, 2, 3, 3, 4, 3, 2, 4, 4, 2, 2, 3, 4, 0, 4, 2,
       4, 4, 4, 4, 4, 4, 4, 2, 2, 4, 2, 3, 4, 2, 4, 2, 4, 3, 0, 4])}, {'specificity': array([0.33333333, 0.12820513, 0.87179487, 0.94871795, 0.97435897,
       0.74358974, 0.92307692, 0.56410256, 0.43589744, 0.66666667,
       0.20512821, 0.76923077, 0.58974359, 0.30769231, 0.46153846,
       0.53846154, 0.12820513, 1.0, 0.12820513, 0.64102564, 0.69230769,
       0.12820513, 0.12820513, 0.41025641, 0.8974359, 0.79487179,
       0.23076923, 0.84615385, 0.51282051, 0.71794872, 0.48717949,
       0.35897436, 0.61538462, 0.82051282, 0.25641026, 0.17948718,
       0.38461538, 0.28205128, 0.15384615]), 'tneg': array([11, 10, 14, 14, 14, 14, 14, 13, 11, 13, 10, 14, 13, 11, 12, 12, 10,
       14, 10, 13, 13, 10, 10, 11, 14, 14, 10, 14, 12, 13, 12, 11, 13, 14,
       10, 10, 11, 10, 10]), 'fpos': array([3, 4, 0, 0, 0, 0, 0, 1, 3, 1, 4, 0, 1, 3, 2, 2, 4, 0, 4, 1, 1, 4, 4,
       3, 0, 0, 4, 0, 2, 1, 2, 3, 1, 0, 4, 4, 3, 4, 4]), 'threshold': [1.9288183385267699, 1.920931075967862, 2.0453478451140938, 2.1496648569884278, 2.1539365700156945, 1.9831345519820096, 2.1201707512137595, 1.96170980046991, 1.9450688355238934, 1.9755839215639561, 1.9218323507306763, 1.9868390889375265, 1.9674246298338405, 1.9272099145913049, 1.9491932917821129, 1.9518746317036688, 1.920931075967862, 2.2352394073158894, 1.920931075967862, 1.9714664322926592, 1.9783197306559983, 1.920931075967862, 1.920931075967862, 1.9433831413698315, 2.0895422932955916, 1.9982554470539895, 1.9231804627002127, 2.0274857573692677, 1.9507025944945418, 1.9789616434965551, 1.9498925239241698, 1.9291172856019971, 1.9680852268665989, 2.0071782572145849, 1.9233732784968345, 1.9209995788667791, 1.9308002445803294, 1.9243589541893611, 1.9209515019067944], 'fneg': array([2, 2, 2, 2, 2, 2, 2, 2, 2, 2, 2, 2, 2, 2, 2, 2, 2, 2, 2, 2, 2, 2, 2,
       2, 2, 2, 2, 2, 2, 2, 2, 2, 2, 2, 2, 2, 2, 2, 2]), 'sensitivity': array([0.84, 0.92, 0.4, 0.24, 0.24, 0.64, 0.28, 0.68, 0.72, 0.64, 0.92,
       0.64, 0.68, 0.84, 0.72, 0.68, 0.92, 0.0, 0.92, 0.68, 0.64, 0.92,
       0.92, 0.76, 0.36, 0.56, 0.92, 0.4, 0.68, 0.64, 0.72, 0.84, 0.68,
       0.52, 0.92, 0.92, 0.8, 0.92, 0.92]), 'tpos': array([0, 0, 0, 0, 0, 0, 0, 0, 0, 0, 0, 0, 0, 0, 0, 0, 0, 0, 0, 0, 0, 0, 0,
       0, 0, 0, 0, 0, 0, 0, 0, 0, 0, 0, 0, 0, 0, 0, 0])}, {'specificity': array([0.2195122, 0.34146341, 0.26829268, 0.2195122, 0.97560976,
       0.75609756, 0.73170732, 0.65853659, 0.95121951, 0.90243902,
       0.53658537, 0.43902439, 0.36585366, 0.2195122, 0.2195122, 0.7804878,
       0.85365854, 0.46341463, 1.0, 0.92682927, 0.2195122, 0.2195122,
       0.2195122, 0.82926829, 0.29268293, 0.51219512, 0.3902439,
       0.68292683, 0.80487805, 0.24390244, 0.87804878, 0.41463415,
       0.63414634, 0.70731707, 0.6097561, 0.48780488, 0.2195122,
       0.31707317, 0.58536585, 0.56097561, 0.2195122]), 'tneg': array([2, 5, 3, 2, 8, 6, 6, 5, 7, 7, 5, 5, 5, 2, 2, 6, 7, 5, 9, 7, 2, 2, 2,
       7, 3, 5, 5, 5, 6, 2, 7, 5, 5, 5, 5, 5, 2, 4, 5, 5, 2]), 'fpos': array([7, 4, 6, 7, 1, 3, 3, 4, 2, 2, 4, 4, 4, 7, 7, 3, 2, 4, 0, 2, 7, 7, 7,
       2, 6, 4, 4, 4, 3, 7, 2, 4, 4, 4, 4, 4, 7, 5, 4, 4, 7]), 'threshold': [1.894931693499013, 1.8951575127513645, 1.8949366959621805, 1.894931693499013, 1.9023192090402241, 1.8972796469956146, 1.8969701699932124, 1.8959717480961122, 1.9015966855202127, 1.9001065727172324, 1.8955407406649953, 1.895235481425656, 1.8951913965378298, 1.894931693499013, 1.894931693499013, 1.8974688687069719, 1.8996782790406444, 1.8952566465312577, 1.9058303060642365, 1.900509516220994, 1.894931693499013, 1.894931693499013, 1.894931693499013, 1.8983095440858029, 1.8949372626900338, 1.895387789536255, 1.8952180545441644, 1.8964226454951607, 1.897753104522673, 1.8949331430144842, 1.9000007580878366, 1.895233704951808, 1.8959673777524737, 1.8966281497336905, 1.8959419512893589, 1.8953750055944993, 1.894931693499013, 1.8950833973796328, 1.8959074613765559, 1.8956132129400996, 1.894931693499013], 'fneg': array([1, 1, 1, 1, 5, 1, 1, 1, 4, 3, 1, 1, 1, 1, 1, 1, 2, 1, 6, 4, 1, 1, 1,
       2, 1, 1, 1, 1, 2, 1, 3, 1, 1, 1, 1, 1, 1, 1, 1, 1, 1]), 'sensitivity': array([0.91666667, 0.83333333, 0.875, 0.91666667, 0.375, 0.5, 0.54166667,
       0.625, 0.45833333, 0.45833333, 0.75, 0.79166667, 0.83333333,
       0.91666667, 0.91666667, 0.5, 0.45833333, 0.79166667, 0.0,
       0.45833333, 0.91666667, 0.91666667, 0.91666667, 0.45833333, 0.875,
       0.75, 0.83333333, 0.625, 0.45833333, 0.91666667, 0.45833333,
       0.79166667, 0.625, 0.58333333, 0.625, 0.75, 0.91666667, 0.83333333,
       0.625, 0.70833333, 0.91666667]), 'tpos': array([5, 5, 5, 5, 1, 5, 5, 5, 2, 3, 5, 5, 5, 5, 5, 5, 4, 5, 0, 2, 5, 5, 5,
       4, 5, 5, 5, 5, 4, 5, 3, 5, 5, 5, 5, 5, 5, 5, 5, 5, 5])}], <Model object at 0x0000000000000D60>)
#lasso
([{'specificity': array([0.52380952, 0.095238095, 0.28571429, 0.57142857, 0.69047619,
       0.97619048, 0.66666667, 0.83333333, 0.35714286, 0.38095238,
       0.16666667, 0.85714286, 0.23809524, 0.14285714, 0.76190476, 0.5,
       0.54761905, 0.64285714, 0.80952381, 1.0, 0.95238095, 0.4047619,
       0.45238095, 0.33333333, 0.92857143, 0.61904762, 0.71428571,
       0.11904762, 0.78571429, 0.9047619, 0.26190476, 0.5952381,
       0.071428571, 0.19047619, 0.73809524, 0.047619048, 0.47619048,
       0.88095238, 0.21428571, 0.42857143, 0.30952381, 0.023809524]), 'tneg': array([12, 12, 12, 12, 12, 12, 12, 12, 12, 12, 12, 12, 12, 12, 12, 12, 12,
       12, 12, 12, 12, 12, 12, 12, 12, 12, 12, 12, 12, 12, 12, 12, 12, 12,
       12, 12, 12, 12, 12, 12, 12, 12]), 'fpos': array([0, 0, 0, 0, 0, 0, 0, 0, 0, 0, 0, 0, 0, 0, 0, 0, 0, 0, 0, 0, 0, 0, 0,
       0, 0, 0, 0, 0, 0, 0, 0, 0, 0, 0, 0, 0, 0, 0, 0, 0, 0, 0]), 'threshold': [1.8433506379388418, 1.2559470874438894, 1.5824249363613161, 1.9204972693652345, 2.0578263872593432, 2.6135458571161276, 2.0470569070007851, 2.3584800902196221, 1.6592046176110258, 1.6610684468916863, 1.5186484753522413, 2.3636404175241967, 1.57176330070068, 1.3107271260021385, 2.1991589956511177, 1.7761899982432157, 1.8898349807307033, 1.998372294284998, 2.2617237955451186, 3.54882028423435, 2.4853638286880271, 1.7318071038853227, 1.7352822436848483, 1.6328801840240972, 2.4555508605945247, 1.9615879480799376, 2.0935272857023253, 1.308991031724174, 2.2201521806682405, 2.4482803672263596, 1.5767284440063443, 1.955852990068881, 1.1640043696247937, 1.5281275466353104, 2.1981005041811934, 1.1142328209868988, 1.7597740190173621, 2.3967005711975036, 1.5648829808183105, 1.7328009756982141, 1.6204043927016163, 0.48406665853883246], 'fneg': array([5, 5, 5, 5, 5, 5, 5, 5, 5, 5, 5, 5, 5, 5, 5, 5, 5, 5, 5, 5, 5, 5, 5,
       5, 5, 5, 5, 5, 5, 5, 5, 5, 5, 5, 5, 5, 5, 5, 5, 5, 5, 5]), 'sensitivity': array([0.77272727, 1.0, 0.90909091, 0.72727273, 0.59090909, 0.22727273,
       0.59090909, 0.36363636, 0.86363636, 0.86363636, 1.0, 0.36363636,
       0.90909091, 1.0, 0.54545455, 0.81818182, 0.72727273, 0.59090909,
       0.45454545, 0.090909091, 0.27272727, 0.81818182, 0.81818182,
       0.86363636, 0.27272727, 0.72727273, 0.59090909, 1.0, 0.54545455,
       0.27272727, 0.90909091, 0.72727273, 1.0, 1.0, 0.54545455, 1.0,
       0.81818182, 0.31818182, 0.90909091, 0.81818182, 0.86363636, 1.0]), 'tpos': array([0, 0, 0, 0, 0, 0, 0, 0, 0, 0, 0, 0, 0, 0, 0, 0, 0, 0, 0, 0, 0, 0, 0,
       0, 0, 0, 0, 0, 0, 0, 0, 0, 0, 0, 0, 0, 0, 0, 0, 0, 0, 0])}, {'specificity': array([0.54054054, 0.43243243, 0.86486486, 0.7027027, 0.89189189,
       0.35135135, 0.27027027, 0.91891892, 0.51351351, 0.45945946,
       0.62162162, 0.10810811, 0.56756757, 0.24324324, 0.48648649,
       0.94594595, 1.0, 0.67567568, 0.054054054, 0.40540541, 0.16216216,
       0.83783784, 0.64864865, 0.75675676, 0.37837838, 0.2972973,
       0.59459459, 0.78378378, 0.72972973, 0.13513514, 0.18918919,
       0.81081081, 0.97297297, 0.32432432, 0.21621622, 0.081081081,
       0.054054054]), 'tneg': array([13, 11, 14, 14, 14, 11, 10, 14, 13, 11, 14, 10, 13, 10, 11, 14, 14,
       14, 10, 11, 10, 14, 14, 14, 11, 10, 13, 14, 14, 10, 10, 14, 14, 10,
       10, 10, 10]), 'fpos': array([1, 3, 0, 0, 0, 3, 4, 0, 1, 3, 0, 4, 1, 4, 3, 0, 0, 0, 4, 3, 4, 0, 0,
       0, 3, 4, 1, 0, 0, 4, 4, 0, 0, 4, 4, 4, 4]), 'threshold': [1.954544098898104, 1.9422856408186675, 2.0086057753530335, 1.9667451104663805, 2.0515867452389007, 1.9356502746848867, 1.9327714790419974, 2.0523192372719894, 1.9534806522205157, 1.9431779243418432, 1.9620703761128144, 1.9287917886545176, 1.9570188083310911, 1.9321211374805, 1.9457314511723949, 2.1141671707156853, 2.1228278694784279, 1.9637641659077421, 1.9282337928498683, 1.9421342800452348, 1.929626429603355, 1.9998603772973855, 1.9625905317241055, 1.9942037585482879, 1.9403226562803164, 1.9333020260017235, 1.9573699574829275, 1.9993478681500374, 1.9816310111944828, 1.9289004076551415, 1.9297458054141778, 1.9993927932823965, 2.1204634551901735, 1.9343439769006632, 1.9303560553888437, 1.9282464389248508, 1.9282337928498683], 'fneg': array([1, 1, 2, 2, 2, 1, 1, 2, 1, 1, 1, 1, 1, 1, 1, 2, 2, 1, 1, 1, 1, 2, 1,
       2, 1, 1, 1, 2, 2, 1, 1, 2, 2, 1, 1, 1, 1]), 'sensitivity': array([0.67857143, 0.71428571, 0.39285714, 0.64285714, 0.28571429, 0.75,
       0.75, 0.28571429, 0.67857143, 0.71428571, 0.64285714, 0.89285714,
       0.67857143, 0.75, 0.71428571, 0.071428571, 0.035714286, 0.64285714,
       0.92857143, 0.71428571, 0.85714286, 0.39285714, 0.64285714,
       0.42857143, 0.71428571, 0.75, 0.67857143, 0.39285714, 0.53571429,
       0.85714286, 0.85714286, 0.39285714, 0.035714286, 0.75, 0.85714286,
       0.89285714, 0.92857143]), 'tpos': array([1, 1, 0, 0, 0, 1, 1, 0, 1, 1, 1, 1, 1, 1, 1, 0, 0, 1, 1, 1, 1, 0, 1,
       0, 1, 1, 1, 0, 0, 1, 1, 0, 0, 1, 1, 1, 1])}, {'specificity': array([0.51282051, 0.35897436, 0.051282051, 0.94871795, 0.92307692,
       0.82051282, 0.43589744, 0.87179487, 0.23076923, 0.38461538,
       0.8974359, 0.53846154, 0.41025641, 0.56410256, 0.20512821,
       0.48717949, 0.69230769, 0.33333333, 0.17948718, 0.97435897,
       0.025641026, 0.1025641, 0.84615385, 0.61538462, 0.74358974,
       0.71794872, 0.25641026, 0.30769231, 0.64102564, 0.76923077,
       0.79487179, 0.66666667, 0.12820513, 0.58974359, 1.0, 0.15384615,
       0.28205128, 0.46153846, 0.076923077]), 'tneg': array([ 8,  7,  3, 11, 11, 10,  8, 11,  3,  7, 11,  8,  7,  8,  3,  8, 10,
        7,  3, 11,  2,  3, 11,  8, 10, 10,  3,  7, 10, 10, 10, 10,  3,  8,
       11,  3,  6,  8,  3]), 'fpos': array([3, 4, 8, 0, 0, 1, 3, 0, 8, 4, 0, 3, 4, 3, 8, 3, 1, 4, 8, 0, 9, 8, 0,
       3, 1, 1, 8, 4, 1, 1, 1, 1, 8, 3, 0, 8, 5, 3, 8]), 'threshold': [1.9420655056148659, 1.9351602192419539, 1.9222720053563613, 2.0000010664506469, 1.9931127565251472, 1.9734067586175557, 1.9391594823197198, 1.9870320988532515, 1.9264906251990652, 1.9359200819952052, 1.9900834524451345, 1.94408095715637, 1.9361170114639565, 1.9451974934489618, 1.9262627676790636, 1.940752257397192, 1.9541079087363904, 1.9349582328288986, 1.9257978942521741, 2.0237250603294696, 1.9200082469145003, 1.9230951902443108, 1.9817639759815175, 1.9464345448016482, 1.9631964371625703, 1.9548186029274681, 1.9274278982777231, 1.9327144661333844, 1.9504494047845602, 1.9646208850603806, 1.9665836879213565, 1.9538183619300498, 1.9231716291636085, 1.9456283751112902, 2.10799911013749, 1.9250586305852571, 1.9314491963845561, 1.9403885643726562, 1.9229922921333169], 'fneg': array([3, 3, 2, 5, 5, 5, 3, 5, 2, 3, 5, 3, 3, 3, 2, 3, 4, 3, 2, 5, 2, 2, 5,
       3, 5, 4, 2, 3, 3, 5, 5, 4, 2, 3, 5, 2, 3, 3, 2]), 'sensitivity': array([0.76923077, 0.92307692, 1.0, 0.34615385, 0.38461538, 0.5,
       0.88461538, 0.42307692, 1.0, 0.92307692, 0.42307692, 0.76923077,
       0.92307692, 0.73076923, 1.0, 0.84615385, 0.73076923, 0.92307692,
       1.0, 0.26923077, 1.0, 1.0, 0.46153846, 0.73076923, 0.65384615,
       0.73076923, 1.0, 1.0, 0.73076923, 0.65384615, 0.65384615,
       0.73076923, 1.0, 0.73076923, 0.0, 1.0, 1.0, 0.88461538, 1.0]), 'tpos': array([2, 2, 3, 0, 0, 0, 2, 0, 3, 2, 0, 2, 2, 2, 3, 2, 1, 2, 3, 0, 3, 3, 0,
       2, 0, 1, 3, 2, 2, 0, 0, 1, 3, 2, 0, 3, 2, 2, 3])}, {'specificity': array([1.0, 0.34146341, 0.53658537, 0.46341463, 0.34146341, 0.90243902,
       0.82926829, 0.92682927, 0.95121951, 0.6097561, 0.48780488,
       0.34146341, 0.87804878, 0.34146341, 0.85365854, 0.68292683,
       0.41463415, 0.34146341, 0.58536585, 0.97560976, 0.34146341,
       0.7804878, 0.34146341, 0.34146341, 0.70731707, 0.56097561,
       0.43902439, 0.34146341, 0.3902439, 0.34146341, 0.51219512,
       0.80487805, 0.34146341, 0.75609756, 0.34146341, 0.36585366,
       0.65853659, 0.73170732, 0.63414634, 0.34146341, 0.34146341]), 'tneg': array([11,  2,  5,  3,  2, 11,  9, 11, 11,  5,  3,  2, 11,  2,  9,  7,  2,
        2,  5, 11,  2,  8,  2,  2,  7,  5,  3,  2,  2,  2,  5,  8,  2,  8,
        2,  2,  7,  7,  5,  2,  2]), 'fpos': array([ 2, 11,  8, 10, 11,  2,  4,  2,  2,  8, 10, 11,  2, 11,  4,  6, 11,
       11,  8,  2, 11,  5, 11, 11,  6,  8, 10, 11, 11, 11,  8,  5, 11,  5,
       11, 11,  6,  6,  8, 11, 11]), 'threshold': [2.2182294860864782, 2.0156014486186642, 2.0168524329023421, 2.0157145479754841, 2.0156014486186642, 2.1568862596679566, 2.0701076364991069, 2.1876906328749182, 2.2104128611836851, 2.02116926104132, 2.0157644089822542, 2.0156014486186642, 2.1565238552772863, 2.0156014486186642, 2.0760155577403, 2.0270202272300644, 2.0156600251672683, 2.0156014486186642, 2.0211643965528547, 2.2151381036667348, 2.0156014486186642, 2.0461885413408392, 2.0156014486186642, 2.0156014486186642, 2.0304695549260514, 2.0190465198872438, 2.0157068458687473, 2.0156014486186642, 2.0156579982970744, 2.0156014486186642, 2.0167093358666528, 2.0541235354629563, 2.0156014486186642, 2.0425428099230634, 2.0156014486186642, 2.0156280006182046, 2.0238708763227757, 2.0320904480872923, 2.021191879899249, 2.0156014486186642, 2.0156014486186642], 'fneg': array([3, 2, 2, 2, 2, 2, 2, 3, 3, 2, 2, 2, 2, 2, 2, 2, 2, 2, 2, 3, 2, 2, 2,
       2, 2, 2, 2, 2, 2, 2, 2, 2, 2, 2, 2, 2, 2, 2, 2, 2, 2]), 'sensitivity': array([0.041666667, 0.91666667, 0.79166667, 0.875, 0.91666667, 0.25, 0.625,
       0.16666667, 0.125, 0.79166667, 0.83333333, 0.91666667, 0.25,
       0.91666667, 0.58333333, 0.75, 0.91666667, 0.91666667, 0.79166667,
       0.125, 0.91666667, 0.625, 0.91666667, 0.91666667, 0.75, 0.79166667,
       0.875, 0.91666667, 0.91666667, 0.91666667, 0.79166667, 0.625,
       0.91666667, 0.625, 0.91666667, 0.91666667, 0.79166667, 0.75,
       0.79166667, 0.91666667, 0.91666667]), 'tpos': array([0, 1, 1, 1, 1, 1, 1, 0, 0, 1, 1, 1, 1, 1, 1, 1, 1, 1, 1, 0, 1, 1, 1,
       1, 1, 1, 1, 1, 1, 1, 1, 1, 1, 1, 1, 1, 1, 1, 1, 1, 1])}, {'specificity': array([0.8, 0.3, 0.15, 0.7, 0.55, 0.75, 0.25, 0.5, 0.65, 0.05, 0.1, 0.125,
       0.275, 0.825, 0.375, 0.075, 0.575, 0.775, 0.95, 0.925, 0.325, 0.475,
       0.85, 0.525, 0.025, 0.9, 0.6, 0.725, 0.175, 0.425, 0.45, 0.2, 0.35,
       0.625, 0.875, 0.225, 0.675, 1.0, 0.975, 0.4]), 'tneg': array([5, 2, 1, 4, 3, 5, 2, 2, 4, 0, 0, 0, 2, 5, 2, 0, 3, 5, 8, 8, 2, 2, 6,
       3, 0, 8, 3, 4, 1, 2, 2, 1, 2, 3, 6, 1, 4, 9, 8, 2]), 'fpos': array([ 5,  8,  9,  6,  7,  5,  8,  8,  6, 10, 10, 10,  8,  5,  8, 10,  7,
        5,  2,  2,  8,  8,  4,  7, 10,  2,  7,  6,  9,  8,  8,  9,  8,  7,
        4,  9,  6,  1,  2,  8]), 'threshold': [1.9362195561652487, 1.9059967751135216, 1.8902114425818439, 1.9300839281764071, 1.9172859740412116, 1.932017863563354, 1.897359838145295, 1.9156203401034784, 1.9214111761468127, 1.87641821000652, 1.8879160941503401, 1.8892299347290049, 1.9059685783348404, 1.9375156111407361, 1.9081758517594818, 1.8834424236238576, 1.9173339791752733, 1.9349472353908799, 1.9636264985217709, 1.95854689070962, 1.9064998371560169, 1.9135081100071567, 1.942698432980992, 1.9160040049631673, 1.8709692039315895, 1.9580346670426683, 1.9194551792827794, 1.93014871431218, 1.8929135005171716, 1.9132768660503488, 1.9133256325897292, 1.8930160300573142, 1.9074314596928119, 1.9201018933519274, 1.9448797120371872, 1.8945566269357881, 1.9284066274229201, 1.9815724333468909, 1.96865572159703, 1.9096739160069889], 'fneg': array([2, 1, 0, 2, 1, 2, 0, 1, 1, 0, 0, 0, 1, 3, 1, 0, 1, 2, 5, 5, 1, 1, 4,
       1, 0, 5, 1, 2, 0, 1, 1, 0, 1, 1, 4, 0, 1, 5, 5, 1]), 'sensitivity': array([0.56, 0.92, 0.96, 0.6, 0.8, 0.6, 0.92, 0.84, 0.68, 1.0, 0.96, 0.96,
       0.92, 0.56, 0.92, 1.0, 0.8, 0.56, 0.24, 0.36, 0.92, 0.84, 0.48, 0.8,
       1.0, 0.36, 0.8, 0.6, 0.96, 0.84, 0.84, 0.96, 0.92, 0.76, 0.44, 0.92,
       0.6, 0.04, 0.2, 0.92]), 'tpos': array([4, 5, 6, 4, 5, 4, 6, 5, 5, 6, 6, 6, 5, 3, 5, 6, 5, 4, 1, 1, 5, 5, 2,
       5, 6, 1, 5, 4, 6, 5, 5, 6, 5, 5, 2, 6, 5, 1, 1, 5])}], <Model object at 0x000000000000108C>)
