#lasso
([{'specificity': array([0.88095238, 0.5, 0.11904762, 0.71428571, 0.83333333, 0.97619048,
       0.92857143, 0.85714286, 0.28571429, 0.30952381, 0.26190476,
       0.69047619, 0.45238095, 0.14285714, 0.95238095, 0.42857143,
       0.80952381, 0.35714286, 0.54761905, 0.73809524, 1.0, 0.57142857,
       0.16666667, 0.4047619, 0.33333333, 0.095238095, 0.9047619,
       0.66666667, 0.23809524, 0.52380952, 0.78571429, 0.023809524,
       0.38095238, 0.47619048, 0.21428571, 0.047619048, 0.19047619,
       0.61904762, 0.071428571, 0.76190476, 0.64285714, 0.5952381]), 'tneg': array([7, 3, 1, 7, 7, 8, 8, 7, 2, 2, 2, 7, 2, 2, 8, 2, 7, 2, 4, 7, 8, 4, 2,
       2, 2, 1, 8, 7, 2, 4, 7, 0, 2, 2, 2, 1, 2, 4, 1, 7, 6, 4]), 'fpos': array([1, 5, 7, 1, 1, 0, 0, 1, 6, 6, 6, 1, 6, 6, 0, 6, 1, 6, 4, 1, 0, 4, 6,
       6, 6, 7, 0, 1, 6, 4, 1, 8, 6, 6, 6, 7, 6, 4, 7, 1, 2, 4]), 'threshold': [2.21449446544574, 1.8099144338540014, 1.5043719865637677, 2.072076135989303, 2.1686507831773247, 2.5988340507887076, 2.2872818020275179, 2.1859451290815555, 1.645202143805262, 1.6477826549908921, 1.63313528150501, 2.0583498390299728, 1.7579119087547381, 1.5511617892994161, 2.3430765590251452, 1.7546934762888207, 2.1464285449431042, 1.7185692305153528, 1.883034210144968, 2.0868758885450602, 2.6239647205728462, 1.88556643567956, 1.5580042816523858, 1.7501492640362852, 1.6990118649001424, 1.4757111885020089, 2.273771637908129, 2.0538556096921416, 1.6166940643395784, 1.8417656841377386, 2.1406583518049076, 1.2114813196995273, 1.7283487848175145, 1.7961110623807246, 1.6057787295855319, 1.4066731499891518, 1.5879072281340279, 1.9469047916208169, 1.4651340670535136, 2.1218090240697043, 2.0207883456125408, 1.9385755718434465], 'fneg': array([2, 1, 0, 2, 2, 6, 3, 2, 0, 0, 0, 2, 1, 0, 5, 1, 2, 1, 2, 2, 6, 2, 0,
       1, 1, 0, 3, 2, 0, 2, 2, 0, 1, 1, 0, 0, 0, 2, 0, 2, 2, 2]), 'sensitivity': array([0.5, 0.85, 1.0, 0.7, 0.55, 0.05, 0.35, 0.55, 0.95, 0.95, 0.95, 0.7,
       0.9, 0.95, 0.25, 0.9, 0.6, 0.9, 0.75, 0.65, 0.05, 0.7, 0.95, 0.9,
       0.9, 1.0, 0.4, 0.7, 0.95, 0.75, 0.6, 1.0, 0.9, 0.85, 0.95, 1.0,
       0.95, 0.7, 1.0, 0.65, 0.7, 0.7]), 'tpos': array([7, 8, 9, 7, 7, 3, 6, 7, 9, 9, 9, 7, 8, 9, 4, 8, 7, 8, 7, 7, 3, 7, 9,
       8, 8, 9, 6, 7, 9, 7, 7, 9, 8, 8, 9, 9, 9, 7, 9, 7, 7, 7])}, {'specificity': array([0.725, 0.225, 0.275, 0.775, 0.9, 0.675, 0.7, 0.625, 0.75, 0.6, 0.3,
       0.8, 0.2, 0.25, 1.0, 0.5, 0.65, 0.575, 0.325, 0.825, 0.875, 0.85,
       0.15, 0.475, 0.125, 0.55, 0.975, 0.1, 0.4, 0.05, 0.425, 0.525,
       0.175, 0.375, 0.925, 0.35, 0.95, 0.075, 0.45, 0.025]), 'tneg': array([ 6,  0,  1,  6,  8,  5,  5,  2,  6,  2,  1,  6,  0,  0, 10,  2,  2,
        2,  1,  6,  7,  6,  0,  2,  0,  2,  8,  0,  2,  0,  2,  2,  0,  1,
        8,  1,  8,  0,  2,  0]), 'fpos': array([ 6, 12, 11,  6,  4,  7,  7, 10,  6, 10, 11,  6, 12, 12,  2, 10, 10,
       10, 11,  6,  5,  6, 12, 10, 12, 10,  4, 12, 10, 12, 10, 10, 12, 11,
        4, 11,  4, 12, 10, 12]), 'threshold': [1.9887252967444515, 1.5952629627608148, 1.6540691189118839, 2.0288335824280819, 2.1726981298794863, 1.9487813722533609, 1.9547267629737564, 1.8275058112405425, 2.0222736720787911, 1.8202326762995063, 1.6764351443281571, 2.0579079989347435, 1.5928909541274119, 1.5976808795463189, 2.3885262907429521, 1.7529923384266923, 1.8435741819785616, 1.7870988769187117, 1.6943521976706735, 2.0725387589833946, 2.1057704744605288, 2.0763775250274294, 1.5572201313918475, 1.7516324472560125, 1.4582877327742878, 1.7637838281429856, 2.2426806495775398, 1.4381438324309077, 1.7377968793123679, 1.2131169289177701, 1.7461503983035054, 1.7564225467762371, 1.5647694412819568, 1.7123228509347177, 2.1894774711582072, 1.7023797918300587, 2.193144403063418, 1.3503843641061637, 1.7512479355975039, 1.0708369228917956], 'fneg': array([1, 0, 0, 1, 1, 1, 1, 0, 1, 0, 0, 1, 0, 0, 3, 0, 0, 0, 0, 1, 1, 1, 0,
       0, 0, 0, 2, 0, 0, 0, 0, 0, 0, 0, 1, 0, 1, 0, 0, 0]), 'sensitivity': array([0.60869565, 0.95652174, 0.91304348, 0.60869565, 0.52173913,
       0.69565217, 0.69565217, 0.82608696, 0.60869565, 0.82608696,
       0.91304348, 0.56521739, 0.95652174, 0.95652174, 0.2173913,
       0.91304348, 0.82608696, 0.82608696, 0.91304348, 0.56521739,
       0.56521739, 0.56521739, 0.95652174, 0.91304348, 1.0, 0.91304348,
       0.43478261, 1.0, 0.91304348, 1.0, 0.91304348, 0.91304348,
       0.95652174, 0.91304348, 0.52173913, 0.91304348, 0.52173913, 1.0,
       0.91304348, 1.0]), 'tpos': array([3, 4, 4, 3, 3, 3, 3, 4, 3, 4, 4, 3, 4, 4, 1, 4, 4, 4, 4, 3, 3, 3, 4,
       4, 4, 4, 2, 4, 4, 4, 4, 4, 4, 4, 3, 4, 3, 4, 4, 4])}, {'specificity': array([0.64102564, 0.41025641, 0.15384615, 0.25641026, 0.58974359,
       0.51282051, 0.69230769, 0.97435897, 0.92307692, 0.76923077,
       0.33333333, 0.38461538, 0.48717949, 0.30769231, 0.66666667,
       0.46153846, 0.74358974, 1.0, 0.84615385, 0.61538462, 0.17948718,
       0.35897436, 0.28205128, 0.20512821, 0.79487179, 0.71794872,
       0.87179487, 0.56410256, 0.94871795, 0.076923077, 0.53846154,
       0.43589744, 0.12820513, 0.8974359, 0.1025641, 0.82051282,
       0.051282051, 0.23076923, 0.025641026]), 'tneg': array([13, 13, 13, 13, 13, 13, 13, 13, 13, 13, 13, 13, 13, 13, 13, 13, 13,
       13, 13, 13, 13, 13, 13, 13, 13, 13, 13, 13, 13, 13, 13, 13, 13, 13,
       13, 13, 13, 13, 13]), 'fpos': array([0, 0, 0, 0, 0, 0, 0, 0, 0, 0, 0, 0, 0, 0, 0, 0, 0, 0, 0, 0, 0, 0, 0,
       0, 0, 0, 0, 0, 0, 0, 0, 0, 0, 0, 0, 0, 0, 0, 0]), 'threshold': [2.0516412529809798, 1.7003959583930735, 1.2389126412411493, 1.596226538346087, 2.0208313724978821, 1.8463490809654966, 2.088667926624868, 2.5094813617754372, 2.422118208508456, 2.2059171792119168, 1.6232871013993691, 1.6862332069953179, 1.7982299152376224, 1.6148396014926507, 2.0665104240709389, 1.7712838550202184, 2.1804395463196982, 3.0919135247641671, 2.2731840843782076, 2.0245002110046544, 1.4761588610831264, 1.6752206596186983, 1.5999775287164888, 1.5206177330340538, 2.2139504304353688, 2.1689986882277843, 2.39508655845448, 1.9988253076130387, 2.4584238234716813, 0.94752569769164041, 1.9091109442539764, 1.7695438163754962, 1.2182522504823872, 2.41358517334032, 0.959428924515499, 2.2551136688176, 0.75176368379381531, 1.5271927847896798, 0.18411023582564234], 'fneg': array([2, 2, 2, 2, 2, 2, 2, 2, 2, 2, 2, 2, 2, 2, 2, 2, 2, 2, 2, 2, 2, 2, 2,
       2, 2, 2, 2, 2, 2, 2, 2, 2, 2, 2, 2, 2, 2, 2, 2]), 'sensitivity': array([0.76, 0.88, 1.0, 1.0, 0.76, 0.84, 0.76, 0.48, 0.56, 0.72, 1.0, 0.88,
       0.84, 1.0, 0.76, 0.84, 0.72, 0.12, 0.68, 0.76, 1.0, 0.92, 1.0, 1.0,
       0.72, 0.72, 0.56, 0.8, 0.56, 1.0, 0.84, 0.84, 1.0, 0.56, 1.0, 0.68,
       1.0, 1.0, 1.0]), 'tpos': array([0, 0, 0, 0, 0, 0, 0, 0, 0, 0, 0, 0, 0, 0, 0, 0, 0, 0, 0, 0, 0, 0, 0,
       0, 0, 0, 0, 0, 0, 0, 0, 0, 0, 0, 0, 0, 0, 0, 0])}, {'specificity': array([0.95454545, 0.29545455, 0.22727273, 0.72727273, 0.61363636, 0.5,
       0.93181818, 0.45454545, 0.79545455, 0.65909091, 0.47727273, 0.25,
       0.86363636, 0.15909091, 0.97727273, 0.43181818, 0.84090909, 0.75,
       0.40909091, 0.52272727, 1.0, 0.54545455, 0.18181818, 0.63636364,
       0.20454545, 0.38636364, 0.81818182, 0.11363636, 0.34090909,
       0.77272727, 0.090909091, 0.27272727, 0.045454545, 0.68181818,
       0.56818182, 0.59090909, 0.13636364, 0.31818182, 0.90909091,
       0.36363636, 0.068181818, 0.88636364, 0.70454545, 0.022727273]), 'tneg': array([11, 11, 11, 11, 11, 11, 11, 11, 11, 11, 11, 11, 11, 11, 11, 11, 11,
       11, 11, 11, 11, 11, 11, 11, 11, 11, 11, 11, 11, 11, 11, 11, 11, 11,
       11, 11, 11, 11, 11, 11, 11, 11, 11, 11]), 'fpos': array([0, 0, 0, 0, 0, 0, 0, 0, 0, 0, 0, 0, 0, 0, 0, 0, 0, 0, 0, 0, 0, 0, 0,
       0, 0, 0, 0, 0, 0, 0, 0, 0, 0, 0, 0, 0, 0, 0, 0, 0, 0, 0, 0, 0]), 'threshold': [2.2623430392172796, 1.5775343103761681, 1.5154182256842086, 1.9305742973296016, 1.8430055399399017, 1.7990948398497078, 2.1623226127367308, 1.7715545345938084, 1.9908506547443199, 1.9023153816523353, 1.7976178169498416, 1.5583424248146187, 2.0609975869384294, 1.4827619859727508, 2.3034784253687395, 1.6622965949871473, 2.0424634002035003, 1.9422715910384818, 1.6585705426989814, 1.8060755825653714, 2.6381686286348396, 1.8195994065836327, 1.4885152439144367, 1.8950346583024145, 1.5014076472011282, 1.6454265892517273, 2.0214452452839233, 1.4224291114979808, 1.6256831251503308, 1.9652446646031818, 1.2897932487691342, 1.5689640036994557, 1.1562151065404336, 1.9026478924883332, 1.8333055675881012, 1.8426264075445804, 1.4386992454025878, 1.5836424670385978, 2.1032981038715253, 1.6381024921451011, 1.2438489893528151, 2.0666059056008117, 1.9092548757041414, 0.65097947185071137], 'fneg': array([5, 5, 5, 5, 5, 5, 5, 5, 5, 5, 5, 5, 5, 5, 5, 5, 5, 5, 5, 5, 5, 5, 5,
       5, 5, 5, 5, 5, 5, 5, 5, 5, 5, 5, 5, 5, 5, 5, 5, 5, 5, 5, 5, 5]), 'sensitivity': array([0.47368421, 0.94736842, 1.0, 0.68421053, 0.78947368, 0.89473684,
       0.47368421, 0.89473684, 0.57894737, 0.68421053, 0.89473684,
       0.94736842, 0.57894737, 1.0, 0.47368421, 0.94736842, 0.57894737,
       0.57894737, 0.94736842, 0.89473684, 0.21052632, 0.84210526, 1.0,
       0.68421053, 1.0, 0.94736842, 0.57894737, 1.0, 0.94736842,
       0.57894737, 1.0, 0.94736842, 1.0, 0.68421053, 0.84210526,
       0.78947368, 1.0, 0.94736842, 0.52631579, 0.94736842, 1.0,
       0.57894737, 0.68421053, 1.0]), 'tpos': array([0, 0, 0, 0, 0, 0, 0, 0, 0, 0, 0, 0, 0, 0, 0, 0, 0, 0, 0, 0, 0, 0, 0,
       0, 0, 0, 0, 0, 0, 0, 0, 0, 0, 0, 0, 0, 0, 0, 0, 0, 0, 0, 0, 0])}, {'specificity': array([0.68421053, 0.13157895, 0.65789474, 0.31578947, 0.34210526, 1.0,
       0.76315789, 0.78947368, 0.39473684, 0.28947368, 0.55263158,
       0.23684211, 0.86842105, 0.47368421, 0.84210526, 0.52631579,
       0.81578947, 0.89473684, 0.26315789, 0.42105263, 0.71052632,
       0.15789474, 0.92105263, 0.94736842, 0.21052632, 0.57894737,
       0.10526316, 0.5, 0.052631579, 0.60526316, 0.36842105, 0.18421053,
       0.97368421, 0.73684211, 0.078947368, 0.63157895, 0.44736842,
       0.026315789]), 'tneg': array([ 9,  1,  9,  6,  6, 13, 10, 10,  6,  5,  6,  2, 11,  6, 11,  6, 11,
       11,  5,  6,  9,  2, 11, 12,  2,  6,  0,  6,  0,  7,  6,  2, 13, 10,
        0,  8,  6,  0]), 'fpos': array([ 4, 12,  4,  7,  7,  0,  3,  3,  7,  8,  7, 11,  2,  7,  2,  7,  2,
        2,  8,  7,  4, 11,  2,  1, 11,  7, 13,  7, 13,  6,  7, 11,  0,  3,
       13,  5,  7, 13]), 'threshold': [1.8648374833817132, 1.0902623476147777, 1.8546569344449422, 1.6070043792116087, 1.6322570357974353, 2.6827763085244478, 2.0325850107160131, 2.0443862609712222, 1.6382119806693822, 1.5570838274118002, 1.745139734043482, 1.3236966577259794, 2.2869076353908624, 1.7396354700930161, 2.2802684233635233, 1.74391807106086, 2.0629138027928224, 2.3732204409037352, 1.5536005105169122, 1.6880776915162057, 1.8781822349460748, 1.1857900161961266, 2.3888811219707993, 2.5726772536973637, 1.2645644992759766, 1.7508434813109068, 0.85377698889555642, 1.7408772886625572, 0.65731986867267977, 1.7567561480494134, 1.6323198480770909, 1.2589689012509191, 2.65283889873331, 1.9266859304269326, 0.81283636277107352, 1.8060096874696665, 1.7022053611958303, 0.13822555623785204], 'fneg': array([1, 0, 1, 0, 0, 2, 2, 2, 0, 0, 0, 0, 2, 0, 2, 0, 2, 2, 0, 0, 1, 0, 2,
       2, 0, 0, 0, 0, 0, 0, 0, 0, 2, 1, 0, 1, 0, 0]), 'sensitivity': array([0.88461538, 1.0, 0.88461538, 1.0, 1.0, 0.23076923, 0.76923077,
       0.76923077, 1.0, 1.0, 0.96153846, 1.0, 0.65384615, 0.96153846,
       0.65384615, 0.96153846, 0.76923077, 0.46153846, 1.0, 1.0,
       0.88461538, 1.0, 0.46153846, 0.30769231, 1.0, 0.96153846, 1.0,
       0.96153846, 1.0, 0.96153846, 1.0, 1.0, 0.23076923, 0.84615385, 1.0,
       0.88461538, 1.0, 1.0]), 'tpos': array([1, 2, 1, 2, 2, 0, 0, 0, 2, 2, 2, 2, 0, 2, 0, 2, 0, 0, 2, 2, 1, 2, 0,
       0, 2, 2, 2, 2, 2, 2, 2, 2, 0, 1, 2, 1, 2, 2])}], <Model object at 0x00000000000003DC>)
#lasso
([{'specificity': array([0.51219512, 0.68292683, 0.73170732, 0.92682927, 0.97560976,
       0.75609756, 0.70731707, 0.48780488, 0.85365854, 0.58536585,
       0.29268293, 0.24390244, 0.048780488, 0.41463415, 0.46341463,
       0.63414634, 0.26829268, 0.65853659, 0.7804878, 0.53658537,
       0.95121951, 0.3902439, 0.31707317, 0.43902439, 0.097560976,
       0.34146341, 0.12195122, 0.82926829, 0.36585366, 0.80487805,
       0.87804878, 0.56097561, 0.6097561, 0.14634146, 0.073170732,
       0.024390244, 0.90243902, 0.19512195, 0.2195122, 1.0, 0.17073171]), 'tneg': array([ 6, 10, 10, 13, 13, 12, 10,  6, 12,  9,  5,  2,  0,  5,  5,  9,  3,
        9, 12,  8, 13,  5,  5,  5,  0,  5,  0, 12,  5, 12, 13,  8,  9,  0,
        0,  0, 13,  2,  2, 13,  1]), 'fpos': array([ 7,  3,  3,  0,  0,  1,  3,  7,  1,  4,  8, 11, 13,  8,  8,  4, 10,
        4,  1,  5,  0,  8,  8,  8, 13,  8, 13,  1,  8,  1,  0,  5,  4, 13,
       13, 13,  0, 11, 11,  0, 12]), 'threshold': [1.7841887190671708, 1.8485070515400046, 1.8716156444715544, 2.2614968833700275, 2.3291753220744988, 1.9222246081421908, 1.8618692735041849, 1.7725162044721075, 1.9930756712072317, 1.814021692888556, 1.7157400821062396, 1.6314342191436877, 1.4650840239428868, 1.7410566055203347, 1.7539445960774835, 1.8228217773537279, 1.6849208180132851, 1.8277815712695118, 1.925137156033075, 1.7984926485461101, 2.2788240962899606, 1.7393472408267106, 1.7168890809232296, 1.7441688108874485, 1.5413723786125726, 1.7288643479340229, 1.5463336612289493, 1.968203144886326, 1.7330141569068467, 1.93705455871196, 2.0962941810823836, 1.8029686359522725, 1.8176310584913924, 1.5510692197605023, 1.52286350846415, 1.4635732820285687, 2.1258177705461203, 1.6161892340738193, 1.6266182576876342, 2.6264913311342304, 1.6003426623687498], 'fneg': array([0, 0, 0, 3, 4, 1, 0, 0, 1, 0, 0, 0, 0, 0, 0, 0, 0, 0, 1, 0, 4, 0, 0,
       0, 0, 0, 0, 1, 0, 1, 3, 0, 0, 0, 0, 0, 3, 0, 0, 4, 0]), 'sensitivity': array([0.86363636, 0.86363636, 0.81818182, 0.22727273, 0.18181818,
       0.81818182, 0.81818182, 0.86363636, 0.72727273, 0.86363636,
       0.90909091, 1.0, 1.0, 0.90909091, 0.90909091, 0.86363636,
       0.95454545, 0.86363636, 0.81818182, 0.86363636, 0.22727273,
       0.90909091, 0.90909091, 0.90909091, 1.0, 0.90909091, 1.0,
       0.77272727, 0.90909091, 0.81818182, 0.40909091, 0.86363636,
       0.86363636, 1.0, 1.0, 1.0, 0.31818182, 1.0, 1.0, 0.045454545, 1.0]), 'tpos': array([4, 4, 4, 1, 0, 3, 4, 4, 3, 4, 4, 4, 4, 4, 4, 4, 4, 4, 3, 4, 0, 4, 4,
       4, 4, 4, 4, 3, 4, 3, 1, 4, 4, 4, 4, 4, 1, 4, 4, 0, 4])}, {'specificity': array([0.13636364, 0.31818182, 0.95454545, 0.56818182, 0.47727273, 0.25,
       0.38636364, 0.63636364, 0.97727273, 0.81818182, 0.68181818,
       0.22727273, 0.29545455, 0.090909091, 0.068181818, 0.93181818, 0.75,
       0.65909091, 0.15909091, 0.84090909, 0.86363636, 0.45454545,
       0.52272727, 0.34090909, 0.61363636, 1.0, 0.022727273, 0.20454545,
       0.045454545, 0.27272727, 0.72727273, 0.40909091, 0.90909091,
       0.88636364, 0.54545455, 0.5, 0.43181818, 0.36363636, 0.70454545,
       0.79545455, 0.59090909, 0.77272727, 0.18181818, 0.11363636]), 'tneg': array([ 2,  3, 13,  7,  7,  3,  6,  9, 13, 11,  9,  3,  3,  2,  2, 13,  9,
        9,  3, 12, 12,  7,  7,  3,  8, 14,  1,  3,  2,  3,  9,  6, 13, 13,
        7,  7,  7,  5,  9, 10,  7, 10,  3,  2]), 'fpos': array([13, 12,  2,  8,  8, 12,  9,  6,  2,  4,  6, 12, 12, 13, 13,  2,  6,
        6, 12,  3,  3,  8,  8, 12,  7,  1, 14, 12, 13, 12,  6,  9,  2,  2,
        8,  8,  8, 10,  6,  5,  8,  5, 12, 13]), 'threshold': [1.5989094897389928, 1.7012565025413258, 2.50399738740837, 1.8772612113028924, 1.8303682210877761, 1.6879161613083098, 1.7964230663023044, 1.9491292807738054, 2.5176995271372262, 2.1063135277771878, 1.9836295772872963, 1.6853039093248134, 1.6979306951943156, 1.5562319503439992, 1.5280849603366644, 2.366172783844346, 2.0365740464533539, 1.9618545497469224, 1.6318514709227379, 2.1814525074543294, 2.2109271858355073, 1.8278957236609112, 1.8680057155293273, 1.7087063477103561, 1.9182941551879815, 3.3595082479837162, 1.4385813500555318, 1.6830324501747835, 1.5064631720569, 1.6883096117959273, 2.0241482306818832, 1.7988612629685712, 2.2907680271671338, 2.2460813281783536, 1.868915459985022, 1.8550092043610245, 1.8277751148409795, 1.7172409645627185, 2.0190301299942255, 2.085504133934911, 1.8806680053019484, 2.0669482156404837, 1.6601993224879594, 1.5895418935694297], 'fneg': array([1, 1, 1, 1, 1, 1, 1, 1, 1, 1, 1, 1, 1, 1, 0, 1, 1, 1, 1, 1, 1, 1, 1,
       1, 1, 1, 0, 1, 0, 1, 1, 1, 1, 1, 1, 1, 1, 1, 1, 1, 1, 1, 1, 1]), 'sensitivity': array([1.0, 0.95, 0.3, 0.85, 0.85, 0.95, 0.85, 0.75, 0.3, 0.6, 0.75, 0.95,
       0.95, 1.0, 1.0, 0.3, 0.7, 0.75, 0.95, 0.55, 0.5, 0.85, 0.85, 0.95,
       0.8, 0.05, 1.0, 0.95, 1.0, 0.95, 0.75, 0.85, 0.3, 0.4, 0.85, 0.85,
       0.85, 0.95, 0.75, 0.65, 0.85, 0.65, 0.95, 1.0]), 'tpos': array([0, 0, 0, 0, 0, 0, 0, 0, 0, 0, 0, 0, 0, 0, 1, 0, 0, 0, 0, 0, 0, 0, 0,
       0, 0, 0, 1, 0, 1, 0, 0, 0, 0, 0, 0, 0, 0, 0, 0, 0, 0, 0, 0, 0])}, {'specificity': array([0.525, 0.375, 0.1, 0.475, 0.425, 0.9, 0.925, 0.975, 0.85, 0.35,
       0.575, 0.25, 0.075, 0.05, 0.275, 0.4, 0.5, 0.7, 0.55, 0.65, 1.0,
       0.675, 0.2, 0.75, 0.225, 0.45, 0.3, 0.825, 0.025, 0.325, 0.725,
       0.775, 0.15, 0.625, 0.6, 0.175, 0.875, 0.125, 0.95, 0.8]), 'tneg': array([ 9,  8,  2,  9,  8, 12, 12, 12, 12,  7, 10,  4,  0,  0,  4,  8,  9,
       11, 10, 11, 12, 11,  3, 12,  4,  9,  6, 12,  0,  6, 12, 12,  3, 11,
       11,  3, 12,  3, 12, 12]), 'fpos': array([ 3,  4, 10,  3,  4,  0,  0,  0,  0,  5,  2,  8, 12, 12,  8,  4,  3,
        1,  2,  1,  0,  1,  9,  0,  8,  3,  6,  0, 12,  6,  0,  0,  9,  1,
        1,  9,  0,  9,  0,  0]), 'threshold': [1.7684419263458346, 1.7080106040222716, 1.5408407126269457, 1.762955915294143, 1.7239307278617808, 2.0197188184250749, 2.0849915760709457, 2.3246976457821464, 1.9265822435558555, 1.6586143195693484, 1.7965893283041436, 1.6294453120657191, 1.4814583947004198, 1.4751362239557715, 1.6298837850875816, 1.7231511693426092, 1.7669521069375547, 1.8601850603844718, 1.7934291423125535, 1.8382521053784169, 2.6696243085329865, 1.8477090711835236, 1.6011132499775667, 1.8778302112843115, 1.619916423053007, 1.7554992998007726, 1.6535815741353221, 1.9080509804318424, 1.3607240366375559, 1.655042050137284, 1.8731390277963573, 1.8808739715054066, 1.5709189138844386, 1.8089082711166613, 1.8053958808148616, 1.6000835644643581, 1.9770431929370802, 1.5508554292348351, 2.1901382369783, 1.906756225834976], 'fneg': array([2, 2, 0, 2, 2, 4, 4, 4, 4, 2, 4, 1, 0, 0, 1, 2, 2, 4, 4, 4, 4, 4, 1,
       4, 1, 2, 2, 4, 0, 2, 4, 4, 1, 4, 4, 1, 4, 0, 4, 4]), 'sensitivity': array([0.875, 0.95833333, 1.0, 0.875, 0.95833333, 0.58333333, 0.45833333,
       0.25, 0.625, 1.0, 0.875, 1.0, 1.0, 1.0, 1.0, 0.95833333, 0.875,
       0.75, 0.875, 0.83333333, 0.083333333, 0.79166667, 1.0, 0.70833333,
       1.0, 0.875, 1.0, 0.66666667, 1.0, 1.0, 0.75, 0.66666667, 1.0, 0.875,
       0.875, 1.0, 0.58333333, 1.0, 0.33333333, 0.66666667]), 'tpos': array([2, 2, 4, 2, 2, 0, 0, 0, 0, 2, 0, 3, 4, 4, 3, 2, 2, 0, 0, 0, 0, 0, 3,
       0, 3, 2, 2, 0, 4, 2, 0, 0, 3, 0, 0, 3, 0, 4, 0, 0])}, {'specificity': array([0.35416667, 0.125, 0.5625, 0.39583333, 0.60416667, 0.95833333,
       0.625, 0.875, 0.75, 0.33333333, 0.10416667, 0.54166667, 0.27083333,
       0.83333333, 0.66666667, 0.4375, 0.083333333, 0.16666667, 0.47916667,
       0.9375, 0.91666667, 0.41666667, 0.70833333, 0.52083333, 0.77083333,
       0.89583333, 0.6875, 0.3125, 0.5, 0.29166667, 0.72916667, 0.14583333,
       0.97916667, 1.0, 0.22916667, 0.1875, 0.79166667, 0.375, 0.64583333,
       0.041666667, 0.20833333, 0.8125, 0.0625, 0.020833333, 0.25,
       0.85416667, 0.58333333, 0.45833333]), 'tneg': array([9, 9, 9, 9, 9, 9, 9, 9, 9, 9, 9, 9, 9, 9, 9, 9, 9, 9, 9, 9, 9, 9, 9,
       9, 9, 9, 9, 9, 9, 9, 9, 9, 9, 9, 9, 9, 9, 9, 9, 9, 9, 9, 9, 9, 9, 9,
       9, 9]), 'fpos': array([0, 0, 0, 0, 0, 0, 0, 0, 0, 0, 0, 0, 0, 0, 0, 0, 0, 0, 0, 0, 0, 0, 0,
       0, 0, 0, 0, 0, 0, 0, 0, 0, 0, 0, 0, 0, 0, 0, 0, 0, 0, 0, 0, 0, 0, 0,
       0, 0]), 'threshold': [1.4953289525618534, 1.2430918036998886, 1.6544092656317693, 1.5246341144828381, 1.686672053492837, 2.3660331174869813, 1.6874523700170452, 2.24018014834627, 2.064021997428144, 1.4773825593714167, 1.2320137262572899, 1.6431160036038166, 1.3778132727460104, 2.1715667626493378, 1.8571161894235313, 1.5478493755770537, 1.1699002431201684, 1.3325748855259558, 1.5935160215953095, 2.3519578683236912, 2.2816734661811577, 1.535851088130596, 1.9127588864931677, 1.6423006472077393, 2.1431054523478044, 2.2770629211723095, 1.8923373481546049, 1.4094860192531897, 1.6235768350467947, 1.3958748771085838, 2.0625175170056744, 1.2456772491422061, 2.4767838433880964, 2.5688418493211436, 1.3572478720083765, 1.3407667463595698, 2.15137554270178, 1.501139437511255, 1.8090115114089753, 1.0706888143238904, 1.3482358128654726, 2.1634528862229576, 1.0709844795709542, 0.66040199140556854, 1.3663442461121598, 2.1947065758176754, 1.67190609145754, 1.5549923552899794], 'fneg': array([7, 7, 7, 7, 7, 7, 7, 7, 7, 7, 7, 7, 7, 7, 7, 7, 7, 7, 7, 7, 7, 7, 7,
       7, 7, 7, 7, 7, 7, 7, 7, 7, 7, 7, 7, 7, 7, 7, 7, 7, 7, 7, 7, 7, 7, 7,
       7, 7]), 'sensitivity': array([1.0, 1.0, 0.875, 1.0, 0.8125, 0.5, 0.8125, 0.6875, 0.6875, 1.0, 1.0,
       0.875, 1.0, 0.6875, 0.75, 1.0, 1.0, 1.0, 0.9375, 0.5, 0.6875, 1.0,
       0.6875, 0.875, 0.6875, 0.6875, 0.6875, 1.0, 0.875, 1.0, 0.6875, 1.0,
       0.4375, 0.3125, 1.0, 1.0, 0.6875, 1.0, 0.8125, 1.0, 1.0, 0.6875,
       1.0, 1.0, 1.0, 0.6875, 0.8125, 1.0]), 'tpos': array([0, 0, 0, 0, 0, 0, 0, 0, 0, 0, 0, 0, 0, 0, 0, 0, 0, 0, 0, 0, 0, 0, 0,
       0, 0, 0, 0, 0, 0, 0, 0, 0, 0, 0, 0, 0, 0, 0, 0, 0, 0, 0, 0, 0, 0, 0,
       0, 0])}, {'specificity': array([0.47727273, 0.22727273, 0.25, 0.68181818, 0.43181818, 0.52272727,
       0.95454545, 0.90909091, 0.72727273, 0.40909091, 0.34090909,
       0.79545455, 0.63636364, 0.15909091, 0.13636364, 0.022727273,
       0.29545455, 0.86363636, 0.36363636, 0.59090909, 0.61363636,
       0.77272727, 0.65909091, 1.0, 0.75, 0.31818182, 0.090909091,
       0.27272727, 0.045454545, 0.81818182, 0.93181818, 0.38636364,
       0.56818182, 0.84090909, 0.70454545, 0.54545455, 0.11363636,
       0.20454545, 0.18181818, 0.88636364, 0.068181818, 0.97727273, 0.5,
       0.45454545]), 'tneg': array([13, 13, 13, 13, 13, 13, 13, 13, 13, 13, 13, 13, 13, 13, 13, 13, 13,
       13, 13, 13, 13, 13, 13, 13, 13, 13, 13, 13, 13, 13, 13, 13, 13, 13,
       13, 13, 13, 13, 13, 13, 13, 13, 13, 13]), 'fpos': array([0, 0, 0, 0, 0, 0, 0, 0, 0, 0, 0, 0, 0, 0, 0, 0, 0, 0, 0, 0, 0, 0, 0,
       0, 0, 0, 0, 0, 0, 0, 0, 0, 0, 0, 0, 0, 0, 0, 0, 0, 0, 0, 0, 0]), 'threshold': [1.7653411025214689, 1.5671279968340952, 1.5812386035807633, 1.9201127323055249, 1.7090597665519522, 1.7886933547397839, 2.3607130670720173, 2.2999775724181237, 1.9667474285514643, 1.708780583096861, 1.6699241516154877, 2.0950134471323123, 1.8531818477125248, 1.5518800148475409, 1.5454717303227759, 1.4205077983889689, 1.6437808899810462, 2.2660358484964456, 1.6720594444970875, 1.8097617810096007, 1.8289789336684277, 1.9920830913489185, 1.8616121734814966, 2.7790234205060851, 1.9670243009223267, 1.6443622979952488, 1.5142644775677758, 1.6096872840155565, 1.4398964238903482, 2.16802244052968, 2.3117507002200859, 1.6752465028582115, 1.8089173541420183, 2.2025888032544718, 1.9505691452068297, 1.7980361460336896, 1.5171762464015548, 1.5576874617407865, 1.5532416864508665, 2.2695699147858566, 1.5051534348251128, 2.4950475732068353, 1.7658790280729695, 1.7585198016719257], 'fneg': array([2, 2, 2, 2, 2, 2, 2, 2, 2, 2, 2, 2, 2, 2, 2, 2, 2, 2, 2, 2, 2, 2, 2,
       2, 2, 2, 2, 2, 2, 2, 2, 2, 2, 2, 2, 2, 2, 2, 2, 2, 2, 2, 2, 2]), 'sensitivity': array([0.95238095, 1.0, 1.0, 0.71428571, 0.95238095, 0.95238095,
       0.23809524, 0.28571429, 0.61904762, 0.95238095, 1.0, 0.52380952,
       0.9047619, 1.0, 1.0, 1.0, 1.0, 0.28571429, 0.95238095, 0.95238095,
       0.9047619, 0.57142857, 0.9047619, 0.095238095, 0.61904762, 1.0, 1.0,
       1.0, 1.0, 0.38095238, 0.28571429, 0.95238095, 0.95238095,
       0.33333333, 0.61904762, 0.95238095, 1.0, 1.0, 1.0, 0.28571429, 1.0,
       0.19047619, 0.95238095, 0.95238095]), 'tpos': array([0, 0, 0, 0, 0, 0, 0, 0, 0, 0, 0, 0, 0, 0, 0, 0, 0, 0, 0, 0, 0, 0, 0,
       0, 0, 0, 0, 0, 0, 0, 0, 0, 0, 0, 0, 0, 0, 0, 0, 0, 0, 0, 0, 0])}], <Model object at 0x0000000000000708>)
#lasso
([{'specificity': array([0.97619048, 0.5952381, 0.35714286, 0.47619048, 0.76190476,
       0.85714286, 0.38095238, 0.4047619, 0.23809524, 0.71428571,
       0.071428571, 0.047619048, 0.16666667, 0.95238095, 0.30952381,
       0.69047619, 0.45238095, 0.66666667, 0.92857143, 1.0, 0.21428571,
       0.57142857, 0.14285714, 0.52380952, 0.095238095, 0.54761905, 0.5,
       0.023809524, 0.83333333, 0.73809524, 0.88095238, 0.78571429,
       0.26190476, 0.80952381, 0.33333333, 0.28571429, 0.61904762,
       0.11904762, 0.64285714, 0.19047619, 0.9047619, 0.42857143]), 'tneg': array([13,  6,  4,  5,  9, 10,  4,  4,  1,  8,  1,  1,  1, 13,  3,  7,  5,
        7, 11, 14,  1,  6,  1,  6,  1,  6,  6,  1, 10,  9, 10,  9,  1, 10,
        3,  3,  6,  1,  6,  1, 11,  4]), 'fpos': array([ 1,  8, 10,  9,  5,  4, 10, 10, 13,  6, 13, 13, 13,  1, 11,  7,  9,
        7,  3,  0, 13,  8, 13,  8, 13,  8,  8, 13,  4,  5,  4,  5, 13,  4,
       11, 11,  8, 13,  8, 13,  3, 10]), 'threshold': [2.3601016687143543, 1.906007026654656, 1.7655565167092222, 1.8117182278064548, 1.9727180251453029, 2.0782756971858838, 1.7657509629268189, 1.7690820541852714, 1.7119931306335836, 1.9478617111267156, 1.5960414569117267, 1.5746397708723259, 1.6692427849081097, 2.3328657266965047, 1.7454235808540175, 1.9422843034821218, 1.8009451491816384, 1.9389840548811224, 2.1729578432326706, 2.7639855005393352, 1.6916197169830194, 1.903731894298841, 1.6613943876053705, 1.8702004187665122, 1.6031873934435108, 1.876666649409686, 1.8558976667077798, 1.5331609015256862, 2.0608233687267692, 1.9649091082411982, 2.1349976537332025, 1.9883517958441479, 1.7182996205580579, 2.0198985557422175, 1.7468806319978956, 1.7424754162463878, 1.9098994034614982, 1.6263625410518079, 1.9126272075539592, 1.6753294416053202, 2.1577297726257463, 1.7898294889460669], 'fneg': array([2, 0, 0, 0, 0, 2, 0, 0, 0, 0, 0, 0, 0, 2, 0, 0, 0, 0, 2, 3, 0, 0, 0,
       0, 0, 0, 0, 0, 2, 0, 2, 0, 0, 1, 0, 0, 0, 0, 0, 0, 2, 0]), 'sensitivity': array([0.23809524, 0.85714286, 0.95238095, 0.9047619, 0.71428571,
       0.66666667, 0.95238095, 0.95238095, 0.95238095, 0.76190476, 1.0,
       1.0, 1.0, 0.23809524, 0.95238095, 0.76190476, 0.9047619, 0.76190476,
       0.42857143, 0.0, 0.95238095, 0.85714286, 1.0, 0.85714286, 1.0,
       0.85714286, 0.85714286, 1.0, 0.66666667, 0.71428571, 0.47619048,
       0.66666667, 0.95238095, 0.66666667, 0.95238095, 0.95238095,
       0.85714286, 1.0, 0.85714286, 1.0, 0.42857143, 0.95238095]), 'tpos': array([1, 3, 3, 3, 3, 1, 3, 3, 3, 3, 3, 3, 3, 1, 3, 3, 3, 3, 1, 0, 3, 3, 3,
       3, 3, 3, 3, 3, 1, 3, 1, 3, 3, 2, 3, 3, 3, 3, 3, 3, 1, 3])}, {'specificity': array([0.51282051, 0.25641026, 0.64102564, 0.33333333, 0.79487179,
       0.82051282, 0.94871795, 0.28205128, 0.53846154, 0.43589744,
       0.76923077, 0.66666667, 0.35897436, 0.23076923, 0.38461538,
       0.87179487, 1.0, 0.17948718, 0.61538462, 0.12820513, 0.58974359,
       0.30769231, 0.1025641, 0.84615385, 0.48717949, 0.8974359,
       0.69230769, 0.076923077, 0.025641026, 0.46153846, 0.56410256,
       0.41025641, 0.15384615, 0.74358974, 0.20512821, 0.92307692,
       0.97435897, 0.71794872, 0.051282051]), 'tneg': array([13, 13, 13, 13, 13, 13, 13, 13, 13, 13, 13, 13, 13, 13, 13, 13, 13,
       13, 13, 13, 13, 13, 13, 13, 13, 13, 13, 13, 13, 13, 13, 13, 13, 13,
       13, 13, 13, 13, 13]), 'fpos': array([0, 0, 0, 0, 0, 0, 0, 0, 0, 0, 0, 0, 0, 0, 0, 0, 0, 0, 0, 0, 0, 0, 0,
       0, 0, 0, 0, 0, 0, 0, 0, 0, 0, 0, 0, 0, 0, 0, 0]), 'threshold': [1.8534430984168968, 1.6768976470965868, 1.9158159597347437, 1.742495395919353, 2.0320834679061988, 2.0349596178704048, 2.2736117124227571, 1.6772964838959577, 1.86640935164471, 1.8085115368809277, 1.9862027086647016, 1.9287015048502718, 1.7511906399466559, 1.6539477615837697, 1.7655589822080189, 2.0931725196871755, 2.5914925643385329, 1.6291128111495739, 1.9033385223385497, 1.5435686345682202, 1.9024191019663981, 1.68693520844475, 1.5390985788366725, 2.0390794095220404, 1.8349286150565067, 2.0987705539464354, 1.9407175613971075, 1.5027955616316755, 1.4117220600987976, 1.8202103194905979, 1.8920247312186613, 1.8002129700447147, 1.605213217338767, 1.9487926652484939, 1.6493777532584777, 2.2159263151724882, 2.3640711443785265, 1.9460468586605335, 1.4447997721874784], 'fneg': array([3, 3, 3, 3, 3, 3, 3, 3, 3, 3, 3, 3, 3, 3, 3, 3, 3, 3, 3, 3, 3, 3, 3,
       3, 3, 3, 3, 3, 3, 3, 3, 3, 3, 3, 3, 3, 3, 3, 3]), 'sensitivity': array([0.84, 1.0, 0.76, 0.96, 0.6, 0.6, 0.12, 1.0, 0.8, 0.88, 0.64, 0.76,
       0.92, 1.0, 0.92, 0.48, 0.04, 1.0, 0.76, 1.0, 0.76, 1.0, 1.0, 0.56,
       0.84, 0.48, 0.72, 1.0, 1.0, 0.88, 0.76, 0.88, 1.0, 0.68, 1.0, 0.28,
       0.12, 0.68, 1.0]), 'tpos': array([0, 0, 0, 0, 0, 0, 0, 0, 0, 0, 0, 0, 0, 0, 0, 0, 0, 0, 0, 0, 0, 0, 0,
       0, 0, 0, 0, 0, 0, 0, 0, 0, 0, 0, 0, 0, 0, 0, 0])}, {'specificity': array([0.64102564, 0.58974359, 0.69230769, 0.82051282, 0.92307692,
       0.94871795, 1.0, 0.61538462, 0.74358974, 0.38461538, 0.15384615,
       0.76923077, 0.30769231, 0.28205128, 0.41025641, 0.66666667,
       0.48717949, 0.8974359, 0.1025641, 0.51282051, 0.20512821,
       0.33333333, 0.23076923, 0.71794872, 0.56410256, 0.84615385,
       0.12820513, 0.35897436, 0.051282051, 0.53846154, 0.17948718,
       0.46153846, 0.076923077, 0.25641026, 0.87179487, 0.97435897,
       0.79487179, 0.43589744, 0.025641026]), 'tneg': array([ 3,  3,  3,  5, 10, 10, 10,  3,  4,  3,  3,  4,  3,  3,  3,  3,  3,
        6,  2,  3,  3,  3,  3,  4,  3,  5,  3,  3,  0,  3,  3,  3,  2,  3,
        5, 10,  5,  3,  0]), 'fpos': array([ 8,  8,  8,  6,  1,  1,  1,  8,  7,  8,  8,  7,  8,  8,  8,  8,  8,
        5,  9,  8,  8,  8,  8,  7,  8,  6,  8,  8, 11,  8,  8,  8,  9,  8,
        6,  1,  6,  8, 11]), 'threshold': [1.7772113436586925, 1.7699850218664366, 1.8089186802161263, 1.9299061267261122, 2.2710356431166874, 2.3223851417567705, 2.4473941748016648, 1.7744089759925992, 1.8621632748945733, 1.6741018385217876, 1.5610679141449968, 1.876083286038875, 1.6217747430925087, 1.6206547555250372, 1.6968464362969518, 1.7780272534399402, 1.7334756755291119, 2.0432700930474832, 1.500846122886311, 1.7428482912053094, 1.5676427038882599, 1.6423841650700932, 1.5708576864684485, 1.8324834857289141, 1.7553409975191845, 1.9584215485133991, 1.5380473459005175, 1.6611912920366156, 1.2123554603261098, 1.7459233929274558, 1.5622249056104554, 1.7134669838085446, 1.4133987947554894, 1.5895482914369832, 2.0100138916315227, 2.4079393323005518, 1.9268530219472533, 1.7027617010294034, 1.1239401442395893], 'fneg': array([0, 0, 0, 0, 3, 3, 4, 0, 0, 0, 0, 0, 0, 0, 0, 0, 0, 1, 0, 0, 0, 0, 0,
       0, 0, 0, 0, 0, 0, 0, 0, 0, 0, 0, 1, 4, 0, 0, 0]), 'sensitivity': array([0.88, 0.88, 0.8, 0.64, 0.24, 0.2, 0.16, 0.88, 0.76, 0.92, 0.96,
       0.72, 0.92, 0.92, 0.88, 0.88, 0.88, 0.52, 1.0, 0.88, 0.96, 0.92,
       0.96, 0.8, 0.88, 0.56, 0.96, 0.92, 1.0, 0.88, 0.96, 0.88, 1.0, 0.96,
       0.52, 0.16, 0.64, 0.88, 1.0]), 'tpos': array([5, 5, 5, 5, 2, 2, 1, 5, 5, 5, 5, 5, 5, 5, 5, 5, 5, 4, 5, 5, 5, 5, 5,
       5, 5, 5, 5, 5, 5, 5, 5, 5, 5, 5, 4, 1, 5, 5, 5])}, {'specificity': array([0.425, 0.65, 0.525, 0.925, 0.95, 0.475, 0.45, 0.35, 0.775, 0.7, 0.1,
       0.075, 0.2, 0.9, 0.55, 0.625, 0.5, 0.6, 1.0, 0.225, 0.675, 0.15,
       0.4, 0.275, 0.25, 0.8, 0.825, 0.85, 0.175, 0.575, 0.025, 0.375, 0.3,
       0.75, 0.125, 0.725, 0.875, 0.975, 0.325, 0.05]), 'tneg': array([ 1,  7,  3, 12, 12,  1,  1,  0, 11,  8,  0,  0,  0, 12,  3,  7,  3,
        7, 12,  0,  8,  0,  1,  0,  0, 11, 11, 11,  0,  6,  0,  1,  0, 10,
        0,  8, 11, 12,  0,  0]), 'fpos': array([11,  5,  9,  0,  0, 11, 11, 12,  1,  4, 12, 12, 12,  0,  9,  5,  9,
        5,  0, 12,  4, 12, 11, 12, 12,  1,  1,  1, 12,  6, 12, 11, 12,  2,
       12,  4,  1,  0, 12, 12]), 'threshold': [1.6510282726739864, 1.8394255239503634, 1.6904253909486693, 2.3526079509115085, 2.4488838593353623, 1.671484058721747, 1.6569943786984633, 1.5930060815822908, 1.9800529895450485, 1.8680430707120661, 1.385269385812931, 1.3816633762247244, 1.467674162724391, 2.3328992060549, 1.7264026446681116, 1.8189316571530116, 1.6872628753232934, 1.8092065915940963, 3.0309621786223566, 1.4723762933187317, 1.8445418281693973, 1.4638208905230448, 1.6347462157146313, 1.489824845542755, 1.4889144448246332, 1.9865648222706878, 1.9939159586469213, 2.0199507445655911, 1.467523227155934, 1.7665365330721372, 1.2109050450785404, 1.6091462605306346, 1.5634184633460431, 1.9121911676818071, 1.4170697855605825, 1.8800906888188702, 2.1369847537984659, 2.4619383995378823, 1.5870241653956725, 1.3386791840704033], 'fneg': array([0, 1, 0, 4, 4, 0, 0, 0, 4, 1, 0, 0, 0, 4, 1, 1, 0, 1, 4, 0, 1, 0, 0,
       0, 0, 4, 4, 4, 0, 1, 0, 0, 0, 2, 0, 1, 4, 4, 0, 0]), 'sensitivity': array([0.91666667, 0.875, 0.91666667, 0.20833333, 0.20833333, 0.91666667,
       0.91666667, 0.95833333, 0.66666667, 0.875, 1.0, 1.0, 1.0, 0.25,
       0.91666667, 0.91666667, 0.91666667, 0.91666667, 0.0, 1.0, 0.875,
       1.0, 0.95833333, 1.0, 1.0, 0.66666667, 0.625, 0.625, 1.0,
       0.91666667, 1.0, 0.95833333, 0.95833333, 0.875, 1.0, 0.875,
       0.45833333, 0.16666667, 0.95833333, 1.0]), 'tpos': array([4, 3, 4, 0, 0, 4, 4, 4, 0, 3, 4, 4, 4, 0, 3, 3, 4, 3, 0, 4, 3, 4, 4,
       4, 4, 0, 0, 0, 4, 3, 4, 4, 4, 2, 4, 3, 0, 0, 4, 4])}, {'specificity': array([0.88372093, 0.34883721, 0.48837209, 0.3255814, 0.55813953,
       0.90697674, 0.8372093, 0.95348837, 0.41860465, 0.39534884,
       0.37209302, 0.76744186, 0.62790698, 0.13953488, 0.11627907,
       0.25581395, 0.93023256, 0.53488372, 0.51162791, 0.27906977,
       0.79069767, 1.0, 0.1627907, 0.23255814, 0.46511628, 0.86046512,
       0.74418605, 0.81395349, 0.69767442, 0.069767442, 0.58139535,
       0.023255814, 0.65116279, 0.30232558, 0.72093023, 0.093023256,
       0.6744186, 0.18604651, 0.60465116, 0.97674419, 0.44186047,
       0.20930233, 0.046511628]), 'tneg': array([11, 11, 11, 11, 11, 11, 11, 11, 11, 11, 11, 11, 11, 11, 11, 11, 11,
       11, 11, 11, 11, 11, 11, 11, 11, 11, 11, 11, 11, 11, 11, 11, 11, 11,
       11, 11, 11, 11, 11, 11, 11, 11, 11]), 'fpos': array([0, 0, 0, 0, 0, 0, 0, 0, 0, 0, 0, 0, 0, 0, 0, 0, 0, 0, 0, 0, 0, 0, 0,
       0, 0, 0, 0, 0, 0, 0, 0, 0, 0, 0, 0, 0, 0, 0, 0, 0, 0, 0, 0]), 'threshold': [2.2077771513671367, 1.6651233340623741, 1.806349497431635, 1.6591837076579421, 1.8408640054397991, 2.2828030901986072, 2.1785943262829992, 2.54058916419004, 1.7172162677980205, 1.7080482909141734, 1.706548029587595, 2.0988196174511318, 1.8800182744617, 1.3224737617033846, 1.3158153786372651, 1.5519688146890478, 2.3677269395348262, 1.8317604014499531, 1.8065089822765348, 1.6269825666249878, 2.1402403318993359, 2.7402137807938818, 1.3513022249618873, 1.5086864539939702, 1.7914020050634321, 2.2072971521881875, 2.0817488506193187, 2.1684605082432316, 1.9840170066587095, 1.3006832493449276, 1.8533598846412578, 0.97447855067416378, 1.8802773068114826, 1.6343534529339707, 2.0180935173436274, 1.3104301681564707, 1.9403026037708768, 1.3605262554122335, 1.8643313222093594, 2.7114583167383137, 1.7701288707331502, 1.4857679271910715, 1.0256331132402483], 'fneg': array([4, 4, 4, 4, 4, 4, 4, 4, 4, 4, 4, 4, 4, 4, 4, 4, 4, 4, 4, 4, 4, 4, 4,
       4, 4, 4, 4, 4, 4, 4, 4, 4, 4, 4, 4, 4, 4, 4, 4, 4, 4, 4, 4]), 'sensitivity': array([0.31818182, 0.95454545, 0.86363636, 0.95454545, 0.81818182,
       0.27272727, 0.36363636, 0.090909091, 0.95454545, 0.95454545,
       0.95454545, 0.40909091, 0.77272727, 1.0, 1.0, 1.0, 0.22727273,
       0.81818182, 0.86363636, 0.95454545, 0.40909091, 0.045454545, 1.0,
       1.0, 0.90909091, 0.31818182, 0.40909091, 0.36363636, 0.54545455,
       1.0, 0.77272727, 1.0, 0.77272727, 0.95454545, 0.5, 1.0, 0.68181818,
       1.0, 0.77272727, 0.045454545, 0.90909091, 1.0, 1.0]), 'tpos': array([0, 0, 0, 0, 0, 0, 0, 0, 0, 0, 0, 0, 0, 0, 0, 0, 0, 0, 0, 0, 0, 0, 0,
       0, 0, 0, 0, 0, 0, 0, 0, 0, 0, 0, 0, 0, 0, 0, 0, 0, 0, 0, 0])}], <Model object at 0x0000000000000A34>)
#lasso
([{'specificity': array([0.073170732, 0.24390244, 0.2195122, 1.0, 0.63414634, 0.97560976,
       0.51219512, 0.82926829, 0.87804878, 0.17073171, 0.48780488,
       0.29268293, 0.048780488, 0.34146341, 0.90243902, 0.41463415,
       0.53658537, 0.31707317, 0.19512195, 0.43902439, 0.68292683,
       0.92682927, 0.6097561, 0.46341463, 0.65853659, 0.56097561,
       0.85365854, 0.26829268, 0.58536585, 0.80487805, 0.097560976,
       0.7804878, 0.12195122, 0.3902439, 0.73170732, 0.70731707,
       0.36585366, 0.95121951, 0.75609756, 0.14634146, 0.024390244]), 'tneg': array([13, 13, 13, 13, 13, 13, 13, 13, 13, 13, 13, 13, 13, 13, 13, 13, 13,
       13, 13, 13, 13, 13, 13, 13, 13, 13, 13, 13, 13, 13, 13, 13, 13, 13,
       13, 13, 13, 13, 13, 13, 13]), 'fpos': array([0, 0, 0, 0, 0, 0, 0, 0, 0, 0, 0, 0, 0, 0, 0, 0, 0, 0, 0, 0, 0, 0, 0,
       0, 0, 0, 0, 0, 0, 0, 0, 0, 0, 0, 0, 0, 0, 0, 0, 0, 0]), 'threshold': [0.87056395017145571, 1.4335534357700852, 1.3848807411543218, 3.13403762874304, 1.8153206942362707, 2.495510213230363, 1.7521581700866284, 2.0480921776643393, 2.1893239577321522, 1.2771986049089457, 1.7387131711089863, 1.5152453623393885, 0.79673702066021379, 1.5274470951722392, 2.1948461737464187, 1.6012471841758631, 1.7559503341848823, 1.5162538924826894, 1.3531795371472779, 1.6081863878612799, 1.8916129922314191, 2.33687234523804, 1.8060248994522381, 1.6397105497777456, 1.8533409623865418, 1.7932044728108596, 2.1767125711954427, 1.4831621472788363, 1.7961232748078768, 2.011785791646016, 0.94022674618642732, 1.9713715434950638, 1.0662147564957407, 1.5691373001844793, 1.9061676670433332, 1.8931280758814437, 1.5561154419448777, 2.4721555216525775, 1.9242569767309155, 1.2671019261785164, -4.6312687148618439], 'fneg': array([4, 4, 4, 4, 4, 4, 4, 4, 4, 4, 4, 4, 4, 4, 4, 4, 4, 4, 4, 4, 4, 4, 4,
       4, 4, 4, 4, 4, 4, 4, 4, 4, 4, 4, 4, 4, 4, 4, 4, 4, 4]), 'sensitivity': array([1.0, 0.95454545, 0.95454545, 0.13636364, 0.81818182, 0.45454545,
       0.86363636, 0.77272727, 0.77272727, 0.95454545, 0.86363636,
       0.95454545, 1.0, 0.95454545, 0.77272727, 0.86363636, 0.81818182,
       0.95454545, 0.95454545, 0.86363636, 0.81818182, 0.63636364,
       0.81818182, 0.86363636, 0.81818182, 0.81818182, 0.77272727,
       0.95454545, 0.81818182, 0.81818182, 1.0, 0.81818182, 1.0,
       0.90909091, 0.81818182, 0.81818182, 0.95454545, 0.5, 0.81818182,
       1.0, 1.0]), 'tpos': array([0, 0, 0, 0, 0, 0, 0, 0, 0, 0, 0, 0, 0, 0, 0, 0, 0, 0, 0, 0, 0, 0, 0,
       0, 0, 0, 0, 0, 0, 0, 0, 0, 0, 0, 0, 0, 0, 0, 0, 0, 0])}, {'specificity': array([0.40540541, 0.10810811, 0.59459459, 0.51351351, 0.24324324,
       0.56756757, 0.37837838, 0.83783784, 0.45945946, 0.72972973,
       0.75675676, 0.86486486, 0.43243243, 0.91891892, 0.97297297,
       0.2972973, 0.35135135, 0.18918919, 0.16216216, 0.32432432,
       0.7027027, 0.94594595, 0.13513514, 0.27027027, 0.64864865,
       0.62162162, 0.21621622, 0.054054054, 0.81081081, 0.48648649,
       0.89189189, 0.67567568, 0.081081081, 1.0, 0.78378378, 0.54054054,
       0.027027027]), 'tneg': array([ 2,  0,  3,  2,  1,  3,  2,  7,  2,  4,  4,  7,  2,  8, 11,  1,  2,
        1,  1,  1,  4, 11,  1,  1,  3,  3,  1,  0,  7,  2,  8,  3,  0, 11,
        7,  3,  0]), 'fpos': array([ 9, 11,  8,  9, 10,  8,  9,  4,  9,  7,  7,  4,  9,  3,  0, 10,  9,
       10, 10, 10,  7,  0, 10, 10,  8,  8, 10, 11,  4,  9,  3,  8, 11,  0,
        4,  8, 11]), 'threshold': [1.7575447475409389, 1.5997927297480739, 1.8932593091971064, 1.80738154191488, 1.6843340002086231, 1.8715401307789479, 1.7572585757448205, 2.1042057876189948, 1.7849039194939982, 2.0005434843774466, 2.0009459747342926, 2.1235507316139115, 1.7586985211369428, 2.1410896579566066, 2.3392255613908342, 1.7237453520925261, 1.7473153856968737, 1.6551042427685387, 1.6539974523339238, 1.7400907810723958, 1.99638244085649, 2.3248568552287581, 1.6176588126542317, 1.7150299727467275, 1.9218106668544679, 1.8954944057091741, 1.6565306946232665, 1.5579627065355683, 2.0712227749533128, 1.7877230543470912, 2.1331653949312037, 1.9504788411018135, 1.5615479523880489, 2.5498889422732893, 2.065417804849607, 1.859085716289552, 1.1035568295138241], 'fneg': array([1, 0, 2, 1, 1, 1, 1, 5, 1, 3, 3, 5, 1, 5, 5, 1, 1, 0, 0, 1, 3, 5, 0,
       1, 2, 2, 0, 0, 5, 1, 5, 3, 0, 5, 5, 1, 0]), 'sensitivity': array([0.81481481, 1.0, 0.77777778, 0.77777778, 0.85185185, 0.77777778,
       0.81481481, 0.44444444, 0.81481481, 0.59259259, 0.59259259,
       0.40740741, 0.81481481, 0.37037037, 0.14814815, 0.81481481,
       0.81481481, 0.92592593, 0.92592593, 0.81481481, 0.59259259,
       0.18518519, 1.0, 0.81481481, 0.66666667, 0.77777778, 0.92592593,
       1.0, 0.48148148, 0.81481481, 0.37037037, 0.66666667, 1.0, 0.0,
       0.48148148, 0.77777778, 1.0]), 'tpos': array([4, 5, 3, 4, 4, 4, 4, 0, 4, 2, 2, 0, 4, 0, 0, 4, 4, 5, 5, 4, 2, 0, 5,
       4, 3, 3, 5, 5, 0, 4, 0, 2, 5, 0, 0, 4, 5])}, {'specificity': array([0.70731707, 0.097560976, 0.3902439, 0.29268293, 0.56097561,
       0.75609756, 0.97560976, 0.51219512, 0.95121951, 0.43902439,
       0.31707317, 0.12195122, 0.34146341, 0.90243902, 0.92682927,
       0.53658537, 0.63414634, 0.68292683, 0.46341463, 0.85365854,
       0.14634146, 0.17073171, 0.41463415, 0.82926829, 0.87804878,
       0.80487805, 1.0, 0.19512195, 0.48780488, 0.7804878, 0.58536585,
       0.024390244, 0.6097561, 0.65853659, 0.73170732, 0.2195122,
       0.073170732, 0.048780488, 0.24390244, 0.36585366, 0.26829268]), 'tneg': array([11, 11, 11, 11, 11, 11, 11, 11, 11, 11, 11, 11, 11, 11, 11, 11, 11,
       11, 11, 11, 11, 11, 11, 11, 11, 11, 11, 11, 11, 11, 11, 11, 11, 11,
       11, 11, 11, 11, 11, 11, 11]), 'fpos': array([0, 0, 0, 0, 0, 0, 0, 0, 0, 0, 0, 0, 0, 0, 0, 0, 0, 0, 0, 0, 0, 0, 0,
       0, 0, 0, 0, 0, 0, 0, 0, 0, 0, 0, 0, 0, 0, 0, 0, 0, 0]), 'threshold': [1.9785563156942168, 1.0830579901348991, 1.6984343919258871, 1.5415958082565147, 1.8271071613131447, 1.9909721635291668, 2.4620554424325785, 1.7829302132104556, 2.3950252956863962, 1.7436189561874611, 1.5499989484168966, 1.2092414962451907, 1.5514520143125061, 2.2863188450030725, 2.3427805071716117, 1.8257304002531996, 1.8828237840206785, 1.958436394366889, 1.7480311000964999, 2.1621067262922375, 1.2733508477246094, 1.2803641073765895, 1.7329089363026058, 2.1168516481084052, 2.2169030020306209, 2.0952441838668272, 3.0996983113022938, 1.280560091551193, 1.7645779653486264, 2.0368203364991393, 1.8363507880363481, 0.60671527715126561, 1.8703345604081849, 1.9311199669631438, 1.9786744874390112, 1.3202921557591187, 0.88285490915854758, 0.78586739075228085, 1.3670718176336543, 1.6636407832610112, 1.4255419889844609], 'fneg': array([5, 5, 5, 5, 5, 5, 5, 5, 5, 5, 5, 5, 5, 5, 5, 5, 5, 5, 5, 5, 5, 5, 5,
       5, 5, 5, 5, 5, 5, 5, 5, 5, 5, 5, 5, 5, 5, 5, 5, 5, 5]), 'sensitivity': array([0.86956522, 1.0, 0.95652174, 1.0, 0.86956522, 0.82608696,
       0.52173913, 0.91304348, 0.56521739, 0.91304348, 1.0, 1.0, 1.0,
       0.60869565, 0.56521739, 0.86956522, 0.86956522, 0.86956522,
       0.91304348, 0.69565217, 1.0, 1.0, 0.91304348, 0.73913043,
       0.65217391, 0.73913043, 0.17391304, 1.0, 0.91304348, 0.82608696,
       0.86956522, 1.0, 0.86956522, 0.86956522, 0.86956522, 1.0, 1.0, 1.0,
       1.0, 1.0, 1.0]), 'tpos': array([0, 0, 0, 0, 0, 0, 0, 0, 0, 0, 0, 0, 0, 0, 0, 0, 0, 0, 0, 0, 0, 0, 0,
       0, 0, 0, 0, 0, 0, 0, 0, 0, 0, 0, 0, 0, 0, 0, 0, 0, 0])}, {'specificity': array([0.39473684, 0.28947368, 0.68421053, 0.52631579, 0.47368421,
       0.86842105, 0.94736842, 0.36842105, 0.81578947, 0.55263158,
       0.18421053, 0.63157895, 0.73684211, 0.34210526, 0.42105263,
       0.44736842, 0.89473684, 0.60526316, 0.15789474, 0.23684211, 0.5,
       0.97368421, 0.84210526, 0.10526316, 0.052631579, 0.76315789,
       0.78947368, 0.71052632, 0.13157895, 0.21052632, 0.92105263,
       0.078947368, 0.57894737, 1.0, 0.31578947, 0.65789474, 0.26315789,
       0.026315789]), 'tneg': array([13, 13, 13, 13, 13, 13, 13, 13, 13, 13, 13, 13, 13, 13, 13, 13, 13,
       13, 13, 13, 13, 13, 13, 13, 13, 13, 13, 13, 13, 13, 13, 13, 13, 13,
       13, 13, 13, 13]), 'fpos': array([0, 0, 0, 0, 0, 0, 0, 0, 0, 0, 0, 0, 0, 0, 0, 0, 0, 0, 0, 0, 0, 0, 0,
       0, 0, 0, 0, 0, 0, 0, 0, 0, 0, 0, 0, 0, 0, 0]), 'threshold': [1.6976816372055785, 1.6195208711651075, 1.8643163605822655, 1.771962917469744, 1.7079495817673307, 2.0254105455602112, 2.439812917201087, 1.6726412877604271, 1.9531076639428484, 1.7879368967514577, 1.3352281577323872, 1.8245656096000966, 1.9083935839483488, 1.6600699058574568, 1.7033216312883834, 1.7067177871545791, 2.0530465908854345, 1.8053858262848079, 1.3255612289422023, 1.4784375939456678, 1.7145427427946856, 2.5381092391234237, 1.9716913159133525, 1.2783308897917691, 1.0009854905787567, 1.9314128755425832, 1.9491259022237342, 1.9039231987724403, 1.2829219717382734, 1.4422183777558817, 2.2305551247187334, 1.0963851554781972, 1.7978771044522817, 2.9157005296326712, 1.6302547048914649, 1.8393448195007849, 1.6104973720676388, 0.28376981412599878], 'fneg': array([3, 3, 3, 3, 3, 3, 3, 3, 3, 3, 3, 3, 3, 3, 3, 3, 3, 3, 3, 3, 3, 3, 3,
       3, 3, 3, 3, 3, 3, 3, 3, 3, 3, 3, 3, 3, 3, 3]), 'sensitivity': array([0.92307692, 0.96153846, 0.80769231, 0.84615385, 0.92307692,
       0.69230769, 0.26923077, 0.96153846, 0.73076923, 0.84615385,
       0.96153846, 0.80769231, 0.80769231, 0.96153846, 0.92307692,
       0.92307692, 0.65384615, 0.80769231, 0.96153846, 0.96153846,
       0.92307692, 0.19230769, 0.69230769, 1.0, 1.0, 0.76923077,
       0.76923077, 0.80769231, 1.0, 0.96153846, 0.53846154, 1.0,
       0.84615385, 0.038461538, 0.96153846, 0.80769231, 0.96153846, 1.0]), 'tpos': array([0, 0, 0, 0, 0, 0, 0, 0, 0, 0, 0, 0, 0, 0, 0, 0, 0, 0, 0, 0, 0, 0, 0,
       0, 0, 0, 0, 0, 0, 0, 0, 0, 0, 0, 0, 0, 0, 0])}, {'specificity': array([0.48837209, 0.23255814, 0.97674419, 0.90697674, 0.30232558,
       0.86046512, 0.25581395, 0.69767442, 0.13953488, 0.34883721,
       0.8372093, 0.88372093, 0.41860465, 0.79069767, 0.37209302,
       0.51162791, 0.39534884, 0.58139535, 0.6744186, 0.65116279,
       0.1627907, 0.44186047, 0.93023256, 0.76744186, 1.0, 0.3255814,
       0.74418605, 0.46511628, 0.72093023, 0.069767442, 0.046511628,
       0.55813953, 0.62790698, 0.53488372, 0.11627907, 0.81395349,
       0.093023256, 0.20930233, 0.95348837, 0.27906977, 0.60465116,
       0.18604651, 0.023255814]), 'tneg': array([10, 10, 10, 10, 10, 10, 10, 10, 10, 10, 10, 10, 10, 10, 10, 10, 10,
       10, 10, 10, 10, 10, 10, 10, 10, 10, 10, 10, 10, 10, 10, 10, 10, 10,
       10, 10, 10, 10, 10, 10, 10, 10, 10]), 'fpos': array([0, 0, 0, 0, 0, 0, 0, 0, 0, 0, 0, 0, 0, 0, 0, 0, 0, 0, 0, 0, 0, 0, 0,
       0, 0, 0, 0, 0, 0, 0, 0, 0, 0, 0, 0, 0, 0, 0, 0, 0, 0, 0, 0]), 'threshold': [1.7073942027126554, 1.4677708805929819, 2.8638227640027716, 2.3205878894988947, 1.5907227362528345, 2.27994230090407, 1.5255156529537666, 2.026439234331237, 1.0739911698463944, 1.6085187754826962, 2.1911316251864612, 2.2848730534641755, 1.6172627199579754, 2.0758386048599968, 1.61244285945296, 1.7492819090154796, 1.6141941672837465, 1.8426687296633457, 1.9750025435255745, 1.9687937097970143, 1.2057498593281188, 1.6802773546352696, 2.3714412595635896, 2.0703824918404812, 2.8657257194767909, 1.5965707912099607, 2.0459902653816471, 1.690303506647139, 2.0414454141045639, 0.78355845639349386, 0.64816144027615863, 1.8121997924797086, 1.8679797838282723, 1.7802924216197866, 0.957486079880569, 2.11514601141279, 0.834860592409475, 1.3797613726495164, 2.5794446947512508, 1.5544522855108676, 1.8539183294199604, 1.3661664609381221, -2.5184065361276824], 'fneg': array([5, 5, 5, 5, 5, 5, 5, 5, 5, 5, 5, 5, 5, 5, 5, 5, 5, 5, 5, 5, 5, 5, 5,
       5, 5, 5, 5, 5, 5, 5, 5, 5, 5, 5, 5, 5, 5, 5, 5, 5, 5, 5, 5]), 'sensitivity': array([0.90909091, 1.0, 0.090909091, 0.59090909, 0.95454545, 0.63636364,
       1.0, 0.68181818, 1.0, 0.95454545, 0.63636364, 0.63636364,
       0.95454545, 0.63636364, 0.95454545, 0.86363636, 0.95454545,
       0.81818182, 0.72727273, 0.77272727, 1.0, 0.90909091, 0.59090909,
       0.63636364, 0.090909091, 0.95454545, 0.63636364, 0.90909091,
       0.63636364, 1.0, 1.0, 0.86363636, 0.77272727, 0.86363636, 1.0,
       0.63636364, 1.0, 1.0, 0.36363636, 1.0, 0.81818182, 1.0, 1.0]), 'tpos': array([0, 0, 0, 0, 0, 0, 0, 0, 0, 0, 0, 0, 0, 0, 0, 0, 0, 0, 0, 0, 0, 0, 0,
       0, 0, 0, 0, 0, 0, 0, 0, 0, 0, 0, 0, 0, 0, 0, 0, 0, 0, 0, 0])}], <Model object at 0x0000000000000D60>)
#lasso
([{'specificity': array([0.94736842, 0.60526316, 0.86842105, 0.97368421, 0.5, 0.39473684,
       0.18421053, 0.81578947, 0.65789474, 1.0, 0.28947368, 0.052631579,
       0.13157895, 0.15789474, 0.42105263, 0.71052632, 0.68421053,
       0.31578947, 0.52631579, 0.26315789, 0.89473684, 0.57894737,
       0.84210526, 0.21052632, 0.78947368, 0.10526316, 0.63157895,
       0.47368421, 0.23684211, 0.73684211, 0.078947368, 0.76315789,
       0.55263158, 0.92105263, 0.36842105, 0.44736842, 0.34210526,
       0.026315789]), 'tneg': array([0, 0, 0, 0, 0, 0, 0, 0, 0, 0, 0, 0, 0, 0, 0, 0, 0, 0, 0, 0, 0, 0, 0,
       0, 0, 0, 0, 0, 0, 0, 0, 0, 0, 0, 0, 0, 0, 0]), 'fpos': array([12, 12, 12, 12, 12, 12, 12, 12, 12, 12, 12, 12, 12, 12, 12, 12, 12,
       12, 12, 12, 12, 12, 12, 12, 12, 12, 12, 12, 12, 12, 12, 12, 12, 12,
       12, 12, 12, 12]), 'threshold': [2.6653218000124306, 1.8552553796571707, 2.4219957218089636, 2.7463582748714566, 1.7818789847452674, 1.6969052604133417, 1.5487454331973511, 2.24308868470093, 1.9838661446991515, 2.8181685530048632, 1.5692803618714744, 1.1321602620770817, 1.4774751705104738, 1.5277217414071651, 1.7483183078892728, 2.157828174864493, 2.1048100185301646, 1.5982039226103004, 1.7975125513344326, 1.56210209913578, 2.450846016133267, 1.8382703968530536, 2.2632967130178625, 1.5505362264104998, 2.2275430300088108, 1.3739459886962173, 1.9711244167469704, 1.780291479286034, 1.5511088984779411, 2.1588665104190481, 1.2600524028098112, 2.2185168765730872, 1.8155210195542226, 2.4682113695923968, 1.6516517629984968, 1.7641344906517527, 1.6133366421989546, 0.97990199905329511], 'fneg': array([0, 0, 0, 0, 0, 0, 0, 0, 0, 0, 0, 0, 0, 0, 0, 0, 0, 0, 0, 0, 0, 0, 0,
       0, 0, 0, 0, 0, 0, 0, 0, 0, 0, 0, 0, 0, 0, 0]), 'sensitivity': array([0.23076923, 0.76923077, 0.34615385, 0.23076923, 0.76923077,
       0.84615385, 0.96153846, 0.38461538, 0.69230769, 0.19230769,
       0.96153846, 1.0, 0.96153846, 0.96153846, 0.80769231, 0.57692308,
       0.65384615, 0.88461538, 0.76923077, 0.96153846, 0.30769231,
       0.76923077, 0.38461538, 0.96153846, 0.38461538, 1.0, 0.73076923,
       0.76923077, 0.96153846, 0.57692308, 1.0, 0.42307692, 0.76923077,
       0.30769231, 0.84615385, 0.80769231, 0.88461538, 1.0]), 'tpos': array([5, 5, 5, 5, 5, 5, 5, 5, 5, 5, 5, 5, 5, 5, 5, 5, 5, 5, 5, 5, 5, 5, 5,
       5, 5, 5, 5, 5, 5, 5, 5, 5, 5, 5, 5, 5, 5, 5])}, {'specificity': array([0.48780488, 0.92682927, 0.17073171, 0.26829268, 0.6097561,
       0.97560976, 0.90243902, 0.80487805, 0.34146341, 0.24390244,
       0.36585366, 0.19512195, 0.7804878, 0.73170732, 0.43902439,
       0.29268293, 0.14634146, 0.3902439, 0.31707317, 0.63414634,
       0.53658537, 1.0, 0.65853659, 0.073170732, 0.68292683, 0.46341463,
       0.41463415, 0.82926829, 0.75609756, 0.12195122, 0.87804878,
       0.048780488, 0.70731707, 0.097560976, 0.51219512, 0.58536585,
       0.024390244, 0.85365854, 0.56097561, 0.95121951, 0.2195122]), 'tneg': array([ 5, 11,  3,  4,  7, 12, 11, 11,  4,  4,  4,  3, 10,  8,  5,  4,  3,
        5,  4,  7,  6, 13,  7,  1,  7,  5,  5, 11,  9,  3, 11,  0,  8,  3,
        6,  7,  0, 11,  6, 11,  3]), 'fpos': array([ 8,  2, 10,  9,  6,  1,  2,  2,  9,  9,  9, 10,  3,  5,  8,  9, 10,
        8,  9,  6,  7,  0,  6, 12,  6,  8,  8,  2,  4, 10,  2, 13,  5, 10,
        7,  6, 13,  2,  7,  2, 10]), 'threshold': [1.5858180907217372, 2.5320425223768943, 1.2798545189813031, 1.3943441720270751, 1.7889876489457435, 2.698511382735302, 2.5233422398201304, 2.1228646117131054, 1.4635662232534636, 1.355751981293265, 1.4639917631437, 1.3171569437585207, 2.0538682602704523, 1.9059807727812179, 1.5744463581213459, 1.4010939956996582, 1.227064965236321, 1.5685590207119546, 1.4411861678914189, 1.8149839461547159, 1.6094420457572125, 3.0714483723120485, 1.8184644987146552, 1.1622513805665193, 1.8618639786441591, 1.5805757975267873, 1.571054455518585, 2.1965745897576836, 1.9661870656026748, 1.2184317895278869, 2.3250156163792677, 1.0333276570094823, 1.9012784877374147, 1.2117386697648911, 1.590780745573527, 1.7172813772678934, 0.89252146023724888, 2.3190035012637122, 1.6194130956648913, 2.569701075236571, 1.3515029966110566], 'fneg': array([0, 2, 0, 0, 1, 2, 2, 2, 0, 0, 0, 0, 2, 1, 0, 0, 0, 0, 0, 1, 1, 3, 1,
       0, 1, 0, 0, 2, 1, 0, 2, 0, 1, 0, 1, 1, 0, 2, 1, 2, 0]), 'sensitivity': array([1.0, 0.375, 1.0, 1.0, 0.875, 0.29166667, 0.375, 0.66666667, 1.0,
       1.0, 1.0, 1.0, 0.79166667, 0.875, 1.0, 1.0, 1.0, 1.0, 1.0, 0.875,
       1.0, 0.16666667, 0.875, 1.0, 0.875, 1.0, 1.0, 0.66666667, 0.875,
       1.0, 0.58333333, 1.0, 0.875, 1.0, 1.0, 0.95833333, 1.0, 0.58333333,
       1.0, 0.33333333, 1.0]), 'tpos': array([3, 1, 3, 3, 2, 1, 1, 1, 3, 3, 3, 3, 1, 2, 3, 3, 3, 3, 3, 2, 2, 0, 2,
       3, 2, 3, 3, 1, 2, 3, 1, 3, 2, 3, 2, 2, 3, 1, 2, 1, 3])}, {'specificity': array([0.37777778, 0.28888889, 0.48888889, 0.64444444, 0.8, 0.73333333,
       0.93333333, 0.95555556, 0.88888889, 0.62222222, 0.66666667,
       0.55555556, 0.22222222, 0.6, 0.15555556, 0.17777778, 0.57777778,
       0.51111111, 0.44444444, 0.33333333, 0.82222222, 1.0, 0.4,
       0.26666667, 0.42222222, 0.13333333, 0.11111111, 0.91111111,
       0.53333333, 0.066666667, 0.86666667, 0.24444444, 0.75555556,
       0.31111111, 0.088888889, 0.35555556, 0.2, 0.84444444, 0.044444444,
       0.77777778, 0.97777778, 0.71111111, 0.68888889, 0.46666667,
       0.022222222]), 'tneg': array([4, 3, 5, 5, 6, 6, 8, 8, 8, 5, 5, 5, 3, 5, 1, 1, 5, 5, 5, 4, 6, 8, 4,
       3, 4, 1, 1, 8, 5, 0, 8, 3, 6, 3, 0, 4, 3, 6, 0, 6, 8, 6, 6, 5, 0]), 'fpos': array([4, 5, 3, 3, 2, 2, 0, 0, 0, 3, 3, 3, 5, 3, 7, 7, 3, 3, 3, 4, 2, 0, 4,
       5, 4, 7, 7, 0, 3, 8, 0, 5, 2, 5, 8, 4, 5, 2, 8, 2, 0, 2, 2, 3, 8]), 'threshold': [1.6505596302034677, 1.5532731496600207, 1.7388568154249384, 1.7914880886612241, 2.0064559255968204, 1.9566769498370624, 2.4604275837427565, 2.4848577813884831, 2.2672547642168031, 1.7860338432981551, 1.8126633491457378, 1.7767472763662249, 1.5248154434671772, 1.7842744761875364, 1.4677329211086434, 1.4711511952411969, 1.781060354313226, 1.7655308469622091, 1.6975600026534574, 1.6244752952934578, 2.0482432950616993, 3.2658780863138892, 1.6720970447062307, 1.5468311512806305, 1.693806876419474, 1.4586259713128649, 1.4546081238128243, 2.3573305399090576, 1.771800164439546, 1.3886483987884897, 2.245377411789836, 1.5439025060237817, 1.9818223003458151, 1.5871639946203013, 1.3915305914971821, 1.6271731982152007, 1.5052392598022082, 2.0662650372899605, 1.3722900692671032, 2.0035018826031425, 2.58862256402639, 1.9080950704159916, 1.8987835283917016, 1.7259717707517317, 0.89726153618365689], 'fneg': array([0, 0, 1, 2, 4, 3, 5, 5, 4, 2, 2, 2, 0, 2, 0, 0, 2, 2, 0, 0, 4, 8, 0,
       0, 0, 0, 0, 5, 2, 0, 4, 0, 3, 0, 0, 0, 0, 4, 0, 4, 7, 2, 2, 1, 0]), 'sensitivity': array([1.0, 1.0, 0.95, 0.95, 0.6, 0.65, 0.15, 0.15, 0.35, 0.95, 0.95, 0.95,
       1.0, 0.95, 1.0, 1.0, 0.95, 0.95, 0.95, 1.0, 0.55, 0.05, 0.95, 1.0,
       0.95, 1.0, 1.0, 0.35, 0.95, 1.0, 0.4, 1.0, 0.6, 1.0, 1.0, 1.0, 1.0,
       0.55, 1.0, 0.6, 0.1, 0.7, 0.75, 0.95, 1.0]), 'tpos': array([8, 8, 7, 6, 4, 5, 3, 3, 4, 6, 6, 6, 8, 6, 8, 8, 6, 6, 8, 8, 4, 0, 8,
       8, 8, 8, 8, 3, 6, 8, 4, 8, 5, 8, 8, 8, 8, 4, 8, 4, 1, 6, 6, 7, 8])}, {'specificity': array([0.31707317, 0.2195122, 0.46341463, 0.56097561, 0.51219512,
       0.87804878, 0.97560976, 0.73170732, 0.80487805, 0.36585366,
       0.26829268, 0.90243902, 0.68292683, 0.34146341, 0.14634146,
       0.12195122, 0.43902439, 0.58536585, 0.70731707, 0.3902439,
       0.82926829, 0.073170732, 0.24390244, 0.41463415, 0.17073171,
       0.95121951, 0.29268293, 0.7804878, 0.048780488, 0.63414634,
       0.024390244, 0.65853659, 0.6097561, 0.92682927, 0.85365854,
       0.75609756, 1.0, 0.53658537, 0.48780488, 0.19512195, 0.097560976]), 'tneg': array([ 2,  1,  5,  5,  5, 10, 11,  7,  9,  2,  2, 10,  7,  2,  0,  0,  4,
        5,  7,  3, 10,  0,  2,  3,  1, 11,  2,  9,  0,  5,  0,  6,  5, 11,
       10,  9, 12,  5,  5,  1,  0]), 'fpos': array([10, 11,  7,  7,  7,  2,  1,  5,  3, 10, 10,  2,  5, 10, 12, 12,  8,
        7,  5,  9,  2, 12, 10,  9, 11,  1, 10,  3, 12,  7, 12,  6,  7,  1,
        2,  3,  0,  7,  7, 11, 12]), 'threshold': [1.5756840863181771, 1.5278041812094489, 1.7472173212155115, 1.7890490177555798, 1.7777524960320235, 2.1773482543734755, 2.38000873280159, 1.9003335498278333, 2.0048352601962574, 1.6485009160726525, 1.5695106627809508, 2.2841094168027443, 1.898176685881968, 1.6417603291880121, 1.3489197062556206, 1.3407270345146953, 1.7451602848908099, 1.8044801488195066, 1.8996576100818838, 1.7126864514978208, 2.1033527554537708, 1.1559476789056613, 1.5572368793953122, 1.716689488937128, 1.4295877013615006, 2.3354041753658197, 1.5732799740137311, 1.9868892038491433, 1.1361876885297026, 1.8115921240983548, 0.94083637575956014, 1.8371987569065646, 1.8092186326185766, 2.33008595723417, 2.1324870445504356, 1.9813636026319561, 2.6391034767715982, 1.7832201901326503, 1.7712532151397367, 1.4869481055752065, 1.1669783559089115], 'fneg': array([0, 0, 0, 1, 0, 3, 3, 2, 3, 0, 0, 3, 2, 0, 0, 0, 0, 1, 2, 0, 3, 0, 0,
       0, 0, 3, 0, 3, 0, 1, 0, 1, 1, 3, 3, 2, 4, 0, 0, 0, 0]), 'sensitivity': array([1.0, 1.0, 0.91666667, 0.875, 0.875, 0.66666667, 0.375, 0.83333333,
       0.75, 1.0, 1.0, 0.45833333, 0.83333333, 1.0, 1.0, 1.0, 0.91666667,
       0.875, 0.83333333, 1.0, 0.66666667, 1.0, 1.0, 1.0, 1.0, 0.45833333,
       1.0, 0.75, 1.0, 0.875, 1.0, 0.875, 0.875, 0.45833333, 0.66666667,
       0.79166667, 0.25, 0.875, 0.875, 1.0, 1.0]), 'tpos': array([4, 4, 4, 3, 4, 1, 1, 2, 1, 4, 4, 1, 2, 4, 4, 4, 4, 3, 2, 4, 1, 4, 4,
       4, 4, 1, 4, 1, 4, 3, 4, 3, 3, 1, 1, 2, 0, 4, 4, 4, 4])}, {'specificity': array([0.28947368, 0.26315789, 0.39473684, 0.63157895, 0.81578947,
       0.97368421, 0.89473684, 0.65789474, 0.76315789, 0.52631579,
       0.42105263, 0.23684211, 0.78947368, 0.15789474, 0.13157895,
       0.44736842, 0.73684211, 1.0, 0.57894737, 0.68421053, 0.92105263,
       0.18421053, 0.86842105, 0.21052632, 0.71052632, 0.078947368,
       0.47368421, 0.052631579, 0.34210526, 0.36842105, 0.31578947,
       0.84210526, 0.60526316, 0.10526316, 0.94736842, 0.5, 0.55263158,
       0.026315789]), 'tneg': array([13, 13, 13, 13, 13, 13, 13, 13, 13, 13, 13, 13, 13, 13, 13, 13, 13,
       13, 13, 13, 13, 13, 13, 13, 13, 13, 13, 13, 13, 13, 13, 13, 13, 13,
       13, 13, 13, 13]), 'fpos': array([0, 0, 0, 0, 0, 0, 0, 0, 0, 0, 0, 0, 0, 0, 0, 0, 0, 0, 0, 0, 0, 0, 0,
       0, 0, 0, 0, 0, 0, 0, 0, 0, 0, 0, 0, 0, 0, 0]), 'threshold': [1.6076006296728538, 1.5462320255757232, 1.6659443754445604, 1.880373184197252, 2.1742615690658513, 2.5430791987220385, 2.4434162206837224, 1.9482928117454668, 2.1000568217355462, 1.7581626371866022, 1.6767358206151708, 1.5399238089149656, 2.1073003263351739, 1.251743085745187, 1.2188527247850813, 1.6962088660834445, 2.09316950822483, 3.3292385284360311, 1.8497498636056702, 1.9987548919851463, 2.4707621310579762, 1.2772289197816003, 2.3613523092016822, 1.5071635272119952, 2.0484796001217296, 0.99950853525198391, 1.7188720429718718, 0.90434195653181049, 1.6443881801245008, 1.651294308558914, 1.6181308527409144, 2.3172296843427587, 1.8730574489575436, 1.204157285355882, 2.4870257476340702, 1.7321703729544047, 1.8413890841697205, 0.69061368437482384], 'fneg': array([3, 3, 3, 3, 3, 3, 3, 3, 3, 3, 3, 3, 3, 3, 3, 3, 3, 3, 3, 3, 3, 3, 3,
       3, 3, 3, 3, 3, 3, 3, 3, 3, 3, 3, 3, 3, 3, 3]), 'sensitivity': array([0.96296296, 0.96296296, 0.96296296, 0.88888889, 0.59259259,
       0.22222222, 0.33333333, 0.77777778, 0.66666667, 0.88888889,
       0.96296296, 0.96296296, 0.62962963, 1.0, 1.0, 0.92592593,
       0.66666667, 0.0, 0.88888889, 0.74074074, 0.25925926, 1.0,
       0.44444444, 0.96296296, 0.7037037, 1.0, 0.92592593, 1.0, 0.96296296,
       0.96296296, 0.96296296, 0.44444444, 0.88888889, 1.0, 0.22222222,
       0.88888889, 0.88888889, 1.0]), 'tpos': array([0, 0, 0, 0, 0, 0, 0, 0, 0, 0, 0, 0, 0, 0, 0, 0, 0, 0, 0, 0, 0, 0, 0,
       0, 0, 0, 0, 0, 0, 0, 0, 0, 0, 0, 0, 0, 0, 0])}], <Model object at 0x000000000000108C>)
