# fold = 1
# threshold = 2.49137893021
# requested specificity = 0.139534883721
# actual training-set specificity = 0.166666666667
# tpos = 0
# tneg = 14
# fpos = 0
# fneg = 7
# raw predictions:
[-201.94698 -1035.5047 -830.28028 -907.60456 -788.95037 -198.6055
 -1229.9741 -1183.5254 -2180.8662 -614.02427 -193.36257 -1512.236
 -693.29923 -272.93824 -181.47617 -119.26868 -111.06578 -81.607885
 -64.984723 -44.093877 -199.58164]
# truth:
[2.5366847 3.2980448 1.5717088 3.3837436 2.5880475 1.8469553 1.5263393
 2.6134189 2.2000293 2.2796669 2.0318123 1.8469553 2.2355284 3.3837436
 2.1027766 1.8000294 0.30103 1.9703469 2.6887757 2.1195858 1.5024271]
# fold = 2
# threshold = 2.05342088461
# requested specificity = 0.136363636364
# actual training-set specificity = 0.163636363636
# tpos = 3
# tneg = 12
# fpos = 4
# fneg = 1
# raw predictions:
[2.1885832 2.1080173 2.1283207 1.9901104 2.154334 2.150595 2.0042242
 1.9912143 2.0010503 1.9910414 2.1850606 2.023385 1.9901104 2.0001599
 2.0254273 1.9920443 2.1043504 1.9914602 1.9901198 1.9901104]
# truth:
[2.286681 2.4350476 2.0297895 2.4834446 3.3837436 1.1643529 0.79934055
 1.3579348 2.2671717 1.7024305 2.7567882 1.6884198 1.9020029 1.9355073
 0.61278386 0.30103 1.1643529 0.70757018 0.49136169 0.0]
# fold = 3
# threshold = 3.52264825880
# requested specificity = 0.0188679245283
# actual training-set specificity = 0.0379746835443
# tpos = 0
# tneg = 16
# fpos = 0
# fneg = 4
# raw predictions:
[-202.92336 -112.94893 -389.13497 -626.02277 -528.31729 -140.03866
 -90.956582 -145.73629 -406.80025 -376.82101 -48.092988 -78.098091
 -68.657919 -62.725315 -48.37572 -29.79277 -15.975448 -83.120363 -67.935583
 -47.968237]
# truth:
[1.1172713 1.8920946 2.2367891 2.8121108 1.3384565 1.5024271 2.3398488
 2.7136585 3.3837436 1.4593925 1.4712917 2.1598678 2.3380579 2.6190933
 1.39794 1.5786392 1.0374265 1.1271048 2.1525941 1.6928469]
# fold = 4
# threshold = 2.06631200654
# requested specificity = 0.15
# actual training-set specificity = 0.175438596491
# tpos = 0
# tneg = 12
# fpos = 0
# fneg = 8
# raw predictions:
[1.8133291 1.8546257 1.8408119 1.8530522 1.8737617 1.8117555 1.9379146
 1.7410566 1.9024434 1.9451473 1.7794683 1.7722811 1.8701176 1.7601388
 2.0007249 1.8184027 1.9225584 1.874975 1.8321259 1.7168507]
# truth:
[2.5375673 2.5779511 1.376577 2.5627685 3.3837436 2.1664301 2.1804126
 1.6532125 1.6042261 3.3837436 1.687529 1.1430148 1.6009729 2.4637437
 2.9914033 3.3837436 2.1433271 1.6866363 2.0406023 1.5263393]
# fold = 5
# threshold = 1.80354357106
# requested specificity = 0.0208333333333
# actual training-set specificity = 0.0428571428571
# tpos = 0
# tneg = 16
# fpos = 0
# fneg = 3
# raw predictions:
[-593.14187 -352.46862 -354.66784 -406.0606 -593.71493 -539.65092
 -335.18194 -203.24323 -143.59953 -140.26744 -442.96185 -311.15691
 -250.09987 -87.731494 -75.195344 -34.010325 -23.572422 -19.063656
 -202.92661]
# truth:
[3.3837436 1.7767012 0.30103 2.1580608 1.8709888 2.512551 1.382017
 1.3031961 1.3961993 2.0338257 2.0674428 1.3483049 1.3710679 2.3583156
 2.2000293 1.948413 1.9355073 2.5161386 1.666518]
# fold = overall performance
# tpos = 3
# tneg = 70
# fpos = 4
# fneg = 23
