# fold = 1
# threshold = 2.14757597977
# requested specificity = 0.894736842105
# actual training-set specificity = 0.895833333333
# tpos = 2
# tneg = 10
# fpos = 5
# fneg = 4
# raw predictions:
[1.8256068 1.8766301 1.7250427 2.1554203 2.0298327 2.3037014 1.9401672
 1.7798333 1.9233599 2.2118745 2.1814286 1.6935382 1.8517345 1.8608872
 1.8626669 2.2360838 1.7712318 2.1214593 2.3094287 2.5053795 2.1071153]
# truth:
[2.5375673 1.7767012 0.30103 2.5880475 2.0297895 3.3837436 2.6134189
 2.8121108 1.1643529 2.3398488 1.8469553 1.9020029 1.9355073 2.1598678
 0.61278386 1.6866363 1.5786392 2.5161386 1.1271048 2.1525941 1.6928469]
# fold = 2
# threshold = 1.94982002009
# requested specificity = 0.897435897436
# actual training-set specificity = 0.882352941176
# tpos = 4
# tneg = 11
# fpos = 1
# fneg = 4
# raw predictions:
[2.011232 2.0112834 1.8786493 1.8716452 1.8334077 1.8333015 1.8334369
 1.9178109 1.9697483 1.9487406 1.9108165 1.8333015 1.9807047 1.8439727
 1.8407498 1.8333517 2.0112834 1.9160828 1.8502149 1.8346981]
# truth:
[2.286681 3.3837436 2.4350476 1.8469553 3.3837436 2.2000293 2.1664301
 1.8709888 3.3837436 1.382017 1.6009729 2.4637437 2.9914033 3.3837436
 1.4712917 2.1433271 2.6190933 0.30103 1.948413 1.9355073]
# fold = 3
# threshold = 1.95197836865
# requested specificity = 0.853658536585
# actual training-set specificity = 0.851063829787
# tpos = 3
# tneg = 11
# fpos = 3
# fneg = 3
# raw predictions:
[1.989353 1.9099319 1.9395202 1.9052601 1.9691084 1.9130465 1.9519784
 1.9675511 1.9052601 1.9052601 1.9815666 2.2976934 1.9052601 1.9177183
 1.9052601 1.9052601 1.9052601 1.9052601 1.9052601 1.9099319]
# truth:
[2.5366847 2.5779511 1.5717088 1.376577 2.1580608 2.1804126 1.6042261
 2.512551 1.1430148 2.2671717 2.7136585 2.0674428 3.3837436 1.6884198
 1.3483049 1.3710679 3.3837436 2.0406023 1.0374265 1.5024271]
# fold = 4
# threshold = 2.06115841775
# requested specificity = 0.846153846154
# actual training-set specificity = 0.836734693878
# tpos = 0
# tneg = 15
# fpos = 4
# fneg = 1
# raw predictions:
[1.9279954 2.2910664 1.9402224 1.8110035 1.9614269 1.8899294 1.9813715
 2.166239 1.9251407 1.888534 2.0792951 1.9276383 2.2046547 1.7896788
 2.0205915 1.9228925 1.8806845 2.0388653 1.9304107 1.8380684]
# truth:
[1.1172713 2.2367891 0.79934055 1.687529 2.2796669 1.5024271 1.7024305
 2.0338257 1.4593925 2.2355284 2.3583156 2.1027766 2.3380579 0.30103
 2.6887757 2.1195858 0.70757018 1.666518 1.5263393 0.0]
# fold = 5
# threshold = 2.13182549107
# requested specificity = 0.904761904762
# actual training-set specificity = 0.897959183673
# tpos = 2
# tneg = 14
# fpos = 0
# fneg = 3
# raw predictions:
[2.0781893 1.9353841 2.2757339 1.9553652 2.0064981 1.8279546 1.9433184
 1.7551772 1.7672432 2.1065286 1.9651148 2.0000874 2.323329 1.9434984
 1.889656 2.0841691 1.929317 1.9064318 1.8086174]
# truth:
[3.2980448 3.3837436 2.5627685 1.8920946 2.4834446 1.5263393 1.3384565
 1.6532125 1.3579348 1.3031961 2.0318123 1.3961993 2.7567882 2.2000293
 1.39794 1.8000294 1.9703469 1.1643529 0.49136169]
# fold = overall performance
# tpos = 11
# tneg = 61
# fpos = 13
# fneg = 15
