#adalasso
([{'specificity': array([0.80645161, 0.19354839, 0.90322581, 0.9516129, 0.19354839,
       0.35483871, 0.70967742, 0.25806452, 0.67741935, 0.19354839,
       0.83870968, 0.64516129, 0.27419355, 0.19354839, 0.87096774,
       0.91935484, 0.40322581, 0.69354839, 0.29032258, 0.72580645,
       0.19354839, 0.59677419, 0.46774194, 0.88709677, 0.82258065,
       0.43548387, 0.24193548, 0.41935484, 0.77419355, 0.66129032,
       0.30645161, 0.19354839, 0.74193548, 0.5483871, 0.62903226,
       0.38709677, 0.93548387, 1.0, 1.0, 0.85483871, 0.56451613,
       0.19354839, 0.19354839, 0.75806452, 0.53225806, 0.48387097,
       0.37096774, 0.19354839, 0.33870968, 0.61290323, 0.22580645,
       0.79032258, 0.58064516, 0.19354839, 0.51612903, 0.19354839,
       0.20967742, 0.4516129, 0.5, 1.0, 0.19354839, 0.32258065]), 'tneg': array([10,  6, 11, 11,  6,  8, 10,  7, 10,  6, 10, 10,  7,  6, 11, 11,  8,
       10,  7, 10,  6,  9,  9, 11, 10,  9,  6,  9, 10, 10,  7,  6, 10,  9,
       10,  8, 11, 11, 11, 10,  9,  6,  6, 10,  9,  9,  8,  6,  8, 10,  6,
       10,  9,  6,  9,  6,  6,  9,  9, 11,  6,  7]), 'fpos': array([1, 5, 0, 0, 5, 3, 1, 4, 1, 5, 1, 1, 4, 5, 0, 0, 3, 1, 4, 1, 5, 2, 2,
       0, 1, 2, 5, 2, 1, 1, 4, 5, 1, 2, 1, 3, 0, 0, 0, 1, 2, 5, 5, 1, 2, 2,
       3, 5, 3, 1, 5, 1, 2, 5, 2, 5, 5, 2, 2, 0, 5, 4]), 'threshold': [0.18853563889277275, 0.18687832864563334, 0.18922521958362609, 0.18936186240081504, 0.18687832864563334, 0.18689358422530233, 0.18779090816064106, 0.18687970783715313, 0.18778015350231664, 0.18687832864563334, 0.18860734303069143, 0.18754391369902174, 0.18687979434584306, 0.18687832864563334, 0.18898594685692258, 0.18926558975248758, 0.18694623471038227, 0.18778732570282716, 0.18688031587031298, 0.18779231486031195, 0.18687832864563334, 0.18735052876257824, 0.18701761464443747, 0.18921909325874906, 0.18857647856623352, 0.18694744122213458, 0.1868790429571085, 0.18694687010619299, 0.18802281528984077, 0.1876798763993317, 0.18688093379175186, 0.18687832864563334, 0.18793017845651011, 0.18718311515640293, 0.18750570913810374, 0.18694617537389344, 0.18932378322476906, 0.1893625889881832, 0.1893625889881832, 0.18877278037666428, 0.18725160898557935, 0.18687832864563334, 0.18687832864563334, 0.18799753164402885, 0.18715614665737029, 0.18705970518090143, 0.18692034312773131, 0.18687832864563334, 0.18689183912823815, 0.18748627459287579, 0.18687898858038243, 0.18839732474832335, 0.18734854016631208, 0.18687832864563334, 0.18713718289751102, 0.18687832864563334, 0.18687865243361929, 0.18697919095358889, 0.1870794867025592, 0.1893625889881832, 0.18687832864563334, 0.18688116686718395], 'fneg': array([3, 0, 5, 6, 0, 1, 3, 1, 3, 0, 3, 2, 1, 0, 5, 5, 1, 3, 1, 3, 0, 2, 1,
       5, 3, 1, 0, 1, 3, 3, 1, 0, 3, 2, 2, 1, 5, 6, 6, 3, 2, 0, 0, 3, 1, 1,
       1, 0, 1, 2, 0, 3, 2, 0, 1, 0, 0, 1, 1, 6, 0, 1]), 'sensitivity': array([1, 1, 1, 1, 1, 1, 1, 1, 1, 1, 1, 1, 1, 1, 1, 1, 1, 1, 1, 1, 1, 1, 1,
       1, 1, 1, 1, 1, 1, 1, 1, 1, 1, 1, 1, 1, 1, 1, 1, 1, 1, 1, 1, 1, 1, 1,
       1, 1, 1, 1, 1, 1, 1, 1, 1, 1, 1, 1, 1, 1, 1, 1]), 'tpos': array([3, 6, 1, 0, 6, 5, 3, 5, 3, 6, 3, 4, 5, 6, 1, 1, 5, 3, 5, 3, 6, 4, 5,
       1, 3, 5, 6, 5, 3, 3, 5, 6, 3, 4, 4, 5, 1, 0, 0, 3, 4, 6, 6, 3, 5, 5,
       5, 6, 5, 4, 6, 3, 4, 6, 5, 6, 6, 5, 5, 0, 6, 5])}, {'specificity': array([0.82539683, 0.96825397, 0.85714286, 0.15873016, 0.6984127,
       0.84126984, 0.20634921, 0.79365079, 0.44444444, 0.58730159,
       0.98412698, 0.80952381, 0.9047619, 0.63492063, 0.41269841,
       0.3968254, 0.71428571, 0.52380952, 0.46031746, 0.88888889,
       0.33333333, 0.25396825, 0.19047619, 0.6031746, 0.76190476,
       0.68253968, 0.73015873, 0.11111111, 0.31746032, 0.55555556,
       0.93650794, 0.95238095, 1.0, 0.92063492, 0.063492063, 0.87301587,
       0.74603175, 0.57142857, 0.12698413, 0.17460317, 0.015873016,
       0.61904762, 0.49206349, 0.42857143, 0.031746032, 0.77777778,
       0.3015873, 0.36507937, 0.34920635, 0.65079365, 0.095238095,
       0.47619048, 0.66666667, 0.23809524, 0.22222222, 0.50793651,
       0.26984127, 0.38095238, 0.079365079, 0.047619048, 0.14285714,
       0.28571429, 0.53968254]), 'tneg': array([0, 0, 0, 0, 0, 0, 0, 0, 0, 0, 0, 0, 0, 0, 0, 0, 0, 0, 0, 0, 0, 0, 0,
       0, 0, 0, 0, 0, 0, 0, 0, 0, 0, 0, 0, 0, 0, 0, 0, 0, 0, 0, 0, 0, 0, 0,
       0, 0, 0, 0, 0, 0, 0, 0, 0, 0, 0, 0, 0, 0, 0, 0, 0]), 'fpos': array([12, 12, 12, 12, 12, 12, 12, 12, 12, 12, 12, 12, 12, 12, 12, 12, 12,
       12, 12, 12, 12, 12, 12, 12, 12, 12, 12, 12, 12, 12, 12, 12, 12, 12,
       12, 12, 12, 12, 12, 12, 12, 12, 12, 12, 12, 12, 12, 12, 12, 12, 12,
       12, 12, 12, 12, 12, 12, 12, 12, 12, 12, 12, 12]), 'threshold': [0.30216357252634057, 0.62293811093254126, 0.34259849636881412, 0.1416620355126611, 0.23739675073787303, 0.31422497428325336, 0.15182965736505391, 0.28688949011215192, 0.17685563604863938, 0.198957643517468, 0.65344121822715673, 0.29702303287510062, 0.42191284790074318, 0.21244208027779149, 0.17120284869973096, 0.16997295485006755, 0.24179272265873786, 0.18562966212295512, 0.17954205538627863, 0.40225066428620754, 0.1610160471628686, 0.15376668222923426, 0.15062597596229058, 0.20884771448079287, 0.25000702716318512, 0.21807168616649186, 0.24205876639044485, 0.13592999489239141, 0.16095520878470196, 0.19366074821845525, 0.44826353347756043, 0.50951746040432155, 0.7258461914742691, 0.44385727477283271, 0.12974877468179671, 0.34963752489750188, 0.24586920365100023, 0.1987437148690491, 0.13786414854212928, 0.14511104073821549, 0.11111773983337077, 0.21197223402052537, 0.18337881286786717, 0.17420952508534304, 0.11235997492729678, 0.27559805077913929, 0.15992749485172636, 0.16247408058167351, 0.16238924957849515, 0.21315719597011656, 0.13565096647635788, 0.18181236441365198, 0.21443701696394302, 0.15315567042395831, 0.15186989510225812, 0.18351999099009225, 0.15893643616636866, 0.16340650878908483, 0.12976654570332211, 0.12009217397271794, 0.13791510337178856, 0.15972532726653671, 0.18845544939223236], 'fneg': array([0, 0, 0, 0, 0, 0, 0, 0, 0, 0, 0, 0, 0, 0, 0, 0, 0, 0, 0, 0, 0, 0, 0,
       0, 0, 0, 0, 0, 0, 0, 0, 0, 0, 0, 0, 0, 0, 0, 0, 0, 0, 0, 0, 0, 0, 0,
       0, 0, 0, 0, 0, 0, 0, 0, 0, 0, 0, 0, 0, 0, 0, 0, 0]), 'sensitivity': array([1, 1, 1, 1, 1, 1, 1, 1, 1, 1, 1, 1, 1, 1, 1, 1, 1, 1, 1, 1, 1, 1, 1,
       1, 1, 1, 1, 1, 1, 1, 1, 1, 1, 1, 1, 1, 1, 1, 1, 1, 1, 1, 1, 1, 1, 1,
       1, 1, 1, 1, 1, 1, 1, 1, 1, 1, 1, 1, 1, 1, 1, 1, 1]), 'tpos': array([4, 4, 4, 4, 4, 4, 4, 4, 4, 4, 4, 4, 4, 4, 4, 4, 4, 4, 4, 4, 4, 4, 4,
       4, 4, 4, 4, 4, 4, 4, 4, 4, 4, 4, 4, 4, 4, 4, 4, 4, 4, 4, 4, 4, 4, 4,
       4, 4, 4, 4, 4, 4, 4, 4, 4, 4, 4, 4, 4, 4, 4, 4, 4])}, {'specificity': array([0.8125, 0.90625, 0.859375, 0.640625, 0.34375, 0.890625, 0.75,
       0.765625, 0.453125, 0.171875, 0.796875, 0.828125, 0.5, 0.59375, 1.0,
       0.84375, 0.875, 0.921875, 0.515625, 0.71875, 0.78125, 0.4375, 0.625,
       0.96875, 0.390625, 0.078125, 0.359375, 0.609375, 0.65625, 0.125,
       0.0625, 0.21875, 0.421875, 0.9375, 0.984375, 0.03125, 0.328125,
       0.09375, 0.15625, 0.734375, 0.6875, 0.671875, 0.140625, 0.3125,
       0.203125, 0.5625, 0.265625, 0.578125, 0.703125, 0.546875, 0.296875,
       0.1875, 0.375, 0.53125, 0.40625, 0.234375, 0.25, 0.484375, 0.46875,
       0.015625, 0.953125, 0.046875, 0.109375, 0.28125]), 'tneg': array([0, 0, 0, 0, 0, 0, 0, 0, 0, 0, 0, 0, 0, 0, 0, 0, 0, 0, 0, 0, 0, 0, 0,
       0, 0, 0, 0, 0, 0, 0, 0, 0, 0, 0, 0, 0, 0, 0, 0, 0, 0, 0, 0, 0, 0, 0,
       0, 0, 0, 0, 0, 0, 0, 0, 0, 0, 0, 0, 0, 0, 0, 0, 0, 0]), 'fpos': array([12, 12, 12, 12, 12, 12, 12, 12, 12, 12, 12, 12, 12, 12, 12, 12, 12,
       12, 12, 12, 12, 12, 12, 12, 12, 12, 12, 12, 12, 12, 12, 12, 12, 12,
       12, 12, 12, 12, 12, 12, 12, 12, 12, 12, 12, 12, 12, 12, 12, 12, 12,
       12, 12, 12, 12, 12, 12, 12, 12, 12, 12, 12, 12, 12]), 'threshold': [0.29173826151955218, 0.43883007585870959, 0.40293605428815538, 0.22514737089937253, 0.17304881458155022, 0.43086124812765142, 0.24719132767247881, 0.25293365849744104, 0.18651313587670154, 0.15775766658298734, 0.25607480179526515, 0.30916686687391182, 0.19549172491167449, 0.21633978239493429, 0.69468159078472191, 0.32995628975806784, 0.42067274073973432, 0.43968862854304397, 0.19613231750602761, 0.2359191745714066, 0.25388526948803919, 0.17704647637019971, 0.22450111890680627, 0.58634770043021911, 0.17433639527519224, 0.14835997269825163, 0.17360857057333726, 0.22191665160552712, 0.22544769680277862, 0.15185033595435515, 0.14409045380203289, 0.16164789106000896, 0.17604938746189741, 0.45012149120970996, 0.69037971592651959, 0.12448334265425498, 0.17284377554073757, 0.14844071113341251, 0.15372012308457764, 0.24524726112395429, 0.23150931844141812, 0.22853026624827333, 0.15237736942854357, 0.17029923602842828, 0.16051613188606267, 0.21423318582983159, 0.16685618278819397, 0.21597820659925471, 0.23161482220006968, 0.20476173149981825, 0.16921826459951064, 0.16008948123721906, 0.17411295147716843, 0.20342588769570122, 0.17453469554808962, 0.1632158528048836, 0.16357421605916675, 0.19327507140372963, 0.19096335907060116, 0.1175762456256496, 0.45021806032441675, 0.13502851622152595, 0.14996027148676497, 0.16891182730036522], 'fneg': array([0, 0, 0, 0, 0, 0, 0, 0, 0, 0, 0, 0, 0, 0, 0, 0, 0, 0, 0, 0, 0, 0, 0,
       0, 0, 0, 0, 0, 0, 0, 0, 0, 0, 0, 0, 0, 0, 0, 0, 0, 0, 0, 0, 0, 0, 0,
       0, 0, 0, 0, 0, 0, 0, 0, 0, 0, 0, 0, 0, 0, 0, 0, 0, 0]), 'sensitivity': array([1, 1, 1, 1, 1, 1, 1, 1, 1, 1, 1, 1, 1, 1, 1, 1, 1, 1, 1, 1, 1, 1, 1,
       1, 1, 1, 1, 1, 1, 1, 1, 1, 1, 1, 1, 1, 1, 1, 1, 1, 1, 1, 1, 1, 1, 1,
       1, 1, 1, 1, 1, 1, 1, 1, 1, 1, 1, 1, 1, 1, 1, 1, 1, 1]), 'tpos': array([3, 3, 3, 3, 3, 3, 3, 3, 3, 3, 3, 3, 3, 3, 3, 3, 3, 3, 3, 3, 3, 3, 3,
       3, 3, 3, 3, 3, 3, 3, 3, 3, 3, 3, 3, 3, 3, 3, 3, 3, 3, 3, 3, 3, 3, 3,
       3, 3, 3, 3, 3, 3, 3, 3, 3, 3, 3, 3, 3, 3, 3, 3, 3, 3])}, {'specificity': array([0.82539683, 0.77777778, 0.47619048, 0.31746032, 0.20634921,
       0.6984127, 0.80952381, 0.52380952, 0.55555556, 0.36507937,
       0.33333333, 0.66666667, 0.6031746, 0.58730159, 1.0, 0.87301587,
       0.63492063, 0.79365079, 0.50793651, 0.53968254, 0.88888889,
       0.57142857, 0.74603175, 0.9047619, 0.49206349, 0.46031746,
       0.12698413, 0.73015873, 0.41269841, 0.17460317, 0.26984127,
       0.19047619, 0.61904762, 0.95238095, 0.92063492, 0.96825397,
       0.095238095, 0.98412698, 0.063492063, 0.3015873, 0.047619048,
       0.14285714, 0.015873016, 0.84126984, 0.68253968, 0.85714286,
       0.23809524, 0.28571429, 0.76190476, 0.44444444, 0.65079365,
       0.71428571, 0.15873016, 0.079365079, 0.42857143, 0.22222222,
       0.34920635, 0.38095238, 0.25396825, 0.11111111, 0.93650794,
       0.3968254, 0.031746032]), 'tneg': array([12, 12,  5,  2,  2, 11, 12,  6,  6,  2,  2, 10,  8,  8, 13, 13, 10,
       12,  6,  6, 13,  7, 11, 13,  6,  4,  1, 11,  2,  2,  2,  2,  9, 13,
       13, 13,  0, 13,  0,  2,  0,  1,  0, 12, 10, 12,  2,  2, 12,  2, 10,
       11,  2,  0,  2,  2,  2,  2,  2,  0, 13,  2,  0]), 'fpos': array([ 1,  1,  8, 11, 11,  2,  1,  7,  7, 11, 11,  3,  5,  5,  0,  0,  3,
        1,  7,  7,  0,  6,  2,  0,  7,  9, 12,  2, 11, 11, 11, 11,  4,  0,
        0,  0, 13,  0, 13, 11, 13, 12, 13,  1,  3,  1, 11, 11,  1, 11,  3,
        2, 11, 13, 11, 11, 11, 11, 11, 13,  0, 11, 13]), 'threshold': [0.38019923161877006, 0.36872299217814902, 0.20167781021380113, 0.15059147301625922, 0.1352302096448588, 0.33919829255595596, 0.37719318733380919, 0.21955619967936169, 0.22309049183756219, 0.15429349953824165, 0.15188535912888004, 0.32556071620229105, 0.29376875150541931, 0.27415969764126757, 0.64623912433144337, 0.49139977427227721, 0.31681952098345162, 0.3762401466739721, 0.21399378877732278, 0.22161379476361698, 0.49313778316579537, 0.26476370987229864, 0.36155263118179581, 0.52743097349227386, 0.20566977680118564, 0.19264655937008637, 0.12183737760869705, 0.35949604939693452, 0.17055178139807733, 0.13152236902587841, 0.14335740362210109, 0.13184907850786895, 0.301157016198906, 0.5375115033235941, 0.52753624356516027, 0.54861982151775768, 0.11493569822547738, 0.55181534616977579, 0.11231391752886885, 0.14384698114015718, 0.1114170801456279, 0.12847377542886909, 0.086982158406670715, 0.38803633205151933, 0.32767607646804003, 0.40298775607041837, 0.13724827992998137, 0.14351963251441091, 0.36506118499932355, 0.1821401774017401, 0.32443019279228275, 0.34186646376958918, 0.13092216932116393, 0.11316088870752121, 0.18174193271525138, 0.13546721419851446, 0.15261652641456217, 0.16110133965560963, 0.13924459729407668, 0.11653450452594207, 0.53428969983957464, 0.1670756003043177, 0.090442419470097762], 'fneg': array([3, 3, 0, 0, 0, 2, 3, 0, 0, 0, 0, 2, 2, 2, 3, 3, 2, 3, 0, 0, 3, 2, 3,
       3, 0, 0, 0, 3, 0, 0, 0, 0, 2, 3, 3, 3, 0, 3, 0, 0, 0, 0, 0, 3, 2, 3,
       0, 0, 3, 0, 2, 2, 0, 0, 0, 0, 0, 0, 0, 0, 3, 0, 0]), 'sensitivity': array([1, 1, 1, 1, 1, 1, 1, 1, 1, 1, 1, 1, 1, 1, 1, 1, 1, 1, 1, 1, 1, 1, 1,
       1, 1, 1, 1, 1, 1, 1, 1, 1, 1, 1, 1, 1, 1, 1, 1, 1, 1, 1, 1, 1, 1, 1,
       1, 1, 1, 1, 1, 1, 1, 1, 1, 1, 1, 1, 1, 1, 1, 1, 1]), 'tpos': array([0, 0, 3, 3, 3, 1, 0, 3, 3, 3, 3, 1, 1, 1, 0, 0, 1, 0, 3, 3, 0, 1, 0,
       0, 3, 3, 3, 0, 3, 3, 3, 3, 1, 0, 0, 0, 3, 0, 3, 3, 3, 3, 3, 0, 1, 0,
       3, 3, 0, 3, 1, 1, 3, 3, 3, 3, 3, 3, 3, 3, 0, 3, 3])}, {'specificity': array([0.90625, 0.90625, 0.515625, 0.71875, 0.875, 0.921875, 0.546875,
       0.515625, 0.515625, 0.765625, 0.828125, 0.6875, 0.984375, 0.8125,
       0.84375, 0.9375, 0.515625, 0.515625, 0.609375, 0.609375, 0.5625,
       0.78125, 0.953125, 0.515625, 0.515625, 0.515625, 0.515625, 0.515625,
       0.515625, 0.515625, 0.515625, 0.671875, 0.515625, 0.8125, 0.859375,
       0.96875, 1.0, 0.515625, 0.515625, 0.65625, 0.515625, 0.515625,
       0.546875, 0.515625, 0.515625, 0.515625, 0.65625, 0.515625, 0.65625,
       0.703125, 0.515625, 0.515625, 0.515625, 0.515625, 0.515625,
       0.515625, 0.515625, 0.515625, 0.734375, 0.75, 0.515625, 0.515625,
       0.578125, 0.515625]), 'tneg': array([11, 11,  6,  9, 11, 11,  7,  6,  6, 11, 11,  9, 11, 11, 11, 11,  6,
        6,  8,  8,  7, 11, 11,  6,  6,  6,  6,  6,  6,  6,  6,  9,  6, 11,
       11, 11, 11,  6,  6,  9,  6,  6,  7,  6,  6,  6,  9,  6,  9,  9,  6,
        6,  6,  6,  6,  6,  6,  6,  9, 10,  6,  6,  7,  6]), 'fpos': array([0, 0, 5, 2, 0, 0, 4, 5, 5, 0, 0, 2, 0, 0, 0, 0, 5, 5, 3, 3, 4, 0, 0,
       5, 5, 5, 5, 5, 5, 5, 5, 2, 5, 0, 0, 0, 0, 5, 5, 2, 5, 5, 4, 5, 5, 5,
       2, 5, 2, 2, 5, 5, 5, 5, 5, 5, 5, 5, 2, 1, 5, 5, 4, 5]), 'threshold': [0.2295296254349149, 0.2295296254349149, 0.22892420546243586, 0.2291707224258023, 0.22949596152021026, 0.22981029287039656, 0.22893540673302806, 0.22892420546243586, 0.22892420546243586, 0.22933890909259092, 0.22939499057764864, 0.22911467946746639, 0.230879023990892, 0.22938377351015984, 0.22946230107238155, 0.23009120101245886, 0.22892420546243586, 0.22892420546243586, 0.22898021566881005, 0.22898021566881005, 0.2289466083889643, 0.22937255682790692, 0.23019238686009247, 0.22892420546243586, 0.22892420546243586, 0.22892420546243586, 0.22892420546243586, 0.22892420546243586, 0.22892420546243586, 0.22892420546243586, 0.22892420546243586, 0.22902503076992481, 0.22892420546243586, 0.22938377351015984, 0.22947352083644476, 0.23067626078616665, 0.23175910522208446, 0.22892420546243586, 0.22892420546243586, 0.22901382641665558, 0.22892420546243586, 0.22892420546243586, 0.22893540673302806, 0.22892420546243586, 0.22892420546243586, 0.22892420546243586, 0.22901382641665558, 0.22892420546243586, 0.22901382641665558, 0.22915951306354915, 0.22892420546243586, 0.22892420546243586, 0.22892420546243586, 0.22892420546243586, 0.22892420546243586, 0.22892420546243586, 0.22892420546243586, 0.22892420546243586, 0.22919314230616864, 0.22926041119395282, 0.22892420546243586, 0.22892420546243586, 0.22895781043024183, 0.22892420546243586], 'fneg': array([3, 3, 2, 3, 3, 3, 2, 2, 2, 3, 3, 3, 4, 3, 3, 4, 2, 2, 3, 3, 2, 3, 4,
       2, 2, 2, 2, 2, 2, 2, 2, 3, 2, 3, 3, 4, 4, 2, 2, 3, 2, 2, 2, 2, 2, 2,
       3, 2, 3, 3, 2, 2, 2, 2, 2, 2, 2, 2, 3, 3, 2, 2, 3, 2]), 'sensitivity': array([1, 1, 1, 1, 1, 1, 1, 1, 1, 1, 1, 1, 1, 1, 1, 1, 1, 1, 1, 1, 1, 1, 1,
       1, 1, 1, 1, 1, 1, 1, 1, 1, 1, 1, 1, 1, 1, 1, 1, 1, 1, 1, 1, 1, 1, 1,
       1, 1, 1, 1, 1, 1, 1, 1, 1, 1, 1, 1, 1, 1, 1, 1, 1, 1]), 'tpos': array([1, 1, 2, 1, 1, 1, 2, 2, 2, 1, 1, 1, 0, 1, 1, 0, 2, 2, 1, 1, 2, 1, 0,
       2, 2, 2, 2, 2, 2, 2, 2, 1, 2, 1, 1, 0, 0, 2, 2, 1, 2, 2, 2, 2, 2, 2,
       1, 2, 1, 1, 2, 2, 2, 2, 2, 2, 2, 2, 1, 1, 2, 2, 1, 2])}], <Model object at 0x00000000000003DC>)
#adalasso
([{'specificity': array([0.76190476, 0.95238095, 0.52380952, 0.71428571, 0.87301587,
       0.50793651, 0.44444444, 0.063492063, 0.74603175, 0.65079365,
       0.68253968, 0.55555556, 0.66666667, 0.79365079, 0.92063492,
       0.77777778, 0.84126984, 0.3968254, 0.80952381, 0.57142857,
       0.42857143, 0.63492063, 0.85714286, 0.93650794, 0.26984127,
       0.14285714, 0.36507937, 0.82539683, 0.15873016, 0.73015873,
       0.9047619, 0.61904762, 1.0, 0.98412698, 0.96825397, 0.25396825,
       0.31746032, 0.58730159, 0.11111111, 0.20634921, 0.17460317,
       0.46031746, 0.12698413, 0.079365079, 0.28571429, 0.49206349,
       0.047619048, 0.22222222, 0.38095238, 0.6031746, 0.031746032,
       0.47619048, 0.34920635, 0.6984127, 0.41269841, 0.19047619,
       0.88888889, 0.23809524, 0.3015873, 0.015873016, 0.33333333,
       0.53968254, 0.095238095]), 'tneg': array([4, 7, 2, 4, 5, 2, 0, 0, 4, 4, 4, 2, 4, 4, 6, 4, 5, 0, 4, 2, 0, 4, 5,
       6, 0, 0, 0, 4, 0, 4, 6, 3, 8, 8, 8, 0, 0, 2, 0, 0, 0, 0, 0, 0, 0, 1,
       0, 0, 0, 2, 0, 0, 0, 4, 0, 0, 5, 0, 0, 0, 0, 2, 0]), 'fpos': array([ 7,  4,  9,  7,  6,  9, 11, 11,  7,  7,  7,  9,  7,  7,  5,  7,  6,
       11,  7,  9, 11,  7,  6,  5, 11, 11, 11,  7, 11,  7,  5,  8,  3,  3,
        3, 11, 11,  9, 11, 11, 11, 11, 11, 11, 11, 10, 11, 11, 11,  9, 11,
       11, 11,  7, 11, 11,  6, 11, 11, 11, 11,  9, 11]), 'threshold': [0.22530301477242196, 0.59975082407991054, 0.15761028987403994, 0.20761060715961477, 0.31678723336054004, 0.15544201120553949, 0.14103321310096248, 0.094109333189030933, 0.22268553942041083, 0.18649682099387649, 0.19804822256755844, 0.16198671803491052, 0.1872096025465175, 0.23531398193478695, 0.41504570234315386, 0.23281073438776909, 0.27852094686351753, 0.13197253789530719, 0.24539622735598626, 0.16826771709114546, 0.13537127191224252, 0.17804930014764051, 0.31396316324978157, 0.41854993804355844, 0.11603507496987982, 0.10592722374816085, 0.12949056428912617, 0.25484130791465004, 0.10639990114849614, 0.22127495136557496, 0.39250244975880538, 0.17493798966652704, 0.81743601178633774, 0.74759429734049498, 0.62443229088872387, 0.11140776696440763, 0.12296734859921915, 0.16986079197833387, 0.096495194948979929, 0.10863151846098873, 0.10645454258206413, 0.14107531372140328, 0.10237591196621902, 0.095768304933136358, 0.11774637454353265, 0.14898010270800796, 0.093590892260460301, 0.10900805067754157, 0.13175958352178718, 0.1722388967271645, 0.091710058177148557, 0.14553722611197051, 0.12655636183555516, 0.19901610909761267, 0.13297269457267597, 0.10801775319616284, 0.32003866013032228, 0.11097126764615027, 0.12023273141434909, 0.087882309583861992, 0.12397499567686476, 0.16034663478709091, 0.096194033708177321], 'fneg': array([0, 2, 0, 0, 2, 0, 0, 0, 0, 0, 0, 0, 0, 0, 2, 0, 2, 0, 1, 0, 0, 0, 2,
       2, 0, 0, 0, 1, 0, 0, 2, 0, 3, 2, 2, 0, 0, 0, 0, 0, 0, 0, 0, 0, 0, 0,
       0, 0, 0, 0, 0, 0, 0, 0, 0, 0, 2, 0, 0, 0, 0, 0, 0]), 'sensitivity': array([1, 1, 1, 1, 1, 1, 1, 1, 1, 1, 1, 1, 1, 1, 1, 1, 1, 1, 1, 1, 1, 1, 1,
       1, 1, 1, 1, 1, 1, 1, 1, 1, 1, 1, 1, 1, 1, 1, 1, 1, 1, 1, 1, 1, 1, 1,
       1, 1, 1, 1, 1, 1, 1, 1, 1, 1, 1, 1, 1, 1, 1, 1, 1]), 'tpos': array([6, 4, 6, 6, 4, 6, 6, 6, 6, 6, 6, 6, 6, 6, 4, 6, 4, 6, 5, 6, 6, 6, 4,
       4, 6, 6, 6, 5, 6, 6, 4, 6, 3, 4, 4, 6, 6, 6, 6, 6, 6, 6, 6, 6, 6, 6,
       6, 6, 6, 6, 6, 6, 6, 6, 6, 6, 4, 6, 6, 6, 6, 6, 6])}, {'specificity': array([0.734375, 0.890625, 0.921875, 0.78125, 0.765625, 0.578125, 0.46875,
       0.84375, 0.15625, 0.109375, 0.796875, 0.828125, 0.859375, 0.6875,
       0.109375, 0.703125, 0.4375, 0.328125, 0.171875, 0.390625, 0.875,
       0.421875, 0.65625, 0.75, 0.90625, 0.28125, 0.53125, 0.359375,
       0.640625, 0.25, 0.484375, 0.109375, 0.109375, 0.96875, 0.9375, 1.0,
       0.109375, 0.671875, 0.109375, 0.234375, 0.109375, 0.625, 0.34375,
       0.375, 0.8125, 0.984375, 0.5, 0.71875, 0.265625, 0.609375, 0.3125,
       0.203125, 0.453125, 0.515625, 0.59375, 0.296875, 0.5625, 0.1875,
       0.21875, 0.140625, 0.546875, 0.953125, 0.40625, 0.125]), 'tneg': array([0, 0, 0, 0, 0, 0, 0, 0, 0, 0, 0, 0, 0, 0, 0, 0, 0, 0, 0, 0, 0, 0, 0,
       0, 0, 0, 0, 0, 0, 0, 0, 0, 0, 0, 0, 0, 0, 0, 0, 0, 0, 0, 0, 0, 0, 0,
       0, 0, 0, 0, 0, 0, 0, 0, 0, 0, 0, 0, 0, 0, 0, 0, 0, 0]), 'fpos': array([14, 14, 14, 14, 14, 14, 14, 14, 14, 14, 14, 14, 14, 14, 14, 14, 14,
       14, 14, 14, 14, 14, 14, 14, 14, 14, 14, 14, 14, 14, 14, 14, 14, 14,
       14, 14, 14, 14, 14, 14, 14, 14, 14, 14, 14, 14, 14, 14, 14, 14, 14,
       14, 14, 14, 14, 14, 14, 14, 14, 14, 14, 14, 14, 14]), 'threshold': [0.33418924322878429, 0.45752594507565025, 0.50520553929321499, 0.34692250010964792, 0.34363747117016319, 0.21796170895060821, 0.18365831273393729, 0.38707462967237011, 0.16051293930416299, 0.16043229283647179, 0.35710349648310702, 0.38425662930090698, 0.40431284171948012, 0.31477840131166812, 0.16043229283647179, 0.31710189731084426, 0.17875373353357785, 0.16867118124984687, 0.16052819830714016, 0.17459098522221134, 0.4322058341898829, 0.17737067327103667, 0.27759345406997221, 0.33476447366526646, 0.48285843941940759, 0.16628894906508987, 0.21292721443504872, 0.17343163969820583, 0.27591903103159526, 0.16543975768147612, 0.19713691026894231, 0.16043229283647179, 0.16043229283647179, 0.51498214460997604, 0.50847133851396642, 0.51606976279521077, 0.16043229283647179, 0.29561101216634456, 0.16043229283647179, 0.16467939184046082, 0.16043229283647179, 0.26697577225490443, 0.17292303798871725, 0.1737787354528178, 0.38241771258789625, 0.51574630802316657, 0.20600669322395093, 0.32324800825887867, 0.16613425778672103, 0.25507505544121517, 0.16792952946710613, 0.1630263109302765, 0.18005672586619445, 0.20839050048167146, 0.22924455334217711, 0.16695587690635425, 0.21756795854815472, 0.1619924649527146, 0.16398864325885679, 0.16044427004393994, 0.21449379327633111, 0.51211570916446791, 0.1751932750991029, 0.16043269102698332], 'fneg': array([0, 0, 0, 0, 0, 0, 0, 0, 0, 0, 0, 0, 0, 0, 0, 0, 0, 0, 0, 0, 0, 0, 0,
       0, 0, 0, 0, 0, 0, 0, 0, 0, 0, 0, 0, 0, 0, 0, 0, 0, 0, 0, 0, 0, 0, 0,
       0, 0, 0, 0, 0, 0, 0, 0, 0, 0, 0, 0, 0, 0, 0, 0, 0, 0]), 'sensitivity': array([1, 1, 1, 1, 1, 1, 1, 1, 1, 1, 1, 1, 1, 1, 1, 1, 1, 1, 1, 1, 1, 1, 1,
       1, 1, 1, 1, 1, 1, 1, 1, 1, 1, 1, 1, 1, 1, 1, 1, 1, 1, 1, 1, 1, 1, 1,
       1, 1, 1, 1, 1, 1, 1, 1, 1, 1, 1, 1, 1, 1, 1, 1, 1, 1]), 'tpos': array([2, 2, 2, 2, 2, 2, 2, 2, 2, 2, 2, 2, 2, 2, 2, 2, 2, 2, 2, 2, 2, 2, 2,
       2, 2, 2, 2, 2, 2, 2, 2, 2, 2, 2, 2, 2, 2, 2, 2, 2, 2, 2, 2, 2, 2, 2,
       2, 2, 2, 2, 2, 2, 2, 2, 2, 2, 2, 2, 2, 2, 2, 2, 2, 2])}, {'specificity': array([0.9375, 0.828125, 0.1875, 0.609375, 0.890625, 0.09375, 0.84375,
       0.90625, 0.796875, 0.859375, 0.453125, 0.484375, 0.34375, 0.109375,
       0.921875, 0.4375, 0.359375, 0.75, 0.28125, 0.578125, 0.140625,
       0.71875, 0.40625, 0.765625, 0.21875, 0.125, 0.5, 0.0625, 0.953125,
       1.0, 0.78125, 0.625, 0.515625, 0.0625, 0.734375, 0.296875, 0.375,
       0.390625, 0.53125, 0.328125, 0.875, 0.984375, 0.546875, 0.671875,
       0.8125, 0.265625, 0.703125, 0.3125, 0.171875, 0.46875, 0.5625,
       0.65625, 0.6875, 0.234375, 0.640625, 0.15625, 0.203125, 0.078125,
       0.59375, 0.96875, 0.421875, 0.25, 0.0625, 0.0625]), 'tneg': array([9, 8, 5, 7, 9, 4, 8, 9, 8, 8, 6, 7, 5, 4, 9, 6, 5, 7, 5, 7, 4, 7, 5,
       7, 5, 4, 7, 4, 9, 9, 7, 7, 7, 4, 7, 5, 5, 5, 7, 5, 8, 9, 7, 7, 8, 5,
       7, 5, 4, 6, 7, 7, 7, 5, 7, 4, 5, 4, 7, 9, 6, 5, 4, 4]), 'fpos': array([0, 1, 4, 2, 0, 5, 1, 0, 1, 1, 3, 2, 4, 5, 0, 3, 4, 2, 4, 2, 5, 2, 4,
       2, 4, 5, 2, 5, 0, 0, 2, 2, 2, 5, 2, 4, 4, 4, 2, 4, 1, 0, 2, 2, 1, 4,
       2, 4, 5, 3, 2, 2, 2, 4, 2, 5, 4, 5, 2, 0, 3, 4, 5, 5]), 'threshold': [0.18366572188860419, 0.18289147588720814, 0.18120225207094351, 0.1817793708760663, 0.18319924648355365, 0.18117108748707031, 0.18296150079551557, 0.18330088893309809, 0.18267089841675768, 0.18310055271288941, 0.18137881872841677, 0.1815927937399186, 0.1812719120513504, 0.18117110189281072, 0.18351123660195709, 0.18137506127185879, 0.18130350814245824, 0.18232549905575532, 0.18123787055596372, 0.18175562429391468, 0.18118613044708981, 0.1822563840116162, 0.18132895589884565, 0.18234439821456977, 0.18122173205562706, 0.1811836208184566, 0.18159624586047718, 0.1811701078988128, 0.18401706360594108, 0.18406910370444807, 0.1825098416512066, 0.18177944887027658, 0.18165359432155648, 0.1811701078988128, 0.18226231794647774, 0.18125420616331184, 0.18131202405271679, 0.18131602265965305, 0.18166467823441401, 0.18126700626429076, 0.1831747340817079, 0.18406898994635931, 0.18168330177850847, 0.18197024279195193, 0.18270099030399534, 0.18123454478060402, 0.18216176527806277, 0.18125696442326308, 0.18119818049911859, 0.18139782033268975, 0.18171044283938545, 0.18190995229346002, 0.18203657247636026, 0.18123066284815442, 0.18180470880893157, 0.18118970044766489, 0.18121454999893916, 0.1811702438884655, 0.18175665612966727, 0.18404248439009871, 0.18134975474250273, 0.18123219833634535, 0.1811701078988128, 0.1811701078988128], 'fneg': array([4, 4, 1, 1, 4, 1, 4, 4, 1, 4, 1, 1, 1, 1, 4, 1, 1, 1, 1, 1, 1, 1, 1,
       1, 1, 1, 1, 1, 6, 7, 1, 1, 1, 1, 1, 1, 1, 1, 1, 1, 4, 7, 1, 1, 1, 1,
       1, 1, 1, 1, 1, 1, 1, 1, 1, 1, 1, 1, 1, 6, 1, 1, 1, 1]), 'sensitivity': array([1, 1, 1, 1, 1, 1, 1, 1, 1, 1, 1, 1, 1, 1, 1, 1, 1, 1, 1, 1, 1, 1, 1,
       1, 1, 1, 1, 1, 1, 1, 1, 1, 1, 1, 1, 1, 1, 1, 1, 1, 1, 1, 1, 1, 1, 1,
       1, 1, 1, 1, 1, 1, 1, 1, 1, 1, 1, 1, 1, 1, 1, 1, 1, 1]), 'tpos': array([3, 3, 6, 6, 3, 6, 3, 3, 6, 3, 6, 6, 6, 6, 3, 6, 6, 6, 6, 6, 6, 6, 6,
       6, 6, 6, 6, 6, 1, 0, 6, 6, 6, 6, 6, 6, 6, 6, 6, 6, 3, 0, 6, 6, 6, 6,
       6, 6, 6, 6, 6, 6, 6, 6, 6, 6, 6, 6, 6, 1, 6, 6, 6, 6])}, {'specificity': array([0.75, 0.890625, 0.96875, 0.8125, 0.1875, 0.796875, 0.453125, 0.875,
       0.046875, 0.78125, 0.859375, 0.71875, 0.140625, 0.828125, 0.53125,
       0.40625, 0.0625, 0.390625, 0.4375, 0.34375, 0.6875, 0.765625,
       0.90625, 0.546875, 0.109375, 0.640625, 0.671875, 0.09375, 0.46875,
       0.21875, 0.078125, 0.953125, 0.984375, 1.0, 0.21875, 0.703125,
       0.5625, 0.5, 0.046875, 0.171875, 0.65625, 0.265625, 0.359375, 0.375,
       0.484375, 0.296875, 0.84375, 0.9375, 0.59375, 0.734375, 0.3125,
       0.625, 0.28125, 0.15625, 0.515625, 0.578125, 0.609375, 0.234375,
       0.125, 0.328125, 0.921875, 0.421875, 0.25, 0.046875]), 'tneg': array([13, 15, 15, 13,  3, 13,  8, 13,  2, 13, 13, 12,  3, 13, 10,  6,  2,
        6,  6,  6, 12, 13, 15, 10,  3, 12, 12,  3,  9,  4,  2, 15, 15, 15,
        4, 12, 10,  9,  2,  3, 12,  6,  6,  6,  9,  6, 13, 15, 12, 12,  6,
       12,  6,  3, 10, 12, 12,  4,  3,  6, 15,  6,  4,  2]), 'fpos': array([ 2,  0,  0,  2, 12,  2,  7,  2, 13,  2,  2,  3, 12,  2,  5,  9, 13,
        9,  9,  9,  3,  2,  0,  5, 12,  3,  3, 12,  6, 11, 13,  0,  0,  0,
       11,  3,  5,  6, 13, 12,  3,  9,  9,  9,  6,  9,  2,  0,  3,  3,  9,
        3,  9, 12,  5,  3,  3, 11, 12,  9,  0,  9, 11, 13]), 'threshold': [0.37312885739327672, 0.5027064417556445, 0.59734289887543557, 0.41899190820166632, 0.16635596583161483, 0.38781873692120905, 0.19592914276210993, 0.43340592052992943, 0.16344910783929589, 0.38704034017015304, 0.42283160453881191, 0.34625074554709767, 0.16584773667819477, 0.42069298657201232, 0.22291660074789335, 0.18025108298098463, 0.1635383869177727, 0.179510376092886, 0.18268773559725982, 0.17578048934887378, 0.30240839490905413, 0.3808225599923073, 0.55754293726802562, 0.22291941427333634, 0.16489296678837723, 0.28474640697679482, 0.29660563199596957, 0.16466614602079896, 0.20686207090384134, 0.1682744849986858, 0.16358942751659711, 0.57556492071967214, 0.60728805836855559, 0.62665773444901707, 0.1682744849986858, 0.31963646215186603, 0.22707176094656542, 0.21292544327996754, 0.16344910783929589, 0.16631004926922305, 0.28553707588120281, 0.17128624448868693, 0.17659176966819526, 0.17697370595179038, 0.21276745981910647, 0.17233596663786496, 0.42221694959932554, 0.57352370543163844, 0.24820620244282746, 0.34922031599643333, 0.17236903545722204, 0.27660611343700936, 0.17139769246019967, 0.16598551210624613, 0.21783380405207642, 0.24091543285337816, 0.25639403314935483, 0.1689591867906701, 0.16521605192600092, 0.17445752096043943, 0.56023503372336236, 0.18067640781940655, 0.16953365514475766, 0.16344910783929589], 'fneg': array([1, 1, 1, 1, 0, 1, 0, 1, 0, 1, 1, 1, 0, 1, 0, 0, 0, 0, 0, 0, 1, 1, 1,
       0, 0, 1, 1, 0, 0, 0, 0, 1, 1, 1, 0, 1, 0, 0, 0, 0, 1, 0, 0, 0, 0, 0,
       1, 1, 1, 1, 0, 1, 0, 0, 0, 0, 1, 0, 0, 0, 1, 0, 0, 0]), 'sensitivity': array([1, 1, 1, 1, 1, 1, 1, 1, 1, 1, 1, 1, 1, 1, 1, 1, 1, 1, 1, 1, 1, 1, 1,
       1, 1, 1, 1, 1, 1, 1, 1, 1, 1, 1, 1, 1, 1, 1, 1, 1, 1, 1, 1, 1, 1, 1,
       1, 1, 1, 1, 1, 1, 1, 1, 1, 1, 1, 1, 1, 1, 1, 1, 1, 1]), 'tpos': array([0, 0, 0, 0, 1, 0, 1, 0, 1, 0, 0, 0, 1, 0, 1, 1, 1, 1, 1, 1, 0, 0, 0,
       1, 1, 0, 0, 1, 1, 1, 1, 0, 0, 0, 1, 0, 1, 1, 1, 1, 0, 1, 1, 1, 1, 1,
       0, 0, 0, 0, 1, 0, 1, 1, 1, 1, 0, 1, 1, 1, 0, 1, 1, 1])}, {'specificity': array([0.90769231, 0.78461538, 1.0, 0.98461538, 0.13846154, 0.81538462,
       0.75384615, 0.58461538, 0.67692308, 0.15384615, 0.10769231,
       0.70769231, 0.86153846, 0.69230769, 0.12307692, 0.83076923,
       0.92307692, 0.73846154, 0.84615385, 0.21538462, 0.36923077,
       0.72307692, 0.43076923, 0.24615385, 0.89230769, 0.96923077,
       0.29230769, 0.35384615, 0.2, 0.64615385, 0.47692308, 0.53846154,
       0.27692308, 0.26153846, 0.56923077, 0.076923077, 0.95384615,
       0.046153846, 0.8, 0.66153846, 0.49230769, 0.092307692, 0.23076923,
       0.030769231, 0.61538462, 0.32307692, 0.4, 0.18461538, 0.76923077,
       0.93846154, 0.33846154, 0.52307692, 0.46153846, 0.63076923,
       0.41538462, 0.44615385, 0.55384615, 0.6, 0.50769231, 0.38461538,
       0.87692308, 0.30769231, 0.16923077, 0.061538462, 0.015384615]), 'tneg': array([10, 10, 10, 10,  1, 10, 10,  7,  9,  1,  1,  9, 10,  9,  1, 10, 10,
       10, 10,  2,  6,  9,  6,  3, 10, 10,  4,  6,  2,  8,  6,  6,  4,  4,
        7,  0, 10,  0, 10,  9,  6,  0,  2,  0,  8,  4,  6,  1, 10, 10,  6,
        6,  6,  8,  6,  6,  7,  7,  6,  6, 10,  4,  1,  0,  0]), 'fpos': array([ 1,  1,  1,  1, 10,  1,  1,  4,  2, 10, 10,  2,  1,  2, 10,  1,  1,
        1,  1,  9,  5,  2,  5,  8,  1,  1,  7,  5,  9,  3,  5,  5,  7,  7,
        4, 11,  1, 11,  1,  2,  5, 11,  9, 11,  3,  7,  5, 10,  1,  1,  5,
        5,  5,  3,  5,  5,  4,  4,  5,  5,  1,  7, 10, 11, 11]), 'threshold': [0.41745074091941953, 0.34924251791796213, 0.85295520470569786, 0.66953307151139874, 0.11203558538780585, 0.35784153756869236, 0.340801903761622, 0.17869004438809258, 0.2451963168349916, 0.1132048115698306, 0.11195200901825878, 0.29352225860112063, 0.38351042604179375, 0.289246492766007, 0.11196389769911705, 0.3753351998745218, 0.44712060949784377, 0.33733916872796998, 0.37964639727574528, 0.11457756680378892, 0.13414424346699821, 0.30055604550492848, 0.14011707095049297, 0.11554522634673865, 0.39963407275250223, 0.66407237463276669, 0.11885169535877435, 0.13375146335883514, 0.11413746849228748, 0.20165144928392567, 0.14639609787545638, 0.15909793568917266, 0.1172233802509093, 0.11657221691603081, 0.17156517447407482, 0.1109749864324327, 0.6021229979482734, 0.11055687179458405, 0.35150965971939818, 0.21347099106914039, 0.15445330136623311, 0.11119933417472785, 0.11519293462496673, 0.11050396997392128, 0.19352028744311919, 0.1225884634927905, 0.13985533458135641, 0.11405945385488678, 0.34151792939777764, 0.51299660636339295, 0.12855766824499287, 0.15839765785290808, 0.14348057878437884, 0.20119130650980938, 0.14007275698637325, 0.14221274574595302, 0.16092212658687707, 0.17947839254464881, 0.15816805689877642, 0.1362101507063728, 0.39020557025887675, 0.12205784531001999, 0.11332022101619506, 0.11075692330580407, 0.11048340303134165], 'fneg': array([3, 3, 4, 3, 1, 3, 3, 2, 2, 1, 1, 3, 3, 3, 1, 3, 3, 3, 3, 1, 1, 3, 1,
       1, 3, 3, 1, 1, 1, 2, 1, 2, 1, 1, 2, 0, 3, 0, 3, 2, 2, 0, 1, 0, 2, 1,
       1, 1, 3, 3, 1, 2, 1, 2, 1, 1, 2, 2, 2, 1, 3, 1, 1, 0, 0]), 'sensitivity': array([1, 1, 1, 1, 1, 1, 1, 1, 1, 1, 1, 1, 1, 1, 1, 1, 1, 1, 1, 1, 1, 1, 1,
       1, 1, 1, 1, 1, 1, 1, 1, 1, 1, 1, 1, 1, 1, 1, 1, 1, 1, 1, 1, 1, 1, 1,
       1, 1, 1, 1, 1, 1, 1, 1, 1, 1, 1, 1, 1, 1, 1, 1, 1, 1, 1]), 'tpos': array([1, 1, 0, 1, 3, 1, 1, 2, 2, 3, 3, 1, 1, 1, 3, 1, 1, 1, 1, 3, 3, 1, 3,
       3, 1, 1, 3, 3, 3, 2, 3, 2, 3, 3, 2, 4, 1, 4, 1, 2, 2, 4, 3, 4, 2, 3,
       3, 3, 1, 1, 3, 2, 3, 2, 3, 3, 2, 2, 2, 3, 1, 3, 3, 4, 4])}], <Model object at 0x0000000000000708>)
#adalasso
([{'specificity': array([0.88888889, 0.9047619, 0.55555556, 0.95238095, 0.87301587,
       0.26984127, 0.68253968, 0.74603175, 0.71428571, 0.46031746,
       0.44444444, 0.57142857, 0.92063492, 0.76190476, 0.80952381,
       0.50793651, 0.53968254, 0.6984127, 0.33333333, 0.23809524,
       0.12698413, 0.31746032, 0.77777778, 0.66666667, 0.19047619,
       0.65079365, 0.42857143, 0.063492063, 0.079365079, 0.58730159,
       0.79365079, 0.6031746, 0.85714286, 0.93650794, 1.0, 0.98412698,
       0.82539683, 0.28571429, 0.49206349, 0.15873016, 0.031746032,
       0.25396825, 0.22222222, 0.17460317, 0.3015873, 0.11111111,
       0.015873016, 0.3968254, 0.41269841, 0.47619048, 0.095238095,
       0.20634921, 0.52380952, 0.61904762, 0.73015873, 0.63492063,
       0.36507937, 0.84126984, 0.38095238, 0.34920635, 0.047619048,
       0.96825397, 0.14285714]), 'tneg': array([13, 13,  9, 13, 13,  3, 10, 11, 10,  8,  8,  9, 13, 11, 11,  9,  9,
       10,  7,  2,  1,  7, 11, 10,  2, 10,  7,  0,  0,  9, 11,  9, 12, 13,
       13, 13, 11,  3,  9,  1,  0,  3,  2,  2,  3,  0,  0,  7,  7,  9,  0,
        2,  9, 10, 10, 10,  7, 12,  7,  7,  0, 13,  1]), 'fpos': array([ 0,  0,  4,  0,  0, 10,  3,  2,  3,  5,  5,  4,  0,  2,  2,  4,  4,
        3,  6, 11, 12,  6,  2,  3, 11,  3,  6, 13, 13,  4,  2,  4,  1,  0,
        0,  0,  2, 10,  4, 12, 13, 10, 11, 11, 10, 13, 13,  6,  6,  4, 13,
       11,  4,  3,  3,  3,  6,  1,  6,  6, 13,  0, 12]), 'threshold': [0.51206307614345348, 0.51481319545839643, 0.21902222025161017, 0.56118205966115797, 0.50465984115823637, 0.17412753376625118, 0.25075864161599554, 0.27483554322636267, 0.26204529964949835, 0.20436695073565334, 0.20424883022062024, 0.22121417519651618, 0.53631187675888436, 0.27592887317086889, 0.3388693885948233, 0.21588123661217634, 0.2190092438458475, 0.25561838315686713, 0.18702276405293175, 0.17308319420469462, 0.1556132994893942, 0.18543225388653584, 0.28714120385141623, 0.24639747849362959, 0.16385329999865661, 0.24123468252195746, 0.19718850786548614, 0.14306882899657256, 0.14415711274079052, 0.22231206128488204, 0.32850481750481264, 0.22236752075105704, 0.39919912865958945, 0.55068728250071719, 0.73199465194995705, 0.64992339819697786, 0.35066874280296023, 0.17436965648136293, 0.21585829177221425, 0.1609614076563986, 0.12251561808740032, 0.17389553435958127, 0.17257297309333222, 0.16247641767922066, 0.17466999381219581, 0.14950236637034178, 0.1192701501188624, 0.1943999594189787, 0.19586560487688898, 0.21424622931123608, 0.14863904894395569, 0.16667947328562446, 0.21798837246581798, 0.23282138914573772, 0.26988239249748458, 0.23870238468561755, 0.18778217996935628, 0.35380954289706013, 0.19035134479553351, 0.1876418076984884, 0.12969255174049385, 0.5866586757496377, 0.1564602430253611], 'fneg': array([4, 4, 3, 4, 4, 1, 3, 3, 3, 2, 2, 3, 4, 3, 3, 3, 3, 3, 1, 1, 1, 1, 3,
       3, 1, 3, 2, 0, 0, 3, 3, 3, 4, 4, 4, 4, 3, 1, 3, 1, 0, 1, 1, 1, 1, 1,
       0, 2, 2, 3, 1, 1, 3, 3, 3, 3, 1, 3, 2, 1, 0, 4, 1]), 'sensitivity': array([1, 1, 1, 1, 1, 1, 1, 1, 1, 1, 1, 1, 1, 1, 1, 1, 1, 1, 1, 1, 1, 1, 1,
       1, 1, 1, 1, 1, 1, 1, 1, 1, 1, 1, 1, 1, 1, 1, 1, 1, 1, 1, 1, 1, 1, 1,
       1, 1, 1, 1, 1, 1, 1, 1, 1, 1, 1, 1, 1, 1, 1, 1, 1]), 'tpos': array([0, 0, 1, 0, 0, 3, 1, 1, 1, 2, 2, 1, 0, 1, 1, 1, 1, 1, 3, 3, 3, 3, 1,
       1, 3, 1, 2, 4, 4, 1, 1, 1, 0, 0, 0, 0, 1, 3, 1, 3, 4, 3, 3, 3, 3, 3,
       4, 2, 2, 1, 3, 3, 1, 1, 1, 1, 3, 1, 2, 3, 4, 0, 3])}, {'specificity': array([0.953125, 0.9375, 0.734375, 0.984375, 0.125, 0.796875, 0.890625,
       0.640625, 0.421875, 0.546875, 0.8125, 0.5625, 1.0, 0.875, 0.90625,
       0.921875, 0.390625, 0.296875, 0.40625, 0.15625, 0.21875, 0.59375,
       0.5, 0.96875, 0.859375, 0.1875, 0.6875, 0.09375, 0.375, 0.140625,
       0.828125, 0.453125, 0.84375, 0.28125, 0.71875, 0.171875, 0.4375,
       0.25, 0.234375, 0.015625, 0.578125, 0.703125, 0.34375, 0.03125,
       0.515625, 0.75, 0.671875, 0.328125, 0.65625, 0.765625, 0.359375,
       0.109375, 0.625, 0.078125, 0.609375, 0.78125, 0.484375, 0.0625,
       0.203125, 0.53125, 0.265625, 0.3125, 0.46875, 0.046875]), 'tneg': array([10, 10,  9, 10,  3, 10, 10,  8,  7,  7, 10,  7, 11, 10, 10, 10,  7,
        6,  7,  3,  5,  7,  7, 10, 10,  4,  9,  3,  7,  3, 10,  7, 10,  6,
        9,  3,  7,  6,  6,  0,  7,  9,  7,  0,  7,  9,  9,  7,  8,  9,  7,
        3,  7,  1,  7, 10,  7,  0,  4,  7,  6,  7,  7,  0]), 'fpos': array([ 2,  2,  3,  2,  9,  2,  2,  4,  5,  5,  2,  5,  1,  2,  2,  2,  5,
        6,  5,  9,  7,  5,  5,  2,  2,  8,  3,  9,  5,  9,  2,  5,  2,  6,
        3,  9,  5,  6,  6, 12,  5,  3,  5, 12,  5,  3,  3,  5,  4,  3,  5,
        9,  5, 11,  5,  2,  5, 12,  8,  5,  6,  5,  5, 12]), 'threshold': [0.65544987673431032, 0.60549486031076283, 0.28738764801679534, 0.78607157344840928, 0.13226374485726594, 0.33402465130238779, 0.47776827894634899, 0.26969058505587906, 0.2049990573305919, 0.23613367130878699, 0.33922150050257582, 0.2368450444473712, 0.83898493856762157, 0.41795320967786626, 0.55681031821488647, 0.57548992378443686, 0.19404613275942759, 0.15924013364221198, 0.20156995978471123, 0.13435810030940684, 0.14404433132389705, 0.24142674326743774, 0.22480324425251499, 0.67502558797745127, 0.39847360891749711, 0.13693609820674754, 0.28153661711091882, 0.12106389231995499, 0.18368597789304669, 0.13397104067257473, 0.38454644231373558, 0.21083250984894364, 0.39093325598595996, 0.1562215707532765, 0.28702927323064426, 0.13498780484570297, 0.20893203003704131, 0.15281153237973708, 0.1501642496102911, 0.081735470110748054, 0.23738700572218069, 0.2843585573444346, 0.18065769285064506, 0.089182987082988607, 0.23123747622247709, 0.29523762472052556, 0.28009833655712513, 0.17919487143514223, 0.2733340514897748, 0.29764048189763492, 0.18319465007518293, 0.122962969595561, 0.25157784585350385, 0.11163054857911942, 0.25035072123567781, 0.31403470631931463, 0.21979828732625079, 0.10897510528216652, 0.13868007037979485, 0.23382028007527864, 0.15576076650180798, 0.17243613667293792, 0.21218670290658145, 0.098933068330616172], 'fneg': array([1, 1, 1, 2, 0, 1, 1, 1, 1, 1, 1, 1, 4, 1, 1, 1, 1, 0, 1, 0, 0, 1, 1,
       1, 1, 0, 1, 0, 1, 0, 1, 1, 1, 0, 1, 0, 1, 0, 0, 0, 1, 1, 1, 0, 1, 1,
       1, 1, 1, 1, 1, 0, 1, 0, 1, 1, 1, 0, 0, 1, 0, 1, 1, 0]), 'sensitivity': array([1, 1, 1, 1, 1, 1, 1, 1, 1, 1, 1, 1, 1, 1, 1, 1, 1, 1, 1, 1, 1, 1, 1,
       1, 1, 1, 1, 1, 1, 1, 1, 1, 1, 1, 1, 1, 1, 1, 1, 1, 1, 1, 1, 1, 1, 1,
       1, 1, 1, 1, 1, 1, 1, 1, 1, 1, 1, 1, 1, 1, 1, 1, 1, 1]), 'tpos': array([3, 3, 3, 2, 4, 3, 3, 3, 3, 3, 3, 3, 0, 3, 3, 3, 3, 4, 3, 4, 4, 3, 3,
       3, 3, 4, 3, 4, 3, 4, 3, 3, 3, 4, 3, 4, 3, 4, 4, 4, 3, 3, 3, 4, 3, 3,
       3, 3, 3, 3, 3, 4, 3, 4, 3, 3, 3, 4, 4, 3, 4, 3, 3, 4])}, {'specificity': array([0.78125, 0.984375, 0.953125, 0.765625, 0.6875, 0.640625, 0.84375,
       0.703125, 0.96875, 0.8125, 0.890625, 0.15625, 0.578125, 0.3125,
       0.65625, 0.21875, 0.1875, 0.828125, 0.9375, 0.109375, 0.203125,
       0.328125, 0.171875, 0.28125, 0.5625, 0.0625, 0.875, 0.90625,
       0.921875, 1.0, 0.0625, 0.59375, 0.609375, 0.46875, 0.0625, 0.265625,
       0.4375, 0.25, 0.40625, 0.625, 0.421875, 0.125, 0.53125, 0.234375,
       0.671875, 0.859375, 0.5, 0.734375, 0.71875, 0.296875, 0.359375,
       0.34375, 0.484375, 0.546875, 0.453125, 0.078125, 0.390625, 0.796875,
       0.515625, 0.75, 0.375, 0.140625, 0.09375, 0.0625]), 'tneg': array([0, 0, 0, 0, 0, 0, 0, 0, 0, 0, 0, 0, 0, 0, 0, 0, 0, 0, 0, 0, 0, 0, 0,
       0, 0, 0, 0, 0, 0, 0, 0, 0, 0, 0, 0, 0, 0, 0, 0, 0, 0, 0, 0, 0, 0, 0,
       0, 0, 0, 0, 0, 0, 0, 0, 0, 0, 0, 0, 0, 0, 0, 0, 0, 0]), 'fpos': array([8, 8, 8, 8, 8, 8, 8, 8, 8, 8, 8, 8, 8, 8, 8, 8, 8, 8, 8, 8, 8, 8, 8,
       8, 8, 8, 8, 8, 8, 8, 8, 8, 8, 8, 8, 8, 8, 8, 8, 8, 8, 8, 8, 8, 8, 8,
       8, 8, 8, 8, 8, 8, 8, 8, 8, 8, 8, 8, 8, 8, 8, 8, 8, 8]), 'threshold': [0.21319109350622317, 0.47044506107495415, 0.45001816520622473, 0.20991981626095696, 0.2010190312363552, 0.19692247027930759, 0.2526768333788591, 0.20508270302320092, 0.46356698509888555, 0.24130819724285516, 0.26108354160904934, 0.1826448091552213, 0.19395390686233191, 0.18571197535587333, 0.19901586639793698, 0.18316753942105465, 0.18278676463721855, 0.2458730524511239, 0.36488716285421791, 0.1822613882181332, 0.18290116842097995, 0.18601317239541645, 0.18270082989454306, 0.18450581415107009, 0.1936875902461723, 0.1821878186188606, 0.25881744409570623, 0.26218000606865205, 0.27122819102076406, 0.60397602767018277, 0.1821878186188606, 0.19492665750553767, 0.19551645592908623, 0.18952878883533741, 0.1821878186188606, 0.18402742402493036, 0.18902164633438931, 0.18372466638642743, 0.18647917560323515, 0.1963549012468731, 0.18858383408578958, 0.18237147550482963, 0.19182081670186488, 0.18342766356997628, 0.20018963548179788, 0.25277478394082881, 0.19104614715604865, 0.20854003311685188, 0.20762034601147086, 0.1845634516222579, 0.18606796818231428, 0.18606021826194649, 0.18980491744214009, 0.19245174349092015, 0.18933288368878937, 0.18218934354490168, 0.18613570520166856, 0.21533753036068196, 0.19175669071134413, 0.20890853007836271, 0.18613269417965606, 0.18246775383977551, 0.18218948569952967, 0.1821878186188606], 'fneg': array([0, 0, 0, 0, 0, 0, 0, 0, 0, 0, 0, 0, 0, 0, 0, 0, 0, 0, 0, 0, 0, 0, 0,
       0, 0, 0, 0, 0, 0, 0, 0, 0, 0, 0, 0, 0, 0, 0, 0, 0, 0, 0, 0, 0, 0, 0,
       0, 0, 0, 0, 0, 0, 0, 0, 0, 0, 0, 0, 0, 0, 0, 0, 0, 0]), 'sensitivity': array([1, 1, 1, 1, 1, 1, 1, 1, 1, 1, 1, 1, 1, 1, 1, 1, 1, 1, 1, 1, 1, 1, 1,
       1, 1, 1, 1, 1, 1, 1, 1, 1, 1, 1, 1, 1, 1, 1, 1, 1, 1, 1, 1, 1, 1, 1,
       1, 1, 1, 1, 1, 1, 1, 1, 1, 1, 1, 1, 1, 1, 1, 1, 1, 1]), 'tpos': array([8, 8, 8, 8, 8, 8, 8, 8, 8, 8, 8, 8, 8, 8, 8, 8, 8, 8, 8, 8, 8, 8, 8,
       8, 8, 8, 8, 8, 8, 8, 8, 8, 8, 8, 8, 8, 8, 8, 8, 8, 8, 8, 8, 8, 8, 8,
       8, 8, 8, 8, 8, 8, 8, 8, 8, 8, 8, 8, 8, 8, 8, 8, 8, 8])}, {'specificity': array([0.625, 0.78125, 0.984375, 0.953125, 0.703125, 0.75, 0.65625,
       0.734375, 0.828125, 0.671875, 0.5625, 0.390625, 0.96875, 0.796875,
       0.90625, 0.84375, 0.609375, 0.078125, 0.640625, 0.34375, 0.6875,
       0.359375, 0.59375, 0.9375, 0.140625, 0.109375, 0.09375, 0.484375,
       0.578125, 0.375, 0.515625, 0.859375, 0.875, 0.921875, 1.0, 0.515625,
       0.765625, 0.203125, 0.0625, 0.0625, 0.53125, 0.265625, 0.328125,
       0.234375, 0.15625, 0.25, 0.28125, 0.890625, 0.4375, 0.453125,
       0.21875, 0.71875, 0.1875, 0.421875, 0.46875, 0.40625, 0.125,
       0.171875, 0.546875, 0.8125, 0.3125, 0.296875, 0.0625, 0.0625]), 'tneg': array([10, 13, 15, 15, 12, 13, 11, 13, 14, 11,  7,  4, 15, 14, 15, 15,  8,
        0, 10,  4, 12,  4,  8, 15,  1,  0,  0,  6,  7,  4,  6, 15, 15, 15,
       15,  6, 13,  1,  0,  0,  6,  3,  3,  3,  1,  3,  3, 15,  4,  4,  2,
       12,  1,  4,  4,  4,  1,  1,  6, 14,  3,  3,  0,  0]), 'fpos': array([ 5,  2,  0,  0,  3,  2,  4,  2,  1,  4,  8, 11,  0,  1,  0,  0,  7,
       15,  5, 11,  3, 11,  7,  0, 14, 15, 15,  9,  8, 11,  9,  0,  0,  0,
        0,  9,  2, 14, 15, 15,  9, 12, 12, 12, 14, 12, 12,  0, 11, 11, 13,
        3, 14, 11, 11, 11, 14, 14,  9,  1, 12, 12, 15, 15]), 'threshold': [0.30375817593774485, 0.35536020854839767, 0.57893754928675445, 0.48404876490493648, 0.34331185156021399, 0.35059129650302573, 0.3260876627295371, 0.35017349672236397, 0.37443977409133083, 0.32715978923267169, 0.29217530422494653, 0.2679395809024151, 0.52964112370631178, 0.36781671058314042, 0.41422866978956496, 0.37860704301308995, 0.30075502069925347, 0.25253971155110033, 0.30560723431649067, 0.26638139700023972, 0.33183410237866728, 0.26662903282038064, 0.29900000466850529, 0.48016422341784726, 0.25373464424479097, 0.25298438139906243, 0.25260482866805722, 0.28258567388790795, 0.29413027235863271, 0.26734649192508231, 0.28399656746598972, 0.40144174315271097, 0.40767895132109289, 0.42838604603649644, 0.66197725327711787, 0.28399656746598972, 0.35175919337069717, 0.25494375243611622, 0.25247032811338355, 0.25247032811338355, 0.28433105172077233, 0.25893992633233809, 0.26459449755493641, 0.25684783527912397, 0.25396487780639682, 0.25744103381293093, 0.25938692561570775, 0.41358355977918637, 0.27156434342207814, 0.27234915700142587, 0.25551266939941708, 0.34331633864025024, 0.25475298995818452, 0.27040851900843099, 0.27561803983748429, 0.26933233019639152, 0.25368820591798358, 0.25426410393844479, 0.28761831908832824, 0.37267336119033101, 0.2641042143260251, 0.26074063528172275, 0.25247032811338355, 0.25247032811338355], 'fneg': array([1, 1, 1, 1, 1, 1, 1, 1, 1, 1, 1, 1, 1, 1, 1, 1, 1, 1, 1, 1, 1, 1, 1,
       1, 1, 1, 1, 1, 1, 1, 1, 1, 1, 1, 1, 1, 1, 1, 0, 0, 1, 1, 1, 1, 1, 1,
       1, 1, 1, 1, 1, 1, 1, 1, 1, 1, 1, 1, 1, 1, 1, 1, 0, 0]), 'sensitivity': array([1, 1, 1, 1, 1, 1, 1, 1, 1, 1, 1, 1, 1, 1, 1, 1, 1, 1, 1, 1, 1, 1, 1,
       1, 1, 1, 1, 1, 1, 1, 1, 1, 1, 1, 1, 1, 1, 1, 1, 1, 1, 1, 1, 1, 1, 1,
       1, 1, 1, 1, 1, 1, 1, 1, 1, 1, 1, 1, 1, 1, 1, 1, 1, 1]), 'tpos': array([0, 0, 0, 0, 0, 0, 0, 0, 0, 0, 0, 0, 0, 0, 0, 0, 0, 0, 0, 0, 0, 0, 0,
       0, 0, 0, 0, 0, 0, 0, 0, 0, 0, 0, 0, 0, 0, 0, 1, 1, 0, 0, 0, 0, 0, 0,
       0, 0, 0, 0, 0, 0, 0, 0, 0, 0, 0, 0, 0, 0, 0, 0, 1, 1])}, {'specificity': array([0.78461538, 0.90769231, 0.72307692, 0.89230769, 0.15384615,
       0.63076923, 0.87692308, 0.56923077, 0.49230769, 0.76923077,
       0.81538462, 0.6, 0.96923077, 0.92307692, 0.41538462, 0.47692308,
       0.46153846, 0.16923077, 0.30769231, 0.43076923, 1.0, 0.061538462,
       0.86153846, 0.18461538, 0.44615385, 0.015384615, 0.26153846,
       0.29230769, 0.076923077, 0.69230769, 0.4, 0.93846154, 0.98461538,
       0.84615385, 0.52307692, 0.64615385, 0.24615385, 0.33846154,
       0.38461538, 0.66153846, 0.73846154, 0.8, 0.13846154, 0.35384615,
       0.2, 0.21538462, 0.70769231, 0.67692308, 0.83076923, 0.75384615,
       0.58461538, 0.50769231, 0.53846154, 0.36923077, 0.092307692,
       0.10769231, 0.61538462, 0.55384615, 0.23076923, 0.046153846,
       0.12307692, 0.95384615, 0.27692308, 0.32307692, 0.030769231]), 'tneg': array([ 9,  9,  8,  9,  1,  7,  9,  5,  4,  9,  9,  7,  9,  9,  4,  4,  4,
        2,  3,  4, 10,  0,  9,  2,  4,  0,  3,  3,  0,  7,  3,  9, 10,  9,
        5,  7,  3,  3,  3,  7,  9,  9,  0,  3,  2,  2,  8,  7,  9,  9,  5,
        4,  5,  3,  0,  0,  7,  5,  2,  0,  0,  9,  3,  3,  0]), 'fpos': array([ 1,  1,  2,  1,  9,  3,  1,  5,  6,  1,  1,  3,  1,  1,  6,  6,  6,
        8,  7,  6,  0, 10,  1,  8,  6, 10,  7,  7, 10,  3,  7,  1,  0,  1,
        5,  3,  7,  7,  7,  3,  1,  1, 10,  7,  8,  8,  2,  3,  1,  1,  5,
        6,  5,  7, 10, 10,  3,  5,  8, 10, 10,  1,  7,  7, 10]), 'threshold': [0.4214283177031235, 0.53736772863305926, 0.33904679831349299, 0.52729782226514266, 0.1067614444858796, 0.29941832088601322, 0.5243050045466221, 0.23958049054513692, 0.21451726641217353, 0.37359179443832513, 0.42299056996857626, 0.27346295204905013, 0.6007448800332934, 0.56199549811257532, 0.17876796779227674, 0.20034487151300631, 0.19046294779236248, 0.12346573543894376, 0.14737160113450354, 0.17888260244131238, 0.68085851689149046, 0.077899906537358732, 0.5196379287427545, 0.12375347887031198, 0.18921663156262933, 0.06862734214614237, 0.13631791270274804, 0.14285424370620434, 0.084106271251889408, 0.32787055810275412, 0.16953950489802006, 0.56758981086980742, 0.63070931158875443, 0.49839476607735722, 0.22413073694304611, 0.30275961149840647, 0.13355951631671684, 0.16269079671668713, 0.16611971609892451, 0.30508777826667516, 0.35522752902201826, 0.42144035365075255, 0.096833360868352369, 0.16349029714217769, 0.1247215140975763, 0.12482427000467754, 0.33405519335623668, 0.31094433371862901, 0.46205371340143736, 0.36624895464477109, 0.24919485068769642, 0.22070202762549054, 0.23441156568059385, 0.16570440396640404, 0.089284368067747005, 0.089551598862330717, 0.27606377400570781, 0.23849254137545017, 0.12971821568495279, 0.075856134353642996, 0.094366069633716868, 0.59593953483222295, 0.13889901385790926, 0.15182712744899743, 0.072108653115663973], 'fneg': array([3, 4, 3, 4, 0, 3, 4, 2, 1, 3, 3, 3, 5, 4, 1, 1, 1, 0, 1, 1, 5, 0, 4,
       0, 1, 0, 0, 0, 0, 3, 1, 4, 5, 4, 2, 3, 0, 1, 1, 3, 3, 3, 0, 1, 0, 0,
       3, 3, 4, 3, 3, 2, 2, 1, 0, 0, 3, 2, 0, 0, 0, 5, 0, 1, 0]), 'sensitivity': array([1, 1, 1, 1, 1, 1, 1, 1, 1, 1, 1, 1, 1, 1, 1, 1, 1, 1, 1, 1, 1, 1, 1,
       1, 1, 1, 1, 1, 1, 1, 1, 1, 1, 1, 1, 1, 1, 1, 1, 1, 1, 1, 1, 1, 1, 1,
       1, 1, 1, 1, 1, 1, 1, 1, 1, 1, 1, 1, 1, 1, 1, 1, 1, 1, 1]), 'tpos': array([2, 1, 2, 1, 5, 2, 1, 3, 4, 2, 2, 2, 0, 1, 4, 4, 4, 5, 4, 4, 0, 5, 1,
       5, 4, 5, 5, 5, 5, 2, 4, 1, 0, 1, 3, 2, 5, 4, 4, 2, 2, 2, 5, 4, 5, 5,
       2, 2, 1, 2, 2, 3, 3, 4, 5, 5, 2, 3, 5, 5, 5, 0, 5, 4, 5])}], <Model object at 0x0000000000000A34>)
#adalasso
([{'specificity': array([0.61904762, 0.74603175, 0.77777778, 0.73015873, 0.93650794,
       0.96825397, 0.47619048, 0.76190476, 0.3968254, 0.42857143,
       0.50793651, 0.46031746, 0.80952381, 0.95238095, 0.79365079,
       0.84126984, 0.87301587, 0.079365079, 0.58730159, 0.25396825,
       0.12698413, 0.28571429, 0.095238095, 0.53968254, 0.6031746,
       0.82539683, 0.031746032, 0.047619048, 0.063492063, 0.85714286,
       0.52380952, 0.17460317, 0.20634921, 0.55555556, 0.68253968,
       0.63492063, 0.9047619, 0.92063492, 0.98412698, 1.0, 0.15873016,
       0.38095238, 0.19047619, 0.41269841, 0.49206349, 0.26984127,
       0.015873016, 0.57142857, 0.44444444, 0.65079365, 0.31746032,
       0.14285714, 0.33333333, 0.6984127, 0.34920635, 0.23809524,
       0.36507937, 0.71428571, 0.3015873, 0.11111111, 0.88888889,
       0.66666667, 0.22222222]), 'tneg': array([12, 15, 15, 15, 16, 16,  7, 15,  4,  5,  7,  6, 15, 16, 15, 15, 15,
        2, 10,  3,  3,  3,  2, 10, 10, 15,  0,  1,  1, 15,  8,  3,  3, 10,
       13, 12, 16, 16, 16, 16,  3,  3,  3,  5,  7,  3,  0, 10,  6, 13,  3,
        3,  3, 13,  3,  3,  3, 15,  3,  3, 15, 13,  3]), 'fpos': array([ 4,  1,  1,  1,  0,  0,  9,  1, 12, 11,  9, 10,  1,  0,  1,  1,  1,
       14,  6, 13, 13, 13, 14,  6,  6,  1, 16, 15, 15,  1,  8, 13, 13,  6,
        3,  4,  0,  0,  0,  0, 13, 13, 13, 11,  9, 13, 16,  6, 10,  3, 13,
       13, 13,  3, 13, 13, 13,  1, 13, 13,  1,  3, 13]), 'threshold': [0.27871998600872266, 0.33101933330240341, 0.34045053170137435, 0.32817091203100823, 0.56128343453514029, 0.64638482776459016, 0.23334016899193633, 0.33979576651717786, 0.2004413311303796, 0.20632142916327981, 0.23679885244977744, 0.22822777527209923, 0.37343070128816802, 0.59990251311655485, 0.34855434795192947, 0.39475142326954832, 0.40212120602801216, 0.14976199772597029, 0.26482724827805154, 0.17577346805485927, 0.1551104669140258, 0.18217898851734363, 0.15080102481597049, 0.2570594700023715, 0.26524851511850123, 0.38977430290110765, 0.13149662880003865, 0.14499385490100894, 0.14650830455693908, 0.39757860314896476, 0.23983001896368605, 0.16955854623122474, 0.17294993457753166, 0.26224113928480874, 0.2993074212272539, 0.28858590492924735, 0.45480224222800331, 0.53910919316982153, 0.73073797109482364, 0.74603400199834502, 0.168230564578179, 0.19444196747520157, 0.17008238761656061, 0.20553339943703206, 0.23514337103790606, 0.18215027412241944, 0.11383021660390229, 0.26450222370437437, 0.22262910847175507, 0.29604911625849251, 0.18522722816429046, 0.16388668806382931, 0.18714072396209411, 0.3022227391260609, 0.1886172771749953, 0.17341409825311172, 0.19342179256009773, 0.32614304680996509, 0.18520309642554975, 0.15388075675933061, 0.41819144679586667, 0.29662372879302284, 0.17301613292982981], 'fneg': array([1, 1, 1, 1, 1, 1, 0, 1, 0, 0, 0, 0, 1, 1, 1, 1, 1, 0, 0, 0, 0, 0, 0,
       0, 0, 1, 0, 0, 0, 1, 0, 0, 0, 0, 1, 1, 1, 1, 1, 1, 0, 0, 0, 0, 0, 0,
       0, 0, 0, 1, 0, 0, 0, 1, 0, 0, 0, 1, 0, 0, 1, 1, 0]), 'sensitivity': array([1, 1, 1, 1, 1, 1, 1, 1, 1, 1, 1, 1, 1, 1, 1, 1, 1, 1, 1, 1, 1, 1, 1,
       1, 1, 1, 1, 1, 1, 1, 1, 1, 1, 1, 1, 1, 1, 1, 1, 1, 1, 1, 1, 1, 1, 1,
       1, 1, 1, 1, 1, 1, 1, 1, 1, 1, 1, 1, 1, 1, 1, 1, 1]), 'tpos': array([0, 0, 0, 0, 0, 0, 1, 0, 1, 1, 1, 1, 0, 0, 0, 0, 0, 1, 1, 1, 1, 1, 1,
       1, 1, 0, 1, 1, 1, 0, 1, 1, 1, 1, 0, 0, 0, 0, 0, 0, 1, 1, 1, 1, 1, 1,
       1, 1, 1, 0, 1, 1, 1, 0, 1, 1, 1, 0, 1, 1, 0, 0, 1])}, {'specificity': array([0.765625, 0.890625, 0.84375, 0.9375, 0.96875, 0.453125, 0.234375,
       0.703125, 0.34375, 0.484375, 0.6875, 0.78125, 0.921875, 0.796875,
       0.734375, 0.8125, 0.859375, 0.375, 0.421875, 0.296875, 0.328125,
       0.828125, 0.203125, 0.171875, 0.25, 0.46875, 0.015625, 0.21875,
       0.1875, 0.03125, 0.75, 0.65625, 0.90625, 0.953125, 1.0, 0.984375,
       0.625, 0.71875, 0.046875, 0.3125, 0.359375, 0.0625, 0.515625,
       0.4375, 0.53125, 0.671875, 0.5625, 0.640625, 0.265625, 0.5,
       0.078125, 0.609375, 0.390625, 0.140625, 0.109375, 0.15625, 0.546875,
       0.59375, 0.125, 0.578125, 0.875, 0.28125, 0.40625, 0.09375]), 'tneg': array([13, 14, 13, 14, 14,  9,  3, 13,  8,  9, 13, 13, 14, 13, 13, 13, 13,
        8,  9,  6,  6, 13,  2,  2,  4,  9,  0,  2,  2,  0, 13, 13, 14, 14,
       14, 14, 12, 13,  2,  6,  8,  2, 10,  9, 11, 13, 11, 12,  6, 10,  2,
       12,  8,  2,  2,  2, 11, 12,  2, 12, 14,  6,  9,  2]), 'fpos': array([ 1,  0,  1,  0,  0,  5, 11,  1,  6,  5,  1,  1,  0,  1,  1,  1,  1,
        6,  5,  8,  8,  1, 12, 12, 10,  5, 14, 12, 12, 14,  1,  1,  0,  0,
        0,  0,  2,  1, 12,  8,  6, 12,  4,  5,  3,  1,  3,  2,  8,  4, 12,
        2,  6, 12, 12, 12,  3,  2, 12,  2,  0,  8,  5, 12]), 'threshold': [0.36496907921138538, 0.5706565226320145, 0.45015815124350345, 0.67498503794927456, 0.68872006286423659, 0.19668920619144983, 0.14587276475942532, 0.32549284189660338, 0.17649451677115052, 0.21181879032358494, 0.30712033594453547, 0.3681236819508748, 0.61064928389378403, 0.40483993896051568, 0.3539103925634311, 0.41285814732027448, 0.47607276674076243, 0.18042847986564445, 0.18543368196859716, 0.16691335223136875, 0.17332418712953115, 0.4336687475331929, 0.13955134733021812, 0.13017985957091582, 0.15293408182402518, 0.19968491825749665, 0.068488832727709698, 0.13966824055629867, 0.13481894791702681, 0.077304697115856469, 0.35546631897498998, 0.29908047557873885, 0.6020297601408664, 0.67648780138415099, 0.83438884264644886, 0.77353413989864894, 0.28530896716441256, 0.32792834264653881, 0.095949792496432429, 0.1705197934706866, 0.17703998512735339, 0.09605984829860624, 0.22196232577400288, 0.19607614969394269, 0.24296168011949473, 0.30129310936865494, 0.26074672458029402, 0.29047017505100425, 0.15956728189630723, 0.22158213733053667, 0.096512665841679321, 0.27993588781487816, 0.18186818686935119, 0.11681818271149169, 0.10517183340954271, 0.12082233740467833, 0.24707442123370244, 0.27276636220179334, 0.11604270823521876, 0.26882707915982568, 0.51056370189769551, 0.16664970852449465, 0.18438040084044147, 0.10241266600202859], 'fneg': array([2, 2, 2, 2, 2, 0, 0, 2, 0, 0, 2, 2, 2, 2, 2, 2, 2, 0, 0, 0, 0, 2, 0,
       0, 0, 0, 0, 0, 0, 0, 2, 2, 2, 2, 2, 2, 2, 2, 0, 0, 0, 0, 1, 0, 1, 2,
       1, 2, 0, 1, 0, 2, 0, 0, 0, 0, 1, 1, 0, 1, 2, 0, 0, 0]), 'sensitivity': array([1, 1, 1, 1, 1, 1, 1, 1, 1, 1, 1, 1, 1, 1, 1, 1, 1, 1, 1, 1, 1, 1, 1,
       1, 1, 1, 1, 1, 1, 1, 1, 1, 1, 1, 1, 1, 1, 1, 1, 1, 1, 1, 1, 1, 1, 1,
       1, 1, 1, 1, 1, 1, 1, 1, 1, 1, 1, 1, 1, 1, 1, 1, 1, 1]), 'tpos': array([0, 0, 0, 0, 0, 2, 2, 0, 2, 2, 0, 0, 0, 0, 0, 0, 0, 2, 2, 2, 2, 0, 2,
       2, 2, 2, 2, 2, 2, 2, 0, 0, 0, 0, 0, 0, 0, 0, 2, 2, 2, 2, 1, 2, 1, 0,
       1, 0, 2, 1, 2, 0, 2, 2, 2, 2, 1, 1, 2, 1, 0, 2, 2, 2])}, {'specificity': array([0.96875, 0.859375, 0.9375, 0.046875, 0.3125, 0.84375, 0.515625,
       0.546875, 0.6875, 0.15625, 0.5, 0.75, 0.984375, 0.609375, 0.90625,
       0.875, 0.734375, 0.34375, 0.46875, 0.40625, 0.28125, 0.21875,
       0.703125, 0.65625, 0.4375, 0.78125, 0.640625, 0.671875, 0.53125,
       0.625, 0.09375, 0.578125, 0.453125, 0.484375, 0.796875, 1.0,
       0.953125, 0.921875, 0.078125, 0.109375, 0.03125, 0.015625, 0.5625,
       0.0625, 0.1875, 0.296875, 0.328125, 0.171875, 0.390625, 0.59375,
       0.359375, 0.421875, 0.375, 0.765625, 0.25, 0.203125, 0.71875,
       0.890625, 0.234375, 0.140625, 0.828125, 0.8125, 0.265625, 0.125]), 'tneg': array([9, 8, 8, 0, 3, 8, 4, 4, 5, 0, 3, 7, 9, 4, 8, 8, 7, 3, 3, 3, 1, 0, 5,
       4, 3, 7, 4, 5, 4, 4, 0, 4, 3, 3, 7, 9, 9, 8, 0, 0, 0, 0, 4, 0, 0, 2,
       3, 0, 3, 4, 3, 3, 3, 7, 0, 0, 7, 8, 0, 0, 8, 7, 0, 0]), 'fpos': array([0, 1, 1, 9, 6, 1, 5, 5, 4, 9, 6, 2, 0, 5, 1, 1, 2, 6, 6, 6, 8, 9, 4,
       5, 6, 2, 5, 4, 5, 5, 9, 5, 6, 6, 2, 0, 0, 1, 9, 9, 9, 9, 5, 9, 9, 7,
       6, 9, 6, 5, 6, 6, 6, 2, 9, 9, 2, 1, 9, 9, 1, 2, 9, 9]), 'threshold': [0.49008525312377121, 0.24721286424679104, 0.31004365455763477, 0.11315950227906454, 0.13415859804533453, 0.24578169093987093, 0.16359212639013243, 0.16741903134348141, 0.18786501921394147, 0.12070443744526263, 0.15798076428183822, 0.20667313038940163, 0.53924901164268424, 0.17388846325822238, 0.29348088356918101, 0.26396372544868635, 0.20298023862041661, 0.13487678580917548, 0.15225411737546507, 0.13967463208183553, 0.12873356990197452, 0.1239540919789153, 0.19152658125993763, 0.17700636281058385, 0.14377745675095954, 0.21225565792571202, 0.17503277644689871, 0.18239665455234189, 0.16483226482695448, 0.17446683682116701, 0.11553365655442763, 0.17056108827135655, 0.15046144672747408, 0.15678273037680762, 0.21381149721803089, 0.59134454182384666, 0.47287934504772861, 0.2964037144798487, 0.11466008149631198, 0.11557727451497801, 0.11288219406156755, 0.11101825564992163, 0.16995440050383415, 0.11319945021191975, 0.12242163167329818, 0.1301732897930801, 0.13440899688107841, 0.1223992902304514, 0.13922784950518158, 0.17374258809198576, 0.13502880842545748, 0.14085621133828935, 0.13862745142576272, 0.20895739086005816, 0.12607476013369301, 0.12374453412553056, 0.20242782101641843, 0.29054627029956448, 0.12496552523056372, 0.11904646766971908, 0.2256615756092768, 0.21824984615469192, 0.12644523481999809, 0.11810549026019677], 'fneg': array([7, 5, 5, 0, 1, 5, 1, 1, 3, 1, 1, 4, 7, 1, 5, 5, 4, 1, 1, 1, 1, 1, 4,
       2, 1, 4, 1, 3, 1, 1, 0, 1, 1, 1, 4, 7, 7, 5, 0, 0, 0, 0, 1, 0, 1, 1,
       1, 1, 1, 1, 1, 1, 1, 4, 1, 1, 4, 5, 1, 1, 4, 4, 1, 1]), 'sensitivity': array([1, 1, 1, 1, 1, 1, 1, 1, 1, 1, 1, 1, 1, 1, 1, 1, 1, 1, 1, 1, 1, 1, 1,
       1, 1, 1, 1, 1, 1, 1, 1, 1, 1, 1, 1, 1, 1, 1, 1, 1, 1, 1, 1, 1, 1, 1,
       1, 1, 1, 1, 1, 1, 1, 1, 1, 1, 1, 1, 1, 1, 1, 1, 1, 1]), 'tpos': array([0, 2, 2, 7, 6, 2, 6, 6, 4, 6, 6, 3, 0, 6, 2, 2, 3, 6, 6, 6, 6, 6, 3,
       5, 6, 3, 6, 4, 6, 6, 7, 6, 6, 6, 3, 0, 0, 2, 7, 7, 7, 7, 6, 7, 6, 6,
       6, 6, 6, 6, 6, 6, 6, 3, 6, 6, 3, 2, 6, 6, 3, 3, 6, 6])}, {'specificity': array([0.859375, 0.921875, 0.9375, 0.953125, 0.265625, 0.109375, 0.84375,
       0.46875, 0.5, 0.25, 0.90625, 0.40625, 0.53125, 0.734375, 1.0,
       0.8125, 0.796875, 0.671875, 0.765625, 0.4375, 0.515625, 0.453125,
       0.296875, 0.140625, 0.203125, 0.609375, 0.28125, 0.828125, 0.3125,
       0.125, 0.75, 0.375, 0.328125, 0.703125, 0.5625, 0.171875, 0.625,
       0.71875, 0.78125, 0.96875, 0.984375, 0.578125, 0.875, 0.0625,
       0.1875, 0.078125, 0.359375, 0.65625, 0.15625, 0.09375, 0.015625,
       0.640625, 0.21875, 0.59375, 0.046875, 0.421875, 0.234375, 0.390625,
       0.546875, 0.890625, 0.03125, 0.6875, 0.34375, 0.484375]), 'tneg': array([11, 11, 11, 11,  5,  3, 11,  6,  9,  5, 11,  6,  9,  9, 11, 10,  9,
        9,  9,  6,  9,  6,  5,  3,  5,  9,  5, 11,  5,  3,  9,  6,  5,  9,
        9,  5,  9,  9,  9, 11, 11,  9, 11,  2,  5,  3,  6,  9,  3,  3,  1,
        9,  5,  9,  1,  6,  5,  6,  9, 11,  1,  9,  5,  6]), 'fpos': array([ 2,  2,  2,  2,  8, 10,  2,  7,  4,  8,  2,  7,  4,  4,  2,  3,  4,
        4,  4,  7,  4,  7,  8, 10,  8,  4,  8,  2,  8, 10,  4,  7,  8,  4,
        4,  8,  4,  4,  4,  2,  2,  4,  2, 11,  8, 10,  7,  4, 10, 10, 12,
        4,  8,  4, 12,  7,  8,  7,  4,  2, 12,  4,  8,  7]), 'threshold': [0.50265702740897111, 0.68238064226144735, 0.70269965984833371, 0.74184265641311586, 0.1086126990371166, 0.071047375909308971, 0.48268841510268073, 0.15926752821355059, 0.19033708383849665, 0.10677799046504698, 0.58126260026827881, 0.12766012664689411, 0.20215718103819552, 0.35242393954273116, 0.9223793005935953, 0.42352197467984265, 0.41764117898533859, 0.28514949946870394, 0.38038183268601194, 0.14112297579954192, 0.19631325443616435, 0.14202491034718998, 0.10954083823314424, 0.07555239390048743, 0.092289563337873387, 0.23401265629985341, 0.10900675960681623, 0.47976917844111233, 0.11248273257996498, 0.072670318222357227, 0.37109863409438421, 0.12615050246284246, 0.11337794441836847, 0.32701638014191381, 0.20534605643955384, 0.083554739001222886, 0.25057829275898968, 0.33997854005597855, 0.41348014490576501, 0.8647590709859011, 0.87887521145824266, 0.2129733274980419, 0.55192140479140117, 0.060033590397918633, 0.084482751206760104, 0.069689367479856462, 0.12565331036723207, 0.25909355280325569, 0.076080437793810574, 0.071031647429993211, 0.044333195358880383, 0.25482702680080144, 0.099260042791808667, 0.22837160650683905, 0.054826208311290592, 0.13540856492913933, 0.10396098598884565, 0.12682031634826069, 0.20240754560903182, 0.55720619625780043, 0.050097893011457541, 0.31381728539235965, 0.11787595868764526, 0.16122968454423897], 'fneg': array([1, 2, 2, 2, 0, 0, 1, 1, 1, 0, 2, 1, 1, 1, 3, 1, 1, 1, 1, 1, 1, 1, 0,
       0, 0, 1, 0, 1, 0, 0, 1, 1, 0, 1, 1, 0, 1, 1, 1, 3, 3, 1, 1, 0, 0, 0,
       1, 1, 0, 0, 0, 1, 0, 1, 0, 1, 0, 1, 1, 2, 0, 1, 0, 1]), 'sensitivity': array([1, 1, 1, 1, 1, 1, 1, 1, 1, 1, 1, 1, 1, 1, 1, 1, 1, 1, 1, 1, 1, 1, 1,
       1, 1, 1, 1, 1, 1, 1, 1, 1, 1, 1, 1, 1, 1, 1, 1, 1, 1, 1, 1, 1, 1, 1,
       1, 1, 1, 1, 1, 1, 1, 1, 1, 1, 1, 1, 1, 1, 1, 1, 1, 1]), 'tpos': array([2, 1, 1, 1, 3, 3, 2, 2, 2, 3, 1, 2, 2, 2, 0, 2, 2, 2, 2, 2, 2, 2, 3,
       3, 3, 2, 3, 2, 3, 3, 2, 2, 3, 2, 2, 3, 2, 2, 2, 0, 0, 2, 2, 3, 3, 3,
       2, 2, 3, 3, 3, 2, 3, 2, 3, 2, 3, 2, 2, 1, 3, 2, 3, 2])}, {'specificity': array([0.81538462, 0.69230769, 0.90769231, 0.87692308, 0.96923077,
       0.84615385, 0.44615385, 0.56923077, 0.26153846, 0.061538462,
       0.73846154, 0.75384615, 0.76923077, 0.8, 0.89230769, 0.61538462,
       0.30769231, 0.4, 0.6, 0.83076923, 0.32307692, 0.16923077,
       0.70769231, 0.63076923, 0.53846154, 0.33846154, 0.50769231,
       0.47692308, 0.43076923, 0.58461538, 0.12307692, 0.92307692,
       0.95384615, 0.98461538, 1.0, 0.35384615, 0.78461538, 0.076923077,
       0.030769231, 0.27692308, 0.2, 0.66153846, 0.092307692, 0.015384615,
       0.46153846, 0.36923077, 0.72307692, 0.86153846, 0.13846154,
       0.67692308, 0.55384615, 0.10769231, 0.49230769, 0.38461538,
       0.52307692, 0.41538462, 0.24615385, 0.23076923, 0.64615385,
       0.15384615, 0.29230769, 0.93846154, 0.21538462, 0.18461538,
       0.046153846]), 'tneg': array([7, 4, 8, 7, 8, 7, 4, 4, 4, 1, 7, 7, 7, 7, 7, 4, 4, 4, 4, 7, 4, 2, 5,
       4, 4, 4, 4, 4, 4, 4, 1, 8, 8, 8, 8, 4, 7, 1, 0, 4, 3, 4, 1, 0, 4, 4,
       7, 7, 1, 4, 4, 1, 4, 4, 4, 4, 4, 4, 4, 1, 4, 8, 4, 2, 1]), 'fpos': array([1, 4, 0, 1, 0, 1, 4, 4, 4, 7, 1, 1, 1, 1, 1, 4, 4, 4, 4, 1, 4, 6, 3,
       4, 4, 4, 4, 4, 4, 4, 7, 0, 0, 0, 0, 4, 1, 7, 8, 4, 5, 4, 7, 8, 4, 4,
       1, 1, 7, 4, 4, 7, 4, 4, 4, 4, 4, 4, 4, 7, 4, 0, 4, 6, 7]), 'threshold': [0.28425690593914887, 0.1913862845495862, 0.41616408528319748, 0.36562366189214773, 0.58145516581628542, 0.33767945528634824, 0.10952232935429231, 0.12416505853655853, 0.10321779333370405, 0.087779154342475685, 0.2300569681653834, 0.2421889351167773, 0.24619285061094098, 0.28089273265849501, 0.39604334535287505, 0.12696388013611018, 0.10373598472771298, 0.10745633456689538, 0.12675095437288492, 0.28492590723054567, 0.10401214597677999, 0.097468750405959009, 0.19402254673472213, 0.12881147325020412, 0.11817756138379831, 0.10541152642247899, 0.11557267350458089, 0.11352653809438695, 0.10783000875313248, 0.12506041098607038, 0.090489198711738744, 0.44137500552627262, 0.55102925321169327, 0.58630536495974706, 0.65545857044630385, 0.10574492268842145, 0.26562294222933663, 0.087971318770067822, 0.083911094700716865, 0.10324488354906246, 0.10034397784750265, 0.14849286944674386, 0.08966831047990359, 0.080583306414963918, 0.11018869907447439, 0.1060191067866223, 0.22458020387899388, 0.34790891413988589, 0.093574770277192285, 0.15367480684267304, 0.12068394701195097, 0.090085950443191606, 0.11469554219032262, 0.10735666676987085, 0.11743540741197132, 0.10754531293088337, 0.10309283157236163, 0.10226298148857442, 0.13315124288256006, 0.094383972787616746, 0.10343603453068517, 0.49892754233761022, 0.10125303829390342, 0.098563296620004959, 0.085569339368012601], 'fneg': array([6, 5, 7, 6, 7, 6, 2, 2, 2, 0, 6, 6, 6, 6, 7, 2, 2, 2, 2, 6, 2, 0, 5,
       3, 2, 2, 2, 2, 2, 2, 0, 7, 7, 7, 7, 2, 6, 0, 0, 2, 2, 3, 0, 0, 2, 2,
       6, 6, 0, 3, 2, 0, 2, 2, 2, 2, 2, 2, 3, 0, 2, 7, 2, 2, 0]), 'sensitivity': array([1, 1, 1, 1, 1, 1, 1, 1, 1, 1, 1, 1, 1, 1, 1, 1, 1, 1, 1, 1, 1, 1, 1,
       1, 1, 1, 1, 1, 1, 1, 1, 1, 1, 1, 1, 1, 1, 1, 1, 1, 1, 1, 1, 1, 1, 1,
       1, 1, 1, 1, 1, 1, 1, 1, 1, 1, 1, 1, 1, 1, 1, 1, 1, 1, 1]), 'tpos': array([1, 2, 0, 1, 0, 1, 5, 5, 5, 7, 1, 1, 1, 1, 0, 5, 5, 5, 5, 1, 5, 7, 2,
       4, 5, 5, 5, 5, 5, 5, 7, 0, 0, 0, 0, 5, 1, 7, 7, 5, 5, 4, 7, 7, 5, 5,
       1, 1, 7, 4, 5, 7, 5, 5, 5, 5, 5, 5, 4, 7, 5, 0, 5, 5, 7])}], <Model object at 0x0000000000000D60>)
#adalasso
([{'specificity': array([0.90625, 0.828125, 0.953125, 0.921875, 0.25, 0.15625, 0.875,
       0.859375, 0.453125, 0.53125, 0.21875, 0.84375, 0.515625, 0.609375,
       0.71875, 1.0, 0.75, 0.328125, 0.6875, 0.734375, 0.578125, 0.171875,
       0.234375, 0.796875, 0.640625, 0.890625, 0.359375, 0.34375, 0.140625,
       0.484375, 0.671875, 0.296875, 0.59375, 0.265625, 0.03125, 0.421875,
       0.9375, 0.96875, 0.984375, 0.375, 0.5625, 0.0625, 0.015625,
       0.703125, 0.1875, 0.3125, 0.046875, 0.4375, 0.765625, 0.078125,
       0.125, 0.203125, 0.65625, 0.109375, 0.546875, 0.40625, 0.625,
       0.390625, 0.46875, 0.8125, 0.78125, 0.28125, 0.5, 0.09375]), 'tneg': array([0, 0, 0, 0, 0, 0, 0, 0, 0, 0, 0, 0, 0, 0, 0, 0, 0, 0, 0, 0, 0, 0, 0,
       0, 0, 0, 0, 0, 0, 0, 0, 0, 0, 0, 0, 0, 0, 0, 0, 0, 0, 0, 0, 0, 0, 0,
       0, 0, 0, 0, 0, 0, 0, 0, 0, 0, 0, 0, 0, 0, 0, 0, 0, 0]), 'fpos': array([11, 11, 11, 11, 11, 11, 11, 11, 11, 11, 11, 11, 11, 11, 11, 11, 11,
       11, 11, 11, 11, 11, 11, 11, 11, 11, 11, 11, 11, 11, 11, 11, 11, 11,
       11, 11, 11, 11, 11, 11, 11, 11, 11, 11, 11, 11, 11, 11, 11, 11, 11,
       11, 11, 11, 11, 11, 11, 11, 11, 11, 11, 11, 11, 11]), 'threshold': [0.75484720342267453, 0.45126283730283506, 0.94394064572585379, 0.78400342895430442, 0.050958878451715602, 0.038028990680766539, 0.56825002311503769, 0.54507587804875068, 0.078988422262610269, 0.10749123604488693, 0.043614384486368923, 0.5418210395355807, 0.10392241170177383, 0.14697092069925669, 0.2006257526973447, 0.99826624095204242, 0.27971061239464295, 0.059374226689098392, 0.19111623951432288, 0.23772982213878718, 0.11185150354100019, 0.038062794361670746, 0.049237463763961251, 0.33958354264388829, 0.15533501977572781, 0.72455808957257073, 0.061922990693263548, 0.060278356789658767, 0.036303001856565091, 0.081171188868332841, 0.18975216099411091, 0.054817092135672936, 0.13716815420683728, 0.053076471384312096, 0.015179649917068211, 0.070605764119763978, 0.87840358328208479, 0.97773756910567766, 0.98480271437791722, 0.066068241688615734, 0.10967343552301639, 0.020302135603754295, 0.010789310316395019, 0.19874857755247805, 0.040781859186188138, 0.056745867028204493, 0.018116729206864031, 0.075971803623867087, 0.28318499850403689, 0.020993648312787234, 0.03219534087076259, 0.041504191133372108, 0.16712680223531737, 0.029847478846641604, 0.10761391721672119, 0.067178959056406751, 0.15326721310375902, 0.066299852991066346, 0.079378266031256292, 0.36181994380413429, 0.32840874333794884, 0.053288704943510498, 0.092069523684126658, 0.02322573532271021], 'fneg': array([0, 0, 0, 0, 0, 0, 0, 0, 0, 0, 0, 0, 0, 0, 0, 0, 0, 0, 0, 0, 0, 0, 0,
       0, 0, 0, 0, 0, 0, 0, 0, 0, 0, 0, 0, 0, 0, 0, 0, 0, 0, 0, 0, 0, 0, 0,
       0, 0, 0, 0, 0, 0, 0, 0, 0, 0, 0, 0, 0, 0, 0, 0, 0, 0]), 'sensitivity': array([1, 1, 1, 1, 1, 1, 1, 1, 1, 1, 1, 1, 1, 1, 1, 1, 1, 1, 1, 1, 1, 1, 1,
       1, 1, 1, 1, 1, 1, 1, 1, 1, 1, 1, 1, 1, 1, 1, 1, 1, 1, 1, 1, 1, 1, 1,
       1, 1, 1, 1, 1, 1, 1, 1, 1, 1, 1, 1, 1, 1, 1, 1, 1, 1]), 'tpos': array([6, 6, 6, 6, 6, 6, 6, 6, 6, 6, 6, 6, 6, 6, 6, 6, 6, 6, 6, 6, 6, 6, 6,
       6, 6, 6, 6, 6, 6, 6, 6, 6, 6, 6, 6, 6, 6, 6, 6, 6, 6, 6, 6, 6, 6, 6,
       6, 6, 6, 6, 6, 6, 6, 6, 6, 6, 6, 6, 6, 6, 6, 6, 6, 6])}, {'specificity': array([0.92307692, 0.96923077, 0.90769231, 0.27692308, 0.13846154,
       0.81538462, 0.89230769, 0.33846154, 0.63076923, 0.73846154,
       0.78461538, 0.76923077, 0.38461538, 0.32307692, 0.58461538,
       0.70769231, 0.44615385, 0.30769231, 0.16923077, 0.55384615,
       0.86153846, 0.93846154, 0.092307692, 0.12307692, 0.061538462, 0.4,
       0.23076923, 0.47692308, 0.24615385, 0.69230769, 0.43076923,
       0.84615385, 0.95384615, 0.98461538, 1.0, 0.29230769, 0.53846154,
       0.076923077, 0.10769231, 0.015384615, 0.72307692, 0.83076923,
       0.18461538, 0.46153846, 0.2, 0.030769231, 0.66153846, 0.41538462,
       0.87692308, 0.15384615, 0.50769231, 0.75384615, 0.64615385,
       0.35384615, 0.49230769, 0.61538462, 0.56923077, 0.26153846, 0.8,
       0.52307692, 0.6, 0.21538462, 0.67692308, 0.36923077, 0.046153846]), 'tneg': array([11, 11, 11,  2,  1, 10, 10,  3,  9,  9, 10, 10,  4,  3,  7,  9,  5,
        2,  1,  7, 10, 11,  1,  1,  0,  4,  2,  6,  2,  9,  5, 10, 11, 11,
       11,  2,  7,  0,  1,  0,  9, 10,  2,  5,  2,  0,  9,  5, 10,  1,  6,
       10,  9,  4,  6,  9,  7,  2, 10,  6,  8,  2,  9,  4,  0]), 'fpos': array([ 0,  0,  0,  9, 10,  1,  1,  8,  2,  2,  1,  1,  7,  8,  4,  2,  6,
        9, 10,  4,  1,  0, 10, 10, 11,  7,  9,  5,  9,  2,  6,  1,  0,  0,
        0,  9,  4, 11, 10, 11,  2,  1,  9,  6,  9, 11,  2,  6,  1, 10,  5,
        1,  2,  7,  5,  2,  4,  9,  1,  5,  3,  9,  2,  7, 11]), 'threshold': [0.8018494115894218, 0.92255888810183839, 0.74481876668630431, 0.071566776118256611, 0.053559319316993974, 0.47839038018316837, 0.62509425515025119, 0.085782820890594469, 0.20066219736539973, 0.27833293012341931, 0.38659035394892011, 0.37523504391666457, 0.10518302049765879, 0.079969796930087836, 0.18364356594053774, 0.24284884426560896, 0.1143009799402218, 0.079481003507699155, 0.053944623691163721, 0.17282210748233129, 0.61484606256987018, 0.80827187490320918, 0.044145512061072902, 0.050951064097176819, 0.031603717625263428, 0.10930771717179169, 0.059868791341486566, 0.12875606941194848, 0.061136880016902179, 0.23341189016780681, 0.11218907131245984, 0.6066754749024339, 0.86635682425505955, 0.95707375089566826, 0.98537463211098986, 0.076075216715586758, 0.16370577263109029, 0.032290859714906722, 0.049437063161551102, 0.026143285547864659, 0.2577375182533691, 0.49247325652586538, 0.055174990021568428, 0.11662396852921042, 0.056845834646720821, 0.029365737421324284, 0.21908482816408584, 0.11166840928012813, 0.62167660501862998, 0.053710561989563629, 0.13529040034430037, 0.3494412539672862, 0.21858317074352829, 0.10116525107374425, 0.13507457943328224, 0.20053810669577041, 0.18161438717575146, 0.069216635954646652, 0.44952170540179748, 0.1435277563340579, 0.19518957924651753, 0.057908986861801078, 0.2308839832781123, 0.10306606974477948, 0.029859899735655518], 'fneg': array([4, 4, 4, 0, 0, 3, 4, 0, 0, 1, 2, 2, 0, 0, 0, 0, 0, 0, 0, 0, 4, 4, 0,
       0, 0, 0, 0, 0, 0, 0, 0, 4, 4, 4, 5, 0, 0, 0, 0, 0, 0, 4, 0, 0, 0, 0,
       0, 0, 4, 0, 0, 2, 0, 0, 0, 0, 0, 0, 3, 0, 0, 0, 0, 0, 0]), 'sensitivity': array([1, 1, 1, 1, 1, 1, 1, 1, 1, 1, 1, 1, 1, 1, 1, 1, 1, 1, 1, 1, 1, 1, 1,
       1, 1, 1, 1, 1, 1, 1, 1, 1, 1, 1, 1, 1, 1, 1, 1, 1, 1, 1, 1, 1, 1, 1,
       1, 1, 1, 1, 1, 1, 1, 1, 1, 1, 1, 1, 1, 1, 1, 1, 1, 1, 1]), 'tpos': array([1, 1, 1, 5, 5, 2, 1, 5, 5, 4, 3, 3, 5, 5, 5, 5, 5, 5, 5, 5, 1, 1, 5,
       5, 5, 5, 5, 5, 5, 5, 5, 1, 1, 1, 0, 5, 5, 5, 5, 5, 5, 1, 5, 5, 5, 5,
       5, 5, 1, 5, 5, 3, 5, 5, 5, 5, 5, 5, 2, 5, 5, 5, 5, 5, 5])}, {'specificity': array([0.92307692, 0.87692308, 0.6, 0.90769231, 0.15384615, 0.16923077,
       0.84615385, 0.53846154, 0.95384615, 0.66153846, 0.4, 0.8,
       0.33846154, 0.86153846, 0.81538462, 1.0, 0.67692308, 0.38461538,
       0.76923077, 0.55384615, 0.52307692, 0.35384615, 0.50769231,
       0.75384615, 0.96923077, 0.93846154, 0.44615385, 0.43076923,
       0.64615385, 0.26153846, 0.46153846, 0.24615385, 0.78461538,
       0.36923077, 0.73846154, 0.89230769, 0.98461538, 0.076923077, 0.2,
       0.061538462, 0.12307692, 0.015384615, 0.83076923, 0.10769231,
       0.13846154, 0.27692308, 0.29230769, 0.70769231, 0.47692308,
       0.21538462, 0.63076923, 0.69230769, 0.41538462, 0.58461538,
       0.23076923, 0.56923077, 0.046153846, 0.18461538, 0.092307692,
       0.30769231, 0.61538462, 0.72307692, 0.49230769, 0.32307692,
       0.030769231]), 'tneg': array([ 9,  9,  4,  9,  1,  2,  8,  4,  9,  6,  3,  8,  3,  8,  8, 10,  6,
        3,  7,  4,  4,  3,  4,  6, 10,  9,  3,  3,  5,  2,  4,  2,  8,  3,
        6,  9, 10,  0,  2,  0,  0,  0,  8,  0,  0,  2,  3,  6,  4,  2,  5,
        6,  3,  4,  2,  4,  0,  2,  0,  3,  5,  6,  4,  3,  0]), 'fpos': array([ 1,  1,  6,  1,  9,  8,  2,  6,  1,  4,  7,  2,  7,  2,  2,  0,  4,
        7,  3,  6,  6,  7,  6,  4,  0,  1,  7,  7,  5,  8,  6,  8,  2,  7,
        4,  1,  0, 10,  8, 10, 10, 10,  2, 10, 10,  8,  7,  4,  6,  8,  5,
        4,  7,  6,  8,  6, 10,  8, 10,  7,  5,  4,  6,  7, 10]), 'threshold': [0.93019590496001592, 0.87908493771016694, 0.046774276715429212, 0.89959315231491854, 0.0013081520883269551, 0.0013854590458465832, 0.796173746000436, 0.032215351658452983, 0.96983574748827639, 0.11013209268910477, 0.012647863924206132, 0.77871782221419295, 0.0093695158598060581, 0.83440516460689318, 0.78658431082008406, 0.9999959424804179, 0.13611384502270127, 0.010068674846992616, 0.65299219794156516, 0.037502734812158635, 0.027956179950569319, 0.0095924225880308356, 0.027926689489362101, 0.31285371376657367, 0.97540669682101877, 0.95801691355696916, 0.017242691939296256, 0.015980841492599381, 0.060630278920108333, 0.0038939915716137904, 0.020400415069247706, 0.0036920590239309602, 0.7668058318218498, 0.0095996449925521907, 0.29624806529993436, 0.89875505180833359, 0.99931116164636846, 0.00043277016564285665, 0.0019414680398771214, 0.00033399711584809495, 0.000625710798136404, 0.00011050314037418561, 0.78733623433890765, 0.00058773441312248839, 0.00063978116039642441, 0.0039663432280229605, 0.0066535390709165296, 0.18952834967192103, 0.023623559200237506, 0.0024171836802568004, 0.056278093449891424, 0.14139921797535285, 0.01424161598418338, 0.046771259634532672, 0.0030619117416777891, 0.043446012357499744, 0.00017520383809315179, 0.0018408862684024681, 0.00045791291670218789, 0.0070211037576632601, 0.054805279887076355, 0.25390658626722318, 0.027102679969582402, 0.0086098836309839947, 0.00014286672751113463], 'fneg': array([4, 4, 1, 4, 0, 0, 4, 1, 5, 1, 1, 4, 1, 4, 4, 6, 1, 1, 4, 1, 1, 1, 1,
       3, 5, 5, 1, 1, 1, 0, 1, 0, 4, 1, 3, 4, 6, 0, 0, 0, 0, 0, 4, 0, 0, 0,
       0, 2, 1, 0, 1, 1, 1, 1, 0, 1, 0, 0, 0, 0, 1, 3, 1, 0, 0]), 'sensitivity': array([1, 1, 1, 1, 1, 1, 1, 1, 1, 1, 1, 1, 1, 1, 1, 1, 1, 1, 1, 1, 1, 1, 1,
       1, 1, 1, 1, 1, 1, 1, 1, 1, 1, 1, 1, 1, 1, 1, 1, 1, 1, 1, 1, 1, 1, 1,
       1, 1, 1, 1, 1, 1, 1, 1, 1, 1, 1, 1, 1, 1, 1, 1, 1, 1, 1]), 'tpos': array([2, 2, 5, 2, 6, 6, 2, 5, 1, 5, 5, 2, 5, 2, 2, 0, 5, 5, 2, 5, 5, 5, 5,
       3, 1, 1, 5, 5, 5, 6, 5, 6, 2, 5, 3, 2, 0, 6, 6, 6, 6, 6, 2, 6, 6, 6,
       6, 4, 5, 6, 5, 5, 5, 5, 6, 5, 6, 6, 6, 6, 5, 3, 5, 6, 6])}, {'specificity': array([0.87692308, 0.92307692, 0.81538462, 0.96923077, 0.95384615,
       0.30769231, 0.72307692, 0.86153846, 0.32307692, 0.90769231,
       0.47692308, 0.27692308, 0.75384615, 0.41538462, 0.61538462,
       0.73846154, 0.69230769, 1.0, 0.78461538, 0.35384615, 0.50769231,
       0.70769231, 0.36923077, 0.38461538, 0.18461538, 0.21538462,
       0.64615385, 0.53846154, 0.89230769, 0.93846154, 0.10769231,
       0.030769231, 0.26153846, 0.63076923, 0.2, 0.33846154, 0.29230769,
       0.76923077, 0.83076923, 0.98461538, 0.061538462, 0.046153846,
       0.12307692, 0.56923077, 0.84615385, 0.15384615, 0.015384615,
       0.46153846, 0.67692308, 0.43076923, 0.66153846, 0.6, 0.16923077,
       0.076923077, 0.55384615, 0.092307692, 0.58461538, 0.23076923,
       0.24615385, 0.4, 0.8, 0.52307692, 0.13846154, 0.49230769, 0.44615385]), 'tneg': array([14, 14, 14, 14, 14,  7, 14, 14,  7, 14, 10,  7, 14,  8, 13, 14, 14,
       14, 14,  7, 11, 14,  7,  7,  7,  7, 14, 12, 14, 14,  3,  2,  7, 14,
        7,  7,  7, 14, 14, 14,  2,  2,  3, 13, 14,  7,  1, 10, 14,  8, 14,
       13,  7,  2, 12,  3, 13,  7,  7,  8, 14, 12,  7, 10,  8]), 'fpos': array([ 0,  0,  0,  0,  0,  7,  0,  0,  7,  0,  4,  7,  0,  6,  1,  0,  0,
        0,  0,  7,  3,  0,  7,  7,  7,  7,  0,  2,  0,  0, 11, 12,  7,  0,
        7,  7,  7,  0,  0,  0, 12, 12, 11,  1,  0,  7, 13,  4,  0,  6,  0,
        1,  7, 12,  2, 11,  1,  7,  7,  6,  0,  2,  7,  4,  6]), 'threshold': [0.63956127938589957, 0.69550429337216091, 0.49398384810777896, 0.85434574431599652, 0.77445258242542037, 0.12186314649953713, 0.40461742931396572, 0.53476244435199327, 0.12291869332506122, 0.6578005627377308, 0.19297628770341863, 0.11351220781800989, 0.42055486100527595, 0.15123892052109861, 0.27211059333992799, 0.40524383698357053, 0.40420996745667426, 0.96888239509222185, 0.46679449884114033, 0.12966672592676148, 0.21524323899983539, 0.40429174623456138, 0.1335648270200922, 0.1344001147696349, 0.086601699748446268, 0.093947750660661869, 0.32465444113022091, 0.2253481748100272, 0.65734861286017043, 0.75914950427019268, 0.069021522346970801, 0.046713117588367617, 0.1053933695233162, 0.30077973237294803, 0.088011308962213167, 0.12344430872143077, 0.11457965353113885, 0.46325489142091925, 0.53244473210721455, 0.96097820725267136, 0.05469595673310608, 0.048450006717128971, 0.071235329038213724, 0.25715546214605334, 0.53288892677643696, 0.080945032304857903, 0.040752263820166605, 0.18787214227084856, 0.39611518521765698, 0.15344068897415164, 0.34141928505700819, 0.27108455445248042, 0.08645098360792712, 0.061988773153855474, 0.25213295141114034, 0.067646291478161577, 0.25735983387328454, 0.095701939845671005, 0.10153825713336141, 0.14728377808593679, 0.48202816880535104, 0.22440465731391085, 0.079923522177745357, 0.19562991396846102, 0.16145326399701529], 'fneg': array([0, 0, 0, 0, 0, 0, 0, 0, 0, 0, 0, 0, 0, 0, 0, 0, 0, 1, 0, 0, 0, 0, 0,
       0, 0, 0, 0, 0, 0, 0, 0, 0, 0, 0, 0, 0, 0, 0, 0, 1, 0, 0, 0, 0, 0, 0,
       0, 0, 0, 0, 0, 0, 0, 0, 0, 0, 0, 0, 0, 0, 0, 0, 0, 0, 0]), 'sensitivity': array([1, 1, 1, 1, 1, 1, 1, 1, 1, 1, 1, 1, 1, 1, 1, 1, 1, 1, 1, 1, 1, 1, 1,
       1, 1, 1, 1, 1, 1, 1, 1, 1, 1, 1, 1, 1, 1, 1, 1, 1, 1, 1, 1, 1, 1, 1,
       1, 1, 1, 1, 1, 1, 1, 1, 1, 1, 1, 1, 1, 1, 1, 1, 1, 1, 1]), 'tpos': array([2, 2, 2, 2, 2, 2, 2, 2, 2, 2, 2, 2, 2, 2, 2, 2, 2, 1, 2, 2, 2, 2, 2,
       2, 2, 2, 2, 2, 2, 2, 2, 2, 2, 2, 2, 2, 2, 2, 2, 1, 2, 2, 2, 2, 2, 2,
       2, 2, 2, 2, 2, 2, 2, 2, 2, 2, 2, 2, 2, 2, 2, 2, 2, 2, 2])}, {'specificity': array([0.90769231, 0.87692308, 0.84615385, 0.93846154, 0.2, 0.66153846,
       0.86153846, 0.27692308, 0.89230769, 0.44615385, 0.72307692,
       0.58461538, 0.78461538, 0.70769231, 0.98461538, 0.83076923,
       0.46153846, 0.29230769, 0.69230769, 0.32307692, 0.30769231,
       0.64615385, 0.56923077, 0.92307692, 0.076923077, 0.030769231,
       0.23076923, 0.49230769, 0.33846154, 0.35384615, 0.18461538,
       0.73846154, 0.47692308, 0.81538462, 0.95384615, 0.96923077, 1.0,
       0.55384615, 0.15384615, 0.015384615, 0.50769231, 0.76923077,
       0.16923077, 0.26153846, 0.13846154, 0.53846154, 0.38461538,
       0.75384615, 0.10769231, 0.61538462, 0.63076923, 0.24615385, 0.4,
       0.046153846, 0.092307692, 0.52307692, 0.12307692, 0.21538462,
       0.36923077, 0.8, 0.43076923, 0.6, 0.67692308, 0.41538462,
       0.061538462]), 'tneg': array([13, 13, 13, 13,  6, 12, 13,  9, 13, 11, 12, 12, 13, 12, 13, 13, 12,
        9, 12,  9,  9, 12, 12, 13,  3,  1,  6, 12, 10, 10,  5, 13, 12, 13,
       13, 13, 13, 12,  5,  1, 12, 13,  5,  9,  4, 12, 11, 13,  3, 12, 12,
        8, 11,  1,  3, 12,  4,  6, 11, 13, 11, 12, 12, 11,  1]), 'fpos': array([ 0,  0,  0,  0,  7,  1,  0,  4,  0,  2,  1,  1,  0,  1,  0,  0,  1,
        4,  1,  4,  4,  1,  1,  0, 10, 12,  7,  1,  3,  3,  8,  0,  1,  0,
        0,  0,  0,  1,  8, 12,  1,  0,  8,  4,  9,  1,  2,  0, 10,  1,  1,
        5,  2, 12, 10,  1,  9,  7,  2,  0,  2,  1,  1,  2, 12]), 'threshold': [0.55749393797140845, 0.5236236367428615, 0.48715612765487426, 0.76386444406540477, 0.090219767220523356, 0.27878031240596374, 0.48738383255739054, 0.11791463256957134, 0.53399041510833434, 0.1731273104860436, 0.32645251394814517, 0.25402175741999589, 0.41980382626479523, 0.32416597632716776, 0.9248764733234911, 0.4760446230626309, 0.18583108709511528, 0.1184272734878596, 0.28966488518066685, 0.12793365426185588, 0.12390064325967677, 0.2707807848946362, 0.22751339905249376, 0.70131347115961873, 0.062426318409214698, 0.054028165867669439, 0.09541353376298406, 0.2087771145992818, 0.13993819417320891, 0.14328512621493808, 0.089301355103606275, 0.37989558256242256, 0.19636538131806736, 0.47378699279285524, 0.78704059938505566, 0.91670811135964259, 0.97190419259680694, 0.22612925258165803, 0.088425410477589339, 0.050644449216100937, 0.21544987731724591, 0.40055848910198666, 0.088510800212846519, 0.11734191242155566, 0.086445556770163648, 0.22411106595907265, 0.15987550046759094, 0.40017818031957714, 0.077868773580739972, 0.25837337533679072, 0.25933189875215928, 0.11347600282771705, 0.1621786369161107, 0.05742462179970196, 0.070522914775654394, 0.22042874754792172, 0.084124345711575704, 0.090429618392107461, 0.15194511362079505, 0.42093433021931032, 0.17102806878359106, 0.25558076151201548, 0.28386168735829193, 0.16221393022022865, 0.057796408320214786], 'fneg': array([1, 1, 1, 2, 0, 1, 1, 0, 1, 1, 1, 1, 1, 1, 3, 1, 1, 0, 1, 0, 0, 1, 1,
       2, 0, 0, 0, 1, 0, 0, 0, 1, 1, 1, 2, 3, 3, 1, 0, 0, 1, 1, 0, 0, 0, 1,
       1, 1, 0, 1, 1, 0, 1, 0, 0, 1, 0, 0, 1, 1, 1, 1, 1, 1, 0]), 'sensitivity': array([1, 1, 1, 1, 1, 1, 1, 1, 1, 1, 1, 1, 1, 1, 1, 1, 1, 1, 1, 1, 1, 1, 1,
       1, 1, 1, 1, 1, 1, 1, 1, 1, 1, 1, 1, 1, 1, 1, 1, 1, 1, 1, 1, 1, 1, 1,
       1, 1, 1, 1, 1, 1, 1, 1, 1, 1, 1, 1, 1, 1, 1, 1, 1, 1, 1]), 'tpos': array([2, 2, 2, 1, 3, 2, 2, 3, 2, 2, 2, 2, 2, 2, 0, 2, 2, 3, 2, 3, 3, 2, 2,
       1, 3, 3, 3, 2, 3, 3, 3, 2, 2, 2, 1, 0, 0, 2, 3, 3, 2, 2, 3, 3, 3, 2,
       2, 2, 3, 2, 2, 3, 2, 3, 3, 2, 3, 3, 2, 2, 2, 2, 2, 2, 3])}], <Model object at 0x000000000000108C>)
