#adalasso
([{'specificity': array([0.87096774, 0.93548387, 0.77419355, 0.19354839, 0.75806452,
       0.5483871, 0.46774194, 0.82258065, 0.12903226, 0.79032258,
       0.83870968, 0.70967742, 0.20967742, 0.080645161, 0.85483871,
       0.80645161, 0.40322581, 0.32258065, 0.61290323, 0.4516129,
       0.38709677, 0.33870968, 0.41935484, 0.90322581, 0.51612903,
       0.64516129, 0.25806452, 0.69354839, 0.5, 0.48387097, 0.080645161,
       0.080645161, 0.91935484, 0.88709677, 0.98387097, 0.9516129,
       0.67741935, 0.56451613, 0.080645161, 0.17741935, 0.66129032,
       0.35483871, 0.22580645, 1.0, 0.59677419, 0.72580645, 0.30645161,
       0.16129032, 0.43548387, 0.58064516, 0.62903226, 0.74193548,
       0.27419355, 0.11290323, 0.14516129, 0.24193548, 0.096774194,
       0.53225806, 0.96774194, 0.37096774, 0.29032258, 0.080645161]), 'tneg': array([14, 14, 12,  5, 12, 12,  9, 14,  4, 12, 14, 12,  5,  4, 14, 12,  9,
        8, 12,  9,  9,  8,  9, 14, 12, 12,  5, 12, 12,  9,  4,  4, 14, 14,
       14, 14, 12, 12,  4,  5, 12,  8,  5, 14, 12, 12,  5,  5,  9, 12, 12,
       12,  5,  4,  5,  5,  4, 12, 14,  9,  5,  4]), 'fpos': array([ 0,  0,  2,  9,  2,  2,  5,  0, 10,  2,  0,  2,  9, 10,  0,  2,  5,
        6,  2,  5,  5,  6,  5,  0,  2,  2,  9,  2,  2,  5, 10, 10,  0,  0,
        0,  0,  2,  2, 10,  9,  2,  6,  9,  0,  2,  2,  9,  9,  5,  2,  2,
        2,  9, 10,  9,  9, 10,  2,  0,  5,  9, 10]), 'threshold': [0.38149252227912805, 0.39759234256153902, 0.34469672121559641, 0.27059048475474579, 0.34452767423292113, 0.2948292830310929, 0.28066576901031326, 0.35914406667166687, 0.26931616191198243, 0.34796148030420943, 0.36396938949776464, 0.33251293617954741, 0.27067816285070562, 0.26927616517411312, 0.37667545283595805, 0.35448386090371808, 0.2778782284713785, 0.27345194126367345, 0.30428629304218818, 0.28023894335626098, 0.27772194670252126, 0.27475574816673065, 0.27842113655019418, 0.39007968459435732, 0.29380851970354299, 0.31573892929050651, 0.2713888598430792, 0.32897736197990435, 0.29287351080751989, 0.28700865606580639, 0.26927616517411312, 0.26927616517411312, 0.393607905950702, 0.38737427116000417, 0.40081470501443162, 0.39863878753790144, 0.32714979504578351, 0.29483263889383543, 0.26927616517411312, 0.27056983638960591, 0.31600376464168456, 0.27527317466325824, 0.27095039730701315, 0.40119308424093608, 0.30310453142631644, 0.3358854240735803, 0.27191475006893334, 0.27042379226648494, 0.27866934081514133, 0.30047719620347946, 0.30600918970968755, 0.3420378767023825, 0.27175535425435954, 0.26929016360567437, 0.27007681227672253, 0.27109434351318545, 0.26928171743820012, 0.29385283312681465, 0.39988864522467887, 0.27667073142984971, 0.27181839616603731, 0.26927616517411312], 'fneg': array([3, 3, 3, 0, 3, 2, 1, 3, 0, 3, 3, 2, 0, 0, 3, 3, 1, 1, 2, 1, 1, 1, 1,
       3, 2, 2, 0, 2, 2, 2, 0, 0, 3, 3, 3, 3, 2, 2, 0, 0, 2, 1, 0, 3, 2, 2,
       0, 0, 1, 2, 2, 3, 0, 0, 0, 0, 0, 2, 3, 1, 0, 0]), 'sensitivity': array([1, 1, 1, 1, 1, 1, 1, 1, 1, 1, 1, 1, 1, 1, 1, 1, 1, 1, 1, 1, 1, 1, 1,
       1, 1, 1, 1, 1, 1, 1, 1, 1, 1, 1, 1, 1, 1, 1, 1, 1, 1, 1, 1, 1, 1, 1,
       1, 1, 1, 1, 1, 1, 1, 1, 1, 1, 1, 1, 1, 1, 1, 1]), 'tpos': array([0, 0, 0, 3, 0, 1, 2, 0, 3, 0, 0, 1, 3, 3, 0, 0, 2, 2, 1, 2, 2, 2, 2,
       0, 1, 1, 3, 1, 1, 1, 3, 3, 0, 0, 0, 0, 1, 1, 3, 3, 1, 2, 3, 0, 1, 1,
       3, 3, 2, 1, 1, 0, 3, 3, 3, 3, 3, 1, 0, 2, 3, 3])}, {'specificity': array([0.9047619, 0.46031746, 0.82539683, 0.3968254, 0.41269841,
       0.52380952, 0.53968254, 0.84126984, 0.76190476, 0.96825397,
       0.95238095, 0.85714286, 0.87301587, 0.55555556, 0.74603175,
       0.33333333, 0.23809524, 0.88888889, 0.92063492, 0.079365079,
       0.14285714, 0.047619048, 0.17460317, 0.25396825, 0.19047619,
       0.42857143, 0.36507937, 0.031746032, 0.80952381, 0.77777778,
       0.93650794, 0.98412698, 1.0, 0.12698413, 0.15873016, 0.28571429,
       0.38095238, 0.11111111, 0.68253968, 0.66666667, 0.31746032,
       0.015873016, 0.71428571, 0.57142857, 0.73015873, 0.79365079,
       0.34920635, 0.63492063, 0.44444444, 0.3015873, 0.65079365,
       0.20634921, 0.26984127, 0.49206349, 0.6984127, 0.063492063,
       0.58730159, 0.22222222, 0.61904762, 0.50793651, 0.6031746,
       0.47619048, 0.095238095]), 'tneg': array([8, 2, 8, 2, 2, 2, 2, 8, 8, 8, 8, 8, 8, 4, 8, 1, 1, 8, 8, 0, 0, 0, 1,
       1, 1, 2, 1, 0, 8, 8, 8, 9, 9, 0, 0, 1, 1, 0, 6, 6, 1, 0, 7, 4, 8, 8,
       1, 5, 2, 1, 6, 1, 1, 2, 6, 0, 4, 1, 4, 2, 4, 2, 0]), 'fpos': array([1, 7, 1, 7, 7, 7, 7, 1, 1, 1, 1, 1, 1, 5, 1, 8, 8, 1, 1, 9, 9, 9, 8,
       8, 8, 7, 8, 9, 1, 1, 1, 0, 0, 9, 9, 8, 8, 9, 3, 3, 8, 9, 2, 5, 1, 1,
       8, 4, 7, 8, 3, 8, 8, 7, 3, 9, 5, 8, 5, 7, 5, 7, 9]), 'threshold': [0.52250799843984219, 0.18823510526391823, 0.36518521019694805, 0.16179794125045457, 0.16384169168121002, 0.20429303409523511, 0.20510198153448739, 0.37046661701439138, 0.3150768994815028, 0.65500126795900326, 0.60502533642450795, 0.37359960704336742, 0.42485969528364065, 0.22027540136093537, 0.30748669534755518, 0.147083645474064, 0.13235910365846312, 0.48034491875211732, 0.57644539009837248, 0.10333402115447687, 0.11307652285572586, 0.093727594523428437, 0.12064228095095049, 0.13343963635464468, 0.1217972541259771, 0.183781897483971, 0.15278678962417175, 0.093216547483431222, 0.3533562580041007, 0.34742448384336161, 0.57916886873525497, 0.72673629865474909, 0.79835369567137249, 0.11156819084254743, 0.11447563322245967, 0.14491474097561649, 0.15341471241061055, 0.11110020692160977, 0.28335708632216866, 0.25548888702361461, 0.14623808795184309, 0.087780498056257747, 0.29835635911047292, 0.22304025973420447, 0.30435222936582101, 0.35307922794065089, 0.15237500657342173, 0.23974391491951136, 0.18462113913265599, 0.14541335785937554, 0.24351510603767351, 0.13178463270013807, 0.13717529820597893, 0.19517099046927583, 0.28560478921125487, 0.096863109570961115, 0.22480794900186349, 0.13189999679518624, 0.2330705462607521, 0.19604198426064914, 0.22918930990229333, 0.18953358439302145, 0.10447130672604631], 'fneg': array([5, 1, 4, 0, 0, 1, 1, 4, 4, 7, 7, 4, 5, 2, 4, 0, 0, 5, 7, 0, 0, 0, 0,
       0, 0, 1, 0, 0, 4, 4, 7, 7, 7, 0, 0, 0, 0, 0, 4, 2, 0, 0, 4, 2, 4, 4,
       0, 2, 1, 0, 2, 0, 0, 1, 4, 0, 2, 0, 2, 1, 2, 1, 0]), 'sensitivity': array([1, 1, 1, 1, 1, 1, 1, 1, 1, 1, 1, 1, 1, 1, 1, 1, 1, 1, 1, 1, 1, 1, 1,
       1, 1, 1, 1, 1, 1, 1, 1, 1, 1, 1, 1, 1, 1, 1, 1, 1, 1, 1, 1, 1, 1, 1,
       1, 1, 1, 1, 1, 1, 1, 1, 1, 1, 1, 1, 1, 1, 1, 1, 1]), 'tpos': array([2, 6, 3, 7, 7, 6, 6, 3, 3, 0, 0, 3, 2, 5, 3, 7, 7, 2, 0, 7, 7, 7, 7,
       7, 7, 6, 7, 7, 3, 3, 0, 0, 0, 7, 7, 7, 7, 7, 3, 5, 7, 7, 3, 5, 3, 3,
       7, 5, 6, 7, 5, 7, 7, 6, 3, 7, 5, 7, 5, 6, 5, 6, 7])}, {'specificity': array([0.859375, 0.953125, 0.9375, 0.703125, 0.578125, 0.578125, 0.53125,
       0.234375, 0.359375, 0.546875, 0.8125, 0.640625, 0.640625, 1.0,
       0.6875, 0.890625, 0.890625, 0.984375, 0.734375, 0.390625, 0.359375,
       0.359375, 0.640625, 0.84375, 0.921875, 0.828125, 0.234375, 0.234375,
       0.15625, 0.75, 0.359375, 0.390625, 0.15625, 0.4375, 0.65625,
       0.640625, 0.6875, 0.96875, 0.90625, 0.234375, 0.15625, 0.15625,
       0.15625, 0.15625, 0.234375, 0.15625, 0.15625, 0.15625, 0.421875,
       0.515625, 0.421875, 0.484375, 0.484375, 0.484375, 0.15625, 0.8125,
       0.78125, 0.765625, 0.71875, 0.515625, 0.296875, 0.296875, 0.296875,
       0.296875]), 'tneg': array([ 8, 11, 11,  7,  7,  7,  7,  4,  7,  7,  7,  7,  7, 11,  7, 11, 11,
       11,  7,  7,  7,  7,  7,  7, 11,  7,  4,  4,  4,  7,  7,  7,  4,  7,
        7,  7,  7, 11, 11,  4,  4,  4,  4,  4,  4,  4,  4,  4,  7,  7,  7,
        7,  7,  7,  4,  7,  7,  7,  7,  7,  7,  7,  7,  7]), 'fpos': array([3, 0, 0, 4, 4, 4, 4, 7, 4, 4, 4, 4, 4, 0, 4, 0, 0, 0, 4, 4, 4, 4, 4,
       4, 0, 4, 7, 7, 7, 4, 4, 4, 7, 4, 4, 4, 4, 0, 0, 7, 7, 7, 7, 7, 7, 7,
       7, 7, 4, 4, 4, 4, 4, 4, 7, 4, 4, 4, 4, 4, 4, 4, 4, 4]), 'threshold': [0.28575005868634518, 0.2858345656491143, 0.28582611427834831, 0.2857187949093421, 0.28570865574674392, 0.28570865574674392, 0.28570696590729999, 0.28567654982281177, 0.28567908442230322, 0.28570781082627239, 0.28573991885812428, 0.2857111905171541, 0.2857111905171541, 0.28585823028458107, 0.28571710503391706, 0.28579822581822112, 0.28579822581822112, 0.2858548495504345, 0.28572217467818256, 0.28567992929179908, 0.28567908442230322, 0.28567908442230322, 0.2857111905171541, 0.28574245379494173, 0.28580667669437809, 0.28574076383556429, 0.28567654982281177, 0.28567654982281177, 0.28567570495931333, 0.2857272443764185, 0.28567908442230322, 0.28567992929179908, 0.28567570495931333, 0.28568330878477577, 0.28571203544362261, 0.2857111905171541, 0.28571710503391706, 0.28584893332337674, 0.28580076106533009, 0.28567654982281177, 0.28567570495931333, 0.28567570495931333, 0.28567570495931333, 0.28567570495931333, 0.28567654982281177, 0.28567570495931333, 0.28567570495931333, 0.28567570495931333, 0.28568246390928265, 0.28570105151647229, 0.28568246390928265, 0.28569344740764063, 0.28569344740764063, 0.28569344740764063, 0.28567570495931333, 0.28573991885812428, 0.28573907388218334, 0.28573822890774148, 0.28572132973372366, 0.28570105151647229, 0.28567823955430677, 0.28567823955430677, 0.28567823955430677, 0.28567823955430677], 'fneg': array([2, 4, 4, 2, 1, 1, 1, 0, 0, 1, 2, 1, 1, 4, 2, 4, 4, 4, 2, 0, 0, 0, 1,
       2, 4, 2, 0, 0, 0, 2, 0, 0, 0, 0, 2, 1, 2, 4, 4, 0, 0, 0, 0, 0, 0, 0,
       0, 0, 0, 0, 0, 0, 0, 0, 0, 2, 2, 2, 2, 0, 0, 0, 0, 0]), 'sensitivity': array([1, 1, 1, 1, 1, 1, 1, 1, 1, 1, 1, 1, 1, 1, 1, 1, 1, 1, 1, 1, 1, 1, 1,
       1, 1, 1, 1, 1, 1, 1, 1, 1, 1, 1, 1, 1, 1, 1, 1, 1, 1, 1, 1, 1, 1, 1,
       1, 1, 1, 1, 1, 1, 1, 1, 1, 1, 1, 1, 1, 1, 1, 1, 1, 1]), 'tpos': array([2, 0, 0, 2, 3, 3, 3, 4, 4, 3, 2, 3, 3, 0, 2, 0, 0, 0, 2, 4, 4, 4, 3,
       2, 0, 2, 4, 4, 4, 2, 4, 4, 4, 4, 2, 3, 2, 0, 0, 4, 4, 4, 4, 4, 4, 4,
       4, 4, 4, 4, 4, 4, 4, 4, 4, 2, 2, 2, 2, 4, 4, 4, 4, 4])}, {'specificity': array([0.74603175, 0.98412698, 0.96825397, 0.11111111, 0.82539683,
       0.88888889, 0.58730159, 0.80952381, 0.23809524, 0.11111111,
       0.61904762, 0.73015873, 0.84126984, 0.71428571, 0.50793651,
       0.9047619, 0.92063492, 0.66666667, 0.57142857, 0.36507937,
       0.44444444, 0.25396825, 0.65079365, 0.93650794, 0.95238095,
       0.33333333, 0.28571429, 0.20634921, 0.63492063, 0.49206349,
       0.47619048, 0.46031746, 0.55555556, 0.22222222, 0.87301587, 1.0,
       0.76190476, 0.6031746, 0.11111111, 0.11111111, 0.11111111,
       0.38095238, 0.17460317, 0.15873016, 0.3968254, 0.79365079,
       0.85714286, 0.3015873, 0.42857143, 0.53968254, 0.52380952,
       0.31746032, 0.19047619, 0.14285714, 0.34920635, 0.12698413,
       0.26984127, 0.68253968, 0.6984127, 0.77777778, 0.41269841,
       0.11111111, 0.11111111]), 'tneg': array([ 8, 10, 10,  0,  8,  9,  8,  8,  2,  0,  8,  8,  8,  8,  6,  9,  9,
        8,  8,  4,  5,  2,  8,  9, 10,  4,  2,  2,  8,  6,  6,  6,  8,  2,
        9, 10,  8,  8,  0,  0,  0,  4,  1,  1,  4,  8,  9,  2,  5,  6,  6,
        3,  1,  1,  4,  1,  2,  8,  8,  8,  5,  0,  0]), 'fpos': array([ 2,  0,  0, 10,  2,  1,  2,  2,  8, 10,  2,  2,  2,  2,  4,  1,  1,
        2,  2,  6,  5,  8,  2,  1,  0,  6,  8,  8,  2,  4,  4,  4,  2,  8,
        1,  0,  2,  2, 10, 10, 10,  6,  9,  9,  6,  2,  1,  8,  5,  4,  4,
        7,  9,  9,  6,  9,  8,  2,  2,  2,  5, 10, 10]), 'threshold': [0.27474414008870202, 0.68252509358428215, 0.56545150440015401, 0.17543127929861144, 0.28803368942239943, 0.38127680706403222, 0.23753528918729333, 0.28660222031822541, 0.17684367325497666, 0.17543127929861144, 0.24227840068674425, 0.27149232602351914, 0.31858750151306292, 0.26603813849772734, 0.19987381710367688, 0.38571773444233803, 0.3894752535376384, 0.25436493098146978, 0.23167958618089493, 0.18236610915404106, 0.18975074944382961, 0.17715988083571671, 0.2468130711939607, 0.40721133796901271, 0.50810195224643495, 0.17938068785710271, 0.17762103015836092, 0.17672514763085839, 0.24276368335838958, 0.19774551880083729, 0.19584699696074595, 0.19096100698986257, 0.22678524983333723, 0.17680143767550605, 0.3632351071055584, 0.73029686871289445, 0.28264118171352148, 0.24075778028879505, 0.17543127929861144, 0.17543127929861144, 0.17543127929861144, 0.18238569423971818, 0.1754780135154094, 0.17545706878968431, 0.18243007050728613, 0.28610782328145423, 0.35996955103746597, 0.17784701220682009, 0.1882944303721448, 0.21275229083314309, 0.205996715925921, 0.17797978689780508, 0.17558551195171337, 0.1754438993149883, 0.18065693844790381, 0.17543731486945366, 0.17730460940960566, 0.25566218601731239, 0.26159507046727182, 0.28588753262477229, 0.18805698506810195, 0.17543127929861144, 0.17543127929861144], 'fneg': array([4, 6, 5, 0, 4, 4, 3, 4, 1, 0, 4, 4, 4, 4, 3, 4, 5, 4, 3, 1, 1, 1, 4,
       5, 5, 1, 1, 1, 4, 2, 2, 1, 3, 1, 4, 6, 4, 4, 0, 0, 0, 1, 1, 0, 1, 4,
       4, 1, 1, 3, 3, 1, 1, 0, 1, 0, 1, 4, 4, 4, 1, 0, 0]), 'sensitivity': array([1, 1, 1, 1, 1, 1, 1, 1, 1, 1, 1, 1, 1, 1, 1, 1, 1, 1, 1, 1, 1, 1, 1,
       1, 1, 1, 1, 1, 1, 1, 1, 1, 1, 1, 1, 1, 1, 1, 1, 1, 1, 1, 1, 1, 1, 1,
       1, 1, 1, 1, 1, 1, 1, 1, 1, 1, 1, 1, 1, 1, 1, 1, 1]), 'tpos': array([2, 0, 1, 6, 2, 2, 3, 2, 5, 6, 2, 2, 2, 2, 3, 2, 1, 2, 3, 5, 5, 5, 2,
       1, 1, 5, 5, 5, 2, 4, 4, 5, 3, 5, 2, 0, 2, 2, 6, 6, 6, 5, 5, 6, 5, 2,
       2, 5, 5, 3, 3, 5, 5, 6, 5, 6, 5, 2, 2, 2, 5, 6, 6])}, {'specificity': array([1.0, 0.953125, 0.09375, 0.734375, 0.78125, 0.59375, 0.765625,
       0.15625, 0.0625, 0.75, 0.8125, 0.703125, 0.5625, 0.984375, 0.859375,
       0.796875, 0.6875, 0.34375, 0.46875, 0.484375, 0.25, 0.609375,
       0.921875, 0.296875, 0.203125, 0.125, 0.578125, 0.671875, 0.515625,
       0.140625, 0.890625, 0.90625, 0.96875, 0.828125, 0.71875, 0.265625,
       0.0625, 0.0625, 0.640625, 0.375, 0.171875, 0.328125, 0.3125,
       0.390625, 0.84375, 0.9375, 0.359375, 0.5, 0.65625, 0.4375, 0.28125,
       0.109375, 0.21875, 0.546875, 0.421875, 0.453125, 0.1875, 0.078125,
       0.234375, 0.625, 0.53125, 0.875, 0.40625, 0.0625]), 'tneg': array([11, 11,  2,  8,  9,  6,  9,  2,  2,  9,  9,  8,  5, 11, 10,  9,  8,
        2,  5,  5,  2,  7, 10,  2,  2,  2,  5,  8,  5,  2, 10, 10, 11,  9,
        8,  2,  2,  2,  7,  2,  2,  2,  2,  3, 10, 11,  2,  5,  8,  5,  2,
        2,  2,  5,  5,  5,  2,  2,  2,  7,  5, 10,  3,  2]), 'fpos': array([0, 0, 9, 3, 2, 5, 2, 9, 9, 2, 2, 3, 6, 0, 1, 2, 3, 9, 6, 6, 9, 4, 1,
       9, 9, 9, 6, 3, 6, 9, 1, 1, 0, 2, 3, 9, 9, 9, 4, 9, 9, 9, 9, 8, 1, 0,
       9, 6, 3, 6, 9, 9, 9, 6, 6, 6, 9, 9, 9, 4, 6, 1, 8, 9]), 'threshold': [0.61056654689405554, 0.45651314250027342, 0.21893990446334977, 0.32145373852064185, 0.3448342280170425, 0.2571485446423929, 0.34308159729787602, 0.21946238620247505, 0.21860125792070653, 0.33108156100161862, 0.36988747492129104, 0.30294486704105678, 0.25419674564114986, 0.53195005250355565, 0.38765955572805616, 0.34701718015815008, 0.29853740015230251, 0.22435018794731201, 0.23688905342872593, 0.24026113821040904, 0.22235795236192804, 0.26410057842365048, 0.44092080901676978, 0.2235961700399049, 0.22052127774007152, 0.21914529162727722, 0.25432119349959542, 0.2842022461838638, 0.2467484329925696, 0.21939510642032326, 0.42401226483278237, 0.42893417247651516, 0.46365565612648751, 0.38094496034702274, 0.30395405482522453, 0.22236097963977111, 0.21860125792070653, 0.21860125792070653, 0.26441205699288989, 0.22783277641376956, 0.22020470021602739, 0.22426105547367847, 0.22388365319234485, 0.22912068244815562, 0.38349490350766491, 0.44894864963645892, 0.22737281667623377, 0.24498876922717341, 0.27784923252272964, 0.23643957745319397, 0.22297481985105877, 0.21910583769682318, 0.22102458663916569, 0.25199185286922832, 0.23512212491602735, 0.23657203706126129, 0.22021382180170609, 0.21864891201456221, 0.22134347847937066, 0.26440565583148951, 0.25191941262947204, 0.40766597407523164, 0.22955999093739993, 0.21860125792070653], 'fneg': array([3, 2, 0, 1, 1, 1, 1, 0, 0, 1, 2, 1, 1, 3, 2, 1, 1, 0, 1, 1, 0, 1, 2,
       0, 0, 0, 1, 1, 1, 0, 2, 2, 2, 2, 1, 0, 0, 0, 1, 0, 0, 0, 0, 0, 2, 2,
       0, 1, 1, 1, 0, 0, 0, 1, 1, 1, 0, 0, 0, 1, 1, 2, 0, 0]), 'sensitivity': array([1, 1, 1, 1, 1, 1, 1, 1, 1, 1, 1, 1, 1, 1, 1, 1, 1, 1, 1, 1, 1, 1, 1,
       1, 1, 1, 1, 1, 1, 1, 1, 1, 1, 1, 1, 1, 1, 1, 1, 1, 1, 1, 1, 1, 1, 1,
       1, 1, 1, 1, 1, 1, 1, 1, 1, 1, 1, 1, 1, 1, 1, 1, 1, 1]), 'tpos': array([1, 2, 4, 3, 3, 3, 3, 4, 4, 3, 2, 3, 3, 1, 2, 3, 3, 4, 3, 3, 4, 3, 2,
       4, 4, 4, 3, 3, 3, 4, 2, 2, 2, 2, 3, 4, 4, 4, 3, 4, 4, 4, 4, 4, 2, 2,
       4, 3, 3, 3, 4, 4, 4, 3, 3, 3, 4, 4, 4, 3, 3, 2, 4, 4])}], <Model object at 0x00000000000003DC>)
#adalasso
([{'specificity': array([0.92063492, 0.92063492, 0.55555556, 0.61904762, 0.98412698,
       0.50793651, 0.6984127, 0.77777778, 0.52380952, 0.57142857,
       0.77777778, 0.85714286, 0.66666667, 0.96825397, 0.84126984,
       0.95238095, 0.93650794, 0.50793651, 0.61904762, 0.61904762,
       0.53968254, 0.50793651, 0.50793651, 0.50793651, 0.79365079,
       0.74603175, 0.80952381, 0.50793651, 0.50793651, 0.50793651,
       0.50793651, 0.50793651, 0.50793651, 0.50793651, 0.84126984,
       0.88888889, 0.88888889, 1.0, 0.50793651, 0.65079365, 0.50793651,
       0.50793651, 0.50793651, 0.50793651, 0.50793651, 0.50793651,
       0.50793651, 0.65079365, 0.68253968, 0.50793651, 0.50793651,
       0.50793651, 0.50793651, 0.50793651, 0.50793651, 0.50793651,
       0.50793651, 0.71428571, 0.74603175, 0.50793651, 0.50793651,
       0.50793651, 0.50793651]), 'tneg': array([10, 10,  8,  8, 10,  7,  9,  9,  8,  8,  9,  9,  9, 10,  9, 10, 10,
        7,  8,  8,  8,  7,  7,  7,  9,  9,  9,  7,  7,  7,  7,  7,  7,  7,
        9, 10, 10, 10,  7,  9,  7,  7,  7,  7,  7,  7,  7,  9,  9,  7,  7,
        7,  7,  7,  7,  7,  7,  9,  9,  7,  7,  7,  7]), 'fpos': array([0, 0, 2, 2, 0, 3, 1, 1, 2, 2, 1, 1, 1, 0, 1, 0, 0, 3, 2, 2, 2, 3, 3,
       3, 1, 1, 1, 3, 3, 3, 3, 3, 3, 3, 1, 0, 0, 0, 3, 1, 3, 3, 3, 3, 3, 3,
       3, 1, 1, 3, 3, 3, 3, 3, 3, 3, 3, 1, 1, 3, 3, 3, 3]), 'threshold': [0.1684267103560485, 0.1684267103560485, 0.16841755795262187, 0.16841791686293128, 0.1684484264686677, 0.16841701958830144, 0.16842096762518838, 0.16842365951083646, 0.16841719904292243, 0.16841773740770036, 0.16842365951083646, 0.16842455681367699, 0.16842007033759687, 0.16844824698751285, 0.16842437735280391, 0.16843568368562645, 0.1684342479272751, 0.16841701958830144, 0.16841791686293128, 0.16841791686293128, 0.16841737849769589, 0.16841701958830144, 0.16841701958830144, 0.16841701958830144, 0.16842401843151517, 0.16842240329326427, 0.16842419789208329, 0.16841701958830144, 0.16841701958830144, 0.16841701958830144, 0.16841701958830144, 0.16841701958830144, 0.16841701958830144, 0.16841701958830144, 0.16842437735280391, 0.16842581304405843, 0.16842581304405843, 0.16846224697554568, 0.16841701958830144, 0.16841845522953908, 0.16841701958830144, 0.16841701958830144, 0.16841701958830144, 0.16841701958830144, 0.16841701958830144, 0.16841701958830144, 0.16841701958830144, 0.16841845522953908, 0.16842078816736508, 0.16841701958830144, 0.16841701958830144, 0.16841701958830144, 0.16841701958830144, 0.16841701958830144, 0.16841701958830144, 0.16841701958830144, 0.16841701958830144, 0.16842132654129238, 0.16842240329326427, 0.16841701958830144, 0.16841701958830144, 0.16841701958830144, 0.16841701958830144], 'fneg': array([4, 4, 3, 3, 7, 2, 3, 4, 3, 3, 4, 4, 3, 7, 4, 4, 4, 2, 3, 3, 3, 2, 2,
       2, 4, 3, 4, 2, 2, 2, 2, 2, 2, 2, 4, 4, 4, 7, 2, 3, 2, 2, 2, 2, 2, 2,
       2, 3, 3, 2, 2, 2, 2, 2, 2, 2, 2, 3, 3, 2, 2, 2, 2]), 'sensitivity': array([1, 1, 1, 1, 1, 1, 1, 1, 1, 1, 1, 1, 1, 1, 1, 1, 1, 1, 1, 1, 1, 1, 1,
       1, 1, 1, 1, 1, 1, 1, 1, 1, 1, 1, 1, 1, 1, 1, 1, 1, 1, 1, 1, 1, 1, 1,
       1, 1, 1, 1, 1, 1, 1, 1, 1, 1, 1, 1, 1, 1, 1, 1, 1]), 'tpos': array([3, 3, 4, 4, 0, 5, 4, 3, 4, 4, 3, 3, 4, 0, 3, 3, 3, 5, 4, 4, 4, 5, 5,
       5, 3, 4, 3, 5, 5, 5, 5, 5, 5, 5, 3, 3, 3, 0, 5, 4, 5, 5, 5, 5, 5, 5,
       5, 4, 4, 5, 5, 5, 5, 5, 5, 5, 5, 4, 4, 5, 5, 5, 5])}, {'specificity': array([0.578125, 0.640625, 0.984375, 0.953125, 0.71875, 0.78125, 0.5625,
       0.515625, 0.59375, 0.84375, 0.96875, 0.828125, 0.859375, 0.90625,
       0.890625, 0.515625, 0.640625, 0.640625, 0.515625, 0.515625,
       0.515625, 0.796875, 0.921875, 0.515625, 0.515625, 0.515625,
       0.515625, 0.515625, 0.515625, 0.828125, 0.875, 0.9375, 1.0,
       0.515625, 0.6875, 0.6875, 0.515625, 0.515625, 0.515625, 0.5625,
       0.5625, 0.515625, 0.515625, 0.515625, 0.515625, 0.515625, 0.765625,
       0.6875, 0.703125, 0.515625, 0.515625, 0.515625, 0.515625, 0.515625,
       0.515625, 0.515625, 0.515625, 0.515625, 0.515625, 0.734375, 0.75,
       0.515625, 0.515625, 0.515625]), 'tneg': array([ 9,  9, 11, 11,  9, 11,  8,  0,  9, 11, 11, 11, 11, 11, 11,  0,  9,
        9,  0,  0,  0, 11, 11,  0,  0,  0,  0,  0,  0, 11, 11, 11, 11,  0,
        9,  9,  0,  0,  0,  8,  8,  0,  0,  0,  0,  0, 10,  9,  9,  0,  0,
        0,  0,  0,  0,  0,  0,  0,  0,  9, 10,  0,  0,  0]), 'fpos': array([ 2,  2,  0,  0,  2,  0,  3, 11,  2,  0,  0,  0,  0,  0,  0, 11,  2,
        2, 11, 11, 11,  0,  0, 11, 11, 11, 11, 11, 11,  0,  0,  0,  0, 11,
        2,  2, 11, 11, 11,  3,  3, 11, 11, 11, 11, 11,  1,  2,  2, 11, 11,
       11, 11, 11, 11, 11, 11, 11, 11,  2,  1, 11, 11, 11]), 'threshold': [0.21417635226144019, 0.21418552755483877, 0.21496647253316359, 0.21495727293688546, 0.21426352909306465, 0.21433237113531378, 0.21416717725397041, 0.21416258985745892, 0.21418093987239839, 0.2143553220567877, 0.21496187269928671, 0.21435073172953109, 0.2143828655214243, 0.21464006194736493, 0.21460330587676499, 0.21416258985745892, 0.21418552755483877, 0.21418552755483877, 0.21416258985745892, 0.21416258985745892, 0.21416258985745892, 0.2143415512894605, 0.21468141799489751, 0.21416258985745892, 0.21416258985745892, 0.21416258985745892, 0.21416258985745892, 0.21416258985745892, 0.21416258985745892, 0.21435073172953109, 0.21438745634904619, 0.21487908791188515, 0.21532087437969324, 0.21416258985745892, 0.21419929103105259, 0.21419929103105259, 0.21416258985745892, 0.21416258985745892, 0.21416258985745892, 0.21416717725397041, 0.21416717725397041, 0.21416258985745892, 0.21416258985745892, 0.21416258985745892, 0.21416258985745892, 0.21416258985745892, 0.21432778116546192, 0.21419929103105259, 0.21425894019543257, 0.21416258985745892, 0.21416258985745892, 0.21416258985745892, 0.21416258985745892, 0.21416258985745892, 0.21416258985745892, 0.21416258985745892, 0.21416258985745892, 0.21416258985745892, 0.21416258985745892, 0.21427270710277352, 0.21430024284745472, 0.21416258985745892, 0.21416258985745892, 0.21416258985745892], 'fneg': array([0, 0, 5, 5, 1, 1, 0, 0, 0, 2, 5, 2, 2, 5, 5, 0, 0, 0, 0, 0, 0, 1, 5,
       0, 0, 0, 0, 0, 0, 2, 3, 5, 5, 0, 0, 0, 0, 0, 0, 0, 0, 0, 0, 0, 0, 0,
       1, 0, 1, 0, 0, 0, 0, 0, 0, 0, 0, 0, 0, 1, 1, 0, 0, 0]), 'sensitivity': array([1, 1, 1, 1, 1, 1, 1, 1, 1, 1, 1, 1, 1, 1, 1, 1, 1, 1, 1, 1, 1, 1, 1,
       1, 1, 1, 1, 1, 1, 1, 1, 1, 1, 1, 1, 1, 1, 1, 1, 1, 1, 1, 1, 1, 1, 1,
       1, 1, 1, 1, 1, 1, 1, 1, 1, 1, 1, 1, 1, 1, 1, 1, 1, 1]), 'tpos': array([5, 5, 0, 0, 4, 4, 5, 5, 5, 3, 0, 3, 3, 0, 0, 5, 5, 5, 5, 5, 5, 4, 0,
       5, 5, 5, 5, 5, 5, 3, 2, 0, 0, 5, 5, 5, 5, 5, 5, 5, 5, 5, 5, 5, 5, 5,
       4, 5, 4, 5, 5, 5, 5, 5, 5, 5, 5, 5, 5, 4, 4, 5, 5, 5])}, {'specificity': array([0.875, 0.875, 0.5625, 0.984375, 0.953125, 0.484375, 0.65625, 0.75,
       0.484375, 0.546875, 0.75, 0.625, 0.96875, 0.796875, 0.8125, 0.90625,
       0.890625, 0.53125, 0.484375, 0.484375, 0.484375, 0.765625, 0.703125,
       0.78125, 0.921875, 0.484375, 0.484375, 0.484375, 0.484375, 0.484375,
       0.484375, 0.484375, 0.484375, 0.84375, 0.84375, 0.9375, 1.0,
       0.609375, 0.609375, 0.484375, 0.484375, 0.484375, 0.484375,
       0.515625, 0.515625, 0.484375, 0.484375, 0.484375, 0.71875, 0.609375,
       0.640625, 0.484375, 0.484375, 0.484375, 0.484375, 0.484375,
       0.484375, 0.484375, 0.484375, 0.484375, 0.671875, 0.703125,
       0.484375, 0.484375]), 'tneg': array([13, 13, 10, 13, 13,  0, 11, 11,  0, 10, 11, 11, 13, 12, 13, 13, 13,
       10,  0,  0,  0, 11, 11, 11, 13,  0,  0,  0,  0,  0,  0,  0,  0, 13,
       13, 13, 13, 11, 11,  0,  0,  0,  0, 10, 10,  0,  0,  0, 11, 11, 11,
        0,  0,  0,  0,  0,  0,  0,  0,  0, 11, 11,  0,  0]), 'fpos': array([ 0,  0,  3,  0,  0, 13,  2,  2, 13,  3,  2,  2,  0,  1,  0,  0,  0,
        3, 13, 13, 13,  2,  2,  2,  0, 13, 13, 13, 13, 13, 13, 13, 13,  0,
        0,  0,  0,  2,  2, 13, 13, 13, 13,  3,  3, 13, 13, 13,  2,  2,  2,
       13, 13, 13, 13, 13, 13, 13, 13, 13,  2,  2, 13, 13]), 'threshold': [0.25681744845480814, 0.25681744845480814, 0.23211677192627359, 0.32472957459380208, 0.32353299714615763, 0.22969179769916817, 0.24049466490188598, 0.24805664714128844, 0.22969179769916817, 0.23163035160190465, 0.24805664714128844, 0.23800929403357962, 0.32413099850903854, 0.25009987353166474, 0.25370241771003921, 0.28373200412116462, 0.27931286871011302, 0.23065964869456579, 0.22969179769916817, 0.22969179769916817, 0.22969179769916817, 0.24907686015600894, 0.24450800653364813, 0.24958801703236647, 0.28875366107863198, 0.22969179769916817, 0.22969179769916817, 0.22969179769916817, 0.22969179769916817, 0.22969179769916817, 0.22969179769916817, 0.22969179769916817, 0.22969179769916817, 0.25421985352823512, 0.25421985352823512, 0.31345623545884005, 0.37242430481690419, 0.23358030537525823, 0.23358030537525823, 0.22969179769916817, 0.22969179769916817, 0.22969179769916817, 0.22969179769916817, 0.23017536659162469, 0.23017536659162469, 0.22969179769916817, 0.22969179769916817, 0.22969179769916817, 0.24754759192127834, 0.23358030537525823, 0.23999617517343819, 0.22969179769916817, 0.22969179769916817, 0.22969179769916817, 0.22969179769916817, 0.22969179769916817, 0.22969179769916817, 0.22969179769916817, 0.22969179769916817, 0.22969179769916817, 0.24149376523608526, 0.24450800653364813, 0.22969179769916817, 0.22969179769916817], 'fneg': array([3, 3, 2, 3, 3, 0, 3, 3, 0, 2, 3, 3, 3, 3, 3, 3, 3, 1, 0, 0, 0, 3, 3,
       3, 3, 0, 0, 0, 0, 0, 0, 0, 0, 3, 3, 3, 3, 3, 3, 0, 0, 0, 0, 0, 0, 0,
       0, 0, 3, 3, 3, 0, 0, 0, 0, 0, 0, 0, 0, 0, 3, 3, 0, 0]), 'sensitivity': array([1, 1, 1, 1, 1, 1, 1, 1, 1, 1, 1, 1, 1, 1, 1, 1, 1, 1, 1, 1, 1, 1, 1,
       1, 1, 1, 1, 1, 1, 1, 1, 1, 1, 1, 1, 1, 1, 1, 1, 1, 1, 1, 1, 1, 1, 1,
       1, 1, 1, 1, 1, 1, 1, 1, 1, 1, 1, 1, 1, 1, 1, 1, 1, 1]), 'tpos': array([0, 0, 1, 0, 0, 3, 0, 0, 3, 1, 0, 0, 0, 0, 0, 0, 0, 2, 3, 3, 3, 0, 0,
       0, 0, 3, 3, 3, 3, 3, 3, 3, 3, 0, 0, 0, 0, 0, 0, 3, 3, 3, 3, 3, 3, 3,
       3, 3, 0, 0, 0, 3, 3, 3, 3, 3, 3, 3, 3, 3, 0, 0, 3, 3])}, {'specificity': array([0.8125, 0.703125, 0.75, 1.0, 0.953125, 0.109375, 0.578125, 0.59375,
       0.171875, 0.78125, 0.734375, 0.515625, 0.984375, 0.796875, 0.90625,
       0.890625, 0.921875, 0.203125, 0.625, 0.40625, 0.5, 0.71875, 0.6875,
       0.84375, 0.9375, 0.25, 0.65625, 0.546875, 0.28125, 0.140625,
       0.09375, 0.609375, 0.078125, 0.875, 0.859375, 0.96875, 0.078125,
       0.53125, 0.078125, 0.375, 0.078125, 0.640625, 0.453125, 0.421875,
       0.390625, 0.3125, 0.21875, 0.125, 0.234375, 0.15625, 0.828125,
       0.5625, 0.328125, 0.265625, 0.484375, 0.4375, 0.296875, 0.1875,
       0.46875, 0.359375, 0.671875, 0.34375, 0.765625, 0.078125]), 'tneg': array([13, 11, 12, 13, 13,  1,  6,  6,  1, 13, 12,  4, 13, 13, 13, 13, 13,
        2,  6,  3,  4, 12,  7, 13, 13,  2,  7,  5,  3,  1,  1,  6,  1, 13,
       13, 13,  1,  4,  1,  3,  1,  6,  4,  4,  3,  3,  2,  1,  2,  1, 13,
        5,  3,  3,  4,  4,  3,  1,  4,  3,  7,  3, 12,  1]), 'fpos': array([ 1,  3,  2,  1,  1, 13,  8,  8, 13,  1,  2, 10,  1,  1,  1,  1,  1,
       12,  8, 11, 10,  2,  7,  1,  1, 12,  7,  9, 11, 13, 13,  8, 13,  1,
        1,  1, 13, 10, 13, 11, 13,  8, 10, 10, 11, 11, 12, 13, 12, 13,  1,
        9, 11, 11, 10, 10, 11, 13, 10, 11,  7, 11,  2, 13]), 'threshold': [0.34988612267345737, 0.27504051365996801, 0.29082824805080981, 0.63283438829298888, 0.50298781716172081, 0.19611451971866878, 0.22662532063060559, 0.2297417072430353, 0.19613851900468624, 0.32243980804383576, 0.28393687540111184, 0.21901350086592147, 0.6105405502331982, 0.3469837534276336, 0.37376449678641199, 0.36686834102361227, 0.39303169888627409, 0.19617040742555361, 0.235608054597538, 0.20268379296180025, 0.21501146293484336, 0.28190363468567375, 0.24308571013883665, 0.35623514662422101, 0.46843498711851483, 0.19631276852056329, 0.23701150248278943, 0.22397690997476352, 0.19656087143534182, 0.19612067139658773, 0.19610863572064527, 0.23331427554520368, 0.19610436794911479, 0.36363008260268803, 0.35922891226354836, 0.59599673918741536, 0.19610436794911479, 0.21991026933910371, 0.19610436794911479, 0.20061583690927098, 0.19610436794911479, 0.23606028590950776, 0.20746019782397751, 0.20693896564800685, 0.20221546083138603, 0.19818802361031862, 0.19619295731565165, 0.19611729432575215, 0.19628327161270673, 0.19613496733106631, 0.35613778344831704, 0.22459634294560071, 0.19839443064234902, 0.19638900937877055, 0.21213802288750822, 0.2073746307286837, 0.19663934754880011, 0.19614338632792822, 0.20877151935262828, 0.19946690359689137, 0.23767123457333694, 0.19855532149138622, 0.29180811191636535, 0.19610436794911479], 'fneg': array([1, 1, 1, 2, 2, 0, 1, 1, 0, 1, 1, 1, 2, 1, 1, 1, 2, 0, 1, 0, 1, 1, 1,
       1, 2, 0, 1, 1, 0, 0, 0, 1, 0, 1, 1, 2, 0, 1, 0, 0, 0, 1, 1, 1, 0, 0,
       0, 0, 0, 0, 1, 1, 0, 0, 1, 1, 0, 0, 1, 0, 1, 0, 1, 0]), 'sensitivity': array([1, 1, 1, 1, 1, 1, 1, 1, 1, 1, 1, 1, 1, 1, 1, 1, 1, 1, 1, 1, 1, 1, 1,
       1, 1, 1, 1, 1, 1, 1, 1, 1, 1, 1, 1, 1, 1, 1, 1, 1, 1, 1, 1, 1, 1, 1,
       1, 1, 1, 1, 1, 1, 1, 1, 1, 1, 1, 1, 1, 1, 1, 1, 1, 1]), 'tpos': array([1, 1, 1, 0, 0, 2, 1, 1, 2, 1, 1, 1, 0, 1, 1, 1, 0, 2, 1, 2, 1, 1, 1,
       1, 0, 2, 1, 1, 2, 2, 2, 1, 2, 1, 1, 0, 2, 1, 2, 2, 2, 1, 1, 1, 2, 2,
       2, 2, 2, 2, 1, 1, 2, 2, 1, 1, 2, 2, 1, 2, 1, 2, 1, 2])}, {'specificity': array([0.90769231, 0.87692308, 0.61538462, 0.56923077, 0.96923077,
       0.41538462, 0.73846154, 0.70769231, 0.44615385, 0.50769231,
       0.72307692, 0.8, 0.8, 0.86153846, 0.41538462, 0.56923077,
       0.56923077, 0.50769231, 0.47692308, 0.41538462, 0.41538462, 0.8,
       0.92307692, 0.95384615, 0.41538462, 0.90769231, 0.41538462,
       0.41538462, 0.41538462, 0.41538462, 0.56923077, 0.75384615,
       0.86153846, 0.86153846, 0.98461538, 1.0, 0.67692308, 0.6, 0.6,
       0.41538462, 0.41538462, 0.41538462, 0.44615385, 0.47692308,
       0.41538462, 0.41538462, 0.41538462, 0.41538462, 0.41538462,
       0.69230769, 0.64615385, 0.64615385, 0.41538462, 0.41538462,
       0.93846154, 0.41538462, 0.41538462, 0.41538462, 0.41538462,
       0.41538462, 0.81538462, 0.66153846, 0.41538462, 0.41538462,
       0.41538462]), 'tneg': array([11, 10,  7,  6, 12,  5,  8,  8,  6,  6,  8, 10, 10, 10,  5,  6,  6,
        6,  6,  5,  5, 10, 11, 11,  5, 11,  5,  5,  5,  5,  6,  9, 10, 10,
       12, 12,  8,  7,  7,  5,  5,  5,  6,  6,  5,  5,  5,  5,  5,  8,  7,
        7,  5,  5, 11,  5,  5,  5,  5,  5, 10,  8,  5,  5,  5]), 'fpos': array([1, 2, 5, 6, 0, 7, 4, 4, 6, 6, 4, 2, 2, 2, 7, 6, 6, 6, 6, 7, 7, 2, 1,
       1, 7, 1, 7, 7, 7, 7, 6, 3, 2, 2, 0, 0, 4, 5, 5, 7, 7, 7, 6, 6, 7, 7,
       7, 7, 7, 4, 5, 5, 7, 7, 1, 7, 7, 7, 7, 7, 2, 4, 7, 7, 7]), 'threshold': [0.23169029567795133, 0.2316691040106077, 0.23154500857679206, 0.23152080024955996, 0.23203560766835787, 0.23150567094312771, 0.23162369785395059, 0.23161764416946107, 0.23150869674914676, 0.23151777433300619, 0.23162067099789002, 0.23163277858792117, 0.23163277858792117, 0.23165396793427984, 0.23150567094312771, 0.23152080024955996, 0.23152080024955996, 0.23151777433300619, 0.23151172258279951, 0.23150567094312771, 0.23150567094312771, 0.23163277858792117, 0.23170543341210409, 0.23185684874352402, 0.23150567094312771, 0.23169029567795133, 0.23150567094312771, 0.23150567094312771, 0.23150567094312771, 0.23150567094312771, 0.23152080024955996, 0.23162975164896624, 0.23165396793427984, 0.23165396793427984, 0.23212653891487411, 0.23226904784828176, 0.23160856384996412, 0.23152987816502213, 0.23152987816502213, 0.23150567094312771, 0.23150567094312771, 0.23150567094312771, 0.23150869674914676, 0.23151172258279951, 0.23150567094312771, 0.23150567094312771, 0.23150567094312771, 0.23150567094312771, 0.23150567094312771, 0.23161461736866368, 0.23156921867253985, 0.23156921867253985, 0.23150567094312771, 0.23150567094312771, 0.23175690687497191, 0.23150567094312771, 0.23150567094312771, 0.23150567094312771, 0.23150567094312771, 0.23150567094312771, 0.23165094080190676, 0.2315964571441472, 0.23150567094312771, 0.23150567094312771, 0.23150567094312771], 'fneg': array([0, 0, 0, 0, 2, 0, 0, 0, 0, 0, 0, 0, 0, 0, 0, 0, 0, 0, 0, 0, 0, 0, 0,
       1, 0, 0, 0, 0, 0, 0, 0, 0, 0, 0, 3, 3, 0, 0, 0, 0, 0, 0, 0, 0, 0, 0,
       0, 0, 0, 0, 0, 0, 0, 0, 0, 0, 0, 0, 0, 0, 0, 0, 0, 0, 0]), 'sensitivity': array([1, 1, 1, 1, 1, 1, 1, 1, 1, 1, 1, 1, 1, 1, 1, 1, 1, 1, 1, 1, 1, 1, 1,
       1, 1, 1, 1, 1, 1, 1, 1, 1, 1, 1, 1, 1, 1, 1, 1, 1, 1, 1, 1, 1, 1, 1,
       1, 1, 1, 1, 1, 1, 1, 1, 1, 1, 1, 1, 1, 1, 1, 1, 1, 1, 1]), 'tpos': array([3, 3, 3, 3, 1, 3, 3, 3, 3, 3, 3, 3, 3, 3, 3, 3, 3, 3, 3, 3, 3, 3, 3,
       2, 3, 3, 3, 3, 3, 3, 3, 3, 3, 3, 0, 0, 3, 3, 3, 3, 3, 3, 3, 3, 3, 3,
       3, 3, 3, 3, 3, 3, 3, 3, 3, 3, 3, 3, 3, 3, 3, 3, 3, 3, 3])}], <Model object at 0x0000000000000A33>)
#adalasso
([{'specificity': array([0.9047619, 0.87301587, 0.57142857, 0.3968254, 0.68253968,
       0.85714286, 0.93650794, 0.73015873, 0.44444444, 0.3968254,
       0.44444444, 0.52380952, 0.80952381, 0.80952381, 0.65079365,
       0.96825397, 0.77777778, 0.57142857, 0.47619048, 0.3968254,
       0.74603175, 0.92063492, 0.95238095, 0.44444444, 0.3968254,
       0.3968254, 0.9047619, 0.3968254, 0.3968254, 0.57142857, 0.3968254,
       0.63492063, 0.71428571, 0.77777778, 0.84126984, 0.84126984,
       0.98412698, 1.0, 0.71428571, 0.61904762, 0.3968254, 0.3968254,
       0.3968254, 0.47619048, 0.3968254, 0.3968254, 0.3968254, 0.3968254,
       0.61904762, 0.3968254, 0.61904762, 0.66666667, 0.3968254, 0.3968254,
       0.3968254, 0.3968254, 0.3968254, 0.3968254, 0.3968254, 0.3968254,
       0.50793651, 0.50793651, 0.3968254]), 'tneg': array([11, 11,  9,  0,  9, 11, 12,  9,  7,  0,  7,  8, 10, 10,  9, 12,  9,
        9,  8,  0,  9, 11, 12,  7,  0,  0, 11,  0,  0,  9,  0,  9,  9,  9,
       10, 10, 12, 12,  9,  9,  0,  0,  0,  8,  0,  0,  0,  0,  9,  0,  9,
        9,  0,  0,  0,  0,  0,  0,  0,  0,  8,  8,  0]), 'fpos': array([ 1,  1,  3, 12,  3,  1,  0,  3,  5, 12,  5,  4,  2,  2,  3,  0,  3,
        3,  4, 12,  3,  1,  0,  5, 12, 12,  1, 12, 12,  3, 12,  3,  3,  3,
        2,  2,  0,  0,  3,  3, 12, 12, 12,  4, 12, 12, 12, 12,  3, 12,  3,
        3, 12, 12, 12, 12, 12, 12, 12, 12,  4,  4, 12]), 'threshold': [0.22183325084494562, 0.21737591966187839, 0.18799513856842812, 0.1851755524082031, 0.19782809459401279, 0.2154855444462461, 0.24854459294526521, 0.2068218569565235, 0.1857368435244198, 0.1851755524082031, 0.1857368435244198, 0.18742859382878829, 0.20988614230019184, 0.20988614230019184, 0.19489642905897869, 0.30255755188804939, 0.2092706286438509, 0.18799513856842812, 0.18629944699522608, 0.1851755524082031, 0.20804358637883089, 0.22505683925238254, 0.25909932019159043, 0.1857368435244198, 0.1851755524082031, 0.1851755524082031, 0.22183325084494562, 0.1851755524082031, 0.1851755524082031, 0.18799513856842812, 0.1851755524082031, 0.19027447504137812, 0.20499922232244763, 0.2092706286438509, 0.21423193435618856, 0.21423193435618856, 0.32740093115522484, 0.36694874273694222, 0.20499922232244763, 0.18970266602470062, 0.1851755524082031, 0.1851755524082031, 0.1851755524082031, 0.18629944699522608, 0.1851755524082031, 0.1851755524082031, 0.1851755524082031, 0.1851755524082031, 0.18970266602470062, 0.1851755524082031, 0.18970266602470062, 0.19723911502754221, 0.1851755524082031, 0.1851755524082031, 0.1851755524082031, 0.1851755524082031, 0.1851755524082031, 0.1851755524082031, 0.1851755524082031, 0.1851755524082031, 0.18686336353137936, 0.18686336353137936, 0.1851755524082031], 'fneg': array([3, 3, 2, 0, 2, 3, 3, 3, 1, 0, 1, 2, 3, 3, 2, 4, 3, 2, 2, 0, 3, 3, 4,
       1, 0, 0, 3, 0, 0, 2, 0, 2, 2, 3, 3, 3, 5, 5, 2, 2, 0, 0, 0, 2, 0, 0,
       0, 0, 2, 0, 2, 2, 0, 0, 0, 0, 0, 0, 0, 0, 2, 2, 0]), 'sensitivity': array([1, 1, 1, 1, 1, 1, 1, 1, 1, 1, 1, 1, 1, 1, 1, 1, 1, 1, 1, 1, 1, 1, 1,
       1, 1, 1, 1, 1, 1, 1, 1, 1, 1, 1, 1, 1, 1, 1, 1, 1, 1, 1, 1, 1, 1, 1,
       1, 1, 1, 1, 1, 1, 1, 1, 1, 1, 1, 1, 1, 1, 1, 1, 1]), 'tpos': array([2, 2, 3, 5, 3, 2, 2, 2, 4, 5, 4, 3, 2, 2, 3, 1, 2, 3, 3, 5, 2, 2, 1,
       4, 5, 5, 2, 5, 5, 3, 5, 3, 3, 2, 2, 2, 0, 0, 3, 3, 5, 5, 5, 3, 5, 5,
       5, 5, 3, 5, 3, 3, 5, 5, 5, 5, 5, 5, 5, 5, 3, 3, 5])}, {'specificity': array([0.59375, 0.96875, 0.40625, 0.703125, 0.875, 0.40625, 0.46875,
       0.5625, 0.8125, 0.8125, 0.671875, 0.953125, 0.765625, 0.9375,
       0.859375, 0.40625, 0.59375, 0.5625, 0.5, 0.40625, 0.75, 0.8125,
       0.90625, 0.46875, 0.40625, 0.890625, 0.40625, 0.40625, 0.40625,
       0.40625, 0.65625, 0.71875, 0.46875, 0.84375, 0.84375, 0.984375, 1.0,
       0.40625, 0.640625, 0.40625, 0.40625, 0.40625, 0.46875, 0.5, 0.40625,
       0.40625, 0.40625, 0.40625, 0.40625, 0.640625, 0.734375, 0.40625,
       0.40625, 0.640625, 0.6875, 0.40625, 0.921875, 0.40625, 0.40625,
       0.40625, 0.40625, 0.40625, 0.53125, 0.53125]), 'tneg': array([ 8, 11,  0,  9, 11,  0,  7,  8, 11, 11,  9, 11, 11, 11, 11,  0,  8,
        8,  8,  0, 10, 11, 11,  7,  0, 11,  0,  0,  0,  0,  9, 10,  7, 11,
       11, 11, 11,  0,  9,  0,  0,  0,  7,  8,  0,  0,  0,  0,  0,  9, 10,
        0,  0,  9,  9,  0, 11,  0,  0,  0,  0,  0,  8,  8]), 'fpos': array([ 3,  0, 11,  2,  0, 11,  4,  3,  0,  0,  2,  0,  0,  0,  0, 11,  3,
        3,  3, 11,  1,  0,  0,  4, 11,  0, 11, 11, 11, 11,  2,  1,  4,  0,
        0,  0,  0, 11,  2, 11, 11, 11,  4,  3, 11, 11, 11, 11, 11,  2,  1,
       11, 11,  2,  2, 11,  0, 11, 11, 11, 11, 11,  3,  3]), 'threshold': [0.21495789281043509, 0.21581684842888929, 0.21493266703175487, 0.21504367653917894, 0.21519007084681754, 0.21493266703175487, 0.21493771201549833, 0.2149528474827066, 0.21514463039117673, 0.21514463039117673, 0.21501844345085788, 0.21581178848269547, 0.21513958188163013, 0.21545780592689187, 0.21518502156332736, 0.21493266703175487, 0.21495789281043509, 0.2149528474827066, 0.21494275708523813, 0.21493266703175487, 0.21512948512051916, 0.21514463039117673, 0.21526582041834916, 0.21493771201549833, 0.21493266703175487, 0.21524056841134856, 0.21493266703175487, 0.21493266703175487, 0.21493266703175487, 0.21493266703175487, 0.21497807498130969, 0.21510424472264045, 0.21493771201549833, 0.21517997236583061, 0.21517997236583061, 0.21596868679759271, 0.21620672249450118, 0.21493266703175487, 0.21497302930959705, 0.21493266703175487, 0.21493266703175487, 0.21493266703175487, 0.21493771201549833, 0.21494275708523813, 0.21493266703175487, 0.21493266703175487, 0.21493266703175487, 0.21493266703175487, 0.21493266703175487, 0.21497302930959705, 0.21511434062380899, 0.21493266703175487, 0.21493266703175487, 0.21497302930959705, 0.21503862974952415, 0.21493266703175487, 0.21535169332270773, 0.21493266703175487, 0.21493266703175487, 0.21493266703175487, 0.21493266703175487, 0.21493266703175487, 0.21494780224097423, 0.21494780224097423], 'fneg': array([0, 5, 0, 0, 1, 0, 0, 0, 1, 1, 0, 5, 1, 4, 1, 0, 0, 0, 0, 0, 1, 1, 3,
       0, 0, 3, 0, 0, 0, 0, 0, 0, 0, 1, 1, 5, 5, 0, 0, 0, 0, 0, 0, 0, 0, 0,
       0, 0, 0, 0, 0, 0, 0, 0, 0, 0, 3, 0, 0, 0, 0, 0, 0, 0]), 'sensitivity': array([1, 1, 1, 1, 1, 1, 1, 1, 1, 1, 1, 1, 1, 1, 1, 1, 1, 1, 1, 1, 1, 1, 1,
       1, 1, 1, 1, 1, 1, 1, 1, 1, 1, 1, 1, 1, 1, 1, 1, 1, 1, 1, 1, 1, 1, 1,
       1, 1, 1, 1, 1, 1, 1, 1, 1, 1, 1, 1, 1, 1, 1, 1, 1, 1]), 'tpos': array([5, 0, 5, 5, 4, 5, 5, 5, 4, 4, 5, 0, 4, 1, 4, 5, 5, 5, 5, 5, 4, 4, 2,
       5, 5, 2, 5, 5, 5, 5, 5, 5, 5, 4, 4, 0, 0, 5, 5, 5, 5, 5, 5, 5, 5, 5,
       5, 5, 5, 5, 5, 5, 5, 5, 5, 5, 2, 5, 5, 5, 5, 5, 5, 5])}, {'specificity': array([0.890625, 0.875, 0.625, 0.984375, 0.453125, 0.6875, 0.921875, 0.75,
       0.515625, 0.453125, 0.578125, 0.828125, 0.96875, 0.796875, 0.9375,
       0.859375, 0.453125, 0.625, 0.578125, 0.546875, 0.453125, 0.453125,
       0.765625, 0.828125, 0.953125, 0.515625, 0.453125, 0.453125,
       0.453125, 0.453125, 0.625, 0.71875, 0.515625, 0.796875, 0.84375,
       1.0, 0.71875, 0.453125, 0.671875, 0.453125, 0.453125, 0.453125,
       0.453125, 0.515625, 0.546875, 0.453125, 0.453125, 0.453125,
       0.453125, 0.453125, 0.671875, 0.734375, 0.453125, 0.453125,
       0.671875, 0.453125, 0.453125, 0.90625, 0.453125, 0.453125, 0.453125,
       0.453125, 0.453125, 0.453125]), 'tneg': array([8, 8, 6, 9, 4, 8, 9, 8, 4, 4, 6, 8, 9, 8, 9, 8, 4, 6, 6, 4, 4, 4, 8,
       8, 9, 4, 4, 4, 4, 4, 6, 8, 4, 8, 8, 9, 8, 4, 6, 4, 4, 4, 4, 4, 4, 4,
       4, 4, 4, 4, 6, 8, 4, 4, 6, 4, 4, 9, 4, 4, 4, 4, 4, 4]), 'fpos': array([1, 1, 3, 0, 5, 1, 0, 1, 5, 5, 3, 1, 0, 1, 0, 1, 5, 3, 3, 5, 5, 5, 1,
       1, 0, 5, 5, 5, 5, 5, 3, 1, 5, 1, 1, 0, 1, 5, 3, 5, 5, 5, 5, 5, 5, 5,
       5, 5, 5, 5, 3, 1, 5, 5, 3, 5, 5, 0, 5, 5, 5, 5, 5, 5]), 'threshold': [0.21894405420096511, 0.21367284352240387, 0.17937302690788273, 0.3174739678461026, 0.17612676054933563, 0.19075969144253455, 0.2508399956881367, 0.20125861767193651, 0.17677229764754773, 0.17612676054933563, 0.17872005430858112, 0.20485292301448904, 0.31651216621195771, 0.2041302684411869, 0.25335270099064577, 0.21070249032895982, 0.17612676054933563, 0.17937302690788273, 0.17872005430858112, 0.17741969124164497, 0.17612676054933563, 0.17612676054933563, 0.20269065035895234, 0.20485292301448904, 0.2635686110538128, 0.17677229764754773, 0.17612676054933563, 0.17612676054933563, 0.17612676054933563, 0.17612676054933563, 0.17937302690788273, 0.19912478296711958, 0.17677229764754773, 0.2041302684411869, 0.20996464930991779, 0.39571650756114335, 0.19912478296711958, 0.17612676054933563, 0.18134312714064399, 0.17612676054933563, 0.17612676054933563, 0.17612676054933563, 0.17612676054933563, 0.17677229764754773, 0.17741969124164497, 0.17612676054933563, 0.17612676054933563, 0.17612676054933563, 0.17612676054933563, 0.17612676054933563, 0.18134312714064399, 0.20054544471084157, 0.17612676054933563, 0.17612676054933563, 0.18134312714064399, 0.17612676054933563, 0.17612676054933563, 0.23611482165005662, 0.17612676054933563, 0.17612676054933563, 0.17612676054933563, 0.17612676054933563, 0.17612676054933563, 0.17612676054933563], 'fneg': array([5, 5, 1, 6, 0, 2, 6, 2, 1, 0, 1, 2, 6, 2, 6, 4, 0, 1, 1, 1, 0, 0, 2,
       2, 6, 1, 0, 0, 0, 0, 1, 2, 1, 2, 3, 7, 2, 0, 1, 0, 0, 0, 0, 1, 1, 0,
       0, 0, 0, 0, 1, 2, 0, 0, 1, 0, 0, 6, 0, 0, 0, 0, 0, 0]), 'sensitivity': array([1, 1, 1, 1, 1, 1, 1, 1, 1, 1, 1, 1, 1, 1, 1, 1, 1, 1, 1, 1, 1, 1, 1,
       1, 1, 1, 1, 1, 1, 1, 1, 1, 1, 1, 1, 1, 1, 1, 1, 1, 1, 1, 1, 1, 1, 1,
       1, 1, 1, 1, 1, 1, 1, 1, 1, 1, 1, 1, 1, 1, 1, 1, 1, 1]), 'tpos': array([2, 2, 6, 1, 7, 5, 1, 5, 6, 7, 6, 5, 1, 5, 1, 3, 7, 6, 6, 6, 7, 7, 5,
       5, 1, 6, 7, 7, 7, 7, 6, 5, 6, 5, 4, 0, 5, 7, 6, 7, 7, 7, 7, 6, 6, 7,
       7, 7, 7, 7, 6, 5, 7, 7, 6, 7, 7, 1, 7, 7, 7, 7, 7, 7])}, {'specificity': array([0.921875, 0.90625, 0.609375, 1.0, 0.890625, 0.9375, 0.6875, 0.375,
       0.53125, 0.828125, 0.75, 0.578125, 0.796875, 0.953125, 0.703125,
       0.140625, 0.546875, 0.390625, 0.21875, 0.765625, 0.84375, 0.96875,
       0.421875, 0.234375, 0.203125, 0.71875, 0.15625, 0.09375, 0.09375,
       0.5, 0.453125, 0.65625, 0.359375, 0.8125, 0.859375, 0.875, 0.984375,
       0.625, 0.515625, 0.640625, 0.09375, 0.09375, 0.09375, 0.484375,
       0.28125, 0.4375, 0.125, 0.3125, 0.671875, 0.78125, 0.25, 0.34375,
       0.59375, 0.265625, 0.171875, 0.734375, 0.109375, 0.40625, 0.296875,
       0.1875, 0.328125, 0.5625, 0.46875, 0.09375]), 'tneg': array([13, 13, 10, 13, 13, 13, 11,  6,  8, 13, 12,  8, 13, 13, 11,  4,  8,
        6,  4, 12, 13, 13,  6,  4,  4, 11,  4,  2,  2,  7,  6, 11,  6, 13,
       13, 13, 13, 10,  8, 11,  2,  2,  2,  6,  5,  6,  3,  6, 11, 12,  4,
        6, 10,  5,  4, 11,  3,  6,  6,  4,  6,  8,  6,  2]), 'fpos': array([ 1,  1,  4,  1,  1,  1,  3,  8,  6,  1,  2,  6,  1,  1,  3, 10,  6,
        8, 10,  2,  1,  1,  8, 10, 10,  3, 10, 12, 12,  7,  8,  3,  8,  1,
        1,  1,  1,  4,  6,  3, 12, 12, 12,  8,  9,  8, 11,  8,  3,  2, 10,
        8,  4,  9, 10,  3, 11,  8,  8, 10,  8,  6,  8, 12]), 'threshold': [0.34483946736365778, 0.33813157511320585, 0.22207784297932903, 0.68988496319268855, 0.33104114317976913, 0.42543160324476165, 0.22902330508234831, 0.20887248449987808, 0.21249781287891748, 0.30688380838459872, 0.2579441833677043, 0.21627640228147368, 0.30609876298453442, 0.46745823298543404, 0.23214409120759047, 0.20841687231573189, 0.21373394556706374, 0.20890426874191717, 0.20847512449478048, 0.28252554216503484, 0.31981410612367789, 0.51896563132228135, 0.20896101392479741, 0.20849124275868317, 0.20845990020434674, 0.23819432249316261, 0.20841792641597584, 0.20841441921079823, 0.20841441921079823, 0.21115709455856083, 0.20982181424028693, 0.2273303609375098, 0.20887100251687443, 0.30687234295335369, 0.32809204648712459, 0.32882902902993127, 0.67584924978966443, 0.22435090610348571, 0.21157402328932254, 0.22611043794586153, 0.20841441921079823, 0.20841441921079823, 0.20841441921079823, 0.21064157855932641, 0.20853572025634237, 0.20941526007428005, 0.20841532824326009, 0.20865746367166396, 0.22810053256824286, 0.29461966515430765, 0.2084991297251553, 0.2088557461079272, 0.21971121154487294, 0.20850376011529204, 0.20841985410792641, 0.24915356492770752, 0.20841486405610607, 0.2089166299719773, 0.20859656768261919, 0.20843971525749605, 0.20871338388897859, 0.21485018164926706, 0.20998899847184049, 0.20841441921079823], 'fneg': array([1, 1, 0, 1, 1, 1, 1, 0, 0, 1, 1, 0, 1, 1, 1, 0, 0, 0, 0, 1, 1, 1, 0,
       0, 0, 1, 0, 0, 0, 0, 0, 1, 0, 1, 1, 1, 1, 0, 0, 1, 0, 0, 0, 0, 0, 0,
       0, 0, 1, 1, 0, 0, 0, 0, 0, 1, 0, 0, 0, 0, 0, 0, 0, 0]), 'sensitivity': array([1, 1, 1, 1, 1, 1, 1, 1, 1, 1, 1, 1, 1, 1, 1, 1, 1, 1, 1, 1, 1, 1, 1,
       1, 1, 1, 1, 1, 1, 1, 1, 1, 1, 1, 1, 1, 1, 1, 1, 1, 1, 1, 1, 1, 1, 1,
       1, 1, 1, 1, 1, 1, 1, 1, 1, 1, 1, 1, 1, 1, 1, 1, 1, 1]), 'tpos': array([1, 1, 2, 1, 1, 1, 1, 2, 2, 1, 1, 2, 1, 1, 1, 2, 2, 2, 2, 1, 1, 1, 2,
       2, 2, 1, 2, 2, 2, 2, 2, 1, 2, 1, 1, 1, 1, 2, 2, 1, 2, 2, 2, 2, 2, 2,
       2, 2, 1, 1, 2, 2, 2, 2, 2, 1, 2, 2, 2, 2, 2, 2, 2, 2])}, {'specificity': array([0.86153846, 0.83076923, 0.96923077, 0.38461538, 0.64615385,
       0.81538462, 0.90769231, 0.70769231, 0.44615385, 0.38461538,
       0.44615385, 0.53846154, 0.76923077, 0.61538462, 0.95384615,
       0.92307692, 0.8, 0.38461538, 0.56923077, 0.53846154, 0.47692308,
       0.38461538, 0.38461538, 0.72307692, 0.76923077, 0.87692308,
       0.93846154, 0.38461538, 0.86153846, 0.38461538, 0.38461538,
       0.56923077, 0.38461538, 0.6, 0.67692308, 0.44615385, 0.73846154,
       0.78461538, 0.98461538, 1.0, 0.67692308, 0.38461538, 0.38461538,
       0.38461538, 0.38461538, 0.44615385, 0.47692308, 0.38461538,
       0.38461538, 0.38461538, 0.38461538, 0.38461538, 0.38461538,
       0.69230769, 0.38461538, 0.58461538, 0.63076923, 0.38461538,
       0.89230769, 0.38461538, 0.38461538, 0.38461538, 0.50769231,
       0.50769231, 0.38461538]), 'tneg': array([14, 14, 14,  8, 12, 14, 14, 12,  9,  8,  9,  9, 13, 12, 14, 14, 14,
        8, 10,  9,  9,  8,  8, 12, 13, 14, 14,  8, 14,  8,  8, 10,  8, 12,
       12,  9, 12, 14, 14, 14, 12,  8,  8,  8,  8,  9,  9,  8,  8,  8,  8,
        8,  8, 12,  8, 12, 12,  8, 14,  8,  8,  8,  9,  9,  8]), 'fpos': array([0, 0, 0, 6, 2, 0, 0, 2, 5, 6, 5, 5, 1, 2, 0, 0, 0, 6, 4, 5, 5, 6, 6,
       2, 1, 0, 0, 6, 0, 6, 6, 4, 6, 2, 2, 5, 2, 0, 0, 0, 2, 6, 6, 6, 6, 5,
       5, 6, 6, 6, 6, 6, 6, 2, 6, 2, 2, 6, 0, 6, 6, 6, 5, 5, 6]), 'threshold': [0.27089287340746609, 0.27087993674623001, 0.27110361082019119, 0.27078015269710837, 0.27082080266825997, 0.27087439258170476, 0.27096680463414935, 0.27084852075691734, 0.27078200033985173, 0.27078015269710837, 0.27078200033985173, 0.27078754331563598, 0.27085776051604094, 0.27081156370162435, 0.27110176179882106, 0.27097234998719111, 0.27087254454271142, 0.27078015269710837, 0.27078939099008209, 0.27078754331563598, 0.2707838479905208, 0.27078015269710837, 0.27078015269710837, 0.27085221663679304, 0.27085776051604094, 0.27090211411749626, 0.27099453211238839, 0.27078015269710837, 0.27089287340746609, 0.27078015269710837, 0.27078015269710837, 0.27078939099008209, 0.27078015269710837, 0.2707967817671223, 0.27084297699653886, 0.27078200033985173, 0.27085591254836705, 0.27087069651164236, 0.27115908514419984, 0.27124600924871561, 0.27084297699653886, 0.27078015269710837, 0.27078015269710837, 0.27078015269710837, 0.27078015269710837, 0.27078200033985173, 0.2707838479905208, 0.27078015269710837, 0.27078015269710837, 0.27078015269710837, 0.27078015269710837, 0.27078015269710837, 0.27078015269710837, 0.27084667282886649, 0.27078015269710837, 0.27079493406097394, 0.27081895485908253, 0.27078015269710837, 0.27093353401332487, 0.27078015269710837, 0.27078015269710837, 0.27078015269710837, 0.27078569564911553, 0.27078569564911553, 0.27078015269710837], 'fneg': array([1, 1, 1, 0, 0, 1, 1, 0, 0, 0, 0, 0, 0, 0, 1, 1, 1, 0, 0, 0, 0, 0, 0,
       0, 0, 1, 1, 0, 1, 0, 0, 0, 0, 0, 0, 0, 0, 0, 1, 1, 0, 0, 0, 0, 0, 0,
       0, 0, 0, 0, 0, 0, 0, 0, 0, 0, 0, 0, 1, 0, 0, 0, 0, 0, 0]), 'sensitivity': array([1, 1, 1, 1, 1, 1, 1, 1, 1, 1, 1, 1, 1, 1, 1, 1, 1, 1, 1, 1, 1, 1, 1,
       1, 1, 1, 1, 1, 1, 1, 1, 1, 1, 1, 1, 1, 1, 1, 1, 1, 1, 1, 1, 1, 1, 1,
       1, 1, 1, 1, 1, 1, 1, 1, 1, 1, 1, 1, 1, 1, 1, 1, 1, 1, 1]), 'tpos': array([0, 0, 0, 1, 1, 0, 0, 1, 1, 1, 1, 1, 1, 1, 0, 0, 0, 1, 1, 1, 1, 1, 1,
       1, 1, 0, 0, 1, 0, 1, 1, 1, 1, 1, 1, 1, 1, 1, 0, 0, 1, 1, 1, 1, 1, 1,
       1, 1, 1, 1, 1, 1, 1, 1, 1, 1, 1, 1, 0, 1, 1, 1, 1, 1, 1])}], <Model object at 0x000000000000108A>)
#adalasso
([{'specificity': array([0.92063492, 0.88888889, 0.66666667, 1.0, 0.98412698, 0.74603175,
       0.9047619, 0.93650794, 0.79365079, 0.6031746, 0.6031746, 0.63492063,
       0.80952381, 0.6031746, 0.84126984, 0.87301587, 0.95238095,
       0.6031746, 0.6031746, 0.68253968, 0.6031746, 0.6031746, 0.6031746,
       0.82539683, 0.85714286, 0.96825397, 0.6031746, 0.6031746, 0.6031746,
       0.6031746, 0.6031746, 0.6031746, 0.6031746, 0.6031746, 0.6031746,
       0.6031746, 0.6984127, 0.6031746, 0.6031746, 0.61904762, 0.6031746,
       0.6031746, 0.6031746, 0.6031746, 0.71428571, 0.77777778, 0.6031746,
       0.73015873, 0.6031746, 0.6031746, 0.6031746, 0.6031746, 0.6031746,
       0.6031746, 0.6031746, 0.6031746, 0.6031746, 0.6031746, 0.76190476,
       0.6031746, 0.6031746, 0.65079365, 0.6031746]), 'tneg': array([ 9,  9,  4, 10, 10,  8,  9,  9,  9,  4,  4,  4,  9,  4,  9,  9,  9,
        4,  4,  5,  4,  4,  4,  9,  9,  9,  4,  4,  4,  4,  4,  4,  4,  4,
        4,  4,  7,  4,  4,  4,  4,  4,  4,  4,  7,  9,  4,  8,  4,  4,  4,
        4,  4,  4,  4,  4,  4,  4,  8,  4,  4,  4,  4]), 'fpos': array([2, 2, 7, 1, 1, 3, 2, 2, 2, 7, 7, 7, 2, 7, 2, 2, 2, 7, 7, 6, 7, 7, 7,
       2, 2, 2, 7, 7, 7, 7, 7, 7, 7, 7, 7, 7, 4, 7, 7, 7, 7, 7, 7, 7, 4, 2,
       7, 3, 7, 7, 7, 7, 7, 7, 7, 7, 7, 7, 3, 7, 7, 7, 7]), 'threshold': [0.27923417576790965, 0.27464722391893143, 0.15126369583663779, 0.69826459606648938, 0.68929777279755, 0.19245959318917361, 0.27781001687995377, 0.37857129080989721, 0.22727835392779963, 0.14511251069233222, 0.14511251069233222, 0.14722662017033453, 0.22801064287470857, 0.14511251069233222, 0.23788419899178948, 0.26044552152083089, 0.4140694680585828, 0.14511251069233222, 0.14511251069233222, 0.15593871116737701, 0.14511251069233222, 0.14511251069233222, 0.14511251069233222, 0.23253913485289987, 0.24934280367919387, 0.4763689289832575, 0.14511251069233222, 0.14511251069233222, 0.14511251069233222, 0.14511251069233222, 0.14511251069233222, 0.14511251069233222, 0.14511251069233222, 0.14511251069233222, 0.14511251069233222, 0.14511251069233222, 0.16161331863158673, 0.14511251069233222, 0.14511251069233222, 0.14696535635526087, 0.14511251069233222, 0.14511251069233222, 0.14511251069233222, 0.14511251069233222, 0.16274515397311593, 0.22504263465887037, 0.14511251069233222, 0.18824429242156165, 0.14511251069233222, 0.14511251069233222, 0.14511251069233222, 0.14511251069233222, 0.14511251069233222, 0.14511251069233222, 0.14511251069233222, 0.14511251069233222, 0.14511251069233222, 0.14511251069233222, 0.19515003024655575, 0.14511251069233222, 0.14511251069233222, 0.15072976513712419, 0.14511251069233222], 'fneg': array([6, 6, 4, 6, 6, 5, 6, 6, 5, 3, 3, 4, 5, 3, 5, 6, 6, 3, 3, 4, 3, 3, 3,
       5, 5, 6, 3, 3, 3, 3, 3, 3, 3, 3, 3, 3, 4, 3, 3, 4, 3, 3, 3, 3, 4, 5,
       3, 5, 3, 3, 3, 3, 3, 3, 3, 3, 3, 3, 5, 3, 3, 4, 3]), 'sensitivity': array([1, 1, 1, 1, 1, 1, 1, 1, 1, 1, 1, 1, 1, 1, 1, 1, 1, 1, 1, 1, 1, 1, 1,
       1, 1, 1, 1, 1, 1, 1, 1, 1, 1, 1, 1, 1, 1, 1, 1, 1, 1, 1, 1, 1, 1, 1,
       1, 1, 1, 1, 1, 1, 1, 1, 1, 1, 1, 1, 1, 1, 1, 1, 1]), 'tpos': array([0, 0, 2, 0, 0, 1, 0, 0, 1, 3, 3, 2, 1, 3, 1, 0, 0, 3, 3, 2, 3, 3, 3,
       1, 1, 0, 3, 3, 3, 3, 3, 3, 3, 3, 3, 3, 2, 3, 3, 2, 3, 3, 3, 3, 2, 1,
       3, 1, 3, 3, 3, 3, 3, 3, 3, 3, 3, 3, 1, 3, 3, 2, 3])}, {'specificity': array([0.90625, 0.671875, 0.984375, 0.921875, 0.84375, 0.609375, 0.609375,
       0.640625, 0.84375, 0.75, 0.875, 0.953125, 0.9375, 0.609375,
       0.609375, 0.671875, 0.609375, 0.609375, 0.609375, 0.859375, 0.96875,
       0.609375, 0.609375, 0.609375, 0.609375, 0.609375, 0.609375,
       0.609375, 0.609375, 0.734375, 0.640625, 0.890625, 1.0, 0.609375,
       0.609375, 0.71875, 0.71875, 0.609375, 0.609375, 0.609375, 0.609375,
       0.609375, 0.609375, 0.609375, 0.609375, 0.8125, 0.609375, 0.609375,
       0.71875, 0.765625, 0.609375, 0.609375, 0.609375, 0.609375, 0.609375,
       0.609375, 0.609375, 0.609375, 0.609375, 0.78125, 0.796875, 0.609375,
       0.609375, 0.609375]), 'tneg': array([10,  7, 10, 10,  9,  5,  5,  6,  9,  8, 10, 10, 10,  5,  5,  7,  5,
        5,  5,  9, 10,  5,  5,  5,  5,  5,  5,  5,  5,  8,  6, 10, 10,  5,
        5,  8,  8,  5,  5,  5,  5,  5,  5,  5,  5,  9,  5,  5,  8,  8,  5,
        5,  5,  5,  5,  5,  5,  5,  5,  9,  9,  5,  5,  5]), 'fpos': array([0, 3, 0, 0, 1, 5, 5, 4, 1, 2, 0, 0, 0, 5, 5, 3, 5, 5, 5, 1, 0, 5, 5,
       5, 5, 5, 5, 5, 5, 2, 4, 0, 0, 5, 5, 2, 2, 5, 5, 5, 5, 5, 5, 5, 5, 1,
       5, 5, 2, 2, 5, 5, 5, 5, 5, 5, 5, 5, 5, 1, 1, 5, 5, 5]), 'threshold': [0.21665169608440335, 0.21642924163919655, 0.21719263103026654, 0.21676525695790305, 0.21657449927788056, 0.21640655150408275, 0.21640655150408275, 0.21641108939335427, 0.21657449927788056, 0.21648370498875114, 0.21662444787987903, 0.21687886087583019, 0.21684250293891785, 0.21640655150408275, 0.21640655150408275, 0.21642924163919655, 0.21640655150408275, 0.21640655150408275, 0.21640655150408275, 0.21658358022202029, 0.21691976882337574, 0.21640655150408275, 0.21640655150408275, 0.21640655150408275, 0.21640655150408275, 0.21640655150408275, 0.21640655150408275, 0.21640655150408275, 0.21640655150408275, 0.21644739498704591, 0.21641108939335427, 0.21662898907511777, 0.21755227770438534, 0.21640655150408275, 0.21640655150408275, 0.21644285654677062, 0.21644285654677062, 0.21640655150408275, 0.21640655150408275, 0.21640655150408275, 0.21640655150408275, 0.21640655150408275, 0.21640655150408275, 0.21640655150408275, 0.21640655150408275, 0.21656995890912106, 0.21640655150408275, 0.21640655150408275, 0.21644285654677062, 0.21650186164259969, 0.21640655150408275, 0.21640655150408275, 0.21640655150408275, 0.21640655150408275, 0.21640655150408275, 0.21640655150408275, 0.21640655150408275, 0.21640655150408275, 0.21640655150408275, 0.21651547985616884, 0.21654271814291293, 0.21640655150408275, 0.21640655150408275, 0.21640655150408275], 'fneg': array([4, 2, 5, 5, 2, 1, 1, 1, 2, 2, 3, 5, 5, 1, 1, 2, 1, 1, 1, 2, 5, 1, 1,
       1, 1, 1, 1, 1, 1, 2, 1, 3, 6, 1, 1, 2, 2, 1, 1, 1, 1, 1, 1, 1, 1, 2,
       1, 1, 2, 2, 1, 1, 1, 1, 1, 1, 1, 1, 1, 2, 2, 1, 1, 1]), 'sensitivity': array([1, 1, 1, 1, 1, 1, 1, 1, 1, 1, 1, 1, 1, 1, 1, 1, 1, 1, 1, 1, 1, 1, 1,
       1, 1, 1, 1, 1, 1, 1, 1, 1, 1, 1, 1, 1, 1, 1, 1, 1, 1, 1, 1, 1, 1, 1,
       1, 1, 1, 1, 1, 1, 1, 1, 1, 1, 1, 1, 1, 1, 1, 1, 1, 1]), 'tpos': array([2, 4, 1, 1, 4, 5, 5, 5, 4, 4, 3, 1, 1, 5, 5, 4, 5, 5, 5, 4, 1, 5, 5,
       5, 5, 5, 5, 5, 5, 4, 5, 3, 0, 5, 5, 4, 4, 5, 5, 5, 5, 5, 5, 5, 5, 4,
       5, 5, 4, 4, 5, 5, 5, 5, 5, 5, 5, 5, 5, 4, 4, 5, 5, 5])}, {'specificity': array([0.90625, 0.859375, 0.796875, 0.828125, 0.96875, 0.953125, 0.453125,
       0.625, 0.515625, 0.25, 0.53125, 0.578125, 0.578125, 0.984375,
       0.609375, 0.890625, 0.890625, 0.65625, 0.359375, 0.296875, 0.546875,
       0.765625, 0.9375, 0.75, 0.703125, 0.703125, 0.671875, 0.21875,
       0.21875, 0.421875, 0.59375, 0.828125, 1.0, 0.921875, 0.40625, 0.25,
       0.21875, 0.21875, 0.21875, 0.296875, 0.21875, 0.21875, 0.21875,
       0.21875, 0.40625, 0.5, 0.484375, 0.296875, 0.40625, 0.4375, 0.78125,
       0.21875, 0.21875, 0.21875, 0.734375, 0.71875, 0.21875, 0.21875,
       0.84375, 0.640625, 0.484375, 0.34375, 0.34375, 0.34375]), 'tneg': array([12, 11, 10, 11, 12, 12,  6,  7,  6,  3,  6,  7,  7, 14,  7, 12, 12,
        7,  5,  3,  7,  8, 12,  8,  7,  7,  7,  2,  2,  5,  7, 11, 14, 12,
        5,  3,  2,  2,  2,  3,  2,  2,  2,  2,  5,  6,  6,  3,  5,  6,  8,
        2,  2,  2,  8,  8,  2,  2, 11,  7,  6,  3,  3,  3]), 'fpos': array([ 3,  4,  5,  4,  3,  3,  9,  8,  9, 12,  9,  8,  8,  1,  8,  3,  3,
        8, 10, 12,  8,  7,  3,  7,  8,  8,  8, 13, 13, 10,  8,  4,  1,  3,
       10, 12, 13, 13, 13, 12, 13, 13, 13, 13, 10,  9,  9, 12, 10,  9,  7,
       13, 13, 13,  7,  7, 13, 13,  4,  8,  9, 12, 12, 12]), 'threshold': [0.27122438269819094, 0.27111955795469539, 0.2709905778200879, 0.27099863794898466, 0.27139376871797793, 0.27135343269273898, 0.27073273323433195, 0.27084149260552204, 0.27078509542954704, 0.27064010802483995, 0.27078912355441531, 0.27080523643058119, 0.27080523643058119, 0.27150269477786437, 0.27083343541409061, 0.27122035050680215, 0.27122035050680215, 0.27085760744036902, 0.27065218844355377, 0.27064413479339733, 0.27079315171695317, 0.2709543091039649, 0.2712606741142729, 0.27094624980348841, 0.27088580985141536, 0.27088580985141536, 0.27088178082256276, 0.27063608129396372, 0.27063608129396372, 0.27067232322834123, 0.27080926474379424, 0.27099863794898466, 0.27184982718855227, 0.27123244719387629, 0.27066829619602539, 0.27064010802483995, 0.27063608129396372, 0.27063608129396372, 0.27063608129396372, 0.27064413479339733, 0.27063608129396372, 0.27063608129396372, 0.27063608129396372, 0.27063608129396372, 0.27066829619602539, 0.27078106734234864, 0.27075689961024324, 0.27064413479339733, 0.27066829619602539, 0.27072065055496991, 0.27097042815679773, 0.27063608129396372, 0.27063608129396372, 0.27063608129396372, 0.27094222020973624, 0.27093819065364183, 0.27063608129396372, 0.27063608129396372, 0.27105506306830812, 0.27085357867516002, 0.27075689961024324, 0.27064816159963534, 0.27064816159963534, 0.27064816159963534], 'fneg': array([1, 1, 0, 0, 1, 1, 0, 0, 0, 0, 0, 0, 0, 1, 0, 1, 1, 0, 0, 0, 0, 0, 1,
       0, 0, 0, 0, 0, 0, 0, 0, 0, 1, 1, 0, 0, 0, 0, 0, 0, 0, 0, 0, 0, 0, 0,
       0, 0, 0, 0, 0, 0, 0, 0, 0, 0, 0, 0, 1, 0, 0, 0, 0, 0]), 'sensitivity': array([1, 1, 1, 1, 1, 1, 1, 1, 1, 1, 1, 1, 1, 1, 1, 1, 1, 1, 1, 1, 1, 1, 1,
       1, 1, 1, 1, 1, 1, 1, 1, 1, 1, 1, 1, 1, 1, 1, 1, 1, 1, 1, 1, 1, 1, 1,
       1, 1, 1, 1, 1, 1, 1, 1, 1, 1, 1, 1, 1, 1, 1, 1, 1, 1]), 'tpos': array([0, 0, 1, 1, 0, 0, 1, 1, 1, 1, 1, 1, 1, 0, 1, 0, 0, 1, 1, 1, 1, 1, 0,
       1, 1, 1, 1, 1, 1, 1, 1, 1, 0, 0, 1, 1, 1, 1, 1, 1, 1, 1, 1, 1, 1, 1,
       1, 1, 1, 1, 1, 1, 1, 1, 1, 1, 1, 1, 0, 1, 1, 1, 1, 1])}, {'specificity': array([0.234375, 0.890625, 0.921875, 1.0, 0.4375, 0.703125, 0.65625,
       0.34375, 0.3125, 0.765625, 0.796875, 0.359375, 0.234375, 0.859375,
       0.90625, 0.46875, 0.234375, 0.375, 0.78125, 0.6875, 0.234375,
       0.671875, 0.875, 0.515625, 0.5, 0.75, 0.390625, 0.234375, 0.71875,
       0.453125, 0.234375, 0.84375, 1.0, 0.234375, 1.0, 0.8125, 0.609375,
       0.234375, 0.234375, 0.734375, 0.578125, 0.546875, 0.234375, 0.28125,
       0.234375, 0.828125, 1.0, 0.421875, 0.640625, 0.265625, 0.625,
       0.234375, 0.59375, 0.25, 0.296875, 0.328125, 0.53125, 0.5625,
       0.234375, 0.484375, 1.0, 0.234375, 0.40625, 0.234375]), 'tneg': array([ 0, 10, 10, 10,  3,  9,  8,  3,  3,  9, 10,  3,  0, 10, 10,  4,  0,
        3, 10,  8,  0,  8, 10,  4,  4,  9,  3,  0,  9,  4,  0, 10, 10,  0,
       10, 10,  6,  0,  0,  9,  5,  5,  0,  3,  0, 10, 10,  3,  6,  3,  6,
        0,  5,  3,  3,  3,  4,  5,  0,  4, 10,  0,  3,  0]), 'fpos': array([10,  0,  0,  0,  7,  1,  2,  7,  7,  1,  0,  7, 10,  0,  0,  6, 10,
        7,  0,  2, 10,  2,  0,  6,  6,  1,  7, 10,  1,  6, 10,  0,  0, 10,
        0,  0,  4, 10, 10,  1,  5,  5, 10,  7, 10,  0,  0,  7,  4,  7,  4,
       10,  5,  7,  7,  7,  6,  5, 10,  6,  0, 10,  7, 10]), 'threshold': [0.20828415130568531, 0.20847259898148554, 0.20848351940422658, 0.20848357745769017, 0.20828538173264194, 0.20835762846697806, 0.20834235704394299, 0.208284262546269, 0.2082842338390174, 0.20838696764206607, 0.20842314825323474, 0.20828426952372645, 0.20828415130568531, 0.20845346287499297, 0.20847582592942829, 0.20828962766381406, 0.20828415130568531, 0.20828431158783059, 0.20842279162995586, 0.20834454164477206, 0.20828415130568531, 0.20834357875136264, 0.20847210923709997, 0.20828972495136841, 0.20828967889926373, 0.2083762599382338, 0.20828436142682461, 0.20828415130568531, 0.20836881944655084, 0.20828962287918115, 0.20828415130568531, 0.20844806652300615, 0.20848357745769017, 0.20828415130568531, 0.20848357745769017, 0.20843640007865763, 0.20831423729871354, 0.20828415130568531, 0.20828415130568531, 0.2083742294429129, 0.20830654723053524, 0.20829877543204539, 0.20828415130568531, 0.20828420692597166, 0.20828415130568531, 0.20844778586684665, 0.20848357745769017, 0.20828524098683737, 0.20832385900084832, 0.20828420453370108, 0.20832204281918604, 0.20828415130568531, 0.2083106511261916, 0.20828417742130229, 0.20828420971695408, 0.2082842461990837, 0.20829228494185417, 0.20830036977270811, 0.20828415130568531, 0.20828964991136159, 0.20848357745769017, 0.20828415130568531, 0.20828438022569676, 0.20828415130568531], 'fneg': array([0, 6, 6, 6, 0, 3, 2, 0, 0, 4, 6, 0, 0, 6, 6, 1, 0, 0, 6, 2, 0, 2, 6,
       1, 1, 4, 0, 0, 4, 1, 0, 6, 6, 0, 6, 6, 2, 0, 0, 4, 2, 1, 0, 0, 0, 6,
       6, 0, 2, 0, 2, 0, 2, 0, 0, 0, 1, 1, 0, 1, 6, 0, 0, 0]), 'sensitivity': array([1, 1, 1, 1, 1, 1, 1, 1, 1, 1, 1, 1, 1, 1, 1, 1, 1, 1, 1, 1, 1, 1, 1,
       1, 1, 1, 1, 1, 1, 1, 1, 1, 1, 1, 1, 1, 1, 1, 1, 1, 1, 1, 1, 1, 1, 1,
       1, 1, 1, 1, 1, 1, 1, 1, 1, 1, 1, 1, 1, 1, 1, 1, 1, 1]), 'tpos': array([6, 0, 0, 0, 6, 3, 4, 6, 6, 2, 0, 6, 6, 0, 0, 5, 6, 6, 0, 4, 6, 4, 0,
       5, 5, 2, 6, 6, 2, 5, 6, 0, 0, 6, 0, 0, 4, 6, 6, 2, 4, 5, 6, 6, 6, 0,
       0, 6, 4, 6, 4, 6, 4, 6, 6, 6, 5, 5, 6, 5, 0, 6, 6, 6])}, {'specificity': array([0.36923077, 0.98461538, 1.0, 0.73846154, 0.86153846, 0.72307692,
       0.15384615, 0.35384615, 0.86153846, 0.55384615, 0.78461538, 0.2,
       0.030769231, 0.89230769, 0.64615385, 0.092307692, 0.69230769,
       0.75384615, 0.70769231, 0.63076923, 0.29230769, 0.81538462,
       0.66153846, 0.41538462, 0.33846154, 0.87692308, 0.41538462,
       0.92307692, 0.41538462, 0.015384615, 0.061538462, 0.95384615,
       0.96923077, 0.32307692, 0.10769231, 0.58461538, 0.24615385, 0.8,
       0.27692308, 0.44615385, 0.49230769, 0.46153846, 0.32307692,
       0.53846154, 0.43076923, 0.83076923, 0.23076923, 0.076923077,
       0.13846154, 0.12307692, 0.56923077, 0.18461538, 0.6, 0.76923077,
       0.52307692, 0.90769231, 0.52307692, 0.67692308, 0.93846154,
       0.47692308, 0.21538462, 0.046153846, 0.16923077, 0.61538462,
       0.26153846]), 'tneg': array([ 4, 12, 12, 10, 10, 10,  2,  4, 10,  8, 10,  2,  2, 10,  9,  2,  9,
       10, 10,  9,  4, 10,  9,  4,  4, 10,  4, 12,  4,  2,  2, 12, 12,  4,
        2,  9,  2, 10,  4,  7,  8,  7,  4,  8,  7, 10,  2,  2,  2,  2,  9,
        2,  9, 10,  8, 10,  8,  9, 12,  7,  2,  2,  2,  9,  4]), 'fpos': array([ 9,  1,  1,  3,  3,  3, 11,  9,  3,  5,  3, 11, 11,  3,  4, 11,  4,
        3,  3,  4,  9,  3,  4,  9,  9,  3,  9,  1,  9, 11, 11,  1,  1,  9,
       11,  4, 11,  3,  9,  6,  5,  6,  9,  5,  6,  3, 11, 11, 11, 11,  4,
       11,  4,  3,  5,  3,  5,  4,  1,  6, 11, 11, 11,  4,  9]), 'threshold': [0.26523268842417319, 0.26629841820453581, 0.26658154217162922, 0.26540439585252873, 0.26546546448968078, 0.26539294648204459, 0.26515639680197767, 0.2652250586307649, 0.26546546448968078, 0.26528228550000127, 0.26541584553849046, 0.26516783965109136, 0.26499241731801948, 0.26553417743145002, 0.26535096815613124, 0.26511444238893811, 0.26537004868753628, 0.26540821237946327, 0.2653776811454871, 0.26532425688454631, 0.26519454085974026, 0.26543874585682015, 0.26536623251114366, 0.26523650337347382, 0.26520217009210117, 0.26552272448594533, 0.26523650337347382, 0.26572128685000629, 0.26523650337347382, 0.26498860461332768, 0.26509537360404878, 0.26603077460608465, 0.26617986916592923, 0.26519682961472063, 0.2651258840807364, 0.26530212598944997, 0.26517356119400459, 0.26543798249254602, 0.26518309727419986, 0.2652479484317587, 0.26526969491188729, 0.26525367107923992, 0.26519682961472063, 0.26527732552577049, 0.26524489638536014, 0.26544370775877629, 0.26517089113082598, 0.26510109414745009, 0.26514342862120183, 0.2651415215699866, 0.26529678422595349, 0.26516516962473452, 0.26531319128957503, 0.26541241059957715, 0.26527618092474731, 0.26555097565538144, 0.26527618092474731, 0.26536928544945332, 0.2659138300036108, 0.26526397204351204, 0.26517012825878822, 0.26508774633560328, 0.26516135533117591, 0.26531777012069985, 0.26518119004062696], 'fneg': array([1, 2, 2, 1, 1, 1, 1, 1, 1, 1, 1, 1, 0, 2, 1, 1, 1, 1, 1, 1, 1, 1, 1,
       1, 1, 2, 1, 2, 1, 0, 1, 2, 2, 1, 1, 1, 1, 1, 1, 1, 1, 1, 1, 1, 1, 1,
       1, 1, 1, 1, 1, 1, 1, 1, 1, 2, 1, 1, 2, 1, 1, 1, 1, 1, 1]), 'sensitivity': array([1, 1, 1, 1, 1, 1, 1, 1, 1, 1, 1, 1, 1, 1, 1, 1, 1, 1, 1, 1, 1, 1, 1,
       1, 1, 1, 1, 1, 1, 1, 1, 1, 1, 1, 1, 1, 1, 1, 1, 1, 1, 1, 1, 1, 1, 1,
       1, 1, 1, 1, 1, 1, 1, 1, 1, 1, 1, 1, 1, 1, 1, 1, 1, 1, 1]), 'tpos': array([1, 0, 0, 1, 1, 1, 1, 1, 1, 1, 1, 1, 2, 0, 1, 1, 1, 1, 1, 1, 1, 1, 1,
       1, 1, 0, 1, 0, 1, 2, 1, 0, 0, 1, 1, 1, 1, 1, 1, 1, 1, 1, 1, 1, 1, 1,
       1, 1, 1, 1, 1, 1, 1, 1, 1, 0, 1, 1, 0, 1, 1, 1, 1, 1, 1])}], <Model object at 0x00000000000016E1>)
#adalasso
([{'specificity': array([0.875, 0.3125, 0.40625, 0.25, 0.71875, 0.65625, 0.109375, 0.671875,
       0.421875, 0.90625, 0.375, 0.265625, 0.296875, 0.4375, 0.953125,
       0.59375, 0.53125, 0.28125, 0.328125, 0.640625, 0.96875, 0.703125,
       0.828125, 0.484375, 0.390625, 0.734375, 0.75, 0.625, 0.6875,
       0.859375, 0.578125, 0.78125, 0.09375, 0.8125, 0.796875, 0.15625,
       1.0, 0.1875, 0.5625, 0.140625, 0.171875, 0.46875, 0.21875, 0.5,
       0.546875, 0.046875, 0.203125, 0.921875, 0.0625, 0.359375, 0.03125,
       0.34375, 0.078125, 0.984375, 0.9375, 0.015625, 0.890625, 0.84375,
       0.625, 0.515625, 0.765625, 0.453125, 0.234375, 0.125]), 'tneg': array([ 9,  4,  5,  2,  7,  6,  1,  7,  5,  9,  5,  2,  3,  5, 10,  5,  5,
        2,  5,  5, 10,  7,  8,  5,  5,  8,  8,  5,  7,  9,  5,  8,  1,  8,
        8,  1, 13,  1,  5,  1,  1,  5,  1,  5,  5,  1,  1,  9,  1,  5,  0,
        5,  1, 11, 10,  0,  9,  8,  5,  5,  8,  5,  1,  1]), 'fpos': array([ 5, 10,  9, 12,  7,  8, 13,  7,  9,  5,  9, 12, 11,  9,  4,  9,  9,
       12,  9,  9,  4,  7,  6,  9,  9,  6,  6,  9,  7,  5,  9,  6, 13,  6,
        6, 13,  1, 13,  9, 13, 13,  9, 13,  9,  9, 13, 13,  5, 13,  9, 14,
        9, 13,  3,  4, 14,  5,  6,  9,  9,  6,  9, 13, 13]), 'threshold': [0.21665167573070257, 0.21641250302382328, 0.21642958490199846, 0.21641000940061056, 0.21652130758034044, 0.21648389180658084, 0.21639934939587549, 0.21651132958313255, 0.21643039538032105, 0.21670908066468042, 0.21642553254333641, 0.21641044578317148, 0.21641194195678712, 0.21643064475870841, 0.2167752347719297, 0.21646456215688123, 0.21645895055706765, 0.21641075748539068, 0.21641480964381138, 0.21647266798693282, 0.21680207503582949, 0.21652006031249194, 0.21658055879205237, 0.21645009691369316, 0.21642864973743278, 0.21653066225493142, 0.21654064089685038, 0.21646892680730476, 0.21651631854014214, 0.21664606062139213, 0.21646331512560155, 0.21654937248149117, 0.21639922471970624, 0.21657993503399578, 0.21657806376762495, 0.21640097019080676, 0.21724872465077599, 0.21640290268855508, 0.21646269161191151, 0.2163998481010723, 0.21640221696211776, 0.21643288917355355, 0.21640402478975418, 0.21645146858776235, 0.21646206809952129, 0.21639791562306868, 0.21640333906074316, 0.2167234336171332, 0.21639797796087384, 0.21642303881145653, 0.216392990977538, 0.21641967230640871, 0.216398040298692, 0.21680831730210151, 0.21674465228458559, 0.21638725604954626, 0.21667476117509876, 0.21658492513484298, 0.21646892680730476, 0.21645770354918506, 0.21654750140619264, 0.21643145523990368, 0.21640520923447779, 0.21639941173397961], 'fneg': array([2, 0, 0, 0, 0, 0, 0, 0, 0, 2, 0, 0, 0, 0, 2, 0, 0, 0, 0, 0, 2, 0, 2,
       0, 0, 1, 1, 0, 0, 2, 0, 2, 0, 2, 2, 0, 3, 0, 0, 0, 0, 0, 0, 0, 0, 0,
       0, 2, 0, 0, 0, 0, 0, 2, 2, 0, 2, 2, 0, 0, 1, 0, 0, 0]), 'sensitivity': array([1, 1, 1, 1, 1, 1, 1, 1, 1, 1, 1, 1, 1, 1, 1, 1, 1, 1, 1, 1, 1, 1, 1,
       1, 1, 1, 1, 1, 1, 1, 1, 1, 1, 1, 1, 1, 1, 1, 1, 1, 1, 1, 1, 1, 1, 1,
       1, 1, 1, 1, 1, 1, 1, 1, 1, 1, 1, 1, 1, 1, 1, 1, 1, 1]), 'tpos': array([1, 3, 3, 3, 3, 3, 3, 3, 3, 1, 3, 3, 3, 3, 1, 3, 3, 3, 3, 3, 1, 3, 1,
       3, 3, 2, 2, 3, 3, 1, 3, 1, 3, 1, 1, 3, 0, 3, 3, 3, 3, 3, 3, 3, 3, 3,
       3, 1, 3, 3, 3, 3, 3, 1, 1, 3, 1, 1, 3, 3, 2, 3, 3, 3])}, {'specificity': array([0.93846154, 0.67692308, 0.75384615, 0.72307692, 0.98461538,
       0.83076923, 0.86153846, 0.92307692, 0.67692308, 0.70769231,
       0.75384615, 0.89230769, 0.81538462, 0.67692308, 1.0, 0.90769231,
       0.96923077, 0.67692308, 0.67692308, 0.76923077, 0.67692308,
       0.67692308, 0.67692308, 0.84615385, 0.67692308, 0.67692308,
       0.67692308, 0.67692308, 0.67692308, 0.67692308, 0.67692308,
       0.67692308, 0.8, 0.67692308, 0.67692308, 0.89230769, 0.67692308,
       0.96923077, 0.67692308, 0.67692308, 0.67692308, 0.70769231,
       0.67692308, 0.67692308, 0.8, 0.67692308, 0.67692308, 0.67692308,
       0.67692308, 0.67692308, 0.67692308, 0.67692308, 0.67692308,
       0.67692308, 0.67692308, 0.67692308, 0.67692308, 0.67692308,
       0.67692308, 0.67692308, 0.67692308, 0.67692308, 0.67692308,
       0.67692308, 0.67692308]), 'tneg': array([12,  0,  0,  0, 13,  7, 10, 12,  0,  0,  0, 11,  5,  0, 13, 11, 13,
        0,  0,  1,  0,  0,  0,  7,  0,  0,  0,  0,  0,  0,  0,  0,  2,  0,
        0, 11,  0, 13,  0,  0,  0,  0,  0,  0,  2,  0,  0,  0,  0,  0,  0,
        0,  0,  0,  0,  0,  0,  0,  0,  0,  0,  0,  0,  0,  0]), 'fpos': array([ 1, 13, 13, 13,  0,  6,  3,  1, 13, 13, 13,  2,  8, 13,  0,  2,  0,
       13, 13, 12, 13, 13, 13,  6, 13, 13, 13, 13, 13, 13, 13, 13, 11, 13,
       13,  2, 13,  0, 13, 13, 13, 13, 13, 13, 11, 13, 13, 13, 13, 13, 13,
       13, 13, 13, 13, 13, 13, 13, 13, 13, 13, 13, 13, 13, 13]), 'threshold': [0.22114935728690702, 0.22101650244156723, 0.22102388176631152, 0.22102142197178862, 0.22144233182473228, 0.22107062158775959, 0.22108784330628881, 0.22113951422649819, 0.22101650244156723, 0.22101896219687389, 0.22102388176631152, 0.22110014512203907, 0.221058320948471, 0.22101650244156723, 0.22144479497199016, 0.22111490794798835, 0.22125272836156437, 0.22101650244156723, 0.22101650244156723, 0.22102880141418135, 0.22101650244156723, 0.22101650244156723, 0.22101650244156723, 0.22107554198072946, 0.22101650244156723, 0.22101650244156723, 0.22101650244156723, 0.22101650244156723, 0.22101650244156723, 0.22101650244156723, 0.22101650244156723, 0.22101650244156723, 0.22103618103304648, 0.22101650244156723, 0.22101650244156723, 0.22110014512203907, 0.22101650244156723, 0.22125272836156437, 0.22101650244156723, 0.22101650244156723, 0.22101650244156723, 0.22101896219687389, 0.22101650244156723, 0.22101650244156723, 0.22103618103304648, 0.22101650244156723, 0.22101650244156723, 0.22101650244156723, 0.22101650244156723, 0.22101650244156723, 0.22101650244156723, 0.22101650244156723, 0.22101650244156723, 0.22101650244156723, 0.22101650244156723, 0.22101650244156723, 0.22101650244156723, 0.22101650244156723, 0.22101650244156723, 0.22101650244156723, 0.22101650244156723, 0.22101650244156723, 0.22101650244156723, 0.22101650244156723, 0.22101650244156723], 'fneg': array([3, 0, 0, 0, 3, 2, 2, 3, 0, 0, 0, 2, 1, 0, 3, 2, 3, 0, 0, 0, 0, 0, 0,
       2, 0, 0, 0, 0, 0, 0, 0, 0, 0, 0, 0, 2, 0, 3, 0, 0, 0, 0, 0, 0, 0, 0,
       0, 0, 0, 0, 0, 0, 0, 0, 0, 0, 0, 0, 0, 0, 0, 0, 0, 0, 0]), 'sensitivity': array([1, 1, 1, 1, 1, 1, 1, 1, 1, 1, 1, 1, 1, 1, 1, 1, 1, 1, 1, 1, 1, 1, 1,
       1, 1, 1, 1, 1, 1, 1, 1, 1, 1, 1, 1, 1, 1, 1, 1, 1, 1, 1, 1, 1, 1, 1,
       1, 1, 1, 1, 1, 1, 1, 1, 1, 1, 1, 1, 1, 1, 1, 1, 1, 1, 1]), 'tpos': array([0, 3, 3, 3, 0, 1, 1, 0, 3, 3, 3, 1, 2, 3, 0, 1, 0, 3, 3, 3, 3, 3, 3,
       1, 3, 3, 3, 3, 3, 3, 3, 3, 3, 3, 3, 1, 3, 0, 3, 3, 3, 3, 3, 3, 3, 3,
       3, 3, 3, 3, 3, 3, 3, 3, 3, 3, 3, 3, 3, 3, 3, 3, 3, 3, 3])}, {'specificity': array([0.93846154, 0.93846154, 0.67692308, 1.0, 0.52307692, 0.73846154,
       0.90769231, 0.95384615, 0.81538462, 0.6, 0.52307692, 0.6,
       0.63076923, 0.81538462, 0.52307692, 0.98461538, 0.86153846,
       0.87692308, 0.67692308, 0.67692308, 0.61538462, 0.52307692,
       0.83076923, 0.78461538, 0.52307692, 0.52307692, 0.52307692,
       0.52307692, 0.52307692, 0.52307692, 0.52307692, 0.52307692,
       0.70769231, 0.6, 0.52307692, 0.86153846, 0.89230769, 0.96923077,
       0.52307692, 0.52307692, 0.69230769, 0.52307692, 0.52307692, 0.6,
       0.6, 0.52307692, 0.52307692, 0.52307692, 0.52307692, 0.52307692,
       0.72307692, 0.52307692, 0.52307692, 0.52307692, 0.52307692,
       0.52307692, 0.52307692, 0.52307692, 0.52307692, 0.75384615,
       0.78461538, 0.52307692, 0.52307692, 0.52307692, 0.52307692]), 'tneg': array([12, 12,  9, 13,  0, 11, 12, 12, 11,  8,  0,  8,  9, 11,  0, 13, 11,
       12,  9,  9,  8,  0, 11, 11,  0,  0,  0,  0,  0,  0,  0,  0, 11,  8,
        0, 11, 12, 13,  0,  0,  9,  0,  0,  8,  8,  0,  0,  0,  0,  0, 11,
        0,  0,  0,  0,  0,  0,  0,  0, 11, 11,  0,  0,  0,  0]), 'fpos': array([ 2,  2,  5,  1, 14,  3,  2,  2,  3,  6, 14,  6,  5,  3, 14,  1,  3,
        2,  5,  5,  6, 14,  3,  3, 14, 14, 14, 14, 14, 14, 14, 14,  3,  6,
       14,  3,  2,  1, 14, 14,  5, 14, 14,  6,  6, 14, 14, 14, 14, 14,  3,
       14, 14, 14, 14, 14, 14, 14, 14,  3,  3, 14, 14, 14, 14]), 'threshold': [0.23485281552139747, 0.23485281552139747, 0.23463418922029192, 0.23539329318629676, 0.23461188835107572, 0.23471002317029477, 0.23483942618120893, 0.23496441393062903, 0.23477694958929191, 0.23461634840732593, 0.23461188835107572, 0.23461634840732593, 0.23462972892885611, 0.23477694958929191, 0.23461188835107572, 0.23538882290266003, 0.23479479886837062, 0.23482603737009447, 0.23463418922029192, 0.23463418922029192, 0.23462080852237288, 0.23461188835107572, 0.23478587411125404, 0.23474571561428986, 0.23461188835107572, 0.23461188835107572, 0.23461188835107572, 0.23461188835107572, 0.23461188835107572, 0.23461188835107572, 0.23461188835107572, 0.23461188835107572, 0.23465203097399176, 0.23461634840732593, 0.23461188835107572, 0.23479479886837062, 0.2348305002483462, 0.23530836784524206, 0.23461188835107572, 0.23461188835107572, 0.23464757044737378, 0.23461188835107572, 0.23461188835107572, 0.23461634840732593, 0.23461634840732593, 0.23461188835107572, 0.23461188835107572, 0.23461188835107572, 0.23461188835107572, 0.23461188835107572, 0.23470556187935823, 0.23461188835107572, 0.23461188835107572, 0.23461188835107572, 0.23461188835107572, 0.23461188835107572, 0.23461188835107572, 0.23461188835107572, 0.23461188835107572, 0.23471894592854445, 0.23474571561428986, 0.23461188835107572, 0.23461188835107572, 0.23461188835107572, 0.23461188835107572], 'fneg': array([2, 2, 2, 2, 0, 2, 2, 2, 2, 1, 0, 1, 2, 2, 0, 2, 2, 2, 2, 2, 1, 0, 2,
       2, 0, 0, 0, 0, 0, 0, 0, 0, 2, 1, 0, 2, 2, 2, 0, 0, 2, 0, 0, 1, 1, 0,
       0, 0, 0, 0, 2, 0, 0, 0, 0, 0, 0, 0, 0, 2, 2, 0, 0, 0, 0]), 'sensitivity': array([1, 1, 1, 1, 1, 1, 1, 1, 1, 1, 1, 1, 1, 1, 1, 1, 1, 1, 1, 1, 1, 1, 1,
       1, 1, 1, 1, 1, 1, 1, 1, 1, 1, 1, 1, 1, 1, 1, 1, 1, 1, 1, 1, 1, 1, 1,
       1, 1, 1, 1, 1, 1, 1, 1, 1, 1, 1, 1, 1, 1, 1, 1, 1, 1, 1]), 'tpos': array([0, 0, 0, 0, 2, 0, 0, 0, 0, 1, 2, 1, 0, 0, 2, 0, 0, 0, 0, 0, 1, 2, 0,
       0, 2, 2, 2, 2, 2, 2, 2, 2, 0, 1, 2, 0, 0, 0, 2, 2, 0, 2, 2, 1, 1, 2,
       2, 2, 2, 2, 0, 2, 2, 2, 2, 2, 2, 2, 2, 0, 0, 2, 2, 2, 2])}, {'specificity': array([0.23076923, 0.86153846, 0.93846154, 1.0, 0.23076923, 0.38461538,
       0.67692308, 0.32307692, 0.70769231, 0.23076923, 0.8, 0.66153846,
       0.84615385, 0.87692308, 0.43076923, 0.23076923, 0.33846154,
       0.72307692, 0.23076923, 0.61538462, 0.78461538, 0.69230769,
       0.49230769, 0.47692308, 0.26153846, 0.46153846, 0.76923077,
       0.35384615, 0.23076923, 0.73846154, 0.64615385, 0.41538462,
       0.23076923, 0.89230769, 0.90769231, 0.92307692, 1.0, 0.23076923,
       1.0, 0.81538462, 0.58461538, 0.23076923, 0.23076923, 0.75384615,
       0.53846154, 0.4, 0.30769231, 0.83076923, 0.63076923, 0.24615385,
       0.6, 0.23076923, 0.55384615, 0.52307692, 0.27692308, 0.29230769,
       0.56923077, 0.50769231, 0.23076923, 0.44615385, 1.0, 0.23076923,
       0.36923077, 0.23076923, 0.23076923]), 'tneg': array([0, 9, 9, 9, 0, 2, 6, 0, 7, 0, 8, 6, 9, 9, 2, 0, 0, 7, 0, 6, 8, 6, 4,
       3, 0, 3, 7, 0, 0, 7, 6, 2, 0, 9, 9, 9, 9, 0, 9, 8, 6, 0, 0, 7, 5, 2,
       0, 9, 6, 0, 6, 0, 6, 5, 0, 0, 6, 5, 0, 3, 9, 0, 0, 0, 0]), 'fpos': array([9, 0, 0, 0, 9, 7, 3, 9, 2, 9, 1, 3, 0, 0, 7, 9, 9, 2, 9, 3, 1, 3, 5,
       6, 9, 6, 2, 9, 9, 2, 3, 7, 9, 0, 0, 0, 0, 9, 0, 1, 3, 9, 9, 2, 4, 7,
       9, 0, 3, 9, 3, 9, 3, 4, 9, 9, 3, 4, 9, 6, 0, 9, 9, 9, 9]), 'threshold': [0.15983725725749234, 0.16046001117182362, 0.16049614671917475, 0.16049633883124759, 0.15983725725749234, 0.15984131837893797, 0.16002944204323674, 0.15983762441312471, 0.16007703407430682, 0.15983725725749234, 0.16029644423592765, 0.16001428042210483, 0.16039670253471039, 0.16047068856378391, 0.15985533291630896, 0.15983725725749234, 0.15983778627765266, 0.16008026345684587, 0.15983725725749234, 0.15996288011120186, 0.16029526502835989, 0.16003347747884947, 0.15987432960497214, 0.15985565404235672, 0.15983744741507333, 0.15985550203385507, 0.16014145117911924, 0.15983795077426016, 0.15983725725749234, 0.16011686483436355, 0.16000412810091849, 0.15985531712323814, 0.15983725725749234, 0.16048607793025391, 0.16049565224600088, 0.16049602260563212, 0.16049633883124759, 0.15983725725749234, 0.16049633883124759, 0.1603402665339668, 0.159936577342667, 0.15983725725749234, 0.15983725725749234, 0.16013474137579073, 0.1599111870904518, 0.15984844133503717, 0.1598375994096729, 0.16037792415766716, 0.15999896323520033, 0.15983743293940325, 0.15996235141424434, 0.15983725725749234, 0.15992473657808434, 0.15990614247398569, 0.15983745004701344, 0.15983757045831154, 0.15993526071621422, 0.15989079287843827, 0.15983725725749234, 0.15985540635081474, 0.16049633883124759, 0.15983725725749234, 0.15983801282110013, 0.15983725725749234, 0.15983725725749234], 'fneg': array([0, 7, 7, 7, 0, 2, 3, 2, 3, 0, 6, 3, 7, 7, 2, 0, 2, 4, 0, 3, 6, 3, 2,
       2, 2, 2, 4, 2, 0, 4, 3, 2, 0, 7, 7, 7, 7, 0, 7, 6, 3, 0, 0, 4, 2, 2,
       2, 6, 3, 2, 3, 0, 3, 2, 2, 2, 3, 2, 0, 2, 7, 0, 2, 0, 0]), 'sensitivity': array([1, 1, 1, 1, 1, 1, 1, 1, 1, 1, 1, 1, 1, 1, 1, 1, 1, 1, 1, 1, 1, 1, 1,
       1, 1, 1, 1, 1, 1, 1, 1, 1, 1, 1, 1, 1, 1, 1, 1, 1, 1, 1, 1, 1, 1, 1,
       1, 1, 1, 1, 1, 1, 1, 1, 1, 1, 1, 1, 1, 1, 1, 1, 1, 1, 1]), 'tpos': array([7, 0, 0, 0, 7, 5, 4, 5, 4, 7, 1, 4, 0, 0, 5, 7, 5, 3, 7, 4, 1, 4, 5,
       5, 5, 5, 3, 5, 7, 3, 4, 5, 7, 0, 0, 0, 0, 7, 0, 1, 4, 7, 7, 3, 5, 5,
       5, 1, 4, 5, 4, 7, 4, 5, 5, 5, 4, 5, 7, 5, 0, 7, 5, 7, 7])}, {'specificity': array([0.92307692, 0.75384615, 0.70769231, 0.98461538, 0.64615385,
       0.84615385, 0.87692308, 0.69230769, 0.64615385, 0.69230769,
       0.75384615, 0.83076923, 0.64615385, 1.0, 0.81538462, 0.95384615,
       0.64615385, 0.64615385, 0.64615385, 0.64615385, 0.86153846,
       0.75384615, 0.64615385, 0.64615385, 0.64615385, 0.64615385,
       0.64615385, 0.64615385, 0.64615385, 0.81538462, 0.64615385,
       0.64615385, 0.90769231, 0.64615385, 0.96923077, 0.95384615,
       0.64615385, 0.81538462, 0.64615385, 0.64615385, 0.64615385,
       0.64615385, 0.69230769, 0.64615385, 0.64615385, 0.64615385,
       0.81538462, 0.64615385, 0.64615385, 0.64615385, 0.64615385,
       0.64615385, 0.64615385, 0.64615385, 0.64615385, 0.64615385,
       0.64615385, 0.64615385, 0.64615385, 0.64615385, 0.89230769,
       0.64615385, 0.64615385, 0.64615385, 0.64615385]), 'tneg': array([12,  0,  0, 12,  0,  8,  9,  0,  0,  0,  0,  5,  0, 12,  1, 12,  0,
        0,  0,  0,  8,  0,  0,  0,  0,  0,  0,  0,  0,  1,  0,  0, 10,  0,
       12, 12,  0,  1,  0,  0,  0,  0,  0,  0,  0,  0,  1,  0,  0,  0,  0,
        0,  0,  0,  0,  0,  0,  0,  0,  0,  9,  0,  0,  0,  0]), 'fpos': array([ 0, 12, 12,  0, 12,  4,  3, 12, 12, 12, 12,  7, 12,  0, 11,  0, 12,
       12, 12, 12,  4, 12, 12, 12, 12, 12, 12, 12, 12, 11, 12, 12,  2, 12,
        0,  0, 12, 11, 12, 12, 12, 12, 12, 12, 12, 12, 11, 12, 12, 12, 12,
       12, 12, 12, 12, 12, 12, 12, 12, 12,  3, 12, 12, 12, 12]), 'threshold': [0.19805468015409583, 0.19787147233775967, 0.19786788130414978, 0.19848266172186924, 0.1978606993842153, 0.19793971130454519, 0.19796485644430578, 0.19786429031963501, 0.1978606993842153, 0.19786429031963501, 0.19787147233775967, 0.1979217519633395, 0.1978606993842153, 0.198486261152022, 0.19788942824223979, 0.19820565307049259, 0.1978606993842153, 0.1978606993842153, 0.1978606993842153, 0.1978606993842153, 0.19794689538470522, 0.19787147233775967, 0.1978606993842153, 0.1978606993842153, 0.1978606993842153, 0.1978606993842153, 0.1978606993842153, 0.1978606993842153, 0.1978606993842153, 0.19788942824223979, 0.1978606993842153, 0.1978606993842153, 0.19798281873134432, 0.1978606993842153, 0.19842147892300599, 0.19820565307049259, 0.1978606993842153, 0.19788942824223979, 0.1978606993842153, 0.1978606993842153, 0.1978606993842153, 0.1978606993842153, 0.19786429031963501, 0.1978606993842153, 0.1978606993842153, 0.1978606993842153, 0.19788942824223979, 0.1978606993842153, 0.1978606993842153, 0.1978606993842153, 0.1978606993842153, 0.1978606993842153, 0.1978606993842153, 0.1978606993842153, 0.1978606993842153, 0.1978606993842153, 0.1978606993842153, 0.1978606993842153, 0.1978606993842153, 0.1978606993842153, 0.1979684488035181, 0.1978606993842153, 0.1978606993842153, 0.1978606993842153, 0.1978606993842153], 'fneg': array([3, 0, 0, 4, 0, 1, 3, 0, 0, 0, 0, 0, 0, 4, 0, 4, 0, 0, 0, 0, 2, 0, 0,
       0, 0, 0, 0, 0, 0, 0, 0, 0, 3, 0, 4, 4, 0, 0, 0, 0, 0, 0, 0, 0, 0, 0,
       0, 0, 0, 0, 0, 0, 0, 0, 0, 0, 0, 0, 0, 0, 3, 0, 0, 0, 0]), 'sensitivity': array([1, 1, 1, 1, 1, 1, 1, 1, 1, 1, 1, 1, 1, 1, 1, 1, 1, 1, 1, 1, 1, 1, 1,
       1, 1, 1, 1, 1, 1, 1, 1, 1, 1, 1, 1, 1, 1, 1, 1, 1, 1, 1, 1, 1, 1, 1,
       1, 1, 1, 1, 1, 1, 1, 1, 1, 1, 1, 1, 1, 1, 1, 1, 1, 1, 1]), 'tpos': array([1, 4, 4, 0, 4, 3, 1, 4, 4, 4, 4, 4, 4, 0, 4, 0, 4, 4, 4, 4, 2, 4, 4,
       4, 4, 4, 4, 4, 4, 4, 4, 4, 1, 4, 0, 0, 4, 4, 4, 4, 4, 4, 4, 4, 4, 4,
       4, 4, 4, 4, 4, 4, 4, 4, 4, 4, 4, 4, 4, 4, 1, 4, 4, 4, 4])}], <Model object at 0x0000000000001D38>)
