#gbm
([{'specificity': array([1.0, 0.41666667, 0.16666667, 0.041666667, 0.8125, 0.77083333,
       0.95833333, 0.97916667, 0.625, 0.39583333, 0.083333333, 0.79166667,
       0.75, 0.83333333, 0.64583333, 0.60416667, 0.54166667, 0.20833333,
       0.6875, 0.66666667, 0.5625, 0.5, 0.35416667, 0.9375, 0.72916667,
       0.875, 0.70833333, 0.58333333, 0.29166667, 0.020833333, 0.25,
       0.0625, 0.89583333, 0.10416667, 0.4375, 0.375, 0.85416667,
       0.22916667, 0.47916667, 0.27083333, 0.52083333, 0.125, 0.1875,
       0.14583333, 0.45833333, 0.91666667, 0.3125, 0.33333333]), 'tneg': array([9, 1, 1, 0, 6, 5, 9, 9, 5, 1, 0, 5, 5, 6, 5, 5, 2, 1, 5, 5, 2, 2, 1,
       7, 5, 7, 5, 5, 1, 0, 1, 0, 7, 0, 1, 1, 6, 1, 2, 1, 2, 0, 1, 1, 1, 7,
       1, 1]), 'fpos': array([ 1,  9,  9, 10,  4,  5,  1,  1,  5,  9, 10,  5,  5,  4,  5,  5,  8,
        9,  5,  5,  8,  8,  9,  3,  5,  3,  5,  5,  9, 10,  9, 10,  3, 10,
        9,  9,  4,  9,  8,  9,  8, 10,  9,  9,  9,  3,  9,  9]), 'threshold': [-0.73778610148846457, -1.6456063705615884, -1.744904136735737, -1.8717360881928835, -1.1139911682357993, -1.2425970144566594, -0.80938536464987565, -0.75467979854423262, -1.4864223722476497, -1.6640850342920577, -1.7940130968071959, -1.2396243895797503, -1.3657449088240048, -1.108379464125546, -1.4860033207638799, -1.4940793802816523, -1.5599870099082467, -1.7408367519881434, -1.436745256544381, -1.4551993456364372, -1.5550584263122202, -1.564462894537531, -1.6717972458504733, -0.97243857926365151, -1.387392380167767, -1.0515711126025127, -1.403919343316868, -1.5132413315910873, -1.6965576969969327, -1.9071752061473861, -1.7104041869162678, -1.8201706123629511, -1.0436650578003035, -1.782804863364323, -1.6435447142778918, -1.6642491038017524, -1.0982537639237742, -1.7334130022475744, -1.5760963760916427, -1.7098419347251501, -1.5623773331362394, -1.763178460018914, -1.7443662090943155, -1.7527115392701786, -1.6284069337769846, -0.97446139561522049, -1.6903638496449245, -1.6798999251934146], 'fneg': array([5, 1, 1, 0, 3, 3, 5, 5, 3, 1, 0, 3, 3, 3, 3, 3, 2, 1, 3, 3, 2, 2, 1,
       4, 3, 3, 3, 3, 1, 0, 1, 0, 3, 0, 1, 1, 3, 1, 2, 1, 2, 0, 1, 1, 1, 4,
       1, 1]), 'sensitivity': array([1.0, 1.0, 1.0, 1.0, 1.0, 1.0, 1.0, 1.0, 1.0, 1.0, 1.0, 1.0, 1.0,
       1.0, 1.0, 1.0, 1.0, 1.0, 1.0, 1.0, 1.0, 1.0, 1.0, 1.0, 1.0, 1.0,
       1.0, 1.0, 1.0, 1.0, 1.0, 1.0, 1.0, 1.0, 1.0, 1.0, 1.0, 1.0, 1.0,
       1.0, 1.0, 1.0, 1.0, 1.0, 1.0, 1.0, 1.0, 1.0]), 'tpos': array([2, 6, 6, 7, 4, 4, 2, 2, 4, 6, 7, 4, 4, 4, 4, 4, 5, 6, 4, 4, 5, 5, 6,
       3, 4, 4, 4, 4, 6, 7, 6, 7, 4, 7, 6, 6, 4, 6, 5, 6, 5, 7, 6, 6, 6, 3,
       6, 6])}, {'specificity': array([1.0, 0.53333333, 0.2, 0.66666667, 0.4, 0.42222222, 0.64444444,
       0.44444444, 0.86666667, 0.97777778, 0.84444444, 0.71111111,
       0.33333333, 0.51111111, 0.75555556, 0.88888889, 0.8, 0.31111111,
       0.6, 0.46666667, 0.22222222, 0.77777778, 0.93333333, 0.48888889,
       0.91111111, 0.022222222, 0.15555556, 0.088888889, 0.13333333,
       0.35555556, 0.11111111, 0.57777778, 0.55555556, 0.17777778,
       0.73333333, 0.82222222, 0.26666667, 0.28888889, 0.24444444,
       0.066666667, 0.62222222, 0.37777778, 0.95555556, 0.68888889,
       0.044444444]), 'tneg': array([12,  3,  1,  6,  3,  3,  6,  3,  8, 12,  8,  6,  3,  3,  7,  8,  7,
        2,  4,  3,  1,  7,  9,  3,  8,  0,  1,  0,  0,  3,  0,  4,  4,  1,
        6,  7,  2,  2,  2,  0,  5,  3,  9,  6,  0]), 'fpos': array([ 1, 10, 12,  7, 10, 10,  7, 10,  5,  1,  5,  7, 10, 10,  6,  5,  6,
       11,  9, 10, 12,  6,  4, 10,  5, 13, 12, 13, 13, 10, 13,  9,  9, 12,
        7,  6, 11, 11, 11, 13,  8, 10,  4,  7, 13]), 'threshold': [-0.18746086862391678, -0.60815347712354173, -0.70294445529825056, -0.55669187361597527, -0.62558391223986554, -0.62018886509157, -0.5670246634008792, -0.61271243252992058, -0.46704637542331578, -0.24479782843068135, -0.47329588218210883, -0.55260185155490527, -0.6430420363656616, -0.60869103001771785, -0.53678424071731989, -0.4614952370322114, -0.517251518032687, -0.66981806011233713, -0.58886417311441719, -0.61175855231210163, -0.69468371002588758, -0.53549164838273433, -0.39900303360804434, -0.61101207498369869, -0.4194923839255556, -0.7521529766443612, -0.72231344360623007, -0.73622271749109225, -0.726888335543649, -0.633952980684269, -0.73604464775004319, -0.59073765923099619, -0.59419499363311423, -0.70855197370277245, -0.55190012577612158, -0.507580905193614, -0.674614556188985, -0.67201451165654458, -0.67724046715848651, -0.73725490130303084, -0.57206468599457616, -0.63029080559835648, -0.38121708247952851, -0.55278442902691527, -0.73781888105368432], 'fneg': array([1, 0, 0, 0, 0, 0, 0, 0, 0, 1, 0, 0, 0, 0, 0, 0, 0, 0, 0, 0, 0, 0, 0,
       0, 0, 0, 0, 0, 0, 0, 0, 0, 0, 0, 0, 0, 0, 0, 0, 0, 0, 0, 0, 0, 0]), 'sensitivity': array([0.77777778, 1.0, 1.0, 1.0, 1.0, 1.0, 1.0, 1.0, 1.0, 0.83333333, 1.0,
       1.0, 1.0, 1.0, 1.0, 1.0, 1.0, 1.0, 1.0, 1.0, 1.0, 1.0, 1.0, 1.0,
       1.0, 1.0, 1.0, 1.0, 1.0, 1.0, 1.0, 1.0, 1.0, 1.0, 1.0, 1.0, 1.0,
       1.0, 1.0, 1.0, 1.0, 1.0, 1.0, 1.0, 1.0]), 'tpos': array([2, 3, 3, 3, 3, 3, 3, 3, 3, 2, 3, 3, 3, 3, 3, 3, 3, 3, 3, 3, 3, 3, 3,
       3, 3, 3, 3, 3, 3, 3, 3, 3, 3, 3, 3, 3, 3, 3, 3, 3, 3, 3, 3, 3, 3])}, {'specificity': array([0.95744681, 0.46808511, 0.36170213, 0.59574468, 0.63829787,
       0.72340426, 0.85106383, 1.0, 0.9787234, 0.4893617, 0.78723404,
       0.5106383, 0.31914894, 0.55319149, 0.80851064, 0.14893617,
       0.93617021, 0.74468085, 0.40425532, 0.042553191, 0.68085106,
       0.91489362, 0.38297872, 0.61702128, 0.021276596, 0.085106383,
       0.82978723, 0.25531915, 0.063829787, 0.44680851, 0.34042553,
       0.57446809, 0.17021277, 0.21276596, 0.76595745, 0.70212766,
       0.19148936, 0.53191489, 0.10638298, 0.29787234, 0.23404255,
       0.87234043, 0.65957447, 0.89361702, 0.42553191, 0.27659574,
       0.12765957]), 'tneg': array([11,  4,  4,  7,  7,  9, 10, 11, 11,  4,  9,  4,  4,  5,  9,  2, 11,
        9,  4,  2,  9, 11,  4,  7,  2,  2, 10,  4,  2,  4,  4,  7,  4,  4,
        9,  9,  4,  4,  2,  4,  4, 10,  9, 11,  4,  4,  2]), 'fpos': array([0, 7, 7, 4, 4, 2, 1, 0, 0, 7, 2, 7, 7, 6, 2, 9, 0, 2, 7, 9, 2, 0, 7,
       4, 9, 9, 1, 7, 9, 7, 7, 4, 7, 7, 2, 2, 7, 7, 9, 7, 7, 1, 2, 0, 7, 7,
       9]), 'threshold': [-0.49321900462747509, -1.0482916871469366, -1.0753123235459781, -0.97298218117629609, -0.97184182697933064, -0.91322849201033962, -0.77877129147412383, -0.41843331399631473, -0.47277422599612906, -1.0412845610426322, -0.8820544134440147, -1.0394328123033629, -1.0776734087816733, -1.0243542536719279, -0.8744421069515449, -1.1355040048139922, -0.53721279392342192, -0.90753114628678744, -1.062884383726491, -1.1645278267170036, -0.930767957875344, -0.59694829924091841, -1.0746978335052011, -0.97253785743103882, -1.1654349179030374, -1.152886088564038, -0.79331644522991773, -1.1081970981814013, -1.157937645238472, -1.0547713034588777, -1.0753296339609291, -0.99570833528247638, -1.1206738528967903, -1.1100507950468475, -0.8877620651553334, -0.92073086468925269, -1.1139609006521425, -1.03304943471622, -1.1500749505976184, -1.0919881132810108, -1.1085933569708371, -0.775247362632012, -0.96138741795374261, -0.70243870318148294, -1.0608104610995526, -1.0982252529195709, -1.1366931749643889], 'fneg': array([2, 0, 0, 1, 1, 2, 2, 2, 2, 0, 2, 0, 0, 1, 2, 0, 2, 2, 0, 0, 2, 2, 0,
       1, 0, 0, 2, 0, 0, 0, 0, 1, 0, 0, 2, 2, 0, 1, 0, 0, 0, 2, 1, 2, 0, 0,
       0]), 'sensitivity': array([0.94117647, 1.0, 1.0, 1.0, 1.0, 1.0, 1.0, 0.82352941, 0.88235294,
       1.0, 1.0, 1.0, 1.0, 1.0, 1.0, 1.0, 0.94117647, 1.0, 1.0, 1.0, 1.0,
       1.0, 1.0, 1.0, 1.0, 1.0, 1.0, 1.0, 1.0, 1.0, 1.0, 1.0, 1.0, 1.0,
       1.0, 1.0, 1.0, 1.0, 1.0, 1.0, 1.0, 1.0, 1.0, 1.0, 1.0, 1.0, 1.0]), 'tpos': array([2, 4, 4, 3, 3, 2, 2, 2, 2, 4, 2, 4, 4, 3, 2, 4, 2, 2, 4, 4, 2, 2, 4,
       3, 4, 4, 2, 4, 4, 4, 4, 3, 4, 4, 2, 2, 4, 3, 4, 4, 4, 2, 3, 2, 4, 4,
       4])}, {'specificity': array([0.19565217, 0.76086957, 0.2173913, 0.69565217, 0.5, 0.67391304,
       0.84782609, 0.97826087, 0.95652174, 0.58695652, 0.2826087,
       0.91304348, 0.63043478, 0.54347826, 1.0, 0.7826087, 0.13043478,
       0.60869565, 0.86956522, 0.10869565, 0.36956522, 0.45652174,
       0.82608696, 0.65217391, 0.73913043, 0.043478261, 0.065217391,
       0.086956522, 0.89130435, 0.32608696, 0.30434783, 0.15217391,
       0.7173913, 0.41304348, 0.23913043, 0.43478261, 0.34782609,
       0.47826087, 0.26086957, 0.39130435, 0.17391304, 0.80434783,
       0.52173913, 0.93478261, 0.02173913, 0.56521739]), 'tneg': array([ 2,  6,  2,  6,  5,  6,  8, 10, 10,  6,  2, 10,  6,  6, 10,  6,  2,
        6,  8,  1,  2,  5,  8,  6,  6,  0,  0,  0,  8,  2,  2,  2,  6,  2,
        2,  4,  2,  5,  2,  2,  2,  7,  6, 10,  0,  6]), 'fpos': array([10,  6, 10,  6,  7,  6,  4,  2,  2,  6, 10,  2,  6,  6,  2,  6, 10,
        6,  4, 11, 10,  7,  4,  6,  6, 12, 12, 12,  4, 10, 10, 10,  6, 10,
       10,  8, 10,  7, 10, 10, 10,  5,  6,  2, 12,  6]), 'threshold': [-1.679500544667665, -1.0926930156520709, -1.6658382147174502, -1.2451666517353541, -1.4470276924047807, -1.268663062967835, -0.95345638508336394, -0.5666237710450589, -0.63131599999333077, -1.3705080402576046, -1.6218829593448323, -0.78220561344323836, -1.311822871960727, -1.4008066834990991, -0.4649708247752658, -1.0812102757655506, -1.6917437073072987, -1.3693459823079988, -0.94128966312282925, -1.6994560819324067, -1.5574780540030184, -1.4693902070140479, -0.97393874896189114, -1.2892231024960044, -1.1604609693216019, -1.7788968924807516, -1.7415403319202285, -1.7381926856755172, -0.91258062247730976, -1.5965860142734083, -1.6101970149854217, -1.6821148295831225, -1.2408954251294395, -1.5239622227474712, -1.6383055058544913, -1.4874731147627673, -1.5873603084109407, -1.4542329614477954, -1.6341055709171608, -1.5378921942330324, -1.680293479812881, -1.0433361033918329, -1.4203519590820726, -0.75879516944382286, -1.7938196871413676, -1.372699231906745], 'fneg': array([0, 2, 0, 2, 2, 2, 2, 2, 2, 2, 0, 2, 2, 2, 2, 2, 0, 2, 2, 0, 0, 2, 2,
       2, 2, 0, 0, 0, 2, 0, 0, 0, 2, 1, 0, 1, 0, 2, 0, 1, 0, 2, 2, 2, 0, 2]), 'sensitivity': array([1.0, 1.0, 1.0, 1.0, 1.0, 1.0, 1.0, 1.0, 1.0, 1.0, 1.0, 1.0, 1.0,
       1.0, 1.0, 1.0, 1.0, 1.0, 1.0, 1.0, 1.0, 1.0, 1.0, 1.0, 1.0, 1.0,
       1.0, 1.0, 1.0, 1.0, 1.0, 1.0, 1.0, 1.0, 1.0, 1.0, 1.0, 1.0, 1.0,
       1.0, 1.0, 1.0, 1.0, 1.0, 1.0, 1.0]), 'tpos': array([4, 2, 4, 2, 2, 2, 2, 2, 2, 2, 4, 2, 2, 2, 2, 2, 4, 2, 2, 4, 4, 2, 2,
       2, 2, 4, 4, 4, 2, 4, 4, 4, 2, 3, 4, 3, 4, 2, 4, 3, 4, 2, 2, 2, 4, 2])}, {'specificity': array([1.0, 0.60869565, 0.43478261, 0.84782609, 0.73913043, 0.5,
       0.91304348, 0.54347826, 0.76086957, 0.93478261, 0.36956522,
       0.95652174, 0.80434783, 0.23913043, 0.45652174, 0.82608696,
       0.67391304, 0.34782609, 0.19565217, 0.7173913, 0.39130435,
       0.97826087, 0.86956522, 0.02173913, 0.086956522, 0.065217391,
       0.89130435, 0.043478261, 0.69565217, 0.52173913, 0.63043478,
       0.58695652, 0.2826087, 0.7826087, 0.65217391, 0.32608696,
       0.41304348, 0.2173913, 0.17391304, 0.26086957, 0.30434783,
       0.10869565, 0.56521739, 0.15217391, 0.47826087, 0.13043478]), 'tneg': array([10,  1,  1,  2,  1,  1,  5,  1,  1,  5,  0,  5,  2,  0,  1,  2,  1,
        0,  0,  1,  0,  5,  3,  0,  0,  0,  3,  0,  1,  1,  1,  1,  0,  2,
        1,  0,  0,  0,  0,  0,  0,  0,  1,  0,  1,  0]), 'fpos': array([ 2, 11, 11, 10, 11, 11,  7, 11, 11,  7, 12,  7, 10, 12, 11, 10, 11,
       12, 12, 11, 12,  7,  9, 12, 12, 12,  9, 12, 11, 11, 11, 11, 12, 10,
       11, 12, 12, 12, 12, 12, 12, 12, 11, 12, 11, 12]), 'threshold': [0.09769377974176334, -1.0490008049698987, -1.1250448955093726, -0.88182460722519129, -1.0001505637179828, -1.0760319122793067, -0.75509993200175807, -1.0667316809952736, -0.98465935457813936, -0.683021739792962, -1.1644752872117856, -0.58495431840174583, -0.91393352519095139, -1.2230988982060342, -1.1135159348965993, -0.88382371338136334, -1.0282553353060302, -1.1767516187513327, -1.2281156560361124, -1.0060664814060343, -1.1340879657277938, -0.52202944091469661, -0.87094097295159134, -1.3151940421056338, -1.2779692717393738, -1.28929517467343, -0.86987546916544334, -1.2960912271668121, -1.0115000202979252, -1.0742341321470892, -1.0370167575461804, -1.0526970298030667, -1.2083741925416669, -0.96418520833800958, -1.028985353053496, -1.1822307705753317, -1.1315736714966036, -1.2236187326324743, -1.2323929475892326, -1.2116055001972499, -1.1841206410459224, -1.2776828207794537, -1.0577063927726433, -1.2456183046355067, -1.1032346746024284, -1.2674337441277876], 'fneg': array([2, 0, 0, 0, 0, 0, 0, 0, 0, 1, 0, 2, 0, 0, 0, 0, 0, 0, 0, 0, 0, 2, 0,
       0, 0, 0, 0, 0, 0, 0, 0, 0, 0, 0, 0, 0, 0, 0, 0, 0, 0, 0, 0, 0, 0, 0]), 'sensitivity': array([0.55555556, 1.0, 1.0, 1.0, 1.0, 1.0, 1.0, 1.0, 1.0, 1.0, 1.0, 1.0,
       1.0, 1.0, 1.0, 1.0, 1.0, 1.0, 1.0, 1.0, 1.0, 0.94444444, 1.0, 1.0,
       1.0, 1.0, 1.0, 1.0, 1.0, 1.0, 1.0, 1.0, 1.0, 1.0, 1.0, 1.0, 1.0,
       1.0, 1.0, 1.0, 1.0, 1.0, 1.0, 1.0, 1.0, 1.0]), 'tpos': array([1, 3, 3, 3, 3, 3, 3, 3, 3, 2, 3, 1, 3, 3, 3, 3, 3, 3, 3, 3, 3, 1, 3,
       3, 3, 3, 3, 3, 3, 3, 3, 3, 3, 3, 3, 3, 3, 3, 3, 3, 3, 3, 3, 3, 3, 3])}], <Model object at 0x00000000000003DC>)
#gbm
([{'specificity': array([1.0, 0.57777778, 0.84444444, 0.53333333, 0.33333333, 0.82222222,
       0.71111111, 0.91111111, 0.46666667, 0.37777778, 0.88888889,
       0.75555556, 0.022222222, 0.55555556, 0.28888889, 0.6, 0.22222222,
       0.4, 0.66666667, 0.95555556, 0.73333333, 0.13333333, 0.044444444,
       0.11111111, 0.51111111, 0.68888889, 0.86666667, 0.2, 0.64444444,
       0.97777778, 0.15555556, 0.62222222, 0.8, 0.26666667, 0.24444444,
       0.35555556, 0.17777778, 0.48888889, 0.31111111, 0.066666667,
       0.77777778, 0.44444444, 0.93333333, 0.088888889, 0.42222222]), 'tneg': array([10,  3,  8,  3,  0,  8,  5,  8,  2,  0,  8,  6,  0,  3,  0,  3,  0,
        0,  3, 10,  5,  0,  0,  0,  2,  3,  8,  0,  3, 10,  0,  3,  7,  0,
        0,  0,  0,  2,  0,  0,  6,  1,  9,  0,  0]), 'fpos': array([ 3, 10,  5, 10, 13,  5,  8,  5, 11, 13,  5,  7, 13, 10, 13, 10, 13,
       13, 10,  3,  8, 13, 13, 13, 11, 10,  5, 13, 10,  3, 13, 10,  6, 13,
       13, 13, 13, 11, 13, 13,  7, 12,  4, 13, 13]), 'threshold': [-0.23697926355835233, -0.65944869193483246, -0.52816039404503978, -0.67159455131110479, -0.72669639461534807, -0.54535573349184152, -0.583486867998314, -0.49951432954235991, -0.68160550170892442, -0.7207834785822318, -0.51252598679253547, -0.56480469271838785, -0.83293188513153971, -0.67014059666873549, -0.73678566959589831, -0.64159406777979144, -0.75838648684790411, -0.71715961510100212, -0.61816402795984393, -0.43639125452413663, -0.57844583524405346, -0.78080831468995526, -0.83099427618237931, -0.78128778816782418, -0.67649689335823171, -0.61054752342942209, -0.51454839488917059, -0.7687737942164945, -0.63481536510710734, -0.42672711572593608, -0.77924418873154844, -0.64025004297965349, -0.54827786572665183, -0.75268809823188987, -0.7573829024999662, -0.72368223473962645, -0.76934298752993779, -0.67675158755392339, -0.73315850087893275, -0.7991192256012587, -0.55804821013578865, -0.69043260544332041, -0.48443623829971422, -0.78878955630145742, -0.70743216533677022], 'fneg': array([2, 0, 0, 0, 0, 0, 0, 0, 0, 0, 0, 0, 0, 0, 0, 0, 0, 0, 0, 1, 0, 0, 0,
       0, 0, 0, 0, 0, 0, 1, 0, 0, 0, 0, 0, 0, 0, 0, 0, 0, 0, 0, 0, 0, 0]), 'sensitivity': array([0.83333333, 1.0, 1.0, 1.0, 1.0, 1.0, 1.0, 1.0, 1.0, 1.0, 1.0, 1.0,
       1.0, 1.0, 1.0, 1.0, 1.0, 1.0, 1.0, 1.0, 1.0, 1.0, 1.0, 1.0, 1.0,
       1.0, 1.0, 1.0, 1.0, 1.0, 1.0, 1.0, 1.0, 1.0, 1.0, 1.0, 1.0, 1.0,
       1.0, 1.0, 1.0, 1.0, 1.0, 1.0, 1.0]), 'tpos': array([2, 4, 4, 4, 4, 4, 4, 4, 4, 4, 4, 4, 4, 4, 4, 4, 4, 4, 4, 3, 4, 4, 4,
       4, 4, 4, 4, 4, 4, 3, 4, 4, 4, 4, 4, 4, 4, 4, 4, 4, 4, 4, 4, 4, 4])}, {'specificity': array([0.95555556, 0.37777778, 0.51111111, 0.73333333, 0.022222222,
       0.55555556, 0.53333333, 0.86666667, 0.97777778, 0.84444444,
       0.77777778, 0.24444444, 0.42222222, 0.2, 0.62222222, 0.66666667,
       0.22222222, 0.31111111, 0.82222222, 0.13333333, 0.64444444, 0.4,
       0.26666667, 0.8, 1.0, 0.35555556, 0.91111111, 0.15555556, 0.6,
       0.68888889, 0.33333333, 0.066666667, 0.088888889, 0.75555556,
       0.88888889, 0.71111111, 0.28888889, 0.48888889, 0.44444444,
       0.044444444, 0.57777778, 0.17777778, 0.93333333, 0.11111111,
       0.46666667]), 'tneg': array([12,  4,  4,  5,  3,  5,  4,  8, 12,  6,  6,  3,  4,  3,  5,  5,  3,
        4,  6,  3,  5,  4,  4,  6, 12,  4,  9,  3,  5,  5,  4,  3,  3,  6,
        8,  5,  4,  4,  4,  3,  5,  3, 12,  3,  4]), 'fpos': array([ 1,  9,  9,  8, 10,  8,  9,  5,  1,  7,  7, 10,  9, 10,  8,  8, 10,
        9,  7, 10,  8,  9,  9,  7,  1,  9,  4, 10,  8,  8,  9, 10, 10,  7,
        5,  8,  9,  9,  9, 10,  8, 10,  1, 10,  9]), 'threshold': [-0.42204578820031524, -1.1572945508685919, -1.0904446368844691, -0.98324872488268722, -1.2831299817850776, -1.0817188391101336, -1.084798622797984, -0.73456563707681721, -0.34203854562262864, -0.852296511894926, -0.92409157634511663, -1.1946582142143765, -1.1364526951384522, -1.1957719169196961, -1.0512954855167163, -1.0172535576730053, -1.1954876810824948, -1.1668407073021447, -0.91496596570256772, -1.2112964008786751, -1.0181373096955739, -1.1502448251540391, -1.1872909447027005, -0.9199440372669806, -0.089596383231227553, -1.1631219499363494, -0.6965722722881722, -1.210948469918522, -1.0586341380782627, -1.0061323700822746, -1.16492621010147, -1.2559391998141103, -1.2547825880062955, -0.93377759294317031, -0.71283248369355268, -0.98518184354574168, -1.1839877337397315, -1.0987761183200264, -1.1271598137854983, -1.2644672986905721, -1.07771980159572, -1.2029760870435968, -0.49328081063659729, -1.2424810787035845, -1.1130787900712651], 'fneg': array([2, 0, 1, 2, 0, 1, 1, 2, 2, 2, 2, 0, 0, 0, 2, 2, 0, 0, 2, 0, 2, 0, 0,
       2, 2, 0, 2, 0, 1, 2, 0, 0, 0, 2, 2, 2, 0, 1, 0, 0, 1, 0, 2, 0, 0]), 'sensitivity': array([0.94736842, 1.0, 1.0, 1.0, 1.0, 1.0, 1.0, 1.0, 0.94736842, 1.0, 1.0,
       1.0, 1.0, 1.0, 1.0, 1.0, 1.0, 1.0, 1.0, 1.0, 1.0, 1.0, 1.0, 1.0,
       0.78947368, 1.0, 1.0, 1.0, 1.0, 1.0, 1.0, 1.0, 1.0, 1.0, 1.0, 1.0,
       1.0, 1.0, 1.0, 1.0, 1.0, 1.0, 0.94736842, 1.0, 1.0]), 'tpos': array([1, 3, 2, 1, 3, 2, 2, 1, 1, 1, 1, 3, 3, 3, 1, 1, 3, 3, 1, 3, 1, 3, 3,
       1, 1, 3, 1, 3, 2, 1, 3, 3, 3, 1, 1, 1, 3, 2, 3, 3, 2, 3, 1, 3, 3])}, {'specificity': array([0.36956522, 0.32608696, 0.84782609, 0.13043478, 0.82608696,
       0.80434783, 0.93478261, 1.0, 0.63043478, 0.58695652, 0.45652174,
       0.67391304, 0.86956522, 0.41304348, 0.065217391, 0.69565217,
       0.54347826, 0.34782609, 0.47826087, 0.2826087, 0.10869565,
       0.39130435, 0.60869565, 0.95652174, 0.97826087, 0.17391304,
       0.15217391, 0.02173913, 0.89130435, 0.043478261, 0.7173913,
       0.91304348, 0.65217391, 0.19565217, 0.7826087, 0.2173913,
       0.76086957, 0.23913043, 0.43478261, 0.26086957, 0.5, 0.56521739,
       0.086956522, 0.52173913, 0.30434783, 0.73913043]), 'tneg': array([1, 1, 3, 1, 3, 2, 6, 9, 2, 2, 1, 2, 4, 1, 0, 2, 1, 1, 1, 1, 1, 1, 2,
       7, 9, 1, 1, 0, 4, 0, 2, 5, 2, 1, 2, 1, 2, 1, 1, 1, 1, 2, 0, 1, 1, 2]), 'fpos': array([11, 11,  9, 11,  9, 10,  6,  3, 10, 10, 11, 10,  8, 11, 12, 10, 11,
       11, 11, 11, 11, 11, 10,  5,  3, 11, 11, 12,  8, 12, 10,  7, 10, 11,
       10, 11, 10, 11, 11, 11, 11, 10, 12, 11, 11, 10]), 'threshold': [-0.98063790705555864, -1.0140222504303091, -0.78890834600758952, -1.1207770503781911, -0.79597669430063056, -0.83508287391815084, -0.67010416017060337, -0.33389066686268287, -0.92974301985426944, -0.9504564776502199, -0.971173553308972, -0.9275188948106432, -0.74681358189831648, -0.97611503496362684, -1.1853498421794593, -0.90374241423372492, -0.95252812148350041, -1.00356131728746, -0.97102641862556849, -1.0633269291141989, -1.1288006797316768, -0.97732443679466385, -0.946171164677307, -0.5907380448389542, -0.34755597385237369, -1.1131938980448168, -1.1167940463308883, -1.2307262575216869, -0.72866501518551763, -1.1931320338970832, -0.89936280754917952, -0.71289867103932281, -0.92757964805319293, -1.1053111558806237, -0.87357995997182625, -1.0830317627286437, -0.876238227382049, -1.0738132940941287, -0.97418383068879089, -1.0670415051302487, -0.96711545401809673, -0.95064102851278454, -1.177601762639763, -0.95267279867633092, -1.0309690741908688, -0.89207942735145984], 'fneg': array([0, 0, 0, 0, 0, 0, 1, 2, 0, 0, 0, 0, 0, 0, 0, 0, 0, 0, 0, 0, 0, 0, 0,
       1, 2, 0, 0, 0, 0, 0, 0, 0, 0, 0, 0, 0, 0, 0, 0, 0, 0, 0, 0, 0, 0, 0]), 'sensitivity': array([1.0, 1.0, 1.0, 1.0, 1.0, 1.0, 1.0, 0.88888889, 1.0, 1.0, 1.0, 1.0,
       1.0, 1.0, 1.0, 1.0, 1.0, 1.0, 1.0, 1.0, 1.0, 1.0, 1.0, 1.0,
       0.88888889, 1.0, 1.0, 1.0, 1.0, 1.0, 1.0, 1.0, 1.0, 1.0, 1.0, 1.0,
       1.0, 1.0, 1.0, 1.0, 1.0, 1.0, 1.0, 1.0, 1.0, 1.0]), 'tpos': array([4, 4, 4, 4, 4, 4, 3, 2, 4, 4, 4, 4, 4, 4, 4, 4, 4, 4, 4, 4, 4, 4, 4,
       3, 2, 4, 4, 4, 4, 4, 4, 4, 4, 4, 4, 4, 4, 4, 4, 4, 4, 4, 4, 4, 4, 4])}, {'specificity': array([0.97959184, 0.2244898, 0.36734694, 0.55102041, 0.040816327,
       0.73469388, 0.79591837, 0.83673469, 0.93877551, 0.59183673,
       0.44897959, 0.6122449, 0.95918367, 0.7755102, 0.40816327,
       0.10204082, 0.63265306, 0.87755102, 0.75510204, 0.26530612,
       0.48979592, 0.12244898, 0.85714286, 1.0, 0.34693878, 0.65306122,
       0.32653061, 0.06122449, 0.53061224, 0.3877551, 0.42857143,
       0.67346939, 0.14285714, 0.89795918, 0.71428571, 0.81632653,
       0.51020408, 0.30612245, 0.57142857, 0.24489796, 0.28571429,
       0.46938776, 0.18367347, 0.081632653, 0.69387755, 0.91836735,
       0.020408163, 0.20408163, 0.16326531]), 'tneg': array([7, 2, 3, 4, 0, 5, 7, 7, 7, 5, 3, 5, 7, 7, 3, 1, 5, 7, 7, 3, 3, 1, 7,
       9, 3, 5, 3, 0, 4, 3, 3, 5, 2, 7, 5, 7, 4, 3, 4, 2, 3, 3, 2, 0, 5, 7,
       0, 2, 2]), 'fpos': array([2, 7, 6, 5, 9, 4, 2, 2, 2, 4, 6, 4, 2, 2, 6, 8, 4, 2, 2, 6, 6, 8, 2,
       0, 6, 4, 6, 9, 5, 6, 6, 4, 7, 2, 4, 2, 5, 6, 5, 7, 6, 6, 7, 9, 4, 2,
       9, 7, 7]), 'threshold': [-0.55516437933176088, -1.2996743380485565, -1.2263085453571723, -1.1044123487082016, -1.3898055963280871, -1.0034619647256631, -0.92734281900067639, -0.91288626368960812, -0.67055635639729738, -1.0526553061498416, -1.1383923363495803, -1.0456165510375848, -0.61606560816180278, -0.9298266206120428, -1.180116182402255, -1.3337505656491533, -1.0400810587389178, -0.86050723528835216, -0.94555546995015549, -1.2822358740925108, -1.1258512882150966, -1.3303598025498442, -0.866442650087658, -0.015432068906795654, -1.2332051263706829, -1.0304003401098909, -1.2604917322717681, -1.3866903385957776, -1.10697634641745, -1.1820440548741473, -1.1566655774685126, -1.0265816969934807, -1.3241887143818292, -0.83807557238889, -1.0050841646284745, -0.91672466160608634, -1.1117088572843643, -1.2617015513498175, -1.0577423733844775, -1.2994199246301716, -1.2722274564074634, -1.1281475564683927, -1.3093036518205683, -1.3530621794245807, -1.0127539177036085, -0.71460975148264883, -1.4268926917556846, -1.3092509824596024, -1.3124215299009765], 'fneg': array([5, 1, 2, 2, 0, 3, 3, 3, 3, 2, 2, 2, 4, 3, 2, 1, 2, 3, 3, 2, 2, 1, 3,
       7, 2, 3, 2, 0, 2, 2, 2, 3, 1, 3, 3, 3, 2, 2, 2, 1, 2, 2, 1, 0, 3, 3,
       0, 1, 1]), 'sensitivity': array([0.93333333, 1.0, 1.0, 1.0, 1.0, 1.0, 1.0, 1.0, 1.0, 1.0, 1.0, 1.0,
       0.93333333, 1.0, 1.0, 1.0, 1.0, 1.0, 1.0, 1.0, 1.0, 1.0, 1.0,
       0.46666667, 1.0, 1.0, 1.0, 1.0, 1.0, 1.0, 1.0, 1.0, 1.0, 1.0, 1.0,
       1.0, 1.0, 1.0, 1.0, 1.0, 1.0, 1.0, 1.0, 1.0, 1.0, 1.0, 1.0, 1.0, 1.0]), 'tpos': array([2, 6, 5, 5, 7, 4, 4, 4, 4, 5, 5, 5, 3, 4, 5, 6, 5, 4, 4, 5, 5, 6, 4,
       0, 5, 4, 5, 7, 5, 5, 5, 4, 6, 4, 4, 4, 5, 5, 5, 6, 5, 5, 6, 7, 4, 4,
       7, 6, 6])}, {'specificity': array([0.9787234, 0.34042553, 0.38297872, 0.29787234, 0.40425532,
       0.93617021, 0.95744681, 0.74468085, 0.12765957, 0.53191489,
       0.59574468, 0.80851064, 0.85106383, 0.70212766, 0.042553191,
       0.46808511, 0.65957447, 0.42553191, 0.4893617, 0.19148936,
       0.91489362, 1.0, 0.72340426, 0.82978723, 0.085106383, 0.68085106,
       0.021276596, 0.5106383, 0.63829787, 0.61702128, 0.57446809,
       0.21276596, 0.87234043, 0.23404255, 0.44680851, 0.76595745,
       0.31914894, 0.14893617, 0.17021277, 0.063829787, 0.25531915,
       0.78723404, 0.55319149, 0.89361702, 0.10638298, 0.36170213,
       0.27659574]), 'tneg': array([11,  1,  1,  1,  1, 10, 10,  5,  1,  2,  4,  6,  6,  5,  1,  2,  4,
        2,  2,  1,  7, 11,  5,  6,  1,  5,  0,  2,  4,  4,  2,  1,  7,  1,
        2,  6,  1,  1,  1,  1,  1,  6,  2,  7,  1,  1,  1]), 'fpos': array([ 0, 10, 10, 10, 10,  1,  1,  6, 10,  9,  7,  5,  5,  6, 10,  9,  7,
        9,  9, 10,  4,  0,  6,  5, 10,  6, 11,  9,  7,  7,  9, 10,  4, 10,
        9,  5, 10, 10, 10, 10, 10,  5,  9,  4, 10, 10, 10]), 'threshold': [-0.25985538908109412, -0.68608899468933027, -0.685390367547454, -0.68952935259036474, -0.68489700464917824, -0.36445680544284093, -0.30164135389651292, -0.5764009046871007, -0.74270864248778246, -0.64392136569031366, -0.61586665361213333, -0.54475587553741123, -0.52933160042404848, -0.59107773592687818, -0.761990369966221, -0.65527335563888778, -0.607360696823143, -0.67418465548204, -0.65378268560153674, -0.72995530175341083, -0.45743517888738855, -0.11360308697232976, -0.58816409354458188, -0.54110806692382729, -0.75695801242683192, -0.60323253095694218, -0.77404210842227161, -0.65294658755323687, -0.61190686347080514, -0.61515502308363246, -0.62896610252554452, -0.72910292122481668, -0.49916164371685151, -0.71236879836954214, -0.661825885660975, -0.55071708835481359, -0.68630945942397215, -0.73932679953102254, -0.738661417868035, -0.75894951691570289, -0.71166795037268049, -0.55055325272916311, -0.64038266503863661, -0.46863744236659033, -0.7433400545347143, -0.68572914190085088, -0.70264053362969181], 'fneg': array([3, 0, 0, 0, 0, 1, 3, 1, 0, 1, 1, 1, 1, 1, 0, 1, 1, 0, 1, 0, 1, 4, 1,
       1, 0, 1, 0, 1, 1, 1, 1, 0, 1, 0, 1, 1, 0, 0, 0, 0, 0, 1, 1, 1, 0, 0,
       0]), 'sensitivity': array([0.88888889, 1.0, 1.0, 1.0, 1.0, 0.94444444, 0.94444444, 1.0, 1.0,
       1.0, 1.0, 1.0, 1.0, 1.0, 1.0, 1.0, 1.0, 1.0, 1.0, 1.0, 1.0,
       0.72222222, 1.0, 1.0, 1.0, 1.0, 1.0, 1.0, 1.0, 1.0, 1.0, 1.0, 1.0,
       1.0, 1.0, 1.0, 1.0, 1.0, 1.0, 1.0, 1.0, 1.0, 1.0, 1.0, 1.0, 1.0, 1.0]), 'tpos': array([1, 4, 4, 4, 4, 3, 1, 3, 4, 3, 3, 3, 3, 3, 4, 3, 3, 4, 3, 4, 3, 0, 3,
       3, 4, 3, 4, 3, 3, 3, 3, 4, 3, 4, 3, 3, 4, 4, 4, 4, 4, 3, 3, 3, 4, 4,
       4])}], <Model object at 0x0000000000000708>)
#gbm
([{'specificity': array([0.16326531, 0.63265306, 0.24489796, 0.73469388, 0.87755102,
       0.81632653, 0.95918367, 0.26530612, 0.51020408, 0.65306122,
       0.44897959, 0.46938776, 0.57142857, 0.36734694, 0.10204082,
       0.020408163, 0.59183673, 0.97959184, 0.28571429, 0.42857143,
       0.89795918, 0.79591837, 0.06122449, 0.40816327, 0.83673469, 1.0,
       0.6122449, 0.75510204, 0.081632653, 0.14285714, 0.3877551,
       0.20408163, 0.48979592, 0.67346939, 0.53061224, 0.85714286,
       0.55102041, 0.91836735, 0.2244898, 0.71428571, 0.040816327,
       0.34693878, 0.30612245, 0.7755102, 0.69387755, 0.93877551,
       0.18367347, 0.32653061, 0.12244898]), 'tneg': array([ 3,  5,  4,  5,  7,  7,  8,  4,  5,  5,  4,  5,  5,  4,  0,  0,  5,
        8,  4,  4,  7,  6,  0,  4,  7, 11,  5,  6,  0,  2,  4,  4,  5,  5,
        5,  7,  5,  8,  4,  5,  0,  4,  4,  6,  5,  8,  4,  4,  0]), 'fpos': array([ 8,  6,  7,  6,  4,  4,  3,  7,  6,  6,  7,  6,  6,  7, 11, 11,  6,
        3,  7,  7,  4,  5, 11,  7,  4,  0,  6,  5, 11,  9,  7,  7,  6,  6,
        6,  4,  6,  3,  7,  6, 11,  7,  7,  5,  6,  3,  7,  7, 11]), 'threshold': [-1.1968147708331667, -1.080919990133979, -1.1821742681242229, -1.0335816419392798, -0.91065680111226177, -0.93550054744935152, -0.72720270870440074, -1.178854848848653, -1.1111558592441682, -1.0705376400351272, -1.1351417886102293, -1.125256875164979, -1.1031869793569731, -1.1539611753577774, -1.2331345961157612, -1.2714806420826423, -1.0874981481726895, -0.65576318978212145, -1.1779036905122546, -1.1373506977423744, -0.88882225448337271, -0.97979923267797753, -1.2601164523275554, -1.1465264183406627, -0.93458631304073958, -0.33115332861631031, -1.0871521274071896, -1.0076425565032927, -1.2438586523541668, -1.2080974426941931, -1.1537832323553372, -1.1921899192117129, -1.1117436505502352, -1.0485332939463194, -1.1060017773287563, -0.91998206387713, -1.1043993746853851, -0.84704097194748629, -1.182190009716082, -1.0381498813064589, -1.2639111591355028, -1.16208696945082, -1.1673009229045943, -0.9859770195834926, -1.0404718334345249, -0.82695599200841163, -1.1934522865485409, -1.1626220368112437, -1.2278869326892177], 'fneg': array([0, 1, 0, 1, 2, 2, 3, 0, 1, 1, 1, 1, 1, 0, 0, 0, 1, 3, 0, 1, 2, 2, 0,
       0, 2, 5, 1, 1, 0, 0, 0, 0, 1, 1, 1, 2, 1, 2, 0, 1, 0, 0, 0, 2, 1, 2,
       0, 0, 0]), 'sensitivity': array([1.0, 1.0, 1.0, 1.0, 1.0, 1.0, 1.0, 1.0, 1.0, 1.0, 1.0, 1.0, 1.0,
       1.0, 1.0, 1.0, 1.0, 1.0, 1.0, 1.0, 1.0, 1.0, 1.0, 1.0, 1.0,
       0.42857143, 1.0, 1.0, 1.0, 1.0, 1.0, 1.0, 1.0, 1.0, 1.0, 1.0, 1.0,
       1.0, 1.0, 1.0, 1.0, 1.0, 1.0, 1.0, 1.0, 1.0, 1.0, 1.0, 1.0]), 'tpos': array([6, 5, 6, 5, 4, 4, 3, 6, 5, 5, 5, 5, 5, 6, 6, 6, 5, 3, 6, 5, 4, 4, 6,
       6, 4, 1, 5, 5, 6, 6, 6, 6, 5, 5, 5, 4, 5, 4, 6, 5, 6, 6, 6, 4, 5, 4,
       6, 6, 6])}, {'specificity': array([0.70212766, 0.78723404, 0.91489362, 0.40425532, 0.80851064,
       0.93617021, 0.31914894, 0.34042553, 0.38297872, 0.74468085,
       0.95744681, 0.65957447, 0.063829787, 0.021276596, 0.4893617,
       0.9787234, 0.19148936, 0.53191489, 0.63829787, 0.68085106,
       0.17021277, 0.87234043, 1.0, 0.72340426, 0.59574468, 0.042553191,
       0.14893617, 0.085106383, 0.89361702, 0.46808511, 0.27659574,
       0.42553191, 0.25531915, 0.55319149, 0.23404255, 0.61702128,
       0.5106383, 0.12765957, 0.76595745, 0.21276596, 0.57446809,
       0.10638298, 0.36170213, 0.85106383, 0.44680851, 0.82978723,
       0.29787234]), 'tneg': array([ 7,  8,  9,  3,  8,  9,  3,  3,  3,  7, 10,  7,  0,  0,  5, 10,  2,
        7,  7,  7,  2,  9, 11,  7,  7,  0,  2,  0,  9,  3,  2,  3,  2,  7,
        2,  7,  7,  2,  7,  2,  7,  0,  3,  8,  3,  8,  3]), 'fpos': array([ 6,  5,  4, 10,  5,  4, 10, 10, 10,  6,  3,  6, 13, 13,  8,  3, 11,
        6,  6,  6, 11,  4,  2,  6,  6, 13, 11, 13,  4, 10, 11, 10, 11,  6,
       11,  6,  6, 11,  6, 11,  6, 13, 10,  5, 10,  5, 10]), 'threshold': [-1.0634710101007332, -1.015062256298678, -0.92780906999133339, -1.1614605118998926, -1.0014236765140554, -0.90507756189457067, -1.2587558965312935, -1.2538322668928168, -1.2006718109175181, -1.0416117167120156, -0.87260298218911991, -1.0850704194192542, -1.3841124411373067, -1.4139959485835016, -1.1259850051346938, -0.70534671429454676, -1.3103543766701367, -1.0981714960476021, -1.0892176831353333, -1.0772708958892476, -1.3259497926430459, -0.94377538429967767, -0.29681826618810753, -1.0570463626520694, -1.0929118499492019, -1.3971028815269901, -1.3346005164258594, -1.3827610563606019, -0.93439836655604513, -1.1397151831904808, -1.2821014256952734, -1.1597562732195255, -1.2886645478218317, -1.0957580741380157, -1.2997392261926455, -1.0900920313813265, -1.0990415504910871, -1.3531556285053303, -1.0333783450776111, -1.3034051566955658, -1.0943506747050593, -1.3788741822611368, -1.2535284697186895, -0.96593194994286646, -1.15120956052331, -0.99971484762501583, -1.2680420179576821], 'fneg': array([0, 0, 0, 0, 0, 0, 0, 0, 0, 0, 0, 0, 0, 0, 0, 1, 0, 0, 0, 0, 0, 0, 3,
       0, 0, 0, 0, 0, 0, 0, 0, 0, 0, 0, 0, 0, 0, 0, 0, 0, 0, 0, 0, 0, 0, 0,
       0]), 'sensitivity': array([1.0, 1.0, 1.0, 1.0, 1.0, 1.0, 1.0, 1.0, 1.0, 1.0, 1.0, 1.0, 1.0,
       1.0, 1.0, 1.0, 1.0, 1.0, 1.0, 1.0, 1.0, 1.0, 0.76470588, 1.0, 1.0,
       1.0, 1.0, 1.0, 1.0, 1.0, 1.0, 1.0, 1.0, 1.0, 1.0, 1.0, 1.0, 1.0,
       1.0, 1.0, 1.0, 1.0, 1.0, 1.0, 1.0, 1.0, 1.0]), 'tpos': array([3, 3, 3, 3, 3, 3, 3, 3, 3, 3, 3, 3, 3, 3, 3, 2, 3, 3, 3, 3, 3, 3, 0,
       3, 3, 3, 3, 3, 3, 3, 3, 3, 3, 3, 3, 3, 3, 3, 3, 3, 3, 3, 3, 3, 3, 3,
       3])}, {'specificity': array([0.26086957, 0.65217391, 0.73913043, 0.86956522, 0.7826087,
       0.97826087, 0.93478261, 0.30434783, 0.39130435, 0.84782609,
       0.67391304, 0.36956522, 0.91304348, 0.54347826, 0.41304348,
       0.02173913, 0.43478261, 0.80434783, 0.76086957, 0.17391304,
       0.60869565, 0.95652174, 0.086956522, 0.47826087, 0.065217391,
       0.15217391, 0.82608696, 0.19565217, 0.2826087, 0.32608696,
       0.52173913, 0.89130435, 0.7173913, 0.45652174, 0.043478261,
       0.56521739, 0.2173913, 0.58695652, 0.10869565, 0.34782609,
       0.69565217, 0.63043478, 1.0, 0.23913043, 0.5, 0.13043478]), 'tneg': array([ 1,  2,  4,  8,  5, 12, 10,  1,  1,  8,  2,  1, 10,  1,  1,  0,  1,
        5,  5,  0,  2, 12,  0,  1,  0,  0,  5,  0,  1,  1,  1,  9,  4,  1,
        0,  1,  0,  1,  0,  1,  3,  2, 12,  1,  1,  0]), 'fpos': array([13, 12, 10,  6,  9,  2,  4, 13, 13,  6, 12, 13,  4, 13, 13, 14, 13,
        9,  9, 14, 12,  2, 14, 13, 14, 14,  9, 14, 13, 13, 13,  5, 10, 13,
       14, 13, 14, 13, 14, 13, 11, 12,  2, 13, 13, 14]), 'threshold': [-1.3176268005884537, -1.1105249889246449, -1.0109705169766305, -0.86807859756548322, -0.98962219915735361, -0.49752916416484078, -0.664781660505707, -1.2948115662251187, -1.2506436526607709, -0.90286027210081043, -1.0794700971735902, -1.276678912183941, -0.67059774659802673, -1.1607533811937667, -1.2482890975856842, -1.4826401866574688, -1.2370418254780271, -0.96979667323844143, -1.000411094294392, -1.372554461167943, -1.1255833916609208, -0.53392649294536321, -1.4226827995046509, -1.2261379425420833, -1.4365443771726076, -1.3821154706807179, -0.96724471349102126, -1.3401603254878898, -1.3039697076097165, -1.2874596349280896, -1.1951601329835402, -0.80740509543629313, -1.0225990768405435, -1.2369538842599162, -1.4527797394814856, -1.1412365258185564, -1.3381632358577333, -1.1385058814729705, -1.3920358116768645, -1.2782204045617518, -1.0363351835862971, -1.1149667028771155, -0.49655450843734827, -1.3206680830690467, -1.208683012528829, -1.3879217568239155], 'fneg': array([0, 0, 0, 0, 0, 1, 1, 0, 0, 0, 0, 0, 1, 0, 0, 0, 0, 0, 0, 0, 0, 1, 0,
       0, 0, 0, 0, 0, 0, 0, 0, 1, 0, 0, 0, 0, 0, 0, 0, 0, 0, 0, 1, 0, 0, 0]), 'sensitivity': array([1.0, 1.0, 1.0, 1.0, 1.0, 0.94444444, 1.0, 1.0, 1.0, 1.0, 1.0, 1.0,
       1.0, 1.0, 1.0, 1.0, 1.0, 1.0, 1.0, 1.0, 1.0, 1.0, 1.0, 1.0, 1.0,
       1.0, 1.0, 1.0, 1.0, 1.0, 1.0, 1.0, 1.0, 1.0, 1.0, 1.0, 1.0, 1.0,
       1.0, 1.0, 1.0, 1.0, 0.94444444, 1.0, 1.0, 1.0]), 'tpos': array([2, 2, 2, 2, 2, 1, 1, 2, 2, 2, 2, 2, 1, 2, 2, 2, 2, 2, 2, 2, 2, 1, 2,
       2, 2, 2, 2, 2, 2, 2, 2, 1, 2, 2, 2, 2, 2, 2, 2, 2, 2, 2, 1, 2, 2, 2])}, {'specificity': array([0.63265306, 0.79591837, 0.44897959, 0.6122449, 0.95918367,
       0.83673469, 0.46938776, 0.57142857, 0.32653061, 0.40816327,
       0.28571429, 0.26530612, 0.75510204, 0.040816327, 0.020408163,
       0.20408163, 0.91836735, 0.51020408, 0.3877551, 0.89795918,
       0.48979592, 0.42857143, 0.93877551, 0.97959184, 0.34693878,
       0.7755102, 0.081632653, 0.2244898, 0.18367347, 0.14285714,
       0.73469388, 0.06122449, 0.53061224, 0.10204082, 0.36734694,
       0.55102041, 0.30612245, 0.81632653, 0.87755102, 0.12244898,
       0.24489796, 0.85714286, 0.16326531, 0.69387755, 0.59183673,
       0.67346939, 0.65306122, 1.0, 0.71428571]), 'tneg': array([ 6,  6,  3,  5, 11,  6,  3,  5,  3,  3,  3,  3,  6,  1,  0,  3, 10,
        3,  3,  8,  3,  3, 11, 11,  3,  6,  1,  3,  3,  2,  6,  1,  4,  1,
        3,  4,  3,  6,  8,  1,  3,  6,  2,  6,  5,  6,  6, 11,  6]), 'fpos': array([ 5,  5,  8,  6,  0,  5,  8,  6,  8,  8,  8,  8,  5, 10, 11,  8,  1,
        8,  8,  3,  8,  8,  0,  0,  8,  5, 10,  8,  8,  9,  5, 10,  7, 10,
        8,  7,  8,  5,  3, 10,  8,  5,  9,  5,  6,  5,  5,  0,  5]), 'threshold': [-1.26653730170829, -1.1117133112958411, -1.3951531115209599, -1.2943592959235648, -0.62409446943411118, -1.0535835474825215, -1.3942205653144253, -1.3183928181850573, -1.4324802265900487, -1.4166235729058077, -1.4513994080746642, -1.4604086785142452, -1.2103856725656852, -1.573275388648919, -1.6119382767080306, -1.4693116740822132, -0.75280189385760765, -1.3703596234753004, -1.4168385979784448, -0.97773220607551681, -1.380837294641311, -1.4060510753551456, -0.71966951629159637, -0.56059265370340849, -1.4258528688390972, -1.1266168671887631, -1.5341094465255856, -1.4656924899185821, -1.4746649895639319, -1.489570526758359, -1.2265723574439795, -1.537654004622725, -1.3454100657717345, -1.5216086711581529, -1.4246619127346416, -1.3337566111660475, -1.4327081548870013, -1.0946153979270763, -1.0054563073551546, -1.516041514268198, -1.4644874704129478, -1.0428155744248038, -1.4872366297414672, -1.239830283205261, -1.3137549391065411, -1.2644650728637283, -1.2659651953988393, -0.48588901498950671, -1.2353539327837289], 'fneg': array([2, 2, 2, 2, 3, 2, 2, 2, 0, 2, 0, 0, 2, 0, 0, 0, 3, 2, 1, 2, 2, 2, 3,
       3, 1, 2, 0, 0, 0, 0, 2, 0, 2, 0, 1, 2, 0, 2, 2, 0, 0, 2, 0, 2, 2, 2,
       2, 3, 2]), 'sensitivity': array([1.0, 1.0, 1.0, 1.0, 0.93333333, 1.0, 1.0, 1.0, 1.0, 1.0, 1.0, 1.0,
       1.0, 1.0, 1.0, 1.0, 0.93333333, 1.0, 1.0, 1.0, 1.0, 1.0, 0.93333333,
       0.8, 1.0, 1.0, 1.0, 1.0, 1.0, 1.0, 1.0, 1.0, 1.0, 1.0, 1.0, 1.0,
       1.0, 1.0, 1.0, 1.0, 1.0, 1.0, 1.0, 1.0, 1.0, 1.0, 1.0, 0.73333333,
       1.0]), 'tpos': array([3, 3, 3, 3, 2, 3, 3, 3, 5, 3, 5, 5, 3, 5, 5, 5, 2, 3, 4, 3, 3, 3, 2,
       2, 4, 3, 5, 5, 5, 5, 3, 5, 3, 5, 4, 3, 5, 3, 3, 5, 5, 3, 5, 3, 3, 3,
       3, 2, 3])}, {'specificity': array([0.59183673, 0.91836735, 0.30612245, 0.83673469, 0.93877551,
       0.73469388, 0.2244898, 0.3877551, 0.48979592, 0.42857143,
       0.89795918, 0.32653061, 0.16326531, 0.040816327, 0.020408163,
       0.67346939, 0.87755102, 0.51020408, 0.12244898, 0.79591837,
       0.57142857, 0.081632653, 0.75510204, 0.95918367, 1.0, 0.55102041,
       0.81632653, 0.20408163, 0.06122449, 0.14285714, 0.65306122,
       0.18367347, 0.69387755, 0.63265306, 0.7755102, 0.44897959,
       0.85714286, 0.34693878, 0.10204082, 0.40816327, 0.53061224,
       0.24489796, 0.46938776, 0.71428571, 0.36734694, 0.97959184,
       0.26530612, 0.6122449, 0.28571429]), 'tneg': array([ 4, 11,  1,  6, 11,  5,  1,  1,  4,  2, 11,  1,  1,  0,  0,  4, 10,
        4,  0,  5,  4,  0,  5, 11, 11,  4,  6,  1,  0,  1,  4,  1,  4,  4,
        5,  2,  9,  1,  0,  2,  4,  1,  4,  5,  1, 11,  1,  4,  1]), 'fpos': array([ 7,  0, 10,  5,  0,  6, 10, 10,  7,  9,  0, 10, 10, 11, 11,  7,  1,
        7, 11,  6,  7, 11,  6,  0,  0,  7,  5, 10, 11, 10,  7, 10,  7,  7,
        6,  9,  2, 10, 11,  9,  7, 10,  7,  6, 10,  0, 10,  7, 10]), 'threshold': [-1.1460038021819634, -0.83096421796859243, -1.2390123292067659, -1.0359274645510521, -0.55751346729376183, -1.078356000315235, -1.2572551837056822, -1.2280703231470203, -1.1880968177565408, -1.2231918783546798, -0.87972696547736517, -1.2360690218366977, -1.2745460133237325, -1.3212183389458858, -1.3524008469397044, -1.1085111007880266, -0.89192745257102335, -1.1769212187790406, -1.3016877066206305, -1.0646704057196939, -1.1509012964754684, -1.3045713014686458, -1.0731716338755262, -0.52966308074994783, -0.25068529006253693, -1.1682371343943365, -1.0471193741224798, -1.265852360300737, -1.3062410475787702, -1.2859164329607851, -1.1098272842682884, -1.2694703590149259, -1.0932359118344672, -1.1379201696604531, -1.0691859636066934, -1.2074925305306332, -0.95137019285546975, -1.2349289067963867, -1.3035067262301281, -1.2252020509325543, -1.1704403807801498, -1.2530402536690029, -1.194183010351429, -1.0816955691672883, -1.2344008174729482, -0.37606607842839529, -1.24917706795666, -1.1406017170021143, -1.2403722837155962], 'fneg': array([0, 3, 0, 0, 4, 0, 0, 0, 0, 0, 2, 0, 0, 0, 0, 0, 1, 0, 0, 0, 0, 0, 0,
       4, 4, 0, 0, 0, 0, 0, 0, 0, 0, 0, 0, 0, 0, 0, 0, 0, 0, 0, 0, 0, 0, 4,
       0, 0, 0]), 'sensitivity': array([1.0, 1.0, 1.0, 1.0, 0.75, 1.0, 1.0, 1.0, 1.0, 1.0, 1.0, 1.0, 1.0,
       1.0, 1.0, 1.0, 1.0, 1.0, 1.0, 1.0, 1.0, 1.0, 1.0, 0.75, 0.6875, 1.0,
       1.0, 1.0, 1.0, 1.0, 1.0, 1.0, 1.0, 1.0, 1.0, 1.0, 1.0, 1.0, 1.0,
       1.0, 1.0, 1.0, 1.0, 1.0, 1.0, 0.6875, 1.0, 1.0, 1.0]), 'tpos': array([4, 1, 4, 4, 0, 4, 4, 4, 4, 4, 2, 4, 4, 4, 4, 4, 3, 4, 4, 4, 4, 4, 4,
       0, 0, 4, 4, 4, 4, 4, 4, 4, 4, 4, 4, 4, 4, 4, 4, 4, 4, 4, 4, 4, 4, 0,
       4, 4, 4])}], <Model object at 0x0000000000000A34>)
#gbm
([{'specificity': array([0.97916667, 0.22916667, 0.41666667, 0.33333333, 0.4375, 0.79166667,
       0.45833333, 0.75, 0.0625, 0.85416667, 0.29166667, 0.95833333,
       0.3125, 0.27083333, 0.083333333, 0.89583333, 0.8125, 0.64583333,
       0.72916667, 0.83333333, 0.125, 0.9375, 1.0, 0.54166667, 0.041666667,
       0.1875, 0.14583333, 0.5625, 0.60416667, 0.47916667, 0.875, 0.25,
       0.66666667, 0.39583333, 0.375, 0.77083333, 0.10416667, 0.5,
       0.35416667, 0.58333333, 0.70833333, 0.020833333, 0.91666667, 0.625,
       0.52083333, 0.16666667, 0.6875, 0.20833333]), 'tneg': array([10,  1,  3,  2,  4,  9,  5,  9,  1,  9,  1, 10,  1,  1,  1,  9,  9,
        7,  9,  9,  1,  9, 10,  7,  1,  1,  1,  7,  7,  6,  9,  1,  7,  2,
        2,  9,  1,  6,  2,  7,  8,  1,  9,  7,  6,  1,  8,  1]), 'fpos': array([ 1, 10,  8,  9,  7,  2,  6,  2, 10,  2, 10,  1, 10, 10, 10,  2,  2,
        4,  2,  2, 10,  2,  1,  4, 10, 10, 10,  4,  4,  5,  2, 10,  4,  9,
        9,  2, 10,  5,  9,  4,  3, 10,  2,  4,  5, 10,  3, 10]), 'threshold': [-0.81404299071490149, -1.9972127533626651, -1.890183052267532, -1.9148413378412623, -1.8524424992026776, -1.4250455464776319, -1.8096531009418344, -1.4616168131491647, -2.1067062538708141, -1.3497768897778852, -1.9831838327358502, -1.0698544514996553, -1.9394606490567883, -1.9835563060395511, -2.0880221529258916, -1.2966578919448608, -1.3679596183515637, -1.6383398202891049, -1.4633307706710244, -1.349991201511332, -2.0793502949633216, -1.1150105221151707, -0.75800345977416772, -1.7556846342340373, -2.1309729693858013, -2.0523897301166336, -2.0714330500062945, -1.7391642500247946, -1.6935545958832436, -1.7903776810860947, -1.3293141194762554, -1.9842409709760616, -1.6271061625414134, -1.8968981686911324, -1.90130429285975, -1.4387977948964899, -2.0872603039626072, -1.7721120372968968, -1.911939484823338, -1.71777515893919, -1.5206123974683372, -2.1397484573602319, -1.1738830488748953, -1.6396244014472494, -1.7667667182252123, -2.0585226173583844, -1.536978771164405, -2.0057165280106823], 'fneg': array([6, 0, 0, 0, 0, 2, 0, 2, 0, 2, 0, 3, 0, 0, 0, 2, 2, 2, 2, 2, 0, 3, 6,
       0, 0, 0, 0, 0, 2, 0, 2, 0, 2, 0, 0, 2, 0, 0, 0, 1, 2, 0, 3, 2, 0, 0,
       2, 0]), 'sensitivity': array([1.0, 1.0, 1.0, 1.0, 1.0, 1.0, 1.0, 1.0, 1.0, 1.0, 1.0, 1.0, 1.0,
       1.0, 1.0, 1.0, 1.0, 1.0, 1.0, 1.0, 1.0, 1.0, 1.0, 1.0, 1.0, 1.0,
       1.0, 1.0, 1.0, 1.0, 1.0, 1.0, 1.0, 1.0, 1.0, 1.0, 1.0, 1.0, 1.0,
       1.0, 1.0, 1.0, 1.0, 1.0, 1.0, 1.0, 1.0, 1.0]), 'tpos': array([0, 6, 6, 6, 6, 4, 6, 4, 6, 4, 6, 3, 6, 6, 6, 4, 4, 4, 4, 4, 6, 3, 0,
       6, 6, 6, 6, 6, 4, 6, 4, 6, 4, 6, 6, 4, 6, 6, 6, 5, 4, 6, 3, 4, 6, 6,
       4, 6])}, {'specificity': array([1.0, 0.17021277, 0.5106383, 0.87234043, 0.27659574, 0.91489362,
       0.82978723, 0.70212766, 0.61702128, 0.57446809, 0.36170213,
       0.42553191, 0.80851064, 0.63829787, 0.042553191, 0.68085106,
       0.31914894, 0.85106383, 0.74468085, 0.14893617, 0.44680851,
       0.72340426, 0.93617021, 0.95744681, 0.34042553, 0.38297872,
       0.085106383, 0.063829787, 0.19148936, 0.4893617, 0.59574468,
       0.89361702, 0.55319149, 0.65957447, 0.9787234, 0.76595745,
       0.29787234, 0.10638298, 0.25531915, 0.23404255, 0.40425532,
       0.021276596, 0.78723404, 0.53191489, 0.12765957, 0.21276596,
       0.46808511]), 'tneg': array([10,  3,  4,  6,  3,  9,  6,  5,  4,  4,  3,  4,  5,  4,  2,  5,  3,
        6,  5,  3,  4,  5,  9,  9,  3,  4,  2,  2,  3,  4,  4,  7,  4,  4,
       10,  5,  3,  2,  3,  3,  4,  2,  5,  4,  2,  3,  4]), 'fpos': array([ 2,  9,  8,  6,  9,  3,  6,  7,  8,  8,  9,  8,  7,  8, 10,  7,  9,
        6,  7,  9,  8,  7,  3,  3,  9,  8, 10, 10,  9,  8,  8,  5,  8,  8,
        2,  7,  9, 10,  9,  9,  8, 10,  7,  8, 10,  9,  8]), 'threshold': [-0.54611226624511588, -1.1232905329010405, -1.0038976105231514, -0.83948851612331088, -1.0913874318632573, -0.75546620295175226, -0.84362231435517776, -0.91763660858980312, -0.94643615757623523, -0.95645943025089064, -1.0386538054132861, -1.0224591796704299, -0.87437598201476063, -0.93540058130291159, -1.1969929637271219, -0.931345670486235, -1.0510708035081018, -0.84305628700348811, -0.91380931247617248, -1.1268273083792186, -1.0208580938752168, -0.91426579002416486, -0.72388381020418491, -0.71010891274639054, -1.041992833591775, -1.0312431352064213, -1.1682990998662277, -1.1944524407945076, -1.122896386367116, -1.0042740552455804, -0.95145955646385028, -0.80460822562292056, -0.97915984716690008, -0.93469855386001433, -0.68905487184992853, -0.899069455612593, -1.0882924538137249, -1.1547454953724536, -1.095403919531158, -1.1062772351997536, -1.0250831526000119, -1.2174857556397298, -0.87860355543104307, -0.98084915007731266, -1.1527894827356473, -1.1131849968515533, -1.0153602553517682], 'fneg': array([2, 0, 0, 0, 0, 0, 0, 0, 0, 0, 0, 0, 0, 0, 0, 0, 0, 0, 0, 0, 0, 0, 0,
       1, 0, 0, 0, 0, 0, 0, 0, 0, 0, 0, 1, 0, 0, 0, 0, 0, 0, 0, 0, 0, 0, 0,
       0]), 'sensitivity': array([1.0, 1.0, 1.0, 1.0, 1.0, 1.0, 1.0, 1.0, 1.0, 1.0, 1.0, 1.0, 1.0,
       1.0, 1.0, 1.0, 1.0, 1.0, 1.0, 1.0, 1.0, 1.0, 1.0, 1.0, 1.0, 1.0,
       1.0, 1.0, 1.0, 1.0, 1.0, 1.0, 1.0, 1.0, 1.0, 1.0, 1.0, 1.0, 1.0,
       1.0, 1.0, 1.0, 1.0, 1.0, 1.0, 1.0, 1.0]), 'tpos': array([2, 4, 4, 4, 4, 4, 4, 4, 4, 4, 4, 4, 4, 4, 4, 4, 4, 4, 4, 4, 4, 4, 4,
       3, 4, 4, 4, 4, 4, 4, 4, 4, 4, 4, 3, 4, 4, 4, 4, 4, 4, 4, 4, 4, 4, 4,
       4])}, {'specificity': array([0.79166667, 0.58333333, 0.041666667, 0.89583333, 0.85416667,
       0.91666667, 0.60416667, 0.39583333, 0.72916667, 0.4375, 0.9375,
       0.625, 0.27083333, 0.16666667, 0.020833333, 0.83333333, 0.77083333,
       0.5, 0.33333333, 0.22916667, 0.97916667, 1.0, 0.1875, 0.70833333,
       0.0625, 0.35416667, 0.54166667, 0.5625, 0.75, 0.29166667,
       0.66666667, 0.95833333, 0.64583333, 0.8125, 0.875, 0.47916667,
       0.52083333, 0.45833333, 0.14583333, 0.375, 0.3125, 0.083333333,
       0.6875, 0.41666667, 0.25, 0.10416667, 0.20833333, 0.125]), 'tneg': array([5, 3, 0, 7, 7, 7, 3, 2, 4, 2, 7, 3, 2, 1, 0, 6, 4, 2, 2, 2, 7, 9, 1,
       4, 0, 2, 3, 3, 4, 2, 4, 7, 3, 5, 7, 2, 2, 2, 1, 2, 2, 1, 4, 2, 2, 1,
       1, 1]), 'fpos': array([ 6,  8, 11,  4,  4,  4,  8,  9,  7,  9,  4,  8,  9, 10, 11,  5,  7,
        9,  9,  9,  4,  2, 10,  7, 11,  9,  8,  8,  7,  9,  7,  4,  8,  6,
        4,  9,  9,  9, 10,  9,  9, 10,  7,  9,  9, 10, 10, 10]), 'threshold': [-1.0551254910360157, -1.2927550404382913, -1.5864571789799131, -0.89376205450693114, -0.91417357992526549, -0.87612388194836743, -1.2583775559749708, -1.3908439095624381, -1.1119115541376179, -1.3710389307188355, -0.87448711164926574, -1.2553789992284734, -1.4368850336558705, -1.5200111921560762, -1.6077688107427692, -1.0018015456654039, -1.0621721171337881, -1.3548369888935905, -1.4103133468976112, -1.4543404934848436, -0.77943432676391056, -0.54566973040670474, -1.4925006519648476, -1.170718295513721, -1.5774698409773529, -1.4042682730306269, -1.3130026510954029, -1.3046719397665858, -1.07623916042226, -1.4305047147398782, -1.2067493681908188, -0.85668061789022809, -1.2459191693056577, -1.0329036745753242, -0.89464767943294154, -1.3595124897371369, -1.3500995309412505, -1.3602041531818583, -1.5280110976123322, -1.3952250857615087, -1.4103781880198099, -1.5651950765165921, -1.1925132088592787, -1.3827029364353498, -1.451604594670791, -1.5472572453168294, -1.4871927911672136, -1.5467562451055223], 'fneg': array([2, 0, 0, 2, 2, 2, 1, 0, 2, 0, 2, 1, 0, 0, 0, 2, 2, 0, 0, 0, 3, 3, 0,
       1, 0, 0, 0, 0, 2, 0, 1, 2, 1, 2, 2, 0, 0, 0, 0, 0, 0, 0, 1, 0, 0, 0,
       0, 0]), 'sensitivity': array([1.0, 1.0, 1.0, 1.0, 1.0, 1.0, 1.0, 1.0, 1.0, 1.0, 1.0, 1.0, 1.0,
       1.0, 1.0, 1.0, 1.0, 1.0, 1.0, 1.0, 1.0, 1.0, 1.0, 1.0, 1.0, 1.0,
       1.0, 1.0, 1.0, 1.0, 1.0, 1.0, 1.0, 1.0, 1.0, 1.0, 1.0, 1.0, 1.0,
       1.0, 1.0, 1.0, 1.0, 1.0, 1.0, 1.0, 1.0, 1.0]), 'tpos': array([3, 5, 5, 3, 3, 3, 4, 5, 3, 5, 3, 4, 5, 5, 5, 3, 3, 5, 5, 5, 2, 2, 5,
       4, 5, 5, 5, 5, 3, 5, 4, 3, 4, 3, 3, 5, 5, 5, 5, 5, 5, 5, 4, 5, 5, 5,
       5, 5])}, {'specificity': array([1.0, 0.27659574, 0.80851064, 0.4893617, 0.93617021, 0.87234043,
       0.95744681, 0.76595745, 0.25531915, 0.55319149, 0.36170213,
       0.78723404, 0.44680851, 0.29787234, 0.19148936, 0.021276596,
       0.89361702, 0.38297872, 0.63829787, 0.85106383, 0.70212766,
       0.72340426, 0.9787234, 0.23404255, 0.82978723, 0.063829787,
       0.17021277, 0.68085106, 0.31914894, 0.65957447, 0.57446809,
       0.91489362, 0.34042553, 0.42553191, 0.59574468, 0.61702128,
       0.12765957, 0.40425532, 0.10638298, 0.042553191, 0.74468085,
       0.46808511, 0.5106383, 0.14893617, 0.21276596, 0.53191489,
       0.085106383]), 'tneg': array([12,  2,  5,  3,  7,  7,  7,  5,  2,  3,  3,  5,  3,  2,  1,  0,  7,
        3,  3,  7,  4,  5, 11,  1,  7,  0,  1,  3,  2,  3,  3,  7,  2,  3,
        3,  3,  1,  3,  0,  0,  5,  3,  3,  1,  1,  3,  0]), 'fpos': array([ 0, 10,  7,  9,  5,  5,  5,  7, 10,  9,  9,  7,  9, 10, 11, 12,  5,
        9,  9,  5,  8,  7,  1, 11,  5, 12, 11,  9, 10,  9,  9,  5, 10,  9,
        9,  9, 11,  9, 12, 12,  7,  9,  9, 11, 11,  9, 12]), 'threshold': [-0.41099594240789339, -0.97309541710716385, -0.82358962608377306, -0.90829309963397731, -0.60108962260036525, -0.69836192666425723, -0.57559735712266724, -0.82920754610254166, -0.97755929119850338, -0.8954544444233874, -0.92525146158442351, -0.82763745383841192, -0.92035319760374912, -0.96624173817038961, -0.9970652382271733, -1.0607592582617587, -0.65754797267266019, -0.92453093371541772, -0.87804606173387656, -0.72819643071723461, -0.87172960303686575, -0.86271681044933191, -0.41468597010002128, -0.98416451920214465, -0.77971995643491687, -1.0396483506673264, -1.0012669198371704, -0.87516241760462032, -0.94994220318640277, -0.87530451840124535, -0.89225091675034163, -0.61221917186815256, -0.94561972358492985, -0.9218687200221698, -0.8871143832367252, -0.8869644964901604, -1.018129367976824, -0.92196035467617465, -1.0252063670014175, -1.0506039699079164, -0.85006343568262177, -0.91788365079424694, -0.90258036327110147, -1.0065623021288059, -0.991517112738767, -0.89882518107504894, -1.0262236497085617], 'fneg': array([2, 0, 0, 0, 1, 0, 1, 0, 0, 0, 0, 0, 0, 0, 0, 0, 1, 0, 0, 0, 0, 0, 2,
       0, 0, 0, 0, 0, 0, 0, 0, 1, 0, 0, 0, 0, 0, 0, 0, 0, 0, 0, 0, 0, 0, 0,
       0]), 'sensitivity': array([0.94117647, 1.0, 1.0, 1.0, 1.0, 1.0, 1.0, 1.0, 1.0, 1.0, 1.0, 1.0,
       1.0, 1.0, 1.0, 1.0, 1.0, 1.0, 1.0, 1.0, 1.0, 1.0, 0.94117647, 1.0,
       1.0, 1.0, 1.0, 1.0, 1.0, 1.0, 1.0, 1.0, 1.0, 1.0, 1.0, 1.0, 1.0,
       1.0, 1.0, 1.0, 1.0, 1.0, 1.0, 1.0, 1.0, 1.0, 1.0]), 'tpos': array([2, 4, 4, 4, 3, 4, 3, 4, 4, 4, 4, 4, 4, 4, 4, 4, 3, 4, 4, 4, 4, 4, 2,
       4, 4, 4, 4, 4, 4, 4, 4, 3, 4, 4, 4, 4, 4, 4, 4, 4, 4, 4, 4, 4, 4, 4,
       4])}, {'specificity': array([1.0, 0.26086957, 0.80434783, 0.73913043, 0.97826087, 0.58695652,
       0.13043478, 0.36956522, 0.7173913, 0.5, 0.32608696, 0.82608696,
       0.2173913, 0.15217391, 0.043478261, 0.86956522, 0.89130435,
       0.45652174, 0.84782609, 0.2826087, 0.52173913, 0.76086957,
       0.91304348, 0.95652174, 0.34782609, 0.02173913, 0.30434783,
       0.17391304, 0.7826087, 0.086956522, 0.43478261, 0.56521739,
       0.67391304, 0.54347826, 0.69565217, 0.93478261, 0.60869565,
       0.63043478, 0.10869565, 0.23913043, 0.19565217, 0.39130435,
       0.65217391, 0.41304348, 0.47826087, 0.065217391]), 'tneg': array([12,  1,  6,  4, 11,  2,  1,  1,  4,  2,  1,  7,  1,  1,  0,  8, 11,
        2,  8,  1,  2,  4, 11, 11,  1,  0,  1,  1,  6,  1,  2,  2,  4,  2,
        4, 11,  2,  4,  1,  1,  1,  2,  4,  2,  2,  0]), 'fpos': array([ 1, 12,  7,  9,  2, 11, 12, 12,  9, 11, 12,  6, 12, 12, 13,  5,  2,
       11,  5, 12, 11,  9,  2,  2, 12, 13, 12, 12,  7, 12, 11, 11,  9, 11,
        9,  2, 11,  9, 12, 12, 12, 11,  9, 11, 11, 13]), 'threshold': [-0.18762058587597452, -1.0174302268349307, -0.78101522857959516, -0.82105797989813534, -0.39209801567106028, -0.88220430313928955, -1.0717753160980046, -0.98034638241737515, -0.82207828105262792, -0.95125242064125615, -0.9946400000254858, -0.75926301195984025, -1.0252019595147164, -1.0708333948743802, -1.126488991559899, -0.68581491382911763, -0.55662007044305117, -0.95876285714420006, -0.7392394392574787, -1.0120071323102988, -0.93452708072480883, -0.81357931825863461, -0.55256921460826736, -0.3934342663946796, -0.989932984846887, -1.1468123265555898, -1.0115882853066187, -1.0708234991124856, -0.78619454885438056, -1.095055343563053, -0.96479736964027363, -0.904818159041486, -0.83141118372558753, -0.92261973212423343, -0.827283805776937, -0.55202299920324571, -0.87731794117674022, -0.84906524464644129, -1.092304754152708, -1.022139690033244, -1.0474516079718959, -0.9692258720113236, -0.844616464688129, -0.96907910061767988, -0.95705971826330682, -1.115051201691871], 'fneg': array([2, 0, 0, 0, 2, 0, 0, 0, 0, 0, 0, 0, 0, 0, 0, 0, 0, 0, 0, 0, 0, 0, 0,
       2, 0, 0, 0, 0, 0, 0, 0, 0, 0, 0, 0, 0, 0, 0, 0, 0, 0, 0, 0, 0, 0, 0]), 'sensitivity': array([0.73684211, 1.0, 1.0, 1.0, 1.0, 1.0, 1.0, 1.0, 1.0, 1.0, 1.0, 1.0,
       1.0, 1.0, 1.0, 1.0, 1.0, 1.0, 1.0, 1.0, 1.0, 1.0, 1.0, 1.0, 1.0,
       1.0, 1.0, 1.0, 1.0, 1.0, 1.0, 1.0, 1.0, 1.0, 1.0, 1.0, 1.0, 1.0,
       1.0, 1.0, 1.0, 1.0, 1.0, 1.0, 1.0, 1.0]), 'tpos': array([0, 2, 2, 2, 0, 2, 2, 2, 2, 2, 2, 2, 2, 2, 2, 2, 2, 2, 2, 2, 2, 2, 2,
       0, 2, 2, 2, 2, 2, 2, 2, 2, 2, 2, 2, 2, 2, 2, 2, 2, 2, 2, 2, 2, 2, 2])}], <Model object at 0x0000000000000D60>)
#gbm
([{'specificity': array([0.79591837, 0.55102041, 0.36734694, 0.75510204, 0.63265306,
       0.97959184, 0.91836735, 0.7755102, 0.87755102, 0.34693878,
       0.53061224, 0.3877551, 0.67346939, 0.24489796, 0.020408163,
       0.081632653, 0.42857143, 0.40816327, 0.6122449, 0.51020408, 1.0,
       0.48979592, 0.46938776, 0.85714286, 0.12244898, 0.14285714,
       0.06122449, 0.040816327, 0.69387755, 0.16326531, 0.57142857,
       0.89795918, 0.59183673, 0.30612245, 0.83673469, 0.73469388,
       0.18367347, 0.93877551, 0.20408163, 0.28571429, 0.65306122,
       0.26530612, 0.44897959, 0.71428571, 0.32653061, 0.95918367,
       0.10204082, 0.81632653, 0.2244898]), 'tneg': array([ 5,  2,  1,  4,  3, 10,  8,  5,  5,  1,  2,  1,  3,  0,  0,  0,  1,
        1,  2,  1, 11,  1,  1,  5,  0,  0,  0,  0,  4,  0,  2,  7,  2,  1,
        5,  4,  0,  8,  0,  1,  3,  0,  1,  4,  1,  8,  0,  5,  0]), 'fpos': array([ 7, 10, 11,  8,  9,  2,  4,  7,  7, 11, 10, 11,  9, 12, 12, 12, 11,
       11, 10, 11,  1, 11, 11,  7, 12, 12, 12, 12,  8, 12, 10,  5, 10, 11,
        7,  8, 12,  4, 12, 11,  9, 12, 11,  8, 11,  4, 12,  7, 12]), 'threshold': [-1.2278534613553405, -1.5457000632908629, -1.5987193418691197, -1.3102415438756683, -1.4492327179386226, -0.37463873390100139, -0.84097451044201477, -1.2678134669866774, -1.1082214453107258, -1.5987528127889263, -1.5483193116037501, -1.5968814154331703, -1.4127959624452027, -1.6729855357468364, -1.7797382168090714, -1.7526783116199596, -1.5849195633729769, -1.5940753633673841, -1.4839483028508127, -1.5596983056697036, -0.29281948364724081, -1.5722045376790965, -1.5763046565885617, -1.1195234141294779, -1.7324300014706149, -1.7153759566988041, -1.7541427309387141, -1.7547166931023348, -1.3868819667734511, -1.6983899859295504, -1.5443240779289085, -1.071579624653576, -1.4880128583460968, -1.6058453181872285, -1.1302445678133843, -1.3328922808991939, -1.6858292310680207, -0.83047623576502683, -1.6831675209049581, -1.6133957580383767, -1.4427913935800358, -1.6715315336520737, -1.5841840812520116, -1.3442961509357554, -1.6048949823433254, -0.77578279030869113, -1.7513809430923579, -1.1858660787875075, -1.6823289317323713], 'fneg': array([1, 0, 0, 1, 0, 2, 2, 1, 2, 0, 0, 0, 0, 0, 0, 0, 0, 0, 0, 0, 3, 0, 0,
       2, 0, 0, 0, 0, 0, 0, 0, 2, 0, 0, 2, 0, 0, 2, 0, 0, 0, 0, 0, 0, 0, 2,
       0, 2, 0]), 'sensitivity': array([1.0, 1.0, 1.0, 1.0, 1.0, 0.86666667, 1.0, 1.0, 1.0, 1.0, 1.0, 1.0,
       1.0, 1.0, 1.0, 1.0, 1.0, 1.0, 1.0, 1.0, 0.66666667, 1.0, 1.0, 1.0,
       1.0, 1.0, 1.0, 1.0, 1.0, 1.0, 1.0, 1.0, 1.0, 1.0, 1.0, 1.0, 1.0,
       1.0, 1.0, 1.0, 1.0, 1.0, 1.0, 1.0, 1.0, 1.0, 1.0, 1.0, 1.0]), 'tpos': array([4, 5, 5, 4, 5, 3, 3, 4, 3, 5, 5, 5, 5, 5, 5, 5, 5, 5, 5, 5, 2, 5, 5,
       3, 5, 5, 5, 5, 5, 5, 5, 3, 5, 5, 3, 5, 5, 3, 5, 5, 5, 5, 5, 5, 5, 3,
       5, 3, 5])}, {'specificity': array([0.97959184, 0.65306122, 0.32653061, 0.24489796, 0.85714286,
       0.79591837, 0.95918367, 1.0, 0.73469388, 0.71428571, 0.57142857,
       0.6122449, 0.59183673, 0.53061224, 0.46938776, 0.36734694,
       0.20408163, 0.040816327, 0.42857143, 0.91836735, 0.89795918,
       0.44897959, 0.26530612, 0.69387755, 0.7755102, 0.06122449,
       0.40816327, 0.28571429, 0.12244898, 0.48979592, 0.020408163,
       0.2244898, 0.81632653, 0.67346939, 0.87755102, 0.30612245,
       0.83673469, 0.081632653, 0.63265306, 0.3877551, 0.16326531,
       0.55102041, 0.51020408, 0.10204082, 0.34693878, 0.75510204,
       0.93877551, 0.18367347, 0.14285714]), 'tneg': array([10,  6,  0,  0,  8,  8, 10, 11,  6,  6,  5,  6,  5,  5,  4,  1,  0,
        0,  4, 10,  9,  4,  0,  6,  6,  0,  4,  0,  0,  5,  0,  0,  8,  6,
        9,  0,  8,  0,  6,  4,  0,  5,  5,  0,  0,  6, 10,  0,  0]), 'fpos': array([ 2,  6, 12, 12,  4,  4,  2,  1,  6,  6,  7,  6,  7,  7,  8, 11, 12,
       12,  8,  2,  3,  8, 12,  6,  6, 12,  8, 12, 12,  7, 12, 12,  4,  6,
        3, 12,  4, 12,  6,  8, 12,  7,  7, 12, 12,  6,  2, 12, 12]), 'threshold': [-0.444161589640308, -1.2280758173577282, -1.4537978090875725, -1.497846666960208, -1.0558770198627316, -1.1263518635124667, -0.64048472147426416, -0.35087877755276958, -1.1920515002104433, -1.2142388042455992, -1.2593667283581247, -1.2472877132964673, -1.2559468390735524, -1.2779914133413666, -1.3379525165845416, -1.4236471912526123, -1.5054588381776761, -1.5806572562147561, -1.3516309451079314, -0.94937635741821147, -0.986397290995357, -1.3404664903876291, -1.49669142541691, -1.2189179802437062, -1.1535426322808702, -1.5669806539579199, -1.3590504084287418, -1.4925240414302314, -1.5345998343141254, -1.2896422599073716, -1.6108081493892972, -1.5047750586450963, -1.1066582733925019, -1.2197592938515403, -0.99811101490561716, -1.4583128235334739, -1.0759965196951906, -1.5487937641384326, -1.2295255139577037, -1.3773884962689142, -1.5151782338116817, -1.2690124425736955, -1.2783181031472035, -1.547504597723683, -1.439029768472071, -1.1620884056639447, -0.74005805793355484, -1.5097126719234448, -1.5306223941435826], 'fneg': array([2, 0, 0, 0, 1, 1, 1, 2, 1, 1, 0, 0, 0, 0, 0, 0, 0, 0, 0, 1, 1, 0, 0,
       0, 1, 0, 0, 0, 0, 0, 0, 0, 1, 0, 1, 0, 1, 0, 0, 0, 0, 0, 0, 0, 0, 1,
       1, 0, 0]), 'sensitivity': array([0.875, 1.0, 1.0, 1.0, 1.0, 1.0, 0.9375, 0.875, 1.0, 1.0, 1.0, 1.0,
       1.0, 1.0, 1.0, 1.0, 1.0, 1.0, 1.0, 1.0, 1.0, 1.0, 1.0, 1.0, 1.0,
       1.0, 1.0, 1.0, 1.0, 1.0, 1.0, 1.0, 1.0, 1.0, 1.0, 1.0, 1.0, 1.0,
       1.0, 1.0, 1.0, 1.0, 1.0, 1.0, 1.0, 1.0, 1.0, 1.0, 1.0]), 'tpos': array([2, 4, 4, 4, 3, 3, 3, 2, 3, 3, 4, 4, 4, 4, 4, 4, 4, 4, 4, 3, 3, 4, 4,
       4, 3, 4, 4, 4, 4, 4, 4, 4, 3, 4, 3, 4, 3, 4, 4, 4, 4, 4, 4, 4, 4, 3,
       3, 4, 4])}, {'specificity': array([0.97916667, 0.72916667, 0.0625, 0.625, 0.47916667, 0.875,
       0.95833333, 0.91666667, 0.60416667, 0.75, 0.16666667, 0.41666667,
       0.45833333, 0.33333333, 0.083333333, 0.77083333, 0.89583333, 0.1875,
       0.79166667, 0.8125, 1.0, 0.35416667, 0.5, 0.25, 0.10416667, 0.125,
       0.70833333, 0.020833333, 0.22916667, 0.39583333, 0.85416667,
       0.27083333, 0.83333333, 0.52083333, 0.3125, 0.6875, 0.5625, 0.375,
       0.20833333, 0.54166667, 0.58333333, 0.14583333, 0.29166667,
       0.64583333, 0.4375, 0.9375, 0.041666667, 0.66666667]), 'tneg': array([12,  8,  3,  8,  7, 10, 11, 11,  7,  8,  4,  7,  7,  6,  3,  8, 10,
        4,  8,  8, 12,  6,  7,  5,  3,  3,  8,  3,  5,  7, 10,  5, 10,  7,
        6,  8,  7,  7,  4,  7,  7,  3,  6,  8,  7, 11,  3,  8]), 'fpos': array([ 1,  5, 10,  5,  6,  3,  2,  2,  6,  5,  9,  6,  6,  7, 10,  5,  3,
        9,  5,  5,  1,  7,  6,  8, 10, 10,  5, 10,  8,  6,  3,  8,  3,  6,
        7,  5,  6,  6,  9,  6,  6, 10,  7,  5,  6,  2, 10,  5]), 'threshold': [-0.46432184464776993, -1.4899234825673973, -1.8560312954364071, -1.5158023466701724, -1.5864248493076936, -1.1635013634418514, -0.58011638491619866, -0.780814995259085, -1.537767562029416, -1.4625089802287019, -1.8028688994901596, -1.6142975399621713, -1.598829713196972, -1.6337014510424242, -1.8392667257214344, -1.4500450864812993, -1.1179636445562446, -1.7982877719459642, -1.4345697207972781, -1.3841916977009552, 0.44136607410871803, -1.6335650107679622, -1.5770183488187646, -1.7310725772258464, -1.8307460898416106, -1.8153823687134183, -1.4984368592797683, -1.8983149477436674, -1.7405001825287572, -1.6269692479255435, -1.2006092875395455, -1.7214788160540675, -1.231589520881166, -1.5681456134564371, -1.6526784162137418, -1.5050493454958445, -1.5598334026893508, -1.6281752935608691, -1.7732583351640328, -1.5613698593464755, -1.5466232276600396, -1.8073366169893155, -1.6683437893867432, -1.5101831821312006, -1.5997664516151697, -0.73177481548796386, -1.8883828633934818, -1.5063592742455558], 'fneg': array([2, 1, 0, 1, 1, 1, 1, 1, 1, 1, 0, 0, 0, 0, 0, 1, 1, 0, 1, 1, 3, 0, 1,
       0, 0, 0, 1, 0, 0, 0, 1, 0, 1, 1, 0, 1, 1, 0, 0, 1, 1, 0, 0, 1, 0, 1,
       0, 1]), 'sensitivity': array([0.82352941, 1.0, 1.0, 1.0, 1.0, 1.0, 0.88235294, 1.0, 1.0, 1.0, 1.0,
       1.0, 1.0, 1.0, 1.0, 1.0, 1.0, 1.0, 1.0, 1.0, 0.52941176, 1.0, 1.0,
       1.0, 1.0, 1.0, 1.0, 1.0, 1.0, 1.0, 1.0, 1.0, 1.0, 1.0, 1.0, 1.0,
       1.0, 1.0, 1.0, 1.0, 1.0, 1.0, 1.0, 1.0, 1.0, 1.0, 1.0, 1.0]), 'tpos': array([1, 2, 3, 2, 2, 2, 2, 2, 2, 2, 3, 3, 3, 3, 3, 2, 2, 3, 2, 2, 0, 3, 2,
       3, 3, 3, 2, 3, 3, 3, 2, 3, 2, 2, 3, 2, 2, 3, 3, 2, 2, 3, 3, 2, 3, 2,
       3, 2])}, {'specificity': array([0.98039216, 0.7254902, 0.37254902, 0.84313725, 0.019607843,
       0.88235294, 0.90196078, 0.96078431, 0.92156863, 0.54901961,
       0.66666667, 0.098039216, 0.058823529, 0.70588235, 0.60784314,
       0.47058824, 0.39215686, 0.1372549, 0.11764706, 0.80392157,
       0.078431373, 0.49019608, 0.74509804, 0.31372549, 1.0, 0.8627451,
       0.78431373, 0.17647059, 0.58823529, 0.50980392, 0.21568627,
       0.039215686, 0.56862745, 0.68627451, 0.82352941, 0.41176471,
       0.64705882, 0.15686275, 0.43137255, 0.62745098, 0.29411765,
       0.19607843, 0.35294118, 0.45098039, 0.25490196, 0.52941176,
       0.33333333, 0.94117647, 0.23529412, 0.76470588, 0.2745098]), 'tneg': array([10,  5,  2,  7,  1,  7, 10, 10, 10,  3,  5,  1,  1,  5,  4,  3,  2,
        1,  1,  5,  1,  3,  5,  2, 10,  7,  5,  2,  4,  3,  2,  1,  4,  5,
        6,  2,  5,  1,  2,  4,  2,  2,  2,  2,  2,  3,  2, 10,  2,  5,  2]), 'fpos': array([0, 5, 8, 3, 9, 3, 0, 0, 0, 7, 5, 9, 9, 5, 6, 7, 8, 9, 9, 5, 9, 7, 5,
       8, 0, 3, 5, 8, 6, 7, 8, 9, 6, 5, 4, 8, 5, 9, 8, 6, 8, 8, 8, 8, 8, 7,
       8, 0, 8, 5, 8]), 'threshold': [-0.6263057352421002, -1.2957157237672825, -1.4365154093780563, -1.2394499198367897, -1.5466572787257855, -1.1408120114768621, -0.92296034114116643, -0.698241140780477, -0.8545690187956414, -1.3642424811947249, -1.31948835328848, -1.5171890107888557, -1.5191950928618554, -1.3035847453155944, -1.3541296247302861, -1.3929597505903311, -1.4294769148888282, -1.5015729036841188, -1.5020398344931456, -1.2719060394035511, -1.5175411706364428, -1.3826192865460922, -1.2865212888195938, -1.4508284633151312, -0.11003098321780848, -1.1614052920315778, -1.2758474931178647, -1.4921468687790342, -1.3556458634673445, -1.3808923660481662, -1.4838787153783051, -1.5199097928105527, -1.3580748857635785, -1.3096017749159787, -1.2630958498407894, -1.4281694774032054, -1.3305285580180262, -1.4937202906103062, -1.3961461230602681, -1.3380073144414366, -1.4524868467386018, -1.4901848074977817, -1.4441915261156397, -1.3953419053901759, -1.4733104569045872, -1.371058778753149, -1.4458022549800167, -0.8524995786327888, -1.4789383481539979, -1.2804885036252793, -1.4561589986110053], 'fneg': array([3, 1, 0, 2, 0, 2, 3, 3, 3, 0, 0, 0, 0, 0, 0, 0, 0, 0, 0, 2, 0, 0, 1,
       0, 6, 2, 2, 0, 0, 0, 0, 0, 0, 0, 2, 0, 0, 0, 0, 0, 0, 0, 0, 0, 0, 0,
       0, 3, 0, 2, 0]), 'sensitivity': array([0.92857143, 1.0, 1.0, 1.0, 1.0, 1.0, 0.92857143, 0.92857143,
       0.92857143, 1.0, 1.0, 1.0, 1.0, 1.0, 1.0, 1.0, 1.0, 1.0, 1.0, 1.0,
       1.0, 1.0, 1.0, 1.0, 0.5, 1.0, 1.0, 1.0, 1.0, 1.0, 1.0, 1.0, 1.0,
       1.0, 1.0, 1.0, 1.0, 1.0, 1.0, 1.0, 1.0, 1.0, 1.0, 1.0, 1.0, 1.0,
       1.0, 0.92857143, 1.0, 1.0, 1.0]), 'tpos': array([3, 5, 6, 4, 6, 4, 3, 3, 3, 6, 6, 6, 6, 6, 6, 6, 6, 6, 6, 4, 6, 6, 5,
       6, 0, 4, 4, 6, 6, 6, 6, 6, 6, 6, 4, 6, 6, 6, 6, 6, 6, 6, 6, 6, 6, 6,
       6, 3, 6, 4, 6])}, {'specificity': array([0.95744681, 0.19148936, 0.38297872, 0.85106383, 0.76595745,
       0.91489362, 0.9787234, 0.89361702, 0.72340426, 0.53191489,
       0.31914894, 0.68085106, 0.57446809, 0.40425532, 0.12765957,
       0.042553191, 0.46808511, 0.93617021, 0.29787234, 0.87234043,
       0.34042553, 1.0, 0.65957447, 0.70212766, 0.78723404, 0.10638298,
       0.25531915, 0.063829787, 0.085106383, 0.14893617, 0.36170213,
       0.82978723, 0.74468085, 0.5106383, 0.59574468, 0.21276596,
       0.021276596, 0.55319149, 0.4893617, 0.23404255, 0.27659574,
       0.61702128, 0.63829787, 0.44680851, 0.42553191, 0.80851064,
       0.17021277]), 'tneg': array([13,  2,  4,  6,  6, 13, 14, 13,  5,  4,  3,  5,  4,  4,  2,  1,  4,
       13,  3, 10,  3, 14,  4,  5,  6,  1,  3,  1,  1,  2,  3,  6,  5,  4,
        4,  2,  1,  4,  4,  3,  3,  4,  4,  4,  4,  6,  2]), 'fpos': array([ 1, 12, 10,  8,  8,  1,  0,  1,  9, 10, 11,  9, 10, 10, 12, 13, 10,
        1, 11,  4, 11,  0, 10,  9,  8, 13, 11, 13, 13, 12, 11,  8,  9, 10,
       10, 12, 13, 10, 10, 11, 11, 10, 10, 10, 10,  8, 12]), 'threshold': [-0.31409509468054508, -1.1916646239905409, -1.0778494553697786, -0.85356035122154306, -0.9006265629289093, -0.59530959165101838, -0.22551237000687713, -0.59753201585211013, -0.93733287863789383, -1.0028240436233913, -1.1289639212154234, -0.96589267028910042, -0.98674841293595839, -1.0760755357663157, -1.2060104092410382, -1.2632776198595015, -1.0470635582775367, -0.59465756729439512, -1.1451150690461842, -0.810843448668285, -1.1101419656939626, -0.0047133099013316514, -0.97425204617452, -0.95218814326302847, -0.89336930968875228, -1.2251223712587112, -1.1643446082011628, -1.2440991955463587, -1.2438929375447179, -1.2032544137435628, -1.1093535175087605, -0.85409895802044122, -0.93187580273530657, -1.0223187302002346, -0.98284465665908316, -1.1726252990364714, -1.2683401754608987, -0.99299103056890237, -1.0391783027024817, -1.1698207321032283, -1.14612155716734, -0.98218774484272253, -0.97858861599073166, -1.0502446879488494, -1.0756308950078042, -0.86188032264565373, -1.1919080460223339], 'fneg': array([0, 0, 0, 0, 0, 0, 0, 0, 0, 0, 0, 0, 0, 0, 0, 0, 0, 0, 0, 0, 0, 0, 0,
       0, 0, 0, 0, 0, 0, 0, 0, 0, 0, 0, 0, 0, 0, 0, 0, 0, 0, 0, 0, 0, 0, 0,
       0]), 'sensitivity': array([0.88888889, 1.0, 1.0, 1.0, 1.0, 1.0, 0.83333333, 1.0, 1.0, 1.0, 1.0,
       1.0, 1.0, 1.0, 1.0, 1.0, 1.0, 1.0, 1.0, 1.0, 1.0, 0.61111111, 1.0,
       1.0, 1.0, 1.0, 1.0, 1.0, 1.0, 1.0, 1.0, 1.0, 1.0, 1.0, 1.0, 1.0,
       1.0, 1.0, 1.0, 1.0, 1.0, 1.0, 1.0, 1.0, 1.0, 1.0, 1.0]), 'tpos': array([2, 2, 2, 2, 2, 2, 2, 2, 2, 2, 2, 2, 2, 2, 2, 2, 2, 2, 2, 2, 2, 2, 2,
       2, 2, 2, 2, 2, 2, 2, 2, 2, 2, 2, 2, 2, 2, 2, 2, 2, 2, 2, 2, 2, 2, 2,
       2])}], <Model object at 0x000000000000108C>)
