# fold = 1
# threshold = -0.483533803601
# requested specificity = 0.978260869565
# actual training-set specificity = 0.967213114754
# tpos = 4
# tneg = 11
# fpos = 2
# fneg = 4
# raw predictions:
[-0.9252202 0.06101513 -1.2260615 -0.38361537 -1.4508655 -0.36613739
 -1.1623305 -1.0741944 -1.7337273 -1.0200233 -1.320345 0.16032076
 0.11189677 -1.0357746 -1.765633 -1.0639615 -1.4581569 -1.2090581
 -1.4610066 -1.6946004 -0.42147236]
# truth:
[2.5375673 2.286681 1.7767012 2.5880475 3.3837436 2.6134189 2.2000293
 2.1664301 1.3579348 1.382017 2.4637437 2.9914033 2.7136585 1.6884198
 1.9020029 2.1027766 2.1433271 0.30103 2.5161386 0.70757018 2.1525941]
# fold = 2
# threshold = -0.107867571532
# requested specificity = 0.978260869565
# actual training-set specificity = 0.964285714286
# tpos = 0
# tneg = 15
# fpos = 3
# fneg = 2
# raw predictions:
[-0.42049966 -0.93581679 0.29076201 0.7917431 -0.23129818 -1.0085271
 -1.2111216 -0.75360172 -0.79372635 -1.1590175 0.20051045 -1.2195794
 -0.86152557 -0.41378687 -0.87305807 -1.3334456 -1.0712611 -1.1118359
 -0.95475543 -1.3663763]
# truth:
[2.4350476 1.1172713 2.1580608 2.2367891 1.5263393 1.6532125 1.1430148
 2.2796669 1.3031961 2.0318123 2.0338257 1.9355073 2.1598678 2.3380579
 1.39794 0.30103 2.6887757 1.6928469 1.5263393 0.0]
# fold = 3
# threshold = -0.369803623311
# requested specificity = 0.953488372093
# actual training-set specificity = 0.946428571429
# tpos = 2
# tneg = 18
# fpos = 0
# fneg = 0
# raw predictions:
[-0.20189359 -0.65621414 -0.507723 -0.31421708 -0.62502214 -0.41293908
 -0.52420744 -0.70077485 -0.56101311 -0.58645745 -0.59299684 -0.56334823
 -0.77276317 -0.72605699 -0.45771713 -0.66154348 -0.52337016 -0.60703239
 -0.74452891 -0.57994478]
# truth:
[3.3837436 1.5717088 1.8920946 3.3837436 0.79934055 1.8709888 1.6042261
 1.5024271 1.7024305 2.3398488 1.3961993 1.8469553 1.3483049 1.3710679
 2.3583156 0.61278386 1.8000294 1.0374265 1.1643529 1.1271048]
# fold = 4
# threshold = -0.786825607401
# requested specificity = 0.943396226415
# actual training-set specificity = 0.936507936508
# tpos = 4
# tneg = 11
# fpos = 0
# fneg = 5
# raw predictions:
[-0.26443432 -0.6069291 -1.2111864 -1.0814841 -1.1440957 -1.2988276
 -1.4886233 -1.6779649 -1.3286581 -0.69563158 -1.6795207 -1.6757118
 0.42273691 -1.6014713 -1.4209201 -1.7767029 -0.98952007 -1.5817217
 -1.544613 -1.11174]
# truth:
[2.5366847 3.3837436 1.376577 2.5627685 1.8469553 2.4834446 2.8121108
 2.1804126 1.1643529 2.512551 1.687529 1.6009729 2.7567882 3.3837436
 3.3837436 2.2000293 1.6866363 2.0406023 2.1195858 1.666518]
# fold = 5
# threshold = -0.478963194184
# requested specificity = 1.0
# actual training-set specificity = 0.983333333333
# tpos = 2
# tneg = 12
# fpos = 2
# fneg = 3
# raw predictions:
[-0.54614987 -0.18936327 -0.9699341 -0.85881382 -1.2471096 -0.091925154
 -0.096645248 0.21039542 -0.9451117 -0.84045529 -1.3537948 -1.0833934
 -0.88364789 -0.82944357 -0.5492406 -1.4426086 -1.1219021 -0.69530012
 -1.5760178]
# truth:
[2.5779511 3.2980448 0.30103 2.0297895 1.3384565 3.3837436 2.2671717
 2.0674428 3.3837436 1.4593925 2.2355284 1.4712917 2.6190933 1.5786392
 1.948413 1.9703469 1.9355073 0.49136169 1.5024271]
# fold = overall performance
# tpos = 12
# tneg = 67
# fpos = 7
# fneg = 14
