#gbm
([{'specificity': array([0.46341463, 0.41463415, 0.70731707, 0.82926829, 0.73170732, 1.0,
       0.7804878, 0.53658537, 0.43902439, 0.3902439, 0.26829268,
       0.68292683, 0.19512195, 0.85365854, 0.34146341, 0.87804878,
       0.24390244, 0.14634146, 0.75609756, 0.95121951, 0.80487805,
       0.024390244, 0.073170732, 0.51219512, 0.2195122, 0.6097561,
       0.92682927, 0.90243902, 0.12195122, 0.63414634, 0.31707317,
       0.58536585, 0.65853659, 0.17073171, 0.56097561, 0.29268293,
       0.48780488, 0.97560976, 0.048780488, 0.36585366, 0.097560976]), 'tneg': array([ 4,  4,  5,  9,  7, 13,  7,  4,  4,  4,  4,  5,  4, 10,  4, 10,  4,
        3,  7, 12,  9,  1,  3,  4,  4,  5, 11, 11,  3,  5,  4,  4,  5,  4,
        4,  4,  4, 12,  2,  4,  3]), 'fpos': array([10, 10,  9,  5,  7,  1,  7, 10, 10, 10, 10,  9, 10,  4, 10,  4, 10,
       11,  7,  2,  5, 13, 11, 10, 10,  9,  3,  3, 11,  9, 10, 10,  9, 10,
       10, 10, 10,  2, 12, 10, 11]), 'threshold': [-1.2259182218996549, -1.229053857765255, -1.06343381763835, -0.77930911514918644, -1.0009583078234625, -0.0717278812700316, -0.91255943473988688, -1.2002807751640134, -1.2259871664698978, -1.2293784608699576, -1.2965874812994942, -1.1195638906126531, -1.3381639025697942, -0.74909899286443937, -1.2497642132009432, -0.74237703386718223, -1.300908079935168, -1.3777390939090588, -0.94700635276882072, -0.36059761011656127, -0.862649796622173, -1.4921399911246103, -1.3888475722073828, -1.2094346516408308, -1.3015836178553892, -1.1883031912582829, -0.56674246560232777, -0.58578057021588859, -1.3811412551898799, -1.1584852161438126, -1.2702753424648474, -1.1969217363034272, -1.1581385630556769, -1.3727222242615225, -1.1993050431368635, -1.2766640978767903, -1.2181378217525469, -0.3506261684047679, -1.4633499318125325, -1.2304857658638004, -1.3823398538630478], 'fneg': array([0, 0, 1, 1, 1, 1, 1, 0, 0, 0, 0, 0, 0, 1, 0, 1, 0, 0, 1, 1, 1, 0, 0,
       0, 0, 0, 1, 1, 0, 0, 0, 0, 0, 0, 0, 0, 0, 1, 0, 0, 0]), 'sensitivity': array([1.0, 1.0, 1.0, 1.0, 1.0, 0.9047619, 1.0, 1.0, 1.0, 1.0, 1.0, 1.0,
       1.0, 1.0, 1.0, 1.0, 1.0, 1.0, 1.0, 1.0, 1.0, 1.0, 1.0, 1.0, 1.0,
       1.0, 1.0, 1.0, 1.0, 1.0, 1.0, 1.0, 1.0, 1.0, 1.0, 1.0, 1.0, 1.0,
       1.0, 1.0, 1.0]), 'tpos': array([3, 3, 2, 2, 2, 2, 2, 3, 3, 3, 3, 3, 3, 2, 3, 2, 3, 3, 2, 2, 2, 3, 3,
       3, 3, 3, 2, 2, 3, 3, 3, 3, 3, 3, 3, 3, 3, 2, 3, 3, 3])}, {'specificity': array([0.47826087, 0.76086957, 0.67391304, 0.89130435, 0.7826087, 1.0,
       0.86956522, 0.54347826, 0.80434783, 0.52173913, 0.41304348,
       0.2826087, 0.2173913, 0.02173913, 0.73913043, 0.45652174,
       0.56521739, 0.69565217, 0.26086957, 0.043478261, 0.97826087,
       0.43478261, 0.086956522, 0.19565217, 0.23913043, 0.065217391,
       0.15217391, 0.60869565, 0.84782609, 0.82608696, 0.95652174,
       0.30434783, 0.91304348, 0.93478261, 0.36956522, 0.34782609,
       0.39130435, 0.63043478, 0.10869565, 0.58695652, 0.32608696,
       0.65217391, 0.13043478, 0.5, 0.7173913, 0.17391304]), 'tneg': array([1, 1, 1, 2, 1, 8, 1, 1, 1, 1, 1, 1, 0, 0, 1, 1, 1, 1, 1, 0, 4, 1, 0,
       0, 0, 0, 0, 1, 1, 1, 3, 1, 3, 3, 1, 1, 1, 1, 0, 1, 1, 1, 0, 1, 1, 0]), 'fpos': array([8, 8, 8, 7, 8, 1, 8, 8, 8, 8, 8, 8, 9, 9, 8, 8, 8, 8, 8, 9, 5, 8, 9,
       9, 9, 9, 9, 8, 8, 8, 6, 8, 6, 6, 8, 8, 8, 8, 9, 8, 8, 8, 9, 8, 8, 9]), 'threshold': [-1.225971604503675, -1.0977729351234917, -1.1580730783192514, -0.90793032488400527, -1.0918825900615428, -0.1966939625777043, -0.91118918553522232, -1.2111685625066042, -0.98549853380679164, -1.2197440520424441, -1.2535983823162857, -1.3193216368663852, -1.36959168784436, -1.5238898630713282, -1.0981614356448219, -1.2282636076964784, -1.2058660994358317, -1.157631435776713, -1.349436659906321, -1.4634776954411657, -0.7871323337563727, -1.2409935604785913, -1.4332507954051557, -1.3942478698658862, -1.3628879241084284, -1.4596691759906733, -1.4011166772743096, -1.177895857058773, -0.93544771263212712, -0.96508733119882517, -0.86927309714292655, -1.3026679519289095, -0.90275349328801147, -0.88802204318850875, -1.26786975456427, -1.2704145794398347, -1.2654913227398246, -1.1742714382896207, -1.406569946737712, -1.1909646409969565, -1.3007954810880922, -1.1638267531246911, -1.4031745603250299, -1.2250846464383047, -1.1401879372065897, -1.3999612123501635], 'fneg': array([0, 0, 0, 0, 0, 5, 0, 0, 0, 0, 0, 0, 0, 0, 0, 0, 0, 0, 0, 0, 1, 0, 0,
       0, 0, 0, 0, 0, 0, 0, 1, 0, 1, 1, 0, 0, 0, 0, 0, 0, 0, 0, 0, 0, 0, 0]), 'sensitivity': array([1.0, 1.0, 1.0, 1.0, 1.0, 0.88235294, 1.0, 1.0, 1.0, 1.0, 1.0, 1.0,
       1.0, 1.0, 1.0, 1.0, 1.0, 1.0, 1.0, 1.0, 1.0, 1.0, 1.0, 1.0, 1.0,
       1.0, 1.0, 1.0, 1.0, 1.0, 1.0, 1.0, 1.0, 1.0, 1.0, 1.0, 1.0, 1.0,
       1.0, 1.0, 1.0, 1.0, 1.0, 1.0, 1.0, 1.0]), 'tpos': array([7, 7, 7, 7, 7, 2, 7, 7, 7, 7, 7, 7, 7, 7, 7, 7, 7, 7, 7, 7, 6, 7, 7,
       7, 7, 7, 7, 7, 7, 7, 6, 7, 6, 6, 7, 7, 7, 7, 7, 7, 7, 7, 7, 7, 7, 7])}, {'specificity': array([0.70454545, 0.65909091, 0.75, 0.72727273, 0.77272727, 1.0,
       0.86363636, 0.84090909, 0.43181818, 0.68181818, 0.5, 0.59090909,
       0.54545455, 0.25, 0.022727273, 0.79545455, 0.27272727, 0.81818182,
       0.61363636, 0.13636364, 0.068181818, 0.52272727, 0.97727273,
       0.18181818, 0.22727273, 0.20454545, 0.15909091, 0.47727273,
       0.40909091, 0.56818182, 0.95454545, 0.31818182, 0.93181818,
       0.88636364, 0.63636364, 0.11363636, 0.45454545, 0.38636364,
       0.34090909, 0.90909091, 0.045454545, 0.29545455, 0.36363636,
       0.090909091]), 'tneg': array([ 2,  2,  4,  4,  4, 11,  6,  5,  1,  2,  2,  2,  2,  0,  0,  4,  0,
        4,  2,  0,  0,  2, 11,  0,  0,  0,  0,  2,  0,  2,  9,  0,  8,  6,
        2,  0,  2,  0,  0,  7,  0,  0,  0,  0]), 'fpos': array([ 9,  9,  7,  7,  7,  0,  5,  6, 10,  9,  9,  9,  9, 11, 11,  7, 11,
        7,  9, 11, 11,  9,  0, 11, 11, 11, 11,  9, 11,  9,  2, 11,  3,  5,
        9, 11,  9, 11, 11,  4, 11, 11, 11, 11]), 'threshold': [-1.1769343765658327, -1.1910206063768469, -1.1458359201994517, -1.161121461752783, -1.1421458169556453, -0.46128148536463282, -0.95329366960039519, -1.0148124406184911, -1.3598299340601894, -1.1830473550768292, -1.3085861794845106, -1.1963795709108143, -1.2871834266836635, -1.6163086629587244, -1.8207026430262259, -1.1303540703104194, -1.5638196138788929, -1.1211622062940589, -1.1933893287244013, -1.6530236575195543, -1.6910187777995138, -1.2979979535670394, -0.5848693434881167, -1.6418689859632276, -1.6189492903625831, -1.6366499099905181, -1.6450818642335305, -1.3365589848089368, -1.36392991056967, -1.2457302358045763, -0.67432546226558143, -1.5435217120618552, -0.77739303225637635, -0.93106298496962425, -1.1913113980086358, -1.658030087234476, -1.3502509804032696, -1.3969711012161905, -1.4613279564794697, -0.79116864437827, -1.7876504143645797, -1.5493576809042717, -1.4090920476418509, -1.6745527493372727], 'fneg': array([0, 0, 0, 0, 0, 2, 1, 1, 0, 0, 0, 0, 0, 0, 0, 0, 0, 0, 0, 0, 0, 0, 2,
       0, 0, 0, 0, 0, 0, 0, 1, 0, 1, 1, 0, 0, 0, 0, 0, 1, 0, 0, 0, 0]), 'sensitivity': array([1.0, 1.0, 1.0, 1.0, 1.0, 1.0, 1.0, 1.0, 1.0, 1.0, 1.0, 1.0, 1.0,
       1.0, 1.0, 1.0, 1.0, 1.0, 1.0, 1.0, 1.0, 1.0, 1.0, 1.0, 1.0, 1.0,
       1.0, 1.0, 1.0, 1.0, 1.0, 1.0, 1.0, 1.0, 1.0, 1.0, 1.0, 1.0, 1.0,
       1.0, 1.0, 1.0, 1.0, 1.0]), 'tpos': array([4, 4, 4, 4, 4, 2, 3, 3, 4, 4, 4, 4, 4, 4, 4, 4, 4, 4, 4, 4, 4, 4, 2,
       4, 4, 4, 4, 4, 4, 4, 3, 4, 3, 3, 4, 4, 4, 4, 4, 3, 4, 4, 4, 4])}, {'specificity': array([0.48888889, 0.77777778, 0.42222222, 0.35555556, 0.84444444,
       0.91111111, 0.86666667, 1.0, 0.88888889, 0.73333333, 0.44444444,
       0.6, 0.93333333, 0.4, 0.24444444, 0.022222222, 0.62222222,
       0.55555556, 0.37777778, 0.28888889, 0.82222222, 0.95555556,
       0.15555556, 0.17777778, 0.11111111, 0.22222222, 0.33333333,
       0.68888889, 0.8, 0.26666667, 0.46666667, 0.75555556, 0.53333333,
       0.57777778, 0.044444444, 0.71111111, 0.31111111, 0.088888889,
       0.066666667, 0.51111111, 0.66666667, 0.97777778, 0.2, 0.64444444,
       0.13333333]), 'tneg': array([6, 8, 5, 2, 8, 8, 8, 9, 8, 8, 5, 6, 8, 5, 1, 0, 6, 6, 4, 1, 8, 8, 1,
       1, 1, 1, 1, 7, 8, 1, 5, 8, 6, 6, 0, 7, 1, 0, 0, 6, 7, 9, 1, 6, 1]), 'fpos': array([ 4,  2,  5,  8,  2,  2,  2,  1,  2,  2,  5,  4,  2,  5,  9, 10,  4,
        4,  6,  9,  2,  2,  9,  9,  9,  9,  9,  3,  2,  9,  5,  2,  4,  4,
       10,  3,  9, 10, 10,  4,  3,  1,  9,  4,  9]), 'threshold': [-1.5901418494645181, -1.3555498676703177, -1.6070975177245024, -1.8811353275525879, -1.3228886973277505, -1.1647889845893966, -1.2875794063619497, -0.050468843098033844, -1.1724131476280186, -1.4060694800766989, -1.6035255098427952, -1.5012681958753806, -1.103524811265346, -1.6454534038144217, -1.9283371798914903, -2.0952275505010545, -1.4926607853781586, -1.5684944384644264, -1.7697198345336962, -1.9101556659718042, -1.348954328249768, -1.0866605727766232, -1.9927806547784002, -1.9630040063951402, -2.0170891094564753, -1.9574950745776596, -1.901540950029087, -1.4721382956538052, -1.3554922442831059, -1.9230330105041762, -1.5964904264337769, -1.3703527507186588, -1.5791948934330924, -1.5451296902638345, -2.0295718025201164, -1.4168656423337616, -1.908223769372041, -2.0222615740014289, -2.0294725671902882, -1.5810552696352391, -1.4772257803911706, -0.6088694225391712, -1.9606600665587286, -1.4862610950522301, -2.0015089403997619], 'fneg': array([0, 1, 0, 0, 1, 2, 1, 5, 2, 1, 0, 0, 3, 0, 0, 0, 0, 0, 0, 0, 1, 3, 0,
       0, 0, 0, 0, 0, 1, 0, 0, 1, 0, 0, 0, 1, 0, 0, 0, 0, 0, 4, 0, 0, 0]), 'sensitivity': array([1.0, 1.0, 1.0, 1.0, 1.0, 1.0, 1.0, 0.83333333, 1.0, 1.0, 1.0, 1.0,
       1.0, 1.0, 1.0, 1.0, 1.0, 1.0, 1.0, 1.0, 1.0, 1.0, 1.0, 1.0, 1.0,
       1.0, 1.0, 1.0, 1.0, 1.0, 1.0, 1.0, 1.0, 1.0, 1.0, 1.0, 1.0, 1.0,
       1.0, 1.0, 1.0, 1.0, 1.0, 1.0, 1.0]), 'tpos': array([6, 5, 6, 6, 5, 4, 5, 1, 4, 5, 6, 6, 3, 6, 6, 6, 6, 6, 6, 6, 5, 3, 6,
       6, 6, 6, 6, 6, 5, 6, 6, 5, 6, 6, 6, 5, 6, 6, 6, 6, 6, 2, 6, 6, 6])}, {'specificity': array([0.45454545, 0.72727273, 0.52272727, 0.70454545, 0.90909091,
       0.93181818, 0.81818182, 0.5, 0.75, 0.54545455, 0.22727273,
       0.79545455, 0.25, 0.090909091, 0.18181818, 0.88636364, 0.47727273,
       0.56818182, 1.0, 0.84090909, 0.13636364, 0.022727273, 0.045454545,
       0.27272727, 0.34090909, 0.20454545, 0.61363636, 0.95454545,
       0.15909091, 0.65909091, 0.86363636, 0.77272727, 0.63636364,
       0.068181818, 0.36363636, 0.43181818, 0.29545455, 0.40909091,
       0.11363636, 0.68181818, 0.59090909, 0.97727273, 0.38636364,
       0.31818182]), 'tneg': array([4, 5, 5, 5, 6, 6, 6, 4, 6, 5, 3, 6, 4, 2, 2, 6, 4, 5, 9, 6, 2, 1, 1,
       4, 4, 3, 5, 9, 2, 5, 6, 6, 5, 1, 4, 4, 4, 4, 2, 5, 5, 9, 4, 4]), 'fpos': array([ 7,  6,  6,  6,  5,  5,  5,  7,  5,  6,  8,  5,  7,  9,  9,  5,  7,
        6,  2,  5,  9, 10, 10,  7,  7,  8,  6,  2,  9,  6,  5,  5,  6, 10,
        7,  7,  7,  7,  9,  6,  6,  2,  7,  7]), 'threshold': [-1.1304565146963348, -0.90378967389326637, -1.0594961053238894, -0.92007841362254439, -0.5701800133795, -0.56539873872943169, -0.72918546050993849, -1.0820981770696532, -0.889294229980956, -1.0445210447583577, -1.2024768729950863, -0.87021696440666541, -1.1982984491340887, -1.2877521609891331, -1.2239838464104411, -0.5867429212057419, -1.0963078238896036, -1.0443158485925828, -0.22461438790677588, -0.71632323466132475, -1.2781262688771169, -1.3098999744704212, -1.2916668963240807, -1.1607384081392596, -1.1549889309252621, -1.2056462703388546, -1.0097958410469536, -0.4249608577901241, -1.2325216274948141, -0.98851154615995418, -0.5946545462284083, -0.88538416027487543, -1.009524319163521, -1.2908816416396087, -1.1373728805810759, -1.1305651919514166, -1.1600725624853945, -1.1322151115585879, -1.2801553805077364, -0.98447748954774039, -1.0267995427648666, -0.40253785896252325, -1.1365164653003674, -1.1591128341953991], 'fneg': array([0, 0, 0, 0, 0, 0, 0, 0, 0, 0, 0, 0, 0, 0, 0, 0, 0, 0, 1, 0, 0, 0, 0,
       0, 0, 0, 0, 1, 0, 0, 0, 0, 0, 0, 0, 0, 0, 0, 0, 0, 0, 1, 0, 0]), 'sensitivity': array([1.0, 1.0, 1.0, 1.0, 1.0, 1.0, 1.0, 1.0, 1.0, 1.0, 1.0, 1.0, 1.0,
       1.0, 1.0, 1.0, 1.0, 1.0, 0.95, 1.0, 1.0, 1.0, 1.0, 1.0, 1.0, 1.0,
       1.0, 1.0, 1.0, 1.0, 1.0, 1.0, 1.0, 1.0, 1.0, 1.0, 1.0, 1.0, 1.0,
       1.0, 1.0, 1.0, 1.0, 1.0]), 'tpos': array([4, 4, 4, 4, 4, 4, 4, 4, 4, 4, 4, 4, 4, 4, 4, 4, 4, 4, 3, 4, 4, 4, 4,
       4, 4, 4, 4, 3, 4, 4, 4, 4, 4, 4, 4, 4, 4, 4, 4, 4, 4, 3, 4, 4])}], <Model object at 0x0000000000000707>)
#gbm
([{'specificity': array([0.94, 0.34, 0.22, 0.6, 0.52, 0.42, 0.84, 0.76, 0.96, 0.4, 0.44, 0.2,
       0.8, 0.64, 0.54, 0.82, 0.7, 0.26, 0.98, 0.66, 0.62, 0.58, 0.16,
       0.56, 0.9, 1.0, 0.24, 0.32, 0.38, 0.1, 0.02, 0.68, 0.12, 0.5, 0.14,
       0.88, 0.78, 0.36, 0.86, 0.18, 0.28, 0.04, 0.46, 0.08, 0.72, 0.74,
       0.48, 0.92, 0.3, 0.06]), 'tneg': array([9, 2, 2, 4, 3, 2, 6, 5, 9, 2, 2, 2, 6, 4, 3, 6, 4, 2, 9, 4, 4, 4, 2,
       3, 6, 9, 2, 2, 2, 1, 1, 4, 1, 3, 2, 6, 6, 2, 6, 2, 2, 1, 3, 1, 4, 5,
       3, 9, 2, 1]), 'fpos': array([1, 8, 8, 6, 7, 8, 4, 5, 1, 8, 8, 8, 4, 6, 7, 4, 6, 8, 1, 6, 6, 6, 8,
       7, 4, 1, 8, 8, 8, 9, 9, 6, 9, 7, 8, 4, 4, 8, 4, 8, 8, 9, 7, 9, 6, 5,
       7, 1, 8, 9]), 'threshold': [-0.952606467026138, -1.673637792534302, -1.7076396421981155, -1.4889000815487592, -1.5662874791080179, -1.6271610787352167, -1.2947662785858873, -1.377359377820645, -0.88752035580644206, -1.632611991615528, -1.6264685062471942, -1.7160539436872793, -1.3537706212613363, -1.485166911172126, -1.5614143257260471, -1.2981275496627212, -1.4045789090245637, -1.6950860566999386, -0.82359359523961972, -1.4703754121710739, -1.4852380615057106, -1.5045221478785911, -1.7300025766583926, -1.5611954825984842, -1.2293226719920256, -0.59510222789139888, -1.70384976079652, -1.6738041735557185, -1.6347755136371158, -1.7580892624169107, -1.8585503427928589, -1.4148729793099968, -1.7559554547443979, -1.5697912570896362, -1.7490862434188104, -1.2479714615760211, -1.3548598757788433, -1.6650169283957019, -1.2767632250763434, -1.723842795505814, -1.6869589162077148, -1.7805971977614781, -1.6023222319538653, -1.7624935230492298, -1.4045369493418827, -1.3812426017055437, -1.5784971691927547, -1.0733693641424931, -1.6775186184857704, -1.7746556625355272], 'fneg': array([4, 1, 0, 1, 1, 1, 3, 2, 4, 1, 1, 0, 2, 1, 1, 3, 1, 0, 4, 1, 1, 1, 0,
       1, 3, 5, 0, 1, 1, 0, 0, 1, 0, 1, 0, 3, 2, 1, 3, 0, 0, 0, 1, 0, 1, 2,
       1, 4, 1, 0]), 'sensitivity': array([1.0, 1.0, 1.0, 1.0, 1.0, 1.0, 1.0, 1.0, 1.0, 1.0, 1.0, 1.0, 1.0,
       1.0, 1.0, 1.0, 1.0, 1.0, 0.92307692, 1.0, 1.0, 1.0, 1.0, 1.0, 1.0,
       0.84615385, 1.0, 1.0, 1.0, 1.0, 1.0, 1.0, 1.0, 1.0, 1.0, 1.0, 1.0,
       1.0, 1.0, 1.0, 1.0, 1.0, 1.0, 1.0, 1.0, 1.0, 1.0, 1.0, 1.0, 1.0]), 'tpos': array([3, 6, 7, 6, 6, 6, 4, 5, 3, 6, 6, 7, 5, 6, 6, 4, 6, 7, 3, 6, 6, 6, 7,
       6, 4, 2, 7, 6, 6, 7, 7, 6, 7, 6, 7, 4, 5, 6, 4, 7, 7, 7, 6, 7, 6, 5,
       6, 3, 6, 7])}, {'specificity': array([0.97959184, 0.10204082, 0.55102041, 0.40816327, 0.81632653,
       0.73469388, 0.79591837, 0.95918367, 0.87755102, 0.53061224,
       0.34693878, 0.85714286, 0.75510204, 0.71428571, 0.7755102,
       0.24489796, 0.67346939, 0.20408163, 0.59183673, 0.44897959,
       0.42857143, 0.91836735, 1.0, 0.3877551, 0.30612245, 0.65306122,
       0.081632653, 0.16326531, 0.63265306, 0.040816327, 0.83673469,
       0.36734694, 0.2244898, 0.69387755, 0.89795918, 0.51020408,
       0.46938776, 0.57142857, 0.020408163, 0.48979592, 0.14285714,
       0.06122449, 0.6122449, 0.26530612, 0.28571429, 0.12244898,
       0.93877551, 0.32653061, 0.18367347]), 'tneg': array([11,  0,  2,  1,  7,  7,  7, 11,  9,  2,  1,  9,  7,  7,  7,  0,  6,
        0,  2,  1,  1,  9, 11,  1,  1,  2,  0,  0,  2,  0,  7,  1,  0,  6,
        9,  2,  2,  2,  0,  2,  0,  0,  2,  1,  1,  0, 11,  1,  0]), 'fpos': array([ 0, 11,  9, 10,  4,  4,  4,  0,  2,  9, 10,  2,  4,  4,  4, 11,  5,
       11,  9, 10, 10,  2,  0, 10, 10,  9, 11, 11,  9, 11,  4, 10, 11,  5,
        2,  9,  9,  9, 11,  9, 11, 11,  9, 10, 10, 11,  0, 10, 11]), 'threshold': [-0.49482333241203386, -0.92963150415254081, -0.85124271921207639, -0.87684893188307278, -0.77390224352297321, -0.79455466332650659, -0.77416601829514009, -0.59397647706486711, -0.73023637196108115, -0.85271567602927867, -0.89154269635733641, -0.73670571786911432, -0.79096453010660861, -0.79721564055798289, -0.7818669659409434, -0.90489468524397854, -0.80969126013259329, -0.917672746639634, -0.84129145846126785, -0.8683891463413087, -0.874756725446043, -0.69116332425877791, -0.44623685403818186, -0.88512749081675735, -0.89800651971131229, -0.83109663925374577, -0.94727500586232372, -0.92335476539831052, -0.837134514160992, -0.95077484237903742, -0.76945340171356758, -0.89011602402657275, -0.90666015849095527, -0.80505928794091675, -0.72301866816039329, -0.86181972141674879, -0.8649891748840699, -0.8442571515004299, -0.96214402319131931, -0.86466098288186444, -0.924208680127205, -0.9480476562917094, -0.840734390429106, -0.90247628968575322, -0.90146834197437375, -0.92636245252174032, -0.60679254466435129, -0.89499159034741627, -0.92313552572112512], 'fneg': array([4, 0, 0, 0, 1, 0, 1, 2, 2, 0, 0, 1, 1, 0, 1, 0, 0, 0, 0, 0, 0, 2, 4,
       0, 0, 0, 0, 0, 0, 0, 1, 0, 0, 0, 2, 0, 0, 0, 0, 0, 0, 0, 0, 0, 0, 0,
       2, 0, 0]), 'sensitivity': array([0.8, 1.0, 1.0, 1.0, 1.0, 1.0, 1.0, 0.93333333, 1.0, 1.0, 1.0, 1.0,
       1.0, 1.0, 1.0, 1.0, 1.0, 1.0, 1.0, 1.0, 1.0, 0.93333333, 0.73333333,
       1.0, 1.0, 1.0, 1.0, 1.0, 1.0, 1.0, 1.0, 1.0, 1.0, 1.0, 1.0, 1.0,
       1.0, 1.0, 1.0, 1.0, 1.0, 1.0, 1.0, 1.0, 1.0, 1.0, 0.93333333, 1.0,
       1.0]), 'tpos': array([1, 5, 5, 5, 4, 5, 4, 3, 3, 5, 5, 4, 4, 5, 4, 5, 5, 5, 5, 5, 5, 3, 1,
       5, 5, 5, 5, 5, 5, 5, 4, 5, 5, 5, 3, 5, 5, 5, 5, 5, 5, 5, 5, 5, 5, 5,
       3, 5, 5])}, {'specificity': array([0.93617021, 0.5106383, 0.12765957, 0.68085106, 0.14893617,
       0.61702128, 0.4893617, 0.85106383, 0.9787234, 0.95744681,
       0.085106383, 0.63829787, 0.46808511, 0.29787234, 0.76595745,
       0.57446809, 0.021276596, 0.25531915, 0.91489362, 0.27659574,
       0.31914894, 0.34042553, 0.59574468, 0.53191489, 1.0, 0.063829787,
       0.42553191, 0.042553191, 0.10638298, 0.36170213, 0.82978723,
       0.89361702, 0.21276596, 0.80851064, 0.87234043, 0.65957447,
       0.23404255, 0.72340426, 0.17021277, 0.38297872, 0.44680851,
       0.40425532, 0.55319149, 0.78723404, 0.74468085, 0.19148936,
       0.70212766]), 'tneg': array([10,  3,  2,  5,  2,  3,  3,  8, 11, 10,  0,  3,  2,  2,  5,  3,  0,
        2,  8,  2,  2,  2,  3,  3, 13,  0,  2,  0,  2,  2,  7,  8,  2,  7,
        8,  5,  2,  5,  2,  2,  2,  2,  3,  5,  5,  2,  5]), 'fpos': array([ 3, 10, 11,  8, 11, 10, 10,  5,  2,  3, 13, 10, 11, 11,  8, 10, 13,
       11,  5, 11, 11, 11, 10, 10,  0, 13, 11, 13, 11, 11,  6,  5, 11,  6,
        5,  8, 11,  8, 11, 11, 11, 11, 10,  8,  8, 11,  8]), 'threshold': [-0.54942846935239809, -1.0100305224220305, -1.0757290261232673, -0.94423425942706718, -1.0672807231545829, -0.98190632817038082, -1.01220345216479, -0.80065177213145589, -0.45200763389838383, -0.46968597128684969, -1.1050756449937382, -0.97680989361675119, -1.0152657496653224, -1.0399767478035187, -0.92766397144048662, -0.98889356993826483, -1.1969067187024127, -1.0437327428483161, -0.72943877829606285, -1.0403976671677271, -1.0392988594262549, -1.0345727540745482, -0.98466966853145232, -0.99692711460920813, -0.23064006753639971, -1.1073779871343519, -1.0173403596942319, -1.1695232417563943, -1.0903901995216481, -1.0306586346873605, -0.8371325679741346, -0.76372937793906825, -1.0447070280027588, -0.8413192790712003, -0.7977125580985871, -0.94496375787335884, -1.0446683333583495, -0.94174089744008971, -1.0632271040114159, -1.020040621582764, -1.0162858923790639, -1.0178902557589438, -0.98929196838696221, -0.9228670378168935, -0.93645532531703835, -1.0457588360707022, -0.9426096662659289], 'fneg': array([2, 0, 0, 1, 0, 0, 0, 1, 2, 2, 0, 0, 0, 0, 1, 0, 0, 0, 2, 0, 0, 0, 0,
       0, 3, 0, 0, 0, 0, 0, 1, 1, 0, 1, 1, 1, 0, 1, 0, 0, 0, 0, 0, 1, 1, 0,
       1]), 'sensitivity': array([0.94117647, 1.0, 1.0, 1.0, 1.0, 1.0, 1.0, 1.0, 0.88235294,
       0.94117647, 1.0, 1.0, 1.0, 1.0, 1.0, 1.0, 1.0, 1.0, 1.0, 1.0, 1.0,
       1.0, 1.0, 1.0, 0.82352941, 1.0, 1.0, 1.0, 1.0, 1.0, 1.0, 1.0, 1.0,
       1.0, 1.0, 1.0, 1.0, 1.0, 1.0, 1.0, 1.0, 1.0, 1.0, 1.0, 1.0, 1.0, 1.0]), 'tpos': array([1, 3, 3, 2, 3, 3, 3, 2, 1, 1, 3, 3, 3, 3, 2, 3, 3, 3, 1, 3, 3, 3, 3,
       3, 0, 3, 3, 3, 3, 3, 2, 2, 3, 2, 2, 2, 3, 2, 3, 3, 3, 3, 3, 2, 2, 3,
       2])}, {'specificity': array([0.15217391, 0.65217391, 0.32608696, 0.80434783, 0.86956522,
       0.82608696, 0.97826087, 1.0, 0.5, 0.36956522, 0.58695652,
       0.91304348, 0.69565217, 0.41304348, 0.76086957, 0.84782609,
       0.60869565, 0.30434783, 0.47826087, 0.56521739, 0.26086957,
       0.93478261, 0.54347826, 0.7173913, 0.02173913, 0.065217391,
       0.2173913, 0.7826087, 0.13043478, 0.43478261, 0.34782609,
       0.73913043, 0.17391304, 0.52173913, 0.89130435, 0.45652174,
       0.10869565, 0.63043478, 0.19565217, 0.043478261, 0.2826087,
       0.086956522, 0.67391304, 0.39130435, 0.95652174, 0.23913043]), 'tneg': array([ 0,  3,  0,  4,  6,  6, 10, 11,  3,  0,  3,  8,  3,  0,  4,  6,  3,
        0,  2,  3,  0,  9,  3,  4,  0,  0,  0,  4,  0,  1,  0,  4,  0,  3,
        6,  1,  0,  3,  0,  0,  0,  0,  3,  0, 10,  0]), 'fpos': array([14, 11, 14, 10,  8,  8,  4,  3, 11, 14, 11,  6, 11, 14, 10,  8, 11,
       14, 12, 11, 14,  5, 11, 10, 14, 14, 14, 10, 14, 13, 14, 10, 14, 11,
        8, 13, 14, 11, 14, 14, 14, 14, 11, 14,  4, 14]), 'threshold': [-1.3594332170776555, -1.0870710190438693, -1.2804392962991442, -0.90080399172463432, -0.82387570614502614, -0.86306344649824618, -0.58557865208871507, -0.49088215102763116, -1.1983185527831402, -1.2738487449008316, -1.1418605813306038, -0.74288718445522484, -1.030623258199203, -1.268060824746811, -0.91690764365942845, -0.82763625553920128, -1.1123579909459513, -1.3175949315915541, -1.2179002913123778, -1.1424803567421791, -1.3279841123823051, -0.65154144642422307, -1.159565134715421, -0.99072747009568407, -1.4590173259027919, -1.3851271897243533, -1.3332177768155313, -0.90356449698676189, -1.3628851704411962, -1.2242506564852951, -1.2751252640199036, -0.91921865383852364, -1.3403049591391119, -1.1656920742548209, -0.82195192640222137, -1.2207277253114852, -1.3684435476468995, -1.1030991266008083, -1.3369426216032088, -1.392703581429581, -1.3228399488968752, -1.3721986252634306, -1.0850646962511197, -1.2731245675349658, -0.62304213732862335, -1.3302820043260444], 'fneg': array([0, 1, 0, 1, 1, 1, 1, 1, 0, 0, 1, 1, 1, 0, 1, 1, 1, 0, 0, 1, 0, 1, 1,
       1, 0, 0, 0, 1, 0, 0, 0, 1, 0, 1, 1, 0, 0, 1, 0, 0, 0, 0, 1, 0, 1, 0]), 'sensitivity': array([1.0, 1.0, 1.0, 1.0, 1.0, 1.0, 0.94444444, 0.94444444, 1.0, 1.0, 1.0,
       1.0, 1.0, 1.0, 1.0, 1.0, 1.0, 1.0, 1.0, 1.0, 1.0, 0.94444444, 1.0,
       1.0, 1.0, 1.0, 1.0, 1.0, 1.0, 1.0, 1.0, 1.0, 1.0, 1.0, 1.0, 1.0,
       1.0, 1.0, 1.0, 1.0, 1.0, 1.0, 1.0, 1.0, 0.94444444, 1.0]), 'tpos': array([2, 1, 2, 1, 1, 1, 1, 1, 2, 2, 1, 1, 1, 2, 1, 1, 1, 2, 2, 1, 2, 1, 1,
       1, 2, 2, 2, 1, 2, 2, 2, 1, 2, 1, 1, 2, 2, 1, 2, 2, 2, 2, 1, 2, 1, 2])}, {'specificity': array([0.97916667, 0.35416667, 0.8125, 0.33333333, 0.79166667, 0.70833333,
       0.9375, 1.0, 0.3125, 0.22916667, 0.29166667, 0.75, 0.58333333,
       0.41666667, 0.66666667, 0.6875, 0.83333333, 0.4375, 0.0625,
       0.47916667, 0.20833333, 0.625, 0.875, 0.95833333, 0.52083333,
       0.39583333, 0.64583333, 0.041666667, 0.1875, 0.85416667,
       0.020833333, 0.72916667, 0.16666667, 0.89583333, 0.54166667,
       0.77083333, 0.125, 0.45833333, 0.083333333, 0.5, 0.14583333, 0.375,
       0.27083333, 0.60416667, 0.5625, 0.91666667, 0.25, 0.10416667]), 'tneg': array([10,  4,  7,  4,  7,  5,  8, 12,  4,  4,  4,  7,  5,  4,  5,  5,  7,
        4,  0,  4,  4,  5,  7, 10,  5,  4,  5,  0,  4,  7,  0,  6,  4,  8,
        5,  7,  3,  4,  3,  4,  4,  4,  4,  5,  5,  8,  4,  3]), 'fpos': array([ 2,  8,  5,  8,  5,  7,  4,  0,  8,  8,  8,  5,  7,  8,  7,  7,  5,
        8, 12,  8,  8,  7,  5,  2,  7,  8,  7, 12,  8,  5, 12,  6,  8,  4,
        7,  5,  9,  8,  9,  8,  8,  8,  8,  7,  7,  4,  8,  9]), 'threshold': [-0.5480687166265904, -0.71730475379599989, -0.64790784398071866, -0.71874938226979479, -0.65292875258162619, -0.67705777258088573, -0.59058184898497113, -0.541822659615673, -0.71944630699700651, -0.72249395480593959, -0.71986373826328764, -0.66256020890090517, -0.68880129107369448, -0.70918942816258612, -0.67794197399042944, -0.67720028243986607, -0.640205642298901, -0.70765187708337474, -0.74249901970954535, -0.70407620409082194, -0.72268184825977921, -0.68738513120728961, -0.630861070561985, -0.54952256219482487, -0.69488378770888326, -0.71283346983920826, -0.67994416953238235, -0.74659179460902492, -0.72388843107391443, -0.63316606821937282, -0.74853396631178271, -0.66468020073790457, -0.72678878420697812, -0.62705133928951973, -0.6936575039688283, -0.66070372738890526, -0.73067157508708735, -0.70647592567841622, -0.73243228578940434, -0.70160825462968246, -0.72816442676622184, -0.7157623464827263, -0.72154427344066518, -0.68797257727913486, -0.691222653677952, -0.59157181311142537, -0.7221057998175775, -0.73135373417768623], 'fneg': array([0, 0, 0, 0, 0, 0, 0, 1, 0, 0, 0, 0, 0, 0, 0, 0, 0, 0, 0, 0, 0, 0, 0,
       0, 0, 0, 0, 0, 0, 0, 0, 0, 0, 0, 0, 0, 0, 0, 0, 0, 0, 0, 0, 0, 0, 0,
       0, 0]), 'sensitivity': array([0.88235294, 1.0, 1.0, 1.0, 1.0, 1.0, 0.94117647, 0.82352941, 1.0,
       1.0, 1.0, 1.0, 1.0, 1.0, 1.0, 1.0, 1.0, 1.0, 1.0, 1.0, 1.0, 1.0,
       1.0, 0.88235294, 1.0, 1.0, 1.0, 1.0, 1.0, 1.0, 1.0, 1.0, 1.0, 1.0,
       1.0, 1.0, 1.0, 1.0, 1.0, 1.0, 1.0, 1.0, 1.0, 1.0, 1.0, 0.94117647,
       1.0, 1.0]), 'tpos': array([3, 3, 3, 3, 3, 3, 3, 2, 3, 3, 3, 3, 3, 3, 3, 3, 3, 3, 3, 3, 3, 3, 3,
       3, 3, 3, 3, 3, 3, 3, 3, 3, 3, 3, 3, 3, 3, 3, 3, 3, 3, 3, 3, 3, 3, 3,
       3, 3])}], <Model object at 0x0000000000000D5E>)
#gbm
([{'specificity': array([0.875, 0.70833333, 0.8125, 0.60416667, 0.52083333, 0.66666667,
       0.9375, 0.89583333, 0.64583333, 0.47916667, 0.35416667, 0.91666667,
       0.41666667, 0.33333333, 0.27083333, 0.97916667, 0.54166667,
       0.14583333, 0.79166667, 0.39583333, 0.6875, 0.95833333, 1.0,
       0.85416667, 0.45833333, 0.083333333, 0.041666667, 0.0625,
       0.83333333, 0.22916667, 0.1875, 0.4375, 0.5625, 0.5, 0.20833333,
       0.72916667, 0.625, 0.75, 0.125, 0.16666667, 0.020833333, 0.375,
       0.10416667, 0.3125, 0.58333333, 0.25, 0.29166667, 0.77083333]), 'tneg': array([ 9,  7,  7,  6,  4,  6,  9,  9,  6,  4,  3,  9,  3,  3,  3, 12,  5,
        3,  7,  3,  6,  9, 12,  9,  4,  3,  1,  1,  7,  3,  3,  4,  6,  4,
        3,  7,  6,  7,  3,  3,  1,  3,  3,  3,  6,  3,  3,  7]), 'fpos': array([ 3,  5,  5,  6,  8,  6,  3,  3,  6,  8,  9,  3,  9,  9,  9,  0,  7,
        9,  5,  9,  6,  3,  0,  3,  8,  9, 11, 11,  5,  9,  9,  8,  6,  8,
        9,  5,  6,  5,  9,  9, 11,  9,  9,  9,  6,  9,  9,  5]), 'threshold': [-1.3732414722269748, -1.7815520563769662, -1.6974729650344671, -1.867721183463281, -1.9265215533198632, -1.8381187509171706, -0.72946728279475159, -1.0939793420157444, -1.8559391676351338, -1.9303781867222409, -2.0115839405284932, -1.0765681804635632, -1.9797501004524603, -2.0192497427214557, -2.0339977186504727, -0.26815488104779006, -1.9175063243857851, -2.0684391641912616, -1.7265385700394464, -1.9840353430338509, -1.8097030152423168, -0.59888950540117847, 0.29390661499116694, -1.5439011996354981, -1.932513771309109, -2.0796187222170888, -2.1001273101932543, -2.0923184602866249, -1.6768143525820971, -2.04868990858325, -2.0496301226999654, -1.9451319299398915, -1.9008297637511851, -1.9268125577839348, -2.0490353786549953, -1.7537011556554025, -1.8633251075345141, -1.7505173293626009, -2.07342587745351, -2.04969764441117, -2.104827716339789, -1.9912581136927459, -2.0743370594657815, -2.0244616223578813, -1.8799028547481169, -2.0424022933676578, -2.0293768782343418, -1.7361425444201821], 'fneg': array([2, 1, 1, 0, 0, 0, 3, 2, 0, 0, 0, 2, 0, 0, 0, 3, 0, 0, 1, 0, 1, 3, 4,
       2, 0, 0, 0, 0, 1, 0, 0, 0, 0, 0, 0, 1, 0, 1, 0, 0, 0, 0, 0, 0, 0, 0,
       0, 1]), 'sensitivity': array([1.0, 1.0, 1.0, 1.0, 1.0, 1.0, 1.0, 1.0, 1.0, 1.0, 1.0, 1.0, 1.0,
       1.0, 1.0, 0.8, 1.0, 1.0, 1.0, 1.0, 1.0, 0.86666667, 0.6, 1.0, 1.0,
       1.0, 1.0, 1.0, 1.0, 1.0, 1.0, 1.0, 1.0, 1.0, 1.0, 1.0, 1.0, 1.0,
       1.0, 1.0, 1.0, 1.0, 1.0, 1.0, 1.0, 1.0, 1.0, 1.0]), 'tpos': array([3, 4, 4, 5, 5, 5, 2, 3, 5, 5, 5, 3, 5, 5, 5, 2, 5, 5, 4, 5, 4, 2, 1,
       3, 5, 5, 5, 5, 4, 5, 5, 5, 5, 5, 5, 4, 5, 4, 5, 5, 5, 5, 5, 5, 5, 5,
       5, 4])}, {'specificity': array([0.97959184, 0.73469388, 0.71428571, 0.79591837, 0.85714286,
       0.91836735, 0.93877551, 0.63265306, 0.26530612, 0.36734694,
       0.40816327, 0.42857143, 0.16326531, 0.89795918, 0.75510204,
       0.53061224, 0.18367347, 0.87755102, 0.06122449, 0.20408163,
       0.48979592, 0.44897959, 0.6122449, 0.7755102, 1.0, 0.81632653,
       0.081632653, 0.57142857, 0.30612245, 0.95918367, 0.12244898,
       0.14285714, 0.3877551, 0.55102041, 0.51020408, 0.83673469,
       0.46938776, 0.32653061, 0.69387755, 0.24489796, 0.10204082,
       0.67346939, 0.2244898, 0.020408163, 0.28571429, 0.040816327,
       0.34693878, 0.65306122, 0.59183673]), 'tneg': array([10,  6,  6,  7,  9,  9,  9,  5,  1,  2,  3,  3,  1,  9,  7,  4,  1,
        9,  1,  1,  4,  3,  4,  7, 11,  8,  1,  4,  2,  9,  1,  1,  2,  4,
        4,  8,  3,  2,  6,  1,  1,  6,  1,  0,  1,  0,  2,  5,  4]), 'fpos': array([ 1,  5,  5,  4,  2,  2,  2,  6, 10,  9,  8,  8, 10,  2,  4,  7, 10,
        2, 10, 10,  7,  8,  7,  4,  0,  3, 10,  7,  9,  2, 10, 10,  9,  7,
        7,  3,  8,  9,  5, 10, 10,  5, 10, 11, 10, 11,  9,  6,  7]), 'threshold': [-0.52977515628473182, -1.0277530112129378, -1.0338952660848912, -0.97804526432108652, -0.8568049554423175, -0.8230389563671392, -0.70290385558633872, -1.0938371233743158, -1.2026342424418517, -1.1837845287082929, -1.1765292730468018, -1.1687456331995239, -1.2074324709838606, -0.83709842606452645, -0.99278521720807211, -1.1419775058728718, -1.2067235190077321, -0.84213540254164954, -1.2469062681240895, -1.2050519464855549, -1.1506881586493571, -1.1660251912733772, -1.1050803416919022, -0.98322256669548114, -0.31804531047302409, -0.9564077110103143, -1.2330676930283744, -1.1197752399488052, -1.1928670043057059, -0.69747503490255036, -1.2215832425896247, -1.2154772988414238, -1.1830577620176037, -1.1387891407096096, -1.1485878608300684, -0.901296003567409, -1.1646849661371501, -1.1905471554011935, -1.0399784188600953, -1.2040786012745621, -1.2316418283969786, -1.085538396233855, -1.2042116947144428, -1.2745629668983607, -1.199865176946382, -1.2582754061303734, -1.185634014148933, -1.0920357778275138, -1.109257156414728], 'fneg': array([2, 0, 0, 0, 0, 0, 0, 0, 0, 0, 0, 0, 0, 0, 0, 0, 0, 0, 0, 0, 0, 0, 0,
       0, 5, 0, 0, 0, 0, 0, 0, 0, 0, 0, 0, 0, 0, 0, 0, 0, 0, 0, 0, 0, 0, 0,
       0, 0, 0]), 'sensitivity': array([1.0, 1.0, 1.0, 1.0, 1.0, 1.0, 1.0, 1.0, 1.0, 1.0, 1.0, 1.0, 1.0,
       1.0, 1.0, 1.0, 1.0, 1.0, 1.0, 1.0, 1.0, 1.0, 1.0, 1.0, 0.6, 1.0,
       1.0, 1.0, 1.0, 1.0, 1.0, 1.0, 1.0, 1.0, 1.0, 1.0, 1.0, 1.0, 1.0,
       1.0, 1.0, 1.0, 1.0, 1.0, 1.0, 1.0, 1.0, 1.0, 1.0]), 'tpos': array([3, 5, 5, 5, 5, 5, 5, 5, 5, 5, 5, 5, 5, 5, 5, 5, 5, 5, 5, 5, 5, 5, 5,
       5, 0, 5, 5, 5, 5, 5, 5, 5, 5, 5, 5, 5, 5, 5, 5, 5, 5, 5, 5, 5, 5, 5,
       5, 5, 5])}, {'specificity': array([0.96078431, 0.33333333, 0.54901961, 0.50980392, 0.019607843,
       0.90196078, 0.88235294, 0.98039216, 0.8627451, 0.82352941,
       0.41176471, 0.45098039, 0.37254902, 0.43137255, 0.35294118,
       0.80392157, 0.52941176, 0.39215686, 0.15686275, 0.21568627,
       0.039215686, 0.60784314, 0.74509804, 0.7254902, 0.94117647, 1.0,
       0.92156863, 0.78431373, 0.17647059, 0.66666667, 0.11764706,
       0.19607843, 0.58823529, 0.058823529, 0.56862745, 0.098039216,
       0.47058824, 0.62745098, 0.76470588, 0.49019608, 0.29411765,
       0.84313725, 0.68627451, 0.2745098, 0.70588235, 0.25490196,
       0.1372549, 0.078431373, 0.31372549, 0.23529412, 0.64705882]), 'tneg': array([9, 2, 3, 3, 0, 9, 9, 9, 9, 8, 3, 3, 3, 3, 2, 8, 3, 3, 2, 2, 0, 4, 5,
       5, 9, 9, 9, 8, 2, 5, 1, 2, 4, 0, 4, 0, 3, 4, 5, 3, 2, 9, 5, 2, 5, 2,
       2, 0, 2, 2, 4]), 'fpos': array([0, 7, 6, 6, 9, 0, 0, 0, 0, 1, 6, 6, 6, 6, 7, 1, 6, 6, 7, 7, 9, 5, 4,
       4, 0, 0, 0, 1, 7, 4, 8, 7, 5, 9, 5, 9, 6, 5, 4, 6, 7, 0, 4, 7, 4, 7,
       7, 9, 7, 7, 5]), 'threshold': [-0.74007228583766149, -1.4769077429298958, -1.4213167978772316, -1.4379842202319357, -1.61667668007151, -1.0662832794271981, -1.0858530362416561, -0.58227262495898213, -1.1036636173607219, -1.183019036428997, -1.4594626408100517, -1.4458528187866067, -1.4611985473268669, -1.4476512420325065, -1.4738203289513947, -1.2191987169433876, -1.4349672382881664, -1.4602666295838074, -1.5270655112874978, -1.5113562664897506, -1.6097734428194812, -1.4050774771812922, -1.353685080464188, -1.3630514879523621, -0.76464246908349542, 0.06401497693542707, -1.0535775266276133, -1.258327333434212, -1.5212836893551214, -1.3774752597294027, -1.5539057587685146, -1.5187660397656735, -1.4134189539249591, -1.6065820599726701, -1.4163549546363627, -1.5785375026127468, -1.4441365499168593, -1.3995066626709585, -1.346609645109434, -1.4438155704612932, -1.4910632916187849, -1.1281991006743124, -1.3700391272858237, -1.5020639345819324, -1.3671305928598216, -1.5021637645656965, -1.53404483825291, -1.5937216668527394, -1.4783229165022362, -1.508928710246134, -1.3930360764492906], 'fneg': array([4, 1, 1, 1, 0, 2, 2, 5, 2, 1, 1, 1, 1, 1, 1, 1, 1, 1, 1, 1, 0, 1, 1,
       1, 4, 6, 2, 1, 1, 1, 0, 1, 1, 0, 1, 0, 1, 1, 1, 1, 1, 2, 1, 1, 1, 1,
       0, 0, 1, 1, 1]), 'sensitivity': array([1.0, 1.0, 1.0, 1.0, 1.0, 1.0, 1.0, 1.0, 1.0, 1.0, 1.0, 1.0, 1.0,
       1.0, 1.0, 1.0, 1.0, 1.0, 1.0, 1.0, 1.0, 1.0, 1.0, 1.0, 1.0,
       0.61538462, 1.0, 1.0, 1.0, 1.0, 1.0, 1.0, 1.0, 1.0, 1.0, 1.0, 1.0,
       1.0, 1.0, 1.0, 1.0, 1.0, 1.0, 1.0, 1.0, 1.0, 1.0, 1.0, 1.0, 1.0, 1.0]), 'tpos': array([3, 6, 6, 6, 7, 5, 5, 2, 5, 6, 6, 6, 6, 6, 6, 6, 6, 6, 6, 6, 7, 6, 6,
       6, 3, 1, 5, 6, 6, 6, 7, 6, 6, 7, 6, 7, 6, 6, 6, 6, 6, 5, 6, 6, 6, 6,
       7, 7, 6, 6, 6])}, {'specificity': array([1.0, 0.7173913, 0.93478261, 0.95652174, 0.76086957, 0.43478261,
       0.84782609, 0.73913043, 0.5, 0.91304348, 0.47826087, 0.32608696,
       0.17391304, 0.89130435, 0.2173913, 0.15217391, 0.54347826,
       0.7826087, 0.23913043, 0.80434783, 0.41304348, 0.97826087,
       0.65217391, 0.82608696, 0.26086957, 0.10869565, 0.02173913,
       0.19565217, 0.52173913, 0.56521739, 0.2826087, 0.86956522,
       0.34782609, 0.69565217, 0.36956522, 0.63043478, 0.13043478,
       0.67391304, 0.086956522, 0.065217391, 0.45652174, 0.39130435,
       0.043478261, 0.60869565, 0.30434783, 0.58695652]), 'tneg': array([11,  2, 10, 11,  5,  2,  7,  3,  2,  9,  2,  1,  1,  8,  1,  1,  2,
        5,  1,  5,  2, 11,  2,  6,  1,  1,  1,  1,  2,  2,  1,  8,  2,  2,
        2,  2,  1,  2,  1,  1,  2,  2,  1,  2,  1,  2]), 'fpos': array([ 3, 12,  4,  3,  9, 12,  7, 11, 12,  5, 12, 13, 13,  6, 13, 13, 12,
        9, 13,  9, 12,  3, 12,  8, 13, 13, 13, 13, 12, 12, 13,  6, 12, 12,
       12, 12, 13, 12, 13, 13, 12, 12, 13, 12, 13, 12]), 'threshold': [-0.28651243108812297, -1.4868921251231819, -0.5824277833291639, -0.47455934589916171, -1.3584149776478671, -1.594480714283667, -1.2219615697834734, -1.4287048772951647, -1.573005968689474, -0.83624049804270151, -1.5735684399939407, -1.6536513184886608, -1.7072390696123376, -1.0604018251245782, -1.6960845172152839, -1.7168930851250821, -1.5573926492437997, -1.3316427196135492, -1.6884315952530433, -1.3283489993023681, -1.594993124011107, -0.31700662350592024, -1.5029773047810433, -1.2436667516642783, -1.6847117224809791, -1.739138282515807, -1.7733860826946624, -1.7038927274632107, -1.5711459002105672, -1.5470093450651914, -1.664260911998128, -1.1157191401055751, -1.6393526993484247, -1.4927989319211032, -1.6268373440432351, -1.5329797959703801, -1.726374172030591, -1.5024865075604024, -1.7440289880619329, -1.7503747256297271, -1.5927956976878126, -1.61234472333868, -1.7545853128267421, -1.5354457666241306, -1.6611965386548644, -1.537123872929071], 'fneg': array([1, 0, 1, 1, 0, 0, 0, 0, 0, 1, 0, 0, 0, 0, 0, 0, 0, 0, 0, 0, 0, 1, 0,
       0, 0, 0, 0, 0, 0, 0, 0, 0, 0, 0, 0, 0, 0, 0, 0, 0, 0, 0, 0, 0, 0, 0]), 'sensitivity': array([0.94444444, 1.0, 1.0, 1.0, 1.0, 1.0, 1.0, 1.0, 1.0, 1.0, 1.0, 1.0,
       1.0, 1.0, 1.0, 1.0, 1.0, 1.0, 1.0, 1.0, 1.0, 0.94444444, 1.0, 1.0,
       1.0, 1.0, 1.0, 1.0, 1.0, 1.0, 1.0, 1.0, 1.0, 1.0, 1.0, 1.0, 1.0,
       1.0, 1.0, 1.0, 1.0, 1.0, 1.0, 1.0, 1.0, 1.0]), 'tpos': array([1, 2, 1, 1, 2, 2, 2, 2, 2, 1, 2, 2, 2, 2, 2, 2, 2, 2, 2, 2, 2, 1, 2,
       2, 2, 2, 2, 2, 2, 2, 2, 2, 2, 2, 2, 2, 2, 2, 2, 2, 2, 2, 2, 2, 2, 2])}, {'specificity': array([0.47826087, 0.67391304, 0.58695652, 0.26086957, 0.91304348,
       0.76086957, 0.65217391, 0.7173913, 0.56521739, 0.54347826,
       0.2173913, 0.19565217, 0.93478261, 0.84782609, 0.17391304,
       0.95652174, 0.45652174, 0.36956522, 0.69565217, 0.34782609,
       0.63043478, 0.82608696, 0.97826087, 1.0, 0.80434783, 0.086956522,
       0.2826087, 0.02173913, 0.86956522, 0.043478261, 0.43478261,
       0.10869565, 0.41304348, 0.5, 0.39130435, 0.23913043, 0.89130435,
       0.32608696, 0.52173913, 0.7826087, 0.30434783, 0.065217391,
       0.13043478, 0.73913043, 0.15217391, 0.60869565]), 'tneg': array([ 4,  7,  4,  4,  9,  8,  7,  7,  4,  4,  4,  4,  9,  9,  4,  9,  4,
        4,  7,  4,  6,  9, 11, 13,  9,  1,  4,  0,  9,  0,  4,  2,  4,  4,
        4,  4,  9,  4,  4,  9,  4,  1,  3,  7,  4,  4]), 'fpos': array([10,  7, 10, 10,  5,  6,  7,  7, 10, 10, 10, 10,  5,  5, 10,  5, 10,
       10,  7, 10,  8,  5,  3,  1,  5, 13, 10, 14,  5, 14, 10, 12, 10, 10,
       10, 10,  5, 10, 10,  5, 10, 13, 11,  7, 10, 10]), 'threshold': [-1.4203082430015825, -1.2488656698630154, -1.4000675434972141, -1.47785690314989, -0.78908276907632935, -1.1507066323280542, -1.2912179479720676, -1.2375565149511991, -1.401371639109634, -1.4053074178227352, -1.5024282525863917, -1.5058645374411837, -0.74329716269944879, -0.85795124295952507, -1.5082424485616885, -0.74052439378638979, -1.4296115466982082, -1.4528934993229759, -1.2382458736630966, -1.4545210274717966, -1.2973571497058185, -1.0889788638290032, -0.18083751693880473, 0.22807466957242528, -1.1196092185602777, -1.6027786402571016, -1.4599955448975364, -1.6590896659283161, -0.83034833101754735, -1.6208178466375129, -1.4439210636312858, -1.5610497959219338, -1.444479480820863, -1.4170579263559497, -1.4519994655268038, -1.4788622080743392, -0.82501162944393758, -1.4545770673379164, -1.4106700166076216, -1.1201842986021531, -1.4581803599863445, -1.6040609395510943, -1.5405128241874142, -1.2240620850209438, -1.5109803998246094, -1.3790061079746969], 'fneg': array([0, 0, 0, 0, 0, 0, 0, 0, 0, 0, 0, 0, 0, 0, 0, 0, 0, 0, 0, 0, 0, 0, 0,
       0, 0, 0, 0, 0, 0, 0, 0, 0, 0, 0, 0, 0, 0, 0, 0, 0, 0, 0, 0, 0, 0, 0]), 'sensitivity': array([1.0, 1.0, 1.0, 1.0, 1.0, 1.0, 1.0, 1.0, 1.0, 1.0, 1.0, 1.0, 1.0,
       1.0, 1.0, 1.0, 1.0, 1.0, 1.0, 1.0, 1.0, 1.0, 0.94736842, 0.68421053,
       1.0, 1.0, 1.0, 1.0, 1.0, 1.0, 1.0, 1.0, 1.0, 1.0, 1.0, 1.0, 1.0,
       1.0, 1.0, 1.0, 1.0, 1.0, 1.0, 1.0, 1.0, 1.0]), 'tpos': array([1, 1, 1, 1, 1, 1, 1, 1, 1, 1, 1, 1, 1, 1, 1, 1, 1, 1, 1, 1, 1, 1, 1,
       1, 1, 1, 1, 1, 1, 1, 1, 1, 1, 1, 1, 1, 1, 1, 1, 1, 1, 1, 1, 1, 1, 1])}], <Model object at 0x00000000000013B5>)
#gbm
([{'specificity': array([0.72916667, 0.77083333, 0.5625, 0.041666667, 0.95833333, 0.91666667,
       1.0, 0.66666667, 0.6875, 0.8125, 0.54166667, 0.79166667, 0.89583333,
       0.41666667, 0.020833333, 0.60416667, 0.9375, 0.64583333, 0.29166667,
       0.75, 0.52083333, 0.16666667, 0.35416667, 0.85416667, 0.10416667,
       0.1875, 0.4375, 0.0625, 0.45833333, 0.47916667, 0.25, 0.83333333,
       0.3125, 0.39583333, 0.27083333, 0.875, 0.58333333, 0.33333333,
       0.625, 0.083333333, 0.20833333, 0.70833333, 0.14583333, 0.5, 0.375,
       0.97916667, 0.125, 0.22916667]), 'tneg': array([3, 3, 3, 0, 7, 7, 9, 3, 3, 3, 3, 3, 6, 3, 0, 3, 7, 3, 1, 3, 3, 1, 1,
       3, 1, 1, 3, 1, 3, 3, 1, 3, 1, 2, 1, 4, 3, 1, 3, 1, 1, 3, 1, 3, 1, 8,
       1, 1]), 'fpos': array([ 8,  8,  8, 11,  4,  4,  2,  8,  8,  8,  8,  8,  5,  8, 11,  8,  4,
        8, 10,  8,  8, 10, 10,  8, 10, 10,  8, 10,  8,  8, 10,  8, 10,  9,
       10,  7,  8, 10,  8, 10, 10,  8, 10,  8, 10,  3, 10, 10]), 'threshold': [-1.8773231932668557, -1.8674144562784139, -2.0246964682572184, -2.4480988876477729, -1.0970990278103572, -1.3939078646126133, -0.21418891975629753, -1.9260280943495323, -1.9167723143592355, -1.8195358711231149, -2.0523286528794271, -1.8229716811797379, -1.4819921563832657, -2.1307333661510914, -2.4522204321277847, -2.0100352225331437, -1.2623955571608261, -1.9327003869620703, -2.2906008648429785, -1.8744490222368726, -2.0569473293213743, -2.3445712694894043, -2.2045535992033072, -1.7959188947497278, -2.3727504119506806, -2.3436948532410526, -2.0869873527477161, -2.438777322106783, -2.0698440733305512, -2.0661775740361263, -2.2987437900861578, -1.8166350053661693, -2.2724281820736749, -2.1602442178074259, -2.2915030154154978, -1.7011423589158294, -2.0124163392977743, -2.2489784451119612, -1.9595020993630854, -2.3853296666753478, -2.3354334284046536, -1.8778640432423046, -2.358239992844994, -2.0652126104944144, -2.191499234859982, -0.92717475811980687, -2.3637721297531953, -2.3122503513885806], 'fneg': array([3, 3, 2, 0, 5, 5, 5, 2, 2, 3, 2, 3, 4, 0, 0, 2, 5, 2, 0, 3, 1, 0, 0,
       3, 0, 0, 1, 0, 1, 1, 0, 3, 0, 0, 0, 3, 2, 0, 2, 0, 0, 3, 0, 1, 0, 5,
       0, 0]), 'sensitivity': array([1.0, 1.0, 1.0, 1.0, 1.0, 1.0, 0.8, 1.0, 1.0, 1.0, 1.0, 1.0, 1.0,
       1.0, 1.0, 1.0, 1.0, 1.0, 1.0, 1.0, 1.0, 1.0, 1.0, 1.0, 1.0, 1.0,
       1.0, 1.0, 1.0, 1.0, 1.0, 1.0, 1.0, 1.0, 1.0, 1.0, 1.0, 1.0, 1.0,
       1.0, 1.0, 1.0, 1.0, 1.0, 1.0, 1.0, 1.0, 1.0]), 'tpos': array([3, 3, 4, 6, 1, 1, 1, 4, 4, 3, 4, 3, 2, 6, 6, 4, 1, 4, 6, 3, 5, 6, 6,
       3, 6, 6, 5, 6, 5, 5, 6, 3, 6, 6, 6, 3, 4, 6, 4, 6, 6, 3, 6, 5, 6, 1,
       6, 6])}, {'specificity': array([0.55102041, 0.55102041, 0.55102041, 0.55102041, 0.55102041, 1.0,
       0.7755102, 0.7755102, 0.7755102, 0.55102041, 0.55102041, 0.55102041,
       1.0, 1.0, 0.55102041, 0.55102041, 0.55102041, 0.7755102, 0.7755102,
       0.93877551, 0.93877551, 0.93877551, 0.55102041, 0.55102041,
       0.55102041, 0.55102041, 0.55102041, 0.55102041, 0.55102041,
       0.55102041, 0.7755102, 0.7755102, 0.7755102, 0.7755102, 0.7755102,
       0.7755102, 0.55102041, 0.55102041, 0.55102041, 0.93877551,
       0.55102041, 0.55102041, 0.93877551, 0.93877551, 0.55102041,
       0.55102041, 0.93877551, 0.93877551, 0.55102041]), 'tneg': array([ 4,  4,  4,  4,  4, 10,  5,  5,  5,  4,  4,  4, 10, 10,  4,  4,  4,
        5,  5,  8,  8,  8,  4,  4,  4,  4,  4,  4,  4,  4,  5,  5,  5,  5,
        5,  5,  4,  4,  4,  8,  4,  4,  8,  8,  4,  4,  8,  8,  4]), 'fpos': array([6, 6, 6, 6, 6, 0, 5, 5, 5, 6, 6, 6, 0, 0, 6, 6, 6, 5, 5, 2, 2, 2, 6,
       6, 6, 6, 6, 6, 6, 6, 5, 5, 5, 5, 5, 5, 6, 6, 6, 2, 6, 6, 2, 2, 6, 6,
       2, 2, 6]), 'threshold': [-0.596138534147114, -0.596138534147114, -0.596138534147114, -0.596138534147114, -0.596138534147114, -0.59570195062481623, -0.59601379599788606, -0.59601379599788606, -0.59601379599788606, -0.596138534147114, -0.596138534147114, -0.596138534147114, -0.59570195062481623, -0.59570195062481623, -0.596138534147114, -0.596138534147114, -0.596138534147114, -0.59601379599788606, -0.59601379599788606, -0.59596390073819483, -0.59596390073819483, -0.59596390073819483, -0.596138534147114, -0.596138534147114, -0.596138534147114, -0.596138534147114, -0.596138534147114, -0.596138534147114, -0.596138534147114, -0.596138534147114, -0.59601379599788606, -0.59601379599788606, -0.59601379599788606, -0.59601379599788606, -0.59601379599788606, -0.59601379599788606, -0.596138534147114, -0.596138534147114, -0.596138534147114, -0.59596390073819483, -0.596138534147114, -0.596138534147114, -0.59596390073819483, -0.59596390073819483, -0.596138534147114, -0.596138534147114, -0.59596390073819483, -0.59596390073819483, -0.596138534147114], 'fneg': array([4, 4, 4, 4, 4, 6, 4, 4, 4, 4, 4, 4, 6, 6, 4, 4, 4, 4, 4, 5, 5, 5, 4,
       4, 4, 4, 4, 4, 4, 4, 4, 4, 4, 4, 4, 4, 4, 4, 4, 5, 4, 4, 5, 5, 4, 4,
       5, 5, 4]), 'sensitivity': array([0.73333333, 0.73333333, 0.73333333, 0.73333333, 0.73333333, 0.0,
       0.53333333, 0.53333333, 0.53333333, 0.73333333, 0.73333333,
       0.73333333, 0.0, 0.0, 0.73333333, 0.73333333, 0.73333333,
       0.53333333, 0.53333333, 0.4, 0.4, 0.4, 0.73333333, 0.73333333,
       0.73333333, 0.73333333, 0.73333333, 0.73333333, 0.73333333,
       0.73333333, 0.53333333, 0.53333333, 0.53333333, 0.53333333,
       0.53333333, 0.53333333, 0.73333333, 0.73333333, 0.73333333, 0.4,
       0.73333333, 0.73333333, 0.4, 0.4, 0.73333333, 0.73333333, 0.4, 0.4,
       0.73333333]), 'tpos': array([2, 2, 2, 2, 2, 0, 2, 2, 2, 2, 2, 2, 0, 0, 2, 2, 2, 2, 2, 1, 1, 1, 2,
       2, 2, 2, 2, 2, 2, 2, 2, 2, 2, 2, 2, 2, 2, 2, 2, 1, 2, 2, 1, 1, 2, 2,
       1, 1, 2])}, {'specificity': array([0.97727273, 0.38636364, 0.40909091, 0.81818182, 0.93181818,
       0.95454545, 0.86363636, 0.47727273, 0.43181818, 0.84090909,
       0.61363636, 0.90909091, 0.77272727, 0.22727273, 0.63636364,
       0.13636364, 0.45454545, 1.0, 0.72727273, 0.045454545, 0.15909091,
       0.18181818, 0.56818182, 0.25, 0.59090909, 0.54545455, 0.27272727,
       0.65909091, 0.068181818, 0.31818182, 0.68181818, 0.36363636, 0.75,
       0.34090909, 0.090909091, 0.5, 0.52272727, 0.20454545, 0.79545455,
       0.70454545, 0.88636364, 0.022727273, 0.29545455, 0.11363636]), 'tneg': array([15,  2,  2,  5, 15, 15,  8,  2,  2,  6,  2, 12,  2,  2,  2,  1,  2,
       15,  2,  1,  1,  1,  2,  2,  2,  2,  2,  2,  1,  2,  2,  2,  2,  2,
        1,  2,  2,  1,  5,  2,  8,  0,  2,  1]), 'fpos': array([ 0, 13, 13, 10,  0,  0,  7, 13, 13,  9, 13,  3, 13, 13, 13, 14, 13,
        0, 13, 14, 14, 14, 13, 13, 13, 13, 13, 13, 14, 13, 13, 13, 13, 13,
       14, 13, 13, 14, 10, 13,  7, 15, 13, 14]), 'threshold': [-0.2417667621015599, -0.60321413626256559, -0.60200376803054712, -0.44982816278018695, -0.36025862329216707, -0.27940634362315675, -0.4187469140114376, -0.59231516938218787, -0.59809319865543953, -0.44001892763951161, -0.58134518732718365, -0.38495419763179084, -0.528905945728641, -0.64138156974358551, -0.57478469505722085, -0.66079076070375131, -0.59730321905704131, -0.19892192731694466, -0.53785391370910773, -0.66962436024286176, -0.66021837766974034, -0.65888417670662447, -0.585637973743773, -0.63492562204511149, -0.5854807879639482, -0.58724927989290643, -0.610116913666809, -0.56021455034139389, -0.6664070368279813, -0.60570361790244553, -0.54826461122710968, -0.60415450556697037, -0.5345099781454189, -0.60565706544609843, -0.66204117663734041, -0.59225886708702347, -0.591443677205784, -0.65584948870781345, -0.49559591478674281, -0.54605118237174322, -0.41329097560004441, -0.68001302223760574, -0.60790374966618632, -0.6609683961050169], 'fneg': array([1, 0, 0, 0, 0, 1, 0, 0, 0, 0, 0, 0, 0, 0, 0, 0, 0, 1, 0, 0, 0, 0, 0,
       0, 0, 0, 0, 0, 0, 0, 0, 0, 0, 0, 0, 0, 0, 0, 0, 0, 0, 0, 0, 0]), 'sensitivity': array([0.85, 1.0, 1.0, 1.0, 0.95, 0.85, 1.0, 1.0, 1.0, 1.0, 1.0, 1.0, 1.0,
       1.0, 1.0, 1.0, 1.0, 0.8, 1.0, 1.0, 1.0, 1.0, 1.0, 1.0, 1.0, 1.0,
       1.0, 1.0, 1.0, 1.0, 1.0, 1.0, 1.0, 1.0, 1.0, 1.0, 1.0, 1.0, 1.0,
       1.0, 1.0, 1.0, 1.0, 1.0]), 'tpos': array([0, 1, 1, 1, 1, 0, 1, 1, 1, 1, 1, 1, 1, 1, 1, 1, 1, 0, 1, 1, 1, 1, 1,
       1, 1, 1, 1, 1, 1, 1, 1, 1, 1, 1, 1, 1, 1, 1, 1, 1, 1, 1, 1, 1])}, {'specificity': array([1.0, 0.69387755, 0.81632653, 0.69387755, 0.81632653, 0.81632653,
       1.0, 0.81632653, 0.69387755, 0.69387755, 0.69387755, 0.69387755,
       0.69387755, 0.81632653, 0.69387755, 0.69387755, 0.69387755, 1.0,
       0.69387755, 0.69387755, 0.69387755, 0.81632653, 0.69387755,
       0.69387755, 0.69387755, 0.69387755, 1.0, 1.0, 0.69387755,
       0.69387755, 0.69387755, 0.69387755, 1.0, 0.69387755, 0.69387755,
       0.69387755, 0.69387755, 0.69387755, 0.69387755, 0.69387755,
       0.69387755, 0.69387755, 0.69387755, 0.69387755, 1.0, 1.0,
       0.69387755, 1.0, 0.69387755]), 'tneg': array([10,  8,  8,  8,  8,  8, 10,  8,  8,  8,  8,  8,  8,  8,  8,  8,  8,
       10,  8,  8,  8,  8,  8,  8,  8,  8, 10, 10,  8,  8,  8,  8, 10,  8,
        8,  8,  8,  8,  8,  8,  8,  8,  8,  8, 10, 10,  8, 10,  8]), 'fpos': array([0, 2, 2, 2, 2, 2, 0, 2, 2, 2, 2, 2, 2, 2, 2, 2, 2, 0, 2, 2, 2, 2, 2,
       2, 2, 2, 0, 0, 2, 2, 2, 2, 0, 2, 2, 2, 2, 2, 2, 2, 2, 2, 2, 2, 0, 0,
       2, 0, 2]), 'threshold': [-0.6727860179833991, -0.67309549365058907, -0.67290391347566192, -0.67309549365058907, -0.67290391347566192, -0.67290391347566192, -0.6727860179833991, -0.67290391347566192, -0.67309549365058907, -0.67309549365058907, -0.67309549365058907, -0.67309549365058907, -0.67309549365058907, -0.67290391347566192, -0.67309549365058907, -0.67309549365058907, -0.67309549365058907, -0.6727860179833991, -0.67309549365058907, -0.67309549365058907, -0.67309549365058907, -0.67290391347566192, -0.67309549365058907, -0.67309549365058907, -0.67309549365058907, -0.67309549365058907, -0.6727860179833991, -0.6727860179833991, -0.67309549365058907, -0.67309549365058907, -0.67309549365058907, -0.67309549365058907, -0.6727860179833991, -0.67309549365058907, -0.67309549365058907, -0.67309549365058907, -0.67309549365058907, -0.67309549365058907, -0.67309549365058907, -0.67309549365058907, -0.67309549365058907, -0.67309549365058907, -0.67309549365058907, -0.67309549365058907, -0.6727860179833991, -0.6727860179833991, -0.67309549365058907, -0.6727860179833991, -0.67309549365058907], 'fneg': array([6, 2, 6, 2, 6, 6, 6, 6, 2, 2, 2, 2, 2, 6, 2, 2, 2, 6, 2, 2, 2, 6, 2,
       2, 2, 2, 6, 6, 2, 2, 2, 2, 6, 2, 2, 2, 2, 2, 2, 2, 2, 2, 2, 2, 6, 6,
       2, 6, 2]), 'sensitivity': array([0.0, 0.8, 0.46666667, 0.8, 0.46666667, 0.46666667, 0.0, 0.46666667,
       0.8, 0.8, 0.8, 0.8, 0.8, 0.46666667, 0.8, 0.8, 0.8, 0.0, 0.8, 0.8,
       0.8, 0.46666667, 0.8, 0.8, 0.8, 0.8, 0.0, 0.0, 0.8, 0.8, 0.8, 0.8,
       0.0, 0.8, 0.8, 0.8, 0.8, 0.8, 0.8, 0.8, 0.8, 0.8, 0.8, 0.8, 0.0,
       0.0, 0.8, 0.0, 0.8]), 'tpos': array([0, 4, 0, 4, 0, 0, 0, 0, 4, 4, 4, 4, 4, 0, 4, 4, 4, 0, 4, 4, 4, 0, 4,
       4, 4, 4, 0, 0, 4, 4, 4, 4, 0, 4, 4, 4, 4, 4, 4, 4, 4, 4, 4, 4, 0, 0,
       4, 0, 4])}, {'specificity': array([0.97826087, 0.26086957, 0.89130435, 0.54347826, 0.2826087,
       0.93478261, 0.91304348, 0.65217391, 0.63043478, 0.86956522,
       0.043478261, 0.82608696, 0.95652174, 0.23913043, 0.80434783,
       0.41304348, 0.15217391, 0.30434783, 1.0, 0.45652174, 0.39130435,
       0.7826087, 0.02173913, 0.34782609, 0.36956522, 0.065217391,
       0.58695652, 0.32608696, 0.43478261, 0.52173913, 0.10869565,
       0.73913043, 0.84782609, 0.47826087, 0.19565217, 0.7173913,
       0.56521739, 0.2173913, 0.5, 0.67391304, 0.086956522, 0.60869565,
       0.76086957, 0.13043478, 0.69565217, 0.17391304]), 'tneg': array([12,  1,  7,  1,  1,  9,  7,  2,  2,  7,  0,  4,  9,  1,  4,  1,  1,
        1, 12,  1,  1,  4,  0,  1,  1,  0,  1,  1,  1,  1,  0,  4,  5,  1,
        1,  3,  1,  1,  1,  2,  0,  2,  4,  0,  2,  1]), 'fpos': array([ 1, 12,  6, 12, 12,  4,  6, 11, 11,  6, 13,  9,  4, 12,  9, 12, 12,
       12,  1, 12, 12,  9, 13, 12, 12, 13, 12, 12, 12, 12, 13,  9,  8, 12,
       12, 10, 12, 12, 12, 11, 13, 11,  9, 13, 11, 12]), 'threshold': [-0.13107520095293651, -0.90732556665282726, -0.56676637948763886, -0.80630378598214147, -0.89861786968786528, -0.406106218768065, -0.53199227067947785, -0.75718403763894393, -0.76123557889005544, -0.58406946176645014, -0.99926148926863145, -0.67101796966880567, -0.40095435451833977, -0.91146661373439408, -0.67534384391890778, -0.83457491994281052, -0.95139550274647788, -0.89587883772229138, -0.096843634883312033, -0.82285677550662684, -0.835632581994327, -0.67712013816798533, -1.0181217349374261, -0.85328935365417513, -0.83654234326290755, -0.98920553887250962, -0.80397270939361842, -0.89561944461794252, -0.82588108096414825, -0.80752803774074466, -0.97074011274669658, -0.71530041941268685, -0.6331709999735845, -0.81622785503791606, -0.94836005580528326, -0.72123675954649591, -0.80533350364103973, -0.94070926206769778, -0.81405920444778634, -0.75066914376109928, -0.97347671989708928, -0.77351576446292081, -0.70882886828685521, -0.9562880259290597, -0.73061469360479458, -0.94852179892811561], 'fneg': array([2, 0, 0, 0, 0, 0, 0, 0, 0, 0, 0, 0, 0, 0, 0, 0, 0, 0, 2, 0, 0, 0, 0,
       0, 0, 0, 0, 0, 0, 0, 0, 0, 0, 0, 0, 0, 0, 0, 0, 0, 0, 0, 0, 0, 0, 0]), 'sensitivity': array([0.57894737, 1.0, 1.0, 1.0, 1.0, 0.94736842, 1.0, 1.0, 1.0, 1.0, 1.0,
       1.0, 0.94736842, 1.0, 1.0, 1.0, 1.0, 1.0, 0.57894737, 1.0, 1.0, 1.0,
       1.0, 1.0, 1.0, 1.0, 1.0, 1.0, 1.0, 1.0, 1.0, 1.0, 1.0, 1.0, 1.0,
       1.0, 1.0, 1.0, 1.0, 1.0, 1.0, 1.0, 1.0, 1.0, 1.0, 1.0]), 'tpos': array([0, 2, 2, 2, 2, 2, 2, 2, 2, 2, 2, 2, 2, 2, 2, 2, 2, 2, 0, 2, 2, 2, 2,
       2, 2, 2, 2, 2, 2, 2, 2, 2, 2, 2, 2, 2, 2, 2, 2, 2, 2, 2, 2, 2, 2, 2])}], <Model object at 0x0000000000001A0C>)
#gbm
([{'specificity': array([1.0, 1.0, 0.58333333, 0.58333333, 0.58333333, 0.58333333, 1.0, 1.0,
       1.0, 0.58333333, 1.0, 0.58333333, 0.70833333, 0.70833333,
       0.58333333, 0.70833333, 1.0, 0.70833333, 0.70833333, 0.58333333,
       0.58333333, 0.58333333, 0.70833333, 0.58333333, 0.58333333,
       0.58333333, 0.58333333, 0.58333333, 0.58333333, 1.0, 1.0, 1.0,
       0.58333333, 0.58333333, 1.0, 0.58333333, 1.0, 0.58333333, 1.0,
       0.58333333, 0.58333333, 1.0, 0.58333333, 0.58333333, 0.58333333,
       0.58333333, 0.58333333, 0.58333333]), 'tneg': array([14, 14,  5,  5,  5,  5, 14, 14, 14,  5, 14,  5,  9,  9,  5,  9, 14,
        9,  9,  5,  5,  5,  9,  5,  5,  5,  5,  5,  5, 14, 14, 14,  5,  5,
       14,  5, 14,  5, 14,  5,  5, 14,  5,  5,  5,  5,  5,  5]), 'fpos': array([0, 0, 9, 9, 9, 9, 0, 0, 0, 9, 0, 9, 5, 5, 9, 5, 0, 5, 5, 9, 9, 9, 5,
       9, 9, 9, 9, 9, 9, 0, 0, 0, 9, 9, 0, 9, 0, 9, 0, 9, 9, 0, 9, 9, 9, 9,
       9, 9]), 'threshold': [-0.61289298784367385, -0.61289298784367385, -0.61325863955307558, -0.61325863955307558, -0.61325863955307558, -0.61325863955307558, -0.61289298784367385, -0.61289298784367385, -0.61289298784367385, -0.61325863955307558, -0.61289298784367385, -0.61325863955307558, -0.61299537032230633, -0.61299537032230633, -0.61325863955307558, -0.61299537032230633, -0.61289298784367385, -0.61299537032230633, -0.61299537032230633, -0.61325863955307558, -0.61325863955307558, -0.61325863955307558, -0.61299537032230633, -0.61325863955307558, -0.61325863955307558, -0.61325863955307558, -0.61325863955307558, -0.61325863955307558, -0.61325863955307558, -0.61289298784367385, -0.61289298784367385, -0.61289298784367385, -0.61325863955307558, -0.61325863955307558, -0.61289298784367385, -0.61325863955307558, -0.61289298784367385, -0.61325863955307558, -0.61289298784367385, -0.61325863955307558, -0.61325863955307558, -0.61289298784367385, -0.61325863955307558, -0.61325863955307558, -0.61325863955307558, -0.61325863955307558, -0.61325863955307558, -0.61325863955307558], 'fneg': array([3, 3, 0, 0, 0, 0, 3, 3, 3, 0, 3, 0, 1, 1, 0, 1, 3, 1, 1, 0, 0, 0, 1,
       0, 0, 0, 0, 0, 0, 3, 3, 3, 0, 0, 3, 0, 3, 0, 3, 0, 0, 3, 0, 0, 0, 0,
       0, 0]), 'sensitivity': array([0.0, 0.0, 0.875, 0.875, 0.875, 0.875, 0.0, 0.0, 0.0, 0.875, 0.0,
       0.875, 0.5, 0.5, 0.875, 0.5, 0.0, 0.5, 0.5, 0.875, 0.875, 0.875,
       0.5, 0.875, 0.875, 0.875, 0.875, 0.875, 0.875, 0.0, 0.0, 0.0, 0.875,
       0.875, 0.0, 0.875, 0.0, 0.875, 0.0, 0.875, 0.875, 0.0, 0.875, 0.875,
       0.875, 0.875, 0.875, 0.875]), 'tpos': array([0, 0, 3, 3, 3, 3, 0, 0, 0, 3, 0, 3, 2, 2, 3, 2, 0, 2, 2, 3, 3, 3, 2,
       3, 3, 3, 3, 3, 3, 0, 0, 0, 3, 3, 0, 3, 0, 3, 0, 3, 3, 0, 3, 3, 3, 3,
       3, 3])}, {'specificity': array([0.97959184, 0.44897959, 0.36734694, 0.7755102, 0.69387755,
       0.79591837, 0.85714286, 0.93877551, 0.42857143, 0.65306122,
       0.51020408, 0.30612245, 0.48979592, 0.67346939, 0.6122449,
       0.34693878, 0.040816327, 0.91836735, 0.2244898, 0.87755102,
       0.75510204, 0.57142857, 0.53061224, 0.71428571, 0.81632653, 1.0,
       0.40816327, 0.20408163, 0.12244898, 0.10204082, 0.46938776,
       0.3877551, 0.18367347, 0.63265306, 0.28571429, 0.89795918,
       0.06122449, 0.55102041, 0.24489796, 0.16326531, 0.83673469,
       0.32653061, 0.081632653, 0.59183673, 0.95918367, 0.020408163,
       0.26530612, 0.73469388, 0.14285714]), 'tneg': array([11,  2,  2,  5,  4,  5,  8, 11,  2,  4,  2,  2,  2,  4,  3,  2,  0,
       10,  2,  8,  5,  3,  3,  5,  8, 12,  2,  2,  1,  0,  2,  2,  2,  4,
        2,  8,  0,  3,  2,  2,  8,  2,  0,  3, 11,  0,  2,  5,  1]), 'fpos': array([ 2, 11, 11,  8,  9,  8,  5,  2, 11,  9, 11, 11, 11,  9, 10, 11, 13,
        3, 11,  5,  8, 10, 10,  8,  5,  1, 11, 11, 12, 13, 11, 11, 11,  9,
       11,  5, 13, 10, 11, 11,  5, 11, 13, 10,  2, 13, 11,  8, 12]), 'threshold': [-0.64636080868233736, -1.0618057729027477, -1.0875898180057748, -0.92919949490267184, -0.9980746827406981, -0.91955703953016565, -0.84970211427790865, -0.72329729203872539, -1.0763623061579932, -1.0066029506769296, -1.0344753190172848, -1.1000104401146997, -1.0569284262427143, -0.99930829638218988, -1.0128792844181749, -1.0878480261530392, -1.2239022574212803, -0.75366597519359479, -1.1315136365356546, -0.83425929238377627, -0.9425094490052417, -1.0144543329292088, -1.0202791020388735, -0.95661705371088956, -0.86322743581796324, -0.4920856693591818, -1.076505543178701, -1.14687466217987, -1.181054434019025, -1.1899673846005345, -1.0588017445050046, -1.0823880252521527, -1.1469209981193771, -1.0081794305288874, -1.1006200867641864, -0.82125344987386861, -1.203369991230842, -1.0159873852073593, -1.1209542692958217, -1.1586778677241298, -0.86098125703446793, -1.098947532753249, -1.1987882529387968, -1.0141677478955615, -0.6989672357467368, -1.2274197258321209, -1.1148571279427664, -0.95251825817492686, -1.1799821032540467], 'fneg': array([1, 0, 0, 0, 0, 0, 1, 1, 0, 0, 0, 0, 0, 0, 0, 0, 0, 1, 0, 1, 0, 0, 0,
       0, 1, 2, 0, 0, 0, 0, 0, 0, 0, 0, 0, 1, 0, 0, 0, 0, 1, 0, 0, 0, 1, 0,
       0, 0, 0]), 'sensitivity': array([1.0, 1.0, 1.0, 1.0, 1.0, 1.0, 1.0, 1.0, 1.0, 1.0, 1.0, 1.0, 1.0,
       1.0, 1.0, 1.0, 1.0, 1.0, 1.0, 1.0, 1.0, 1.0, 1.0, 1.0, 1.0, 0.9375,
       1.0, 1.0, 1.0, 1.0, 1.0, 1.0, 1.0, 1.0, 1.0, 1.0, 1.0, 1.0, 1.0,
       1.0, 1.0, 1.0, 1.0, 1.0, 1.0, 1.0, 1.0, 1.0, 1.0]), 'tpos': array([2, 3, 3, 3, 3, 3, 2, 2, 3, 3, 3, 3, 3, 3, 3, 3, 3, 2, 3, 2, 3, 3, 3,
       3, 2, 1, 3, 3, 3, 3, 3, 3, 3, 3, 3, 2, 3, 3, 3, 3, 2, 3, 3, 3, 2, 3,
       3, 3, 3])}, {'specificity': array([0.97916667, 0.33333333, 0.22916667, 0.75, 0.125, 0.72916667,
       0.79166667, 0.91666667, 1.0, 0.5625, 0.4375, 0.70833333, 0.83333333,
       0.29166667, 0.66666667, 0.020833333, 0.54166667, 0.875, 0.3125,
       0.77083333, 0.64583333, 0.35416667, 0.5, 0.6875, 0.95833333,
       0.27083333, 0.9375, 0.041666667, 0.89583333, 0.1875, 0.375,
       0.16666667, 0.25, 0.625, 0.20833333, 0.47916667, 0.85416667,
       0.083333333, 0.45833333, 0.14583333, 0.58333333, 0.10416667,
       0.41666667, 0.60416667, 0.52083333, 0.39583333, 0.8125, 0.0625]), 'tneg': array([11,  2,  2,  6,  1,  6,  6,  8, 11,  2,  2,  6,  7,  2,  5,  1,  2,
        7,  2,  6,  5,  2,  2,  6, 11,  2,  8,  1,  7,  2,  2,  2,  2,  5,
        2,  2,  7,  1,  2,  2,  2,  1,  2,  2,  2,  2,  6,  1]), 'fpos': array([ 3, 12, 12,  8, 13,  8,  8,  6,  3, 12, 12,  8,  7, 12,  9, 13, 12,
        7, 12,  8,  9, 12, 12,  8,  3, 12,  6, 13,  7, 12, 12, 12, 12,  9,
       12, 12,  7, 13, 12, 12, 12, 13, 12, 12, 12, 12,  8, 13]), 'threshold': [-0.65034327737996045, -1.2810397597016787, -1.3725411501580753, -1.0477270132433796, -1.4138672994138464, -1.0483858785510427, -1.019722218831034, -0.9176232561015254, -0.53332231292832444, -1.1790888770829238, -1.229990420121142, -1.0527677045001893, -1.0014150717845085, -1.3523687443120425, -1.1190169646940418, -1.5261381806947656, -1.1887437782396275, -0.97496360940427917, -1.3051494780418884, -1.0402621526164064, -1.121181937729941, -1.2436602625552502, -1.2057459579899252, -1.0740916103096008, -0.7045986717025825, -1.3623751519427083, -0.81948357777699321, -1.4501801840784252, -0.96020150802843407, -1.3831671591658841, -1.2394812249182485, -1.3831931087686322, -1.3627077838520012, -1.1341464727402943, -1.3820352119022443, -1.2239290295536878, -0.995684603984882, -1.4318386550975035, -1.2265852567326154, -1.3842276431922473, -1.1740701343441928, -1.4172285090199766, -1.2348915581193485, -1.1731648810758253, -1.203053883707456, -1.2376811759691451, -1.0179760665353932, -1.4474655222951616], 'fneg': array([1, 0, 0, 1, 0, 1, 1, 1, 1, 1, 0, 1, 1, 0, 1, 0, 1, 1, 0, 1, 1, 0, 0,
       1, 1, 0, 1, 0, 1, 0, 0, 0, 0, 1, 0, 0, 1, 0, 0, 0, 1, 0, 0, 1, 0, 0,
       1, 0]), 'sensitivity': array([1.0, 1.0, 1.0, 1.0, 1.0, 1.0, 1.0, 1.0, 1.0, 1.0, 1.0, 1.0, 1.0,
       1.0, 1.0, 1.0, 1.0, 1.0, 1.0, 1.0, 1.0, 1.0, 1.0, 1.0, 1.0, 1.0,
       1.0, 1.0, 1.0, 1.0, 1.0, 1.0, 1.0, 1.0, 1.0, 1.0, 1.0, 1.0, 1.0,
       1.0, 1.0, 1.0, 1.0, 1.0, 1.0, 1.0, 1.0, 1.0]), 'tpos': array([1, 2, 2, 1, 2, 1, 1, 1, 1, 1, 2, 1, 1, 2, 1, 2, 1, 1, 2, 1, 1, 2, 2,
       1, 1, 2, 1, 2, 1, 2, 2, 2, 2, 1, 2, 2, 1, 2, 2, 2, 1, 2, 2, 1, 2, 2,
       1, 2])}, {'specificity': array([1.0, 0.32075472, 0.11320755, 0.8490566, 0.056603774, 0.50943396,
       0.49056604, 0.73584906, 0.90566038, 0.64150943, 0.16981132,
       0.41509434, 0.43396226, 0.22641509, 0.9245283, 0.88679245,
       0.47169811, 0.60377358, 0.56603774, 0.037735849, 0.86792453,
       0.75471698, 0.94339623, 0.58490566, 0.13207547, 0.37735849,
       0.35849057, 0.69811321, 0.96226415, 0.30188679, 0.77358491,
       0.33962264, 0.094339623, 0.075471698, 0.26415094, 0.67924528,
       0.28301887, 0.66037736, 0.83018868, 0.79245283, 0.54716981,
       0.24528302, 0.18867925, 0.81132075, 0.45283019, 0.1509434,
       0.39622642, 0.52830189, 0.98113208, 0.018867925, 0.71698113,
       0.62264151, 0.20754717]), 'tneg': array([9, 3, 0, 7, 0, 4, 4, 6, 7, 5, 1, 4, 4, 3, 8, 7, 4, 5, 4, 0, 7, 6, 8,
       5, 0, 3, 3, 5, 8, 3, 6, 3, 0, 0, 3, 5, 3, 5, 7, 6, 4, 3, 2, 6, 4, 1,
       4, 4, 9, 0, 6, 5, 2]), 'fpos': array([0, 6, 9, 2, 9, 5, 5, 3, 2, 4, 8, 5, 5, 6, 1, 2, 5, 4, 5, 9, 2, 3, 1,
       4, 9, 6, 6, 4, 1, 6, 3, 6, 9, 9, 6, 4, 6, 4, 2, 3, 5, 6, 7, 3, 5, 8,
       5, 5, 0, 9, 3, 4, 7]), 'threshold': [-0.79417716052347986, -1.3083886493818409, -1.3527755085388764, -1.060716696763468, -1.3619808535875539, -1.2453174032536536, -1.2454174392923467, -1.1537743826076492, -1.0040460245963221, -1.1975633434541375, -1.3378880859433284, -1.2662967750221761, -1.2621968154829997, -1.3274857659526076, -0.97968231516533189, -1.0346118347875049, -1.2503573025605028, -1.2084836156864514, -1.2289420212424802, -1.368505707473638, -1.0391849762710343, -1.1521008617205557, -0.93505588058029487, -1.2172514574812337, -1.3487113888769802, -1.2921306800236054, -1.2926084682381234, -1.1679888416695887, -0.92231725241621787, -1.3111237744951281, -1.1348503004244395, -1.2979527540019749, -1.3561897307381119, -1.3589522212087535, -1.3190292860272275, -1.173945724874033, -1.3156202672398496, -1.189937214272627, -1.0859374897487701, -1.1089206175902264, -1.2310502880560774, -1.3254755441681494, -1.3321784263188525, -1.1068180361339364, -1.2583815484404912, -1.3385066961272534, -1.275719842466515, -1.243235883789402, -0.87195115423252734, -1.3766954197768335, -1.1553408336033768, -1.2019462643084089, -1.3302979534716506], 'fneg': array([6, 0, 0, 4, 0, 0, 0, 1, 6, 1, 0, 0, 0, 0, 6, 5, 0, 1, 1, 0, 5, 1, 6,
       1, 0, 0, 0, 1, 6, 0, 1, 0, 0, 0, 0, 1, 0, 1, 2, 2, 1, 0, 0, 2, 0, 0,
       0, 0, 6, 0, 1, 1, 0]), 'sensitivity': array([0.75, 1.0, 1.0, 1.0, 1.0, 1.0, 1.0, 1.0, 1.0, 1.0, 1.0, 1.0, 1.0,
       1.0, 1.0, 1.0, 1.0, 1.0, 1.0, 1.0, 1.0, 1.0, 1.0, 1.0, 1.0, 1.0,
       1.0, 1.0, 1.0, 1.0, 1.0, 1.0, 1.0, 1.0, 1.0, 1.0, 1.0, 1.0, 1.0,
       1.0, 1.0, 1.0, 1.0, 1.0, 1.0, 1.0, 1.0, 1.0, 0.91666667, 1.0, 1.0,
       1.0, 1.0]), 'tpos': array([1, 7, 7, 3, 7, 7, 7, 6, 1, 6, 7, 7, 7, 7, 1, 2, 7, 6, 6, 7, 2, 6, 1,
       6, 7, 7, 7, 6, 1, 7, 6, 7, 7, 7, 7, 6, 7, 6, 5, 5, 6, 7, 7, 5, 7, 7,
       7, 7, 1, 7, 6, 6, 7])}, {'specificity': array([1.0, 0.58, 0.26, 0.42, 0.84, 0.46, 0.96, 0.78, 0.1, 0.48, 0.64,
       0.82, 0.74, 0.38, 0.44, 0.2, 0.72, 0.92, 0.66, 0.6, 0.12, 0.52,
       0.68, 0.9, 0.94, 0.16, 0.4, 0.56, 0.06, 0.04, 0.8, 0.24, 0.88, 0.76,
       0.22, 0.5, 0.34, 0.86, 0.08, 0.62, 0.18, 0.7, 0.54, 0.14, 0.36,
       0.32, 0.28, 0.98, 0.02, 0.3]), 'tneg': array([12,  4,  3,  3,  6,  3, 12,  6,  1,  3,  6,  6,  6,  3,  3,  1,  6,
       12,  6,  4,  1,  3,  6, 12, 12,  1,  3,  3,  1,  1,  6,  2,  9,  6,
        1,  3,  3,  9,  1,  5,  1,  6,  3,  1,  3,  3,  3, 12,  1,  3]), 'fpos': array([ 0,  8,  9,  9,  6,  9,  0,  6, 11,  9,  6,  6,  6,  9,  9, 11,  6,
        0,  6,  8, 11,  9,  6,  0,  0, 11,  9,  9, 11, 11,  6, 10,  3,  6,
       11,  9,  9,  3, 11,  7, 11,  6,  9, 11,  9,  9,  9,  0, 11,  9]), 'threshold': [-0.71589755485382833, -0.849102261192564, -0.86818295585147487, -0.85837363385330134, -0.81982279934549074, -0.85653073588074247, -0.74781764571029552, -0.826306976326369, -0.88347573004913715, -0.85620104696684507, -0.83771397063375763, -0.82067991413927888, -0.8311833589803419, -0.86091788195797359, -0.85653241498008414, -0.87468073263668067, -0.83543006122743635, -0.77164822464514071, -0.837583954504339, -0.8456684614482024, -0.88150440160908794, -0.85466478419616976, -0.836576541875766, -0.7758666551221084, -0.75245140006693645, -0.87913743765486985, -0.85865237348979628, -0.85177790198980019, -0.88775999621824975, -0.89003687720999669, -0.82461494403118918, -0.87024915892235655, -0.79544924263881234, -0.82857718880281939, -0.87265847587354362, -0.85494208990948806, -0.86363510829661383, -0.79743060231276386, -0.88751827076694423, -0.84132799885051013, -0.87891984868600859, -0.83620569438407322, -0.85221860734630783, -0.879977006478775, -0.86092869846502063, -0.86364508491015235, -0.8663983015617307, -0.74603569475084786, -0.89064220060314825, -0.86479909904062868], 'fneg': array([4, 0, 0, 0, 1, 0, 4, 0, 0, 0, 0, 1, 0, 0, 0, 0, 0, 3, 0, 0, 0, 0, 0,
       2, 4, 0, 0, 0, 0, 0, 0, 0, 1, 0, 0, 0, 0, 1, 0, 0, 0, 0, 0, 0, 0, 0,
       0, 4, 0, 0]), 'sensitivity': array([0.73333333, 1.0, 1.0, 1.0, 1.0, 1.0, 1.0, 1.0, 1.0, 1.0, 1.0, 1.0,
       1.0, 1.0, 1.0, 1.0, 1.0, 1.0, 1.0, 1.0, 1.0, 1.0, 1.0, 1.0, 1.0,
       1.0, 1.0, 1.0, 1.0, 1.0, 1.0, 1.0, 1.0, 1.0, 1.0, 1.0, 1.0, 1.0,
       1.0, 1.0, 1.0, 1.0, 1.0, 1.0, 1.0, 1.0, 1.0, 1.0, 1.0, 1.0]), 'tpos': array([0, 4, 4, 4, 3, 4, 0, 4, 4, 4, 4, 3, 4, 4, 4, 4, 4, 1, 4, 4, 4, 4, 4,
       2, 0, 4, 4, 4, 4, 4, 4, 4, 3, 4, 4, 4, 4, 3, 4, 4, 4, 4, 4, 4, 4, 4,
       4, 0, 4, 4])}], <Model object at 0x0000000000002063>)
