#adapt
([{'specificity': array([0.33333333, 0.61538462, 0.69230769, 0.94871795, 1.0, 0.92307692,
       0.71794872, 0.43589744, 0.8974359, 0.35897436, 0.41025641,
       0.64102564, 0.28205128, 0.53846154, 0.23076923, 0.76923077,
       0.38461538, 0.12820513, 0.17948718, 0.1025641, 0.56410256,
       0.30769231, 0.87179487, 0.84615385, 0.79487179, 0.82051282,
       0.076923077, 0.51282051, 0.051282051, 0.48717949, 0.20512821,
       0.25641026, 0.74358974, 0.15384615, 0.66666667, 0.97435897,
       0.46153846, 0.58974359, 0.025641026]), 'tneg': array([ 3,  7,  9, 10, 11, 10,  9,  6, 10,  5,  5,  8,  3,  6,  3, 10,  5,
        1,  2,  1,  7,  3, 10, 10, 10, 10,  0,  6,  0,  6,  2,  3, 10,  1,
        8, 11,  6,  7,  0]), 'fpos': array([ 9,  5,  3,  2,  1,  2,  3,  6,  2,  7,  7,  4,  9,  6,  9,  2,  7,
       11, 10, 11,  5,  9,  2,  2,  2,  2, 12,  6, 12,  6, 10,  9,  2, 11,
        4,  1,  6,  5, 12]), 'threshold': [1.7278500454644989, 1.8353047013781592, 1.8801316611897339, 2.2210152517773647, 2.3166256159696346, 2.0393338330629054, 1.9112680658325023, 1.7758820772856094, 2.0364761998548295, 1.7585309358283221, 1.7662360324971851, 1.8692910203773869, 1.6445317881179167, 1.7918519747529107, 1.6240244105906734, 1.9841290924386226, 1.7594120775438884, 1.5516798484617644, 1.5783493524759338, 1.5377841178497256, 1.8234979946274033, 1.7250789492098941, 2.0121950977822065, 2.005047606205804, 2.0025932289069024, 2.0036123094603395, 1.4354748405958671, 1.7885026889853293, 1.2329094492458621, 1.7878603672314348, 1.5802850489869968, 1.6339917069239078, 1.977823014983839, 1.569921960680766, 1.871363742649697, 2.2567379774760914, 1.7835398093366053, 1.8250300478982313, 1.1344879851447376], 'fneg': array([0, 1, 1, 3, 4, 3, 1, 1, 3, 0, 0, 1, 0, 1, 0, 3, 0, 0, 0, 0, 1, 0, 3,
       3, 3, 3, 0, 1, 0, 1, 0, 0, 3, 0, 1, 3, 1, 1, 0]), 'sensitivity': array([0.91304348, 0.7826087, 0.73913043, 0.26086957, 0.2173913,
       0.52173913, 0.65217391, 0.86956522, 0.52173913, 0.91304348,
       0.91304348, 0.73913043, 0.95652174, 0.86956522, 0.95652174,
       0.56521739, 0.91304348, 0.95652174, 0.95652174, 0.95652174,
       0.7826087, 0.91304348, 0.52173913, 0.56521739, 0.56521739,
       0.56521739, 1.0, 0.86956522, 1.0, 0.86956522, 0.95652174,
       0.95652174, 0.56521739, 0.95652174, 0.73913043, 0.2173913,
       0.86956522, 0.7826087, 1.0]), 'tpos': array([5, 4, 4, 2, 1, 2, 4, 4, 2, 5, 5, 4, 5, 4, 5, 2, 5, 5, 5, 5, 4, 5, 2,
       2, 2, 2, 5, 4, 5, 4, 5, 5, 2, 5, 4, 2, 4, 4, 5])}, {'specificity': array([1.0, 0.675, 0.3, 0.225, 0.65, 0.875, 0.825, 0.775, 0.925, 0.6,
       0.625, 0.275, 0.25, 0.525, 0.5, 0.35, 0.125, 0.45, 0.9, 0.975,
       0.175, 0.8, 0.4, 0.075, 0.85, 0.75, 0.575, 0.95, 0.7, 0.2, 0.05,
       0.325, 0.475, 0.15, 0.1, 0.725, 0.55, 0.425, 0.375, 0.025]), 'tneg': array([12, 10,  5,  2, 10, 11, 11, 11, 12, 10, 10,  2,  2,  7,  7,  6,  1,
        6, 11, 12,  1, 11,  6,  0, 11, 11, 10, 12, 11,  2,  0,  5,  6,  1,
        1, 11, 10,  6,  6,  0]), 'fpos': array([ 0,  2,  7, 10,  2,  1,  1,  1,  0,  2,  2, 10, 10,  5,  5,  6, 11,
        6,  1,  0, 11,  1,  6, 12,  1,  1,  2,  0,  1, 10, 12,  7,  6, 11,
       11,  1,  2,  6,  6, 12]), 'threshold': [2.386441101662462, 1.95686168997596, 1.7644840023407131, 1.6797292623960489, 1.9558334449288408, 2.1160015429571777, 2.1042624844019522, 2.0581538390044005, 2.2256302781535178, 1.9286055798458872, 1.9376890761411878, 1.705139402778882, 1.6999939778614122, 1.8482422876045881, 1.8401287926188097, 1.7981924456574427, 1.5542417164379656, 1.8179809536193914, 2.181956990643573, 2.2361070897055475, 1.6068281820692894, 2.0744001010892728, 1.8030272415169852, 1.5305096146864388, 2.1063983057332321, 2.0230961518815689, 1.9003512938373082, 2.2337617769936795, 2.0023334511791391, 1.6353825866584024, 1.5170372510949668, 1.7660147088449503, 1.8212045535641535, 1.6000409401911016, 1.5520420538508679, 2.0125784390011732, 1.8740789809561926, 1.8040173780881872, 1.8018594203367124, 1.4969374601985044], 'fneg': array([4, 3, 2, 0, 3, 4, 4, 4, 4, 3, 3, 0, 0, 2, 2, 2, 0, 2, 4, 4, 0, 4, 2,
       0, 4, 4, 2, 4, 4, 0, 0, 2, 2, 0, 0, 4, 2, 2, 2, 0]), 'sensitivity': array([0.086956522, 0.47826087, 0.91304348, 1.0, 0.47826087, 0.30434783,
       0.30434783, 0.43478261, 0.17391304, 0.56521739, 0.52173913,
       0.95652174, 1.0, 0.82608696, 0.82608696, 0.91304348, 1.0,
       0.91304348, 0.26086957, 0.17391304, 1.0, 0.39130435, 0.91304348,
       1.0, 0.30434783, 0.47826087, 0.60869565, 0.17391304, 0.47826087,
       1.0, 1.0, 0.91304348, 0.91304348, 1.0, 1.0, 0.47826087, 0.7826087,
       0.91304348, 0.91304348, 1.0]), 'tpos': array([0, 1, 2, 4, 1, 0, 0, 0, 0, 1, 1, 4, 4, 2, 2, 2, 4, 2, 0, 0, 4, 0, 2,
       4, 0, 0, 2, 0, 0, 4, 4, 2, 2, 4, 4, 0, 2, 2, 2, 4])}, {'specificity': array([0.3, 0.2, 0.75, 0.725, 0.5, 0.25, 0.175, 0.575, 0.6, 0.15, 0.225,
       0.275, 0.775, 0.375, 0.075, 0.875, 0.525, 0.7, 0.925, 0.1, 0.325,
       0.625, 0.825, 0.475, 0.025, 0.9, 0.675, 0.65, 0.125, 0.4, 0.45,
       0.35, 0.55, 0.85, 0.05, 1.0, 0.975, 0.95, 0.8, 0.425]), 'tneg': array([ 3,  1,  5,  5,  4,  3,  1,  4,  4,  1,  1,  3,  6,  3,  1,  7,  4,
        5,  9,  1,  3,  4,  6,  4,  0,  9,  4,  4,  1,  3,  3,  3,  4,  6,
        1, 11, 11, 10,  6,  3]), 'fpos': array([ 8, 10,  6,  6,  7,  8, 10,  7,  7, 10, 10,  8,  5,  8, 10,  4,  7,
        6,  2, 10,  8,  7,  5,  7, 11,  2,  7,  7, 10,  8,  8,  8,  7,  5,
       10,  0,  0,  1,  5,  8]), 'threshold': [1.8677358700059807, 1.8174642601757738, 1.9628975685330932, 1.9610978407460267, 1.903688625682779, 1.866795330818579, 1.8147611894715052, 1.9145470524070549, 1.9168261728524285, 1.8143384483042671, 1.8194859272854698, 1.8676460716153873, 1.9681140295336712, 1.8746755838647793, 1.7959069392066862, 2.0262767673986106, 1.9038415078196957, 1.9599345133065009, 2.0512694740012285, 1.8041984523966521, 1.8693379736468103, 1.9405583739556933, 1.9846197823804961, 1.8996059337802482, 1.7561834280017239, 2.0334611465688108, 1.9498217377999079, 1.9446526445877823, 1.8131547384344409, 1.8776812583031468, 1.8909208038912921, 1.8723049155585381, 1.9126564948497768, 1.991566510263725, 1.7951166488976627, 2.1116279726403042, 2.1084219623480078, 2.0672860602645282, 1.9730306341450121, 1.8794464748928983], 'fneg': array([0, 0, 3, 3, 2, 0, 0, 2, 2, 0, 0, 0, 3, 0, 0, 4, 2, 3, 4, 0, 0, 3, 3,
       2, 0, 4, 3, 3, 0, 0, 1, 0, 2, 3, 0, 4, 4, 4, 3, 0]), 'sensitivity': array([0.875, 0.95833333, 0.625, 0.625, 0.83333333, 0.875, 0.95833333,
       0.75, 0.70833333, 0.95833333, 0.95833333, 0.875, 0.58333333, 0.875,
       1.0, 0.29166667, 0.83333333, 0.625, 0.16666667, 0.95833333, 0.875,
       0.625, 0.5, 0.83333333, 1.0, 0.29166667, 0.625, 0.625, 0.95833333,
       0.875, 0.83333333, 0.875, 0.79166667, 0.45833333, 1.0, 0.0,
       0.041666667, 0.16666667, 0.54166667, 0.875]), 'tpos': array([4, 4, 1, 1, 2, 4, 4, 2, 2, 4, 4, 4, 1, 4, 4, 0, 2, 1, 0, 4, 4, 1, 1,
       2, 4, 0, 1, 1, 4, 4, 3, 4, 2, 1, 4, 0, 0, 0, 1, 4])}, {'specificity': array([0.28947368, 0.63157895, 0.89473684, 0.92105263, 0.84210526,
       0.60526316, 0.5, 0.81578947, 0.57894737, 0.42105263, 0.21052632,
       0.78947368, 0.34210526, 0.18421053, 0.68421053, 0.65789474,
       0.13157895, 1.0, 0.13157895, 0.73684211, 0.13157895, 0.94736842,
       0.52631579, 0.31578947, 0.86842105, 0.39473684, 0.44736842,
       0.26315789, 0.47368421, 0.76315789, 0.36842105, 0.23684211,
       0.15789474, 0.71052632, 0.97368421, 0.55263158, 0.13157895,
       0.13157895]), 'tneg': array([ 2,  7, 12, 12, 11,  7,  6, 11,  7,  3,  2, 11,  2,  2,  7,  7,  1,
       13,  1,  8,  1, 12,  6,  2, 11,  3,  3,  2,  4, 10,  2,  2,  1,  8,
       13,  7,  1,  1]), 'fpos': array([11,  6,  1,  1,  2,  6,  7,  2,  6, 10, 11,  2, 11, 11,  6,  6, 12,
        0, 12,  5, 12,  1,  7, 11,  2, 10, 10, 11,  9,  3, 11, 11, 12,  5,
        0,  6, 12, 12]), 'threshold': [1.9214639417082013, 1.9298785566684797, 1.9897579048626821, 1.9937352552636041, 1.972107926528482, 1.9295258960068975, 1.9249658281872046, 1.9602259136671842, 1.928020260254155, 1.9226959614304056, 1.9209062434601647, 1.9578462017862857, 1.9221377647925138, 1.9208194239473784, 1.9369310721543309, 1.9350814477234877, 1.9203519342631439, 2.0200299053152713, 1.9203519342631439, 1.941405616274861, 1.9203519342631439, 1.9955025456903583, 1.925398530259542, 1.9217678598419392, 1.9731422848340898, 1.9225809330518116, 1.9233563279886259, 1.9213230967351047, 1.9237204516168793, 1.9502731679356002, 1.9224466668248044, 1.9210297444662983, 1.9203566390633775, 1.9406190809292898, 2.0191201961066674, 1.9265647353087658, 1.9203519342631439, 1.9203519342631439], 'fneg': array([0, 0, 3, 3, 2, 0, 0, 2, 0, 0, 0, 2, 0, 0, 0, 0, 0, 3, 0, 0, 0, 3, 0,
       0, 2, 0, 0, 0, 0, 2, 0, 0, 0, 0, 3, 0, 0, 0]), 'sensitivity': array([0.8, 0.64, 0.28, 0.24, 0.48, 0.64, 0.72, 0.56, 0.64, 0.76, 0.84,
       0.6, 0.76, 0.84, 0.6, 0.6, 0.96, 0.0, 0.96, 0.6, 0.96, 0.24, 0.68,
       0.76, 0.48, 0.76, 0.72, 0.84, 0.72, 0.6, 0.76, 0.84, 0.96, 0.6,
       0.08, 0.64, 0.96, 0.96]), 'tpos': array([3, 3, 0, 0, 1, 3, 3, 1, 3, 3, 3, 1, 3, 3, 3, 3, 3, 0, 3, 3, 3, 0, 3,
       3, 1, 3, 3, 3, 3, 1, 3, 3, 3, 3, 0, 3, 3, 3])}, {'specificity': array([0.2972973, 0.45945946, 0.56756757, 0.16216216, 0.89189189,
       0.91891892, 0.81081081, 0.54054054, 0.48648649, 0.78378378,
       0.40540541, 0.21621622, 0.18918919, 0.59459459, 0.94594595, 1.0,
       0.10810811, 0.64864865, 0.10810811, 0.10810811, 0.62162162,
       0.7027027, 0.83783784, 0.37837838, 0.75675676, 0.43243243,
       0.27027027, 0.72972973, 0.86486486, 0.32432432, 0.67567568,
       0.24324324, 0.13513514, 0.97297297, 0.51351351, 0.35135135,
       0.10810811]), 'tneg': array([ 2,  5,  8,  2, 11, 11, 11,  8,  5, 11,  4,  2,  2,  8, 12, 12,  2,
       10,  2,  2,  9, 10, 11,  4, 10,  4,  2, 10, 11,  4, 10,  2,  2, 12,
        7,  4,  2]), 'fpos': array([10,  7,  4, 10,  1,  1,  1,  4,  7,  1,  8, 10, 10,  4,  0,  0, 10,
        2, 10, 10,  3,  2,  1,  8,  2,  8, 10,  2,  1,  8,  2, 10, 10,  0,
        5,  8, 10]), 'threshold': [1.9455135850554015, 1.9492654861610799, 1.9555681226110078, 1.9442253541307, 2.0271173447757627, 2.0318698401860282, 2.0060275657597804, 1.9551467319849358, 1.9496979534768704, 1.991829869832626, 1.946985712850271, 1.9448471971094228, 1.9447434573594769, 1.9617850040437588, 2.0569737877352217, 2.0632890492293452, 1.9441848587059221, 1.969341688515708, 1.9441848587059221, 1.9441848587059221, 1.9646083688801166, 1.9772051853824455, 2.0072635099448419, 1.9468482666144069, 1.9850922648789064, 1.9477747781124886, 1.9453452908341917, 1.9799374355130528, 2.012734084519773, 1.9466878332697719, 1.9703831355576449, 1.9449947672014813, 1.9441904804237149, 2.0622020469784088, 1.9516084712816126, 1.9467512925780037, 1.9441848587059221], 'fneg': array([1, 2, 2, 1, 2, 2, 2, 2, 2, 2, 2, 1, 1, 2, 2, 3, 0, 2, 0, 0, 2, 2, 2,
       2, 2, 2, 1, 2, 2, 2, 2, 1, 0, 3, 2, 2, 0]), 'sensitivity': array([0.85185185, 0.74074074, 0.66666667, 0.96296296, 0.22222222,
       0.18518519, 0.44444444, 0.66666667, 0.74074074, 0.51851852,
       0.85185185, 0.88888889, 0.88888889, 0.62962963, 0.11111111, 0.0,
       0.96296296, 0.62962963, 0.96296296, 0.96296296, 0.62962963,
       0.59259259, 0.44444444, 0.85185185, 0.55555556, 0.81481481,
       0.88888889, 0.55555556, 0.40740741, 0.85185185, 0.62962963,
       0.88888889, 0.96296296, 0.074074074, 0.66666667, 0.85185185,
       0.96296296]), 'tpos': array([2, 1, 1, 2, 1, 1, 1, 1, 1, 1, 1, 2, 2, 1, 1, 0, 3, 1, 3, 3, 1, 1, 1,
       1, 1, 1, 2, 1, 1, 1, 1, 2, 3, 0, 1, 1, 3])}], <Model object at 0x00000000000003DC>)
#adapt
([{'specificity': array([0.64102564, 0.53846154, 0.35897436, 0.58974359, 0.87179487,
       0.94871795, 1.0, 0.28205128, 0.23076923, 0.38461538, 0.1025641,
       0.71794872, 0.051282051, 0.076923077, 0.12820513, 0.25641026,
       0.56410256, 0.30769231, 0.66666667, 0.74358974, 0.82051282,
       0.92307692, 0.20512821, 0.61538462, 0.43589744, 0.51282051,
       0.025641026, 0.76923077, 0.41025641, 0.8974359, 0.79487179,
       0.15384615, 0.46153846, 0.33333333, 0.48717949, 0.69230769,
       0.17948718, 0.84615385, 0.97435897]), 'tneg': array([ 7,  3,  3,  6, 10, 11, 12,  3,  2,  3,  1,  8,  1,  1,  1,  3,  5,
        3,  7, 10, 10, 11,  2,  7,  3,  3,  0, 10,  3, 10, 10,  1,  3,  3,
        3,  7,  1, 10, 12]), 'fpos': array([ 5,  9,  9,  6,  2,  1,  0,  9, 10,  9, 11,  4, 11, 11, 11,  9,  7,
        9,  5,  2,  2,  1, 10,  5,  9,  9, 12,  2,  9,  2,  2, 11,  9,  9,
        9,  5, 11,  2,  0]), 'threshold': [1.8613711061476534, 1.7789478447434397, 1.6884117138951571, 1.8188657638337382, 2.0419192665354795, 2.1980044729628356, 2.2852428256445143, 1.6680584421398457, 1.6099358956888994, 1.6895781920256456, 1.518864087695057, 1.9104387233746447, 1.4513640302053719, 1.4868576403869795, 1.5223850667943226, 1.6309491729149053, 1.7949425455877353, 1.6840402409166251, 1.8787729830169151, 2.001587174269968, 2.019344294757659, 2.1308761240874365, 1.5731152992657702, 1.8434560286115975, 1.709004657708864, 1.7664391434913909, 1.3770012113343912, 2.0150016162621327, 1.6931982822049663, 2.0601133313778539, 2.0181101721587908, 1.5271420565640184, 1.7213924959058908, 1.6868571514888404, 1.7355920584349287, 1.89618426788581, 1.5274581202586632, 2.0291968324050527, 2.2807779521500131], 'fneg': array([1, 1, 1, 1, 2, 3, 3, 1, 1, 1, 0, 1, 0, 0, 0, 1, 1, 1, 1, 2, 2, 2, 1,
       1, 1, 1, 0, 2, 1, 2, 2, 0, 1, 1, 1, 1, 0, 2, 3]), 'sensitivity': array([0.75, 0.83333333, 0.91666667, 0.79166667, 0.5, 0.20833333,
       0.20833333, 0.91666667, 0.95833333, 0.91666667, 1.0, 0.66666667,
       1.0, 1.0, 1.0, 0.95833333, 0.83333333, 0.91666667, 0.70833333,
       0.54166667, 0.54166667, 0.29166667, 1.0, 0.79166667, 0.91666667,
       0.83333333, 1.0, 0.54166667, 0.91666667, 0.5, 0.54166667, 1.0,
       0.91666667, 0.91666667, 0.875, 0.70833333, 1.0, 0.5, 0.20833333]), 'tpos': array([4, 4, 4, 4, 3, 2, 2, 4, 4, 4, 5, 4, 5, 5, 5, 4, 4, 4, 4, 3, 3, 3, 4,
       4, 4, 4, 5, 3, 4, 3, 3, 5, 4, 4, 4, 4, 5, 3, 2])}, {'specificity': array([0.6097561, 0.73170732, 0.19512195, 0.90243902, 1.0, 0.48780488,
       0.82926829, 0.2195122, 0.92682927, 0.75609756, 0.41463415,
       0.87804878, 0.24390244, 0.073170732, 0.58536585, 0.46341463,
       0.29268293, 0.85365854, 0.70731707, 0.073170732, 0.073170732,
       0.63414634, 0.12195122, 0.51219512, 0.68292683, 0.56097561,
       0.36585366, 0.17073171, 0.95121951, 0.31707317, 0.53658537,
       0.3902439, 0.097560976, 0.34146341, 0.26829268, 0.7804878,
       0.80487805, 0.65853659, 0.97560976, 0.43902439, 0.14634146]), 'tneg': array([ 8, 10,  1, 10, 11,  7, 10,  2, 10, 10,  6, 10,  2,  0,  8,  7,  2,
       10,  8,  0,  0,  8,  0,  7,  8,  8,  3,  1, 11,  3,  8,  6,  0,  3,
        2, 10, 10,  8, 11,  7,  1]), 'fpos': array([ 5,  3, 12,  3,  2,  6,  3, 11,  3,  3,  7,  3, 11, 13,  5,  6, 11,
        3,  5, 13, 13,  5, 13,  6,  5,  5, 10, 12,  2, 10,  5,  7, 13, 10,
       11,  3,  3,  5,  2,  6, 12]), 'threshold': [1.8624613979352542, 1.9000265143301678, 1.8143848348304659, 1.9436258149631203, 2.0370267906830191, 1.839146350124115, 1.9369168583760819, 1.8158859269664884, 1.9864200652217845, 1.9100107810253635, 1.8244172923520963, 1.9399579507828129, 1.815901920904818, 1.8120459937991731, 1.8582094917432293, 1.8365569285641956, 1.816770988885583, 1.9373767516578679, 1.8881542421466897, 1.8120459937991731, 1.8120459937991731, 1.873168819077877, 1.8121467693311166, 1.8391514671904692, 1.8796606988790805, 1.8555442066293828, 1.818838396688967, 1.8137059442059278, 2.0026047300024215, 1.8173197984496372, 1.8479902695413666, 1.8231861273577483, 1.8120590098169975, 1.8183976253356553, 1.8160691265812672, 1.9210758512093746, 1.9269916904272713, 1.8784110230782796, 2.0111547426712373, 1.8359129756984363, 1.8122356295584672], 'fneg': array([1, 2, 0, 3, 3, 0, 2, 0, 3, 2, 0, 3, 0, 0, 1, 0, 0, 2, 2, 0, 0, 1, 0,
       0, 1, 1, 0, 0, 3, 0, 0, 0, 0, 0, 0, 2, 2, 1, 3, 0, 0]), 'sensitivity': array([0.69565217, 0.65217391, 0.95652174, 0.52173913, 0.34782609,
       0.7826087, 0.52173913, 0.95652174, 0.39130435, 0.65217391,
       0.82608696, 0.52173913, 0.95652174, 1.0, 0.69565217, 0.7826087,
       0.95652174, 0.52173913, 0.69565217, 1.0, 1.0, 0.69565217,
       0.95652174, 0.7826087, 0.69565217, 0.69565217, 0.86956522,
       0.95652174, 0.39130435, 0.91304348, 0.7826087, 0.82608696, 1.0,
       0.86956522, 0.95652174, 0.60869565, 0.56521739, 0.69565217,
       0.39130435, 0.7826087, 0.95652174]), 'tpos': array([2, 1, 3, 0, 0, 3, 1, 3, 0, 1, 3, 0, 3, 3, 2, 3, 3, 1, 1, 3, 3, 2, 3,
       3, 2, 2, 3, 3, 0, 3, 3, 3, 3, 3, 3, 1, 1, 2, 0, 3, 3])}, {'specificity': array([0.66666667, 0.38095238, 0.16666667, 0.97619048, 0.5952381,
       0.52380952, 0.85714286, 0.5, 0.76190476, 0.33333333, 0.047619048,
       0.071428571, 0.19047619, 0.88095238, 0.26190476, 0.4047619,
       0.92857143, 0.47619048, 0.95238095, 0.61904762, 0.73809524,
       0.78571429, 0.42857143, 0.64285714, 0.11904762, 0.30952381,
       0.71428571, 0.83333333, 0.21428571, 0.14285714, 0.69047619,
       0.45238095, 0.54761905, 0.35714286, 0.28571429, 0.57142857,
       0.23809524, 0.023809524, 0.9047619, 1.0, 0.80952381, 0.095238095]), 'tneg': array([9, 9, 9, 9, 9, 9, 9, 9, 9, 9, 9, 9, 9, 9, 9, 9, 9, 9, 9, 9, 9, 9, 9,
       9, 9, 9, 9, 9, 9, 9, 9, 9, 9, 9, 9, 9, 9, 9, 9, 9, 9, 9]), 'fpos': array([0, 0, 0, 0, 0, 0, 0, 0, 0, 0, 0, 0, 0, 0, 0, 0, 0, 0, 0, 0, 0, 0, 0,
       0, 0, 0, 0, 0, 0, 0, 0, 0, 0, 0, 0, 0, 0, 0, 0, 0, 0, 0]), 'threshold': [1.7921931344732718, 1.7570600868323278, 1.7024960277566472, 1.986970174145406, 1.7873147364689554, 1.780342150659237, 1.8783822069803042, 1.7752962316144638, 1.843334753342242, 1.7433800399007076, 1.66182300856299, 1.672492008066889, 1.704677975185513, 1.9003170655734119, 1.7249625499432759, 1.7574391470202073, 1.9262111931565156, 1.7727542884628991, 1.9838092678191444, 1.7883617088620545, 1.8424451992353239, 1.8523988588245401, 1.7582129311584418, 1.7891490803001424, 1.6914903415049891, 1.7369801082509715, 1.815101867212626, 1.8732179651470251, 1.7071142018004564, 1.7018468249702365, 1.8055131090314656, 1.7622674578277102, 1.7863504695801613, 1.746790878146806, 1.7296606553522229, 1.7868020989917477, 1.7140503409182317, 1.6392144521652268, 1.9254772481664635, 2.179327908661036, 1.8631502026214948, 1.6755922105134182], 'fneg': array([7, 7, 7, 7, 7, 7, 7, 7, 7, 7, 7, 7, 7, 7, 7, 7, 7, 7, 7, 7, 7, 7, 7,
       7, 7, 7, 7, 7, 7, 7, 7, 7, 7, 7, 7, 7, 7, 7, 7, 7, 7, 7]), 'sensitivity': array([0.68181818, 0.81818182, 1.0, 0.27272727, 0.68181818, 0.77272727,
       0.45454545, 0.77272727, 0.45454545, 0.86363636, 1.0, 1.0,
       0.95454545, 0.40909091, 0.95454545, 0.81818182, 0.31818182,
       0.81818182, 0.31818182, 0.68181818, 0.45454545, 0.45454545,
       0.81818182, 0.68181818, 1.0, 0.95454545, 0.63636364, 0.45454545,
       0.95454545, 1.0, 0.63636364, 0.81818182, 0.68181818, 0.81818182,
       0.95454545, 0.68181818, 0.95454545, 1.0, 0.31818182, 0.0,
       0.45454545, 1.0]), 'tpos': array([0, 0, 0, 0, 0, 0, 0, 0, 0, 0, 0, 0, 0, 0, 0, 0, 0, 0, 0, 0, 0, 0, 0,
       0, 0, 0, 0, 0, 0, 0, 0, 0, 0, 0, 0, 0, 0, 0, 0, 0, 0, 0])}, {'specificity': array([0.3902439, 0.41463415, 0.31707317, 0.73170732, 0.87804878,
       0.95121951, 0.48780488, 0.097560976, 0.073170732, 0.75609756,
       0.19512195, 0.2195122, 0.14634146, 0.58536585, 0.7804878,
       0.53658537, 0.90243902, 0.43902439, 0.92682927, 0.46341463,
       0.56097561, 0.29268293, 0.12195122, 0.51219512, 0.36585366,
       0.048780488, 0.70731707, 0.24390244, 0.34146341, 0.63414634,
       0.6097561, 0.26829268, 0.85365854, 0.80487805, 0.68292683,
       0.97560976, 0.17073171, 0.82926829, 1.0, 0.65853659, 0.024390244]), 'tneg': array([13, 13, 13, 13, 13, 13, 13, 13, 13, 13, 13, 13, 13, 13, 13, 13, 13,
       13, 13, 13, 13, 13, 13, 13, 13, 13, 13, 13, 13, 13, 13, 13, 13, 13,
       13, 13, 13, 13, 13, 13, 13]), 'fpos': array([0, 0, 0, 0, 0, 0, 0, 0, 0, 0, 0, 0, 0, 0, 0, 0, 0, 0, 0, 0, 0, 0, 0,
       0, 0, 0, 0, 0, 0, 0, 0, 0, 0, 0, 0, 0, 0, 0, 0, 0, 0]), 'threshold': [1.7998680611570705, 1.8194777154318607, 1.783435537007332, 1.9494916034584953, 2.0247827625868204, 2.1640351240983819, 1.8497159004489918, 1.7289344915297349, 1.7271275980388481, 1.9587370182843251, 1.7483826251143093, 1.7597338446794728, 1.7439420932083913, 1.9002446914324722, 1.9635717672396433, 1.874834957551663, 2.0374333036099697, 1.821893790759801, 2.0936707151789897, 1.8251883480027711, 1.8960863571661979, 1.7733993331244691, 1.7309800038878354, 1.8650455353706157, 1.797432761423976, 1.6881737218489414, 1.9434715977593715, 1.7618209422895401, 1.7897699257874362, 1.9223852327426214, 1.9184013557153747, 1.76743737412529, 1.9969979374452556, 1.9644182707241642, 1.9419322193395792, 2.2206281647108219, 1.7446535970213379, 1.9958752162110871, 2.2483492636979987, 1.9283441937911834, 1.549433059219905], 'fneg': array([3, 3, 3, 3, 3, 3, 3, 3, 3, 3, 3, 3, 3, 3, 3, 3, 3, 3, 3, 3, 3, 3, 3,
       3, 3, 3, 3, 3, 3, 3, 3, 3, 3, 3, 3, 3, 3, 3, 3, 3, 3]), 'sensitivity': array([0.95652174, 0.91304348, 0.95652174, 0.69565217, 0.47826087,
       0.2173913, 0.91304348, 1.0, 1.0, 0.65217391, 1.0, 1.0, 1.0,
       0.69565217, 0.65217391, 0.82608696, 0.47826087, 0.91304348,
       0.39130435, 0.91304348, 0.73913043, 1.0, 1.0, 0.86956522,
       0.95652174, 1.0, 0.69565217, 1.0, 0.95652174, 0.69565217,
       0.69565217, 1.0, 0.56521739, 0.65217391, 0.69565217, 0.2173913, 1.0,
       0.56521739, 0.2173913, 0.69565217, 1.0]), 'tpos': array([0, 0, 0, 0, 0, 0, 0, 0, 0, 0, 0, 0, 0, 0, 0, 0, 0, 0, 0, 0, 0, 0, 0,
       0, 0, 0, 0, 0, 0, 0, 0, 0, 0, 0, 0, 0, 0, 0, 0, 0, 0])}, {'specificity': array([0.38095238, 0.21428571, 0.4047619, 0.83333333, 0.76190476,
       0.47619048, 0.42857143, 0.11904762, 0.95238095, 0.61904762,
       0.14285714, 0.19047619, 0.16666667, 0.33333333, 0.54761905,
       0.78571429, 0.88095238, 0.52380952, 0.5, 0.97619048, 0.5952381,
       0.64285714, 0.85714286, 0.28571429, 0.73809524, 0.047619048, 1.0,
       0.30952381, 0.57142857, 0.66666667, 0.23809524, 0.095238095,
       0.69047619, 0.35714286, 0.45238095, 0.71428571, 0.26190476,
       0.9047619, 0.071428571, 0.92857143, 0.80952381, 0.023809524]), 'tneg': array([13, 13, 13, 13, 13, 13, 13, 13, 13, 13, 13, 13, 13, 13, 13, 13, 13,
       13, 13, 13, 13, 13, 13, 13, 13, 13, 13, 13, 13, 13, 13, 13, 13, 13,
       13, 13, 13, 13, 13, 13, 13, 13]), 'fpos': array([0, 0, 0, 0, 0, 0, 0, 0, 0, 0, 0, 0, 0, 0, 0, 0, 0, 0, 0, 0, 0, 0, 0,
       0, 0, 0, 0, 0, 0, 0, 0, 0, 0, 0, 0, 0, 0, 0, 0, 0, 0, 0]), 'threshold': [1.6390098152511423, 1.5599423901474894, 1.6411676514764266, 1.914023863596162, 1.8942034063433302, 1.6863734597849769, 1.6499784017462416, 1.4920276176095628, 2.1020459560573057, 1.7528342372073991, 1.5136622999563139, 1.5571350826931314, 1.5311186738185554, 1.6073643169000449, 1.7076010231135346, 1.9072646825053146, 1.941608285527868, 1.6937671329949007, 1.6892117471819541, 2.3339100277538214, 1.7398648698410906, 1.7539707090048227, 1.9201536041498044, 1.60326485869951, 1.8826363523366256, 1.4417091879915127, 2.4288674753325781, 1.6061768032950234, 1.7354686253972036, 1.7812004694519423, 1.5745080284815551, 1.482174110234723, 1.8369558666912218, 1.6134591753601784, 1.6606269799884201, 1.8425038920435735, 1.588136618859413, 2.0083811596689518, 1.4481189151066056, 2.0525935147951881, 1.9112139410438696, 1.2932114097538849], 'fneg': array([2, 2, 2, 2, 2, 2, 2, 2, 2, 2, 2, 2, 2, 2, 2, 2, 2, 2, 2, 2, 2, 2, 2,
       2, 2, 2, 2, 2, 2, 2, 2, 2, 2, 2, 2, 2, 2, 2, 2, 2, 2, 2]), 'sensitivity': array([1.0, 1.0, 1.0, 0.56521739, 0.60869565, 0.86956522, 1.0, 1.0,
       0.43478261, 0.82608696, 1.0, 1.0, 1.0, 1.0, 0.86956522, 0.60869565,
       0.47826087, 0.86956522, 0.86956522, 0.30434783, 0.82608696,
       0.82608696, 0.56521739, 1.0, 0.65217391, 1.0, 0.26086957, 1.0,
       0.82608696, 0.82608696, 1.0, 1.0, 0.7826087, 1.0, 0.95652174,
       0.7826087, 1.0, 0.43478261, 1.0, 0.43478261, 0.56521739, 1.0]), 'tpos': array([0, 0, 0, 0, 0, 0, 0, 0, 0, 0, 0, 0, 0, 0, 0, 0, 0, 0, 0, 0, 0, 0, 0,
       0, 0, 0, 0, 0, 0, 0, 0, 0, 0, 0, 0, 0, 0, 0, 0, 0, 0, 0])}], <Model object at 0x0000000000000708>)
#adapt
([{'specificity': array([0.5, 0.8, 0.575, 0.5, 0.65, 0.9, 0.975, 0.95, 0.675, 0.6, 0.5, 0.5,
       0.85, 0.575, 0.5, 0.5, 0.5, 0.725, 0.575, 0.875, 1.0, 0.825, 0.5,
       0.5, 0.5, 0.5, 0.5, 0.5, 0.7, 0.775, 0.775, 0.5, 0.5, 0.5, 0.5, 0.5,
       0.925, 0.5, 0.625, 0.5]), 'tneg': array([ 5,  9,  5,  5,  7, 12, 12, 12,  7,  6,  5,  5, 11,  5,  5,  5,  5,
        9,  5, 12, 12,  9,  5,  5,  5,  5,  5,  5,  9,  9,  9,  5,  5,  5,
        5,  5, 12,  5,  7,  5]), 'fpos': array([7, 3, 7, 7, 5, 0, 0, 0, 5, 6, 7, 7, 1, 7, 7, 7, 7, 3, 7, 0, 0, 3, 7,
       7, 7, 7, 7, 7, 3, 3, 3, 7, 7, 7, 7, 7, 0, 7, 5, 7]), 'threshold': [2.0118445581403939, 2.0400477272146293, 2.0131265203710407, 2.0118445581403939, 2.016972407062982, 2.0656869718275708, 2.1964471193535724, 2.0759426696727474, 2.0182543692936292, 2.0144084826016879, 2.0118445581403939, 2.0118445581403939, 2.0618410851356295, 2.0131265203710407, 2.0118445581403939, 2.0118445581403939, 2.0118445581403939, 2.0233822182162173, 2.0131265203710407, 2.0644050095969235, 2.3348990402634562, 2.0554312739823941, 2.0118445581403939, 2.0118445581403939, 2.0118445581403939, 2.0118445581403939, 2.0118445581403939, 2.0118445581403939, 2.02210025598557, 2.0387657649839821, 2.0387657649839821, 2.0118445581403939, 2.0118445581403939, 2.0118445581403939, 2.0118445581403939, 2.0118445581403939, 2.0733787452114534, 2.0118445581403939, 2.0156904448323347, 2.0118445581403939], 'fneg': array([0, 1, 0, 0, 0, 2, 4, 3, 0, 0, 0, 0, 2, 0, 0, 0, 0, 0, 0, 2, 5, 1, 0,
       0, 0, 0, 0, 0, 0, 1, 1, 0, 0, 0, 0, 0, 2, 0, 0, 0]), 'sensitivity': array([0.73913043, 0.52173913, 0.69565217, 0.73913043, 0.69565217,
       0.43478261, 0.13043478, 0.34782609, 0.60869565, 0.69565217,
       0.73913043, 0.73913043, 0.47826087, 0.69565217, 0.73913043,
       0.73913043, 0.73913043, 0.56521739, 0.69565217, 0.47826087, 0.0,
       0.47826087, 0.73913043, 0.73913043, 0.73913043, 0.73913043,
       0.73913043, 0.73913043, 0.56521739, 0.52173913, 0.52173913,
       0.73913043, 0.73913043, 0.73913043, 0.73913043, 0.73913043,
       0.43478261, 0.73913043, 0.69565217, 0.73913043]), 'tpos': array([5, 4, 5, 5, 5, 3, 1, 2, 5, 5, 5, 5, 3, 5, 5, 5, 5, 5, 5, 3, 0, 4, 5,
       5, 5, 5, 5, 5, 5, 4, 4, 5, 5, 5, 5, 5, 3, 5, 5, 5])}, {'specificity': array([0.46153846, 0.30769231, 0.15384615, 0.43589744, 0.33333333,
       0.61538462, 0.84615385, 0.87179487, 0.8974359, 0.82051282,
       0.35897436, 0.23076923, 0.1025641, 0.79487179, 0.025641026,
       0.051282051, 0.20512821, 0.25641026, 0.53846154, 0.74358974,
       0.94871795, 1.0, 0.76923077, 0.12820513, 0.69230769, 0.17948718,
       0.41025641, 0.28205128, 0.48717949, 0.58974359, 0.92307692,
       0.71794872, 0.38461538, 0.64102564, 0.076923077, 0.56410256,
       0.97435897, 0.66666667, 0.51282051]), 'tneg': array([10,  9,  3, 10, 10, 10, 12, 12, 12, 11, 10,  4,  2, 10,  0,  0,  4,
        6, 10, 10, 12, 12, 10,  3, 10,  4, 10,  7, 10, 10, 12, 10, 10, 10,
        1, 10, 12, 10, 10]), 'fpos': array([ 2,  3,  9,  2,  2,  2,  0,  0,  0,  1,  2,  8, 10,  2, 12, 12,  8,
        6,  2,  2,  0,  0,  2,  9,  2,  8,  2,  5,  2,  2,  0,  2,  2,  2,
       11,  2,  0,  2,  2]), 'threshold': [1.8966935568701402, 1.8539045028429035, 1.7513399433172503, 1.8926486969177634, 1.8667355221479909, 1.9451226276668607, 2.0793636183758766, 2.0986846730805988, 2.1293558119500844, 2.0382439407630217, 1.8682183814053086, 1.7881876184334973, 1.6878690562833238, 1.9942765063423753, 1.599850657701783, 1.6550864217811743, 1.7770875006502218, 1.8095071656237913, 1.9320272904063995, 1.9738897725161717, 2.1566341610098059, 2.5210878770292187, 1.9910019811581794, 1.7507037664000384, 1.9729533213716011, 1.7690405091108243, 1.8918465775057813, 1.8169306079509808, 1.8971059163143123, 1.9445802867518258, 2.1332331274692411, 1.9735107234099991, 1.8877596375320194, 1.9568930231945398, 1.6804104129963238, 1.9423732006137939, 2.3625242034634995, 1.962057852270964, 1.9203748321602978], 'fneg': array([3, 3, 0, 3, 3, 4, 4, 4, 4, 4, 3, 1, 0, 4, 0, 0, 0, 1, 3, 4, 4, 4, 4,
       0, 4, 0, 3, 1, 3, 4, 4, 4, 3, 4, 0, 4, 4, 4, 3]), 'sensitivity': array([0.88, 0.92, 1.0, 0.88, 0.88, 0.8, 0.64, 0.52, 0.52, 0.72, 0.88, 1.0,
       1.0, 0.76, 1.0, 1.0, 1.0, 0.96, 0.8, 0.76, 0.44, 0.04, 0.76, 1.0,
       0.76, 1.0, 0.88, 0.96, 0.88, 0.8, 0.52, 0.76, 0.88, 0.8, 1.0, 0.8,
       0.16, 0.8, 0.84]), 'tpos': array([1, 1, 4, 1, 1, 0, 0, 0, 0, 0, 1, 3, 4, 0, 4, 4, 4, 3, 1, 0, 0, 0, 0,
       4, 0, 4, 1, 3, 1, 0, 0, 0, 1, 0, 4, 0, 0, 0, 1])}, {'specificity': array([0.35, 0.175, 0.75, 0.725, 0.5, 0.7, 0.9, 0.275, 0.8, 0.25, 0.6,
       0.025, 0.1, 0.15, 0.325, 0.4, 0.05, 0.525, 0.075, 0.925, 0.375,
       0.625, 0.45, 0.475, 0.675, 0.55, 0.65, 0.875, 0.85, 0.125, 0.425,
       0.2, 0.575, 0.825, 0.3, 0.225, 1.0, 0.975, 0.95, 0.775]), 'tneg': array([ 1,  1,  9,  9,  2,  6, 11,  1, 10,  1,  3,  0,  0,  0,  1,  1,  0,
        2,  0, 11,  1,  5,  1,  2,  6,  2,  6, 11, 10,  0,  1,  1,  2, 10,
        1,  1, 12, 12, 12, 10]), 'fpos': array([11, 11,  3,  3, 10,  6,  1, 11,  2, 11,  9, 12, 12, 12, 11, 11, 12,
       10, 12,  1, 11,  7, 11, 10,  6, 10,  6,  1,  2, 12, 11, 11, 10,  2,
       11, 11,  0,  0,  0,  2]), 'threshold': [1.9333340162440384, 1.8969567122031947, 2.002194473509201, 2.0008921630178125, 1.9593499789072273, 1.9932996231841309, 2.0495275292706037, 1.9134301921437682, 2.0126794452925236, 1.9098441897714955, 1.96720730218946, 1.8651702031707309, 1.8916670809835217, 1.8946948270316568, 1.9332690367582406, 1.9383556990954654, 1.8813575057754077, 1.9594606067545515, 1.8873573712519418, 2.0544357750181739, 1.9344933228873753, 1.9860294914066914, 1.950643889991077, 1.9563956807428147, 1.9927326028475243, 1.9643489131039664, 1.988992168116509, 2.0489592824679219, 2.0303643298562197, 1.8938382765058979, 1.9502233707222538, 1.9034198849681392, 1.9658392658902426, 2.0229397572466192, 1.9150719890619046, 1.9069701909841923, 2.107498145642329, 2.0784686087720954, 2.0777315791420863, 2.0095269144211905], 'fneg': array([0, 0, 1, 1, 1, 1, 3, 0, 1, 0, 1, 0, 0, 0, 0, 0, 0, 1, 0, 3, 0, 1, 0,
       1, 1, 1, 1, 3, 2, 0, 0, 0, 1, 2, 0, 0, 4, 4, 4, 1]), 'sensitivity': array([0.91666667, 1.0, 0.66666667, 0.66666667, 0.79166667, 0.66666667,
       0.41666667, 0.95833333, 0.625, 0.95833333, 0.79166667, 1.0, 1.0,
       1.0, 0.91666667, 0.91666667, 1.0, 0.79166667, 1.0, 0.41666667,
       0.91666667, 0.66666667, 0.83333333, 0.79166667, 0.66666667,
       0.79166667, 0.66666667, 0.41666667, 0.5, 1.0, 0.83333333, 1.0,
       0.79166667, 0.58333333, 0.95833333, 0.95833333, 0.083333333,
       0.20833333, 0.25, 0.625]), 'tpos': array([4, 4, 3, 3, 3, 3, 1, 4, 3, 4, 3, 4, 4, 4, 4, 4, 4, 3, 4, 1, 4, 3, 4,
       3, 3, 3, 3, 1, 2, 4, 4, 4, 3, 2, 4, 4, 0, 0, 0, 3])}, {'specificity': array([0.78947368, 0.36842105, 0.18421053, 0.76315789, 0.60526316,
       0.73684211, 0.5, 0.65789474, 0.89473684, 0.28947368, 0.44736842,
       0.26315789, 0.42105263, 0.15789474, 0.55263158, 0.078947368,
       0.13157895, 0.34210526, 0.68421053, 0.026315789, 0.84210526,
       0.71052632, 0.94736842, 0.052631579, 0.92105263, 0.47368421,
       0.63157895, 0.52631579, 0.86842105, 0.81578947, 0.10526316,
       0.39473684, 0.21052632, 0.31578947, 0.23684211, 0.57894737, 1.0,
       0.97368421]), 'tneg': array([ 8,  1,  1,  8,  7,  8,  4,  8, 11,  1,  4,  1,  4,  1,  6,  1,  1,
        1,  8,  1, 11,  8, 12,  1, 11,  4,  8,  5, 11, 11,  1,  3,  1,  1,
        1,  6, 12, 12]), 'fpos': array([ 5, 12, 12,  5,  6,  5,  9,  5,  2, 12,  9, 12,  9, 12,  7, 12, 12,
       12,  5, 12,  2,  5,  1, 12,  2,  9,  5,  8,  2,  2, 12, 10, 12, 12,
       12,  7,  1,  1]), 'threshold': [2.0316447061247929, 1.9703485474883529, 1.9383336165878959, 2.0309512457708534, 2.0192007676965416, 2.0298051085984579, 1.993244671017345, 2.023123067569212, 2.0726081125855949, 1.9528315937165852, 1.9903530406524019, 1.94967562542305, 1.9898665251775296, 1.9366121952507138, 2.0001597426142066, 1.9336783189386642, 1.9363429771114178, 1.9702913603547096, 2.0266391740538445, 1.9246050699279556, 2.0713136029553381, 2.0290642561030472, 2.0872299377932455, 1.9298854304084245, 2.0769277605802481, 1.9906446528442878, 2.0226240444179848, 1.9976441320852911, 2.0721080100463349, 2.0557429676481265, 1.93558914428576, 1.9852125274019357, 1.9440217244596363, 1.9542765060396012, 1.9471462771107013, 2.0157989598718151, 2.098078572391648, 2.0974299274934491], 'fneg': array([1, 1, 0, 1, 1, 1, 1, 1, 2, 0, 1, 0, 1, 0, 1, 0, 0, 1, 1, 0, 2, 1, 2,
       0, 2, 1, 1, 1, 2, 2, 0, 1, 0, 0, 0, 1, 3, 2]), 'sensitivity': array([0.61538462, 0.96153846, 1.0, 0.61538462, 0.65384615, 0.61538462,
       0.84615385, 0.65384615, 0.34615385, 0.96153846, 0.84615385,
       0.96153846, 0.88461538, 1.0, 0.80769231, 1.0, 1.0, 0.96153846,
       0.65384615, 1.0, 0.34615385, 0.61538462, 0.23076923, 1.0,
       0.34615385, 0.84615385, 0.65384615, 0.84615385, 0.34615385,
       0.46153846, 1.0, 0.88461538, 1.0, 0.96153846, 0.96153846,
       0.69230769, 0.19230769, 0.19230769]), 'tpos': array([2, 2, 3, 2, 2, 2, 2, 2, 1, 3, 2, 3, 2, 3, 2, 3, 3, 2, 2, 3, 1, 2, 1,
       3, 1, 2, 2, 2, 1, 1, 3, 2, 3, 3, 3, 2, 0, 1])}, {'specificity': array([0.31707317, 0.43902439, 0.12195122, 0.92682927, 0.90243902,
       0.19512195, 0.56097561, 0.36585366, 0.29268293, 0.48780488,
       0.70731707, 0.17073171, 0.58536585, 0.51219512, 0.53658537,
       0.46341463, 0.12195122, 0.95121951, 1.0, 0.12195122, 0.68292683,
       0.75609756, 0.12195122, 0.12195122, 0.41463415, 0.80487805,
       0.3902439, 0.73170732, 0.85365854, 0.7804878, 0.63414634, 0.6097561,
       0.87804878, 0.82926829, 0.65853659, 0.2195122, 0.24390244,
       0.97560976, 0.34146341, 0.26829268, 0.14634146]), 'tneg': array([ 5,  6,  5, 11, 11,  5, 10,  6,  5,  6, 10,  5, 10,  8,  8,  6,  5,
       11, 11,  5, 10, 10,  5,  5,  6, 11,  6, 10, 11, 11, 10, 10, 11, 11,
       10,  5,  5, 11,  6,  5,  5]), 'fpos': array([6, 5, 6, 0, 0, 6, 1, 5, 6, 5, 1, 6, 1, 3, 3, 5, 6, 0, 0, 6, 1, 1, 6,
       6, 5, 0, 5, 1, 0, 0, 1, 1, 0, 0, 1, 6, 6, 0, 5, 6, 6]), 'threshold': [1.9802637946749542, 1.9860600709025169, 1.9771767607231177, 2.0723973678440966, 2.0279863945801142, 1.9775401745007932, 1.9935516996713636, 1.9818653190342122, 1.9800453993556282, 1.9866241555212758, 1.9985676030666466, 1.9775295150243675, 1.9953740982979538, 1.9882384464627645, 1.9892879091010927, 1.9863346143941782, 1.9771767607231177, 2.0947202946378711, 2.10019542315126, 1.9771767607231177, 1.9969560389679646, 1.9996383846578261, 1.9771767607231177, 1.9771767607231177, 1.9859643835094865, 2.0074411214014223, 1.9831069001430031, 1.9988964355196388, 2.0188817143437818, 1.9998896260382313, 1.9956326525749766, 1.9955960880918884, 2.0253620562735923, 2.0109334633522349, 1.9959521889729464, 1.9775981818841328, 1.978132626217374, 2.0987006855507819, 1.9810395024989289, 1.9785184146079091, 1.9771847553304369], 'fneg': array([3, 3, 2, 4, 4, 2, 3, 3, 3, 3, 3, 2, 3, 3, 3, 3, 2, 4, 4, 2, 3, 3, 2,
       2, 3, 4, 3, 3, 4, 3, 3, 3, 4, 4, 3, 3, 3, 4, 3, 3, 2]), 'sensitivity': array([0.83333333, 0.79166667, 0.95833333, 0.33333333, 0.5, 0.95833333,
       0.75, 0.79166667, 0.83333333, 0.79166667, 0.70833333, 0.95833333,
       0.75, 0.79166667, 0.75, 0.79166667, 0.95833333, 0.16666667,
       0.041666667, 0.95833333, 0.75, 0.70833333, 0.95833333, 0.95833333,
       0.79166667, 0.625, 0.79166667, 0.70833333, 0.5, 0.70833333, 0.75,
       0.75, 0.5, 0.58333333, 0.75, 0.95833333, 0.95833333, 0.083333333,
       0.79166667, 0.95833333, 0.95833333]), 'tpos': array([1, 1, 2, 0, 0, 2, 1, 1, 1, 1, 1, 2, 1, 1, 1, 1, 2, 0, 0, 2, 1, 1, 2,
       2, 1, 0, 1, 1, 0, 1, 1, 1, 0, 0, 1, 1, 1, 0, 1, 1, 2])}], <Model object at 0x0000000000000A34>)
#adapt
([{'specificity': array([0.078947368, 0.78947368, 0.94736842, 0.89473684, 0.92105263,
       0.76315789, 0.31578947, 0.86842105, 0.63157895, 0.42105263,
       0.13157895, 0.73684211, 0.23684211, 0.47368421, 0.52631579,
       0.44736842, 0.97368421, 1.0, 0.28947368, 0.68421053, 0.078947368,
       0.39473684, 0.81578947, 0.18421053, 0.65789474, 0.84210526,
       0.71052632, 0.5, 0.36842105, 0.55263158, 0.60526316, 0.57894737,
       0.15789474, 0.34210526, 0.26315789, 0.21052632, 0.10526316,
       0.078947368]), 'tneg': array([ 6,  9, 10, 10, 10,  9,  6,  9,  7,  6,  6,  9,  6,  6,  7,  6, 10,
       10,  6,  9,  6,  6,  9,  6,  7,  9,  9,  7,  6,  7,  7,  7,  6,  6,
        6,  6,  6,  6]), 'fpos': array([4, 1, 0, 0, 0, 1, 4, 1, 3, 4, 4, 1, 4, 4, 3, 4, 0, 0, 4, 1, 4, 4, 1,
       4, 3, 1, 1, 3, 4, 3, 3, 3, 4, 4, 4, 4, 4, 4]), 'threshold': [1.878792964614403, 2.0028002478936844, 2.1315054380758935, 2.1185160428199756, 2.1250995557841454, 1.9889176824416388, 1.8906021134565458, 2.0895899715335435, 1.9332275722818846, 1.9029271879901579, 1.8796814526680352, 1.9437659169018062, 1.884982723096259, 1.9066542142090586, 1.9092975129968668, 1.9049092351576957, 2.1887473051994575, 2.2740486442023222, 1.8903160710484908, 1.938078744980966, 1.878792964614403, 1.9009264944901596, 2.0450120339648605, 1.8810104384882429, 1.9334986663368554, 2.0835063821867155, 1.9431174444097679, 1.9073435260932536, 1.8980418741052123, 1.9149929698434605, 1.9252781226164626, 1.9251860270522245, 1.8798544050157906, 1.8974684337035874, 1.8895388604679126, 1.8831889549801788, 1.8788131007631941, 1.878792964614403], 'fneg': array([3, 7, 7, 7, 7, 7, 4, 7, 6, 4, 3, 6, 4, 5, 5, 5, 7, 7, 4, 6, 3, 4, 7,
       3, 6, 7, 6, 5, 4, 5, 6, 6, 3, 4, 4, 3, 3, 3]), 'sensitivity': array([1.0, 0.44, 0.24, 0.28, 0.24, 0.52, 0.84, 0.32, 0.68, 0.76, 0.96,
       0.68, 0.92, 0.76, 0.72, 0.76, 0.16, 0.0, 0.84, 0.68, 1.0, 0.8, 0.4,
       0.92, 0.68, 0.36, 0.68, 0.76, 0.8, 0.72, 0.68, 0.68, 0.92, 0.8,
       0.88, 0.92, 0.96, 1.0]), 'tpos': array([4, 0, 0, 0, 0, 0, 3, 0, 1, 3, 4, 1, 3, 2, 2, 2, 0, 0, 3, 1, 4, 3, 0,
       4, 1, 0, 1, 2, 3, 2, 1, 1, 4, 3, 3, 4, 4, 4])}, {'specificity': array([0.64864865, 0.62162162, 0.51351351, 0.67567568, 0.91891892,
       0.97297297, 0.89189189, 0.45945946, 0.43243243, 0.32432432,
       0.83783784, 0.35135135, 0.21621622, 0.16216216, 0.37837838,
       0.40540541, 0.27027027, 0.94594595, 1.0, 0.7027027, 0.75675676,
       0.13513514, 0.86486486, 0.10810811, 0.081081081, 0.027027027,
       0.81081081, 0.72972973, 0.54054054, 0.18918919, 0.2972973,
       0.78378378, 0.24324324, 0.56756757, 0.48648649, 0.59459459,
       0.054054054]), 'tneg': array([ 8,  8,  8,  8, 12, 12, 12,  7,  7,  6,  9,  6,  3,  2,  6,  6,  6,
       12, 12,  9,  9,  2,  9,  2,  2,  2,  9,  9,  8,  2,  6,  9,  5,  8,
        7,  8,  2]), 'fpos': array([ 4,  4,  4,  4,  0,  0,  0,  5,  5,  6,  3,  6,  9, 10,  6,  6,  6,
        0,  0,  3,  3, 10,  3, 10, 10, 10,  3,  3,  4, 10,  6,  3,  7,  4,
        5,  4, 10]), 'threshold': [1.8849543487856986, 1.8779696084050657, 1.8749507094531051, 1.8893861019246576, 2.1221948943015745, 2.2194411843700537, 2.094621604749773, 1.8332787484292508, 1.8276345283997748, 1.779047467400555, 1.9987789289268589, 1.7919049409746961, 1.7438152237153763, 1.6900419422739434, 1.8053584825207074, 1.8060743369258931, 1.7781074890968864, 2.2031374448895442, 2.5316182100153206, 1.9287587126749544, 1.9662352559636622, 1.663474898990589, 2.0014249366755221, 1.653193681298081, 1.5902031332157585, 1.5540736021919603, 1.9791876811864932, 1.9632900696783422, 1.8761780318696615, 1.7040146476753795, 1.7783634487869404, 1.9698715238604327, 1.7579341670090303, 1.8768270138140528, 1.83660575363941, 1.877371513415472, 1.5882620798151286], 'fneg': array([2, 2, 2, 2, 3, 4, 3, 2, 2, 0, 3, 1, 0, 0, 2, 2, 0, 4, 4, 3, 3, 0, 3,
       0, 0, 0, 3, 3, 2, 0, 0, 3, 0, 2, 2, 2, 0]), 'sensitivity': array([0.85185185, 0.85185185, 0.85185185, 0.85185185, 0.37037037,
       0.22222222, 0.48148148, 0.88888889, 0.88888889, 0.92592593,
       0.66666667, 0.92592593, 0.96296296, 1.0, 0.92592593, 0.92592593,
       0.92592593, 0.22222222, 0.037037037, 0.81481481, 0.74074074, 1.0,
       0.66666667, 1.0, 1.0, 1.0, 0.7037037, 0.74074074, 0.85185185, 1.0,
       0.92592593, 0.7037037, 0.96296296, 0.85185185, 0.88888889,
       0.85185185, 1.0]), 'tpos': array([2, 2, 2, 2, 1, 0, 1, 2, 2, 4, 1, 3, 4, 4, 2, 2, 4, 0, 0, 1, 1, 4, 1,
       4, 4, 4, 1, 1, 2, 4, 4, 1, 4, 2, 2, 2, 4])}, {'specificity': array([0.17948718, 0.12820513, 0.87179487, 0.8974359, 0.79487179,
       0.82051282, 0.46153846, 0.20512821, 0.38461538, 0.51282051,
       0.94871795, 0.43589744, 0.76923077, 0.64102564, 0.25641026,
       0.74358974, 0.23076923, 0.61538462, 0.53846154, 0.97435897, 1.0,
       0.12820513, 0.12820513, 0.12820513, 0.92307692, 0.30769231,
       0.56410256, 0.84615385, 0.71794872, 0.33333333, 0.28205128,
       0.35897436, 0.48717949, 0.58974359, 0.69230769, 0.15384615,
       0.66666667, 0.41025641, 0.12820513]), 'tneg': array([ 1,  1, 11, 11, 10, 10,  6,  1,  6,  7, 11,  6, 10, 10,  1, 10,  1,
       10,  7, 11, 11,  1,  1,  1, 11,  2,  9, 10, 10,  5,  2,  6,  7, 10,
       10,  1, 10,  6,  1]), 'fpos': array([10, 10,  0,  0,  1,  1,  5, 10,  5,  4,  0,  5,  1,  1, 10,  1, 10,
        1,  4,  0,  0, 10, 10, 10,  0,  9,  2,  1,  1,  6,  9,  5,  4,  1,
        1, 10,  1,  5, 10]), 'threshold': [2.01151066484669, 2.0115105441593006, 2.0117577055438653, 2.0117718692739235, 2.0116895363367395, 2.0116948522612885, 2.0115362463137303, 2.0115106666215046, 2.0115308022475706, 2.0115432135257389, 2.011797538771765, 2.0115357837970578, 2.0116525392624953, 2.0115825906262987, 2.0115125181080464, 2.0116440648779679, 2.0115122089353514, 2.0115799124311384, 2.0115629973835603, 2.0118466858714754, 2.0118655070698832, 2.0115105441593006, 2.0115105441593006, 2.0115105441593006, 2.011778162766328, 2.0115155864074454, 2.0115714117793555, 2.0116985357114117, 2.0116324593656065, 2.0115212430963885, 2.0115140025629383, 2.0115225397759007, 2.0115385851643479, 2.0115770375865254, 2.0116170965708364, 2.01151056091355, 2.0115827174318288, 2.0115326685456494, 2.0115105441593006], 'fneg': array([0, 0, 2, 3, 1, 1, 1, 0, 1, 1, 3, 1, 1, 1, 0, 1, 0, 1, 1, 4, 5, 0, 0,
       0, 3, 0, 1, 1, 1, 1, 0, 1, 1, 1, 1, 0, 1, 1, 0]), 'sensitivity': array([0.92, 0.96, 0.24, 0.24, 0.44, 0.44, 0.76, 0.92, 0.76, 0.76, 0.24,
       0.76, 0.52, 0.68, 0.88, 0.56, 0.88, 0.68, 0.72, 0.12, 0.0, 0.96,
       0.96, 0.96, 0.24, 0.84, 0.68, 0.44, 0.56, 0.84, 0.88, 0.84, 0.76,
       0.68, 0.56, 0.96, 0.68, 0.76, 0.96]), 'tpos': array([5, 5, 3, 2, 4, 4, 4, 5, 4, 4, 2, 4, 4, 4, 5, 4, 5, 4, 4, 1, 0, 5, 5,
       5, 2, 5, 4, 4, 4, 4, 5, 4, 4, 4, 4, 5, 4, 4, 5])}, {'specificity': array([0.66666667, 0.22222222, 0.77777778, 0.97222222, 1.0, 0.91666667,
       0.83333333, 0.52777778, 0.80555556, 0.33333333, 0.88888889,
       0.58333333, 0.41666667, 0.083333333, 0.69444444, 0.55555556,
       0.30555556, 0.94444444, 0.61111111, 0.47222222, 0.16666667,
       0.36111111, 0.27777778, 0.72222222, 0.75, 0.055555556, 0.5,
       0.38888889, 0.19444444, 0.11111111, 0.86111111, 0.13888889, 0.25,
       0.63888889, 0.44444444, 0.027777778]), 'tneg': array([13, 13, 13, 13, 13, 13, 13, 13, 13, 13, 13, 13, 13, 13, 13, 13, 13,
       13, 13, 13, 13, 13, 13, 13, 13, 13, 13, 13, 13, 13, 13, 13, 13, 13,
       13, 13]), 'fpos': array([0, 0, 0, 0, 0, 0, 0, 0, 0, 0, 0, 0, 0, 0, 0, 0, 0, 0, 0, 0, 0, 0, 0,
       0, 0, 0, 0, 0, 0, 0, 0, 0, 0, 0, 0, 0]), 'threshold': [1.8430955742764894, 1.6939257394102056, 1.9722972913293619, 2.423681177499327, 2.5837620737462976, 2.1481499103604142, 1.9988237357986645, 1.794903813562857, 1.9772682222590075, 1.7436526354737629, 2.0552048100514519, 1.8113422000540362, 1.7626026568663356, 1.49453298525933, 1.8480340631025038, 1.80914064552707, 1.7393999563137288, 2.3215642775961056, 1.8340303895757069, 1.7770162000907117, 1.5704196946361151, 1.7469827267026192, 1.7393902822714815, 1.8687992763795629, 1.9288498804555976, 1.3727934921821117, 1.7923042362923067, 1.7475557646715803, 1.6345885413301613, 1.5615127521608163, 2.0052660264706814, 1.5668302452990068, 1.7341417295691, 1.8349021806167618, 1.771676437003844, 1.2823601595174965], 'fneg': array([3, 3, 3, 3, 3, 3, 3, 3, 3, 3, 3, 3, 3, 3, 3, 3, 3, 3, 3, 3, 3, 3, 3,
       3, 3, 3, 3, 3, 3, 3, 3, 3, 3, 3, 3, 3]), 'sensitivity': array([0.96428571, 1.0, 0.67857143, 0.21428571, 0.17857143, 0.53571429,
       0.64285714, 0.96428571, 0.67857143, 1.0, 0.64285714, 0.96428571,
       0.96428571, 1.0, 0.96428571, 0.96428571, 1.0, 0.39285714,
       0.96428571, 0.96428571, 1.0, 1.0, 1.0, 0.92857143, 0.78571429, 1.0,
       0.96428571, 1.0, 1.0, 1.0, 0.64285714, 1.0, 1.0, 0.96428571,
       0.96428571, 1.0]), 'tpos': array([0, 0, 0, 0, 0, 0, 0, 0, 0, 0, 0, 0, 0, 0, 0, 0, 0, 0, 0, 0, 0, 0, 0,
       0, 0, 0, 0, 0, 0, 0, 0, 0, 0, 0, 0, 0])}, {'specificity': array([0.97560976, 0.6097561, 0.41463415, 0.75609756, 0.90243902,
       0.92682927, 0.95121951, 0.53658537, 0.36585366, 0.70731707,
       0.82926829, 0.46341463, 0.24390244, 0.073170732, 0.048780488,
       0.29268293, 0.58536585, 0.26829268, 0.48780488, 0.31707317, 1.0,
       0.65853659, 0.17073171, 0.19512195, 0.80487805, 0.14634146,
       0.85365854, 0.43902439, 0.87804878, 0.2195122, 0.51219512,
       0.63414634, 0.34146341, 0.097560976, 0.7804878, 0.12195122,
       0.73170732, 0.56097561, 0.68292683, 0.3902439, 0.024390244]), 'tneg': array([11, 11, 11, 11, 11, 11, 11, 11, 11, 11, 11, 11, 11, 11, 11, 11, 11,
       11, 11, 11, 11, 11, 11, 11, 11, 11, 11, 11, 11, 11, 11, 11, 11, 11,
       11, 11, 11, 11, 11, 11, 11]), 'fpos': array([0, 0, 0, 0, 0, 0, 0, 0, 0, 0, 0, 0, 0, 0, 0, 0, 0, 0, 0, 0, 0, 0, 0,
       0, 0, 0, 0, 0, 0, 0, 0, 0, 0, 0, 0, 0, 0, 0, 0, 0, 0]), 'threshold': [2.3170484579354733, 1.8613896714447116, 1.7790864752288351, 1.9520405250509518, 2.0935158515013104, 2.2754893664340128, 2.30961175543265, 1.8367361668133968, 1.7545317314833007, 1.9223698764215473, 2.0209986408217664, 1.8252841387873648, 1.6914267681226352, 1.5615320595916771, 1.5360318710411272, 1.7131382811981324, 1.8584067242822036, 1.6975023634493158, 1.8275462266408276, 1.7141761013910166, 2.4090565181928372, 1.8870676820051409, 1.6011437652192377, 1.6230572663075584, 2.0115881851948303, 1.5903942210007895, 2.03054705676082, 1.7911804308700039, 2.0459375721994655, 1.6543360496895332, 1.8294081014033794, 1.8720953846190187, 1.7224149313003889, 1.5637617728123772, 1.9624222383615411, 1.5749298372520078, 1.93735372531096, 1.8439639972280928, 1.8948248047341456, 1.7686187458642264, 1.4869019999525071], 'fneg': array([4, 4, 4, 4, 4, 4, 4, 4, 4, 4, 4, 4, 4, 4, 4, 4, 4, 4, 4, 4, 4, 4, 4,
       4, 4, 4, 4, 4, 4, 4, 4, 4, 4, 4, 4, 4, 4, 4, 4, 4, 4]), 'sensitivity': array([0.20833333, 0.91666667, 0.95833333, 0.79166667, 0.375, 0.25,
       0.20833333, 0.91666667, 0.95833333, 0.875, 0.625, 0.95833333,
       0.95833333, 1.0, 1.0, 0.95833333, 0.91666667, 0.95833333,
       0.91666667, 0.95833333, 0.16666667, 0.875, 1.0, 1.0, 0.66666667,
       1.0, 0.625, 0.95833333, 0.54166667, 1.0, 0.91666667, 0.875,
       0.95833333, 1.0, 0.79166667, 1.0, 0.83333333, 0.91666667, 0.875,
       0.95833333, 1.0]), 'tpos': array([0, 0, 0, 0, 0, 0, 0, 0, 0, 0, 0, 0, 0, 0, 0, 0, 0, 0, 0, 0, 0, 0, 0,
       0, 0, 0, 0, 0, 0, 0, 0, 0, 0, 0, 0, 0, 0, 0, 0, 0, 0])}], <Model object at 0x0000000000000D60>)
#adapt
([{'specificity': array([0.575, 0.125, 0.775, 0.375, 0.8, 0.4, 0.675, 0.975, 0.325, 0.7,
       0.625, 0.35, 0.825, 0.5, 0.65, 0.95, 0.6, 0.875, 0.475, 0.525, 0.9,
       0.2, 0.175, 0.275, 0.55, 0.3, 0.1, 0.45, 0.075, 0.425, 0.025, 0.75,
       0.25, 0.925, 0.725, 0.225, 0.85, 1.0, 0.15, 0.05]), 'tneg': array([ 6,  1,  9,  3,  9,  3,  8, 13,  3,  9,  8,  3, 11,  3,  8, 13,  7,
       13,  3,  6, 13,  1,  1,  2,  6,  2,  1,  3,  1,  3,  0,  9,  1, 13,
        9,  1, 13, 13,  1,  0]), 'fpos': array([ 7, 12,  4, 10,  4, 10,  5,  0, 10,  4,  5, 10,  2, 10,  5,  0,  6,
        0, 10,  7,  0, 12, 12, 11,  7, 11, 12, 10, 12, 10, 13,  4, 12,  0,
        4, 12,  0,  0, 12, 13]), 'threshold': [1.8619209741366252, 1.6552842329706212, 1.9451770477901662, 1.8047348379779278, 1.9624781314187956, 1.8132362557091004, 1.9008532269912752, 2.1762790642018013, 1.7474725889878646, 1.9085491551197733, 1.8890372578132055, 1.781339750262823, 2.014963727671824, 1.8327488968973997, 1.8992637879433028, 2.1690425332067207, 1.8840919951276027, 2.1006374624360187, 1.8301012495253439, 1.8506896820260237, 2.1090149751297931, 1.6941180078346829, 1.6781885050147403, 1.7382352285473603, 1.8573488865467032, 1.7429744691762743, 1.5754388450286245, 1.8271241362657615, 1.5633110303446365, 1.8208125554664436, 1.4489732005463225, 1.9188241370975943, 1.7037357563109614, 2.1401903708734062, 1.9118983232110121, 1.6981008878411223, 2.0782212699168756, 2.4914326741132533, 1.6555675400645387, 1.5305431809190879], 'fneg': array([0, 0, 0, 0, 0, 0, 0, 3, 0, 0, 0, 0, 0, 0, 0, 3, 0, 2, 0, 0, 3, 0, 0,
       0, 0, 0, 0, 0, 0, 0, 0, 0, 0, 3, 0, 0, 2, 3, 0, 0]), 'sensitivity': array([0.83333333, 1.0, 0.625, 0.95833333, 0.625, 0.95833333, 0.83333333,
       0.16666667, 1.0, 0.83333333, 0.83333333, 0.95833333, 0.54166667,
       0.875, 0.83333333, 0.20833333, 0.83333333, 0.33333333, 0.875,
       0.83333333, 0.29166667, 1.0, 1.0, 1.0, 0.83333333, 1.0, 1.0, 0.875,
       1.0, 0.91666667, 1.0, 0.83333333, 1.0, 0.29166667, 0.83333333, 1.0,
       0.375, 0.0, 1.0, 1.0]), 'tpos': array([4, 4, 4, 4, 4, 4, 4, 1, 4, 4, 4, 4, 4, 4, 4, 1, 4, 2, 4, 4, 1, 4, 4,
       4, 4, 4, 4, 4, 4, 4, 4, 4, 4, 1, 4, 4, 2, 1, 4, 4])}, {'specificity': array([0.41025641, 0.35897436, 0.1025641, 0.71794872, 0.58974359,
       0.38461538, 0.43589744, 0.28205128, 0.82051282, 0.69230769,
       0.53846154, 0.30769231, 0.61538462, 0.76923077, 0.84615385,
       0.87179487, 0.46153846, 0.17948718, 0.74358974, 0.20512821,
       0.23076923, 0.25641026, 0.051282051, 0.94871795, 0.12820513,
       0.56410256, 0.025641026, 0.48717949, 0.076923077, 0.97435897, 1.0,
       0.92307692, 0.64102564, 0.66666667, 0.79487179, 0.8974359,
       0.51282051, 0.33333333, 0.15384615]), 'tneg': array([ 4,  2,  1,  5,  5,  3,  4,  2,  7,  5,  4,  2,  5,  6,  7,  7,  4,
        1,  6,  1,  1,  1,  0, 10,  1,  5,  0,  4,  0, 10, 10, 10,  5,  5,
        6, 10,  4,  2,  1]), 'fpos': array([ 8, 10, 11,  7,  7,  9,  8, 10,  5,  7,  8, 10,  7,  6,  5,  5,  8,
       11,  6, 11, 11, 11, 12,  2, 11,  7, 12,  8, 12,  2,  2,  2,  7,  7,
        6,  2,  8, 10, 11]), 'threshold': [1.8214700031167144, 1.8074024180257213, 1.7387226422493889, 1.9134502098077344, 1.8713460307477912, 1.8108988718299393, 1.8256277541566686, 1.7992148342991468, 1.9502656883997029, 1.9103809990645428, 1.8600815531908623, 1.8013395483623125, 1.8758890458087141, 1.9390333835098119, 1.9683099547730063, 1.9850700760798206, 1.8333471338573653, 1.7577178342949542, 1.9366536233558414, 1.7669654665268546, 1.7715984858475216, 1.7792873354620342, 1.7074723911003988, 2.03126684206581, 1.7473920905925662, 1.8671972202159424, 1.6750829717406151, 1.8338294958311605, 1.7308204064650097, 2.0337137997615415, 2.0522081009330098, 2.025370850492731, 1.8885239393298605, 1.8949022420915687, 1.9463451155131504, 2.0148301046485897, 1.8580408154853791, 1.8033608272833253, 1.7516645348841946], 'fneg': array([0, 0, 0, 2, 0, 0, 0, 0, 3, 2, 0, 0, 1, 3, 3, 3, 0, 0, 3, 0, 0, 0, 0,
       4, 0, 0, 0, 0, 0, 4, 4, 4, 2, 2, 3, 3, 0, 0, 0]), 'sensitivity': array([0.88461538, 0.88461538, 1.0, 0.69230769, 0.80769231, 0.88461538,
       0.88461538, 0.88461538, 0.5, 0.73076923, 0.80769231, 0.88461538,
       0.80769231, 0.5, 0.42307692, 0.34615385, 0.88461538, 1.0,
       0.57692308, 0.92307692, 0.92307692, 0.92307692, 1.0, 0.23076923,
       1.0, 0.80769231, 1.0, 0.84615385, 1.0, 0.19230769, 0.15384615,
       0.23076923, 0.76923077, 0.76923077, 0.5, 0.26923077, 0.80769231,
       0.88461538, 1.0]), 'tpos': array([4, 4, 4, 2, 4, 4, 4, 4, 1, 2, 4, 4, 3, 1, 1, 1, 4, 4, 1, 4, 4, 4, 4,
       0, 4, 4, 4, 4, 4, 0, 0, 0, 2, 2, 1, 1, 4, 4, 4])}, {'specificity': array([0.15, 0.625, 0.75, 0.675, 0.275, 0.3, 0.25, 0.475, 0.125, 0.575,
       0.075, 0.175, 0.325, 0.7, 0.875, 0.725, 0.05, 0.925, 0.35, 0.45,
       0.8, 0.5, 0.9, 0.525, 0.65, 0.85, 0.1, 0.2, 0.4, 0.425, 0.225,
       0.375, 0.55, 0.825, 0.6, 0.025, 1.0, 0.975, 0.95, 0.775]), 'tneg': array([ 1,  6,  7,  6,  1,  1,  1,  4,  1,  5,  1,  1,  1,  6, 10,  7,  1,
       10,  2,  4, 10,  4, 10,  5,  6, 10,  1,  1,  4,  4,  1,  2,  5, 10,
        5,  1, 10, 10, 10, 10]), 'fpos': array([9, 4, 3, 4, 9, 9, 9, 6, 9, 5, 9, 9, 9, 4, 0, 3, 9, 0, 8, 6, 0, 6, 0,
       5, 4, 0, 9, 9, 6, 6, 9, 8, 5, 0, 5, 9, 0, 0, 0, 0]), 'threshold': [1.8354738330357614, 1.9267273946424746, 1.9386937352705933, 1.9311534666403596, 1.8518339005161666, 1.8709247928229775, 1.8482725861486551, 1.8936255223717604, 1.8335313158839872, 1.9068786317717632, 1.830220618535092, 1.8369266707397698, 1.8715361636564911, 1.9351211746072212, 1.9855334952357802, 1.9378577292050325, 1.8259405792061858, 1.9918687237144765, 1.8727520211292426, 1.8887913988816381, 1.9555973904342674, 1.89450359115498, 1.9906964307597841, 1.9024020691077357, 1.9268756664530693, 1.9679629995674794, 1.8323768663581, 1.8416578570962017, 1.8882621658944268, 1.8883737746978242, 1.8418925097788326, 1.8748841649694858, 1.9038821614890082, 1.9605895417829429, 1.9228886656202189, 1.8194140910022443, 2.046869730297912, 2.0445657839114135, 2.0150041467612376, 1.9472690403151491], 'fneg': array([0, 1, 1, 1, 0, 0, 0, 1, 0, 1, 0, 0, 0, 1, 5, 1, 0, 5, 0, 1, 1, 1, 5,
       1, 1, 4, 0, 0, 1, 1, 0, 0, 1, 1, 1, 0, 6, 6, 6, 1]), 'sensitivity': array([0.96, 0.6, 0.56, 0.56, 0.96, 0.88, 0.96, 0.88, 0.96, 0.76, 0.96,
       0.96, 0.88, 0.56, 0.36, 0.56, 0.96, 0.36, 0.88, 0.88, 0.48, 0.84,
       0.36, 0.84, 0.6, 0.4, 0.96, 0.96, 0.88, 0.88, 0.96, 0.88, 0.8, 0.44,
       0.64, 1.0, 0.04, 0.04, 0.2, 0.52]), 'tpos': array([6, 5, 5, 5, 6, 6, 6, 5, 6, 5, 6, 6, 6, 5, 1, 5, 6, 1, 6, 5, 5, 5, 1,
       5, 5, 2, 6, 6, 5, 5, 6, 6, 5, 5, 5, 6, 0, 0, 0, 5])}, {'specificity': array([0.58974359, 0.25641026, 0.076923077, 0.64102564, 0.69230769,
       0.53846154, 0.51282051, 0.94871795, 0.48717949, 0.30769231,
       0.71794872, 0.33333333, 0.74358974, 0.66666667, 0.92307692,
       0.87179487, 0.23076923, 0.35897436, 0.17948718, 0.38461538,
       0.025641026, 0.97435897, 0.20512821, 0.41025641, 0.79487179,
       0.051282051, 0.28205128, 0.61538462, 0.56410256, 0.15384615,
       0.43589744, 0.8974359, 0.76923077, 0.1025641, 0.84615385, 1.0,
       0.82051282, 0.46153846, 0.12820513]), 'tneg': array([ 8,  5,  1,  9, 10,  7,  7, 11,  7,  6, 10,  6, 11, 10, 11, 11,  5,
        6,  4,  6,  0, 11,  5,  6, 11,  1,  5,  9,  7,  3,  7, 11, 11,  2,
       11, 12, 11,  7,  3]), 'fpos': array([ 5,  8, 12,  4,  3,  6,  6,  2,  6,  7,  3,  7,  2,  3,  2,  2,  8,
        7,  9,  7, 13,  2,  8,  7,  2, 12,  8,  4,  6, 10,  6,  2,  2, 11,
        2,  1,  2,  6, 10]), 'threshold': [1.889480371460301, 1.6848595321820032, 1.4896399708609112, 1.9512813442123498, 1.9969463091686994, 1.8780894442905993, 1.8627973053687055, 2.2688470851019504, 1.8623867421083906, 1.7452212286033237, 2.018527120251703, 1.7464722145484224, 2.0592305804322093, 1.986513795092653, 2.2266049626854763, 2.1917183555850355, 1.6651086251170963, 1.7560975476238574, 1.6069239085007374, 1.778485645719563, 1.2890850143794166, 2.2852558649408481, 1.658599753802378, 1.7956384619289079, 2.0903955694745027, 1.4492673862317966, 1.697021227060757, 1.9236511637891953, 1.8808404228264923, 1.6060301902229561, 1.8144181297327375, 2.1954678317691694, 2.0600880241481407, 1.5368263429446156, 2.179489945752362, 2.3981915477454705, 2.1511306041938365, 1.850815060379793, 1.5841021301768912], 'fneg': array([3, 0, 0, 3, 3, 3, 3, 3, 3, 1, 3, 1, 3, 3, 3, 3, 0, 1, 0, 2, 0, 3, 0,
       2, 3, 0, 0, 3, 3, 0, 3, 3, 3, 0, 3, 3, 3, 3, 0]), 'sensitivity': array([0.76923077, 0.96153846, 1.0, 0.69230769, 0.65384615, 0.80769231,
       0.84615385, 0.23076923, 0.88461538, 0.96153846, 0.65384615,
       0.96153846, 0.57692308, 0.69230769, 0.34615385, 0.38461538, 1.0,
       0.96153846, 1.0, 0.96153846, 1.0, 0.19230769, 1.0, 0.92307692,
       0.53846154, 1.0, 0.96153846, 0.69230769, 0.80769231, 1.0,
       0.92307692, 0.34615385, 0.57692308, 1.0, 0.38461538, 0.15384615,
       0.42307692, 0.88461538, 1.0]), 'tpos': array([0, 3, 3, 0, 0, 0, 0, 0, 0, 2, 0, 2, 0, 0, 0, 0, 3, 2, 3, 1, 3, 0, 3,
       1, 0, 3, 3, 0, 0, 3, 0, 0, 0, 3, 0, 0, 0, 0, 3])}, {'specificity': array([0.65853659, 0.34146341, 0.073170732, 0.68292683, 0.73170732,
       0.85365854, 0.90243902, 0.36585366, 0.70731707, 0.41463415,
       0.048780488, 0.82926829, 0.17073171, 0.53658537, 0.3902439,
       0.51219512, 0.56097561, 1.0, 0.24390244, 0.7804878, 0.29268293,
       0.26829268, 0.2195122, 0.46341463, 0.12195122, 0.95121951,
       0.097560976, 0.48780488, 0.58536585, 0.14634146, 0.024390244,
       0.87804878, 0.75609756, 0.80487805, 0.31707317, 0.43902439,
       0.97560976, 0.63414634, 0.92682927, 0.6097561, 0.19512195]), 'tneg': array([ 7,  2,  0,  7,  7, 10, 11,  2,  7,  3,  0, 10,  2,  7,  2,  7,  7,
       11,  2, 10,  2,  2,  2,  4,  0, 11,  0,  6,  7,  1,  0, 10,  7, 10,
        2,  3, 11,  7, 11,  7,  2]), 'fpos': array([ 4,  9, 11,  4,  4,  1,  0,  9,  4,  8, 11,  1,  9,  4,  9,  4,  4,
        0,  9,  1,  9,  9,  9,  7, 11,  0, 11,  5,  4, 10, 11,  1,  4,  1,
        9,  8,  0,  4,  0,  4,  9]), 'threshold': [1.8990792452683338, 1.7853952559731483, 1.630834433015899, 1.9105145726417723, 1.9230500953187428, 1.9676067599723328, 1.9991446146640344, 1.8058798440362052, 1.921759348531793, 1.8194304683814306, 1.5962701387571596, 1.9644736655167143, 1.6730184323770641, 1.8777264344272207, 1.8060638520812162, 1.876552708287857, 1.8780385465881062, 2.228202831923539, 1.716976778804338, 1.9524950527998235, 1.7758318761963623, 1.7720973009318808, 1.7150486828226277, 1.8487103753897332, 1.6517405627518484, 2.0738985026331203, 1.6494398925928098, 1.8700567966143207, 1.8799427227115384, 1.6624554107418421, 1.5599587703472426, 1.9719562045086574, 1.9249496064716378, 1.9561822510933566, 1.7809591006458894, 1.8298978740955469, 2.1305675492200606, 1.8981504663095499, 2.0395049140208057, 1.8981192731538683, 1.6867327403578469], 'fneg': array([3, 2, 0, 3, 3, 4, 4, 2, 3, 2, 0, 4, 2, 3, 2, 3, 3, 5, 2, 4, 2, 2, 2,
       2, 2, 4, 1, 3, 3, 2, 0, 4, 3, 4, 2, 2, 5, 3, 4, 3, 2]), 'sensitivity': array([0.875, 0.95833333, 1.0, 0.875, 0.875, 0.70833333, 0.70833333,
       0.91666667, 0.875, 0.91666667, 1.0, 0.70833333, 1.0, 0.875,
       0.91666667, 0.875, 0.875, 0.25, 1.0, 0.79166667, 0.95833333,
       0.95833333, 1.0, 0.91666667, 1.0, 0.41666667, 1.0, 0.875, 0.875,
       1.0, 1.0, 0.70833333, 0.875, 0.79166667, 0.95833333, 0.91666667,
       0.375, 0.875, 0.54166667, 0.875, 1.0]), 'tpos': array([2, 3, 5, 2, 2, 1, 1, 3, 2, 3, 5, 1, 3, 2, 3, 2, 2, 0, 3, 1, 3, 3, 3,
       3, 3, 1, 4, 2, 2, 3, 5, 1, 2, 1, 3, 3, 0, 2, 1, 2, 3])}], <Model object at 0x000000000000108C>)
