# fold = 1
# threshold = 0.18709233889
# requested specificity = 0.806451612903
# actual training-set specificity = 0.670886075949
# tpos = 3
# tneg = 6
# fpos = 7
# fneg = 5
# raw predictions:
[0.667835725575 0.175054973595 0.134627451872 0.413673954357 0.400281881232
 0.268500159885 0.14894891112 0.111555399273 0.219603805636 0.109002229514
 0.199552200559 0.413166907483 0.576216415442 0.128843201888 0.11522799838
 0.13034550643 0.129160681059 0.314614271215 0.131909827759 0.17771284519
 0.675576039592]
# truth:
[3.3837436 2.5627685 3.3837436 1.5263393 2.6134189 2.2000293 2.8121108
 0.79934055 1.6042261 2.0318123 1.3961993 2.0338257 2.9914033 3.3837436
 2.2000293 2.1027766 2.6190933 1.948413 2.0406023 0.49136169 2.1525941]
# fold = 2
# threshold = 0.19627092187
# requested specificity = 0.809523809524
# actual training-set specificity = 0.6
# tpos = 5
# tneg = 0
# fpos = 15
# fneg = 0
# raw predictions:
[1.0 1.0 1.0 1.0 1.0 1.0 1.0 1.0 1.0 1.0 1.0 1.0 1.0 1.0 1.0 1.0 1.0 1.0
 1.0 1.0]
# truth:
[2.5779511 1.7767012 2.4350476 1.1172713 3.3837436 2.2367891 1.6532125
 1.5024271 2.4637437 2.0674428 1.3483049 2.2355284 1.9020029 2.3583156
 1.9355073 1.8000294 1.5786392 1.1643529 1.9355073 2.5161386]
# fold = 3
# threshold = 0.269205693562
# requested specificity = 0.809523809524
# actual training-set specificity = 0.7
# tpos = 2
# tneg = 12
# fpos = 4
# fneg = 2
# raw predictions:
[0.170461928274 0.245431319374 0.17077346508 0.185126737999 0.318990642406
 0.159792770021 0.264687209923 0.360287080108 0.247259212436 0.298969367182
 0.64199054162 0.175249523665 0.172743870514 0.24333017321 0.184360703676
 0.344572712683 0.186465802515 0.3146445384 0.136456475974 0.245653673922]
# truth:
[1.5717088 3.3837436 0.30103 1.376577 1.8920946 2.1664301 1.8709888
 2.512551 2.2796669 2.3398488 2.7567882 1.3710679 3.3837436 2.1433271
 2.1598678 2.3380579 0.61278386 1.6866363 0.70757018 1.5024271]
# fold = 4
# threshold = 0.293167100507
# requested specificity = 0.809523809524
# actual training-set specificity = 0.6625
# tpos = 0
# tneg = 14
# fpos = 4
# fneg = 2
# raw predictions:
[0.463999225194 0.374143095793 0.315845848789 0.193063662906 0.382906873973
 0.187205986892 0.206258938549 0.184378115905 0.27791327003 0.267247827364
 0.242326807538 0.229259228774 0.22176867617 0.239980661003 0.182835727228
 0.223107396821 0.218975590966 0.222434121785 0.225610400679 0.18141924669]
# truth:
[2.286681 2.0297895 1.8469553 2.4834446 1.1643529 1.687529 1.1430148
 1.3579348 1.382017 2.2671717 1.3031961 1.6009729 1.6884198 1.39794 0.30103
 2.6887757 1.0374265 2.1195858 1.666518 1.5263393]
# fold = 5
# threshold = 0.275607918704
# requested specificity = 0.953125
# actual training-set specificity = 0.901234567901
# tpos = 2
# tneg = 11
# fpos = 1
# fneg = 5
# raw predictions:
[0.251542675261 0.184837764549 0.171485687786 0.245885254251 0.271246266376
 0.180378361033 0.212133114406 0.244465278679 0.204310164884 0.295040630007
 0.179241959962 0.34095979433 0.280366782224 0.179139041978 0.256636775209
 0.17169307609 0.233352014284 0.185250073604 0.176004807254]
# truth:
[2.5366847 2.5375673 3.2980448 2.5880475 2.1580608 2.1804126 1.3384565
 3.3837436 1.7024305 2.7136585 1.8469553 3.3837436 1.4593925 1.4712917
 0.30103 1.9703469 1.1271048 1.6928469 0.0]
# fold = overall performance
# tpos = 12
# tneg = 43
# fpos = 31
# fneg = 14
