# fold = 1
# threshold = 0.265372643342
# requested specificity = 0.806451612903
# actual training-set specificity = 0.818181818182
# tpos = 1
# tneg = 10
# fpos = 9
# fneg = 1
# raw predictions:
[0.361873005826 0.256181226566 0.369493356705 0.230574917343 0.347649939597
 0.208135586139 0.324697761379 0.296824597091 0.287151973635 0.241763659121
 0.208436114748 0.666852447823 0.237300325737 0.236575786891 0.228522180936
 0.215677364305 0.2742646011 0.292388236142 0.299350853506 0.23016100552
 0.233785418338]
# truth:
[2.5366847 2.5375673 2.286681 1.5717088 2.1580608 2.1664301 1.1643529
 1.8709888 2.2671717 2.2796669 1.7024305 2.0674428 1.8469553 1.6884198
 2.3583156 2.2000293 2.1027766 0.30103 1.948413 2.0406023 2.1195858]
# fold = 2
# threshold = 0.223139888702
# requested specificity = 0.809523809524
# actual training-set specificity = 0.816666666667
# tpos = 2
# tneg = 14
# fpos = 0
# fneg = 4
# raw predictions:
[0.223176624369 0.22321472517 0.223107238393 0.223108598755 0.223107238393
 0.223107238393 0.223107238393 0.223107238393 0.223107238393 0.22311948186
 0.223108598755 0.223107238393 0.223107238393 0.223118121451 0.223107238393
 0.223107238393 0.223107238393 0.223107238393 0.223111319496 0.223107238393]
# truth:
[2.4350476 3.3837436 1.1172713 2.5627685 2.4834446 2.2000293 1.687529
 1.3579348 1.6009729 2.0318123 2.4637437 3.3837436 1.3710679 2.3380579
 0.61278386 1.39794 1.9703469 1.9355073 1.5024271 1.6928469]
# fold = 3
# threshold = 0.220102656069
# requested specificity = 0.809523809524
# actual training-set specificity = 0.816666666667
# tpos = 1
# tneg = 6
# fpos = 8
# fneg = 5
# raw predictions:
[0.215524433735 0.323509998505 0.230657162942 0.230061612986 0.236671909383
 0.299034973957 0.211015674311 0.208232985666 0.208232985666 0.212698316407
 0.208232985666 0.220102656069 0.208232985666 0.208232985666 0.208232985666
 0.236065594733 0.239719574455 0.225336092422 0.208232985666 0.208232985666]
# truth:
[2.5779511 3.3837436 0.30103 1.8920946 2.2367891 1.5263393 2.8121108
 1.382017 1.3031961 1.4593925 3.3837436 1.8000294 2.6887757 2.5161386
 0.70757018 1.666518 0.49136169 1.1271048 2.1525941 0.0]
# fold = 4
# threshold = 0.231374803843
# requested specificity = 0.809523809524
# actual training-set specificity = 0.813559322034
# tpos = 3
# tneg = 12
# fpos = 3
# fneg = 2
# raw predictions:
[0.231351215881 0.231353836683 0.231361699212 0.231461307417 0.231807547684
 0.231364320097 0.231356457505 0.231429848957 0.231351215881 0.231351215881
 0.231351215881 0.231458685765 0.231479659566 0.231760311814 0.231351215881
 0.231353836683 0.231351215881 0.231351215881 0.231351215881 0.231351215881]
# truth:
[1.7767012 2.5880475 2.0297895 1.8469553 3.3837436 2.1804126 1.3384565
 1.6042261 1.1430148 2.3398488 1.3961993 2.0338257 2.7136585 2.7567882
 1.9020029 3.3837436 1.9355073 1.5786392 0.30103 1.5263393]
# fold = 5
# threshold = 0.206632612727
# requested specificity = 0.861538461538
# actual training-set specificity = 0.870967741935
# tpos = 2
# tneg = 4
# fpos = 8
# fneg = 5
# raw predictions:
[0.206556854802 0.206664330408 0.206944675149 0.206585573345 0.20663401462
 0.206660353275 0.206611753634 0.20658427452 0.206716310469 0.206684715443
 0.206593350043 0.20659142628 0.206620465661 0.20671039791 0.206722938577
 0.206570495057 0.206807749159 0.206703140895 0.206591244002]
# truth:
[3.2980448 1.376577 3.3837436 2.6134189 0.79934055 1.6532125 2.512551
 3.3837436 1.5024271 2.9914033 1.3483049 2.2355284 1.4712917 2.1433271
 2.1598678 2.6190933 1.6866363 1.0374265 1.1643529]
# fold = overall performance
# tpos = 9
# tneg = 46
# fpos = 28
# fneg = 17
