# fold = 1
# threshold = -0.294148718055
# requested specificity = 0.979166666667
# actual training-set specificity = 0.967213114754
# tpos = 2
# tneg = 12
# fpos = 1
# fneg = 6
# raw predictions:
[-0.18254738 -0.80606497 -1.3470522 -0.84844654 -1.2880888 -0.1492867
 -0.80243273 -1.2003469 -1.4191557 -0.99769928 0.25992164 -1.29261
 -1.1298057 -1.4220266 -1.7536899 -1.2487021 -1.0967213 -1.5664799
 -1.5804759 -0.85121843 -1.2539971]
# truth:
[2.286681 2.5880475 1.376577 2.5627685 2.0297895 2.6134189 1.6042261
 2.2796669 1.3031961 2.4637437 2.7136585 3.3837436 1.4593925 3.3837436
 2.2000293 2.3380579 2.6190933 1.1643529 0.70757018 0.49136169 1.5263393]
# fold = 2
# threshold = -0.771711686384
# requested specificity = 0.978723404255
# actual training-set specificity = 0.966101694915
# tpos = 2
# tneg = 11
# fpos = 4
# fneg = 3
# raw predictions:
[0.934272 -0.1023452 -1.5195342 -1.6458768 -0.69042495 -1.7324305 -1.23982
 0.89808542 -1.8234719 -0.50794795 -1.9249201 -1.1219633 -1.3450417
 1.1751741 -1.4840001 -1.5988229 -1.4660825 -1.4845196 -1.8061204
 -1.8039093]
# truth:
[2.5366847 2.5779511 1.7767012 1.1172713 1.8920946 3.3837436 2.4834446
 2.2367891 1.3384565 1.1643529 1.1430148 2.3398488 1.3961993 2.0674428
 1.8469553 3.3837436 2.3583156 1.39794 2.0406023 1.6928469]
# fold = 3
# threshold = -0.249271552919
# requested specificity = 0.957446808511
# actual training-set specificity = 0.947368421053
# tpos = 1
# tneg = 14
# fpos = 3
# fneg = 2
# raw predictions:
[-0.60516912 -0.39694114 -0.42663875 -0.10521984 -0.81242289 -1.0492235
 -0.68921854 -0.3678593 -1.1472281 -0.98894558 -0.070220353 0.33830721
 -1.1468128 -0.76336417 -0.32838499 -0.98084577 -0.73011712 -0.1523333
 -1.0657191 -1.2141193]
# truth:
[2.5375673 3.3837436 1.8469553 2.1580608 2.1804126 1.687529 1.382017
 2.2671717 1.5024271 1.6009729 2.0338257 2.9914033 2.2355284 2.1598678
 1.6866363 2.1195858 1.666518 2.1525941 1.5024271 0.0]
# fold = 4
# threshold = -0.692738508428
# requested specificity = 0.979166666667
# actual training-set specificity = 0.967741935484
# tpos = 3
# tneg = 11
# fpos = 1
# fneg = 5
# raw predictions:
[-0.50207931 -0.80427748 -0.58022662 -0.62959992 -0.96996083 -1.0324132
 -0.78063504 -1.0519344 -0.76924731 -0.79913103 -1.3482828 -1.2329357
 0.018947551 -1.3959674 -0.98270813 -1.2582143 -1.0530164 -1.1418359
 -1.1971034 -1.1399344]
# truth:
[3.2980448 2.4350476 0.30103 3.3837436 2.2000293 2.1664301 2.8121108
 1.6532125 1.8709888 2.512551 1.3579348 2.0318123 2.7567882 1.3710679
 1.5786392 0.30103 1.948413 1.9703469 2.6887757 2.5161386]
# fold = 5
# threshold = -0.425340842234
# requested specificity = 0.954545454545
# actual training-set specificity = 0.947368421053
# tpos = 2
# tneg = 16
# fpos = 1
# fneg = 0
# raw predictions:
[-0.10888902 -0.84229139 -0.39355971 -0.71932169 -0.20552779 -0.62188604
 -0.46672651 -0.97696192 -0.96737253 -0.49209968 -0.73450968 -0.72167822
 -0.63975159 -0.6714333 -0.52720381 -0.79503735 -0.62634164 -0.60811999
 -0.74266767]
# truth:
[3.3837436 1.5717088 1.5263393 0.79934055 3.3837436 1.7024305 1.6884198
 1.3483049 1.9020029 2.1027766 1.9355073 1.4712917 2.1433271 0.61278386
 1.8000294 0.30103 1.0374265 1.9355073 1.1271048]
# fold = overall performance
# tpos = 10
# tneg = 64
# fpos = 10
# fneg = 16
