#lasso
([{'specificity': array([0.10526316, 0.81578947, 0.28947368, 0.21052632, 0.55263158,
       0.94736842, 0.97368421, 0.44736842, 0.57894737, 0.89473684,
       0.47368421, 0.34210526, 0.15789474, 0.5, 0.60526316, 0.42105263,
       0.86842105, 0.18421053, 1.0, 0.65789474, 0.71052632, 0.63157895,
       0.052631579, 0.39473684, 0.26315789, 0.026315789, 0.73684211,
       0.23684211, 0.84210526, 0.76315789, 0.36842105, 0.68421053,
       0.92105263, 0.52631579, 0.78947368, 0.31578947, 0.13157895,
       0.078947368]), 'tneg': array([0, 0, 0, 0, 0, 7, 9, 0, 0, 5, 0, 0, 0, 0, 0, 0, 1, 0, 9, 0, 0, 0, 0,
       0, 0, 0, 0, 0, 0, 0, 0, 0, 7, 0, 0, 0, 0, 0]), 'fpos': array([13, 13, 13, 13, 13,  6,  4, 13, 13,  8, 13, 13, 13, 13, 13, 13, 12,
       13,  4, 13, 13, 13, 13, 13, 13, 13, 13, 13, 13, 13, 13, 13,  6, 13,
       13, 13, 13, 13]), 'threshold': [1.8384361289340145, 1.9601020683600035, 1.8570362771672484, 1.8504437445912387, 1.89016588271457, 2.0847837642668527, 2.1355396944533145, 1.8776226901710613, 1.9008889307000272, 2.0442216497045078, 1.8804733045375746, 1.8590883964908582, 1.8410130817238348, 1.8810115435929058, 1.9009038971536567, 1.8771511507776171, 2.0060075639773225, 1.847005473979646, 2.1476236972695837, 1.9114864477214126, 1.9192974070656237, 1.9036267940215512, 1.8335747529504938, 1.873536843864319, 1.8529599098837692, 1.8334054490597478, 1.9363756421517124, 1.8512117336649232, 1.9648791454405405, 1.9494773019956564, 1.8625942800535704, 1.911540424836224, 2.0689810029137621, 1.8889632078669052, 1.9514153045126008, 1.8589955068297985, 1.8387539401881705, 1.8342379235239579], 'fneg': array([0, 0, 0, 0, 0, 2, 2, 0, 0, 1, 0, 0, 0, 0, 0, 0, 0, 0, 2, 0, 0, 0, 0,
       0, 0, 0, 0, 0, 0, 0, 0, 0, 1, 0, 0, 0, 0, 0]), 'sensitivity': array([1.0, 0.625, 0.875, 0.91666667, 0.75, 0.54166667, 0.41666667,
       0.83333333, 0.75, 0.54166667, 0.83333333, 0.875, 0.95833333,
       0.83333333, 0.75, 0.83333333, 0.54166667, 0.95833333, 0.33333333,
       0.75, 0.75, 0.75, 1.0, 0.83333333, 0.91666667, 1.0, 0.70833333,
       0.91666667, 0.58333333, 0.66666667, 0.83333333, 0.75, 0.54166667,
       0.75, 0.66666667, 0.875, 1.0, 1.0]), 'tpos': array([4, 4, 4, 4, 4, 2, 2, 4, 4, 3, 4, 4, 4, 4, 4, 4, 4, 4, 2, 4, 4, 4, 4,
       4, 4, 4, 4, 4, 4, 4, 4, 4, 3, 4, 4, 4, 4, 4])}, {'specificity': array([0.86486486, 0.35135135, 0.13513514, 0.75675676, 0.94594595, 1.0,
       0.72972973, 0.32432432, 0.97297297, 0.89189189, 0.18918919,
       0.59459459, 0.27027027, 0.10810811, 0.64864865, 0.081081081,
       0.78378378, 0.054054054, 0.67567568, 0.51351351, 0.027027027,
       0.2972973, 0.56756757, 0.81081081, 0.40540541, 0.24324324,
       0.54054054, 0.45945946, 0.62162162, 0.7027027, 0.21621622,
       0.83783784, 0.48648649, 0.91891892, 0.37837838, 0.43243243,
       0.16216216]), 'tneg': array([0, 0, 0, 0, 3, 9, 0, 0, 3, 0, 0, 0, 0, 0, 0, 0, 0, 0, 0, 0, 0, 0, 0,
       0, 0, 0, 0, 0, 0, 0, 0, 0, 0, 0, 0, 0, 0]), 'fpos': array([13, 13, 13, 13, 10,  4, 13, 13, 10, 13, 13, 13, 13, 13, 13, 13, 13,
       13, 13, 13, 13, 13, 13, 13, 13, 13, 13, 13, 13, 13, 13, 13, 13, 13,
       13, 13, 13]), 'threshold': [1.9733932213029091, 1.8365015070322406, 1.8170509936445003, 1.9027103688439053, 2.1450047623309283, 2.2601664712358969, 1.900301306338521, 1.83642455818451, 2.1527043509887935, 2.0372812274781982, 1.8227814365194652, 1.862813087731416, 1.8339275073832815, 1.8156523762527459, 1.8781631731090063, 1.8137734280740188, 1.9124066632314485, 1.8101968486915925, 1.8942898848264018, 1.8479548268983881, 1.8001492916771014, 1.8344429584160826, 1.8585513995182372, 1.9493508231381684, 1.8404824275575742, 1.8317381184138437, 1.8553595249172044, 1.8446842777902903, 1.8723051803033575, 1.8948143193074183, 1.824998222011992, 1.970869323564725, 1.8448031896461925, 2.0695728288727704, 1.8396454636853412, 1.843279839156172, 1.8180938554169261], 'fneg': array([0, 0, 0, 0, 1, 2, 0, 0, 2, 0, 0, 0, 0, 0, 0, 0, 0, 0, 0, 0, 0, 0, 0,
       0, 0, 0, 0, 0, 0, 0, 0, 0, 0, 0, 0, 0, 0]), 'sensitivity': array([0.53846154, 0.96153846, 1.0, 0.61538462, 0.46153846, 0.34615385,
       0.61538462, 0.96153846, 0.46153846, 0.53846154, 1.0, 0.76923077,
       0.96153846, 1.0, 0.76923077, 1.0, 0.61538462, 1.0, 0.61538462,
       0.84615385, 1.0, 0.96153846, 0.80769231, 0.53846154, 0.92307692,
       1.0, 0.80769231, 0.88461538, 0.76923077, 0.61538462, 1.0,
       0.53846154, 0.84615385, 0.5, 0.92307692, 0.88461538, 1.0]), 'tpos': array([3, 3, 3, 3, 2, 1, 3, 3, 1, 3, 3, 3, 3, 3, 3, 3, 3, 3, 3, 3, 3, 3, 3,
       3, 3, 3, 3, 3, 3, 3, 3, 3, 3, 3, 3, 3, 3])}, {'specificity': array([0.625, 0.525, 0.875, 0.975, 1.0, 0.725, 0.55, 0.1, 0.95, 0.225,
       0.15, 0.075, 0.5, 0.575, 0.65, 0.85, 0.475, 0.925, 0.425, 0.45,
       0.675, 0.25, 0.125, 0.375, 0.175, 0.025, 0.275, 0.7, 0.05, 0.8,
       0.775, 0.2, 0.75, 0.4, 0.9, 0.6, 0.825, 0.35, 0.325, 0.3]), 'tneg': array([0, 0, 0, 5, 7, 0, 0, 0, 4, 0, 0, 0, 0, 0, 0, 0, 0, 4, 0, 0, 0, 0, 0,
       0, 0, 0, 0, 0, 0, 0, 0, 0, 0, 0, 1, 0, 0, 0, 0, 0]), 'fpos': array([10, 10, 10,  5,  3, 10, 10, 10,  6, 10, 10, 10, 10, 10, 10, 10, 10,
        6, 10, 10, 10, 10, 10, 10, 10, 10, 10, 10, 10, 10, 10, 10, 10, 10,
        9, 10, 10, 10, 10, 10]), 'threshold': [1.9091214643705798, 1.8963873065145445, 2.0715729535808745, 2.2226608854883039, 2.2564961523704383, 1.9530145222658617, 1.897953288267431, 1.7364254187344912, 2.2141570194899671, 1.7978994888870028, 1.7609995035548485, 1.736325134810373, 1.8907428111519127, 1.9024905422274123, 1.9235118888433569, 2.0642340597605462, 1.8905657833939262, 2.199053050712839, 1.8772847950951972, 1.878489240394255, 1.9318103015529351, 1.8104179572882944, 1.7552186173917537, 1.8633605378119957, 1.7735005559781296, 1.698869296706004, 1.813143794267877, 1.9512405775216961, 1.7327820438333978, 2.0062456930293386, 1.9981022170105602, 1.7848857825411415, 1.9643043398282922, 1.8704891098335064, 2.1500037125058244, 1.9056830205848157, 2.0636654511120156, 1.8539053041508795, 1.8442420909893422, 1.8367400010351587], 'fneg': array([0, 0, 1, 1, 1, 0, 0, 0, 1, 0, 0, 0, 0, 0, 0, 0, 0, 1, 0, 0, 0, 0, 0,
       0, 0, 0, 0, 0, 0, 0, 0, 0, 0, 0, 1, 0, 0, 0, 0, 0]), 'sensitivity': array([0.83333333, 0.875, 0.45833333, 0.375, 0.375, 0.625, 0.875, 1.0,
       0.375, 0.95833333, 0.95833333, 1.0, 0.875, 0.83333333, 0.79166667,
       0.45833333, 0.875, 0.41666667, 0.875, 0.875, 0.75, 0.95833333,
       0.95833333, 0.875, 0.95833333, 1.0, 0.95833333, 0.625, 1.0, 0.625,
       0.625, 0.95833333, 0.625, 0.875, 0.41666667, 0.83333333, 0.45833333,
       0.91666667, 0.91666667, 0.91666667]), 'tpos': array([5, 5, 4, 4, 4, 5, 5, 5, 4, 5, 5, 5, 5, 5, 5, 5, 5, 4, 5, 5, 5, 5, 5,
       5, 5, 5, 5, 5, 5, 5, 5, 5, 5, 5, 4, 5, 5, 5, 5, 5])}, {'specificity': array([0.18918919, 0.59459459, 0.45945946, 0.43243243, 0.91891892,
       0.97297297, 0.94594595, 0.27027027, 0.24324324, 0.86486486,
       0.78378378, 0.64864865, 0.35135135, 0.48648649, 0.081081081,
       0.32432432, 0.2972973, 0.54054054, 1.0, 0.89189189, 0.51351351,
       0.054054054, 0.054054054, 0.7027027, 0.56756757, 0.37837838,
       0.67567568, 0.72972973, 0.75675676, 0.40540541, 0.10810811,
       0.81081081, 0.62162162, 0.83783784, 0.21621622, 0.16216216,
       0.16216216]), 'tneg': array([0, 0, 0, 0, 5, 5, 5, 0, 0, 4, 0, 0, 0, 0, 0, 0, 0, 0, 6, 4, 0, 0, 0,
       0, 0, 0, 0, 0, 0, 0, 0, 2, 0, 4, 0, 0, 0]), 'fpos': array([11, 11, 11, 11,  6,  6,  6, 11, 11,  7, 11, 11, 11, 11, 11, 11, 11,
       11,  5,  7, 11, 11, 11, 11, 11, 11, 11, 11, 11, 11, 11,  9, 11,  7,
       11, 11, 11]), 'threshold': [1.8323294556686496, 1.9441725677970394, 1.8907242021977275, 1.887398301979673, 2.1419435976393135, 2.1823480408570473, 2.1794364692621375, 1.8567922755949105, 1.8387668463189089, 2.088355614825784, 2.0053420352560729, 1.9569792524329259, 1.8658443937871274, 1.8959460416564584, 1.8278810615668566, 1.8640257199926555, 1.8628300900390911, 1.8971891035542723, 2.1998501047336991, 2.1066384326219523, 1.8963098452886353, 1.827021692269643, 1.827021692269643, 1.9651683301642271, 1.9085778625255965, 1.8810850123233496, 1.9626355645319356, 1.9686533370857267, 1.9769360812950989, 1.88202480874477, 1.8282676861334071, 2.0271517306872333, 1.9523952656172534, 2.05753780649476, 1.8358653919992347, 1.8319170930569426, 1.8319170930569426], 'fneg': array([0, 0, 0, 0, 0, 0, 0, 0, 0, 0, 0, 0, 0, 0, 0, 0, 0, 0, 0, 0, 0, 0, 0,
       0, 0, 0, 0, 0, 0, 0, 0, 0, 0, 0, 0, 0, 0]), 'sensitivity': array([0.96153846, 0.65384615, 0.76923077, 0.76923077, 0.42307692,
       0.30769231, 0.34615385, 0.88461538, 0.88461538, 0.46153846,
       0.46153846, 0.57692308, 0.84615385, 0.76923077, 1.0, 0.84615385,
       0.84615385, 0.73076923, 0.23076923, 0.46153846, 0.76923077, 1.0,
       1.0, 0.57692308, 0.69230769, 0.76923077, 0.57692308, 0.57692308,
       0.57692308, 0.76923077, 1.0, 0.46153846, 0.57692308, 0.46153846,
       0.92307692, 0.96153846, 0.96153846]), 'tpos': array([5, 5, 5, 5, 5, 5, 5, 5, 5, 5, 5, 5, 5, 5, 5, 5, 5, 5, 5, 5, 5, 5, 5,
       5, 5, 5, 5, 5, 5, 5, 5, 5, 5, 5, 5, 5, 5])}, {'specificity': array([0.475, 0.45, 0.625, 0.6, 0.775, 0.875, 1.0, 0.975, 0.4, 0.5, 0.075,
       0.9, 0.85, 0.175, 0.15, 0.1, 0.325, 0.65, 0.575, 0.425, 0.75, 0.95,
       0.925, 0.35, 0.275, 0.2, 0.725, 0.25, 0.025, 0.3, 0.375, 0.125,
       0.675, 0.7, 0.55, 0.225, 0.825, 0.8, 0.525, 0.05]), 'tneg': array([ 0,  0,  0,  0,  0,  1, 10,  8,  0,  0,  0,  2,  1,  0,  0,  0,  0,
        0,  0,  0,  0,  5,  5,  0,  0,  0,  0,  0,  0,  0,  0,  0,  0,  0,
        0,  0,  1,  0,  0,  0]), 'fpos': array([10, 10, 10, 10, 10,  9,  0,  2, 10, 10, 10,  8,  9, 10, 10, 10, 10,
       10, 10, 10, 10,  5,  5, 10, 10, 10, 10, 10, 10, 10, 10, 10, 10, 10,
       10, 10,  9, 10, 10, 10]), 'threshold': [1.7919592137114484, 1.7867768624034783, 1.8490710169245026, 1.820689075327357, 1.9180683200138387, 2.0025549897367485, 2.3043360541075186, 2.2644833701234748, 1.7719208156029391, 1.8115431648080975, 1.6263709161916709, 2.079970310126968, 1.9745610620030267, 1.6756325534846608, 1.6693971347332246, 1.6320572867792866, 1.7514292367766868, 1.8628601081161722, 1.8190875594162246, 1.7725343965929405, 1.8885766186070156, 2.1193264237746914, 2.0995786141636597, 1.752703932486035, 1.7337652457120505, 1.6789919132328381, 1.8826717832156577, 1.71286949903234, 1.5308902836906544, 1.7408593969135384, 1.7701734332120285, 1.6334187722043172, 1.86457763338247, 1.8674307142878863, 1.8167897003998859, 1.7111006412990595, 1.9655669441104491, 1.9534631380263257, 1.8131811034688763, 1.5912400349962654], 'fneg': array([0, 0, 0, 0, 0, 0, 2, 1, 0, 0, 0, 0, 0, 0, 0, 0, 0, 0, 0, 0, 0, 0, 0,
       0, 0, 0, 0, 0, 0, 0, 0, 0, 0, 0, 0, 0, 0, 0, 0, 0]), 'sensitivity': array([0.91666667, 0.91666667, 0.83333333, 0.875, 0.75, 0.66666667, 0.25,
       0.25, 1.0, 0.91666667, 1.0, 0.54166667, 0.70833333, 1.0, 1.0, 1.0,
       1.0, 0.83333333, 0.875, 1.0, 0.83333333, 0.5, 0.54166667, 1.0, 1.0,
       1.0, 0.83333333, 1.0, 1.0, 1.0, 1.0, 1.0, 0.83333333, 0.83333333,
       0.91666667, 1.0, 0.70833333, 0.70833333, 0.91666667, 1.0]), 'tpos': array([5, 5, 5, 5, 5, 5, 3, 4, 5, 5, 5, 5, 5, 5, 5, 5, 5, 5, 5, 5, 5, 5, 5,
       5, 5, 5, 5, 5, 5, 5, 5, 5, 5, 5, 5, 5, 5, 5, 5, 5])}], <Model object at 0x00000000000003DC>)
#lasso
([{'specificity': array([0.11904762, 0.66666667, 0.5952381, 0.80952381, 0.92857143,
       0.35714286, 0.76190476, 0.5, 0.64285714, 0.23809524, 0.21428571,
       0.16666667, 0.47619048, 0.97619048, 0.54761905, 0.73809524,
       0.69047619, 0.95238095, 0.14285714, 0.85714286, 0.33333333,
       0.38095238, 0.57142857, 0.023809524, 0.26190476, 0.45238095,
       0.9047619, 0.071428571, 0.28571429, 0.047619048, 0.71428571,
       0.61904762, 0.42857143, 0.4047619, 0.88095238, 0.30952381,
       0.19047619, 0.78571429, 1.0, 0.83333333, 0.52380952, 0.095238095]), 'tneg': array([0, 0, 0, 0, 0, 0, 0, 0, 0, 0, 0, 0, 0, 0, 0, 0, 0, 0, 0, 0, 0, 0, 0,
       0, 0, 0, 0, 0, 0, 0, 0, 0, 0, 0, 0, 0, 0, 0, 0, 0, 0, 0]), 'fpos': array([9, 9, 9, 9, 9, 9, 9, 9, 9, 9, 9, 9, 9, 9, 9, 9, 9, 9, 9, 9, 9, 9, 9,
       9, 9, 9, 9, 9, 9, 9, 9, 9, 9, 9, 9, 9, 9, 9, 9, 9, 9, 9]), 'threshold': [1.4237827719294023, 1.903783345364219, 1.8579953120785622, 2.0896265518305017, 2.2058656718159231, 1.6357041994891686, 2.0605137687451642, 1.747863422624891, 1.8738400704228213, 1.482729740473562, 1.4752367831099664, 1.459840794486545, 1.7389954414607585, 2.3443563095695206, 1.7647499799905266, 1.9883099803313047, 1.9348804146109209, 2.2575965821583797, 1.4376958524339125, 2.0922980903164063, 1.6119309806461009, 1.6681048661234532, 1.7660226758851856, 1.2475174524215813, 1.5039918522173834, 1.720030356255001, 2.1944777051039774, 1.3739981102642804, 1.5637420941816391, 1.3064141977932673, 1.936838541077603, 1.8588060040077978, 1.715631149244734, 1.7088080634753757, 2.1675261920410756, 1.5652465655515671, 1.4724860111459881, 2.0826103188240324, 2.3560264913664737, 2.0906885332296441, 1.7581008333166848, 1.3847028698515833], 'fneg': array([0, 0, 0, 1, 1, 0, 1, 0, 0, 0, 0, 0, 0, 1, 0, 0, 0, 1, 0, 1, 0, 0, 0,
       0, 0, 0, 1, 0, 0, 0, 0, 0, 0, 0, 1, 0, 0, 1, 1, 1, 0, 0]), 'sensitivity': array([1.0, 0.61904762, 0.71428571, 0.42857143, 0.28571429, 0.95238095,
       0.52380952, 0.85714286, 0.61904762, 1.0, 1.0, 1.0, 0.9047619,
       0.14285714, 0.85714286, 0.52380952, 0.61904762, 0.14285714, 1.0,
       0.42857143, 0.95238095, 0.9047619, 0.85714286, 1.0, 1.0, 0.9047619,
       0.33333333, 1.0, 1.0, 1.0, 0.61904762, 0.71428571, 0.9047619,
       0.9047619, 0.38095238, 1.0, 1.0, 0.42857143, 0.14285714, 0.42857143,
       0.85714286, 1.0]), 'tpos': array([8, 8, 8, 7, 7, 8, 7, 8, 8, 8, 8, 8, 8, 7, 8, 8, 8, 7, 8, 7, 8, 8, 8,
       8, 8, 8, 7, 8, 8, 8, 8, 8, 8, 8, 7, 8, 8, 7, 7, 7, 8, 8])}, {'specificity': array([0.35, 0.55, 0.575, 0.375, 0.675, 0.875, 0.975, 0.85, 0.825, 0.4,
       0.3, 0.525, 0.225, 0.475, 0.9, 0.425, 0.75, 0.6, 0.325, 1.0, 0.05,
       0.275, 0.15, 0.25, 0.925, 0.5, 0.95, 0.725, 0.1, 0.65, 0.7, 0.625,
       0.2, 0.175, 0.075, 0.125, 0.8, 0.775, 0.45, 0.025]), 'tneg': array([0, 0, 0, 0, 0, 0, 0, 0, 0, 0, 0, 0, 0, 0, 0, 0, 0, 0, 0, 0, 0, 0, 0,
       0, 0, 0, 0, 0, 0, 0, 0, 0, 0, 0, 0, 0, 0, 0, 0, 0]), 'fpos': array([15, 15, 15, 15, 15, 15, 15, 15, 15, 15, 15, 15, 15, 15, 15, 15, 15,
       15, 15, 15, 15, 15, 15, 15, 15, 15, 15, 15, 15, 15, 15, 15, 15, 15,
       15, 15, 15, 15, 15, 15]), 'threshold': [1.6274093164990025, 1.7319859408220104, 1.7465632585719046, 1.6680924672087922, 1.8144956920299722, 2.2885979953112323, 2.70300029299249, 2.2850680013428306, 2.1967651061545568, 1.6873025637833183, 1.5973460816360299, 1.7311117854130043, 1.4562716657807566, 1.7172011368635662, 2.4534246128178028, 1.7054081416520963, 1.9152047825392615, 1.7695568070687235, 1.621250688594821, 3.356176135841642, 1.127182847055386, 1.5713554004272916, 1.2506567675361591, 1.4693728262488783, 2.4700227838751756, 1.7276319016879254, 2.6196071761488904, 1.9149962179477804, 1.156378808470742, 1.7998305018857475, 1.910449883788514, 1.7932084012107421, 1.3942060145832873, 1.3574278646097793, 1.1389231131077562, 1.1811517180118265, 2.0169257644487182, 1.9491999097918995, 1.7128885625546149, 0.26983113801850633], 'fneg': array([0, 0, 0, 0, 0, 0, 0, 0, 0, 0, 0, 0, 0, 0, 0, 0, 0, 0, 0, 0, 0, 0, 0,
       0, 0, 0, 0, 0, 0, 0, 0, 0, 0, 0, 0, 0, 0, 0, 0, 0]), 'sensitivity': array([0.95833333, 0.91666667, 0.91666667, 0.91666667, 0.91666667,
       0.58333333, 0.20833333, 0.58333333, 0.625, 0.91666667, 0.95833333,
       0.91666667, 0.95833333, 0.91666667, 0.41666667, 0.91666667,
       0.83333333, 0.91666667, 0.95833333, 0.041666667, 1.0, 0.95833333,
       1.0, 0.95833333, 0.33333333, 0.91666667, 0.20833333, 0.83333333,
       1.0, 0.91666667, 0.83333333, 0.91666667, 1.0, 1.0, 1.0, 1.0,
       0.83333333, 0.83333333, 0.91666667, 1.0]), 'tpos': array([1, 1, 1, 1, 1, 1, 1, 1, 1, 1, 1, 1, 1, 1, 1, 1, 1, 1, 1, 1, 1, 1, 1,
       1, 1, 1, 1, 1, 1, 1, 1, 1, 1, 1, 1, 1, 1, 1, 1, 1])}, {'specificity': array([0.31111111, 0.17777778, 0.57777778, 0.62222222, 0.4, 0.44444444,
       0.86666667, 0.84444444, 0.77777778, 0.73333333, 0.48888889,
       0.35555556, 0.24444444, 0.91111111, 0.71111111, 0.37777778,
       0.51111111, 0.8, 0.15555556, 0.22222222, 0.93333333, 0.42222222,
       0.088888889, 0.97777778, 0.66666667, 1.0, 0.28888889, 0.55555556,
       0.88888889, 0.68888889, 0.066666667, 0.33333333, 0.11111111,
       0.53333333, 0.6, 0.46666667, 0.13333333, 0.26666667, 0.82222222,
       0.2, 0.044444444, 0.64444444, 0.95555556, 0.75555556, 0.022222222]), 'tneg': array([0, 0, 0, 0, 0, 0, 0, 0, 0, 0, 0, 0, 0, 0, 0, 0, 0, 0, 0, 0, 0, 0, 0,
       0, 0, 0, 0, 0, 0, 0, 0, 0, 0, 0, 0, 0, 0, 0, 0, 0, 0, 0, 0, 0, 0]), 'fpos': array([10, 10, 10, 10, 10, 10, 10, 10, 10, 10, 10, 10, 10, 10, 10, 10, 10,
       10, 10, 10, 10, 10, 10, 10, 10, 10, 10, 10, 10, 10, 10, 10, 10, 10,
       10, 10, 10, 10, 10, 10, 10, 10, 10, 10, 10]), 'threshold': [1.6077542531708591, 1.52932621834626, 1.8491073608990143, 1.8924812434175349, 1.7357785547313764, 1.7638394471514245, 2.1995619949983078, 2.1873346652375707, 2.0817592715810127, 2.0272002310472361, 1.7870604758726454, 1.7188886626574012, 1.5890744126220735, 2.2769451542147467, 1.9923320306399301, 1.7332996906047995, 1.8016276062804781, 2.1301951480749621, 1.5041129032485294, 1.5460475364742152, 2.3629578050105726, 1.7596289051228848, 1.3923174754372454, 2.3790254546887311, 1.9488405573312728, 2.5191398698133622, 1.6067677534311711, 1.8284779659861994, 2.2177108946657422, 1.9742432829378003, 1.3198298734117921, 1.7071349836039609, 1.4030214551306692, 1.8174481666637843, 1.8534061436015332, 1.7825002231128, 1.4348744939806859, 1.598927532146414, 2.186583088864114, 1.5301504305457112, 1.1541590030799729, 1.9433477740822536, 2.3750823910307632, 2.0717095273509187, 0.85779555508768879], 'fneg': array([0, 0, 0, 0, 0, 0, 0, 0, 0, 0, 0, 0, 0, 0, 0, 0, 0, 0, 0, 0, 0, 0, 0,
       0, 0, 0, 0, 0, 0, 0, 0, 0, 0, 0, 0, 0, 0, 0, 0, 0, 0, 0, 0, 0, 0]), 'sensitivity': array([0.94736842, 0.94736842, 0.89473684, 0.73684211, 0.94736842,
       0.89473684, 0.21052632, 0.21052632, 0.36842105, 0.42105263,
       0.89473684, 0.94736842, 0.94736842, 0.15789474, 0.42105263,
       0.94736842, 0.89473684, 0.31578947, 0.94736842, 0.94736842,
       0.052631579, 0.89473684, 1.0, 0.052631579, 0.68421053, 0.052631579,
       0.94736842, 0.89473684, 0.21052632, 0.57894737, 1.0, 0.94736842,
       1.0, 0.89473684, 0.89473684, 0.89473684, 1.0, 0.94736842,
       0.21052632, 0.94736842, 1.0, 0.68421053, 0.052631579, 0.36842105,
       1.0]), 'tpos': array([6, 6, 6, 6, 6, 6, 6, 6, 6, 6, 6, 6, 6, 6, 6, 6, 6, 6, 6, 6, 6, 6, 6,
       6, 6, 6, 6, 6, 6, 6, 6, 6, 6, 6, 6, 6, 6, 6, 6, 6, 6, 6, 6, 6, 6])}, {'specificity': array([0.27027027, 0.54054054, 0.75675676, 0.94594595, 0.40540541,
       0.72972973, 0.45945946, 0.16216216, 0.10810811, 0.59459459,
       0.37837838, 0.81081081, 0.97297297, 0.21621622, 0.78378378,
       0.24324324, 0.32432432, 0.054054054, 0.83783784, 0.35135135,
       0.48648649, 0.89189189, 0.67567568, 0.13513514, 0.18918919,
       0.7027027, 0.56756757, 0.62162162, 0.2972973, 0.64864865,
       0.86486486, 0.43243243, 0.081081081, 1.0, 0.91891892, 0.51351351,
       0.027027027]), 'tneg': array([ 0,  1,  1,  7,  1,  1,  1,  0,  0,  1,  1,  1, 11,  0,  1,  0,  0,
        0,  1,  1,  1,  1,  1,  0,  0,  1,  1,  1,  0,  1,  1,  1,  0, 13,
        2,  1,  0]), 'fpos': array([13, 12, 12,  6, 12, 12, 12, 13, 13, 12, 12, 12,  2, 13, 12, 13, 13,
       13, 12, 12, 12, 12, 12, 13, 13, 12, 12, 12, 13, 12, 12, 12, 13,  0,
       11, 12, 13]), 'threshold': [1.8396592508964165, 1.9328094082574685, 1.9847904347684273, 2.1256385981812249, 1.8675010398258136, 1.9759839992338222, 1.8812983431860282, 1.8127546863067128, 1.7944330691506714, 1.9445101048575406, 1.8624203129796972, 1.9977867792961361, 2.2551399246190211, 1.8369148995695488, 1.9943259440283172, 1.8380945620611286, 1.8452156453399744, 1.7564117531968042, 2.0054044590499287, 1.8590650458321276, 1.8959697700364511, 2.0333723261775889, 1.9576868187306697, 1.8058082983729296, 1.8222181390703864, 1.9588975129862765, 1.9407373798912211, 1.9445713917027865, 1.8441600375710534, 1.9552775802472846, 2.0262712124147466, 1.8738171551465117, 1.7780062259400109, 2.2915340613731172, 2.0655472850391803, 1.9314642510230968, 1.6297747889887166], 'fneg': array([0, 1, 1, 3, 0, 1, 0, 0, 0, 1, 0, 1, 3, 0, 1, 0, 0, 0, 1, 0, 0, 1, 1,
       0, 0, 1, 1, 1, 0, 1, 1, 0, 0, 3, 1, 1, 0]), 'sensitivity': array([1.0, 0.77777778, 0.62962963, 0.25925926, 0.92592593, 0.62962963,
       0.92592593, 1.0, 1.0, 0.77777778, 0.92592593, 0.62962963,
       0.037037037, 1.0, 0.62962963, 1.0, 1.0, 1.0, 0.62962963, 0.96296296,
       0.88888889, 0.55555556, 0.74074074, 1.0, 1.0, 0.74074074,
       0.77777778, 0.77777778, 1.0, 0.74074074, 0.59259259, 0.92592593,
       1.0, 0.0, 0.40740741, 0.77777778, 1.0]), 'tpos': array([3, 2, 2, 0, 3, 2, 3, 3, 3, 2, 3, 2, 0, 3, 2, 3, 3, 3, 2, 3, 3, 2, 2,
       3, 3, 2, 2, 2, 3, 2, 2, 3, 3, 0, 2, 2, 3])}, {'specificity': array([0.39473684, 0.21052632, 0.60526316, 0.57894737, 0.5, 0.63157895,
       0.86842105, 0.92105263, 0.68421053, 0.76315789, 0.28947368,
       0.44736842, 0.13157895, 0.18421053, 0.15789474, 0.26315789,
       0.47368421, 0.71052632, 0.52631579, 0.65789474, 1.0, 0.10526316,
       0.81578947, 0.34210526, 0.026315789, 0.84210526, 0.31578947,
       0.42105263, 0.78947368, 0.73684211, 0.052631579, 0.36842105,
       0.078947368, 0.23684211, 0.89473684, 0.97368421, 0.94736842,
       0.55263158]), 'tneg': array([0, 0, 1, 1, 1, 1, 1, 1, 1, 1, 0, 0, 0, 0, 0, 0, 0, 1, 1, 1, 5, 0, 1,
       0, 0, 1, 0, 0, 1, 1, 0, 0, 0, 0, 1, 2, 1, 1]), 'fpos': array([11, 11, 10, 10, 10, 10, 10, 10, 10, 10, 11, 11, 11, 11, 11, 11, 11,
       10, 10, 10,  6, 11, 10, 11, 11, 10, 11, 11, 10, 10, 11, 11, 11, 11,
       10,  9, 10, 10]), 'threshold': [1.7091830095054792, 1.5941160641962404, 1.936946089524042, 1.8597978625371658, 1.8294615826660803, 1.9485544182261703, 2.2013740575936547, 2.2974052438726789, 1.9844920700288318, 2.069157282544638, 1.6784292024369385, 1.7565695997312842, 1.5488383242140618, 1.5916840373534078, 1.5700492853262711, 1.6732211967730166, 1.7636488347770316, 1.9929389901101751, 1.8384567879557128, 1.9833738548414479, 2.7024558195989039, 1.4979793365389096, 2.1230203167335961, 1.68806564442893, 1.3343692113350691, 2.1806556577031726, 1.6823149830416222, 1.7383509685761356, 2.0948681606626303, 2.0306394227627877, 1.4795714381299665, 1.6915581057047258, 1.4964854516009545, 1.639055139280247, 2.2122673777672777, 2.3476054821557635, 2.3181025207616854, 1.8579892359459918], 'fneg': array([0, 0, 0, 0, 0, 0, 0, 1, 0, 0, 0, 0, 0, 0, 0, 0, 0, 0, 0, 0, 3, 0, 0,
       0, 0, 0, 0, 0, 0, 0, 0, 0, 0, 0, 0, 1, 1, 0]), 'sensitivity': array([1.0, 1.0, 0.77777778, 0.77777778, 0.81481481, 0.74074074,
       0.37037037, 0.18518519, 0.74074074, 0.51851852, 1.0, 0.88888889,
       1.0, 1.0, 1.0, 1.0, 0.88888889, 0.74074074, 0.77777778, 0.74074074,
       0.037037037, 1.0, 0.40740741, 1.0, 1.0, 0.37037037, 1.0, 0.92592593,
       0.44444444, 0.62962963, 1.0, 1.0, 1.0, 1.0, 0.25925926, 0.14814815,
       0.14814815, 0.77777778]), 'tpos': array([4, 4, 4, 4, 4, 4, 4, 3, 4, 4, 4, 4, 4, 4, 4, 4, 4, 4, 4, 4, 1, 4, 4,
       4, 4, 4, 4, 4, 4, 4, 4, 4, 4, 4, 4, 3, 3, 4])}], <Model object at 0x0000000000000708>)
#lasso
([{'specificity': array([0.73170732, 0.43902439, 0.14634146, 0.63414634, 0.90243902,
       0.56097561, 0.6097561, 0.34146341, 0.2195122, 0.3902439, 0.26829268,
       0.024390244, 0.073170732, 0.48780488, 0.65853659, 0.85365854,
       0.97560976, 0.92682927, 0.53658537, 0.68292683, 0.75609756,
       0.36585366, 0.58536585, 0.048780488, 0.7804878, 0.24390244,
       0.87804878, 0.097560976, 0.17073171, 0.80487805, 0.41463415,
       0.29268293, 0.31707317, 0.46341463, 0.51219512, 0.19512195,
       0.70731707, 0.12195122, 0.95121951, 1.0, 0.82926829]), 'tneg': array([1, 0, 0, 1, 2, 0, 1, 0, 0, 0, 0, 0, 0, 0, 1, 2, 5, 3, 0, 1, 1, 0, 1,
       0, 2, 0, 2, 0, 0, 2, 0, 0, 0, 0, 0, 0, 1, 0, 4, 9, 2]), 'fpos': array([11, 12, 12, 11, 10, 12, 11, 12, 12, 12, 12, 12, 12, 12, 11, 10,  7,
        9, 12, 11, 11, 12, 11, 12, 10, 12, 10, 12, 12, 10, 12, 12, 12, 12,
       12, 12, 11, 12,  8,  3, 10]), 'threshold': [1.9175640551209843, 1.8814244005140166, 1.7930736091513131, 1.9083829661799641, 1.9793803228856013, 1.8918935896099756, 1.8956219979633155, 1.8691955238141023, 1.8114705740274779, 1.877732508788867, 1.8371441545895986, 1.7313188160273474, 1.7786086607797194, 1.8881393270103746, 1.9128038585147493, 1.9577613109488137, 2.0314784090243378, 2.014707087868846, 1.890408843115035, 1.9140785830613951, 1.9222867280098084, 1.8747597130675182, 1.8952915692945997, 1.7657993463497292, 1.9270175529596383, 1.8173206853445763, 1.9591385576885882, 1.7886276317414196, 1.7937458648802003, 1.9383879648043045, 1.8812984953994927, 1.8619520476094729, 1.86381663969568, 1.8823849727453275, 1.8900513913300037, 1.7937931082916161, 1.9143996576924078, 1.7924993686205213, 2.02670468851801, 2.180024189083086, 1.9457138362021502], 'fneg': array([0, 0, 0, 0, 0, 0, 0, 0, 0, 0, 0, 0, 0, 0, 0, 0, 0, 0, 0, 0, 0, 0, 0,
       0, 0, 0, 0, 0, 0, 0, 0, 0, 0, 0, 0, 0, 0, 0, 0, 2, 0]), 'sensitivity': array([0.72727273, 0.77272727, 1.0, 0.72727273, 0.63636364, 0.77272727,
       0.77272727, 0.77272727, 1.0, 0.77272727, 0.95454545, 1.0, 1.0,
       0.77272727, 0.72727273, 0.68181818, 0.36363636, 0.45454545,
       0.77272727, 0.72727273, 0.68181818, 0.77272727, 0.77272727, 1.0,
       0.68181818, 1.0, 0.68181818, 1.0, 1.0, 0.68181818, 0.77272727,
       0.86363636, 0.81818182, 0.77272727, 0.77272727, 1.0, 0.72727273,
       1.0, 0.36363636, 0.0, 0.68181818]), 'tpos': array([5, 5, 5, 5, 5, 5, 5, 5, 5, 5, 5, 5, 5, 5, 5, 5, 5, 5, 5, 5, 5, 5, 5,
       5, 5, 5, 5, 5, 5, 5, 5, 5, 5, 5, 5, 5, 5, 5, 5, 3, 5])}, {'specificity': array([0.89130435, 0.69565217, 0.34782609, 0.086956522, 0.41304348,
       0.7826087, 0.67391304, 0.76086957, 0.23913043, 0.39130435,
       0.58695652, 0.19565217, 0.47826087, 0.52173913, 0.32608696,
       0.15217391, 0.91304348, 0.45652174, 0.36956522, 0.73913043,
       0.82608696, 0.97826087, 0.60869565, 0.30434783, 0.5, 0.065217391,
       0.26086957, 0.93478261, 0.7173913, 0.10869565, 1.0, 0.43478261,
       0.95652174, 0.80434783, 0.043478261, 0.02173913, 0.65217391,
       0.84782609, 0.54347826, 0.2173913, 0.2826087, 0.13043478,
       0.86956522, 0.17391304, 0.63043478, 0.56521739]), 'tneg': array([0, 0, 0, 0, 0, 0, 0, 0, 0, 0, 0, 0, 0, 0, 0, 0, 0, 0, 0, 0, 0, 0, 0,
       0, 0, 0, 0, 0, 0, 0, 0, 0, 0, 0, 0, 0, 0, 0, 0, 0, 0, 0, 0, 0, 0, 0]), 'fpos': array([11, 11, 11, 11, 11, 11, 11, 11, 11, 11, 11, 11, 11, 11, 11, 11, 11,
       11, 11, 11, 11, 11, 11, 11, 11, 11, 11, 11, 11, 11, 11, 11, 11, 11,
       11, 11, 11, 11, 11, 11, 11, 11, 11, 11, 11, 11]), 'threshold': [2.2201841427415347, 1.8657904880547835, 1.53081689615051, 1.2168023871591525, 1.6434292331758802, 2.0111933228784218, 1.8329881128425503, 1.9764382248717183, 1.4107180437607845, 1.6121356264022082, 1.7677584619940856, 1.374540867246173, 1.7106156504181074, 1.7514471058256642, 1.4984919989353458, 1.2797612667059686, 2.2901589164633571, 1.7093649671723927, 1.5996088436371261, 1.9463006614351415, 2.0485247732889733, 2.3980076533852923, 1.7758182639883122, 1.4879719314084181, 1.7400114113575211, 1.1414537831978144, 1.4404981753952681, 2.3810689891852705, 1.8663375274432976, 1.2330048410170063, 2.4344911915182781, 1.6731853974656534, 2.3885356777912663, 2.0187240545566123, 1.1140956471158152, 1.099057182702559, 1.8064006800369785, 2.1130214401436538, 1.7613409049868773, 1.397697993021652, 1.4427486295796048, 1.2612769340284915, 2.194825525482484, 1.3486805331493148, 1.7832055112199006, 1.76414728174503], 'fneg': array([0, 0, 0, 0, 0, 0, 0, 0, 0, 0, 0, 0, 0, 0, 0, 0, 0, 0, 0, 0, 0, 0, 0,
       0, 0, 0, 0, 0, 0, 0, 0, 0, 0, 0, 0, 0, 0, 0, 0, 0, 0, 0, 0, 0, 0, 0]), 'sensitivity': array([0.5, 0.88888889, 1.0, 1.0, 1.0, 0.77777778, 0.94444444, 0.77777778,
       1.0, 1.0, 0.94444444, 1.0, 1.0, 1.0, 1.0, 1.0, 0.44444444, 1.0, 1.0,
       0.88888889, 0.77777778, 0.27777778, 0.94444444, 1.0, 1.0, 1.0, 1.0,
       0.38888889, 0.88888889, 1.0, 0.27777778, 1.0, 0.33333333,
       0.77777778, 1.0, 1.0, 0.94444444, 0.77777778, 0.94444444, 1.0, 1.0,
       1.0, 0.5, 1.0, 0.94444444, 0.94444444]), 'tpos': array([5, 5, 5, 5, 5, 5, 5, 5, 5, 5, 5, 5, 5, 5, 5, 5, 5, 5, 5, 5, 5, 5, 5,
       5, 5, 5, 5, 5, 5, 5, 5, 5, 5, 5, 5, 5, 5, 5, 5, 5, 5, 5, 5, 5, 5, 5])}, {'specificity': array([0.525, 0.725, 0.45, 0.75, 0.925, 0.95, 1.0, 0.3, 0.575, 0.05, 0.125,
       0.225, 0.35, 0.25, 0.625, 0.975, 0.4, 0.2, 0.375, 0.8, 0.025, 0.475,
       0.65, 0.875, 0.15, 0.325, 0.1, 0.275, 0.425, 0.175, 0.5, 0.6, 0.7,
       0.075, 0.825, 0.675, 0.85, 0.9, 0.775, 0.55]), 'tneg': array([0, 2, 0, 2, 6, 6, 7, 0, 1, 0, 0, 0, 0, 0, 1, 6, 0, 0, 0, 2, 0, 0, 1,
       2, 0, 0, 0, 0, 0, 0, 0, 1, 2, 0, 2, 1, 2, 5, 2, 0]), 'fpos': array([11,  9, 11,  9,  5,  5,  4, 11, 10, 11, 11, 11, 11, 11, 10,  5, 11,
       11, 11,  9, 11, 11, 10,  9, 11, 11, 11, 11, 11, 11, 11, 10,  9, 11,
        9, 10,  9,  6,  9, 11]), 'threshold': [1.8231417745849239, 1.8843885644839524, 1.8102462985581589, 1.8846753442188786, 2.0463801064901674, 2.0860966545803006, 2.2363625227993627, 1.7868063252258923, 1.8332341539690926, 1.7479704048000828, 1.7641410654190393, 1.7732244940216528, 1.7898312331221953, 1.7840794901931998, 1.8513483914205764, 2.0862024742740344, 1.7944770919295285, 1.7725206069710333, 1.7925010175372984, 1.896284524736203, 1.7165635461785469, 1.8149199268010627, 1.8519703250863402, 1.9424029559584717, 1.7669675014757642, 1.788023680260707, 1.7584144222426426, 1.7865588527538425, 1.8018577879463322, 1.7693335582715031, 1.8188766605089235, 1.8423663858196604, 1.867602255879347, 1.753836521083626, 1.91332464981868, 1.8662765533043326, 1.9391130536790797, 2.0138861007996938, 1.8894141263127782, 1.824611709593911], 'fneg': array([0, 1, 0, 1, 3, 3, 3, 0, 0, 0, 0, 0, 0, 0, 1, 3, 0, 0, 0, 1, 0, 0, 1,
       3, 0, 0, 0, 0, 0, 0, 0, 0, 1, 0, 1, 1, 3, 3, 1, 0]), 'sensitivity': array([0.75, 0.625, 0.83333333, 0.625, 0.33333333, 0.33333333, 0.20833333,
       0.95833333, 0.70833333, 1.0, 1.0, 1.0, 0.91666667, 0.95833333,
       0.70833333, 0.33333333, 0.875, 1.0, 0.875, 0.625, 1.0, 0.79166667,
       0.70833333, 0.5, 1.0, 0.91666667, 1.0, 0.95833333, 0.875, 1.0, 0.75,
       0.70833333, 0.625, 1.0, 0.54166667, 0.625, 0.5, 0.41666667, 0.625,
       0.75]), 'tpos': array([5, 4, 5, 4, 2, 2, 2, 5, 5, 5, 5, 5, 5, 5, 4, 2, 5, 5, 5, 4, 5, 5, 4,
       2, 5, 5, 5, 5, 5, 5, 5, 5, 4, 5, 4, 4, 2, 2, 4, 5])}, {'specificity': array([0.275, 0.075, 0.45, 0.375, 0.4, 0.3, 0.625, 0.575, 0.325, 0.85,
       0.675, 0.175, 0.525, 0.6, 0.725, 0.775, 0.425, 0.8, 0.95, 0.25,
       0.125, 0.65, 0.225, 0.925, 0.1, 0.15, 0.7, 0.5, 0.05, 0.2, 0.025,
       0.9, 0.825, 0.475, 0.975, 0.75, 0.875, 1.0, 0.55, 0.35]), 'tneg': array([0, 0, 0, 0, 0, 0, 0, 0, 0, 0, 0, 0, 0, 0, 0, 0, 0, 0, 1, 0, 0, 0, 0,
       0, 0, 0, 0, 0, 0, 0, 0, 0, 0, 0, 3, 0, 0, 3, 0, 0]), 'fpos': array([14, 14, 14, 14, 14, 14, 14, 14, 14, 14, 14, 14, 14, 14, 14, 14, 14,
       14, 13, 14, 14, 14, 14, 14, 14, 14, 14, 14, 14, 14, 14, 14, 14, 14,
       11, 14, 14, 11, 14, 14]), 'threshold': [1.79372943934175, 1.6531184977636275, 1.868627563936037, 1.8567962915633234, 1.8593386235510938, 1.8030473669210971, 1.9242487524152878, 1.8955609882199562, 1.8151634668421632, 2.0641332441108857, 1.9635459106465041, 1.7431903210108302, 1.8847892378374695, 1.8976924692693253, 2.004201731041396, 2.0328195710845924, 1.8617980420461004, 2.0603886724270342, 2.1098399778709123, 1.7789605465244007, 1.7077248348151235, 1.9343552166123046, 1.7773053071248697, 2.0920363055840712, 1.6822155402041297, 1.7354708769893383, 1.9945282411800989, 1.8775401104292002, 1.6460271204436774, 1.7484862960826648, 1.6395269398657382, 2.0738929283485925, 2.0623187780350665, 1.8722315388391937, 2.1960598508837266, 2.0126498855647696, 2.0726209871856289, 2.1998056259502392, 1.8878790507259562, 1.8204796341699465], 'fneg': array([0, 0, 0, 0, 0, 0, 0, 0, 0, 0, 0, 0, 0, 0, 0, 0, 0, 0, 0, 0, 0, 0, 0,
       0, 0, 0, 0, 0, 0, 0, 0, 0, 0, 0, 0, 0, 0, 0, 0, 0]), 'sensitivity': array([0.83333333, 1.0, 0.83333333, 0.83333333, 0.83333333, 0.83333333,
       0.70833333, 0.79166667, 0.83333333, 0.33333333, 0.70833333,
       0.95833333, 0.83333333, 0.79166667, 0.625, 0.45833333, 0.83333333,
       0.33333333, 0.25, 0.83333333, 1.0, 0.70833333, 0.83333333,
       0.33333333, 1.0, 0.95833333, 0.625, 0.83333333, 1.0, 0.95833333,
       1.0, 0.33333333, 0.33333333, 0.83333333, 0.20833333, 0.58333333,
       0.33333333, 0.16666667, 0.83333333, 0.83333333]), 'tpos': array([2, 2, 2, 2, 2, 2, 2, 2, 2, 2, 2, 2, 2, 2, 2, 2, 2, 2, 2, 2, 2, 2, 2,
       2, 2, 2, 2, 2, 2, 2, 2, 2, 2, 2, 2, 2, 2, 2, 2, 2])}, {'specificity': array([0.31707317, 0.12195122, 0.95121951, 0.92682927, 0.6097561,
       0.63414634, 0.90243902, 0.70731707, 0.073170732, 0.82926829,
       0.51219512, 0.097560976, 0.19512195, 0.87804878, 0.14634146,
       0.80487805, 0.24390244, 0.46341463, 0.97560976, 0.48780488,
       0.7804878, 0.17073171, 0.2195122, 0.73170732, 0.048780488,
       0.36585366, 0.68292683, 0.75609756, 0.41463415, 0.85365854,
       0.34146341, 0.65853659, 0.3902439, 0.26829268, 0.43902439,
       0.29268293, 0.53658537, 0.024390244, 0.56097561, 1.0, 0.58536585]), 'tneg': array([ 0,  0, 10, 10,  0,  0, 10,  0,  0,  6,  0,  0,  0,  9,  0,  1,  0,
        0, 10,  0,  1,  0,  0,  0,  0,  0,  0,  0,  0,  7,  0,  0,  0,  0,
        0,  0,  0,  0,  0, 10,  0]), 'fpos': array([12, 12,  2,  2, 12, 12,  2, 12, 12,  6, 12, 12, 12,  3, 12, 11, 12,
       12,  2, 12, 11, 12, 12, 12, 12, 12, 12, 12, 12,  5, 12, 12, 12, 12,
       12, 12, 12, 12, 12,  2, 12]), 'threshold': [1.8546144099609492, 1.8489111494903852, 2.0174440350930349, 1.9895922162528044, 1.8736098122489389, 1.8753295432677974, 1.9769964809476885, 1.8926276856425379, 1.8484716370988774, 1.9347918553492105, 1.863237184244662, 1.8488720570875785, 1.8498741631183779, 1.9637389271411514, 1.8490832231205165, 1.9106275764124152, 1.8508180127697369, 1.858190679150014, 2.0565374966300953, 1.8596255841368303, 1.9086525054191805, 1.8491803602053747, 1.8504617755297224, 1.896955819022865, 1.8480726129200435, 1.855333661918849, 1.8891485321481087, 1.9062138055816953, 1.8568236607453823, 1.950807344545813, 1.8552501549732599, 1.8765134633502534, 1.8566245165967559, 1.851685516764783, 1.8572298018470796, 1.8526176490981421, 1.864393899769109, 1.8449190950809522, 1.8669074952962563, 2.0650625989528248, 1.8721323486655617], 'fneg': array([0, 0, 1, 1, 0, 0, 1, 0, 0, 1, 0, 0, 0, 1, 0, 1, 0, 0, 2, 0, 1, 0, 0,
       0, 0, 0, 0, 1, 0, 1, 0, 0, 0, 0, 0, 0, 0, 0, 0, 2, 0]), 'sensitivity': array([0.875, 1.0, 0.33333333, 0.41666667, 0.66666667, 0.66666667,
       0.41666667, 0.58333333, 1.0, 0.54166667, 0.75, 1.0, 1.0, 0.5, 1.0,
       0.54166667, 0.95833333, 0.79166667, 0.125, 0.75, 0.54166667, 1.0,
       0.95833333, 0.58333333, 1.0, 0.875, 0.625, 0.54166667, 0.79166667,
       0.5, 0.875, 0.66666667, 0.79166667, 0.91666667, 0.79166667,
       0.91666667, 0.70833333, 1.0, 0.70833333, 0.0, 0.66666667]), 'tpos': array([3, 3, 2, 2, 3, 3, 2, 3, 3, 2, 3, 3, 3, 2, 3, 2, 3, 3, 1, 3, 2, 3, 3,
       3, 3, 3, 3, 2, 3, 2, 3, 3, 3, 3, 3, 3, 3, 3, 3, 1, 3])}], <Model object at 0x0000000000000A34>)
#lasso
([{'specificity': array([0.31578947, 0.68421053, 0.18421053, 0.92105263, 0.89473684,
       0.57894737, 0.65789474, 0.94736842, 0.55263158, 0.47368421,
       0.86842105, 0.60526316, 0.44736842, 0.23684211, 0.84210526,
       0.21052632, 0.78947368, 0.71052632, 0.13157895, 0.97368421, 1.0,
       0.13157895, 0.13157895, 0.5, 0.73684211, 0.81578947, 0.42105263,
       0.28947368, 0.63157895, 0.76315789, 0.36842105, 0.26315789,
       0.34210526, 0.15789474, 0.52631579, 0.39473684, 0.13157895,
       0.13157895]), 'tneg': array([0, 0, 0, 5, 5, 0, 0, 5, 0, 0, 4, 0, 0, 0, 3, 0, 0, 0, 0, 6, 7, 0, 0,
       0, 0, 0, 0, 0, 0, 0, 0, 0, 0, 0, 0, 0, 0, 0]), 'fpos': array([12, 12, 12,  7,  7, 12, 12,  7, 12, 12,  8, 12, 12, 12,  9, 12, 12,
       12, 12,  6,  5, 12, 12, 12, 12, 12, 12, 12, 12, 12, 12, 12, 12, 12,
       12, 12, 12, 12]), 'threshold': [1.8815309436352925, 1.9011608804594404, 1.8790158710596572, 2.0408497227501452, 1.9961927675115667, 1.8957740303034523, 1.9003381801291337, 2.0669440657875566, 1.8954710403287802, 1.8897002788541555, 1.9719563599289744, 1.8968257752423945, 1.8844050465416213, 1.8802299237517239, 1.9664048766938858, 1.8800273878592146, 1.9243792603297425, 1.9132983844563374, 1.8789368099764734, 2.0991398316533796, 2.111469407575894, 1.8789368099764734, 1.8789368099764734, 1.8907097028603346, 1.9188105696824316, 1.9434039148023392, 1.8841367039239918, 1.8812023750748845, 1.8973061875890349, 1.9224959788217848, 1.8838234825150253, 1.8805180316401495, 1.8825233295129804, 1.8789477855150802, 1.8934302707708486, 1.8839473770456892, 1.8789368099764734, 1.8789368099764734], 'fneg': array([0, 0, 0, 2, 2, 0, 0, 3, 0, 0, 2, 0, 0, 0, 2, 0, 0, 0, 0, 3, 3, 0, 0,
       0, 0, 0, 0, 0, 0, 0, 0, 0, 0, 0, 0, 0, 0, 0]), 'sensitivity': array([0.88, 0.72, 0.96, 0.32, 0.52, 0.72, 0.72, 0.28, 0.72, 0.76, 0.56,
       0.72, 0.88, 0.88, 0.6, 0.88, 0.68, 0.72, 1.0, 0.2, 0.0, 1.0, 1.0,
       0.76, 0.68, 0.64, 0.88, 0.88, 0.72, 0.68, 0.88, 0.88, 0.88, 1.0,
       0.72, 0.88, 1.0, 1.0]), 'tpos': array([5, 5, 5, 3, 3, 5, 5, 2, 5, 5, 3, 5, 5, 5, 3, 5, 5, 5, 5, 2, 2, 5, 5,
       5, 5, 5, 5, 5, 5, 5, 5, 5, 5, 5, 5, 5, 5, 5])}, {'specificity': array([0.725, 0.15, 0.7, 0.925, 0.425, 0.8, 0.225, 0.125, 0.525, 0.55,
       0.025, 0.1, 0.175, 0.275, 0.75, 0.075, 0.9, 0.475, 0.675, 0.95, 0.3,
       0.6, 0.4, 0.825, 0.45, 0.65, 0.625, 0.875, 0.325, 0.2, 0.375, 0.5,
       0.85, 0.25, 0.575, 0.05, 1.0, 0.975, 0.775, 0.35]), 'tneg': array([3, 1, 3, 3, 3, 3, 1, 1, 3, 3, 1, 1, 1, 2, 3, 1, 3, 3, 3, 5, 2, 3, 3,
       3, 3, 3, 3, 3, 2, 1, 3, 3, 3, 1, 3, 1, 6, 6, 3, 3]), 'fpos': array([ 9, 11,  9,  9,  9,  9, 11, 11,  9,  9, 11, 11, 11, 10,  9, 11,  9,
        9,  9,  7, 10,  9,  9,  9,  9,  9,  9,  9, 10, 11,  9,  9,  9, 11,
        9, 11,  6,  6,  9,  9]), 'threshold': [2.0051144339494966, 1.9709710328095078, 2.00444130799427, 2.0201033278290237, 1.9900054270248202, 2.0082371599227784, 1.9751211800140247, 1.9703411486281308, 1.9935937910724806, 1.9941248840674684, 1.9607348410564447, 1.9692676158217455, 1.9714421326332736, 1.9826646704079396, 2.006076258320916, 1.9659476290746918, 2.0196296546375003, 1.9910991270675935, 2.0041702231311316, 2.0254535905463631, 1.9830589265864222, 1.9996550901551589, 1.9882598846918045, 2.0099225182813067, 1.9901121306555922, 2.001813689389206, 2.0006091592815625, 2.0139322134229878, 1.9850031239829062, 1.9729762758156602, 1.9881244651064975, 1.9931532431070014, 2.0115412824516508, 1.9768046853001351, 1.9993163270646344, 1.9657634713449057, 2.0387715730464584, 2.0294232074992116, 2.0072219521667627, 1.985414464317006], 'fneg': array([2, 0, 2, 2, 1, 2, 1, 0, 1, 1, 0, 0, 0, 1, 2, 0, 2, 1, 2, 2, 1, 2, 1,
       2, 1, 2, 2, 2, 1, 1, 1, 1, 2, 1, 2, 0, 2, 2, 2, 1]), 'sensitivity': array([0.625, 0.95833333, 0.625, 0.29166667, 0.79166667, 0.54166667,
       0.91666667, 0.95833333, 0.75, 0.75, 1.0, 0.95833333, 0.95833333,
       0.91666667, 0.58333333, 1.0, 0.29166667, 0.79166667, 0.625, 0.25,
       0.91666667, 0.66666667, 0.83333333, 0.54166667, 0.79166667,
       0.66666667, 0.66666667, 0.375, 0.91666667, 0.95833333, 0.83333333,
       0.79166667, 0.5, 0.91666667, 0.66666667, 1.0, 0.083333333,
       0.20833333, 0.54166667, 0.91666667]), 'tpos': array([2, 4, 2, 2, 3, 2, 3, 4, 3, 3, 4, 4, 4, 3, 2, 4, 2, 3, 2, 2, 3, 2, 3,
       2, 3, 2, 2, 2, 3, 3, 3, 3, 2, 3, 2, 4, 2, 2, 2, 3])}, {'specificity': array([0.975, 0.725, 0.1, 0.7, 0.675, 0.625, 0.875, 0.925, 0.225, 0.8,
       0.25, 0.2, 0.425, 0.525, 0.025, 0.05, 0.075, 0.125, 0.275, 0.75,
       0.65, 0.475, 0.3, 0.575, 0.4, 0.825, 0.45, 0.9, 0.6, 0.85, 0.325,
       0.375, 0.15, 0.5, 0.175, 0.55, 1.0, 0.95, 0.775, 0.35]), 'tneg': array([5, 4, 2, 4, 4, 3, 4, 5, 2, 4, 3, 2, 3, 3, 1, 2, 2, 2, 3, 4, 3, 3, 3,
       3, 3, 4, 3, 4, 3, 4, 3, 3, 2, 3, 2, 3, 6, 5, 4, 3]), 'fpos': array([ 7,  8, 10,  8,  8,  9,  8,  7, 10,  8,  9, 10,  9,  9, 11, 10, 10,
       10,  9,  8,  9,  9,  9,  9,  9,  8,  9,  8,  9,  8,  9,  9, 10,  9,
       10,  9,  6,  7,  8,  9]), 'threshold': [2.2122484070038411, 2.0269419482187017, 1.821869405646255, 2.0254179098791933, 2.0228990103009497, 2.0082136910078012, 2.1169684387144918, 2.16741399086387, 1.8537320389805474, 2.045697705809232, 1.8909131876723209, 1.8467960740759972, 1.935124803724646, 1.9609363699579352, 1.7603886568347018, 1.8116383202511799, 1.817494518365306, 1.8246989315704296, 1.8921038847597778, 2.0327188703403851, 2.0159411422715006, 1.9427630286839759, 1.8944718713764248, 1.9941519661049763, 1.9257099339850841, 2.0558203272291684, 1.9368349179228623, 2.1241787159471222, 2.0071169730621357, 2.07990341064179, 1.9061491352121234, 1.9248965751003282, 1.8343703286284359, 1.9551004873106981, 1.8412372504459333, 1.9921172827991531, 2.229093897347302, 2.1715200758208559, 2.0396001517046543, 1.9086197329077232], 'fneg': array([2, 2, 1, 2, 2, 2, 2, 2, 1, 2, 1, 1, 1, 1, 1, 1, 1, 1, 1, 2, 2, 1, 1,
       1, 1, 2, 1, 2, 2, 2, 1, 1, 1, 1, 1, 1, 2, 2, 2, 1]), 'sensitivity': array([0.083333333, 0.58333333, 1.0, 0.58333333, 0.58333333, 0.625,
       0.20833333, 0.125, 0.95833333, 0.5, 0.91666667, 0.95833333,
       0.83333333, 0.75, 1.0, 1.0, 1.0, 1.0, 0.91666667, 0.54166667, 0.625,
       0.83333333, 0.91666667, 0.625, 0.83333333, 0.5, 0.83333333,
       0.20833333, 0.625, 0.33333333, 0.91666667, 0.83333333, 1.0,
       0.79166667, 0.95833333, 0.625, 0.041666667, 0.125, 0.5, 0.91666667]), 'tpos': array([2, 2, 3, 2, 2, 2, 2, 2, 3, 2, 3, 3, 3, 3, 3, 3, 3, 3, 3, 2, 2, 3, 3,
       3, 3, 2, 3, 2, 2, 2, 3, 3, 3, 3, 3, 3, 2, 2, 2, 3])}, {'specificity': array([0.43902439, 0.82926829, 0.92682927, 0.56097561, 0.75609756,
       0.90243902, 0.87804878, 0.29268293, 0.85365854, 0.68292683,
       0.63414634, 0.3902439, 0.6097561, 0.29268293, 0.29268293,
       0.80487805, 0.53658537, 0.29268293, 0.95121951, 1.0, 0.29268293,
       0.29268293, 0.29268293, 0.29268293, 0.51219512, 0.36585366,
       0.29268293, 0.7804878, 0.34146341, 0.58536585, 0.48780488,
       0.29268293, 0.70731707, 0.31707317, 0.41463415, 0.73170732,
       0.65853659, 0.29268293, 1.0, 0.29268293, 0.46341463]), 'tneg': array([0, 0, 7, 0, 0, 7, 6, 0, 6, 0, 0, 0, 0, 0, 0, 0, 0, 0, 7, 7, 0, 0, 0,
       0, 0, 0, 0, 0, 0, 0, 0, 0, 0, 0, 0, 0, 0, 0, 7, 0, 0]), 'fpos': array([10, 10,  3, 10, 10,  3,  4, 10,  4, 10, 10, 10, 10, 10, 10, 10, 10,
       10,  3,  3, 10, 10, 10, 10, 10, 10, 10, 10, 10, 10, 10, 10, 10, 10,
       10, 10, 10, 10,  3, 10, 10]), 'threshold': [1.9565053785398028, 1.9672950855801459, 1.9906069753022759, 1.9575926111832029, 1.9641583615382132, 1.9844278804948263, 1.9686604353556045, 1.9564887421443871, 1.9684663842602843, 1.9587526180104145, 1.9576122212338381, 1.9565003554735541, 1.9576029386074103, 1.9564887421443871, 1.9564887421443871, 1.9666756008658253, 1.9575916467544834, 1.9564887421443871, 1.9960486839844154, 1.9966732721340448, 1.9564887421443871, 1.9564887421443871, 1.9564887421443871, 1.9564887421443871, 1.9571717586006214, 1.9564999536282544, 1.9564887421443871, 1.9663604335971163, 1.9564994714138944, 1.9575961876063721, 1.9566242443795123, 1.9564887421443871, 1.9618301100551425, 1.9564940063178158, 1.9565005162116742, 1.962472540136087, 1.9581282307834351, 1.9564887421443871, 1.9966732721340448, 1.9564887421443871, 1.9565348859598053], 'fneg': array([0, 0, 4, 0, 0, 4, 3, 0, 3, 0, 0, 0, 0, 0, 0, 0, 0, 0, 4, 4, 0, 0, 0,
       0, 0, 0, 0, 0, 0, 0, 0, 0, 0, 0, 0, 0, 0, 0, 4, 0, 0]), 'sensitivity': array([0.91304348, 0.60869565, 0.30434783, 0.7826087, 0.60869565,
       0.34782609, 0.60869565, 0.91304348, 0.60869565, 0.7826087,
       0.7826087, 0.91304348, 0.7826087, 0.91304348, 0.91304348,
       0.60869565, 0.7826087, 0.91304348, 0.2173913, 0.0, 0.91304348,
       0.91304348, 0.91304348, 0.91304348, 0.7826087, 0.91304348,
       0.91304348, 0.60869565, 0.91304348, 0.7826087, 0.7826087,
       0.91304348, 0.60869565, 0.91304348, 0.91304348, 0.60869565,
       0.7826087, 0.91304348, 0.0, 0.91304348, 0.7826087]), 'tpos': array([6, 6, 2, 6, 6, 2, 3, 6, 3, 6, 6, 6, 6, 6, 6, 6, 6, 6, 2, 2, 6, 6, 6,
       6, 6, 6, 6, 6, 6, 6, 6, 6, 6, 6, 6, 6, 6, 6, 2, 6, 6])}, {'specificity': array([0.325, 0.475, 0.175, 0.85, 0.95, 0.875, 0.675, 0.4, 0.375, 0.3,
       0.925, 0.65, 0.2, 0.7, 0.575, 0.55, 0.5, 0.1, 1.0, 0.1, 0.1, 0.45,
       0.9, 0.725, 0.8, 0.775, 0.525, 0.425, 0.6, 0.825, 0.75, 0.625,
       0.225, 0.25, 0.15, 0.975, 0.35, 0.275, 0.125, 0.1]), 'tneg': array([ 5,  6,  5,  6, 12,  7,  6,  6,  6,  5, 10,  6,  5,  6,  6,  6,  6,
        5, 12,  5,  5,  6,  8,  6,  6,  6,  6,  6,  6,  6,  6,  6,  5,  5,
        5, 12,  6,  5,  5,  5]), 'fpos': array([8, 7, 8, 7, 1, 6, 7, 7, 7, 8, 3, 7, 8, 7, 7, 7, 7, 8, 1, 8, 8, 7, 5,
       7, 7, 7, 7, 7, 7, 7, 7, 7, 8, 8, 8, 1, 7, 8, 8, 8]), 'threshold': [1.9385002820451691, 1.9423600667720702, 1.9364977566614534, 1.968871696931461, 1.9960601347796851, 1.9702791267741417, 1.9526568703824352, 1.9410012515304533, 1.9395667493802193, 1.9383548509295929, 1.988681362758467, 1.9506889282208686, 1.9366795042871621, 1.9536223943268216, 1.9485623489400412, 1.9445095089467765, 1.9425428873855781, 1.9364446024966231, 2.0183636718649947, 1.9364446024966231, 1.9364446024966231, 1.9422963478042923, 1.9803902209576929, 1.9565978720319963, 1.9665975405594589, 1.964216250482566, 1.9439929065901416, 1.9415337010915097, 1.9487101736437851, 1.9685315597990609, 1.9589234492808452, 1.9489473039474456, 1.9367252300749198, 1.9370811206491152, 1.936462456600917, 2.0173683146503723, 1.9390168318254017, 1.9373380200926791, 1.9364499261668584, 1.9364446024966231], 'fneg': array([0, 0, 0, 1, 1, 1, 0, 0, 0, 0, 1, 0, 0, 0, 0, 0, 0, 0, 2, 0, 0, 0, 1,
       0, 0, 0, 0, 0, 0, 1, 0, 0, 0, 0, 0, 2, 0, 0, 0, 0]), 'sensitivity': array([0.8, 0.8, 0.92, 0.4, 0.28, 0.4, 0.64, 0.8, 0.8, 0.8, 0.32, 0.64,
       0.92, 0.64, 0.72, 0.76, 0.76, 0.96, 0.04, 0.96, 0.96, 0.8, 0.36,
       0.56, 0.4, 0.44, 0.76, 0.8, 0.72, 0.4, 0.56, 0.72, 0.88, 0.88, 0.92,
       0.08, 0.8, 0.88, 0.92, 0.96]), 'tpos': array([2, 2, 2, 1, 1, 1, 2, 2, 2, 2, 1, 2, 2, 2, 2, 2, 2, 2, 0, 2, 2, 2, 1,
       2, 2, 2, 2, 2, 2, 1, 2, 2, 2, 2, 2, 0, 2, 2, 2, 2])}], <Model object at 0x0000000000000D60>)
#lasso
([{'specificity': array([0.225, 0.4, 0.6, 0.15, 0.125, 0.925, 0.875, 0.525, 0.575, 0.5,
       0.425, 0.85, 0.55, 0.35, 0.175, 0.65, 0.725, 0.625, 0.975, 1.0,
       0.775, 0.125, 0.125, 0.125, 0.95, 0.45, 0.25, 0.675, 0.7, 0.9,
       0.325, 0.375, 0.2, 0.825, 0.275, 0.8, 0.75, 0.475, 0.3, 0.125]), 'tneg': array([0, 0, 0, 0, 0, 8, 8, 0, 0, 0, 0, 7, 0, 0, 0, 0, 0, 0, 9, 9, 0, 0, 0,
       0, 9, 0, 0, 0, 0, 8, 0, 0, 0, 3, 0, 0, 0, 0, 0, 0]), 'fpos': array([13, 13, 13, 13, 13,  5,  5, 13, 13, 13, 13,  6, 13, 13, 13, 13, 13,
       13,  4,  4, 13, 13, 13, 13,  4, 13, 13, 13, 13,  5, 13, 13, 13, 10,
       13, 13, 13, 13, 13, 13]), 'threshold': [1.9338455360045468, 1.9351851859126634, 1.9374355987309169, 1.9333855616098867, 1.9333711023556166, 1.962982889610668, 1.9548157074179076, 1.9364504131885079, 1.9372851374320719, 1.9363950002228789, 1.9353396022428235, 1.9503831804942171, 1.9366427637975174, 1.93437117242448, 1.9335705550101059, 1.9404445270172879, 1.9416819414922717, 1.9396553919518929, 1.9736434000934184, 1.9758983207968268, 1.9423535738531137, 1.9333711023556166, 1.9333711023556166, 1.9333711023556166, 1.965433818263872, 1.9355242128980768, 1.9339752014935741, 1.9406634996650416, 1.9409378002239874, 1.9558938999870474, 1.934322096014399, 1.9346529152466532, 1.9337854450448895, 1.9461368802600807, 1.9342648118511587, 1.9427254318511638, 1.9420180016088178, 1.9360217697439082, 1.9342874705657802, 1.9333711023556166], 'fneg': array([0, 0, 0, 0, 0, 2, 2, 0, 0, 0, 0, 2, 0, 0, 0, 0, 0, 0, 2, 3, 0, 0, 0,
       0, 2, 0, 0, 0, 0, 2, 0, 0, 0, 1, 0, 0, 0, 0, 0, 0]), 'sensitivity': array([0.79166667, 0.75, 0.70833333, 0.91666667, 0.95833333, 0.25,
       0.41666667, 0.70833333, 0.70833333, 0.70833333, 0.75, 0.54166667,
       0.70833333, 0.75, 0.83333333, 0.625, 0.625, 0.66666667, 0.083333333,
       0.0, 0.58333333, 0.95833333, 0.95833333, 0.95833333, 0.20833333,
       0.70833333, 0.75, 0.625, 0.625, 0.41666667, 0.75, 0.75, 0.83333333,
       0.58333333, 0.75, 0.58333333, 0.625, 0.70833333, 0.75, 0.95833333]), 'tpos': array([4, 4, 4, 4, 4, 2, 2, 4, 4, 4, 4, 2, 4, 4, 4, 4, 4, 4, 2, 1, 4, 4, 4,
       4, 2, 4, 4, 4, 4, 2, 4, 4, 4, 3, 4, 4, 4, 4, 4, 4])}, {'specificity': array([0.51219512, 0.24390244, 0.19512195, 0.53658537, 0.41463415,
       0.6097561, 0.68292683, 0.73170732, 0.92682927, 0.95121951,
       0.29268293, 0.36585366, 0.14634146, 0.34146341, 0.56097561,
       0.46341463, 0.48780488, 0.31707317, 0.58536585, 0.85365854, 1.0,
       0.70731707, 0.12195122, 0.75609756, 0.17073171, 0.2195122,
       0.63414634, 0.87804878, 0.7804878, 0.073170732, 0.3902439,
       0.048780488, 0.65853659, 0.26829268, 0.43902439, 0.90243902,
       0.097560976, 0.97560976, 0.82926829, 0.80487805, 0.024390244]), 'tneg': array([0, 0, 0, 0, 0, 0, 0, 0, 0, 0, 0, 0, 0, 0, 0, 0, 0, 0, 0, 0, 0, 0, 0,
       0, 0, 0, 0, 0, 0, 0, 0, 0, 0, 0, 0, 0, 0, 0, 0, 0, 0]), 'fpos': array([11, 11, 11, 11, 11, 11, 11, 11, 11, 11, 11, 11, 11, 11, 11, 11, 11,
       11, 11, 11, 11, 11, 11, 11, 11, 11, 11, 11, 11, 11, 11, 11, 11, 11,
       11, 11, 11, 11, 11, 11, 11]), 'threshold': [1.8781270898258873, 1.7443875177266546, 1.7133274257874609, 1.8903607473213111, 1.8174336826489055, 1.9221440891728463, 1.9526896163575498, 1.9650058196903584, 2.0887564022183995, 2.1695669385855441, 1.7627642796793037, 1.7794908411336312, 1.6633371400338897, 1.7790742143769489, 1.894911526122816, 1.8503886778375187, 1.8652694327714403, 1.7742645672027519, 1.9179365960987065, 2.0290086581624021, 2.3655285289808052, 1.9627009543686591, 1.6555380379052942, 1.9725827419321484, 1.6976769250673249, 1.72655794222016, 1.9231403784676027, 2.0348833925164849, 1.9748546448141144, 1.6447814282599242, 1.7870581519097926, 1.6358351822133188, 1.9475065187236202, 1.7465783560517472, 1.8272824100064027, 2.0397200925330616, 1.6543614835545593, 2.1840297314565622, 2.0066484169841825, 1.9945437792091791, 1.6130713531423659], 'fneg': array([0, 0, 0, 0, 0, 0, 0, 0, 0, 0, 0, 0, 0, 0, 0, 0, 0, 0, 0, 0, 0, 0, 0,
       0, 0, 0, 0, 0, 0, 0, 0, 0, 0, 0, 0, 0, 0, 0, 0, 0, 0]), 'sensitivity': array([0.75, 1.0, 1.0, 0.75, 0.875, 0.66666667, 0.66666667, 0.66666667,
       0.375, 0.16666667, 1.0, 0.95833333, 1.0, 0.95833333, 0.75, 0.75,
       0.75, 0.95833333, 0.70833333, 0.45833333, 0.0, 0.66666667, 1.0,
       0.625, 1.0, 1.0, 0.66666667, 0.45833333, 0.625, 1.0, 0.95833333,
       1.0, 0.66666667, 1.0, 0.83333333, 0.45833333, 1.0, 0.16666667,
       0.54166667, 0.54166667, 1.0]), 'tpos': array([5, 5, 5, 5, 5, 5, 5, 5, 5, 5, 5, 5, 5, 5, 5, 5, 5, 5, 5, 5, 5, 5, 5,
       5, 5, 5, 5, 5, 5, 5, 5, 5, 5, 5, 5, 5, 5, 5, 5, 5, 5])}, {'specificity': array([0.17073171, 0.29268293, 0.75609756, 0.73170732, 0.92682927,
       0.97560976, 0.51219512, 0.56097561, 0.58536585, 0.85365854,
       0.82926829, 0.43902439, 0.53658537, 0.90243902, 0.41463415,
       0.14634146, 0.36585366, 1.0, 0.70731707, 0.31707317, 0.63414634,
       0.12195122, 0.24390244, 0.7804878, 0.3902439, 0.097560976,
       0.26829268, 0.95121951, 0.6097561, 0.19512195, 0.46341463,
       0.024390244, 0.2195122, 0.48780488, 0.68292683, 0.34146341,
       0.073170732, 0.80487805, 0.65853659, 0.87804878, 0.048780488]), 'tneg': array([0, 0, 0, 0, 0, 0, 0, 0, 0, 0, 0, 0, 0, 0, 0, 0, 0, 0, 0, 0, 0, 0, 0,
       0, 0, 0, 0, 0, 0, 0, 0, 0, 0, 0, 0, 0, 0, 0, 0, 0, 0]), 'fpos': array([13, 13, 13, 13, 13, 13, 13, 13, 13, 13, 13, 13, 13, 13, 13, 13, 13,
       13, 13, 13, 13, 13, 13, 13, 13, 13, 13, 13, 13, 13, 13, 13, 13, 13,
       13, 13, 13, 13, 13, 13, 13]), 'threshold': [1.7700781784298065, 1.8431240347923537, 1.9515323838524574, 1.9455845041820212, 2.0427847116580069, 2.1413518674600081, 1.8822954131961529, 1.8882402125838582, 1.9057040426928613, 2.005394676969277, 1.9802293172142602, 1.868416145898111, 1.8840276230503301, 2.0257808953686545, 1.8562833014614992, 1.7625446435609731, 1.8457011009418449, 2.1638038021324335, 1.9333366315808964, 1.8431319388152248, 1.9137688242514075, 1.7524645658681757, 1.8003417495260967, 1.9694820296677551, 1.8511313768950248, 1.7474786570407115, 1.8372312534430793, 2.0520640882646393, 1.9093021887712953, 1.771521131187525, 1.8702376887607759, 1.590117733272292, 1.7725766678149928, 1.8763235788353714, 1.933335403618073, 1.8452345599683273, 1.7300177168119053, 1.9726172125122694, 1.9305460165070207, 2.0251257179841393, 1.5911727051332307], 'fneg': array([0, 0, 0, 0, 0, 0, 0, 0, 0, 0, 0, 0, 0, 0, 0, 0, 0, 0, 0, 0, 0, 0, 0,
       0, 0, 0, 0, 0, 0, 0, 0, 0, 0, 0, 0, 0, 0, 0, 0, 0, 0]), 'sensitivity': array([0.95833333, 0.95833333, 0.75, 0.75, 0.41666667, 0.16666667,
       0.83333333, 0.83333333, 0.79166667, 0.54166667, 0.625, 0.83333333,
       0.83333333, 0.41666667, 0.95833333, 0.95833333, 0.95833333, 0.125,
       0.75, 0.95833333, 0.75, 1.0, 0.95833333, 0.70833333, 0.95833333,
       1.0, 0.95833333, 0.41666667, 0.75, 0.95833333, 0.83333333, 1.0,
       0.95833333, 0.83333333, 0.75, 0.95833333, 1.0, 0.66666667, 0.75,
       0.41666667, 1.0]), 'tpos': array([3, 3, 3, 3, 3, 3, 3, 3, 3, 3, 3, 3, 3, 3, 3, 3, 3, 3, 3, 3, 3, 3, 3,
       3, 3, 3, 3, 3, 3, 3, 3, 3, 3, 3, 3, 3, 3, 3, 3, 3, 3])}, {'specificity': array([0.74358974, 0.25641026, 0.17948718, 0.71794872, 0.64102564,
       0.69230769, 0.43589744, 0.92307692, 0.20512821, 0.38461538,
       0.15384615, 0.53846154, 0.56410256, 0.051282051, 0.23076923,
       0.76923077, 0.66666667, 0.1025641, 0.87179487, 0.46153846, 1.0,
       0.97435897, 0.28205128, 0.61538462, 0.35897436, 0.79487179,
       0.41025641, 0.025641026, 0.94871795, 0.48717949, 0.8974359,
       0.84615385, 0.12820513, 0.33333333, 0.30769231, 0.51282051,
       0.82051282, 0.58974359, 0.076923077]), 'tneg': array([3, 3, 3, 3, 3, 3, 3, 4, 3, 3, 3, 3, 3, 1, 3, 3, 3, 3, 4, 3, 5, 4, 3,
       3, 3, 3, 3, 1, 4, 3, 4, 3, 3, 3, 3, 3, 3, 3, 3]), 'fpos': array([ 9,  9,  9,  9,  9,  9,  9,  8,  9,  9,  9,  9,  9, 11,  9,  9,  9,
        9,  8,  9,  7,  8,  9,  9,  9,  9,  9, 11,  8,  9,  8,  9,  9,  9,
        9,  9,  9,  9,  9]), 'threshold': [1.9759692535666438, 1.9162394591649898, 1.8850426389562496, 1.9752935139234442, 1.9638433079870066, 1.9741766651814321, 1.9385504943326741, 2.015885879670527, 1.8991701342577525, 1.9352586737527298, 1.8833652068816174, 1.9452888579420979, 1.9467032011670022, 1.8577828396529292, 1.9161837333934095, 1.9785306689799578, 1.9710916330416457, 1.8716649120697191, 2.0146244499857597, 1.9386453676927005, 2.0301340582327425, 2.020095143225499, 1.9172336692053595, 1.9614305833510386, 1.9310842376157524, 1.9887735676201936, 1.9360169171172017, 1.8470138765984725, 2.0190828269114474, 1.9428375314148036, 2.0153985567694797, 1.999451707251275, 1.8823682989976904, 1.9306272262648407, 1.919074850613764, 1.94411564339003, 1.9930844663867957, 1.9605284300813612, 1.8711744852708441], 'fneg': array([3, 2, 1, 3, 3, 3, 3, 4, 1, 3, 1, 3, 3, 0, 2, 3, 3, 1, 4, 3, 4, 4, 2,
       3, 2, 4, 3, 0, 4, 3, 4, 4, 1, 2, 2, 3, 4, 3, 1]), 'sensitivity': array([0.5, 0.92307692, 1.0, 0.5, 0.53846154, 0.5, 0.80769231, 0.30769231,
       0.96153846, 0.88461538, 1.0, 0.73076923, 0.69230769, 1.0,
       0.92307692, 0.5, 0.53846154, 1.0, 0.30769231, 0.80769231,
       0.23076923, 0.30769231, 0.92307692, 0.53846154, 0.88461538, 0.5,
       0.80769231, 1.0, 0.30769231, 0.80769231, 0.30769231, 0.34615385,
       1.0, 0.88461538, 0.92307692, 0.76923077, 0.46153846, 0.57692308, 1.0]), 'tpos': array([1, 2, 3, 1, 1, 1, 1, 0, 3, 1, 3, 1, 1, 4, 2, 1, 1, 3, 0, 1, 0, 0, 2,
       1, 2, 0, 1, 4, 0, 1, 0, 0, 3, 2, 2, 1, 0, 1, 3])}, {'specificity': array([0.21428571, 0.57142857, 0.16666667, 0.92857143, 0.95238095,
       0.83333333, 0.85714286, 0.5, 0.54761905, 0.47619048, 0.4047619,
       0.80952381, 0.52380952, 0.28571429, 0.61904762, 0.5952381,
       0.11904762, 0.97619048, 1.0, 0.11904762, 0.71428571, 0.64285714,
       0.11904762, 0.11904762, 0.42857143, 0.23809524, 0.66666667,
       0.88095238, 0.78571429, 0.35714286, 0.19047619, 0.38095238,
       0.76190476, 0.9047619, 0.30952381, 0.73809524, 0.26190476,
       0.14285714, 0.69047619, 0.45238095, 0.33333333, 0.11904762]), 'tneg': array([0, 0, 0, 8, 8, 8, 8, 0, 0, 0, 0, 6, 0, 0, 0, 0, 0, 9, 9, 0, 0, 0, 0,
       0, 0, 0, 0, 8, 5, 0, 0, 0, 4, 8, 0, 0, 0, 0, 0, 0, 0, 0]), 'fpos': array([13, 13, 13,  5,  5,  5,  5, 13, 13, 13, 13,  7, 13, 13, 13, 13, 13,
        4,  4, 13, 13, 13, 13, 13, 13, 13, 13,  5,  8, 13, 13, 13,  9,  5,
       13, 13, 13, 13, 13, 13, 13, 13]), 'threshold': [1.8749220604598444, 1.8869333662619399, 1.8733831199074094, 1.9724071717522513, 1.9780845761460444, 1.9450821553568238, 1.9472129961217339, 1.8836372219537194, 1.8864299665139261, 1.8834518262862063, 1.8799207715811599, 1.9302522093602261, 1.8842807711510812, 1.8758838983051163, 1.8970003652362777, 1.8943601488077473, 1.8733347434477359, 2.008074139483544, 2.0156184483696169, 1.8733347434477359, 1.9033874807502209, 1.8971867568897254, 1.8733347434477359, 1.8733347434477359, 1.8805384251442259, 1.8753558834761512, 1.8986507139296664, 1.9486894741277083, 1.9222033624565003, 1.8776233165977863, 1.8747210135847898, 1.8781430789718661, 1.9160453237074813, 1.9552247069784752, 1.8763248355066693, 1.9046316094660578, 1.8755292886112833, 1.8733414592386082, 1.9022647536136366, 1.8822031056483604, 1.8764006449760702, 1.8733347434477359], 'fneg': array([0, 0, 0, 2, 3, 2, 2, 0, 0, 0, 0, 2, 0, 0, 0, 0, 0, 3, 3, 0, 0, 0, 0,
       0, 0, 0, 0, 2, 2, 0, 0, 0, 1, 2, 0, 0, 0, 0, 0, 0, 0, 0]), 'sensitivity': array([0.82608696, 0.69565217, 0.91304348, 0.26086957, 0.2173913,
       0.34782609, 0.34782609, 0.69565217, 0.69565217, 0.69565217,
       0.73913043, 0.47826087, 0.69565217, 0.82608696, 0.65217391,
       0.69565217, 0.95652174, 0.086956522, 0.0, 0.95652174, 0.56521739,
       0.65217391, 0.95652174, 0.95652174, 0.73913043, 0.82608696,
       0.60869565, 0.34782609, 0.52173913, 0.7826087, 0.86956522,
       0.7826087, 0.52173913, 0.34782609, 0.82608696, 0.56521739,
       0.82608696, 0.95652174, 0.60869565, 0.69565217, 0.82608696,
       0.95652174]), 'tpos': array([3, 3, 3, 1, 0, 1, 1, 3, 3, 3, 3, 1, 3, 3, 3, 3, 3, 0, 0, 3, 3, 3, 3,
       3, 3, 3, 3, 1, 1, 3, 3, 3, 2, 1, 3, 3, 3, 3, 3, 3, 3, 3])}], <Model object at 0x000000000000108C>)
