#logistic
([{'specificity': array([0.35849057, 0.35849057, 0.56603774, 0.69811321, 0.22641509,
       0.94339623, 0.8490566, 0.13207547, 0.56603774, 0.41509434,
       0.26415094, 0.58490566, 0.62264151, 0.13207547, 0.77358491,
       0.58490566, 0.018867925]), 'tneg': array([ 5,  4,  7, 12,  3, 14, 13,  2,  8,  6,  3,  9, 11,  1, 12, 10,  0]), 'fpos': array([ 9, 10,  7,  2, 11,  0,  1, 12,  6,  8, 11,  5,  3, 13,  2,  4, 14]), 'threshold': [0.040216530985762042, 0.040216530985762042, 0.10686374583179757, 0.40977425473548845, 0.01555225368002771, 0.92984678990044001, 0.76095646312956844, 0.005708223650337462, 0.10686374583179757, 0.066924604090516801, 0.021737512802560467, 0.18042461646931751, 0.28148070077851572, 0.0047086328349627976, 0.50292350619097681, 0.18042461646931751, 0.00093188505350256395], 'fneg': array([1, 1, 1, 1, 0, 2, 2, 0, 1, 1, 1, 1, 1, 0, 2, 1, 0]), 'sensitivity': array([0.88888889, 0.88888889, 0.88888889, 0.11111111, 0.88888889, 0.0,
       0.0, 1.0, 0.88888889, 0.88888889, 0.88888889, 0.77777778,
       0.55555556, 1.0, 0.0, 0.77777778, 1.0]), 'tpos': array([2, 2, 2, 2, 3, 1, 1, 3, 2, 2, 2, 2, 2, 3, 1, 2, 3])}, {'specificity': array([0.91071429, 0.48214286, 0.625, 0.83928571, 0.46428571, 0.071428571,
       0.21428571, 0.44642857, 0.46428571, 0.0, 0.017857143, 0.42857143,
       0.98214286, 0.26785714, 0.26785714, 0.44642857]), 'tneg': array([10,  9,  9,  9,  7,  1,  2,  6,  8,  0,  0,  4, 11,  3,  3,  5]), 'fpos': array([ 1,  2,  2,  2,  4, 10,  9,  5,  3, 11, 11,  7,  0,  8,  8,  6]), 'threshold': [0.86755686577996649, 0.06153832414213091, 0.12201859015905285, 0.62242953224395059, 0.036177853688071415, 0.0012766322718044303, 0.0070592043868598926, 0.031794213089474076, 0.036177853688071415, 0.98276980252993573, 0.0003497774055014445, 0.027326897602342654, 0.98276980252993573, 0.0091160349097549574, 0.0091160349097549574, 0.031794213089474076], 'fneg': array([4, 2, 3, 4, 2, 1, 1, 2, 2, 0, 1, 2, 4, 2, 1, 2]), 'sensitivity': array([0.0, 0.42857143, 0.28571429, 0.0, 0.71428571, 1.0, 0.85714286,
       0.71428571, 0.71428571, 1.0, 1.0, 0.71428571, 0.0, 0.85714286,
       0.85714286, 0.71428571]), 'tpos': array([1, 3, 2, 1, 3, 4, 4, 3, 3, 5, 4, 3, 1, 3, 4, 3])}, {'specificity': array([0.42105263, 0.85964912, 0.94736842, 0.9122807, 0.22807018,
       0.035087719, 0.66666667, 0.61403509, 0.9122807, 0.89473684,
       0.61403509, 0.35087719, 0.21052632, 0.9122807, 0.29824561]), 'tneg': array([ 5,  8, 12, 11,  2,  0,  7,  6, 10,  9,  5,  4,  1, 10,  3]), 'fpos': array([ 7,  4,  0,  1, 10, 12,  5,  6,  2,  3,  7,  8, 11,  2,  9]), 'threshold': [0.060851806655746944, 0.79314124999648994, 0.98108511260411968, 0.91523287927146912, 0.010984270374984008, 0.0017557744911020172, 0.4237850182286057, 0.25376261449826798, 0.91523287927146912, 0.90287731938193894, 0.24488557043049627, 0.045944133446142656, 0.010453011273813295, 0.91523287927146912, 0.017582604447157712], 'fneg': array([0, 1, 2, 2, 0, 0, 1, 1, 2, 1, 1, 0, 0, 1, 0]), 'sensitivity': array([0.85714286, 0.0, 0.0, 0.0, 1.0, 1.0, 0.0, 0.28571429, 0.0, 0.0,
       0.28571429, 0.85714286, 1.0, 0.0, 0.85714286]), 'tpos': array([3, 2, 1, 1, 3, 3, 2, 2, 1, 2, 2, 3, 3, 2, 3])}, {'specificity': array([0.92857143, 0.73214286, 0.57142857, 0.14285714, 0.58928571,
       0.85714286, 0.58928571, 0.125, 0.78571429, 0.053571429, 0.14285714,
       0.64285714, 0.48214286, 0.30357143, 0.69642857, 0.10714286]), 'tneg': array([10,  9,  5,  3,  6,  9,  6,  1,  9,  0,  2,  7,  4,  3,  8,  0]), 'fpos': array([ 0,  1,  5,  7,  4,  1,  4,  9,  1, 10,  8,  3,  6,  7,  2, 10]), 'threshold': [0.84846853364596653, 0.33984290715112137, 0.071172034127607156, 0.005565626433681403, 0.097639766231431918, 0.7835801802432969, 0.097639766231431918, 0.0042683851984576266, 0.51417736826443594, 0.0016181065348297946, 0.005565626433681403, 0.15307315337690777, 0.026667038239905419, 0.010018544591439152, 0.18241191093813602, 0.0035288099037012709], 'fneg': array([5, 3, 2, 1, 2, 5, 3, 1, 4, 0, 1, 3, 2, 2, 3, 1]), 'sensitivity': array([0.0, 0.42857143, 0.57142857, 1.0, 0.57142857, 0.0, 0.57142857, 1.0,
       0.0, 1.0, 1.0, 0.57142857, 0.71428571, 0.85714286, 0.42857143, 1.0]), 'tpos': array([1, 3, 4, 5, 4, 1, 3, 5, 2, 6, 5, 3, 4, 4, 3, 5])}, {'specificity': array([0.93103448, 0.62068966, 0.55172414, 0.44827586, 0.37931034,
       0.63793103, 0.98275862, 0.17241379, 0.13793103, 0.15517241,
       0.39655172, 0.25862069, 0.17241379, 0.72413793, 0.82758621]), 'tneg': array([10,  7,  6,  5,  4,  8, 10,  2,  0,  1,  4,  4,  3,  8,  9]), 'fpos': array([ 1,  4,  5,  6,  7,  3,  1,  9, 11, 10,  7,  7,  8,  3,  2]), 'threshold': [0.98175580277064767, 0.13615515957966151, 0.065495859462575023, 0.03256962263079724, 0.013216127966735949, 0.18960318598865547, 0.99790038133673298, 0.0014708027707194152, 0.00050529455824581512, 0.00085026011371766173, 0.016624238082700239, 0.0049984546176921382, 0.0014708027707194152, 0.57540587565780199, 0.74836155438490748], 'fneg': array([3, 2, 2, 2, 1, 2, 4, 0, 0, 0, 2, 0, 0, 3, 3]), 'sensitivity': array([0.0, 0.66666667, 0.66666667, 0.66666667, 1.0, 0.33333333, 0.0, 1.0,
       1.0, 1.0, 0.83333333, 1.0, 1.0, 0.0, 0.0]), 'tpos': array([1, 2, 2, 2, 3, 2, 0, 4, 4, 4, 2, 4, 4, 1, 1])}], <Model object at 0x00000000000003DC>)
#logistic
([{'specificity': array([0.52830189, 0.35849057, 0.66037736, 0.66037736, 0.81132075,
       0.8490566, 0.90566038, 0.66037736, 0.73584906, 0.075471698,
       0.75471698, 0.32075472, 0.094339623, 0.35849057, 0.037735849,
       0.43396226, 0.37735849]), 'tneg': array([ 6,  3,  8,  9, 12, 13, 14,  7, 10,  1, 11,  2,  1,  3,  0,  5,  4]), 'fpos': array([ 8, 11,  6,  5,  2,  1,  0,  7,  4, 13,  3, 12, 13, 11, 14,  9, 10]), 'threshold': [0.1289426780771335, 0.047230444144248984, 0.21963363481742068, 0.21963363481742068, 0.68414498383204136, 0.75271964306777428, 0.85699588766627222, 0.21963363481742068, 0.3476079279365909, 0.0031243304110766066, 0.37830621664955594, 0.033491561086383438, 0.0042047296395388307, 0.047230444144248984, 0.0027864787013769233, 0.070661387289368285, 0.058164661965424046], 'fneg': array([2, 1, 2, 2, 2, 2, 2, 2, 2, 0, 2, 1, 1, 2, 0, 2, 2]), 'sensitivity': array([0.6, 0.7, 0.5, 0.5, 0.0, 0.0, 0.0, 0.5, 0.4, 1.0, 0.3, 0.8, 1.0,
       0.7, 1.0, 0.6, 0.6]), 'tpos': array([1, 2, 1, 1, 1, 1, 1, 1, 1, 3, 1, 2, 2, 1, 3, 1, 1])}, {'specificity': array([0.90740741, 0.48148148, 0.75925926, 0.94444444, 0.92592593,
       0.62962963, 0.75925926, 0.35185185, 0.42592593, 0.018518519,
       0.27777778, 0.62962963, 0.57407407, 0.11111111, 0.35185185,
       0.16666667]), 'tneg': array([11,  6, 10, 12, 11,  9, 10,  3,  5,  0,  3,  8,  7,  1,  4,  2]), 'fpos': array([ 1,  6,  2,  0,  1,  3,  2,  9,  7, 12,  9,  4,  5, 11,  8, 10]), 'threshold': [0.85810810544572935, 0.065314977676073915, 0.28436200885687607, 0.99654795183907496, 0.9517058893642949, 0.13148514686688312, 0.28436200885687607, 0.026429609913268197, 0.045670331391940926, 0.0047648194324624834, 0.014110878597014232, 0.13148514686688312, 0.081478450288812426, 0.0056298372625222656, 0.026429609913268197, 0.0075478101087541197], 'fneg': array([2, 1, 1, 3, 3, 1, 2, 1, 1, 0, 0, 1, 1, 0, 1, 0]), 'sensitivity': array([0.0, 0.7, 0.1, 0.0, 0.0, 0.7, 0.1, 0.9, 0.8, 1.0, 0.9, 0.7, 0.7,
       1.0, 0.9, 1.0]), 'tpos': array([2, 3, 3, 1, 1, 3, 2, 3, 3, 4, 4, 3, 3, 4, 3, 4])}, {'specificity': array([0.47272727, 0.38181818, 0.61818182, 0.054545455, 0.072727273,
       0.61818182, 0.52727273, 0.96363636, 0.54545455, 0.54545455,
       0.65454545, 0.45454545, 0.32727273, 0.12727273, 0.87272727,
       0.70909091]), 'tneg': array([ 5,  3,  7,  0,  0,  8,  5, 11,  5,  6,  9,  4,  2,  1, 10,  9]), 'fpos': array([ 6,  8,  4, 11, 11,  3,  6,  0,  6,  5,  2,  7,  9, 10,  1,  2]), 'threshold': [0.10261885572395978, 0.037221106007342818, 0.18783913626543586, 0.006633372297854513, 0.0079375821637380165, 0.18783913626543586, 0.11768545268838102, 0.98539263331637772, 0.12651145954608786, 0.12651145954608786, 0.25429936678387199, 0.097491464429182162, 0.030664923538149251, 0.0096317226122535436, 0.75471019015232432, 0.44130858560773523], 'fneg': array([1, 1, 3, 0, 1, 3, 2, 4, 3, 3, 3, 1, 1, 1, 4, 4]), 'sensitivity': array([0.66666667, 1.0, 0.66666667, 1.0, 1.0, 0.66666667, 0.66666667, 0.0,
       0.66666667, 0.66666667, 0.55555556, 1.0, 1.0, 1.0, 0.0, 0.0]), 'tpos': array([4, 4, 2, 5, 4, 2, 3, 1, 2, 2, 2, 4, 4, 4, 1, 1])}, {'specificity': array([0.85185185, 0.83333333, 0.7037037, 0.55555556, 0.27777778,
       0.24074074, 0.59259259, 0.87037037, 0.7037037, 0.018518519,
       0.90740741, 0.61111111, 0.25925926, 0.2037037, 0.55555556,
       0.96296296]), 'tneg': array([8, 8, 8, 5, 4, 2, 5, 8, 7, 0, 8, 6, 3, 1, 4, 8]), 'fpos': array([1, 1, 1, 4, 5, 7, 4, 1, 2, 9, 1, 3, 6, 8, 5, 1]), 'threshold': [0.67209029629141692, 0.63743470045743078, 0.29089938718757796, 0.098647563419107354, 0.036006681132224334, 0.032302153866366631, 0.15251137329460043, 0.70184763868387601, 0.29089938718757796, 0.0087462509731252875, 0.86713749255757877, 0.15855872074344704, 0.035386189754965797, 0.027957088763224339, 0.098647563419107354, 0.92973234153764528], 'fneg': array([4, 3, 2, 1, 0, 0, 2, 5, 2, 0, 6, 2, 0, 0, 1, 7]), 'sensitivity': array([0.0, 0.0, 0.5, 0.6, 0.9, 0.9, 0.6, 0.0, 0.5, 1.0, 0.0, 0.6, 0.9,
       1.0, 0.6, 0.0]), 'tpos': array([3, 4, 5, 6, 7, 7, 5, 2, 5, 7, 1, 5, 7, 7, 6, 0])}, {'specificity': array([0.066666667, 0.61666667, 0.95, 0.23333333, 0.05, 0.61666667, 0.9,
       0.18333333, 0.13333333, 0.56666667, 0.5, 0.65, 0.61666667,
       0.56666667, 0.3]), 'tneg': array([ 1,  8, 11,  3,  0,  9, 11,  2,  1,  7,  5, 10,  8,  6,  4]), 'fpos': array([11,  4,  1,  9, 12,  3,  1, 10, 11,  5,  7,  2,  4,  6,  8]), 'threshold': [1.654838697422925e-05, 0.14209177015844426, 0.99956474363038994, 0.00048758229779196635, 3.7231457757780469e-06, 0.14209177015844426, 0.98492270978836838, 0.00027617795227673529, 0.00013535731614923297, 0.052274257973029974, 0.0077738236372088066, 0.38549250094868082, 0.14209177015844426, 0.02587830822529744, 0.0008478427382133545], 'fneg': array([0, 2, 3, 1, 0, 2, 2, 1, 1, 1, 1, 2, 1, 1, 1]), 'sensitivity': array([1.0, 0.2, 0.0, 1.0, 1.0, 0.2, 0.0, 1.0, 1.0, 0.6, 0.6, 0.2, 0.2,
       0.6, 1.0]), 'tpos': array([3, 1, 0, 2, 3, 1, 1, 2, 2, 2, 2, 1, 2, 2, 2])}], <Model object at 0x0000000000000708>)
#logistic
([{'specificity': array([0.0, 0.0, 0.94444444, 0.64814815, 0.53703704, 0.85185185, 0.7037037,
       0.66666667, 0.51851852, 0.25925926, 0.7037037, 0.074074074,
       0.31481481, 0.83333333, 0.31481481, 0.11111111, 0.092592593]), 'tneg': array([ 0,  0, 12,  8,  7, 12, 10,  9,  6,  4, 11,  1,  5, 11,  6,  3,  2]), 'fpos': array([13, 13,  1,  5,  6,  1,  3,  4,  7,  9,  2, 12,  8,  2,  7, 10, 11]), 'threshold': [0.0001801649379682472, 0.0001801649379682472, 0.95960755758180472, 0.075743726313703047, 0.032231303012570142, 0.77734266468088908, 0.17145639961370576, 0.099117417511256245, 0.028345075473588145, 0.005591327839952618, 0.17145639961370576, 0.0024108872910547979, 0.0084599621881080306, 0.39362438642188974, 0.0084599621881080306, 0.0029200508656758058, 0.0026964017962622746], 'fneg': array([0, 1, 4, 2, 2, 3, 2, 2, 2, 1, 2, 1, 1, 3, 1, 1, 1]), 'sensitivity': array([1.0, 1.0, 0.0, 0.77777778, 0.88888889, 0.0, 0.33333333, 0.77777778,
       0.88888889, 0.88888889, 0.33333333, 0.88888889, 0.88888889, 0.0,
       0.88888889, 0.88888889, 0.88888889]), 'tpos': array([4, 3, 0, 2, 2, 1, 2, 2, 2, 3, 2, 3, 3, 1, 3, 3, 3])}, {'specificity': array([0.61666667, 0.38333333, 0.71666667, 0.88333333, 0.083333333,
       0.61666667, 0.066666667, 0.66666667, 0.73333333, 0.066666667,
       0.66666667, 0.48333333, 0.71666667, 0.083333333, 0.2, 0.38333333]), 'tneg': array([ 8,  4,  9, 11,  2,  7,  0,  8, 10,  1,  8,  6,  9,  2,  3,  5]), 'fpos': array([ 4,  8,  3,  1, 10,  5, 12,  4,  2, 11,  4,  6,  3, 10,  9,  7]), 'threshold': [0.07664643376821613, 0.0064946622313134736, 0.16722834312698243, 0.96395362185808264, 0.00099139206354451753, 0.07664643376821613, 0.00053330228366865479, 0.11954675815257426, 0.26366063011416158, 0.00053330228366865479, 0.11954675815257426, 0.013640274467384842, 0.16722834312698243, 0.00099139206354451753, 0.0027173588852369454, 0.0064946622313134736], 'fneg': array([1, 1, 3, 4, 0, 1, 0, 3, 4, 0, 2, 1, 4, 1, 1, 1]), 'sensitivity': array([0.25, 1.0, 0.0, 0.0, 1.0, 0.25, 1.0, 0.0, 0.0, 1.0, 0.0, 1.0, 0.0,
       1.0, 1.0, 1.0]), 'tpos': array([3, 3, 1, 0, 4, 3, 4, 1, 0, 4, 2, 3, 0, 3, 3, 3])}, {'specificity': array([0.74545455, 0.94545455, 0.36363636, 0.45454545, 0.36363636, 0.0,
       0.92727273, 0.0, 0.2, 0.30909091, 0.47272727, 0.36363636, 0.8,
       0.30909091, 0.2, 0.74545455]), 'tneg': array([ 9, 11,  4,  7,  5,  0, 11,  0,  2,  3,  8,  6, 10,  3,  1,  9]), 'fpos': array([ 3,  1,  8,  5,  7, 12,  1, 12, 10,  9,  4,  6,  2,  9, 11,  3]), 'threshold': [0.29026284783593548, 0.79715746717874214, 0.034931674176650135, 0.042918646400966737, 0.034931674176650135, 0.80430042412608316, 0.7841520647033875, 0.80430042412608316, 0.030509163938979563, 0.033030240602622753, 0.058796415017335901, 0.034931674176650135, 0.52980029066301648, 0.033030240602622753, 0.030509163938979563, 0.29026284783593548], 'fneg': array([2, 4, 2, 2, 2, 0, 3, 0, 1, 1, 2, 2, 3, 2, 1, 3]), 'sensitivity': array([0.33333333, 0.0, 0.77777778, 0.77777778, 0.77777778, 1.0, 0.0, 1.0,
       0.77777778, 0.77777778, 0.77777778, 0.77777778, 0.0, 0.77777778,
       0.77777778, 0.33333333]), 'tpos': array([2, 0, 2, 2, 2, 4, 1, 4, 3, 3, 2, 2, 1, 2, 3, 1])}, {'specificity': array([0.88333333, 0.23333333, 0.23333333, 0.75, 0.68333333, 0.7,
       0.56666667, 0.68333333, 0.25, 0.46666667, 0.2, 0.73333333, 0.25,
       0.15, 0.46666667, 0.016666667]), 'tneg': array([14,  4,  3, 13, 11, 12,  9, 10,  6,  7,  2, 13,  5,  1,  8,  0]), 'fpos': array([ 0, 10, 11,  1,  3,  2,  5,  4,  8,  7, 12,  1,  9, 13,  6, 14]), 'threshold': [0.94948695198791877, 7.1757878665616961e-05, 7.1757878665616961e-05, 0.59049712623827721, 0.15549030083914392, 0.39235452952195998, 0.010289385086975359, 0.15549030083914392, 0.00020387722428944448, 0.0040913277103778881, 3.2702046747930837e-05, 0.56865286124996306, 0.00020387722428944448, 4.9083829298397202e-06, 0.0040913277103778881, 8.1939674590621569e-08], 'fneg': array([1, 0, 0, 1, 0, 0, 0, 0, 0, 0, 0, 0, 0, 0, 0, 0]), 'sensitivity': array([0.0, 1.0, 1.0, 0.0, 0.75, 0.25, 1.0, 0.75, 1.0, 1.0, 1.0, 0.0, 1.0,
       1.0, 1.0, 1.0]), 'tpos': array([1, 2, 2, 1, 2, 2, 2, 2, 2, 2, 2, 2, 2, 2, 2, 2])}, {'specificity': array([0.98305085, 0.93220339, 0.77966102, 0.42372881, 0.98305085,
       0.88135593, 0.98305085, 0.38983051, 0.50847458, 0.47457627,
       0.44067797, 0.77966102, 0.45762712, 0.47457627, 0.94915254]), 'tneg': array([ 9,  8,  7,  1, 10,  8,  9,  0,  5,  3,  1,  6,  2,  4,  8]), 'fpos': array([ 1,  2,  3,  9,  0,  2,  1, 10,  5,  7,  9,  4,  8,  6,  2]), 'threshold': [0.99962240589050833, 0.97665006153728107, 0.30003523118922198, 0.0058508000725338025, 0.99962240589050833, 0.90485350539241449, 0.99962240589050833, 0.0027574045553672225, 0.016952278851230636, 0.01334674430658842, 0.0080479366937590609, 0.25560548997501958, 0.0094296686710900954, 0.01334674430658842, 0.98845136772857833], 'fneg': array([3, 2, 1, 0, 4, 1, 4, 0, 1, 1, 1, 1, 1, 1, 3]), 'sensitivity': array([0.0, 0.0, 0.5, 1.0, 0.0, 0.0, 0.0, 1.0, 1.0, 1.0, 1.0, 0.5, 1.0,
       1.0, 0.0]), 'tpos': array([2, 3, 4, 5, 1, 4, 1, 5, 4, 4, 4, 4, 4, 4, 2])}], <Model object at 0x0000000000000A34>)
