#adalasso
([{'specificity': array([0.83870968, 1.0, 0.9516129, 0.58064516, 0.85483871, 0.35483871,
       0.72580645, 0.77419355, 0.96774194, 0.80645161, 0.88709677,
       0.90322581, 0.30645161, 0.69354839, 0.61290323, 0.40322581,
       0.64516129, 0.33870968, 0.29032258, 0.79032258, 0.70967742,
       0.93548387, 0.27419355, 0.24193548, 0.17741935, 0.46774194,
       0.22580645, 0.51612903, 0.19354839, 0.48387097, 0.41935484,
       0.87096774, 0.91935484, 0.98387097, 0.064516129, 0.75806452,
       0.66129032, 0.14516129, 0.16129032, 0.016129032, 0.38709677,
       0.20967742, 0.5, 0.11290323, 0.048387097, 0.74193548, 0.82258065,
       0.080645161, 0.59677419, 0.5483871, 0.43548387, 0.096774194,
       0.4516129, 0.56451613, 0.53225806, 0.25806452, 0.67741935,
       0.62903226, 0.032258065, 0.32258065, 0.37096774, 0.12903226]), 'tneg': array([10, 11, 11,  8, 11,  3,  9, 10, 11, 10, 11, 11,  2,  9,  8,  3,  8,
        3,  2, 10,  9, 11,  2,  1,  0,  6,  1,  7,  0,  7,  3, 11, 11, 11,
        0, 10,  8,  0,  0,  0,  3,  1,  7,  0,  0, 10, 10,  0,  8,  8,  4,
        0,  5,  8,  8,  2,  9,  8,  0,  2,  3,  0]), 'fpos': array([ 2,  1,  1,  4,  1,  9,  3,  2,  1,  2,  1,  1, 10,  3,  4,  9,  4,
        9, 10,  2,  3,  1, 10, 11, 12,  6, 11,  5, 12,  5,  9,  1,  1,  1,
       12,  2,  4, 12, 12, 12,  9, 11,  5, 12, 12,  2,  2, 12,  4,  4,  8,
       12,  7,  4,  4, 10,  3,  4, 12, 10,  9, 12]), 'threshold': [0.38386309437603811, 0.87604931238358308, 0.7826021720584363, 0.1737497514135056, 0.42212043948904515, 0.14097094494991794, 0.22926145422236999, 0.31196571877279433, 0.82616849597045494, 0.34502944306742661, 0.47743350737126261, 0.47872786127084338, 0.13923723078937891, 0.21208764141816161, 0.18020787903268254, 0.14778870636690278, 0.19186721167880144, 0.13994104484014028, 0.13912396856417916, 0.31396110833425234, 0.21913843701315192, 0.65957500274903691, 0.13656558356161033, 0.13441335946503652, 0.13096406465540605, 0.1573328403478704, 0.13184469614843591, 0.16237690666642871, 0.13133400408093346, 0.15994855384178544, 0.14819438419270506, 0.44394510584421459, 0.6297378846223729, 0.85103551901831509, 0.12289209991189243, 0.28706065098274069, 0.19369890715567129, 0.12636604646503363, 0.12929572912619369, 0.11445916990044183, 0.14603436842503031, 0.13174931396126671, 0.16105706080236021, 0.12485156809293101, 0.11645778034806603, 0.26046546991313141, 0.35684328601226661, 0.12368197451515285, 0.17917001846445643, 0.16980763779601518, 0.1500557423449003, 0.12416559574620825, 0.15220975464802758, 0.17175424662477784, 0.16914990444203587, 0.13616671537441524, 0.1967495148658904, 0.18795857564120669, 0.11498240049829553, 0.13967375404223897, 0.14473148050525808, 0.12584376453474744], 'fneg': array([4, 5, 5, 2, 5, 0, 3, 3, 5, 3, 5, 5, 0, 2, 2, 1, 2, 0, 0, 3, 3, 5, 0,
       0, 0, 2, 0, 2, 0, 2, 1, 5, 5, 5, 0, 3, 2, 0, 0, 0, 0, 0, 2, 0, 0, 3,
       3, 0, 2, 2, 2, 0, 2, 2, 2, 0, 2, 2, 0, 0, 0, 0]), 'sensitivity': array([1, 1, 1, 1, 1, 1, 1, 1, 1, 1, 1, 1, 1, 1, 1, 1, 1, 1, 1, 1, 1, 1, 1,
       1, 1, 1, 1, 1, 1, 1, 1, 1, 1, 1, 1, 1, 1, 1, 1, 1, 1, 1, 1, 1, 1, 1,
       1, 1, 1, 1, 1, 1, 1, 1, 1, 1, 1, 1, 1, 1, 1, 1]), 'tpos': array([1, 0, 0, 3, 0, 5, 2, 2, 0, 2, 0, 0, 5, 3, 3, 4, 3, 5, 5, 2, 2, 0, 5,
       5, 5, 3, 5, 3, 5, 3, 4, 0, 0, 0, 5, 2, 3, 5, 5, 5, 5, 5, 3, 5, 5, 2,
       2, 5, 3, 3, 3, 5, 3, 3, 3, 5, 3, 3, 5, 5, 5, 5])}, {'specificity': array([0.82539683, 0.85714286, 0.96825397, 0.95238095, 0.9047619,
       0.77777778, 0.61904762, 0.74603175, 0.80952381, 0.63492063,
       0.79365079, 0.92063492, 0.047619048, 0.6031746, 0.14285714,
       0.079365079, 0.19047619, 0.22222222, 0.65079365, 0.73015873,
       0.84126984, 0.93650794, 0.20634921, 0.15873016, 0.88888889,
       0.3015873, 0.3968254, 0.58730159, 0.11111111, 0.38095238,
       0.095238095, 0.23809524, 0.49206349, 0.87301587, 0.98412698, 1.0,
       0.66666667, 0.44444444, 0.015873016, 0.33333333, 0.17460317,
       0.42857143, 0.53968254, 0.12698413, 0.52380952, 0.063492063,
       0.031746032, 0.41269841, 0.36507937, 0.46031746, 0.71428571,
       0.25396825, 0.68253968, 0.55555556, 0.26984127, 0.57142857,
       0.31746032, 0.50793651, 0.76190476, 0.6984127, 0.47619048,
       0.34920635, 0.28571429]), 'tneg': array([ 9, 10, 11, 11, 11,  8,  7,  7,  9,  7,  9, 11,  0,  6,  0,  0,  1,
        1,  7,  7, 10, 11,  1,  1, 10,  1,  4,  4,  0,  2,  0,  1,  4, 10,
       11, 11,  7,  4,  0,  2,  1,  4,  4,  0,  4,  0,  0,  4,  2,  4,  7,
        1,  7,  4,  1,  4,  2,  4,  8,  7,  4,  2,  1]), 'fpos': array([ 2,  1,  0,  0,  0,  3,  4,  4,  2,  4,  2,  0, 11,  5, 11, 11, 10,
       10,  4,  4,  1,  0, 10, 10,  1, 10,  7,  7, 11,  9, 11, 10,  7,  1,
        0,  0,  4,  7, 11,  9, 10,  7,  7, 11,  7, 11, 11,  7,  9,  7,  4,
       10,  4,  7, 10,  7,  9,  7,  3,  4,  7,  9, 10]), 'threshold': [0.28468518519121921, 0.30959044805750863, 0.75302507356662707, 0.69689110343673855, 0.46353125396882372, 0.2676251517917424, 0.20735943907692406, 0.24664422000134301, 0.28355148840339456, 0.21441655644096355, 0.28261891950491047, 0.4760832303263427, 0.13014357454234649, 0.18972029023705755, 0.13728494024994831, 0.13277123927704687, 0.14163674258838721, 0.14489786666295515, 0.21743980747632949, 0.23738323284769575, 0.29717842136626837, 0.50539750593403121, 0.14474258372591184, 0.14009556879055776, 0.34643393466199129, 0.15302106730501314, 0.16402697795039281, 0.17931634828979123, 0.1343300535856265, 0.15829565636775317, 0.13318974927771596, 0.14544259206685228, 0.17283109812287822, 0.31134128207933193, 0.8102665102337826, 0.87483395322000024, 0.22621755444821345, 0.16632293640312096, 0.12960002224906389, 0.1572995769746611, 0.14122963428046464, 0.16618606778774375, 0.17369553504371441, 0.13544384706559973, 0.17344243375020949, 0.13229127755021872, 0.12973989475327952, 0.16472640868994704, 0.15787061514570133, 0.1697956693283427, 0.2286871697358549, 0.14874395721423267, 0.22625034514618797, 0.17429603106879771, 0.15066321364610963, 0.17645109047212781, 0.15578633243146045, 0.17302113699839811, 0.26157452266774717, 0.22858893979858311, 0.17022161842178041, 0.15755783943217769, 0.15215770055832159], 'fneg': array([4, 4, 5, 5, 4, 4, 4, 4, 4, 4, 4, 4, 0, 4, 0, 0, 1, 2, 4, 4, 4, 4, 2,
       1, 4, 3, 3, 4, 0, 3, 0, 2, 4, 4, 5, 5, 4, 3, 0, 3, 1, 3, 4, 0, 4, 0,
       0, 3, 3, 3, 4, 3, 4, 4, 3, 4, 3, 4, 4, 4, 3, 3, 3]), 'sensitivity': array([1, 1, 1, 1, 1, 1, 1, 1, 1, 1, 1, 1, 1, 1, 1, 1, 1, 1, 1, 1, 1, 1, 1,
       1, 1, 1, 1, 1, 1, 1, 1, 1, 1, 1, 1, 1, 1, 1, 1, 1, 1, 1, 1, 1, 1, 1,
       1, 1, 1, 1, 1, 1, 1, 1, 1, 1, 1, 1, 1, 1, 1, 1, 1]), 'tpos': array([1, 1, 0, 0, 1, 1, 1, 1, 1, 1, 1, 1, 5, 1, 5, 5, 4, 3, 1, 1, 1, 1, 3,
       4, 1, 2, 2, 1, 5, 2, 5, 3, 1, 1, 0, 0, 1, 2, 5, 2, 4, 2, 1, 5, 1, 5,
       5, 2, 2, 2, 1, 2, 1, 1, 2, 1, 2, 1, 1, 1, 2, 2, 2])}, {'specificity': array([0.828125, 0.625, 0.984375, 0.25, 0.859375, 0.75, 0.265625, 0.609375,
       0.71875, 0.671875, 0.703125, 0.4375, 0.96875, 0.84375, 0.90625,
       0.890625, 0.5625, 0.359375, 0.234375, 0.59375, 0.421875, 0.171875,
       0.640625, 0.921875, 0.953125, 0.15625, 0.203125, 0.78125, 0.390625,
       0.375, 0.34375, 0.21875, 0.8125, 0.9375, 1.0, 0.65625, 0.765625,
       0.53125, 0.484375, 0.0625, 0.109375, 0.296875, 0.453125, 0.1875,
       0.46875, 0.140625, 0.078125, 0.328125, 0.28125, 0.734375, 0.875,
       0.546875, 0.125, 0.015625, 0.6875, 0.046875, 0.40625, 0.09375,
       0.3125, 0.578125, 0.5, 0.796875, 0.515625, 0.03125]), 'tneg': array([12, 10, 12,  7, 12, 12,  7, 10, 12, 11, 11,  8, 12, 12, 12, 12, 10,
        7,  7, 10,  8,  5, 10, 12, 12,  4,  6, 12,  7,  7,  7,  6, 12, 12,
       12, 10, 12, 10, 10,  2,  4,  7,  8,  6, 10,  4,  3,  7,  7, 12, 12,
       10,  4,  0, 11,  2,  8,  3,  7, 10, 10, 12, 10,  1]), 'fpos': array([ 0,  2,  0,  5,  0,  0,  5,  2,  0,  1,  1,  4,  0,  0,  0,  0,  2,
        5,  5,  2,  4,  7,  2,  0,  0,  8,  6,  0,  5,  5,  5,  6,  0,  0,
        0,  2,  0,  2,  2, 10,  8,  5,  4,  6,  2,  8,  9,  5,  5,  0,  0,
        2,  8, 12,  1, 10,  4,  9,  5,  2,  2,  0,  2, 11]), 'threshold': [0.34624244552278483, 0.26503819686011848, 0.63087542088229942, 0.19848919589299754, 0.36244880007311131, 0.32006352979269981, 0.19905226881271496, 0.25618757949025939, 0.31200075259572524, 0.28662252902833224, 0.2909716101746358, 0.21836814264328239, 0.57208085996953706, 0.34881903637704254, 0.40980151913065799, 0.38929862244112984, 0.24227584332140695, 0.21037840531854068, 0.19793280402865648, 0.25532268522610962, 0.21810935083051977, 0.19087414319107338, 0.26579344798094873, 0.43486492813568589, 0.49356309140986993, 0.18975012518526849, 0.19226894754065024, 0.33176082372586241, 0.21291253517246164, 0.21042199264241676, 0.20880680615772543, 0.19539106316257104, 0.34446196821022201, 0.43931353040279303, 0.75720686601283427, 0.26905446251431747, 0.32752426332032614, 0.23764392182546845, 0.23373838133491734, 0.17367657291573801, 0.18713202994814654, 0.20202070983031112, 0.2229499294672789, 0.19212153829977782, 0.22867677269868481, 0.18954864656779613, 0.18378594672891088, 0.20698791634575342, 0.19911913930255906, 0.31303912875836781, 0.38258411957064614, 0.23802070700939176, 0.18737718331193012, 0.14949485274757984, 0.28692374892649497, 0.17297435890765614, 0.21774495097330043, 0.18446845943967538, 0.20270189062396574, 0.24316769833939311, 0.23638392231171468, 0.34055763361688884, 0.23688418430410566, 0.16031293714878211], 'fneg': array([1, 1, 2, 0, 1, 1, 0, 1, 1, 1, 1, 1, 2, 1, 1, 1, 1, 1, 0, 1, 1, 0, 1,
       1, 1, 0, 0, 1, 1, 1, 1, 0, 1, 1, 3, 1, 1, 1, 1, 0, 0, 0, 1, 0, 1, 0,
       0, 0, 0, 1, 1, 1, 0, 0, 1, 0, 1, 0, 0, 1, 1, 1, 1, 0]), 'sensitivity': array([1, 1, 1, 1, 1, 1, 1, 1, 1, 1, 1, 1, 1, 1, 1, 1, 1, 1, 1, 1, 1, 1, 1,
       1, 1, 1, 1, 1, 1, 1, 1, 1, 1, 1, 1, 1, 1, 1, 1, 1, 1, 1, 1, 1, 1, 1,
       1, 1, 1, 1, 1, 1, 1, 1, 1, 1, 1, 1, 1, 1, 1, 1, 1, 1]), 'tpos': array([2, 2, 1, 3, 2, 2, 3, 2, 2, 2, 2, 2, 1, 2, 2, 2, 2, 2, 3, 2, 2, 3, 2,
       2, 2, 3, 3, 2, 2, 2, 2, 3, 2, 2, 0, 2, 2, 2, 2, 3, 3, 3, 2, 3, 2, 3,
       3, 3, 3, 2, 2, 2, 3, 3, 2, 3, 2, 3, 3, 2, 2, 2, 2, 3])}, {'specificity': array([0.87301587, 0.80952381, 0.96825397, 0.93650794, 0.6031746,
       0.76190476, 0.28571429, 0.57142857, 0.73015873, 0.6984127,
       0.52380952, 0.95238095, 0.82539683, 0.88888889, 0.15873016,
       0.55555556, 0.41269841, 0.44444444, 0.38095238, 0.77777778,
       0.71428571, 0.92063492, 0.22222222, 0.20634921, 0.84126984,
       0.079365079, 0.079365079, 0.46031746, 0.47619048, 0.50793651,
       0.49206349, 0.26984127, 0.85714286, 0.98412698, 1.0, 0.63492063,
       0.61904762, 0.53968254, 0.079365079, 0.079365079, 0.34920635,
       0.36507937, 0.3015873, 0.31746032, 0.12698413, 0.33333333,
       0.23809524, 0.58730159, 0.68253968, 0.25396825, 0.17460317,
       0.9047619, 0.11111111, 0.42857143, 0.095238095, 0.19047619,
       0.14285714, 0.74603175, 0.80952381, 0.65079365, 0.66666667,
       0.3968254, 0.079365079]), 'tneg': array([11, 10, 11, 11,  8, 10,  5,  7, 10, 10,  7, 11, 11, 11,  3,  7,  6,
        6,  6, 10, 10, 11,  5,  4, 11,  0,  0,  6,  6,  7,  7,  5, 11, 11,
       11,  8,  8,  7,  0,  0,  6,  6,  5,  5,  2,  6,  5,  8, 10,  5,  4,
       11,  2,  6,  2,  4,  2, 10, 10,  8,  8,  6,  0]), 'fpos': array([ 0,  1,  0,  0,  3,  1,  6,  4,  1,  1,  4,  0,  0,  0,  8,  4,  5,
        5,  5,  1,  1,  0,  6,  7,  0, 11, 11,  5,  5,  4,  4,  6,  0,  0,
        0,  3,  3,  4, 11, 11,  5,  5,  6,  6,  9,  5,  6,  3,  1,  6,  7,
        0,  9,  5,  9,  7,  9,  1,  1,  3,  3,  5, 11]), 'threshold': [0.25955376265063396, 0.23947718218023206, 0.3890220820456522, 0.36110954699332948, 0.21457933554286285, 0.23703013596107922, 0.1984087342387636, 0.2128687763839551, 0.23509934931796087, 0.22970431084374121, 0.2102126587988726, 0.37205003072576542, 0.2455573468865081, 0.26109258778088557, 0.1976939144192201, 0.2123175377766823, 0.20130440352520257, 0.20273769629783472, 0.20108873410407693, 0.23923965769154915, 0.23108430579405606, 0.27312895650777236, 0.19820949059684492, 0.19799210025440778, 0.24963842337908884, 0.19767692309153001, 0.19767692309153001, 0.20292612054694081, 0.20447146423559309, 0.20758126271883254, 0.20492509457063049, 0.19839845783115345, 0.25044747963886416, 0.41722981002326115, 0.47122369098878497, 0.22034513556906749, 0.21543247552218417, 0.21048141054462488, 0.19767692309153001, 0.19767692309153001, 0.199744208018903, 0.20072552290734144, 0.19851825118436911, 0.19861294629770676, 0.19768321935530289, 0.19936498916231238, 0.19826421868473387, 0.21324875489008716, 0.22443671255309952, 0.19829635380103614, 0.19771456896042772, 0.26689778841133033, 0.19768000422300419, 0.20203734378046173, 0.19767839667163265, 0.19785218085460452, 0.1976848715913965, 0.23557750721807316, 0.23947718218023206, 0.22052255970614851, 0.22095614771475, 0.20125886126773385, 0.19767692309153001], 'fneg': array([1, 0, 5, 5, 0, 0, 0, 0, 0, 0, 0, 5, 0, 1, 0, 0, 0, 0, 0, 0, 0, 2, 0,
       0, 0, 0, 0, 0, 0, 0, 0, 0, 1, 5, 5, 0, 0, 0, 0, 0, 0, 0, 0, 0, 0, 0,
       0, 0, 0, 0, 0, 2, 0, 0, 0, 0, 0, 0, 0, 0, 0, 0, 0]), 'sensitivity': array([1, 1, 1, 1, 1, 1, 1, 1, 1, 1, 1, 1, 1, 1, 1, 1, 1, 1, 1, 1, 1, 1, 1,
       1, 1, 1, 1, 1, 1, 1, 1, 1, 1, 1, 1, 1, 1, 1, 1, 1, 1, 1, 1, 1, 1, 1,
       1, 1, 1, 1, 1, 1, 1, 1, 1, 1, 1, 1, 1, 1, 1, 1, 1]), 'tpos': array([4, 5, 0, 0, 5, 5, 5, 5, 5, 5, 5, 0, 5, 4, 5, 5, 5, 5, 5, 5, 5, 3, 5,
       5, 5, 5, 5, 5, 5, 5, 5, 5, 4, 0, 0, 5, 5, 5, 5, 5, 5, 5, 5, 5, 5, 5,
       5, 5, 5, 5, 5, 3, 5, 5, 5, 5, 5, 5, 5, 5, 5, 5, 5])}, {'specificity': array([0.921875, 0.9375, 0.125, 0.734375, 0.859375, 0.40625, 0.71875,
       0.578125, 0.53125, 0.84375, 0.515625, 0.96875, 0.65625, 0.828125,
       0.265625, 0.6875, 0.46875, 0.203125, 0.75, 0.765625, 0.875, 0.28125,
       0.25, 0.109375, 0.890625, 0.328125, 0.359375, 0.34375, 0.3125,
       0.21875, 0.59375, 0.140625, 0.546875, 0.953125, 0.984375, 1.0, 0.5,
       0.90625, 0.234375, 0.453125, 0.0625, 0.046875, 0.5625, 0.375,
       0.15625, 0.609375, 0.4375, 0.671875, 0.796875, 0.1875, 0.625,
       0.171875, 0.015625, 0.78125, 0.484375, 0.390625, 0.09375, 0.640625,
       0.296875, 0.703125, 0.8125, 0.421875, 0.078125, 0.03125]), 'tneg': array([0, 0, 0, 0, 0, 0, 0, 0, 0, 0, 0, 0, 0, 0, 0, 0, 0, 0, 0, 0, 0, 0, 0,
       0, 0, 0, 0, 0, 0, 0, 0, 0, 0, 0, 0, 0, 0, 0, 0, 0, 0, 0, 0, 0, 0, 0,
       0, 0, 0, 0, 0, 0, 0, 0, 0, 0, 0, 0, 0, 0, 0, 0, 0, 0]), 'fpos': array([12, 12, 12, 12, 12, 12, 12, 12, 12, 12, 12, 12, 12, 12, 12, 12, 12,
       12, 12, 12, 12, 12, 12, 12, 12, 12, 12, 12, 12, 12, 12, 12, 12, 12,
       12, 12, 12, 12, 12, 12, 12, 12, 12, 12, 12, 12, 12, 12, 12, 12, 12,
       12, 12, 12, 12, 12, 12, 12, 12, 12, 12, 12, 12, 12]), 'threshold': [0.60929659778883749, 0.64405600923586448, 0.11387957832804588, 0.3614340758727691, 0.40897655331474025, 0.17724769802042331, 0.327465024604086, 0.23726796560760402, 0.21771301529328049, 0.40398822088881386, 0.21406295953695753, 0.82300823329776918, 0.29877277935866758, 0.40293614225331215, 0.1390343546718476, 0.30622065314662, 0.18613981605447325, 0.12785500393392946, 0.36266729002222409, 0.36805496191179748, 0.46711428119112236, 0.13977001398702191, 0.12968478826672794, 0.11295610699721949, 0.47424307619841127, 0.14714728083005624, 0.15256952573921406, 0.14742015051128277, 0.14595637379777243, 0.12917851885213963, 0.23942406988433521, 0.11942035912423993, 0.22847295212465621, 0.68255593758097322, 0.85995294861060034, 0.8721643868494906, 0.21038331192682716, 0.55511761846825347, 0.12968435587904154, 0.18494273904436528, 0.078893109889934115, 0.073240528230230806, 0.2330398464813484, 0.1530370154031061, 0.11965891216236881, 0.25647201243064505, 0.18154486592960015, 0.30321896515554536, 0.38226539817746291, 0.12688706017023155, 0.26927538147303487, 0.12684257252441519, 0.069902269491918662, 0.37597686655303297, 0.19537073045031744, 0.17680011968170392, 0.11097284116486625, 0.28320344977735523, 0.14210249016137969, 0.31472660972665367, 0.39337072837604053, 0.17817910962088249, 0.1080806318956721, 0.072899229702144561], 'fneg': array([0, 0, 0, 0, 0, 0, 0, 0, 0, 0, 0, 0, 0, 0, 0, 0, 0, 0, 0, 0, 0, 0, 0,
       0, 0, 0, 0, 0, 0, 0, 0, 0, 0, 0, 0, 0, 0, 0, 0, 0, 0, 0, 0, 0, 0, 0,
       0, 0, 0, 0, 0, 0, 0, 0, 0, 0, 0, 0, 0, 0, 0, 0, 0, 0]), 'sensitivity': array([1, 1, 1, 1, 1, 1, 1, 1, 1, 1, 1, 1, 1, 1, 1, 1, 1, 1, 1, 1, 1, 1, 1,
       1, 1, 1, 1, 1, 1, 1, 1, 1, 1, 1, 1, 1, 1, 1, 1, 1, 1, 1, 1, 1, 1, 1,
       1, 1, 1, 1, 1, 1, 1, 1, 1, 1, 1, 1, 1, 1, 1, 1, 1, 1]), 'tpos': array([3, 3, 3, 3, 3, 3, 3, 3, 3, 3, 3, 3, 3, 3, 3, 3, 3, 3, 3, 3, 3, 3, 3,
       3, 3, 3, 3, 3, 3, 3, 3, 3, 3, 3, 3, 3, 3, 3, 3, 3, 3, 3, 3, 3, 3, 3,
       3, 3, 3, 3, 3, 3, 3, 3, 3, 3, 3, 3, 3, 3, 3, 3, 3, 3])}], <Model object at 0x00000000000003DC>)
#adalasso
([{'specificity': array([0.88888889, 0.74603175, 0.98412698, 0.58730159, 0.49206349,
       0.82539683, 0.47619048, 0.71428571, 0.6984127, 0.76190476,
       0.66666667, 0.96825397, 0.85714286, 0.84126984, 0.44444444,
       0.42857143, 0.73015873, 0.38095238, 0.55555556, 0.41269841,
       0.6031746, 0.80952381, 0.87301587, 0.28571429, 0.22222222,
       0.19047619, 0.14285714, 0.79365079, 0.9047619, 0.92063492, 1.0,
       0.95238095, 0.063492063, 0.61904762, 0.047619048, 0.50793651,
       0.53968254, 0.3015873, 0.26984127, 0.095238095, 0.031746032,
       0.17460317, 0.52380952, 0.65079365, 0.12698413, 0.31746032,
       0.63492063, 0.079365079, 0.46031746, 0.34920635, 0.68253968,
       0.23809524, 0.20634921, 0.15873016, 0.3968254, 0.77777778,
       0.25396825, 0.36507937, 0.57142857, 0.015873016, 0.93650794,
       0.11111111, 0.33333333]), 'tneg': array([12,  9, 12,  5,  5, 12,  5,  8,  7, 10,  6, 12, 12, 12,  4,  4,  8,
        4,  5,  4,  5, 12, 12,  2,  1,  1,  1, 12, 12, 12, 12, 12,  0,  5,
        0,  5,  5,  2,  1,  1,  0,  1,  5,  6,  1,  3,  5,  0,  4,  3,  6,
        1,  1,  1,  4, 10,  1,  3,  5,  0, 12,  1,  3]), 'fpos': array([ 0,  3,  0,  7,  7,  0,  7,  4,  5,  2,  6,  0,  0,  0,  8,  8,  4,
        8,  7,  8,  7,  0,  0, 10, 11, 11, 11,  0,  0,  0,  0,  0, 12,  7,
       12,  7,  7, 10, 11, 11, 12, 11,  7,  6, 11,  9,  7, 12,  8,  9,  6,
       11, 11, 11,  8,  2, 11,  9,  7, 12,  0, 11,  9]), 'threshold': [0.34160967810278908, 0.21862117388115077, 0.62619949683212806, 0.17597912324415746, 0.16984896089948162, 0.30178163571254657, 0.16763405702986631, 0.19911529030324804, 0.19232505926223092, 0.22701770789012415, 0.18712163347176355, 0.55925852036880019, 0.30751659849024243, 0.30469821940940056, 0.16675487837766129, 0.16337754992135339, 0.21319154917840555, 0.16148749202078358, 0.17221436129819462, 0.16334403616155171, 0.18138354546720326, 0.28776082298872863, 0.30975411057516133, 0.1541552488291498, 0.1518587877151388, 0.14936715636202705, 0.14829590149352431, 0.2497022840391093, 0.36316736965412005, 0.44194126318105753, 0.6324261505134251, 0.54331307550787566, 0.13731721307302275, 0.18178414541073629, 0.12240349725456431, 0.17032477236366286, 0.17216170503274914, 0.15504693645147707, 0.15319735213884431, 0.1406684083631774, 0.12039055377818271, 0.1491684672015329, 0.17079131560385674, 0.18703816678513333, 0.14822404657152596, 0.15673596773732504, 0.18318815939993915, 0.13961746525190114, 0.16722829796116612, 0.15771702595730291, 0.18828901677043747, 0.15240612968862533, 0.15113671244344251, 0.14912974601786139, 0.16243570283973707, 0.23980438443274421, 0.15273486886499013, 0.15788693323937877, 0.17326481466860103, 0.11990612976913939, 0.45264162012059217, 0.14232614343542849, 0.15686007912540168], 'fneg': array([3, 1, 5, 0, 0, 3, 0, 1, 0, 1, 0, 5, 3, 3, 0, 0, 1, 0, 0, 0, 0, 3, 3,
       0, 0, 0, 0, 2, 3, 4, 5, 5, 0, 0, 0, 0, 0, 0, 0, 0, 0, 0, 0, 0, 0, 0,
       0, 0, 0, 0, 0, 0, 0, 0, 0, 2, 0, 0, 0, 0, 4, 0, 0]), 'sensitivity': array([1, 1, 1, 1, 1, 1, 1, 1, 1, 1, 1, 1, 1, 1, 1, 1, 1, 1, 1, 1, 1, 1, 1,
       1, 1, 1, 1, 1, 1, 1, 1, 1, 1, 1, 1, 1, 1, 1, 1, 1, 1, 1, 1, 1, 1, 1,
       1, 1, 1, 1, 1, 1, 1, 1, 1, 1, 1, 1, 1, 1, 1, 1, 1]), 'tpos': array([2, 4, 0, 5, 5, 2, 5, 4, 5, 4, 5, 0, 2, 2, 5, 5, 4, 5, 5, 5, 5, 2, 2,
       5, 5, 5, 5, 3, 2, 1, 0, 0, 5, 5, 5, 5, 5, 5, 5, 5, 5, 5, 5, 5, 5, 5,
       5, 5, 5, 5, 5, 5, 5, 5, 5, 3, 5, 5, 5, 5, 1, 5, 5])}, {'specificity': array([0.921875, 0.984375, 0.875, 0.53125, 0.5625, 0.234375, 0.46875,
       0.15625, 0.8125, 0.78125, 0.6875, 0.328125, 0.84375, 0.9375,
       0.109375, 0.4375, 0.40625, 0.703125, 0.75, 0.5, 0.71875, 0.421875,
       0.390625, 0.453125, 0.890625, 0.796875, 0.3125, 0.25, 0.203125,
       0.609375, 0.671875, 0.1875, 0.734375, 0.625, 0.171875, 0.859375,
       0.578125, 0.96875, 1.0, 0.953125, 0.828125, 0.09375, 0.90625,
       0.28125, 0.046875, 0.640625, 0.359375, 0.265625, 0.125, 0.015625,
       0.296875, 0.484375, 0.765625, 0.0625, 0.59375, 0.546875, 0.515625,
       0.65625, 0.21875, 0.375, 0.34375, 0.078125, 0.03125, 0.140625]), 'tneg': array([10, 11, 10,  7,  7,  3,  7,  2,  9,  9,  9,  7,  9, 10,  0,  7,  7,
        9,  9,  7,  9,  7,  7,  7, 10,  9,  5,  3,  2,  9,  9,  2,  9,  9,
        2,  9,  8, 11, 11, 10,  9,  0, 10,  3,  0,  9,  7,  3,  1,  0,  3,
        7,  9,  0,  8,  7,  7,  9,  3,  7,  7,  0,  0,  2]), 'fpos': array([ 2,  1,  2,  5,  5,  9,  5, 10,  3,  3,  3,  5,  3,  2, 12,  5,  5,
        3,  3,  5,  3,  5,  5,  5,  2,  3,  7,  9, 10,  3,  3, 10,  3,  3,
       10,  3,  4,  1,  1,  2,  3, 12,  2,  9, 12,  3,  5,  9, 11, 12,  9,
        5,  3, 12,  4,  5,  5,  3,  9,  5,  5, 12, 12, 10]), 'threshold': [0.41470700480828954, 0.79078742230967702, 0.35897157563732757, 0.15414834678226916, 0.1635980819483728, 0.11386767311709234, 0.1413170329911137, 0.09696202377266587, 0.27745111208395251, 0.25803084454695968, 0.20640357156771641, 0.12376903212982676, 0.30204562675657509, 0.47902534330808583, 0.091568011871993718, 0.13766654449820631, 0.13463386872140712, 0.20648292759925024, 0.23720874871191869, 0.145916624925339, 0.21599148684278541, 0.13746113592910991, 0.13160700994001143, 0.13922089523446651, 0.36233956852877053, 0.26459908400965038, 0.1213474206991516, 0.11405571771482934, 0.11086243616489855, 0.17535225556912348, 0.20174196125372626, 0.1105110235280943, 0.21973892917519666, 0.18406647467152937, 0.10322091006332143, 0.3104207934604763, 0.16976349531291868, 0.64911913633525942, 0.84693978689673444, 0.5062814806444943, 0.29783257352530351, 0.089949030545523292, 0.40164674680905843, 0.11516872188111253, 0.069978547455697621, 0.18407745882296214, 0.12601263810004582, 0.1150674035743029, 0.094919044312061635, 0.067339461260222833, 0.11694660682768775, 0.14450547446417317, 0.25607119457660293, 0.087048478645656499, 0.17083704151382734, 0.15950564638450107, 0.14812922282252025, 0.19504561364133435, 0.11304711421389919, 0.12885622772752467, 0.12417422241349332, 0.087097593137084678, 0.069479843488367513, 0.096052312583164268], 'fneg': array([4, 4, 3, 1, 1, 0, 0, 0, 3, 2, 1, 0, 3, 4, 0, 0, 0, 1, 2, 0, 2, 0, 0,
       0, 3, 2, 0, 0, 0, 1, 1, 0, 2, 1, 0, 3, 1, 4, 4, 4, 3, 0, 4, 0, 0, 1,
       0, 0, 0, 0, 0, 0, 2, 0, 1, 1, 0, 1, 0, 0, 0, 0, 0, 0]), 'sensitivity': array([1, 1, 1, 1, 1, 1, 1, 1, 1, 1, 1, 1, 1, 1, 1, 1, 1, 1, 1, 1, 1, 1, 1,
       1, 1, 1, 1, 1, 1, 1, 1, 1, 1, 1, 1, 1, 1, 1, 1, 1, 1, 1, 1, 1, 1, 1,
       1, 1, 1, 1, 1, 1, 1, 1, 1, 1, 1, 1, 1, 1, 1, 1, 1, 1]), 'tpos': array([0, 0, 1, 3, 3, 4, 4, 4, 1, 2, 3, 4, 1, 0, 4, 4, 4, 3, 2, 4, 2, 4, 4,
       4, 1, 2, 4, 4, 4, 3, 3, 4, 2, 3, 4, 1, 3, 0, 0, 0, 1, 4, 0, 4, 4, 3,
       4, 4, 4, 4, 4, 4, 2, 4, 3, 3, 4, 3, 4, 4, 4, 4, 4, 4])}, {'specificity': array([0.421875, 0.828125, 0.890625, 0.984375, 0.140625, 0.359375,
       0.703125, 0.671875, 0.390625, 0.203125, 0.140625, 0.765625,
       0.640625, 0.953125, 0.8125, 0.90625, 0.546875, 0.140625, 0.234375,
       0.65625, 0.328125, 0.5625, 0.75, 0.625, 0.140625, 0.4375, 0.84375,
       0.78125, 0.171875, 0.734375, 0.25, 0.140625, 0.6875, 0.609375,
       0.140625, 0.921875, 0.796875, 0.9375, 0.96875, 1.0, 0.140625, 0.875,
       0.53125, 0.40625, 0.140625, 0.71875, 0.5, 0.46875, 0.21875, 0.3125,
       0.59375, 0.578125, 0.28125, 0.453125, 0.140625, 0.15625, 0.1875,
       0.515625, 0.484375, 0.375, 0.34375, 0.875, 0.296875, 0.265625]), 'tneg': array([10, 13, 13, 13,  0,  9, 11, 11, 10,  5,  0, 11, 11, 13, 13, 13, 11,
        0,  5, 11,  5, 11, 11, 11,  0, 10, 13, 13,  5, 11,  5,  0, 11, 11,
        0, 13, 13, 13, 13, 13,  0, 13, 11, 10,  0, 11, 10, 10,  5,  5, 11,
       11,  5, 10,  0,  4,  5, 11, 10, 10,  7, 13,  5,  5]), 'fpos': array([ 3,  0,  0,  0, 13,  4,  2,  2,  3,  8, 13,  2,  2,  0,  0,  0,  2,
       13,  8,  2,  8,  2,  2,  2, 13,  3,  0,  0,  8,  2,  8, 13,  2,  2,
       13,  0,  0,  0,  0,  0, 13,  0,  2,  3, 13,  2,  3,  3,  8,  8,  2,
        2,  8,  3, 13,  9,  8,  2,  3,  3,  6,  0,  8,  8]), 'threshold': [0.1728911344437187, 0.41067057738643714, 0.42993584367225424, 0.50960535983788324, 0.1588291986907448, 0.16561294937692744, 0.25656612274234697, 0.24665465890109142, 0.16846850402544703, 0.15890531298657251, 0.1588291986907448, 0.34564256238074131, 0.22830887991344404, 0.45237355519276712, 0.39613007610843803, 0.43679104007568198, 0.1925816797364758, 0.1588291986907448, 0.15897704191843587, 0.24053674493284594, 0.16009122371950613, 0.19771984650274491, 0.32951359726078677, 0.22266011966541857, 0.1588291986907448, 0.17756105353598353, 0.42680606841560065, 0.37468072381492928, 0.15888232849982917, 0.2628148674799905, 0.1590230358122649, 0.1588291986907448, 0.25299105035540881, 0.211119935442206, 0.1588291986907448, 0.44144415106617269, 0.39084269979073444, 0.45009571307352775, 0.50049673286802809, 0.54572939467622938, 0.1588291986907448, 0.42772764133782454, 0.19088418572099508, 0.16912452829019534, 0.1588291986907448, 0.26010979534170536, 0.1824103970111208, 0.18086103582656915, 0.15892480594437686, 0.15983651248931147, 0.20932836651178696, 0.20134969069518865, 0.1594500051574653, 0.17902718227533943, 0.1588291986907448, 0.15885327996702878, 0.1588830639616389, 0.18814753685207231, 0.18096218692771032, 0.16652333397142236, 0.16396499114634022, 0.42772764133782454, 0.15958544242452258, 0.15904038714347238], 'fneg': array([2, 3, 3, 3, 0, 2, 2, 2, 2, 0, 0, 3, 2, 3, 3, 3, 2, 0, 1, 2, 2, 2, 3,
       2, 0, 2, 3, 3, 0, 2, 1, 0, 2, 2, 0, 3, 3, 3, 3, 3, 0, 3, 2, 2, 0, 2,
       2, 2, 1, 2, 2, 2, 2, 2, 0, 0, 0, 2, 2, 2, 2, 3, 2, 1]), 'sensitivity': array([1, 1, 1, 1, 1, 1, 1, 1, 1, 1, 1, 1, 1, 1, 1, 1, 1, 1, 1, 1, 1, 1, 1,
       1, 1, 1, 1, 1, 1, 1, 1, 1, 1, 1, 1, 1, 1, 1, 1, 1, 1, 1, 1, 1, 1, 1,
       1, 1, 1, 1, 1, 1, 1, 1, 1, 1, 1, 1, 1, 1, 1, 1, 1, 1]), 'tpos': array([1, 0, 0, 0, 3, 1, 1, 1, 1, 3, 3, 0, 1, 0, 0, 0, 1, 3, 2, 1, 1, 1, 0,
       1, 3, 1, 0, 0, 3, 1, 2, 3, 1, 1, 3, 0, 0, 0, 0, 0, 3, 0, 1, 1, 3, 1,
       1, 1, 2, 1, 1, 1, 1, 1, 3, 3, 3, 1, 1, 1, 1, 0, 1, 2])}, {'specificity': array([0.828125, 0.9375, 0.796875, 0.984375, 0.296875, 0.765625, 0.8125,
       0.671875, 0.234375, 0.640625, 0.71875, 1.0, 0.90625, 0.859375,
       0.78125, 0.703125, 0.453125, 0.6875, 0.359375, 0.609375, 0.953125,
       0.921875, 0.484375, 0.09375, 0.109375, 0.515625, 0.59375, 0.34375,
       0.390625, 0.53125, 0.203125, 0.734375, 0.46875, 0.875, 0.96875,
       0.84375, 0.4375, 0.1875, 0.03125, 0.546875, 0.328125, 0.265625,
       0.140625, 0.015625, 0.046875, 0.25, 0.75, 0.15625, 0.28125, 0.3125,
       0.40625, 0.125, 0.5625, 0.578125, 0.375, 0.078125, 0.0625, 0.421875,
       0.5, 0.625, 0.171875, 0.65625, 0.890625, 0.21875]), 'tneg': array([13, 13, 13, 13,  4, 11, 13,  7,  3,  7,  9, 13, 13, 13, 13,  7,  7,
        7,  6,  7, 13, 13,  7,  2,  2,  7,  7,  6,  7,  7,  2,  9,  7, 13,
       13, 13,  7,  2,  0,  7,  4,  3,  2,  0,  2,  3,  9,  2,  4,  4,  7,
        2,  7,  7,  7,  2,  2,  7,  7,  7,  2,  7, 13,  2]), 'fpos': array([ 1,  1,  1,  1, 10,  3,  1,  7, 11,  7,  5,  1,  1,  1,  1,  7,  7,
        7,  8,  7,  1,  1,  7, 12, 12,  7,  7,  8,  7,  7, 12,  5,  7,  1,
        1,  1,  7, 12, 14,  7, 10, 11, 12, 14, 12, 11,  5, 12, 10, 10,  7,
       12,  7,  7,  7, 12, 12,  7,  7,  7, 12,  7,  1, 12]), 'threshold': [0.39893371586138648, 0.56510014854368107, 0.38755050123782914, 0.73893147624447786, 0.15235855877132587, 0.33468056034062371, 0.38848641400104433, 0.22041548901646738, 0.14285759739591966, 0.21891365062744525, 0.25374950265766172, 0.7840551777532454, 0.52981007671061298, 0.4478948530802766, 0.38720770437746055, 0.22591154956780701, 0.1775721886991638, 0.22152133719985831, 0.16165369865291762, 0.20373330304760237, 0.57176589271279776, 0.54266563216847175, 0.17979852175767003, 0.13225695568388729, 0.13273799318608617, 0.18266706652346818, 0.20210843067527176, 0.16157485596472554, 0.16718830019048259, 0.18322097160875753, 0.13879840418605952, 0.26401415852251625, 0.17974446561906496, 0.45662667427674247, 0.59475352101787937, 0.42473578088135627, 0.17379524871090632, 0.13597855822438165, 0.11133459131894084, 0.18757281251861965, 0.15646638535392066, 0.14539108454496394, 0.13402468108037446, 0.10991051736906456, 0.12993153485410142, 0.14452600922972464, 0.26843316412741336, 0.13492638227952147, 0.15087857874697214, 0.15467214546703798, 0.16742069968955708, 0.13365246633849984, 0.19104720253154764, 0.19715036567781943, 0.16602273831182501, 0.13211731963017059, 0.13126299325458266, 0.17118578051909575, 0.18186645226898301, 0.20628272448067822, 0.13564046117109752, 0.21965411282654282, 0.52820801344848844, 0.13888708282478757], 'fneg': array([0, 1, 0, 1, 0, 0, 0, 0, 0, 0, 0, 1, 0, 0, 0, 0, 0, 0, 0, 0, 1, 1, 0,
       0, 0, 0, 0, 0, 0, 0, 0, 0, 0, 0, 1, 0, 0, 0, 0, 0, 0, 0, 0, 0, 0, 0,
       0, 0, 0, 0, 0, 0, 0, 0, 0, 0, 0, 0, 0, 0, 0, 0, 0, 0]), 'sensitivity': array([1, 1, 1, 1, 1, 1, 1, 1, 1, 1, 1, 1, 1, 1, 1, 1, 1, 1, 1, 1, 1, 1, 1,
       1, 1, 1, 1, 1, 1, 1, 1, 1, 1, 1, 1, 1, 1, 1, 1, 1, 1, 1, 1, 1, 1, 1,
       1, 1, 1, 1, 1, 1, 1, 1, 1, 1, 1, 1, 1, 1, 1, 1, 1, 1]), 'tpos': array([2, 1, 2, 1, 2, 2, 2, 2, 2, 2, 2, 1, 2, 2, 2, 2, 2, 2, 2, 2, 1, 1, 2,
       2, 2, 2, 2, 2, 2, 2, 2, 2, 2, 2, 1, 2, 2, 2, 2, 2, 2, 2, 2, 2, 2, 2,
       2, 2, 2, 2, 2, 2, 2, 2, 2, 2, 2, 2, 2, 2, 2, 2, 2, 2])}, {'specificity': array([0.89230769, 0.98461538, 0.43076923, 0.38461538, 0.73846154, 0.8,
       0.15384615, 0.36923077, 0.12307692, 0.76923077, 0.78461538,
       0.81538462, 0.64615385, 0.96923077, 0.84615385, 0.30769231,
       0.32307692, 0.72307692, 0.55384615, 0.56923077, 0.29230769,
       0.27692308, 0.18461538, 0.67692308, 0.6, 0.16923077, 0.63076923,
       0.70769231, 0.4, 0.69230769, 0.47692308, 0.87692308, 0.92307692,
       0.95384615, 1.0, 0.90769231, 0.061538462, 0.86153846, 0.61538462,
       0.23076923, 0.52307692, 0.2, 0.092307692, 0.015384615, 0.26153846,
       0.35384615, 0.83076923, 0.046153846, 0.44615385, 0.49230769,
       0.50769231, 0.076923077, 0.53846154, 0.58461538, 0.13846154,
       0.66153846, 0.24615385, 0.75384615, 0.33846154, 0.46153846,
       0.41538462, 0.030769231, 0.93846154, 0.10769231, 0.21538462]), 'tneg': array([10, 10,  1,  1,  7,  8,  1,  1,  1,  7,  8,  8,  5, 10,  8,  1,  1,
        7,  4,  5,  1,  1,  1,  5,  5,  1,  5,  6,  1,  5,  2, 10, 10, 10,
       10, 10,  1,  9,  5,  1,  2,  1,  1,  0,  1,  1,  8,  1,  2,  2,  2,
        1,  4,  5,  1,  5,  1,  7,  1,  2,  1,  0, 10,  1,  1]), 'fpos': array([ 0,  0,  9,  9,  3,  2,  9,  9,  9,  3,  2,  2,  5,  0,  2,  9,  9,
        3,  6,  5,  9,  9,  9,  5,  5,  9,  5,  4,  9,  5,  8,  0,  0,  0,
        0,  0,  9,  1,  5,  9,  8,  9,  9, 10,  9,  9,  2,  9,  8,  8,  8,
        9,  6,  5,  9,  5,  9,  3,  9,  8,  9, 10,  0,  9,  9]), 'threshold': [0.49623117242544568, 0.68648675181832952, 0.12499609650140761, 0.12170588578435909, 0.20465301346558959, 0.25513480759329615, 0.1100572265192577, 0.12148526194346657, 0.10256979440106159, 0.22815570525286277, 0.24008302489370051, 0.25771099602078607, 0.15065712787342828, 0.68324673381842249, 0.33600372998668476, 0.11901045190908358, 0.1193983071824451, 0.19568782832171416, 0.13853037612714461, 0.14062666779307786, 0.11662978556726521, 0.1162203524287362, 0.11029972915073101, 0.17342742695963032, 0.14310534540973097, 0.11026187524990216, 0.15033231651871812, 0.17788036113655625, 0.12438736982143073, 0.17382898237639546, 0.13052150279523656, 0.45602987269211781, 0.51608800041778802, 0.57522621237955951, 0.74303644529377333, 0.50981564040583072, 0.098680232086754208, 0.36515871697434288, 0.14387295920370921, 0.1132093762319301, 0.13410721961198141, 0.1106733399537993, 0.1010587154151391, 0.087194871837637813, 0.11594855247062506, 0.12139327042640614, 0.26901314720230401, 0.097544417887053467, 0.12845824341603768, 0.13280396631469851, 0.13314208490355484, 0.10037964611494628, 0.13823653656597215, 0.14178322306842658, 0.10974909408123594, 0.1684634935581206, 0.11493933417313208, 0.2057037332983693, 0.12073457848257423, 0.12895667830212867, 0.124697878829117, 0.090985504634922942, 0.55393850127347954, 0.10218050870800416, 0.11245100283190675], 'fneg': array([5, 5, 0, 0, 2, 4, 0, 0, 0, 2, 3, 4, 0, 5, 4, 0, 0, 2, 0, 0, 0, 0, 0,
       0, 0, 0, 0, 1, 0, 0, 0, 5, 5, 5, 5, 5, 0, 5, 0, 0, 0, 0, 0, 0, 0, 0,
       4, 0, 0, 0, 0, 0, 0, 0, 0, 0, 0, 2, 0, 0, 0, 0, 5, 0, 0]), 'sensitivity': array([1, 1, 1, 1, 1, 1, 1, 1, 1, 1, 1, 1, 1, 1, 1, 1, 1, 1, 1, 1, 1, 1, 1,
       1, 1, 1, 1, 1, 1, 1, 1, 1, 1, 1, 1, 1, 1, 1, 1, 1, 1, 1, 1, 1, 1, 1,
       1, 1, 1, 1, 1, 1, 1, 1, 1, 1, 1, 1, 1, 1, 1, 1, 1, 1, 1]), 'tpos': array([0, 0, 5, 5, 3, 1, 5, 5, 5, 3, 2, 1, 5, 0, 1, 5, 5, 3, 5, 5, 5, 5, 5,
       5, 5, 5, 5, 4, 5, 5, 5, 0, 0, 0, 0, 0, 5, 0, 5, 5, 5, 5, 5, 5, 5, 5,
       1, 5, 5, 5, 5, 5, 5, 5, 5, 5, 5, 3, 5, 5, 5, 5, 0, 5, 5])}], <Model object at 0x0000000000000708>)
#adalasso
([{'specificity': array([0.88888889, 0.66666667, 0.73015873, 0.96825397, 1.0, 0.19047619,
       0.9047619, 0.74603175, 0.50793651, 0.38095238, 0.36507937,
       0.55555556, 0.84126984, 0.44444444, 0.77777778, 0.65079365,
       0.71428571, 0.85714286, 0.3015873, 0.20634921, 0.25396825,
       0.015873016, 0.61904762, 0.95238095, 0.063492063, 0.079365079,
       0.031746032, 0.15873016, 0.76190476, 0.57142857, 0.47619048,
       0.53968254, 0.34920635, 0.33333333, 0.93650794, 0.98412698,
       0.58730159, 0.92063492, 0.11111111, 0.047619048, 0.3968254,
       0.26984127, 0.46031746, 0.80952381, 0.28571429, 0.31746032,
       0.68253968, 0.82539683, 0.14285714, 0.49206349, 0.095238095,
       0.6031746, 0.41269841, 0.63492063, 0.17460317, 0.87301587,
       0.23809524, 0.22222222, 0.6984127, 0.79365079, 0.52380952,
       0.42857143, 0.12698413]), 'tneg': array([0, 0, 0, 0, 0, 0, 0, 0, 0, 0, 0, 0, 0, 0, 0, 0, 0, 0, 0, 0, 0, 0, 0,
       0, 0, 0, 0, 0, 0, 0, 0, 0, 0, 0, 0, 0, 0, 0, 0, 0, 0, 0, 0, 0, 0, 0,
       0, 0, 0, 0, 0, 0, 0, 0, 0, 0, 0, 0, 0, 0, 0, 0, 0]), 'fpos': array([11, 11, 11, 11, 11, 11, 11, 11, 11, 11, 11, 11, 11, 11, 11, 11, 11,
       11, 11, 11, 11, 11, 11, 11, 11, 11, 11, 11, 11, 11, 11, 11, 11, 11,
       11, 11, 11, 11, 11, 11, 11, 11, 11, 11, 11, 11, 11, 11, 11, 11, 11,
       11, 11, 11, 11, 11, 11, 11, 11, 11, 11, 11, 11]), 'threshold': [0.65046631961040202, 0.25920151405685388, 0.35012015986796408, 0.82974202933784846, 0.92995623388832116, 0.038793639408875799, 0.65190030828969603, 0.35872059319042121, 0.13070890070869409, 0.088012859103074756, 0.080876664259813588, 0.14756592532414511, 0.51814729183267738, 0.10297025771143002, 0.38614027438567139, 0.25321662910259124, 0.33211207603938642, 0.53060895287301124, 0.068543063082666347, 0.042217775571577645, 0.050495328627959551, 0.016091839782728112, 0.19166520077854593, 0.78343617268775245, 0.019693020249924788, 0.023497067322091555, 0.017337696404576844, 0.029157703990870542, 0.3745391267831823, 0.16384724196681397, 0.11300534166348467, 0.14554248663834263, 0.07978921048891266, 0.077473720199008986, 0.68600200349178753, 0.88123731240016723, 0.17050697079805516, 0.68516257259704472, 0.025905360297111976, 0.018341618540240412, 0.091755092502649849, 0.054228769742923462, 0.10696862269730184, 0.41856217499459653, 0.06741072753387381, 0.076831931961606453, 0.29012953557545457, 0.45957859177217913, 0.026749084289091771, 0.12241924668564648, 0.023779934266215698, 0.18839397023781812, 0.095483321710070304, 0.21365625405649788, 0.031518366124434538, 0.5745581110618021, 0.046285164638680744, 0.045302563662798785, 0.31469332862016336, 0.41584048013732361, 0.13681374892306017, 0.10127871768047313, 0.026470840650110232], 'fneg': array([0, 0, 0, 0, 0, 0, 0, 0, 0, 0, 0, 0, 0, 0, 0, 0, 0, 0, 0, 0, 0, 0, 0,
       0, 0, 0, 0, 0, 0, 0, 0, 0, 0, 0, 0, 0, 0, 0, 0, 0, 0, 0, 0, 0, 0, 0,
       0, 0, 0, 0, 0, 0, 0, 0, 0, 0, 0, 0, 0, 0, 0, 0, 0]), 'sensitivity': array([1, 1, 1, 1, 1, 1, 1, 1, 1, 1, 1, 1, 1, 1, 1, 1, 1, 1, 1, 1, 1, 1, 1,
       1, 1, 1, 1, 1, 1, 1, 1, 1, 1, 1, 1, 1, 1, 1, 1, 1, 1, 1, 1, 1, 1, 1,
       1, 1, 1, 1, 1, 1, 1, 1, 1, 1, 1, 1, 1, 1, 1, 1, 1]), 'tpos': array([6, 6, 6, 6, 6, 6, 6, 6, 6, 6, 6, 6, 6, 6, 6, 6, 6, 6, 6, 6, 6, 6, 6,
       6, 6, 6, 6, 6, 6, 6, 6, 6, 6, 6, 6, 6, 6, 6, 6, 6, 6, 6, 6, 6, 6, 6,
       6, 6, 6, 6, 6, 6, 6, 6, 6, 6, 6, 6, 6, 6, 6, 6, 6])}, {'specificity': array([0.84375, 0.765625, 0.890625, 0.96875, 0.21875, 0.828125, 0.296875,
       0.8125, 0.28125, 0.265625, 0.703125, 0.625, 0.75, 0.609375,
       0.984375, 0.78125, 0.859375, 0.734375, 0.6875, 0.34375, 0.078125,
       0.40625, 0.25, 0.171875, 0.046875, 0.578125, 0.484375, 0.9375,
       0.109375, 0.015625, 0.640625, 0.53125, 0.390625, 0.359375, 0.59375,
       0.3125, 0.421875, 0.328125, 0.796875, 0.921875, 0.953125, 1.0,
       0.203125, 0.09375, 0.140625, 0.515625, 0.1875, 0.65625, 0.875,
       0.453125, 0.671875, 0.5, 0.4375, 0.5625, 0.125, 0.15625, 0.375,
       0.546875, 0.234375, 0.03125, 0.71875, 0.90625, 0.46875, 0.0625]), 'tneg': array([0, 0, 0, 0, 0, 0, 0, 0, 0, 0, 0, 0, 0, 0, 0, 0, 0, 0, 0, 0, 0, 0, 0,
       0, 0, 0, 0, 0, 0, 0, 0, 0, 0, 0, 0, 0, 0, 0, 0, 0, 0, 0, 0, 0, 0, 0,
       0, 0, 0, 0, 0, 0, 0, 0, 0, 0, 0, 0, 0, 0, 0, 0, 0, 0]), 'fpos': array([11, 11, 11, 11, 11, 11, 11, 11, 11, 11, 11, 11, 11, 11, 11, 11, 11,
       11, 11, 11, 11, 11, 11, 11, 11, 11, 11, 11, 11, 11, 11, 11, 11, 11,
       11, 11, 11, 11, 11, 11, 11, 11, 11, 11, 11, 11, 11, 11, 11, 11, 11,
       11, 11, 11, 11, 11, 11, 11, 11, 11, 11, 11, 11, 11]), 'threshold': [0.38818135493033706, 0.32199481315949047, 0.45650306033317178, 0.69834303274145326, 0.11103841986581797, 0.37885623510998062, 0.12420717659887626, 0.36753451160351719, 0.1195294386257526, 0.11539294533052907, 0.2772705454590671, 0.25591480067162103, 0.30598935898707869, 0.24864352861514513, 0.83113829211507806, 0.32716136402462503, 0.40572945817596173, 0.2999581442447854, 0.27271872899091193, 0.13179284545055023, 0.099578766856475376, 0.13596293644054441, 0.11526231874849612, 0.10791912888466211, 0.084347447212734544, 0.24108020652362916, 0.16803773543866629, 0.49015872561747809, 0.10254545540550265, 0.0803999070351262, 0.25880277041608191, 0.18173436250731795, 0.13445702488666855, 0.13274189798060548, 0.24360174206020249, 0.12432864248049208, 0.1403207253260958, 0.13038561968126769, 0.36533564026827686, 0.48468019434323928, 0.56025500326598165, 0.8375814987327862, 0.10983793001641992, 0.10047322845945218, 0.10403182827996595, 0.16950671629716943, 0.10828205089893543, 0.2637054932943525, 0.45206361517656074, 0.14816958432917896, 0.26907940326135205, 0.16850306197553377, 0.14379717227483946, 0.20893754396243849, 0.10268867587981027, 0.10770065321529426, 0.13288966778870323, 0.20327863133489671, 0.11227882799253712, 0.082498379295639773, 0.28382934019420752, 0.47644871478324463, 0.16164295290850619, 0.090947974224992428], 'fneg': array([0, 0, 0, 0, 0, 0, 0, 0, 0, 0, 0, 0, 0, 0, 0, 0, 0, 0, 0, 0, 0, 0, 0,
       0, 0, 0, 0, 0, 0, 0, 0, 0, 0, 0, 0, 0, 0, 0, 0, 0, 0, 0, 0, 0, 0, 0,
       0, 0, 0, 0, 0, 0, 0, 0, 0, 0, 0, 0, 0, 0, 0, 0, 0, 0]), 'sensitivity': array([1, 1, 1, 1, 1, 1, 1, 1, 1, 1, 1, 1, 1, 1, 1, 1, 1, 1, 1, 1, 1, 1, 1,
       1, 1, 1, 1, 1, 1, 1, 1, 1, 1, 1, 1, 1, 1, 1, 1, 1, 1, 1, 1, 1, 1, 1,
       1, 1, 1, 1, 1, 1, 1, 1, 1, 1, 1, 1, 1, 1, 1, 1, 1, 1]), 'tpos': array([5, 5, 5, 5, 5, 5, 5, 5, 5, 5, 5, 5, 5, 5, 5, 5, 5, 5, 5, 5, 5, 5, 5,
       5, 5, 5, 5, 5, 5, 5, 5, 5, 5, 5, 5, 5, 5, 5, 5, 5, 5, 5, 5, 5, 5, 5,
       5, 5, 5, 5, 5, 5, 5, 5, 5, 5, 5, 5, 5, 5, 5, 5, 5, 5])}, {'specificity': array([0.796875, 0.859375, 0.921875, 0.84375, 0.9375, 0.953125, 0.546875,
       0.171875, 0.75, 0.21875, 0.453125, 0.78125, 0.359375, 0.375,
       0.71875, 0.734375, 0.984375, 0.765625, 0.890625, 0.5, 0.6875,
       0.15625, 0.4375, 0.234375, 0.640625, 0.53125, 0.90625, 0.046875,
       0.078125, 0.0625, 0.25, 0.828125, 0.625, 0.390625, 0.484375,
       0.296875, 0.65625, 0.703125, 1.0, 0.96875, 0.515625, 0.8125,
       0.109375, 0.203125, 0.28125, 0.40625, 0.3125, 0.09375, 0.328125,
       0.671875, 0.03125, 0.421875, 0.015625, 0.34375, 0.265625, 0.609375,
       0.1875, 0.875, 0.46875, 0.125, 0.578125, 0.59375, 0.5625, 0.140625]), 'tneg': array([0, 0, 0, 0, 0, 0, 0, 0, 0, 0, 0, 0, 0, 0, 0, 0, 0, 0, 0, 0, 0, 0, 0,
       0, 0, 0, 0, 0, 0, 0, 0, 0, 0, 0, 0, 0, 0, 0, 0, 0, 0, 0, 0, 0, 0, 0,
       0, 0, 0, 0, 0, 0, 0, 0, 0, 0, 0, 0, 0, 0, 0, 0, 0, 0]), 'fpos': array([13, 13, 13, 13, 13, 13, 13, 13, 13, 13, 13, 13, 13, 13, 13, 13, 13,
       13, 13, 13, 13, 13, 13, 13, 13, 13, 13, 13, 13, 13, 13, 13, 13, 13,
       13, 13, 13, 13, 13, 13, 13, 13, 13, 13, 13, 13, 13, 13, 13, 13, 13,
       13, 13, 13, 13, 13, 13, 13, 13, 13, 13, 13, 13, 13]), 'threshold': [0.45811298379999188, 0.53740642117157977, 0.6829681961259122, 0.53652547454391675, 0.71642627600082132, 0.81370666947477566, 0.22998180085216066, 0.08237620204797251, 0.39311563414444983, 0.089979403994111223, 0.18144833076514971, 0.44653656663926966, 0.15219163461484214, 0.16008630749647193, 0.37827757679824858, 0.38913597698808156, 0.94369111400623784, 0.40923781317862207, 0.6206787251933924, 0.20907280934110373, 0.36025403519648647, 0.082322869163707069, 0.16827543941740833, 0.099546565137418885, 0.33788400717534278, 0.22992715944582345, 0.65806582476499742, 0.057168881655343159, 0.062239351482382341, 0.059990059629680452, 0.10442987552178037, 0.46214136477277407, 0.30099879736705842, 0.16040465071009402, 0.19466148865965097, 0.11562530349788745, 0.34144651855819674, 0.36974542471274841, 0.96421973277297923, 0.93835977364929624, 0.21751719069565054, 0.45820930125194836, 0.071082485626049602, 0.089506390075662162, 0.11514992578019766, 0.16424865691675342, 0.13304910424686309, 0.065875540466171986, 0.13688448012033944, 0.35274664318354365, 0.052974097070535783, 0.1669349101885752, 0.044875404579054187, 0.14656502122929005, 0.11345073343437982, 0.28672093903310081, 0.087379662228743243, 0.5540832818547452, 0.18799962151132782, 0.072334160458951052, 0.25407973768327269, 0.267104305817294, 0.23915046788103259, 0.073491016466849399], 'fneg': array([0, 0, 0, 0, 0, 0, 0, 0, 0, 0, 0, 0, 0, 0, 0, 0, 0, 0, 0, 0, 0, 0, 0,
       0, 0, 0, 0, 0, 0, 0, 0, 0, 0, 0, 0, 0, 0, 0, 0, 0, 0, 0, 0, 0, 0, 0,
       0, 0, 0, 0, 0, 0, 0, 0, 0, 0, 0, 0, 0, 0, 0, 0, 0, 0]), 'sensitivity': array([1, 1, 1, 1, 1, 1, 1, 1, 1, 1, 1, 1, 1, 1, 1, 1, 1, 1, 1, 1, 1, 1, 1,
       1, 1, 1, 1, 1, 1, 1, 1, 1, 1, 1, 1, 1, 1, 1, 1, 1, 1, 1, 1, 1, 1, 1,
       1, 1, 1, 1, 1, 1, 1, 1, 1, 1, 1, 1, 1, 1, 1, 1, 1, 1]), 'tpos': array([3, 3, 3, 3, 3, 3, 3, 3, 3, 3, 3, 3, 3, 3, 3, 3, 3, 3, 3, 3, 3, 3, 3,
       3, 3, 3, 3, 3, 3, 3, 3, 3, 3, 3, 3, 3, 3, 3, 3, 3, 3, 3, 3, 3, 3, 3,
       3, 3, 3, 3, 3, 3, 3, 3, 3, 3, 3, 3, 3, 3, 3, 3, 3, 3])}, {'specificity': array([0.828125, 0.734375, 0.890625, 0.84375, 0.9375, 0.296875, 0.203125,
       0.796875, 0.421875, 0.78125, 0.25, 0.09375, 0.8125, 0.765625,
       0.703125, 0.34375, 0.96875, 0.859375, 0.6875, 0.75, 0.140625,
       0.234375, 0.5625, 0.390625, 0.109375, 0.125, 0.515625, 0.15625,
       0.078125, 0.578125, 0.46875, 0.65625, 0.453125, 0.53125, 0.546875,
       0.4375, 0.328125, 0.953125, 1.0, 0.984375, 0.0625, 0.90625,
       0.359375, 0.03125, 0.046875, 0.5, 0.71875, 0.875, 0.1875, 0.375,
       0.640625, 0.28125, 0.015625, 0.484375, 0.609375, 0.625, 0.59375,
       0.40625, 0.3125, 0.671875, 0.265625, 0.921875, 0.171875, 0.21875]), 'tneg': array([11,  9, 11, 11, 12,  3,  2, 10,  6, 10,  3,  1, 11, 10,  6,  3, 12,
       11,  6,  9,  2,  3,  6,  5,  2,  2,  6,  2,  1,  6,  6,  6,  6,  6,
        6,  6,  3, 12, 12, 12,  1, 11,  4,  0,  1,  6,  7, 11,  2,  5,  6,
        3,  0,  6,  6,  6,  6,  6,  3,  6,  3, 12,  2,  2]), 'fpos': array([ 1,  3,  1,  1,  0,  9, 10,  2,  6,  2,  9, 11,  1,  2,  6,  9,  0,
        1,  6,  3, 10,  9,  6,  7, 10, 10,  6, 10, 11,  6,  6,  6,  6,  6,
        6,  6,  9,  0,  0,  0, 11,  1,  8, 12, 11,  6,  5,  1, 10,  7,  6,
        9, 12,  6,  6,  6,  6,  6,  9,  6,  9,  0, 10, 10]), 'threshold': [0.41077034854234629, 0.27573188130103277, 0.55980934242444624, 0.41877123151886719, 0.71916385670668381, 0.11121044338353332, 0.10231953752940788, 0.38319591919477702, 0.13683944240230758, 0.35567603797193226, 0.10859585886388046, 0.088599055204028832, 0.39326055796262599, 0.35243233880099489, 0.24067888741074547, 0.11736762998928724, 0.8648575053902392, 0.47368419529717842, 0.23424786344002901, 0.30510477226603977, 0.095961272348470003, 0.10790466325883366, 0.18171604536210956, 0.12824623781037417, 0.09317968362426414, 0.09459750615168741, 0.17382730012562928, 0.097953829453639479, 0.085935638521259405, 0.1900557335178856, 0.15053716239029014, 0.21420246718942979, 0.14656858651314389, 0.17852550393225861, 0.1799370837067856, 0.14380085136881574, 0.11571637654850432, 0.7538635019720793, 0.90592917474756363, 0.87740859843119889, 0.085658554976725976, 0.56337721487740222, 0.12080211599316781, 0.0794932562845935, 0.084659553983970945, 0.16408472542487201, 0.25758483839526725, 0.50359865099636636, 0.099374408405373121, 0.12717848227425388, 0.213103062603754, 0.11005103134195304, 0.075133004677944148, 0.15395902296803321, 0.19670970972155405, 0.20568426914943264, 0.19051123880896947, 0.13124373800513137, 0.1144221304471799, 0.21431462253751696, 0.10881149568149871, 0.70085248026454006, 0.098035098978221658, 0.1037599396256601], 'fneg': array([3, 2, 3, 3, 3, 2, 2, 3, 2, 2, 2, 0, 3, 2, 2, 2, 4, 3, 2, 2, 0, 2, 2,
       2, 0, 0, 2, 2, 0, 2, 2, 2, 2, 2, 2, 2, 2, 3, 4, 4, 0, 3, 2, 0, 0, 2,
       2, 3, 2, 2, 2, 2, 0, 2, 2, 2, 2, 2, 2, 2, 2, 3, 2, 2]), 'sensitivity': array([1, 1, 1, 1, 1, 1, 1, 1, 1, 1, 1, 1, 1, 1, 1, 1, 1, 1, 1, 1, 1, 1, 1,
       1, 1, 1, 1, 1, 1, 1, 1, 1, 1, 1, 1, 1, 1, 1, 1, 1, 1, 1, 1, 1, 1, 1,
       1, 1, 1, 1, 1, 1, 1, 1, 1, 1, 1, 1, 1, 1, 1, 1, 1, 1]), 'tpos': array([1, 2, 1, 1, 1, 2, 2, 1, 2, 2, 2, 4, 1, 2, 2, 2, 0, 1, 2, 2, 4, 2, 2,
       2, 4, 4, 2, 2, 4, 2, 2, 2, 2, 2, 2, 2, 2, 1, 0, 0, 4, 1, 2, 4, 4, 2,
       2, 1, 2, 2, 2, 2, 4, 2, 2, 2, 2, 2, 2, 2, 2, 1, 2, 2])}, {'specificity': array([0.49230769, 0.83076923, 0.96923077, 0.95384615, 0.4, 0.23076923,
       0.16923077, 0.8, 0.38461538, 0.36923077, 0.70769231, 0.73846154,
       0.72307692, 0.63076923, 0.84615385, 0.58461538, 0.98461538,
       0.87692308, 0.29230769, 0.26153846, 0.47692308, 0.2, 0.046153846,
       0.66153846, 0.50769231, 0.90769231, 0.015384615, 0.030769231,
       0.35384615, 0.41538462, 0.44615385, 0.32307692, 0.076923077,
       0.52307692, 0.56923077, 0.78461538, 0.93846154, 1.0, 0.75384615,
       0.86153846, 0.18461538, 0.12307692, 0.24615385, 0.33846154,
       0.46153846, 0.30769231, 0.55384615, 0.89230769, 0.21538462,
       0.67692308, 0.61538462, 0.27692308, 0.15384615, 0.061538462,
       0.64615385, 0.092307692, 0.53846154, 0.76923077, 0.10769231, 0.6,
       0.81538462, 0.92307692, 0.69230769, 0.43076923, 0.13846154]), 'tneg': array([ 6,  8, 11, 11,  6,  4,  4,  8,  5,  5,  7,  7,  7,  6,  8,  6, 11,
        9,  5,  4,  6,  4,  1,  7,  6, 10,  0,  1,  5,  6,  6,  5,  1,  6,
        6,  7, 10, 11,  7,  9,  4,  2,  4,  5,  6,  5,  6,  9,  4,  7,  6,
        5,  3,  1,  6,  2,  6,  7,  2,  6,  8, 10,  7,  6,  3]), 'fpos': array([ 5,  3,  0,  0,  5,  7,  7,  3,  6,  6,  4,  4,  4,  5,  3,  5,  0,
        2,  6,  7,  5,  7, 10,  4,  5,  1, 11, 10,  6,  5,  5,  6, 10,  5,
        5,  4,  1,  0,  4,  2,  7,  9,  7,  6,  5,  6,  5,  2,  7,  4,  5,
        6,  8, 10,  5,  9,  5,  4,  9,  5,  3,  1,  4,  5,  8]), 'threshold': [0.19709824781560065, 0.40223785864351275, 0.74133190996473364, 0.72722211610734988, 0.16777263321048275, 0.11640780827714652, 0.10657778727548152, 0.37414427876153955, 0.16265779535711514, 0.14898811375370422, 0.29400000115934416, 0.31374311669887628, 0.29687377372093915, 0.25728484558644504, 0.4033868111438022, 0.2262304083558225, 0.75295139933190736, 0.47472269716051252, 0.12960591946187075, 0.12019876392760093, 0.18837371797789637, 0.11415237225747503, 0.070165715824933958, 0.27627753602462374, 0.20141113667251165, 0.59361642110234414, 0.056832126599398673, 0.069127702127611698, 0.14059245949918153, 0.16778895909695138, 0.17540913085056373, 0.13161372413512329, 0.075541642462312347, 0.20198906453537696, 0.22359838186281117, 0.34653983359392737, 0.6337277329573906, 0.9076400817200625, 0.31913408506152918, 0.46986621614533736, 0.11251767396365875, 0.096982359233622056, 0.12002312818575517, 0.13798541261491115, 0.17757037195311318, 0.13104040710432841, 0.22048141938453422, 0.4879569994651986, 0.11546383395634779, 0.28081977212385295, 0.23913383877072494, 0.12883252624403035, 0.10424492333757275, 0.070939948418704088, 0.26315111781738343, 0.091042440543299019, 0.22026210683068898, 0.32337285429787643, 0.095975652780909859, 0.23079233336640509, 0.38559061864801053, 0.61423526792420635, 0.28150785498784925, 0.1718872642491219, 0.10152491680727691], 'fneg': array([0, 3, 3, 3, 0, 0, 0, 3, 0, 0, 1, 2, 1, 1, 3, 0, 3, 3, 0, 0, 0, 0, 0,
       1, 0, 3, 0, 0, 0, 0, 0, 0, 0, 0, 0, 2, 3, 4, 2, 3, 0, 0, 0, 0, 0, 0,
       0, 3, 0, 1, 0, 0, 0, 0, 1, 0, 0, 2, 0, 0, 3, 3, 1, 0, 0]), 'sensitivity': array([1, 1, 1, 1, 1, 1, 1, 1, 1, 1, 1, 1, 1, 1, 1, 1, 1, 1, 1, 1, 1, 1, 1,
       1, 1, 1, 1, 1, 1, 1, 1, 1, 1, 1, 1, 1, 1, 1, 1, 1, 1, 1, 1, 1, 1, 1,
       1, 1, 1, 1, 1, 1, 1, 1, 1, 1, 1, 1, 1, 1, 1, 1, 1, 1, 1]), 'tpos': array([4, 1, 1, 1, 4, 4, 4, 1, 4, 4, 3, 2, 3, 3, 1, 4, 1, 1, 4, 4, 4, 4, 4,
       3, 4, 1, 4, 4, 4, 4, 4, 4, 4, 4, 4, 2, 1, 0, 2, 1, 4, 4, 4, 4, 4, 4,
       4, 1, 4, 3, 4, 4, 4, 4, 3, 4, 4, 2, 4, 4, 1, 1, 3, 4, 4])}], <Model object at 0x0000000000000A34>)
