#gbm
([{'specificity': array([0.59183673, 0.44897959, 0.42857143, 0.73469388, 0.97959184,
       0.89795918, 0.71428571, 0.55102041, 0.32653061, 0.28571429,
       0.34693878, 0.79591837, 0.48979592, 0.020408163, 0.06122449,
       0.16326531, 0.95918367, 0.30612245, 0.67346939, 0.14285714,
       0.18367347, 0.87755102, 0.93877551, 1.0, 0.6122449, 0.040816327,
       0.40816327, 0.75510204, 0.081632653, 0.3877551, 0.63265306,
       0.46938776, 0.26530612, 0.20408163, 0.81632653, 0.83673469,
       0.10204082, 0.65306122, 0.12244898, 0.91836735, 0.53061224,
       0.51020408, 0.7755102, 0.57142857, 0.69387755, 0.85714286,
       0.24489796, 0.36734694, 0.2244898]), 'tneg': array([ 3,  3,  3,  4, 10,  7,  3,  3,  3,  3,  3,  5,  3,  1,  1,  3, 10,
        3,  3,  3,  3,  6,  8, 11,  3,  1,  3,  5,  1,  3,  3,  3,  3,  3,
        5,  6,  1,  3,  3,  8,  3,  3,  5,  3,  3,  6,  3,  3,  3]), 'fpos': array([ 9,  9,  9,  8,  2,  5,  9,  9,  9,  9,  9,  7,  9, 11, 11,  9,  2,
        9,  9,  9,  9,  6,  4,  1,  9, 11,  9,  7, 11,  9,  9,  9,  9,  9,
        7,  6, 11,  9,  9,  4,  9,  9,  7,  9,  9,  6,  9,  9,  9]), 'threshold': [-1.6037267199003187, -1.6962873723764773, -1.7015787182905537, -1.448133107344308, -0.4001916400362483, -1.0779714515348762, -1.4628528748067231, -1.6660064549459865, -1.7620665702987277, -1.7763541255620545, -1.7616343046927265, -1.3589124349859034, -1.6911465566918877, -1.9090153171425248, -1.8501115828743227, -1.8011112614730704, -0.69564861830682534, -1.7745581640542893, -1.5234991722837568, -1.8036607678388248, -1.7904030538411042, -1.2632787204434239, -1.01409509969972, 0.039191429706607044, -1.5650127622127477, -1.8580433434830561, -1.7125648031451519, -1.3760907350235494, -1.8390728775601595, -1.7359890405232568, -1.543801318353301, -1.6933238483946242, -1.7768845784655196, -1.7899323732651249, -1.3255772241324377, -1.3117336677128804, -1.8379272001689997, -1.5366704767235517, -1.8173585654964486, -1.0216233756524593, -1.681842207497285, -1.6898757406654155, -1.3598281475661471, -1.6527899186590789, -1.4838024879714848, -1.2696832902133961, -1.7783780746425435, -1.7477345636508241, -1.7825419361133275], 'fneg': array([2, 1, 1, 2, 3, 2, 2, 2, 0, 0, 0, 2, 1, 0, 0, 0, 3, 0, 2, 0, 0, 2, 2,
       4, 2, 0, 1, 2, 0, 1, 2, 1, 0, 0, 2, 2, 0, 2, 0, 2, 2, 1, 2, 2, 2, 2,
       0, 0, 0]), 'sensitivity': array([1.0, 1.0, 1.0, 1.0, 0.76923077, 1.0, 1.0, 1.0, 1.0, 1.0, 1.0, 1.0,
       1.0, 1.0, 1.0, 1.0, 0.92307692, 1.0, 1.0, 1.0, 1.0, 1.0, 1.0,
       0.53846154, 1.0, 1.0, 1.0, 1.0, 1.0, 1.0, 1.0, 1.0, 1.0, 1.0, 1.0,
       1.0, 1.0, 1.0, 1.0, 1.0, 1.0, 1.0, 1.0, 1.0, 1.0, 1.0, 1.0, 1.0, 1.0]), 'tpos': array([3, 4, 4, 3, 2, 3, 3, 3, 5, 5, 5, 3, 4, 5, 5, 5, 2, 5, 3, 5, 5, 3, 3,
       1, 3, 5, 4, 3, 5, 4, 3, 4, 5, 5, 3, 3, 5, 3, 5, 3, 3, 4, 3, 3, 3, 3,
       5, 5, 5])}, {'specificity': array([0.75, 0.625, 0.58333333, 0.10416667, 0.66666667, 0.6875, 0.91666667,
       0.97916667, 1.0, 0.89583333, 0.45833333, 0.5625, 0.875, 0.60416667,
       0.54166667, 0.020833333, 0.16666667, 0.41666667, 0.4375, 0.8125,
       0.3125, 0.27083333, 0.95833333, 0.5, 0.70833333, 0.041666667,
       0.083333333, 0.20833333, 0.35416667, 0.39583333, 0.125, 0.0625,
       0.72916667, 0.25, 0.1875, 0.79166667, 0.47916667, 0.29166667,
       0.85416667, 0.14583333, 0.83333333, 0.52083333, 0.77083333,
       0.64583333, 0.375, 0.9375, 0.22916667, 0.33333333]), 'tneg': array([ 6,  4,  4,  1,  4,  4,  8, 11, 11,  8,  2,  4,  8,  4,  4,  1,  1,
        2,  2,  8,  1,  1,  9,  3,  5,  1,  1,  1,  1,  1,  1,  1,  5,  1,
        1,  8,  2,  1,  8,  1,  8,  4,  6,  4,  1,  9,  1,  1]), 'fpos': array([ 7,  9,  9, 12,  9,  9,  5,  2,  2,  5, 11,  9,  5,  9,  9, 12, 12,
       11, 11,  5, 12, 12,  4, 10,  8, 12, 12, 12, 12, 12, 12, 12,  8, 12,
       12,  5, 11, 12,  5, 12,  5,  9,  7,  9, 12,  4, 12, 12]), 'threshold': [-1.5017478690498824, -1.6683729649917203, -1.691520224170548, -2.0288880376036205, -1.6413448817824332, -1.6348665817069763, -1.2468299233892408, -0.54541966681143494, -0.41997262998458729, -1.3573010277078226, -1.7636282692028065, -1.7270129169637152, -1.3682016160564716, -1.6841610326203971, -1.7272553082823388, -2.0699434983488154, -2.0112933203243775, -1.8012548767163579, -1.7817633323792448, -1.42808967815909, -1.9323881118190485, -1.959481716828009, -0.9538882739126725, -1.7505700169452556, -1.5184059026643975, -2.0689713691403666, -2.0404480273795365, -1.9980932425182922, -1.90333605418434, -1.8699178549322235, -2.0213373457805508, -2.0601480642639705, -1.5090352141506918, -1.9888508594785828, -2.0098871712935762, -1.4527273092434079, -1.7603254132686526, -1.9521740442094409, -1.375794958180069, -2.0125547707551177, -1.3870255299991463, -1.7321182242179385, -1.473688915185392, -1.6465439730045113, -1.8835848303793994, -1.1641350639268742, -1.9937389722686589, -1.9214565948027349], 'fneg': array([1, 1, 1, 0, 1, 1, 2, 2, 2, 2, 1, 1, 2, 1, 1, 0, 0, 1, 1, 1, 0, 0, 2,
       1, 1, 0, 0, 0, 0, 0, 0, 0, 1, 0, 0, 1, 1, 0, 1, 0, 1, 1, 1, 1, 0, 2,
       0, 0]), 'sensitivity': array([1.0, 1.0, 1.0, 1.0, 1.0, 1.0, 1.0, 0.93333333, 0.86666667, 1.0, 1.0,
       1.0, 1.0, 1.0, 1.0, 1.0, 1.0, 1.0, 1.0, 1.0, 1.0, 1.0, 1.0, 1.0,
       1.0, 1.0, 1.0, 1.0, 1.0, 1.0, 1.0, 1.0, 1.0, 1.0, 1.0, 1.0, 1.0,
       1.0, 1.0, 1.0, 1.0, 1.0, 1.0, 1.0, 1.0, 1.0, 1.0, 1.0]), 'tpos': array([2, 2, 2, 3, 2, 2, 1, 1, 1, 1, 2, 2, 1, 2, 2, 3, 3, 2, 2, 2, 3, 3, 1,
       2, 2, 3, 3, 3, 3, 3, 3, 3, 2, 3, 3, 2, 2, 3, 2, 3, 2, 2, 2, 2, 3, 1,
       3, 3])}, {'specificity': array([0.41666667, 0.75, 0.83333333, 0.64583333, 0.85416667, 0.8125,
       0.95833333, 0.97916667, 0.45833333, 0.625, 0.60416667, 0.375, 0.5,
       0.5625, 0.20833333, 0.91666667, 0.33333333, 0.6875, 0.58333333,
       0.020833333, 0.70833333, 0.66666667, 0.9375, 1.0, 0.54166667,
       0.041666667, 0.27083333, 0.0625, 0.125, 0.1875, 0.39583333, 0.3125,
       0.083333333, 0.89583333, 0.77083333, 0.16666667, 0.52083333,
       0.29166667, 0.72916667, 0.35416667, 0.10416667, 0.25, 0.14583333,
       0.4375, 0.79166667, 0.875, 0.47916667, 0.22916667]), 'tneg': array([ 4,  9,  9,  8,  9,  9, 12, 13,  6,  8,  8,  3,  6,  6,  1, 11,  3,
        8,  8,  0,  9,  8, 11, 13,  6,  0,  3,  0,  1,  1,  3,  3,  0,  9,
        9,  1,  6,  3,  9,  3,  0,  2,  1,  4,  9,  9,  6,  2]), 'fpos': array([ 9,  4,  4,  5,  4,  4,  1,  0,  7,  5,  5, 10,  7,  7, 12,  2, 10,
        5,  5, 13,  4,  5,  2,  0,  7, 13, 10, 13, 12, 12, 10, 10, 13,  4,
        4, 12,  7, 10,  4, 10, 13, 11, 12,  9,  4,  4,  7, 11]), 'threshold': [-1.0947265243382165, -0.93383639477301172, -0.81560738421983814, -1.0027467444275704, -0.79703866136222568, -0.85132897438347843, -0.6038565719058262, -0.42263491621992316, -1.0809635235665529, -1.0053293574132034, -1.0059786536112663, -1.1049371345051231, -1.07620071605438, -1.0692126774135391, -1.1899456548843812, -0.6686153451427802, -1.139199394862821, -1.0022774455679444, -1.0207430248462712, -1.2377934291111, -0.95418938166888068, -1.0027116445657407, -0.66018086556559652, -0.06643473173978845, -1.0716803947081126, -1.2295143229670336, -1.1644933657077519, -1.2285960336888737, -1.203387223364357, -1.1905085375077513, -1.1044680794973385, -1.1444951608115015, -1.2254920063791812, -0.74746612179943739, -0.91777783618891962, -1.1935213735063659, -1.0748540504719775, -1.1637869044236027, -0.95032654123554, -1.1081218212408164, -1.2250933530156272, -1.1787539696953469, -1.1943355421293969, -1.091499683705786, -0.893526954903291, -0.78000752038089316, -1.0789193685504224, -1.1810085594778639], 'fneg': array([1, 1, 1, 1, 1, 1, 1, 1, 1, 1, 1, 1, 1, 1, 0, 1, 0, 1, 1, 0, 1, 1, 1,
       2, 1, 0, 0, 0, 0, 0, 1, 0, 0, 1, 1, 0, 1, 0, 1, 1, 0, 0, 0, 1, 1, 1,
       1, 0]), 'sensitivity': array([1.0, 1.0, 1.0, 1.0, 1.0, 1.0, 1.0, 0.875, 1.0, 1.0, 1.0, 1.0, 1.0,
       1.0, 1.0, 1.0, 1.0, 1.0, 1.0, 1.0, 1.0, 1.0, 1.0, 0.4375, 1.0, 1.0,
       1.0, 1.0, 1.0, 1.0, 1.0, 1.0, 1.0, 1.0, 1.0, 1.0, 1.0, 1.0, 1.0,
       1.0, 1.0, 1.0, 1.0, 1.0, 1.0, 1.0, 1.0, 1.0]), 'tpos': array([1, 1, 1, 1, 1, 1, 1, 1, 1, 1, 1, 1, 1, 1, 2, 1, 2, 1, 1, 2, 1, 1, 1,
       0, 1, 2, 2, 2, 2, 2, 1, 2, 2, 1, 1, 2, 1, 2, 1, 1, 2, 2, 2, 1, 1, 1,
       1, 2])}, {'specificity': array([0.63265306, 0.44897959, 0.91836735, 0.69387755, 0.87755102,
       0.93877551, 0.89795918, 0.32653061, 0.40816327, 0.7755102,
       0.71428571, 0.65306122, 0.73469388, 0.2244898, 0.081632653,
       0.79591837, 0.95918367, 0.51020408, 0.85714286, 0.42857143,
       0.12244898, 0.67346939, 0.53061224, 1.0, 0.34693878, 0.48979592,
       0.020408163, 0.06122449, 0.10204082, 0.040816327, 0.83673469,
       0.46938776, 0.26530612, 0.3877551, 0.57142857, 0.14285714,
       0.30612245, 0.97959184, 0.16326531, 0.75510204, 0.28571429,
       0.24489796, 0.55102041, 0.59183673, 0.6122449, 0.81632653,
       0.18367347, 0.36734694, 0.20408163]), 'tneg': array([ 3,  1, 10,  5,  8, 10, 10,  1,  1,  7,  6,  5,  6,  1,  1,  7, 10,
        2,  7,  1,  1,  5,  2, 12,  1,  2,  0,  0,  1,  0,  7,  2,  1,  1,
        2,  1,  1, 10,  1,  7,  1,  1,  2,  2,  3,  7,  1,  1,  1]), 'fpos': array([ 9, 11,  2,  7,  4,  2,  2, 11, 11,  5,  6,  7,  6, 11, 11,  5,  2,
       10,  5, 11, 11,  7, 10,  0, 11, 10, 12, 12, 11, 12,  5, 10, 11, 11,
       10, 11, 11,  2, 11,  5, 11, 11, 10, 10,  9,  5, 11, 11, 11]), 'threshold': [-1.0093079869715083, -1.0413337288126119, -0.74639151016527094, -0.98357217693572174, -0.84586355174794992, -0.67793410654799213, -0.81415327877611665, -1.0840463419779769, -1.0471248950159491, -0.93622087838549028, -0.95971666317330806, -0.98602828943558052, -0.95526457264334086, -1.109136734718305, -1.1611840111156708, -0.93540712990211039, -0.64217508960600633, -1.0266036799249958, -0.88601098526304212, -1.0415748591302114, -1.1446732671312234, -0.983692889371521, -1.0255024137455817, -0.44161946167345661, -1.0791451106018541, -1.0335379645620124, -1.1710632020755136, -1.1638732510116228, -1.1470009526029963, -1.1709967485188695, -0.92100328894110128, -1.0382503197124386, -1.1024469525431873, -1.0501587647894788, -1.0175535522379093, -1.1385491994565289, -1.087303382911998, -0.63877337384050092, -1.1146611620468876, -0.94405843314339943, -1.0887300643086804, -1.1087105555242773, -1.0239263842761506, -1.0159013048579466, -1.0095265864935297, -0.92986690370477354, -1.1113445300673268, -1.0580978557493415, -1.109662828745428], 'fneg': array([0, 0, 2, 0, 0, 2, 0, 0, 0, 0, 0, 0, 0, 0, 0, 0, 2, 0, 0, 0, 0, 0, 0,
       4, 0, 0, 0, 0, 0, 0, 0, 0, 0, 0, 0, 0, 0, 2, 0, 0, 0, 0, 0, 0, 0, 0,
       0, 0, 0]), 'sensitivity': array([1.0, 1.0, 1.0, 1.0, 1.0, 0.92857143, 1.0, 1.0, 1.0, 1.0, 1.0, 1.0,
       1.0, 1.0, 1.0, 1.0, 0.85714286, 1.0, 1.0, 1.0, 1.0, 1.0, 1.0, 0.5,
       1.0, 1.0, 1.0, 1.0, 1.0, 1.0, 1.0, 1.0, 1.0, 1.0, 1.0, 1.0, 1.0,
       0.85714286, 1.0, 1.0, 1.0, 1.0, 1.0, 1.0, 1.0, 1.0, 1.0, 1.0, 1.0]), 'tpos': array([4, 4, 2, 4, 4, 2, 4, 4, 4, 4, 4, 4, 4, 4, 4, 4, 2, 4, 4, 4, 4, 4, 4,
       0, 4, 4, 4, 4, 4, 4, 4, 4, 4, 4, 4, 4, 4, 2, 4, 4, 4, 4, 4, 4, 4, 4,
       4, 4, 4])}, {'specificity': array([0.34, 0.62, 0.22, 0.78, 0.94, 0.76, 0.96, 0.84, 0.42, 0.7, 0.66,
       0.48, 0.56, 0.54, 0.74, 0.38, 0.06, 0.14, 0.4, 0.98, 0.16, 0.72,
       0.5, 0.92, 1.0, 0.18, 0.44, 0.12, 0.02, 0.08, 0.2, 0.68, 0.26, 0.58,
       0.52, 0.64, 0.36, 0.88, 0.3, 0.82, 0.9, 0.32, 0.1, 0.6, 0.46, 0.86,
       0.24, 0.8, 0.04, 0.28]), 'tneg': array([ 4,  7,  3,  8,  9,  8,  9,  8,  5,  7,  7,  5,  6,  6,  8,  5,  0,
        0,  5,  9,  1,  7,  5,  9, 10,  3,  5,  0,  0,  0,  3,  7,  4,  6,
        6,  7,  5,  8,  4,  8,  9,  4,  0,  6,  5,  8,  4,  8,  0,  4]), 'fpos': array([ 7,  4,  8,  3,  2,  3,  2,  3,  6,  4,  4,  6,  5,  5,  3,  6, 11,
       11,  6,  2, 10,  4,  6,  2,  1,  8,  6, 11, 11, 11,  8,  4,  7,  5,
        5,  4,  6,  3,  7,  3,  2,  7, 11,  5,  6,  3,  7,  3, 11,  7]), 'threshold': [-1.4902595599629893, -1.2802187931763749, -1.5242251833269591, -1.187192991436675, -0.79289287477736237, -1.1882977907750223, -0.636244628997543, -1.1661220764543179, -1.4352942625012146, -1.2322332025879614, -1.2491539295445777, -1.4255912888792588, -1.3325355554635672, -1.3328409099261782, -1.197217366949386, -1.4661982628638155, -1.6204267815098292, -1.5833244025533393, -1.4451643693114922, -0.555535611389109, -1.5704145843066035, -1.2035293065730701, -1.4227543721361897, -0.93943990226417207, 0.17479575925405586, -1.5517282372466925, -1.4328807612067789, -1.595250433462962, -1.6417062709733252, -1.6203983164527724, -1.5499850475343135, -1.2376123857900467, -1.5110639737120049, -1.321866031094656, -1.3691371427007646, -1.271836373421654, -1.4698323648084481, -1.1191799917552345, -1.4976426230623434, -1.1745825742077418, -1.0279190449915294, -1.4929030737823033, -1.5976208933839662, -1.2841663642544243, -1.429923853788716, -1.1294507074217992, -1.5195851430763738, -1.1832788984155391, -1.6331937169062105, -1.5072207103714068], 'fneg': array([0, 0, 0, 1, 2, 1, 2, 1, 0, 0, 0, 0, 0, 0, 1, 0, 0, 0, 0, 2, 0, 1, 0,
       1, 3, 0, 0, 0, 0, 0, 0, 0, 0, 0, 0, 0, 0, 1, 0, 1, 1, 0, 0, 0, 0, 1,
       0, 1, 0, 0]), 'sensitivity': array([1.0, 1.0, 1.0, 1.0, 0.92857143, 1.0, 0.85714286, 1.0, 1.0, 1.0, 1.0,
       1.0, 1.0, 1.0, 1.0, 1.0, 1.0, 1.0, 1.0, 0.85714286, 1.0, 1.0, 1.0,
       1.0, 0.5, 1.0, 1.0, 1.0, 1.0, 1.0, 1.0, 1.0, 1.0, 1.0, 1.0, 1.0,
       1.0, 1.0, 1.0, 1.0, 1.0, 1.0, 1.0, 1.0, 1.0, 1.0, 1.0, 1.0, 1.0, 1.0]), 'tpos': array([4, 4, 4, 3, 2, 3, 2, 3, 4, 4, 4, 4, 4, 4, 3, 4, 4, 4, 4, 2, 4, 3, 4,
       3, 1, 4, 4, 4, 4, 4, 4, 4, 4, 4, 4, 4, 4, 3, 4, 3, 3, 4, 4, 4, 4, 3,
       4, 3, 4, 4])}], <Model object at 0x00000000000003DC>)
#gbm
([{'specificity': array([1.0, 0.19148936, 0.46808511, 0.80851064, 0.89361702, 0.95744681,
       0.85106383, 0.4893617, 0.14893617, 0.23404255, 0.5106383, 0.9787234,
       0.34042553, 0.042553191, 0.76595745, 0.82978723, 0.68085106,
       0.21276596, 0.65957447, 0.87234043, 0.27659574, 0.44680851,
       0.72340426, 0.063829787, 0.10638298, 0.17021277, 0.36170213,
       0.38297872, 0.55319149, 0.91489362, 0.78723404, 0.31914894,
       0.25531915, 0.57446809, 0.42553191, 0.40425532, 0.70212766,
       0.29787234, 0.59574468, 0.085106383, 0.61702128, 0.74468085,
       0.63829787, 0.93617021, 0.021276596, 0.53191489, 0.12765957]), 'tneg': array([11,  1,  3,  8, 10, 11,  9,  3,  1,  1,  4, 11,  2,  1,  7,  9,  6,
        1,  6,  9,  1,  3,  7,  1,  1,  1,  2,  3,  4, 11,  8,  2,  1,  4,
        3,  3,  7,  2,  4,  1,  4,  7,  4, 11,  1,  4,  1]), 'fpos': array([ 1, 11,  9,  4,  2,  1,  3,  9, 11, 11,  8,  1, 10, 11,  5,  3,  6,
       11,  6,  3, 11,  9,  5, 11, 11, 11, 10,  9,  8,  1,  4, 10, 11,  8,
        9,  9,  5, 10,  8, 11,  8,  5,  8,  1, 11,  8, 11]), 'threshold': [-0.42960054346747734, -1.268836197919168, -1.1603913316506702, -0.95985084353004346, -0.83271700323667419, -0.67810312442038767, -0.8920681533778495, -1.15988639793564, -1.2713442476616894, -1.2584500758180657, -1.1502926803361917, -0.58273809508340058, -1.1899127085136856, -1.3608752364023391, -1.0549665041411287, -0.92364416105303548, -1.0822641606541326, -1.266450190870642, -1.0905098097801123, -0.859925770787016, -1.2371651046353904, -1.1610713268576256, -1.070185110935107, -1.2894841979375775, -1.2790978855795741, -1.2694796422793537, -1.1889560301860136, -1.1820302020201663, -1.1274189294777721, -0.81216212959845135, -1.0129408354382548, -1.1976031231892255, -1.2472614887323033, -1.1214483669478856, -1.1671167497766355, -1.1761347720163449, -1.0766969986373562, -1.2205753133424813, -1.11143377873165, -1.2802304348305924, -1.1101441498774443, -1.0677984526561777, -1.10336796762198, -0.725906871192548, -1.3655634455737156, -1.1326662471520324, -1.27347232838388], 'fneg': array([1, 0, 0, 0, 0, 0, 0, 0, 0, 0, 0, 0, 0, 0, 0, 0, 0, 0, 0, 0, 0, 0, 0,
       0, 0, 0, 0, 0, 0, 0, 0, 0, 0, 0, 0, 0, 0, 0, 0, 0, 0, 0, 0, 0, 0, 0,
       0]), 'sensitivity': array([0.8125, 1.0, 1.0, 1.0, 1.0, 1.0, 1.0, 1.0, 1.0, 1.0, 1.0, 0.9375,
       1.0, 1.0, 1.0, 1.0, 1.0, 1.0, 1.0, 1.0, 1.0, 1.0, 1.0, 1.0, 1.0,
       1.0, 1.0, 1.0, 1.0, 1.0, 1.0, 1.0, 1.0, 1.0, 1.0, 1.0, 1.0, 1.0,
       1.0, 1.0, 1.0, 1.0, 1.0, 1.0, 1.0, 1.0, 1.0]), 'tpos': array([4, 5, 5, 5, 5, 5, 5, 5, 5, 5, 5, 5, 5, 5, 5, 5, 5, 5, 5, 5, 5, 5, 5,
       5, 5, 5, 5, 5, 5, 5, 5, 5, 5, 5, 5, 5, 5, 5, 5, 5, 5, 5, 5, 5, 5, 5,
       5])}, {'specificity': array([1.0, 0.16, 0.82, 0.4, 0.8, 0.74, 0.92, 0.96, 0.9, 0.78, 0.3, 0.5,
       0.88, 0.66, 0.46, 0.04, 0.7, 0.12, 0.76, 0.56, 0.36, 0.18, 0.98,
       0.86, 0.52, 0.22, 0.26, 0.28, 0.54, 0.02, 0.38, 0.06, 0.42, 0.72,
       0.44, 0.58, 0.08, 0.62, 0.2, 0.84, 0.48, 0.34, 0.1, 0.14, 0.32,
       0.64, 0.6, 0.94, 0.68, 0.24]), 'tneg': array([9, 2, 7, 4, 7, 6, 9, 9, 7, 6, 4, 5, 7, 6, 5, 2, 6, 2, 6, 5, 4, 2, 9,
       7, 5, 3, 4, 4, 5, 1, 4, 2, 5, 6, 5, 5, 2, 5, 3, 7, 5, 4, 2, 2, 4, 6,
       5, 9, 6, 4]), 'fpos': array([0, 7, 2, 5, 2, 3, 0, 0, 2, 3, 5, 4, 2, 3, 4, 7, 3, 7, 3, 4, 5, 7, 0,
       2, 4, 6, 5, 5, 4, 8, 5, 7, 4, 3, 4, 4, 7, 4, 6, 2, 4, 5, 7, 7, 5, 3,
       4, 0, 3, 5]), 'threshold': [-0.5577401236818198, -2.0996785176598625, -1.5755084759212679, -1.9913467863786571, -1.6594583947769057, -1.7356041962297282, -0.965550058279215, -0.74324015076263994, -1.3499026418351414, -1.6880428411222432, -2.0374733099848563, -1.9254664094449114, -1.4636828190360987, -1.7992829606200411, -1.9340876225064212, -2.183524620330521, -1.7705161677339472, -2.1372048143659579, -1.7039539959428436, -1.8855776870772723, -2.0082162224188251, -2.0977188328604819, -0.64530866085035277, -1.5599370924101226, -1.9223660310288915, -2.0873172678970309, -2.0539127602100908, -2.0503512696027992, -1.8942584432680409, -2.2132679239018005, -2.0081077394035645, -2.1472128976521492, -1.9633521327423884, -1.763093123115226, -1.9600775455486259, -1.885564283394972, -2.1439053920305295, -1.8510131339589453, -2.0911489108858863, -1.561918879059212, -1.9325129191159822, -2.0224581960980097, -2.1435381219764289, -2.12539570878372, -2.0369500023687039, -1.8075254162975183, -1.8618866863921841, -0.80584751015740119, -1.7915214661837777, -2.06463122962442], 'fneg': array([5, 0, 4, 0, 4, 3, 4, 5, 4, 4, 0, 1, 4, 3, 1, 0, 3, 0, 3, 1, 0, 0, 5,
       4, 1, 0, 0, 0, 1, 0, 0, 0, 1, 3, 1, 1, 0, 2, 0, 4, 1, 0, 0, 0, 0, 3,
       2, 4, 3, 0]), 'sensitivity': array([0.92857143, 1.0, 1.0, 1.0, 1.0, 1.0, 1.0, 0.92857143, 1.0, 1.0, 1.0,
       1.0, 1.0, 1.0, 1.0, 1.0, 1.0, 1.0, 1.0, 1.0, 1.0, 1.0, 0.92857143,
       1.0, 1.0, 1.0, 1.0, 1.0, 1.0, 1.0, 1.0, 1.0, 1.0, 1.0, 1.0, 1.0,
       1.0, 1.0, 1.0, 1.0, 1.0, 1.0, 1.0, 1.0, 1.0, 1.0, 1.0, 1.0, 1.0, 1.0]), 'tpos': array([2, 7, 3, 7, 3, 4, 3, 2, 3, 3, 7, 6, 3, 4, 6, 7, 4, 7, 4, 6, 7, 7, 2,
       3, 6, 7, 7, 7, 6, 7, 7, 7, 6, 4, 6, 6, 7, 5, 7, 3, 6, 7, 7, 7, 7, 4,
       5, 3, 4, 7])}, {'specificity': array([1.0, 0.14893617, 0.70212766, 0.80851064, 0.9787234, 0.85106383,
       0.65957447, 0.27659574, 0.68085106, 0.57446809, 0.042553191,
       0.91489362, 0.87234043, 0.76595745, 0.74468085, 0.82978723,
       0.42553191, 0.93617021, 0.72340426, 0.085106383, 0.29787234,
       0.23404255, 0.12765957, 0.17021277, 0.61702128, 0.59574468,
       0.25531915, 0.36170213, 0.89361702, 0.19148936, 0.78723404,
       0.34042553, 0.53191489, 0.40425532, 0.063829787, 0.38297872,
       0.46808511, 0.31914894, 0.44680851, 0.4893617, 0.10638298,
       0.63829787, 0.55319149, 0.95744681, 0.021276596, 0.5106383,
       0.21276596]), 'tneg': array([11,  1,  7,  9, 11, 10,  6,  1,  6,  3,  0, 10, 10,  7,  7, 10,  2,
       10,  7,  0,  1,  1,  1,  1,  4,  4,  1,  1, 10,  1,  8,  1,  3,  1,
        0,  1,  2,  1,  2,  2,  0,  4,  3, 10,  0,  2,  1]), 'fpos': array([ 1, 11,  5,  3,  1,  2,  6, 11,  6,  9, 12,  2,  2,  5,  5,  2, 10,
        2,  5, 12, 11, 11, 11, 11,  8,  8, 11, 11,  2, 11,  4, 11,  9, 11,
       12, 11, 10, 11, 10, 10, 12,  8,  9,  2, 12, 10, 11]), 'threshold': [-0.18847224252644285, -1.5394298387174679, -1.1840353248912381, -1.041972506724308, -0.4971654911790816, -0.87444413911870467, -1.2000940200937806, -1.4615422085671206, -1.1904773031582372, -1.2876536943710715, -1.5953085860104737, -0.76059575520035994, -0.87430373490959024, -1.1316820396775924, -1.1747782096300554, -0.87865245429867933, -1.379849177695827, -0.55965550531606423, -1.176188883391956, -1.5851548065804542, -1.4605778663161346, -1.4946801153336271, -1.5595442029015352, -1.5384584184183985, -1.2654033331883412, -1.2716706828544515, -1.4876812675463336, -1.4191697217916004, -0.7998660768907101, -1.5206102538392619, -1.0787890628901671, -1.4199603711228488, -1.3104274152631799, -1.4057086736455717, -1.5933237775301525, -1.4114846655468132, -1.3654036839883876, -1.4455684091912575, -1.3676477462363421, -1.3621832852943274, -1.5623234880492405, -1.2551853415556395, -1.2957022398946418, -0.5422333759307576, -1.6371472481456129, -1.3332360620446564, -1.5114341394212429], 'fneg': array([2, 0, 0, 0, 1, 0, 0, 0, 0, 0, 0, 1, 0, 0, 0, 0, 0, 1, 0, 0, 0, 0, 0,
       0, 0, 0, 0, 0, 1, 0, 0, 0, 0, 0, 0, 0, 0, 0, 0, 0, 0, 0, 0, 1, 0, 0,
       0]), 'sensitivity': array([0.82352941, 1.0, 1.0, 1.0, 0.82352941, 1.0, 1.0, 1.0, 1.0, 1.0, 1.0,
       1.0, 1.0, 1.0, 1.0, 1.0, 1.0, 0.82352941, 1.0, 1.0, 1.0, 1.0, 1.0,
       1.0, 1.0, 1.0, 1.0, 1.0, 1.0, 1.0, 1.0, 1.0, 1.0, 1.0, 1.0, 1.0,
       1.0, 1.0, 1.0, 1.0, 1.0, 1.0, 1.0, 0.82352941, 1.0, 1.0, 1.0]), 'tpos': array([2, 4, 4, 4, 3, 4, 4, 4, 4, 4, 4, 3, 4, 4, 4, 4, 4, 3, 4, 4, 4, 4, 4,
       4, 4, 4, 4, 4, 3, 4, 4, 4, 4, 4, 4, 4, 4, 4, 4, 4, 4, 4, 4, 3, 4, 4,
       4])}, {'specificity': array([0.17777778, 0.68888889, 0.31111111, 0.88888889, 0.86666667,
       0.97777778, 0.26666667, 0.66666667, 0.2, 0.44444444, 0.24444444,
       0.93333333, 0.33333333, 0.4, 0.91111111, 0.6, 0.28888889,
       0.62222222, 0.35555556, 0.51111111, 1.0, 0.82222222, 0.022222222,
       0.42222222, 0.15555556, 0.13333333, 0.77777778, 0.37777778,
       0.53333333, 0.22222222, 0.55555556, 0.11111111, 0.84444444, 0.8,
       0.46666667, 0.088888889, 0.73333333, 0.57777778, 0.066666667,
       0.48888889, 0.75555556, 0.64444444, 0.95555556, 0.044444444,
       0.71111111]), 'tneg': array([ 1,  4,  1,  9,  8, 11,  1,  4,  1,  2,  1, 10,  1,  1,  9,  4,  1,
        4,  1,  4, 11,  8,  1,  1,  1,  1,  6,  1,  4,  1,  4,  1,  8,  7,
        4,  1,  5,  4,  1,  4,  5,  4, 10,  1,  4]), 'fpos': array([13, 10, 13,  5,  6,  3, 13, 10, 13, 12, 13,  4, 13, 13,  5, 10, 13,
       10, 13, 10,  3,  6, 13, 13, 13, 13,  8, 13, 10, 13, 10, 13,  6,  7,
       10, 13,  9, 10, 13, 10,  9, 10,  4, 13, 10]), 'threshold': [-1.7594816075184687, -1.5974062829302145, -1.7348166990818088, -1.0120297244513516, -1.1911786985992241, -0.64834078968961673, -1.7504656820898055, -1.6009541687891191, -1.7578705901033525, -1.7123038798151922, -1.7548300516570206, -0.7382330689695239, -1.7326935222628712, -1.7174469605271052, -0.99021669113555877, -1.6330699771758455, -1.7498446306192279, -1.6175057507210395, -1.7236261308740568, -1.6612278401031329, -0.60922130309036837, -1.3635664567163475, -1.8872265806065243, -1.7173752646241727, -1.7883447353964863, -1.8014607040707475, -1.4538661678817753, -1.7187088587858064, -1.6581654371045664, -1.7573030896896402, -1.652972842762467, -1.8173774725436538, -1.2669505700347949, -1.4034624246130962, -1.6654149205326163, -1.8281547140418257, -1.5139193064476215, -1.6478842298692522, -1.8353438772294077, -1.66203556593858, -1.497373744893461, -1.6064541506376622, -0.68091376713494289, -1.8650912425104484, -1.5618967771244297], 'fneg': array([0, 0, 0, 0, 0, 0, 0, 0, 0, 0, 0, 0, 0, 0, 0, 0, 0, 0, 0, 0, 0, 0, 0,
       0, 0, 0, 0, 0, 0, 0, 0, 0, 0, 0, 0, 0, 0, 0, 0, 0, 0, 0, 0, 0, 0]), 'sensitivity': array([1.0, 1.0, 1.0, 1.0, 1.0, 1.0, 1.0, 1.0, 1.0, 1.0, 1.0, 1.0, 1.0,
       1.0, 1.0, 1.0, 1.0, 1.0, 1.0, 1.0, 0.94736842, 1.0, 1.0, 1.0, 1.0,
       1.0, 1.0, 1.0, 1.0, 1.0, 1.0, 1.0, 1.0, 1.0, 1.0, 1.0, 1.0, 1.0,
       1.0, 1.0, 1.0, 1.0, 1.0, 1.0, 1.0]), 'tpos': array([2, 2, 2, 2, 2, 2, 2, 2, 2, 2, 2, 2, 2, 2, 2, 2, 2, 2, 2, 2, 2, 2, 2,
       2, 2, 2, 2, 2, 2, 2, 2, 2, 2, 2, 2, 2, 2, 2, 2, 2, 2, 2, 2, 2, 2])}, {'specificity': array([1.0, 0.46808511, 0.40425532, 0.89361702, 0.91489362, 0.53191489,
       0.74468085, 0.27659574, 0.55319149, 0.93617021, 0.36170213,
       0.38297872, 0.042553191, 0.87234043, 0.82978723, 0.78723404,
       0.25531915, 0.85106383, 0.34042553, 0.5106383, 0.9787234,
       0.72340426, 0.76595745, 0.14893617, 0.085106383, 0.10638298,
       0.063829787, 0.80851064, 0.31914894, 0.29787234, 0.59574468,
       0.95744681, 0.23404255, 0.61702128, 0.63829787, 0.021276596,
       0.44680851, 0.19148936, 0.70212766, 0.65957447, 0.4893617,
       0.42553191, 0.12765957, 0.57446809, 0.68085106, 0.17021277,
       0.21276596]), 'tneg': array([10,  2,  2,  8,  8,  2,  5,  2,  2,  8,  2,  2,  2,  8,  8,  5,  2,
        8,  2,  2, 10,  4,  5,  2,  2,  2,  2,  6,  2,  2,  3, 10,  2,  3,
        4,  2,  2,  2,  4,  4,  2,  2,  2,  3,  4,  2,  2]), 'fpos': array([ 2, 10, 10,  4,  4, 10,  7, 10, 10,  4, 10, 10, 10,  4,  4,  7, 10,
        4, 10, 10,  2,  8,  7, 10, 10, 10, 10,  6, 10, 10,  9,  2, 10,  9,
        8, 10, 10, 10,  8,  8, 10, 10, 10,  9,  8, 10, 10]), 'threshold': [-0.21937463217311962, -1.5100366323508538, -1.5374687221907966, -0.90663952783049528, -0.87483238232311844, -1.504962441822709, -1.322377264180622, -1.6590187298637689, -1.4904943031851097, -0.83894502103660806, -1.5507686734525215, -1.5503721644704236, -1.7579099468109989, -1.0009612323574553, -1.0589799816259611, -1.2860931444400299, -1.6631732942429449, -1.0211078996429774, -1.5939760844592927, -1.5063774892765323, -0.38623697738085361, -1.4073415621412901, -1.3008851347835773, -1.7029216965002987, -1.7459676703933211, -1.7325355342127697, -1.755467407649798, -1.2359923738884471, -1.6220588356223598, -1.658117730630464, -1.4766747251619834, -0.622301085280246, -1.6722336554793533, -1.4739749413814653, -1.4502595730682464, -1.7618543138439675, -1.5159358967079044, -1.677440534347602, -1.4135931297007913, -1.435004583392816, -1.5067747996478635, -1.5218799843682098, -1.7251954941252909, -1.481507511199647, -1.416296447049207, -1.6817871165779919, -1.6767776643632852], 'fneg': array([3, 0, 0, 1, 1, 0, 0, 0, 0, 1, 0, 0, 0, 1, 1, 1, 0, 1, 0, 0, 2, 0, 1,
       0, 0, 0, 0, 1, 0, 0, 0, 1, 0, 0, 0, 0, 0, 0, 0, 0, 0, 0, 0, 0, 0, 0,
       0]), 'sensitivity': array([0.88888889, 1.0, 1.0, 1.0, 1.0, 1.0, 1.0, 1.0, 1.0, 1.0, 1.0, 1.0,
       1.0, 1.0, 1.0, 1.0, 1.0, 1.0, 1.0, 1.0, 0.88888889, 1.0, 1.0, 1.0,
       1.0, 1.0, 1.0, 1.0, 1.0, 1.0, 1.0, 0.94444444, 1.0, 1.0, 1.0, 1.0,
       1.0, 1.0, 1.0, 1.0, 1.0, 1.0, 1.0, 1.0, 1.0, 1.0, 1.0]), 'tpos': array([0, 3, 3, 2, 2, 3, 3, 3, 3, 2, 3, 3, 3, 2, 2, 2, 3, 2, 3, 3, 1, 3, 2,
       3, 3, 3, 3, 2, 3, 3, 3, 2, 3, 3, 3, 3, 3, 3, 3, 3, 3, 3, 3, 3, 3, 3,
       3])}], <Model object at 0x0000000000000708>)
#gbm
([{'specificity': array([0.44186047, 0.79069767, 0.53488372, 0.23255814, 0.97674419, 1.0,
       0.51162791, 0.3255814, 0.81395349, 0.46511628, 0.93023256,
       0.72093023, 0.20930233, 0.65116279, 0.8372093, 0.74418605,
       0.27906977, 0.62790698, 0.30232558, 0.95348837, 0.093023256,
       0.046511628, 0.88372093, 0.48837209, 0.11627907, 0.58139535,
       0.39534884, 0.90697674, 0.13953488, 0.69767442, 0.76744186,
       0.60465116, 0.069767442, 0.86046512, 0.37209302, 0.34883721,
       0.1627907, 0.18604651, 0.25581395, 0.023255814, 0.55813953,
       0.41860465, 0.6744186]), 'tneg': array([ 5,  6,  6,  4,  8, 12,  6,  5,  7,  6,  7,  6,  3,  6,  7,  6,  5,
        6,  5,  8,  1,  1,  7,  6,  1,  6,  5,  7,  1,  6,  6,  6,  1,  7,
        5,  5,  3,  3,  5,  1,  6,  5,  6]), 'fpos': array([ 9,  8,  8, 10,  6,  2,  8,  9,  7,  8,  7,  8, 11,  8,  7,  8,  9,
        8,  9,  6, 13, 13,  7,  8, 13,  8,  9,  7, 13,  8,  8,  8, 13,  7,
        9,  9, 11, 11,  9, 13,  8,  9,  8]), 'threshold': [-1.001434583447127, -0.84022356201546311, -0.92530027535582438, -1.0778516727993361, -0.46966214661484568, -0.075840103637536377, -0.93102336335593661, -1.0495757144319793, -0.79118817831310484, -0.98914645958157754, -0.52119535186948829, -0.87789643485322355, -1.0908253902592846, -0.88483809391524648, -0.78058820199709411, -0.87557531794656507, -1.0601953272771385, -0.88874742742416679, -1.0549251736497638, -0.48104354743222039, -1.1958458615001943, -1.2178339418735324, -0.7379488194927657, -0.94743082141835155, -1.1824291554973989, -0.906815790284495, -1.0357236031365131, -0.63692449585502819, -1.1783465001601934, -0.8814609836623164, -0.87183798093690967, -0.89109567182104488, -1.2092174739061461, -0.75308922231196707, -1.0373567148275649, -1.03987085260489, -1.1699112535207665, -1.1327891302628772, -1.0628597885594027, -1.221199333113896, -0.91355148154730137, -1.0039239659952592, -0.88432974923883922], 'fneg': array([0, 0, 0, 0, 0, 3, 0, 0, 0, 0, 0, 0, 0, 0, 0, 0, 0, 0, 0, 0, 0, 0, 0,
       0, 0, 0, 0, 0, 0, 0, 0, 0, 0, 0, 0, 0, 0, 0, 0, 0, 0, 0, 0]), 'sensitivity': array([1.0, 1.0, 1.0, 1.0, 1.0, 0.8, 1.0, 1.0, 1.0, 1.0, 1.0, 1.0, 1.0,
       1.0, 1.0, 1.0, 1.0, 1.0, 1.0, 1.0, 1.0, 1.0, 1.0, 1.0, 1.0, 1.0,
       1.0, 1.0, 1.0, 1.0, 1.0, 1.0, 1.0, 1.0, 1.0, 1.0, 1.0, 1.0, 1.0,
       1.0, 1.0, 1.0, 1.0]), 'tpos': array([3, 3, 3, 3, 3, 0, 3, 3, 3, 3, 3, 3, 3, 3, 3, 3, 3, 3, 3, 3, 3, 3, 3,
       3, 3, 3, 3, 3, 3, 3, 3, 3, 3, 3, 3, 3, 3, 3, 3, 3, 3, 3, 3])}, {'specificity': array([0.95744681, 0.23404255, 0.53191489, 0.44680851, 0.31914894,
       0.93617021, 1.0, 0.38297872, 0.46808511, 0.55319149, 0.82978723,
       0.4893617, 0.25531915, 0.91489362, 0.085106383, 0.68085106,
       0.63829787, 0.70212766, 0.80851064, 0.40425532, 0.9787234,
       0.74468085, 0.85106383, 0.042553191, 0.17021277, 0.021276596,
       0.72340426, 0.21276596, 0.87234043, 0.10638298, 0.42553191,
       0.57446809, 0.89361702, 0.19148936, 0.78723404, 0.65957447,
       0.29787234, 0.34042553, 0.063829787, 0.61702128, 0.12765957,
       0.5106383, 0.14893617, 0.59574468, 0.76595745, 0.27659574,
       0.36170213]), 'tneg': array([ 9,  0,  3,  3,  1,  8, 10,  3,  3,  3,  6,  3,  1,  8,  0,  5,  4,
        5,  6,  3, 10,  6,  6,  0,  0,  0,  6,  0,  6,  0,  3,  3,  8,  0,
        6,  4,  1,  1,  0,  4,  0,  3,  0,  4,  6,  1,  2]), 'fpos': array([ 1, 10,  7,  7,  9,  2,  0,  7,  7,  7,  4,  7,  9,  2, 10,  5,  6,
        5,  4,  7,  0,  4,  4, 10, 10, 10,  4, 10,  4, 10,  7,  7,  2, 10,
        4,  6,  9,  9, 10,  6, 10,  7, 10,  6,  4,  9,  8]), 'threshold': [-0.29624959817986313, -0.6323640319394922, -0.59394634160022852, -0.60008468615246358, -0.61739604513417823, -0.39437278472364057, -0.24483169313620209, -0.61110135940270516, -0.59936712657742031, -0.5911497811037566, -0.50272517058002131, -0.59518990613073486, -0.62498085638211154, -0.40652294772431757, -0.69027609518325761, -0.5670372944670955, -0.57978588573464362, -0.55771785164573739, -0.51369633599149844, -0.61077047500718218, -0.2500684626327942, -0.53241595714092194, -0.4870766835788426, -0.70799799569109778, -0.66302056364949347, -0.71312372682020009, -0.54577653226272338, -0.64328859486192635, -0.48399273368837, -0.67637238805300592, -0.605328466274847, -0.58688483544379422, -0.408765202054873, -0.648786124397775, -0.51500892259299591, -0.57764472945961753, -0.620652968337534, -0.61640273673786727, -0.69851107577743832, -0.58570081557640186, -0.66798842950529491, -0.59508394090854333, -0.667417505131446, -0.58654159600666655, -0.53188663667422431, -0.623774953822585, -0.61566817780603589], 'fneg': array([3, 0, 0, 0, 0, 2, 4, 0, 0, 0, 2, 0, 0, 2, 0, 0, 0, 0, 2, 0, 4, 0, 2,
       0, 0, 0, 0, 0, 2, 0, 0, 0, 2, 0, 2, 0, 0, 0, 0, 0, 0, 0, 0, 0, 0, 0,
       0]), 'sensitivity': array([0.88235294, 1.0, 1.0, 1.0, 1.0, 0.94117647, 0.76470588, 1.0, 1.0,
       1.0, 1.0, 1.0, 1.0, 0.94117647, 1.0, 1.0, 1.0, 1.0, 1.0, 1.0,
       0.76470588, 1.0, 1.0, 1.0, 1.0, 1.0, 1.0, 1.0, 1.0, 1.0, 1.0, 1.0,
       0.94117647, 1.0, 1.0, 1.0, 1.0, 1.0, 1.0, 1.0, 1.0, 1.0, 1.0, 1.0,
       1.0, 1.0, 1.0]), 'tpos': array([3, 6, 6, 6, 6, 4, 2, 6, 6, 6, 4, 6, 6, 4, 6, 6, 6, 6, 4, 6, 2, 6, 4,
       6, 6, 6, 6, 6, 4, 6, 6, 6, 4, 6, 4, 6, 6, 6, 6, 6, 6, 6, 6, 6, 6, 6,
       6])}, {'specificity': array([1.0, 0.41304348, 0.17391304, 0.7173913, 0.76086957, 0.26086957,
       0.65217391, 0.54347826, 0.97826087, 0.93478261, 0.63043478,
       0.30434783, 0.36956522, 0.23913043, 0.56521739, 0.52173913,
       0.2826087, 0.02173913, 0.67391304, 0.82608696, 0.58695652,
       0.45652174, 0.84782609, 0.95652174, 0.73913043, 0.80434783,
       0.043478261, 0.15217391, 0.086956522, 0.10869565, 0.19565217,
       0.86956522, 0.43478261, 0.39130435, 0.89130435, 0.13043478,
       0.7826087, 0.34782609, 0.32608696, 0.47826087, 0.2173913,
       0.91304348, 0.065217391, 0.5, 0.60869565, 0.69565217]), 'tneg': array([11,  0,  0,  3,  3,  0,  3,  1, 11,  8,  2,  0,  0,  0,  1,  1,  0,
        0,  3,  4,  1,  0,  5, 11,  3,  4,  0,  0,  0,  0,  0,  5,  0,  0,
        5,  0,  4,  0,  0,  0,  0,  6,  0,  1,  1,  3]), 'fpos': array([ 0, 11, 11,  8,  8, 11,  8, 10,  0,  3,  9, 11, 11, 11, 10, 10, 11,
       11,  8,  7, 10, 11,  6,  0,  8,  7, 11, 11, 11, 11, 11,  6, 11, 11,
        6, 11,  7, 11, 11, 11, 11,  5, 11, 10, 10,  8]), 'threshold': [-0.20711484738310268, -0.88676057948195364, -0.94980747244541375, -0.76371400869669492, -0.72131999395281143, -0.92552786556989708, -0.78972730827065107, -0.82933367603832553, -0.31292463567328876, -0.58425460541882768, -0.79368256910242485, -0.91685505652224975, -0.896556712296446, -0.9267347733432838, -0.82749546817734043, -0.83274744571495518, -0.9192190337653463, -1.0317784813184656, -0.77260252874125634, -0.69608950186767382, -0.81554965294422832, -0.858815995735959, -0.68434564392472907, -0.37131399472286775, -0.742187325350063, -0.69997077657052609, -1.025016327458236, -0.96080428391950268, -1.0193690834784019, -1.0059608997605283, -0.93626458650371258, -0.67802247062488108, -0.86564934839811336, -0.89489996945618167, -0.669728765617027, -0.974275350842966, -0.70528666202427737, -0.90509989759755782, -0.9105755999940689, -0.84655968818535865, -0.93067853225162, -0.63866395254641528, -1.023843536244371, -0.84367139018138526, -0.81270564569598147, -0.76738779307206006], 'fneg': array([5, 0, 0, 1, 1, 0, 0, 0, 4, 1, 0, 0, 0, 0, 0, 0, 0, 0, 1, 1, 0, 0, 1,
       4, 1, 1, 0, 0, 0, 0, 0, 1, 0, 0, 1, 0, 1, 0, 0, 0, 0, 1, 0, 0, 0, 1]), 'sensitivity': array([0.72222222, 1.0, 1.0, 1.0, 1.0, 1.0, 1.0, 1.0, 0.77777778, 1.0, 1.0,
       1.0, 1.0, 1.0, 1.0, 1.0, 1.0, 1.0, 1.0, 1.0, 1.0, 1.0, 1.0,
       0.88888889, 1.0, 1.0, 1.0, 1.0, 1.0, 1.0, 1.0, 1.0, 1.0, 1.0, 1.0,
       1.0, 1.0, 1.0, 1.0, 1.0, 1.0, 1.0, 1.0, 1.0, 1.0, 1.0]), 'tpos': array([0, 5, 5, 4, 4, 5, 5, 5, 1, 4, 5, 5, 5, 5, 5, 5, 5, 5, 4, 4, 5, 5, 4,
       1, 4, 4, 5, 5, 5, 5, 5, 4, 5, 5, 4, 5, 4, 5, 5, 5, 5, 4, 5, 5, 5, 4])}, {'specificity': array([1.0, 0.42222222, 0.4, 0.66666667, 0.44444444, 0.33333333,
       0.88888889, 0.91111111, 0.95555556, 0.6, 0.53333333, 0.57777778,
       0.77777778, 0.31111111, 0.86666667, 0.2, 0.044444444, 0.55555556,
       0.73333333, 0.51111111, 0.75555556, 0.97777778, 0.37777778,
       0.71111111, 0.8, 0.088888889, 0.11111111, 0.022222222, 0.93333333,
       0.066666667, 0.62222222, 0.13333333, 0.46666667, 0.64444444,
       0.17777778, 0.82222222, 0.84444444, 0.26666667, 0.35555556,
       0.15555556, 0.24444444, 0.28888889, 0.68888889, 0.48888889,
       0.22222222]), 'tneg': array([11,  1,  1,  2,  1,  1,  7,  8,  8,  2,  2,  2,  7,  1,  7,  1,  0,
        2,  3,  1,  7, 10,  1,  3,  7,  0,  0,  0,  8,  0,  2,  0,  1,  2,
        1,  7,  7,  1,  1,  1,  1,  1,  2,  1,  1]), 'fpos': array([ 1, 11, 11, 10, 11, 11,  5,  4,  4, 10, 10, 10,  5, 11,  5, 11, 12,
       10,  9, 11,  5,  2, 11,  9,  5, 12, 12, 12,  4, 12, 10, 12, 11, 10,
       11,  5,  5, 11, 11, 11, 11, 11, 10, 11, 11]), 'threshold': [-0.09275923396522, -1.1573760470625889, -1.1573834103069249, -1.0205223695837087, -1.1454003668879693, -1.1959523818764792, -0.71740069202525214, -0.63891594679641506, -0.57331703351210361, -1.0591498251850429, -1.09010716119988, -1.0756610998692981, -0.89807575578395638, -1.2118436146968696, -0.78677548634325112, -1.2438364821204637, -1.4043366730862119, -1.080634808663526, -0.99493951163084648, -1.1144113832258524, -0.92020929977541643, -0.18305820200095191, -1.1780863370460304, -1.0013153236849357, -0.8837713579141474, -1.3372014590608896, -1.3338167331891633, -1.4114725222627422, -0.610729205707434, -1.3451064441160974, -1.0435355028747966, -1.2997961262336595, -1.1214372881593528, -1.0413746524190686, -1.2892722616394781, -0.8771870601531544, -0.85202575001385061, -1.2252856040979707, -1.1921895087162413, -1.2917944339431555, -1.2275952627424105, -1.2226547124736034, -1.0126585029263004, -1.1184464079617198, -1.23642053058443], 'fneg': array([2, 0, 0, 0, 0, 0, 1, 2, 2, 0, 0, 0, 1, 0, 1, 0, 0, 0, 0, 0, 1, 2, 0,
       0, 1, 0, 0, 0, 2, 0, 0, 0, 0, 0, 0, 1, 1, 0, 0, 0, 0, 0, 0, 0, 0]), 'sensitivity': array([0.94736842, 1.0, 1.0, 1.0, 1.0, 1.0, 1.0, 1.0, 1.0, 1.0, 1.0, 1.0,
       1.0, 1.0, 1.0, 1.0, 1.0, 1.0, 1.0, 1.0, 1.0, 0.94736842, 1.0, 1.0,
       1.0, 1.0, 1.0, 1.0, 1.0, 1.0, 1.0, 1.0, 1.0, 1.0, 1.0, 1.0, 1.0,
       1.0, 1.0, 1.0, 1.0, 1.0, 1.0, 1.0, 1.0]), 'tpos': array([2, 4, 4, 4, 4, 4, 3, 2, 2, 4, 4, 4, 3, 4, 3, 4, 4, 4, 4, 4, 3, 2, 4,
       4, 3, 4, 4, 4, 2, 4, 4, 4, 4, 4, 4, 3, 3, 4, 4, 4, 4, 4, 4, 4, 4])}, {'specificity': array([0.95744681, 0.63829787, 0.12765957, 0.85106383, 0.93617021,
       0.9787234, 0.80851064, 0.27659574, 0.55319149, 0.29787234,
       0.89361702, 0.36170213, 0.21276596, 0.87234043, 0.38297872,
       0.17021277, 0.021276596, 0.74468085, 0.82978723, 0.68085106,
       0.23404255, 0.65957447, 1.0, 0.46808511, 0.57446809, 0.76595745,
       0.063829787, 0.42553191, 0.10638298, 0.78723404, 0.31914894,
       0.40425532, 0.91489362, 0.14893617, 0.61702128, 0.5106383,
       0.59574468, 0.70212766, 0.53191489, 0.19148936, 0.085106383,
       0.25531915, 0.44680851, 0.042553191, 0.34042553, 0.4893617,
       0.72340426]), 'tneg': array([10,  8,  3, 10, 10, 10,  9,  3,  4,  3, 10,  4,  3, 10,  4,  3,  3,
        9, 10,  9,  3,  8, 10,  4,  7,  9,  3,  4,  3,  9,  3,  4, 10,  3,
        7,  4,  7,  9,  4,  3,  3,  3,  4,  3,  3,  4,  9]), 'fpos': array([0, 2, 7, 0, 0, 0, 1, 7, 6, 7, 0, 6, 7, 0, 6, 7, 7, 1, 0, 1, 7, 2, 0,
       6, 3, 1, 7, 6, 7, 1, 7, 6, 0, 7, 3, 6, 3, 1, 6, 7, 7, 7, 6, 7, 7, 6,
       1]), 'threshold': [-0.32229652512169321, -1.1178444811039874, -1.3496026074587812, -0.86705927564131191, -0.73585169779515391, -0.18170481659716475, -0.94498099687784065, -1.2811175092866476, -1.1885168966659878, -1.2713111543833795, -0.80091368298164844, -1.2623769981390454, -1.2948377011810683, -0.82700908339611967, -1.2535401057856446, -1.3095989427267618, -1.4259863225886147, -1.0168721472970341, -0.87258163261608424, -1.0677249390431984, -1.2899773900000588, -1.0905663785453481, -0.0514530650751719, -1.2052679734778369, -1.1688284184282118, -0.98999260718357074, -1.3772858926686658, -1.2169323476149341, -1.3641131152262964, -0.94892033179495217, -1.2682130096842905, -1.2241275124974704, -0.74200465619221723, -1.3241055707236051, -1.1316071078298791, -1.2035351916237482, -1.1358936815148488, -1.0675008947142466, -1.1924185268940672, -1.2994492956604102, -1.3734852986538337, -1.2868855633461602, -1.2106932716477936, -1.4208400498949196, -1.2672991355570964, -1.204903558688502, -1.0482323225201495], 'fneg': array([4, 1, 0, 3, 3, 4, 3, 0, 0, 0, 3, 0, 0, 3, 0, 0, 0, 3, 3, 2, 0, 1, 4,
       0, 0, 3, 0, 0, 0, 3, 0, 0, 3, 0, 0, 0, 0, 2, 0, 0, 0, 0, 0, 0, 0, 0,
       2]), 'sensitivity': array([0.83333333, 1.0, 1.0, 1.0, 1.0, 0.83333333, 1.0, 1.0, 1.0, 1.0, 1.0,
       1.0, 1.0, 1.0, 1.0, 1.0, 1.0, 1.0, 1.0, 1.0, 1.0, 1.0, 0.61111111,
       1.0, 1.0, 1.0, 1.0, 1.0, 1.0, 1.0, 1.0, 1.0, 1.0, 1.0, 1.0, 1.0,
       1.0, 1.0, 1.0, 1.0, 1.0, 1.0, 1.0, 1.0, 1.0, 1.0, 1.0]), 'tpos': array([1, 4, 5, 2, 2, 1, 2, 5, 5, 5, 2, 5, 5, 2, 5, 5, 5, 2, 2, 3, 5, 4, 1,
       5, 5, 2, 5, 5, 5, 2, 5, 5, 2, 5, 5, 5, 5, 3, 5, 5, 5, 5, 5, 5, 5, 5,
       3])}], <Model object at 0x0000000000000A34>)
#gbm
([{'specificity': array([0.98, 0.54, 0.08, 0.24, 0.64, 0.56, 0.58, 1.0, 0.7, 0.3, 0.76, 0.52,
       0.26, 0.48, 0.5, 0.94, 0.66, 0.34, 0.06, 0.84, 0.92, 0.96, 0.44,
       0.72, 0.88, 0.38, 0.02, 0.68, 0.18, 0.46, 0.12, 0.36, 0.42, 0.86,
       0.28, 0.2, 0.9, 0.16, 0.22, 0.32, 0.4, 0.62, 0.1, 0.78, 0.8, 0.74,
       0.14, 0.6, 0.82, 0.04]), 'tneg': array([ 9,  3,  0,  1,  3,  3,  3, 10,  4,  3,  5,  3,  2,  3,  3,  9,  4,
        3,  0,  6,  6,  9,  3,  4,  6,  3,  0,  4,  1,  3,  1,  3,  3,  6,
        3,  1,  6,  1,  1,  3,  3,  3,  1,  5,  5,  5,  1,  3,  6,  0]), 'fpos': array([ 3,  9, 12, 11,  9,  9,  9,  2,  8,  9,  7,  9, 10,  9,  9,  3,  8,
        9, 12,  6,  6,  3,  9,  8,  6,  9, 12,  8, 11,  9, 11,  9,  9,  6,
        9, 11,  6, 11, 11,  9,  9,  9, 11,  7,  7,  7, 11,  9,  6, 12]), 'threshold': [-0.69251610901308336, -1.1500776798987564, -1.3161026698783334, -1.263010895520746, -1.1188231615762745, -1.1348307308225909, -1.1331552041537853, -0.61881824195754642, -1.0695766049479969, -1.2262792055755036, -1.0507736690221632, -1.1565939261406519, -1.2432768346104555, -1.1675615960579207, -1.1670589129229141, -0.813608637089077, -1.1176538703682057, -1.2081328900724766, -1.3205372997335372, -1.0231268839232799, -0.91188855227539112, -0.73404163833580627, -1.1778065952885468, -1.0682138652016777, -0.9550715509930382, -1.2047744423699585, -1.3639548911524637, -1.0982903213017654, -1.2858975771473831, -1.1768149452420409, -1.2969586069987931, -1.207726675897014, -1.1797324110224505, -1.015221611797269, -1.2338818286362465, -1.2737668118108647, -0.93262750500339664, -1.2905860234469762, -1.2651313576858299, -1.2170937161934874, -1.1885425496346023, -1.1217908312904934, -1.29921524045703, -1.0442116276162887, -1.0397927043551376, -1.0521597431066232, -1.2944956842940751, -1.1240000462284847, -1.0268114629795764, -1.3309409957102194], 'fneg': array([3, 1, 0, 0, 1, 1, 1, 4, 1, 0, 2, 1, 0, 0, 0, 2, 1, 0, 0, 2, 2, 3, 0,
       1, 2, 0, 0, 1, 0, 0, 0, 0, 0, 2, 0, 0, 2, 0, 0, 0, 0, 1, 0, 2, 2, 2,
       0, 1, 2, 0]), 'sensitivity': array([1.0, 1.0, 1.0, 1.0, 1.0, 1.0, 1.0, 1.0, 1.0, 1.0, 1.0, 1.0, 1.0,
       1.0, 1.0, 1.0, 1.0, 1.0, 1.0, 1.0, 1.0, 1.0, 1.0, 1.0, 1.0, 1.0,
       1.0, 1.0, 1.0, 1.0, 1.0, 1.0, 1.0, 1.0, 1.0, 1.0, 1.0, 1.0, 1.0,
       1.0, 1.0, 1.0, 1.0, 1.0, 1.0, 1.0, 1.0, 1.0, 1.0, 1.0]), 'tpos': array([2, 4, 5, 5, 4, 4, 4, 1, 4, 5, 3, 4, 5, 5, 5, 3, 4, 5, 5, 3, 3, 2, 5,
       4, 3, 5, 5, 4, 5, 5, 5, 5, 5, 3, 5, 5, 3, 5, 5, 5, 5, 4, 5, 3, 3, 3,
       5, 4, 3, 5])}, {'specificity': array([1.0, 0.5, 0.14583333, 0.45833333, 0.020833333, 0.64583333, 0.875,
       0.85416667, 0.95833333, 0.8125, 0.66666667, 0.041666667, 0.70833333,
       0.75, 0.6875, 0.58333333, 0.72916667, 0.89583333, 0.4375,
       0.39583333, 0.22916667, 0.10416667, 0.54166667, 0.77083333,
       0.97916667, 0.5625, 0.125, 0.375, 0.083333333, 0.33333333,
       0.47916667, 0.0625, 0.83333333, 0.1875, 0.625, 0.3125, 0.91666667,
       0.60416667, 0.27083333, 0.41666667, 0.29166667, 0.16666667,
       0.52083333, 0.35416667, 0.9375, 0.25, 0.79166667, 0.20833333]), 'tneg': array([14,  3,  1,  3,  0,  5, 11, 10, 12,  9,  5,  1,  8,  8,  5,  4,  8,
       11,  3,  3,  1,  1,  4,  8, 14,  4,  1,  3,  1,  1,  3,  1,  9,  1,
        4,  1, 11,  4,  1,  3,  1,  1,  4,  3, 12,  1,  8,  1]), 'fpos': array([ 0, 11, 13, 11, 14,  9,  3,  4,  2,  5,  9, 13,  6,  6,  9, 10,  6,
        3, 11, 11, 13, 13, 10,  6,  0, 10, 13, 11, 13, 13, 11, 13,  5, 13,
       10, 13,  3, 10, 13, 11, 13, 13, 10, 11,  2, 13,  6, 13]), 'threshold': [-0.49502334294937772, -1.0781476765614844, -1.1998525658479913, -1.1089453833895768, -1.2567912605956242, -0.98198573780345444, -0.77956259545803719, -0.79834524920501282, -0.64533848664455806, -0.80438039066530675, -0.97790400937877342, -1.231961066644647, -0.87434447653509006, -0.8367029853439335, -0.974256463134872, -1.033489669886301, -0.84524767694286418, -0.75482270984408673, -1.1131170551732925, -1.1136577022756042, -1.1872494318226581, -1.203625360194013, -1.0423894863619918, -0.83503095420092532, -0.53672314568076918, -1.0408544240581745, -1.2013032402159769, -1.1192845543792804, -1.2115444240238533, -1.1430193310854138, -1.10664288444554, -1.2312343457801533, -0.80331776961946832, -1.1964387282682065, -1.0134333708893104, -1.1472746970646344, -0.7264241933157789, -1.0225841096356045, -1.1718587150569446, -1.1133579620949956, -1.1699950363091758, -1.198188858619285, -1.0438171616188086, -1.1284205050173388, -0.64993342553021016, -1.1844309668308353, -0.83121903863437663, -1.1925424234014619], 'fneg': array([2, 0, 0, 0, 0, 1, 2, 2, 2, 2, 1, 0, 1, 1, 1, 0, 1, 2, 0, 0, 0, 0, 0,
       1, 2, 0, 0, 0, 0, 0, 0, 0, 2, 0, 0, 0, 2, 0, 0, 0, 0, 0, 0, 0, 2, 0,
       1, 0]), 'sensitivity': array([1.0, 1.0, 1.0, 1.0, 1.0, 1.0, 1.0, 1.0, 1.0, 1.0, 1.0, 1.0, 1.0,
       1.0, 1.0, 1.0, 1.0, 1.0, 1.0, 1.0, 1.0, 1.0, 1.0, 1.0, 1.0, 1.0,
       1.0, 1.0, 1.0, 1.0, 1.0, 1.0, 1.0, 1.0, 1.0, 1.0, 1.0, 1.0, 1.0,
       1.0, 1.0, 1.0, 1.0, 1.0, 1.0, 1.0, 1.0, 1.0]), 'tpos': array([0, 2, 2, 2, 2, 1, 0, 0, 0, 0, 1, 2, 1, 1, 1, 2, 1, 0, 2, 2, 2, 2, 2,
       1, 0, 2, 2, 2, 2, 2, 2, 2, 0, 2, 2, 2, 0, 2, 2, 2, 2, 2, 2, 2, 0, 2,
       1, 2])}, {'specificity': array([1.0, 0.38, 0.34, 0.66, 0.82, 0.9, 0.86, 0.42, 0.3, 0.54, 0.52, 0.78,
       0.36, 0.08, 0.6, 0.84, 0.68, 0.2, 0.5, 0.48, 0.72, 0.96, 0.56, 0.62,
       0.76, 0.26, 0.02, 0.88, 0.18, 0.22, 0.92, 0.8, 0.28, 0.4, 0.24,
       0.94, 0.46, 0.12, 0.14, 0.16, 0.04, 0.32, 0.1, 0.64, 0.58, 0.7,
       0.98, 0.74, 0.44, 0.06]), 'tneg': array([9, 6, 5, 7, 8, 8, 8, 6, 1, 7, 7, 8, 6, 0, 7, 8, 7, 0, 7, 7, 7, 8, 7,
       7, 8, 0, 0, 8, 0, 0, 8, 8, 1, 6, 0, 8, 6, 0, 0, 0, 0, 2, 0, 7, 7, 7,
       9, 7, 6, 0]), 'fpos': array([ 3,  6,  7,  5,  4,  4,  4,  6, 11,  5,  5,  4,  6, 12,  5,  4,  5,
       12,  5,  5,  5,  4,  5,  5,  4, 12, 12,  4, 12, 12,  4,  4, 11,  6,
       12,  4,  6, 12, 12, 12, 12, 10, 12,  5,  5,  5,  3,  5,  6, 12]), 'threshold': [-0.63059848863485768, -0.77288876759918224, -0.77424068681835612, -0.74336769312680184, -0.7260722019066963, -0.69226502008865765, -0.72263157348428642, -0.7618308222394411, -0.78818814995877773, -0.75120095621521565, -0.75201790722907913, -0.73233524522954119, -0.77354889402785809, -0.80392180310611794, -0.74942985343560609, -0.72589083566590551, -0.743268208479139, -0.79559473440284045, -0.75413663702729528, -0.75593139264572651, -0.73990974542655119, -0.64712407335078259, -0.75018134645633849, -0.74876944936703183, -0.73335147814591584, -0.79165774879933426, -0.81074838625299328, -0.69846418255601439, -0.7963608384459836, -0.793196659673908, -0.68512355544262526, -0.72738710611266855, -0.78846254635514257, -0.76677109050406811, -0.79257881148959652, -0.67280766871714925, -0.7610464954192373, -0.79949249817811641, -0.79946534539581038, -0.79694014158654436, -0.807868825005442, -0.78417634962403393, -0.80209216029976194, -0.74777875542217487, -0.74977878379781182, -0.74247254752982716, -0.641987143244972, -0.7387470021659106, -0.76165738908642877, -0.8050099882266325], 'fneg': array([2, 0, 0, 0, 0, 0, 0, 0, 0, 0, 0, 0, 0, 0, 0, 0, 0, 0, 0, 0, 0, 2, 0,
       0, 0, 0, 0, 0, 0, 0, 0, 0, 0, 0, 0, 1, 0, 0, 0, 0, 0, 0, 0, 0, 0, 0,
       2, 0, 0, 0]), 'sensitivity': array([1.0, 1.0, 1.0, 1.0, 1.0, 1.0, 1.0, 1.0, 1.0, 1.0, 1.0, 1.0, 1.0,
       1.0, 1.0, 1.0, 1.0, 1.0, 1.0, 1.0, 1.0, 1.0, 1.0, 1.0, 1.0, 1.0,
       1.0, 1.0, 1.0, 1.0, 1.0, 1.0, 1.0, 1.0, 1.0, 1.0, 1.0, 1.0, 1.0,
       1.0, 1.0, 1.0, 1.0, 1.0, 1.0, 1.0, 1.0, 1.0, 1.0, 1.0]), 'tpos': array([2, 4, 4, 4, 4, 4, 4, 4, 4, 4, 4, 4, 4, 4, 4, 4, 4, 4, 4, 4, 4, 2, 4,
       4, 4, 4, 4, 4, 4, 4, 4, 4, 4, 4, 4, 3, 4, 4, 4, 4, 4, 4, 4, 4, 4, 4,
       2, 4, 4, 4])}, {'specificity': array([0.59183673, 0.32653061, 0.51020408, 0.20408163, 0.55102041,
       0.91836735, 0.87755102, 0.95918367, 0.79591837, 0.24489796,
       0.81632653, 0.71428571, 0.75510204, 0.67346939, 0.7755102,
       0.69387755, 0.44897959, 0.85714286, 0.34693878, 0.28571429,
       0.18367347, 0.89795918, 1.0, 0.57142857, 0.63265306, 0.2244898,
       0.16326531, 0.040816327, 0.65306122, 0.020408163, 0.30612245,
       0.3877551, 0.48979592, 0.93877551, 0.73469388, 0.42857143,
       0.06122449, 0.26530612, 0.40816327, 0.14285714, 0.12244898,
       0.36734694, 0.53061224, 0.46938776, 0.97959184, 0.081632653,
       0.83673469, 0.6122449, 0.10204082]), 'tneg': array([ 3,  1,  2,  0,  3,  9,  8, 11,  7,  0,  7,  5,  7,  5,  7,  5,  2,
        8,  1,  0,  0,  9, 11,  3,  3,  0,  0,  0,  4,  0,  1,  1,  2, 11,
        7,  2,  0,  0,  2,  0,  0,  1,  2,  2, 11,  0,  7,  3,  0]), 'fpos': array([10, 12, 11, 13, 10,  4,  5,  2,  6, 13,  6,  8,  6,  8,  6,  8, 11,
        5, 12, 13, 13,  4,  2, 10, 10, 13, 13, 13,  9, 13, 12, 12, 11,  2,
        6, 11, 13, 13, 11, 13, 13, 12, 11, 11,  2, 13,  6, 10, 13]), 'threshold': [-0.93341998459985931, -1.0453838012791776, -0.97740617650070327, -1.0908662477324969, -0.9433477485088978, -0.72279079314398631, -0.76994111313517688, -0.58470005394717384, -0.81714137898837091, -1.0829070036144439, -0.804445429720726, -0.83831381188540777, -0.82075531189447681, -0.856896627698455, -0.81739928380961013, -0.84189336518314828, -1.0046484631411374, -0.7700550872727584, -1.0256824977830015, -1.0602034240770279, -1.0960990368549917, -0.73067657183616042, -0.55284152376926565, -0.938548080115961, -0.90096387064519323, -1.0848206531798481, -1.0999272982096737, -1.1292837006138667, -0.87687860534535711, -1.1333513270381153, -1.0536185994061489, -1.01702475958337, -0.97891525402206214, -0.6165307940416912, -0.82085497527332207, -1.0132338344944281, -1.1196808420865023, -1.078236299621836, -1.016471091872613, -1.1020310077175441, -1.1023435206445311, -1.0203962411162779, -0.96803286535357036, -0.98260539143147252, -0.56384105733672263, -1.1176692631891141, -0.80021276393747587, -0.93207055897602409, -1.108922386570512], 'fneg': array([0, 0, 0, 0, 0, 0, 0, 1, 0, 0, 0, 0, 0, 0, 0, 0, 0, 0, 0, 0, 0, 0, 2,
       0, 0, 0, 0, 0, 0, 0, 0, 0, 0, 1, 0, 0, 0, 0, 0, 0, 0, 0, 0, 0, 1, 0,
       0, 0, 0]), 'sensitivity': array([1.0, 1.0, 1.0, 1.0, 1.0, 1.0, 1.0, 1.0, 1.0, 1.0, 1.0, 1.0, 1.0,
       1.0, 1.0, 1.0, 1.0, 1.0, 1.0, 1.0, 1.0, 1.0, 1.0, 1.0, 1.0, 1.0,
       1.0, 1.0, 1.0, 1.0, 1.0, 1.0, 1.0, 1.0, 1.0, 1.0, 1.0, 1.0, 1.0,
       1.0, 1.0, 1.0, 1.0, 1.0, 1.0, 1.0, 1.0, 1.0, 1.0]), 'tpos': array([3, 3, 3, 3, 3, 3, 3, 2, 3, 3, 3, 3, 3, 3, 3, 3, 3, 3, 3, 3, 3, 3, 1,
       3, 3, 3, 3, 3, 3, 3, 3, 3, 3, 2, 3, 3, 3, 3, 3, 3, 3, 3, 3, 3, 2, 3,
       3, 3, 3])}, {'specificity': array([0.94117647, 0.47058824, 0.35294118, 0.23529412, 0.7254902,
       0.90196078, 0.58823529, 0.84313725, 0.98039216, 0.88235294,
       0.52941176, 0.25490196, 0.8627451, 0.68627451, 0.56862745,
       0.43137255, 0.92156863, 0.80392157, 0.66666667, 0.76470588,
       0.33333333, 0.17647059, 0.74509804, 1.0, 0.49019608, 0.54901961,
       0.41176471, 0.19607843, 0.21568627, 0.058823529, 0.37254902,
       0.039215686, 0.82352941, 0.078431373, 0.31372549, 0.62745098,
       0.29411765, 0.78431373, 0.39215686, 0.45098039, 0.11764706,
       0.15686275, 0.098039216, 0.019607843, 0.60784314, 0.2745098,
       0.50980392, 0.64705882, 0.96078431, 0.1372549, 0.70588235]), 'tneg': array([10,  5,  2,  2,  6,  9,  5,  8, 10,  9,  5,  2,  8,  6,  5,  3,  9,
        8,  6,  7,  2,  2,  7, 10,  5,  5,  3,  2,  2,  0,  2,  0,  8,  0,
        2,  5,  2,  8,  2,  4,  0,  2,  0,  0,  5,  2,  5,  6, 10,  0,  6]), 'fpos': array([ 1,  6,  9,  9,  5,  2,  6,  3,  1,  2,  6,  9,  3,  5,  6,  8,  2,
        3,  5,  4,  9,  9,  4,  1,  6,  6,  8,  9,  9, 11,  9, 11,  3, 11,
        9,  6,  9,  3,  9,  7, 11,  9, 11, 11,  6,  9,  6,  5,  1, 11,  5]), 'threshold': [-0.82983617688252687, -1.5117670512970456, -1.5720063596563343, -1.6298603505388627, -1.3887661818132939, -1.1323552403380828, -1.4559329300308519, -1.2705813731319218, -0.69579365981342667, -1.1469456611096609, -1.4933568855063344, -1.618370385774665, -1.2464211913575993, -1.4066240172310083, -1.4771657402880749, -1.5405384043261152, -1.0608228523519327, -1.2979985853858249, -1.4082542808160798, -1.3375469461350982, -1.5729523864178077, -1.6377968920229067, -1.3727934674994848, -0.63256709777518916, -1.5047495621109721, -1.4926255518607914, -1.5496921539419155, -1.6358605464401443, -1.631157365915171, -1.677703433217812, -1.5691382294041825, -1.682017794087582, -1.2935646358905772, -1.6751218979693014, -1.5807889142054101, -1.4352651054462575, -1.5914192431306038, -1.2996302203817964, -1.5619776042594955, -1.5201465432478436, -1.6679690304660075, -1.6405591655719831, -1.6696409061770137, -1.7203854845685913, -1.4523009338250057, -1.6150284179281591, -1.4971565775133628, -1.4108363105258523, -0.75218694124228369, -1.6653027164304146, -1.3945642024230274], 'fneg': array([3, 0, 0, 0, 0, 2, 0, 1, 3, 2, 0, 0, 1, 0, 0, 0, 2, 1, 0, 1, 0, 0, 0,
       3, 0, 0, 0, 0, 0, 0, 0, 0, 1, 0, 0, 0, 0, 1, 0, 0, 0, 0, 0, 0, 0, 0,
       0, 0, 3, 0, 0]), 'sensitivity': array([0.92857143, 1.0, 1.0, 1.0, 1.0, 1.0, 1.0, 1.0, 0.92857143, 1.0, 1.0,
       1.0, 1.0, 1.0, 1.0, 1.0, 1.0, 1.0, 1.0, 1.0, 1.0, 1.0, 1.0,
       0.85714286, 1.0, 1.0, 1.0, 1.0, 1.0, 1.0, 1.0, 1.0, 1.0, 1.0, 1.0,
       1.0, 1.0, 1.0, 1.0, 1.0, 1.0, 1.0, 1.0, 1.0, 1.0, 1.0, 1.0, 1.0,
       0.92857143, 1.0, 1.0]), 'tpos': array([1, 4, 4, 4, 4, 2, 4, 3, 1, 2, 4, 4, 3, 4, 4, 4, 2, 3, 4, 3, 4, 4, 4,
       1, 4, 4, 4, 4, 4, 4, 4, 4, 3, 4, 4, 4, 4, 3, 4, 4, 4, 4, 4, 4, 4, 4,
       4, 4, 1, 4, 4])}], <Model object at 0x0000000000000D60>)
#gbm
([{'specificity': array([1.0, 0.73913043, 0.65217391, 0.58695652, 0.7826087, 0.67391304,
       0.7173913, 0.95652174, 0.34782609, 0.54347826, 0.19565217,
       0.41304348, 0.52173913, 0.86956522, 0.23913043, 0.32608696,
       0.2173913, 0.02173913, 0.5, 0.97826087, 0.45652174, 0.93478261,
       0.043478261, 0.30434783, 0.80434783, 0.39130435, 0.63043478,
       0.60869565, 0.086956522, 0.91304348, 0.69565217, 0.84782609,
       0.36956522, 0.82608696, 0.56521739, 0.17391304, 0.13043478,
       0.15217391, 0.2826087, 0.065217391, 0.76086957, 0.43478261,
       0.89130435, 0.26086957, 0.47826087, 0.10869565]), 'tneg': array([10,  5,  5,  5,  5,  5,  5, 10,  3,  5,  2,  4,  5,  9,  3,  3,  2,
        0,  5, 10,  5, 10,  0,  3,  7,  4,  5,  5,  0,  9,  5,  8,  4,  7,
        5,  0,  0,  0,  3,  0,  5,  4,  9,  3,  5,  0]), 'fpos': array([ 1,  6,  6,  6,  6,  6,  6,  1,  8,  6,  9,  7,  6,  2,  8,  8,  9,
       11,  6,  1,  6,  1, 11,  8,  4,  7,  6,  6, 11,  2,  6,  3,  7,  4,
        6, 11, 11, 11,  8, 11,  6,  7,  2,  8,  6, 11]), 'threshold': [-0.29334546747599743, -0.82875358936730681, -0.86069313057462682, -0.89915772589991649, -0.82305155955695164, -0.85157215907625217, -0.83675099785876694, -0.52382661732477176, -0.9569315380442377, -0.92801728988007237, -1.0097964326574649, -0.94243903872714341, -0.93022847524102026, -0.58804894127716245, -1.0011277841629926, -0.97165000286887382, -1.0059138762953968, -1.1200028179060062, -0.93051697643602937, -0.45783154676726118, -0.93532120693445975, -0.54848959503576955, -1.0953313350185481, -0.97765524150666239, -0.73469740050290389, -0.94847228364304959, -0.886580165127239, -0.897131101544801, -1.0714165740286921, -0.580687077477117, -0.84330597698610854, -0.67553008537834636, -0.950392156662707, -0.72272926383751657, -0.92552918023558894, -1.0394212205359481, -1.0531981505408778, -1.0406843976750637, -0.99265092044253245, -1.0944894559869114, -0.82836494392824567, -0.93836777472180011, -0.5817509814675812, -0.99845034855645176, -0.935300425814409, -1.0558254494069252], 'fneg': array([4, 1, 0, 0, 1, 1, 1, 3, 0, 0, 0, 0, 0, 2, 0, 0, 0, 0, 0, 4, 0, 2, 0,
       0, 1, 0, 0, 0, 0, 2, 1, 2, 0, 1, 0, 0, 0, 0, 0, 0, 1, 0, 2, 0, 0, 0]), 'sensitivity': array([0.88888889, 1.0, 1.0, 1.0, 1.0, 1.0, 1.0, 1.0, 1.0, 1.0, 1.0, 1.0,
       1.0, 1.0, 1.0, 1.0, 1.0, 1.0, 1.0, 0.94444444, 1.0, 1.0, 1.0, 1.0,
       1.0, 1.0, 1.0, 1.0, 1.0, 1.0, 1.0, 1.0, 1.0, 1.0, 1.0, 1.0, 1.0,
       1.0, 1.0, 1.0, 1.0, 1.0, 1.0, 1.0, 1.0, 1.0]), 'tpos': array([2, 5, 6, 6, 5, 5, 5, 3, 6, 6, 6, 6, 6, 4, 6, 6, 6, 6, 6, 2, 6, 4, 6,
       6, 5, 6, 6, 6, 6, 4, 5, 4, 6, 5, 6, 6, 6, 6, 6, 6, 5, 6, 4, 6, 6, 6])}, {'specificity': array([1.0, 0.48837209, 0.65116279, 0.6744186, 0.62790698, 0.8372093,
       0.81395349, 0.95348837, 0.34883721, 0.79069767, 0.3255814,
       0.60465116, 0.11627907, 0.20930233, 0.023255814, 0.90697674,
       0.46511628, 0.23255814, 0.74418605, 0.88372093, 0.1627907,
       0.39534884, 0.51162791, 0.76744186, 0.97674419, 0.58139535,
       0.13953488, 0.69767442, 0.72093023, 0.93023256, 0.41860465,
       0.093023256, 0.53488372, 0.18604651, 0.37209302, 0.27906977,
       0.069767442, 0.55813953, 0.25581395, 0.86046512, 0.30232558,
       0.44186047, 0.046511628]), 'tneg': array([12,  3,  4,  4,  4,  7,  6, 11,  0,  6,  0,  4,  0,  0,  0, 10,  1,
        0,  4,  9,  0,  0,  3,  6, 12,  4,  0,  4,  4, 10,  0,  0,  4,  0,
        0,  0,  0,  4,  0,  9,  0,  0,  0]), 'fpos': array([ 2, 11, 10, 10, 10,  7,  8,  3, 14,  8, 14, 10, 14, 14, 14,  4, 13,
       14, 10,  5, 14, 14, 11,  8,  2, 10, 14, 10, 10,  4, 14, 14, 10, 14,
       14, 14, 14, 10, 14,  5, 14, 14, 14]), 'threshold': [-0.17463932220370687, -0.46586016379233891, -0.4438625836882078, -0.43386508146801411, -0.44437307507460538, -0.344187113112946, -0.34971236573460907, -0.27466174873822119, -0.506742776175173, -0.36114908626455577, -0.51243961155070961, -0.45512373237195175, -0.54137287019580382, -0.5265103636768077, -0.5728148488193987, -0.28029068283896541, -0.47930280977211492, -0.52184595209104057, -0.3910821810476508, -0.30727678917612444, -0.53085771403248927, -0.50381212763148675, -0.46506239942065652, -0.36278481993905987, -0.19368828533585097, -0.45777871389652725, -0.53150860604344763, -0.41643501110314773, -0.39127616230661105, -0.277435611368364, -0.49061585080496883, -0.55011320963699306, -0.45870748900461245, -0.527199896126758, -0.50650786871980424, -0.51609797386484613, -0.55469302219030736, -0.45781465645779229, -0.517064215938024, -0.30918176368518524, -0.513012126692325, -0.48982222456390162, -0.5630363181068041], 'fneg': array([1, 0, 0, 0, 0, 0, 0, 1, 0, 0, 0, 0, 0, 0, 0, 1, 0, 0, 0, 1, 0, 0, 0,
       0, 1, 0, 0, 0, 0, 1, 0, 0, 0, 0, 0, 0, 0, 0, 0, 1, 0, 0, 0]), 'sensitivity': array([0.81818182, 1.0, 1.0, 1.0, 1.0, 1.0, 1.0, 1.0, 1.0, 1.0, 1.0, 1.0,
       1.0, 1.0, 1.0, 1.0, 1.0, 1.0, 1.0, 1.0, 1.0, 1.0, 1.0, 1.0,
       0.86363636, 1.0, 1.0, 1.0, 1.0, 1.0, 1.0, 1.0, 1.0, 1.0, 1.0, 1.0,
       1.0, 1.0, 1.0, 1.0, 1.0, 1.0, 1.0]), 'tpos': array([1, 2, 2, 2, 2, 2, 2, 1, 2, 2, 2, 2, 2, 2, 2, 1, 2, 2, 2, 1, 2, 2, 2,
       2, 1, 2, 2, 2, 2, 1, 2, 2, 2, 2, 2, 2, 2, 2, 2, 1, 2, 2, 2])}, {'specificity': array([0.97959184, 0.81632653, 0.57142857, 0.36734694, 0.16326531,
       0.65306122, 0.75510204, 0.89795918, 0.95918367, 0.44897959,
       0.73469388, 0.46938776, 0.71428571, 0.67346939, 0.85714286,
       0.53061224, 0.081632653, 0.020408163, 0.30612245, 0.87755102,
       0.28571429, 0.42857143, 0.59183673, 0.20408163, 0.3877551,
       0.26530612, 0.93877551, 1.0, 0.51020408, 0.63265306, 0.06122449,
       0.48979592, 0.2244898, 0.83673469, 0.79591837, 0.91836735,
       0.7755102, 0.18367347, 0.6122449, 0.32653061, 0.14285714,
       0.34693878, 0.40816327, 0.55102041, 0.69387755, 0.040816327,
       0.12244898, 0.24489796, 0.10204082]), 'tneg': array([8, 4, 3, 1, 0, 4, 4, 6, 8, 1, 4, 1, 4, 4, 6, 3, 0, 0, 1, 6, 1, 1, 3,
       1, 1, 1, 7, 8, 2, 3, 0, 1, 1, 4, 4, 6, 4, 0, 3, 1, 0, 1, 1, 3, 4, 0,
       0, 1, 0]), 'fpos': array([0, 4, 5, 7, 8, 4, 4, 2, 0, 7, 4, 7, 4, 4, 2, 5, 8, 8, 7, 2, 7, 7, 5,
       7, 7, 7, 1, 0, 6, 5, 8, 7, 7, 4, 4, 2, 4, 8, 5, 7, 8, 7, 7, 5, 4, 8,
       8, 7, 8]), 'threshold': [-0.62079053998085132, -0.91346371346260213, -0.96781405930767461, -1.0195305829030037, -1.1024507163767037, -0.94413727944470816, -0.92217398176567467, -0.82996311576946125, -0.620833326497675, -0.99974774895739227, -0.92681498130789319, -0.99638904572442322, -0.93416543318896872, -0.936366099845084, -0.86071863985900876, -0.97129607009227126, -1.1263585283400843, -1.1578267503584154, -1.03431963529531, -0.846417774945467, -1.0461478964476536, -1.0139829967809684, -0.96711828193151039, -1.0851058002820038, -1.0170807173712042, -1.0524237083622567, -0.79506656989015589, -0.26800635766431141, -0.97769914080174258, -0.95773509081875929, -1.1287896761659011, -0.989026184388361, -1.0820272723994273, -0.90540219797700794, -0.92009689132331263, -0.82370475483411032, -0.92064747589259888, -1.101268915283308, -0.96608366369028809, -1.0268797298267711, -1.1054697642127003, -1.022936278083602, -1.0165525056209448, -0.96899449168690721, -0.935392593837839, -1.1572471864074212, -1.1075099919789904, -1.076397227724458, -1.126216656766561], 'fneg': array([5, 2, 0, 0, 0, 1, 2, 4, 5, 0, 2, 0, 1, 1, 4, 0, 0, 0, 0, 4, 0, 0, 0,
       0, 0, 0, 4, 7, 0, 1, 0, 0, 0, 2, 2, 4, 2, 0, 0, 0, 0, 0, 0, 0, 1, 0,
       0, 0, 0]), 'sensitivity': array([0.9375, 1.0, 1.0, 1.0, 1.0, 1.0, 1.0, 1.0, 0.9375, 1.0, 1.0, 1.0,
       1.0, 1.0, 1.0, 1.0, 1.0, 1.0, 1.0, 1.0, 1.0, 1.0, 1.0, 1.0, 1.0,
       1.0, 1.0, 0.5, 1.0, 1.0, 1.0, 1.0, 1.0, 1.0, 1.0, 1.0, 1.0, 1.0,
       1.0, 1.0, 1.0, 1.0, 1.0, 1.0, 1.0, 1.0, 1.0, 1.0, 1.0]), 'tpos': array([3, 6, 8, 8, 8, 7, 6, 4, 3, 8, 6, 8, 7, 7, 4, 8, 8, 8, 8, 4, 8, 8, 8,
       8, 8, 8, 4, 1, 8, 7, 8, 8, 8, 6, 6, 4, 6, 8, 8, 8, 8, 8, 8, 8, 7, 8,
       8, 8, 8])}, {'specificity': array([0.97826087, 0.7173913, 0.58695652, 0.54347826, 0.89130435,
       0.91304348, 0.76086957, 1.0, 0.30434783, 0.2826087, 0.60869565,
       0.63043478, 0.69565217, 0.086956522, 0.80434783, 0.32608696,
       0.26086957, 0.23913043, 0.10869565, 0.52173913, 0.93478261,
       0.19565217, 0.84782609, 0.7826087, 0.043478261, 0.43478261,
       0.95652174, 0.47826087, 0.65217391, 0.45652174, 0.82608696, 0.5,
       0.73913043, 0.86956522, 0.41304348, 0.67391304, 0.02173913,
       0.17391304, 0.34782609, 0.36956522, 0.15217391, 0.56521739,
       0.2173913, 0.13043478, 0.39130435, 0.065217391]), 'tneg': array([ 9,  6,  3,  3,  7,  7,  6, 10,  2,  1,  3,  3,  3,  0,  6,  2,  1,
        1,  0,  3,  8,  1,  7,  6,  0,  3,  9,  3,  3,  3,  7,  3,  6,  7,
        3,  3,  0,  0,  3,  3,  0,  3,  1,  0,  3,  0]), 'fpos': array([ 2,  5,  8,  8,  4,  4,  5,  1,  9, 10,  8,  8,  8, 11,  5,  9, 10,
       10, 11,  8,  3, 10,  4,  5, 11,  8,  2,  8,  8,  8,  4,  8,  5,  4,
        8,  8, 11, 11,  8,  8, 11,  8, 10, 11,  8, 11]), 'threshold': [-0.38164538086015271, -0.43366865441884672, -0.4477580064236974, -0.44962019840944822, -0.41399877035052146, -0.41305305506615231, -0.43136284495456767, -0.37741154328551646, -0.46241877060002345, -0.469237002598085, -0.44740334386105524, -0.4473280633340217, -0.44106007210514342, -0.47859106635211818, -0.42079002572884205, -0.46216906544423469, -0.46936622759594943, -0.4696192547904211, -0.47833468420630909, -0.45243215975396056, -0.40216542266344735, -0.47172241250113711, -0.41773114027734409, -0.42922088752008941, -0.479834431900179, -0.45564548900782453, -0.38514455955056282, -0.45534516790769447, -0.44718420009679766, -0.45561590676711133, -0.41971740214032782, -0.45356379446002726, -0.43327270737795925, -0.41535133514051, -0.45649844143539831, -0.44384808572795237, -0.48644795390722423, -0.4734718950180869, -0.46000353946229111, -0.45941061665387911, -0.47616558237590467, -0.44914335234558511, -0.47058797458508173, -0.47656482539246969, -0.45748238734336305, -0.47975515699641008], 'fneg': array([3, 0, 0, 0, 2, 2, 0, 4, 0, 0, 0, 0, 0, 0, 2, 0, 0, 0, 0, 0, 2, 0, 2,
       0, 0, 0, 3, 0, 0, 0, 2, 0, 0, 2, 0, 0, 0, 0, 0, 0, 0, 0, 0, 0, 0, 0]), 'sensitivity': array([0.94736842, 1.0, 1.0, 1.0, 1.0, 1.0, 1.0, 0.94736842, 1.0, 1.0, 1.0,
       1.0, 1.0, 1.0, 1.0, 1.0, 1.0, 1.0, 1.0, 1.0, 1.0, 1.0, 1.0, 1.0,
       1.0, 1.0, 1.0, 1.0, 1.0, 1.0, 1.0, 1.0, 1.0, 1.0, 1.0, 1.0, 1.0,
       1.0, 1.0, 1.0, 1.0, 1.0, 1.0, 1.0, 1.0, 1.0]), 'tpos': array([2, 5, 5, 5, 3, 3, 5, 1, 5, 5, 5, 5, 5, 5, 3, 5, 5, 5, 5, 5, 3, 5, 3,
       5, 5, 5, 2, 5, 5, 5, 3, 5, 5, 3, 5, 5, 5, 5, 5, 5, 5, 5, 5, 5, 5, 5])}, {'specificity': array([0.29545455, 0.75, 0.20454545, 0.86363636, 0.70454545, 0.79545455,
       1.0, 0.36363636, 0.38636364, 0.68181818, 0.56818182, 0.40909091,
       0.88636364, 0.22727273, 0.59090909, 0.34090909, 0.52272727,
       0.47727273, 0.31818182, 0.65909091, 0.43181818, 0.90909091,
       0.97727273, 0.11363636, 0.5, 0.63636364, 0.022727273, 0.77272727,
       0.27272727, 0.84090909, 0.54545455, 0.61363636, 0.95454545,
       0.81818182, 0.090909091, 0.72727273, 0.18181818, 0.068181818,
       0.15909091, 0.045454545, 0.45454545, 0.93181818, 0.13636364, 0.25]), 'tneg': array([ 3,  6,  3,  9,  6,  6, 11,  3,  4,  6,  4,  4,  9,  3,  4,  3,  4,
        4,  3,  6,  4, 10, 11,  3,  4,  5,  1,  6,  3,  9,  4,  4, 11,  7,
        2,  6,  3,  1,  3,  1,  4, 10,  3,  3]), 'fpos': array([10,  7, 10,  4,  7,  7,  2, 10,  9,  7,  9,  9,  4, 10,  9, 10,  9,
        9, 10,  7,  9,  3,  2, 10,  9,  8, 12,  7, 10,  4,  9,  9,  2,  6,
       11,  7, 10, 12, 10, 12,  9,  3, 10, 10]), 'threshold': [-0.79894807189528971, -0.61836486444935468, -0.81710463851031123, -0.537621226021744, -0.6785837412935195, -0.60634335746904, -0.30767278113525354, -0.79194695002535942, -0.7820822835637149, -0.67978783934054954, -0.727147541320908, -0.7744885441570214, -0.53203747694965819, -0.81357342395658971, -0.724962282836916, -0.79543958231546574, -0.73731998095744611, -0.75535009249981822, -0.79544753849201322, -0.700392894943317, -0.77241589434853331, -0.51358202144967713, -0.39677668997226384, -0.85780322370875939, -0.74706264149597068, -0.71662892652120547, -0.91298732488423417, -0.60948709860018768, -0.810710247801321, -0.54037032695133513, -0.73616032879487547, -0.71965874539734076, -0.40226336124371759, -0.58662752492658887, -0.88823850738451549, -0.66679092618138891, -0.84470476693224872, -0.9030248246479049, -0.84541756839396343, -0.90579341747574538, -0.76389861010985927, -0.48877295452804687, -0.8571313764896451, -0.81330260079239147], 'fneg': array([0, 0, 0, 1, 0, 1, 3, 0, 0, 0, 0, 0, 1, 0, 0, 0, 0, 0, 0, 0, 0, 1, 3,
       0, 0, 0, 0, 1, 0, 1, 0, 0, 3, 1, 0, 0, 0, 0, 0, 0, 0, 1, 0, 0]), 'sensitivity': array([1.0, 1.0, 1.0, 1.0, 1.0, 1.0, 1.0, 1.0, 1.0, 1.0, 1.0, 1.0, 1.0,
       1.0, 1.0, 1.0, 1.0, 1.0, 1.0, 1.0, 1.0, 1.0, 1.0, 1.0, 1.0, 1.0,
       1.0, 1.0, 1.0, 1.0, 1.0, 1.0, 1.0, 1.0, 1.0, 1.0, 1.0, 1.0, 1.0,
       1.0, 1.0, 1.0, 1.0, 1.0]), 'tpos': array([3, 3, 3, 2, 3, 2, 0, 3, 3, 3, 3, 3, 2, 3, 3, 3, 3, 3, 3, 3, 3, 2, 0,
       3, 3, 3, 3, 2, 3, 2, 3, 3, 0, 2, 3, 3, 3, 3, 3, 3, 3, 2, 3, 3])}], <Model object at 0x000000000000108C>)
