#adalasso
([{'specificity': array([0.82258065, 0.93548387, 0.98387097, 0.40322581, 0.75806452,
       0.72580645, 0.20967742, 0.87096774, 0.35483871, 0.20967742,
       0.91935484, 0.90322581, 0.53225806, 0.20967742, 0.27419355,
       0.74193548, 0.33870968, 0.83870968, 0.67741935, 0.20967742,
       0.69354839, 0.5483871, 0.85483871, 0.46774194, 0.79032258,
       0.70967742, 0.30645161, 0.20967742, 0.20967742, 0.77419355,
       0.66129032, 0.48387097, 0.9516129, 0.88709677, 1.0, 0.20967742,
       0.96774194, 0.20967742, 0.51612903, 0.20967742, 0.58064516,
       0.56451613, 0.41935484, 0.20967742, 0.24193548, 0.64516129,
       0.62903226, 0.37096774, 0.80645161, 0.43548387, 0.20967742,
       0.59677419, 0.20967742, 0.22580645, 0.25806452, 0.61290323, 0.5,
       0.38709677, 0.4516129, 0.29032258, 0.32258065, 0.20967742]), 'tneg': array([ 9, 11, 11,  5,  9,  9,  4, 10,  5,  4, 11, 11,  5,  4,  5,  9,  5,
        9,  9,  4,  9,  5,  9,  5,  9,  9,  5,  4,  4,  9,  8,  5, 11, 11,
       11,  4, 11,  4,  5,  4,  5,  5,  5,  4,  4,  8,  8,  5,  9,  5,  4,
        6,  4,  4,  4,  6,  5,  5,  5,  5,  5,  4]), 'fpos': array([3, 1, 1, 7, 3, 3, 8, 2, 7, 8, 1, 1, 7, 8, 7, 3, 7, 3, 3, 8, 3, 7, 3,
       7, 3, 3, 7, 8, 8, 3, 4, 7, 1, 1, 1, 8, 1, 8, 7, 8, 7, 7, 7, 8, 8, 4,
       4, 7, 3, 7, 8, 6, 8, 8, 8, 6, 7, 7, 7, 7, 7, 8]), 'threshold': [0.19323908714835633, 0.20033402666274949, 0.20187425962387101, 0.17573627627018562, 0.1852574577598923, 0.18470389181328506, 0.17539564804063845, 0.19553869125113937, 0.17555422241957899, 0.17539564804063845, 0.19887878481720153, 0.19804109797524702, 0.17696746764545882, 0.17539564804063845, 0.17541576569355211, 0.1848668501082972, 0.17543791105716619, 0.19347602716288345, 0.18310367504136488, 0.17539564804063845, 0.1833197068372717, 0.17706501323207161, 0.19422104915573141, 0.17609627893274057, 0.18725551837886137, 0.18364422648705503, 0.17542202155288214, 0.17539564804063845, 0.17539564804063845, 0.18627515868580247, 0.18182902903511997, 0.17615974219269179, 0.20178810183434962, 0.19737290342210453, 0.2022679448708006, 0.17539564804063845, 0.20183529676265555, 0.17539564804063845, 0.17676597653308071, 0.17539564804063845, 0.17823272565767467, 0.17723861775725411, 0.17582133303010675, 0.17539564804063845, 0.17540262896065498, 0.18162726711156813, 0.18050394895241187, 0.17557989256712733, 0.19125550194994223, 0.17608626448399969, 0.17539564804063845, 0.17874630377707065, 0.17539564804063845, 0.17539892579304645, 0.17540755827249427, 0.17915265761082275, 0.17641881265747053, 0.17564934639669158, 0.17608683158098396, 0.17542100488860282, 0.17542438125859353, 0.17539564804063845], 'fneg': array([4, 4, 4, 1, 3, 3, 0, 4, 1, 0, 4, 4, 1, 0, 1, 3, 1, 4, 3, 0, 3, 1, 4,
       1, 4, 3, 1, 0, 0, 4, 3, 1, 4, 4, 4, 0, 4, 0, 1, 0, 3, 2, 1, 0, 0, 3,
       3, 1, 4, 1, 0, 3, 0, 0, 1, 3, 1, 1, 1, 1, 1, 0]), 'sensitivity': array([1, 1, 1, 1, 1, 1, 1, 1, 1, 1, 1, 1, 1, 1, 1, 1, 1, 1, 1, 1, 1, 1, 1,
       1, 1, 1, 1, 1, 1, 1, 1, 1, 1, 1, 1, 1, 1, 1, 1, 1, 1, 1, 1, 1, 1, 1,
       1, 1, 1, 1, 1, 1, 1, 1, 1, 1, 1, 1, 1, 1, 1, 1]), 'tpos': array([1, 1, 1, 4, 2, 2, 5, 1, 4, 5, 1, 1, 4, 5, 4, 2, 4, 1, 2, 5, 2, 4, 1,
       4, 1, 2, 4, 5, 5, 1, 2, 4, 1, 1, 1, 5, 1, 5, 4, 5, 2, 3, 4, 5, 5, 2,
       2, 4, 1, 4, 5, 2, 5, 5, 4, 2, 4, 4, 4, 4, 4, 5])}, {'specificity': array([0.63492063, 0.6984127, 0.98412698, 0.95238095, 0.53968254,
       0.79365079, 0.9047619, 0.58730159, 0.53968254, 0.65079365,
       0.87301587, 0.53968254, 0.96825397, 0.85714286, 0.93650794,
       0.92063492, 0.53968254, 0.6984127, 0.6984127, 0.6031746, 0.53968254,
       0.53968254, 0.82539683, 0.80952381, 0.53968254, 0.53968254,
       0.53968254, 0.53968254, 0.53968254, 0.53968254, 0.53968254,
       0.76190476, 0.58730159, 0.53968254, 0.85714286, 0.88888889, 1.0,
       0.53968254, 0.74603175, 0.53968254, 0.53968254, 0.58730159,
       0.53968254, 0.53968254, 0.53968254, 0.53968254, 0.53968254,
       0.74603175, 0.53968254, 0.74603175, 0.77777778, 0.53968254,
       0.53968254, 0.53968254, 0.53968254, 0.53968254, 0.53968254,
       0.53968254, 0.53968254, 0.53968254, 0.63492063, 0.53968254,
       0.53968254]), 'tneg': array([10, 10, 11, 11, 10, 10, 11, 10, 10, 10, 11, 10, 11, 11, 11, 11, 10,
       10, 10, 10, 10, 10, 11, 10, 10, 10, 10, 10, 10, 10, 10, 10, 10, 10,
       11, 11, 11, 10, 10, 10, 10, 10, 10, 10, 10, 10, 10, 10, 10, 10, 10,
       10, 10, 10, 10, 10, 10, 10, 10, 10, 10, 10, 10]), 'fpos': array([1, 1, 0, 0, 1, 1, 0, 1, 1, 1, 0, 1, 0, 0, 0, 0, 1, 1, 1, 1, 1, 1, 0,
       1, 1, 1, 1, 1, 1, 1, 1, 1, 1, 1, 0, 0, 0, 1, 1, 1, 1, 1, 1, 1, 1, 1,
       1, 1, 1, 1, 1, 1, 1, 1, 1, 1, 1, 1, 1, 1, 1, 1, 1]), 'threshold': [0.16701884725132038, 0.16733621419156103, 0.19609670879177552, 0.1957376177002487, 0.16654369939522001, 0.17005330793566517, 0.17476912507164599, 0.16670196171884108, 0.16654369939522001, 0.16717747052846441, 0.17329466191286005, 0.16654369939522001, 0.19591710102056242, 0.17313144105472383, 0.18365294627031936, 0.1822899009376158, 0.16654369939522001, 0.16733621419156103, 0.16733621419156103, 0.16686034432614286, 0.16654369939522001, 0.16654369939522001, 0.17280536401180832, 0.17134402844260638, 0.16654369939522001, 0.16654369939522001, 0.16654369939522001, 0.16654369939522001, 0.16654369939522001, 0.16654369939522001, 0.16654369939522001, 0.16797239337951705, 0.16670196171884108, 0.16654369939522001, 0.17313144105472383, 0.17444061430954164, 0.21030101651019453, 0.16654369939522001, 0.16781316783485134, 0.16654369939522001, 0.16654369939522001, 0.16670196171884108, 0.16654369939522001, 0.16654369939522001, 0.16654369939522001, 0.16654369939522001, 0.16654369939522001, 0.16781316783485134, 0.16654369939522001, 0.16781316783485134, 0.16989251261403715, 0.16654369939522001, 0.16654369939522001, 0.16654369939522001, 0.16654369939522001, 0.16654369939522001, 0.16654369939522001, 0.16654369939522001, 0.16654369939522001, 0.16654369939522001, 0.16701884725132038, 0.16654369939522001, 0.16654369939522001], 'fneg': array([1, 1, 5, 5, 1, 2, 3, 1, 1, 1, 2, 1, 5, 2, 4, 4, 1, 1, 1, 1, 1, 1, 2,
       2, 1, 1, 1, 1, 1, 1, 1, 1, 1, 1, 2, 2, 5, 1, 1, 1, 1, 1, 1, 1, 1, 1,
       1, 1, 1, 1, 2, 1, 1, 1, 1, 1, 1, 1, 1, 1, 1, 1, 1]), 'sensitivity': array([1, 1, 1, 1, 1, 1, 1, 1, 1, 1, 1, 1, 1, 1, 1, 1, 1, 1, 1, 1, 1, 1, 1,
       1, 1, 1, 1, 1, 1, 1, 1, 1, 1, 1, 1, 1, 1, 1, 1, 1, 1, 1, 1, 1, 1, 1,
       1, 1, 1, 1, 1, 1, 1, 1, 1, 1, 1, 1, 1, 1, 1, 1, 1]), 'tpos': array([4, 4, 0, 0, 4, 3, 2, 4, 4, 4, 3, 4, 0, 3, 1, 1, 4, 4, 4, 4, 4, 4, 3,
       3, 4, 4, 4, 4, 4, 4, 4, 4, 4, 4, 3, 3, 0, 4, 4, 4, 4, 4, 4, 4, 4, 4,
       4, 4, 4, 4, 3, 4, 4, 4, 4, 4, 4, 4, 4, 4, 4, 4, 4])}, {'specificity': array([0.8125, 0.859375, 0.953125, 0.921875, 0.390625, 0.234375, 0.640625,
       0.703125, 0.75, 0.5625, 0.96875, 0.890625, 0.671875, 0.796875,
       0.328125, 0.546875, 0.359375, 0.53125, 0.15625, 0.484375, 0.3125,
       0.515625, 0.90625, 0.046875, 0.734375, 0.421875, 0.6875, 0.59375,
       0.03125, 0.453125, 0.625, 0.828125, 0.9375, 0.984375, 1.0, 0.875,
       0.5, 0.078125, 0.296875, 0.140625, 0.71875, 0.265625, 0.65625,
       0.203125, 0.015625, 0.40625, 0.84375, 0.46875, 0.578125, 0.28125,
       0.1875, 0.375, 0.34375, 0.21875, 0.609375, 0.171875, 0.25, 0.78125,
       0.125, 0.0625, 0.09375, 0.765625, 0.4375, 0.109375]), 'tneg': array([0, 0, 0, 0, 0, 0, 0, 0, 0, 0, 0, 0, 0, 0, 0, 0, 0, 0, 0, 0, 0, 0, 0,
       0, 0, 0, 0, 0, 0, 0, 0, 0, 0, 0, 0, 0, 0, 0, 0, 0, 0, 0, 0, 0, 0, 0,
       0, 0, 0, 0, 0, 0, 0, 0, 0, 0, 0, 0, 0, 0, 0, 0, 0, 0]), 'fpos': array([14, 14, 14, 14, 14, 14, 14, 14, 14, 14, 14, 14, 14, 14, 14, 14, 14,
       14, 14, 14, 14, 14, 14, 14, 14, 14, 14, 14, 14, 14, 14, 14, 14, 14,
       14, 14, 14, 14, 14, 14, 14, 14, 14, 14, 14, 14, 14, 14, 14, 14, 14,
       14, 14, 14, 14, 14, 14, 14, 14, 14, 14, 14, 14, 14]), 'threshold': [0.35832919638119659, 0.43028824529579579, 0.58214221616531681, 0.53357957357023134, 0.23258527649220437, 0.20034012657194367, 0.28719703438127492, 0.31494118967635781, 0.34057794234623756, 0.25968641205439863, 0.58221972182828108, 0.49346243838476378, 0.2987358677325071, 0.3523378862831788, 0.21238721024796459, 0.25197218755107287, 0.21826557452699191, 0.25064568622559308, 0.19092315336586302, 0.23981080980089059, 0.21055118412952292, 0.24379259752290494, 0.52319183060430696, 0.15673906166354909, 0.3284922649778042, 0.23774063300150797, 0.30043046142092006, 0.27737343406101556, 0.15511144612193467, 0.23800069740095844, 0.28353282841071986, 0.38350648832051731, 0.53821440633678896, 0.61518757394360435, 0.72776393354631197, 0.48780806539397187, 0.24276199044653021, 0.17850812564534407, 0.20935873944913758, 0.18727500983328874, 0.316792351868036, 0.20667224494268596, 0.29130866362543212, 0.19621895587535027, 0.1321584392096862, 0.23286065182985546, 0.41162245433829747, 0.23833966089831768, 0.27476632288981168, 0.20719791438914456, 0.19583512871243883, 0.22229197030580261, 0.21455976883265365, 0.19624943432058328, 0.28026981573394927, 0.19167313598836014, 0.20638292876980557, 0.34925190748700624, 0.18581777984212269, 0.16392222463545972, 0.18285839358712921, 0.34415195230857065, 0.2379067745086712, 0.18375946798414422], 'fneg': array([0, 0, 0, 0, 0, 0, 0, 0, 0, 0, 0, 0, 0, 0, 0, 0, 0, 0, 0, 0, 0, 0, 0,
       0, 0, 0, 0, 0, 0, 0, 0, 0, 0, 0, 0, 0, 0, 0, 0, 0, 0, 0, 0, 0, 0, 0,
       0, 0, 0, 0, 0, 0, 0, 0, 0, 0, 0, 0, 0, 0, 0, 0, 0, 0]), 'sensitivity': array([1, 1, 1, 1, 1, 1, 1, 1, 1, 1, 1, 1, 1, 1, 1, 1, 1, 1, 1, 1, 1, 1, 1,
       1, 1, 1, 1, 1, 1, 1, 1, 1, 1, 1, 1, 1, 1, 1, 1, 1, 1, 1, 1, 1, 1, 1,
       1, 1, 1, 1, 1, 1, 1, 1, 1, 1, 1, 1, 1, 1, 1, 1, 1, 1]), 'tpos': array([1, 1, 1, 1, 1, 1, 1, 1, 1, 1, 1, 1, 1, 1, 1, 1, 1, 1, 1, 1, 1, 1, 1,
       1, 1, 1, 1, 1, 1, 1, 1, 1, 1, 1, 1, 1, 1, 1, 1, 1, 1, 1, 1, 1, 1, 1,
       1, 1, 1, 1, 1, 1, 1, 1, 1, 1, 1, 1, 1, 1, 1, 1, 1, 1])}, {'specificity': array([0.82539683, 0.9047619, 0.88888889, 0.98412698, 0.87301587,
       0.15873016, 0.36507937, 0.80952381, 0.85714286, 0.063492063,
       0.79365079, 0.74603175, 0.34920635, 0.95238095, 0.77777778,
       0.63492063, 0.65079365, 0.42857143, 0.079365079, 0.3968254,
       0.3015873, 0.25396825, 0.73015873, 0.93650794, 0.66666667,
       0.52380952, 0.68253968, 0.11111111, 0.31746032, 0.47619048,
       0.6984127, 0.46031746, 0.41269841, 0.12698413, 0.92063492,
       0.96825397, 1.0, 0.23809524, 0.76190476, 0.50793651, 0.047619048,
       0.44444444, 0.20634921, 0.19047619, 0.015873016, 0.49206349,
       0.22222222, 0.84126984, 0.55555556, 0.71428571, 0.33333333,
       0.26984127, 0.57142857, 0.6031746, 0.58730159, 0.61904762,
       0.17460317, 0.38095238, 0.53968254, 0.28571429, 0.14285714,
       0.095238095, 0.031746032]), 'tneg': array([10, 12, 12, 13, 12,  2,  3, 10, 12,  1, 10,  9,  3, 13, 10,  8,  9,
        4,  2,  3,  3,  3,  9, 13,  9,  7,  9,  2,  3,  6,  9,  5,  3,  2,
       13, 13, 13,  3, 10,  6,  1,  5,  3,  2,  1,  6,  3, 11,  8,  9,  3,
        3,  8,  8,  8,  8,  2,  3,  7,  3,  2,  2,  1]), 'fpos': array([ 3,  1,  1,  0,  1, 11, 10,  3,  1, 12,  3,  4, 10,  0,  3,  5,  4,
        9, 11, 10, 10, 10,  4,  0,  4,  6,  4, 11, 10,  7,  4,  8, 10, 11,
        0,  0,  0, 10,  3,  7, 12,  8, 10, 11, 12,  7, 10,  2,  5,  4, 10,
       10,  5,  5,  5,  5, 11, 10,  6, 10, 11, 11, 12]), 'threshold': [0.55708006739062843, 0.6885396749690289, 0.68637932435223703, 0.81253093122563314, 0.67136543485346534, 0.26215971165755175, 0.27790648212057523, 0.5542596215424207, 0.60865418018301631, 0.24773985630756493, 0.55094079659386952, 0.49143437154531827, 0.27700811467355657, 0.7681643751133711, 0.512005563324329, 0.39341604834709759, 0.40089574969956621, 0.30800896342618761, 0.25805372204111027, 0.29392023889770669, 0.27307318133766972, 0.27075684724525695, 0.47733664430438733, 0.74664054532074275, 0.40561673884702987, 0.33889669493030566, 0.43635319001622991, 0.26086904567644109, 0.27529189919494179, 0.32654308025457868, 0.44246868405705025, 0.32102623243323319, 0.30546372619087758, 0.26151064663740864, 0.73446766385571582, 0.79922064156124939, 0.85308223642803183, 0.26980944334904888, 0.50631338199415488, 0.33190037828144325, 0.24735327158665871, 0.31300459930847369, 0.26801741338730323, 0.26349692842431255, 0.24243951303303479, 0.32719406418009012, 0.26835867956319748, 0.57080091365450658, 0.35027774743623719, 0.4734994841011414, 0.27583544749491296, 0.27146215860531375, 0.353547526766057, 0.36891969833874894, 0.36661420139302892, 0.38093797618647807, 0.26296204501338044, 0.28836513842183215, 0.34091746129734873, 0.27178861871825982, 0.26202256717940892, 0.2584930086282573, 0.24639101173960376], 'fneg': array([3, 3, 3, 3, 3, 1, 2, 3, 3, 0, 3, 3, 2, 3, 3, 2, 3, 2, 1, 2, 1, 1, 3,
       3, 3, 2, 3, 1, 2, 2, 3, 2, 2, 1, 3, 3, 3, 1, 3, 2, 0, 2, 1, 1, 0, 2,
       1, 3, 2, 3, 2, 1, 2, 2, 2, 2, 1, 2, 2, 1, 1, 1, 0]), 'sensitivity': array([1, 1, 1, 1, 1, 1, 1, 1, 1, 1, 1, 1, 1, 1, 1, 1, 1, 1, 1, 1, 1, 1, 1,
       1, 1, 1, 1, 1, 1, 1, 1, 1, 1, 1, 1, 1, 1, 1, 1, 1, 1, 1, 1, 1, 1, 1,
       1, 1, 1, 1, 1, 1, 1, 1, 1, 1, 1, 1, 1, 1, 1, 1, 1]), 'tpos': array([0, 0, 0, 0, 0, 2, 1, 0, 0, 3, 0, 0, 1, 0, 0, 1, 0, 1, 2, 1, 2, 2, 0,
       0, 0, 1, 0, 2, 1, 1, 0, 1, 1, 2, 0, 0, 0, 2, 0, 1, 3, 1, 2, 2, 3, 1,
       2, 0, 1, 0, 1, 2, 1, 1, 1, 1, 2, 1, 1, 2, 2, 2, 3])}, {'specificity': array([0.78125, 0.796875, 0.96875, 0.984375, 0.578125, 0.859375, 0.46875,
       0.484375, 0.765625, 0.890625, 0.75, 0.9375, 0.375, 0.203125, 0.25,
       0.140625, 0.09375, 0.3125, 0.0625, 0.40625, 0.640625, 0.953125,
       0.015625, 0.03125, 0.921875, 0.390625, 0.15625, 0.046875, 0.703125,
       0.515625, 0.234375, 0.8125, 0.65625, 0.59375, 0.90625, 1.0, 0.84375,
       0.734375, 0.265625, 0.125, 0.421875, 0.296875, 0.28125, 0.453125,
       0.328125, 0.609375, 0.5625, 0.6875, 0.671875, 0.359375, 0.875, 0.5,
       0.21875, 0.53125, 0.109375, 0.1875, 0.828125, 0.171875, 0.078125,
       0.4375, 0.546875, 0.71875, 0.625, 0.34375]), 'tneg': array([ 8,  8, 11, 11,  5,  8,  5,  5,  7,  9,  5, 10,  3,  1,  1,  1,  1,
        3,  1,  3,  5, 11,  0,  1,  9,  3,  1,  1,  5,  5,  1,  8,  5,  5,
        9, 11,  8,  5,  1,  1,  4,  3,  2,  4,  3,  5,  5,  5,  5,  3,  9,
        5,  1,  5,  1,  1,  8,  1,  1,  4,  5,  5,  5,  3]), 'fpos': array([ 3,  3,  0,  0,  6,  3,  6,  6,  4,  2,  6,  1,  8, 10, 10, 10, 10,
        8, 10,  8,  6,  0, 11, 10,  2,  8, 10, 10,  6,  6, 10,  3,  6,  6,
        2,  0,  3,  6, 10, 10,  7,  8,  9,  7,  8,  6,  6,  6,  6,  8,  2,
        6, 10,  6, 10, 10,  3, 10, 10,  7,  6,  6,  6,  8]), 'threshold': [0.24362620603820209, 0.24929858977726449, 0.43820448445260191, 0.49197218944406912, 0.20975809598703146, 0.27871905411928533, 0.19333788678475877, 0.19579208570900605, 0.23760936061538826, 0.31137087265528229, 0.22637480941243635, 0.33980263964665258, 0.17806819989521847, 0.16132839055297357, 0.16265180727283105, 0.15778777584255432, 0.15454823275366847, 0.17398233347154149, 0.14669050953277427, 0.18023236745275195, 0.21697849293066795, 0.37547268829402447, 0.13147127545139092, 0.14146969029352824, 0.3163240416843684, 0.17879407093621774, 0.15888652247785284, 0.14460016178681498, 0.22434687300056264, 0.19764737019485806, 0.16231361609496028, 0.25379625840720171, 0.21990675979424945, 0.21062344212144973, 0.31527939270252292, 0.55993725525618809, 0.27300624848138783, 0.22622103358545467, 0.1638294248016641, 0.15581325872246904, 0.18621177236221975, 0.17265549897323748, 0.1679337855930125, 0.19137719779123358, 0.17623169361874372, 0.21404937962493398, 0.20940985516263994, 0.223598806493991, 0.22099911048430124, 0.17714163034830094, 0.30013867319770504, 0.19690016514354997, 0.16224344515589656, 0.2000761311980846, 0.15548740297750543, 0.16008422016955851, 0.25501606318285125, 0.159874721016565, 0.14957077432943214, 0.18757181316480268, 0.20802614831412158, 0.22614328966952904, 0.21527266306136186, 0.17704751471523442], 'fneg': array([2, 2, 4, 4, 0, 2, 0, 0, 1, 2, 1, 3, 0, 0, 0, 0, 0, 0, 0, 0, 0, 3, 0,
       0, 2, 0, 0, 0, 1, 0, 0, 2, 0, 0, 2, 4, 2, 1, 0, 0, 0, 0, 0, 0, 0, 0,
       0, 1, 0, 0, 2, 0, 0, 0, 0, 0, 2, 0, 0, 0, 0, 1, 0, 0]), 'sensitivity': array([1, 1, 1, 1, 1, 1, 1, 1, 1, 1, 1, 1, 1, 1, 1, 1, 1, 1, 1, 1, 1, 1, 1,
       1, 1, 1, 1, 1, 1, 1, 1, 1, 1, 1, 1, 1, 1, 1, 1, 1, 1, 1, 1, 1, 1, 1,
       1, 1, 1, 1, 1, 1, 1, 1, 1, 1, 1, 1, 1, 1, 1, 1, 1, 1]), 'tpos': array([2, 2, 0, 0, 4, 2, 4, 4, 3, 2, 3, 1, 4, 4, 4, 4, 4, 4, 4, 4, 4, 1, 4,
       4, 2, 4, 4, 4, 3, 4, 4, 2, 4, 4, 2, 0, 2, 3, 4, 4, 4, 4, 4, 4, 4, 4,
       4, 3, 4, 4, 2, 4, 4, 4, 4, 4, 2, 4, 4, 4, 4, 3, 4, 4])}], <Model object at 0x00000000000003DC>)
#adalasso
([{'specificity': array([0.85714286, 0.6031746, 0.98412698, 0.96825397, 0.41269841,
       0.9047619, 0.73015873, 0.6984127, 0.47619048, 0.71428571,
       0.77777778, 0.77777778, 0.61904762, 0.95238095, 0.74603175,
       0.82539683, 0.92063492, 0.52380952, 0.50793651, 0.41269841,
       0.41269841, 0.93650794, 0.47619048, 0.41269841, 0.41269841,
       0.87301587, 0.41269841, 0.41269841, 0.41269841, 0.41269841,
       0.58730159, 0.66666667, 0.47619048, 0.82539683, 1.0, 0.57142857,
       0.57142857, 0.41269841, 0.41269841, 0.41269841, 0.47619048,
       0.49206349, 0.41269841, 0.57142857, 0.68253968, 0.41269841,
       0.41269841, 0.65079365, 0.65079365, 0.41269841, 0.41269841,
       0.88888889, 0.41269841, 0.41269841, 0.41269841, 0.41269841,
       0.41269841, 0.41269841, 0.41269841, 0.79365079, 0.85714286,
       0.41269841, 0.41269841]), 'tneg': array([10,  9, 10, 10,  5, 10,  9,  9,  5,  9,  9,  9,  9, 10,  9,  9, 10,
        9,  8,  5,  5, 10,  5,  5,  5, 10,  5,  5,  5,  5,  9,  9,  5,  9,
       10,  9,  9,  5,  5,  5,  5,  6,  5,  9,  9,  5,  5,  9,  9,  5,  5,
       10,  5,  5,  5,  5,  5,  5,  5,  9, 10,  5,  5]), 'fpos': array([1, 2, 1, 1, 6, 1, 2, 2, 6, 2, 2, 2, 2, 1, 2, 2, 1, 2, 3, 6, 6, 1, 6,
       6, 6, 1, 6, 6, 6, 6, 2, 2, 6, 2, 1, 2, 2, 6, 6, 6, 6, 5, 6, 2, 2, 6,
       6, 2, 2, 6, 6, 1, 6, 6, 6, 6, 6, 6, 6, 2, 1, 6, 6]), 'threshold': [0.33598557757575392, 0.29159073732015228, 0.48578001183853686, 0.48200769613380184, 0.27825663660246053, 0.39064768878578077, 0.31934997138097304, 0.31716509201033982, 0.27926894368179961, 0.31825653202930843, 0.32264220103305108, 0.32264220103305108, 0.29576836415927782, 0.48075069192559194, 0.32154281440388915, 0.33039244025099374, 0.3942491966134965, 0.28334064401078002, 0.28231935904029148, 0.27825663660246053, 0.27825663660246053, 0.40876685743995461, 0.27926894368179961, 0.27825663660246053, 0.27825663660246053, 0.34389361088704179, 0.27825663660246053, 0.27825663660246053, 0.27825663660246053, 0.27825663660246053, 0.28744803276696179, 0.31390285072314689, 0.27926894368179961, 0.33039244025099374, 0.51975215992405033, 0.28641785980981171, 0.28641785980981171, 0.27825663660246053, 0.27825663660246053, 0.27825663660246053, 0.27926894368179961, 0.28028350337856123, 0.27825663660246053, 0.28641785980981171, 0.31607565964211742, 0.27825663660246053, 0.27825663660246053, 0.29998049882873429, 0.29998049882873429, 0.27825663660246053, 0.27825663660246053, 0.36930010167048877, 0.27825663660246053, 0.27825663660246053, 0.27825663660246053, 0.27825663660246053, 0.27825663660246053, 0.27825663660246053, 0.27825663660246053, 0.32927948289150799, 0.33598557757575392, 0.27825663660246053, 0.27825663660246053], 'fneg': array([4, 3, 6, 6, 2, 6, 3, 3, 3, 3, 3, 3, 3, 6, 3, 3, 6, 3, 3, 2, 2, 6, 3,
       2, 2, 4, 2, 2, 2, 2, 3, 3, 3, 3, 6, 3, 3, 2, 2, 2, 3, 3, 2, 3, 3, 2,
       2, 3, 3, 2, 2, 6, 2, 2, 2, 2, 2, 2, 2, 3, 4, 2, 2]), 'sensitivity': array([1, 1, 1, 1, 1, 1, 1, 1, 1, 1, 1, 1, 1, 1, 1, 1, 1, 1, 1, 1, 1, 1, 1,
       1, 1, 1, 1, 1, 1, 1, 1, 1, 1, 1, 1, 1, 1, 1, 1, 1, 1, 1, 1, 1, 1, 1,
       1, 1, 1, 1, 1, 1, 1, 1, 1, 1, 1, 1, 1, 1, 1, 1, 1]), 'tpos': array([2, 3, 0, 0, 4, 0, 3, 3, 3, 3, 3, 3, 3, 0, 3, 3, 0, 3, 3, 4, 4, 0, 3,
       4, 4, 2, 4, 4, 4, 4, 3, 3, 3, 3, 0, 3, 3, 4, 4, 4, 3, 3, 4, 3, 3, 4,
       4, 3, 3, 4, 4, 0, 4, 4, 4, 4, 4, 4, 4, 3, 2, 4, 4])}, {'specificity': array([0.90625, 0.375, 0.921875, 0.1875, 0.734375, 0.828125, 0.484375,
       0.78125, 0.109375, 0.8125, 0.71875, 0.890625, 0.84375, 0.234375,
       0.984375, 0.765625, 0.875, 0.640625, 0.359375, 0.59375, 0.390625,
       0.25, 0.796875, 0.203125, 0.171875, 0.75, 0.96875, 0.265625, 0.5,
       0.09375, 0.296875, 0.328125, 0.28125, 0.078125, 0.859375, 1.0,
       0.5625, 0.515625, 0.53125, 0.609375, 0.03125, 0.15625, 0.46875,
       0.140625, 0.671875, 0.6875, 0.953125, 0.65625, 0.40625, 0.578125,
       0.3125, 0.546875, 0.4375, 0.421875, 0.625, 0.703125, 0.046875,
       0.453125, 0.125, 0.34375, 0.9375, 0.21875, 0.0625, 0.03125]), 'tneg': array([0, 0, 0, 0, 0, 0, 0, 0, 0, 0, 0, 0, 0, 0, 0, 0, 0, 0, 0, 0, 0, 0, 0,
       0, 0, 0, 0, 0, 0, 0, 0, 0, 0, 0, 0, 0, 0, 0, 0, 0, 0, 0, 0, 0, 0, 0,
       0, 0, 0, 0, 0, 0, 0, 0, 0, 0, 0, 0, 0, 0, 0, 0, 0, 0]), 'fpos': array([11, 11, 11, 11, 11, 11, 11, 11, 11, 11, 11, 11, 11, 11, 11, 11, 11,
       11, 11, 11, 11, 11, 11, 11, 11, 11, 11, 11, 11, 11, 11, 11, 11, 11,
       11, 11, 11, 11, 11, 11, 11, 11, 11, 11, 11, 11, 11, 11, 11, 11, 11,
       11, 11, 11, 11, 11, 11, 11, 11, 11, 11, 11, 11, 11]), 'threshold': [0.27991232638660513, 0.26191819278468342, 0.28076330393500132, 0.2592704426645806, 0.26819470954560226, 0.2761601922649603, 0.26241697135871095, 0.27145410589419966, 0.25878038993990082, 0.27384260460482446, 0.26782191793826876, 0.27839804433133492, 0.27754523593154423, 0.25962160421913116, 0.28785778084666003, 0.27023976844878833, 0.27825239029643462, 0.26597332181600708, 0.26179037452644477, 0.2644819444132383, 0.26194986639253809, 0.26016459919133872, 0.27315345824127696, 0.25956017668317583, 0.25923094875278146, 0.26910584692094358, 0.28671967784874269, 0.26047598929231502, 0.26259431798019339, 0.25877626636234297, 0.26071522963038429, 0.26085283393403808, 0.26053272351275919, 0.25876597246107585, 0.27808020948004847, 0.29595296855377701, 0.2639357287744642, 0.26273192426958331, 0.26322148749719254, 0.26502254276049414, 0.25871255646302366, 0.2591960572664892, 0.26241264759180255, 0.25887158164099477, 0.26697370183594571, 0.2670818583493883, 0.28293805539498568, 0.26631522437797323, 0.26195162722948928, 0.26397021845008806, 0.26076490453881912, 0.26375592680186488, 0.26205950357967517, 0.2620528451352121, 0.26525807328699752, 0.26750926051165447, 0.25871387711975791, 0.26211769625558273, 0.25878866926581467, 0.26161215349710015, 0.28125675586255089, 0.25957130139782825, 0.25871400023204999, 0.25871255646302366], 'fneg': array([0, 0, 0, 0, 0, 0, 0, 0, 0, 0, 0, 0, 0, 0, 0, 0, 0, 0, 0, 0, 0, 0, 0,
       0, 0, 0, 0, 0, 0, 0, 0, 0, 0, 0, 0, 0, 0, 0, 0, 0, 0, 0, 0, 0, 0, 0,
       0, 0, 0, 0, 0, 0, 0, 0, 0, 0, 0, 0, 0, 0, 0, 0, 0, 0]), 'sensitivity': array([1, 1, 1, 1, 1, 1, 1, 1, 1, 1, 1, 1, 1, 1, 1, 1, 1, 1, 1, 1, 1, 1, 1,
       1, 1, 1, 1, 1, 1, 1, 1, 1, 1, 1, 1, 1, 1, 1, 1, 1, 1, 1, 1, 1, 1, 1,
       1, 1, 1, 1, 1, 1, 1, 1, 1, 1, 1, 1, 1, 1, 1, 1, 1, 1]), 'tpos': array([5, 5, 5, 5, 5, 5, 5, 5, 5, 5, 5, 5, 5, 5, 5, 5, 5, 5, 5, 5, 5, 5, 5,
       5, 5, 5, 5, 5, 5, 5, 5, 5, 5, 5, 5, 5, 5, 5, 5, 5, 5, 5, 5, 5, 5, 5,
       5, 5, 5, 5, 5, 5, 5, 5, 5, 5, 5, 5, 5, 5, 5, 5, 5, 5])}, {'specificity': array([0.859375, 0.828125, 0.96875, 0.953125, 0.40625, 0.796875, 0.890625,
       0.484375, 0.484375, 0.5625, 0.703125, 0.734375, 0.734375, 0.65625,
       0.9375, 0.765625, 0.90625, 0.78125, 0.59375, 0.59375, 0.5625,
       0.515625, 0.875, 0.921875, 0.484375, 0.40625, 0.40625, 0.859375,
       0.40625, 0.40625, 0.40625, 0.40625, 0.640625, 0.484375, 0.984375,
       1.0, 0.40625, 0.625, 0.40625, 0.40625, 0.40625, 0.40625, 0.484375,
       0.515625, 0.40625, 0.40625, 0.40625, 0.625, 0.40625, 0.40625,
       0.6875, 0.6875, 0.40625, 0.40625, 0.40625, 0.40625, 0.40625,
       0.40625, 0.40625, 0.75, 0.828125, 0.40625, 0.53125, 0.40625]), 'tneg': array([10, 10, 11, 11,  0, 10, 11,  7,  7,  7,  8, 10, 10,  8, 11, 10, 11,
       10,  7,  7,  7,  7, 10, 11,  7,  0,  0, 10,  0,  0,  0,  0,  8,  7,
       11, 11,  0,  8,  0,  0,  0,  0,  7,  7,  0,  0,  0,  8,  0,  0,  8,
        8,  0,  0,  0,  0,  0,  0,  0, 10, 10,  0,  7,  0]), 'fpos': array([ 1,  1,  0,  0, 11,  1,  0,  4,  4,  4,  3,  1,  1,  3,  0,  1,  0,
        1,  4,  4,  4,  4,  1,  0,  4, 11, 11,  1, 11, 11, 11, 11,  3,  4,
        0,  0, 11,  3, 11, 11, 11, 11,  4,  4, 11, 11, 11,  3, 11, 11,  3,
        3, 11, 11, 11, 11, 11, 11, 11,  1,  1, 11,  4, 11]), 'threshold': [0.32406016585690783, 0.3214815112280307, 0.36865308490402693, 0.36747714563126355, 0.30196128814162576, 0.32037968487957663, 0.33899759377570871, 0.30231662689562361, 0.30231662689562361, 0.30338406311966759, 0.31562831734193969, 0.31708623625307542, 0.31708623625307542, 0.30803407205899586, 0.36708551522533772, 0.31964624420645515, 0.34013140453276336, 0.32001285330754042, 0.30374034761635194, 0.30374034761635194, 0.30338406311966759, 0.30267220248918442, 0.32590863575281465, 0.34468488929903773, 0.30231662689562361, 0.30196128814162576, 0.30196128814162576, 0.32406016585690783, 0.30196128814162576, 0.30196128814162576, 0.30196128814162576, 0.30196128814162576, 0.30516784046187651, 0.30231662689562361, 0.37930541530126682, 0.39812345599160015, 0.30196128814162576, 0.30481061456912306, 0.30196128814162576, 0.30196128814162576, 0.30196128814162576, 0.30196128814162576, 0.30231662689562361, 0.30267220248918442, 0.30196128814162576, 0.30196128814162576, 0.30196128814162576, 0.30481061456912306, 0.30196128814162576, 0.30196128814162576, 0.30947277491778319, 0.30947277491778319, 0.30196128814162576, 0.30196128814162576, 0.30196128814162576, 0.30196128814162576, 0.30196128814162576, 0.30196128814162576, 0.30196128814162576, 0.3192798578941301, 0.3214815112280307, 0.30196128814162576, 0.3030280146537338, 0.30196128814162576], 'fneg': array([5, 5, 5, 5, 0, 5, 5, 0, 0, 0, 4, 4, 4, 1, 5, 5, 5, 5, 0, 0, 0, 0, 5,
       5, 0, 0, 0, 5, 0, 0, 0, 0, 0, 0, 5, 5, 0, 0, 0, 0, 0, 0, 0, 0, 0, 0,
       0, 0, 0, 0, 1, 1, 0, 0, 0, 0, 0, 0, 0, 4, 5, 0, 0, 0]), 'sensitivity': array([1, 1, 1, 1, 1, 1, 1, 1, 1, 1, 1, 1, 1, 1, 1, 1, 1, 1, 1, 1, 1, 1, 1,
       1, 1, 1, 1, 1, 1, 1, 1, 1, 1, 1, 1, 1, 1, 1, 1, 1, 1, 1, 1, 1, 1, 1,
       1, 1, 1, 1, 1, 1, 1, 1, 1, 1, 1, 1, 1, 1, 1, 1, 1, 1]), 'tpos': array([0, 0, 0, 0, 5, 0, 0, 5, 5, 5, 1, 1, 1, 4, 0, 0, 0, 0, 5, 5, 5, 5, 0,
       0, 5, 5, 5, 0, 5, 5, 5, 5, 5, 5, 0, 0, 5, 5, 5, 5, 5, 5, 5, 5, 5, 5,
       5, 5, 5, 5, 4, 4, 5, 5, 5, 5, 5, 5, 5, 1, 0, 5, 5, 5])}, {'specificity': array([0.90625, 0.578125, 0.875, 0.96875, 0.9375, 0.15625, 0.703125,
       0.890625, 0.546875, 0.78125, 0.109375, 0.796875, 0.671875, 0.828125,
       0.8125, 0.625, 0.734375, 0.859375, 0.71875, 0.53125, 0.359375,
       0.234375, 0.765625, 0.171875, 0.140625, 0.75, 0.953125, 0.40625,
       0.078125, 0.609375, 0.46875, 0.3125, 0.265625, 0.296875, 0.375,
       0.84375, 0.984375, 1.0, 0.5, 0.453125, 0.484375, 0.03125, 0.21875,
       0.5625, 0.28125, 0.390625, 0.125, 0.921875, 0.421875, 0.4375, 0.25,
       0.203125, 0.6875, 0.328125, 0.640625, 0.65625, 0.59375, 0.046875,
       0.34375, 0.09375, 0.515625, 0.1875, 0.0625, 0.03125]), 'tneg': array([0, 0, 0, 0, 0, 0, 0, 0, 0, 0, 0, 0, 0, 0, 0, 0, 0, 0, 0, 0, 0, 0, 0,
       0, 0, 0, 0, 0, 0, 0, 0, 0, 0, 0, 0, 0, 0, 0, 0, 0, 0, 0, 0, 0, 0, 0,
       0, 0, 0, 0, 0, 0, 0, 0, 0, 0, 0, 0, 0, 0, 0, 0, 0, 0]), 'fpos': array([11, 11, 11, 11, 11, 11, 11, 11, 11, 11, 11, 11, 11, 11, 11, 11, 11,
       11, 11, 11, 11, 11, 11, 11, 11, 11, 11, 11, 11, 11, 11, 11, 11, 11,
       11, 11, 11, 11, 11, 11, 11, 11, 11, 11, 11, 11, 11, 11, 11, 11, 11,
       11, 11, 11, 11, 11, 11, 11, 11, 11, 11, 11, 11, 11]), 'threshold': [0.37870638914046056, 0.30582957428799595, 0.37166098097441985, 0.45091462749931338, 0.41018294978998349, 0.28535786479537789, 0.32959764170032052, 0.37215558516354713, 0.30477075531891978, 0.3395471402836156, 0.28373321460263695, 0.34144710105308856, 0.31854069413473579, 0.36754345514837605, 0.36496661176977901, 0.31411340542948896, 0.33558162431308497, 0.36934231494931513, 0.33177308687896617, 0.3045487581018852, 0.29633109089686499, 0.28944708797585067, 0.33893877852659099, 0.28643270026852696, 0.28521148039644367, 0.33630085477982591, 0.41904606082358004, 0.29778504582422405, 0.28352841142850976, 0.30986694773367157, 0.30115501313613896, 0.2955944839777872, 0.29144573099597587, 0.29298414215285806, 0.29662743226436372, 0.36864530335225493, 0.4655340044068893, 0.48908145716167906, 0.30285821832185278, 0.29986854156960152, 0.30172305269287891, 0.28329290717096334, 0.28919472299114252, 0.30534282610278074, 0.29173043272669469, 0.29710047500594766, 0.28388089555077495, 0.38553195997820883, 0.29801113640550181, 0.29945969365107367, 0.29091937209553831, 0.28842142784260927, 0.31874974811107709, 0.29577148923760005, 0.31423397520264257, 0.31652537278928711, 0.30635466733037819, 0.28329778817357254, 0.29599032753310983, 0.28357426824533438, 0.30288544492923841, 0.28704642870282504, 0.28329824318488167, 0.28329290717096334], 'fneg': array([0, 0, 0, 0, 0, 0, 0, 0, 0, 0, 0, 0, 0, 0, 0, 0, 0, 0, 0, 0, 0, 0, 0,
       0, 0, 0, 0, 0, 0, 0, 0, 0, 0, 0, 0, 0, 0, 0, 0, 0, 0, 0, 0, 0, 0, 0,
       0, 0, 0, 0, 0, 0, 0, 0, 0, 0, 0, 0, 0, 0, 0, 0, 0, 0]), 'sensitivity': array([1, 1, 1, 1, 1, 1, 1, 1, 1, 1, 1, 1, 1, 1, 1, 1, 1, 1, 1, 1, 1, 1, 1,
       1, 1, 1, 1, 1, 1, 1, 1, 1, 1, 1, 1, 1, 1, 1, 1, 1, 1, 1, 1, 1, 1, 1,
       1, 1, 1, 1, 1, 1, 1, 1, 1, 1, 1, 1, 1, 1, 1, 1, 1, 1]), 'tpos': array([5, 5, 5, 5, 5, 5, 5, 5, 5, 5, 5, 5, 5, 5, 5, 5, 5, 5, 5, 5, 5, 5, 5,
       5, 5, 5, 5, 5, 5, 5, 5, 5, 5, 5, 5, 5, 5, 5, 5, 5, 5, 5, 5, 5, 5, 5,
       5, 5, 5, 5, 5, 5, 5, 5, 5, 5, 5, 5, 5, 5, 5, 5, 5, 5])}, {'specificity': array([0.89230769, 0.92307692, 0.93846154, 0.83076923, 0.67692308,
       0.32307692, 0.81538462, 0.86153846, 0.78461538, 0.50769231,
       0.076923077, 0.90769231, 0.8, 0.18461538, 0.6, 0.41538462,
       0.84615385, 0.27692308, 0.21538462, 0.69230769, 0.33846154,
       0.24615385, 0.56923077, 0.43076923, 0.35384615, 0.4, 0.076923077,
       0.076923077, 0.87692308, 0.98461538, 1.0, 0.58461538, 0.53846154,
       0.64615385, 0.076923077, 0.30769231, 0.61538462, 0.2, 0.38461538,
       0.49230769, 0.15384615, 0.75384615, 0.72307692, 0.95384615,
       0.52307692, 0.70769231, 0.55384615, 0.36923077, 0.29230769,
       0.23076923, 0.46153846, 0.44615385, 0.66153846, 0.73846154,
       0.76923077, 0.63076923, 0.092307692, 0.47692308, 0.13846154,
       0.16923077, 0.12307692, 0.96923077, 0.26153846, 0.10769231,
       0.076923077]), 'tneg': array([0, 0, 0, 0, 0, 0, 0, 0, 0, 0, 0, 0, 0, 0, 0, 0, 0, 0, 0, 0, 0, 0, 0,
       0, 0, 0, 0, 0, 0, 0, 0, 0, 0, 0, 0, 0, 0, 0, 0, 0, 0, 0, 0, 0, 0, 0,
       0, 0, 0, 0, 0, 0, 0, 0, 0, 0, 0, 0, 0, 0, 0, 0, 0, 0, 0]), 'fpos': array([11, 11, 11, 11, 11, 11, 11, 11, 11, 11, 11, 11, 11, 11, 11, 11, 11,
       11, 11, 11, 11, 11, 11, 11, 11, 11, 11, 11, 11, 11, 11, 11, 11, 11,
       11, 11, 11, 11, 11, 11, 11, 11, 11, 11, 11, 11, 11, 11, 11, 11, 11,
       11, 11, 11, 11, 11, 11, 11, 11, 11, 11, 11, 11, 11, 11]), 'threshold': [0.31583340008828614, 0.3210798364128446, 0.32226263650799397, 0.30861660028620425, 0.29940682709807015, 0.29187918234203175, 0.30533396811027658, 0.31180619836715157, 0.30264296941329566, 0.29498187578765145, 0.2895084145364184, 0.31809918359507344, 0.30322063870565452, 0.29009166077295312, 0.29762530993118197, 0.29388738318020136, 0.31070214560623444, 0.29075826980935748, 0.29027274562526584, 0.29953939932120144, 0.29203010943740093, 0.29041865341424727, 0.2965541830757758, 0.29437711213526169, 0.29246228412348596, 0.29274344528107105, 0.2895084145364184, 0.2895084145364184, 0.31412340404734812, 0.32290390922506601, 0.32332229462037781, 0.2972182657482641, 0.29552489997987458, 0.29882480288237806, 0.2895084145364184, 0.29185358466787714, 0.29818477281396033, 0.29014244370646364, 0.29254521799337624, 0.29496812996098365, 0.2897428644074892, 0.30171087657266427, 0.30122590655456077, 0.32238118586023795, 0.29532500814615181, 0.30073662335373375, 0.29559260584124941, 0.2925355892543951, 0.2915473108151192, 0.29036218916747231, 0.29444663134133248, 0.29443679942512502, 0.29917306495090518, 0.3016225320504104, 0.30250345610824808, 0.29857762668220822, 0.28951036149594944, 0.29453256043026199, 0.28962062486138629, 0.2897629665102292, 0.28951555282096553, 0.32289915819179965, 0.29053789636278199, 0.28951054299257223, 0.2895084145364184], 'fneg': array([0, 0, 0, 0, 0, 0, 0, 0, 0, 0, 0, 0, 0, 0, 0, 0, 0, 0, 0, 0, 0, 0, 0,
       0, 0, 0, 0, 0, 0, 0, 0, 0, 0, 0, 0, 0, 0, 0, 0, 0, 0, 0, 0, 0, 0, 0,
       0, 0, 0, 0, 0, 0, 0, 0, 0, 0, 0, 0, 0, 0, 0, 0, 0, 0, 0]), 'sensitivity': array([1, 1, 1, 1, 1, 1, 1, 1, 1, 1, 1, 1, 1, 1, 1, 1, 1, 1, 1, 1, 1, 1, 1,
       1, 1, 1, 1, 1, 1, 1, 1, 1, 1, 1, 1, 1, 1, 1, 1, 1, 1, 1, 1, 1, 1, 1,
       1, 1, 1, 1, 1, 1, 1, 1, 1, 1, 1, 1, 1, 1, 1, 1, 1, 1, 1]), 'tpos': array([4, 4, 4, 4, 4, 4, 4, 4, 4, 4, 4, 4, 4, 4, 4, 4, 4, 4, 4, 4, 4, 4, 4,
       4, 4, 4, 4, 4, 4, 4, 4, 4, 4, 4, 4, 4, 4, 4, 4, 4, 4, 4, 4, 4, 4, 4,
       4, 4, 4, 4, 4, 4, 4, 4, 4, 4, 4, 4, 4, 4, 4, 4, 4, 4, 4])}], <Model object at 0x0000000000000708>)
#adalasso
([{'specificity': array([0.15873016, 1.0, 0.31746032, 0.66666667, 0.6031746, 0.25396825,
       0.22222222, 0.15873016, 0.73015873, 0.79365079, 0.82539683,
       0.84126984, 0.87301587, 0.36507937, 0.65079365, 0.15873016,
       0.26984127, 0.68253968, 0.15873016, 0.77777778, 0.63492063,
       0.61904762, 0.44444444, 0.85714286, 0.76190476, 0.19047619,
       0.41269841, 0.71428571, 0.15873016, 0.52380952, 0.34920635,
       0.15873016, 0.88888889, 0.9047619, 0.92063492, 1.0, 0.15873016, 1.0,
       0.55555556, 0.42857143, 0.15873016, 0.6984127, 0.50793651,
       0.46031746, 0.33333333, 0.23809524, 0.15873016, 0.80952381, 1.0,
       0.58730159, 0.17460317, 0.74603175, 0.38095238, 0.3015873,
       0.57142857, 0.15873016, 0.53968254, 0.49206349, 0.20634921,
       0.47619048, 0.3968254, 1.0, 0.28571429]), 'tneg': array([ 6, 14,  8, 11, 11,  7,  7,  6, 11, 11, 13, 13, 13,  8, 11,  6,  7,
       11,  6, 11, 11, 11,  9, 13, 11,  7,  8, 11,  6,  9,  8,  6, 13, 13,
       13, 14,  6, 14,  9,  9,  6, 11,  9,  9,  8,  7,  6, 13, 14, 10,  6,
       11,  8,  7,  9,  6,  9,  9,  7,  9,  8, 14,  7]), 'fpos': array([8, 0, 6, 3, 3, 7, 7, 8, 3, 3, 1, 1, 1, 6, 3, 8, 7, 3, 8, 3, 3, 3, 5,
       1, 3, 7, 6, 3, 8, 5, 6, 8, 1, 1, 1, 0, 8, 0, 5, 5, 8, 3, 5, 5, 6, 7,
       8, 1, 0, 4, 8, 3, 6, 7, 5, 8, 5, 5, 7, 5, 6, 0, 7]), 'threshold': [0.2612349312897761, 0.31666984008399152, 0.2615571937697907, 0.28092146796568129, 0.27675659063321328, 0.26126405593592106, 0.26125653969729457, 0.2612349312897761, 0.28902851032775329, 0.2992134357160805, 0.30706810739861612, 0.30790231621585401, 0.31440034760462643, 0.26267120926742077, 0.28084258840265491, 0.2612349312897761, 0.26127689650022706, 0.28095244444887763, 0.2612349312897761, 0.29911205265260277, 0.27735005512049127, 0.27708838127200264, 0.26418599679060889, 0.31331528169637923, 0.29851073722645738, 0.26125001529791653, 0.26268467057236983, 0.28605377915097374, 0.2612349312897761, 0.26771790252530331, 0.26266995220324907, 0.2612349312897761, 0.31576095251855757, 0.31660898155573181, 0.31664180927053648, 0.31666984008399152, 0.2612349312897761, 0.31666984008399152, 0.26918763699506626, 0.26409469006749792, 0.2612349312897761, 0.2854917440534922, 0.26754181117698284, 0.26508163044025551, 0.26212302589661302, 0.26126207247048672, 0.2612349312897761, 0.30626457728279721, 0.31666984008399152, 0.27425836543652465, 0.26124886701452488, 0.29444897478755988, 0.26267587091420047, 0.26141096381496454, 0.27127555485309346, 0.2612349312897761, 0.26823175397838017, 0.26673491775773267, 0.26125022407706544, 0.26550317252203859, 0.2626770544048006, 0.31666984008399152, 0.26129486865102058], 'fneg': array([1, 3, 2, 2, 2, 1, 1, 1, 2, 2, 3, 3, 3, 2, 2, 1, 2, 2, 1, 2, 2, 2, 2,
       3, 2, 1, 2, 2, 1, 2, 2, 1, 3, 3, 3, 3, 1, 3, 2, 2, 1, 2, 2, 2, 2, 1,
       1, 2, 3, 2, 1, 2, 2, 2, 2, 1, 2, 2, 1, 2, 2, 3, 2]), 'sensitivity': array([1, 1, 1, 1, 1, 1, 1, 1, 1, 1, 1, 1, 1, 1, 1, 1, 1, 1, 1, 1, 1, 1, 1,
       1, 1, 1, 1, 1, 1, 1, 1, 1, 1, 1, 1, 1, 1, 1, 1, 1, 1, 1, 1, 1, 1, 1,
       1, 1, 1, 1, 1, 1, 1, 1, 1, 1, 1, 1, 1, 1, 1, 1, 1]), 'tpos': array([2, 0, 1, 1, 1, 2, 2, 2, 1, 1, 0, 0, 0, 1, 1, 2, 1, 1, 2, 1, 1, 1, 1,
       0, 1, 2, 1, 1, 2, 1, 1, 2, 0, 0, 0, 0, 2, 0, 1, 1, 2, 1, 1, 1, 1, 2,
       2, 1, 0, 1, 2, 1, 1, 1, 1, 2, 1, 1, 2, 1, 1, 0, 1])}, {'specificity': array([0.21875, 0.921875, 1.0, 0.21875, 0.375, 0.6875, 0.65625, 0.296875,
       0.21875, 0.75, 0.828125, 0.796875, 0.3125, 0.21875, 0.421875,
       0.671875, 0.21875, 0.328125, 0.703125, 0.21875, 0.78125, 0.5, 0.875,
       0.765625, 0.453125, 0.734375, 0.21875, 0.640625, 0.40625, 0.21875,
       0.890625, 0.859375, 0.90625, 1.0, 0.21875, 1.0, 0.8125, 0.578125,
       0.21875, 0.484375, 0.71875, 0.546875, 0.390625, 0.28125, 0.21875,
       0.25, 0.84375, 1.0, 0.359375, 0.625, 0.609375, 0.234375, 0.59375,
       0.5625, 0.53125, 0.265625, 0.46875, 0.515625, 0.4375, 1.0, 0.21875,
       0.34375, 0.21875, 0.21875]), 'tneg': array([ 3, 14, 14,  3,  6, 11,  9,  5,  3, 11, 12, 12,  5,  3,  6, 11,  3,
        5, 11,  3, 12,  7, 13, 12,  7, 11,  3,  9,  6,  3, 14, 12, 14, 14,
        3, 14, 12,  9,  3,  7, 11,  8,  6,  5,  3,  3, 12, 14,  6,  9,  9,
        3,  9,  9,  8,  4,  7,  8,  7, 14,  3,  5,  3,  3]), 'fpos': array([11,  0,  0, 11,  8,  3,  5,  9, 11,  3,  2,  2,  9, 11,  8,  3, 11,
        9,  3, 11,  2,  7,  1,  2,  7,  3, 11,  5,  8, 11,  0,  2,  0,  0,
       11,  0,  2,  5, 11,  7,  3,  6,  8,  9, 11, 11,  2,  0,  8,  5,  5,
       11,  5,  5,  6, 10,  7,  6,  7,  0, 11,  9, 11, 11]), 'threshold': [0.26109412743365201, 0.28461851663898557, 0.28462554725991118, 0.26109412743365201, 0.26123544128424619, 0.26961807551239098, 0.26783227166608636, 0.26110690134531195, 0.26109412743365201, 0.27306965825506591, 0.27910199558794446, 0.27736337994557969, 0.26110770258979865, 0.26109412743365201, 0.26172345889086335, 0.26958433546500538, 0.26109412743365201, 0.26111253298310161, 0.26963132458344979, 0.26109412743365201, 0.27732085804141227, 0.26238584950069621, 0.28323868183923789, 0.27706856800495644, 0.26172935132337338, 0.27180680869632301, 0.26109412743365201, 0.26693884437739496, 0.26172290862916409, 0.26109412743365201, 0.28425017154429716, 0.28034429565994085, 0.2846139745752273, 0.28462554725991118, 0.26109412743365201, 0.28462554725991118, 0.27894626531150457, 0.26456345514160229, 0.26109412743365201, 0.26234596126609067, 0.27156774320780575, 0.26384848658593446, 0.26148340939019976, 0.26110603142452654, 0.26109412743365201, 0.26110051433896819, 0.28031061417083325, 0.28462554725991118, 0.26121927423426139, 0.26675677512924095, 0.26567909931205003, 0.26110023963128398, 0.26546828476335038, 0.26414839400258788, 0.26349739707064812, 0.26110083483150265, 0.2620291758370043, 0.26296072434195811, 0.261726017502936, 0.28462554725991118, 0.26109412743365201, 0.26112041507282352, 0.26109412743365201, 0.26109412743365201], 'fneg': array([0, 2, 2, 0, 0, 0, 0, 0, 0, 0, 0, 0, 0, 0, 0, 0, 0, 0, 0, 0, 0, 0, 1,
       0, 0, 0, 0, 0, 0, 0, 1, 0, 2, 2, 0, 2, 0, 0, 0, 0, 0, 0, 0, 0, 0, 0,
       0, 2, 0, 0, 0, 0, 0, 0, 0, 0, 0, 0, 0, 2, 0, 0, 0, 0]), 'sensitivity': array([1, 1, 1, 1, 1, 1, 1, 1, 1, 1, 1, 1, 1, 1, 1, 1, 1, 1, 1, 1, 1, 1, 1,
       1, 1, 1, 1, 1, 1, 1, 1, 1, 1, 1, 1, 1, 1, 1, 1, 1, 1, 1, 1, 1, 1, 1,
       1, 1, 1, 1, 1, 1, 1, 1, 1, 1, 1, 1, 1, 1, 1, 1, 1, 1]), 'tpos': array([2, 0, 0, 2, 2, 2, 2, 2, 2, 2, 2, 2, 2, 2, 2, 2, 2, 2, 2, 2, 2, 2, 1,
       2, 2, 2, 2, 2, 2, 2, 1, 2, 0, 0, 2, 0, 2, 2, 2, 2, 2, 2, 2, 2, 2, 2,
       2, 0, 2, 2, 2, 2, 2, 2, 2, 2, 2, 2, 2, 0, 2, 2, 2, 2])}, {'specificity': array([0.90625, 0.59375, 0.515625, 0.703125, 0.921875, 0.78125, 0.515625,
       0.515625, 0.53125, 0.5625, 0.78125, 0.6875, 0.515625, 1.0, 0.84375,
       0.859375, 0.953125, 0.9375, 0.515625, 0.515625, 0.59375, 0.515625,
       0.796875, 0.734375, 0.8125, 0.96875, 0.515625, 0.515625, 0.515625,
       0.515625, 0.671875, 0.84375, 0.890625, 0.890625, 0.984375, 0.515625,
       0.65625, 0.65625, 0.515625, 0.515625, 0.515625, 0.515625, 0.515625,
       0.515625, 0.515625, 0.515625, 0.515625, 0.65625, 0.75, 0.515625,
       0.515625, 0.65625, 0.515625, 0.515625, 0.515625, 0.515625, 0.515625,
       0.515625, 0.515625, 0.71875, 0.546875, 0.515625, 0.515625, 0.515625]), 'tneg': array([12, 11, 10, 12, 12, 12, 10, 10, 10, 10, 12, 11, 10, 12, 12, 12, 12,
       12, 10, 10, 11, 10, 12, 12, 12, 12, 10, 10, 10, 10, 11, 12, 12, 12,
       12, 10, 11, 11, 10, 10, 10, 10, 10, 10, 10, 10, 10, 11, 12, 10, 10,
       11, 10, 10, 10, 10, 10, 10, 10, 12, 10, 10, 10, 10]), 'fpos': array([1, 2, 3, 1, 1, 1, 3, 3, 3, 3, 1, 2, 3, 1, 1, 1, 1, 1, 3, 3, 2, 3, 1,
       1, 1, 1, 3, 3, 3, 3, 2, 1, 1, 1, 1, 3, 2, 2, 3, 3, 3, 3, 3, 3, 3, 3,
       3, 2, 1, 3, 3, 2, 3, 3, 3, 3, 3, 3, 3, 1, 3, 3, 3, 3]), 'threshold': [0.25316264913634146, 0.24088784294686944, 0.23965842810668034, 0.24509997197370434, 0.25958236518357786, 0.24885763734512845, 0.23965842810668034, 0.23965842810668034, 0.23990396694217486, 0.2406416159312765, 0.24885763734512845, 0.24385596554724912, 0.23965842810668034, 0.28492210118884426, 0.24986616247197671, 0.2516376292165956, 0.26610686828655272, 0.2640076965894041, 0.23965842810668034, 0.23965842810668034, 0.24088784294686944, 0.23965842810668034, 0.24936155942147817, 0.24709927915281307, 0.24961377585316003, 0.26848111450394874, 0.23965842810668034, 0.23965842810668034, 0.23965842810668034, 0.23965842810668034, 0.24187446994986664, 0.24986616247197671, 0.25189137525223831, 0.25189137525223831, 0.2800080637031348, 0.23965842810668034, 0.24162755544599082, 0.24162755544599082, 0.23965842810668034, 0.23965842810668034, 0.23965842810668034, 0.23965842810668034, 0.23965842810668034, 0.23965842810668034, 0.23965842810668034, 0.23965842810668034, 0.23965842810668034, 0.24162755544599082, 0.24860593181230348, 0.23965842810668034, 0.23965842810668034, 0.24162755544599082, 0.23965842810668034, 0.23965842810668034, 0.23965842810668034, 0.23965842810668034, 0.23965842810668034, 0.23965842810668034, 0.23965842810668034, 0.24559877290749207, 0.24039556089678116, 0.23965842810668034, 0.23965842810668034, 0.23965842810668034], 'fneg': array([2, 1, 0, 1, 2, 1, 0, 0, 1, 1, 1, 1, 0, 2, 1, 1, 2, 2, 0, 0, 1, 0, 1,
       1, 1, 2, 0, 0, 0, 0, 1, 1, 1, 1, 2, 0, 1, 1, 0, 0, 0, 0, 0, 0, 0, 0,
       0, 1, 1, 0, 0, 1, 0, 0, 0, 0, 0, 0, 0, 1, 1, 0, 0, 0]), 'sensitivity': array([1, 1, 1, 1, 1, 1, 1, 1, 1, 1, 1, 1, 1, 1, 1, 1, 1, 1, 1, 1, 1, 1, 1,
       1, 1, 1, 1, 1, 1, 1, 1, 1, 1, 1, 1, 1, 1, 1, 1, 1, 1, 1, 1, 1, 1, 1,
       1, 1, 1, 1, 1, 1, 1, 1, 1, 1, 1, 1, 1, 1, 1, 1, 1, 1]), 'tpos': array([1, 2, 3, 2, 1, 2, 3, 3, 2, 2, 2, 2, 3, 1, 2, 2, 1, 1, 3, 3, 2, 3, 2,
       2, 2, 1, 3, 3, 3, 3, 2, 2, 2, 2, 1, 3, 2, 2, 3, 3, 3, 3, 3, 3, 3, 3,
       3, 2, 2, 3, 3, 2, 3, 3, 3, 3, 3, 3, 3, 2, 2, 3, 3, 3])}, {'specificity': array([0.5625, 0.96875, 0.390625, 0.875, 0.4375, 0.5, 0.71875, 0.796875,
       0.640625, 0.953125, 0.765625, 0.859375, 0.921875, 0.390625, 0.5625,
       0.5625, 0.453125, 0.390625, 0.734375, 0.796875, 0.890625, 0.9375,
       0.390625, 0.390625, 0.390625, 0.5625, 0.390625, 0.625, 0.4375,
       0.765625, 0.859375, 0.859375, 0.984375, 1.0, 0.703125, 0.609375,
       0.390625, 0.390625, 0.390625, 0.4375, 0.390625, 0.390625, 0.390625,
       0.390625, 0.390625, 0.609375, 0.390625, 0.609375, 0.671875,
       0.671875, 0.390625, 0.390625, 0.90625, 0.390625, 0.390625, 0.390625,
       0.390625, 0.8125, 0.6875, 0.390625, 0.484375, 0.484375, 0.390625,
       0.390625]), 'tneg': array([ 5, 10,  5,  9,  5,  5,  7,  8,  6, 10,  8,  8,  9,  5,  5,  5,  5,
        5,  8,  8,  9,  9,  5,  5,  5,  5,  5,  6,  5,  8,  8,  8, 10, 10,
        7,  6,  5,  5,  5,  5,  5,  5,  5,  5,  5,  6,  5,  6,  6,  6,  5,
        5,  9,  5,  5,  5,  5,  8,  7,  5,  5,  5,  5,  5]), 'fpos': array([5, 0, 5, 1, 5, 5, 3, 2, 4, 0, 2, 2, 1, 5, 5, 5, 5, 5, 2, 2, 1, 1, 5,
       5, 5, 5, 5, 4, 5, 2, 2, 2, 0, 0, 3, 4, 5, 5, 5, 5, 5, 5, 5, 5, 5, 4,
       5, 4, 4, 4, 5, 5, 1, 5, 5, 5, 5, 2, 3, 5, 5, 5, 5, 5]), 'threshold': [0.19728227737193216, 0.23259902178057468, 0.19632437252706131, 0.2062603934305722, 0.19651567190856265, 0.19709041478645961, 0.20369282691266097, 0.20448030511173601, 0.19959561752616908, 0.23173479947203973, 0.2042832237400504, 0.20586382942577436, 0.21697531762532757, 0.19632437252706131, 0.19728227737193216, 0.19728227737193216, 0.19670711206919489, 0.19632437252706131, 0.20388948464785509, 0.20448030511173601, 0.20925263922300186, 0.21945644716520429, 0.19632437252706131, 0.19632437252706131, 0.19632437252706131, 0.19728227737193216, 0.19632437252706131, 0.19805113622054471, 0.19651567190856265, 0.2042832237400504, 0.20586382942577436, 0.20586382942577436, 0.23849112825541752, 0.24899000206974675, 0.20290760786408463, 0.19785871020484655, 0.19632437252706131, 0.19632437252706131, 0.19632437252706131, 0.19651567190856265, 0.19632437252706131, 0.19632437252706131, 0.19632437252706131, 0.19632437252706131, 0.19632437252706131, 0.19785871020484655, 0.19632437252706131, 0.19785871020484655, 0.20037124158921046, 0.20037124158921046, 0.19632437252706131, 0.19632437252706131, 0.21268229361899393, 0.19632437252706131, 0.19632437252706131, 0.19632437252706131, 0.19632437252706131, 0.20566575933155318, 0.20212464744588773, 0.19632437252706131, 0.19689869302365623, 0.19689869302365623, 0.19632437252706131, 0.19632437252706131], 'fneg': array([3, 6, 2, 4, 3, 3, 4, 4, 3, 6, 4, 4, 6, 2, 3, 3, 3, 2, 4, 4, 5, 6, 2,
       2, 2, 3, 2, 3, 3, 4, 4, 4, 6, 6, 3, 3, 2, 2, 2, 3, 2, 2, 2, 2, 2, 3,
       2, 3, 3, 3, 2, 2, 5, 2, 2, 2, 2, 4, 3, 2, 3, 3, 2, 2]), 'sensitivity': array([1, 1, 1, 1, 1, 1, 1, 1, 1, 1, 1, 1, 1, 1, 1, 1, 1, 1, 1, 1, 1, 1, 1,
       1, 1, 1, 1, 1, 1, 1, 1, 1, 1, 1, 1, 1, 1, 1, 1, 1, 1, 1, 1, 1, 1, 1,
       1, 1, 1, 1, 1, 1, 1, 1, 1, 1, 1, 1, 1, 1, 1, 1, 1, 1]), 'tpos': array([3, 0, 4, 2, 3, 3, 2, 2, 3, 0, 2, 2, 0, 4, 3, 3, 3, 4, 2, 2, 1, 0, 4,
       4, 4, 3, 4, 3, 3, 2, 2, 2, 0, 0, 3, 3, 4, 4, 4, 3, 4, 4, 4, 4, 4, 3,
       4, 3, 3, 3, 4, 4, 1, 4, 4, 4, 4, 2, 3, 4, 3, 3, 4, 4])}, {'specificity': array([0.26153846, 0.90769231, 1.0, 0.26153846, 0.52307692, 0.73846154,
       0.75384615, 0.4, 0.33846154, 0.26153846, 0.76923077, 0.81538462,
       0.36923077, 0.26153846, 0.98461538, 0.92307692, 0.84615385,
       0.69230769, 0.26153846, 0.26153846, 0.8, 0.66153846, 0.67692308,
       0.30769231, 0.46153846, 0.72307692, 0.26153846, 0.53846154,
       0.64615385, 0.26153846, 0.93846154, 0.86153846, 0.96923077,
       0.26153846, 0.89230769, 0.83076923, 0.58461538, 0.26153846,
       0.49230769, 0.26153846, 0.70769231, 0.55384615, 0.50769231,
       0.35384615, 0.26153846, 0.29230769, 0.26153846, 0.95384615,
       0.41538462, 0.63076923, 0.61538462, 0.27692308, 0.78461538,
       0.43076923, 0.38461538, 0.6, 0.26153846, 0.56923077, 0.32307692,
       0.47692308, 0.44615385, 0.89230769, 0.26153846, 0.26153846,
       0.26153846]), 'tneg': array([0, 8, 9, 0, 6, 6, 6, 2, 0, 0, 6, 6, 0, 0, 9, 8, 8, 6, 0, 0, 6, 6, 6,
       0, 3, 6, 0, 6, 6, 0, 8, 8, 9, 0, 8, 6, 6, 0, 3, 0, 6, 6, 5, 0, 0, 0,
       0, 8, 2, 6, 6, 0, 6, 3, 2, 6, 0, 6, 0, 3, 3, 8, 0, 0, 0]), 'fpos': array([9, 1, 0, 9, 3, 3, 3, 7, 9, 9, 3, 3, 9, 9, 0, 1, 1, 3, 9, 9, 3, 3, 3,
       9, 6, 3, 9, 3, 3, 9, 1, 1, 0, 9, 1, 3, 3, 9, 6, 9, 3, 3, 4, 9, 9, 9,
       9, 1, 7, 3, 3, 9, 3, 6, 7, 3, 9, 3, 9, 6, 6, 1, 9, 9, 9]), 'threshold': [0.20616469225289169, 0.22478450857892945, 0.23845576009983133, 0.20616469225289169, 0.20789762999221453, 0.21502748091858315, 0.2152061714783749, 0.2062481958269661, 0.20617210043396478, 0.20616469225289169, 0.21562052921593164, 0.22051587736429384, 0.20617530354912109, 0.20616469225289169, 0.23526721111404242, 0.22488797656744614, 0.22451945486971969, 0.2138151605561737, 0.20616469225289169, 0.20616469225289169, 0.21888379359993113, 0.21163742582523368, 0.21335288509487455, 0.20616986364354989, 0.20666127891640282, 0.21455361286510249, 0.20616469225289169, 0.20837858094404277, 0.21073778780512695, 0.20616469225289169, 0.22507705655535878, 0.22461375411936355, 0.2322324740116494, 0.20616469225289169, 0.22463355854028808, 0.22077938967509572, 0.20887812139238635, 0.20616469225289169, 0.20714341412184387, 0.20616469225289169, 0.21436606669022196, 0.20839275532280066, 0.20748039428676046, 0.20617399724631288, 0.20616469225289169, 0.20616968470109282, 0.20616469225289169, 0.22683151993777312, 0.20626251759076303, 0.21059519455317663, 0.21034755861009077, 0.206169469970296, 0.21734327985969543, 0.20665826739831275, 0.2062250370849083, 0.20958632582970968, 0.20616469225289169, 0.20855332803408591, 0.20616993522056495, 0.20689570320980003, 0.2066586724276813, 0.22463355854028808, 0.20616469225289169, 0.20616469225289169, 0.20616469225289169], 'fneg': array([0, 4, 6, 0, 0, 3, 3, 0, 0, 0, 3, 3, 0, 0, 5, 4, 4, 3, 0, 0, 3, 1, 3,
       0, 0, 3, 0, 1, 1, 0, 4, 4, 5, 0, 4, 4, 1, 0, 0, 0, 3, 1, 0, 0, 0, 0,
       0, 5, 0, 1, 1, 0, 3, 0, 0, 1, 0, 1, 0, 0, 0, 4, 0, 0, 0]), 'sensitivity': array([1, 1, 1, 1, 1, 1, 1, 1, 1, 1, 1, 1, 1, 1, 1, 1, 1, 1, 1, 1, 1, 1, 1,
       1, 1, 1, 1, 1, 1, 1, 1, 1, 1, 1, 1, 1, 1, 1, 1, 1, 1, 1, 1, 1, 1, 1,
       1, 1, 1, 1, 1, 1, 1, 1, 1, 1, 1, 1, 1, 1, 1, 1, 1, 1, 1]), 'tpos': array([6, 2, 0, 6, 6, 3, 3, 6, 6, 6, 3, 3, 6, 6, 1, 2, 2, 3, 6, 6, 3, 5, 3,
       6, 6, 3, 6, 5, 5, 6, 2, 2, 1, 6, 2, 2, 5, 6, 6, 6, 3, 5, 6, 6, 6, 6,
       6, 1, 6, 5, 5, 6, 3, 6, 6, 5, 6, 5, 6, 6, 6, 2, 6, 6, 6])}], <Model object at 0x0000000000000A34>)
#adalasso
([{'specificity': array([0.95238095, 0.9047619, 0.58730159, 0.98412698, 0.96825397,
       0.15873016, 0.19047619, 0.85714286, 0.87301587, 0.74603175,
       0.41269841, 0.77777778, 0.47619048, 0.63492063, 0.84126984,
       0.76190476, 0.88888889, 0.82539683, 0.031746032, 0.11111111,
       0.57142857, 0.28571429, 0.34920635, 0.17460317, 0.68253968,
       0.52380952, 0.92063492, 0.31746032, 0.3015873, 0.6031746,
       0.44444444, 0.3968254, 0.6984127, 0.93650794, 1.0, 0.23809524,
       0.047619048, 0.12698413, 0.015873016, 0.73015873, 0.66666667,
       0.80952381, 0.38095238, 0.22222222, 0.42857143, 0.79365079,
       0.49206349, 0.65079365, 0.063492063, 0.53968254, 0.14285714,
       0.095238095, 0.079365079, 0.26984127, 0.50793651, 0.71428571,
       0.36507937, 0.61904762, 0.46031746, 0.55555556, 0.20634921,
       0.33333333, 0.25396825]), 'tneg': array([13, 13, 10, 13, 13,  2,  3, 13, 13, 12,  9, 13,  9, 11, 13, 12, 13,
       13,  1,  2, 10,  4,  6,  2, 11,  9, 13,  5,  4, 10,  9,  8, 11, 13,
       14,  4,  1,  2,  1, 12, 11, 13,  7,  4,  9, 13,  9, 11,  1, 10,  2,
        1,  1,  4,  9, 12,  7, 11,  9, 10,  4,  6,  4]), 'fpos': array([ 1,  1,  4,  1,  1, 12, 11,  1,  1,  2,  5,  1,  5,  3,  1,  2,  1,
        1, 13, 12,  4, 10,  8, 12,  3,  5,  1,  9, 10,  4,  5,  6,  3,  1,
        0, 10, 13, 12, 13,  2,  3,  1,  7, 10,  5,  1,  5,  3, 13,  4, 12,
       13, 13, 10,  5,  2,  7,  3,  5,  4, 10,  8, 10]), 'threshold': [0.98038998516431108, 0.9678158060772849, 0.81561768635234111, 0.98996974847087715, 0.98499216700705827, 0.47189495339324944, 0.52973501632259112, 0.96024017647710624, 0.96249947425116855, 0.92628246455191965, 0.6902632956254855, 0.93270983291164855, 0.71414109322849628, 0.85052721041421331, 0.9408598796307287, 0.92927817340617636, 0.9630123341245973, 0.93803623916416734, 0.34878929173416595, 0.41720076656163013, 0.79025078821994865, 0.57396419076984395, 0.61428625152911276, 0.51383347901123355, 0.89446784125861889, 0.75608613167338223, 0.97581152506907387, 0.57832366699957805, 0.57407628766026164, 0.83266562351573992, 0.70310665026119601, 0.65082223031668518, 0.89563574274138225, 0.97990222775052749, 0.99590909983863551, 0.56813633622553117, 0.3498740299317154, 0.41734886822425543, 0.32567281943534387, 0.92360045460149953, 0.88848472200274631, 0.9358454028577039, 0.64040308737927032, 0.56378319505998997, 0.70143393367781237, 0.93406136944551721, 0.73598457786940297, 0.88677237889777261, 0.35112445838595591, 0.77303693460448641, 0.45079003365508663, 0.38150379000035223, 0.37432271197825351, 0.57122136082574726, 0.73872518854520297, 0.90907580055134618, 0.6192011619174701, 0.84624793307457469, 0.71114819701651133, 0.78201764776086702, 0.55476143533357636, 0.60700776590435956, 0.5695581148933635], 'fneg': array([3, 3, 1, 3, 3, 0, 0, 3, 3, 2, 0, 2, 0, 2, 2, 2, 3, 2, 0, 0, 1, 0, 0,
       0, 2, 1, 3, 0, 0, 1, 0, 0, 2, 3, 3, 0, 0, 0, 0, 2, 2, 2, 0, 0, 0, 2,
       0, 2, 0, 1, 0, 0, 0, 0, 0, 2, 0, 2, 0, 1, 0, 0, 0]), 'sensitivity': array([1, 1, 1, 1, 1, 1, 1, 1, 1, 1, 1, 1, 1, 1, 1, 1, 1, 1, 1, 1, 1, 1, 1,
       1, 1, 1, 1, 1, 1, 1, 1, 1, 1, 1, 1, 1, 1, 1, 1, 1, 1, 1, 1, 1, 1, 1,
       1, 1, 1, 1, 1, 1, 1, 1, 1, 1, 1, 1, 1, 1, 1, 1, 1]), 'tpos': array([0, 0, 2, 0, 0, 3, 3, 0, 0, 1, 3, 1, 3, 1, 1, 1, 0, 1, 3, 3, 2, 3, 3,
       3, 1, 2, 0, 3, 3, 2, 3, 3, 1, 0, 0, 3, 3, 3, 3, 1, 1, 1, 3, 3, 3, 1,
       3, 1, 3, 2, 3, 3, 3, 3, 3, 1, 3, 1, 3, 2, 3, 3, 3])}, {'specificity': array([0.859375, 0.90625, 0.890625, 1.0, 0.96875, 0.265625, 0.546875,
       0.703125, 0.75, 0.640625, 0.09375, 0.796875, 0.84375, 0.78125,
       0.6875, 0.734375, 0.921875, 0.03125, 0.46875, 0.71875, 0.8125,
       0.765625, 0.671875, 0.9375, 0.28125, 0.109375, 0.359375, 0.484375,
       0.203125, 0.390625, 0.421875, 0.328125, 0.046875, 0.21875, 0.59375,
       0.875, 0.953125, 0.984375, 0.1875, 0.015625, 0.171875, 0.125,
       0.3125, 0.296875, 0.40625, 0.578125, 0.5, 0.234375, 0.625, 0.609375,
       0.515625, 0.34375, 0.53125, 0.25, 0.375, 0.5625, 0.15625, 0.078125,
       0.453125, 0.65625, 0.828125, 0.4375, 0.140625, 0.0625]), 'tneg': array([11, 12, 12, 12, 12,  1,  6, 10, 10,  9,  0, 11, 11, 11, 10, 10, 12,
        0,  4, 10, 11, 11, 10, 12,  1,  0,  3,  5,  1,  3,  3,  3,  0,  1,
        7, 11, 12, 12,  1,  0,  1,  0,  3,  1,  3,  7,  5,  1,  9,  8,  5,
        3,  6,  1,  3,  6,  1,  0,  4, 10, 11,  4,  0,  0]), 'fpos': array([ 1,  0,  0,  0,  0, 11,  6,  2,  2,  3, 12,  1,  1,  1,  2,  2,  0,
       12,  8,  2,  1,  1,  2,  0, 11, 12,  9,  7, 11,  9,  9,  9, 12, 11,
        5,  1,  0,  0, 11, 12, 11, 12,  9, 11,  9,  5,  7, 11,  3,  4,  7,
        9,  6, 11,  9,  6, 11, 12,  8,  2,  1,  8, 12, 12]), 'threshold': [0.23279607583792342, 0.23720089634181807, 0.2367813565732228, 0.26185372989597722, 0.25967424338223827, 0.21744496608344877, 0.22139969218876815, 0.22614125501228719, 0.2267555418329755, 0.22385422164943586, 0.21574505596400934, 0.22846403519379085, 0.23098426326354357, 0.22753082146303061, 0.22546659043806575, 0.22670022888048577, 0.2409222826232405, 0.21478290373484385, 0.2200835923024102, 0.226222580231775, 0.22883424351662599, 0.22738676229243515, 0.22497547614275879, 0.24169628690144435, 0.2177251456663955, 0.21611913529309798, 0.21929030761793777, 0.22087895055370019, 0.21712985781495633, 0.21957295654137071, 0.21965382243622503, 0.21873882388418975, 0.21499846958504759, 0.21718747994350585, 0.22217100574869775, 0.23347255262305017, 0.24247384977224881, 0.25975909617861459, 0.21696986506433749, 0.21444367220733226, 0.21675216365339514, 0.21645143951200718, 0.21867058812027324, 0.21785330216747725, 0.21963474786801535, 0.22180494547671953, 0.22091202763712889, 0.21726021470888388, 0.2236434327473536, 0.22231839208648346, 0.22103114881465844, 0.21905476163979218, 0.22130791792213175, 0.21735108154535868, 0.21941607610854236, 0.22154474595638202, 0.21658441304992884, 0.21530668321921953, 0.22008066776321383, 0.22496131000837433, 0.23050463124338763, 0.2200274571532555, 0.21650576477255967, 0.21500610985602719], 'fneg': array([2, 4, 4, 4, 4, 1, 1, 1, 1, 1, 0, 1, 1, 1, 1, 1, 4, 0, 1, 1, 1, 1, 1,
       4, 1, 0, 1, 1, 1, 1, 1, 1, 0, 1, 1, 4, 4, 4, 1, 0, 1, 0, 1, 1, 1, 1,
       1, 1, 1, 1, 1, 1, 1, 1, 1, 1, 1, 0, 1, 1, 1, 1, 0, 0]), 'sensitivity': array([1, 1, 1, 1, 1, 1, 1, 1, 1, 1, 1, 1, 1, 1, 1, 1, 1, 1, 1, 1, 1, 1, 1,
       1, 1, 1, 1, 1, 1, 1, 1, 1, 1, 1, 1, 1, 1, 1, 1, 1, 1, 1, 1, 1, 1, 1,
       1, 1, 1, 1, 1, 1, 1, 1, 1, 1, 1, 1, 1, 1, 1, 1, 1, 1]), 'tpos': array([2, 0, 0, 0, 0, 3, 3, 3, 3, 3, 4, 3, 3, 3, 3, 3, 0, 4, 3, 3, 3, 3, 3,
       0, 3, 4, 3, 3, 3, 3, 3, 3, 4, 3, 3, 0, 0, 0, 3, 4, 3, 4, 3, 3, 3, 3,
       3, 3, 3, 3, 3, 3, 3, 3, 3, 3, 3, 4, 3, 3, 3, 3, 4, 4])}, {'specificity': array([0.921875, 0.921875, 0.65625, 1.0, 0.984375, 0.5625, 0.75, 0.9375,
       0.828125, 0.5625, 0.5625, 0.625, 0.671875, 0.734375, 0.859375,
       0.875, 0.953125, 0.5625, 0.5625, 0.640625, 0.5625, 0.5625, 0.796875,
       0.84375, 0.96875, 0.5625, 0.5625, 0.5625, 0.5625, 0.5625, 0.5625,
       0.5625, 0.5625, 0.5625, 0.5625, 0.71875, 0.625, 0.890625, 0.5625,
       0.703125, 0.5625, 0.5625, 0.5625, 0.625, 0.625, 0.5625, 0.5625,
       0.5625, 0.8125, 0.5625, 0.5625, 0.703125, 0.5625, 0.5625, 0.5625,
       0.5625, 0.5625, 0.5625, 0.5625, 0.765625, 0.796875, 0.5625, 0.5625,
       0.5625]), 'tneg': array([13, 13,  7, 13, 13,  0,  9, 13, 10,  0,  0,  6,  7,  9, 12, 13, 13,
        0,  0,  6,  0,  0,  9, 11, 13,  0,  0,  0,  0,  0,  0,  0,  0,  0,
        0,  9,  6, 13,  0,  9,  0,  0,  0,  6,  6,  0,  0,  0,  9,  0,  0,
        9,  0,  0,  0,  0,  0,  0,  0,  9,  9,  0,  0,  0]), 'fpos': array([ 0,  0,  6,  0,  0, 13,  4,  0,  3, 13, 13,  7,  6,  4,  1,  0,  0,
       13, 13,  7, 13, 13,  4,  2,  0, 13, 13, 13, 13, 13, 13, 13, 13, 13,
       13,  4,  7,  0, 13,  4, 13, 13, 13,  7,  7, 13, 13, 13,  4, 13, 13,
        4, 13, 13, 13, 13, 13, 13, 13,  4,  4, 13, 13, 13]), 'threshold': [0.24932894803855998, 0.24932894803855998, 0.23715046938080509, 0.27985131776719208, 0.27932864213189973, 0.23644700764946519, 0.24163914937192949, 0.25544921963739681, 0.24522350386100855, 0.23644700764946519, 0.23644700764946519, 0.23668133473349459, 0.2373852768771767, 0.24045232791908414, 0.24618537107164906, 0.24787474259088829, 0.26166735708294758, 0.23644700764946519, 0.23644700764946519, 0.23691582198837358, 0.23644700764946519, 0.23644700764946519, 0.24354635061684024, 0.24594466627004372, 0.26392965894181075, 0.23644700764946519, 0.23644700764946519, 0.23644700764946519, 0.23644700764946519, 0.23644700764946519, 0.23644700764946519, 0.23644700764946519, 0.23644700764946519, 0.23644700764946519, 0.23644700764946519, 0.23856171471959164, 0.23668133473349459, 0.24811671480048869, 0.23644700764946519, 0.23832610721876307, 0.23644700764946519, 0.23644700764946519, 0.23644700764946519, 0.23668133473349459, 0.23668133473349459, 0.23644700764946519, 0.23644700764946519, 0.23644700764946519, 0.24498343387384597, 0.23644700764946519, 0.23644700764946519, 0.23832610721876307, 0.23644700764946519, 0.23644700764946519, 0.23644700764946519, 0.23644700764946519, 0.23644700764946519, 0.23644700764946519, 0.23644700764946519, 0.24211499406323886, 0.24354635061684024, 0.23644700764946519, 0.23644700764946519, 0.23644700764946519], 'fneg': array([2, 2, 1, 3, 3, 0, 1, 2, 1, 0, 0, 0, 1, 1, 1, 1, 2, 0, 0, 1, 0, 0, 1,
       1, 2, 0, 0, 0, 0, 0, 0, 0, 0, 0, 0, 1, 0, 1, 0, 1, 0, 0, 0, 0, 0, 0,
       0, 0, 1, 0, 0, 1, 0, 0, 0, 0, 0, 0, 0, 1, 1, 0, 0, 0]), 'sensitivity': array([1, 1, 1, 1, 1, 1, 1, 1, 1, 1, 1, 1, 1, 1, 1, 1, 1, 1, 1, 1, 1, 1, 1,
       1, 1, 1, 1, 1, 1, 1, 1, 1, 1, 1, 1, 1, 1, 1, 1, 1, 1, 1, 1, 1, 1, 1,
       1, 1, 1, 1, 1, 1, 1, 1, 1, 1, 1, 1, 1, 1, 1, 1, 1, 1]), 'tpos': array([1, 1, 2, 0, 0, 3, 2, 1, 2, 3, 3, 3, 2, 2, 2, 2, 1, 3, 3, 2, 3, 3, 2,
       2, 1, 3, 3, 3, 3, 3, 3, 3, 3, 3, 3, 2, 3, 2, 3, 2, 3, 3, 3, 3, 3, 3,
       3, 3, 2, 3, 3, 2, 3, 3, 3, 3, 3, 3, 3, 2, 2, 3, 3, 3])}, {'specificity': array([0.90625, 0.578125, 0.515625, 0.984375, 0.609375, 0.875, 0.953125,
       0.734375, 0.6875, 0.40625, 0.359375, 0.40625, 0.46875, 0.703125,
       0.8125, 0.8125, 0.765625, 0.84375, 0.859375, 0.515625, 0.4375,
       0.359375, 0.734375, 0.8125, 0.921875, 0.96875, 0.40625, 0.359375,
       0.359375, 0.90625, 0.359375, 0.359375, 0.359375, 0.359375, 0.515625,
       0.359375, 0.5625, 0.65625, 0.765625, 1.0, 0.65625, 0.546875,
       0.359375, 0.359375, 0.4375, 0.359375, 0.359375, 0.671875, 0.359375,
       0.359375, 0.546875, 0.59375, 0.359375, 0.9375, 0.359375, 0.359375,
       0.359375, 0.359375, 0.359375, 0.828125, 0.625, 0.359375, 0.453125,
       0.359375]), 'tneg': array([10,  9,  9, 11,  9,  9, 10,  9,  9,  7,  7,  7,  9,  9,  9,  9,  9,
        9,  9,  9,  7,  7,  9,  9, 10, 10,  7,  7,  7, 10,  7,  7,  7,  7,
        9,  7,  9,  9,  9, 11,  9,  9,  7,  7,  7,  7,  7,  9,  7,  7,  9,
        9,  7, 10,  7,  7,  7,  7,  7,  9,  9,  7,  8,  7]), 'fpos': array([1, 2, 2, 0, 2, 2, 1, 2, 2, 4, 4, 4, 2, 2, 2, 2, 2, 2, 2, 2, 4, 4, 2,
       2, 1, 1, 4, 4, 4, 1, 4, 4, 4, 4, 2, 4, 2, 2, 2, 0, 2, 2, 4, 4, 4, 4,
       4, 2, 4, 4, 2, 2, 4, 1, 4, 4, 4, 4, 4, 2, 2, 4, 3, 4]), 'threshold': [0.24877525484155641, 0.19039485716499374, 0.18175604729159009, 0.43270597642911562, 0.20048483851477941, 0.2356882652379628, 0.30578234102759372, 0.22062315714413999, 0.21818057483607695, 0.17755233632571191, 0.17651339667363286, 0.17755233632571191, 0.18069791413784506, 0.2193994222169123, 0.22432366743654358, 0.22432366743654358, 0.22308528199568442, 0.23312878339760709, 0.23440610053734226, 0.18175604729159009, 0.17859606484107107, 0.17651339667363286, 0.22062315714413999, 0.22432366743654358, 0.25549825834611017, 0.32894823533406553, 0.17755233632571191, 0.17651339667363286, 0.17651339667363286, 0.24877525484155641, 0.17651339667363286, 0.17651339667363286, 0.17651339667363286, 0.17651339667363286, 0.18175604729159009, 0.17651339667363286, 0.1860367720722754, 0.21455337249467474, 0.22308528199568442, 0.48043992167234045, 0.21455337249467474, 0.18495935102129843, 0.17651339667363286, 0.17651339667363286, 0.17859606484107107, 0.17651339667363286, 0.17651339667363286, 0.21696661658385644, 0.17651339667363286, 0.17651339667363286, 0.18495935102129843, 0.19934423485080047, 0.17651339667363286, 0.27923260343854178, 0.17651339667363286, 0.17651339667363286, 0.17651339667363286, 0.17651339667363286, 0.17651339667363286, 0.23185631867232995, 0.20978559482954046, 0.17651339667363286, 0.17964458868512048, 0.17651339667363286], 'fneg': array([4, 2, 2, 5, 2, 3, 4, 2, 2, 2, 1, 2, 2, 2, 2, 2, 2, 2, 3, 2, 2, 1, 2,
       2, 4, 4, 2, 1, 1, 4, 1, 1, 1, 1, 2, 1, 2, 2, 2, 5, 2, 2, 1, 1, 2, 1,
       1, 2, 1, 1, 2, 2, 1, 4, 1, 1, 1, 1, 1, 2, 2, 1, 2, 1]), 'sensitivity': array([1, 1, 1, 1, 1, 1, 1, 1, 1, 1, 1, 1, 1, 1, 1, 1, 1, 1, 1, 1, 1, 1, 1,
       1, 1, 1, 1, 1, 1, 1, 1, 1, 1, 1, 1, 1, 1, 1, 1, 1, 1, 1, 1, 1, 1, 1,
       1, 1, 1, 1, 1, 1, 1, 1, 1, 1, 1, 1, 1, 1, 1, 1, 1, 1]), 'tpos': array([1, 3, 3, 0, 3, 2, 1, 3, 3, 3, 4, 3, 3, 3, 3, 3, 3, 3, 2, 3, 3, 4, 3,
       3, 1, 1, 3, 4, 4, 1, 4, 4, 4, 4, 3, 4, 3, 3, 3, 0, 3, 3, 4, 4, 3, 4,
       4, 3, 4, 4, 3, 3, 4, 1, 4, 4, 4, 4, 4, 3, 3, 4, 3, 4])}, {'specificity': array([0.93846154, 0.93846154, 0.63076923, 0.67692308, 1.0, 0.53846154,
       0.90769231, 0.95384615, 0.78461538, 0.58461538, 0.53846154,
       0.53846154, 0.64615385, 0.78461538, 0.86153846, 0.84615385,
       0.87692308, 0.96923077, 0.53846154, 0.53846154, 0.67692308, 0.6,
       0.53846154, 0.53846154, 0.8, 0.81538462, 0.53846154, 0.53846154,
       0.53846154, 0.53846154, 0.53846154, 0.53846154, 0.53846154,
       0.53846154, 0.53846154, 0.53846154, 0.70769231, 0.58461538,
       0.84615385, 0.89230769, 0.98461538, 0.53846154, 0.69230769,
       0.53846154, 0.53846154, 0.53846154, 0.58461538, 0.53846154,
       0.53846154, 0.75384615, 0.53846154, 0.53846154, 0.53846154,
       0.53846154, 0.53846154, 0.53846154, 0.53846154, 0.53846154,
       0.53846154, 0.72307692, 0.73846154, 0.53846154, 0.63076923,
       0.53846154, 0.53846154]), 'tneg': array([11, 11,  8,  8, 11,  7, 11, 11, 11,  7,  7,  7,  8, 11, 11, 11, 11,
       11,  7,  7,  8,  8,  7,  7, 11, 11,  7,  7,  7,  7,  7,  7,  7,  7,
        7,  7,  9,  7, 11, 11, 11,  7,  8,  7,  7,  7,  7,  7,  7, 11,  7,
        7,  7,  7,  7,  7,  7,  7,  7, 10, 10,  7,  8,  7,  7]), 'fpos': array([0, 0, 3, 3, 0, 4, 0, 0, 0, 4, 4, 4, 3, 0, 0, 0, 0, 0, 4, 4, 3, 3, 4,
       4, 0, 0, 4, 4, 4, 4, 4, 4, 4, 4, 4, 4, 2, 4, 0, 0, 0, 4, 3, 4, 4, 4,
       4, 4, 4, 0, 4, 4, 4, 4, 4, 4, 4, 4, 4, 1, 1, 4, 3, 4, 4]), 'threshold': [0.19872036208943084, 0.19872036208943084, 0.18704988610020026, 0.18749743821021006, 0.22805068292238612, 0.18638010085358869, 0.19801896649361189, 0.20463796711781476, 0.1947704485003828, 0.18660315693683591, 0.18638010085358869, 0.18638010085358869, 0.18727355926574629, 0.1947704485003828, 0.19592597294144776, 0.19569445396233995, 0.19731943688178488, 0.21068545584188025, 0.18638010085358869, 0.18638010085358869, 0.18749743821021006, 0.18682641867140729, 0.18638010085358869, 0.18638010085358869, 0.19523203719709706, 0.19546314205689558, 0.18638010085358869, 0.18638010085358869, 0.18638010085358869, 0.18638010085358869, 0.18638010085358869, 0.18638010085358869, 0.18638010085358869, 0.18638010085358869, 0.18638010085358869, 0.18638010085358869, 0.18839501260765229, 0.18660315693683591, 0.19569445396233995, 0.19755240612751018, 0.22368052249825804, 0.18638010085358869, 0.1881703101332354, 0.18638010085358869, 0.18638010085358869, 0.18638010085358869, 0.18660315693683591, 0.18638010085358869, 0.18638010085358869, 0.19453996460544992, 0.18638010085358869, 0.18638010085358869, 0.18638010085358869, 0.18638010085358869, 0.18638010085358869, 0.18638010085358869, 0.18638010085358869, 0.18638010085358869, 0.18638010085358869, 0.19179028951769594, 0.19316140569418125, 0.18638010085358869, 0.18704988610020026, 0.18638010085358869, 0.18638010085358869], 'fneg': array([2, 2, 1, 1, 3, 0, 2, 2, 2, 0, 0, 0, 1, 2, 2, 2, 2, 2, 0, 0, 1, 1, 0,
       0, 2, 2, 0, 0, 0, 0, 0, 0, 0, 0, 0, 0, 1, 0, 2, 2, 3, 0, 1, 0, 0, 0,
       0, 0, 0, 2, 0, 0, 0, 0, 0, 0, 0, 0, 0, 2, 2, 0, 1, 0, 0]), 'sensitivity': array([1, 1, 1, 1, 1, 1, 1, 1, 1, 1, 1, 1, 1, 1, 1, 1, 1, 1, 1, 1, 1, 1, 1,
       1, 1, 1, 1, 1, 1, 1, 1, 1, 1, 1, 1, 1, 1, 1, 1, 1, 1, 1, 1, 1, 1, 1,
       1, 1, 1, 1, 1, 1, 1, 1, 1, 1, 1, 1, 1, 1, 1, 1, 1, 1, 1]), 'tpos': array([2, 2, 3, 3, 1, 4, 2, 2, 2, 4, 4, 4, 3, 2, 2, 2, 2, 2, 4, 4, 3, 3, 4,
       4, 2, 2, 4, 4, 4, 4, 4, 4, 4, 4, 4, 4, 3, 4, 2, 2, 1, 4, 3, 4, 4, 4,
       4, 4, 4, 2, 4, 4, 4, 4, 4, 4, 4, 4, 4, 2, 2, 4, 3, 4, 4])}], <Model object at 0x0000000000000D60>)
#adalasso
([{'specificity': array([0.796875, 0.171875, 0.90625, 0.96875, 0.671875, 0.34375, 0.390625,
       0.765625, 0.15625, 0.109375, 0.78125, 0.828125, 0.890625, 0.875,
       0.625, 0.484375, 0.546875, 0.328125, 0.6875, 0.4375, 0.84375,
       0.3125, 0.265625, 0.71875, 0.53125, 0.59375, 0.1875, 0.609375,
       0.640625, 0.109375, 0.109375, 0.953125, 0.921875, 1.0, 0.109375,
       0.8125, 0.734375, 0.109375, 0.359375, 0.109375, 0.703125, 0.421875,
       0.515625, 0.40625, 0.75, 0.375, 0.21875, 0.453125, 0.28125,
       0.859375, 0.984375, 0.46875, 0.25, 0.203125, 0.5625, 0.65625,
       0.140625, 0.578125, 0.296875, 0.125, 0.5, 0.9375, 0.234375, 0.109375]), 'tneg': array([11,  2, 11, 12,  9,  4,  7, 11,  1,  0, 11, 11, 11, 11,  9,  8,  9,
        4,  9,  7, 11,  4,  4, 11,  9,  9,  2,  9,  9,  0,  0, 12, 12, 12,
        0, 11, 11,  0,  4,  0, 10,  7,  8,  7, 11,  4,  2,  7,  4, 11, 12,
        7,  4,  2,  9,  9,  1,  9,  4,  1,  8, 12,  4,  0]), 'fpos': array([ 1, 10,  1,  0,  3,  8,  5,  1, 11, 12,  1,  1,  1,  1,  3,  4,  3,
        8,  3,  5,  1,  8,  8,  1,  3,  3, 10,  3,  3, 12, 12,  0,  0,  0,
       12,  1,  1, 12,  8, 12,  2,  5,  4,  5,  1,  8, 10,  5,  8,  1,  0,
        5,  8, 10,  3,  3, 11,  3,  8, 11,  4,  0,  8, 12]), 'threshold': [0.24162414356750492, 0.22372869150259025, 0.25077010615250966, 0.2540761462646669, 0.23424912554786628, 0.22446274982091569, 0.22531780782623534, 0.24051910403633478, 0.22366017369290181, 0.22364941178987782, 0.24089868614257926, 0.24530477263763603, 0.24872909926193404, 0.24734502638383446, 0.23309473571996131, 0.22751199037456427, 0.22847877296366781, 0.22445315795541646, 0.23426279093932945, 0.22565197331629056, 0.24531202238120017, 0.22438665905578251, 0.22407199173603312, 0.23582858443227994, 0.22844621423629777, 0.23079152599105943, 0.22373075571324502, 0.23162299209204018, 0.23352953617284758, 0.22364941178987782, 0.22364941178987782, 0.25401774344742123, 0.25373794934020294, 0.25408169643483847, 0.22364941178987782, 0.24406369840587885, 0.23653875346786582, 0.22364941178987782, 0.22448262421826926, 0.22364941178987782, 0.23574129476153555, 0.22557061631895461, 0.22777065790256657, 0.22537014125315202, 0.23720356089371422, 0.22453476874664591, 0.22389584970902202, 0.22664050520237125, 0.22423307349035174, 0.24605081251747479, 0.25408095819199389, 0.22681500381194042, 0.22404059192000728, 0.22385807192016927, 0.2288981732454084, 0.2337902197457461, 0.22365706969440957, 0.22926320838076714, 0.22424738946919598, 0.22365023032745524, 0.2275231989517767, 0.25390897704912258, 0.22403682493290159, 0.22364941178987782], 'fneg': array([4, 1, 5, 5, 4, 1, 1, 4, 1, 0, 4, 4, 4, 4, 4, 1, 1, 1, 4, 1, 4, 1, 1,
       4, 1, 3, 1, 4, 4, 0, 0, 5, 5, 5, 0, 4, 4, 0, 1, 0, 4, 1, 1, 1, 4, 1,
       1, 1, 1, 4, 5, 1, 1, 1, 1, 4, 1, 1, 1, 1, 1, 5, 1, 0]), 'sensitivity': array([1, 1, 1, 1, 1, 1, 1, 1, 1, 1, 1, 1, 1, 1, 1, 1, 1, 1, 1, 1, 1, 1, 1,
       1, 1, 1, 1, 1, 1, 1, 1, 1, 1, 1, 1, 1, 1, 1, 1, 1, 1, 1, 1, 1, 1, 1,
       1, 1, 1, 1, 1, 1, 1, 1, 1, 1, 1, 1, 1, 1, 1, 1, 1, 1]), 'tpos': array([1, 4, 0, 0, 1, 4, 4, 1, 4, 5, 1, 1, 1, 1, 1, 4, 4, 4, 1, 4, 1, 4, 4,
       1, 4, 2, 4, 1, 1, 5, 5, 0, 0, 0, 5, 1, 1, 5, 4, 5, 1, 4, 4, 4, 1, 4,
       4, 4, 4, 1, 0, 4, 4, 4, 4, 1, 4, 4, 4, 4, 4, 0, 4, 5])}, {'specificity': array([0.90769231, 0.64615385, 0.67692308, 0.98461538, 0.92307692,
       0.81538462, 0.61538462, 0.53846154, 0.61538462, 0.81538462,
       0.86153846, 0.53846154, 1.0, 0.87692308, 0.95384615, 0.93846154,
       0.53846154, 0.67692308, 0.63076923, 0.53846154, 0.83076923,
       0.78461538, 0.53846154, 0.53846154, 0.53846154, 0.53846154,
       0.53846154, 0.53846154, 0.53846154, 0.53846154, 0.53846154,
       0.61538462, 0.84615385, 0.89230769, 0.96923077, 0.53846154,
       0.53846154, 0.72307692, 0.53846154, 0.53846154, 0.53846154,
       0.53846154, 0.61538462, 0.61538462, 0.53846154, 0.53846154,
       0.53846154, 0.53846154, 0.53846154, 0.72307692, 0.53846154,
       0.72307692, 0.73846154, 0.53846154, 0.53846154, 0.53846154,
       0.53846154, 0.53846154, 0.53846154, 0.53846154, 0.75384615,
       0.78461538, 0.53846154, 0.53846154, 0.53846154]), 'tneg': array([9, 7, 7, 9, 9, 9, 7, 0, 7, 9, 9, 0, 9, 9, 9, 9, 0, 7, 7, 0, 9, 9, 0,
       0, 0, 0, 0, 0, 0, 0, 0, 7, 9, 9, 9, 0, 0, 8, 0, 0, 0, 0, 7, 7, 0, 0,
       0, 0, 0, 8, 0, 8, 8, 0, 0, 0, 0, 0, 0, 0, 9, 9, 0, 0, 0]), 'fpos': array([ 1,  3,  3,  1,  1,  1,  3, 10,  3,  1,  1, 10,  1,  1,  1,  1, 10,
        3,  3, 10,  1,  1, 10, 10, 10, 10, 10, 10, 10, 10, 10,  3,  1,  1,
        1, 10, 10,  2, 10, 10, 10, 10,  3,  3, 10, 10, 10, 10, 10,  2, 10,
        2,  2, 10, 10, 10, 10, 10, 10, 10,  1,  1, 10, 10, 10]), 'threshold': [0.23176780918752768, 0.22131215103318555, 0.22171574198789593, 0.25748103886089591, 0.23701752054129208, 0.22824467932625353, 0.2209090862116565, 0.22070775112394656, 0.2209090862116565, 0.22824467932625353, 0.22927696468038847, 0.22070775112394656, 0.25770482626204355, 0.2305200305167239, 0.24234863010013866, 0.24063384323023501, 0.22070775112394656, 0.22171574198789593, 0.22111055285110307, 0.22070775112394656, 0.22865720027785466, 0.22680498651473419, 0.22070775112394656, 0.22070775112394656, 0.22070775112394656, 0.22070775112394656, 0.22070775112394656, 0.22070775112394656, 0.22070775112394656, 0.22070775112394656, 0.22070775112394656, 0.2209090862116565, 0.2290702455050064, 0.23072766645523637, 0.25369611752978422, 0.22070775112394656, 0.22070775112394656, 0.22232211475115959, 0.22070775112394656, 0.22070775112394656, 0.22070775112394656, 0.22070775112394656, 0.2209090862116565, 0.2209090862116565, 0.22070775112394656, 0.22070775112394656, 0.22070775112394656, 0.22070775112394656, 0.22070775112394656, 0.22232211475115959, 0.22070775112394656, 0.22232211475115959, 0.22496340057230821, 0.22070775112394656, 0.22070775112394656, 0.22070775112394656, 0.22070775112394656, 0.22070775112394656, 0.22070775112394656, 0.22070775112394656, 0.22557608103756172, 0.22680498651473419, 0.22070775112394656, 0.22070775112394656, 0.22070775112394656], 'fneg': array([6, 2, 2, 6, 6, 3, 2, 0, 2, 3, 4, 0, 6, 4, 6, 6, 0, 2, 2, 0, 3, 2, 0,
       0, 0, 0, 0, 0, 0, 0, 0, 2, 4, 5, 6, 0, 0, 2, 0, 0, 0, 0, 2, 2, 0, 0,
       0, 0, 0, 2, 0, 2, 2, 0, 0, 0, 0, 0, 0, 0, 2, 2, 0, 0, 0]), 'sensitivity': array([1, 1, 1, 1, 1, 1, 1, 1, 1, 1, 1, 1, 1, 1, 1, 1, 1, 1, 1, 1, 1, 1, 1,
       1, 1, 1, 1, 1, 1, 1, 1, 1, 1, 1, 1, 1, 1, 1, 1, 1, 1, 1, 1, 1, 1, 1,
       1, 1, 1, 1, 1, 1, 1, 1, 1, 1, 1, 1, 1, 1, 1, 1, 1, 1, 1]), 'tpos': array([0, 4, 4, 0, 0, 3, 4, 6, 4, 3, 2, 6, 0, 2, 0, 0, 6, 4, 4, 6, 3, 4, 6,
       6, 6, 6, 6, 6, 6, 6, 6, 4, 2, 1, 0, 6, 6, 4, 6, 6, 6, 6, 4, 4, 6, 6,
       6, 6, 6, 4, 6, 4, 4, 6, 6, 6, 6, 6, 6, 6, 4, 4, 6, 6, 6])}, {'specificity': array([0.81538462, 0.96923077, 0.49230769, 0.13846154, 0.70769231,
       0.30769231, 0.8, 0.52307692, 0.15384615, 0.83076923, 0.61538462,
       0.58461538, 0.12307692, 0.73846154, 0.47692308, 0.46153846,
       0.53846154, 0.90769231, 0.4, 0.27692308, 0.72307692, 0.78461538,
       0.64615385, 0.2, 0.67692308, 0.75384615, 0.6, 0.93846154,
       0.95384615, 0.98461538, 0.92307692, 0.87692308, 0.092307692,
       0.89230769, 0.84615385, 0.66153846, 0.18461538, 0.43076923,
       0.21538462, 0.030769231, 0.76923077, 0.63076923, 0.38461538,
       0.33846154, 0.015384615, 0.24615385, 0.55384615, 0.86153846,
       0.076923077, 0.56923077, 0.32307692, 0.10769231, 0.50769231,
       0.69230769, 0.29230769, 0.26153846, 0.23076923, 0.44615385,
       0.41538462, 0.35384615, 0.061538462, 0.046153846, 1.0, 0.36923077,
       0.16923077]), 'tneg': array([ 9, 12,  3,  1,  8,  2,  9,  3,  1,  9,  4,  4,  1,  8,  3,  3,  3,
       10,  3,  2,  8,  8,  5,  1,  6,  8,  4, 12, 12, 12, 12, 10,  0, 10,
        9,  6,  1,  3,  2,  0,  8,  4,  3,  3,  0,  2,  3, 10,  0,  4,  3,
        0,  3,  6,  2,  2,  2,  3,  3,  3,  0,  0, 12,  3,  1]), 'fpos': array([ 3,  0,  9, 11,  4, 10,  3,  9, 11,  3,  8,  8, 11,  4,  9,  9,  9,
        2,  9, 10,  4,  4,  7, 11,  6,  4,  8,  0,  0,  0,  0,  2, 12,  2,
        3,  6, 11,  9, 10, 12,  4,  8,  9,  9, 12, 10,  9,  2, 12,  8,  9,
       12,  9,  6, 10, 10, 10,  9,  9,  9, 12, 12,  0,  9, 11]), 'threshold': [0.261434696434311, 0.28716459193562688, 0.24997852965979606, 0.2469292064301786, 0.25715642522891341, 0.24839585330044614, 0.26135473322521297, 0.25008481353763251, 0.24693948495269402, 0.26246646214507685, 0.25237905095424445, 0.25158083735304726, 0.24686262251379737, 0.25759689443970291, 0.24960909418363625, 0.24959153111631138, 0.25024202969802839, 0.27155771115833732, 0.24899294299887936, 0.24824531763566807, 0.25753893964120755, 0.25860839730612578, 0.25331058246596916, 0.24780533821728387, 0.2539720680267788, 0.25795765935821757, 0.25187283654067155, 0.27828032498652228, 0.27875069447826373, 0.28893283155935034, 0.27671075871749529, 0.26964790674019595, 0.24641135437586745, 0.27105457370426383, 0.26394410125640716, 0.25367457345365835, 0.24713172094636929, 0.24913918474679495, 0.24789203541983554, 0.24436845975309376, 0.25818684388570823, 0.25247844024340826, 0.24890079117675559, 0.24869120782855159, 0.24407755502549411, 0.247917371305866, 0.25042963925836448, 0.26714676256635206, 0.24621793111341228, 0.25094915809557677, 0.24857285729080128, 0.24676762154920515, 0.25003215219852193, 0.25410180895063333, 0.2483065359842857, 0.24815509955543103, 0.24791285837107513, 0.24949548013405806, 0.24904109011205128, 0.24873707851510776, 0.24593189578055166, 0.24447106930105791, 0.29129907708919744, 0.24885759127882812, 0.24710768595048507], 'fneg': array([1, 4, 0, 0, 1, 0, 1, 0, 0, 2, 0, 0, 0, 1, 0, 0, 0, 4, 0, 0, 1, 1, 0,
       0, 0, 1, 0, 4, 4, 4, 4, 4, 0, 4, 3, 0, 0, 0, 0, 0, 1, 0, 0, 0, 0, 0,
       0, 4, 0, 0, 0, 0, 0, 0, 0, 0, 0, 0, 0, 0, 0, 0, 4, 0, 0]), 'sensitivity': array([1, 1, 1, 1, 1, 1, 1, 1, 1, 1, 1, 1, 1, 1, 1, 1, 1, 1, 1, 1, 1, 1, 1,
       1, 1, 1, 1, 1, 1, 1, 1, 1, 1, 1, 1, 1, 1, 1, 1, 1, 1, 1, 1, 1, 1, 1,
       1, 1, 1, 1, 1, 1, 1, 1, 1, 1, 1, 1, 1, 1, 1, 1, 1, 1, 1]), 'tpos': array([3, 0, 4, 4, 3, 4, 3, 4, 4, 2, 4, 4, 4, 3, 4, 4, 4, 0, 4, 4, 3, 3, 4,
       4, 4, 3, 4, 0, 0, 0, 0, 0, 4, 0, 1, 4, 4, 4, 4, 4, 3, 4, 4, 4, 4, 4,
       4, 0, 4, 4, 4, 4, 4, 4, 4, 4, 4, 4, 4, 4, 4, 4, 0, 4, 4])}, {'specificity': array([0.78461538, 0.21538462, 0.87692308, 0.95384615, 0.36923077,
       0.63076923, 0.27692308, 0.21538462, 0.76923077, 0.61538462,
       0.21538462, 0.84615385, 0.89230769, 0.4, 0.69230769, 0.32307692,
       0.70769231, 0.58461538, 0.66153846, 0.21538462, 0.64615385,
       0.86153846, 0.44615385, 0.24615385, 0.43076923, 0.75384615,
       0.67692308, 0.33846154, 0.21538462, 0.21538462, 0.72307692,
       0.53846154, 0.21538462, 0.21538462, 0.90769231, 0.83076923,
       0.92307692, 0.93846154, 1.0, 0.21538462, 1.0, 0.8, 0.56923077,
       0.47692308, 0.21538462, 0.21538462, 0.73846154, 0.52307692,
       0.38461538, 0.30769231, 0.21538462, 0.23076923, 0.81538462, 1.0,
       0.6, 0.21538462, 0.50769231, 0.26153846, 0.29230769, 0.55384615,
       0.46153846, 0.49230769, 0.41538462, 0.35384615, 0.21538462]), 'tneg': array([11,  0, 12, 12,  9, 11,  6,  0, 11, 11,  0, 12, 12,  9, 11,  7, 11,
       11, 11,  0, 11, 12,  9,  6,  9, 11, 11,  7,  0,  0, 11, 11,  0,  0,
       12, 12, 12, 12, 12,  0, 12, 12, 11,  9,  0,  0, 11, 11,  9,  6,  0,
        6, 12, 12, 11,  0, 11,  6,  6, 11,  9, 11,  9,  7,  0]), 'fpos': array([ 2, 13,  1,  1,  4,  2,  7, 13,  2,  2, 13,  1,  1,  4,  2,  6,  2,
        2,  2, 13,  2,  1,  4,  7,  4,  2,  2,  6, 13, 13,  2,  2, 13, 13,
        1,  1,  1,  1,  1, 13,  1,  1,  2,  4, 13, 13,  2,  2,  4,  7, 13,
        7,  1,  1,  2, 13,  2,  7,  7,  2,  4,  2,  4,  6, 13]), 'threshold': [0.31025713130309313, 0.23715281696794291, 0.34390597448619453, 0.35076625687030138, 0.23777066455643517, 0.26757577134619304, 0.23719422576809116, 0.23715281696794291, 0.29249833244478696, 0.26508894531933197, 0.23715281696794291, 0.3302669853549422, 0.34592657774357388, 0.23991119330954727, 0.27579522842190363, 0.23723323861503992, 0.27601733875733309, 0.25676753280037684, 0.26876447157963074, 0.23715281696794291, 0.26824012502575056, 0.34359980240868621, 0.23996039335311253, 0.23718172258603043, 0.23993710312768729, 0.28639354722253169, 0.27103759942778904, 0.23725824917546298, 0.23715281696794291, 0.23715281696794291, 0.28219658972443556, 0.24969799716140492, 0.23715281696794291, 0.23715281696794291, 0.3488484833308686, 0.32873206708763147, 0.35067196500817438, 0.35074258839129774, 0.35080289410207915, 0.23715281696794291, 0.35080289410207915, 0.32163679546377943, 0.25257516695282367, 0.24265690095661996, 0.23715281696794291, 0.23715281696794291, 0.28524451446784505, 0.24857094876963656, 0.23885697251688129, 0.23720482882233268, 0.23715281696794291, 0.2371807223510852, 0.32856044446299543, 0.35080289410207915, 0.25764481965766178, 0.23715281696794291, 0.24778039550457637, 0.23718212268082239, 0.23720042751488868, 0.25236649231262487, 0.24125749979151293, 0.24538519051486796, 0.23992244368194551, 0.23726768343058063, 0.23715281696794291], 'fneg': array([3, 0, 3, 3, 0, 2, 0, 0, 3, 2, 0, 3, 3, 1, 3, 0, 3, 2, 2, 0, 2, 3, 1,
       0, 1, 3, 2, 0, 0, 0, 3, 2, 0, 0, 3, 3, 3, 3, 3, 0, 3, 3, 2, 1, 0, 0,
       3, 1, 1, 0, 0, 0, 3, 3, 2, 0, 1, 0, 0, 2, 1, 1, 1, 0, 0]), 'sensitivity': array([1, 1, 1, 1, 1, 1, 1, 1, 1, 1, 1, 1, 1, 1, 1, 1, 1, 1, 1, 1, 1, 1, 1,
       1, 1, 1, 1, 1, 1, 1, 1, 1, 1, 1, 1, 1, 1, 1, 1, 1, 1, 1, 1, 1, 1, 1,
       1, 1, 1, 1, 1, 1, 1, 1, 1, 1, 1, 1, 1, 1, 1, 1, 1, 1, 1]), 'tpos': array([0, 3, 0, 0, 3, 1, 3, 3, 0, 1, 3, 0, 0, 2, 0, 3, 0, 1, 1, 3, 1, 0, 2,
       3, 2, 0, 1, 3, 3, 3, 0, 1, 3, 3, 0, 0, 0, 0, 0, 3, 0, 0, 1, 2, 3, 3,
       0, 2, 2, 3, 3, 3, 0, 0, 1, 3, 2, 3, 3, 1, 2, 2, 2, 3, 3])}, {'specificity': array([0.89230769, 0.87692308, 0.55384615, 0.98461538, 0.66153846,
       0.92307692, 0.73846154, 0.69230769, 0.47692308, 0.47692308,
       0.70769231, 0.78461538, 0.63076923, 0.96923077, 0.84615385,
       0.95384615, 0.93846154, 0.41538462, 0.55384615, 0.50769231,
       0.41538462, 0.41538462, 0.73846154, 0.78461538, 0.90769231,
       0.41538462, 0.41538462, 0.41538462, 0.41538462, 0.41538462,
       0.55384615, 0.47692308, 0.75384615, 0.84615385, 0.84615385, 1.0,
       0.61538462, 0.61538462, 0.41538462, 0.41538462, 0.41538462,
       0.47692308, 0.49230769, 0.41538462, 0.41538462, 0.41538462,
       0.41538462, 0.61538462, 0.67692308, 0.41538462, 0.61538462,
       0.64615385, 0.41538462, 0.41538462, 0.41538462, 0.41538462,
       0.41538462, 0.41538462, 0.41538462, 0.41538462, 0.41538462, 0.8,
       0.87692308, 0.41538462, 0.41538462]), 'tneg': array([12, 11,  9, 12,  9, 12, 11, 11,  8,  8, 11, 11,  9, 12, 11, 12, 12,
        7,  9,  9,  7,  7, 11, 11, 12,  7,  7,  7,  7,  7,  9,  8, 11, 11,
       11, 12,  9,  9,  7,  7,  7,  8,  8,  7,  7,  7,  7,  9, 11,  7,  9,
        9,  7,  7,  7,  7,  7,  7,  7,  7,  7, 11, 11,  7,  7]), 'fpos': array([0, 1, 3, 0, 3, 0, 1, 1, 4, 4, 1, 1, 3, 0, 1, 0, 0, 5, 3, 3, 5, 5, 1,
       1, 0, 5, 5, 5, 5, 5, 3, 4, 1, 1, 1, 0, 3, 3, 5, 5, 5, 4, 4, 5, 5, 5,
       5, 3, 1, 5, 3, 3, 5, 5, 5, 5, 5, 5, 5, 5, 5, 1, 1, 5, 5]), 'threshold': [0.24371055605043954, 0.24267315798843073, 0.23549568895026246, 0.2610249579276045, 0.23796908355370061, 0.249696015149273, 0.24046028519541282, 0.24016627977050625, 0.23491630592711846, 0.23491630592711846, 0.24031325174406856, 0.24090175432475661, 0.23723976425032015, 0.2608696687099526, 0.24193399895817253, 0.25623886425282255, 0.25014885606958398, 0.23477161460757726, 0.23549568895026246, 0.23535075054757892, 0.23477161460757726, 0.23477161460757726, 0.24046028519541282, 0.24090175432475661, 0.2444533925479086, 0.23477161460757726, 0.23477161460757726, 0.23477161460757726, 0.23477161460757726, 0.23477161460757726, 0.23549568895026246, 0.23491630592711846, 0.2407545364949425, 0.24193399895817253, 0.24193399895817253, 0.27316045184883991, 0.23593087464065873, 0.23593087464065873, 0.23477161460757726, 0.23477161460757726, 0.23477161460757726, 0.23491630592711846, 0.23506105902855909, 0.23477161460757726, 0.23477161460757726, 0.23477161460757726, 0.23477161460757726, 0.23593087464065873, 0.24001936928379292, 0.23477161460757726, 0.23593087464065873, 0.23782309642556512, 0.23477161460757726, 0.23477161460757726, 0.23477161460757726, 0.23477161460757726, 0.23477161460757726, 0.23477161460757726, 0.23477161460757726, 0.23477161460757726, 0.23477161460757726, 0.2417863512381446, 0.24267315798843073, 0.23477161460757726, 0.23477161460757726], 'fneg': array([3, 3, 1, 3, 2, 3, 3, 3, 1, 1, 3, 3, 2, 3, 3, 3, 3, 1, 1, 1, 1, 1, 3,
       3, 3, 1, 1, 1, 1, 1, 1, 1, 3, 3, 3, 4, 1, 1, 1, 1, 1, 1, 1, 1, 1, 1,
       1, 1, 3, 1, 1, 2, 1, 1, 1, 1, 1, 1, 1, 1, 1, 3, 3, 1, 1]), 'sensitivity': array([1, 1, 1, 1, 1, 1, 1, 1, 1, 1, 1, 1, 1, 1, 1, 1, 1, 1, 1, 1, 1, 1, 1,
       1, 1, 1, 1, 1, 1, 1, 1, 1, 1, 1, 1, 1, 1, 1, 1, 1, 1, 1, 1, 1, 1, 1,
       1, 1, 1, 1, 1, 1, 1, 1, 1, 1, 1, 1, 1, 1, 1, 1, 1, 1, 1]), 'tpos': array([1, 1, 3, 1, 2, 1, 1, 1, 3, 3, 1, 1, 2, 1, 1, 1, 1, 3, 3, 3, 3, 3, 1,
       1, 1, 3, 3, 3, 3, 3, 3, 3, 1, 1, 1, 0, 3, 3, 3, 3, 3, 3, 3, 3, 3, 3,
       3, 3, 1, 3, 3, 2, 3, 3, 3, 3, 3, 3, 3, 3, 3, 1, 1, 3, 3])}], <Model object at 0x000000000000108C>)
