# fold = 1
# threshold = 1.70932892229
# requested specificity = 0.487179487179
# actual training-set specificity = 0.5
# tpos = 3
# tneg = 0
# fpos = 18
# fneg = 0
# raw predictions:
[395.61557 380.5521 686.321 281.3528 257.36465 198.04083 158.78693
 104.27095 112.29702 109.78066 156.79868 343.20136 222.96415 59.830238
 67.486777 36.834236 28.348956 23.085732 19.604524 23.073448 96.24858]
# truth:
[1.5263393 2.6134189 2.1804126 1.3579348 1.382017 2.2796669 1.5024271
 2.3398488 1.3961993 2.0338257 2.9914033 2.0674428 2.2355284 2.2000293
 0.61278386 1.5786392 1.9703469 2.6887757 1.1643529 1.9355073 1.1271048]
# fold = 2
# threshold = 1.92683549254
# requested specificity = 0.702702702703
# actual training-set specificity = 0.714285714286
# tpos = 1
# tneg = 14
# fpos = 2
# fneg = 3
# raw predictions:
[2.1415991 1.886522 1.9564192 2.0146314 1.7120934 1.6596416 1.7346216
 1.888262 1.6877667 1.8786537 1.7886863 1.841375 1.6542113 1.7215015
 1.8792553 1.8951823 1.7093147 1.6788179 1.8924279 1.5281978]
# truth:
[3.3837436 1.8469553 2.1580608 2.2367891 1.1643529 2.0318123 2.4637437
 3.3837436 1.4593925 1.6884198 3.3837436 2.3583156 1.9355073 2.1598678
 1.6866363 1.948413 2.0406023 2.1195858 0.49136169 1.5263393]
# fold = 3
# threshold = 1.94746729261
# requested specificity = 0.8
# actual training-set specificity = 0.807692307692
# tpos = 7
# tneg = 8
# fpos = 3
# fneg = 2
# raw predictions:
[1.9115056 1.965004 1.8623073 2.104585 1.9720091 1.9736946 1.8423201
 1.8540877 1.7761971 1.6151415 2.1553197 2.07766 1.9694944 2.4557734
 1.7800307 1.696785 1.7664501 2.0243658 2.4541982 1.9384023]
# truth:
[1.7767012 2.5880475 1.1172713 2.5627685 3.3837436 2.4834446 2.8121108
 1.3384565 0.79934055 1.6532125 3.3837436 2.2671717 1.3031961 2.7567882
 1.3710679 3.3837436 2.1027766 2.6190933 2.1525941 1.5024271]
# fold = 4
# threshold = 2.02509107919
# requested specificity = 0.820512820513
# actual training-set specificity = 0.843137254902
# tpos = 1
# tneg = 12
# fpos = 2
# fneg = 5
# raw predictions:
[1.9991514 1.9990949 2.0194256 2.0384816 2.0032672 1.9852088 2.0129859
 2.0126422 2.0159644 2.0008101 1.9768189 2.0116927 2.0450011 1.9951165
 1.9735045 2.0095012 1.9868524 1.9878519 2.0329237 1.9970472]
# truth:
[2.5366847 2.5375673 2.5779511 2.286681 2.4350476 0.30103 1.376577
 2.0297895 3.3837436 2.1664301 1.687529 1.6009729 2.7136585 1.3483049
 1.4712917 1.39794 0.30103 0.70757018 1.6928469 0.0]
