# fold = 1
# threshold = 0.202147402073
# requested specificity = 0.677419354839
# actual training-set specificity = 0.690909090909
# tpos = 2
# tneg = 14
# fpos = 5
# fneg = 0
# raw predictions:
[0.352069411317 0.583955400885 0.149457675388 0.167392566104 0.624891537708
 0.192291704346 0.420315349531 0.145097565984 0.458366269011 0.164911969188
 0.0821008572531 0.192319153376 0.284373016213 0.132342498126
 0.120505087277 0.41767607493 0.15673963216 0.105308971803 0.0707145506459
 0.0944232647093 0.133200904244]
# truth:
[2.5779511 3.3837436 2.0297895 1.8920946 1.5263393 2.1664301 2.1804126
 1.6532125 1.8709888 1.687529 1.3579348 2.2796669 1.7024305 1.3031961
 2.2355284 2.3583156 2.1027766 1.4712917 0.30103 1.9703469 1.0374265]
# fold = 2
# threshold = 0.279445947178
# requested specificity = 0.9
# actual training-set specificity = 0.901639344262
# tpos = 7
# tneg = 0
# fpos = 13
# fneg = 0
# raw predictions:
[1.0 1.0 1.0 1.0 1.0 1.0 1.0 1.0 1.0 1.0 1.0 1.0 1.0 1.0 1.0 1.0 1.0 1.0
 1.0 1.0]
# truth:
[2.4350476 1.376577 3.3837436 2.6134189 0.79934055 1.6042261 1.382017
 2.4637437 1.4593925 1.3483049 3.3837436 1.9355073 2.1433271 2.6190933
 0.61278386 1.6866363 1.1643529 1.9355073 2.5161386 2.1525941]
# fold = 3
# threshold = 0.332380040839
# requested specificity = 0.9
# actual training-set specificity = 0.916666666667
# tpos = 0
# tneg = 12
# fpos = 2
# fneg = 6
# raw predictions:
[0.309936831563 0.103195632253 0.142969866708 0.435346143096 0.104075467616
 0.0707860977053 0.0590131621583 0.0919589852496 0.110663339601
 0.0828166178476 0.178482098235 0.185951090541 0.189983504726
 0.0748640432275 0.0751868726355 0.106522213927 0.0667788354704
 0.40857878361 0.21239950352 0.0709449915717]
# truth:
[3.3837436 1.1172713 2.5627685 2.1580608 2.2000293 2.8121108 1.3384565
 1.1643529 2.512551 1.5024271 2.3398488 3.3837436 1.3710679 1.9020029
 3.3837436 1.39794 0.49136169 1.1271048 1.5024271 0.0]
