# fold = 1
# threshold = 0.152997809972
# requested specificity = 0.761904761905
# actual training-set specificity = 0.582278481013
# tpos = 3
# tneg = 11
# fpos = 3
# fneg = 4
# raw predictions:
[0.728175544741 0.609827049525 0.220885576851 0.119808472266 0.457742804778
 0.0379135898239 0.0571806205227 0.38322628904 0.510300369516
 0.0791177725381 0.0706603935342 0.0786609326516 0.0624050778042
 0.0620483216081 0.0865369203536 0.102978433568 0.0071648812059
 0.0386371851305 0.02337422965 0.00902303704433 0.00577260652158]
# truth:
[3.3837436 3.2980448 1.7767012 1.5717088 2.5880475 3.3837436 2.4834446
 2.1580608 1.5263393 1.3384565 0.79934055 2.512551 1.8469553 1.9355073
 1.4712917 1.5786392 2.5161386 2.1195858 0.70757018 1.5024271 1.6928469]
# fold = 2
# threshold = 0.209782497857
# requested specificity = 0.746031746032
# actual training-set specificity = 0.6
# tpos = 2
# tneg = 9
# fpos = 5
# fneg = 4
# raw predictions:
[0.311311732148 0.134597104046 0.254488747696 0.116468271488 0.241561536196
 0.0822552383547 0.142474964876 0.10234068911 0.146231585801 0.17911310275
 0.356149944588 0.85767006723 0.934483517996 0.158248336087 0.180376037922
 0.160853858938 0.163817171704 0.172805317887 0.171777596905 0.259055446832]
# truth:
[3.3837436 1.1172713 2.0297895 2.8121108 1.8709888 1.1430148 2.2796669
 1.5024271 2.4637437 1.3961993 2.0338257 2.7567882 2.0674428 1.4593925
 3.3837436 1.39794 1.948413 2.6887757 1.9355073 1.1271048]
# fold = 3
# threshold = 0.639175549483
# requested specificity = 1.0
# actual training-set specificity = 1.0
# tpos = 0
# tneg = 14
# fpos = 0
# fneg = 6
# raw predictions:
[0.219133801364 0.24567097672 0.208831156402 0.224939877573 0.166681131992
 0.41828951811 0.172006175976 0.166408010317 0.225987020742 0.179185768566
 0.293454195979 0.327294565823 0.184592215758 0.188904425898 0.170653012149
 0.212951343296 0.200925443838 0.196564748899 0.164788187472 0.164782921546]
# truth:
[2.5375673 2.4350476 0.30103 1.1643529 1.6532125 3.3837436 1.687529
 1.7024305 2.3398488 2.0318123 2.9914033 2.7136585 3.3837436 2.2355284
 1.9020029 2.1027766 0.30103 1.0374265 1.5263393 0.0]
# fold = 4
# threshold = 0.791171095522
# requested specificity = 1.0
# actual training-set specificity = 0.9875
# tpos = 4
# tneg = 0
# fpos = 16
# fneg = 0
# raw predictions:
[1.0 1.0 1.0 1.0 1.0 1.0 1.0 1.0 1.0 1.0 1.0 1.0 1.0 1.0 1.0 1.0 1.0 1.0
 1.0 1.0]
# truth:
[2.5627685 1.8469553 2.6134189 1.6042261 1.3579348 1.6884198 1.3483049
 1.3710679 3.3837436 2.3583156 2.1433271 2.3380579 2.6190933 1.8000294
 0.30103 1.9703469 2.0406023 1.666518 0.49136169 2.1525941]
# fold = 5
# threshold = 0.259569001579
# requested specificity = 0.796875
# actual training-set specificity = 0.617283950617
# tpos = 2
# tneg = 10
# fpos = 6
# fneg = 1
# raw predictions:
[0.209542666757 0.582763189265 0.437886859223 0.221775320926 0.26794754091
 0.659931525412 0.70974625475 0.215913949192 0.169387778066 0.247212248427
 0.18680385114 0.485930870003 0.11178381334 0.184860252188 0.125606807884
 0.264894614987 0.161545294044 0.348611208618 0.107820531759]
# truth:
[2.5366847 2.5779511 2.286681 1.376577 1.8920946 3.3837436 2.2367891
 2.2000293 2.1664301 2.1804126 1.382017 2.2671717 1.3031961 1.6009729
 2.2000293 2.1598678 0.61278386 1.6866363 1.1643529]
# fold = overall performance
# tpos = 11
# tneg = 44
# fpos = 30
# fneg = 15
