#lasso
([{'specificity': array([0.9, 0.3, 0.325, 0.55, 0.45, 0.5, 0.225, 0.2, 0.775, 0.525, 0.175,
       0.1, 0.25, 0.925, 0.35, 0.275, 0.575, 0.95, 1.0, 0.975, 0.425, 0.05,
       0.475, 0.65, 0.625, 0.15, 0.85, 0.8, 0.375, 0.725, 0.875, 0.125,
       0.6, 0.4, 0.7, 0.75, 0.075, 0.825, 0.675, 0.025]), 'tneg': array([11,  7,  7, 10,  8, 10,  7,  6, 11, 10,  0,  0,  7, 11,  7,  7, 10,
       11, 11, 11,  8,  0,  9, 11, 11,  0, 11, 11,  7, 11, 11,  0, 11,  7,
       11, 11,  0, 11, 11,  0]), 'fpos': array([ 0,  4,  4,  1,  3,  1,  4,  5,  0,  1, 11, 11,  4,  0,  4,  4,  1,
        0,  0,  0,  3, 11,  2,  0,  0, 11,  0,  0,  4,  0,  0, 11,  0,  4,
        0,  0, 11,  0,  0, 11]), 'threshold': [2.2187563999258497, 1.5321412580329259, 1.5403747975267446, 1.81984945668673, 1.6524030582998313, 1.7358485280181268, 1.5044524982740302, 1.4873172848045904, 2.0648792237039864, 1.7883085250953414, 1.3767248343743237, 1.2744042814991716, 1.5208433386708822, 2.3033589163866468, 1.5700131293209447, 1.526728315505242, 1.8326105215066331, 2.3140137988425304, 3.2388659036954843, 2.6559874876924048, 1.6428068045967459, 1.1385938422333077, 1.7004606557813802, 1.9383183990470945, 1.9341640829108797, 1.3154939326489716, 2.1224929327784761, 2.0754494666046908, 1.6072824391045248, 1.9989482560531875, 2.1883121787020556, 1.2902803926910345, 1.855447895205057, 1.6169897635630917, 1.9607309404543198, 2.0410345122454387, 1.1899205390465042, 2.0996721320068703, 1.9546313150813144, 0.85279901305355388], 'fneg': array([4, 0, 0, 3, 0, 1, 0, 0, 3, 2, 0, 0, 0, 5, 0, 0, 3, 5, 6, 6, 0, 0, 0,
       3, 3, 0, 3, 3, 0, 3, 3, 0, 3, 0, 3, 3, 0, 3, 3, 0]), 'sensitivity': array([0.36363636, 0.95454545, 0.95454545, 0.90909091, 0.90909091,
       0.90909091, 0.95454545, 0.95454545, 0.54545455, 0.90909091, 1.0,
       1.0, 0.95454545, 0.22727273, 0.90909091, 0.95454545, 0.86363636,
       0.22727273, 0.045454545, 0.13636364, 0.90909091, 1.0, 0.90909091,
       0.77272727, 0.77272727, 1.0, 0.54545455, 0.54545455, 0.90909091,
       0.68181818, 0.36363636, 1.0, 0.86363636, 0.90909091, 0.68181818,
       0.68181818, 1.0, 0.54545455, 0.68181818, 1.0]), 'tpos': array([2, 6, 6, 3, 6, 5, 6, 6, 3, 4, 6, 6, 6, 1, 6, 6, 3, 1, 0, 0, 6, 6, 6,
       3, 3, 6, 3, 3, 6, 3, 3, 6, 3, 6, 3, 3, 6, 3, 3, 6])}, {'specificity': array([1.0, 0.56097561, 0.48780488, 0.63414634, 0.95121951, 0.34146341,
       0.58536585, 0.3902439, 0.2195122, 0.85365854, 0.73170732,
       0.26829268, 0.048780488, 0.31707317, 0.97560976, 0.29268293,
       0.46341463, 0.6097561, 0.92682927, 0.80487805, 0.14634146,
       0.65853659, 0.19512195, 0.43902439, 0.24390244, 0.70731707,
       0.53658537, 0.073170732, 0.75609756, 0.41463415, 0.097560976,
       0.7804878, 0.36585366, 0.51219512, 0.68292683, 0.17073171,
       0.90243902, 0.12195122, 0.82926829, 0.87804878, 0.024390244]), 'tneg': array([0, 0, 0, 0, 0, 0, 0, 0, 0, 0, 0, 0, 0, 0, 0, 0, 0, 0, 0, 0, 0, 0, 0,
       0, 0, 0, 0, 0, 0, 0, 0, 0, 0, 0, 0, 0, 0, 0, 0, 0, 0]), 'fpos': array([13, 13, 13, 13, 13, 13, 13, 13, 13, 13, 13, 13, 13, 13, 13, 13, 13,
       13, 13, 13, 13, 13, 13, 13, 13, 13, 13, 13, 13, 13, 13, 13, 13, 13,
       13, 13, 13, 13, 13, 13, 13]), 'threshold': [2.3408513759238128, 1.7184800254251114, 1.6575981473470987, 1.8535695055347925, 2.2966999288922776, 1.5837245197752994, 1.7582766805201897, 1.6022742699229249, 1.4495066385437667, 2.0662213376753944, 1.9199372675609348, 1.4860026179665675, 1.3571682519844315, 1.5707556291595415, 2.333493046069957, 1.5534332906860615, 1.6469343380265773, 1.7836846165907121, 2.1777213866985403, 1.9522473857368796, 1.3996298961855387, 1.873057463878693, 1.4413087724023468, 1.642499223219279, 1.4790921564881803, 1.9046612532319509, 1.7116737568564973, 1.3617006844296977, 1.9303782990262348, 1.611987775646105, 1.3844745983801525, 1.9440790642023034, 1.5878098878418716, 1.66650088195474, 1.9036302113497099, 1.4027980852372965, 2.1636570550237129, 1.3948099790852002, 1.9727548773254806, 2.0744373369287823, 1.0667012220771583], 'fneg': array([0, 0, 0, 0, 0, 0, 0, 0, 0, 0, 0, 0, 0, 0, 0, 0, 0, 0, 0, 0, 0, 0, 0,
       0, 0, 0, 0, 0, 0, 0, 0, 0, 0, 0, 0, 0, 0, 0, 0, 0, 0]), 'sensitivity': array([0.36363636, 0.86363636, 0.95454545, 0.77272727, 0.45454545,
       0.95454545, 0.86363636, 0.95454545, 1.0, 0.59090909, 0.68181818,
       0.95454545, 1.0, 0.95454545, 0.36363636, 0.95454545, 0.95454545,
       0.86363636, 0.5, 0.68181818, 1.0, 0.77272727, 1.0, 0.95454545,
       0.95454545, 0.72727273, 0.86363636, 1.0, 0.68181818, 0.95454545,
       1.0, 0.68181818, 0.95454545, 0.95454545, 0.72727273, 1.0, 0.5, 1.0,
       0.68181818, 0.59090909, 1.0]), 'tpos': array([3, 3, 3, 3, 3, 3, 3, 3, 3, 3, 3, 3, 3, 3, 3, 3, 3, 3, 3, 3, 3, 3, 3,
       3, 3, 3, 3, 3, 3, 3, 3, 3, 3, 3, 3, 3, 3, 3, 3, 3, 3])}, {'specificity': array([0.35897436, 0.28205128, 0.43589744, 0.56410256, 0.41025641,
       0.71794872, 0.8974359, 0.64102564, 0.53846154, 0.20512821,
       0.23076923, 0.74358974, 0.38461538, 0.17948718, 0.97435897,
       0.94871795, 1.0, 0.66666667, 0.1025641, 0.076923077, 0.25641026,
       0.051282051, 0.82051282, 0.15384615, 0.46153846, 0.76923077,
       0.48717949, 0.92307692, 0.69230769, 0.12820513, 0.30769231,
       0.84615385, 0.79487179, 0.33333333, 0.87179487, 0.51282051,
       0.61538462, 0.58974359, 0.025641026]), 'tneg': array([13, 13, 13, 13, 13, 13, 13, 13, 13, 13, 13, 13, 13, 13, 13, 13, 13,
       13, 13, 13, 13, 13, 13, 13, 13, 13, 13, 13, 13, 13, 13, 13, 13, 13,
       13, 13, 13, 13, 13]), 'fpos': array([0, 0, 0, 0, 0, 0, 0, 0, 0, 0, 0, 0, 0, 0, 0, 0, 0, 0, 0, 0, 0, 0, 0,
       0, 0, 0, 0, 0, 0, 0, 0, 0, 0, 0, 0, 0, 0, 0, 0]), 'threshold': [1.6709151365186066, 1.5807829962139219, 1.7024274075550419, 1.8030726777208068, 1.7020501972181674, 1.8845806791502495, 2.025419632324287, 1.8223464586138598, 1.7895851961746119, 1.5606748945924396, 1.5636542082769966, 1.9227606766105709, 1.6830145494893394, 1.5604796541941761, 2.2007128834040852, 2.1568876856769421, 2.9737782962704586, 1.8662186681431761, 1.5170328378453972, 1.4993497504780406, 1.5728769734891557, 1.4172307566068216, 1.9763798350827857, 1.5553409230709558, 1.713082920902502, 1.9425856210849484, 1.7233554429117188, 2.0394964459854243, 1.8815712028145382, 1.538668438597669, 1.5971943154411896, 1.9802245752214245, 1.9507748644242358, 1.6108720592881025, 1.9994937672875905, 1.7347752048758875, 1.8193964188338174, 1.8103192309216132, 1.1000463398496345], 'fneg': array([2, 2, 2, 2, 2, 2, 2, 2, 2, 2, 2, 2, 2, 2, 2, 2, 2, 2, 2, 2, 2, 2, 2,
       2, 2, 2, 2, 2, 2, 2, 2, 2, 2, 2, 2, 2, 2, 2, 2]), 'sensitivity': array([0.96, 0.96, 0.96, 0.92, 0.96, 0.92, 0.72, 0.92, 0.92, 0.96, 0.96,
       0.92, 0.96, 0.96, 0.4, 0.48, 0.08, 0.92, 0.96, 0.96, 0.96, 0.96,
       0.8, 0.96, 0.96, 0.8, 0.96, 0.72, 0.92, 0.96, 0.96, 0.76, 0.8, 0.96,
       0.76, 0.96, 0.92, 0.92, 1.0]), 'tpos': array([0, 0, 0, 0, 0, 0, 0, 0, 0, 0, 0, 0, 0, 0, 0, 0, 0, 0, 0, 0, 0, 0, 0,
       0, 0, 0, 0, 0, 0, 0, 0, 0, 0, 0, 0, 0, 0, 0, 0])}, {'specificity': array([0.9047619, 0.64285714, 0.35714286, 0.54761905, 0.5, 0.85714286,
       0.66666667, 0.92857143, 0.69047619, 0.47619048, 0.80952381,
       0.23809524, 0.88095238, 0.42857143, 0.45238095, 0.5952381, 1.0,
       0.95238095, 0.4047619, 0.52380952, 0.16666667, 0.38095238,
       0.97619048, 0.61904762, 0.19047619, 0.76190476, 0.73809524,
       0.21428571, 0.83333333, 0.71428571, 0.30952381, 0.023809524,
       0.11904762, 0.095238095, 0.57142857, 0.047619048, 0.78571429,
       0.071428571, 0.33333333, 0.14285714, 0.26190476, 0.28571429]), 'tneg': array([13, 13, 13, 13, 13, 13, 13, 13, 13, 13, 13, 13, 13, 13, 13, 13, 13,
       13, 13, 13, 13, 13, 13, 13, 13, 13, 13, 13, 13, 13, 13, 13, 13, 13,
       13, 13, 13, 13, 13, 13, 13, 13]), 'fpos': array([0, 0, 0, 0, 0, 0, 0, 0, 0, 0, 0, 0, 0, 0, 0, 0, 0, 0, 0, 0, 0, 0, 0,
       0, 0, 0, 0, 0, 0, 0, 0, 0, 0, 0, 0, 0, 0, 0, 0, 0, 0, 0]), 'threshold': [2.2742993160155178, 1.9880524721196371, 1.6789163515209131, 1.9006499260150349, 1.838791451211315, 2.1416384166358777, 2.0701284315890094, 2.2938045608304671, 2.0805291522324705, 1.8230779145783158, 2.0969657701087869, 1.5931030162804269, 2.2020492978006794, 1.6953143868453438, 1.7205723525537289, 1.9461351086370851, 3.1699840997369022, 2.3146186557683772, 1.6826476895573648, 1.8432582931819308, 1.4693769049660292, 1.6792314812042295, 2.3986892113892146, 1.9575123987506402, 1.4733983925178533, 2.0920221058586619, 2.0913435962256313, 1.4945198440749863, 2.102610935456644, 2.0845603421236181, 1.6630007599490686, 0.774050960239367, 1.4495827270562494, 1.260929064154527, 1.9125916164665697, 0.99515841672828909, 2.0963689403529213, 1.1039530507412598, 1.6756634901989662, 1.4671610060798748, 1.6182182955368365, 1.6614300267761415], 'fneg': array([3, 3, 3, 3, 3, 3, 3, 3, 3, 3, 3, 3, 3, 3, 3, 3, 3, 3, 3, 3, 3, 3, 3,
       3, 3, 3, 3, 3, 3, 3, 3, 3, 3, 3, 3, 3, 3, 3, 3, 3, 3, 3]), 'sensitivity': array([0.47619048, 0.76190476, 0.85714286, 0.76190476, 0.80952381,
       0.71428571, 0.76190476, 0.47619048, 0.76190476, 0.80952381,
       0.76190476, 0.9047619, 0.57142857, 0.85714286, 0.85714286,
       0.76190476, 0.047619048, 0.47619048, 0.85714286, 0.80952381,
       0.95238095, 0.85714286, 0.38095238, 0.76190476, 0.95238095,
       0.76190476, 0.76190476, 0.9047619, 0.76190476, 0.76190476,
       0.85714286, 1.0, 0.95238095, 1.0, 0.76190476, 1.0, 0.76190476, 1.0,
       0.85714286, 0.95238095, 0.9047619, 0.85714286]), 'tpos': array([0, 0, 0, 0, 0, 0, 0, 0, 0, 0, 0, 0, 0, 0, 0, 0, 0, 0, 0, 0, 0, 0, 0,
       0, 0, 0, 0, 0, 0, 0, 0, 0, 0, 0, 0, 0, 0, 0, 0, 0, 0, 0])}, {'specificity': array([0.57142857, 0.26190476, 0.28571429, 0.69047619, 0.78571429,
       0.9047619, 0.66666667, 0.64285714, 0.47619048, 0.76190476,
       0.52380952, 0.095238095, 0.11904762, 0.54761905, 0.97619048,
       0.42857143, 0.35714286, 0.33333333, 0.71428571, 0.95238095,
       0.16666667, 0.4047619, 0.19047619, 0.23809524, 1.0, 0.73809524,
       0.92857143, 0.88095238, 0.38095238, 0.85714286, 0.80952381,
       0.071428571, 0.61904762, 0.21428571, 0.14285714, 0.83333333,
       0.047619048, 0.45238095, 0.30952381, 0.5952381, 0.5, 0.023809524]), 'tneg': array([0, 0, 0, 0, 0, 0, 0, 0, 0, 0, 0, 0, 0, 0, 0, 0, 0, 0, 0, 0, 0, 0, 0,
       0, 0, 0, 0, 0, 0, 0, 0, 0, 0, 0, 0, 0, 0, 0, 0, 0, 0, 0]), 'fpos': array([9, 9, 9, 9, 9, 9, 9, 9, 9, 9, 9, 9, 9, 9, 9, 9, 9, 9, 9, 9, 9, 9, 9,
       9, 9, 9, 9, 9, 9, 9, 9, 9, 9, 9, 9, 9, 9, 9, 9, 9, 9, 9]), 'threshold': [1.6993886135676795, 1.4824332465355681, 1.4921086415078113, 1.8922290179479528, 1.9660378995921501, 2.1021766237051014, 1.8720590335985627, 1.8246022925516225, 1.6544315607959537, 1.9453390799312256, 1.6866118482164554, 1.2390500972511633, 1.2449955993527175, 1.6985861547065149, 2.4120311649035013, 1.6455935726208755, 1.5437891421383041, 1.53964786706234, 1.936172277436536, 2.3037884677853371, 1.3168746979643813, 1.6078604496558713, 1.3694674880875006, 1.4618720782743628, 2.4789796828316271, 1.941273490402633, 2.1515894245370442, 2.0552622054964997, 1.5665571055758099, 2.0427366542673111, 2.0104675988018887, 1.112595061717419, 1.7327223047671279, 1.4530216137016225, 1.2657819646845949, 2.0290604352600279, 1.0341841732293435, 1.6486534350905482, 1.5027574868273237, 1.724565693967858, 1.6664423822951975, 0.68236445214658614], 'fneg': array([0, 0, 0, 0, 0, 0, 0, 0, 0, 0, 0, 0, 0, 0, 0, 0, 0, 0, 0, 0, 0, 0, 0,
       0, 0, 0, 0, 0, 0, 0, 0, 0, 0, 0, 0, 0, 0, 0, 0, 0, 0, 0]), 'sensitivity': array([0.77272727, 0.90909091, 0.90909091, 0.72727273, 0.68181818,
       0.54545455, 0.72727273, 0.72727273, 0.77272727, 0.68181818,
       0.77272727, 1.0, 1.0, 0.77272727, 0.22727273, 0.77272727,
       0.86363636, 0.86363636, 0.68181818, 0.27272727, 1.0, 0.77272727,
       0.95454545, 0.90909091, 0.13636364, 0.68181818, 0.45454545,
       0.63636364, 0.77272727, 0.63636364, 0.68181818, 1.0, 0.77272727,
       0.90909091, 1.0, 0.63636364, 1.0, 0.77272727, 0.90909091,
       0.77272727, 0.77272727, 1.0]), 'tpos': array([6, 6, 6, 6, 6, 6, 6, 6, 6, 6, 6, 6, 6, 6, 6, 6, 6, 6, 6, 6, 6, 6, 6,
       6, 6, 6, 6, 6, 6, 6, 6, 6, 6, 6, 6, 6, 6, 6, 6, 6, 6, 6])}], <Model object at 0x00000000000003DC>)
