# fold = 1
# threshold = 0.251904662766
# requested specificity = 0.806451612903
# actual training-set specificity = 0.824561403509
# tpos = 1
# tneg = 14
# fpos = 3
# fneg = 3
# raw predictions:
[0.299601542666 0.299626951794 0.220716917011 0.220084464249 0.220141893173
 0.220084464249 0.242478325379 0.222087790413 0.220084464249 0.220084464249
 0.238723215394 0.228768412555 0.220104391724 0.266930899066 0.222059108697
 0.229724781305 0.220118463159 0.299626951794 0.220166489326 0.220084464249
 0.220084464249]
# truth:
[2.286681 3.3837436 3.2980448 2.2000293 2.1664301 2.1804126 0.79934055
 1.687529 1.5024271 1.7024305 1.6009729 3.3837436 2.1433271 0.30103
 1.5786392 2.0406023 2.5161386 2.1525941 1.6928469 1.5263393 0.0]
# fold = 2
# threshold = 0.203003340708
# requested specificity = 0.809523809524
# actual training-set specificity = 0.816666666667
# tpos = 3
# tneg = 10
# fpos = 4
# fneg = 3
# raw predictions:
[0.270282300397 0.172609708637 0.296777132785 0.171296522022 0.20131360055
 0.210747427539 0.322181038984 0.165982177457 0.243752008071 0.423746749063
 0.155260178824 0.175259750062 0.177813840761 0.736736170129 0.164990299391
 0.176279269172 0.183965720317 0.164208837214 0.184704726493 0.156974849113]
# truth:
[2.5366847 1.7767012 3.3837436 1.376577 2.5627685 2.0297895 2.2367891
 1.3384565 1.8709888 3.3837436 1.1430148 2.2796669 2.3398488 2.0674428
 2.2355284 3.3837436 2.1027766 1.9703469 2.6887757 0.70757018]
# fold = 3
# threshold = 0.228793563642
# requested specificity = 0.809523809524
# actual training-set specificity = 0.833333333333
# tpos = 5
# tneg = 9
# fpos = 5
# fneg = 1
# raw predictions:
[0.228862349884 0.228836927188 0.228781602301 0.228836927188 0.228844404245
 0.228807020675 0.22884290882 0.228781602301 0.228781602301 0.228781602301
 0.228854872414 0.228854872414 0.229014927771 0.228781602301 0.228781602301
 0.228781602301 0.228783097445 0.228781602301 0.228826459596 0.228786087752]
# truth:
[2.5375673 0.30103 1.1172713 1.8920946 1.8469553 3.3837436 2.1580608
 1.1643529 1.3579348 1.3031961 2.9914033 2.7136585 2.7567882 3.3837436
 1.3483049 1.3710679 2.3583156 1.4712917 0.49136169 1.5024271]
# fold = 4
# threshold = 0.209681200364
# requested specificity = 0.809523809524
# actual training-set specificity = 0.822580645161
# tpos = 4
# tneg = 11
# fpos = 1
# fneg = 4
# raw predictions:
[0.209625351765 0.209766464038 0.209616534564 0.210128382673 0.209898820154
 0.20963123005 0.209704718834 0.209616534564 0.209642986984 0.209619473601
 0.209616534564 0.209640047705 0.209616534564 0.209616534564 0.209640047705
 0.209722358959 0.209616534564 0.209616534564 0.209616534564 0.209616534564]
# truth:
[2.5779511 2.4350476 2.4834446 3.3837436 2.6134189 2.8121108 1.6042261
 1.382017 2.0318123 2.4637437 1.8469553 1.6884198 1.9020029 2.2000293
 2.3380579 2.6190933 0.30103 1.0374265 1.1643529 1.9355073]
# fold = 5
# threshold = 0.275032117545
# requested specificity = 0.8125
# actual training-set specificity = 0.824561403509
# tpos = 2
# tneg = 12
# fpos = 5
# fneg = 0
# raw predictions:
[0.274975979295 0.275046153219 0.275547049484 0.274873077645 0.275181854316
 0.275158454612 0.274877754474 0.275064868143 0.27491049366 0.274873077645
 0.274873077645 0.274873077645 0.274873077645 0.27491049366 0.274971301429
 0.275261422541 0.274873077645 0.27509762116 0.275013404005]
# truth:
[1.5717088 2.5880475 1.5263393 1.6532125 2.512551 2.2671717 1.3961993
 2.0338257 1.4593925 1.9355073 2.1598678 0.61278386 1.39794 1.6866363
 1.8000294 1.948413 2.1195858 1.666518 1.1271048]
# fold = overall performance
# tpos = 15
# tneg = 56
# fpos = 18
# fneg = 11
