#adalasso
([{'specificity': array([0.9516129, 0.5483871, 0.96774194, 0.93548387, 0.4516129, 0.30645161,
       0.77419355, 0.90322581, 0.85483871, 0.46774194, 0.74193548,
       0.51612903, 0.66129032, 0.67741935, 0.70967742, 0.82258065,
       0.40322581, 0.75806452, 0.35483871, 0.11290323, 0.41935484,
       0.64516129, 0.80645161, 0.88709677, 0.25806452, 0.17741935,
       0.22580645, 0.29032258, 0.56451613, 0.33870968, 0.87096774,
       0.58064516, 0.83870968, 0.91935484, 1.0, 0.98387097, 0.37096774,
       0.61290323, 0.48387097, 0.12903226, 0.096774194, 0.016129032,
       0.43548387, 0.5, 0.19354839, 0.27419355, 0.59677419, 0.032258065,
       0.064516129, 0.62903226, 0.72580645, 0.080645161, 0.79032258,
       0.24193548, 0.32258065, 0.16129032, 0.38709677, 0.20967742,
       0.69354839, 0.53225806, 0.14516129, 0.048387097]), 'tneg': array([12,  6, 12, 12,  6,  3, 10, 12, 12,  6, 10,  6,  8, 10, 10, 12,  5,
       10,  5,  2,  5,  8, 12, 12,  3,  2,  3,  3,  6,  5, 12,  6, 12, 12,
       12, 12,  5,  7,  6,  2,  1,  0,  6,  6,  2,  3,  7,  0,  0,  8, 10,
        0, 12,  3,  3,  2,  5,  2, 10,  6,  2,  0]), 'fpos': array([ 0,  6,  0,  0,  6,  9,  2,  0,  0,  6,  2,  6,  4,  2,  2,  0,  7,
        2,  7, 10,  7,  4,  0,  0,  9, 10,  9,  9,  6,  7,  0,  6,  0,  0,
        0,  0,  7,  5,  6, 10, 11, 12,  6,  6, 10,  9,  5, 12, 12,  4,  2,
       12,  0,  9,  9, 10,  7, 10,  2,  6, 10, 12]), 'threshold': [0.61665240479517081, 0.19988308130641594, 0.68083073427754504, 0.61489649494578269, 0.18098052859413208, 0.1566407321740626, 0.2820092645100018, 0.47032652135235364, 0.41027959396527802, 0.18341623631620704, 0.26998298327659598, 0.19385879905439715, 0.23170721697974861, 0.24376575365915593, 0.25502034227034154, 0.39159379828167873, 0.17686735008267876, 0.2749924680112355, 0.17250682435537629, 0.13660852198315782, 0.17717657816815688, 0.23086421095285029, 0.3401201320483091, 0.44247371469200514, 0.15213157675961622, 0.14303753360755989, 0.14980688748855739, 0.15432502872517792, 0.20384359045686856, 0.17113932051091077, 0.42467340064909576, 0.20788945619680041, 0.4076046812029262, 0.56999368249524185, 0.81329875011866626, 0.76707012695004573, 0.1737875795165634, 0.21463474560388049, 0.18562357770086319, 0.13778399258453536, 0.13329476225286621, 0.090439719980094577, 0.17869717522904119, 0.1869326331824642, 0.14324891568728662, 0.15426078588155814, 0.21302673617598622, 0.10959095919118291, 0.12657487993290925, 0.22718490968815763, 0.25566898599677745, 0.12992207729249247, 0.31903693111755721, 0.1498133447279178, 0.15999349229772186, 0.14245021761319102, 0.17504083941935475, 0.14520844695861432, 0.25424357045249302, 0.19980695445295596, 0.13871698790824891, 0.12654050331839722], 'fneg': array([4, 3, 4, 4, 3, 2, 4, 4, 4, 3, 4, 3, 3, 4, 4, 4, 3, 4, 2, 0, 3, 3, 4,
       4, 2, 0, 2, 2, 3, 2, 4, 3, 4, 4, 5, 5, 2, 3, 3, 0, 0, 0, 3, 3, 0, 2,
       3, 0, 0, 3, 4, 0, 4, 2, 2, 0, 2, 0, 4, 3, 0, 0]), 'sensitivity': array([1, 1, 1, 1, 1, 1, 1, 1, 1, 1, 1, 1, 1, 1, 1, 1, 1, 1, 1, 1, 1, 1, 1,
       1, 1, 1, 1, 1, 1, 1, 1, 1, 1, 1, 1, 1, 1, 1, 1, 1, 1, 1, 1, 1, 1, 1,
       1, 1, 1, 1, 1, 1, 1, 1, 1, 1, 1, 1, 1, 1, 1, 1]), 'tpos': array([1, 2, 1, 1, 2, 3, 1, 1, 1, 2, 1, 2, 2, 1, 1, 1, 2, 1, 3, 5, 2, 2, 1,
       1, 3, 5, 3, 3, 2, 3, 1, 2, 1, 1, 0, 0, 3, 2, 2, 5, 5, 5, 2, 2, 5, 3,
       2, 5, 5, 2, 1, 5, 1, 3, 3, 5, 3, 5, 1, 2, 5, 5])}, {'specificity': array([0.19047619, 1.0, 0.19047619, 0.41269841, 0.73015873, 0.68253968,
       0.3015873, 0.25396825, 0.80952381, 0.85714286, 0.31746032,
       0.88888889, 0.33333333, 0.74603175, 0.19047619, 0.65079365,
       0.84126984, 0.71428571, 0.6984127, 0.53968254, 0.49206349,
       0.22222222, 0.47619048, 0.79365079, 0.34920635, 0.19047619,
       0.19047619, 0.76190476, 0.42857143, 0.19047619, 0.9047619,
       0.87301587, 0.92063492, 0.93650794, 1.0, 0.19047619, 1.0,
       0.52380952, 0.19047619, 0.77777778, 0.58730159, 0.55555556,
       0.28571429, 0.20634921, 0.19047619, 1.0, 0.3968254, 0.66666667,
       0.82539683, 0.44444444, 0.38095238, 0.63492063, 0.6031746,
       0.19047619, 0.23809524, 0.26984127, 0.61904762, 0.50793651,
       0.57142857, 0.46031746, 0.36507937, 0.19047619, 0.19047619]), 'tneg': array([ 4, 10,  4,  6,  7,  7,  6,  6,  7,  8,  6,  9,  6,  7,  4,  7,  7,
        7,  7,  6,  6,  6,  6,  7,  6,  4,  4,  7,  6,  4,  9,  8,  9,  9,
       10,  4, 10,  6,  4,  7,  6,  6,  6,  6,  4, 10,  6,  7,  7,  6,  6,
        7,  6,  4,  6,  6,  6,  6,  6,  6,  6,  4,  4]), 'fpos': array([6, 0, 6, 4, 3, 3, 4, 4, 3, 2, 4, 1, 4, 3, 6, 3, 3, 3, 3, 4, 4, 4, 4,
       3, 4, 6, 6, 3, 4, 6, 1, 2, 1, 1, 0, 6, 0, 4, 6, 3, 4, 4, 4, 4, 6, 0,
       4, 3, 3, 4, 4, 3, 4, 6, 4, 4, 4, 4, 4, 4, 4, 6, 6]), 'threshold': [0.20590736376791213, 0.2071022209313296, 0.20590736376791213, 0.20591472274142539, 0.20634710341892701, 0.2062556605864293, 0.20590802907215455, 0.20590785738058473, 0.20652285200181955, 0.20682697721737614, 0.20590807080276044, 0.20705569805770588, 0.20590832237883167, 0.20634778052248473, 0.20590736376791213, 0.20613501930437997, 0.20673757150933947, 0.20626874008997109, 0.20626297505241203, 0.20597454249293032, 0.2059407000922294, 0.20590770834284966, 0.20594042463802026, 0.20645869961341429, 0.20590862045504002, 0.20590736376791213, 0.20590736376791213, 0.20641412911887103, 0.20594008956205576, 0.20590736376791213, 0.20708361013680068, 0.20688914544172393, 0.20710097562309665, 0.20710164737040815, 0.2071022209313296, 0.20590736376791213, 0.2071022209313296, 0.20597247097497629, 0.20590736376791213, 0.20644653582444553, 0.20604133544956255, 0.20599483869909591, 0.20590798376464664, 0.20590769641983431, 0.20590736376791213, 0.2071022209313296, 0.20591388095655827, 0.20620041732107222, 0.20663878855270293, 0.20594022430785774, 0.20591138423286473, 0.20613406110530355, 0.2060658906628407, 0.20590736376791213, 0.20590771311205591, 0.20590793130333096, 0.20608496348478556, 0.20595601267510533, 0.20600437671607089, 0.20594025125106374, 0.20590873288708428, 0.20590736376791213, 0.20590736376791213], 'fneg': array([1, 6, 1, 1, 4, 3, 1, 1, 4, 5, 1, 6, 1, 4, 1, 3, 5, 3, 3, 2, 2, 1, 2,
       4, 1, 1, 1, 4, 2, 1, 6, 5, 6, 6, 6, 1, 6, 2, 1, 4, 2, 2, 1, 1, 1, 6,
       1, 3, 4, 2, 1, 3, 3, 1, 1, 1, 3, 2, 2, 2, 1, 1, 1]), 'sensitivity': array([1, 1, 1, 1, 1, 1, 1, 1, 1, 1, 1, 1, 1, 1, 1, 1, 1, 1, 1, 1, 1, 1, 1,
       1, 1, 1, 1, 1, 1, 1, 1, 1, 1, 1, 1, 1, 1, 1, 1, 1, 1, 1, 1, 1, 1, 1,
       1, 1, 1, 1, 1, 1, 1, 1, 1, 1, 1, 1, 1, 1, 1, 1, 1]), 'tpos': array([5, 0, 5, 5, 2, 3, 5, 5, 2, 1, 5, 0, 5, 2, 5, 3, 1, 3, 3, 4, 4, 5, 4,
       2, 5, 5, 5, 2, 4, 5, 0, 1, 0, 0, 0, 5, 0, 4, 5, 2, 4, 4, 5, 5, 5, 0,
       5, 3, 2, 4, 5, 3, 3, 5, 5, 5, 3, 4, 4, 4, 5, 5, 5])}, {'specificity': array([0.5625, 0.796875, 0.953125, 0.90625, 0.234375, 0.8125, 0.53125,
       0.828125, 0.484375, 0.609375, 0.625, 0.859375, 0.734375, 0.890625,
       0.96875, 0.40625, 0.6875, 0.453125, 0.265625, 0.546875, 0.34375,
       0.296875, 0.78125, 0.46875, 0.921875, 0.984375, 0.15625, 0.03125,
       0.015625, 0.375, 0.3125, 0.28125, 0.09375, 0.109375, 0.21875,
       0.703125, 0.875, 1.0, 0.515625, 0.765625, 0.421875, 0.1875,
       0.203125, 0.25, 0.84375, 0.71875, 0.5, 0.75, 0.640625, 0.9375,
       0.65625, 0.390625, 0.046875, 0.0625, 0.171875, 0.125, 0.359375,
       0.671875, 0.078125, 0.578125, 0.59375, 0.328125, 0.4375, 0.140625]), 'tneg': array([ 7,  8, 10, 10,  3,  8,  7, 10,  5,  7,  7, 10,  8, 10, 10,  5,  7,
        5,  3,  7,  4,  4,  8,  5, 10, 10,  2,  2,  2,  4,  4,  4,  2,  2,
        3,  7, 10, 10,  6,  8,  5,  3,  3,  3, 10,  8,  6,  8,  7, 10,  7,
        4,  2,  2,  3,  2,  4,  7,  2,  7,  7,  4,  5,  2]), 'fpos': array([3, 2, 0, 0, 7, 2, 3, 0, 5, 3, 3, 0, 2, 0, 0, 5, 3, 5, 7, 3, 6, 6, 2,
       5, 0, 0, 8, 8, 8, 6, 6, 6, 8, 8, 7, 3, 0, 0, 4, 2, 5, 7, 7, 7, 0, 2,
       4, 2, 3, 0, 3, 6, 8, 8, 7, 8, 6, 3, 8, 3, 3, 6, 5, 8]), 'threshold': [0.23088490024138961, 0.30685916518751366, 0.50662528400090967, 0.45230518222063276, 0.1691131839267859, 0.31835604202005902, 0.21488893826936162, 0.36605563491193882, 0.20613202190105473, 0.23415876975675737, 0.23656202441859528, 0.39461197605404291, 0.26262839290916379, 0.40174417294090059, 0.5396578974293591, 0.19579769900142544, 0.2557324548774032, 0.19906315348603695, 0.17402925571532452, 0.22867676977321366, 0.18715534076627199, 0.17974683681525708, 0.28625529534356303, 0.20231588002377435, 0.4715002604566787, 0.63873358717875683, 0.14825838414456086, 0.11166382494701767, 0.11140260307024746, 0.19115953723236909, 0.18165407212253926, 0.1776626545167532, 0.12716890263717096, 0.13378765046606209, 0.16838972514540271, 0.255942733031021, 0.40152875428795654, 0.69825484658463655, 0.21036290069083224, 0.27846552056485829, 0.19747692808921652, 0.16359990064908803, 0.16633230448489897, 0.17105059994814614, 0.37485572670009704, 0.26011772296938129, 0.20987961915193493, 0.2783144736238195, 0.23952992633210729, 0.50490970212700059, 0.24394363935425573, 0.19315632682944392, 0.11334166975785553, 0.11565147429185486, 0.15609472288113965, 0.14411921089463725, 0.18736159195705832, 0.24768003016622042, 0.11782696264066199, 0.23264638642508406, 0.23362761566057247, 0.18400500414647703, 0.19871477604332186, 0.14603002602087442], 'fneg': array([2, 3, 4, 4, 0, 3, 2, 4, 2, 2, 2, 4, 2, 4, 4, 1, 2, 1, 0, 2, 0, 0, 2,
       2, 4, 4, 0, 0, 0, 0, 0, 0, 0, 0, 0, 2, 4, 5, 2, 2, 1, 0, 0, 0, 4, 2,
       2, 2, 2, 4, 2, 0, 0, 0, 0, 0, 0, 2, 0, 2, 2, 0, 1, 0]), 'sensitivity': array([1, 1, 1, 1, 1, 1, 1, 1, 1, 1, 1, 1, 1, 1, 1, 1, 1, 1, 1, 1, 1, 1, 1,
       1, 1, 1, 1, 1, 1, 1, 1, 1, 1, 1, 1, 1, 1, 1, 1, 1, 1, 1, 1, 1, 1, 1,
       1, 1, 1, 1, 1, 1, 1, 1, 1, 1, 1, 1, 1, 1, 1, 1, 1, 1]), 'tpos': array([3, 2, 1, 1, 5, 2, 3, 1, 3, 3, 3, 1, 3, 1, 1, 4, 3, 4, 5, 3, 5, 5, 3,
       3, 1, 1, 5, 5, 5, 5, 5, 5, 5, 5, 5, 3, 1, 0, 3, 3, 4, 5, 5, 5, 1, 3,
       3, 3, 3, 1, 3, 5, 5, 5, 5, 5, 5, 3, 5, 3, 3, 5, 4, 5])}, {'specificity': array([0.85714286, 0.95238095, 0.88888889, 0.3015873, 0.65079365,
       0.82539683, 0.50793651, 0.84126984, 0.3968254, 0.71428571,
       0.74603175, 0.73015873, 0.52380952, 0.80952381, 0.33333333,
       0.61904762, 0.6031746, 0.28571429, 0.36507937, 0.66666667,
       0.87301587, 0.9047619, 0.26984127, 0.25396825, 0.63492063,
       0.53968254, 0.12698413, 0.55555556, 0.095238095, 0.79365079,
       0.49206349, 0.92063492, 0.93650794, 0.96825397, 1.0, 0.98412698,
       0.77777778, 0.58730159, 0.14285714, 0.015873016, 0.46031746,
       0.42857143, 0.31746032, 0.11111111, 0.063492063, 0.15873016,
       0.76190476, 0.031746032, 0.20634921, 0.41269841, 0.57142857,
       0.47619048, 0.047619048, 0.6984127, 0.19047619, 0.17460317,
       0.34920635, 0.68253968, 0.23809524, 0.22222222, 0.38095238,
       0.44444444, 0.079365079]), 'tneg': array([13, 14, 13,  4, 13, 13, 11, 13,  7, 13, 13, 13, 11, 13,  4, 13, 13,
        3,  5, 13, 13, 13,  3,  3, 13, 11,  1, 12,  1, 13, 11, 13, 14, 14,
       14, 14, 13, 13,  1,  0,  9,  8,  4,  1,  0,  2, 13,  0,  3,  7, 12,
       11,  0, 13,  2,  2,  4, 13,  3,  3,  6,  9,  1]), 'fpos': array([ 1,  0,  1, 10,  1,  1,  3,  1,  7,  1,  1,  1,  3,  1, 10,  1,  1,
       11,  9,  1,  1,  1, 11, 11,  1,  3, 13,  2, 13,  1,  3,  1,  0,  0,
        0,  0,  1,  1, 13, 14,  5,  6, 10, 13, 14, 12,  1, 14, 11,  7,  2,
        3, 14,  1, 12, 12, 10,  1, 11, 11,  8,  5, 13]), 'threshold': [0.37293537518464753, 0.62290821724169321, 0.46630942743305964, 0.20342883807642437, 0.2748278929451195, 0.36262822231800418, 0.23588043086813032, 0.36458302032042961, 0.21468487848993281, 0.31473109632500856, 0.32066529607961936, 0.31821583236743073, 0.24720794226672926, 0.34949713605173632, 0.20840357958744396, 0.27084891759339424, 0.26803213546961902, 0.20150433570017826, 0.21010001895415462, 0.2980556215613806, 0.43788532027845589, 0.47472447883002333, 0.1998096116697855, 0.19724347930069877, 0.27237613038124125, 0.24845683461987497, 0.19062111610167742, 0.25618604955890806, 0.1847116450185303, 0.34654612953668856, 0.23413098326080953, 0.47837060285237709, 0.54978943277330083, 0.66141478140048993, 0.69675889608142128, 0.67174399969333554, 0.34331344519349866, 0.2673011025682312, 0.19190696663670723, 0.16012976306908686, 0.22700721302784796, 0.21970079369625406, 0.20449558917812466, 0.1905617619190535, 0.18190508858744658, 0.19271470869496543, 0.34199956922754032, 0.17808329913840931, 0.19603027336002921, 0.2185048252518329, 0.2627835695949996, 0.23319191015884117, 0.18023014005949722, 0.30105656623339688, 0.19422742609356339, 0.19329532527496257, 0.20870498857232045, 0.29911713336051882, 0.1961273036222915, 0.19605358212624086, 0.21243889536209673, 0.22540649267470866, 0.18415849290205871], 'fneg': array([1, 2, 2, 1, 1, 1, 1, 1, 1, 1, 1, 1, 1, 1, 1, 1, 1, 1, 1, 1, 2, 2, 0,
       0, 1, 1, 0, 1, 0, 1, 1, 2, 2, 2, 2, 2, 1, 1, 0, 0, 1, 1, 1, 0, 0, 0,
       1, 0, 0, 1, 1, 1, 0, 1, 0, 0, 1, 1, 0, 0, 1, 1, 0]), 'sensitivity': array([1, 1, 1, 1, 1, 1, 1, 1, 1, 1, 1, 1, 1, 1, 1, 1, 1, 1, 1, 1, 1, 1, 1,
       1, 1, 1, 1, 1, 1, 1, 1, 1, 1, 1, 1, 1, 1, 1, 1, 1, 1, 1, 1, 1, 1, 1,
       1, 1, 1, 1, 1, 1, 1, 1, 1, 1, 1, 1, 1, 1, 1, 1, 1]), 'tpos': array([1, 0, 0, 1, 1, 1, 1, 1, 1, 1, 1, 1, 1, 1, 1, 1, 1, 1, 1, 1, 0, 0, 2,
       2, 1, 1, 2, 1, 2, 1, 1, 0, 0, 0, 0, 0, 1, 1, 2, 2, 1, 1, 1, 2, 2, 2,
       1, 2, 2, 1, 1, 1, 2, 1, 2, 2, 1, 1, 2, 2, 1, 1, 2])}, {'specificity': array([0.890625, 0.46875, 0.9375, 0.171875, 0.28125, 0.953125, 0.5625,
       0.921875, 0.671875, 0.40625, 0.53125, 0.84375, 0.734375, 0.828125,
       0.90625, 0.71875, 0.6875, 0.390625, 0.375, 0.421875, 0.703125,
       0.625, 0.875, 0.984375, 0.515625, 0.1875, 0.3125, 0.4375, 0.640625,
       0.0625, 0.8125, 0.328125, 0.859375, 0.96875, 1.0, 0.078125,
       0.265625, 0.25, 0.109375, 0.75, 0.796875, 0.78125, 0.09375, 0.15625,
       0.609375, 0.765625, 0.359375, 0.484375, 0.453125, 0.140625,
       0.578125, 0.59375, 0.046875, 0.21875, 0.203125, 0.546875, 0.34375,
       0.015625, 0.65625, 0.5, 0.125, 0.234375, 0.296875, 0.03125]), 'tneg': array([11,  6, 11,  1,  2, 11,  9, 11, 11,  6,  7, 11, 11, 11, 11, 11, 11,
        5,  3,  6, 11, 10, 11, 11,  7,  1,  2,  6, 10,  1, 11,  2, 11, 11,
       11,  1,  1,  1,  1, 11, 11, 11,  1,  1,  9, 11,  3,  6,  6,  1,  9,
        9,  1,  1,  1,  8,  3,  0, 11,  6,  1,  1,  2,  0]), 'fpos': array([ 1,  6,  1, 11, 10,  1,  3,  1,  1,  6,  5,  1,  1,  1,  1,  1,  1,
        7,  9,  6,  1,  2,  1,  1,  5, 11, 10,  6,  2, 11,  1, 10,  1,  1,
        1, 11, 11, 11, 11,  1,  1,  1, 11, 11,  3,  1,  9,  6,  6, 11,  3,
        3, 11, 11, 11,  4,  9, 12,  1,  6, 11, 11, 10, 12]), 'threshold': [0.66850583378182526, 0.14631842856822649, 0.79658411545831298, 0.045905510315337676, 0.059456278801122295, 0.80145375773867988, 0.20887936343542221, 0.78797077315003261, 0.33375358336184557, 0.12464373504925957, 0.18348193937652377, 0.55038346640380698, 0.40543851765044858, 0.54579697291078766, 0.6844802401456509, 0.40348857884823891, 0.35596825406614241, 0.11464408078348144, 0.10158063534115321, 0.13145148744778315, 0.36269683132921993, 0.29244882298509278, 0.66218532315374101, 0.8669758569648035, 0.17347573022177687, 0.046414304476917453, 0.08324311989924725, 0.13646436988633667, 0.30958957709229984, 0.029329963748156888, 0.53912356526185368, 0.085816766029555402, 0.66010299656722682, 0.83841967483412538, 0.97816302037015213, 0.029856778795228963, 0.05458883751059064, 0.051255470293635072, 0.034079052150395896, 0.42858391538809526, 0.52827532014772605, 0.52421563586023645, 0.032553401127886121, 0.043441404448253826, 0.23284249021015616, 0.44921064616992407, 0.099660553127024418, 0.14860783017216445, 0.14022473355154547, 0.042631292611767006, 0.21691344496225562, 0.22490527242410088, 0.021182936801113012, 0.049654712041197792, 0.047388298323159231, 0.18705805349553861, 0.090718902941422999, 0.014572984414588706, 0.31350216887169408, 0.16997044415262669, 0.038474049703053508, 0.050111622350567646, 0.065398909197936492, 0.01479706344880756], 'fneg': array([2, 1, 2, 1, 1, 2, 1, 2, 1, 1, 1, 2, 1, 2, 2, 1, 1, 1, 1, 1, 1, 1, 2,
       2, 1, 1, 1, 1, 1, 0, 2, 1, 2, 2, 3, 0, 1, 1, 0, 2, 2, 2, 0, 1, 1, 2,
       1, 1, 1, 1, 1, 1, 0, 1, 1, 1, 1, 0, 1, 1, 0, 1, 1, 0]), 'sensitivity': array([1, 1, 1, 1, 1, 1, 1, 1, 1, 1, 1, 1, 1, 1, 1, 1, 1, 1, 1, 1, 1, 1, 1,
       1, 1, 1, 1, 1, 1, 1, 1, 1, 1, 1, 1, 1, 1, 1, 1, 1, 1, 1, 1, 1, 1, 1,
       1, 1, 1, 1, 1, 1, 1, 1, 1, 1, 1, 1, 1, 1, 1, 1, 1, 1]), 'tpos': array([1, 2, 1, 2, 2, 1, 2, 1, 2, 2, 2, 1, 2, 1, 1, 2, 2, 2, 2, 2, 2, 2, 1,
       1, 2, 2, 2, 2, 2, 3, 1, 2, 1, 1, 0, 3, 2, 2, 3, 1, 1, 1, 3, 2, 2, 1,
       2, 2, 2, 2, 2, 2, 3, 2, 2, 2, 2, 3, 2, 2, 3, 2, 2, 3])}], <Model object at 0x00000000000003DC>)
#adalasso
([{'specificity': array([0.80952381, 0.63492063, 0.85714286, 0.98412698, 0.92063492,
       0.25396825, 0.36507937, 0.38095238, 0.22222222, 0.77777778,
       0.76190476, 0.71428571, 0.95238095, 0.84126984, 0.46031746,
       0.33333333, 0.26984127, 0.047619048, 0.53968254, 0.93650794,
       0.14285714, 0.095238095, 0.031746032, 0.55555556, 0.73015873,
       0.3968254, 0.23809524, 0.66666667, 0.52380952, 0.079365079,
       0.42857143, 0.34920635, 0.82539683, 0.88888889, 0.96825397, 1.0,
       0.79365079, 0.65079365, 0.6984127, 0.063492063, 0.20634921,
       0.15873016, 0.12698413, 0.58730159, 0.68253968, 0.015873016,
       0.61904762, 0.87301587, 0.74603175, 0.50793651, 0.19047619,
       0.3015873, 0.28571429, 0.44444444, 0.31746032, 0.47619048,
       0.6031746, 0.11111111, 0.57142857, 0.9047619, 0.49206349,
       0.41269841, 0.17460317]), 'tneg': array([0, 0, 0, 0, 0, 0, 0, 0, 0, 0, 0, 0, 0, 0, 0, 0, 0, 0, 0, 0, 0, 0, 0,
       0, 0, 0, 0, 0, 0, 0, 0, 0, 0, 0, 0, 0, 0, 0, 0, 0, 0, 0, 0, 0, 0, 0,
       0, 0, 0, 0, 0, 0, 0, 0, 0, 0, 0, 0, 0, 0, 0, 0, 0]), 'fpos': array([12, 12, 12, 12, 12, 12, 12, 12, 12, 12, 12, 12, 12, 12, 12, 12, 12,
       12, 12, 12, 12, 12, 12, 12, 12, 12, 12, 12, 12, 12, 12, 12, 12, 12,
       12, 12, 12, 12, 12, 12, 12, 12, 12, 12, 12, 12, 12, 12, 12, 12, 12,
       12, 12, 12, 12, 12, 12, 12, 12, 12, 12, 12, 12]), 'threshold': [0.37785098734786771, 0.18940938443585173, 0.46632374684520012, 0.69375303367395813, 0.53164836099572821, 0.12855749181456411, 0.14624954170012638, 0.14767315132255876, 0.12387931849550243, 0.29890887481627432, 0.26000636287891882, 0.22913880030429484, 0.5670261221764239, 0.42680185108581625, 0.16185992412560177, 0.13899114910124646, 0.135063084135223, 0.092899093717838707, 0.17154433995142865, 0.54412588898308156, 0.11067886374230028, 0.098133179908481069, 0.089854052441909277, 0.17164676893452474, 0.23694795633811874, 0.15088494333832392, 0.12733573803250883, 0.2045684821650321, 0.1678473881510178, 0.097274110760101104, 0.15869530316898886, 0.14248786854330206, 0.39787425568730483, 0.49331480520624132, 0.60845572305274587, 0.81963560906681954, 0.3751256284001197, 0.20445233363574769, 0.21135828407683632, 0.096588034137720477, 0.12380171562218269, 0.11710771239938841, 0.10793321584247421, 0.17645359239869984, 0.20779980495778341, 0.082346162046975493, 0.1869048017112189, 0.46952494116741961, 0.23897897354167824, 0.16701701303458075, 0.12189813673315814, 0.1375630046173783, 0.13602853348691008, 0.16093820675648521, 0.13881850532756337, 0.16360152740342551, 0.18332678817560452, 0.10764618707920767, 0.17439014605970593, 0.51118207682007821, 0.16618662999538561, 0.15553989900619303, 0.12012400857846159], 'fneg': array([0, 0, 0, 0, 0, 0, 0, 0, 0, 0, 0, 0, 0, 0, 0, 0, 0, 0, 0, 0, 0, 0, 0,
       0, 0, 0, 0, 0, 0, 0, 0, 0, 0, 0, 0, 0, 0, 0, 0, 0, 0, 0, 0, 0, 0, 0,
       0, 0, 0, 0, 0, 0, 0, 0, 0, 0, 0, 0, 0, 0, 0, 0, 0]), 'sensitivity': array([1, 1, 1, 1, 1, 1, 1, 1, 1, 1, 1, 1, 1, 1, 1, 1, 1, 1, 1, 1, 1, 1, 1,
       1, 1, 1, 1, 1, 1, 1, 1, 1, 1, 1, 1, 1, 1, 1, 1, 1, 1, 1, 1, 1, 1, 1,
       1, 1, 1, 1, 1, 1, 1, 1, 1, 1, 1, 1, 1, 1, 1, 1, 1]), 'tpos': array([5, 5, 5, 5, 5, 5, 5, 5, 5, 5, 5, 5, 5, 5, 5, 5, 5, 5, 5, 5, 5, 5, 5,
       5, 5, 5, 5, 5, 5, 5, 5, 5, 5, 5, 5, 5, 5, 5, 5, 5, 5, 5, 5, 5, 5, 5,
       5, 5, 5, 5, 5, 5, 5, 5, 5, 5, 5, 5, 5, 5, 5, 5, 5])}, {'specificity': array([0.765625, 0.78125, 0.921875, 0.96875, 0.90625, 0.1875, 0.75,
       0.265625, 0.4375, 0.21875, 0.703125, 0.671875, 0.953125, 0.859375,
       0.734375, 0.828125, 0.34375, 0.25, 0.46875, 0.078125, 0.625,
       0.53125, 0.875, 0.890625, 0.03125, 0.0625, 0.328125, 0.8125, 0.5,
       0.359375, 0.046875, 0.71875, 0.9375, 1.0, 0.84375, 0.484375, 0.6875,
       0.09375, 0.28125, 0.296875, 0.5625, 0.390625, 0.40625, 0.15625,
       0.015625, 0.375, 0.796875, 0.140625, 0.421875, 0.578125, 0.546875,
       0.3125, 0.234375, 0.125, 0.609375, 0.203125, 0.65625, 0.453125,
       0.171875, 0.640625, 0.984375, 0.515625, 0.59375, 0.109375]), 'tneg': array([13, 13, 14, 14, 14,  2, 13,  2,  4,  2, 13, 13, 14, 13, 13, 13,  2,
        2,  7,  2, 11,  7, 14, 14,  0,  0,  2, 13,  7,  3,  0, 13, 14, 14,
       13,  7, 13,  2,  2,  2,  9,  4,  4,  2,  0,  4, 13,  2,  4,  9,  8,
        2,  2,  2,  9,  2, 13,  6,  2, 11, 14,  7,  9,  2]), 'fpos': array([ 1,  1,  0,  0,  0, 12,  1, 12, 10, 12,  1,  1,  0,  1,  1,  1, 12,
       12,  7, 12,  3,  7,  0,  0, 14, 14, 12,  1,  7, 11, 14,  1,  0,  0,
        1,  7,  1, 12, 12, 12,  5, 10, 10, 12, 14, 10,  1, 12, 10,  5,  6,
       12, 12, 12,  5, 12,  1,  8, 12,  3,  0,  7,  5, 12]), 'threshold': [0.36921353707001525, 0.37947695069999421, 0.6158491033399961, 0.69894345620137754, 0.56297159331436164, 0.1801196913642969, 0.36774297574631182, 0.18911232347267443, 0.22234052725616643, 0.18746091634439829, 0.32012952521666099, 0.29880185947739174, 0.67349155620899259, 0.48636367860499041, 0.32717497244120708, 0.42993977561740543, 0.20667108918043728, 0.18791574955439161, 0.24135047495051371, 0.15379468790574494, 0.28078891105100107, 0.25214838858099803, 0.54849507849443746, 0.55492081864902643, 0.13560409476247143, 0.14368463660663564, 0.19776664056118981, 0.4254599072341409, 0.2480091166967214, 0.20991727982165059, 0.13683421303947257, 0.3242833036568169, 0.64916676769996429, 0.80729362140763261, 0.4407725133479633, 0.24279664210327875, 0.30049409819542555, 0.1582403085958049, 0.18994991395395253, 0.19304775807668087, 0.26143208063110335, 0.21801307760018504, 0.21951055309558346, 0.16813576329800728, 0.10461857941140637, 0.21783856352400247, 0.38533008709108374, 0.16793837890510366, 0.21962262142407121, 0.26688632934304446, 0.25773742668588007, 0.19766971418853965, 0.18761567221610126, 0.16519448670009149, 0.26928195438022606, 0.18288443236925572, 0.29604184073343115, 0.23853005028590998, 0.17301286328938223, 0.2812631844891969, 0.70725662154114022, 0.25091282461984699, 0.26835740288247484, 0.16195859726345441], 'fneg': array([0, 0, 1, 1, 1, 0, 0, 0, 0, 0, 0, 0, 1, 1, 0, 0, 0, 0, 0, 0, 0, 0, 1,
       1, 0, 0, 0, 0, 0, 0, 0, 0, 1, 2, 1, 0, 0, 0, 0, 0, 0, 0, 0, 0, 0, 0,
       0, 0, 0, 0, 0, 0, 0, 0, 0, 0, 0, 0, 0, 0, 1, 0, 0, 0]), 'sensitivity': array([1, 1, 1, 1, 1, 1, 1, 1, 1, 1, 1, 1, 1, 1, 1, 1, 1, 1, 1, 1, 1, 1, 1,
       1, 1, 1, 1, 1, 1, 1, 1, 1, 1, 1, 1, 1, 1, 1, 1, 1, 1, 1, 1, 1, 1, 1,
       1, 1, 1, 1, 1, 1, 1, 1, 1, 1, 1, 1, 1, 1, 1, 1, 1, 1]), 'tpos': array([2, 2, 1, 1, 1, 2, 2, 2, 2, 2, 2, 2, 1, 1, 2, 2, 2, 2, 2, 2, 2, 2, 1,
       1, 2, 2, 2, 2, 2, 2, 2, 2, 1, 0, 1, 2, 2, 2, 2, 2, 2, 2, 2, 2, 2, 2,
       2, 2, 2, 2, 2, 2, 2, 2, 2, 2, 2, 2, 2, 2, 1, 2, 2, 2])}, {'specificity': array([0.78125, 0.921875, 0.96875, 0.890625, 0.171875, 0.796875, 0.265625,
       0.40625, 0.15625, 0.53125, 0.875, 0.671875, 0.828125, 0.515625,
       0.734375, 0.625, 0.3125, 0.203125, 0.609375, 0.484375, 0.9375,
       0.90625, 0.09375, 0.046875, 0.375, 0.71875, 0.21875, 0.015625,
       0.84375, 0.640625, 0.953125, 1.0, 0.984375, 0.859375, 0.6875, 0.125,
       0.234375, 0.03125, 0.65625, 0.4375, 0.5, 0.140625, 0.328125,
       0.453125, 0.765625, 0.8125, 0.0625, 0.34375, 0.46875, 0.5625,
       0.578125, 0.390625, 0.28125, 0.703125, 0.296875, 0.59375, 0.75,
       0.359375, 0.078125, 0.1875, 0.25, 0.421875, 0.546875, 0.109375]), 'tneg': array([ 9, 10, 10, 10,  3,  9,  5,  7,  3,  7, 10,  7,  9,  7,  9,  7,  6,
        3,  7,  7, 10, 10,  1,  1,  7,  9,  3,  1,  9,  7, 10, 11, 10, 10,
        7,  2,  5,  1,  7,  7,  7,  2,  6,  7,  9,  9,  1,  7,  7,  7,  7,
        7,  5,  9,  5,  7,  9,  7,  1,  3,  5,  7,  7,  1]), 'fpos': array([ 2,  1,  1,  1,  8,  2,  6,  4,  8,  4,  1,  4,  2,  4,  2,  4,  5,
        8,  4,  4,  1,  1, 10, 10,  4,  2,  8, 10,  2,  4,  1,  0,  1,  1,
        4,  9,  6, 10,  4,  4,  4,  9,  5,  4,  2,  2, 10,  4,  4,  4,  4,
        4,  6,  2,  6,  4,  2,  4, 10,  8,  6,  4,  4, 10]), 'threshold': [0.35039482398357169, 0.5710228045794804, 0.77501281776765452, 0.48261418551932411, 0.11277390125587872, 0.36768387979130568, 0.13065062198667696, 0.15955489099980474, 0.104849382892147, 0.18142627716696805, 0.46807481873153006, 0.22071546550714341, 0.39624313499666181, 0.18142138727659865, 0.27832696371771787, 0.21263659488497935, 0.1427444412225711, 0.11488193302445418, 0.20473159368487048, 0.17910254844237888, 0.5723410082091952, 0.54430977608078557, 0.09455611723163658, 0.090873962043028, 0.15106402486716131, 0.26132431257687949, 0.11497301224306933, 0.070326202709923485, 0.39794980227251592, 0.21322515194481645, 0.68477209228807134, 0.9387327632112159, 0.79351131603716185, 0.45159212795316528, 0.23097327800048528, 0.097746055067038817, 0.12645463613495947, 0.072174659565487242, 0.21515831293303206, 0.16842316266785068, 0.17986847838193248, 0.10197339047117694, 0.14383231080945544, 0.1695639703255187, 0.33524203216991677, 0.37281013539185504, 0.0923825640615904, 0.146952283367112, 0.17080495685216185, 0.18865170383756746, 0.19269842005965393, 0.15471610649799622, 0.13270228439431595, 0.25624336255637509, 0.13549930895395093, 0.20159156170519257, 0.32603455326988168, 0.14903420338684603, 0.09356293200926602, 0.11353605169642987, 0.12701957233091915, 0.16515383783651647, 0.18430936684173202, 0.096102485268949572], 'fneg': array([2, 2, 3, 2, 0, 2, 0, 1, 0, 1, 2, 1, 2, 1, 1, 1, 1, 0, 1, 1, 2, 2, 0,
       0, 1, 1, 0, 0, 2, 1, 3, 5, 3, 2, 1, 0, 0, 0, 1, 1, 1, 0, 1, 1, 2, 2,
       0, 1, 1, 1, 1, 1, 0, 1, 0, 1, 2, 1, 0, 0, 0, 1, 1, 0]), 'sensitivity': array([1, 1, 1, 1, 1, 1, 1, 1, 1, 1, 1, 1, 1, 1, 1, 1, 1, 1, 1, 1, 1, 1, 1,
       1, 1, 1, 1, 1, 1, 1, 1, 1, 1, 1, 1, 1, 1, 1, 1, 1, 1, 1, 1, 1, 1, 1,
       1, 1, 1, 1, 1, 1, 1, 1, 1, 1, 1, 1, 1, 1, 1, 1, 1, 1]), 'tpos': array([3, 3, 2, 3, 5, 3, 5, 4, 5, 4, 3, 4, 3, 4, 4, 4, 4, 5, 4, 4, 3, 3, 5,
       5, 4, 4, 5, 5, 3, 4, 2, 0, 2, 3, 4, 5, 5, 5, 4, 4, 4, 5, 4, 4, 3, 3,
       5, 4, 4, 4, 4, 4, 5, 4, 5, 4, 3, 4, 5, 5, 5, 4, 4, 5])}, {'specificity': array([0.875, 0.65625, 0.28125, 0.265625, 0.78125, 0.703125, 0.578125, 1.0,
       0.96875, 0.734375, 0.8125, 0.46875, 0.4375, 0.53125, 0.796875,
       0.59375, 0.21875, 0.671875, 0.921875, 0.5625, 0.515625, 0.140625,
       0.640625, 0.390625, 0.328125, 0.421875, 0.484375, 0.078125, 0.5,
       0.859375, 0.84375, 0.90625, 0.9375, 0.625, 0.1875, 0.171875,
       0.09375, 0.109375, 0.828125, 0.75, 0.765625, 0.25, 0.203125,
       0.296875, 0.609375, 0.546875, 0.953125, 0.984375, 0.40625, 0.6875,
       0.71875, 0.375, 0.03125, 0.234375, 0.125, 0.34375, 0.453125, 0.3125,
       0.046875, 0.359375, 0.890625, 0.15625, 0.0625, 0.015625]), 'tneg': array([7, 7, 4, 4, 7, 7, 6, 7, 7, 7, 7, 5, 5, 6, 7, 6, 4, 7, 7, 6, 6, 1, 7,
       5, 4, 5, 5, 1, 6, 7, 7, 7, 7, 6, 3, 2, 1, 1, 7, 7, 7, 4, 4, 4, 6, 6,
       7, 7, 5, 7, 7, 5, 0, 4, 1, 5, 5, 4, 1, 5, 7, 2, 1, 0]), 'fpos': array([0, 0, 3, 3, 0, 0, 1, 0, 0, 0, 0, 2, 2, 1, 0, 1, 3, 0, 0, 1, 1, 6, 0,
       2, 3, 2, 2, 6, 1, 0, 0, 0, 0, 1, 4, 5, 6, 6, 0, 0, 0, 3, 3, 3, 1, 1,
       0, 0, 2, 0, 0, 2, 7, 3, 6, 2, 2, 3, 6, 2, 0, 5, 6, 7]), 'threshold': [0.37479084619644237, 0.20755326536342494, 0.099514045054030206, 0.0994933080491366, 0.26849009998111456, 0.21049299199998209, 0.15261108719709665, 0.58805873092871808, 0.48606867261860259, 0.23373524988281827, 0.27646258443699717, 0.11862454684771986, 0.11298219144000772, 0.13559260656526279, 0.26960359238009446, 0.15269173620583751, 0.093357671385838864, 0.20901755040098743, 0.44164349378398821, 0.15023166690670148, 0.13253401380200139, 0.082108881311355519, 0.20520610698351935, 0.10871558920130693, 0.10059105086064513, 0.11113224942892881, 0.12087737960794502, 0.077245613060192897, 0.13167318192855276, 0.34734389433810386, 0.32058706006837445, 0.42514260540907195, 0.46039393190917149, 0.18859661301811531, 0.088219474001219156, 0.087419775875819006, 0.077919592477370556, 0.080890908681632429, 0.31422196673543301, 0.23484778141448642, 0.26340078462948635, 0.094979291849027106, 0.091572038332481745, 0.099812278174182409, 0.17312058697871721, 0.14347551100002848, 0.46911580539511838, 0.53909126463880663, 0.11003132620961585, 0.20902220679797565, 0.22192290217499186, 0.10859864821917319, 0.073785012528993318, 0.093721180960469039, 0.081112245330242888, 0.10549285566842395, 0.11566482128823755, 0.10013852593947965, 0.075892234179986848, 0.10851234058978337, 0.40724951144336946, 0.083983151304579923, 0.07650390444069198, 0.072526342405269562], 'fneg': array([7, 5, 1, 1, 6, 6, 5, 9, 9, 6, 6, 4, 3, 4, 6, 5, 1, 5, 9, 5, 4, 0, 5,
       3, 1, 3, 4, 0, 4, 7, 7, 7, 9, 5, 1, 1, 0, 0, 7, 6, 6, 1, 1, 1, 5, 4,
       9, 9, 3, 5, 6, 3, 0, 1, 0, 2, 4, 1, 0, 3, 7, 0, 0, 0]), 'sensitivity': array([1, 1, 1, 1, 1, 1, 1, 1, 1, 1, 1, 1, 1, 1, 1, 1, 1, 1, 1, 1, 1, 1, 1,
       1, 1, 1, 1, 1, 1, 1, 1, 1, 1, 1, 1, 1, 1, 1, 1, 1, 1, 1, 1, 1, 1, 1,
       1, 1, 1, 1, 1, 1, 1, 1, 1, 1, 1, 1, 1, 1, 1, 1, 1, 1]), 'tpos': array([2, 4, 8, 8, 3, 3, 4, 0, 0, 3, 3, 5, 6, 5, 3, 4, 8, 4, 0, 4, 5, 9, 4,
       6, 8, 6, 5, 9, 5, 2, 2, 2, 0, 4, 8, 8, 9, 9, 2, 3, 3, 8, 8, 8, 4, 5,
       0, 0, 6, 4, 3, 6, 9, 8, 9, 7, 5, 8, 9, 6, 2, 9, 9, 9])}, {'specificity': array([0.8, 0.72307692, 0.86153846, 1.0, 0.93846154, 0.24615385,
       0.76923077, 0.18461538, 0.67692308, 0.73846154, 0.6, 0.98461538,
       0.75384615, 0.81538462, 0.50769231, 0.61538462, 0.29230769,
       0.66153846, 0.44615385, 0.69230769, 0.53846154, 0.90769231,
       0.95384615, 0.10769231, 0.030769231, 0.47692308, 0.70769231,
       0.33846154, 0.23076923, 0.4, 0.43076923, 0.30769231, 0.46153846,
       0.84615385, 0.92307692, 0.96923077, 0.87692308, 0.56923077,
       0.046153846, 0.13846154, 0.061538462, 0.64615385, 0.26153846,
       0.52307692, 0.2, 0.092307692, 0.015384615, 0.27692308, 0.16923077,
       0.78461538, 0.83076923, 0.15384615, 0.41538462, 0.49230769,
       0.36923077, 0.12307692, 0.38461538, 0.63076923, 0.58461538,
       0.35384615, 0.55384615, 0.89230769, 0.32307692, 0.21538462,
       0.076923077]), 'tneg': array([13, 12, 13, 14, 14,  6, 13,  5, 12, 12, 12, 14, 13, 13, 11, 12,  9,
       12, 10, 12, 11, 13, 14,  3,  2, 10, 12, 10,  6, 10, 10, 10, 10, 13,
       13, 14, 13, 12,  3,  3,  3, 12,  6, 11,  5,  3,  0,  7,  5, 13, 13,
        3, 10, 11, 10,  3, 10, 12, 12, 10, 11, 13, 10,  5,  3]), 'fpos': array([ 2,  3,  2,  1,  1,  9,  2, 10,  3,  3,  3,  1,  2,  2,  4,  3,  6,
        3,  5,  3,  4,  2,  1, 12, 13,  5,  3,  5,  9,  5,  5,  5,  5,  2,
        2,  1,  2,  3, 12, 12, 12,  3,  9,  4, 10, 12, 15,  8, 10,  2,  2,
       12,  5,  4,  5, 12,  5,  3,  3,  5,  4,  2,  5, 10, 12]), 'threshold': [0.54472730729029528, 0.33809683582197414, 0.58179563528875045, 0.89302442006859084, 0.70358408627855407, 0.17548188670520284, 0.43176383688128656, 0.16933954896946415, 0.30191986171751528, 0.34670633878393381, 0.24725791165251088, 0.88775544438997578, 0.41380809957392095, 0.56862925642555084, 0.22267800195996884, 0.24760579733425947, 0.18852932344804324, 0.28875911318433062, 0.2067821364241024, 0.31250768243254573, 0.230876738148074, 0.62683099329208602, 0.73791337452628158, 0.14736308816312096, 0.12877183868411926, 0.21719442634385705, 0.31660209831323782, 0.19937487683022107, 0.17469727923357464, 0.20637291386877327, 0.20671128801829852, 0.19572636353348388, 0.20852540965112446, 0.58121961980242731, 0.67125629027695566, 0.74152616741634891, 0.60247054060269889, 0.2420922855813499, 0.13589586117076247, 0.15489810572140428, 0.13612245924576605, 0.25920191449585528, 0.17932404141585359, 0.22734193447943785, 0.17134966981685887, 0.14250368762866578, 0.10639628920605587, 0.18141652797782082, 0.16233227697013689, 0.43858739846058853, 0.57875890240294281, 0.15644976101525909, 0.20668548268773085, 0.21814329935577287, 0.20056944906312135, 0.1481050985724407, 0.20401531428570693, 0.24990167762266391, 0.24645282812650804, 0.19949106169318651, 0.23091292543920478, 0.61467364065032926, 0.19610063796144639, 0.17170722573032429, 0.13901524641460125], 'fneg': array([0, 0, 0, 0, 0, 0, 0, 0, 0, 0, 0, 0, 0, 0, 0, 0, 0, 0, 0, 0, 0, 0, 0,
       0, 0, 0, 0, 0, 0, 0, 0, 0, 0, 0, 0, 0, 0, 0, 0, 0, 0, 0, 0, 0, 0, 0,
       0, 0, 0, 0, 0, 0, 0, 0, 0, 0, 0, 0, 0, 0, 0, 0, 0, 0, 0]), 'sensitivity': array([1, 1, 1, 1, 1, 1, 1, 1, 1, 1, 1, 1, 1, 1, 1, 1, 1, 1, 1, 1, 1, 1, 1,
       1, 1, 1, 1, 1, 1, 1, 1, 1, 1, 1, 1, 1, 1, 1, 1, 1, 1, 1, 1, 1, 1, 1,
       1, 1, 1, 1, 1, 1, 1, 1, 1, 1, 1, 1, 1, 1, 1, 1, 1, 1, 1]), 'tpos': array([0, 0, 0, 0, 0, 0, 0, 0, 0, 0, 0, 0, 0, 0, 0, 0, 0, 0, 0, 0, 0, 0, 0,
       0, 0, 0, 0, 0, 0, 0, 0, 0, 0, 0, 0, 0, 0, 0, 0, 0, 0, 0, 0, 0, 0, 0,
       0, 0, 0, 0, 0, 0, 0, 0, 0, 0, 0, 0, 0, 0, 0, 0, 0, 0, 0])}], <Model object at 0x0000000000000708>)
#adalasso
([{'specificity': array([0.9047619, 0.93650794, 0.63492063, 0.66666667, 0.73015873,
       0.85714286, 0.79365079, 0.61904762, 0.15873016, 0.50793651,
       0.96825397, 0.82539683, 0.84126984, 0.77777778, 0.58730159,
       0.55555556, 0.52380952, 0.80952381, 0.46031746, 0.19047619,
       0.55555556, 0.68253968, 0.65079365, 0.20634921, 0.25396825,
       0.25396825, 0.079365079, 0.063492063, 0.87301587, 0.76190476,
       0.88888889, 0.95238095, 1.0, 0.92063492, 0.095238095, 0.3015873,
       0.17460317, 0.33333333, 0.047619048, 0.57142857, 0.34920635,
       0.42857143, 0.12698413, 0.031746032, 0.26984127, 0.44444444,
       0.22222222, 0.14285714, 0.71428571, 0.11111111, 0.47619048,
       0.6031746, 0.41269841, 0.74603175, 0.41269841, 0.38095238,
       0.31746032, 0.38095238, 0.28571429, 0.49206349, 0.015873016,
       0.98412698, 0.6984127]), 'tneg': array([10, 10,  8,  9, 10, 10, 10,  8,  1,  6, 10, 10, 10, 10,  8,  7,  7,
       10,  5,  4,  7,  9,  8,  5,  5,  5,  0,  0, 10, 10, 10, 10, 10, 10,
        0,  5,  4,  5,  0,  8,  5,  5,  1,  0,  5,  5,  5,  1, 10,  1,  5,
        8,  5, 10,  5,  5,  5,  5,  5,  6,  0, 10,  9]), 'fpos': array([ 0,  0,  2,  1,  0,  0,  0,  2,  9,  4,  0,  0,  0,  0,  2,  3,  3,
        0,  5,  6,  3,  1,  2,  5,  5,  5, 10, 10,  0,  0,  0,  0,  0,  0,
       10,  5,  6,  5, 10,  2,  5,  5,  9, 10,  5,  5,  5,  9,  0,  9,  5,
        2,  5,  0,  5,  5,  5,  5,  5,  4, 10,  0,  1]), 'threshold': [0.37014035871112921, 0.40883810630307882, 0.15970302747543597, 0.16835622568372693, 0.17736956231111911, 0.26037573674230963, 0.19763827863358793, 0.157491635145148, 0.12459347831359927, 0.14916032672814308, 0.43789264896692182, 0.24277723416773991, 0.25854037662866614, 0.19568489615676007, 0.15638179881874378, 0.15200608386806899, 0.15067646510113858, 0.21629597467913839, 0.1392584651715307, 0.127831133007628, 0.15200608386806899, 0.17015176629479015, 0.16083999089619808, 0.12876927447154102, 0.13306375074936033, 0.13306375074936033, 0.10903636824716219, 0.1046345676039003, 0.26924018030026009, 0.17919263329660146, 0.30322168238481839, 0.40994539233235422, 0.54230809953901638, 0.3824614228557594, 0.11964797672842495, 0.13401042450920561, 0.12643486260137751, 0.13452195355496968, 0.10203099722805445, 0.15616410457295737, 0.13563894644781563, 0.13832650991470946, 0.12368144054671294, 0.099710686986473521, 0.13367007250893176, 0.13853341634383504, 0.1299742693962273, 0.12427361078541795, 0.17618978008463898, 0.12227911732555272, 0.14309303493291151, 0.15699141829671839, 0.13817660443997717, 0.17820773466759257, 0.13817660443997717, 0.13658608812820439, 0.13408308120637535, 0.13658608812820439, 0.13369781464753006, 0.14836106841706162, 0.098140482961684955, 0.45623741786031413, 0.17071825408748151], 'fneg': array([6, 6, 2, 3, 4, 6, 4, 2, 1, 1, 6, 6, 6, 4, 2, 2, 1, 5, 1, 1, 2, 3, 2,
       1, 1, 1, 0, 0, 6, 4, 6, 6, 7, 6, 1, 1, 1, 1, 0, 2, 1, 1, 1, 0, 1, 1,
       1, 1, 4, 1, 1, 2, 1, 4, 1, 1, 1, 1, 1, 1, 0, 6, 3]), 'sensitivity': array([1, 1, 1, 1, 1, 1, 1, 1, 1, 1, 1, 1, 1, 1, 1, 1, 1, 1, 1, 1, 1, 1, 1,
       1, 1, 1, 1, 1, 1, 1, 1, 1, 1, 1, 1, 1, 1, 1, 1, 1, 1, 1, 1, 1, 1, 1,
       1, 1, 1, 1, 1, 1, 1, 1, 1, 1, 1, 1, 1, 1, 1, 1, 1]), 'tpos': array([1, 1, 5, 4, 3, 1, 3, 5, 6, 6, 1, 1, 1, 3, 5, 5, 6, 2, 6, 6, 5, 4, 5,
       6, 6, 6, 7, 7, 1, 3, 1, 1, 0, 1, 6, 6, 6, 6, 7, 5, 6, 6, 6, 7, 6, 6,
       6, 6, 3, 6, 6, 5, 6, 3, 6, 6, 6, 6, 6, 6, 7, 1, 4])}, {'specificity': array([0.65625, 0.78125, 0.984375, 0.078125, 0.46875, 0.90625, 0.4375,
       0.875, 0.21875, 0.640625, 0.375, 0.359375, 0.734375, 0.75, 1.0,
       0.84375, 0.859375, 0.296875, 0.3125, 0.828125, 0.203125, 0.40625,
       0.28125, 0.5, 0.953125, 0.703125, 0.5625, 0.09375, 0.046875,
       0.15625, 0.765625, 0.9375, 0.921875, 0.0625, 0.171875, 0.015625,
       0.484375, 0.109375, 0.796875, 0.890625, 0.1875, 0.671875, 0.234375,
       0.140625, 0.609375, 0.8125, 0.421875, 0.6875, 0.25, 0.515625,
       0.34375, 0.125, 0.625, 0.546875, 0.59375, 0.578125, 0.71875,
       0.03125, 0.390625, 0.265625, 0.53125, 0.96875, 0.328125, 0.453125]), 'tneg': array([0, 0, 0, 0, 0, 0, 0, 0, 0, 0, 0, 0, 0, 0, 0, 0, 0, 0, 0, 0, 0, 0, 0,
       0, 0, 0, 0, 0, 0, 0, 0, 0, 0, 0, 0, 0, 0, 0, 0, 0, 0, 0, 0, 0, 0, 0,
       0, 0, 0, 0, 0, 0, 0, 0, 0, 0, 0, 0, 0, 0, 0, 0, 0, 0]), 'fpos': array([13, 13, 13, 13, 13, 13, 13, 13, 13, 13, 13, 13, 13, 13, 13, 13, 13,
       13, 13, 13, 13, 13, 13, 13, 13, 13, 13, 13, 13, 13, 13, 13, 13, 13,
       13, 13, 13, 13, 13, 13, 13, 13, 13, 13, 13, 13, 13, 13, 13, 13, 13,
       13, 13, 13, 13, 13, 13, 13, 13, 13, 13, 13, 13, 13]), 'threshold': [0.30350965527913626, 0.39179034870584611, 0.72802564590013641, 0.074576557933523885, 0.17302472900810292, 0.50411379402610279, 0.15545959363134171, 0.46959389659699885, 0.10024940196414749, 0.30291349041121129, 0.14220862049250785, 0.13797489916804026, 0.38101027106147456, 0.38478266869561817, 0.77632529856740529, 0.46074408421446178, 0.46277898681326163, 0.11737918802381199, 0.11862660385567807, 0.43270010660566666, 0.099369298793446345, 0.14400988131566297, 0.11241541929483639, 0.19216801905671921, 0.64015945657096784, 0.31271437844226413, 0.24517372733088783, 0.07730615929172753, 0.067044410011378924, 0.089116003622470491, 0.3900942475430072, 0.58595337517320434, 0.53189811957905353, 0.069676218028185646, 0.09113986104117959, 0.059717280759373333, 0.17690226806488854, 0.081025312657638723, 0.39399750140926182, 0.50409387716575094, 0.093266488009322412, 0.30371445264418545, 0.10053191333694393, 0.08625397554782202, 0.30165879366465542, 0.40908452952355656, 0.15398637660763617, 0.30700018782348648, 0.10080523508639663, 0.19750165489606925, 0.13728874989227538, 0.082906153920576584, 0.30218401614517809, 0.23102342892050906, 0.26589982733118189, 0.24556890881046553, 0.36262268294310435, 0.062313365095329587, 0.14344494020639387, 0.11201561056513823, 0.21888381335414237, 0.69931040173891656, 0.13677422947048612, 0.16240171506094511], 'fneg': array([0, 0, 0, 0, 0, 0, 0, 0, 0, 0, 0, 0, 0, 0, 0, 0, 0, 0, 0, 0, 0, 0, 0,
       0, 0, 0, 0, 0, 0, 0, 0, 0, 0, 0, 0, 0, 0, 0, 0, 0, 0, 0, 0, 0, 0, 0,
       0, 0, 0, 0, 0, 0, 0, 0, 0, 0, 0, 0, 0, 0, 0, 0, 0, 0]), 'sensitivity': array([1, 1, 1, 1, 1, 1, 1, 1, 1, 1, 1, 1, 1, 1, 1, 1, 1, 1, 1, 1, 1, 1, 1,
       1, 1, 1, 1, 1, 1, 1, 1, 1, 1, 1, 1, 1, 1, 1, 1, 1, 1, 1, 1, 1, 1, 1,
       1, 1, 1, 1, 1, 1, 1, 1, 1, 1, 1, 1, 1, 1, 1, 1, 1, 1]), 'tpos': array([3, 3, 3, 3, 3, 3, 3, 3, 3, 3, 3, 3, 3, 3, 3, 3, 3, 3, 3, 3, 3, 3, 3,
       3, 3, 3, 3, 3, 3, 3, 3, 3, 3, 3, 3, 3, 3, 3, 3, 3, 3, 3, 3, 3, 3, 3,
       3, 3, 3, 3, 3, 3, 3, 3, 3, 3, 3, 3, 3, 3, 3, 3, 3, 3])}, {'specificity': array([0.96875, 0.921875, 0.859375, 0.953125, 0.171875, 0.84375, 0.53125,
       0.375, 0.828125, 0.234375, 0.5625, 0.453125, 0.71875, 0.75,
       0.984375, 0.875, 0.46875, 0.515625, 0.6875, 0.4375, 0.359375,
       0.09375, 0.125, 0.671875, 0.546875, 0.78125, 0.265625, 0.796875,
       0.25, 0.640625, 0.5, 0.078125, 0.421875, 0.578125, 0.8125, 0.9375,
       1.0, 0.90625, 0.140625, 0.203125, 0.0625, 0.109375, 0.765625,
       0.1875, 0.28125, 0.015625, 0.59375, 0.15625, 0.65625, 0.703125,
       0.296875, 0.484375, 0.046875, 0.34375, 0.328125, 0.609375, 0.390625,
       0.3125, 0.40625, 0.890625, 0.03125, 0.734375, 0.21875, 0.625]), 'tneg': array([0, 0, 0, 0, 0, 0, 0, 0, 0, 0, 0, 0, 0, 0, 0, 0, 0, 0, 0, 0, 0, 0, 0,
       0, 0, 0, 0, 0, 0, 0, 0, 0, 0, 0, 0, 0, 0, 0, 0, 0, 0, 0, 0, 0, 0, 0,
       0, 0, 0, 0, 0, 0, 0, 0, 0, 0, 0, 0, 0, 0, 0, 0, 0, 0]), 'fpos': array([9, 9, 9, 9, 9, 9, 9, 9, 9, 9, 9, 9, 9, 9, 9, 9, 9, 9, 9, 9, 9, 9, 9,
       9, 9, 9, 9, 9, 9, 9, 9, 9, 9, 9, 9, 9, 9, 9, 9, 9, 9, 9, 9, 9, 9, 9,
       9, 9, 9, 9, 9, 9, 9, 9, 9, 9, 9, 9, 9, 9, 9, 9, 9, 9]), 'threshold': [0.74649264648973279, 0.57558076827839988, 0.41332494268361092, 0.64157178815745031, 0.064434384465075434, 0.39395632762053939, 0.12839800039229574, 0.087214941513888589, 0.38830740100451494, 0.069174993409318597, 0.13435330370922097, 0.11315540935282131, 0.23915481678140502, 0.26348321596724306, 0.8046492643663703, 0.41486966031883621, 0.11568634865986426, 0.12761280836264549, 0.18615341739730204, 0.11111078211104694, 0.0856094172919378, 0.055907338621922424, 0.060882622518431788, 0.17539167823408275, 0.13048144731108924, 0.34411751411880837, 0.071194929974072535, 0.34923258414559649, 0.07099184961571306, 0.16335299534199038, 0.12428187527392945, 0.0507972197338546, 0.11086395872605145, 0.13437221133806604, 0.38474484346412618, 0.63923789374392848, 0.88374965041119724, 0.50442347823689593, 0.061189571592046355, 0.065761401971337063, 0.043716145069102402, 0.058010568657072589, 0.2831950281013827, 0.064664780545910336, 0.073004727436807582, 0.027553567038960464, 0.13567836449537171, 0.062719892816006206, 0.17390186796151133, 0.187646230565226, 0.076590603542687027, 0.11819459594032435, 0.042082206941699979, 0.081719186952923795, 0.079023225713905104, 0.14818938808267682, 0.088467118803191289, 0.078347645437733399, 0.10477980423781066, 0.43633031840248704, 0.041247749005287479, 0.25411201571408232, 0.067075194130038596, 0.14905413028059053], 'fneg': array([0, 0, 0, 0, 0, 0, 0, 0, 0, 0, 0, 0, 0, 0, 0, 0, 0, 0, 0, 0, 0, 0, 0,
       0, 0, 0, 0, 0, 0, 0, 0, 0, 0, 0, 0, 0, 0, 0, 0, 0, 0, 0, 0, 0, 0, 0,
       0, 0, 0, 0, 0, 0, 0, 0, 0, 0, 0, 0, 0, 0, 0, 0, 0, 0]), 'sensitivity': array([1, 1, 1, 1, 1, 1, 1, 1, 1, 1, 1, 1, 1, 1, 1, 1, 1, 1, 1, 1, 1, 1, 1,
       1, 1, 1, 1, 1, 1, 1, 1, 1, 1, 1, 1, 1, 1, 1, 1, 1, 1, 1, 1, 1, 1, 1,
       1, 1, 1, 1, 1, 1, 1, 1, 1, 1, 1, 1, 1, 1, 1, 1, 1, 1]), 'tpos': array([7, 7, 7, 7, 7, 7, 7, 7, 7, 7, 7, 7, 7, 7, 7, 7, 7, 7, 7, 7, 7, 7, 7,
       7, 7, 7, 7, 7, 7, 7, 7, 7, 7, 7, 7, 7, 7, 7, 7, 7, 7, 7, 7, 7, 7, 7,
       7, 7, 7, 7, 7, 7, 7, 7, 7, 7, 7, 7, 7, 7, 7, 7, 7, 7])}, {'specificity': array([0.828125, 0.890625, 0.78125, 0.59375, 1.0, 0.46875, 0.8125, 0.90625,
       0.734375, 0.625, 0.359375, 0.5, 0.421875, 0.71875, 0.75, 0.609375,
       0.546875, 0.984375, 0.859375, 0.9375, 0.921875, 0.328125, 0.515625,
       0.28125, 0.140625, 0.328125, 0.765625, 0.953125, 0.171875, 0.53125,
       0.1875, 0.0625, 0.046875, 0.375, 0.671875, 0.578125, 0.84375, 0.875,
       0.96875, 0.453125, 0.03125, 0.40625, 0.25, 0.15625, 0.234375,
       0.109375, 0.4375, 0.703125, 0.078125, 0.390625, 0.65625, 0.125,
       0.5625, 0.09375, 0.265625, 0.34375, 0.296875, 0.203125, 0.640625,
       0.6875, 0.015625, 0.796875, 0.21875, 0.484375]), 'tneg': array([14, 14, 14, 12, 14, 12, 14, 14, 14, 12, 12, 12, 12, 14, 14, 12, 12,
       14, 14, 14, 14, 11, 12, 11,  3, 11, 14, 14,  5, 12,  6,  1,  1, 12,
       13, 12, 14, 14, 14, 12,  1, 12, 11,  5, 11,  2, 12, 13,  2, 12, 13,
        2, 12,  2, 11, 12, 11,  9, 13, 13,  0, 14,  9, 12]), 'fpos': array([ 1,  1,  1,  3,  1,  3,  1,  1,  1,  3,  3,  3,  3,  1,  1,  3,  3,
        1,  1,  1,  1,  4,  3,  4, 12,  4,  1,  1, 10,  3,  9, 14, 14,  3,
        2,  3,  1,  1,  1,  3, 14,  3,  4, 10,  4, 13,  3,  2, 13,  3,  2,
       13,  3, 13,  4,  3,  4,  6,  2,  2, 15,  1,  6,  3]), 'threshold': [0.33230389095697405, 0.41635210113446036, 0.29524653911756321, 0.22393906380173037, 0.70481208959246988, 0.21822955172196518, 0.32359680596595292, 0.422786490372004, 0.29105590879364679, 0.23070280024752257, 0.21407567772077391, 0.21923045172330946, 0.21519722093809027, 0.28365727291165249, 0.2933765047593978, 0.22539298338533445, 0.22088282976969881, 0.68190099265412618, 0.35257063712073994, 0.46945431069260934, 0.46646256015887261, 0.21191265504602536, 0.21926493938316252, 0.21042480868002278, 0.20071605575349821, 0.21191265504602536, 0.29347894275858283, 0.51839447860503141, 0.20216907819896571, 0.22021735001187098, 0.20404876881737039, 0.19296479415611353, 0.19076396769844303, 0.21447787586459899, 0.25341701503512576, 0.22221810792966154, 0.34431739458993915, 0.39190457438610843, 0.67338802822500055, 0.21687041090994164, 0.18943289270136859, 0.2151281235335753, 0.20700677304556497, 0.20187784672082129, 0.20630038289823807, 0.19988927515855054, 0.21671704130444397, 0.26990774140012452, 0.19898277032301059, 0.21503515503059767, 0.25307066143802331, 0.20015769828891028, 0.22112719974642875, 0.19925027928941719, 0.20829356528143014, 0.21388034961497401, 0.21143894018690779, 0.20556185614457559, 0.25195445355372986, 0.26071921210797933, 0.18740051382374079, 0.30183519160897021, 0.20592393232286452, 0.21911141716869265], 'fneg': array([1, 1, 1, 1, 1, 0, 1, 1, 1, 1, 0, 0, 0, 1, 1, 1, 0, 1, 1, 1, 1, 0, 0,
       0, 0, 0, 1, 1, 0, 0, 0, 0, 0, 0, 1, 1, 1, 1, 1, 0, 0, 0, 0, 0, 0, 0,
       0, 1, 0, 0, 1, 0, 0, 0, 0, 0, 0, 0, 1, 1, 0, 1, 0, 0]), 'sensitivity': array([1, 1, 1, 1, 1, 1, 1, 1, 1, 1, 1, 1, 1, 1, 1, 1, 1, 1, 1, 1, 1, 1, 1,
       1, 1, 1, 1, 1, 1, 1, 1, 1, 1, 1, 1, 1, 1, 1, 1, 1, 1, 1, 1, 1, 1, 1,
       1, 1, 1, 1, 1, 1, 1, 1, 1, 1, 1, 1, 1, 1, 1, 1, 1, 1]), 'tpos': array([0, 0, 0, 0, 0, 1, 0, 0, 0, 0, 1, 1, 1, 0, 0, 0, 1, 0, 0, 0, 0, 1, 1,
       1, 1, 1, 0, 0, 1, 1, 1, 1, 1, 1, 0, 0, 0, 0, 0, 1, 1, 1, 1, 1, 1, 1,
       1, 0, 1, 1, 0, 1, 1, 1, 1, 1, 1, 1, 0, 0, 1, 0, 1, 1])}, {'specificity': array([0.89230769, 0.89230769, 0.56923077, 0.63076923, 0.98461538,
       0.49230769, 0.86153846, 0.90769231, 0.78461538, 0.49230769,
       0.49230769, 0.53846154, 0.58461538, 0.78461538, 0.83076923,
       0.67692308, 0.49230769, 0.84615385, 0.93846154, 0.92307692,
       0.49230769, 0.49230769, 0.63076923, 0.63076923, 0.49230769,
       0.49230769, 0.49230769, 0.8, 0.73846154, 0.95384615, 0.49230769,
       0.49230769, 0.49230769, 0.49230769, 0.66153846, 0.53846154,
       0.49230769, 0.81538462, 0.96923077, 1.0, 0.49230769, 0.49230769,
       0.49230769, 0.49230769, 0.53846154, 0.49230769, 0.49230769,
       0.49230769, 0.75384615, 0.49230769, 0.64615385, 0.69230769,
       0.49230769, 0.49230769, 0.49230769, 0.49230769, 0.49230769,
       0.49230769, 0.49230769, 0.49230769, 0.49230769, 0.70769231,
       0.73846154, 0.49230769, 0.56923077]), 'tneg': array([12, 12, 10, 10, 12,  8, 12, 12, 12,  8,  8,  9, 10, 12, 12, 12,  8,
       12, 12, 12,  8,  8, 10, 10,  8,  8,  8, 12, 12, 12,  8,  8,  8,  8,
       12,  9,  8, 12, 12, 12,  8,  8,  8,  8,  9,  8,  8,  8, 12,  8, 12,
       12,  8,  8,  8,  8,  8,  8,  8,  8,  8, 12, 12,  8, 10]), 'fpos': array([0, 0, 2, 2, 0, 4, 0, 0, 0, 4, 4, 3, 2, 0, 0, 0, 4, 0, 0, 0, 4, 4, 2,
       2, 4, 4, 4, 0, 0, 0, 4, 4, 4, 4, 0, 3, 4, 0, 0, 0, 4, 4, 4, 4, 3, 4,
       4, 4, 0, 4, 0, 0, 4, 4, 4, 4, 4, 4, 4, 4, 4, 0, 0, 4, 2]), 'threshold': [0.24242812555953874, 0.24242812555953874, 0.24188251186645435, 0.24190389272103377, 0.24372596568771399, 0.2418504429974519, 0.24239600748169482, 0.24269588873310807, 0.24224616138306102, 0.2418504429974519, 0.2418504429974519, 0.2418611322987323, 0.24189320213288876, 0.24224616138306102, 0.24229967061161531, 0.24203220487088192, 0.2418504429974519, 0.24236389229769295, 0.24296385280272786, 0.24287808244652706, 0.2418504429974519, 0.2418504429974519, 0.24190389272103377, 0.24190389272103377, 0.2418504429974519, 0.2418504429974519, 0.2418504429974519, 0.24226756410973926, 0.24217126196995761, 0.24306036903585057, 0.2418504429974519, 0.2418504429974519, 0.2418504429974519, 0.2418504429974519, 0.24194665829064829, 0.2418611322987323, 0.2418504429974519, 0.24228896812274706, 0.24352186132132392, 0.24455431187886673, 0.2418504429974519, 0.2418504429974519, 0.2418504429974519, 0.2418504429974519, 0.2418611322987323, 0.2418504429974519, 0.2418504429974519, 0.2418504429974519, 0.24223546050210459, 0.2418504429974519, 0.24193596641569681, 0.24207498588103321, 0.2418504429974519, 0.2418504429974519, 0.2418504429974519, 0.2418504429974519, 0.2418504429974519, 0.2418504429974519, 0.2418504429974519, 0.2418504429974519, 0.2418504429974519, 0.24210707501596959, 0.24217126196995761, 0.2418504429974519, 0.24188251186645435], 'fneg': array([2, 2, 1, 1, 3, 0, 2, 2, 1, 0, 0, 1, 1, 1, 1, 1, 0, 1, 2, 2, 0, 0, 1,
       1, 0, 0, 0, 1, 1, 2, 0, 0, 0, 0, 1, 1, 0, 1, 2, 3, 0, 0, 0, 0, 1, 0,
       0, 0, 1, 0, 1, 1, 0, 0, 0, 0, 0, 0, 0, 0, 0, 1, 1, 0, 1]), 'sensitivity': array([1, 1, 1, 1, 1, 1, 1, 1, 1, 1, 1, 1, 1, 1, 1, 1, 1, 1, 1, 1, 1, 1, 1,
       1, 1, 1, 1, 1, 1, 1, 1, 1, 1, 1, 1, 1, 1, 1, 1, 1, 1, 1, 1, 1, 1, 1,
       1, 1, 1, 1, 1, 1, 1, 1, 1, 1, 1, 1, 1, 1, 1, 1, 1, 1, 1]), 'tpos': array([1, 1, 2, 2, 0, 3, 1, 1, 2, 3, 3, 2, 2, 2, 2, 2, 3, 2, 1, 1, 3, 3, 2,
       2, 3, 3, 3, 2, 2, 1, 3, 3, 3, 3, 2, 2, 3, 2, 1, 0, 3, 3, 3, 3, 2, 3,
       3, 3, 2, 3, 2, 2, 3, 3, 3, 3, 3, 3, 3, 3, 3, 2, 2, 3, 2])}], <Model object at 0x0000000000000A34>)
#adalasso
([{'specificity': array([0.95238095, 0.79365079, 0.77777778, 0.9047619, 0.49206349,
       0.20634921, 0.85714286, 0.25396825, 0.88888889, 0.36507937,
       0.63492063, 0.6031746, 0.82539683, 1.0, 0.66666667, 0.095238095,
       0.71428571, 0.33333333, 0.34920635, 0.11111111, 0.73015873,
       0.92063492, 0.28571429, 0.23809524, 0.74603175, 0.047619048,
       0.3015873, 0.52380952, 0.50793651, 0.31746032, 0.61904762,
       0.96825397, 0.98412698, 0.44444444, 0.93650794, 0.47619048,
       0.41269841, 0.079365079, 0.26984127, 0.53968254, 0.14285714,
       0.65079365, 0.58730159, 0.87301587, 0.38095238, 0.6984127,
       0.76190476, 0.063492063, 0.57142857, 0.015873016, 0.46031746,
       0.68253968, 0.22222222, 0.19047619, 0.84126984, 0.12698413,
       0.15873016, 0.80952381, 0.17460317, 0.55555556, 0.3968254,
       0.42857143, 0.031746032]), 'tneg': array([11,  9,  8, 11,  6,  1, 11,  2, 11,  4,  7,  7, 10, 12,  7,  1,  7,
        4,  4,  1,  8, 11,  2,  1,  8,  1,  2,  6,  6,  4,  7, 12, 12,  6,
       11,  6,  5,  1,  2,  6,  1,  7,  7, 11,  5,  7,  8,  1,  6,  0,  6,
        7,  1,  1, 10,  1,  1,  9,  1,  6,  5,  5,  1]), 'fpos': array([ 1,  3,  4,  1,  6, 11,  1, 10,  1,  8,  5,  5,  2,  0,  5, 11,  5,
        8,  8, 11,  4,  1, 10, 11,  4, 11, 10,  6,  6,  8,  5,  0,  0,  6,
        1,  6,  7, 11, 10,  6, 11,  5,  5,  1,  7,  5,  4, 11,  6, 12,  6,
        5, 11, 11,  2, 11, 11,  3, 11,  6,  7,  7, 11]), 'threshold': [0.88908938273522053, 0.42892954032200814, 0.38253755051727228, 0.71864119430930085, 0.087724473038398282, 0.020502071388729254, 0.5729614597254209, 0.027900352792873315, 0.69947551746278713, 0.049980327821638797, 0.17347049047756818, 0.16998311899854254, 0.50735159090748383, 0.99764074354916832, 0.19614501201121457, 0.015864647795530835, 0.27454347892250308, 0.049332856991974164, 0.049564432851623944, 0.017238271737140116, 0.29934980912935144, 0.81756555185989177, 0.030726517455903084, 0.023443025165068486, 0.31905606706274992, 0.012824004719427332, 0.031478498210138407, 0.10401805794437985, 0.091148234209362924, 0.046741148433399132, 0.17003963512734385, 0.92906935951888447, 0.94490957340756976, 0.076572419696543978, 0.81971297771611884, 0.078332341810481806, 0.066560060500443302, 0.014256095448286398, 0.030130146643536613, 0.10679697195600438, 0.017786441193767443, 0.18222406691042259, 0.16511136540430962, 0.58094412017931596, 0.060764295355284451, 0.26539245096097658, 0.32746444683392029, 0.013492054667126286, 0.11373928675959517, 0.0048835515133468822, 0.076781084989636622, 0.26157010471884712, 0.0229308485125575, 0.019811366089324343, 0.55195006788891121, 0.017637743800901499, 0.018984498401683959, 0.44623186553625099, 0.019182309255048428, 0.11173622144214786, 0.061734893842068581, 0.068876338597674058, 0.011345460729670845], 'fneg': array([5, 4, 4, 5, 2, 0, 5, 0, 5, 1, 2, 2, 5, 5, 2, 0, 4, 1, 1, 0, 4, 5, 0,
       0, 4, 0, 0, 2, 2, 1, 2, 5, 5, 2, 5, 2, 2, 0, 0, 2, 0, 2, 2, 5, 2, 3,
       4, 0, 2, 0, 2, 3, 0, 0, 5, 0, 0, 5, 0, 2, 2, 2, 0]), 'sensitivity': array([1, 1, 1, 1, 1, 1, 1, 1, 1, 1, 1, 1, 1, 1, 1, 1, 1, 1, 1, 1, 1, 1, 1,
       1, 1, 1, 1, 1, 1, 1, 1, 1, 1, 1, 1, 1, 1, 1, 1, 1, 1, 1, 1, 1, 1, 1,
       1, 1, 1, 1, 1, 1, 1, 1, 1, 1, 1, 1, 1, 1, 1, 1, 1]), 'tpos': array([0, 1, 1, 0, 3, 5, 0, 5, 0, 4, 3, 3, 0, 0, 3, 5, 1, 4, 4, 5, 1, 0, 5,
       5, 1, 5, 5, 3, 3, 4, 3, 0, 0, 3, 0, 3, 3, 5, 5, 3, 5, 3, 3, 0, 3, 2,
       1, 5, 3, 5, 3, 2, 5, 5, 0, 5, 5, 0, 5, 3, 3, 3, 5])}, {'specificity': array([0.921875, 0.921875, 0.578125, 0.640625, 1.0, 0.53125, 0.734375,
       0.890625, 0.9375, 0.78125, 0.53125, 0.59375, 0.84375, 0.703125,
       0.53125, 0.828125, 0.859375, 0.96875, 0.953125, 0.640625, 0.640625,
       0.546875, 0.796875, 0.53125, 0.53125, 0.53125, 0.53125, 0.53125,
       0.53125, 0.53125, 0.53125, 0.53125, 0.828125, 0.875, 0.984375,
       0.53125, 0.53125, 0.6875, 0.6875, 0.53125, 0.53125, 0.53125,
       0.53125, 0.53125, 0.53125, 0.53125, 0.53125, 0.6875, 0.765625,
       0.53125, 0.53125, 0.71875, 0.53125, 0.53125, 0.53125, 0.53125,
       0.53125, 0.53125, 0.53125, 0.53125, 0.75, 0.53125, 0.578125, 0.53125]), 'tneg': array([13, 13, 10, 10, 13, 10, 11, 13, 13, 13, 10, 10, 13, 11, 10, 13, 13,
       13, 13, 10, 10, 10, 13, 10, 10, 10, 10, 10, 10, 10, 10, 10, 13, 13,
       13, 10, 10, 11, 11, 10, 10, 10, 10, 10, 10, 10, 10, 11, 12, 10, 10,
       11, 10, 10, 10, 10, 10, 10, 10, 10, 11, 10, 10, 10]), 'fpos': array([0, 0, 3, 3, 0, 3, 2, 0, 0, 0, 3, 3, 0, 2, 3, 0, 0, 0, 0, 3, 3, 3, 0,
       3, 3, 3, 3, 3, 3, 3, 3, 3, 0, 0, 0, 3, 3, 2, 2, 3, 3, 3, 3, 3, 3, 3,
       3, 2, 1, 3, 3, 2, 3, 3, 3, 3, 3, 3, 3, 3, 2, 3, 3, 3]), 'threshold': [0.28093900563840962, 0.28093900563840962, 0.21459143346703055, 0.21696484205288635, 0.47370685543478691, 0.21106680787964133, 0.23790089462570507, 0.276708563642178, 0.31767325207492791, 0.25749516336993095, 0.21106680787964133, 0.21577577237701207, 0.26425602227010669, 0.23160206361608343, 0.21106680787964133, 0.26289479055836068, 0.27251768173927399, 0.35682715390768205, 0.34405724795307663, 0.21696484205288635, 0.21696484205288635, 0.21341182609644518, 0.2601858960198839, 0.21106680787964133, 0.21106680787964133, 0.21106680787964133, 0.21106680787964133, 0.21106680787964133, 0.21106680787964133, 0.21106680787964133, 0.21106680787964133, 0.21106680787964133, 0.26289479055836068, 0.27391022395231301, 0.44411212892304552, 0.21106680787964133, 0.21106680787964133, 0.22056042433311487, 0.22056042433311487, 0.21106680787964133, 0.21106680787964133, 0.21106680787964133, 0.21106680787964133, 0.21106680787964133, 0.21106680787964133, 0.21106680787964133, 0.21106680787964133, 0.22056042433311487, 0.25615663292198404, 0.21106680787964133, 0.21106680787964133, 0.23663175955142693, 0.21106680787964133, 0.21106680787964133, 0.21106680787964133, 0.21106680787964133, 0.21106680787964133, 0.21106680787964133, 0.21106680787964133, 0.21106680787964133, 0.24045318151902564, 0.21106680787964133, 0.21459143346703055, 0.21106680787964133], 'fneg': array([2, 2, 1, 1, 2, 0, 1, 2, 2, 1, 0, 1, 2, 1, 0, 2, 2, 2, 2, 1, 1, 1, 1,
       0, 0, 0, 0, 0, 0, 0, 0, 0, 2, 2, 2, 0, 0, 1, 1, 0, 0, 0, 0, 0, 0, 0,
       0, 1, 1, 0, 0, 1, 0, 0, 0, 0, 0, 0, 0, 0, 1, 0, 1, 0]), 'sensitivity': array([1, 1, 1, 1, 1, 1, 1, 1, 1, 1, 1, 1, 1, 1, 1, 1, 1, 1, 1, 1, 1, 1, 1,
       1, 1, 1, 1, 1, 1, 1, 1, 1, 1, 1, 1, 1, 1, 1, 1, 1, 1, 1, 1, 1, 1, 1,
       1, 1, 1, 1, 1, 1, 1, 1, 1, 1, 1, 1, 1, 1, 1, 1, 1, 1]), 'tpos': array([1, 1, 2, 2, 1, 3, 2, 1, 1, 2, 3, 2, 1, 2, 3, 1, 1, 1, 1, 2, 2, 2, 2,
       3, 3, 3, 3, 3, 3, 3, 3, 3, 1, 1, 1, 3, 3, 2, 2, 3, 3, 3, 3, 3, 3, 3,
       3, 2, 2, 3, 3, 2, 3, 3, 3, 3, 3, 3, 3, 3, 2, 3, 2, 3])}, {'specificity': array([0.953125, 0.71875, 0.8125, 0.75, 0.34375, 0.90625, 0.828125,
       0.515625, 0.65625, 0.703125, 0.734375, 0.625, 0.421875, 1.0,
       0.84375, 0.875, 0.78125, 0.859375, 0.3125, 0.5625, 0.53125, 0.1875,
       0.765625, 0.96875, 0.328125, 0.15625, 0.640625, 0.40625, 0.265625,
       0.578125, 0.6875, 0.25, 0.359375, 0.890625, 0.984375, 0.140625,
       0.921875, 0.671875, 0.46875, 0.0625, 0.125, 0.078125, 0.015625,
       0.546875, 0.234375, 0.109375, 0.375, 0.21875, 0.796875, 0.03125,
       0.296875, 0.453125, 0.390625, 0.09375, 0.59375, 0.4375, 0.171875,
       0.5, 0.609375, 0.484375, 0.9375, 0.203125, 0.28125, 0.046875]), 'tneg': array([11, 11, 11, 11,  7, 11, 11,  8, 10, 10, 11, 10,  7, 11, 11, 11, 11,
       11,  6,  9,  9,  3, 11, 11,  6,  2, 10,  7,  6,  9, 10,  6,  7, 11,
       11,  1, 11, 10,  7,  1,  1,  1,  0,  9,  6,  1,  7,  5, 11,  0,  6,
        7,  7,  1, 10,  7,  3,  8, 10,  8, 11,  5,  6,  1]), 'fpos': array([ 0,  0,  0,  0,  4,  0,  0,  3,  1,  1,  0,  1,  4,  0,  0,  0,  0,
        0,  5,  2,  2,  8,  0,  0,  5,  9,  1,  4,  5,  2,  1,  5,  4,  0,
        0, 10,  0,  1,  4, 10, 10, 10, 11,  2,  5, 10,  4,  6,  0, 11,  5,
        4,  4, 10,  1,  4,  8,  3,  1,  3,  0,  6,  5, 10]), 'threshold': [0.37480140691172881, 0.24097220415681678, 0.28649386387120784, 0.25789206909336493, 0.14538862082898851, 0.33452451765783264, 0.28720895194260176, 0.16743098724771738, 0.20397337104884181, 0.20858853660633142, 0.24283982096917886, 0.19464192780033146, 0.15450434563566476, 0.75722561824451862, 0.2919354517320768, 0.32837592924430931, 0.26598337824244717, 0.29566914082730184, 0.14268882971988897, 0.17448370882409514, 0.1689371085340205, 0.13412014137906628, 0.25803184523182132, 0.43451566663945618, 0.14429123276672209, 0.13282882580752611, 0.19641327034918713, 0.1532131076839075, 0.14076956745856276, 0.17454625593539117, 0.20817738254878809, 0.14030615471654684, 0.14739470077220007, 0.32891683136137012, 0.60799991234031991, 0.13043182955818267, 0.33954561868019911, 0.20572349887577449, 0.16376063586008291, 0.1254314150877886, 0.13019661111548592, 0.12553985371870804, 0.11537593194641414, 0.17297089152141876, 0.13931465528377243, 0.1276004679864946, 0.15051654302086515, 0.13666204820465427, 0.27176674174103582, 0.1218710002945806, 0.14235269586124677, 0.16278252995396836, 0.15184496322191152, 0.12639856108521838, 0.18684035109025227, 0.1598683975902733, 0.13368619959022837, 0.16556227549837044, 0.19015469640131444, 0.16400799671257144, 0.36837784274745755, 0.13590750025314421, 0.14205414088550267, 0.12519221791661048], 'fneg': array([3, 2, 2, 2, 0, 3, 2, 1, 1, 1, 2, 1, 0, 5, 2, 3, 2, 3, 0, 1, 1, 0, 2,
       4, 0, 0, 1, 0, 0, 1, 1, 0, 0, 3, 5, 0, 3, 1, 1, 0, 0, 0, 0, 1, 0, 0,
       0, 0, 2, 0, 0, 1, 0, 0, 1, 1, 0, 1, 1, 1, 3, 0, 0, 0]), 'sensitivity': array([1, 1, 1, 1, 1, 1, 1, 1, 1, 1, 1, 1, 1, 1, 1, 1, 1, 1, 1, 1, 1, 1, 1,
       1, 1, 1, 1, 1, 1, 1, 1, 1, 1, 1, 1, 1, 1, 1, 1, 1, 1, 1, 1, 1, 1, 1,
       1, 1, 1, 1, 1, 1, 1, 1, 1, 1, 1, 1, 1, 1, 1, 1, 1, 1]), 'tpos': array([2, 3, 3, 3, 5, 2, 3, 4, 4, 4, 3, 4, 5, 0, 3, 2, 3, 2, 5, 4, 4, 5, 3,
       1, 5, 5, 4, 5, 5, 4, 4, 5, 5, 2, 0, 5, 2, 4, 4, 5, 5, 5, 5, 4, 5, 5,
       5, 5, 3, 5, 5, 4, 5, 5, 4, 4, 5, 4, 4, 4, 2, 5, 5, 5])}, {'specificity': array([0.609375, 0.78125, 0.984375, 0.265625, 0.359375, 0.9375, 0.5625,
       0.8125, 0.40625, 0.46875, 0.625, 0.75, 0.90625, 0.734375, 1.0,
       0.859375, 0.875, 0.96875, 0.6875, 0.453125, 0.421875, 0.328125,
       0.890625, 0.3125, 0.34375, 0.921875, 0.546875, 0.375, 0.171875,
       0.125, 0.671875, 0.953125, 0.65625, 0.234375, 0.390625, 0.09375,
       0.203125, 0.15625, 0.515625, 0.140625, 0.59375, 0.4375, 0.578125,
       0.84375, 0.25, 0.5, 0.765625, 0.640625, 0.296875, 0.28125, 0.046875,
       0.796875, 0.0625, 0.1875, 0.21875, 0.71875, 0.015625, 0.109375,
       0.703125, 0.53125, 0.828125, 0.484375, 0.078125, 0.03125]), 'tneg': array([ 8,  8, 10,  2,  3,  9,  8,  9,  4,  5,  8,  8,  9,  8, 10,  9,  9,
        9,  8,  5,  4,  3,  9,  3,  3,  9,  6,  3,  1,  1,  8,  9,  8,  2,
        3,  1,  2,  1,  5,  1,  8,  4,  8,  9,  2,  5,  8,  8,  3,  3,  0,
        8,  1,  2,  2,  8,  0,  1,  8,  5,  9,  5,  1,  0]), 'fpos': array([ 2,  2,  0,  8,  7,  1,  2,  1,  6,  5,  2,  2,  1,  2,  0,  1,  1,
        1,  2,  5,  6,  7,  1,  7,  7,  1,  4,  7,  9,  9,  2,  1,  2,  8,
        7,  9,  8,  9,  5,  9,  2,  6,  2,  1,  8,  5,  2,  2,  7,  7, 10,
        2,  9,  8,  8,  2, 10,  9,  2,  5,  1,  5,  9, 10]), 'threshold': [0.18422368113342683, 0.27283236038135256, 0.81137652419893491, 0.098486406060397616, 0.11160021716333318, 0.46923258370287624, 0.17172511865425066, 0.29799307016907844, 0.12372754220870323, 0.14018399362294809, 0.19145859814300087, 0.24379101810121995, 0.44711028522622559, 0.2375159215653051, 0.89548986374119899, 0.31820275532536352, 0.39840394659512429, 0.52823026324556643, 0.20626715528369879, 0.13606266833895603, 0.12449084303953037, 0.10568584858125954, 0.43182143756006558, 0.104499087691018, 0.10830136583546492, 0.46544677065101364, 0.16336783603864855, 0.11235037379001835, 0.079249138460362425, 0.071219308408622062, 0.20573079039421327, 0.47722562087082865, 0.20513683504496463, 0.091671839902630906, 0.12173862777281452, 0.066641068501622436, 0.086097837855636211, 0.077177632327193449, 0.16100395117771094, 0.076014262587277878, 0.18341914193481382, 0.12498968614478162, 0.1825817119271714, 0.31603583224288956, 0.095814959682970199, 0.15166816481034529, 0.26327953792716591, 0.19755286583936002, 0.10336353226635163, 0.10323992059830969, 0.049577449631130054, 0.27700595440677411, 0.061836406793440366, 0.084692213000183272, 0.08729781286070197, 0.21690759456417466, 0.046544409640127564, 0.067093127954644241, 0.21073534858692147, 0.16135478851759263, 0.31187939367005296, 0.1410962127481751, 0.066423033245337854, 0.047278421702680457], 'fneg': array([2, 4, 5, 0, 0, 5, 2, 4, 1, 1, 2, 3, 5, 3, 5, 4, 4, 5, 3, 1, 1, 0, 4,
       0, 0, 5, 2, 0, 0, 0, 3, 5, 3, 0, 1, 0, 0, 0, 2, 0, 2, 1, 2, 4, 0, 1,
       4, 2, 0, 0, 0, 4, 0, 0, 0, 3, 0, 0, 3, 2, 4, 1, 0, 0]), 'sensitivity': array([1, 1, 1, 1, 1, 1, 1, 1, 1, 1, 1, 1, 1, 1, 1, 1, 1, 1, 1, 1, 1, 1, 1,
       1, 1, 1, 1, 1, 1, 1, 1, 1, 1, 1, 1, 1, 1, 1, 1, 1, 1, 1, 1, 1, 1, 1,
       1, 1, 1, 1, 1, 1, 1, 1, 1, 1, 1, 1, 1, 1, 1, 1, 1, 1]), 'tpos': array([4, 2, 1, 6, 6, 1, 4, 2, 5, 5, 4, 3, 1, 3, 1, 2, 2, 1, 3, 5, 5, 6, 2,
       6, 6, 1, 4, 6, 6, 6, 3, 1, 3, 6, 5, 6, 6, 6, 4, 6, 4, 5, 4, 2, 6, 5,
       2, 4, 6, 6, 6, 2, 6, 6, 6, 3, 6, 6, 3, 4, 2, 5, 6, 6])}, {'specificity': array([0.87692308, 0.67692308, 0.78461538, 0.96923077, 0.21538462,
       0.75384615, 0.81538462, 0.73846154, 0.15384615, 0.63076923,
       0.66153846, 0.72307692, 0.33846154, 0.98461538, 0.90769231,
       0.83076923, 0.84615385, 0.93846154, 0.58461538, 0.64615385,
       0.53846154, 0.29230769, 0.76923077, 0.92307692, 0.47692308,
       0.36923077, 0.16923077, 0.56923077, 0.41538462, 0.55384615,
       0.12307692, 0.95384615, 1.0, 0.89230769, 0.49230769, 0.30769231,
       0.076923077, 0.061538462, 0.6, 0.24615385, 0.44615385, 0.13846154,
       0.50769231, 0.2, 0.70769231, 0.86153846, 0.52307692, 0.69230769,
       0.38461538, 0.10769231, 0.18461538, 0.015384615, 0.26153846,
       0.23076923, 0.43076923, 0.092307692, 0.27692308, 0.32307692,
       0.46153846, 0.35384615, 0.8, 0.4, 0.61538462, 0.030769231,
       0.046153846]), 'tneg': array([14,  9, 11, 14,  4, 11, 13, 11,  4,  8,  8,  9,  6, 14, 14, 13, 13,
       14,  7,  8,  7,  5, 11, 14,  7,  6,  4,  7,  7,  7,  4, 14, 14, 14,
        7,  6,  1,  0,  7,  4,  7,  4,  7,  4,  9, 14,  7,  9,  6,  4,  4,
        0,  4,  4,  7,  1,  4,  6,  7,  6, 13,  7,  8,  0,  0]), 'fpos': array([ 0,  5,  3,  0, 10,  3,  1,  3, 10,  6,  6,  5,  8,  0,  0,  1,  1,
        0,  7,  6,  7,  9,  3,  0,  7,  8, 10,  7,  7,  7, 10,  0,  0,  0,
        7,  8, 13, 14,  7, 10,  7, 10,  7, 10,  5,  0,  7,  5,  8, 10, 10,
       14, 10, 10,  7, 13, 10,  8,  7,  8,  1,  7,  6, 14, 14]), 'threshold': [0.47910884229894757, 0.30070382284806846, 0.38757520791869121, 0.70075825171313699, 0.14734024509147933, 0.37766918997328663, 0.43041930758498947, 0.36416558504085855, 0.13952619973351746, 0.27579949201462017, 0.28680061143984831, 0.33403468162250682, 0.17732111495382741, 0.80022134369450393, 0.50265684265648025, 0.45370370263012572, 0.45393147087545888, 0.52513581565624035, 0.23414717552866488, 0.28284277136669439, 0.22465946500307199, 0.16658475446637602, 0.38298489356145876, 0.51924902472011414, 0.20421970702045472, 0.18889261909249921, 0.14076239089679807, 0.231572709121149, 0.19505585598255854, 0.23028597466544998, 0.13003732883425492, 0.64535336679200606, 0.86275395210340866, 0.4926569420761065, 0.21690426465549054, 0.17436033443395646, 0.10263612193112105, 0.067213382927185705, 0.23682763443760713, 0.15422689992480532, 0.20174123916414632, 0.13687600774159361, 0.21872521592555355, 0.1461718441281861, 0.33104833954079582, 0.47504580652838363, 0.22368907019651649, 0.30431932700209408, 0.18930389321724594, 0.12883245153543085, 0.1446229875830593, 0.053427319433949773, 0.15841480284045573, 0.14837395852193633, 0.19996174464131708, 0.12007459981146482, 0.15963562367406614, 0.17672892629828677, 0.20197329943206241, 0.18675914132670568, 0.4243918490050152, 0.19370865060480244, 0.25964919723658098, 0.058673777685262121, 0.061327719449175991], 'fneg': array([1, 1, 1, 1, 0, 1, 1, 1, 0, 1, 1, 1, 1, 1, 1, 1, 1, 1, 1, 1, 1, 0, 1,
       1, 1, 1, 0, 1, 1, 1, 0, 1, 1, 1, 1, 1, 0, 0, 1, 0, 1, 0, 1, 0, 1, 1,
       1, 1, 1, 0, 0, 0, 0, 0, 1, 0, 0, 1, 1, 1, 1, 1, 1, 0, 0]), 'sensitivity': array([1, 1, 1, 1, 1, 1, 1, 1, 1, 1, 1, 1, 1, 1, 1, 1, 1, 1, 1, 1, 1, 1, 1,
       1, 1, 1, 1, 1, 1, 1, 1, 1, 1, 1, 1, 1, 1, 1, 1, 1, 1, 1, 1, 1, 1, 1,
       1, 1, 1, 1, 1, 1, 1, 1, 1, 1, 1, 1, 1, 1, 1, 1, 1, 1, 1]), 'tpos': array([0, 0, 0, 0, 1, 0, 0, 0, 1, 0, 0, 0, 0, 0, 0, 0, 0, 0, 0, 0, 0, 1, 0,
       0, 0, 0, 1, 0, 0, 0, 1, 0, 0, 0, 0, 0, 1, 1, 0, 1, 0, 1, 0, 1, 0, 0,
       0, 0, 0, 1, 1, 1, 1, 1, 0, 1, 1, 0, 0, 0, 0, 0, 0, 1, 1])}], <Model object at 0x0000000000000D60>)
#adalasso
([{'specificity': array([0.9375, 0.984375, 0.78125, 0.34375, 0.765625, 0.84375, 0.09375,
       0.75, 0.828125, 0.875, 0.71875, 0.796875, 0.421875, 0.53125,
       0.296875, 0.109375, 0.625, 0.375, 0.40625, 0.734375, 0.90625,
       0.234375, 0.546875, 0.140625, 0.359375, 0.1875, 0.125, 0.4375,
       0.6875, 0.515625, 0.078125, 0.890625, 0.953125, 0.96875, 1.0,
       0.078125, 0.671875, 0.578125, 0.46875, 0.078125, 0.078125, 0.65625,
       0.25, 0.3125, 0.859375, 0.328125, 0.453125, 0.265625, 0.8125,
       0.484375, 0.703125, 0.640625, 0.28125, 0.390625, 0.5, 0.609375,
       0.203125, 0.59375, 0.15625, 0.171875, 0.5625, 0.921875, 0.21875,
       0.078125]), 'tneg': array([12, 12, 11,  4, 11, 11,  1, 11, 11, 11, 11, 11,  5,  7,  4,  1,  7,
        4,  4, 11, 12,  4,  7,  1,  4,  4,  1,  7, 10,  7,  1, 12, 12, 12,
       12,  1, 10,  7,  7,  1,  1,  9,  4,  4, 11,  4,  7,  4, 11,  7, 11,
        8,  4,  4,  7,  7,  4,  7,  1,  4,  7, 12,  4,  1]), 'fpos': array([ 0,  0,  1,  8,  1,  1, 11,  1,  1,  1,  1,  1,  7,  5,  8, 11,  5,
        8,  8,  1,  0,  8,  5, 11,  8,  8, 11,  5,  2,  5, 11,  0,  0,  0,
        0, 11,  2,  5,  5, 11, 11,  3,  8,  8,  1,  8,  5,  8,  1,  5,  1,
        4,  8,  8,  5,  5,  8,  5, 11,  8,  5,  0,  8, 11]), 'threshold': [0.48713889939790977, 0.51543029174045363, 0.35341285920322674, 0.15314398493815071, 0.32762560874008639, 0.35949127105994327, 0.14130512854813393, 0.32723009387637203, 0.35814277402909295, 0.38150654834264225, 0.29755096513077101, 0.35581461588976943, 0.17045943818179427, 0.18846240325002062, 0.14889508537982965, 0.1413061897618704, 0.21430370119394998, 0.15700130650948396, 0.16208284103152326, 0.31633581035141278, 0.47811327551306892, 0.14629593961556062, 0.18999274708762068, 0.14241687856733692, 0.15333491565742183, 0.14507679058087378, 0.14223090384197057, 0.18032446127032606, 0.27492306341598849, 0.18797000562754659, 0.14123298163319778, 0.4551140870160002, 0.49616871346774921, 0.5142385439302275, 0.54409728884878616, 0.14123298163319778, 0.2701140288915706, 0.19337290087745707, 0.18175973708420473, 0.14123298163319778, 0.14123298163319778, 0.24167107804770885, 0.14765472850689879, 0.15200599297416473, 0.38076088705914057, 0.15231898355077078, 0.18165952955359285, 0.14851820487010489, 0.35758491468348297, 0.18334276404709807, 0.29498057467112726, 0.23070851064897546, 0.14855559195368345, 0.15883702574477793, 0.1858172042265237, 0.20478883684017871, 0.14575041313533893, 0.19460903651527031, 0.14268177750751476, 0.14463742643546015, 0.19008893045405592, 0.48204026852590531, 0.1458664887363702, 0.14123298163319778], 'fneg': array([5, 5, 3, 2, 3, 3, 1, 3, 3, 3, 2, 3, 2, 2, 2, 1, 2, 2, 2, 3, 5, 2, 2,
       2, 2, 2, 2, 2, 2, 2, 1, 5, 5, 5, 5, 1, 2, 2, 2, 1, 1, 2, 2, 2, 3, 2,
       2, 2, 3, 2, 2, 2, 2, 2, 2, 2, 2, 2, 2, 2, 2, 5, 2, 1]), 'sensitivity': array([1, 1, 1, 1, 1, 1, 1, 1, 1, 1, 1, 1, 1, 1, 1, 1, 1, 1, 1, 1, 1, 1, 1,
       1, 1, 1, 1, 1, 1, 1, 1, 1, 1, 1, 1, 1, 1, 1, 1, 1, 1, 1, 1, 1, 1, 1,
       1, 1, 1, 1, 1, 1, 1, 1, 1, 1, 1, 1, 1, 1, 1, 1, 1, 1]), 'tpos': array([0, 0, 2, 3, 2, 2, 4, 2, 2, 2, 3, 2, 3, 3, 3, 4, 3, 3, 3, 2, 0, 3, 3,
       3, 3, 3, 3, 3, 3, 3, 4, 0, 0, 0, 0, 4, 3, 3, 3, 4, 4, 3, 3, 3, 2, 3,
       3, 3, 2, 3, 3, 3, 3, 3, 3, 3, 3, 3, 3, 3, 3, 0, 3, 4])}, {'specificity': array([0.8, 0.92307692, 0.78461538, 0.98461538, 0.96923077, 0.43076923,
       0.76923077, 0.86153846, 0.33846154, 0.076923077, 0.69230769,
       0.64615385, 0.75384615, 0.67692308, 0.53846154, 0.95384615,
       0.87692308, 0.83076923, 0.66153846, 0.30769231, 0.49230769,
       0.32307692, 0.61538462, 0.2, 0.6, 0.84615385, 0.89230769,
       0.36923077, 0.16923077, 0.46153846, 0.70769231, 0.21538462,
       0.56923077, 0.23076923, 0.26153846, 0.13846154, 0.81538462,
       0.47692308, 0.90769231, 1.0, 0.35384615, 0.52307692, 0.061538462,
       0.12307692, 0.38461538, 0.27692308, 0.10769231, 0.63076923,
       0.092307692, 0.015384615, 0.29230769, 0.41538462, 0.58461538,
       0.50769231, 0.030769231, 0.73846154, 0.4, 0.55384615, 0.44615385,
       0.72307692, 0.15384615, 0.18461538, 0.93846154, 0.24615385,
       0.046153846]), 'tneg': array([11, 12, 11, 12, 12,  7, 11, 11,  5,  1,  9,  9, 10,  9,  9, 12, 11,
       11,  9,  4,  8,  5,  9,  3,  9, 11, 12,  7,  3,  7,  9,  3,  9,  3,
        4,  3, 11,  7, 12, 12,  5,  9,  1,  2,  7,  4,  2,  9,  1,  0,  4,
        7,  9,  9,  1,  9,  7,  9,  7,  9,  3,  3, 12,  4,  1]), 'fpos': array([ 1,  0,  1,  0,  0,  5,  1,  1,  7, 11,  3,  3,  2,  3,  3,  0,  1,
        1,  3,  8,  4,  7,  3,  9,  3,  1,  0,  5,  9,  5,  3,  9,  3,  9,
        8,  9,  1,  5,  0,  0,  7,  3, 11, 10,  5,  8, 10,  3, 11, 12,  8,
        5,  3,  3, 11,  3,  5,  3,  5,  3,  9,  9,  0,  8, 11]), 'threshold': [0.28749968646858315, 0.53653361694191026, 0.28501122588646055, 0.66860760748736203, 0.58417243351724446, 0.16361672925639015, 0.26855387859390478, 0.33932234695601193, 0.15456985413756863, 0.1284893788824597, 0.23059380159036003, 0.21796845609656368, 0.2631923204189483, 0.22491394365564746, 0.1956719829416376, 0.56867626531447013, 0.34921064781123801, 0.33438045268919925, 0.22215301831001721, 0.15196417772360535, 0.17958983447235577, 0.1537166310152227, 0.2123886126078357, 0.13762034517582134, 0.21098005264966477, 0.33743129138082806, 0.49543635805933722, 0.15582695041041836, 0.1353894146152948, 0.16524751597559578, 0.24061604388301711, 0.1378961613356329, 0.1974878693031544, 0.14060301350511997, 0.14849873000446151, 0.13370769753757658, 0.30707586405672704, 0.17284267557373534, 0.53027050014650468, 0.75771283003377843, 0.1548185316141471, 0.18443716494240886, 0.12766082921780333, 0.1331875419323334, 0.15858445556477552, 0.14916321941075, 0.13299277362022252, 0.21488674589596724, 0.13185845957936557, 0.1047291339883723, 0.15178972970328095, 0.16256038581307117, 0.2006707314564114, 0.18419492780105287, 0.12437915077901499, 0.25516046988547175, 0.16068083308858105, 0.19571766360665424, 0.16402495131301198, 0.24863473004795897, 0.1337897725941519, 0.13680609433565841, 0.56453458422724812, 0.14674791690509442, 0.12548097833666203], 'fneg': array([2, 2, 2, 3, 2, 0, 2, 2, 0, 0, 2, 2, 2, 2, 2, 2, 2, 2, 2, 0, 1, 0, 2,
       0, 2, 2, 2, 0, 0, 0, 2, 0, 2, 0, 0, 0, 2, 1, 2, 3, 0, 2, 0, 0, 0, 0,
       0, 2, 0, 0, 0, 0, 2, 2, 0, 2, 0, 2, 0, 2, 0, 0, 2, 0, 0]), 'sensitivity': array([1, 1, 1, 1, 1, 1, 1, 1, 1, 1, 1, 1, 1, 1, 1, 1, 1, 1, 1, 1, 1, 1, 1,
       1, 1, 1, 1, 1, 1, 1, 1, 1, 1, 1, 1, 1, 1, 1, 1, 1, 1, 1, 1, 1, 1, 1,
       1, 1, 1, 1, 1, 1, 1, 1, 1, 1, 1, 1, 1, 1, 1, 1, 1, 1, 1]), 'tpos': array([2, 2, 2, 1, 2, 4, 2, 2, 4, 4, 2, 2, 2, 2, 2, 2, 2, 2, 2, 4, 3, 4, 2,
       4, 2, 2, 2, 4, 4, 4, 2, 4, 2, 4, 4, 4, 2, 3, 2, 1, 4, 2, 4, 4, 4, 4,
       4, 2, 4, 4, 4, 4, 2, 2, 4, 2, 4, 2, 4, 2, 4, 4, 2, 4, 4])}, {'specificity': array([0.78461538, 0.87692308, 0.8, 0.96923077, 0.92307692, 0.49230769,
       0.35384615, 0.76923077, 0.092307692, 0.72307692, 0.67692308,
       0.50769231, 0.90769231, 0.75384615, 0.84615385, 0.81538462,
       0.83076923, 0.29230769, 0.66153846, 0.13846154, 0.6, 0.86153846,
       0.23076923, 0.41538462, 0.44615385, 0.53846154, 0.69230769,
       0.18461538, 0.61538462, 0.27692308, 0.046153846, 0.21538462,
       0.70769231, 0.89230769, 0.95384615, 0.98461538, 1.0, 0.061538462,
       0.56923077, 0.36923077, 0.58461538, 0.52307692, 0.43076923,
       0.32307692, 0.16923077, 0.12307692, 0.015384615, 0.30769231,
       0.64615385, 0.15384615, 0.55384615, 0.38461538, 0.076923077,
       0.26153846, 0.46153846, 0.4, 0.63076923, 0.47692308, 0.2,
       0.73846154, 0.33846154, 0.030769231, 0.93846154, 0.24615385,
       0.10769231]), 'tneg': array([12, 12, 12, 12, 12,  9,  6, 12,  0, 12, 12,  9, 12, 12, 12, 12, 12,
        4, 10,  1, 10, 12,  4,  6,  8, 10, 12,  3, 10,  4,  0,  4, 12, 12,
       12, 12, 12,  0, 10,  6, 10,  9,  7,  5,  1,  1,  0,  5, 10,  1, 10,
        6,  0,  4,  9,  6, 10,  9,  3, 12,  5,  0, 12,  4,  0]), 'fpos': array([ 0,  0,  0,  0,  0,  3,  6,  0, 12,  0,  0,  3,  0,  0,  0,  0,  0,
        8,  2, 11,  2,  0,  8,  6,  4,  2,  0,  9,  2,  8, 12,  8,  0,  0,
        0,  0,  0, 12,  2,  6,  2,  3,  5,  7, 11, 11, 12,  7,  2, 11,  2,
        6, 12,  8,  3,  6,  2,  3,  9,  0,  7, 12,  0,  8, 12]), 'threshold': [0.29006632452258496, 0.49792606227108993, 0.29196323959941062, 0.62403853765967821, 0.55238604639836741, 0.19306068680335328, 0.18071985424310405, 0.28842342231972257, 0.15416362133366965, 0.27421896739200741, 0.2492035512679317, 0.19800990731352472, 0.54466609936124111, 0.28456534214737439, 0.38305745540549002, 0.29428772087017108, 0.33546096611345783, 0.17635701769298576, 0.22956360388240266, 0.16047387323126988, 0.21715906168323074, 0.4748251992043086, 0.16884924314339697, 0.18255898669717488, 0.18916087745990606, 0.20160928666937988, 0.25882530009190469, 0.1631468833511848, 0.22423963108530717, 0.17525462632462543, 0.14963603147973018, 0.16731503769820327, 0.27293816623017253, 0.5127272139888911, 0.61444386760330327, 0.6394028545078092, 0.71364888975532781, 0.14968278886703951, 0.2105150372299015, 0.18077508865896622, 0.2112688722222642, 0.19808317316779686, 0.18441271289123176, 0.17794805935217264, 0.16115039284408411, 0.15719595073141199, 0.13202865489945234, 0.17669676993247555, 0.22553016403504253, 0.16052264975887809, 0.20541046003668084, 0.18166270048251682, 0.15280347374180858, 0.17332727527367456, 0.18942093392314072, 0.18186520563200859, 0.22512956121144129, 0.19181777037585199, 0.1643023309786493, 0.27752049794289474, 0.17809749749092751, 0.1434874652549068, 0.55240637402960691, 0.17285271248453024, 0.15561216211999998], 'fneg': array([2, 4, 2, 4, 4, 0, 0, 2, 0, 2, 1, 0, 4, 2, 4, 3, 4, 0, 1, 0, 1, 4, 0,
       0, 0, 0, 2, 0, 1, 0, 0, 0, 2, 4, 4, 4, 4, 0, 1, 0, 1, 0, 0, 0, 0, 0,
       0, 0, 1, 0, 1, 0, 0, 0, 0, 0, 1, 0, 0, 2, 0, 0, 4, 0, 0]), 'sensitivity': array([1, 1, 1, 1, 1, 1, 1, 1, 1, 1, 1, 1, 1, 1, 1, 1, 1, 1, 1, 1, 1, 1, 1,
       1, 1, 1, 1, 1, 1, 1, 1, 1, 1, 1, 1, 1, 1, 1, 1, 1, 1, 1, 1, 1, 1, 1,
       1, 1, 1, 1, 1, 1, 1, 1, 1, 1, 1, 1, 1, 1, 1, 1, 1, 1, 1]), 'tpos': array([2, 0, 2, 0, 0, 4, 4, 2, 4, 2, 3, 4, 0, 2, 0, 1, 0, 4, 3, 4, 3, 0, 4,
       4, 4, 4, 2, 4, 3, 4, 4, 4, 2, 0, 0, 0, 0, 4, 3, 4, 3, 4, 4, 4, 4, 4,
       4, 4, 3, 4, 3, 4, 4, 4, 4, 4, 3, 4, 4, 2, 4, 4, 0, 4, 4])}, {'specificity': array([0.84615385, 0.98461538, 0.93846154, 0.90769231, 0.61538462,
       0.52307692, 0.83076923, 0.81538462, 0.27692308, 0.36923077,
       0.75384615, 0.44615385, 0.58461538, 0.69230769, 0.73846154,
       0.95384615, 0.66153846, 0.70769231, 0.29230769, 0.72307692,
       0.53846154, 0.26153846, 0.8, 0.64615385, 0.46153846, 0.15384615,
       0.63076923, 0.86153846, 0.89230769, 0.35384615, 0.076923077,
       0.092307692, 0.30769231, 0.6, 0.56923077, 0.47692308, 0.41538462,
       0.38461538, 0.50769231, 0.78461538, 0.55384615, 0.96923077, 1.0,
       0.92307692, 0.87692308, 0.12307692, 0.49230769, 0.18461538,
       0.21538462, 0.76923077, 0.67692308, 0.16923077, 0.2, 0.23076923,
       0.4, 0.33846154, 0.10769231, 0.061538462, 0.015384615, 0.43076923,
       0.13846154, 0.046153846, 0.32307692, 0.030769231, 0.24615385]), 'tneg': array([12, 12, 12, 12,  9,  9, 12, 12,  7,  7, 12,  8,  9, 11, 12, 12,  9,
       11,  7, 12,  9,  7, 12,  9,  9,  3,  9, 12, 12,  7,  2,  2,  7,  9,
        9,  9,  7,  7,  9, 12,  9, 12, 14, 12, 12,  2,  9,  4,  4, 12, 10,
        3,  4,  5,  7,  7,  2,  2,  0,  8,  2,  2,  7,  1,  6]), 'fpos': array([ 2,  2,  2,  2,  5,  5,  2,  2,  7,  7,  2,  6,  5,  3,  2,  2,  5,
        3,  7,  2,  5,  7,  2,  5,  5, 11,  5,  2,  2,  7, 12, 12,  7,  5,
        5,  5,  7,  7,  5,  2,  5,  2,  0,  2,  2, 12,  5, 10, 10,  2,  4,
       11, 10,  9,  7,  7, 12, 12, 14,  6, 12, 12,  7, 13,  8]), 'threshold': [0.90881330064302324, 0.9996945284642117, 0.99398154335230438, 0.95913325309899855, 0.11115977798832009, 0.063355566865994473, 0.87629390287541986, 0.8353196264970153, 0.019108174730161707, 0.027024317705399117, 0.69124772677332147, 0.045909131370781814, 0.086648145356182538, 0.2352637049279539, 0.63329553404508765, 0.9974559788773385, 0.12846755634967155, 0.33933887232533533, 0.019108265239942461, 0.56319606490889573, 0.064187628963890436, 0.015373094850519402, 0.80633194801498098, 0.11139599564310797, 0.050320076400568459, 0.0037654654324294936, 0.11128899238587711, 0.91273814609519011, 0.93361072345695706, 0.025990434807785193, 0.0010762859846812157, 0.0013256983091033616, 0.019698450144043287, 0.10349688918458222, 0.079237134912724938, 0.055282868196243798, 0.035029564544414873, 0.028833452308692956, 0.059315828661976967, 0.80025685888420184, 0.068179242638487014, 0.99843140696458121, 0.9999858134116697, 0.9935288816013722, 0.91508787428524907, 0.0026627355391034965, 0.057984977700910136, 0.004376668868912849, 0.0047281911641839881, 0.75138882980234367, 0.16850471530642802, 0.004164906636318807, 0.0045894887992482727, 0.0049078258423898048, 0.029403932672891177, 0.023941336245515678, 0.0018658789712153148, 0.001021162523262627, 5.413007970787644e-05, 0.042480075530465101, 0.0028020801286207731, 0.00094886622573139606, 0.02300142582301765, 0.00022282312065174961, 0.013503477342725214], 'fneg': array([2, 2, 2, 2, 2, 2, 2, 2, 0, 0, 2, 1, 2, 2, 2, 2, 2, 2, 0, 2, 2, 0, 2,
       2, 1, 0, 2, 2, 2, 0, 0, 0, 0, 2, 2, 1, 0, 0, 1, 2, 2, 2, 2, 2, 2, 0,
       1, 0, 0, 2, 2, 0, 0, 0, 0, 0, 0, 0, 0, 1, 0, 0, 0, 0, 0]), 'sensitivity': array([1, 1, 1, 1, 1, 1, 1, 1, 1, 1, 1, 1, 1, 1, 1, 1, 1, 1, 1, 1, 1, 1, 1,
       1, 1, 1, 1, 1, 1, 1, 1, 1, 1, 1, 1, 1, 1, 1, 1, 1, 1, 1, 1, 1, 1, 1,
       1, 1, 1, 1, 1, 1, 1, 1, 1, 1, 1, 1, 1, 1, 1, 1, 1, 1, 1]), 'tpos': array([0, 0, 0, 0, 0, 0, 0, 0, 2, 2, 0, 1, 0, 0, 0, 0, 0, 0, 2, 0, 0, 2, 0,
       0, 1, 2, 0, 0, 0, 2, 2, 2, 2, 0, 0, 1, 2, 2, 1, 0, 0, 0, 0, 0, 0, 2,
       1, 2, 2, 0, 0, 2, 2, 2, 2, 2, 2, 2, 2, 1, 2, 2, 2, 2, 2])}, {'specificity': array([0.8, 0.95384615, 0.87692308, 0.49230769, 0.2, 0.76923077,
       0.43076923, 0.12307692, 0.73846154, 0.83076923, 0.50769231,
       0.53846154, 0.93846154, 0.84615385, 0.90769231, 0.41538462,
       0.38461538, 0.66153846, 0.52307692, 0.70769231, 0.89230769,
       0.33846154, 0.24615385, 0.63076923, 0.69230769, 0.58461538,
       0.21538462, 0.61538462, 0.13846154, 0.29230769, 0.18461538,
       0.72307692, 0.56923077, 0.96923077, 1.0, 0.92307692, 0.076923077,
       0.86153846, 0.78461538, 0.16923077, 0.23076923, 0.64615385,
       0.55384615, 0.4, 0.30769231, 0.10769231, 0.015384615, 0.47692308,
       0.81538462, 0.061538462, 0.36923077, 0.67692308, 0.092307692,
       0.44615385, 0.46153846, 0.6, 0.26153846, 0.27692308, 0.75384615,
       0.32307692, 0.046153846, 0.030769231, 0.98461538, 0.35384615,
       0.15384615]), 'tneg': array([0, 0, 0, 0, 0, 0, 0, 0, 0, 0, 0, 0, 0, 0, 0, 0, 0, 0, 0, 0, 0, 0, 0,
       0, 0, 0, 0, 0, 0, 0, 0, 0, 0, 0, 0, 0, 0, 0, 0, 0, 0, 0, 0, 0, 0, 0,
       0, 0, 0, 0, 0, 0, 0, 0, 0, 0, 0, 0, 0, 0, 0, 0, 0, 0, 0]), 'fpos': array([10, 10, 10, 10, 10, 10, 10, 10, 10, 10, 10, 10, 10, 10, 10, 10, 10,
       10, 10, 10, 10, 10, 10, 10, 10, 10, 10, 10, 10, 10, 10, 10, 10, 10,
       10, 10, 10, 10, 10, 10, 10, 10, 10, 10, 10, 10, 10, 10, 10, 10, 10,
       10, 10, 10, 10, 10, 10, 10, 10, 10, 10, 10, 10, 10, 10]), 'threshold': [0.2260469675100249, 0.42797599277362447, 0.27827326581551859, 0.16806731411305981, 0.14637226086467967, 0.22429448183004802, 0.16233583509964028, 0.1433600762919954, 0.22411206915632578, 0.23749463936066581, 0.16882753917622154, 0.17192199181092405, 0.39991347531217003, 0.25192159564984173, 0.31891621620832356, 0.16158795118339994, 0.15938338724778614, 0.19632094596412961, 0.16965217829482424, 0.21631704043902106, 0.3091112660975367, 0.15449298478166684, 0.15084723909872244, 0.19090235371127065, 0.2056234701919025, 0.18361521807926023, 0.14856218956491155, 0.1903354172215195, 0.14403799528184733, 0.15256210940653742, 0.14595864920489393, 0.21743244542024656, 0.17379482088659579, 0.44264191683460991, 0.47196285360789519, 0.32151206481239852, 0.14028903722635694, 0.26934233141452679, 0.22523943448095379, 0.14443149205848463, 0.14883799118216914, 0.19572087474011907, 0.17232066845999988, 0.15995363855025274, 0.15290918436766662, 0.14279396539745595, 0.12757696607441194, 0.16441936352297681, 0.23624155324515159, 0.13898588402846787, 0.1592037795594389, 0.20366378224815679, 0.14217420143485304, 0.16288733915040535, 0.16441805759279327, 0.1842711045154021, 0.15131543964366692, 0.15179206240041387, 0.22429371906916337, 0.1544797955597351, 0.13774780623067062, 0.12879040901938463, 0.46513128189922692, 0.1546107749015595, 0.14425907584968983], 'fneg': array([0, 0, 0, 0, 0, 0, 0, 0, 0, 0, 0, 0, 0, 0, 0, 0, 0, 0, 0, 0, 0, 0, 0,
       0, 0, 0, 0, 0, 0, 0, 0, 0, 0, 0, 0, 0, 0, 0, 0, 0, 0, 0, 0, 0, 0, 0,
       0, 0, 0, 0, 0, 0, 0, 0, 0, 0, 0, 0, 0, 0, 0, 0, 0, 0, 0]), 'sensitivity': array([1, 1, 1, 1, 1, 1, 1, 1, 1, 1, 1, 1, 1, 1, 1, 1, 1, 1, 1, 1, 1, 1, 1,
       1, 1, 1, 1, 1, 1, 1, 1, 1, 1, 1, 1, 1, 1, 1, 1, 1, 1, 1, 1, 1, 1, 1,
       1, 1, 1, 1, 1, 1, 1, 1, 1, 1, 1, 1, 1, 1, 1, 1, 1, 1, 1]), 'tpos': array([6, 6, 6, 6, 6, 6, 6, 6, 6, 6, 6, 6, 6, 6, 6, 6, 6, 6, 6, 6, 6, 6, 6,
       6, 6, 6, 6, 6, 6, 6, 6, 6, 6, 6, 6, 6, 6, 6, 6, 6, 6, 6, 6, 6, 6, 6,
       6, 6, 6, 6, 6, 6, 6, 6, 6, 6, 6, 6, 6, 6, 6, 6, 6, 6, 6])}], <Model object at 0x000000000000108C>)
