# fold = 1
# threshold = 0.223188976311
# requested specificity = 0.9
# actual training-set specificity = 0.903225806452
# tpos = 9
# tneg = 0
# fpos = 12
# fneg = 0
# raw predictions:
[1.0 1.0 1.0 1.0 1.0 1.0 1.0 1.0 1.0 1.0 1.0 1.0 1.0 1.0 1.0 1.0 1.0 1.0
 1.0 1.0 1.0]
# truth:
[2.5375673 2.286681 2.4350476 2.5880475 1.376577 1.1172713 2.5627685
 1.8469553 2.4834446 2.6134189 1.1643529 2.2796669 1.3031961 2.0318123
 2.0674428 3.3837436 1.9020029 3.3837436 3.3837436 1.9703469 2.0406023]
# fold = 2
# threshold = 0.241411524099
# requested specificity = 0.815384615385
# actual training-set specificity = 0.827586206897
# tpos = 2
# tneg = 12
# fpos = 4
# fneg = 2
# raw predictions:
[0.291331015371 0.309907336257 0.142930631103 0.0459311306974
 0.962583559639 0.884232016591 0.00304635598576 0.0758464481898
 0.0351634151333 0.0338795477552 0.059288634025 0.442782431531
 0.00328634753619 0.0664212907894 0.0724635949897 0.0683808175386
 0.114229734658 0.689015527488 0.00636887004212 0.00618444116224]
# truth:
[3.3837436 3.2980448 1.7767012 0.30103 2.1580608 2.2367891 1.6532125
 2.512551 1.1430148 2.4637437 1.3961993 1.8469553 1.3483049 2.2355284
 1.3710679 2.2000293 0.61278386 1.6866363 0.30103 1.948413]
# fold = 3
# threshold = 0.244249392202
# requested specificity = 0.825396825397
# actual training-set specificity = 0.844827586207
# tpos = 2
# tneg = 14
# fpos = 2
# fneg = 2
# raw predictions:
[0.182301885147 0.243998548892 0.155309249193 0.213512241481 0.259156023445
 0.188179377969 0.17808411688 0.456060688979 0.167893106335 0.166752339829
 0.15264790654 0.661300910562 0.202992399465 0.214190033784 0.154904308845
 0.175079313228 0.176484722604 0.295641756587 0.192273042484 0.162127081556]
# truth:
[1.5717088 2.0297895 3.3837436 2.8121108 2.1804126 1.3384565 0.79934055
 3.3837436 1.3579348 1.5024271 2.3398488 2.7136585 1.8000294 1.5786392
 0.30103 1.0374265 1.1643529 2.1195858 1.666518 1.5024271]
