#adalasso
([{'specificity': array([0.9516129, 0.96774194, 0.91935484, 0.62903226, 0.85483871,
       0.70967742, 0.82258065, 0.59677419, 0.25806452, 0.4516129,
       0.53225806, 0.74193548, 0.88709677, 0.79032258, 0.83870968,
       0.75806452, 0.38709677, 0.22580645, 0.46774194, 0.58064516,
       0.77419355, 0.87096774, 0.5, 0.35483871, 0.20967742, 0.80645161,
       0.40322581, 0.27419355, 0.064516129, 0.048387097, 0.90322581, 1.0,
       0.98387097, 0.93548387, 0.66129032, 0.48387097, 0.61290323,
       0.17741935, 0.32258065, 0.29032258, 0.032258065, 0.51612903,
       0.33870968, 0.11290323, 0.016129032, 0.30645161, 0.56451613,
       0.24193548, 0.096774194, 0.16129032, 0.5483871, 0.72580645,
       0.14516129, 0.67741935, 0.69354839, 0.37096774, 0.43548387,
       0.080645161, 0.12903226, 0.41935484, 0.64516129, 0.19354839]), 'tneg': array([14, 14, 14,  8, 14,  9, 13,  8,  1,  7,  7,  9, 14, 13, 14, 13,  6,
        1,  7,  7, 13, 14,  7,  4,  1, 13,  7,  2,  0,  0, 14, 14, 14, 14,
        8,  7,  8,  1,  2,  2,  0,  7,  4,  1,  0,  2,  7,  1,  1,  1,  7,
        9,  1,  8,  8,  5,  7,  0,  1,  7,  8,  1]), 'fpos': array([ 0,  0,  0,  6,  0,  5,  1,  6, 13,  7,  7,  5,  0,  1,  0,  1,  8,
       13,  7,  7,  1,  0,  7, 10, 13,  1,  7, 12, 14, 14,  0,  0,  0,  0,
        6,  7,  6, 13, 12, 12, 14,  7, 10, 13, 14, 12,  7, 13, 13, 13,  7,
        5, 13,  6,  6,  9,  7, 14, 13,  7,  6, 13]), 'threshold': [0.76799176240261036, 0.79709249179604202, 0.60346652120672661, 0.19377337060540495, 0.42615321571902315, 0.21891129933243705, 0.35348639512791064, 0.188372176425781, 0.11675660357377581, 0.15743159301068496, 0.16574731863732092, 0.25873906156700177, 0.51686069393203737, 0.33051908326294299, 0.41308378778297228, 0.31363869234842551, 0.13602040484781316, 0.1139128933554516, 0.15840170515897584, 0.18035017034749462, 0.32602139278445524, 0.44576199351896367, 0.16302531240853105, 0.12905010713732276, 0.11261631177148944, 0.34586693261745283, 0.14232835161082214, 0.1217670579399031, 0.084322689930216077, 0.073344438660044697, 0.54797180190498351, 0.8361702618231901, 0.81633566767351395, 0.73789191348020944, 0.20152833738908782, 0.16209854370879034, 0.19009294986644926, 0.10877727631589249, 0.12312963941295167, 0.12204148326576361, 0.069596663512493301, 0.16519679609267499, 0.12708192049804284, 0.10367615811651566, 0.066339375726185479, 0.12240327891627768, 0.17790273600204773, 0.11511136184601863, 0.10084967306228516, 0.1086622592531406, 0.16675243139009721, 0.22177947221684546, 0.10745992921370705, 0.20782919345598658, 0.21522442253430515, 0.13002547709288029, 0.15044873497009786, 0.095169577216786649, 0.10723485041068877, 0.14509027022108501, 0.19959948031816019, 0.10898010301676241], 'fneg': array([3, 3, 3, 1, 3, 2, 3, 0, 0, 0, 0, 2, 3, 3, 3, 3, 0, 0, 0, 0, 3, 3, 0,
       0, 0, 3, 0, 0, 0, 0, 3, 3, 3, 3, 2, 0, 1, 0, 0, 0, 0, 0, 0, 0, 0, 0,
       0, 0, 0, 0, 0, 2, 0, 2, 2, 0, 0, 0, 0, 0, 2, 0]), 'sensitivity': array([1, 1, 1, 1, 1, 1, 1, 1, 1, 1, 1, 1, 1, 1, 1, 1, 1, 1, 1, 1, 1, 1, 1,
       1, 1, 1, 1, 1, 1, 1, 1, 1, 1, 1, 1, 1, 1, 1, 1, 1, 1, 1, 1, 1, 1, 1,
       1, 1, 1, 1, 1, 1, 1, 1, 1, 1, 1, 1, 1, 1, 1, 1]), 'tpos': array([0, 0, 0, 2, 0, 1, 0, 3, 3, 3, 3, 1, 0, 0, 0, 0, 3, 3, 3, 3, 0, 0, 3,
       3, 3, 0, 3, 3, 3, 3, 0, 0, 0, 0, 1, 3, 2, 3, 3, 3, 3, 3, 3, 3, 3, 3,
       3, 3, 3, 3, 3, 1, 3, 1, 1, 3, 3, 3, 3, 3, 1, 3])}, {'specificity': array([0.80952381, 0.96825397, 0.98412698, 0.92063492, 0.47619048,
       0.11111111, 0.52380952, 0.44444444, 0.84126984, 0.14285714,
       0.77777778, 0.65079365, 0.61904762, 0.88888889, 0.95238095,
       0.74603175, 0.76190476, 0.6031746, 0.42857143, 0.58730159,
       0.85714286, 0.9047619, 0.25396825, 0.17460317, 0.53968254,
       0.73015873, 0.79365079, 0.36507937, 0.71428571, 0.3968254,
       0.12698413, 1.0, 0.93650794, 0.66666667, 0.87301587, 0.68253968,
       0.63492063, 0.063492063, 0.20634921, 0.15873016, 0.031746032,
       0.26984127, 0.047619048, 0.015873016, 0.22222222, 0.6984127,
       0.095238095, 0.19047619, 0.34920635, 0.31746032, 0.46031746,
       0.57142857, 0.55555556, 0.33333333, 0.3015873, 0.41269841,
       0.49206349, 0.82539683, 0.23809524, 0.28571429, 0.38095238,
       0.50793651, 0.079365079]), 'tneg': array([9, 9, 9, 9, 9, 3, 9, 7, 9, 4, 9, 9, 9, 9, 9, 9, 9, 9, 5, 9, 9, 9, 4,
       4, 9, 9, 9, 5, 9, 5, 4, 9, 9, 9, 9, 9, 9, 2, 4, 4, 0, 4, 1, 0, 4, 9,
       3, 4, 5, 4, 7, 9, 9, 4, 4, 5, 9, 9, 4, 4, 5, 9, 2]), 'fpos': array([0, 0, 0, 0, 0, 6, 0, 2, 0, 5, 0, 0, 0, 0, 0, 0, 0, 0, 4, 0, 0, 0, 5,
       5, 0, 0, 0, 4, 0, 4, 5, 0, 0, 0, 0, 0, 0, 7, 5, 5, 9, 5, 8, 9, 5, 0,
       6, 5, 4, 5, 2, 0, 0, 5, 5, 4, 0, 0, 5, 5, 4, 0, 7]), 'threshold': [0.16260718603185528, 0.32252536153236611, 0.54111796870869477, 0.23674865812311102, 0.10951682874137254, 0.078800921440866964, 0.11278518039695472, 0.10639179762685341, 0.203524680082357, 0.080569332584883857, 0.15526723150078003, 0.13526376742702614, 0.12570862197001678, 0.22424824619207942, 0.28436973822456924, 0.15054064850219737, 0.15070900409200505, 0.12498769576389464, 0.097654775663536558, 0.12455595833442038, 0.2130416070470583, 0.22618493132804454, 0.087929218679686422, 0.081537939309854049, 0.120450563717933, 0.14342476972637316, 0.16102060974697871, 0.092563175109489332, 0.14250099686297674, 0.095926348745272741, 0.080154316039532367, 0.58017665001916552, 0.28307881679930774, 0.13693938058081734, 0.22030475902558319, 0.13933878214802498, 0.12768787752711999, 0.075693532516220852, 0.083234700819276849, 0.08126376178306037, 0.057590195995360617, 0.088311238397931674, 0.074002747022628684, 0.057560691478993571, 0.083443702708122569, 0.14127494573973448, 0.076239669245945912, 0.081823704770282973, 0.092374448618707944, 0.091118016716359662, 0.10780960731681771, 0.12325420103742509, 0.12051804322481258, 0.091315931732894443, 0.090409145792173476, 0.097102029946349477, 0.11144977576991787, 0.19065431403743524, 0.084443084396418511, 0.090151509231285537, 0.093233675148214068, 0.1115649068873108, 0.07585911957419722], 'fneg': array([3, 6, 7, 6, 1, 0, 1, 1, 5, 0, 3, 1, 1, 6, 6, 3, 3, 1, 0, 1, 5, 6, 0,
       0, 1, 2, 3, 0, 2, 0, 0, 7, 6, 2, 6, 2, 1, 0, 0, 0, 0, 0, 0, 0, 0, 2,
       0, 0, 0, 0, 1, 1, 1, 0, 0, 0, 1, 4, 0, 0, 0, 1, 0]), 'sensitivity': array([1, 1, 1, 1, 1, 1, 1, 1, 1, 1, 1, 1, 1, 1, 1, 1, 1, 1, 1, 1, 1, 1, 1,
       1, 1, 1, 1, 1, 1, 1, 1, 1, 1, 1, 1, 1, 1, 1, 1, 1, 1, 1, 1, 1, 1, 1,
       1, 1, 1, 1, 1, 1, 1, 1, 1, 1, 1, 1, 1, 1, 1, 1, 1]), 'tpos': array([4, 1, 0, 1, 6, 7, 6, 6, 2, 7, 4, 6, 6, 1, 1, 4, 4, 6, 7, 6, 2, 1, 7,
       7, 6, 5, 4, 7, 5, 7, 7, 0, 1, 5, 1, 5, 6, 7, 7, 7, 7, 7, 7, 7, 7, 5,
       7, 7, 7, 7, 6, 6, 6, 7, 7, 7, 6, 3, 7, 7, 7, 6, 7])}, {'specificity': array([0.703125, 0.9375, 0.96875, 0.578125, 0.90625, 0.171875, 0.671875,
       0.875, 0.515625, 0.5625, 0.296875, 0.453125, 0.34375, 0.71875,
       0.921875, 0.75, 0.859375, 0.609375, 0.796875, 0.375, 0.359375,
       0.625, 0.8125, 0.3125, 0.21875, 0.140625, 0.234375, 0.828125,
       0.734375, 0.25, 0.78125, 0.40625, 0.0625, 0.03125, 0.890625,
       0.984375, 1.0, 0.953125, 0.546875, 0.765625, 0.265625, 0.015625,
       0.46875, 0.328125, 0.109375, 0.421875, 0.53125, 0.4375, 0.046875,
       0.484375, 0.15625, 0.078125, 0.640625, 0.6875, 0.203125, 0.1875,
       0.5, 0.84375, 0.28125, 0.65625, 0.09375, 0.125, 0.390625, 0.59375]), 'tneg': array([12, 13, 13,  9, 13,  8, 12, 13,  9,  9,  9,  9,  9, 12, 13, 12, 13,
        9, 13,  9,  9, 12, 13,  9,  8,  7,  9, 13, 12,  9, 13,  9,  1,  1,
       13, 13, 13, 13,  9, 12,  9,  1,  9,  9,  4,  9,  9,  9,  1,  9,  7,
        1, 12, 12,  8,  8,  9, 13,  9, 12,  1,  4,  9,  9]), 'fpos': array([ 1,  0,  0,  4,  0,  5,  1,  0,  4,  4,  4,  4,  4,  1,  0,  1,  0,
        4,  0,  4,  4,  1,  0,  4,  5,  6,  4,  0,  1,  4,  0,  4, 12, 12,
        0,  0,  0,  0,  4,  1,  4, 12,  4,  4,  9,  4,  4,  4, 12,  4,  6,
       12,  1,  1,  5,  5,  4,  0,  4,  1, 12,  9,  4,  4]), 'threshold': [0.23535670102863113, 0.65536400020444108, 0.70522809765006889, 0.19497897111568918, 0.5149725025056, 0.12511395845426421, 0.2221975755735994, 0.40817913126405753, 0.17696468388681946, 0.18501101280141219, 0.13956900067562808, 0.16172564948804463, 0.14501552239852381, 0.25111389540717283, 0.65355052191815344, 0.2570860905269266, 0.38746211910230083, 0.19868369937006489, 0.30492689879286539, 0.14918173752986849, 0.14873246394649822, 0.21053223605198582, 0.33128243227679249, 0.14238599390377812, 0.12742569826307151, 0.12190658238218108, 0.1304899264967084, 0.33261767042141982, 0.25654252281534878, 0.13627657093540643, 0.28830713068062735, 0.15259438088213256, 0.10069628334613136, 0.091799061228891407, 0.47632292244701702, 0.83958689994123958, 0.84270631599464907, 0.66847840843396644, 0.18232622636241175, 0.26634694910446943, 0.13644811289477538, 0.072035017476216906, 0.16256620338227346, 0.14438873369929275, 0.11402182091204556, 0.15322227250045487, 0.17970802329114219, 0.15945394241363056, 0.099491449017001063, 0.17298466743300192, 0.12220005660829686, 0.10230103655496163, 0.21074764087290174, 0.22510116116865689, 0.12741618241744632, 0.12622054256253842, 0.17350632313208281, 0.37127884570055025, 0.1391818961275301, 0.21322334576501878, 0.1023880302594205, 0.11611175850839871, 0.14958748370570232, 0.19654101017532344], 'fneg': array([0, 2, 2, 0, 2, 0, 0, 2, 0, 0, 0, 0, 0, 0, 2, 0, 2, 0, 0, 0, 0, 0, 0,
       0, 0, 0, 0, 0, 0, 0, 0, 0, 0, 0, 2, 2, 2, 2, 0, 0, 0, 0, 0, 0, 0, 0,
       0, 0, 0, 0, 0, 0, 0, 0, 0, 0, 0, 2, 0, 0, 0, 0, 0, 0]), 'sensitivity': array([1, 1, 1, 1, 1, 1, 1, 1, 1, 1, 1, 1, 1, 1, 1, 1, 1, 1, 1, 1, 1, 1, 1,
       1, 1, 1, 1, 1, 1, 1, 1, 1, 1, 1, 1, 1, 1, 1, 1, 1, 1, 1, 1, 1, 1, 1,
       1, 1, 1, 1, 1, 1, 1, 1, 1, 1, 1, 1, 1, 1, 1, 1, 1, 1]), 'tpos': array([2, 0, 0, 2, 0, 2, 2, 0, 2, 2, 2, 2, 2, 2, 0, 2, 0, 2, 2, 2, 2, 2, 2,
       2, 2, 2, 2, 2, 2, 2, 2, 2, 2, 2, 0, 0, 0, 0, 2, 2, 2, 2, 2, 2, 2, 2,
       2, 2, 2, 2, 2, 2, 2, 2, 2, 2, 2, 0, 2, 2, 2, 2, 2, 2])}, {'specificity': array([0.73015873, 0.95238095, 0.96825397, 0.47619048, 0.93650794,
       0.58730159, 0.36507937, 0.71428571, 0.87301587, 0.66666667,
       0.82539683, 0.53968254, 0.17460317, 0.38095238, 0.44444444,
       0.57142857, 0.77777778, 0.92063492, 0.74603175, 0.50793651,
       0.41269841, 0.22222222, 0.49206349, 0.80952381, 0.88888889,
       0.42857143, 0.23809524, 0.84126984, 0.76190476, 0.33333333,
       0.79365079, 0.19047619, 0.047619048, 0.9047619, 1.0, 0.98412698,
       0.34920635, 0.12698413, 0.55555556, 0.14285714, 0.25396825,
       0.015873016, 0.65079365, 0.031746032, 0.63492063, 0.079365079,
       0.20634921, 0.28571429, 0.52380952, 0.3968254, 0.6984127,
       0.15873016, 0.68253968, 0.3015873, 0.31746032, 0.46031746,
       0.85714286, 0.26984127, 0.6031746, 0.063492063, 0.095238095,
       0.61904762, 0.11111111]), 'tneg': array([12, 14, 14, 10, 14, 11,  6, 12, 14, 12, 13, 11,  2,  6, 10, 11, 12,
       14, 12, 11,  7,  3, 11, 13, 14,  9,  4, 13, 12,  4, 12,  2,  1, 14,
       14, 14,  6,  2, 11,  2,  4,  0, 11,  1, 11,  1,  2,  4, 11,  6, 12,
        2, 12,  4,  4, 10, 13,  4, 11,  1,  1, 11,  2]), 'fpos': array([ 2,  0,  0,  4,  0,  3,  8,  2,  0,  2,  1,  3, 12,  8,  4,  3,  2,
        0,  2,  3,  7, 11,  3,  1,  0,  5, 10,  1,  2, 10,  2, 12, 13,  0,
        0,  0,  8, 12,  3, 12, 10, 14,  3, 13,  3, 13, 12, 10,  3,  8,  2,
       12,  2, 10, 10,  4,  1, 10,  3, 13, 13,  3, 12]), 'threshold': [0.21746869658586868, 0.7354089979741163, 0.7406235952232737, 0.15576962928200305, 0.6662039166349869, 0.17533031777097316, 0.12816834953457565, 0.21180065247393928, 0.49087719808527092, 0.20591390278278532, 0.37036743044039983, 0.16644103469614338, 0.10427735001557899, 0.12907400397390531, 0.15170817411549678, 0.17044442354109671, 0.26226498826701644, 0.61427508599375391, 0.24970135323337597, 0.16164413725820759, 0.13336516950935581, 0.11075940283455001, 0.15722999732175644, 0.34419528493510354, 0.49810032383287756, 0.14728170748695052, 0.1155805643740829, 0.37277412577277719, 0.26170758187951187, 0.12197197785292313, 0.27962179832047074, 0.1050456842528686, 0.079967436937172537, 0.57618416730524014, 0.86557433320033195, 0.79226927106122191, 0.12719502238958744, 0.10165630945646689, 0.16998475631305007, 0.10202537175832938, 0.11595386829328955, 0.066142398840795077, 0.19086591878961762, 0.068472369240385009, 0.18864201882752019, 0.093518003294337307, 0.10733698506146502, 0.11906520267310157, 0.16333132558682473, 0.129325912095545, 0.21055366789598856, 0.10348788485387603, 0.20611713706090432, 0.11934366267863783, 0.12102112887238052, 0.15243948335511867, 0.37382254510503116, 0.11807579030029479, 0.17733285836813825, 0.088822852259701643, 0.10004116368072008, 0.18408828918004724, 0.10073844056068564], 'fneg': array([1, 1, 1, 1, 1, 1, 1, 1, 1, 1, 1, 1, 0, 1, 1, 1, 1, 1, 1, 1, 1, 0, 1,
       1, 1, 1, 0, 1, 1, 1, 1, 0, 0, 1, 2, 1, 1, 0, 1, 0, 0, 0, 1, 0, 1, 0,
       0, 1, 1, 1, 1, 0, 1, 1, 1, 1, 1, 1, 1, 0, 0, 1, 0]), 'sensitivity': array([1, 1, 1, 1, 1, 1, 1, 1, 1, 1, 1, 1, 1, 1, 1, 1, 1, 1, 1, 1, 1, 1, 1,
       1, 1, 1, 1, 1, 1, 1, 1, 1, 1, 1, 1, 1, 1, 1, 1, 1, 1, 1, 1, 1, 1, 1,
       1, 1, 1, 1, 1, 1, 1, 1, 1, 1, 1, 1, 1, 1, 1, 1, 1]), 'tpos': array([1, 1, 1, 1, 1, 1, 1, 1, 1, 1, 1, 1, 2, 1, 1, 1, 1, 1, 1, 1, 1, 2, 1,
       1, 1, 1, 2, 1, 1, 1, 1, 2, 2, 1, 0, 1, 1, 2, 1, 2, 2, 2, 1, 2, 1, 2,
       2, 1, 1, 1, 1, 2, 1, 1, 1, 1, 1, 1, 1, 2, 2, 1, 2])}, {'specificity': array([0.875, 0.6875, 0.96875, 0.53125, 0.5, 0.828125, 0.921875, 0.859375,
       0.546875, 0.1875, 0.40625, 0.75, 0.984375, 0.90625, 0.703125,
       0.765625, 0.390625, 0.34375, 0.78125, 0.9375, 0.46875, 0.296875,
       0.203125, 0.265625, 0.734375, 0.671875, 0.078125, 0.03125, 0.890625,
       0.953125, 1.0, 0.84375, 0.71875, 0.65625, 0.59375, 0.125, 0.21875,
       0.171875, 0.421875, 0.359375, 0.0625, 0.015625, 0.25, 0.484375,
       0.4375, 0.046875, 0.09375, 0.328125, 0.5625, 0.640625, 0.140625,
       0.625, 0.609375, 0.3125, 0.234375, 0.515625, 0.578125, 0.796875,
       0.28125, 0.8125, 0.453125, 0.15625, 0.375, 0.109375]), 'tneg': array([ 8,  6, 10,  4,  4,  8, 10,  8,  4,  1,  4,  7, 10, 10,  6,  7,  3,
        1,  7, 10,  4,  1,  1,  1,  6,  6,  1,  1, 10, 10, 10,  8,  6,  6,
        5,  1,  1,  1,  4,  1,  1,  0,  1,  4,  4,  1,  1,  1,  5,  5,  1,
        5,  5,  1,  1,  4,  5,  8,  1,  8,  4,  1,  2,  1]), 'fpos': array([ 3,  5,  1,  7,  7,  3,  1,  3,  7, 10,  7,  4,  1,  1,  5,  4,  8,
       10,  4,  1,  7, 10, 10, 10,  5,  5, 10, 10,  1,  1,  1,  3,  5,  5,
        6, 10, 10, 10,  7, 10, 10, 11, 10,  7,  7, 10, 10, 10,  6,  6, 10,
        6,  6, 10, 10,  7,  6,  3, 10,  3,  7, 10,  9, 10]), 'threshold': [0.37788040469587364, 0.18928147718128621, 0.87765846368542288, 0.1296375330307829, 0.12644075291324378, 0.26321276908095553, 0.61575023213790225, 0.35151886815122191, 0.13382333780308406, 0.090986738285064969, 0.1195435711924227, 0.20368379833389666, 0.88411749009146656, 0.45047007322941429, 0.19460942724218172, 0.21024309357588517, 0.11099099990052148, 0.1007337320997562, 0.21707134884380189, 0.69367536259415452, 0.12435337462355903, 0.096156333251704765, 0.091341521099603501, 0.095516707562685613, 0.19656475208728191, 0.18719631713434673, 0.081577501169903602, 0.067001258268140546, 0.44647712890440922, 0.79078176235487252, 0.96828189001133758, 0.28981377901251865, 0.19527382048633329, 0.15788033942396904, 0.14496350746072598, 0.08316647947671596, 0.092026550809799226, 0.090057918211518415, 0.11973199967654785, 0.10325708384796076, 0.080930114332783534, 0.057909559820201954, 0.094426429981972176, 0.12588760962022774, 0.12058230548326848, 0.078940681730152562, 0.082474181997168314, 0.10048159766940477, 0.14086631037623071, 0.15505511975507352, 0.084276988215884779, 0.14787110103666576, 0.14710980099870877, 0.097053410656835842, 0.093898861105901787, 0.12898710150016404, 0.14363466407113668, 0.24016869538269364, 0.096031357617606505, 0.24206770763020163, 0.12323672405839063, 0.086795953487550703, 0.10897463179268191, 0.083146256249749473], 'fneg': array([1, 0, 4, 0, 0, 1, 2, 1, 0, 0, 0, 0, 4, 2, 0, 1, 0, 0, 1, 3, 0, 0, 0,
       0, 0, 0, 0, 0, 2, 4, 4, 1, 0, 0, 0, 0, 0, 0, 0, 0, 0, 0, 0, 0, 0, 0,
       0, 0, 0, 0, 0, 0, 0, 0, 0, 0, 0, 1, 0, 1, 0, 0, 0, 0]), 'sensitivity': array([1, 1, 1, 1, 1, 1, 1, 1, 1, 1, 1, 1, 1, 1, 1, 1, 1, 1, 1, 1, 1, 1, 1,
       1, 1, 1, 1, 1, 1, 1, 1, 1, 1, 1, 1, 1, 1, 1, 1, 1, 1, 1, 1, 1, 1, 1,
       1, 1, 1, 1, 1, 1, 1, 1, 1, 1, 1, 1, 1, 1, 1, 1, 1, 1]), 'tpos': array([3, 4, 0, 4, 4, 3, 2, 3, 4, 4, 4, 4, 0, 2, 4, 3, 4, 4, 3, 1, 4, 4, 4,
       4, 4, 4, 4, 4, 2, 0, 0, 3, 4, 4, 4, 4, 4, 4, 4, 4, 4, 4, 4, 4, 4, 4,
       4, 4, 4, 4, 4, 4, 4, 4, 4, 4, 4, 3, 4, 3, 4, 4, 4, 4])}], <Model object at 0x00000000000003DC>)
#adalasso
([{'specificity': array([0.9047619, 0.76190476, 0.87301587, 0.93650794, 0.26984127,
       0.88888889, 0.33333333, 0.77777778, 0.22222222, 0.84126984,
       0.63492063, 0.82539683, 0.74603175, 0.19047619, 0.31746032,
       0.79365079, 0.68253968, 0.15873016, 0.23809524, 0.65079365,
       0.12698413, 0.85714286, 0.80952381, 0.95238095, 0.3968254,
       0.50793651, 0.47619048, 0.58730159, 0.49206349, 0.42857143,
       0.6031746, 0.28571429, 0.41269841, 0.20634921, 0.96825397, 1.0,
       0.98412698, 0.031746032, 0.73015873, 0.36507937, 0.53968254,
       0.063492063, 0.46031746, 0.34920635, 0.52380952, 0.015873016,
       0.57142857, 0.17460317, 0.6984127, 0.92063492, 0.079365079,
       0.66666667, 0.14285714, 0.55555556, 0.61904762, 0.71428571,
       0.3015873, 0.44444444, 0.25396825, 0.38095238, 0.095238095,
       0.11111111, 0.047619048]), 'tneg': array([12, 12, 12, 12,  4, 12,  5, 12,  4, 12, 10, 12, 12,  3,  4, 12, 11,
        3,  4, 11,  2, 12, 12, 13,  5,  9,  8, 10,  9,  7, 10,  4,  6,  3,
       13, 14, 14,  0, 11,  5,  9,  1,  8,  5,  9,  0,  9,  3, 11, 12,  1,
       11,  3,  9, 10, 11,  4,  8,  4,  5,  2,  2,  0]), 'fpos': array([ 2,  2,  2,  2, 10,  2,  9,  2, 10,  2,  4,  2,  2, 11, 10,  2,  3,
       11, 10,  3, 12,  2,  2,  1,  9,  5,  6,  4,  5,  7,  4, 10,  8, 11,
        1,  0,  0, 14,  3,  9,  5, 13,  6,  9,  5, 14,  5, 11,  3,  2, 13,
        3, 11,  5,  4,  3, 10,  6, 10,  9, 12, 12, 14]), 'threshold': [0.48758041855736506, 0.3455538589399475, 0.43639037334868064, 0.59454900551736622, 0.16975623930953424, 0.44288653884919743, 0.17615417193044225, 0.35234374065854684, 0.16895990860845028, 0.40665842841152011, 0.26836824907080709, 0.37882241027498709, 0.33633645891797609, 0.16292846689928006, 0.17490707677476927, 0.3530050114036401, 0.2901721892798414, 0.15929506291894666, 0.16910320232602571, 0.27348159315046677, 0.15153399259073391, 0.41860758807855591, 0.35704251019697908, 0.63558716030094764, 0.18228157689500904, 0.22575193221975567, 0.21731140628135368, 0.24474421711015823, 0.22047348295955432, 0.20346414967069723, 0.25041194522095783, 0.17102880089481076, 0.19333475518039933, 0.16506405789981124, 0.65919194993201657, 0.81042619629592783, 0.80451262958810887, 0.12024416751478821, 0.31346335763413957, 0.18040024556458928, 0.22946667170586796, 0.12689410753575475, 0.20816134549614748, 0.17739907259456342, 0.22811516136617968, 0.1021970486345378, 0.24333276685031921, 0.16143871081660197, 0.30274096201582157, 0.49653568882090049, 0.13720427163217169, 0.28992935472126485, 0.1560590400559915, 0.23195122621248621, 0.26715823606742656, 0.30435867124832056, 0.17262719215758934, 0.20663414434091568, 0.16956765960850043, 0.18187314182881714, 0.14659474488092525, 0.14787417167085604, 0.12133073651717571], 'fneg': array([2, 2, 2, 2, 1, 2, 1, 2, 1, 2, 1, 2, 2, 1, 1, 2, 1, 1, 1, 1, 0, 2, 2,
       2, 1, 1, 1, 1, 1, 1, 1, 1, 1, 1, 2, 3, 3, 0, 2, 1, 1, 0, 1, 1, 1, 0,
       1, 1, 2, 2, 0, 1, 1, 1, 1, 2, 1, 1, 1, 1, 0, 0, 0]), 'sensitivity': array([1, 1, 1, 1, 1, 1, 1, 1, 1, 1, 1, 1, 1, 1, 1, 1, 1, 1, 1, 1, 1, 1, 1,
       1, 1, 1, 1, 1, 1, 1, 1, 1, 1, 1, 1, 1, 1, 1, 1, 1, 1, 1, 1, 1, 1, 1,
       1, 1, 1, 1, 1, 1, 1, 1, 1, 1, 1, 1, 1, 1, 1, 1, 1]), 'tpos': array([1, 1, 1, 1, 2, 1, 2, 1, 2, 1, 2, 1, 1, 2, 2, 1, 2, 2, 2, 2, 3, 1, 1,
       1, 2, 2, 2, 2, 2, 2, 2, 2, 2, 2, 1, 0, 0, 3, 1, 2, 2, 3, 2, 2, 2, 3,
       2, 2, 1, 1, 3, 2, 2, 2, 2, 1, 2, 2, 2, 2, 3, 3, 3])}, {'specificity': array([0.71875, 0.984375, 0.265625, 0.859375, 0.421875, 0.484375, 0.546875,
       0.5625, 0.828125, 0.8125, 0.625, 0.78125, 0.921875, 0.109375, 0.125,
       0.65625, 0.1875, 0.515625, 0.4375, 0.671875, 0.5, 0.90625, 0.96875,
       0.0625, 0.015625, 0.234375, 0.734375, 0.46875, 0.59375, 0.09375,
       0.3125, 0.40625, 0.203125, 0.328125, 0.703125, 0.953125, 1.0,
       0.046875, 0.84375, 0.296875, 0.140625, 0.75, 0.6875, 0.375, 0.15625,
       0.765625, 0.890625, 0.9375, 0.453125, 0.640625, 0.875, 0.390625,
       0.34375, 0.53125, 0.359375, 0.03125, 0.578125, 0.21875, 0.609375,
       0.28125, 0.796875, 0.171875, 0.25, 0.078125]), 'tneg': array([8, 9, 5, 8, 6, 7, 7, 8, 8, 8, 8, 8, 8, 4, 4, 8, 4, 7, 6, 8, 7, 8, 9,
       4, 1, 5, 8, 6, 8, 4, 5, 6, 4, 5, 8, 9, 9, 3, 8, 5, 4, 8, 8, 5, 4, 8,
       8, 8, 6, 8, 8, 6, 5, 7, 5, 2, 8, 5, 8, 5, 8, 4, 5, 4]), 'fpos': array([1, 0, 4, 1, 3, 2, 2, 1, 1, 1, 1, 1, 1, 5, 5, 1, 5, 2, 3, 1, 2, 1, 0,
       5, 8, 4, 1, 3, 1, 5, 4, 3, 5, 4, 1, 0, 0, 6, 1, 4, 5, 1, 1, 4, 5, 1,
       1, 1, 3, 1, 1, 3, 4, 2, 4, 7, 1, 4, 1, 4, 1, 5, 4, 5]), 'threshold': [0.2973638611169816, 0.8380859019087924, 0.082388060832083637, 0.40443027658911146, 0.10440328645556952, 0.12010379986330079, 0.12668575732739826, 0.14292751479265597, 0.38592406601158974, 0.38209104650878112, 0.21761115305541531, 0.37367226191195679, 0.53226709650837845, 0.064159694337103515, 0.067538945217367044, 0.24590059920383414, 0.075652460643226144, 0.12086660522017823, 0.10522512951000655, 0.26006052635665061, 0.12017774719592779, 0.50719599219219524, 0.81255965862418078, 0.058845893798184258, 0.034241856910362307, 0.078181482866011009, 0.31979201670704699, 0.10709782750765469, 0.17569575460898251, 0.063935086832550017, 0.088901836474845702, 0.10289513711069447, 0.075803002736426026, 0.088942481665409689, 0.28245205073252733, 0.69466649990080009, 0.83946079811337126, 0.052624853583416946, 0.39968889236714361, 0.084999266204239532, 0.070923201109943504, 0.34000860860824611, 0.27464110993439927, 0.093882297623662708, 0.071252259308573387, 0.3644296808846389, 0.44525910231968502, 0.63212349325315564, 0.10576081273144378, 0.23336238475116797, 0.43172455097073181, 0.098244370276582352, 0.0891260287484055, 0.12397199695100609, 0.091751301250026743, 0.041663708043688671, 0.14681436646555948, 0.077758208103940268, 0.18129081236749067, 0.082824675666795425, 0.37709452927391096, 0.073543632470439518, 0.08090042873927801, 0.061639169049028497], 'fneg': array([5, 7, 0, 5, 0, 1, 1, 1, 5, 5, 3, 5, 7, 0, 0, 3, 0, 1, 0, 4, 1, 6, 7,
       0, 0, 0, 5, 0, 1, 0, 0, 0, 0, 0, 5, 7, 7, 0, 5, 0, 0, 5, 5, 0, 0, 5,
       5, 7, 0, 3, 5, 0, 0, 1, 0, 0, 1, 0, 2, 0, 5, 0, 0, 0]), 'sensitivity': array([1, 1, 1, 1, 1, 1, 1, 1, 1, 1, 1, 1, 1, 1, 1, 1, 1, 1, 1, 1, 1, 1, 1,
       1, 1, 1, 1, 1, 1, 1, 1, 1, 1, 1, 1, 1, 1, 1, 1, 1, 1, 1, 1, 1, 1, 1,
       1, 1, 1, 1, 1, 1, 1, 1, 1, 1, 1, 1, 1, 1, 1, 1, 1, 1]), 'tpos': array([2, 0, 7, 2, 7, 6, 6, 6, 2, 2, 4, 2, 0, 7, 7, 4, 7, 6, 7, 3, 6, 1, 0,
       7, 7, 7, 2, 7, 6, 7, 7, 7, 7, 7, 2, 0, 0, 7, 2, 7, 7, 2, 2, 7, 7, 2,
       2, 0, 7, 4, 2, 7, 7, 6, 7, 7, 6, 7, 5, 7, 2, 7, 7, 7])}, {'specificity': array([0.875, 0.859375, 0.921875, 0.984375, 0.890625, 0.90625, 0.703125,
       0.25, 0.34375, 0.65625, 0.8125, 0.6875, 0.53125, 0.734375, 0.15625,
       0.71875, 0.578125, 0.546875, 0.40625, 0.671875, 0.625, 0.84375,
       0.828125, 0.609375, 0.265625, 0.0625, 0.234375, 0.390625, 0.3125,
       0.109375, 0.5, 0.796875, 0.96875, 1.0, 0.328125, 0.9375, 0.28125,
       0.4375, 0.78125, 0.765625, 0.46875, 0.453125, 0.359375, 0.484375,
       0.59375, 0.5625, 0.953125, 0.421875, 0.515625, 0.171875, 0.125,
       0.21875, 0.140625, 0.203125, 0.75, 0.296875, 0.03125, 0.046875,
       0.1875, 0.375, 0.640625, 0.09375, 0.078125, 0.015625]), 'tneg': array([0, 0, 0, 0, 0, 0, 0, 0, 0, 0, 0, 0, 0, 0, 0, 0, 0, 0, 0, 0, 0, 0, 0,
       0, 0, 0, 0, 0, 0, 0, 0, 0, 0, 0, 0, 0, 0, 0, 0, 0, 0, 0, 0, 0, 0, 0,
       0, 0, 0, 0, 0, 0, 0, 0, 0, 0, 0, 0, 0, 0, 0, 0, 0, 0]), 'fpos': array([15, 15, 15, 15, 15, 15, 15, 15, 15, 15, 15, 15, 15, 15, 15, 15, 15,
       15, 15, 15, 15, 15, 15, 15, 15, 15, 15, 15, 15, 15, 15, 15, 15, 15,
       15, 15, 15, 15, 15, 15, 15, 15, 15, 15, 15, 15, 15, 15, 15, 15, 15,
       15, 15, 15, 15, 15, 15, 15, 15, 15, 15, 15, 15, 15]), 'threshold': [0.96126613280226803, 0.96065101548327547, 0.98192030548309672, 0.99743389448199493, 0.96405030174738404, 0.96771252743376002, 0.74531656491013765, 0.0048688399631195735, 0.016979688216994807, 0.13406266025392705, 0.92384973792065772, 0.17088692746176806, 0.049514578817702166, 0.86733807372787219, 0.00052166900204283215, 0.8531109753587538, 0.068526495248067948, 0.056257765589953025, 0.020122509813769313, 0.14308976117655686, 0.084524988344407997, 0.95354302210922159, 0.94214593827393556, 0.079538809248915654, 0.005418803810641617, 2.8051906710214742e-05, 0.0030648184413328864, 0.019748487131997009, 0.015756605659048524, 0.00012283942729762723, 0.045448659811603044, 0.92058020395375106, 0.98978761863765641, 0.99994574310507001, 0.016644437885001816, 0.98416307963145555, 0.010016993762677303, 0.02799893236028602, 0.90446396421358177, 0.8865456466129692, 0.040832249449824755, 0.039505200159179563, 0.017026336076778045, 0.045282207280019922, 0.072166679930312658, 0.066269184038744475, 0.98433242785697017, 0.021100247374530146, 0.046647542788944667, 0.00072195048741273632, 0.00030007607201794513, 0.0026522552499374076, 0.00031369143144475552, 0.001252288871706881, 0.87539224933422677, 0.011592827161648977, 7.4584944927872576e-06, 1.6713980188847735e-05, 0.0011052224896988599, 0.018959907790180464, 0.091319884040074309, 4.6830232152922243e-05, 3.2020197755402428e-05, 1.0406320179812343e-06], 'fneg': array([0, 0, 0, 0, 0, 0, 0, 0, 0, 0, 0, 0, 0, 0, 0, 0, 0, 0, 0, 0, 0, 0, 0,
       0, 0, 0, 0, 0, 0, 0, 0, 0, 0, 0, 0, 0, 0, 0, 0, 0, 0, 0, 0, 0, 0, 0,
       0, 0, 0, 0, 0, 0, 0, 0, 0, 0, 0, 0, 0, 0, 0, 0, 0, 0]), 'sensitivity': array([1, 1, 1, 1, 1, 1, 1, 1, 1, 1, 1, 1, 1, 1, 1, 1, 1, 1, 1, 1, 1, 1, 1,
       1, 1, 1, 1, 1, 1, 1, 1, 1, 1, 1, 1, 1, 1, 1, 1, 1, 1, 1, 1, 1, 1, 1,
       1, 1, 1, 1, 1, 1, 1, 1, 1, 1, 1, 1, 1, 1, 1, 1, 1, 1]), 'tpos': array([1, 1, 1, 1, 1, 1, 1, 1, 1, 1, 1, 1, 1, 1, 1, 1, 1, 1, 1, 1, 1, 1, 1,
       1, 1, 1, 1, 1, 1, 1, 1, 1, 1, 1, 1, 1, 1, 1, 1, 1, 1, 1, 1, 1, 1, 1,
       1, 1, 1, 1, 1, 1, 1, 1, 1, 1, 1, 1, 1, 1, 1, 1, 1, 1])}, {'specificity': array([0.953125, 0.796875, 0.671875, 1.0, 0.984375, 0.21875, 0.84375,
       0.390625, 0.75, 0.484375, 0.765625, 0.53125, 0.625, 0.828125,
       0.46875, 0.8125, 0.890625, 0.90625, 0.046875, 0.734375, 0.4375,
       0.28125, 0.1875, 0.265625, 0.78125, 0.65625, 0.140625, 0.15625,
       0.078125, 0.703125, 0.125, 0.640625, 0.5625, 0.328125, 0.71875,
       0.359375, 0.609375, 0.9375, 0.96875, 0.921875, 0.203125, 0.515625,
       0.34375, 0.3125, 0.234375, 0.03125, 0.546875, 0.25, 0.09375, 0.6875,
       0.015625, 0.578125, 0.59375, 0.453125, 0.109375, 0.375, 0.171875,
       0.875, 0.296875, 0.859375, 0.5, 0.421875, 0.40625, 0.0625]), 'tneg': array([0, 0, 0, 0, 0, 0, 0, 0, 0, 0, 0, 0, 0, 0, 0, 0, 0, 0, 0, 0, 0, 0, 0,
       0, 0, 0, 0, 0, 0, 0, 0, 0, 0, 0, 0, 0, 0, 0, 0, 0, 0, 0, 0, 0, 0, 0,
       0, 0, 0, 0, 0, 0, 0, 0, 0, 0, 0, 0, 0, 0, 0, 0, 0, 0]), 'fpos': array([10, 10, 10, 10, 10, 10, 10, 10, 10, 10, 10, 10, 10, 10, 10, 10, 10,
       10, 10, 10, 10, 10, 10, 10, 10, 10, 10, 10, 10, 10, 10, 10, 10, 10,
       10, 10, 10, 10, 10, 10, 10, 10, 10, 10, 10, 10, 10, 10, 10, 10, 10,
       10, 10, 10, 10, 10, 10, 10, 10, 10, 10, 10, 10, 10]), 'threshold': [0.49177130581912054, 0.29715673733029369, 0.22616233889667894, 0.74745495649571536, 0.73966622350852473, 0.11158884124796831, 0.35797915185351281, 0.14336771510614885, 0.28624805030379941, 0.16792278834199628, 0.28740350220721483, 0.17652800739409863, 0.20343163368281836, 0.34710031386677204, 0.16739918197539044, 0.34104817863596171, 0.40444744337260835, 0.43709918839414325, 0.086275935622955047, 0.28537958513094225, 0.15658113630572942, 0.1259361599190276, 0.10888617435471538, 0.12552067781831217, 0.28836039231958333, 0.22563800382174853, 0.10366623732862407, 0.10402182921337726, 0.091008994083341663, 0.2555328085888251, 0.10105051549073814, 0.20572495496260618, 0.18568916279057721, 0.13290585211581357, 0.27263005874350582, 0.13947074220326383, 0.19557015505544406, 0.46725003757197492, 0.59842312853017365, 0.45957170371849126, 0.11141841640803157, 0.17507245421998166, 0.13442140443939085, 0.13215020920138412, 0.11269066381613471, 0.085318022249173495, 0.18459646979826247, 0.11345241044000838, 0.10038029477345339, 0.23611725975226425, 0.084805878366193091, 0.18667347950339003, 0.19200953152176742, 0.15843292817206073, 0.10048945256396907, 0.14060854008918455, 0.1087847699893594, 0.36563724199479797, 0.13111402552116119, 0.36401946476372649, 0.17438728463064909, 0.15038235269695896, 0.14622115043186523, 0.089481785956309415], 'fneg': array([0, 0, 0, 0, 0, 0, 0, 0, 0, 0, 0, 0, 0, 0, 0, 0, 0, 0, 0, 0, 0, 0, 0,
       0, 0, 0, 0, 0, 0, 0, 0, 0, 0, 0, 0, 0, 0, 0, 0, 0, 0, 0, 0, 0, 0, 0,
       0, 0, 0, 0, 0, 0, 0, 0, 0, 0, 0, 0, 0, 0, 0, 0, 0, 0]), 'sensitivity': array([1, 1, 1, 1, 1, 1, 1, 1, 1, 1, 1, 1, 1, 1, 1, 1, 1, 1, 1, 1, 1, 1, 1,
       1, 1, 1, 1, 1, 1, 1, 1, 1, 1, 1, 1, 1, 1, 1, 1, 1, 1, 1, 1, 1, 1, 1,
       1, 1, 1, 1, 1, 1, 1, 1, 1, 1, 1, 1, 1, 1, 1, 1, 1, 1]), 'tpos': array([6, 6, 6, 6, 6, 6, 6, 6, 6, 6, 6, 6, 6, 6, 6, 6, 6, 6, 6, 6, 6, 6, 6,
       6, 6, 6, 6, 6, 6, 6, 6, 6, 6, 6, 6, 6, 6, 6, 6, 6, 6, 6, 6, 6, 6, 6,
       6, 6, 6, 6, 6, 6, 6, 6, 6, 6, 6, 6, 6, 6, 6, 6, 6, 6])}, {'specificity': array([0.81538462, 0.92307692, 0.46153846, 1.0, 0.95384615, 0.52307692,
       0.75384615, 0.72307692, 0.36923077, 0.56923077, 0.35384615,
       0.63076923, 0.84615385, 0.93846154, 0.53846154, 0.50769231,
       0.78461538, 0.61538462, 0.4, 0.64615385, 0.30769231, 0.67692308,
       0.89230769, 0.96923077, 0.6, 0.27692308, 0.12307692, 0.44615385,
       0.58461538, 0.43076923, 0.16923077, 0.076923077, 0.33846154,
       0.24615385, 0.83076923, 0.87692308, 0.98461538, 0.015384615,
       0.23076923, 0.15384615, 0.8, 0.70769231, 0.18461538, 0.26153846,
       0.55384615, 0.66153846, 0.76923077, 0.90769231, 0.73846154,
       0.69230769, 0.32307692, 0.10769231, 0.21538462, 0.2, 0.49230769,
       0.29230769, 0.38461538, 0.061538462, 0.47692308, 0.41538462,
       0.030769231, 0.86153846, 0.092307692, 0.13846154, 0.046153846]), 'tneg': array([0, 0, 0, 0, 0, 0, 0, 0, 0, 0, 0, 0, 0, 0, 0, 0, 0, 0, 0, 0, 0, 0, 0,
       0, 0, 0, 0, 0, 0, 0, 0, 0, 0, 0, 0, 0, 0, 0, 0, 0, 0, 0, 0, 0, 0, 0,
       0, 0, 0, 0, 0, 0, 0, 0, 0, 0, 0, 0, 0, 0, 0, 0, 0, 0, 0]), 'fpos': array([11, 11, 11, 11, 11, 11, 11, 11, 11, 11, 11, 11, 11, 11, 11, 11, 11,
       11, 11, 11, 11, 11, 11, 11, 11, 11, 11, 11, 11, 11, 11, 11, 11, 11,
       11, 11, 11, 11, 11, 11, 11, 11, 11, 11, 11, 11, 11, 11, 11, 11, 11,
       11, 11, 11, 11, 11, 11, 11, 11, 11, 11, 11, 11, 11, 11]), 'threshold': [0.34901325284988682, 0.48700187586101218, 0.15236225588237598, 0.90962177832003321, 0.80977768111042014, 0.16180380056564314, 0.28290690099021848, 0.25837551244992302, 0.13468541058541872, 0.17376923992312426, 0.13209795249955381, 0.19064335243691774, 0.42973822787463523, 0.68526972043906331, 0.16620980348643374, 0.15977487937948218, 0.31703306040143592, 0.18528776450598156, 0.14309809646393734, 0.19091986954854862, 0.11725299068435872, 0.19243923301877533, 0.47468673601276912, 0.87600127130819072, 0.17613402445534582, 0.10396306806258514, 0.081477304126585159, 0.15146139817351917, 0.1748819905618817, 0.15140286005352482, 0.083140405713183999, 0.072406867931064725, 0.12613793596175821, 0.096831144534688454, 0.35929021547037526, 0.45584206435415342, 0.89047412205713039, 0.043864484254346463, 0.093143426953831876, 0.082040532485288295, 0.34048097449508896, 0.24792626465232032, 0.083778497717061751, 0.10347966450214789, 0.17221276865934707, 0.19243493050315688, 0.28433703658168602, 0.48333374198343854, 0.26812784645947296, 0.20729070942512695, 0.12266915635460934, 0.0808509314877848, 0.091228826470667962, 0.086708351668516037, 0.15814127286040111, 0.10703900022578317, 0.13898366801491344, 0.067925173433266622, 0.15418459384804206, 0.15015222721119678, 0.055341349143559225, 0.4440240876284739, 0.075194199968400044, 0.081679647578188866, 0.057061748524071747], 'fneg': array([0, 0, 0, 0, 0, 0, 0, 0, 0, 0, 0, 0, 0, 0, 0, 0, 0, 0, 0, 0, 0, 0, 0,
       0, 0, 0, 0, 0, 0, 0, 0, 0, 0, 0, 0, 0, 0, 0, 0, 0, 0, 0, 0, 0, 0, 0,
       0, 0, 0, 0, 0, 0, 0, 0, 0, 0, 0, 0, 0, 0, 0, 0, 0, 0, 0]), 'sensitivity': array([1, 1, 1, 1, 1, 1, 1, 1, 1, 1, 1, 1, 1, 1, 1, 1, 1, 1, 1, 1, 1, 1, 1,
       1, 1, 1, 1, 1, 1, 1, 1, 1, 1, 1, 1, 1, 1, 1, 1, 1, 1, 1, 1, 1, 1, 1,
       1, 1, 1, 1, 1, 1, 1, 1, 1, 1, 1, 1, 1, 1, 1, 1, 1, 1, 1]), 'tpos': array([4, 4, 4, 4, 4, 4, 4, 4, 4, 4, 4, 4, 4, 4, 4, 4, 4, 4, 4, 4, 4, 4, 4,
       4, 4, 4, 4, 4, 4, 4, 4, 4, 4, 4, 4, 4, 4, 4, 4, 4, 4, 4, 4, 4, 4, 4,
       4, 4, 4, 4, 4, 4, 4, 4, 4, 4, 4, 4, 4, 4, 4, 4, 4, 4, 4])}], <Model object at 0x0000000000000708>)
#adalasso
([{'specificity': array([0.93650794, 0.77777778, 0.96825397, 0.44444444, 0.71428571,
       0.58730159, 0.74603175, 0.36507937, 0.61904762, 0.92063492,
       0.68253968, 0.98412698, 0.76190476, 0.84126984, 0.73015873,
       0.33333333, 0.28571429, 0.57142857, 0.47619048, 0.25396825,
       0.26984127, 0.015873016, 0.88888889, 0.031746032, 0.063492063,
       0.34920635, 0.9047619, 0.17460317, 0.6031746, 0.42857143,
       0.50793651, 0.55555556, 0.49206349, 0.95238095, 1.0, 0.6984127,
       0.80952381, 0.079365079, 0.65079365, 0.20634921, 0.15873016,
       0.53968254, 0.79365079, 0.3968254, 0.31746032, 0.095238095,
       0.38095238, 0.11111111, 0.22222222, 0.047619048, 0.19047619,
       0.3015873, 0.52380952, 0.12698413, 0.23809524, 0.66666667,
       0.85714286, 0.14285714, 0.41269841, 0.87301587, 0.82539683,
       0.63492063, 0.46031746]), 'tneg': array([0, 0, 0, 0, 0, 0, 0, 0, 0, 0, 0, 0, 0, 0, 0, 0, 0, 0, 0, 0, 0, 0, 0,
       0, 0, 0, 0, 0, 0, 0, 0, 0, 0, 0, 0, 0, 0, 0, 0, 0, 0, 0, 0, 0, 0, 0,
       0, 0, 0, 0, 0, 0, 0, 0, 0, 0, 0, 0, 0, 0, 0, 0, 0]), 'fpos': array([10, 10, 10, 10, 10, 10, 10, 10, 10, 10, 10, 10, 10, 10, 10, 10, 10,
       10, 10, 10, 10, 10, 10, 10, 10, 10, 10, 10, 10, 10, 10, 10, 10, 10,
       10, 10, 10, 10, 10, 10, 10, 10, 10, 10, 10, 10, 10, 10, 10, 10, 10,
       10, 10, 10, 10, 10, 10, 10, 10, 10, 10, 10, 10]), 'threshold': [0.35807505816562868, 0.29687791858030976, 0.51330464293570599, 0.1862622570650144, 0.26098321734956659, 0.20768095155712874, 0.27594542056529864, 0.1780248138663629, 0.22467011531894918, 0.34936395056800773, 0.25119431971560557, 0.61517365742305552, 0.28956175898209502, 0.31463549443337807, 0.26347654532292147, 0.16499910223312214, 0.15866468503484782, 0.20349220539537463, 0.18971449053893524, 0.15766845980621044, 0.15779653381456021, 0.10984894001204858, 0.33245687302147781, 0.11035544168478517, 0.11807730325603842, 0.16731400580132189, 0.34517507551094812, 0.13456754033934437, 0.21906220159907772, 0.18569707317932224, 0.19214840673849418, 0.19884469094937268, 0.19076898239656834, 0.39892560209934169, 0.6801330393453322, 0.25531262113758257, 0.30596465603235934, 0.11824686794946721, 0.24473956394377217, 0.14560469462958592, 0.13330664590467786, 0.19462469375294544, 0.30053464255861201, 0.18449548486179204, 0.16242693084633064, 0.11901245999730283, 0.17877167160323923, 0.12708559203210054, 0.14627435193532409, 0.11130543001936406, 0.13981624241023019, 0.15867179675136703, 0.19351158135058622, 0.12750886927111776, 0.15352324300508052, 0.24775857976975313, 0.32494079443075385, 0.13259164461695835, 0.18498230216053699, 0.32585064924711449, 0.30694660202934537, 0.22940152303394351, 0.18959966523232094], 'fneg': array([0, 0, 0, 0, 0, 0, 0, 0, 0, 0, 0, 0, 0, 0, 0, 0, 0, 0, 0, 0, 0, 0, 0,
       0, 0, 0, 0, 0, 0, 0, 0, 0, 0, 0, 0, 0, 0, 0, 0, 0, 0, 0, 0, 0, 0, 0,
       0, 0, 0, 0, 0, 0, 0, 0, 0, 0, 0, 0, 0, 0, 0, 0, 0]), 'sensitivity': array([1, 1, 1, 1, 1, 1, 1, 1, 1, 1, 1, 1, 1, 1, 1, 1, 1, 1, 1, 1, 1, 1, 1,
       1, 1, 1, 1, 1, 1, 1, 1, 1, 1, 1, 1, 1, 1, 1, 1, 1, 1, 1, 1, 1, 1, 1,
       1, 1, 1, 1, 1, 1, 1, 1, 1, 1, 1, 1, 1, 1, 1, 1, 1]), 'tpos': array([7, 7, 7, 7, 7, 7, 7, 7, 7, 7, 7, 7, 7, 7, 7, 7, 7, 7, 7, 7, 7, 7, 7,
       7, 7, 7, 7, 7, 7, 7, 7, 7, 7, 7, 7, 7, 7, 7, 7, 7, 7, 7, 7, 7, 7, 7,
       7, 7, 7, 7, 7, 7, 7, 7, 7, 7, 7, 7, 7, 7, 7, 7, 7])}, {'specificity': array([0.859375, 0.84375, 0.921875, 0.890625, 1.0, 0.984375, 0.375, 0.875,
       0.828125, 0.0625, 0.71875, 0.734375, 0.75, 0.40625, 0.8125, 0.78125,
       0.328125, 0.625, 0.609375, 0.34375, 0.796875, 0.203125, 0.3125,
       0.59375, 0.96875, 0.234375, 0.109375, 0.15625, 0.546875, 0.265625,
       0.65625, 0.4375, 0.9375, 0.046875, 0.53125, 0.09375, 0.140625,
       0.015625, 0.640625, 0.46875, 0.1875, 0.765625, 0.125, 0.03125,
       0.90625, 0.515625, 0.5, 0.5625, 0.296875, 0.453125, 0.484375,
       0.671875, 0.578125, 0.703125, 0.171875, 0.28125, 0.6875, 0.421875,
       0.390625, 0.21875, 0.953125, 0.25, 0.359375, 0.078125]), 'tneg': array([ 8,  8, 10,  8, 10, 10,  1,  8,  8,  1,  8,  8,  8,  2,  8,  8,  1,
        8,  8,  1,  8,  1,  1,  7, 10,  1,  1,  1,  6,  1,  8,  2, 10,  0,
        6,  1,  1,  0,  8,  3,  1,  8,  1,  0,  8,  6,  5,  6,  1,  3,  5,
        8,  6,  8,  1,  1,  8,  2,  2,  1, 10,  1,  1,  1]), 'fpos': array([ 3,  3,  1,  3,  1,  1, 10,  3,  3, 10,  3,  3,  3,  9,  3,  3, 10,
        3,  3, 10,  3, 10, 10,  4,  1, 10, 10, 10,  5, 10,  3,  9,  1, 11,
        5, 10, 10, 11,  3,  8, 10,  3, 10, 11,  3,  5,  6,  5, 10,  8,  6,
        3,  5,  3, 10, 10,  3,  9,  9, 10,  1, 10, 10, 10]), 'threshold': [0.31895965088650624, 0.318666386728096, 0.49494373759123333, 0.36403556016436689, 0.71982488237402831, 0.60636935422723115, 0.15167198098524989, 0.32209682621996, 0.31259185926616068, 0.12665456872517297, 0.26814854600895732, 0.26966843394891221, 0.27178663741740283, 0.15358636076735993, 0.3007869372459811, 0.27609082742218444, 0.14906596784190282, 0.18972822250132776, 0.18849684539670086, 0.14974765579958618, 0.27749789979194411, 0.13681716225435575, 0.14834508082618705, 0.18607028551624785, 0.56850306905453407, 0.13788402772251848, 0.13212970353424, 0.1338167855522385, 0.16983538202895801, 0.14074301491578492, 0.19869689043438923, 0.15541617191717419, 0.54688399618823891, 0.12384107334036947, 0.16701919229137255, 0.1276911297320695, 0.13367659125612572, 0.11342375639507972, 0.19456983553459917, 0.15708618136269775, 0.13531007234916509, 0.27470153132376612, 0.13289837101443863, 0.11368380069838785, 0.37109470207563211, 0.1655575638169367, 0.16233670500138941, 0.1786228242301254, 0.14162076928640399, 0.15608455264035645, 0.16209863998880159, 0.19895926634196856, 0.18108258615498277, 0.23319443057546171, 0.13481362314719245, 0.14094546537506994, 0.22896561922877662, 0.15442488532563986, 0.15235785982230324, 0.13711501667328582, 0.55731495032410072, 0.14020406318492379, 0.15117408875982588, 0.12756116467456996], 'fneg': array([3, 3, 3, 3, 5, 3, 1, 3, 3, 0, 2, 2, 2, 1, 2, 2, 1, 1, 1, 1, 2, 1, 1,
       1, 3, 1, 0, 1, 1, 1, 1, 1, 3, 0, 1, 0, 1, 0, 1, 1, 1, 2, 0, 0, 3, 1,
       1, 1, 1, 1, 1, 1, 1, 2, 1, 1, 2, 1, 1, 1, 3, 1, 1, 0]), 'sensitivity': array([1, 1, 1, 1, 1, 1, 1, 1, 1, 1, 1, 1, 1, 1, 1, 1, 1, 1, 1, 1, 1, 1, 1,
       1, 1, 1, 1, 1, 1, 1, 1, 1, 1, 1, 1, 1, 1, 1, 1, 1, 1, 1, 1, 1, 1, 1,
       1, 1, 1, 1, 1, 1, 1, 1, 1, 1, 1, 1, 1, 1, 1, 1, 1, 1]), 'tpos': array([2, 2, 2, 2, 0, 2, 4, 2, 2, 5, 3, 3, 3, 4, 3, 3, 4, 4, 4, 4, 3, 4, 4,
       4, 2, 4, 5, 4, 4, 4, 4, 4, 2, 5, 4, 5, 4, 5, 4, 4, 4, 3, 5, 5, 2, 4,
       4, 4, 4, 4, 4, 4, 4, 3, 4, 4, 3, 4, 4, 4, 2, 4, 4, 5])}, {'specificity': array([0.578125, 0.96875, 0.890625, 0.90625, 0.421875, 0.6875, 0.84375,
       0.34375, 0.78125, 0.65625, 0.625, 0.5, 0.921875, 0.828125, 0.9375,
       0.1875, 0.484375, 0.609375, 0.203125, 0.59375, 0.09375, 0.375,
       0.015625, 0.140625, 0.046875, 0.265625, 0.671875, 0.515625, 0.28125,
       0.390625, 0.078125, 0.546875, 0.859375, 0.984375, 1.0, 0.953125,
       0.53125, 0.796875, 0.125, 0.71875, 0.25, 0.109375, 0.5625, 0.765625,
       0.296875, 0.8125, 0.21875, 0.875, 0.453125, 0.46875, 0.3125, 0.0625,
       0.234375, 0.328125, 0.171875, 0.703125, 0.40625, 0.734375, 0.359375,
       0.03125, 0.75, 0.640625, 0.4375, 0.15625]), 'tneg': array([ 8, 12, 11, 11,  8, 10, 11,  6, 11, 10, 10,  8, 11, 11, 11,  4,  8,
        8,  4,  8,  1,  7,  1,  3,  1,  6, 10,  8,  6,  7,  1,  8, 11, 12,
       13, 11,  8, 11,  1, 10,  6,  1,  8, 10,  6, 11,  5, 11,  8,  8,  6,
        1,  5,  6,  4, 10,  8, 10,  6,  1, 10, 10,  8,  3]), 'fpos': array([ 5,  1,  2,  2,  5,  3,  2,  7,  2,  3,  3,  5,  2,  2,  2,  9,  5,
        5,  9,  5, 12,  6, 12, 10, 12,  7,  3,  5,  7,  6, 12,  5,  2,  1,
        0,  2,  5,  2, 12,  3,  7, 12,  5,  3,  7,  2,  8,  2,  5,  5,  7,
       12,  8,  7,  9,  3,  5,  3,  7, 12,  3,  3,  5, 10]), 'threshold': [0.27155554058522657, 0.63405463963366104, 0.50252948260637798, 0.50497134561245927, 0.22943174677966025, 0.31589636593444048, 0.46528977832654544, 0.1850095850630239, 0.38479980773981454, 0.31362965065019721, 0.29564501109283026, 0.25172968540547652, 0.50511675772616227, 0.4216581887525363, 0.55718146252055101, 0.15978108272349356, 0.25163076424034769, 0.28016635399529927, 0.16234672274922748, 0.27604412417842322, 0.13363785286937538, 0.20447996793844162, 0.10668101682062935, 0.14697256366810696, 0.11955836832232161, 0.17543382414033837, 0.31439165320994777, 0.25441465565122651, 0.17586475248355546, 0.21499099276645192, 0.12314298376111171, 0.26229264145577164, 0.48590373516966284, 0.68561490751694765, 0.80206592307639257, 0.57803442032848984, 0.25969391711349604, 0.39211199637139321, 0.14055133003815715, 0.32528853833885008, 0.17532286646784642, 0.13938938448427146, 0.2659482329869618, 0.34447538030698038, 0.17630343299509996, 0.4147108515861701, 0.16544106290203528, 0.48610761342135461, 0.23834179407990469, 0.25028679561352651, 0.17776230341375288, 0.12034589225861071, 0.169007460512382, 0.18485625825263716, 0.15383691654614137, 0.31857683234417972, 0.22902497061393354, 0.3403718754547202, 0.1920052769806993, 0.10857206309311389, 0.34206301688760887, 0.29969411095868609, 0.23543506984191881, 0.14751803624620377], 'fneg': array([1, 3, 2, 2, 1, 2, 2, 1, 2, 2, 2, 1, 2, 2, 3, 0, 1, 1, 1, 1, 0, 1, 0,
       0, 0, 1, 2, 1, 1, 1, 0, 1, 2, 3, 3, 3, 1, 2, 0, 2, 1, 0, 1, 2, 1, 2,
       1, 2, 1, 1, 1, 0, 1, 1, 0, 2, 1, 2, 1, 0, 2, 2, 1, 0]), 'sensitivity': array([1, 1, 1, 1, 1, 1, 1, 1, 1, 1, 1, 1, 1, 1, 1, 1, 1, 1, 1, 1, 1, 1, 1,
       1, 1, 1, 1, 1, 1, 1, 1, 1, 1, 1, 1, 1, 1, 1, 1, 1, 1, 1, 1, 1, 1, 1,
       1, 1, 1, 1, 1, 1, 1, 1, 1, 1, 1, 1, 1, 1, 1, 1, 1, 1]), 'tpos': array([2, 0, 1, 1, 2, 1, 1, 2, 1, 1, 1, 2, 1, 1, 0, 3, 2, 2, 2, 2, 3, 2, 3,
       3, 3, 2, 1, 2, 2, 2, 3, 2, 1, 0, 0, 0, 2, 1, 3, 1, 2, 3, 2, 1, 2, 1,
       2, 1, 2, 2, 2, 3, 2, 2, 3, 1, 2, 1, 2, 3, 1, 1, 2, 3])}, {'specificity': array([0.78125, 0.578125, 0.828125, 0.90625, 0.96875, 0.9375, 0.71875,
       0.75, 0.3125, 0.6875, 0.609375, 0.984375, 0.875, 0.796875, 0.671875,
       0.703125, 0.65625, 0.4375, 0.1875, 0.21875, 0.046875, 0.421875,
       0.953125, 0.203125, 0.03125, 0.34375, 0.625, 0.296875, 0.234375,
       0.28125, 0.140625, 0.328125, 0.40625, 0.8125, 0.890625, 0.921875,
       1.0, 0.765625, 0.59375, 0.515625, 0.0625, 0.125, 0.109375, 0.53125,
       0.546875, 0.734375, 0.15625, 0.015625, 0.84375, 0.46875, 0.375,
       0.453125, 0.171875, 0.078125, 0.5625, 0.390625, 0.359375, 0.640625,
       0.484375, 0.265625, 0.5, 0.859375, 0.25, 0.09375]), 'tneg': array([11,  8, 12, 12, 12, 12, 10, 11,  3, 10,  8, 12, 12, 12,  8, 10,  8,
        7,  1,  2,  0,  7, 12,  2,  0,  4,  8,  3,  2,  3,  0,  4,  7, 12,
       12, 12, 12, 11,  8,  8,  0,  0,  0,  8,  8, 10,  0,  0, 12,  8,  5,
        8,  0,  0,  8,  7,  4,  8,  8,  3,  8, 12,  3,  0]), 'fpos': array([ 1,  4,  0,  0,  0,  0,  2,  1,  9,  2,  4,  0,  0,  0,  4,  2,  4,
        5, 11, 10, 12,  5,  0, 10, 12,  8,  4,  9, 10,  9, 12,  8,  5,  0,
        0,  0,  0,  1,  4,  4, 12, 12, 12,  4,  4,  2, 12, 12,  0,  4,  7,
        4, 12, 12,  4,  5,  8,  4,  4,  9,  4,  0,  9, 12]), 'threshold': [0.37133077133020631, 0.21931492654978388, 0.4241368996461376, 0.50211861020738779, 0.60118618729267814, 0.53225443039774856, 0.31378317962764857, 0.35689948751125955, 0.1688569800061088, 0.29828636821894294, 0.23201417390028251, 0.61186763821591039, 0.45951086182468837, 0.38862126712160827, 0.27633962624636738, 0.30183927746956124, 0.26000791215886154, 0.1935615412311415, 0.15248065226602697, 0.15489481016964959, 0.13324038081358208, 0.19356060840848005, 0.54972750012607319, 0.15423307432865216, 0.1274316894463178, 0.18416640975977469, 0.24643279723980471, 0.16473268484807976, 0.15846326900739827, 0.164372955385481, 0.14924216932529016, 0.18308506092752952, 0.19247400498094702, 0.3913513883878007, 0.49006817757034021, 0.51028814038383985, 0.75069389532947228, 0.37055235310766221, 0.22223075004704598, 0.21059336340520163, 0.13730210961310754, 0.14803127137390329, 0.14140787593479801, 0.21540070711705975, 0.21703237423641811, 0.31596301570826429, 0.15039246273508233, 0.11765357945317996, 0.43756073281175911, 0.20000493116311735, 0.18693847266698793, 0.19553364641765081, 0.15143683173779082, 0.13778736870721703, 0.21730291867247314, 0.19137379564823615, 0.18425533676400979, 0.24966941326110817, 0.20384385646193837, 0.16369698615761383, 0.20737394670145606, 0.45237594026530903, 0.16015678867012057, 0.14011415657379009], 'fneg': array([4, 2, 4, 4, 4, 4, 4, 4, 0, 4, 2, 4, 4, 4, 3, 4, 3, 1, 0, 0, 0, 1, 4,
       0, 0, 0, 3, 0, 0, 0, 0, 0, 1, 4, 4, 4, 4, 4, 2, 2, 0, 0, 0, 2, 2, 4,
       0, 0, 4, 1, 0, 1, 0, 0, 2, 1, 0, 3, 1, 0, 1, 4, 0, 0]), 'sensitivity': array([1, 1, 1, 1, 1, 1, 1, 1, 1, 1, 1, 1, 1, 1, 1, 1, 1, 1, 1, 1, 1, 1, 1,
       1, 1, 1, 1, 1, 1, 1, 1, 1, 1, 1, 1, 1, 1, 1, 1, 1, 1, 1, 1, 1, 1, 1,
       1, 1, 1, 1, 1, 1, 1, 1, 1, 1, 1, 1, 1, 1, 1, 1, 1, 1]), 'tpos': array([0, 2, 0, 0, 0, 0, 0, 0, 4, 0, 2, 0, 0, 0, 1, 0, 1, 3, 4, 4, 4, 3, 0,
       4, 4, 4, 1, 4, 4, 4, 4, 4, 3, 0, 0, 0, 0, 0, 2, 2, 4, 4, 4, 2, 2, 0,
       4, 4, 0, 3, 4, 3, 4, 4, 2, 3, 4, 1, 3, 4, 3, 0, 4, 4])}, {'specificity': array([0.83076923, 0.75384615, 0.87692308, 0.84615385, 0.93846154,
       0.38461538, 0.64615385, 0.70769231, 0.44615385, 0.61538462,
       0.76923077, 0.46153846, 0.98461538, 0.73846154, 0.67692308,
       0.89230769, 0.27692308, 0.63076923, 0.35384615, 0.36923077,
       0.29230769, 0.56923077, 0.90769231, 0.16923077, 0.21538462,
       0.12307692, 0.26153846, 0.78461538, 0.24615385, 0.50769231,
       0.15384615, 0.30769231, 0.47692308, 0.53846154, 0.4, 0.55384615,
       0.96923077, 1.0, 0.81538462, 0.6, 0.95384615, 0.52307692,
       0.015384615, 0.061538462, 0.2, 0.18461538, 0.030769231, 0.86153846,
       0.69230769, 0.092307692, 0.41538462, 0.046153846, 0.49230769,
       0.43076923, 0.58461538, 0.10769231, 0.23076923, 0.72307692,
       0.32307692, 0.8, 0.13846154, 0.66153846, 0.92307692, 0.33846154,
       0.076923077]), 'tneg': array([0, 0, 0, 0, 0, 0, 0, 0, 0, 0, 0, 0, 0, 0, 0, 0, 0, 0, 0, 0, 0, 0, 0,
       0, 0, 0, 0, 0, 0, 0, 0, 0, 0, 0, 0, 0, 0, 0, 0, 0, 0, 0, 0, 0, 0, 0,
       0, 0, 0, 0, 0, 0, 0, 0, 0, 0, 0, 0, 0, 0, 0, 0, 0, 0, 0]), 'fpos': array([12, 12, 12, 12, 12, 12, 12, 12, 12, 12, 12, 12, 12, 12, 12, 12, 12,
       12, 12, 12, 12, 12, 12, 12, 12, 12, 12, 12, 12, 12, 12, 12, 12, 12,
       12, 12, 12, 12, 12, 12, 12, 12, 12, 12, 12, 12, 12, 12, 12, 12, 12,
       12, 12, 12, 12, 12, 12, 12, 12, 12, 12, 12, 12, 12, 12]), 'threshold': [0.42190584095628475, 0.37834029764033222, 0.44868492117237857, 0.4235994907681947, 0.69300861538235425, 0.16540208512104848, 0.2907823883484868, 0.31575247479765434, 0.18823964374410876, 0.26714699486767735, 0.38432051860331812, 0.20239711557916079, 0.84866480567647329, 0.37184758746267549, 0.31110754017411968, 0.50491895274254084, 0.12657544348617628, 0.28703333195747199, 0.14682913651408339, 0.15364148043105697, 0.12773776160994912, 0.2380019341160233, 0.63084039961654248, 0.088362738334571339, 0.0927390970198156, 0.068261028456651218, 0.11870717638974022, 0.39284819677738397, 0.11736136609922962, 0.20890145510709438, 0.076037073271667532, 0.13146432261966848, 0.20427323234495709, 0.22103203484743481, 0.17133939690956496, 0.22643600283860665, 0.76401341116932064, 0.90049098776731085, 0.41838492024925467, 0.25157818967869788, 0.72926221567630034, 0.22069177071157634, 0.048472633453288207, 0.059529710176653962, 0.092522000384544945, 0.09126511981745665, 0.055749545384950007, 0.44086824252069085, 0.3134649493426046, 0.064292151614865983, 0.17864592183503886, 0.057025531646956298, 0.20596775408660747, 0.18290778302926872, 0.24208098196716599, 0.067998389122622169, 0.10289949409695942, 0.34313734475706348, 0.1347464110220058, 0.41076147936249185, 0.070799530530119809, 0.3050252552346463, 0.64325296871950421, 0.1451259516200292, 0.062803039939030081], 'fneg': array([0, 0, 0, 0, 0, 0, 0, 0, 0, 0, 0, 0, 0, 0, 0, 0, 0, 0, 0, 0, 0, 0, 0,
       0, 0, 0, 0, 0, 0, 0, 0, 0, 0, 0, 0, 0, 0, 0, 0, 0, 0, 0, 0, 0, 0, 0,
       0, 0, 0, 0, 0, 0, 0, 0, 0, 0, 0, 0, 0, 0, 0, 0, 0, 0, 0]), 'sensitivity': array([1, 1, 1, 1, 1, 1, 1, 1, 1, 1, 1, 1, 1, 1, 1, 1, 1, 1, 1, 1, 1, 1, 1,
       1, 1, 1, 1, 1, 1, 1, 1, 1, 1, 1, 1, 1, 1, 1, 1, 1, 1, 1, 1, 1, 1, 1,
       1, 1, 1, 1, 1, 1, 1, 1, 1, 1, 1, 1, 1, 1, 1, 1, 1, 1, 1]), 'tpos': array([3, 3, 3, 3, 3, 3, 3, 3, 3, 3, 3, 3, 3, 3, 3, 3, 3, 3, 3, 3, 3, 3, 3,
       3, 3, 3, 3, 3, 3, 3, 3, 3, 3, 3, 3, 3, 3, 3, 3, 3, 3, 3, 3, 3, 3, 3,
       3, 3, 3, 3, 3, 3, 3, 3, 3, 3, 3, 3, 3, 3, 3, 3, 3, 3, 3])}], <Model object at 0x0000000000000A34>)
#adalasso
([{'specificity': array([0.73015873, 0.87301587, 0.80952381, 0.3968254, 0.12698413,
       0.76190476, 0.79365079, 0.42857143, 0.96825397, 0.41269841,
       0.25396825, 0.63492063, 0.74603175, 0.95238095, 0.68253968,
       0.52380952, 0.85714286, 0.34920635, 0.28571429, 0.84126984,
       0.50793651, 0.36507937, 0.55555556, 0.31746032, 0.58730159,
       0.57142857, 0.71428571, 0.9047619, 0.22222222, 0.17460317,
       0.47619048, 0.61904762, 0.93650794, 0.98412698, 1.0, 0.6984127,
       0.6031746, 0.82539683, 0.23809524, 0.15873016, 0.26984127,
       0.031746032, 0.88888889, 0.77777778, 0.19047619, 0.3015873,
       0.38095238, 0.49206349, 0.46031746, 0.65079365, 0.92063492,
       0.44444444, 0.66666667, 0.14285714, 0.095238095, 0.047619048,
       0.11111111, 0.063492063, 0.33333333, 0.079365079, 0.53968254,
       0.20634921, 0.015873016]), 'tneg': array([0, 0, 0, 0, 0, 0, 0, 0, 0, 0, 0, 0, 0, 0, 0, 0, 0, 0, 0, 0, 0, 0, 0,
       0, 0, 0, 0, 0, 0, 0, 0, 0, 0, 0, 0, 0, 0, 0, 0, 0, 0, 0, 0, 0, 0, 0,
       0, 0, 0, 0, 0, 0, 0, 0, 0, 0, 0, 0, 0, 0, 0, 0, 0]), 'fpos': array([12, 12, 12, 12, 12, 12, 12, 12, 12, 12, 12, 12, 12, 12, 12, 12, 12,
       12, 12, 12, 12, 12, 12, 12, 12, 12, 12, 12, 12, 12, 12, 12, 12, 12,
       12, 12, 12, 12, 12, 12, 12, 12, 12, 12, 12, 12, 12, 12, 12, 12, 12,
       12, 12, 12, 12, 12, 12, 12, 12, 12, 12, 12, 12]), 'threshold': [0.7092316164502136, 0.8999305636806344, 0.80232469829083009, 0.058219169939625989, 0.0031335307691720657, 0.75910379202477885, 0.79471640557478551, 0.059853738647608269, 0.98076003026713943, 0.059038846031502321, 0.020792667156621137, 0.18828184680921373, 0.71458191750095068, 0.96548435030817525, 0.32025829248385135, 0.10495487683709866, 0.88815749371627117, 0.043072063379956144, 0.023612871984590559, 0.83263981660497655, 0.088517485022650499, 0.043792082453079084, 0.13387708734921022, 0.030458522601250464, 0.14838071221610494, 0.14024354125067104, 0.51532475991184046, 0.90147341509439582, 0.018729540169552122, 0.011259416753253454, 0.068356225137025578, 0.17368608952417239, 0.96316380653080547, 0.98796042042890575, 0.99461179316267123, 0.35325495590889938, 0.16605334864472884, 0.81836628415582957, 0.018747684031937734, 0.010617891652512562, 0.021911094251421768, 0.00019751492424964731, 0.90128927575007856, 0.76068985023649194, 0.014521404547459874, 0.027426516369799377, 0.048778323991068934, 0.074276055187402407, 0.06583051867421548, 0.28621737121577751, 0.94487650879211404, 0.06334743559972611, 0.29044814281131492, 0.0080658674682753135, 0.0023806798577965982, 0.00060357224200885927, 0.0025265668782465836, 0.00085237641079142341, 0.034202900665470569, 0.00092197988491341594, 0.11496942552163668, 0.017679071042773404, 4.2616771428472168e-05], 'fneg': array([0, 0, 0, 0, 0, 0, 0, 0, 0, 0, 0, 0, 0, 0, 0, 0, 0, 0, 0, 0, 0, 0, 0,
       0, 0, 0, 0, 0, 0, 0, 0, 0, 0, 0, 0, 0, 0, 0, 0, 0, 0, 0, 0, 0, 0, 0,
       0, 0, 0, 0, 0, 0, 0, 0, 0, 0, 0, 0, 0, 0, 0, 0, 0]), 'sensitivity': array([1, 1, 1, 1, 1, 1, 1, 1, 1, 1, 1, 1, 1, 1, 1, 1, 1, 1, 1, 1, 1, 1, 1,
       1, 1, 1, 1, 1, 1, 1, 1, 1, 1, 1, 1, 1, 1, 1, 1, 1, 1, 1, 1, 1, 1, 1,
       1, 1, 1, 1, 1, 1, 1, 1, 1, 1, 1, 1, 1, 1, 1, 1, 1]), 'tpos': array([5, 5, 5, 5, 5, 5, 5, 5, 5, 5, 5, 5, 5, 5, 5, 5, 5, 5, 5, 5, 5, 5, 5,
       5, 5, 5, 5, 5, 5, 5, 5, 5, 5, 5, 5, 5, 5, 5, 5, 5, 5, 5, 5, 5, 5, 5,
       5, 5, 5, 5, 5, 5, 5, 5, 5, 5, 5, 5, 5, 5, 5, 5, 5])}, {'specificity': array([0.796875, 0.421875, 0.875, 0.984375, 0.890625, 0.78125, 0.671875,
       0.8125, 0.125, 0.734375, 0.84375, 0.96875, 0.765625, 0.859375,
       0.65625, 0.484375, 0.09375, 0.5625, 0.3125, 0.390625, 0.375,
       0.234375, 0.6875, 0.515625, 0.828125, 0.953125, 0.59375, 0.140625,
       0.625, 0.359375, 0.109375, 0.9375, 1.0, 0.71875, 0.578125, 0.0625,
       0.0625, 0.0625, 0.609375, 0.265625, 0.46875, 0.28125, 0.75, 0.25,
       0.171875, 0.4375, 0.203125, 0.921875, 0.453125, 0.703125, 0.34375,
       0.640625, 0.21875, 0.546875, 0.328125, 0.5, 0.078125, 0.15625,
       0.40625, 0.53125, 0.90625, 0.296875, 0.1875, 0.0625]), 'tneg': array([11,  7, 12, 13, 12, 11, 10, 12,  1, 11, 12, 13, 11, 12, 10,  8,  1,
        9,  5,  7,  7,  5, 10,  9, 12, 13,  9,  1,  9,  5,  1, 13, 13, 11,
        9,  0,  0,  0,  9,  5,  8,  5, 11,  5,  2,  7,  5, 13,  7, 11,  5,
       10,  5,  9,  5,  8,  1,  2,  7,  9, 12,  5,  5,  0]), 'fpos': array([ 2,  6,  1,  0,  1,  2,  3,  1, 12,  2,  1,  0,  2,  1,  3,  5, 12,
        4,  8,  6,  6,  8,  3,  4,  1,  0,  4, 12,  4,  8, 12,  0,  0,  2,
        4, 13, 13, 13,  4,  8,  5,  8,  2,  8, 11,  6,  8,  0,  6,  2,  8,
        3,  8,  4,  8,  5, 12, 11,  6,  4,  1,  8,  8, 13]), 'threshold': [0.41997301963909384, 0.23576629328966489, 0.48377101496607466, 0.669603605711521, 0.50204390962917667, 0.40625882676781094, 0.33617873126299896, 0.42534777571809618, 0.20098079558883161, 0.37674156318474122, 0.45502285709506107, 0.61610087558673698, 0.40062011865080632, 0.45868744594723082, 0.32473236956237789, 0.2399134626736659, 0.20039325635381403, 0.28274430966156183, 0.2149503292211831, 0.22902968638253238, 0.22621068793230698, 0.20958927772089209, 0.3364540754204936, 0.24610984515694012, 0.44387303630601294, 0.58393958296364867, 0.2925086537177039, 0.20122397242270412, 0.32082895915731913, 0.2215308583711397, 0.20089882393179739, 0.56204035960172982, 0.7340482092082935, 0.35619428666218472, 0.28388523465363064, 0.20029666098959956, 0.20029666098959956, 0.20029666098959956, 0.30608561416630126, 0.21111729103922056, 0.239585930327084, 0.21289888436676763, 0.38896908315317574, 0.21049592206624229, 0.20311514463460312, 0.23629899627932383, 0.20701601208488255, 0.55085044554883877, 0.23794426376048061, 0.34124704505880904, 0.21789609062693094, 0.32150576357373084, 0.20731196792324391, 0.2710917296663885, 0.21634453101455112, 0.245230668277619, 0.20033701470133575, 0.20309870881955119, 0.23476336602405915, 0.2659752869646429, 0.5144273352512031, 0.2147763359565662, 0.20646451504925709, 0.20029666098959956], 'fneg': array([1, 1, 1, 2, 1, 1, 1, 1, 0, 1, 1, 2, 1, 1, 1, 1, 0, 1, 0, 0, 0, 0, 1,
       1, 1, 2, 1, 0, 1, 0, 0, 2, 3, 1, 1, 0, 0, 0, 1, 0, 1, 0, 1, 0, 0, 1,
       0, 2, 1, 1, 0, 1, 0, 1, 0, 1, 0, 0, 1, 1, 1, 0, 0, 0]), 'sensitivity': array([1, 1, 1, 1, 1, 1, 1, 1, 1, 1, 1, 1, 1, 1, 1, 1, 1, 1, 1, 1, 1, 1, 1,
       1, 1, 1, 1, 1, 1, 1, 1, 1, 1, 1, 1, 1, 1, 1, 1, 1, 1, 1, 1, 1, 1, 1,
       1, 1, 1, 1, 1, 1, 1, 1, 1, 1, 1, 1, 1, 1, 1, 1, 1, 1]), 'tpos': array([2, 2, 2, 1, 2, 2, 2, 2, 3, 2, 2, 1, 2, 2, 2, 2, 3, 2, 3, 3, 3, 3, 2,
       2, 2, 1, 2, 3, 2, 3, 3, 1, 0, 2, 2, 3, 3, 3, 2, 3, 2, 3, 2, 3, 3, 2,
       3, 1, 2, 2, 3, 2, 3, 2, 3, 2, 3, 3, 2, 2, 2, 3, 3, 3])}, {'specificity': array([0.859375, 0.578125, 0.96875, 0.9375, 0.140625, 0.46875, 0.8125,
       0.546875, 0.75, 0.203125, 0.046875, 0.765625, 0.828125, 0.640625,
       0.71875, 0.796875, 0.6875, 0.453125, 0.359375, 0.390625, 0.25,
       0.125, 0.78125, 0.609375, 0.953125, 0.4375, 0.34375, 0.171875,
       0.734375, 0.234375, 0.40625, 0.03125, 0.90625, 0.84375, 0.921875,
       0.984375, 1.0, 0.265625, 0.015625, 0.515625, 0.1875, 0.53125,
       0.15625, 0.28125, 0.421875, 0.5625, 0.078125, 0.671875, 0.625,
       0.890625, 0.484375, 0.59375, 0.296875, 0.328125, 0.3125, 0.65625,
       0.5, 0.09375, 0.0625, 0.375, 0.703125, 0.875, 0.21875, 0.109375]), 'tneg': array([10,  6, 10, 10,  3,  6,  9,  6,  8,  3,  2,  9,  9,  7,  8,  9,  7,
        5,  5,  5,  3,  3,  9,  6, 10,  5,  5,  3,  8,  3,  5,  1, 10, 10,
       10, 10, 10,  4,  0,  6,  3,  6,  3,  4,  5,  6,  2,  7,  6, 10,  6,
        6,  4,  4,  4,  7,  6,  2,  2,  5,  7, 10,  3,  3]), 'fpos': array([ 0,  4,  0,  0,  7,  4,  1,  4,  2,  7,  8,  1,  1,  3,  2,  1,  3,
        5,  5,  5,  7,  7,  1,  4,  0,  5,  5,  7,  2,  7,  5,  9,  0,  0,
        0,  0,  0,  6, 10,  4,  7,  4,  7,  6,  5,  4,  8,  3,  4,  0,  4,
        4,  6,  6,  6,  3,  4,  8,  8,  5,  3,  0,  7,  7]), 'threshold': [0.37151322519779728, 0.23865781919493961, 0.52339521384277743, 0.43806150749742506, 0.19734885299868621, 0.22491256217190786, 0.3429639882111406, 0.23160791098754044, 0.29628123487261304, 0.20329870405402623, 0.19124777129569734, 0.31616162857553165, 0.35443500755468349, 0.24953898104025962, 0.28311238012730616, 0.32504663536572637, 0.26426970267946309, 0.22336110262535025, 0.2175446515162614, 0.21876654445258442, 0.20641374277659383, 0.19548428790014805, 0.32501625423794489, 0.24457551880269479, 0.44285931971408965, 0.22151796532612458, 0.21725301673717348, 0.20062287699740447, 0.28740704182964549, 0.20544548700673071, 0.21923583467674732, 0.18953617331554462, 0.39513769602595772, 0.36026105270425812, 0.43011051759729491, 0.54874293114268635, 0.58598894341518781, 0.20974974668583268, 0.18899003438687562, 0.23003654190122663, 0.20144443921946423, 0.23134340407145695, 0.19759623827777584, 0.21072686206801683, 0.21969675099674757, 0.23366788002531433, 0.19257548489800461, 0.26177935545639014, 0.24570817792818644, 0.39511906339393826, 0.22618543183851086, 0.23877137520211461, 0.21250811934196912, 0.21439685250140328, 0.21331301490166385, 0.25608071728738452, 0.22887152221415444, 0.19258993842265437, 0.19250166780059264, 0.21845686964152042, 0.27691199790716803, 0.37852717070035108, 0.20350833697833243, 0.19532918831828885], 'fneg': array([4, 2, 6, 5, 0, 1, 4, 2, 4, 0, 0, 4, 4, 2, 4, 4, 2, 1, 0, 0, 0, 0, 4,
       2, 5, 0, 0, 0, 4, 0, 0, 0, 5, 4, 5, 6, 6, 0, 0, 2, 0, 2, 0, 0, 0, 2,
       0, 2, 2, 5, 1, 2, 0, 0, 0, 2, 2, 0, 0, 0, 3, 4, 0, 0]), 'sensitivity': array([1, 1, 1, 1, 1, 1, 1, 1, 1, 1, 1, 1, 1, 1, 1, 1, 1, 1, 1, 1, 1, 1, 1,
       1, 1, 1, 1, 1, 1, 1, 1, 1, 1, 1, 1, 1, 1, 1, 1, 1, 1, 1, 1, 1, 1, 1,
       1, 1, 1, 1, 1, 1, 1, 1, 1, 1, 1, 1, 1, 1, 1, 1, 1, 1]), 'tpos': array([2, 4, 0, 1, 6, 5, 2, 4, 2, 6, 6, 2, 2, 4, 2, 2, 4, 5, 6, 6, 6, 6, 2,
       4, 1, 6, 6, 6, 2, 6, 6, 6, 1, 2, 1, 0, 0, 6, 6, 4, 6, 4, 6, 6, 6, 4,
       6, 4, 4, 1, 5, 4, 6, 6, 6, 4, 4, 6, 6, 6, 3, 2, 6, 6])}, {'specificity': array([0.921875, 0.71875, 0.859375, 0.9375, 0.140625, 0.125, 0.65625,
       0.796875, 0.375, 0.875, 0.328125, 0.234375, 0.890625, 0.703125, 1.0,
       0.75, 0.828125, 0.671875, 0.640625, 0.453125, 0.265625, 0.59375,
       0.390625, 0.296875, 0.46875, 0.78125, 0.3125, 0.6875, 0.484375,
       0.578125, 0.421875, 0.1875, 0.8125, 0.90625, 0.96875, 0.953125,
       0.21875, 0.84375, 0.625, 0.078125, 0.109375, 0.0625, 0.015625,
       0.609375, 0.25, 0.09375, 0.171875, 0.28125, 0.359375, 0.734375,
       0.046875, 0.546875, 0.53125, 0.515625, 0.5625, 0.5, 0.34375,
       0.15625, 0.4375, 0.765625, 0.40625, 0.984375, 0.203125, 0.03125]), 'tneg': array([0, 0, 0, 0, 0, 0, 0, 0, 0, 0, 0, 0, 0, 0, 0, 0, 0, 0, 0, 0, 0, 0, 0,
       0, 0, 0, 0, 0, 0, 0, 0, 0, 0, 0, 0, 0, 0, 0, 0, 0, 0, 0, 0, 0, 0, 0,
       0, 0, 0, 0, 0, 0, 0, 0, 0, 0, 0, 0, 0, 0, 0, 0, 0, 0]), 'fpos': array([10, 10, 10, 10, 10, 10, 10, 10, 10, 10, 10, 10, 10, 10, 10, 10, 10,
       10, 10, 10, 10, 10, 10, 10, 10, 10, 10, 10, 10, 10, 10, 10, 10, 10,
       10, 10, 10, 10, 10, 10, 10, 10, 10, 10, 10, 10, 10, 10, 10, 10, 10,
       10, 10, 10, 10, 10, 10, 10, 10, 10, 10, 10, 10, 10]), 'threshold': [0.54532864445856222, 0.30275871739511845, 0.40237222029499009, 0.57833790219863301, 0.11350352081374855, 0.11043490777110751, 0.27751636082544057, 0.35658534832148103, 0.16445368933518501, 0.40815456765984415, 0.15332856722372468, 0.13243462305366521, 0.42541744828904754, 0.29451184976040962, 0.77674753796032792, 0.32658471279941936, 0.38970916097577973, 0.28539261881246664, 0.26783522634541174, 0.17620742396184272, 0.14770795752719371, 0.24349956941096518, 0.16557752348901336, 0.14997593616389232, 0.19192286212731227, 0.35043290909814495, 0.15165305443176444, 0.28763109260665215, 0.20883656702573081, 0.23875192185015773, 0.17459190887781426, 0.12084101581411068, 0.37185729927290623, 0.4656227894440359, 0.70127042949092955, 0.66509277924487187, 0.12814512783264637, 0.39507133503479941, 0.25994579822210823, 0.097338800441489987, 0.10905980832401829, 0.097157414481191362, 0.069556523928115607, 0.25058005720731991, 0.13565597921726669, 0.10794419258233819, 0.12046626027809455, 0.14845921020285546, 0.16367481539834988, 0.31167016536971393, 0.094803479506781335, 0.22885700598614109, 0.21881278749070571, 0.21359047125187278, 0.23255292119150622, 0.2125837105500813, 0.15618906414703254, 0.11663809084819395, 0.17535851514498688, 0.33885174767376047, 0.16962587375800359, 0.75717680072435534, 0.12329232718568517, 0.088434810489202195], 'fneg': array([0, 0, 0, 0, 0, 0, 0, 0, 0, 0, 0, 0, 0, 0, 0, 0, 0, 0, 0, 0, 0, 0, 0,
       0, 0, 0, 0, 0, 0, 0, 0, 0, 0, 0, 0, 0, 0, 0, 0, 0, 0, 0, 0, 0, 0, 0,
       0, 0, 0, 0, 0, 0, 0, 0, 0, 0, 0, 0, 0, 0, 0, 0, 0, 0]), 'sensitivity': array([1, 1, 1, 1, 1, 1, 1, 1, 1, 1, 1, 1, 1, 1, 1, 1, 1, 1, 1, 1, 1, 1, 1,
       1, 1, 1, 1, 1, 1, 1, 1, 1, 1, 1, 1, 1, 1, 1, 1, 1, 1, 1, 1, 1, 1, 1,
       1, 1, 1, 1, 1, 1, 1, 1, 1, 1, 1, 1, 1, 1, 1, 1, 1, 1]), 'tpos': array([6, 6, 6, 6, 6, 6, 6, 6, 6, 6, 6, 6, 6, 6, 6, 6, 6, 6, 6, 6, 6, 6, 6,
       6, 6, 6, 6, 6, 6, 6, 6, 6, 6, 6, 6, 6, 6, 6, 6, 6, 6, 6, 6, 6, 6, 6,
       6, 6, 6, 6, 6, 6, 6, 6, 6, 6, 6, 6, 6, 6, 6, 6, 6, 6])}, {'specificity': array([0.4, 0.84615385, 0.98461538, 0.92307692, 0.24615385, 0.46153846,
       0.70769231, 0.35384615, 0.41538462, 0.69230769, 0.76923077,
       0.63076923, 0.96923077, 0.81538462, 0.87692308, 0.73846154,
       0.27692308, 0.6, 0.52307692, 0.55384615, 0.66153846, 0.89230769,
       0.93846154, 0.56923077, 0.26153846, 0.33846154, 0.15384615,
       0.015384615, 0.43076923, 0.36923077, 0.83076923, 0.90769231,
       0.95384615, 1.0, 0.44615385, 0.78461538, 0.72307692, 0.092307692,
       0.18461538, 0.16923077, 0.64615385, 0.53846154, 0.58461538,
       0.47692308, 0.29230769, 0.030769231, 0.32307692, 0.75384615,
       0.86153846, 0.13846154, 0.67692308, 0.61538462, 0.21538462,
       0.38461538, 0.12307692, 0.2, 0.23076923, 0.50769231, 0.046153846,
       0.076923077, 0.10769231, 0.8, 0.30769231, 0.49230769, 0.061538462]), 'tneg': array([ 6, 10, 10, 10,  4,  6, 10,  6,  6, 10, 10,  8, 10, 10, 10, 10,  5,
        6,  6,  6, 10, 10, 10,  6,  5,  6,  3,  0,  6,  6, 10, 10, 10, 10,
        6, 10, 10,  3,  3,  3,  8,  6,  6,  6,  6,  0,  6, 10, 10,  3, 10,
        7,  3,  6,  3,  3,  3,  6,  0,  2,  3, 10,  6,  6,  0]), 'fpos': array([ 5,  1,  1,  1,  7,  5,  1,  5,  5,  1,  1,  3,  1,  1,  1,  1,  6,
        5,  5,  5,  1,  1,  1,  5,  6,  5,  8, 11,  5,  5,  1,  1,  1,  1,
        5,  1,  1,  8,  8,  8,  3,  5,  5,  5,  5, 11,  5,  1,  1,  8,  1,
        4,  8,  5,  8,  8,  8,  5, 11,  9,  8,  1,  5,  5, 11]), 'threshold': [0.19844276467130215, 0.52093341764920376, 0.79924368550999736, 0.59143384418110123, 0.17312791142308168, 0.20176991377625453, 0.31625419383834402, 0.1944650559259869, 0.19923879900655619, 0.30987948573398683, 0.45784835418245007, 0.26762422002677783, 0.76272181795582283, 0.49387985151669755, 0.5696336761391132, 0.32228224157719704, 0.18018710490616727, 0.23423203864957187, 0.21248313738594088, 0.21942646926194662, 0.29823127836490021, 0.57048533899395493, 0.61660265525917346, 0.21998174073125867, 0.17823321538397388, 0.19183454634483102, 0.16214271346281806, 0.10118249870870436, 0.19968360768872326, 0.19465171409096418, 0.51493842770024256, 0.58548914766640792, 0.68303702556561208, 0.83504022162675962, 0.19983078477018082, 0.46859707487761232, 0.32149934359326182, 0.15019465179143995, 0.16329448791878781, 0.16267007579408574, 0.26809189658501159, 0.21551539403389117, 0.22753741074021694, 0.20614260138706586, 0.18594443264699853, 0.11705835733765205, 0.19065617267951296, 0.41774840020698278, 0.53736093617507108, 0.15639798169532798, 0.30658044753025016, 0.25064421007049109, 0.16526144384532743, 0.19779940382814901, 0.15393134373689402, 0.16332613102590413, 0.16606441322333815, 0.21115029561543069, 0.120992071972351, 0.14968828025430828, 0.15300247988863919, 0.48353485521360123, 0.1905561375182033, 0.20835283185572232, 0.13545785247146233], 'fneg': array([0, 4, 4, 4, 0, 0, 1, 0, 0, 1, 4, 0, 4, 4, 4, 1, 0, 0, 0, 0, 1, 4, 4,
       0, 0, 0, 0, 0, 0, 0, 4, 4, 4, 4, 0, 4, 1, 0, 0, 0, 0, 0, 0, 0, 0, 0,
       0, 2, 4, 0, 1, 0, 0, 0, 0, 0, 0, 0, 0, 0, 0, 4, 0, 0, 0]), 'sensitivity': array([1, 1, 1, 1, 1, 1, 1, 1, 1, 1, 1, 1, 1, 1, 1, 1, 1, 1, 1, 1, 1, 1, 1,
       1, 1, 1, 1, 1, 1, 1, 1, 1, 1, 1, 1, 1, 1, 1, 1, 1, 1, 1, 1, 1, 1, 1,
       1, 1, 1, 1, 1, 1, 1, 1, 1, 1, 1, 1, 1, 1, 1, 1, 1, 1, 1]), 'tpos': array([4, 0, 0, 0, 4, 4, 3, 4, 4, 3, 0, 4, 0, 0, 0, 3, 4, 4, 4, 4, 3, 0, 0,
       4, 4, 4, 4, 4, 4, 4, 0, 0, 0, 0, 4, 0, 3, 4, 4, 4, 4, 4, 4, 4, 4, 4,
       4, 2, 0, 4, 3, 4, 4, 4, 4, 4, 4, 4, 4, 4, 4, 0, 4, 4, 4])}], <Model object at 0x0000000000000D60>)
#adalasso
([{'specificity': array([0.90625, 0.921875, 1.0, 0.15625, 0.53125, 0.8125, 0.234375, 0.09375,
       0.078125, 0.84375, 0.796875, 0.875, 0.40625, 0.984375, 0.859375,
       0.75, 0.515625, 0.6875, 0.375, 0.140625, 0.828125, 0.390625, 0.25,
       0.421875, 0.109375, 0.671875, 0.359375, 0.5, 0.578125, 0.765625,
       0.3125, 0.078125, 0.078125, 0.890625, 0.96875, 0.546875, 0.078125,
       0.609375, 0.078125, 0.21875, 0.71875, 0.34375, 0.453125, 0.734375,
       0.5625, 0.640625, 0.203125, 0.78125, 0.953125, 0.4375, 0.703125,
       0.265625, 0.296875, 0.28125, 0.46875, 0.625, 0.65625, 0.59375,
       0.484375, 0.125, 0.1875, 0.328125, 0.9375, 0.171875]), 'tneg': array([10, 10, 11,  0,  4,  7,  0,  0,  0,  7,  7, 10,  4, 11, 10,  7,  4,
        6,  4,  0,  7,  4,  1,  4,  0,  6,  4,  4,  4,  7,  3,  0,  0, 10,
       11,  4,  0,  5,  0,  0,  6,  3,  4,  7,  4,  6,  0,  7, 11,  4,  6,
        2,  3,  3,  4,  6,  6,  5,  4,  0,  0,  3, 10,  0]), 'fpos': array([ 1,  1,  0, 11,  7,  4, 11, 11, 11,  4,  4,  1,  7,  0,  1,  4,  7,
        5,  7, 11,  4,  7, 10,  7, 11,  5,  7,  7,  7,  4,  8, 11, 11,  1,
        0,  7, 11,  6, 11, 11,  5,  8,  7,  4,  7,  5, 11,  4,  0,  7,  5,
        9,  8,  8,  7,  5,  5,  6,  7, 11, 11,  8,  1, 11]), 'threshold': [0.35895123054984246, 0.36325679707764458, 0.54460951970926375, 0.12582423264670281, 0.15056165284283199, 0.25217948805329621, 0.13183405104843318, 0.1230617648466777, 0.12296997586891061, 0.25942090500868603, 0.22851972482697913, 0.32638494701601489, 0.14297535822514793, 0.49708967313755825, 0.31965886115604902, 0.20570731638673118, 0.1500923081752738, 0.17757423778178846, 0.14208637744305858, 0.12562045525531818, 0.25442995893053871, 0.14268275421133628, 0.1332289952552391, 0.14394595755701586, 0.12455276330798761, 0.17474892119906635, 0.14183369989765365, 0.14917409772329587, 0.15537818142069049, 0.21851486270008602, 0.13676482525072509, 0.12296997586891061, 0.12296997586891061, 0.3424468139351467, 0.47340808768774223, 0.15306174008622109, 0.12296997586891061, 0.16145246260917848, 0.12296997586891061, 0.13124403200091839, 0.18222755553302383, 0.13930563572656152, 0.14669216960797704, 0.19824851554435527, 0.15349181843175333, 0.1707814367959859, 0.12850294105912682, 0.22810645272500596, 0.39776094926353239, 0.14455792619889674, 0.18126686576396955, 0.13405477364154056, 0.13507114658357705, 0.13495012582937091, 0.14771618172917936, 0.16581085489358358, 0.17429237875624751, 0.15737089647361835, 0.14894306076986219, 0.12521419951461565, 0.12758873589328834, 0.13695683168895037, 0.37411695477738827, 0.12655030841359427], 'fneg': array([5, 5, 6, 0, 2, 5, 0, 0, 0, 5, 4, 5, 2, 6, 5, 3, 2, 3, 2, 0, 5, 2, 1,
       2, 0, 3, 2, 2, 2, 4, 1, 0, 0, 5, 6, 2, 0, 3, 0, 0, 3, 1, 2, 3, 2, 3,
       0, 4, 6, 2, 3, 1, 1, 1, 2, 3, 3, 3, 2, 0, 0, 1, 5, 0]), 'sensitivity': array([1, 1, 1, 1, 1, 1, 1, 1, 1, 1, 1, 1, 1, 1, 1, 1, 1, 1, 1, 1, 1, 1, 1,
       1, 1, 1, 1, 1, 1, 1, 1, 1, 1, 1, 1, 1, 1, 1, 1, 1, 1, 1, 1, 1, 1, 1,
       1, 1, 1, 1, 1, 1, 1, 1, 1, 1, 1, 1, 1, 1, 1, 1, 1, 1]), 'tpos': array([1, 1, 0, 6, 4, 1, 6, 6, 6, 1, 2, 1, 4, 0, 1, 3, 4, 3, 4, 6, 1, 4, 5,
       4, 6, 3, 4, 4, 4, 2, 5, 6, 6, 1, 0, 4, 6, 3, 6, 6, 3, 5, 4, 3, 4, 3,
       6, 2, 0, 4, 3, 5, 5, 5, 4, 3, 3, 3, 4, 6, 6, 5, 1, 6])}, {'specificity': array([0.63076923, 1.0, 0.43076923, 0.76923077, 0.86153846, 0.92307692,
       0.46153846, 0.43076923, 0.53846154, 0.58461538, 0.84615385,
       0.78461538, 0.70769231, 0.61538462, 0.98461538, 0.75384615,
       0.93846154, 0.83076923, 0.73846154, 0.43076923, 0.6, 0.49230769,
       0.43076923, 0.81538462, 0.90769231, 0.43076923, 0.43076923,
       0.43076923, 0.43076923, 0.43076923, 0.43076923, 0.55384615,
       0.43076923, 0.69230769, 0.46153846, 0.87692308, 0.96923077,
       0.95384615, 0.56923077, 0.43076923, 0.43076923, 0.43076923,
       0.43076923, 0.53846154, 0.49230769, 0.43076923, 0.43076923,
       0.43076923, 0.43076923, 0.67692308, 0.67692308, 0.64615385,
       0.43076923, 0.8, 0.43076923, 0.43076923, 0.43076923, 0.43076923,
       0.43076923, 0.43076923, 0.72307692, 0.89230769, 0.43076923,
       0.50769231, 0.43076923]), 'tneg': array([ 1, 12,  0,  9, 11, 12,  0,  0,  0,  0, 11,  9,  6,  1, 12,  9, 12,
       11,  6,  0,  0,  0,  0, 11, 11,  0,  0,  0,  0,  0,  0,  0,  0,  1,
        0, 11, 12, 12,  0,  0,  0,  0,  0,  0,  0,  0,  0,  0,  0,  1,  1,
        1,  0, 10,  0,  0,  0,  0,  0,  0,  6, 11,  0,  0,  0]), 'fpos': array([11,  0, 12,  3,  1,  0, 12, 12, 12, 12,  1,  3,  6, 11,  0,  3,  0,
        1,  6, 12, 12, 12, 12,  1,  1, 12, 12, 12, 12, 12, 12, 12, 12, 11,
       12,  1,  0,  0, 12, 12, 12, 12, 12, 12, 12, 12, 12, 12, 12, 11, 11,
       11, 12,  2, 12, 12, 12, 12, 12, 12,  6,  1, 12, 12, 12]), 'threshold': [0.1862165160585737, 0.40942591063332578, 0.18012207571751146, 0.20250409429860039, 0.21781183105030091, 0.25362530497606589, 0.18043226544102661, 0.18012207571751146, 0.18109614065384919, 0.18337068138970805, 0.2169828242412977, 0.20568230619941447, 0.19351017960893829, 0.18545203503991298, 0.40848005586943587, 0.20152275341288528, 0.31369633350595666, 0.21463309441607092, 0.19614434539829381, 0.18012207571751146, 0.18503342321680161, 0.18074287158428498, 0.18012207571751146, 0.20981066322476535, 0.22950390439845358, 0.18012207571751146, 0.18012207571751146, 0.18012207571751146, 0.18012207571751146, 0.18012207571751146, 0.18012207571751146, 0.18167719006011313, 0.18012207571751146, 0.18835025865884805, 0.18043226544102661, 0.21805461715032451, 0.40471055489994262, 0.36442740266416779, 0.18261526175283313, 0.18012207571751146, 0.18012207571751146, 0.18012207571751146, 0.18012207571751146, 0.18109614065384919, 0.18074287158428498, 0.18012207571751146, 0.18012207571751146, 0.18012207571751146, 0.18012207571751146, 0.18802957971832163, 0.18802957971832163, 0.18672370354259404, 0.18012207571751146, 0.20729623838487499, 0.18012207571751146, 0.18012207571751146, 0.18012207571751146, 0.18012207571751146, 0.18012207571751146, 0.18012207571751146, 0.19548327255517084, 0.21965401632916548, 0.18012207571751146, 0.18105389430075936, 0.18012207571751146], 'fneg': array([0, 4, 0, 3, 4, 4, 0, 0, 0, 0, 4, 3, 1, 0, 4, 3, 4, 4, 1, 0, 0, 0, 0,
       3, 4, 0, 0, 0, 0, 0, 0, 0, 0, 0, 0, 4, 4, 4, 0, 0, 0, 0, 0, 0, 0, 0,
       0, 0, 0, 0, 0, 0, 0, 3, 0, 0, 0, 0, 0, 0, 1, 4, 0, 0, 0]), 'sensitivity': array([1, 1, 1, 1, 1, 1, 1, 1, 1, 1, 1, 1, 1, 1, 1, 1, 1, 1, 1, 1, 1, 1, 1,
       1, 1, 1, 1, 1, 1, 1, 1, 1, 1, 1, 1, 1, 1, 1, 1, 1, 1, 1, 1, 1, 1, 1,
       1, 1, 1, 1, 1, 1, 1, 1, 1, 1, 1, 1, 1, 1, 1, 1, 1, 1, 1]), 'tpos': array([4, 0, 4, 1, 0, 0, 4, 4, 4, 4, 0, 1, 3, 4, 0, 1, 0, 0, 3, 4, 4, 4, 4,
       1, 0, 4, 4, 4, 4, 4, 4, 4, 4, 4, 4, 0, 0, 0, 4, 4, 4, 4, 4, 4, 4, 4,
       4, 4, 4, 4, 4, 4, 4, 1, 4, 4, 4, 4, 4, 4, 3, 0, 4, 4, 4])}, {'specificity': array([0.72307692, 0.95384615, 0.35384615, 0.23076923, 0.44615385,
       0.076923077, 0.66153846, 0.4, 0.6, 0.96923077, 0.70769231,
       0.89230769, 0.18461538, 0.53846154, 0.13846154, 0.36923077,
       0.16923077, 0.33846154, 0.50769231, 0.76923077, 0.015384615,
       0.061538462, 0.092307692, 0.87692308, 0.63076923, 0.21538462,
       0.27692308, 0.84615385, 0.61538462, 0.046153846, 0.56923077,
       0.41538462, 0.90769231, 0.86153846, 0.64615385, 0.83076923,
       0.24615385, 0.49230769, 0.32307692, 0.55384615, 0.52307692,
       0.93846154, 0.47692308, 0.69230769, 0.38461538, 0.81538462,
       0.78461538, 0.73846154, 0.43076923, 0.58461538, 0.8, 0.75384615,
       0.29230769, 0.10769231, 0.30769231, 0.12307692, 0.26153846,
       0.46153846, 1.0, 0.2, 0.15384615, 0.030769231, 0.98461538,
       0.92307692, 0.67692308]), 'tneg': array([10, 11,  2,  2,  2,  2,  7,  2,  7, 11,  9, 11,  2,  3,  2,  2,  2,
        2,  3, 10,  0,  0,  2, 11,  7,  2,  2, 11,  7,  0,  4,  2, 11, 11,
        7, 11,  2,  3,  2,  3,  3, 11,  2,  9,  2, 11, 10, 10,  2,  6, 11,
       10,  2,  2,  2,  2,  2,  2, 11,  2,  2,  0, 11, 11,  9]), 'fpos': array([ 1,  0,  9,  9,  9,  9,  4,  9,  4,  0,  2,  0,  9,  8,  9,  9,  9,
        9,  8,  1, 11, 11,  9,  0,  4,  9,  9,  0,  4, 11,  7,  9,  0,  0,
        4,  0,  9,  8,  9,  8,  8,  0,  9,  2,  9,  0,  1,  1,  9,  5,  0,
        1,  9,  9,  9,  9,  9,  9,  0,  9,  9, 11,  0,  0,  2]), 'threshold': [0.18578944339448925, 0.18607871323420797, 0.18550525008772018, 0.18541629997671277, 0.1855444305762938, 0.18527090458691659, 0.18568655495525588, 0.18552033646367777, 0.18565616711880045, 0.18608521862948332, 0.18576969245564126, 0.18598579975609764, 0.18533673604480169, 0.1855784812757067, 0.18530386593960352, 0.18550719485049491, 0.18532240409375428, 0.18550498385079217, 0.1855583638270297, 0.18584513221688473, 0.18514393013849104, 0.1852497699507179, 0.18527674994574556, 0.18593848173332775, 0.18568202618133736, 0.18541604018354008, 0.18543637791615733, 0.18590492427618574, 0.18567215679474441, 0.18520858356264117, 0.18562371530156993, 0.18552077895494329, 0.18599497700982801, 0.18592794735521712, 0.18568318560015598, 0.18590096308385745, 0.18542093502449469, 0.18555573709478587, 0.1854855162474911, 0.18560956980318483, 0.18557043182557589, 0.18604278689269055, 0.18554799150986567, 0.18575469187898105, 0.18550852010991345, 0.18589623419500614, 0.18586393576407692, 0.18579910201507591, 0.18554033210478405, 0.18563892897679393, 0.18587902444501184, 0.18580454861981874, 0.18544507443694358, 0.18529578642624814, 0.18548338505770107, 0.1852967306180337, 0.18542951892368376, 0.18554629380943108, 0.18611941288592224, 0.18534329799743132, 0.18531091838090025, 0.18520629918483503, 0.18611363256776756, 0.18599726140379175, 0.1857211187307363], 'fneg': array([5, 5, 2, 2, 2, 1, 2, 2, 2, 5, 4, 5, 1, 2, 1, 2, 1, 2, 2, 5, 0, 1, 1,
       5, 2, 2, 2, 5, 2, 0, 2, 2, 5, 5, 2, 5, 2, 2, 2, 2, 2, 5, 2, 4, 2, 5,
       5, 5, 2, 2, 5, 5, 2, 1, 2, 1, 2, 2, 5, 1, 1, 0, 5, 5, 3]), 'sensitivity': array([1, 1, 1, 1, 1, 1, 1, 1, 1, 1, 1, 1, 1, 1, 1, 1, 1, 1, 1, 1, 1, 1, 1,
       1, 1, 1, 1, 1, 1, 1, 1, 1, 1, 1, 1, 1, 1, 1, 1, 1, 1, 1, 1, 1, 1, 1,
       1, 1, 1, 1, 1, 1, 1, 1, 1, 1, 1, 1, 1, 1, 1, 1, 1, 1, 1]), 'tpos': array([0, 0, 3, 3, 3, 4, 3, 3, 3, 0, 1, 0, 4, 3, 4, 3, 4, 3, 3, 0, 5, 4, 4,
       0, 3, 3, 3, 0, 3, 5, 3, 3, 0, 0, 3, 0, 3, 3, 3, 3, 3, 0, 3, 1, 3, 0,
       0, 0, 3, 3, 0, 0, 3, 4, 3, 4, 3, 3, 0, 4, 4, 5, 0, 0, 2])}, {'specificity': array([0.44615385, 0.076923077, 0.67692308, 0.90769231, 0.43076923,
       0.52307692, 0.30769231, 0.96923077, 0.46153846, 0.4, 0.73846154,
       0.86153846, 0.72307692, 1.0, 0.95384615, 0.69230769, 0.38461538,
       0.36923077, 0.70769231, 0.41538462, 0.24615385, 0.35384615,
       0.81538462, 0.58461538, 0.76923077, 0.64615385, 0.15384615,
       0.33846154, 0.78461538, 0.29230769, 0.26153846, 0.89230769,
       0.53846154, 0.61538462, 0.84615385, 0.98461538, 0.83076923,
       0.16923077, 0.12307692, 0.061538462, 0.046153846, 0.87692308,
       0.92307692, 0.93846154, 0.13846154, 0.18461538, 0.092307692, 0.6,
       0.55384615, 0.75384615, 0.21538462, 0.23076923, 0.66153846,
       0.56923077, 0.2, 0.030769231, 0.47692308, 0.10769231, 0.50769231,
       0.8, 0.49230769, 0.015384615, 0.63076923, 0.27692308, 0.32307692]), 'tneg': array([0, 0, 0, 0, 0, 0, 0, 0, 0, 0, 0, 0, 0, 0, 0, 0, 0, 0, 0, 0, 0, 0, 0,
       0, 0, 0, 0, 0, 0, 0, 0, 0, 0, 0, 0, 0, 0, 0, 0, 0, 0, 0, 0, 0, 0, 0,
       0, 0, 0, 0, 0, 0, 0, 0, 0, 0, 0, 0, 0, 0, 0, 0, 0, 0, 0]), 'fpos': array([14, 14, 14, 14, 14, 14, 14, 14, 14, 14, 14, 14, 14, 14, 14, 14, 14,
       14, 14, 14, 14, 14, 14, 14, 14, 14, 14, 14, 14, 14, 14, 14, 14, 14,
       14, 14, 14, 14, 14, 14, 14, 14, 14, 14, 14, 14, 14, 14, 14, 14, 14,
       14, 14, 14, 14, 14, 14, 14, 14, 14, 14, 14, 14, 14, 14]), 'threshold': [0.143598507556255, 0.050675965377540141, 0.28500026463259459, 0.55259723102238689, 0.14229541065798382, 0.18238064087621736, 0.11388102337392168, 0.63967262886937004, 0.14941005232724239, 0.13281634148961891, 0.33854625389229703, 0.45080795247403943, 0.32974842101478058, 0.922847873354534, 0.62716603799679782, 0.30921754158873382, 0.13007559988319933, 0.12826991867165066, 0.31686707210890552, 0.14164868155188831, 0.10256996171899627, 0.12251051073693943, 0.40340397783850934, 0.22245868057925802, 0.36748610395452114, 0.26025342267447304, 0.07472440021404006, 0.12018646474905027, 0.3879799800425166, 0.11150837168864775, 0.10973799734599124, 0.53527676554711734, 0.19084303644477674, 0.25603567130341359, 0.44901484757345528, 0.71194668125351535, 0.43063794674483052, 0.079826424777055024, 0.062918424076054483, 0.045192008655225831, 0.033022666429882781, 0.48599948860163544, 0.58587892656662632, 0.5947668916806762, 0.065721532238782021, 0.084548881836724279, 0.050856425946381935, 0.22532406457776291, 0.21087426782852448, 0.35239529373373263, 0.099985952102376346, 0.10144112954791279, 0.26408962649193696, 0.21264406157501906, 0.084810296565535445, 0.031655018247801862, 0.15113872716807297, 0.062902871138687505, 0.15292717058043281, 0.39368914000030453, 0.15180340223851951, 0.031005041088358991, 0.25819603664455476, 0.11043226378658756, 0.11484894721519691], 'fneg': array([0, 0, 0, 0, 0, 0, 0, 0, 0, 0, 0, 0, 0, 0, 0, 0, 0, 0, 0, 0, 0, 0, 0,
       0, 0, 0, 0, 0, 0, 0, 0, 0, 0, 0, 0, 0, 0, 0, 0, 0, 0, 0, 0, 0, 0, 0,
       0, 0, 0, 0, 0, 0, 0, 0, 0, 0, 0, 0, 0, 0, 0, 0, 0, 0, 0]), 'sensitivity': array([1, 1, 1, 1, 1, 1, 1, 1, 1, 1, 1, 1, 1, 1, 1, 1, 1, 1, 1, 1, 1, 1, 1,
       1, 1, 1, 1, 1, 1, 1, 1, 1, 1, 1, 1, 1, 1, 1, 1, 1, 1, 1, 1, 1, 1, 1,
       1, 1, 1, 1, 1, 1, 1, 1, 1, 1, 1, 1, 1, 1, 1, 1, 1, 1, 1]), 'tpos': array([2, 2, 2, 2, 2, 2, 2, 2, 2, 2, 2, 2, 2, 2, 2, 2, 2, 2, 2, 2, 2, 2, 2,
       2, 2, 2, 2, 2, 2, 2, 2, 2, 2, 2, 2, 2, 2, 2, 2, 2, 2, 2, 2, 2, 2, 2,
       2, 2, 2, 2, 2, 2, 2, 2, 2, 2, 2, 2, 2, 2, 2, 2, 2, 2, 2])}, {'specificity': array([0.92307692, 0.84615385, 0.96923077, 0.046153846, 0.2, 0.81538462,
       0.83076923, 0.47692308, 0.30769231, 0.21538462, 0.76923077,
       0.69230769, 0.56923077, 1.0, 0.8, 0.4, 0.43076923, 0.70769231,
       0.75384615, 0.53846154, 0.38461538, 0.72307692, 0.52307692,
       0.93846154, 0.6, 0.50769231, 0.16923077, 0.63076923, 0.49230769,
       0.36923077, 0.41538462, 0.092307692, 0.29230769, 0.18461538,
       0.67692308, 0.55384615, 0.90769231, 0.89230769, 0.98461538,
       0.015384615, 0.030769231, 0.78461538, 0.73846154, 0.10769231,
       0.58461538, 0.86153846, 0.87692308, 0.26153846, 0.61538462,
       0.64615385, 0.23076923, 0.46153846, 0.35384615, 0.33846154,
       0.44615385, 0.13846154, 0.061538462, 0.24615385, 0.32307692,
       0.66153846, 0.076923077, 0.27692308, 0.12307692, 0.95384615,
       0.15384615]), 'tneg': array([12, 12, 13,  2,  5, 12, 12,  7,  6,  5, 11, 10,  8, 13, 12,  7,  7,
       10, 11,  8,  7, 10,  7, 12,  8,  7,  5,  8,  7,  7,  7,  2,  6,  5,
        9,  8, 12, 12, 13,  2,  2, 12, 10,  2,  8, 12, 12,  6,  8,  8,  6,
        7,  7,  6,  7,  2,  2,  6,  6,  8,  2,  6,  2, 12,  5]), 'fpos': array([ 2,  2,  1, 12,  9,  2,  2,  7,  8,  9,  3,  4,  6,  1,  2,  7,  7,
        4,  3,  6,  7,  4,  7,  2,  6,  7,  9,  6,  7,  7,  7, 12,  8,  9,
        5,  6,  2,  2,  1, 12, 12,  2,  4, 12,  6,  2,  2,  8,  6,  6,  8,
        7,  7,  8,  7, 12, 12,  8,  8,  6, 12,  8, 12,  2,  9]), 'threshold': [0.5530473716778489, 0.35711048137734153, 0.68794013591135561, 0.098436489804495278, 0.11070298694074113, 0.3283900429919181, 0.33728340733484202, 0.151345392849462, 0.12195728717757848, 0.1122889009159465, 0.2879858242715162, 0.24375869788131532, 0.16919958826259129, 0.82781340692491245, 0.32682642836948766, 0.1424864771498538, 0.14451396575829206, 0.25065111217240121, 0.28683381199574332, 0.16443983146080551, 0.13056628818123273, 0.25726027798760892, 0.1628646655686157, 0.59175480445970863, 0.182848554122965, 0.16196793181469016, 0.10912704880258989, 0.20504975649190355, 0.15621347340335912, 0.12633185699137736, 0.14388343583269192, 0.10356231448388133, 0.12059590031689266, 0.11010242351911527, 0.22558631789611819, 0.1651340248132806, 0.50560468966978722, 0.50454953228569588, 0.70331819600219914, 0.094412651225503061, 0.094921606091923669, 0.31438417170291771, 0.25921651053941985, 0.10365219444788193, 0.169567916782291, 0.45635434539725894, 0.49977722416076886, 0.11798691891192474, 0.20497943279358, 0.20614604249227966, 0.11449071464475076, 0.1509808833335011, 0.12387247601421225, 0.12361521792569177, 0.14509649679774439, 0.10555191741243522, 0.098632189621762165, 0.1172242001850599, 0.12346989009404687, 0.20816558077183314, 0.10108596221914822, 0.11952843806082303, 0.10553487749208917, 0.60331932976441305, 0.10772464309517242], 'fneg': array([2, 1, 2, 0, 0, 1, 1, 1, 0, 0, 1, 1, 1, 2, 1, 1, 1, 1, 1, 1, 1, 1, 1,
       2, 1, 1, 0, 1, 1, 0, 1, 0, 0, 0, 1, 1, 2, 2, 2, 0, 0, 1, 1, 0, 1, 2,
       2, 0, 1, 1, 0, 1, 0, 0, 1, 0, 0, 0, 0, 1, 0, 0, 0, 2, 0]), 'sensitivity': array([1, 1, 1, 1, 1, 1, 1, 1, 1, 1, 1, 1, 1, 1, 1, 1, 1, 1, 1, 1, 1, 1, 1,
       1, 1, 1, 1, 1, 1, 1, 1, 1, 1, 1, 1, 1, 1, 1, 1, 1, 1, 1, 1, 1, 1, 1,
       1, 1, 1, 1, 1, 1, 1, 1, 1, 1, 1, 1, 1, 1, 1, 1, 1, 1, 1]), 'tpos': array([0, 1, 0, 2, 2, 1, 1, 1, 2, 2, 1, 1, 1, 0, 1, 1, 1, 1, 1, 1, 1, 1, 1,
       0, 1, 1, 2, 1, 1, 2, 1, 2, 2, 2, 1, 1, 0, 0, 0, 2, 2, 1, 1, 2, 1, 0,
       0, 2, 1, 1, 2, 1, 2, 2, 1, 2, 2, 2, 2, 1, 2, 2, 2, 0, 2])}], <Model object at 0x000000000000108C>)
