# fold = 1
# threshold = -0.916333985297
# requested specificity = 0.938775510204
# actual training-set specificity = 0.933333333333
# tpos = 2
# tneg = 12
# fpos = 2
# fneg = 5
# raw predictions:
[0.18439887 -1.8922023 -2.2144978 -1.6465009 -1.6405765 0.56719678
 -1.5304575 -1.9548737 -0.94770565 -0.38274863 -2.4682064 -2.5960753
 -2.9655679 -1.5778743 -2.7970089 -1.3627097 -2.0320165 -1.9091309
 -1.2979965 0.3506182 -2.7549625]
# truth:
[3.3837436 2.4350476 0.30103 1.8469553 3.3837436 2.2367891 2.6134189
 2.8121108 2.512551 3.3837436 1.5024271 1.3483049 1.3710679 2.1027766
 0.30103 1.5786392 1.948413 0.49136169 1.1271048 2.1525941 1.5024271]
# fold = 2
# threshold = -0.440213500093
# requested specificity = 0.934782608696
# actual training-set specificity = 0.929824561404
# tpos = 0
# tneg = 15
# fpos = 2
# fneg = 3
# raw predictions:
[-0.5400305 -0.67858241 -1.2457271 -0.5772166 -1.4916043 -0.3853789
 -1.499024 -2.0579461 -2.1082457 -0.24426074 -1.2502506 -0.86676336
 -2.2725701 -1.127803 -2.3375965 -2.5857303 -0.55310412 -2.1342488
 -1.7062187 -1.7671559]
# truth:
[2.5366847 3.2980448 1.376577 2.5627685 2.0297895 2.1580608 2.2000293
 1.3384565 1.1430148 2.2671717 2.2796669 1.7024305 1.6009729 1.3961993
 2.2355284 1.9020029 1.6866363 0.30103 2.1195858 1.6928469]
# fold = 3
# threshold = -0.610688886453
# requested specificity = 0.921568627451
# actual training-set specificity = 0.918032786885
# tpos = 0
# tneg = 13
# fpos = 0
# fneg = 7
# raw predictions:
[-1.2900718 -1.0414972 -1.5285521 -1.5609435 -2.4671935 -1.7363996
 -2.0897067 -2.4542323 -3.0788407 -1.9155786 -1.1465328 -2.3100352
 -1.8695866 -1.9358547 -1.1080885 -2.7468609 -1.8654177 -2.6734513
 -1.0836171 -1.9474927]
# truth:
[2.5375673 2.5779511 2.5880475 1.1172713 2.1804126 1.1643529 1.6042261
 1.687529 1.3579348 2.0318123 2.0338257 3.3837436 2.2000293 1.9355073
 2.6190933 0.61278386 1.8000294 2.6887757 2.5161386 1.666518]
# fold = 4
# threshold = -0.751737434432
# requested specificity = 0.934782608696
# actual training-set specificity = 0.929824561404
# tpos = 2
# tneg = 14
# fpos = 3
# fneg = 1
# raw predictions:
[0.13051473 -1.6027779 -1.3568729 -0.58422493 -0.43020603 -1.2817658
 -1.8257363 -1.3941149 -1.6251331 0.8435533 -1.7851973 -1.1521107
 -0.73611506 -1.3739024 -0.82979478 -1.4428424 -2.2438026 -2.5995672
 -2.0452708 -2.737274]
# truth:
[2.286681 1.7767012 1.8920946 2.4834446 1.5263393 2.1664301 1.6532125
 2.3398488 2.4637437 2.9914033 1.8469553 1.6884198 2.3583156 2.1598678
 2.3380579 1.39794 2.0406023 0.70757018 1.5263393 0.0]
# fold = 5
# threshold = -1.27919767580
# requested specificity = 0.9
# actual training-set specificity = 0.885245901639
# tpos = 5
# tneg = 11
# fpos = 2
# fneg = 1
# raw predictions:
[-2.3290864 -0.91184588 -0.29881544 -2.0148114 -1.1771547 -1.8961814
 -1.3545551 0.568627 0.59049037 0.13614637 -1.1997069 -1.8881925 -1.4977212
 -1.7794241 -1.5800888 -2.3248371 -2.0452299 -2.2783896 -1.9877759]
# truth:
[1.5717088 3.3837436 3.3837436 0.79934055 1.8709888 1.382017 1.3031961
 2.7136585 2.7567882 2.0674428 3.3837436 1.4593925 3.3837436 1.4712917
 2.1433271 1.9703469 1.0374265 1.1643529 1.9355073]
# fold = overall performance
# tpos = 9
# tneg = 65
# fpos = 9
# fneg = 17
