# fold = 1
# threshold = 0.366695143098
# requested specificity = 0.936507936508
# actual training-set specificity = 0.949152542373
# tpos = 2
# tneg = 14
# fpos = 1
# fneg = 4
# raw predictions:
[0.409866042364 0.255131072434 0.140200101989 0.317795796389 0.375297711106
 0.155787586884 0.144914105787 0.189550978749 0.313366461178 0.148280202545
 0.239364855256 0.120826570093 0.147171995385 0.16994562271 0.150197316242
 0.188971393205 0.138011903421 0.142776278707 0.142829995896 0.259753260098
 0.691471683108]
# truth:
[2.5375673 2.5627685 3.3837436 1.5263393 2.6134189 0.79934055 1.6532125
 1.382017 2.2671717 1.8469553 1.4593925 1.3483049 2.3583156 1.5786392
 1.9703469 2.6887757 1.0374265 1.1643529 2.5161386 2.1195858 2.1525941]
# fold = 2
# threshold = 0.332059668136
# requested specificity = 0.873015873016
# actual training-set specificity = 0.877192982456
# tpos = 2
# tneg = 15
# fpos = 2
# fneg = 1
# raw predictions:
[0.370536161085 0.475118556841 0.257009585959 0.152282253774 0.187571035849
 0.204349538538 0.286106953557 0.286087738392 0.129622161114 0.457287439285
 0.724453420313 0.145331241763 0.129080929761 0.125648080654 0.12872713011
 0.162849585215 0.0823972883086 0.13278381233 0.106090710215 0.124897639139]
# truth:
[2.286681 3.3837436 3.2980448 0.30103 1.376577 2.2000293 1.1643529
 1.8709888 1.6009729 2.0338257 2.7136585 2.2355284 1.3710679 2.2000293
 1.4712917 0.61278386 0.30103 0.49136169 1.5024271 1.6928469]
