#adalasso
([{'specificity': array([0.35483871, 0.96774194, 0.98387097, 0.77419355, 0.17741935,
       0.33870968, 0.74193548, 0.58064516, 0.85483871, 0.67741935,
       0.22580645, 0.75806452, 0.59677419, 0.27419355, 0.16129032,
       0.048387097, 0.80645161, 0.88709677, 0.14516129, 0.56451613,
       0.29032258, 0.64516129, 0.41935484, 0.62903226, 0.70967742,
       0.51612903, 0.38709677, 0.32258065, 0.79032258, 0.87096774,
       0.38709677, 0.080645161, 0.11290323, 0.93548387, 0.83870968,
       0.90322581, 0.9516129, 1.0, 0.30645161, 0.25806452, 0.69354839,
       0.43548387, 0.40322581, 0.032258065, 0.5, 0.4516129, 0.5483871,
       0.19354839, 0.016129032, 0.72580645, 0.24193548, 0.064516129,
       0.12903226, 0.61290323, 0.66129032, 0.82258065, 0.53225806,
       0.48387097, 0.91935484, 0.48387097, 0.096774194, 0.20967742]), 'tneg': array([ 8, 11, 11, 11,  5,  8, 11,  9, 11, 11,  5, 11,  9,  6,  2,  1, 11,
       11,  1,  9,  7, 11,  8, 10, 11,  9,  8,  8, 11, 11,  8,  1,  1, 11,
       11, 11, 11, 11,  7,  6, 11,  9,  8,  1,  9,  9,  9,  5,  1, 11,  6,
        1,  1, 10, 11, 11,  9,  9, 11,  9,  1,  5]), 'fpos': array([ 3,  0,  0,  0,  6,  3,  0,  2,  0,  0,  6,  0,  2,  5,  9, 10,  0,
        0, 10,  2,  4,  0,  3,  1,  0,  2,  3,  3,  0,  0,  3, 10, 10,  0,
        0,  0,  0,  0,  4,  5,  0,  2,  3, 10,  2,  2,  2,  6, 10,  0,  5,
       10, 10,  1,  0,  0,  2,  2,  0,  2, 10,  6]), 'threshold': [0.20206008107468296, 0.20276647698932163, 0.20295414516504418, 0.20222954953284897, 0.20200951403363004, 0.20205502394523983, 0.20221436892856068, 0.20209295471999825, 0.20234596242916661, 0.20218148053772372, 0.20201709848722865, 0.20221689897019715, 0.20209801255834617, 0.20202215490777611, 0.20199434576443209, 0.20190082690147621, 0.20225991329361831, 0.20238140236656074, 0.20198170618991182, 0.20209042583626971, 0.20203479637266522, 0.20215618449310821, 0.20206766694607289, 0.20212583235883275, 0.2021966592987795, 0.20208536813970351, 0.20206260967484954, 0.20203985312402953, 0.20225232203440055, 0.20234849369965569, 0.20206260967484954, 0.20192609907991926, 0.20196906720612654, 0.20258907216222011, 0.20227509645010791, 0.20247913932826944, 0.202687897707202, 0.20297697850111562, 0.20203631338814998, 0.20202089079377808, 0.20219615332637164, 0.20207019561712966, 0.20206716121469714, 0.20188136893425659, 0.20208460949337098, 0.20207398866802134, 0.2020896671757591, 0.20201204216119997, 0.20186595517553208, 0.20219994814247114, 0.20201912104410535, 0.20191169364863529, 0.2019728588392351, 0.2021134395490953, 0.20217920379693968, 0.20227104752519387, 0.20208890851737515, 0.2020808162936093, 0.20251155728682233, 0.2020808162936093, 0.20196401177801762, 0.20201280060407867], 'fneg': array([1, 6, 6, 5, 0, 1, 5, 1, 5, 5, 0, 5, 1, 0, 0, 0, 5, 5, 0, 1, 1, 5, 1,
       3, 5, 1, 1, 1, 5, 5, 1, 0, 0, 6, 5, 6, 6, 6, 1, 0, 5, 1, 1, 0, 1, 1,
       1, 0, 0, 5, 0, 0, 0, 2, 5, 5, 1, 1, 6, 1, 0, 0]), 'sensitivity': array([1, 1, 1, 1, 1, 1, 1, 1, 1, 1, 1, 1, 1, 1, 1, 1, 1, 1, 1, 1, 1, 1, 1,
       1, 1, 1, 1, 1, 1, 1, 1, 1, 1, 1, 1, 1, 1, 1, 1, 1, 1, 1, 1, 1, 1, 1,
       1, 1, 1, 1, 1, 1, 1, 1, 1, 1, 1, 1, 1, 1, 1, 1]), 'tpos': array([5, 0, 0, 1, 6, 5, 1, 5, 1, 1, 6, 1, 5, 6, 6, 6, 1, 1, 6, 5, 5, 1, 5,
       3, 1, 5, 5, 5, 1, 1, 5, 6, 6, 0, 1, 0, 0, 0, 5, 6, 1, 5, 5, 6, 5, 5,
       5, 6, 6, 1, 6, 6, 6, 4, 1, 1, 5, 5, 0, 5, 6, 6])}, {'specificity': array([0.14285714, 0.92063492, 0.15873016, 0.3015873, 0.6984127, 0.6031746,
       0.71428571, 0.12698413, 0.095238095, 0.82539683, 0.61904762,
       0.095238095, 0.87301587, 0.85714286, 0.9047619, 0.36507937,
       0.66666667, 0.68253968, 0.77777778, 0.25396825, 0.65079365,
       0.42857143, 0.88888889, 0.79365079, 0.31746032, 0.33333333,
       0.76190476, 0.63492063, 0.73015873, 0.3968254, 0.96825397,
       0.95238095, 1.0, 0.095238095, 0.93650794, 0.80952381, 0.52380952,
       0.095238095, 0.095238095, 0.095238095, 0.74603175, 0.49206349,
       0.44444444, 0.47619048, 0.26984127, 0.17460317, 0.22222222,
       0.84126984, 0.98412698, 0.58730159, 0.57142857, 0.20634921,
       0.23809524, 0.55555556, 0.28571429, 0.50793651, 0.34920635,
       0.19047619, 0.53968254, 0.38095238, 0.46031746, 0.11111111,
       0.41269841]), 'tneg': array([ 1, 10,  1,  3,  9,  9,  9,  1,  1, 10,  9,  1, 10, 10, 10,  4,  9,
        9, 10,  1,  9,  7, 10, 10,  3,  4,  9,  9,  9,  4, 11, 11, 11,  1,
       10, 10,  7,  1,  1,  1,  9,  7,  7,  7,  1,  1,  1, 10, 11,  9,  9,
        1,  1,  8,  2,  7,  4,  1,  7,  4,  7,  1,  5]), 'fpos': array([10,  1, 10,  8,  2,  2,  2, 10, 10,  1,  2, 10,  1,  1,  1,  7,  2,
        2,  1, 10,  2,  4,  1,  1,  8,  7,  2,  2,  2,  7,  0,  0,  0, 10,
        1,  1,  4, 10, 10, 10,  2,  4,  4,  4, 10, 10, 10,  1,  0,  2,  2,
       10, 10,  3,  9,  4,  7, 10,  4,  7,  4, 10,  6]), 'threshold': [0.20497538265686374, 0.31173172026897611, 0.20503667652975488, 0.2058789426374264, 0.24579430810712807, 0.23420236116447898, 0.24649265426537259, 0.20497273705031868, 0.20493284330480682, 0.28972345206548927, 0.23495712840896682, 0.20493284330480682, 0.29857184857512908, 0.29654216093542152, 0.31124042029258125, 0.208061104124422, 0.24094406916755914, 0.24261069933346866, 0.28271828664574311, 0.20536391872631141, 0.23674447219965913, 0.21070566851600497, 0.30788809371541376, 0.28286336814772561, 0.2068538752794869, 0.20745574613767828, 0.25298731777526723, 0.23571445771118291, 0.24693227962403261, 0.20876904144457628, 0.31975741550922943, 0.31963542620730068, 0.31991381889223575, 0.20493284330480682, 0.3132865132648236, 0.28333389186976948, 0.22028502983621601, 0.20493284330480682, 0.20493284330480682, 0.20493284330480682, 0.25196313893852562, 0.21662496617491375, 0.21198647614674854, 0.21358815503329401, 0.20545059352415168, 0.20506506154908077, 0.20524592272310457, 0.29537896187194079, 0.31991333428242658, 0.23038155578692762, 0.22845455233416107, 0.20516471950972823, 0.20532292163810301, 0.22264215128270681, 0.20566893954749005, 0.21685125700378147, 0.20774033395090821, 0.2051544829402325, 0.22061144737828398, 0.20864006612750405, 0.21239145738182191, 0.20493328253131288, 0.20930585686913558], 'fneg': array([1, 5, 1, 2, 2, 2, 2, 1, 1, 4, 2, 1, 5, 4, 5, 2, 2, 2, 4, 2, 2, 2, 5,
       4, 2, 2, 2, 2, 2, 2, 5, 5, 5, 1, 5, 4, 2, 1, 1, 1, 2, 2, 2, 2, 2, 1,
       2, 4, 5, 2, 2, 2, 2, 2, 2, 2, 2, 2, 2, 2, 2, 1, 2]), 'sensitivity': array([1, 1, 1, 1, 1, 1, 1, 1, 1, 1, 1, 1, 1, 1, 1, 1, 1, 1, 1, 1, 1, 1, 1,
       1, 1, 1, 1, 1, 1, 1, 1, 1, 1, 1, 1, 1, 1, 1, 1, 1, 1, 1, 1, 1, 1, 1,
       1, 1, 1, 1, 1, 1, 1, 1, 1, 1, 1, 1, 1, 1, 1, 1, 1]), 'tpos': array([4, 0, 4, 3, 3, 3, 3, 4, 4, 1, 3, 4, 0, 1, 0, 3, 3, 3, 1, 3, 3, 3, 0,
       1, 3, 3, 3, 3, 3, 3, 0, 0, 0, 4, 0, 1, 3, 4, 4, 4, 3, 3, 3, 3, 3, 4,
       3, 1, 0, 3, 3, 3, 3, 3, 3, 3, 3, 3, 3, 3, 3, 4, 3])}, {'specificity': array([0.796875, 0.234375, 0.921875, 0.734375, 0.34375, 0.703125, 0.3125,
       0.234375, 0.78125, 0.828125, 0.671875, 0.359375, 0.890625, 0.90625,
       0.4375, 0.71875, 0.75, 0.625, 0.234375, 0.6875, 0.515625, 0.8125,
       0.28125, 0.46875, 0.765625, 0.375, 0.578125, 0.421875, 0.234375,
       0.234375, 0.9375, 0.875, 0.953125, 1.0, 0.234375, 1.0, 0.84375,
       0.234375, 0.5, 0.234375, 0.234375, 0.5625, 0.53125, 0.328125,
       0.234375, 0.234375, 0.859375, 1.0, 0.40625, 0.65625, 0.640625,
       0.265625, 0.390625, 0.609375, 0.234375, 0.234375, 0.25, 0.296875,
       0.59375, 0.484375, 0.546875, 0.234375, 0.453125, 0.234375]), 'tneg': array([6, 1, 8, 5, 1, 5, 1, 1, 6, 7, 4, 1, 8, 8, 3, 5, 5, 4, 1, 4, 3, 6, 1,
       3, 6, 1, 3, 3, 1, 1, 9, 8, 9, 9, 1, 9, 7, 1, 3, 1, 1, 3, 3, 1, 1, 1,
       8, 9, 1, 4, 4, 1, 1, 4, 1, 1, 1, 1, 3, 3, 3, 1, 3, 1]), 'fpos': array([3, 8, 1, 4, 8, 4, 8, 8, 3, 2, 5, 8, 1, 1, 6, 4, 4, 5, 8, 5, 6, 3, 8,
       6, 3, 8, 6, 6, 8, 8, 0, 1, 0, 0, 8, 0, 2, 8, 6, 8, 8, 6, 6, 8, 8, 8,
       1, 0, 8, 5, 5, 8, 8, 5, 8, 8, 8, 8, 6, 6, 6, 8, 6, 8]), 'threshold': [0.24648752538598898, 0.18939803052151935, 0.27327009073061981, 0.21953844090388622, 0.18944117168589258, 0.21916465589904219, 0.18943003776135406, 0.18939803052151935, 0.23249525147515168, 0.2491918437333252, 0.21106553845538995, 0.18944387792385922, 0.2623687742012818, 0.2637829001215648, 0.19153078748329233, 0.21941388125916744, 0.21958736429762321, 0.20459481743044494, 0.18939803052151935, 0.21351991672708454, 0.19379170327400858, 0.24802546351535035, 0.18942037330287254, 0.19155082708981366, 0.22770571480935811, 0.18947952570873258, 0.19910903456921009, 0.191528916162027, 0.18939803052151935, 0.18939803052151935, 0.27723675955967758, 0.26114594533197832, 0.27875925572589372, 0.27880775161053517, 0.18939803052151935, 0.27880775161053517, 0.25550346791698442, 0.18939803052151935, 0.1936550869537233, 0.18939803052151935, 0.18939803052151935, 0.19823539917132635, 0.19513405408488521, 0.18943823351821323, 0.18939803052151935, 0.18939803052151935, 0.26100926715103789, 0.27880775161053517, 0.18982095278602246, 0.20912190736409531, 0.20527628923974228, 0.18941867239728275, 0.18965884778004183, 0.20452902387403127, 0.18939803052151935, 0.18939803052151935, 0.18940815796799643, 0.18942068255969177, 0.20117852848400317, 0.19257222865484719, 0.19576727408648617, 0.18939803052151935, 0.19153948892058112, 0.18939803052151935], 'fneg': array([4, 1, 5, 3, 1, 3, 1, 1, 4, 4, 2, 1, 4, 4, 1, 3, 3, 2, 1, 3, 1, 4, 1,
       1, 4, 1, 2, 1, 1, 1, 5, 4, 6, 6, 1, 6, 4, 1, 1, 1, 1, 2, 1, 1, 1, 1,
       4, 6, 1, 2, 2, 1, 1, 2, 1, 1, 1, 1, 2, 1, 1, 1, 1, 1]), 'sensitivity': array([1, 1, 1, 1, 1, 1, 1, 1, 1, 1, 1, 1, 1, 1, 1, 1, 1, 1, 1, 1, 1, 1, 1,
       1, 1, 1, 1, 1, 1, 1, 1, 1, 1, 1, 1, 1, 1, 1, 1, 1, 1, 1, 1, 1, 1, 1,
       1, 1, 1, 1, 1, 1, 1, 1, 1, 1, 1, 1, 1, 1, 1, 1, 1, 1]), 'tpos': array([2, 5, 1, 3, 5, 3, 5, 5, 2, 2, 4, 5, 2, 2, 5, 3, 3, 4, 5, 3, 5, 2, 5,
       5, 2, 5, 4, 5, 5, 5, 1, 2, 0, 0, 5, 0, 2, 5, 5, 5, 5, 4, 5, 5, 5, 5,
       2, 0, 5, 4, 4, 5, 5, 4, 5, 5, 5, 5, 4, 5, 5, 5, 5, 5])}, {'specificity': array([0.84126984, 0.85714286, 0.76190476, 0.31746032, 0.6031746,
       0.79365079, 0.92063492, 0.74603175, 0.58730159, 0.63492063,
       0.77777778, 0.49206349, 0.36507937, 1.0, 0.80952381, 0.88888889,
       0.95238095, 0.53968254, 0.3968254, 0.57142857, 0.73015873,
       0.82539683, 0.96825397, 0.19047619, 0.52380952, 0.38095238,
       0.44444444, 0.11111111, 0.55555556, 0.34920635, 0.87301587,
       0.9047619, 0.93650794, 0.98412698, 0.095238095, 0.68253968,
       0.66666667, 0.50793651, 0.079365079, 0.25396825, 0.12698413,
       0.47619048, 0.22222222, 0.20634921, 0.015873016, 0.3015873,
       0.6984127, 0.047619048, 0.33333333, 0.46031746, 0.61904762,
       0.063492063, 0.42857143, 0.28571429, 0.41269841, 0.17460317,
       0.15873016, 0.14285714, 0.23809524, 0.65079365, 0.71428571,
       0.031746032, 0.26984127]), 'tneg': array([12, 12, 12,  7, 10, 12, 12, 10, 10, 10, 12,  9,  7, 13, 12, 12, 13,
       10,  8, 10, 10, 12, 13,  4,  9,  8,  8,  3, 10,  7, 12, 12, 12, 13,
        3, 10, 10,  9,  3,  4,  3,  9,  4,  4,  0,  6, 10,  1,  7,  9, 10,
        1,  8,  5,  8,  4,  3,  3,  4, 10, 10,  1,  4]), 'fpos': array([ 2,  2,  2,  7,  4,  2,  2,  4,  4,  4,  2,  5,  7,  1,  2,  2,  1,
        4,  6,  4,  4,  2,  1, 10,  5,  6,  6, 11,  4,  7,  2,  2,  2,  1,
       11,  4,  4,  5, 11, 10, 11,  5, 10, 10, 14,  8,  4, 13,  7,  5,  4,
       13,  6,  9,  6, 10, 11, 11, 10,  4,  4, 13, 10]), 'threshold': [0.33305588846328499, 0.33502297021402938, 0.30170290589937382, 0.23856907111917949, 0.26006320263191068, 0.31629270907111307, 0.36497201490886688, 0.28372402179074291, 0.25633231929459044, 0.26483366908185552, 0.30647557228933964, 0.25071784080745224, 0.24038594386676043, 0.54140721317577545, 0.32277274657119409, 0.34796401023851564, 0.39247033231648609, 0.25342849736451317, 0.24273641864232265, 0.25481772849544465, 0.27756164691311785, 0.32866935199789021, 0.43438522318631034, 0.23397466832877331, 0.25285629358034534, 0.24255009606648958, 0.2467233653008345, 0.23277458354096769, 0.25357886961172277, 0.24012330215735719, 0.34178365648195763, 0.35660444335220387, 0.37599372470701486, 0.53670712727481573, 0.23231353689650222, 0.26756257943658895, 0.2673325715078918, 0.25272599699557158, 0.23195289166256597, 0.23507107904279323, 0.23324937172420271, 0.24835740899930858, 0.23455719102576747, 0.23451833154905993, 0.22676903211537236, 0.23759341696810093, 0.2692410007395078, 0.23036725843378095, 0.23887193375115676, 0.24761856097941803, 0.26177692758026738, 0.23131394803582014, 0.24482089351345598, 0.23691126416065947, 0.24331607796088425, 0.2339571665988795, 0.23369775463763548, 0.23328325794314511, 0.23498162839835315, 0.26688611671049645, 0.27036438381329436, 0.22866689073197849, 0.23523867229915726], 'fneg': array([2, 2, 1, 0, 1, 2, 2, 1, 0, 1, 1, 0, 0, 2, 2, 2, 2, 0, 0, 0, 1, 2, 2,
       0, 0, 0, 0, 0, 0, 0, 2, 2, 2, 2, 0, 1, 1, 0, 0, 0, 0, 0, 0, 0, 0, 0,
       1, 0, 0, 0, 1, 0, 0, 0, 0, 0, 0, 0, 0, 1, 1, 0, 0]), 'sensitivity': array([1, 1, 1, 1, 1, 1, 1, 1, 1, 1, 1, 1, 1, 1, 1, 1, 1, 1, 1, 1, 1, 1, 1,
       1, 1, 1, 1, 1, 1, 1, 1, 1, 1, 1, 1, 1, 1, 1, 1, 1, 1, 1, 1, 1, 1, 1,
       1, 1, 1, 1, 1, 1, 1, 1, 1, 1, 1, 1, 1, 1, 1, 1, 1]), 'tpos': array([0, 0, 1, 2, 1, 0, 0, 1, 2, 1, 1, 2, 2, 0, 0, 0, 0, 2, 2, 2, 1, 0, 0,
       2, 2, 2, 2, 2, 2, 2, 0, 0, 0, 0, 2, 1, 1, 2, 2, 2, 2, 2, 2, 2, 2, 2,
       1, 2, 2, 2, 1, 2, 2, 2, 2, 2, 2, 2, 2, 1, 1, 2, 2])}, {'specificity': array([0.765625, 0.15625, 0.34375, 0.609375, 0.265625, 0.65625, 0.234375,
       0.15625, 0.75, 0.828125, 0.8125, 0.59375, 0.28125, 0.15625,
       0.859375, 0.875, 0.90625, 0.390625, 0.671875, 0.6875, 0.546875,
       0.796875, 0.15625, 0.625, 0.890625, 0.78125, 0.203125, 0.734375,
       0.640625, 0.296875, 0.703125, 0.5, 0.375, 0.15625, 0.15625,
       0.921875, 0.84375, 0.9375, 0.953125, 1.0, 0.15625, 1.0, 0.53125,
       0.15625, 0.421875, 0.15625, 0.71875, 0.484375, 0.4375, 0.359375,
       0.25, 1.0, 0.328125, 0.578125, 0.5625, 0.1875, 0.3125, 0.46875,
       0.171875, 0.21875, 0.515625, 0.453125, 0.40625, 0.15625]), 'tneg': array([10,  0,  6, 10,  6, 10,  6,  0, 10, 11, 10, 10,  6,  0, 12, 12, 12,
        6, 10, 10, 10, 10,  0, 10, 12, 10,  6, 10, 10,  6, 10,  9,  6,  0,
        0, 12, 12, 12, 12, 12,  0, 12,  9,  0,  8,  0, 10,  9,  9,  6,  6,
       12,  6, 10, 10,  6,  6,  9,  6,  6,  9,  9,  6,  0]), 'fpos': array([ 2, 12,  6,  2,  6,  2,  6, 12,  2,  1,  2,  2,  6, 12,  0,  0,  0,
        6,  2,  2,  2,  2, 12,  2,  0,  2,  6,  2,  2,  6,  2,  3,  6, 12,
       12,  0,  0,  0,  0,  0, 12,  0,  3, 12,  4, 12,  2,  3,  3,  6,  6,
        0,  6,  2,  2,  6,  6,  3,  6,  6,  3,  3,  6, 12]), 'threshold': [0.27500817849404985, 0.27452747465108818, 0.27453191207893352, 0.27473741624502507, 0.27452787582954308, 0.27478938937589142, 0.27452777229958431, 0.27452747465108818, 0.27489835991094702, 0.2750814345628903, 0.27502891466466811, 0.27472085757097159, 0.27452790099307839, 0.27452747465108818, 0.27512789016271144, 0.2751383192431246, 0.275219036638846, 0.27454722485458105, 0.27479146911874897, 0.27479291580832155, 0.27466471619005578, 0.27502762771268113, 0.27452747465108818, 0.27474182341242565, 0.27520562100276991, 0.27501998957120866, 0.27452768242984821, 0.27485972622215266, 0.27476030637254423, 0.27452823243292002, 0.27483288184850174, 0.27461608426243456, 0.27454720759883033, 0.27452747465108818, 0.27452747465108818, 0.2752358242170071, 0.27511884284976373, 0.27524626807737113, 0.27524667206808168, 0.27524701700874765, 0.27452747465108818, 0.27524701700874765, 0.27463598441166809, 0.27452747465108818, 0.27456673147386246, 0.27452747465108818, 0.27485240035472991, 0.2746082475616542, 0.27458021692561474, 0.27453969494039743, 0.27452784850913498, 0.27524701700874765, 0.27453140449014601, 0.27470412833658675, 0.27467068974631831, 0.2745276666127765, 0.27452989898235747, 0.27460273649836692, 0.27452756883452784, 0.27452768530567945, 0.27463454614585769, 0.27458596717048434, 0.27454730509023578, 0.27452747465108818], 'fneg': array([2, 0, 1, 1, 1, 1, 1, 0, 2, 2, 2, 1, 1, 0, 2, 2, 3, 1, 1, 2, 1, 2, 0,
       1, 2, 2, 1, 2, 1, 1, 2, 1, 1, 0, 0, 3, 2, 3, 3, 3, 0, 3, 1, 0, 1, 0,
       2, 1, 1, 1, 1, 3, 1, 1, 1, 1, 1, 1, 1, 1, 1, 1, 1, 0]), 'sensitivity': array([1, 1, 1, 1, 1, 1, 1, 1, 1, 1, 1, 1, 1, 1, 1, 1, 1, 1, 1, 1, 1, 1, 1,
       1, 1, 1, 1, 1, 1, 1, 1, 1, 1, 1, 1, 1, 1, 1, 1, 1, 1, 1, 1, 1, 1, 1,
       1, 1, 1, 1, 1, 1, 1, 1, 1, 1, 1, 1, 1, 1, 1, 1, 1, 1]), 'tpos': array([1, 3, 2, 2, 2, 2, 2, 3, 1, 1, 1, 2, 2, 3, 1, 1, 0, 2, 2, 1, 2, 1, 3,
       2, 1, 1, 2, 1, 2, 2, 1, 2, 2, 3, 3, 0, 1, 0, 0, 0, 3, 0, 2, 3, 2, 3,
       1, 2, 2, 2, 2, 0, 2, 2, 2, 2, 2, 2, 2, 2, 2, 2, 2, 3])}], <Model object at 0x00000000000003DC>)
#adalasso
([{'specificity': array([0.3015873, 0.68253968, 0.44444444, 0.12698413, 0.6984127, 0.3968254,
       0.93650794, 0.66666667, 0.79365079, 0.20634921, 0.17460317,
       0.36507937, 0.65079365, 0.19047619, 0.34920635, 0.11111111,
       0.49206349, 0.74603175, 0.031746032, 0.095238095, 0.14285714,
       0.85714286, 0.23809524, 0.61904762, 0.6031746, 0.063492063,
       0.53968254, 0.41269841, 0.88888889, 1.0, 0.84126984, 0.82539683,
       0.079365079, 0.80952381, 0.55555556, 0.33333333, 0.50793651,
       0.92063492, 0.47619048, 0.38095238, 0.015873016, 0.58730159,
       0.76190476, 0.71428571, 0.42857143, 0.57142857, 0.77777778,
       0.73015873, 0.26984127, 0.15873016, 0.31746032, 0.25396825,
       0.46031746, 0.96825397, 0.22222222, 0.52380952, 0.047619048,
       0.98412698, 0.95238095, 0.9047619, 0.87301587, 0.63492063,
       0.28571429]), 'tneg': array([ 5,  8,  5,  1,  8,  5, 12,  7,  9,  2,  2,  5,  7,  2,  5,  1,  5,
        8,  0,  1,  1, 10,  2,  7,  7,  0,  5,  5, 11, 12, 10, 10,  0, 10,
        5,  5,  5, 11,  5,  5,  0,  6,  8,  8,  5,  6,  9,  8,  5,  1,  5,
        4,  5, 12,  2,  5,  0, 12, 12, 11, 11,  7,  5]), 'fpos': array([ 7,  4,  7, 11,  4,  7,  0,  5,  3, 10, 10,  7,  5, 10,  7, 11,  7,
        4, 12, 11, 11,  2, 10,  5,  5, 12,  7,  7,  1,  0,  2,  2, 12,  2,
        7,  7,  7,  1,  7,  7, 12,  6,  4,  4,  7,  6,  3,  4,  7, 11,  7,
        8,  7,  0, 10,  7, 12,  0,  0,  1,  1,  5,  7]), 'threshold': [0.18742529671064237, 0.18765877830855038, 0.18747319376260743, 0.18726595537438875, 0.18766157381584617, 0.18745494113298269, 0.18788274912777794, 0.18764381976520925, 0.18772834317234369, 0.18731583838472515, 0.18729093188374549, 0.18744498543523616, 0.18761658941174539, 0.18730497881313701, 0.18744331043366083, 0.18726003318035792, 0.18748374876316321, 0.18770095304553092, 0.18716973218736102, 0.18725910700407164, 0.18727038476631622, 0.18777164377072564, 0.18737592555832719, 0.18759624387758828, 0.18756994573982597, 0.18721872915829152, 0.18753325307998733, 0.18745527634888892, 0.18781442254700168, 0.18795280884929705, 0.18776366675604736, 0.1877561498335828, 0.18723689251944797, 0.18774323288096281, 0.18753579667370743, 0.18742856206504321, 0.18749289063463689, 0.18785062267821573, 0.18747589132844003, 0.18744598941885299, 0.18713172977865797, 0.18755611549261478, 0.18771519295219769, 0.18766609323485925, 0.18747008897531428, 0.18754477708414391, 0.18772661939119995, 0.18767021817131477, 0.18739792297967417, 0.18728480970204431, 0.18742694748877359, 0.18738613763278866, 0.18747460524598431, 0.18790863767341104, 0.18732081043692109, 0.18753260806232597, 0.18721699802176464, 0.18791130413203724, 0.18790426144714542, 0.18781615225914566, 0.18781391567234038, 0.18760703071608725, 0.18740179259130677], 'fneg': array([1, 4, 2, 1, 4, 2, 5, 4, 5, 1, 1, 2, 3, 1, 1, 1, 2, 4, 0, 1, 1, 5, 1,
       3, 3, 0, 3, 2, 5, 5, 5, 5, 1, 5, 3, 1, 2, 5, 2, 2, 0, 3, 5, 4, 2, 3,
       5, 4, 1, 1, 1, 1, 2, 5, 1, 3, 0, 5, 5, 5, 5, 3, 1]), 'sensitivity': array([1, 1, 1, 1, 1, 1, 1, 1, 1, 1, 1, 1, 1, 1, 1, 1, 1, 1, 1, 1, 1, 1, 1,
       1, 1, 1, 1, 1, 1, 1, 1, 1, 1, 1, 1, 1, 1, 1, 1, 1, 1, 1, 1, 1, 1, 1,
       1, 1, 1, 1, 1, 1, 1, 1, 1, 1, 1, 1, 1, 1, 1, 1, 1]), 'tpos': array([4, 1, 3, 4, 1, 3, 0, 1, 0, 4, 4, 3, 2, 4, 4, 4, 3, 1, 5, 4, 4, 0, 4,
       2, 2, 5, 2, 3, 0, 0, 0, 0, 4, 0, 2, 4, 3, 0, 3, 3, 5, 2, 0, 1, 3, 2,
       0, 1, 4, 4, 4, 4, 3, 0, 4, 2, 5, 0, 0, 0, 0, 2, 4])}, {'specificity': array([0.921875, 0.84375, 0.6875, 1.0, 0.96875, 0.609375, 0.8125, 0.734375,
       0.71875, 0.125, 0.765625, 0.78125, 0.953125, 0.796875, 0.859375,
       0.890625, 0.5625, 0.4375, 0.1875, 0.5, 0.828125, 0.265625, 0.328125,
       0.703125, 0.3125, 0.0625, 0.359375, 0.625, 0.90625, 0.9375,
       0.984375, 0.078125, 0.453125, 0.640625, 0.171875, 0.28125, 0.046875,
       0.515625, 0.375, 0.21875, 0.140625, 0.015625, 0.34375, 0.546875,
       0.53125, 0.09375, 0.203125, 0.484375, 0.671875, 0.25, 0.59375,
       0.109375, 0.40625, 0.390625, 0.46875, 0.296875, 0.75, 0.65625,
       0.03125, 0.875, 0.234375, 0.421875, 0.578125, 0.15625]), 'tneg': array([10, 10,  7, 10, 10,  6,  9,  9,  7,  0,  9,  9, 10,  9, 10, 10,  5,
        3,  0,  4,  9,  0,  1,  7,  1,  0,  1,  6, 10, 10, 10,  0,  3,  7,
        0,  1,  0,  5,  2,  0,  0,  0,  1,  5,  5,  0,  0,  4,  7,  0,  6,
        0,  2,  2,  3,  1,  9,  7,  0, 10,  0,  2,  5,  0]), 'fpos': array([ 0,  0,  3,  0,  0,  4,  1,  1,  3, 10,  1,  1,  0,  1,  0,  0,  5,
        7, 10,  6,  1, 10,  9,  3,  9, 10,  9,  4,  0,  0,  0, 10,  7,  3,
       10,  9, 10,  5,  8, 10, 10, 10,  9,  5,  5, 10, 10,  6,  3, 10,  4,
       10,  8,  8,  7,  9,  1,  3, 10,  0, 10,  8,  5, 10]), 'threshold': [0.37267025434436024, 0.29475754331198928, 0.14977768014124024, 0.64912800377128854, 0.61724688948985007, 0.13776961621695272, 0.21272121124269963, 0.17869723879436747, 0.16354983757524477, 0.10623462606179449, 0.17992277984648397, 0.18027055067821862, 0.58948295245852478, 0.2046620994483801, 0.32102628281213724, 0.34321777395911579, 0.13011860734992845, 0.11982529971683541, 0.10776614782103162, 0.12340545653520327, 0.21488768172947448, 0.11147379249716959, 0.11408539170163609, 0.15441973769628636, 0.11375903043422209, 0.09613052039226691, 0.11478393327926323, 0.13845636940508646, 0.36528369877645894, 0.44967046411466005, 0.63597107730860614, 0.10318545960555414, 0.12060531948079332, 0.14332014068912088, 0.10736295554270128, 0.1119234393538235, 0.092072459856577304, 0.12633561561644205, 0.11640461472472836, 0.10906621760048083, 0.10635694008362044, 0.09074218453044379, 0.11449079391725173, 0.12884465036418066, 0.12783065174817138, 0.10375019937617865, 0.10819786553237294, 0.12279114293778728, 0.14911221832041879, 0.11075937769437937, 0.13724385755650551, 0.10494127363777417, 0.11791533312232738, 0.11720526716920718, 0.12202342562579412, 0.1123093209842268, 0.17935989829058846, 0.14373289575073814, 0.091944153427404182, 0.32344186510414324, 0.11054086214453252, 0.11810336358911504, 0.13359152585273915, 0.10722133992127626], 'fneg': array([6, 6, 4, 6, 6, 4, 6, 5, 4, 0, 5, 5, 6, 6, 6, 6, 3, 1, 0, 2, 6, 0, 0,
       4, 0, 0, 0, 4, 6, 6, 6, 0, 1, 4, 0, 0, 0, 3, 1, 0, 0, 0, 0, 3, 3, 0,
       0, 2, 4, 0, 4, 0, 1, 1, 2, 0, 5, 4, 0, 6, 0, 1, 3, 0]), 'sensitivity': array([1, 1, 1, 1, 1, 1, 1, 1, 1, 1, 1, 1, 1, 1, 1, 1, 1, 1, 1, 1, 1, 1, 1,
       1, 1, 1, 1, 1, 1, 1, 1, 1, 1, 1, 1, 1, 1, 1, 1, 1, 1, 1, 1, 1, 1, 1,
       1, 1, 1, 1, 1, 1, 1, 1, 1, 1, 1, 1, 1, 1, 1, 1, 1, 1]), 'tpos': array([0, 0, 2, 0, 0, 2, 0, 1, 2, 6, 1, 1, 0, 0, 0, 0, 3, 5, 6, 4, 0, 6, 6,
       2, 6, 6, 6, 2, 0, 0, 0, 6, 5, 2, 6, 6, 6, 3, 5, 6, 6, 6, 6, 3, 3, 6,
       6, 4, 2, 6, 2, 6, 5, 5, 4, 6, 1, 2, 6, 0, 6, 5, 3, 6])}, {'specificity': array([0.890625, 0.546875, 0.984375, 0.96875, 0.640625, 0.875, 0.71875,
       0.703125, 0.390625, 0.796875, 0.796875, 0.609375, 0.953125, 0.75,
       0.9375, 0.859375, 0.390625, 0.546875, 0.546875, 0.46875, 0.390625,
       0.390625, 0.796875, 0.921875, 0.4375, 0.390625, 0.390625, 0.90625,
       0.390625, 0.390625, 0.390625, 0.671875, 0.4375, 0.75, 0.84375,
       0.84375, 1.0, 0.671875, 0.390625, 0.59375, 0.390625, 0.390625,
       0.390625, 0.4375, 0.46875, 0.390625, 0.390625, 0.390625, 0.59375,
       0.6875, 0.390625, 0.390625, 0.59375, 0.625, 0.390625, 0.390625,
       0.390625, 0.390625, 0.390625, 0.8125, 0.390625, 0.5, 0.5, 0.390625]), 'tneg': array([12,  7, 15, 15, 10, 12, 12, 11,  7, 12, 12,  9, 15, 12, 14, 12,  7,
        7,  7,  7,  7,  7, 12, 13,  7,  7,  7, 13,  7,  7,  7, 11,  7, 12,
       12, 12, 15, 11,  7,  8,  7,  7,  7,  7,  7,  7,  7,  7,  8, 11,  7,
        7,  8, 10,  7,  7,  7,  7,  7, 12,  7,  7,  7,  7]), 'fpos': array([3, 8, 0, 0, 5, 3, 3, 4, 8, 3, 3, 6, 0, 3, 1, 3, 8, 8, 8, 8, 8, 8, 3,
       2, 8, 8, 8, 2, 8, 8, 8, 4, 8, 3, 3, 3, 0, 4, 8, 7, 8, 8, 8, 8, 8, 8,
       8, 8, 7, 4, 8, 8, 7, 5, 8, 8, 8, 8, 8, 3, 8, 8, 8, 8]), 'threshold': [0.29655924567874492, 0.23166252764990949, 0.49613800515839879, 0.49100812156852375, 0.25300490061709791, 0.29229583290254646, 0.27560818907039292, 0.27288498989313986, 0.22563013403420615, 0.27972440406613713, 0.27972440406613713, 0.2465951254556272, 0.48929852774231081, 0.27834816070994728, 0.37245833549760043, 0.29088271678547606, 0.22563013403420615, 0.23166252764990949, 0.23166252764990949, 0.22802965167919642, 0.22563013403420615, 0.22563013403420615, 0.27972440406613713, 0.31396562710606063, 0.22682765077818987, 0.22563013403420615, 0.22563013403420615, 0.30664542747691054, 0.22563013403420615, 0.22563013403420615, 0.22563013403420615, 0.26883185487536748, 0.22682765077818987, 0.27834816070994728, 0.28947363802448278, 0.28947363802448278, 0.54221418128561893, 0.26883185487536748, 0.22563013403420615, 0.23533563713406713, 0.22563013403420615, 0.22563013403420615, 0.22563013403420615, 0.22682765077818987, 0.22802965167919642, 0.22563013403420615, 0.22563013403420615, 0.22563013403420615, 0.23533563713406713, 0.27152971108771701, 0.22563013403420615, 0.22563013403420615, 0.23533563713406713, 0.25171417596041129, 0.22563013403420615, 0.22563013403420615, 0.22563013403420615, 0.22563013403420615, 0.22563013403420615, 0.2880686121724681, 0.22563013403420615, 0.22923613368657003, 0.22923613368657003, 0.22563013403420615], 'fneg': array([1, 0, 1, 1, 1, 1, 1, 1, 0, 1, 1, 1, 1, 1, 1, 1, 0, 0, 0, 0, 0, 0, 1,
       1, 0, 0, 0, 1, 0, 0, 0, 1, 0, 1, 1, 1, 1, 1, 0, 0, 0, 0, 0, 0, 0, 0,
       0, 0, 0, 1, 0, 0, 0, 1, 0, 0, 0, 0, 0, 1, 0, 0, 0, 0]), 'sensitivity': array([1, 1, 1, 1, 1, 1, 1, 1, 1, 1, 1, 1, 1, 1, 1, 1, 1, 1, 1, 1, 1, 1, 1,
       1, 1, 1, 1, 1, 1, 1, 1, 1, 1, 1, 1, 1, 1, 1, 1, 1, 1, 1, 1, 1, 1, 1,
       1, 1, 1, 1, 1, 1, 1, 1, 1, 1, 1, 1, 1, 1, 1, 1, 1, 1]), 'tpos': array([0, 1, 0, 0, 0, 0, 0, 0, 1, 0, 0, 0, 0, 0, 0, 0, 1, 1, 1, 1, 1, 1, 0,
       0, 1, 1, 1, 0, 1, 1, 1, 0, 1, 0, 0, 0, 0, 0, 1, 1, 1, 1, 1, 1, 1, 1,
       1, 1, 1, 0, 1, 1, 1, 0, 1, 1, 1, 1, 1, 0, 1, 1, 1, 1])}, {'specificity': array([0.765625, 0.84375, 0.890625, 0.984375, 0.9375, 0.328125, 0.265625,
       0.796875, 0.734375, 0.671875, 0.46875, 0.953125, 0.78125, 0.8125,
       0.109375, 0.234375, 0.640625, 0.578125, 0.34375, 0.09375, 0.59375,
       0.90625, 0.03125, 0.703125, 0.140625, 0.484375, 0.390625, 0.6875,
       0.0625, 0.5625, 0.546875, 0.859375, 0.921875, 0.96875, 1.0, 0.4375,
       0.828125, 0.75, 0.125, 0.28125, 0.078125, 0.359375, 0.25, 0.015625,
       0.453125, 0.421875, 0.875, 0.71875, 0.609375, 0.53125, 0.296875,
       0.046875, 0.3125, 0.21875, 0.1875, 0.203125, 0.375, 0.65625,
       0.40625, 0.515625, 0.171875, 0.5, 0.625, 0.15625]), 'tneg': array([11, 13, 13, 14, 14,  3,  3, 11, 11,  9,  6, 14, 11, 11,  1,  3,  6,
        6,  3,  1,  6, 13,  0, 11,  1,  6,  4,  9,  1,  6,  6, 13, 13, 14,
       14,  6, 12, 11,  1,  3,  1,  3,  3,  0,  6,  6, 13, 11,  6,  6,  3,
        0,  3,  3,  3,  3,  3,  9,  5,  6,  3,  6,  6,  1]), 'fpos': array([ 3,  1,  1,  0,  0, 11, 11,  3,  3,  5,  8,  0,  3,  3, 13, 11,  8,
        8, 11, 13,  8,  1, 14,  3, 13,  8, 10,  5, 13,  8,  8,  1,  1,  0,
        0,  8,  2,  3, 13, 11, 13, 11, 11, 14,  8,  8,  1,  3,  8,  8, 11,
       14, 11, 11, 11, 11, 11,  5,  9,  8, 11,  8,  8, 13]), 'threshold': [0.28376606710058888, 0.39251690928513921, 0.41522202676860187, 0.63988104539137536, 0.51858077726411378, 0.18820476427029168, 0.17936448610789738, 0.32346707927696683, 0.26092223517918012, 0.2279967759669255, 0.20459061860201694, 0.57048591042596852, 0.31040839130523307, 0.33911693505696383, 0.16410422576668943, 0.1777345528694208, 0.2237524037618438, 0.2170285897973018, 0.18902718240678818, 0.16237856048259902, 0.22097767858571341, 0.42084080310201177, 0.15204817411150035, 0.24348318385051426, 0.16577928605919043, 0.20737694080623517, 0.19688877916135467, 0.23559722447367776, 0.15844501822144883, 0.21498628736768188, 0.21448688649897205, 0.40391519552430721, 0.49490264244010568, 0.58250580707113264, 0.66623640274730889, 0.20193646799417864, 0.3758164872463769, 0.26869721722710188, 0.16419444675947531, 0.18144432251807124, 0.16081967286927251, 0.19208777484952588, 0.17846492076478004, 0.13919429988149504, 0.20277450284955326, 0.20168028744929756, 0.40842477125859433, 0.24471306468714027, 0.22185974790318053, 0.21148450540623118, 0.18269333302419324, 0.15462723845952911, 0.18543393093581947, 0.17759126871059339, 0.17506633783891223, 0.17620768145596238, 0.19397355868829191, 0.22741193412834149, 0.19844414653131967, 0.21004185236878392, 0.17490652078070496, 0.20976542647640206, 0.22326854441205032, 0.16617973199953323], 'fneg': array([1, 2, 2, 2, 2, 0, 0, 2, 0, 0, 0, 2, 2, 2, 0, 0, 0, 0, 0, 0, 0, 2, 0,
       0, 0, 0, 0, 0, 0, 0, 0, 2, 2, 2, 2, 0, 2, 0, 0, 0, 0, 0, 0, 0, 0, 0,
       2, 0, 0, 0, 0, 0, 0, 0, 0, 0, 0, 0, 0, 0, 0, 0, 0, 0]), 'sensitivity': array([1, 1, 1, 1, 1, 1, 1, 1, 1, 1, 1, 1, 1, 1, 1, 1, 1, 1, 1, 1, 1, 1, 1,
       1, 1, 1, 1, 1, 1, 1, 1, 1, 1, 1, 1, 1, 1, 1, 1, 1, 1, 1, 1, 1, 1, 1,
       1, 1, 1, 1, 1, 1, 1, 1, 1, 1, 1, 1, 1, 1, 1, 1, 1, 1]), 'tpos': array([1, 0, 0, 0, 0, 2, 2, 0, 2, 2, 2, 0, 0, 0, 2, 2, 2, 2, 2, 2, 2, 0, 2,
       2, 2, 2, 2, 2, 2, 2, 2, 0, 0, 0, 0, 2, 0, 2, 2, 2, 2, 2, 2, 2, 2, 2,
       0, 2, 2, 2, 2, 2, 2, 2, 2, 2, 2, 2, 2, 2, 2, 2, 2, 2])}, {'specificity': array([0.61538462, 0.66153846, 1.0, 0.96923077, 0.76923077, 0.92307692,
       0.86153846, 0.58461538, 0.53846154, 0.86153846, 0.90769231,
       0.73846154, 0.53846154, 0.98461538, 0.89230769, 0.95384615,
       0.93846154, 0.53846154, 0.53846154, 0.66153846, 0.66153846,
       0.53846154, 0.81538462, 0.53846154, 0.53846154, 0.53846154,
       0.53846154, 0.53846154, 0.53846154, 0.53846154, 0.72307692,
       0.58461538, 0.53846154, 0.89230769, 0.53846154, 0.53846154,
       0.70769231, 0.70769231, 0.53846154, 0.58461538, 0.53846154,
       0.53846154, 0.53846154, 0.53846154, 0.70769231, 0.83076923,
       0.53846154, 0.53846154, 0.75384615, 0.53846154, 0.53846154,
       0.53846154, 0.53846154, 0.53846154, 0.53846154, 0.53846154,
       0.53846154, 0.53846154, 0.78461538, 0.81538462, 0.53846154,
       0.53846154, 0.61538462, 0.53846154, 0.53846154]), 'tneg': array([8, 8, 9, 9, 9, 9, 9, 8, 0, 9, 9, 9, 0, 9, 9, 9, 9, 0, 0, 8, 8, 0, 9,
       0, 0, 0, 0, 0, 0, 0, 9, 8, 0, 9, 0, 0, 8, 8, 0, 8, 0, 0, 0, 0, 8, 9,
       0, 0, 9, 0, 0, 0, 0, 0, 0, 0, 0, 0, 9, 9, 0, 0, 8, 0, 0]), 'fpos': array([1, 1, 0, 0, 0, 0, 0, 1, 9, 0, 0, 0, 9, 0, 0, 0, 0, 9, 9, 1, 1, 9, 0,
       9, 9, 9, 9, 9, 9, 9, 0, 1, 9, 0, 9, 9, 1, 1, 9, 1, 9, 9, 9, 9, 1, 0,
       9, 9, 0, 9, 9, 9, 9, 9, 9, 9, 9, 9, 0, 0, 9, 9, 1, 9, 9]), 'threshold': [0.18443952299246014, 0.18444264605376157, 0.18470825584848141, 0.18470512930832456, 0.18446919372707124, 0.18451448775849116, 0.18449262060009472, 0.18443639997208081, 0.18443483847723691, 0.18449262060009472, 0.18450043006932043, 0.18446138528094111, 0.18443483847723691, 0.18470669257328634, 0.18449886815501304, 0.18459728873848491, 0.1845847886356223, 0.18443483847723691, 0.18443483847723691, 0.18444264605376157, 0.18444264605376157, 0.18443483847723691, 0.1844816877728836, 0.18443483847723691, 0.18443483847723691, 0.18443483847723691, 0.18443483847723691, 0.18443483847723691, 0.18443483847723691, 0.18443483847723691, 0.18444889229913111, 0.18443639997208081, 0.18443483847723691, 0.18449886815501304, 0.18443483847723691, 0.18443483847723691, 0.18444733072244285, 0.18444733072244285, 0.18443483847723691, 0.18443639997208081, 0.18443483847723691, 0.18443483847723691, 0.18443483847723691, 0.18443483847723691, 0.18444733072244285, 0.18449105873694288, 0.18443483847723691, 0.18443483847723691, 0.18446763201738359, 0.18443483847723691, 0.18443483847723691, 0.18443483847723691, 0.18443483847723691, 0.18443483847723691, 0.18443483847723691, 0.18443483847723691, 0.18443483847723691, 0.18443483847723691, 0.18447231717713897, 0.1844816877728836, 0.18443483847723691, 0.18443483847723691, 0.18443952299246014, 0.18443483847723691, 0.18443483847723691], 'fneg': array([1, 1, 6, 6, 1, 4, 1, 0, 0, 1, 2, 1, 0, 6, 2, 5, 5, 0, 0, 1, 1, 0, 1,
       0, 0, 0, 0, 0, 0, 0, 1, 0, 0, 2, 0, 0, 1, 1, 0, 0, 0, 0, 0, 0, 1, 1,
       0, 0, 1, 0, 0, 0, 0, 0, 0, 0, 0, 0, 1, 1, 0, 0, 1, 0, 0]), 'sensitivity': array([1, 1, 1, 1, 1, 1, 1, 1, 1, 1, 1, 1, 1, 1, 1, 1, 1, 1, 1, 1, 1, 1, 1,
       1, 1, 1, 1, 1, 1, 1, 1, 1, 1, 1, 1, 1, 1, 1, 1, 1, 1, 1, 1, 1, 1, 1,
       1, 1, 1, 1, 1, 1, 1, 1, 1, 1, 1, 1, 1, 1, 1, 1, 1, 1, 1]), 'tpos': array([5, 5, 0, 0, 5, 2, 5, 6, 6, 5, 4, 5, 6, 0, 4, 1, 1, 6, 6, 5, 5, 6, 5,
       6, 6, 6, 6, 6, 6, 6, 5, 6, 6, 4, 6, 6, 5, 5, 6, 6, 6, 6, 6, 6, 5, 5,
       6, 6, 5, 6, 6, 6, 6, 6, 6, 6, 6, 6, 5, 5, 6, 6, 5, 6, 6])}], <Model object at 0x0000000000000A33>)
#adalasso
([{'specificity': array([0.9047619, 0.65079365, 0.6984127, 1.0, 0.96825397, 0.88888889,
       0.63492063, 0.11111111, 0.66666667, 0.095238095, 0.98412698,
       0.87301587, 0.93650794, 0.92063492, 0.25396825, 0.12698413,
       0.68253968, 0.33333333, 0.26984127, 0.84126984, 0.80952381,
       0.95238095, 0.41269841, 0.52380952, 0.31746032, 0.55555556,
       0.19047619, 0.14285714, 0.57142857, 0.3968254, 0.095238095,
       0.85714286, 0.095238095, 0.73015873, 0.71428571, 0.095238095,
       0.53968254, 0.61904762, 0.28571429, 0.6031746, 0.3015873,
       0.36507937, 0.23809524, 0.76190476, 0.82539683, 0.47619048,
       0.74603175, 0.77777778, 0.50793651, 0.22222222, 0.17460317,
       0.34920635, 0.38095238, 0.46031746, 0.49206349, 0.58730159,
       0.20634921, 0.44444444, 0.15873016, 0.79365079, 0.42857143,
       0.095238095, 0.095238095]), 'tneg': array([10,  8,  8, 10, 10, 10,  7,  0,  8,  0, 10, 10, 10, 10,  5,  0,  8,
        5,  5, 10, 10, 10,  6,  6,  5,  6,  2,  0,  6,  6,  0, 10,  0,  8,
        8,  0,  6,  7,  5,  6,  5,  5,  4,  8, 10,  6,  8,  9,  6,  4,  0,
        5,  6,  6,  6,  6,  2,  6,  0, 10,  6,  0,  0]), 'fpos': array([ 1,  3,  3,  1,  1,  1,  4, 11,  3, 11,  1,  1,  1,  1,  6, 11,  3,
        6,  6,  1,  1,  1,  5,  5,  6,  5,  9, 11,  5,  5, 11,  1, 11,  3,
        3, 11,  5,  4,  6,  5,  6,  6,  7,  3,  1,  5,  3,  2,  5,  7, 11,
        6,  5,  5,  5,  5,  9,  5, 11,  1,  5, 11, 11]), 'threshold': [0.24682957497888858, 0.18499138501229623, 0.18720980195976503, 0.43971525369335746, 0.43601439866355124, 0.24284103074138236, 0.18278803123816881, 0.18154513125956964, 0.18604074497836437, 0.1815450497328813, 0.43788076313401186, 0.23890673379946087, 0.3195598922689401, 0.30717327891975404, 0.1815535207478943, 0.18154513245849174, 0.18697839484274118, 0.18156210022110123, 0.18155614913423535, 0.22723012960046002, 0.21594702290531576, 0.33413994079960285, 0.18159372359635345, 0.18163526300625471, 0.18155826582086626, 0.18164255562223319, 0.1815493457485923, 0.18154617432412584, 0.18165958396746007, 0.18159191405312231, 0.1815450497328813, 0.22992898678492943, 0.1815450497328813, 0.19032787126471598, 0.19031703371843778, 0.1815450497328813, 0.18163575475471702, 0.1826260822687395, 0.18155685749193745, 0.18172590134598671, 0.18155719008988078, 0.18158617061507787, 0.18155311262049345, 0.1904476640492532, 0.22362162650352374, 0.18161153677404812, 0.19040706383567208, 0.20514615005261477, 0.18162742035797458, 0.18155227718449157, 0.18154738596336068, 0.18156399274505619, 0.18158997165778476, 0.18160653422061204, 0.18161703905904986, 0.1816830960304619, 0.18155008885511551, 0.18159779889738092, 0.1815466802720615, 0.20869458870463431, 0.18159380927383664, 0.1815450497328813, 0.1815450497328813], 'fneg': array([5, 3, 4, 6, 6, 5, 3, 1, 3, 0, 6, 5, 6, 6, 1, 1, 3, 1, 1, 4, 4, 6, 1,
       1, 1, 1, 1, 1, 1, 1, 0, 5, 0, 4, 4, 0, 1, 2, 1, 1, 1, 1, 1, 4, 4, 1,
       4, 4, 1, 1, 1, 1, 1, 1, 1, 1, 1, 1, 1, 4, 1, 0, 0]), 'sensitivity': array([1, 1, 1, 1, 1, 1, 1, 1, 1, 1, 1, 1, 1, 1, 1, 1, 1, 1, 1, 1, 1, 1, 1,
       1, 1, 1, 1, 1, 1, 1, 1, 1, 1, 1, 1, 1, 1, 1, 1, 1, 1, 1, 1, 1, 1, 1,
       1, 1, 1, 1, 1, 1, 1, 1, 1, 1, 1, 1, 1, 1, 1, 1, 1]), 'tpos': array([1, 3, 2, 0, 0, 1, 3, 5, 3, 6, 0, 1, 0, 0, 5, 5, 3, 5, 5, 2, 2, 0, 5,
       5, 5, 5, 5, 5, 5, 5, 6, 1, 6, 2, 2, 6, 5, 4, 5, 5, 5, 5, 5, 2, 2, 5,
       2, 2, 5, 5, 5, 5, 5, 5, 5, 5, 5, 5, 5, 2, 5, 6, 6])}, {'specificity': array([0.890625, 0.671875, 0.71875, 0.984375, 0.953125, 0.578125, 0.796875,
       0.875, 0.90625, 0.640625, 0.578125, 0.640625, 0.6875, 0.578125,
       0.96875, 0.921875, 0.578125, 0.578125, 0.71875, 0.65625, 0.578125,
       0.578125, 0.84375, 0.8125, 0.859375, 0.9375, 0.578125, 0.578125,
       0.578125, 0.578125, 0.578125, 0.578125, 0.78125, 0.640625, 1.0,
       0.578125, 0.765625, 0.765625, 0.578125, 0.578125, 0.640625,
       0.578125, 0.578125, 0.578125, 0.578125, 0.578125, 0.828125,
       0.578125, 0.765625, 0.578125, 0.578125, 0.578125, 0.578125,
       0.578125, 0.578125, 0.578125, 0.578125, 0.578125, 0.578125,
       0.578125, 0.578125, 0.578125, 0.578125, 0.578125]), 'tneg': array([14,  8,  8, 14, 14,  0, 11, 14, 14,  8,  0,  8,  8,  0, 14, 14,  0,
        0,  8,  8,  0,  0, 12, 12, 12, 14,  0,  0,  0,  0,  0,  0, 10,  8,
       14,  0,  9,  9,  0,  0,  8,  0,  0,  0,  0,  0, 12,  0,  9,  0,  0,
        0,  0,  0,  0,  0,  0,  0,  0,  0,  0,  0,  0,  0]), 'fpos': array([ 0,  6,  6,  0,  0, 14,  3,  0,  0,  6, 14,  6,  6, 14,  0,  0, 14,
       14,  6,  6, 14, 14,  2,  2,  2,  0, 14, 14, 14, 14, 14, 14,  4,  6,
        0, 14,  5,  5, 14, 14,  6, 14, 14, 14, 14, 14,  2, 14,  5, 14, 14,
       14, 14, 14, 14, 14, 14, 14, 14, 14, 14, 14, 14, 14]), 'threshold': [0.25014253224694405, 0.2499007142051202, 0.24991019432819936, 0.25071688098509731, 0.25070738048902363, 0.24988649447015221, 0.24999078505640435, 0.25012830334051023, 0.25026112744313894, 0.24989123432185431, 0.24988649447015221, 0.24989123432185431, 0.24990545423668326, 0.24988649447015221, 0.25071213070711651, 0.25037976009211244, 0.24988649447015221, 0.24988649447015221, 0.24991019432819936, 0.24989597423351032, 0.24988649447015221, 0.24988649447015221, 0.25007139310903803, 0.25002871609969707, 0.25007613529866818, 0.25042247701303361, 0.24988649447015221, 0.24988649447015221, 0.24988649447015221, 0.24988649447015221, 0.24988649447015221, 0.24988649447015221, 0.24992915529378523, 0.24989123432185431, 0.25108283220261429, 0.24988649447015221, 0.24992441496246132, 0.24992441496246132, 0.24988649447015221, 0.24988649447015221, 0.24989123432185431, 0.24988649447015221, 0.24988649447015221, 0.24988649447015221, 0.24988649447015221, 0.24988649447015221, 0.25005716689978696, 0.24988649447015221, 0.24992441496246132, 0.24988649447015221, 0.24988649447015221, 0.24988649447015221, 0.24988649447015221, 0.24988649447015221, 0.24988649447015221, 0.24988649447015221, 0.24988649447015221, 0.24988649447015221, 0.24988649447015221, 0.24988649447015221, 0.24988649447015221, 0.24988649447015221, 0.24988649447015221, 0.24988649447015221], 'fneg': array([1, 1, 1, 2, 2, 0, 1, 1, 1, 1, 0, 1, 1, 0, 2, 2, 0, 0, 1, 1, 0, 0, 1,
       1, 1, 2, 0, 0, 0, 0, 0, 0, 1, 1, 2, 0, 1, 1, 0, 0, 1, 0, 0, 0, 0, 0,
       1, 0, 1, 0, 0, 0, 0, 0, 0, 0, 0, 0, 0, 0, 0, 0, 0, 0]), 'sensitivity': array([1, 1, 1, 1, 1, 1, 1, 1, 1, 1, 1, 1, 1, 1, 1, 1, 1, 1, 1, 1, 1, 1, 1,
       1, 1, 1, 1, 1, 1, 1, 1, 1, 1, 1, 1, 1, 1, 1, 1, 1, 1, 1, 1, 1, 1, 1,
       1, 1, 1, 1, 1, 1, 1, 1, 1, 1, 1, 1, 1, 1, 1, 1, 1, 1]), 'tpos': array([1, 1, 1, 0, 0, 2, 1, 1, 1, 1, 2, 1, 1, 2, 0, 0, 2, 2, 1, 1, 2, 2, 1,
       1, 1, 0, 2, 2, 2, 2, 2, 2, 1, 1, 0, 2, 1, 1, 2, 2, 1, 2, 2, 2, 2, 2,
       1, 2, 1, 2, 2, 2, 2, 2, 2, 2, 2, 2, 2, 2, 2, 2, 2, 2])}, {'specificity': array([0.875, 0.625, 0.6875, 0.984375, 0.953125, 0.53125, 0.78125,
       0.859375, 0.890625, 0.59375, 0.59375, 0.640625, 0.53125, 0.96875,
       0.84375, 0.921875, 0.90625, 0.53125, 0.6875, 0.6875, 0.609375,
       0.53125, 0.53125, 0.8125, 0.9375, 0.53125, 0.53125, 0.53125,
       0.53125, 0.53125, 0.53125, 0.53125, 0.75, 0.59375, 0.53125,
       0.828125, 1.0, 0.734375, 0.53125, 0.53125, 0.53125, 0.59375,
       0.53125, 0.53125, 0.53125, 0.734375, 0.53125, 0.53125, 0.734375,
       0.765625, 0.53125, 0.53125, 0.53125, 0.53125, 0.53125, 0.53125,
       0.53125, 0.53125, 0.53125, 0.796875, 0.53125, 0.53125, 0.53125,
       0.53125]), 'tneg': array([15, 12, 12, 15, 15,  0, 13, 15, 15, 12, 12, 12,  0, 15, 15, 15, 15,
        0, 12, 12, 12,  0,  0, 15, 15,  0,  0,  0,  0,  0,  0,  0, 13, 12,
        0, 15, 15, 12,  0,  0,  0, 12,  0,  0,  0, 12,  0,  0, 12, 13,  0,
        0,  0,  0,  0,  0,  0,  0,  0, 13,  0,  0,  0,  0]), 'fpos': array([ 0,  3,  3,  0,  0, 15,  2,  0,  0,  3,  3,  3, 15,  0,  0,  0,  0,
       15,  3,  3,  3, 15, 15,  0,  0, 15, 15, 15, 15, 15, 15, 15,  2,  3,
       15,  0,  0,  3, 15, 15, 15,  3, 15, 15, 15,  3, 15, 15,  3,  2, 15,
       15, 15, 15, 15, 15, 15, 15, 15,  2, 15, 15, 15, 15]), 'threshold': [0.27669858135467823, 0.27651570460432501, 0.27652287483469851, 0.27713276405162196, 0.27712558406449717, 0.27650494947413706, 0.27658382643028279, 0.27668782183175539, 0.27678825409166424, 0.27650853448881646, 0.27650853448881646, 0.27651928970515377, 0.27650494947413706, 0.27712917404372128, 0.27667706256717883, 0.27687794476531224, 0.2768492417984566, 0.27650494947413706, 0.27652287483469851, 0.27652287483469851, 0.2765121195322125, 0.27650494947413706, 0.27650494947413706, 0.2766483724580483, 0.27691023779802304, 0.27650494947413706, 0.27650494947413706, 0.27650494947413706, 0.27650494947413706, 0.27650494947413706, 0.27650494947413706, 0.27650494947413706, 0.27653721564003281, 0.27650853448881646, 0.27650494947413706, 0.27665195862121517, 0.27740928075736204, 0.27653363039562634, 0.27650494947413706, 0.27650494947413706, 0.27650494947413706, 0.27650853448881646, 0.27650494947413706, 0.27650494947413706, 0.27650494947413706, 0.27653363039562634, 0.27650494947413706, 0.27650494947413706, 0.27653363039562634, 0.27658024081260141, 0.27650494947413706, 0.27650494947413706, 0.27650494947413706, 0.27650494947413706, 0.27650494947413706, 0.27650494947413706, 0.27650494947413706, 0.27650494947413706, 0.27650494947413706, 0.27659099775178075, 0.27650494947413706, 0.27650494947413706, 0.27650494947413706, 0.27650494947413706], 'fneg': array([1, 0, 0, 1, 1, 0, 0, 1, 1, 0, 0, 0, 0, 1, 1, 1, 1, 0, 0, 0, 0, 0, 0,
       1, 1, 0, 0, 0, 0, 0, 0, 0, 0, 0, 0, 1, 1, 0, 0, 0, 0, 0, 0, 0, 0, 0,
       0, 0, 0, 0, 0, 0, 0, 0, 0, 0, 0, 0, 0, 0, 0, 0, 0, 0]), 'sensitivity': array([1, 1, 1, 1, 1, 1, 1, 1, 1, 1, 1, 1, 1, 1, 1, 1, 1, 1, 1, 1, 1, 1, 1,
       1, 1, 1, 1, 1, 1, 1, 1, 1, 1, 1, 1, 1, 1, 1, 1, 1, 1, 1, 1, 1, 1, 1,
       1, 1, 1, 1, 1, 1, 1, 1, 1, 1, 1, 1, 1, 1, 1, 1, 1, 1]), 'tpos': array([0, 1, 1, 0, 0, 1, 1, 0, 0, 1, 1, 1, 1, 0, 0, 0, 0, 1, 1, 1, 1, 1, 1,
       0, 0, 1, 1, 1, 1, 1, 1, 1, 1, 1, 1, 0, 0, 1, 1, 1, 1, 1, 1, 1, 1, 1,
       1, 1, 1, 1, 1, 1, 1, 1, 1, 1, 1, 1, 1, 1, 1, 1, 1, 1])}, {'specificity': array([0.125, 0.09375, 0.359375, 0.609375, 0.765625, 0.484375, 0.65625,
       0.84375, 1.0, 0.90625, 0.78125, 0.75, 0.8125, 0.828125, 0.46875,
       0.4375, 0.625, 0.703125, 0.578125, 0.53125, 0.96875, 0.5, 0.671875,
       0.515625, 0.296875, 0.25, 0.390625, 0.859375, 0.796875, 0.078125,
       0.0625, 0.015625, 0.03125, 0.046875, 0.328125, 0.953125, 0.984375,
       0.40625, 0.453125, 0.875, 0.9375, 0.734375, 0.6875, 0.890625,
       0.921875, 0.265625, 0.375, 0.640625, 0.71875, 0.140625, 0.203125,
       0.34375, 0.421875, 0.3125, 0.59375, 0.546875, 0.5625, 0.21875,
       0.1875, 0.234375, 0.109375, 0.15625, 0.171875, 0.28125]), 'tneg': array([ 1,  1,  3,  6,  8,  6,  7,  8, 11,  8,  8,  8,  8,  8,  6,  5,  6,
        8,  6,  6, 10,  6,  7,  6,  2,  2,  3,  8,  8,  1,  0,  0,  0,  0,
        3, 10, 10,  4,  6,  8,  8,  8,  7,  8,  8,  2,  3,  7,  8,  1,  2,
        3,  4,  2,  6,  6,  6,  2,  2,  2,  1,  2,  2,  2]), 'fpos': array([10, 10,  8,  5,  3,  5,  4,  3,  0,  3,  3,  3,  3,  3,  5,  6,  5,
        3,  5,  5,  1,  5,  4,  5,  9,  9,  8,  3,  3, 10, 11, 11, 11, 11,
        8,  1,  1,  7,  5,  3,  3,  3,  4,  3,  3,  9,  8,  4,  3, 10,  9,
        8,  7,  9,  5,  5,  5,  9,  9,  9, 10,  9,  9,  9]), 'threshold': [0.17262744277364764, 0.16986441151602952, 0.18303056804131671, 0.19771032808052788, 0.21147585423392254, 0.1916639747276801, 0.20225355427738406, 0.21694697789964543, 0.26611021606243951, 0.22343100361422769, 0.21224951473616743, 0.20980934869221687, 0.21319428667034157, 0.21550136973311135, 0.19134499336972238, 0.19029545953584223, 0.20021836996621562, 0.20719384980192065, 0.1962618076111311, 0.19491444216863352, 0.23628095230840326, 0.19331099901399432, 0.20478105703866573, 0.19367717174185298, 0.18059607707786299, 0.17861839672298951, 0.1845878269909664, 0.2187572274544059, 0.21306991665297601, 0.16544244947473527, 0.16229048771581559, 0.15357085036081486, 0.15774244294627532, 0.1597200037404081, 0.18178419542516561, 0.23499227807490344, 0.25523078710520558, 0.18523407054504668, 0.190660825820019, 0.22249311179737955, 0.22523544993595601, 0.20889900126630737, 0.20495245872166729, 0.22296409254897531, 0.22496276496796938, 0.17891231428267801, 0.18326738981628452, 0.20132200470231243, 0.20735853429929563, 0.17296686379405987, 0.17781314588763211, 0.18247642440506867, 0.18608787757481055, 0.18109057068041543, 0.19716563949324015, 0.19507988279948516, 0.19570566497174879, 0.17790142705520656, 0.17652617175160065, 0.1783429834514228, 0.17219378663684806, 0.17544331069236846, 0.17647186357732939, 0.17893950919585594], 'fneg': array([3, 3, 3, 4, 5, 3, 4, 5, 5, 5, 5, 4, 5, 5, 3, 3, 4, 4, 3, 3, 5, 3, 4,
       3, 3, 3, 3, 5, 5, 3, 3, 0, 1, 1, 3, 5, 5, 3, 3, 5, 5, 4, 4, 5, 5, 3,
       3, 4, 4, 3, 3, 3, 3, 3, 4, 3, 3, 3, 3, 3, 3, 3, 3, 3]), 'sensitivity': array([1, 1, 1, 1, 1, 1, 1, 1, 1, 1, 1, 1, 1, 1, 1, 1, 1, 1, 1, 1, 1, 1, 1,
       1, 1, 1, 1, 1, 1, 1, 1, 1, 1, 1, 1, 1, 1, 1, 1, 1, 1, 1, 1, 1, 1, 1,
       1, 1, 1, 1, 1, 1, 1, 1, 1, 1, 1, 1, 1, 1, 1, 1, 1, 1]), 'tpos': array([2, 2, 2, 1, 0, 2, 1, 0, 0, 0, 0, 1, 0, 0, 2, 2, 1, 1, 2, 2, 0, 2, 1,
       2, 2, 2, 2, 0, 0, 2, 2, 5, 4, 4, 2, 0, 0, 2, 2, 0, 0, 1, 1, 0, 0, 2,
       2, 1, 1, 2, 2, 2, 2, 2, 1, 2, 2, 2, 2, 2, 2, 2, 2, 2])}, {'specificity': array([0.89230769, 0.69230769, 0.98461538, 0.96923077, 0.56923077,
       0.76923077, 0.90769231, 0.61538462, 0.56923077, 0.61538462,
       0.64615385, 0.87692308, 0.93846154, 0.92307692, 0.56923077,
       0.56923077, 0.69230769, 0.69230769, 0.63076923, 0.83076923, 0.8,
       0.84615385, 0.95384615, 0.56923077, 0.56923077, 0.56923077,
       0.56923077, 0.56923077, 0.56923077, 0.56923077, 0.56923077,
       0.56923077, 0.73846154, 0.61538462, 0.56923077, 0.86153846, 1.0,
       0.56923077, 0.72307692, 0.56923077, 0.56923077, 0.56923077,
       0.56923077, 0.56923077, 0.56923077, 0.56923077, 0.72307692,
       0.81538462, 0.56923077, 0.56923077, 0.75384615, 0.56923077,
       0.56923077, 0.56923077, 0.56923077, 0.56923077, 0.56923077,
       0.56923077, 0.56923077, 0.56923077, 0.78461538, 0.56923077,
       0.56923077, 0.56923077, 0.56923077]), 'tneg': array([9, 7, 9, 9, 7, 9, 9, 7, 7, 7, 7, 9, 9, 9, 7, 7, 7, 7, 7, 9, 9, 9, 9,
       7, 7, 7, 7, 7, 7, 7, 7, 7, 9, 7, 7, 9, 9, 7, 9, 7, 7, 7, 7, 7, 7, 7,
       9, 9, 7, 7, 9, 7, 7, 7, 7, 7, 7, 7, 7, 7, 9, 7, 7, 7, 7]), 'fpos': array([0, 2, 0, 0, 2, 0, 0, 2, 2, 2, 2, 0, 0, 0, 2, 2, 2, 2, 2, 0, 0, 0, 0,
       2, 2, 2, 2, 2, 2, 2, 2, 2, 0, 2, 2, 0, 0, 2, 0, 2, 2, 2, 2, 2, 2, 2,
       0, 0, 2, 2, 0, 2, 2, 2, 2, 2, 2, 2, 2, 2, 0, 2, 2, 2, 2]), 'threshold': [0.20015656102211335, 0.19991613456070292, 0.20075119558899263, 0.20074135617537775, 0.1998916134330726, 0.19999952327242462, 0.20027931107668817, 0.19989651747809031, 0.1998916134330726, 0.19989651747809031, 0.19991123015466808, 0.200127109403653, 0.20040211754894613, 0.20036281333940856, 0.1998916134330726, 0.1998916134330726, 0.19991613456070292, 0.19991613456070292, 0.19990142161336197, 0.20008293806868091, 0.2000387740448524, 0.20008784563374235, 0.20044634169054759, 0.1998916134330726, 0.1998916134330726, 0.1998916134330726, 0.1998916134330726, 0.1998916134330726, 0.1998916134330726, 0.1998916134330726, 0.1998916134330726, 0.1998916134330726, 0.19993575308739173, 0.19989651747809031, 0.1998916134330726, 0.20009275328906498, 0.20113028762867097, 0.1998916134330726, 0.1999308483203367, 0.1998916134330726, 0.1998916134330726, 0.1998916134330726, 0.1998916134330726, 0.1998916134330726, 0.1998916134330726, 0.1998916134330726, 0.1999308483203367, 0.20006821591506202, 0.1998916134330726, 0.1998916134330726, 0.19999461733203366, 0.1998916134330726, 0.1998916134330726, 0.1998916134330726, 0.1998916134330726, 0.1998916134330726, 0.1998916134330726, 0.1998916134330726, 0.1998916134330726, 0.1998916134330726, 0.20000933542398042, 0.1998916134330726, 0.1998916134330726, 0.1998916134330726, 0.1998916134330726], 'fneg': array([5, 4, 6, 5, 2, 4, 5, 3, 2, 3, 4, 4, 5, 5, 2, 2, 4, 4, 3, 4, 4, 4, 5,
       2, 2, 2, 2, 2, 2, 2, 2, 2, 4, 3, 2, 4, 6, 2, 4, 2, 2, 2, 2, 2, 2, 2,
       4, 4, 2, 2, 4, 2, 2, 2, 2, 2, 2, 2, 2, 2, 4, 2, 2, 2, 2]), 'sensitivity': array([1, 1, 1, 1, 1, 1, 1, 1, 1, 1, 1, 1, 1, 1, 1, 1, 1, 1, 1, 1, 1, 1, 1,
       1, 1, 1, 1, 1, 1, 1, 1, 1, 1, 1, 1, 1, 1, 1, 1, 1, 1, 1, 1, 1, 1, 1,
       1, 1, 1, 1, 1, 1, 1, 1, 1, 1, 1, 1, 1, 1, 1, 1, 1, 1, 1]), 'tpos': array([1, 2, 0, 1, 4, 2, 1, 3, 4, 3, 2, 2, 1, 1, 4, 4, 2, 2, 3, 2, 2, 2, 1,
       4, 4, 4, 4, 4, 4, 4, 4, 4, 2, 3, 4, 2, 0, 4, 2, 4, 4, 4, 4, 4, 4, 4,
       2, 2, 4, 4, 2, 4, 4, 4, 4, 4, 4, 4, 4, 4, 2, 4, 4, 4, 4])}], <Model object at 0x000000000000108A>)
#adalasso
([{'specificity': array([0.14285714, 0.98412698, 0.96825397, 0.84126984, 0.22222222,
       0.66666667, 0.52380952, 0.9047619, 0.11111111, 0.095238095,
       0.85714286, 0.88888889, 0.79365079, 0.23809524, 0.87301587,
       0.49206349, 0.3968254, 0.12698413, 0.46031746, 0.50793651,
       0.47619048, 0.41269841, 0.82539683, 0.93650794, 0.31746032,
       0.63492063, 0.17460317, 0.44444444, 0.28571429, 0.15873016,
       0.55555556, 0.77777778, 0.61904762, 0.095238095, 0.95238095,
       0.92063492, 1.0, 0.76190476, 0.68253968, 0.095238095, 0.20634921,
       0.095238095, 0.74603175, 0.33333333, 0.53968254, 0.42857143,
       0.25396825, 0.57142857, 0.36507937, 0.58730159, 0.71428571,
       0.80952381, 0.3015873, 0.73015873, 0.34920635, 0.38095238,
       0.6031746, 0.6984127, 0.19047619, 0.26984127, 0.65079365,
       0.095238095, 0.095238095]), 'tneg': array([ 1, 12, 11,  8,  1,  5,  5,  8,  1,  0,  8,  8,  7,  1,  8,  4,  2,
        1,  3,  5,  4,  3,  8, 11,  2,  5,  1,  3,  1,  1,  5,  7,  5,  0,
       11, 11, 12,  7,  5,  0,  1,  0,  5,  2,  5,  3,  1,  5,  2,  5,  5,
        8,  2,  5,  2,  2,  5,  5,  1,  1,  5,  0,  0]), 'fpos': array([11,  0,  1,  4, 11,  7,  7,  4, 11, 12,  4,  4,  5, 11,  4,  8, 10,
       11,  9,  7,  8,  9,  4,  1, 10,  7, 11,  9, 11, 11,  7,  5,  7, 12,
        1,  1,  0,  5,  7, 12, 11, 12,  7, 10,  7,  9, 11,  7, 10,  7,  7,
        4, 10,  7, 10, 10,  7,  7, 11, 11,  7, 12, 12]), 'threshold': [0.21428199568551723, 0.21429902679294333, 0.21429859811698909, 0.214292102927821, 0.21428210835798231, 0.21428553105488399, 0.21428355279371356, 0.21429391620919366, 0.21428192329112852, 0.21428191747357028, 0.21429251569813168, 0.21429383176562106, 0.21429054565466263, 0.21428212107106651, 0.21429333499492601, 0.21428315641074236, 0.21428252193559585, 0.21428192337668081, 0.21428289398655029, 0.21428349225655774, 0.21428313411571323, 0.21428270948384989, 0.21429167496349175, 0.21429769735537307, 0.21428231984354559, 0.21428539038805763, 0.21428201262488283, 0.21428286051837125, 0.21428222402482497, 0.21428199772166318, 0.21428476341966724, 0.21429008848421963, 0.21428526128810393, 0.21428191747357028, 0.21429812113615473, 0.21429737146929057, 0.21429902843564341, 0.21428985118980268, 0.21428553151687221, 0.21428191747357028, 0.21428210536364897, 0.21428191747357028, 0.21428838879103249, 0.21428241682581103, 0.21428465481851536, 0.21428278376058851, 0.21428216052782928, 0.21428485152231691, 0.21428249281352574, 0.2142849618859374, 0.21428666120003068, 0.21429097946931067, 0.21428230009804247, 0.21428779427546005, 0.21428243320055446, 0.21428249570520006, 0.21428512270890585, 0.21428568113265342, 0.21428203382475689, 0.21428218138085028, 0.21428539650060391, 0.21428191747357028, 0.21428191747357028], 'fneg': array([1, 5, 3, 3, 1, 1, 1, 3, 1, 0, 3, 3, 2, 1, 3, 1, 1, 1, 1, 1, 1, 1, 3,
       3, 1, 1, 1, 1, 1, 1, 1, 2, 1, 0, 3, 3, 5, 2, 1, 0, 1, 0, 2, 1, 1, 1,
       1, 1, 1, 1, 2, 2, 1, 2, 1, 1, 1, 1, 1, 1, 1, 0, 0]), 'sensitivity': array([1, 1, 1, 1, 1, 1, 1, 1, 1, 1, 1, 1, 1, 1, 1, 1, 1, 1, 1, 1, 1, 1, 1,
       1, 1, 1, 1, 1, 1, 1, 1, 1, 1, 1, 1, 1, 1, 1, 1, 1, 1, 1, 1, 1, 1, 1,
       1, 1, 1, 1, 1, 1, 1, 1, 1, 1, 1, 1, 1, 1, 1, 1, 1]), 'tpos': array([4, 0, 2, 2, 4, 4, 4, 2, 4, 5, 2, 2, 3, 4, 2, 4, 4, 4, 4, 4, 4, 4, 2,
       2, 4, 4, 4, 4, 4, 4, 4, 3, 4, 5, 2, 2, 0, 3, 4, 5, 4, 5, 3, 4, 4, 4,
       4, 4, 4, 4, 3, 3, 4, 3, 4, 4, 4, 4, 4, 4, 4, 5, 5])}, {'specificity': array([0.359375, 0.96875, 0.765625, 0.171875, 0.765625, 0.5625, 0.84375,
       0.234375, 0.78125, 0.578125, 0.28125, 0.125, 0.640625, 0.875,
       0.109375, 0.703125, 0.53125, 0.328125, 0.28125, 0.671875, 0.40625,
       0.5625, 0.484375, 0.859375, 0.390625, 0.890625, 0.390625, 0.0625,
       0.046875, 0.828125, 0.921875, 0.953125, 0.984375, 0.90625, 0.34375,
       0.609375, 0.25, 0.3125, 0.4375, 0.46875, 0.6875, 0.515625, 0.1875,
       0.03125, 0.421875, 0.734375, 0.09375, 0.15625, 0.140625, 0.59375,
       0.21875, 0.71875, 0.5, 0.8125, 0.65625, 0.9375, 0.453125, 0.078125,
       0.015625, 1.0, 0.203125, 0.625, 0.796875, 0.296875]), 'tneg': array([ 1, 12,  8,  0,  8,  4, 11,  0,  8,  4,  1,  0,  5, 11,  0,  7,  4,
        1,  1,  6,  3,  4,  4, 11,  1, 11,  1,  0,  0, 11, 12, 12, 12, 11,
        1,  4,  1,  1,  3,  4,  6,  4,  0,  0,  3,  8,  0,  0,  0,  4,  0,
        7,  4, 11,  5, 12,  4,  0,  0, 12,  0,  5,  9,  1]), 'fpos': array([11,  0,  4, 12,  4,  8,  1, 12,  4,  8, 11, 12,  7,  1, 12,  5,  8,
       11, 11,  6,  9,  8,  8,  1, 11,  1, 11, 12, 12,  1,  0,  0,  0,  1,
       11,  8, 11, 11,  9,  8,  6,  8, 12, 12,  9,  4, 12, 12, 12,  8, 12,
        5,  8,  1,  7,  0,  8, 12, 12,  0, 12,  7,  3, 11]), 'threshold': [0.18804986298596096, 0.18889286083154683, 0.18823392708467993, 0.18798954421493636, 0.18823392708467993, 0.18808907816136938, 0.18839094342561705, 0.18799859108262837, 0.18823694568150812, 0.18809511182293501, 0.18800462251362873, 0.18797145148325323, 0.18814338646910978, 0.18843323423581534, 0.18795637522912598, 0.18818865259406442, 0.18808606138635287, 0.18801970174168878, 0.18800462251362873, 0.18816450961971637, 0.18805891208417375, 0.18808907816136938, 0.18808002794785175, 0.18839396395605365, 0.18805287931485562, 0.1884362552868839, 0.18805287931485562, 0.18789005075121551, 0.18785689525885127, 0.18830638367106525, 0.18854987379503529, 0.18879905143313747, 0.18914420394693823, 0.18843776582636393, 0.18802151131151007, 0.18810476599075846, 0.18800311464193817, 0.18801065409332798, 0.18806192852459755, 0.18807912294490276, 0.18818050407419643, 0.18808515636109749, 0.187992559800326, 0.18781831998398321, 0.18805951536928445, 0.18821672179275009, 0.18794582240418778, 0.18797929150267395, 0.1879777837871153, 0.18810054224549161, 0.18799648011690817, 0.18819197243912564, 0.18808425133918807, 0.18830155256564096, 0.18815787071893156, 0.18858856443262084, 0.18807459798034676, 0.18793527003461602, 0.18780566379884517, 0.18927755004486518, 0.1879934644831919, 0.18811713594965113, 0.18826411472617641, 0.18800914618446263], 'fneg': array([1, 4, 4, 1, 4, 1, 4, 1, 4, 1, 1, 1, 1, 4, 1, 3, 1, 1, 1, 2, 1, 1, 1,
       4, 1, 4, 1, 1, 0, 4, 4, 4, 4, 4, 1, 1, 1, 1, 1, 1, 3, 1, 1, 0, 1, 4,
       1, 1, 1, 1, 1, 3, 1, 4, 2, 4, 1, 1, 0, 4, 1, 1, 4, 1]), 'sensitivity': array([1, 1, 1, 1, 1, 1, 1, 1, 1, 1, 1, 1, 1, 1, 1, 1, 1, 1, 1, 1, 1, 1, 1,
       1, 1, 1, 1, 1, 1, 1, 1, 1, 1, 1, 1, 1, 1, 1, 1, 1, 1, 1, 1, 1, 1, 1,
       1, 1, 1, 1, 1, 1, 1, 1, 1, 1, 1, 1, 1, 1, 1, 1, 1, 1]), 'tpos': array([3, 0, 0, 3, 0, 3, 0, 3, 0, 3, 3, 3, 3, 0, 3, 1, 3, 3, 3, 2, 3, 3, 3,
       0, 3, 0, 3, 3, 4, 0, 0, 0, 0, 0, 3, 3, 3, 3, 3, 3, 1, 3, 3, 4, 3, 0,
       3, 3, 3, 3, 3, 1, 3, 0, 2, 0, 3, 3, 4, 0, 3, 3, 0, 3])}, {'specificity': array([0.875, 0.84375, 0.5625, 0.96875, 0.953125, 0.359375, 0.640625,
       0.921875, 0.703125, 0.65625, 0.421875, 0.515625, 0.671875, 0.75,
       0.75, 0.71875, 0.8125, 0.359375, 0.5625, 0.515625, 0.453125,
       0.359375, 0.703125, 0.890625, 0.9375, 0.421875, 0.359375, 0.359375,
       0.875, 0.359375, 0.359375, 0.359375, 0.5625, 0.421875, 0.8125,
       0.8125, 0.984375, 1.0, 0.59375, 0.359375, 0.359375, 0.359375,
       0.359375, 0.421875, 0.453125, 0.359375, 0.359375, 0.359375,
       0.359375, 0.59375, 0.625, 0.625, 0.359375, 0.90625, 0.359375,
       0.359375, 0.359375, 0.359375, 0.765625, 0.84375, 0.359375, 0.484375,
       0.484375, 0.359375]), 'tneg': array([13, 13, 10, 14, 14, 10, 10, 13, 11, 11, 10, 10, 11, 12, 12, 11, 12,
       10, 10, 10, 10, 10, 11, 13, 13, 10, 10, 10, 13, 10, 10, 10, 10, 10,
       12, 12, 14, 14, 10, 10, 10, 10, 10, 10, 10, 10, 10, 10, 10, 10, 10,
       10, 10, 13, 10, 10, 10, 10, 12, 13, 10, 10, 10, 10]), 'fpos': array([1, 1, 4, 0, 0, 4, 4, 1, 3, 3, 4, 4, 3, 2, 2, 3, 2, 4, 4, 4, 4, 4, 3,
       1, 1, 4, 4, 4, 1, 4, 4, 4, 4, 4, 2, 2, 0, 0, 4, 4, 4, 4, 4, 4, 4, 4,
       4, 4, 4, 4, 4, 4, 4, 1, 4, 4, 4, 4, 2, 1, 4, 4, 4, 4]), 'threshold': [0.23965782808770642, 0.23964098280826743, 0.23952308855767801, 0.23993950493257907, 0.23993227962012459, 0.23951106076635506, 0.23956398614310032, 0.23975410238241546, 0.23960488851144068, 0.23960007621986443, 0.23951346629151835, 0.23952068296631213, 0.23960248235737791, 0.23961210707292421, 0.23961210707292421, 0.23960970086921385, 0.23962895096226933, 0.23951106076635506, 0.23952308855767801, 0.23952068296631213, 0.23951587183323228, 0.23951106076635506, 0.23960488851144068, 0.23966986092661458, 0.23979021206861934, 0.23951346629151835, 0.23951106076635506, 0.23951106076635506, 0.23965782808770642, 0.23951106076635506, 0.23951106076635506, 0.23951106076635506, 0.23952308855767801, 0.23951346629151835, 0.23962895096226933, 0.23962895096226933, 0.24000453944476302, 0.24011777643694998, 0.2395303054310787, 0.23951106076635506, 0.23951106076635506, 0.23951106076635506, 0.23951106076635506, 0.23951346629151835, 0.23951587183323228, 0.23951106076635506, 0.23951106076635506, 0.23951106076635506, 0.23951106076635506, 0.2395303054310787, 0.2395615802703803, 0.2395615802703803, 0.23951106076635506, 0.23971077567338062, 0.23951106076635506, 0.23951106076635506, 0.23951106076635506, 0.23951106076635506, 0.23962654464271607, 0.23964098280826743, 0.23951106076635506, 0.23951827739149686, 0.23951827739149686, 0.23951106076635506], 'fneg': array([2, 2, 2, 2, 2, 1, 2, 2, 2, 2, 2, 2, 2, 2, 2, 2, 2, 1, 2, 2, 2, 1, 2,
       2, 2, 2, 1, 1, 2, 1, 1, 1, 2, 2, 2, 2, 2, 2, 2, 1, 1, 1, 1, 2, 2, 1,
       1, 1, 1, 2, 2, 2, 1, 2, 1, 1, 1, 1, 2, 2, 1, 2, 2, 1]), 'sensitivity': array([1, 1, 1, 1, 1, 1, 1, 1, 1, 1, 1, 1, 1, 1, 1, 1, 1, 1, 1, 1, 1, 1, 1,
       1, 1, 1, 1, 1, 1, 1, 1, 1, 1, 1, 1, 1, 1, 1, 1, 1, 1, 1, 1, 1, 1, 1,
       1, 1, 1, 1, 1, 1, 1, 1, 1, 1, 1, 1, 1, 1, 1, 1, 1, 1]), 'tpos': array([0, 0, 0, 0, 0, 1, 0, 0, 0, 0, 0, 0, 0, 0, 0, 0, 0, 1, 0, 0, 0, 1, 0,
       0, 0, 0, 1, 1, 0, 1, 1, 1, 0, 0, 0, 0, 0, 0, 0, 1, 1, 1, 1, 0, 0, 1,
       1, 1, 1, 0, 0, 0, 1, 0, 1, 1, 1, 1, 0, 0, 1, 0, 0, 1])}, {'specificity': array([0.875, 0.8125, 0.984375, 0.140625, 0.671875, 0.859375, 0.203125,
       0.140625, 0.75, 0.828125, 0.59375, 0.84375, 0.9375, 0.140625,
       0.21875, 0.40625, 0.484375, 0.734375, 0.53125, 0.28125, 0.78125,
       0.90625, 0.96875, 0.359375, 0.265625, 0.5625, 0.234375, 0.140625,
       0.140625, 0.609375, 0.71875, 0.890625, 0.921875, 0.953125, 1.0,
       0.765625, 0.140625, 0.328125, 0.140625, 0.625, 0.4375, 0.65625,
       0.375, 0.171875, 0.421875, 0.3125, 0.515625, 0.640625, 0.34375,
       0.46875, 0.15625, 0.546875, 0.578125, 0.1875, 0.453125, 0.296875,
       0.6875, 0.703125, 0.25, 0.796875, 0.5, 0.390625, 0.140625, 0.140625]), 'tneg': array([10, 10, 11,  1,  4, 10,  1,  1,  8, 10,  4, 10, 10,  1,  2,  3,  3,
        7,  4,  2, 10, 10, 11,  3,  2,  4,  2,  1,  1,  4,  5, 10, 10, 11,
       11, 10,  1,  3,  1,  4,  3,  4,  3,  1,  3,  3,  3,  4,  3,  3,  1,
        4,  4,  1,  3,  2,  4,  5,  2, 10,  3,  3,  1,  1]), 'fpos': array([ 2,  2,  1, 11,  8,  2, 11, 11,  4,  2,  8,  2,  2, 11, 10,  9,  9,
        5,  8, 10,  2,  2,  1,  9, 10,  8, 10, 11, 11,  8,  7,  2,  2,  1,
        1,  2, 11,  9, 11,  8,  9,  8,  9, 11,  9,  9,  9,  8,  9,  9, 11,
        8,  8, 11,  9, 10,  8,  7, 10,  2,  9,  9, 11, 11]), 'threshold': [0.27165402125639232, 0.25397671849707365, 0.41750203389558793, 0.16461233216605839, 0.18784136234557824, 0.26810141888320638, 0.16464473613170785, 0.16461233216605839, 0.21510119262408234, 0.26353238929392186, 0.18097593352562805, 0.2664510248137808, 0.30377895965228002, 0.16461233216605839, 0.16466605918125224, 0.16928533912667609, 0.1733778561444656, 0.21242404376334204, 0.17561217681392483, 0.16594587910742278, 0.24629604459523485, 0.28704263204089947, 0.38429487670071522, 0.16658944833358835, 0.16561065465970976, 0.17658068594531801, 0.16468914988391656, 0.16461233216605839, 0.16461233216605839, 0.18171080682363425, 0.19769965121924416, 0.28555189722926944, 0.29528275731646364, 0.31387123703363412, 0.47944634905940015, 0.24528406871319311, 0.16461233216605839, 0.1665637214261636, 0.16461233216605839, 0.1832868613615051, 0.17065027325257001, 0.18767286521461113, 0.1675878313200915, 0.16463223987817691, 0.17000170175181539, 0.16647551866939478, 0.17449813749792595, 0.18495873543986485, 0.16657783163545969, 0.17143075512364128, 0.16462207399642861, 0.17589684283966078, 0.17874562181678286, 0.16463746420791908, 0.17126071081357064, 0.16605745696119509, 0.19121531230981817, 0.19424011914942055, 0.16559728811650157, 0.24769049461428674, 0.17390768700861781, 0.1690742489685943, 0.16461233216605839, 0.16461233216605839], 'fneg': array([3, 3, 3, 0, 1, 3, 0, 0, 2, 3, 1, 3, 3, 0, 0, 0, 1, 2, 1, 0, 3, 3, 3,
       0, 0, 1, 0, 0, 0, 1, 1, 3, 3, 3, 3, 3, 0, 0, 0, 1, 1, 1, 0, 0, 1, 0,
       1, 1, 0, 1, 0, 1, 1, 0, 1, 0, 1, 1, 0, 3, 1, 0, 0, 0]), 'sensitivity': array([1, 1, 1, 1, 1, 1, 1, 1, 1, 1, 1, 1, 1, 1, 1, 1, 1, 1, 1, 1, 1, 1, 1,
       1, 1, 1, 1, 1, 1, 1, 1, 1, 1, 1, 1, 1, 1, 1, 1, 1, 1, 1, 1, 1, 1, 1,
       1, 1, 1, 1, 1, 1, 1, 1, 1, 1, 1, 1, 1, 1, 1, 1, 1, 1]), 'tpos': array([1, 1, 1, 4, 3, 1, 4, 4, 2, 1, 3, 1, 1, 4, 4, 4, 3, 2, 3, 4, 1, 1, 1,
       4, 4, 3, 4, 4, 4, 3, 3, 1, 1, 1, 1, 1, 4, 4, 4, 3, 3, 3, 4, 4, 3, 4,
       3, 3, 4, 3, 4, 3, 3, 4, 3, 4, 3, 3, 4, 1, 3, 4, 4, 4])}, {'specificity': array([0.90769231, 0.90769231, 0.64615385, 0.98461538, 0.96923077,
       0.52307692, 0.70769231, 0.76923077, 0.58461538, 0.52307692,
       0.52307692, 0.58461538, 0.61538462, 0.76923077, 0.84615385,
       0.69230769, 0.83076923, 0.86153846, 0.92307692, 0.52307692,
       0.52307692, 0.64615385, 0.52307692, 0.52307692, 0.78461538, 0.8,
       0.93846154, 0.52307692, 0.52307692, 0.52307692, 0.52307692,
       0.52307692, 0.52307692, 0.52307692, 0.52307692, 0.83076923,
       0.87692308, 0.95384615, 1.0, 0.52307692, 0.67692308, 0.52307692,
       0.58461538, 0.58461538, 0.52307692, 0.52307692, 0.52307692,
       0.52307692, 0.52307692, 0.67692308, 0.52307692, 0.52307692,
       0.52307692, 0.52307692, 0.52307692, 0.52307692, 0.52307692,
       0.52307692, 0.72307692, 0.73846154, 0.52307692, 0.52307692, 0.6,
       0.52307692, 0.52307692]), 'tneg': array([12, 12, 11, 12, 12, 10, 12, 12, 10, 10, 10, 10, 11, 12, 12, 11, 12,
       12, 12, 10, 10, 11, 10, 10, 12, 12, 12, 10, 10, 10, 10, 10, 10, 10,
       10, 12, 12, 12, 12, 10, 11, 10, 10, 10, 10, 10, 10, 10, 10, 11, 10,
       10, 10, 10, 10, 10, 10, 10, 12, 12, 10, 10, 11, 10, 10]), 'fpos': array([0, 0, 1, 0, 0, 2, 0, 0, 2, 2, 2, 2, 1, 0, 0, 1, 0, 0, 0, 2, 2, 1, 2,
       2, 0, 0, 0, 2, 2, 2, 2, 2, 2, 2, 2, 0, 0, 0, 0, 2, 1, 2, 2, 2, 2, 2,
       2, 2, 2, 1, 2, 2, 2, 2, 2, 2, 2, 2, 0, 0, 2, 2, 1, 2, 2]), 'threshold': [0.21439433449400994, 0.21439433449400994, 0.21421785353153114, 0.21483058715512746, 0.21482337112922587, 0.21419985121272983, 0.21427906964719592, 0.21433309443165124, 0.21420345158844989, 0.21419985121272983, 0.21419985121272983, 0.21420345158844989, 0.21421425297973065, 0.21433309443165124, 0.21435110489411571, 0.21426106358669728, 0.21434750271358388, 0.21437271890171464, 0.21457452605637351, 0.21419985121272983, 0.21419985121272983, 0.21421785353153114, 0.21419985121272983, 0.21419985121272983, 0.21434029848457856, 0.21434390057707151, 0.21460697222453445, 0.21419985121272983, 0.21419985121272983, 0.21419985121272983, 0.21419985121272983, 0.21419985121272983, 0.21419985121272983, 0.21419985121272983, 0.21419985121272983, 0.21434750271358388, 0.21437632139038224, 0.21476204201782653, 0.21510853802843197, 0.21419985121272983, 0.21422865545105285, 0.21419985121272983, 0.21420345158844989, 0.21420345158844989, 0.21419985121272983, 0.21419985121272983, 0.21419985121272983, 0.21419985121272983, 0.21419985121272983, 0.21422865545105285, 0.21419985121272983, 0.21419985121272983, 0.21419985121272983, 0.21419985121272983, 0.21419985121272983, 0.21419985121272983, 0.21419985121272983, 0.21419985121272983, 0.21428627237953399, 0.2143078816330217, 0.21419985121272983, 0.21419985121272983, 0.21421065247195031, 0.21419985121272983, 0.21419985121272983], 'fneg': array([2, 2, 1, 3, 3, 1, 1, 1, 1, 1, 1, 1, 1, 1, 1, 1, 1, 1, 3, 1, 1, 1, 1,
       1, 1, 1, 3, 1, 1, 1, 1, 1, 1, 1, 1, 1, 1, 3, 3, 1, 1, 1, 1, 1, 1, 1,
       1, 1, 1, 1, 1, 1, 1, 1, 1, 1, 1, 1, 1, 1, 1, 1, 1, 1, 1]), 'sensitivity': array([1, 1, 1, 1, 1, 1, 1, 1, 1, 1, 1, 1, 1, 1, 1, 1, 1, 1, 1, 1, 1, 1, 1,
       1, 1, 1, 1, 1, 1, 1, 1, 1, 1, 1, 1, 1, 1, 1, 1, 1, 1, 1, 1, 1, 1, 1,
       1, 1, 1, 1, 1, 1, 1, 1, 1, 1, 1, 1, 1, 1, 1, 1, 1, 1, 1]), 'tpos': array([1, 1, 2, 0, 0, 2, 2, 2, 2, 2, 2, 2, 2, 2, 2, 2, 2, 2, 0, 2, 2, 2, 2,
       2, 2, 2, 0, 2, 2, 2, 2, 2, 2, 2, 2, 2, 2, 0, 0, 2, 2, 2, 2, 2, 2, 2,
       2, 2, 2, 2, 2, 2, 2, 2, 2, 2, 2, 2, 2, 2, 2, 2, 2, 2, 2])}], <Model object at 0x00000000000016E1>)
#adalasso
([{'specificity': array([0.859375, 0.578125, 0.828125, 0.84375, 0.984375, 0.125, 0.6875,
       0.515625, 0.25, 0.640625, 0.734375, 0.765625, 0.65625, 0.375,
       0.96875, 0.875, 0.921875, 0.8125, 0.546875, 0.203125, 0.59375,
       0.3125, 0.5, 0.703125, 0.53125, 0.671875, 0.953125, 0.171875,
       0.296875, 0.625, 0.21875, 0.125, 0.609375, 0.4375, 0.484375,
       0.890625, 0.9375, 1.0, 0.484375, 0.796875, 0.453125, 0.125, 0.34375,
       0.125, 0.40625, 0.390625, 0.359375, 0.265625, 0.125, 0.15625, 0.75,
       0.90625, 0.71875, 0.28125, 0.234375, 0.125, 0.421875, 0.140625,
       0.1875, 0.328125, 0.578125, 0.796875, 0.125, 0.125]), 'tneg': array([11, 11, 11, 11, 11,  4, 11,  9,  5, 11, 11, 11, 11,  9, 11, 11, 11,
       11, 10,  5, 11,  7,  9, 11, 10, 11, 11,  4,  7, 11,  5,  4, 11,  9,
        9, 11, 11, 11,  9, 11,  9,  4,  8,  4,  9,  9,  8,  5,  4,  4, 11,
       11, 11,  7,  5,  4,  9,  4,  5,  8, 11, 11,  4,  4]), 'fpos': array([0, 0, 0, 0, 0, 7, 0, 2, 6, 0, 0, 0, 0, 2, 0, 0, 0, 0, 1, 6, 0, 4, 2,
       0, 1, 0, 0, 7, 4, 0, 6, 7, 0, 2, 2, 0, 0, 0, 2, 0, 2, 7, 3, 7, 2, 2,
       3, 6, 7, 7, 0, 0, 0, 4, 6, 7, 2, 7, 6, 3, 0, 0, 7, 7]), 'threshold': [0.27404160609961736, 0.22917532951283201, 0.2725358060014022, 0.27285864152029854, 0.35017974395656654, 0.2098364214407655, 0.25055580842331077, 0.2237130287677353, 0.21020645516100001, 0.24032851196032695, 0.25744476548866052, 0.26646086094765009, 0.24087654386587457, 0.21579237140040078, 0.33579199575394186, 0.2777986456054013, 0.28882911717862514, 0.2718438276535709, 0.22770082939077632, 0.20988113421179724, 0.2329610090946744, 0.21157554496387634, 0.22208892890826498, 0.25189230250293615, 0.22717618204972595, 0.24151738495777425, 0.29866155914458969, 0.20985249276322032, 0.21138244013432608, 0.23667814778922938, 0.20989503886258781, 0.2098364214407655, 0.23442488372970949, 0.21855222869504623, 0.22186990552675465, 0.27933773549628627, 0.29144123695205498, 0.38616007776659228, 0.22186990552675465, 0.27080806306972155, 0.22122052768006809, 0.2098364214407655, 0.21288878154557095, 0.2098364214407655, 0.21693749804638651, 0.21686116044641382, 0.21394470691514797, 0.21078316336842567, 0.2098364214407655, 0.20985193664699889, 0.26231511909303779, 0.28592987140232917, 0.25416570427705082, 0.21137304763336035, 0.21002399499828114, 0.2098364214407655, 0.21732357476213815, 0.20984370625346691, 0.20986289233592095, 0.21211420280590074, 0.22917532951283201, 0.27080806306972155, 0.2098364214407655, 0.2098364214407655], 'fneg': array([4, 2, 4, 4, 5, 0, 3, 1, 0, 3, 3, 4, 3, 1, 5, 5, 5, 4, 2, 0, 2, 0, 1,
       3, 2, 3, 5, 0, 0, 3, 0, 0, 2, 1, 1, 5, 5, 6, 1, 4, 1, 0, 0, 0, 1, 1,
       0, 0, 0, 0, 3, 5, 3, 0, 0, 0, 1, 0, 0, 0, 2, 4, 0, 0]), 'sensitivity': array([1, 1, 1, 1, 1, 1, 1, 1, 1, 1, 1, 1, 1, 1, 1, 1, 1, 1, 1, 1, 1, 1, 1,
       1, 1, 1, 1, 1, 1, 1, 1, 1, 1, 1, 1, 1, 1, 1, 1, 1, 1, 1, 1, 1, 1, 1,
       1, 1, 1, 1, 1, 1, 1, 1, 1, 1, 1, 1, 1, 1, 1, 1, 1, 1]), 'tpos': array([2, 4, 2, 2, 1, 6, 3, 5, 6, 3, 3, 2, 3, 5, 1, 1, 1, 2, 4, 6, 4, 6, 5,
       3, 4, 3, 1, 6, 6, 3, 6, 6, 4, 5, 5, 1, 1, 0, 5, 2, 5, 6, 6, 6, 5, 5,
       6, 6, 6, 6, 3, 1, 3, 6, 6, 6, 5, 6, 6, 6, 4, 2, 6, 6])}, {'specificity': array([0.89230769, 0.67692308, 0.66153846, 0.98461538, 0.95384615,
       0.16923077, 0.90769231, 0.30769231, 0.16923077, 0.56923077,
       0.63076923, 0.8, 0.76923077, 0.72307692, 0.61538462, 0.96923077,
       0.84615385, 0.86153846, 0.92307692, 0.78461538, 0.23076923,
       0.58461538, 0.43076923, 0.49230769, 0.6, 0.46153846, 0.75384615,
       0.73846154, 0.93846154, 0.35384615, 0.27692308, 0.24615385,
       0.16923077, 0.16923077, 0.50769231, 0.47692308, 0.44615385,
       0.53846154, 0.70769231, 0.87692308, 1.0, 0.70769231, 0.64615385,
       0.55384615, 0.16923077, 0.32307692, 0.16923077, 0.16923077,
       0.52307692, 0.41538462, 0.33846154, 0.16923077, 0.2, 0.83076923,
       0.26153846, 0.16923077, 0.36923077, 0.16923077, 0.18461538,
       0.21538462, 0.29230769, 0.81538462, 0.38461538, 0.4, 0.16923077]), 'tneg': array([11,  9,  9, 11, 11,  1, 11,  4,  1,  7,  7, 11, 11, 11,  7, 11, 11,
       11, 11, 11,  2,  7,  6,  6,  7,  6, 11, 11, 11,  4,  4,  2,  1,  1,
        6,  6,  6,  6, 10, 11, 11, 10,  7,  7,  1,  4,  1,  1,  6,  5,  4,
        1,  1, 11,  2,  1,  4,  1,  1,  2,  4, 11,  5,  5,  1]), 'fpos': array([ 1,  3,  3,  1,  1, 11,  1,  8, 11,  5,  5,  1,  1,  1,  5,  1,  1,
        1,  1,  1, 10,  5,  6,  6,  5,  6,  1,  1,  1,  8,  8, 10, 11, 11,
        6,  6,  6,  6,  2,  1,  1,  2,  5,  5, 11,  8, 11, 11,  6,  7,  8,
       11, 11,  1, 10, 11,  8, 11, 11, 10,  8,  1,  7,  7, 11]), 'threshold': [0.35981748668069868, 0.2977947202173199, 0.28831890929895909, 0.56237263319380171, 0.52310645019554314, 0.25418669985862358, 0.41053226204074056, 0.25546467851057386, 0.25418669985862358, 0.26937628348190762, 0.28043971192432243, 0.32616077063755011, 0.31894011025659635, 0.31086376193813825, 0.27628273110758089, 0.55008741237748715, 0.33528456059490935, 0.35083762508145427, 0.41793300865633182, 0.32239477375836539, 0.25420796629380693, 0.27060645323231447, 0.26056299364435292, 0.26442641461855326, 0.27566738144259745, 0.26228117351456537, 0.31548547992060555, 0.31253236936540529, 0.44846199712507362, 0.25619631387359887, 0.2549207778382841, 0.25421457923034063, 0.25418669985862358, 0.25418669985862358, 0.26558120032047816, 0.26388937931937728, 0.26094993917579329, 0.26648586648906497, 0.29952812760599912, 0.35204022103347449, 0.60608471408141151, 0.29952812760599912, 0.28153020307129062, 0.2685538173450181, 0.25418669985862358, 0.25563357557437855, 0.25418669985862358, 0.25418669985862358, 0.26632013088013368, 0.25864879052523393, 0.25613182064727547, 0.25418669985862358, 0.25419407949616973, 0.33254898645920078, 0.25427589977739495, 0.25418669985862358, 0.25696523236379626, 0.25418669985862358, 0.25419016483214191, 0.25419444980428385, 0.25526734507117177, 0.32825267578139239, 0.2580000929684711, 0.25803076474178382, 0.25418669985862358], 'fneg': array([4, 1, 1, 4, 4, 0, 4, 1, 0, 1, 1, 1, 1, 1, 1, 4, 3, 4, 4, 1, 1, 1, 1,
       1, 1, 1, 1, 1, 4, 1, 1, 1, 0, 0, 1, 1, 1, 1, 1, 4, 4, 1, 1, 1, 0, 1,
       0, 0, 1, 1, 1, 0, 0, 2, 1, 0, 1, 0, 0, 0, 1, 2, 1, 1, 0]), 'sensitivity': array([1, 1, 1, 1, 1, 1, 1, 1, 1, 1, 1, 1, 1, 1, 1, 1, 1, 1, 1, 1, 1, 1, 1,
       1, 1, 1, 1, 1, 1, 1, 1, 1, 1, 1, 1, 1, 1, 1, 1, 1, 1, 1, 1, 1, 1, 1,
       1, 1, 1, 1, 1, 1, 1, 1, 1, 1, 1, 1, 1, 1, 1, 1, 1, 1, 1]), 'tpos': array([0, 3, 3, 0, 0, 4, 0, 3, 4, 3, 3, 3, 3, 3, 3, 0, 1, 0, 0, 3, 3, 3, 3,
       3, 3, 3, 3, 3, 0, 3, 3, 3, 4, 4, 3, 3, 3, 3, 3, 0, 0, 3, 3, 3, 4, 3,
       4, 4, 3, 3, 3, 4, 4, 2, 3, 4, 3, 4, 4, 4, 3, 2, 3, 3, 4])}, {'specificity': array([0.90769231, 0.89230769, 0.61538462, 0.96923077, 0.95384615,
       0.44615385, 0.86153846, 0.92307692, 0.75384615, 0.44615385,
       0.49230769, 0.56923077, 0.72307692, 0.8, 0.8, 0.84615385,
       0.93846154, 0.44615385, 0.61538462, 0.56923077, 0.44615385,
       0.75384615, 0.8, 0.49230769, 0.44615385, 0.44615385, 0.44615385,
       0.44615385, 0.44615385, 0.61538462, 0.44615385, 0.66153846,
       0.70769231, 0.84615385, 0.84615385, 0.98461538, 1.0, 0.70769231,
       0.44615385, 0.64615385, 0.44615385, 0.44615385, 0.44615385,
       0.44615385, 0.49230769, 0.50769231, 0.44615385, 0.44615385,
       0.44615385, 0.44615385, 0.64615385, 0.67692308, 0.44615385,
       0.44615385, 0.44615385, 0.44615385, 0.44615385, 0.44615385,
       0.44615385, 0.44615385, 0.89230769, 0.44615385, 0.53846154,
       0.53846154, 0.44615385]), 'tneg': array([11, 11,  8, 11, 11,  0, 11, 11,  9,  0,  6,  8,  9, 10, 10, 10, 11,
        0,  8,  8,  0,  9, 10,  6,  0,  0,  0,  0,  0,  8,  0,  9,  9, 10,
       10, 11, 11,  9,  0,  9,  0,  0,  0,  0,  6,  7,  0,  0,  0,  0,  9,
        9,  0,  0,  0,  0,  0,  0,  0,  0, 11,  0,  8,  8,  0]), 'fpos': array([ 0,  0,  3,  0,  0, 11,  0,  0,  2, 11,  5,  3,  2,  1,  1,  1,  0,
       11,  3,  3, 11,  2,  1,  5, 11, 11, 11, 11, 11,  3, 11,  2,  2,  1,
        1,  0,  0,  2, 11,  2, 11, 11, 11, 11,  5,  4, 11, 11, 11, 11,  2,
        2, 11, 11, 11, 11, 11, 11, 11, 11,  0, 11,  3,  3, 11]), 'threshold': [0.26820958095948044, 0.26817563320862631, 0.2679380751896091, 0.2687773962242368, 0.2687628273654758, 0.26791384207831404, 0.26816108500591967, 0.2684036203237235, 0.26810289719568209, 0.26791384207831404, 0.2679186885894006, 0.26793322845617873, 0.2680980485726675, 0.26811744339812482, 0.26811744339812482, 0.268151386481917, 0.2684181768584164, 0.26791384207831404, 0.2679380751896091, 0.26793322845617873, 0.26791384207831404, 0.26810289719568209, 0.26811744339812482, 0.2679186885894006, 0.26791384207831404, 0.26791384207831404, 0.26791384207831404, 0.26791384207831404, 0.26791384207831404, 0.2679380751896091, 0.26791384207831404, 0.26795746267917203, 0.26807865463628788, 0.268151386481917, 0.268151386481917, 0.26890853842619183, 0.26913691947183088, 0.26807865463628788, 0.26791384207831404, 0.26795261572340617, 0.26791384207831404, 0.26791384207831404, 0.26791384207831404, 0.26791384207831404, 0.2679186885894006, 0.26792353515607392, 0.26791384207831404, 0.26791384207831404, 0.26791384207831404, 0.26791384207831404, 0.26795261572340617, 0.26801563048365229, 0.26791384207831404, 0.26791384207831404, 0.26791384207831404, 0.26791384207831404, 0.26791384207831404, 0.26791384207831404, 0.26791384207831404, 0.26791384207831404, 0.26817563320862631, 0.26791384207831404, 0.26792838177833345, 0.26792838177833345, 0.26791384207831404], 'fneg': array([3, 3, 0, 5, 5, 0, 3, 3, 3, 0, 0, 0, 3, 3, 3, 3, 3, 0, 0, 0, 0, 3, 3,
       0, 0, 0, 0, 0, 0, 0, 0, 0, 2, 3, 3, 5, 5, 2, 0, 0, 0, 0, 0, 0, 0, 0,
       0, 0, 0, 0, 0, 2, 0, 0, 0, 0, 0, 0, 0, 0, 3, 0, 0, 0, 0]), 'sensitivity': array([1, 1, 1, 1, 1, 1, 1, 1, 1, 1, 1, 1, 1, 1, 1, 1, 1, 1, 1, 1, 1, 1, 1,
       1, 1, 1, 1, 1, 1, 1, 1, 1, 1, 1, 1, 1, 1, 1, 1, 1, 1, 1, 1, 1, 1, 1,
       1, 1, 1, 1, 1, 1, 1, 1, 1, 1, 1, 1, 1, 1, 1, 1, 1, 1, 1]), 'tpos': array([2, 2, 5, 0, 0, 5, 2, 2, 2, 5, 5, 5, 2, 2, 2, 2, 2, 5, 5, 5, 5, 2, 2,
       5, 5, 5, 5, 5, 5, 5, 5, 5, 3, 2, 2, 0, 0, 3, 5, 5, 5, 5, 5, 5, 5, 5,
       5, 5, 5, 5, 5, 3, 5, 5, 5, 5, 5, 5, 5, 5, 2, 5, 5, 5, 5])}, {'specificity': array([0.89230769, 0.78461538, 0.75384615, 0.69230769, 0.96923077,
       0.93846154, 0.81538462, 0.90769231, 0.67692308, 0.15384615,
       0.046153846, 0.58461538, 0.72307692, 0.56923077, 0.95384615, 0.8,
       0.86153846, 0.73846154, 0.10769231, 0.52307692, 0.43076923,
       0.36923077, 0.63076923, 0.16923077, 0.70769231, 0.92307692,
       0.29230769, 0.4, 0.092307692, 0.41538462, 0.13846154, 0.24615385,
       0.27692308, 0.49230769, 0.84615385, 0.87692308, 0.98461538, 1.0,
       0.53846154, 0.046153846, 0.21538462, 0.44615385, 0.18461538,
       0.32307692, 0.38461538, 0.6, 0.12307692, 0.61538462, 0.83076923,
       0.64615385, 0.26153846, 0.2, 0.35384615, 0.33846154, 0.47692308,
       0.50769231, 0.55384615, 0.46153846, 0.061538462, 0.76923077,
       0.66153846, 0.30769231, 0.23076923, 0.076923077, 0.046153846]), 'tneg': array([12,  9,  9,  9, 12, 12,  9, 12,  9,  3,  1,  7,  9,  7, 12,  9, 12,
        9,  1,  7,  5,  4,  7,  3,  9, 12,  3,  4,  1,  4,  2,  3,  3,  6,
       12, 12, 12, 12,  7,  1,  3,  5,  3,  3,  4,  7,  2,  7, 12,  7,  3,
        3,  4,  4,  6,  6,  7,  5,  1,  9,  9,  3,  3,  1,  1]), 'fpos': array([ 0,  3,  3,  3,  0,  0,  3,  0,  3,  9, 11,  5,  3,  5,  0,  3,  0,
        3, 11,  5,  7,  8,  5,  9,  3,  0,  9,  8, 11,  8, 10,  9,  9,  6,
        0,  0,  0,  0,  5, 11,  9,  7,  9,  9,  8,  5, 10,  5,  0,  5,  9,
        9,  8,  8,  6,  6,  5,  7, 11,  3,  3,  9,  9, 11, 11]), 'threshold': [0.32224513079180567, 0.29335114850646826, 0.29079091154761266, 0.28498095261651191, 0.42495706697165081, 0.40847729511317521, 0.2997112853012206, 0.34548278741257366, 0.28417027061478117, 0.25564692113995585, 0.25495601687548253, 0.26871324513795969, 0.28911080602546363, 0.26655666545521634, 0.41728571896608929, 0.29573589050828497, 0.31172574005014692, 0.29054007352254391, 0.25503687020286214, 0.26517655882709462, 0.26202452069390242, 0.25919122677554862, 0.27409486517704906, 0.25600043449705923, 0.28803252863418161, 0.37142726899243728, 0.25774012766705456, 0.25974375593098048, 0.25503449841229786, 0.26073695425966048, 0.25550309801472443, 0.25742459732382655, 0.25765960988230852, 0.26313013516717981, 0.31149697037105911, 0.31986050449932474, 0.44912480045235026, 0.49098284693185901, 0.26547123052139365, 0.25495601687548253, 0.25691583329982903, 0.2622093790431711, 0.25615984686184279, 0.25885006798522381, 0.25951941790071503, 0.26991273684625561, 0.2551519194569109, 0.27030373713922917, 0.30901713729816738, 0.27460118426365138, 0.25748586972476023, 0.25665985645921324, 0.25908340758485399, 0.25907518765859494, 0.26303607059214745, 0.26508547291500933, 0.26582268193315933, 0.26253798284476965, 0.25495764370320778, 0.29294302293570257, 0.28291817347435755, 0.25784358006037422, 0.25727899018180966, 0.2549577953569877, 0.25495601687548253], 'fneg': array([3, 3, 3, 3, 4, 4, 3, 4, 3, 0, 0, 1, 3, 1, 4, 3, 3, 3, 0, 1, 1, 0, 1,
       0, 3, 4, 0, 0, 0, 0, 0, 0, 0, 1, 3, 3, 4, 4, 1, 0, 0, 1, 0, 0, 0, 1,
       0, 1, 3, 2, 0, 0, 0, 0, 1, 1, 1, 1, 0, 3, 3, 0, 0, 0, 0]), 'sensitivity': array([1, 1, 1, 1, 1, 1, 1, 1, 1, 1, 1, 1, 1, 1, 1, 1, 1, 1, 1, 1, 1, 1, 1,
       1, 1, 1, 1, 1, 1, 1, 1, 1, 1, 1, 1, 1, 1, 1, 1, 1, 1, 1, 1, 1, 1, 1,
       1, 1, 1, 1, 1, 1, 1, 1, 1, 1, 1, 1, 1, 1, 1, 1, 1, 1, 1]), 'tpos': array([1, 1, 1, 1, 0, 0, 1, 0, 1, 4, 4, 3, 1, 3, 0, 1, 1, 1, 4, 3, 3, 4, 3,
       4, 1, 0, 4, 4, 4, 4, 4, 4, 4, 3, 1, 1, 0, 0, 3, 4, 4, 3, 4, 4, 4, 3,
       4, 3, 1, 2, 4, 4, 4, 4, 3, 3, 3, 3, 4, 1, 1, 4, 4, 4, 4])}, {'specificity': array([0.89230769, 0.64615385, 0.96923077, 0.46153846, 0.87692308,
       0.90769231, 0.76923077, 0.50769231, 0.46153846, 0.50769231,
       0.73846154, 0.83076923, 0.83076923, 0.66153846, 0.95384615,
       0.78461538, 0.92307692, 0.86153846, 0.6, 0.53846154, 0.76923077,
       0.83076923, 0.93846154, 0.50769231, 0.46153846, 0.46153846,
       0.46153846, 0.46153846, 0.46153846, 0.46153846, 0.46153846, 0.6,
       0.46153846, 0.63076923, 0.70769231, 0.84615385, 0.98461538, 1.0,
       0.70769231, 0.46153846, 0.46153846, 0.46153846, 0.46153846,
       0.46153846, 0.46153846, 0.53846154, 0.46153846, 0.46153846,
       0.61538462, 0.72307692, 0.67692308, 0.46153846, 0.46153846,
       0.46153846, 0.46153846, 0.46153846, 0.46153846, 0.46153846,
       0.46153846, 0.46153846, 0.46153846, 0.56923077, 0.56923077,
       0.46153846, 0.46153846]), 'tneg': array([10,  9, 11,  5, 10, 11,  9,  5,  5,  5,  9,  9,  9,  9, 11,  9, 11,
       10,  8,  5,  9,  9, 11,  5,  5,  5,  5,  5,  5,  5,  5,  8,  5,  9,
        9,  9, 11, 11,  9,  5,  5,  5,  5,  5,  5,  5,  5,  5,  9,  9,  9,
        5,  5,  5,  5,  5,  5,  5,  5,  5,  5,  5,  5,  5,  5]), 'fpos': array([1, 2, 0, 6, 1, 0, 2, 6, 6, 6, 2, 2, 2, 2, 0, 2, 0, 1, 3, 6, 2, 2, 0,
       6, 6, 6, 6, 6, 6, 6, 6, 3, 6, 2, 2, 2, 0, 0, 2, 6, 6, 6, 6, 6, 6, 6,
       6, 6, 2, 2, 2, 6, 6, 6, 6, 6, 6, 6, 6, 6, 6, 6, 6, 6, 6]), 'threshold': [0.28223307175436702, 0.26027129952283301, 0.35311113351576157, 0.25354372104685963, 0.28058848536027514, 0.30874374956497264, 0.27406895114701374, 0.25405712851375029, 0.25354372104685963, 0.25405712851375029, 0.27352993226020367, 0.27568996879111202, 0.27568996879111202, 0.26236444714942675, 0.35249214459954042, 0.27514897018709944, 0.31048213909983419, 0.28004159071213774, 0.25611760377566228, 0.25457122104402585, 0.27406895114701374, 0.27568996879111202, 0.31748903397524564, 0.25405712851375029, 0.25354372104685963, 0.25354372104685963, 0.25354372104685963, 0.25354372104685963, 0.25354372104685963, 0.25354372104685963, 0.25354372104685963, 0.25611760377566228, 0.25354372104685963, 0.25818900597802369, 0.27138047869493853, 0.27949534788753932, 0.37190233170933823, 0.40211707505875266, 0.27138047869493853, 0.25354372104685963, 0.25354372104685963, 0.25354372104685963, 0.25354372104685963, 0.25354372104685963, 0.25354372104685963, 0.25457122104402585, 0.25354372104685963, 0.25354372104685963, 0.25767013294519331, 0.27245387957567291, 0.26446840992481296, 0.25354372104685963, 0.25354372104685963, 0.25354372104685963, 0.25354372104685963, 0.25354372104685963, 0.25354372104685963, 0.25354372104685963, 0.25354372104685963, 0.25354372104685963, 0.25354372104685963, 0.25508599811694993, 0.25508599811694993, 0.25354372104685963, 0.25354372104685963], 'fneg': array([3, 2, 4, 0, 3, 4, 2, 1, 0, 1, 2, 2, 2, 2, 4, 2, 4, 3, 2, 1, 2, 2, 4,
       1, 0, 0, 0, 0, 0, 0, 0, 2, 0, 2, 2, 2, 5, 5, 2, 0, 0, 0, 0, 0, 0, 1,
       0, 0, 2, 2, 2, 0, 0, 0, 0, 0, 0, 0, 0, 0, 0, 1, 1, 0, 0]), 'sensitivity': array([1, 1, 1, 1, 1, 1, 1, 1, 1, 1, 1, 1, 1, 1, 1, 1, 1, 1, 1, 1, 1, 1, 1,
       1, 1, 1, 1, 1, 1, 1, 1, 1, 1, 1, 1, 1, 1, 1, 1, 1, 1, 1, 1, 1, 1, 1,
       1, 1, 1, 1, 1, 1, 1, 1, 1, 1, 1, 1, 1, 1, 1, 1, 1, 1, 1]), 'tpos': array([2, 3, 1, 5, 2, 1, 3, 4, 5, 4, 3, 3, 3, 3, 1, 3, 1, 2, 3, 4, 3, 3, 1,
       4, 5, 5, 5, 5, 5, 5, 5, 3, 5, 3, 3, 3, 0, 0, 3, 5, 5, 5, 5, 5, 5, 4,
       5, 5, 3, 3, 3, 5, 5, 5, 5, 5, 5, 5, 5, 5, 5, 4, 4, 5, 5])}], <Model object at 0x0000000000001D38>)
