#adapt
([{'specificity': array([0.24324324, 0.16216216, 0.86486486, 0.89189189, 0.83783784,
       0.94594595, 0.48648649, 0.37837838, 0.67567568, 0.18918919,
       0.81081081, 0.32432432, 0.54054054, 0.64864865, 0.10810811,
       0.97297297, 1.0, 0.72972973, 0.56756757, 0.10810811, 0.10810811,
       0.91891892, 0.43243243, 0.27027027, 0.59459459, 0.21621622,
       0.40540541, 0.51351351, 0.62162162, 0.78378378, 0.75675676,
       0.2972973, 0.13513514, 0.7027027, 0.45945946, 0.35135135, 0.10810811]), 'tneg': array([ 3,  2, 14, 14, 13, 14,  8,  5, 11,  3, 12,  3, 11, 11,  2, 14, 14,
       11, 11,  2,  2, 14,  7,  3, 11,  3,  6,  9, 11, 12, 11,  3,  2, 11,
        8,  4,  2]), 'fpos': array([11, 12,  0,  0,  1,  0,  6,  9,  3, 11,  2, 11,  3,  3, 12,  0,  0,
        3,  3, 12, 12,  0,  7, 11,  3, 11,  8,  5,  3,  2,  3, 11, 12,  3,
        6, 10, 12]), 'threshold': [1.9727633895694603, 1.9727448206628917, 1.9739396480809035, 1.9740081518262711, 1.9736099435477257, 1.974132303920151, 1.9728663100002917, 1.9727846092149102, 1.973092694088286, 1.9727537840746146, 1.9733900180605553, 1.9727749951360656, 1.973029787110246, 1.9730797408338427, 1.9727442369509618, 1.9743700068691852, 1.9744610367446458, 1.9731068542529844, 1.9730320361179756, 1.9727442369509618, 1.9727442369509618, 1.9740385906866131, 1.9728311568077164, 1.9727686240920312, 1.9730497002710528, 1.9727609637313517, 1.9728022544831896, 1.9728798589842636, 1.9730658364723137, 1.9732595841962302, 1.9731218659503804, 1.97277071640401, 1.9727443179839121, 1.9730933073909771, 1.9728512428966161, 1.9727812302181402, 1.9727442369509618], 'fneg': array([1, 1, 2, 2, 1, 2, 1, 1, 1, 1, 1, 1, 1, 1, 1, 3, 3, 1, 1, 1, 1, 2, 1,
       1, 1, 1, 1, 1, 1, 1, 1, 1, 1, 1, 1, 1, 1]), 'sensitivity': array([0.84, 0.92, 0.2, 0.16, 0.4, 0.16, 0.68, 0.8, 0.6, 0.88, 0.56, 0.8,
       0.6, 0.6, 0.96, 0.08, 0.0, 0.6, 0.6, 0.96, 0.96, 0.16, 0.72, 0.8,
       0.6, 0.88, 0.76, 0.68, 0.6, 0.56, 0.6, 0.8, 0.96, 0.6, 0.68, 0.8,
       0.96]), 'tpos': array([2, 2, 1, 1, 2, 1, 2, 2, 2, 2, 2, 2, 2, 2, 2, 0, 0, 2, 2, 2, 2, 1, 2,
       2, 2, 2, 2, 2, 2, 2, 2, 2, 2, 2, 2, 2, 2])}, {'specificity': array([0.92307692, 0.48717949, 0.30769231, 0.28205128, 0.69230769,
       0.53846154, 0.94871795, 0.58974359, 0.87179487, 0.51282051,
       0.76923077, 0.20512821, 0.17948718, 0.12820513, 0.38461538, 1.0,
       0.46153846, 0.84615385, 0.33333333, 0.35897436, 0.8974359,
       0.1025641, 0.61538462, 0.15384615, 0.25641026, 0.41025641,
       0.64102564, 0.97435897, 0.23076923, 0.66666667, 0.82051282,
       0.076923077, 0.43589744, 0.79487179, 0.051282051, 0.56410256,
       0.74358974, 0.71794872, 0.025641026]), 'tneg': array([ 9,  4,  3,  3,  8,  7, 10,  7,  9,  5,  8,  2,  1,  1,  4, 10,  4,
        8,  3,  4,  9,  1,  7,  1,  3,  4,  8, 10,  3,  8,  8,  0,  4,  8,
        0,  7,  8,  8,  0]), 'fpos': array([ 3,  8,  9,  9,  4,  5,  2,  5,  3,  7,  4, 10, 11, 11,  8,  2,  8,
        4,  9,  8,  3, 11,  5, 11,  9,  8,  4,  2,  9,  4,  4, 12,  8,  4,
       12,  5,  4,  4, 12]), 'threshold': [2.2829234138277039, 1.8333819182552136, 1.6906174680493684, 1.6243455598649532, 1.9936784273602861, 1.9106090274370944, 2.3309253090845452, 1.9431137712070747, 2.1850282852252, 1.8534351199818242, 2.0822929821240193, 1.584208353067152, 1.5293543181577918, 1.4870253802874345, 1.7999738581274851, 2.4489951254780689, 1.8136954471356486, 2.1461073239951443, 1.7261161715802795, 1.7861440804219775, 2.1957057479968967, 1.3337070562608688, 1.9606293089017595, 1.5031393568961038, 1.6101354426880796, 1.8005093238441747, 1.9866756445072293, 2.4326632220344431, 1.6083902979213072, 1.9892113264671945, 2.1378347979303514, 1.3073447740566984, 1.8033379800041487, 2.1068571224066055, 1.2143761888098652, 1.9429473450979531, 2.0252720650015696, 1.9980355834426649, 0.88661139334443906], 'fneg': array([1, 0, 0, 0, 1, 1, 2, 1, 1, 0, 1, 0, 0, 0, 0, 2, 0, 1, 0, 0, 1, 0, 1,
       0, 0, 0, 1, 2, 0, 1, 1, 0, 0, 1, 0, 1, 1, 1, 0]), 'sensitivity': array([0.29166667, 0.75, 0.875, 0.91666667, 0.58333333, 0.75, 0.25,
       0.70833333, 0.41666667, 0.75, 0.58333333, 0.95833333, 0.95833333,
       0.95833333, 0.79166667, 0.125, 0.79166667, 0.41666667, 0.875, 0.875,
       0.41666667, 1.0, 0.70833333, 0.95833333, 0.95833333, 0.79166667,
       0.625, 0.125, 0.95833333, 0.625, 0.45833333, 1.0, 0.79166667, 0.5,
       1.0, 0.70833333, 0.58333333, 0.58333333, 1.0]), 'tpos': array([3, 4, 4, 4, 3, 3, 2, 3, 3, 4, 3, 4, 4, 4, 4, 2, 4, 3, 4, 4, 3, 4, 3,
       4, 4, 4, 3, 2, 4, 3, 3, 4, 4, 3, 4, 3, 3, 3, 4])}, {'specificity': array([1.0, 0.26829268, 0.12195122, 0.90243902, 0.70731707, 0.58536585,
       0.92682927, 0.34146341, 0.75609756, 0.36585366, 0.82926829,
       0.048780488, 0.19512195, 0.46341463, 0.80487805, 0.7804878,
       0.65853659, 0.63414634, 0.95121951, 0.29268293, 0.2195122,
       0.31707317, 0.17073171, 0.51219512, 0.41463415, 0.097560976,
       0.97560976, 0.073170732, 0.48780488, 0.43902439, 0.024390244,
       0.68292683, 0.53658537, 0.6097561, 0.24390244, 0.87804878,
       0.73170732, 0.85365854, 0.56097561, 0.3902439, 0.14634146]), 'tneg': array([11,  3,  2, 10, 10,  6, 10,  3, 10,  3, 10,  2,  2,  3, 10, 10,  9,
        7, 11,  3,  3,  3,  2,  5,  3,  2, 11,  2,  4,  3,  0, 10,  6,  6,
        3, 10, 10, 10,  6,  3,  2]), 'fpos': array([ 0,  8,  9,  1,  1,  5,  1,  8,  1,  8,  1,  9,  9,  8,  1,  1,  2,
        4,  0,  8,  8,  8,  9,  6,  8,  9,  0,  9,  7,  8, 11,  1,  5,  5,
        8,  1,  1,  1,  5,  8,  9]), 'threshold': [2.3500308484250403, 1.7504448166597986, 1.5697410243443513, 2.1280103932781929, 2.0049620238976118, 1.9260156494436935, 2.1948495700090529, 1.789429047846705, 2.0167277310405716, 1.7965785691280358, 2.06564337575808, 1.5171675007017447, 1.7144842246383443, 1.8228271199671224, 2.05426322873759, 2.0214302167016038, 1.9440908624543751, 1.9400402537965493, 2.3133124041318962, 1.7604298155909361, 1.7169524832374228, 1.7736728304470217, 1.6526441404914662, 1.8916259467110184, 1.81366497510432, 1.5455641513999654, 2.3366231384418255, 1.5351449137706068, 1.8496916013406126, 1.8155986054895976, 1.4145749771215708, 1.9766722576644096, 1.9018586983469605, 1.9326799637416716, 1.7330874342679699, 2.083818616540309, 2.0136680320129088, 2.0722616487287833, 1.9083313961131529, 1.7978391317157456, 1.6398643087174973], 'fneg': array([4, 2, 1, 4, 3, 3, 4, 2, 3, 2, 4, 0, 2, 3, 4, 3, 3, 3, 4, 2, 2, 2, 2,
       3, 3, 1, 4, 0, 3, 3, 0, 3, 3, 3, 2, 4, 3, 4, 3, 2, 2]), 'sensitivity': array([0.086956522, 0.91304348, 1.0, 0.43478261, 0.56521739, 0.82608696,
       0.30434783, 0.91304348, 0.56521739, 0.91304348, 0.56521739, 1.0,
       0.91304348, 0.86956522, 0.56521739, 0.56521739, 0.82608696,
       0.82608696, 0.086956522, 0.91304348, 0.91304348, 0.91304348,
       0.91304348, 0.82608696, 0.86956522, 1.0, 0.086956522, 1.0,
       0.86956522, 0.86956522, 1.0, 0.7826087, 0.82608696, 0.82608696,
       0.91304348, 0.52173913, 0.56521739, 0.56521739, 0.82608696,
       0.91304348, 0.91304348]), 'tpos': array([0, 2, 3, 0, 1, 1, 0, 2, 1, 2, 0, 4, 2, 1, 0, 1, 1, 1, 0, 2, 2, 2, 2,
       1, 1, 3, 0, 4, 1, 1, 4, 1, 1, 1, 2, 0, 1, 0, 1, 2, 2])}, {'specificity': array([0.56097561, 0.34146341, 0.17073171, 0.53658537, 0.90243902,
       0.85365854, 0.95121951, 0.36585366, 0.87804878, 0.26829268,
       0.63414634, 0.024390244, 0.097560976, 0.073170732, 0.41463415,
       0.19512195, 0.2195122, 0.6097561, 0.82926829, 0.3902439, 0.75609756,
       1.0, 0.97560976, 0.58536585, 0.24390244, 0.92682927, 0.048780488,
       0.29268293, 0.7804878, 0.51219512, 0.14634146, 0.65853659,
       0.43902439, 0.73170732, 0.31707317, 0.68292683, 0.48780488,
       0.12195122, 0.46341463, 0.80487805, 0.70731707]), 'tneg': array([4, 1, 0, 4, 6, 6, 7, 2, 6, 0, 5, 0, 0, 0, 4, 0, 0, 5, 6, 2, 6, 8, 8,
       5, 0, 6, 0, 0, 6, 4, 0, 5, 4, 6, 1, 6, 4, 0, 4, 6, 6]), 'fpos': array([5, 8, 9, 5, 3, 3, 2, 7, 3, 9, 4, 9, 9, 9, 5, 9, 9, 4, 3, 7, 3, 1, 1,
       4, 9, 3, 9, 9, 3, 5, 9, 4, 5, 3, 8, 3, 5, 9, 5, 3, 3]), 'threshold': [1.862961712640214, 1.8416930858130682, 1.7898247684267845, 1.8622390496542705, 1.9689809596760755, 1.9338597159435254, 1.988723116640599, 1.8453103622791978, 1.958811875986886, 1.8232155896310707, 1.8688695115185843, 1.7216988728398828, 1.7668280670971244, 1.757511595830642, 1.8489065775126106, 1.7957082754430831, 1.8029445484583235, 1.8677469695092506, 1.9240568851486501, 1.8460311427949618, 1.8900975241252198, 2.0650053874478997, 2.0555588210438933, 1.8672785389935642, 1.8194530436568857, 1.9807393983306743, 1.7467890468928988, 1.8242322326605316, 1.9031304850807393, 1.860877798128278, 1.7710980959598746, 1.87607084671979, 1.851775233814176, 1.8830647068059687, 1.8383528545937928, 1.8797390850984923, 1.8589751263426784, 1.7705631935217276, 1.8542935947480532, 1.9121230518044496, 1.8811653718495505], 'fneg': array([1, 1, 1, 1, 4, 4, 5, 1, 4, 1, 1, 0, 1, 0, 1, 1, 1, 1, 3, 1, 1, 7, 6,
       1, 1, 4, 0, 1, 1, 1, 1, 1, 1, 1, 1, 1, 1, 1, 1, 2, 1]), 'sensitivity': array([0.68181818, 0.72727273, 1.0, 0.68181818, 0.45454545, 0.54545455,
       0.36363636, 0.72727273, 0.5, 0.86363636, 0.63636364, 1.0, 1.0, 1.0,
       0.72727273, 0.95454545, 0.95454545, 0.63636364, 0.54545455,
       0.72727273, 0.63636364, 0.13636364, 0.13636364, 0.63636364,
       0.90909091, 0.40909091, 1.0, 0.86363636, 0.54545455, 0.68181818,
       1.0, 0.63636364, 0.72727273, 0.63636364, 0.72727273, 0.63636364,
       0.68181818, 1.0, 0.72727273, 0.54545455, 0.63636364]), 'tpos': array([6, 6, 6, 6, 3, 3, 2, 6, 3, 6, 6, 7, 6, 7, 6, 6, 6, 6, 4, 6, 6, 0, 1,
       6, 6, 3, 7, 6, 6, 6, 6, 6, 6, 6, 6, 6, 6, 6, 6, 5, 6])}, {'specificity': array([0.26829268, 0.48780488, 0.6097561, 0.19512195, 0.92682927,
       0.95121951, 0.87804878, 0.90243902, 0.58536585, 0.56097561,
       0.85365854, 0.41463415, 0.24390244, 0.82926829, 0.2195122,
       0.63414634, 0.14634146, 0.97560976, 1.0, 0.73170732, 0.65853659,
       0.14634146, 0.14634146, 0.14634146, 0.51219512, 0.29268293,
       0.43902439, 0.7804878, 0.3902439, 0.46341463, 0.68292683,
       0.80487805, 0.34146341, 0.75609756, 0.31707317, 0.17073171,
       0.70731707, 0.53658537, 0.36585366, 0.14634146, 0.14634146]), 'tneg': array([ 1,  2,  4,  0, 11, 11, 10, 10,  3,  3,  8,  2,  0,  8,  0,  4,  0,
       13, 13,  8,  5,  0,  0,  0,  2,  1,  2,  8,  2,  2,  6,  8,  2,  8,
        1,  0,  8,  3,  2,  0,  0]), 'fpos': array([12, 11,  9, 13,  2,  2,  3,  3, 10, 10,  5, 11, 13,  5, 13,  9, 13,
        0,  0,  5,  8, 13, 13, 13, 11, 12, 11,  5, 11, 11,  7,  5, 11,  5,
       12, 13,  5, 10, 11, 13, 13]), 'threshold': [1.946633514286267, 1.9536228770472377, 1.9653639680990227, 1.9442336873721162, 2.0986519879292627, 2.1075053434699837, 2.0560413037988106, 2.0593641410645573, 1.9602239542035704, 1.9599348478362315, 2.0329154569415535, 1.9493759200424523, 1.9453921097388676, 2.0276183537843391, 1.945198854446502, 1.9769453073591856, 1.9441582490260725, 2.1542711273250381, 2.16603573739059, 1.9910225464859608, 1.981353125543035, 1.9441582490260725, 1.9441582490260725, 1.9441582490260725, 1.9553916843844796, 1.9473100187482904, 1.9516188795723293, 2.005671342022763, 1.9491198734208797, 1.951656376867863, 1.9857214495339557, 2.0107612116058449, 1.9488210044440528, 1.99296264324422, 1.9475804270559298, 1.9441687216435233, 1.9892717635883634, 1.9579875904257902, 1.9489392218792407, 1.9441582490260725, 1.9441582490260725], 'fneg': array([0, 0, 0, 0, 2, 2, 1, 1, 0, 0, 1, 0, 0, 1, 0, 0, 0, 2, 2, 0, 0, 0, 0,
       0, 0, 0, 0, 0, 0, 0, 0, 1, 0, 0, 0, 0, 0, 0, 0, 0, 0]), 'sensitivity': array([0.7826087, 0.69565217, 0.60869565, 0.86956522, 0.26086957,
       0.2173913, 0.43478261, 0.43478261, 0.60869565, 0.60869565,
       0.47826087, 0.73913043, 0.82608696, 0.52173913, 0.82608696,
       0.56521739, 0.91304348, 0.086956522, 0.0, 0.52173913, 0.52173913,
       0.91304348, 0.91304348, 0.91304348, 0.65217391, 0.73913043,
       0.69565217, 0.52173913, 0.73913043, 0.69565217, 0.52173913,
       0.52173913, 0.73913043, 0.52173913, 0.73913043, 0.91304348,
       0.52173913, 0.60869565, 0.73913043, 0.91304348, 0.91304348]), 'tpos': array([2, 2, 2, 2, 0, 0, 1, 1, 2, 2, 1, 2, 2, 1, 2, 2, 2, 0, 0, 2, 2, 2, 2,
       2, 2, 2, 2, 2, 2, 2, 2, 1, 2, 2, 2, 2, 2, 2, 2, 2, 2])}], <Model object at 0x00000000000003DC>)
#adapt
([{'specificity': array([0.175, 0.425, 0.375, 0.175, 0.925, 0.9, 0.75, 0.875, 0.65, 0.7,
       0.85, 0.55, 0.475, 0.4, 0.325, 0.175, 0.5, 0.95, 1.0, 0.175, 0.8,
       0.175, 0.825, 0.25, 0.525, 0.675, 0.775, 0.45, 0.225, 0.725, 0.575,
       0.2, 0.275, 0.625, 0.35, 0.3, 1.0, 0.6, 0.175, 0.175]), 'tneg': array([ 2,  3,  3,  2, 11, 11,  6, 11,  6,  6,  9,  5,  4,  3,  2,  2,  4,
       11, 11,  2,  7,  2,  7,  2,  5,  6,  7,  4,  2,  6,  5,  2,  2,  6,
        3,  2, 11,  6,  2,  2]), 'fpos': array([9, 8, 8, 9, 0, 0, 5, 0, 5, 5, 2, 6, 7, 8, 9, 9, 7, 0, 0, 9, 4, 9, 4,
       9, 6, 5, 4, 7, 9, 5, 6, 9, 9, 5, 8, 9, 0, 5, 9, 9]), 'threshold': [1.8949908938104809, 1.89923300010204, 1.8986425947810295, 1.8949908938104809, 2.0407337691048886, 2.0144536827041466, 1.9329594194036823, 2.0103693115655137, 1.9118095146415362, 1.921749472881833, 1.9786733578469649, 1.9048397357669082, 1.8999034185620771, 1.8991905261670061, 1.8974772932937096, 1.8949908938104809, 1.9002456774078689, 2.04319708109646, 2.0712312881419832, 1.8949908938104809, 1.9482059759173007, 1.8949908938104809, 1.9496137841872208, 1.8950809526519843, 1.90236637807286, 1.919100932235819, 1.9406156546142315, 1.8998746913778011, 1.8950152149848987, 1.9224241211113338, 1.9049463612054787, 1.8950025256765066, 1.8963738521848002, 1.9113276734034339, 1.8985861978548435, 1.8974440823775616, 2.0712312881419832, 1.9107699404079264, 1.8949908938104809, 1.8949908938104809], 'fneg': array([0, 0, 0, 0, 4, 4, 1, 4, 0, 0, 3, 0, 0, 0, 0, 0, 0, 4, 6, 0, 3, 0, 3,
       0, 0, 0, 3, 0, 0, 0, 0, 0, 0, 0, 0, 0, 6, 0, 0, 0]), 'sensitivity': array([0.91304348, 0.73913043, 0.73913043, 0.91304348, 0.26086957,
       0.34782609, 0.47826087, 0.34782609, 0.60869565, 0.56521739,
       0.43478261, 0.69565217, 0.73913043, 0.73913043, 0.73913043,
       0.91304348, 0.73913043, 0.2173913, 0.0, 0.91304348, 0.47826087,
       0.91304348, 0.47826087, 0.86956522, 0.69565217, 0.60869565,
       0.47826087, 0.73913043, 0.91304348, 0.56521739, 0.69565217,
       0.91304348, 0.73913043, 0.60869565, 0.73913043, 0.73913043, 0.0,
       0.60869565, 0.91304348, 0.91304348]), 'tpos': array([6, 6, 6, 6, 2, 2, 5, 2, 6, 6, 3, 6, 6, 6, 6, 6, 6, 2, 0, 6, 3, 6, 3,
       6, 6, 6, 3, 6, 6, 6, 6, 6, 6, 6, 6, 6, 0, 6, 6, 6])}, {'specificity': array([0.3902439, 0.048780488, 0.48780488, 0.51219512, 0.80487805,
       0.90243902, 0.46341463, 0.097560976, 0.65853659, 0.17073171,
       0.2195122, 0.31707317, 0.41463415, 0.70731707, 0.63414634,
       0.73170732, 0.58536585, 0.75609756, 0.6097561, 0.073170732,
       0.82926829, 0.26829268, 0.24390244, 0.92682927, 0.19512195,
       0.7804878, 0.024390244, 0.29268293, 0.68292683, 0.53658537,
       0.14634146, 0.43902439, 1.0, 0.56097561, 0.36585366, 0.87804878,
       0.95121951, 0.97560976, 0.85365854, 0.34146341, 0.12195122]), 'tneg': array([ 9,  1, 10, 11, 13, 14,  9,  1, 12,  3,  4,  6,  9, 12, 11, 12, 11,
       12, 11,  1, 13,  4,  4, 14,  3, 12,  1,  5, 12, 11,  3,  9, 14, 11,
        9, 14, 14, 14, 13,  9,  2]), 'fpos': array([ 5, 13,  4,  3,  1,  0,  5, 13,  2, 11, 10,  8,  5,  2,  3,  2,  3,
        2,  3, 13,  1, 10, 10,  0, 11,  2, 13,  9,  2,  3, 11,  5,  0,  3,
        5,  0,  0,  0,  1,  5, 12]), 'threshold': [1.8976858482678523, 1.774492610899985, 1.9106260827404422, 1.9168611693340365, 1.9901233385340704, 2.0000159221491871, 1.9045351360445353, 1.8031476453575679, 1.9530691800909728, 1.8313413509796728, 1.8364738446494033, 1.8761518135960156, 1.899602942685698, 1.9708333822003847, 1.9368390878065898, 1.9720998321862961, 1.9317826324652248, 1.981243603474993, 1.9352607187382118, 1.7761100457985983, 1.9936458688263399, 1.8420656082076028, 1.8407476119218755, 2.0383377009816677, 1.8316170154370228, 1.9823088967600866, 1.7413578974209145, 1.8545821356391823, 1.9674914086253015, 1.91778192094208, 1.8286891237791834, 1.9008367029341486, 2.0784602598230237, 1.919680226943737, 1.8970337959919226, 1.9994684916024887, 2.0418279042512175, 2.0730264107615177, 1.994074698241219, 1.8940956831993567, 1.8159685585185279], 'fneg': array([0, 0, 0, 0, 1, 1, 0, 0, 1, 0, 0, 0, 0, 1, 0, 1, 0, 1, 0, 0, 1, 0, 0,
       2, 0, 1, 0, 0, 1, 0, 0, 0, 2, 0, 0, 1, 2, 2, 1, 0, 0]), 'sensitivity': array([0.86956522, 1.0, 0.82608696, 0.7826087, 0.43478261, 0.43478261,
       0.86956522, 1.0, 0.60869565, 1.0, 1.0, 0.95652174, 0.86956522,
       0.60869565, 0.73913043, 0.60869565, 0.7826087, 0.56521739,
       0.73913043, 1.0, 0.43478261, 1.0, 1.0, 0.17391304, 1.0, 0.56521739,
       1.0, 1.0, 0.60869565, 0.7826087, 1.0, 0.86956522, 0.086956522,
       0.7826087, 0.86956522, 0.43478261, 0.17391304, 0.086956522,
       0.43478261, 0.86956522, 1.0]), 'tpos': array([2, 2, 2, 2, 1, 1, 2, 2, 1, 2, 2, 2, 2, 1, 2, 1, 2, 1, 2, 2, 1, 2, 2,
       0, 2, 1, 2, 2, 1, 2, 2, 2, 0, 2, 2, 1, 0, 0, 1, 2, 2])}, {'specificity': array([0.34883721, 0.20930233, 0.069767442, 0.44186047, 0.69767442,
       0.74418605, 0.81395349, 0.48837209, 0.37209302, 0.13953488,
       0.93023256, 0.30232558, 0.39534884, 0.1627907, 0.51162791,
       0.60465116, 0.62790698, 0.72093023, 0.58139535, 0.90697674,
       0.97674419, 0.41860465, 0.11627907, 0.76744186, 0.53488372,
       0.25581395, 0.023255814, 0.88372093, 0.18604651, 0.3255814,
       0.86046512, 0.046511628, 0.23255814, 0.6744186, 0.55813953,
       0.95348837, 0.65116279, 0.46511628, 0.79069767, 0.8372093, 1.0,
       0.27906977, 0.093023256]), 'tneg': array([ 1,  1,  0,  2,  6,  7,  9,  2,  1,  0,  9,  1,  1,  0,  2,  6,  6,
        7,  4,  9, 10,  2,  0,  7,  3,  1,  0,  9,  1,  1,  9,  0,  1,  6,
        4, 10,  6,  2,  7,  9, 10,  1,  0]), 'fpos': array([ 9,  9, 10,  8,  4,  3,  1,  8,  9, 10,  1,  9,  9, 10,  8,  4,  4,
        3,  6,  1,  0,  8, 10,  3,  7,  9, 10,  1,  9,  9,  1, 10,  9,  4,
        6,  0,  4,  8,  3,  1,  0,  9, 10]), 'threshold': [1.8048726719525989, 1.781115571359525, 1.7147219860948266, 1.8225590783704742, 1.8965967484740882, 1.9138254633354428, 1.95439921221921, 1.84952395354435, 1.8063018100182247, 1.7416983530365777, 2.0186097656098947, 1.7969081011794439, 1.806376671371043, 1.7612420309344721, 1.8558424259759172, 1.8890762576552214, 1.8905178656478086, 1.9069043269061001, 1.8844870713488438, 2.01200836282691, 2.0591330288628211, 1.8167657258510419, 1.7349799930302461, 1.919875233779224, 1.8589654936351017, 1.7936315434418115, 1.6655152126178847, 2.0025287713748439, 1.7682707158923243, 1.7973155437966182, 1.9832391905103606, 1.6947997734488378, 1.7927725089754778, 1.893246772372164, 1.8833685521695267, 2.04875255745207, 1.8906885468971282, 1.8439953868114873, 1.9304239650270925, 1.9807474997152292, 2.1170912644008677, 1.7937200111721781, 1.7320249979421516], 'fneg': array([1, 1, 0, 1, 1, 1, 3, 1, 1, 0, 5, 1, 1, 0, 1, 1, 1, 1, 1, 5, 5, 1, 0,
       1, 1, 1, 0, 4, 0, 1, 3, 0, 1, 1, 1, 5, 1, 1, 1, 3, 6, 1, 0]), 'sensitivity': array([0.9047619, 0.95238095, 1.0, 0.9047619, 0.76190476, 0.61904762,
       0.47619048, 0.80952381, 0.9047619, 1.0, 0.23809524, 0.9047619,
       0.9047619, 0.95238095, 0.80952381, 0.80952381, 0.80952381,
       0.66666667, 0.80952381, 0.28571429, 0.14285714, 0.9047619, 1.0,
       0.57142857, 0.80952381, 0.95238095, 1.0, 0.33333333, 0.95238095,
       0.9047619, 0.38095238, 1.0, 0.95238095, 0.80952381, 0.80952381,
       0.14285714, 0.80952381, 0.80952381, 0.52380952, 0.38095238,
       0.047619048, 0.95238095, 1.0]), 'tpos': array([5, 5, 6, 5, 5, 5, 3, 5, 5, 6, 1, 5, 5, 6, 5, 5, 5, 5, 5, 1, 1, 5, 6,
       5, 5, 5, 6, 2, 6, 5, 3, 6, 5, 5, 5, 1, 5, 5, 5, 3, 0, 5, 6])}, {'specificity': array([0.60526316, 0.42105263, 0.15789474, 0.52631579, 0.81578947,
       0.89473684, 0.94736842, 0.28947368, 0.39473684, 0.13157895,
       0.86842105, 0.55263158, 0.052631579, 0.078947368, 0.31578947,
       0.44736842, 0.63157895, 0.34210526, 0.68421053, 0.10526316, 1.0,
       0.18421053, 0.84210526, 0.21052632, 0.92105263, 0.65789474,
       0.026315789, 0.57894737, 0.76315789, 0.23684211, 0.36842105,
       0.47368421, 0.71052632, 0.73684211, 0.5, 0.97368421, 0.78947368,
       0.26315789]), 'tneg': array([ 4,  4,  1,  4,  7,  9, 10,  3,  4,  0,  8,  4,  0,  0,  3,  4,  5,
        4,  5,  0, 12,  1,  7,  2,  9,  5,  0,  4,  6,  2,  4,  4,  5,  5,
        4, 11,  6,  3]), 'fpos': array([ 9,  9, 12,  9,  6,  4,  3, 10,  9, 13,  5,  9, 13, 13, 10,  9,  8,
        9,  8, 13,  1, 12,  6, 11,  4,  8, 13,  9,  7, 11,  9,  9,  8,  8,
        9,  2,  7, 10]), 'threshold': [1.8826454636743606, 1.8461551991397935, 1.8031715220089022, 1.8658172779712392, 1.9545011854030727, 1.9947815356858343, 2.0140329623484754, 1.8297850664871258, 1.8454589824915773, 1.7918259183515002, 1.9742899150643605, 1.8748309616543197, 1.7774511366907271, 1.7875093306656242, 1.8316920732060873, 1.8486255964457719, 1.8841317950987853, 1.8413712092681114, 1.8924441222246577, 1.790545580795438, 2.0737426906210135, 1.8127138369189582, 1.9570211028416016, 1.8202832190200515, 1.9966770779024137, 1.8874756745728534, 1.7531046881540822, 1.880348906570277, 1.933248614146085, 1.822877960176128, 1.8436350608187972, 1.8632472127046724, 1.8946364742370561, 1.9243095192242945, 1.8641215351929905, 2.0397707147080055, 1.947139691082912, 1.8264114472986366], 'fneg': array([1, 1, 0, 1, 1, 3, 3, 1, 1, 0, 2, 1, 0, 0, 1, 1, 1, 1, 1, 0, 3, 0, 1,
       0, 3, 1, 0, 1, 1, 0, 1, 1, 1, 1, 1, 3, 1, 0]), 'sensitivity': array([0.80769231, 0.92307692, 0.96153846, 0.88461538, 0.53846154,
       0.38461538, 0.34615385, 0.96153846, 0.92307692, 1.0, 0.5,
       0.88461538, 1.0, 1.0, 0.96153846, 0.92307692, 0.80769231,
       0.92307692, 0.80769231, 1.0, 0.23076923, 0.96153846, 0.53846154,
       0.96153846, 0.38461538, 0.80769231, 1.0, 0.80769231, 0.61538462,
       0.96153846, 0.92307692, 0.88461538, 0.76923077, 0.61538462,
       0.88461538, 0.30769231, 0.57692308, 0.96153846]), 'tpos': array([2, 2, 3, 2, 2, 0, 0, 2, 2, 3, 1, 2, 3, 3, 2, 2, 2, 2, 2, 3, 0, 3, 2,
       3, 0, 2, 3, 2, 2, 3, 2, 2, 2, 2, 2, 0, 2, 3])}, {'specificity': array([0.4, 0.65, 0.8, 0.875, 0.95, 1.0, 0.675, 0.275, 0.075, 0.9, 0.725,
       0.175, 0.1, 0.35, 0.325, 0.575, 0.5, 0.625, 0.475, 0.925, 0.525,
       0.125, 0.15, 0.6, 0.025, 0.75, 0.2, 0.3, 0.85, 0.05, 0.55, 0.425,
       0.225, 0.775, 0.45, 0.25, 0.825, 0.975, 0.7, 0.375]), 'tneg': array([ 8,  9, 10, 11, 12, 12,  9,  4,  0, 11, 10,  2,  0,  4,  4,  9,  8,
        9,  8, 12,  8,  2,  2,  9,  0, 10,  4,  4, 10,  0,  8,  8,  4, 10,
        8,  4, 10, 12,  9,  4]), 'fpos': array([ 5,  4,  3,  2,  1,  1,  4,  9, 13,  2,  3, 11, 13,  9,  9,  4,  5,
        4,  5,  1,  5, 11, 11,  4, 13,  3,  9,  9,  3, 13,  5,  5,  9,  3,
        5,  9,  3,  1,  4,  9]), 'threshold': [1.9230129465538257, 2.0087487911388573, 2.0558518056339734, 2.0806374811264541, 2.16411662384731, 2.2201781619192169, 2.0135504476906578, 1.8984123149892016, 1.8263155652931957, 2.1222774702986889, 2.0434473539698041, 1.8650716189037084, 1.8363520886011659, 1.912431826830342, 1.9031507595667954, 1.9710330833892431, 1.9459404005554024, 1.9883550586998069, 1.9387821901827362, 2.1416498083296207, 1.9586083956593596, 1.8438949473152895, 1.8595777029423823, 1.9801771339162584, 1.7557802638652267, 2.0476306654048928, 1.8760970910109396, 1.9004182935488567, 2.0634278621648026, 1.8095059561806988, 1.9627244411775098, 1.9258433491484279, 1.8792809335766703, 2.0553839056014676, 1.9331111965070391, 1.8940444691667691, 2.0578257203439918, 2.1648658232973932, 2.0192882780431312, 1.9152248622453876], 'fneg': array([0, 1, 1, 2, 2, 2, 1, 0, 0, 2, 1, 0, 0, 0, 0, 1, 0, 1, 0, 2, 1, 0, 0,
       1, 0, 1, 0, 0, 1, 0, 1, 0, 0, 1, 0, 0, 1, 2, 1, 0]), 'sensitivity': array([0.84, 0.72, 0.52, 0.44, 0.24, 0.2, 0.68, 0.92, 1.0, 0.4, 0.64, 0.96,
       1.0, 0.88, 0.92, 0.76, 0.76, 0.76, 0.8, 0.32, 0.76, 0.96, 0.96,
       0.76, 1.0, 0.56, 0.96, 0.92, 0.44, 1.0, 0.76, 0.8, 0.96, 0.52, 0.8,
       0.92, 0.52, 0.24, 0.68, 0.84]), 'tpos': array([2, 1, 1, 0, 0, 0, 1, 2, 2, 0, 1, 2, 2, 2, 2, 1, 2, 1, 2, 0, 1, 2, 2,
       1, 2, 1, 2, 2, 1, 2, 1, 2, 2, 1, 2, 2, 1, 0, 1, 2])}], <Model object at 0x0000000000000708>)
#adapt
([{'specificity': array([0.97222222, 0.61111111, 0.38888889, 0.58333333, 0.55555556,
       0.83333333, 0.86111111, 0.94444444, 0.77777778, 0.36111111,
       0.47222222, 0.055555556, 0.72222222, 0.027777778, 0.083333333,
       0.19444444, 0.5, 0.69444444, 0.88888889, 0.80555556, 0.22222222,
       0.52777778, 0.30555556, 0.75, 0.33333333, 0.44444444, 0.27777778,
       0.13888889, 0.25, 0.41666667, 0.63888889, 0.11111111, 0.66666667,
       0.16666667, 0.91666667, 1.0]), 'tneg': array([12,  4,  4,  4,  4,  9, 10, 12,  8,  2,  4,  0,  7,  0,  0,  1,  4,
        7, 11,  8,  1,  4,  2,  8,  2,  4,  2,  1,  1,  4,  7,  1,  7,  1,
       11, 12]), 'fpos': array([ 1,  9,  9,  9,  9,  4,  3,  1,  5, 11,  9, 13,  6, 13, 13, 12,  9,
        6,  2,  5, 12,  9, 11,  5, 11,  9, 11, 12, 12,  9,  6, 12,  6, 12,
        2,  1]), 'threshold': [2.2886205951853191, 1.9470466919012412, 1.8821304127666894, 1.9457443948451645, 1.9224696786188711, 2.0772583879208035, 2.0792019294349338, 2.2687344168171109, 2.05652360013929, 1.8608418831452438, 1.8981801230924638, 1.7593556891310307, 2.0310679650292038, 1.7536082081500477, 1.7633313056260513, 1.8258726759252484, 1.9037448750819319, 2.025393511915063, 2.1341960906028032, 2.0568285736500056, 1.8280006985381208, 1.9175795391212587, 1.8560731982499981, 2.0473196518269696, 1.8569284340031622, 1.886042768182576, 1.8553422624892242, 1.7955974129305528, 1.8317324273037192, 1.882506704699408, 1.9817836427782563, 1.786793023753851, 1.9891300317071861, 1.8098402938266018, 2.137229336850321, 2.2912741728393442], 'fneg': array([2, 1, 0, 1, 1, 1, 1, 2, 1, 0, 0, 0, 1, 0, 0, 0, 0, 1, 1, 1, 0, 0, 0,
       1, 0, 0, 0, 0, 0, 0, 1, 0, 1, 0, 1, 2]), 'sensitivity': array([0.18518519, 0.81481481, 0.92592593, 0.81481481, 0.85185185,
       0.44444444, 0.44444444, 0.18518519, 0.51851852, 0.96296296,
       0.88888889, 1.0, 0.62962963, 1.0, 1.0, 0.96296296, 0.88888889,
       0.62962963, 0.33333333, 0.51851852, 0.96296296, 0.85185185,
       0.96296296, 0.59259259, 0.96296296, 0.92592593, 0.96296296,
       0.96296296, 0.96296296, 0.92592593, 0.74074074, 0.96296296,
       0.7037037, 0.96296296, 0.33333333, 0.18518519]), 'tpos': array([2, 3, 4, 3, 3, 3, 3, 2, 3, 4, 4, 4, 3, 4, 4, 4, 4, 3, 3, 3, 4, 4, 4,
       3, 4, 4, 4, 4, 4, 4, 3, 4, 3, 4, 3, 2])}, {'specificity': array([0.97435897, 0.20512821, 0.58974359, 0.17948718, 0.15384615,
       0.87179487, 0.92307692, 0.84615385, 0.8974359, 1.0, 0.82051282,
       0.61538462, 0.33333333, 0.71794872, 0.51282051, 0.30769231,
       0.25641026, 0.76923077, 0.15384615, 0.15384615, 0.15384615,
       0.15384615, 0.38461538, 0.43589744, 0.48717949, 0.74358974,
       0.79487179, 0.53846154, 0.35897436, 0.23076923, 0.46153846,
       0.41025641, 0.64102564, 0.66666667, 0.69230769, 0.56410256,
       0.94871795, 0.28205128, 0.15384615]), 'tneg': array([11,  2,  5,  1,  1, 10, 11, 10, 11, 11, 10,  5,  4,  7,  5,  3,  2,
        7,  1,  1,  1,  1,  4,  5,  5,  7,  8,  5,  4,  2,  5,  5,  6,  7,
        7,  5, 11,  3,  1]), 'fpos': array([ 1, 10,  7, 11, 11,  2,  1,  2,  1,  1,  2,  7,  8,  5,  7,  9, 10,
        5, 11, 11, 11, 11,  8,  7,  7,  5,  4,  7,  8, 10,  7,  7,  6,  5,
        5,  7,  1,  9, 11]), 'threshold': [2.2631292450752158, 1.9136840801690547, 1.961118270435734, 1.911623389533919, 1.911496098105349, 2.1681251767054044, 2.2257980827390225, 2.1267992705264973, 2.2128305311066132, 2.2711159506588237, 2.120475808548735, 1.9611565913065809, 1.9205743800849844, 1.9898579474059452, 1.9513459125023078, 1.9166459192234635, 1.915009892176105, 2.0062841312044304, 1.911496098105349, 1.911496098105349, 1.911496098105349, 1.911496098105349, 1.9215018899236278, 1.9451678512580994, 1.9471922281659493, 2.0018337544166833, 2.0591972432964671, 1.9544392124706103, 1.9214421024172388, 1.9139006065401862, 1.9459478561580235, 1.9269894666143634, 1.9676947135769043, 1.9703690156296527, 1.9704516917838431, 1.9554115441943012, 2.2522297208279487, 1.9158902916836285, 1.911496098105349], 'fneg': array([3, 1, 1, 1, 0, 2, 3, 2, 3, 3, 2, 1, 1, 1, 1, 1, 1, 1, 0, 0, 0, 0, 1,
       1, 1, 1, 1, 1, 1, 1, 1, 1, 1, 1, 1, 1, 3, 1, 0]), 'sensitivity': array([0.28, 0.92, 0.8, 0.96, 0.96, 0.44, 0.32, 0.52, 0.36, 0.28, 0.52,
       0.76, 0.88, 0.72, 0.8, 0.92, 0.92, 0.68, 0.96, 0.96, 0.96, 0.96,
       0.88, 0.8, 0.8, 0.68, 0.56, 0.8, 0.88, 0.92, 0.8, 0.88, 0.76, 0.76,
       0.76, 0.8, 0.28, 0.92, 0.96]), 'tpos': array([1, 3, 3, 3, 4, 2, 1, 2, 1, 1, 2, 3, 3, 3, 3, 3, 3, 3, 4, 4, 4, 4, 3,
       3, 3, 3, 3, 3, 3, 3, 3, 3, 3, 3, 3, 3, 1, 3, 4])}, {'specificity': array([0.475, 0.575, 0.55, 0.6, 0.875, 0.975, 1.0, 0.95, 0.175, 0.075,
       0.75, 0.65, 0.025, 0.05, 0.25, 0.225, 0.8, 0.7, 0.5, 0.325, 0.35,
       0.775, 0.45, 0.525, 0.825, 0.85, 0.1, 0.275, 0.125, 0.375, 0.4, 0.2,
       0.425, 0.675, 0.15, 0.725, 0.3, 0.925, 0.9, 0.625]), 'tneg': array([ 3,  4,  3,  4,  7, 10, 10,  8,  0,  0,  6,  5,  0,  0,  3,  3,  6,
        6,  3,  3,  3,  6,  3,  3,  7,  7,  0,  3,  0,  3,  3,  2,  3,  6,
        0,  6,  3,  8,  7,  5]), 'fpos': array([ 7,  6,  7,  6,  3,  0,  0,  2, 10, 10,  4,  5, 10, 10,  7,  7,  4,
        4,  7,  7,  7,  4,  7,  7,  3,  3, 10,  7, 10,  7,  7,  8,  7,  4,
       10,  4,  7,  2,  3,  5]), 'threshold': [1.8756149556473898, 1.9282664201362629, 1.9063210066973193, 1.9294410807539217, 2.0399143674818991, 2.15911007685754, 2.183091625019014, 2.1005540223336325, 1.7716802886715297, 1.7473333983589432, 1.9811333327188541, 1.9592706967211246, 1.7417406400564519, 1.7466144774094368, 1.8222985144850159, 1.8175759671478438, 2.0029978730398565, 1.9749421094954569, 1.8934116321647208, 1.8364505584169801, 1.8457093575919106, 2.0016267604642919, 1.8653069625373111, 1.8986337318695623, 2.0189205464813091, 2.0283278741164761, 1.7497657276176395, 1.8249275923274866, 1.7648091339451013, 1.8543924851188252, 1.854573390005664, 1.8139085500759231, 1.8609109290929209, 1.9700412263431146, 1.7661479299340275, 1.9756712541309345, 1.8315440389942834, 2.0957378063084757, 2.041706249484021, 1.9319155215696853], 'fneg': array([0, 0, 0, 0, 2, 4, 4, 3, 0, 0, 2, 0, 0, 0, 0, 0, 2, 2, 0, 0, 0, 2, 0,
       0, 2, 2, 0, 0, 0, 0, 0, 0, 0, 1, 0, 2, 0, 3, 2, 0]), 'sensitivity': array([0.875, 0.75, 0.75, 0.70833333, 0.375, 0.25, 0.20833333, 0.29166667,
       1.0, 1.0, 0.625, 0.625, 1.0, 1.0, 0.95833333, 0.95833333,
       0.58333333, 0.625, 0.79166667, 0.95833333, 0.95833333, 0.58333333,
       0.91666667, 0.79166667, 0.45833333, 0.45833333, 1.0, 0.95833333,
       1.0, 0.95833333, 0.95833333, 0.95833333, 0.95833333, 0.625, 1.0,
       0.625, 0.95833333, 0.29166667, 0.375, 0.70833333]), 'tpos': array([6, 6, 6, 6, 4, 2, 2, 3, 6, 6, 4, 6, 6, 6, 6, 6, 4, 4, 6, 6, 6, 4, 6,
       6, 4, 4, 6, 6, 6, 6, 6, 6, 6, 5, 6, 4, 6, 3, 4, 6])}, {'specificity': array([0.94736842, 0.55263158, 0.42105263, 0.57894737, 0.60526316,
       0.68421053, 1.0, 0.39473684, 0.34210526, 0.078947368, 0.84210526,
       0.63157895, 0.026315789, 0.31578947, 0.78947368, 0.89473684,
       0.92105263, 0.21052632, 0.47368421, 0.15789474, 0.36842105,
       0.65789474, 0.23684211, 0.5, 0.81578947, 0.10526316, 0.26315789,
       0.052631579, 0.18421053, 0.28947368, 0.71052632, 0.13157895,
       0.73684211, 0.44736842, 0.86842105, 0.97368421, 0.76315789,
       0.52631579]), 'tneg': array([ 9,  5,  1,  5,  6,  6, 10,  1,  1,  1,  8,  6,  0,  1,  7,  8,  9,
        1,  1,  1,  1,  6,  1,  2,  7,  1,  1,  0,  1,  1,  7,  1,  7,  1,
        8, 10,  7,  5]), 'fpos': array([ 1,  5,  9,  5,  4,  4,  0,  9,  9,  9,  2,  4, 10,  9,  3,  2,  1,
        9,  9,  9,  9,  4,  9,  8,  3,  9,  9, 10,  9,  9,  3,  9,  3,  9,
        2,  0,  3,  5]), 'threshold': [2.3069000058467406, 1.8274961046732696, 1.6837099729350138, 1.8513061288553141, 1.9119370560394582, 1.9456313444729416, 2.464941239184463, 1.658129448714907, 1.6314262106164246, 1.42576239537735, 2.0113943435640942, 1.9124931368887428, 1.40579678953323, 1.6249214913962982, 1.9688265940378911, 2.1081183878463046, 2.1780574754616144, 1.5735814081744868, 1.6987637642429663, 1.5432985559278309, 1.6492108947446693, 1.9235892425836156, 1.5834752198106572, 1.725151401457512, 1.9769418654611612, 1.4960733695465425, 1.5909200575161724, 1.4143644929296864, 1.5622083432103837, 1.62456325667149, 1.9611982548711606, 1.5154237972346005, 1.9645246321068772, 1.6855857627063475, 2.0773537127897406, 2.4647252205283214, 1.9654632451582343, 1.7994673733939157], 'fneg': array([4, 2, 1, 2, 2, 2, 4, 1, 1, 0, 3, 2, 0, 1, 2, 4, 4, 0, 1, 0, 1, 2, 0,
       1, 2, 0, 0, 0, 0, 1, 2, 0, 2, 1, 4, 4, 2, 2]), 'sensitivity': array([0.26923077, 0.88461538, 0.92307692, 0.84615385, 0.80769231,
       0.69230769, 0.19230769, 0.96153846, 0.96153846, 1.0, 0.57692308,
       0.80769231, 1.0, 0.96153846, 0.65384615, 0.42307692, 0.38461538,
       1.0, 0.92307692, 1.0, 0.96153846, 0.73076923, 1.0, 0.92307692,
       0.65384615, 1.0, 1.0, 1.0, 1.0, 0.96153846, 0.65384615, 1.0,
       0.65384615, 0.92307692, 0.5, 0.19230769, 0.65384615, 0.88461538]), 'tpos': array([2, 4, 5, 4, 4, 4, 2, 5, 5, 6, 3, 4, 6, 5, 4, 2, 2, 6, 5, 6, 5, 4, 6,
       5, 4, 6, 6, 6, 6, 5, 4, 6, 4, 5, 2, 2, 4, 4])}, {'specificity': array([0.5, 0.42105263, 0.52631579, 0.68421053, 0.89473684, 0.97368421,
       1.0, 0.92105263, 0.81578947, 0.26315789, 0.18421053, 0.86842105,
       0.63157895, 0.078947368, 0.23684211, 0.71052632, 0.94736842,
       0.60526316, 0.15789474, 0.31578947, 0.65789474, 0.28947368,
       0.47368421, 0.76315789, 0.84210526, 0.026315789, 0.39473684,
       0.052631579, 0.34210526, 0.36842105, 0.13157895, 0.44736842,
       0.55263158, 0.10526316, 0.21052632, 0.78947368, 0.73684211,
       0.57894737]), 'tneg': array([ 9,  6,  9, 10, 11, 11, 11, 11, 10,  5,  4, 10, 10,  1,  5, 10, 11,
       10,  4,  6, 10,  5,  8, 10, 10,  0,  6,  1,  6,  6,  2,  8, 10,  1,
        4, 10, 10, 10]), 'fpos': array([ 3,  6,  3,  2,  1,  1,  1,  1,  2,  7,  8,  2,  2, 11,  7,  2,  1,
        2,  8,  6,  2,  7,  4,  2,  2, 12,  6, 11,  6,  6, 10,  4,  2, 11,
        8,  2,  2,  2]), 'threshold': [1.9229781543669491, 1.8329549878273101, 1.9266200790366264, 2.00234442457187, 2.0687359718468024, 2.1778130728728091, 2.3511499506338658, 2.1465540757672854, 2.0224849223675712, 1.7726826545225349, 1.7557166044420525, 2.0267200400543537, 1.9681480231092621, 1.7028640994759146, 1.7683601183013238, 2.011084148552722, 2.1716446239029716, 1.9556290571222792, 1.7438558690874226, 1.7963528714108659, 1.987384744098605, 1.7923963092228976, 1.8558015672185793, 2.0159947101730666, 2.0248443579462312, 1.6863058257971912, 1.832510308854572, 1.6888703143682291, 1.7984332254073536, 1.8284847947379501, 1.7219001377169423, 1.8448977704354621, 1.9283186322794863, 1.7136256534647805, 1.7595571694398671, 2.0189207956095592, 2.0144967302737582, 1.9350943411386981], 'fneg': array([0, 0, 0, 2, 2, 2, 3, 2, 2, 0, 0, 2, 0, 0, 0, 2, 2, 0, 0, 0, 0, 0, 0,
       2, 2, 0, 0, 0, 0, 0, 0, 0, 0, 0, 0, 2, 2, 0]), 'sensitivity': array([0.85185185, 0.96296296, 0.85185185, 0.66666667, 0.51851852,
       0.33333333, 0.25925926, 0.44444444, 0.62962963, 1.0, 1.0,
       0.62962963, 0.77777778, 1.0, 1.0, 0.62962963, 0.33333333,
       0.85185185, 1.0, 1.0, 0.7037037, 1.0, 0.92592593, 0.62962963,
       0.62962963, 1.0, 0.96296296, 1.0, 1.0, 0.96296296, 1.0, 0.92592593,
       0.85185185, 1.0, 1.0, 0.62962963, 0.62962963, 0.85185185]), 'tpos': array([3, 3, 3, 1, 1, 1, 0, 1, 1, 3, 3, 1, 3, 3, 3, 1, 1, 3, 3, 3, 3, 3, 3,
       1, 1, 3, 3, 3, 3, 3, 3, 3, 3, 3, 3, 1, 1, 3])}], <Model object at 0x0000000000000A34>)
#adapt
([{'specificity': array([0.95, 0.425, 0.2, 0.15, 0.9, 0.925, 0.7, 0.6, 0.675, 0.3, 0.625,
       0.475, 0.65, 0.25, 0.55, 0.275, 0.75, 0.45, 0.15, 1.0, 0.15, 0.15,
       0.15, 0.4, 0.775, 0.225, 0.825, 0.875, 0.5, 0.525, 0.375, 0.575,
       0.8, 0.725, 0.325, 0.175, 0.85, 0.975, 0.35, 0.15]), 'tneg': array([13,  3,  1,  0, 13, 13,  6,  5,  5,  2,  5,  3,  5,  2,  5,  2,  6,
        3,  0, 14,  0,  0,  0,  3,  6,  1,  7, 12,  3,  3,  3,  5,  7,  6,
        2,  1,  7, 14,  3,  0]), 'fpos': array([ 1, 11, 13, 14,  1,  1,  8,  9,  9, 12,  9, 11,  9, 12,  9, 12,  8,
       11, 14,  0, 14, 14, 14, 11,  8, 13,  7,  2, 11, 11, 11,  9,  7,  8,
       12, 13,  7,  0, 11, 14]), 'threshold': [2.2585966922704488, 1.8321202264170147, 1.8100234734667013, 1.8097569402896427, 2.160291249721082, 2.1925515964654161, 1.8752069245723495, 1.8575206356525407, 1.8700851616530212, 1.8169496980511459, 1.8588103350031398, 1.8379284628070221, 1.8634381847106112, 1.8150877296755443, 1.8553845211207465, 1.8159188314120642, 1.8807757302682691, 1.8371203698066227, 1.8097569402896427, 2.2785710627149389, 1.8097569402896427, 1.8097569402896427, 1.8097569402896427, 1.8317908211993836, 1.885724481277687, 1.8119644307139411, 1.9233381064297139, 2.0427878483231048, 1.8390167608107144, 1.8425983232004763, 1.829459921760759, 1.8560328140990776, 1.9224809796810511, 1.8807128977047802, 1.8173561291587899, 1.8098241672769908, 1.9269751755292119, 2.2748231924341007, 1.8194422891425008, 1.8097569402896427], 'fneg': array([3, 0, 0, 0, 2, 2, 0, 0, 0, 0, 0, 0, 0, 0, 0, 0, 0, 0, 0, 3, 0, 0, 0,
       0, 0, 0, 1, 2, 0, 0, 0, 0, 1, 0, 0, 0, 1, 3, 0, 0]), 'sensitivity': array([0.17391304, 0.73913043, 0.91304348, 0.95652174, 0.30434783,
       0.26086957, 0.65217391, 0.69565217, 0.65217391, 0.7826087,
       0.69565217, 0.69565217, 0.65217391, 0.82608696, 0.69565217,
       0.7826087, 0.65217391, 0.69565217, 0.95652174, 0.043478261,
       0.95652174, 0.95652174, 0.95652174, 0.73913043, 0.65217391,
       0.86956522, 0.56521739, 0.43478261, 0.69565217, 0.69565217,
       0.73913043, 0.69565217, 0.56521739, 0.65217391, 0.7826087,
       0.95652174, 0.56521739, 0.043478261, 0.7826087, 0.95652174]), 'tpos': array([0, 3, 3, 3, 1, 1, 3, 3, 3, 3, 3, 3, 3, 3, 3, 3, 3, 3, 3, 0, 3, 3, 3,
       3, 3, 3, 2, 1, 3, 3, 3, 3, 2, 3, 3, 3, 2, 0, 3, 3])}, {'specificity': array([0.30952381, 0.54761905, 0.42857143, 0.14285714, 0.92857143,
       0.71428571, 0.35714286, 0.88095238, 0.28571429, 0.52380952,
       0.45238095, 0.64285714, 0.19047619, 0.73809524, 0.57142857,
       0.14285714, 0.95238095, 1.0, 0.14285714, 0.61904762, 0.66666667,
       0.14285714, 0.14285714, 0.4047619, 0.85714286, 0.76190476,
       0.23809524, 0.80952381, 0.9047619, 0.5, 0.69047619, 0.47619048,
       0.38095238, 0.33333333, 0.83333333, 0.5952381, 0.21428571,
       0.78571429, 0.97619048, 0.26190476, 0.16666667, 0.14285714]), 'tneg': array([ 3,  7,  5,  0, 11,  8,  5, 10,  3,  7,  6,  8,  2,  8,  7,  0, 11,
       11,  0,  8,  8,  0,  0,  5, 10,  8,  2, 10, 10,  6,  8,  6,  5,  3,
       10,  8,  2, 10, 11,  2,  0,  0]), 'fpos': array([ 8,  4,  6, 11,  0,  3,  6,  1,  8,  4,  5,  3,  9,  3,  4, 11,  0,
        0, 11,  3,  3, 11, 11,  6,  1,  3,  9,  1,  1,  5,  3,  5,  6,  8,
        1,  3,  9,  1,  0,  9, 11, 11]), 'threshold': [1.8452236062656229, 1.8689047501416292, 1.8553567878171116, 1.8398267835019289, 2.0062936083250076, 1.8823892229828991, 1.8517894589341641, 1.976155605671496, 1.8448418026155133, 1.8677294362947539, 1.8563429333401811, 1.8772227391976766, 1.8404434765712887, 1.8849240351843641, 1.8716397817373629, 1.8398267835019289, 2.0453190551948892, 2.0548907990293328, 1.8398267835019289, 1.8744053662926115, 1.8790947038590251, 1.8398267835019289, 1.8398267835019289, 1.8551895049465754, 1.9551982256331044, 1.8927356251880245, 1.8413659159234546, 1.9189879847917266, 1.9800349647792777, 1.8601978067428198, 1.8795339297380105, 1.8596435197184267, 1.8531873110038897, 1.845428159413014, 1.9240654099502776, 1.8726504129655757, 1.8405635215327874, 1.9184712142013662, 2.0522776648578698, 1.8421722932499292, 1.8398407598557496, 1.8398267835019289], 'fneg': array([0, 0, 0, 0, 3, 1, 0, 3, 0, 0, 0, 1, 0, 1, 0, 0, 3, 4, 0, 0, 1, 0, 0,
       0, 3, 2, 0, 2, 3, 0, 1, 0, 0, 0, 2, 0, 0, 2, 4, 0, 0, 0]), 'sensitivity': array([0.72727273, 0.63636364, 0.68181818, 0.95454545, 0.31818182,
       0.59090909, 0.68181818, 0.40909091, 0.72727273, 0.63636364,
       0.63636364, 0.59090909, 0.90909091, 0.59090909, 0.63636364,
       0.95454545, 0.090909091, 0.0, 0.95454545, 0.63636364, 0.59090909,
       0.95454545, 0.95454545, 0.68181818, 0.40909091, 0.59090909,
       0.86363636, 0.45454545, 0.40909091, 0.63636364, 0.59090909,
       0.63636364, 0.68181818, 0.72727273, 0.45454545, 0.63636364,
       0.86363636, 0.45454545, 0.045454545, 0.86363636, 0.90909091,
       0.95454545]), 'tpos': array([5, 5, 5, 5, 2, 4, 5, 2, 5, 5, 5, 4, 5, 4, 5, 5, 2, 1, 5, 5, 4, 5, 5,
       5, 2, 3, 5, 3, 2, 5, 4, 5, 5, 5, 3, 5, 5, 3, 1, 5, 5, 5])}, {'specificity': array([0.95348837, 0.41860465, 0.3255814, 0.13953488, 0.48837209,
       0.51162791, 0.88372093, 0.90697674, 0.44186047, 0.86046512,
       0.37209302, 0.11627907, 0.20930233, 0.34883721, 0.69767442,
       0.62790698, 0.6744186, 0.60465116, 0.46511628, 0.93023256,
       0.97674419, 0.18604651, 0.74418605, 0.25581395, 0.23255814,
       0.27906977, 0.81395349, 0.069767442, 0.8372093, 0.1627907,
       0.30232558, 0.093023256, 0.55813953, 0.65116279, 0.58139535,
       0.72093023, 0.39534884, 0.046511628, 1.0, 0.76744186, 0.79069767,
       0.53488372, 0.023255814]), 'tneg': array([12,  3,  3,  1,  5,  5, 10, 12,  3, 10,  3,  0,  2,  3,  9,  8,  8,
        8,  3, 12, 12,  2, 10,  2,  2,  2, 10,  0, 10,  2,  2,  0,  7,  8,
        7, 10,  3,  0, 12, 10, 10,  5,  0]), 'fpos': array([ 0,  9,  9, 11,  7,  7,  2,  0,  9,  2,  9, 12, 10,  9,  3,  4,  4,
        4,  9,  0,  0, 10,  2, 10, 10, 10,  2, 12,  2, 10, 10, 12,  5,  4,
        5,  2,  9, 12,  0,  2,  2,  7, 12]), 'threshold': [2.2496598446042011, 1.7619010635407806, 1.7556931528674522, 1.676676425717845, 1.7790411736311576, 1.7899624422795148, 2.06119441917762, 2.1528082868547638, 1.7632501660775797, 2.0157480460105344, 1.7590285456262984, 1.666572202781424, 1.7016835149784453, 1.7577952720774792, 1.86136317088896, 1.8357634482083267, 1.8449086405533899, 1.831279535647713, 1.7729125426519037, 2.1752765356493069, 2.2827018581551521, 1.701627018591573, 1.9047007872490531, 1.7132342436787273, 1.7102593631139365, 1.7215636561598433, 1.9468461388113443, 1.6403285970773314, 1.9996686050457448, 1.6961765681227206, 1.7223905665127535, 1.6606716989825003, 1.8172010356490318, 1.8435924658600353, 1.822870372178153, 1.9026459597763485, 1.7611119060684568, 1.6239881976664297, 2.4013518284943358, 1.9067150285822196, 1.9254168550648061, 1.7955915726202212, 1.4932045978606641], 'fneg': array([3, 1, 1, 0, 1, 1, 2, 2, 1, 2, 1, 0, 0, 1, 2, 1, 1, 1, 1, 2, 3, 0, 2,
       0, 0, 0, 2, 0, 2, 0, 0, 0, 1, 1, 1, 2, 1, 0, 4, 2, 2, 1, 0]), 'sensitivity': array([0.19047619, 0.85714286, 0.85714286, 1.0, 0.80952381, 0.80952381,
       0.38095238, 0.38095238, 0.85714286, 0.47619048, 0.85714286, 1.0,
       0.9047619, 0.85714286, 0.71428571, 0.76190476, 0.76190476,
       0.76190476, 0.85714286, 0.28571429, 0.095238095, 0.9047619,
       0.61904762, 0.85714286, 0.85714286, 0.85714286, 0.47619048, 1.0,
       0.47619048, 1.0, 0.85714286, 1.0, 0.80952381, 0.76190476,
       0.76190476, 0.61904762, 0.85714286, 1.0, 0.0, 0.61904762,
       0.61904762, 0.80952381, 1.0]), 'tpos': array([1, 3, 3, 4, 3, 3, 2, 2, 3, 2, 3, 4, 4, 3, 2, 3, 3, 3, 3, 2, 1, 4, 2,
       4, 4, 4, 2, 4, 2, 4, 4, 4, 3, 3, 3, 2, 3, 4, 0, 2, 2, 3, 4])}, {'specificity': array([0.7, 0.275, 0.125, 0.675, 0.75, 0.3, 0.25, 0.5, 0.4, 0.475, 0.05,
       0.1, 0.225, 0.325, 0.55, 0.6, 0.075, 0.775, 0.725, 0.85, 0.175,
       0.875, 0.625, 0.925, 0.45, 0.95, 0.8, 0.2, 0.425, 0.15, 0.35, 0.525,
       0.375, 0.575, 0.025, 0.975, 1.0, 0.9, 0.825, 0.65]), 'tneg': array([ 8,  5,  2,  8,  8,  6,  4,  7,  7,  7,  1,  2,  4,  6,  8,  8,  1,
        8,  8,  8,  2,  8,  8, 10,  7, 11,  8,  2,  7,  2,  6,  8,  7,  8,
        0, 11, 11, 10,  8,  8]), 'fpos': array([ 3,  6,  9,  3,  3,  5,  7,  4,  4,  4, 10,  9,  7,  5,  3,  3, 10,
        3,  3,  3,  9,  3,  3,  1,  4,  0,  3,  9,  4,  9,  5,  3,  4,  3,
       11,  0,  0,  1,  3,  3]), 'threshold': [1.9077935859423176, 1.8022080784597867, 1.7630781433291112, 1.9072006789176259, 1.9345192633549606, 1.8107026134880011, 1.7851107402969622, 1.8630688387887386, 1.8420587533574262, 1.8616116916787178, 1.7324208521747009, 1.7610689348971818, 1.7814847094752908, 1.8147627238467752, 1.8751379678164981, 1.8842642620654204, 1.7466793295041363, 1.93477081798975, 1.927761782031814, 1.9665647540302227, 1.7645936221733474, 1.9674282888539654, 1.8925301875317477, 1.9876049071831745, 1.8503314902463472, 2.0295393514194191, 1.9499568130963887, 1.7689233589158098, 1.8470627339884882, 1.76400380467544, 1.82674663392612, 1.8692224508428157, 1.8328555323267923, 1.8770618406635482, 1.7149491971363211, 2.0817621367312489, 2.1311174005216866, 1.9729760805917858, 1.9599270600630296, 1.9067053056819596], 'fneg': array([3, 0, 0, 3, 3, 0, 0, 2, 0, 2, 0, 0, 0, 0, 2, 2, 0, 3, 3, 5, 0, 5, 2,
       5, 0, 5, 4, 0, 0, 0, 0, 2, 0, 2, 0, 5, 5, 5, 5, 3]), 'sensitivity': array([0.625, 0.875, 1.0, 0.625, 0.54166667, 0.875, 0.95833333, 0.75,
       0.83333333, 0.79166667, 1.0, 1.0, 0.95833333, 0.875, 0.70833333,
       0.70833333, 1.0, 0.54166667, 0.54166667, 0.45833333, 1.0,
       0.45833333, 0.66666667, 0.45833333, 0.79166667, 0.33333333,
       0.54166667, 1.0, 0.83333333, 1.0, 0.83333333, 0.70833333,
       0.83333333, 0.70833333, 1.0, 0.083333333, 0.041666667, 0.45833333,
       0.45833333, 0.625]), 'tpos': array([2, 5, 5, 2, 2, 5, 5, 3, 5, 3, 5, 5, 5, 5, 3, 3, 5, 2, 2, 0, 5, 0, 3,
       0, 5, 0, 1, 5, 5, 5, 5, 3, 5, 3, 5, 0, 0, 0, 0, 2])}, {'specificity': array([0.47619048, 0.4047619, 0.64285714, 0.38095238, 0.97619048,
       0.52380952, 0.80952381, 0.23809524, 0.30952381, 0.66666667,
       0.21428571, 0.095238095, 0.5, 0.42857143, 0.83333333, 0.28571429,
       0.57142857, 0.95238095, 1.0, 0.33333333, 0.071428571, 0.54761905,
       0.14285714, 0.16666667, 0.73809524, 0.71428571, 0.26190476,
       0.9047619, 0.92857143, 0.78571429, 0.19047619, 0.69047619,
       0.5952381, 0.35714286, 0.45238095, 0.11904762, 0.047619048,
       0.88095238, 0.61904762, 0.85714286, 0.76190476, 0.023809524]), 'tneg': array([ 3,  3,  5,  3, 10,  5,  7,  2,  3,  5,  1,  0,  4,  3,  7,  3,  5,
       10, 10,  3,  0,  5,  1,  1,  6,  6,  2,  8,  8,  7,  1,  6,  5,  3,
        3,  0,  0,  7,  5,  7,  7,  0]), 'fpos': array([ 8,  8,  6,  8,  1,  6,  4,  9,  8,  6, 10, 11,  7,  8,  4,  8,  6,
        1,  1,  8, 11,  6, 10, 10,  5,  5,  9,  3,  3,  4, 10,  5,  6,  8,
        8, 11, 11,  4,  6,  4,  4, 11]), 'threshold': [1.7506277081363431, 1.7455166498999961, 1.8162179541704258, 1.742943109531131, 2.3180456426292286, 1.7725157388112167, 1.912114323631855, 1.6776238999688657, 1.7137365410720351, 1.8184458423534209, 1.660184540817057, 1.5680978810188704, 1.764964514918145, 1.7495419973101, 1.9176513419189789, 1.7045349492800683, 1.7943457829562552, 2.1939839145813593, 2.4987649127069949, 1.7403037064761571, 1.5551377060438139, 1.7756996443234026, 1.6132521194254932, 1.6156248082450488, 1.8491033675141817, 1.8400952647541926, 1.6782221201927172, 2.0485635504227169, 2.0839146836662725, 1.8829160861679906, 1.6511948592756884, 1.8366953760185856, 1.7975576822320363, 1.7423778875719982, 1.7500239391421937, 1.6017362278466929, 1.5121058704824901, 1.9814662783481354, 1.8084615255332082, 1.928282938910566, 1.876704795533465, 1.2051620046535532], 'fneg': array([0, 0, 0, 0, 3, 0, 1, 0, 0, 0, 0, 0, 0, 0, 1, 0, 0, 3, 4, 0, 0, 0, 0,
       0, 0, 0, 0, 2, 2, 1, 0, 0, 0, 0, 0, 0, 0, 2, 0, 1, 1, 0]), 'sensitivity': array([0.91304348, 0.91304348, 0.91304348, 0.95652174, 0.26086957,
       0.91304348, 0.7826087, 1.0, 1.0, 0.91304348, 1.0, 1.0, 0.91304348,
       0.91304348, 0.7826087, 1.0, 0.91304348, 0.30434783, 0.13043478,
       0.95652174, 1.0, 0.91304348, 1.0, 1.0, 0.91304348, 0.91304348, 1.0,
       0.52173913, 0.43478261, 0.82608696, 1.0, 0.91304348, 0.91304348,
       0.95652174, 0.91304348, 1.0, 1.0, 0.60869565, 0.91304348,
       0.73913043, 0.82608696, 1.0]), 'tpos': array([4, 4, 4, 4, 1, 4, 3, 4, 4, 4, 4, 4, 4, 4, 3, 4, 4, 1, 0, 4, 4, 4, 4,
       4, 4, 4, 4, 2, 2, 3, 4, 4, 4, 4, 4, 4, 4, 2, 4, 3, 3, 4])}], <Model object at 0x0000000000000D60>)
#adapt
([{'specificity': array([0.36842105, 0.39473684, 0.84210526, 0.89473684, 0.94736842,
       0.97368421, 0.60526316, 0.28947368, 0.15789474, 0.92105263,
       0.81578947, 0.13157895, 0.52631579, 0.73684211, 0.23684211,
       0.47368421, 0.5, 1.0, 0.63157895, 0.18421053, 0.68421053,
       0.26315789, 0.10526316, 0.57894737, 0.078947368, 0.55263158,
       0.21052632, 0.71052632, 0.78947368, 0.31578947, 0.052631579,
       0.34210526, 0.42105263, 0.44736842, 0.65789474, 0.76315789,
       0.86842105, 0.026315789]), 'tneg': array([ 4,  4,  9,  9, 10, 10,  5,  1,  0, 10,  9,  0,  5,  8,  1,  5,  5,
       12,  6,  0,  7,  1,  0,  5,  0,  5,  0,  8,  9,  1,  0,  4,  5,  5,
        6,  9,  9,  0]), 'fpos': array([ 8,  8,  3,  3,  2,  2,  7, 11, 12,  2,  3, 12,  7,  4, 11,  7,  7,
        0,  6, 12,  5, 11, 12,  7, 12,  7, 12,  4,  3, 11, 12,  8,  7,  7,
        6,  3,  3, 12]), 'threshold': [1.899376297819694, 1.900238999603167, 2.0421008651079422, 2.0576793440997134, 2.1679287956097442, 2.1702100397637856, 1.9310870943676604, 1.8715373514755589, 1.848079221884225, 2.0996914082239777, 2.03144294563529, 1.8318655496666281, 1.9272309816551061, 1.9709580694259479, 1.8555277772862642, 1.9151600642093516, 1.920084864774307, 2.6151306727739656, 1.9413763485487956, 1.8497576981894413, 1.9641102104396608, 1.858433815495288, 1.8233696391671379, 1.9309996668037379, 1.822099316854108, 1.9276111441121542, 1.8531061724813185, 1.9707776007945741, 1.981260456738456, 1.874866761465392, 1.8194618887282992, 1.8973177760302837, 1.9064412355625946, 1.9104753325230555, 1.9517313466066868, 1.9773665384715891, 2.0446604876494265, 1.620351864656004], 'fneg': array([0, 0, 2, 2, 3, 3, 0, 0, 0, 3, 2, 0, 0, 1, 0, 0, 0, 5, 0, 0, 1, 0, 0,
       0, 0, 0, 0, 1, 2, 0, 0, 0, 0, 0, 1, 1, 2, 0]), 'sensitivity': array([0.96153846, 0.96153846, 0.42307692, 0.42307692, 0.19230769,
       0.19230769, 0.88461538, 1.0, 1.0, 0.30769231, 0.46153846, 1.0,
       0.88461538, 0.76923077, 1.0, 0.88461538, 0.88461538, 0.0,
       0.88461538, 1.0, 0.80769231, 1.0, 1.0, 0.88461538, 1.0, 0.88461538,
       1.0, 0.80769231, 0.69230769, 1.0, 1.0, 0.96153846, 0.92307692,
       0.88461538, 0.80769231, 0.69230769, 0.42307692, 1.0]), 'tpos': array([5, 5, 3, 3, 2, 2, 5, 5, 5, 2, 3, 5, 5, 4, 5, 5, 5, 0, 5, 5, 4, 5, 5,
       5, 5, 5, 5, 4, 3, 5, 5, 5, 5, 5, 4, 4, 3, 5])}, {'specificity': array([0.975, 0.1, 0.65, 0.95, 0.425, 0.325, 0.4, 0.375, 0.15, 0.575, 0.45,
       0.175, 0.55, 0.5, 0.25, 0.875, 0.775, 0.225, 0.8, 0.7, 0.525, 0.725,
       0.025, 0.9, 0.35, 0.675, 0.825, 0.3, 0.2, 0.125, 0.6, 0.275, 0.75,
       0.475, 0.075, 0.625, 0.05, 1.0, 0.85, 0.925]), 'tneg': array([10,  1,  4, 10,  1,  1,  1,  1,  1,  3,  1,  1,  1,  1,  1,  8,  5,
        1,  5,  5,  1,  5,  1,  8,  1,  5,  5,  1,  1,  1,  3,  1,  5,  1,
        1,  3,  1, 10,  7,  9]), 'fpos': array([0, 9, 6, 0, 9, 9, 9, 9, 9, 7, 9, 9, 9, 9, 9, 2, 5, 9, 5, 5, 9, 5, 9,
       2, 9, 5, 5, 9, 9, 9, 7, 9, 5, 9, 9, 7, 9, 0, 3, 1]), 'threshold': [2.2818472945245891, 1.7825526104775213, 1.9712165172158371, 2.1814790153247023, 1.8877215943732812, 1.8739276772084863, 1.8820083265772876, 1.8800135171388963, 1.7920756046930333, 1.9333245813944695, 1.8879158085926704, 1.7985240772068107, 1.9129547328413306, 1.9027696992283043, 1.8296070989730207, 2.063742469447662, 2.010810939451023, 1.8285309361397386, 2.0112731213874739, 1.9940271664095082, 1.9094543055510225, 2.0036567677060315, 1.7066880291251456, 2.0876549239074467, 1.8761784997875635, 1.9933423755499304, 2.0133357791621678, 1.8706368078558471, 1.816351461846192, 1.7898988884681808, 1.9494927462444531, 1.8447943032035286, 2.0047270124212626, 1.8918120618192809, 1.7818932422654847, 1.9611504689592025, 1.7614858643808158, 2.3116015857445769, 2.0248613541391296, 2.1094705242893137], 'fneg': array([6, 0, 3, 5, 2, 2, 2, 2, 0, 3, 2, 0, 2, 2, 1, 4, 4, 1, 4, 4, 2, 4, 0,
       5, 2, 4, 4, 2, 1, 0, 3, 2, 4, 2, 0, 3, 0, 6, 4, 5]), 'sensitivity': array([0.04, 1.0, 0.64, 0.08, 0.88, 0.96, 0.96, 0.96, 1.0, 0.72, 0.88, 1.0,
       0.84, 0.84, 1.0, 0.48, 0.64, 1.0, 0.64, 0.64, 0.84, 0.64, 1.0, 0.36,
       0.96, 0.64, 0.6, 0.96, 1.0, 1.0, 0.68, 1.0, 0.64, 0.88, 1.0, 0.64,
       1.0, 0.04, 0.6, 0.28]), 'tpos': array([0, 6, 3, 1, 4, 4, 4, 4, 6, 3, 4, 6, 4, 4, 5, 2, 2, 5, 2, 2, 4, 2, 6,
       1, 4, 2, 2, 4, 5, 6, 3, 4, 2, 4, 6, 3, 6, 0, 2, 1])}, {'specificity': array([0.2, 0.725, 0.575, 0.7, 0.625, 0.85, 0.3, 0.325, 0.275, 0.175,
       0.475, 0.5, 0.05, 0.225, 0.75, 0.35, 0.65, 0.1, 0.8, 0.675, 0.925,
       0.125, 0.9, 0.55, 0.025, 0.875, 0.6, 0.825, 0.15, 0.375, 0.425,
       0.45, 0.775, 0.25, 0.525, 0.075, 1.0, 0.975, 0.95, 0.4]), 'tneg': array([ 0,  6,  5,  6,  6,  8,  2,  2,  2,  0,  5,  5,  0,  0,  6,  2,  6,
        0,  8,  6,  8,  0,  8,  5,  0,  8,  5,  8,  0,  2,  2,  5,  7,  2,
        5,  0, 10,  9,  9,  2]), 'fpos': array([10,  4,  5,  4,  4,  2,  8,  8,  8, 10,  5,  5, 10, 10,  4,  8,  4,
       10,  2,  4,  2, 10,  2,  5, 10,  2,  5,  2, 10,  8,  8,  5,  3,  8,
        5, 10,  0,  1,  1,  8]), 'threshold': [1.7588414386309781, 1.9369935823124505, 1.9143912670006913, 1.9347889610538784, 1.9219359011771655, 2.0171215254218531, 1.7867286316773341, 1.8192707590142103, 1.7806580539499193, 1.7555302450266568, 1.8777654165418145, 1.8805572817454446, 1.7050315261622238, 1.7613179299758479, 1.9433836157936424, 1.8289238707311206, 1.9286992130128875, 1.7324342628192535, 2.0146315063220226, 1.9333639142094112, 2.0452469431016009, 1.7425911578651006, 2.0254304678660247, 1.9096286310022368, 1.6837739610242084, 2.0234321900488, 1.914644009515986, 2.0161595666650189, 1.7535623829240554, 1.8326057462962984, 1.8488238565389783, 1.8754495310999817, 1.9721123146309276, 1.7757927941938967, 1.9078478112707862, 1.7314661770741551, 2.1152573033877951, 2.0661145417086062, 2.0648668583018766, 1.8347680922064504], 'fneg': array([0, 4, 4, 4, 4, 5, 0, 1, 0, 0, 3, 3, 0, 0, 4, 1, 4, 0, 5, 4, 5, 0, 5,
       4, 0, 5, 4, 5, 0, 1, 2, 3, 5, 0, 4, 0, 5, 5, 5, 1]), 'sensitivity': array([0.96, 0.56, 0.6, 0.56, 0.6, 0.32, 0.92, 0.88, 0.92, 0.96, 0.72,
       0.68, 1.0, 0.96, 0.56, 0.88, 0.6, 1.0, 0.32, 0.56, 0.16, 0.96, 0.32,
       0.6, 1.0, 0.32, 0.6, 0.32, 0.96, 0.88, 0.84, 0.76, 0.48, 0.92, 0.64,
       1.0, 0.04, 0.12, 0.16, 0.88]), 'tpos': array([6, 2, 2, 2, 2, 1, 6, 5, 6, 6, 3, 3, 6, 6, 2, 5, 2, 6, 1, 2, 1, 6, 1,
       2, 6, 1, 2, 1, 6, 5, 4, 3, 1, 6, 2, 6, 1, 1, 1, 5])}, {'specificity': array([0.18421053, 0.57894737, 0.44736842, 0.47368421, 0.73684211,
       0.94736842, 0.89473684, 0.52631579, 0.86842105, 0.36842105,
       0.42105263, 0.26315789, 0.84210526, 0.63157895, 0.28947368,
       0.65789474, 0.76315789, 0.55263158, 0.5, 0.60526316, 1.0,
       0.21052632, 0.13157895, 0.052631579, 0.23684211, 0.31578947,
       0.81578947, 0.68421053, 0.078947368, 0.10526316, 0.78947368,
       0.71052632, 0.39473684, 0.34210526, 0.92105263, 0.15789474,
       0.97368421, 0.026315789]), 'tneg': array([ 1,  4,  4,  4,  5, 14, 12,  4,  9,  4,  4,  2,  9,  4,  3,  4,  5,
        4,  4,  4, 14,  1,  1,  0,  1,  3,  7,  4,  0,  0,  5,  5,  4,  3,
       13,  1, 14,  0]), 'fpos': array([13, 10, 10, 10,  9,  0,  2, 10,  5, 10, 10, 12,  5, 10, 11, 10,  9,
       10, 10, 10,  0, 13, 13, 14, 13, 11,  7, 10, 14, 14,  9,  9, 10, 11,
        1, 13,  0, 14]), 'threshold': [1.6473651077175591, 1.8688316825655855, 1.8054964528164714, 1.8223699593843576, 1.9238226240515624, 2.2766673315399757, 2.1587697187317922, 1.8418261395475937, 2.0342658166719207, 1.77085891141999, 1.7820658095654556, 1.6801014776543839, 2.0326477608526323, 1.8984503077749133, 1.6941358158945641, 1.9020761745951615, 1.9265021984678568, 1.8676045044249154, 1.82516591065476, 1.8824115752398529, 2.5573376079511565, 1.6656735389070616, 1.6080967018317509, 1.404236404696755, 1.6733824492052247, 1.7026059737059986, 2.0038387438847125, 1.9106858344060498, 1.4811402406906065, 1.5317780665858733, 1.9311961932085882, 1.912465824545927, 1.7757374090969507, 1.7226215276872565, 2.1792924762710268, 1.621790054470114, 2.4420274571607177, 1.3898903725608376], 'fneg': array([0, 1, 1, 1, 1, 2, 2, 1, 1, 0, 1, 0, 1, 1, 0, 1, 1, 1, 1, 1, 2, 0, 0,
       0, 0, 0, 1, 1, 0, 0, 1, 1, 0, 0, 2, 0, 2, 0]), 'sensitivity': array([1.0, 0.7037037, 0.85185185, 0.77777778, 0.59259259, 0.25925926,
       0.2962963, 0.74074074, 0.40740741, 0.88888889, 0.85185185, 1.0,
       0.40740741, 0.7037037, 0.96296296, 0.62962963, 0.59259259,
       0.7037037, 0.77777778, 0.7037037, 0.037037037, 1.0, 1.0, 1.0, 1.0,
       0.96296296, 0.40740741, 0.62962963, 1.0, 1.0, 0.59259259,
       0.62962963, 0.88888889, 0.96296296, 0.25925926, 1.0, 0.11111111, 1.0]), 'tpos': array([2, 1, 1, 1, 1, 0, 0, 1, 1, 2, 1, 2, 1, 1, 2, 1, 1, 1, 1, 1, 0, 2, 2,
       2, 2, 2, 1, 1, 2, 2, 1, 1, 2, 2, 0, 2, 0, 2])}, {'specificity': array([0.21052632, 0.52631579, 0.5, 0.63157895, 0.73684211, 0.94736842,
       0.97368421, 0.42105263, 0.34210526, 0.10526316, 0.13157895,
       0.36842105, 0.68421053, 0.65789474, 0.55263158, 0.57894737,
       0.78947368, 0.26315789, 0.15789474, 0.86842105, 0.18421053,
       0.31578947, 0.84210526, 0.71052632, 0.026315789, 0.23684211,
       0.052631579, 0.60526316, 0.44736842, 0.47368421, 0.92105263,
       0.39473684, 0.89473684, 0.28947368, 1.0, 0.81578947, 0.76315789,
       0.078947368]), 'tneg': array([ 3,  8,  6,  9,  9, 13, 13,  3,  3,  1,  3,  3,  9,  9,  8,  8, 12,
        3,  3, 12,  3,  3, 12,  9,  1,  3,  1,  9,  5,  6, 12,  3, 12,  3,
       13, 12, 10,  1]), 'fpos': array([11,  6,  8,  5,  5,  1,  1, 11, 11, 13, 11, 11,  5,  5,  6,  6,  2,
       11, 11,  2, 11, 11,  2,  5, 13, 11, 13,  5,  9,  8,  2, 11,  2, 11,
        1,  2,  4, 13]), 'threshold': [1.7265057362178566, 1.8798514864528559, 1.844931873055065, 1.8964672330231376, 1.9814095840748429, 2.1204324869237836, 2.1990525730873229, 1.8081475626187995, 1.7894583368216424, 1.6522622212258653, 1.6826732686858759, 1.7918319770863316, 1.9315517644220848, 1.9303960708354917, 1.8891592827971022, 1.8912340471650377, 2.0077124774280235, 1.7584560751598943, 1.7172582058421018, 2.0506315356332769, 1.7260334065191425, 1.7701743643413141, 2.0185471165751379, 1.965448882590572, 1.5876251760635496, 1.7378704119198387, 1.6190512373708839, 1.8959246614234844, 1.8325704382069727, 1.8351541623355989, 2.089094099049837, 1.7948457972512335, 2.0876410538893748, 1.7592810755841779, 2.2061255187788347, 2.01162419161462, 1.9881968788524889, 1.6247027058880841], 'fneg': array([0, 0, 0, 0, 1, 1, 1, 0, 0, 0, 0, 0, 1, 1, 0, 0, 1, 0, 0, 1, 0, 0, 1,
       1, 0, 0, 0, 0, 0, 0, 1, 0, 1, 0, 1, 1, 1, 0]), 'sensitivity': array([1.0, 0.77777778, 0.81481481, 0.74074074, 0.62962963, 0.2962963,
       0.18518519, 0.88888889, 0.92592593, 1.0, 1.0, 0.92592593, 0.7037037,
       0.7037037, 0.77777778, 0.74074074, 0.62962963, 0.96296296, 1.0,
       0.44444444, 1.0, 0.92592593, 0.62962963, 0.66666667, 1.0, 1.0, 1.0,
       0.74074074, 0.88888889, 0.85185185, 0.33333333, 0.92592593,
       0.33333333, 0.96296296, 0.18518519, 0.62962963, 0.62962963, 1.0]), 'tpos': array([2, 2, 2, 2, 1, 1, 1, 2, 2, 2, 2, 2, 1, 1, 2, 2, 1, 2, 2, 1, 2, 2, 1,
       1, 2, 2, 2, 2, 2, 2, 1, 2, 1, 2, 1, 1, 1, 2])}], <Model object at 0x000000000000108C>)
