#adapt
([{'specificity': array([0.16216216, 0.59459459, 0.75675676, 0.48648649, 0.67567568,
       0.91891892, 0.24324324, 0.27027027, 0.21621622, 0.43243243,
       0.027027027, 0.081081081, 0.13513514, 0.32432432, 0.7027027,
       0.72972973, 0.97297297, 0.56756757, 0.40540541, 0.81081081,
       0.45945946, 0.94594595, 0.64864865, 0.51351351, 0.62162162,
       0.89189189, 0.86486486, 0.10810811, 0.35135135, 0.37837838,
       0.2972973, 0.83783784, 0.18918919, 0.54054054, 0.054054054, 1.0,
       0.78378378]), 'tneg': array([ 4, 10, 10,  8, 10, 12,  5,  5,  5,  8,  1,  3,  3,  8, 10, 10, 13,
       10,  8, 12,  8, 12, 10,  9, 10, 12, 12,  3,  8,  8,  8, 12,  5, 10,
        1, 13, 11]), 'fpos': array([ 9,  3,  3,  5,  3,  1,  8,  8,  8,  5, 12, 10, 10,  5,  3,  3,  0,
        3,  5,  1,  5,  1,  3,  4,  3,  1,  1, 10,  5,  5,  5,  1,  8,  3,
       12,  0,  2]), 'threshold': [1.7028415989813632, 1.953755046318119, 1.9866580445807784, 1.8732188383783406, 1.9659251026271138, 2.1194665971208866, 1.7478257163998379, 1.8003185891940143, 1.7380334228250032, 1.862737175470053, 1.6160422062727231, 1.68839720758716, 1.6966650711007567, 1.815889776663665, 1.9768348278637178, 1.9843593379855404, 2.1648349885988796, 1.9460725600736342, 1.8494451289087825, 2.0331368265048058, 1.8651515389372673, 2.1296461687290913, 1.9643767406846102, 1.8868694236635715, 1.9541627388013951, 2.1179148860685331, 2.0671376650628139, 1.6943260893212786, 1.8218289159118801, 1.8482968173053018, 1.811205394016506, 2.0468633910625975, 1.7301853968235159, 1.943199965339286, 1.6586832651473844, 2.19849597787158, 2.0102369527659412], 'fneg': array([0, 1, 1, 0, 1, 4, 0, 0, 0, 0, 0, 0, 0, 0, 1, 1, 4, 1, 0, 2, 0, 4, 1,
       0, 1, 4, 3, 0, 0, 0, 0, 2, 0, 0, 0, 4, 1]), 'sensitivity': array([1.0, 0.64, 0.6, 0.8, 0.64, 0.32, 0.96, 0.88, 0.96, 0.84, 1.0, 1.0,
       1.0, 0.88, 0.64, 0.6, 0.2, 0.64, 0.84, 0.52, 0.8, 0.32, 0.64, 0.8,
       0.64, 0.32, 0.4, 1.0, 0.88, 0.84, 0.88, 0.48, 0.96, 0.64, 1.0, 0.16,
       0.52]), 'tpos': array([4, 3, 3, 4, 3, 0, 4, 4, 4, 4, 4, 4, 4, 4, 3, 3, 0, 3, 4, 2, 4, 0, 3,
       4, 3, 0, 1, 4, 4, 4, 4, 2, 4, 4, 4, 0, 3])}, {'specificity': array([0.3902439, 0.29268293, 0.63414634, 0.51219512, 0.73170732,
       0.97560976, 0.80487805, 0.82926829, 0.36585366, 0.19512195,
       0.41463415, 0.14634146, 0.58536585, 0.073170732, 0.097560976,
       0.31707317, 0.24390244, 0.75609756, 1.0, 0.95121951, 0.048780488,
       0.87804878, 0.2195122, 0.53658537, 0.26829268, 0.68292683,
       0.024390244, 0.90243902, 0.65853659, 0.46341463, 0.56097561,
       0.85365854, 0.12195122, 0.48780488, 0.43902439, 0.34146341,
       0.7804878, 0.6097561, 0.17073171, 0.92682927, 0.70731707]), 'tneg': array([ 3,  3,  7,  4,  7,  9,  7,  9,  3,  3,  4,  3,  7,  0,  1,  3,  3,
        7, 10,  9,  0,  9,  3,  5,  3,  7,  0,  9,  7,  4,  6,  9,  1,  4,
        4,  3,  7,  7,  3,  9,  7]), 'fpos': array([ 7,  7,  3,  6,  3,  1,  3,  1,  7,  7,  6,  7,  3, 10,  9,  7,  7,
        3,  0,  1, 10,  1,  7,  5,  7,  3, 10,  1,  3,  6,  4,  1,  9,  6,
        6,  7,  3,  3,  7,  1,  3]), 'threshold': [1.7415984381831597, 1.7104429695250827, 1.9517038302109975, 1.8366509030720013, 1.9779750259717013, 2.1834214235548042, 1.9933073780516646, 2.076244187447033, 1.7319892039213474, 1.6464382526898116, 1.7680676368683013, 1.6418890227339191, 1.9157356671478971, 1.5694831122284334, 1.6119518720343478, 1.7285912695011496, 1.7014613208309513, 1.9787038707868496, 2.4168946705363075, 2.1154781709457628, 1.5574641702537178, 2.0907834364036426, 1.7011767836512455, 1.858248068813541, 1.7082490746079713, 1.962211116885008, 1.444167275367068, 2.0951938381165394, 1.9537396784348726, 1.7919795284309861, 1.885728014291544, 2.0768303573359694, 1.6289838236839724, 1.8044207741692231, 1.7868448245482398, 1.7296097794553573, 1.9810451601588681, 1.9449717113055505, 1.6438436228511348, 2.1128498633655011, 1.9733669625325467], 'fneg': array([0, 0, 1, 0, 1, 3, 1, 3, 0, 0, 0, 0, 0, 0, 0, 0, 0, 1, 6, 3, 0, 3, 0,
       0, 0, 1, 0, 3, 1, 0, 0, 3, 0, 0, 0, 0, 1, 1, 0, 3, 1]), 'sensitivity': array([0.95454545, 0.95454545, 0.72727273, 0.77272727, 0.68181818,
       0.31818182, 0.63636364, 0.45454545, 0.95454545, 0.95454545,
       0.95454545, 0.95454545, 0.72727273, 0.95454545, 0.95454545,
       0.95454545, 0.95454545, 0.68181818, 0.045454545, 0.36363636,
       0.95454545, 0.40909091, 0.95454545, 0.77272727, 0.95454545,
       0.68181818, 1.0, 0.40909091, 0.72727273, 0.95454545, 0.77272727,
       0.45454545, 0.95454545, 0.86363636, 0.95454545, 0.95454545,
       0.68181818, 0.72727273, 0.95454545, 0.36363636, 0.68181818]), 'tpos': array([6, 6, 5, 6, 5, 3, 5, 3, 6, 6, 6, 6, 6, 6, 6, 6, 6, 5, 0, 3, 6, 3, 6,
       6, 6, 5, 6, 3, 5, 6, 6, 3, 6, 6, 6, 6, 5, 5, 6, 3, 5])}, {'specificity': array([0.475, 0.2, 0.65, 0.575, 0.525, 0.7, 0.95, 0.75, 0.425, 0.25, 0.35,
       0.1, 0.675, 0.05, 0.075, 0.125, 0.975, 0.3, 0.725, 0.45, 0.925, 1.0,
       0.875, 0.15, 0.8, 0.325, 0.6, 0.375, 0.5, 0.025, 0.275, 0.55, 0.9,
       0.85, 0.625, 0.4, 0.175, 0.225, 0.825, 0.775]), 'tneg': array([ 4,  1,  6,  6,  6,  6,  9,  6,  3,  2,  3,  1,  6,  1,  1,  1, 10,
        2,  6,  4,  9, 10,  8,  1,  6,  2,  6,  3,  4,  0,  2,  6,  9,  6,
        6,  3,  1,  1,  6,  6]), 'fpos': array([ 6,  9,  4,  4,  4,  4,  1,  4,  7,  8,  7,  9,  4,  9,  9,  9,  0,
        8,  4,  6,  1,  0,  2,  9,  4,  8,  4,  7,  6, 10,  8,  4,  1,  4,
        4,  7,  9,  9,  4,  4]), 'threshold': [1.7820880080839463, 1.6070965489984024, 1.961371220723177, 1.8797160257797068, 1.8652033475518501, 1.9819398545819149, 2.2137927302532341, 1.9967031868791139, 1.738798565085492, 1.6324486247950016, 1.7113118695662986, 1.5422082234767167, 1.968865866116964, 1.4180766119574935, 1.4768409508775506, 1.5538921688016552, 2.3313869959530003, 1.676369883428311, 1.9901044533968031, 1.7605353415228349, 2.1178345467381736, 2.632195319165529, 2.0762083964215039, 1.5801536576272206, 2.0305423387653017, 1.6898224279303109, 1.9277885193252184, 1.725133629587466, 1.8273747338549744, 1.3246211264768735, 1.6717748738295519, 1.8700933255523669, 2.1121639282501694, 2.0396186219337, 1.9311916342848761, 1.7280766304947257, 1.5829569087213229, 1.6162281250016606, 2.0365223276971411, 2.0077592329978731], 'fneg': array([0, 0, 1, 1, 1, 3, 4, 3, 0, 0, 0, 0, 1, 0, 0, 0, 4, 0, 3, 0, 4, 4, 4,
       0, 4, 0, 1, 0, 0, 0, 0, 1, 4, 4, 1, 0, 0, 0, 4, 4]), 'sensitivity': array([0.83333333, 1.0, 0.66666667, 0.75, 0.75, 0.66666667, 0.45833333,
       0.66666667, 0.95833333, 1.0, 0.95833333, 1.0, 0.66666667, 1.0, 1.0,
       1.0, 0.25, 1.0, 0.66666667, 0.91666667, 0.58333333, 0.0, 0.58333333,
       1.0, 0.66666667, 1.0, 0.70833333, 0.95833333, 0.79166667, 1.0, 1.0,
       0.75, 0.58333333, 0.625, 0.70833333, 0.95833333, 1.0, 1.0,
       0.66666667, 0.66666667]), 'tpos': array([5, 5, 4, 4, 4, 2, 1, 2, 5, 5, 5, 5, 4, 5, 5, 5, 1, 5, 2, 5, 1, 1, 1,
       5, 1, 5, 4, 5, 5, 5, 5, 4, 1, 1, 4, 5, 5, 5, 1, 1])}, {'specificity': array([0.41025641, 0.69230769, 0.51282051, 0.74358974, 0.56410256,
       0.87179487, 1.0, 0.64102564, 0.79487179, 0.43589744, 0.17948718,
       0.66666667, 0.051282051, 0.076923077, 0.15384615, 0.20512821,
       0.28205128, 0.35897436, 0.61538462, 0.58974359, 0.97435897,
       0.1025641, 0.94871795, 0.30769231, 0.48717949, 0.82051282,
       0.46153846, 0.025641026, 0.92307692, 0.53846154, 0.8974359,
       0.12820513, 0.38461538, 0.33333333, 0.84615385, 0.25641026,
       0.71794872, 0.23076923, 0.76923077]), 'tneg': array([ 6,  9,  8,  9,  8,  9, 12,  9,  9,  6,  0,  9,  0,  0,  0,  0,  3,
        4,  9,  9, 11,  0, 11,  4,  8,  9,  7,  0, 10,  8,  9,  0,  4,  4,
        9,  0,  9,  0,  9]), 'fpos': array([ 8,  5,  6,  5,  6,  5,  2,  5,  5,  8, 14,  5, 14, 14, 14, 14, 11,
       10,  5,  5,  3, 14,  3, 10,  6,  5,  7, 14,  4,  6,  5, 14, 10, 10,
        5, 14,  5, 14,  5]), 'threshold': [1.8326010590121813, 1.9781978866907115, 1.9399996913596165, 1.9846890093959826, 1.9433601227175044, 2.0519857290447812, 2.2097826467890731, 1.9662148307144165, 2.0201150985035783, 1.8447339444789916, 1.671588089285988, 1.9701622407571804, 1.5863736909612975, 1.6624048829462654, 1.6706648997969642, 1.6818068964385362, 1.7813600015977595, 1.7957757787582869, 1.9644106693580472, 1.9533911914414051, 2.1611385920920427, 1.6686211340556143, 2.1466552586099747, 1.7845148877406998, 1.9319510982785286, 2.024424935245789, 1.8477518883840522, 1.5502859356053396, 2.1251377721025975, 1.9412234205769241, 2.1077710995701295, 1.6686415559831427, 1.802003173601463, 1.7915155983419648, 2.0381898778295278, 1.7057839393265013, 1.9846890089051432, 1.7005282802317583, 1.9991733807268863], 'fneg': array([0, 1, 1, 1, 1, 1, 1, 1, 1, 0, 0, 1, 0, 0, 0, 0, 0, 0, 1, 1, 1, 0, 1,
       0, 1, 1, 0, 0, 1, 1, 1, 0, 0, 0, 1, 0, 1, 0, 1]), 'sensitivity': array([0.91666667, 0.70833333, 0.79166667, 0.70833333, 0.79166667,
       0.54166667, 0.25, 0.75, 0.625, 0.91666667, 0.95833333, 0.75, 1.0,
       0.95833333, 0.95833333, 0.95833333, 0.91666667, 0.91666667, 0.75,
       0.75, 0.29166667, 0.95833333, 0.33333333, 0.91666667, 0.83333333,
       0.625, 0.91666667, 1.0, 0.45833333, 0.79166667, 0.5, 0.95833333,
       0.91666667, 0.91666667, 0.58333333, 0.91666667, 0.70833333,
       0.95833333, 0.625]), 'tpos': array([2, 1, 1, 1, 1, 1, 1, 1, 1, 2, 2, 1, 2, 2, 2, 2, 2, 2, 1, 1, 1, 2, 1,
       2, 1, 1, 2, 2, 1, 1, 1, 2, 2, 2, 1, 2, 1, 2, 1])}, {'specificity': array([0.38095238, 0.21428571, 0.78571429, 0.66666667, 0.76190476,
       0.54761905, 0.30952381, 0.80952381, 0.33333333, 0.28571429,
       0.19047619, 0.61904762, 0.047619048, 0.11904762, 0.16666667,
       0.23809524, 0.97619048, 0.35714286, 0.42857143, 0.71428571,
       0.071428571, 0.57142857, 0.73809524, 0.095238095, 0.95238095,
       0.4047619, 0.5, 0.83333333, 0.52380952, 0.023809524, 0.92857143,
       0.69047619, 0.5952381, 0.9047619, 0.88095238, 0.14285714,
       0.45238095, 0.47619048, 0.85714286, 0.26190476, 0.64285714, 1.0]), 'tneg': array([ 2,  1,  8,  6,  8,  4,  2,  9,  2,  2,  1,  4,  0,  1,  1,  1, 11,
        2,  3,  8,  1,  4,  8,  1, 10,  2,  3,  9,  4,  0, 10,  7,  4,  9,
        9,  1,  3,  3,  9,  2,  5, 12]), 'fpos': array([10, 11,  4,  6,  4,  8, 10,  3, 10, 10, 11,  8, 12, 11, 11, 11,  1,
       10,  9,  4, 11,  8,  4, 11,  2, 10,  9,  3,  8, 12,  2,  5,  8,  3,
        3, 11,  9,  9,  3, 10,  7,  0]), 'threshold': [1.8507400113985761, 1.7607613206214028, 2.0210652720083262, 1.988040286372097, 2.0178440274414129, 1.915090086849832, 1.8015082147819097, 2.0469996852028753, 1.8490565863999959, 1.7926382941792542, 1.7559232268370641, 1.9345250527053146, 1.6821378892668804, 1.7476775007950123, 1.7551665831390768, 1.7643798035053231, 2.173446353360811, 1.8505792856599976, 1.8631610651402788, 2.0089460964636361, 1.7221769282772315, 1.9153637230944129, 2.015761844668527, 1.7370175013942375, 2.150283311613328, 1.8536075381910955, 1.8935557125161724, 2.0599447980344978, 1.9077826766937414, 1.651077762299316, 2.1473635622292151, 1.997661483385488, 1.9274548721510953, 2.1367372932176454, 2.0907429696914717, 1.7530479188530772, 1.8685407745185971, 1.8925155647027778, 2.0723784058347925, 1.7855295032725294, 1.9784794281807685, 2.2097281488232365], 'fneg': array([1, 0, 1, 1, 1, 1, 0, 1, 1, 0, 0, 1, 0, 0, 0, 0, 2, 1, 1, 1, 0, 1, 1,
       0, 2, 1, 1, 1, 1, 0, 2, 1, 1, 2, 2, 0, 1, 1, 2, 0, 1, 2]), 'sensitivity': array([0.95454545, 1.0, 0.63636364, 0.68181818, 0.63636364, 0.86363636,
       1.0, 0.54545455, 0.95454545, 1.0, 1.0, 0.81818182, 1.0, 1.0, 1.0,
       1.0, 0.18181818, 0.95454545, 0.95454545, 0.68181818, 1.0,
       0.86363636, 0.63636364, 1.0, 0.22727273, 0.95454545, 0.90909091,
       0.5, 0.86363636, 1.0, 0.22727273, 0.68181818, 0.86363636,
       0.22727273, 0.36363636, 1.0, 0.95454545, 0.90909091, 0.5, 1.0,
       0.72727273, 0.13636364]), 'tpos': array([2, 3, 2, 2, 2, 2, 3, 2, 2, 3, 3, 2, 3, 3, 3, 3, 1, 2, 2, 2, 3, 2, 2,
       3, 1, 2, 2, 2, 2, 3, 1, 2, 2, 1, 1, 3, 2, 2, 1, 3, 2, 1])}], <Model object at 0x00000000000003DC>)
#adapt
([{'specificity': array([0.52631579, 0.13157895, 0.36842105, 0.89473684, 0.60526316,
       0.47368421, 0.97368421, 0.57894737, 0.44736842, 0.26315789,
       0.92105263, 0.78947368, 0.34210526, 0.31578947, 0.21052632,
       0.76315789, 0.68421053, 0.63157895, 0.5, 0.23684211, 0.15789474,
       0.052631579, 0.55263158, 0.28947368, 0.86842105, 0.10526316,
       0.42105263, 0.026315789, 0.65789474, 0.71052632, 0.39473684,
       0.94736842, 0.73684211, 0.18421053, 0.81578947, 1.0, 0.84210526,
       0.078947368]), 'tneg': array([ 5,  1,  4,  8,  5,  5, 10,  5,  5,  4,  9,  8,  4,  4,  3,  7,  5,
        5,  5,  3,  2,  1,  5,  4,  8,  1,  4,  0,  5,  5,  4,  9,  5,  2,
        8, 12,  8,  1]), 'fpos': array([ 7, 11,  8,  4,  7,  7,  2,  7,  7,  8,  3,  4,  8,  8,  9,  5,  7,
        7,  7,  9, 10, 11,  7,  8,  4, 11,  8, 12,  7,  7,  8,  3,  7, 10,
        4,  0,  4, 11]), 'threshold': [1.8611236588954838, 1.791313119408501, 1.8371095107331301, 1.9306704252118014, 1.8702858197940655, 1.860721434477935, 1.9632777697678936, 1.8660624807542268, 1.8580012494472937, 1.8215186137431081, 1.9485746194243938, 1.9061149220742808, 1.8369114775406841, 1.8368319762099592, 1.8121950176182413, 1.8946405113252289, 1.8805754762186491, 1.8703597100686478, 1.8610574731947887, 1.8153512042653777, 1.7979115162134152, 1.7529793860233307, 1.8619367274236505, 1.8285230475340641, 1.9166435237682788, 1.7770513255102092, 1.8499911795360453, 1.7332196677565748, 1.877803690686529, 1.8855389930550408, 1.8497275901444947, 1.9561033488697217, 1.8886496754506201, 1.7981460842112649, 1.9065237117464227, 2.1655274102982625, 1.9085782937069933, 1.7600653280527738], 'fneg': array([2, 0, 0, 3, 2, 2, 3, 2, 1, 0, 3, 3, 0, 0, 0, 2, 2, 2, 2, 0, 0, 0, 2,
       0, 3, 0, 1, 0, 2, 2, 1, 3, 2, 0, 3, 4, 3, 0]), 'sensitivity': array([0.84, 1.0, 0.92, 0.48, 0.76, 0.84, 0.36, 0.8, 0.84, 0.92, 0.36, 0.6,
       0.92, 0.92, 1.0, 0.64, 0.76, 0.76, 0.84, 1.0, 1.0, 1.0, 0.8, 0.92,
       0.6, 1.0, 0.92, 1.0, 0.76, 0.72, 0.92, 0.36, 0.72, 1.0, 0.6, 0.0,
       0.6, 1.0]), 'tpos': array([3, 5, 5, 2, 3, 3, 2, 3, 4, 5, 2, 2, 5, 5, 5, 3, 3, 3, 3, 5, 5, 5, 3,
       5, 2, 5, 4, 5, 3, 3, 4, 2, 3, 5, 2, 1, 2, 5])}, {'specificity': array([0.31578947, 0.5, 0.39473684, 0.31578947, 0.94736842, 0.89473684,
       0.78947368, 0.97368421, 0.81578947, 0.63157895, 0.34210526,
       0.60526316, 0.86842105, 0.31578947, 0.31578947, 0.84210526,
       0.76315789, 0.31578947, 1.0, 0.31578947, 0.92105263, 0.31578947,
       0.52631579, 0.31578947, 0.47368421, 0.73684211, 0.55263158,
       0.44736842, 0.71052632, 0.31578947, 0.68421053, 0.36842105,
       0.65789474, 0.57894737, 0.31578947, 0.42105263, 0.31578947,
       0.31578947]), 'tneg': array([ 4,  6,  5,  4, 12, 12, 10, 12, 10,  7,  5,  6, 11,  4,  4, 11, 10,
        4, 12,  4, 12,  4,  6,  4,  6, 10,  6,  6,  8,  4,  8,  5,  7,  6,
        4,  6,  4,  4]), 'fpos': array([9, 7, 8, 9, 1, 1, 3, 1, 3, 6, 8, 7, 2, 9, 9, 2, 3, 9, 1, 9, 1, 9, 7,
       9, 7, 3, 7, 7, 5, 9, 5, 8, 6, 7, 9, 7, 9, 9]), 'threshold': [1.920846274304856, 1.9216081045643259, 1.9209151500800965, 1.920846274304856, 2.0158926223375029, 2.0068865592750109, 1.9540397075057818, 2.0256459505313669, 1.9576375410124292, 1.9278001355050753, 1.9208819465253659, 1.9242687091078892, 1.9778670227403155, 1.920846274304856, 1.920846274304856, 1.9732616032958761, 1.9521368599231528, 1.920846274304856, 2.042361039655944, 1.920846274304856, 2.0150873435603187, 1.920846274304856, 1.9229442699173331, 1.920846274304856, 1.9215209606623191, 1.9511687726378284, 1.9242479723153436, 1.9212624913552339, 1.9443056349049956, 1.920846274304856, 1.9372531505068964, 1.9208824402585218, 1.9308878223142774, 1.9242507612905078, 1.920846274304856, 1.9209880125037038, 1.920846274304856, 1.920846274304856], 'fneg': array([1, 1, 1, 1, 1, 1, 1, 2, 1, 1, 1, 1, 1, 1, 1, 1, 1, 1, 2, 1, 1, 1, 1,
       1, 1, 1, 1, 1, 1, 1, 1, 1, 1, 1, 1, 1, 1, 1]), 'sensitivity': array([0.84615385, 0.73076923, 0.80769231, 0.84615385, 0.26923077,
       0.26923077, 0.53846154, 0.23076923, 0.53846154, 0.69230769,
       0.84615385, 0.73076923, 0.34615385, 0.84615385, 0.84615385,
       0.38461538, 0.53846154, 0.84615385, 0.15384615, 0.84615385,
       0.26923077, 0.84615385, 0.73076923, 0.84615385, 0.73076923,
       0.53846154, 0.73076923, 0.73076923, 0.53846154, 0.84615385,
       0.53846154, 0.84615385, 0.65384615, 0.73076923, 0.84615385,
       0.73076923, 0.84615385, 0.84615385]), 'tpos': array([2, 2, 2, 2, 2, 2, 2, 1, 2, 2, 2, 2, 2, 2, 2, 2, 2, 2, 1, 2, 2, 2, 2,
       2, 2, 2, 2, 2, 2, 2, 2, 2, 2, 2, 2, 2, 2, 2])}, {'specificity': array([0.97560976, 0.19512195, 0.26829268, 0.53658537, 0.73170732,
       0.56097561, 0.68292683, 0.90243902, 0.92682927, 0.3902439,
       0.63414634, 0.24390244, 0.70731707, 0.75609756, 0.2195122,
       0.31707317, 0.51219512, 0.36585366, 0.7804878, 0.6097561,
       0.48780488, 0.58536585, 0.65853659, 0.80487805, 0.17073171,
       0.12195122, 0.14634146, 0.41463415, 0.82926829, 0.073170732,
       0.048780488, 0.46341463, 0.43902439, 0.34146341, 0.87804878,
       0.097560976, 1.0, 0.85365854, 0.95121951, 0.29268293, 0.024390244]), 'tneg': array([11,  1,  2,  5,  9,  5,  9, 10, 10,  5,  8,  2,  9,  9,  2,  2,  5,
        3,  9,  7,  5,  5,  8,  9,  1,  0,  0,  5, 10,  0,  0,  5,  5,  2,
       10,  0, 12, 10, 11,  2,  0]), 'fpos': array([ 1, 11, 10,  7,  3,  7,  3,  2,  2,  7,  4, 10,  3,  3, 10, 10,  7,
        9,  3,  5,  7,  7,  4,  3, 11, 12, 12,  7,  2, 12, 12,  7,  7, 10,
        2, 12,  0,  2,  1, 10, 12]), 'threshold': [2.2024266325894182, 1.5909822498371262, 1.6746193969268, 1.8047178371099339, 1.9605544764056702, 1.8212639910177089, 1.9267084229566922, 2.1465591129909694, 2.17100418024857, 1.7534892146449339, 1.8765701275554625, 1.6394583653055554, 1.9577602817802451, 1.9860775195146578, 1.6375818252652215, 1.7063107659678327, 1.7922537228459599, 1.7430370428571862, 1.9895760552397639, 1.8714876440957255, 1.7837050702817519, 1.8293481887455887, 1.9015754944723278, 2.0434244684255649, 1.5895781135245146, 1.5173445511592867, 1.5425787493234171, 1.7639603891772075, 2.06118078297929, 1.4491170291150382, 1.3330673983280839, 1.7699464423724736, 1.764094087534027, 1.7172389713102592, 2.1162418431992691, 1.4909453370501296, 2.409984722278939, 2.0981249764732715, 2.1886734901141613, 1.68652653399937, 1.2767049543629927], 'fneg': array([3, 0, 0, 1, 1, 1, 1, 3, 3, 1, 1, 0, 1, 1, 0, 1, 1, 1, 1, 1, 1, 1, 1,
       2, 0, 0, 0, 1, 2, 0, 0, 1, 1, 1, 3, 0, 4, 3, 3, 0, 0]), 'sensitivity': array([0.17391304, 1.0, 0.95652174, 0.86956522, 0.52173913, 0.7826087,
       0.56521739, 0.2173913, 0.17391304, 0.95652174, 0.73913043, 1.0,
       0.52173913, 0.47826087, 1.0, 0.95652174, 0.95652174, 0.95652174,
       0.47826087, 0.73913043, 0.95652174, 0.7826087, 0.69565217,
       0.43478261, 1.0, 1.0, 1.0, 0.95652174, 0.39130435, 1.0, 1.0,
       0.95652174, 0.95652174, 0.95652174, 0.26086957, 1.0, 0.086956522,
       0.30434783, 0.17391304, 0.95652174, 1.0]), 'tpos': array([1, 4, 4, 3, 3, 3, 3, 1, 1, 3, 3, 4, 3, 3, 4, 3, 3, 3, 3, 3, 3, 3, 3,
       2, 4, 4, 4, 3, 2, 4, 4, 3, 3, 3, 1, 4, 0, 1, 1, 4, 4])}, {'specificity': array([0.71052632, 0.34210526, 0.21052632, 0.89473684, 0.92105263,
       0.78947368, 0.28947368, 0.5, 0.18421053, 0.052631579, 0.15789474,
       0.23684211, 0.31578947, 0.73684211, 0.68421053, 0.52631579,
       0.10526316, 0.36842105, 0.47368421, 0.81578947, 0.026315789,
       0.65789474, 0.55263158, 0.63157895, 0.86842105, 0.13157895,
       0.39473684, 0.26315789, 0.42105263, 0.44736842, 0.57894737,
       0.84210526, 0.60526316, 0.078947368, 1.0, 0.97368421, 0.94736842,
       0.76315789]), 'tneg': array([10,  2,  1, 11, 12, 10,  2,  4,  1,  0,  1,  1,  2, 10,  9,  5,  0,
        2,  4, 10,  0,  8,  5,  8, 11,  1,  3,  1,  4,  4,  5, 10,  7,  0,
       14, 14, 13, 10]), 'fpos': array([ 4, 12, 13,  3,  2,  4, 12, 10, 13, 14, 13, 13, 12,  4,  5,  9, 14,
       12, 10,  4, 14,  6,  9,  6,  3, 13, 11, 13, 10, 10,  9,  4,  7, 14,
        0,  0,  1,  4]), 'threshold': [1.9953078824790929, 1.8527299302882798, 1.7782615885706328, 2.0905908290432023, 2.143981790118942, 2.0151587490232177, 1.8513366907671498, 1.898129729423073, 1.7742574758403598, 1.7131911090765266, 1.7736312608890914, 1.7812563245194646, 1.8525969101351758, 2.0014221068456544, 1.9836647627766944, 1.9062139341569955, 1.7586106820213328, 1.8551031584740361, 1.8881651453838375, 2.0258724088641471, 1.6874850654695788, 1.9743253690202769, 1.9162208348124166, 1.9666682877970767, 2.0894275653490437, 1.7718778077695576, 1.8674622330080357, 1.7910087241323995, 1.8870742368482618, 1.8873042961968167, 1.9192717508573125, 2.0361627359011174, 1.9584498786181182, 1.7451576247458744, 2.2140121828867452, 2.209263055679493, 2.1498364013806914, 2.0087051716515063], 'fneg': array([2, 1, 1, 2, 2, 2, 1, 1, 1, 0, 1, 1, 1, 2, 2, 1, 1, 1, 1, 2, 0, 2, 1,
       2, 2, 1, 1, 1, 1, 1, 2, 2, 2, 0, 2, 2, 2, 2]), 'sensitivity': array([0.57692308, 0.96153846, 1.0, 0.34615385, 0.19230769, 0.53846154,
       0.96153846, 0.88461538, 1.0, 1.0, 1.0, 1.0, 0.96153846, 0.57692308,
       0.61538462, 0.80769231, 1.0, 0.96153846, 0.88461538, 0.53846154,
       1.0, 0.61538462, 0.80769231, 0.61538462, 0.34615385, 1.0,
       0.96153846, 1.0, 0.88461538, 0.88461538, 0.80769231, 0.5,
       0.65384615, 1.0, 0.038461538, 0.076923077, 0.15384615, 0.53846154]), 'tpos': array([0, 1, 1, 0, 0, 0, 1, 1, 1, 2, 1, 1, 1, 0, 0, 1, 1, 1, 1, 0, 2, 0, 1,
       0, 0, 1, 1, 1, 1, 1, 0, 0, 0, 2, 0, 0, 0, 0])}, {'specificity': array([0.7804878, 0.2195122, 0.68292683, 0.75609756, 0.51219512,
       0.73170732, 0.29268293, 0.48780488, 0.19512195, 0.6097561,
       0.63414634, 0.048780488, 0.12195122, 0.17073171, 0.24390244,
       0.31707317, 0.80487805, 0.34146341, 0.87804878, 0.53658537,
       0.92682927, 0.097560976, 0.46341463, 0.85365854, 0.024390244,
       0.56097561, 0.70731707, 0.90243902, 0.14634146, 0.36585366,
       0.41463415, 0.43902439, 0.26829268, 0.58536585, 0.65853659,
       0.073170732, 1.0, 0.97560976, 0.95121951, 0.82926829, 0.3902439]), 'tneg': array([ 6,  0,  4,  6,  3,  5,  1,  3,  0,  4,  4,  0,  0,  0,  0,  1,  6,
        3,  8,  3,  9,  0,  3,  6,  0,  3,  4,  8,  0,  3,  3,  3,  1,  3,
        4,  0, 10, 10, 10,  6,  3]), 'fpos': array([ 4, 10,  6,  4,  7,  5,  9,  7, 10,  6,  6, 10, 10, 10, 10,  9,  4,
        7,  2,  7,  1, 10,  7,  4, 10,  7,  6,  2, 10,  7,  7,  7,  9,  7,
        6, 10,  0,  0,  0,  4,  7]), 'threshold': [1.8730766359510822, 1.8512094700970545, 1.8701604373852057, 1.8726455319481961, 1.86407770623477, 1.871079616255269, 1.858571703060153, 1.8632860481829248, 1.8508060603193781, 1.865698231922033, 1.866038370813226, 1.8446536937155473, 1.8501185154602493, 1.8507429698793014, 1.8515111863185245, 1.8586986687200446, 1.8736926370625719, 1.8597477622451315, 1.8823729194962104, 1.8641005225631653, 1.8861028634440959, 1.8492296637388921, 1.8622821277384491, 1.8761559770247134, 1.8420638392246844, 1.8651087063583198, 1.8701912295447976, 1.8825590863462671, 1.8505663114831057, 1.8601963329965494, 1.8621722199512696, 1.8621953981674948, 1.8525424606220204, 1.8654160826602095, 1.8693632342202227, 1.8478742836059778, 1.8951108440634779, 1.8886452074809128, 1.8884931995508834, 1.8744263975114019, 1.8604597762098172], 'fneg': array([2, 0, 2, 2, 1, 2, 0, 1, 0, 1, 1, 0, 0, 0, 0, 0, 2, 0, 5, 1, 5, 0, 1,
       2, 0, 1, 2, 5, 0, 0, 1, 1, 0, 1, 2, 0, 5, 5, 5, 2, 0]), 'sensitivity': array([0.58333333, 0.95833333, 0.625, 0.58333333, 0.79166667, 0.625,
       0.91666667, 0.875, 0.95833333, 0.75, 0.70833333, 1.0, 0.95833333,
       0.95833333, 0.95833333, 0.91666667, 0.58333333, 0.91666667,
       0.45833333, 0.79166667, 0.29166667, 0.95833333, 0.875, 0.5, 1.0,
       0.79166667, 0.625, 0.45833333, 0.95833333, 0.91666667, 0.875, 0.875,
       0.95833333, 0.75, 0.66666667, 1.0, 0.041666667, 0.25, 0.29166667,
       0.54166667, 0.91666667]), 'tpos': array([3, 5, 3, 3, 4, 3, 5, 4, 5, 4, 4, 5, 5, 5, 5, 5, 3, 5, 0, 4, 0, 5, 4,
       3, 5, 4, 3, 0, 5, 5, 4, 4, 5, 4, 3, 5, 0, 0, 0, 3, 5])}], <Model object at 0x0000000000000708>)
#adapt
([{'specificity': array([0.475, 0.775, 0.525, 0.825, 0.8, 0.9, 0.975, 0.675, 0.85, 0.5, 0.45,
       0.225, 0.1, 0.125, 0.175, 0.925, 1.0, 0.325, 0.425, 0.3, 0.075,
       0.15, 0.75, 0.575, 0.65, 0.25, 0.7, 0.875, 0.6, 0.4, 0.725, 0.375,
       0.625, 0.55, 0.35, 0.05, 0.275, 0.95, 0.2, 0.025]), 'tneg': array([ 4,  7,  4, 10,  7, 12, 12,  6, 11,  4,  4,  3,  2,  2,  2, 12, 12,
        3,  3,  3,  2,  2,  7,  6,  6,  3,  6, 12,  6,  3,  7,  3,  6,  4,
        3,  1,  3, 12,  2,  0]), 'fpos': array([ 8,  5,  8,  2,  5,  0,  0,  6,  1,  8,  8,  9, 10, 10, 10,  0,  0,
        9,  9,  9, 10, 10,  5,  6,  6,  9,  6,  0,  6,  9,  5,  9,  6,  8,
        9, 11,  9,  0, 10, 12]), 'threshold': [1.9102632431902209, 2.0075857826101791, 1.9166123778003186, 2.0259313362263476, 2.01573060343043, 2.1069754386706134, 2.2336545260093, 1.9729596868568307, 2.0407978693869926, 1.9120008840512417, 1.9067924338661852, 1.8503000930626685, 1.7959811423322356, 1.8064939029070561, 1.8268050066909272, 2.1590044010679286, 2.6138273748701342, 1.8647009873164278, 1.8889300761379118, 1.8585077742719589, 1.7951675669571947, 1.820850423294925, 2.00605407695625, 1.9560500512084218, 1.9687560124828929, 1.8565947439640087, 1.97859670062618, 2.0995463143766471, 1.9603916370443402, 1.8820277544662099, 2.0028808283638324, 1.875049855094338, 1.9664728097153772, 1.9190983450324175, 1.8699836449264609, 1.777266540052326, 1.8584063697465856, 2.2009194774341716, 1.8279439862141798, 1.7753274921443518], 'fneg': array([1, 3, 1, 4, 4, 5, 5, 2, 4, 1, 1, 1, 0, 0, 1, 5, 5, 1, 1, 1, 0, 1, 3,
       2, 2, 1, 2, 5, 2, 1, 3, 1, 2, 1, 1, 0, 1, 5, 1, 0]), 'sensitivity': array([0.95652174, 0.65217391, 0.91304348, 0.60869565, 0.60869565,
       0.43478261, 0.26086957, 0.7826087, 0.56521739, 0.95652174,
       0.95652174, 0.95652174, 1.0, 1.0, 1.0, 0.26086957, 0.0, 0.95652174,
       0.95652174, 0.95652174, 1.0, 1.0, 0.65217391, 0.7826087, 0.7826087,
       0.95652174, 0.7826087, 0.47826087, 0.7826087, 0.95652174,
       0.65217391, 0.95652174, 0.7826087, 0.91304348, 0.95652174, 1.0,
       0.95652174, 0.26086957, 1.0, 1.0]), 'tpos': array([4, 2, 4, 1, 1, 0, 0, 3, 1, 4, 4, 4, 5, 5, 4, 0, 0, 4, 4, 4, 5, 4, 2,
       3, 3, 4, 3, 0, 3, 4, 2, 4, 3, 4, 4, 5, 4, 0, 4, 5])}, {'specificity': array([0.45, 0.325, 0.8, 0.925, 0.875, 0.975, 0.9, 0.4, 0.85, 0.275, 0.05,
       0.675, 0.075, 0.025, 0.525, 0.175, 0.425, 0.575, 0.3, 1.0, 0.475,
       0.55, 0.2, 0.225, 0.825, 0.7, 0.725, 0.75, 0.125, 0.1, 0.35, 0.5,
       0.65, 0.6, 0.625, 0.375, 0.15, 0.775, 0.95, 0.25]), 'tneg': array([6, 6, 8, 9, 8, 9, 8, 6, 8, 5, 2, 7, 3, 0, 6, 4, 6, 6, 5, 9, 6, 6, 5,
       5, 8, 8, 8, 8, 3, 3, 6, 6, 7, 7, 7, 6, 3, 8, 9, 5]), 'fpos': array([ 4,  4,  2,  1,  2,  1,  2,  4,  2,  5,  8,  3,  7, 10,  4,  6,  4,
        4,  5,  1,  4,  4,  5,  5,  2,  2,  2,  2,  7,  7,  4,  4,  3,  3,
        3,  4,  7,  2,  1,  5]), 'threshold': [1.8995582432075182, 1.8732117701994426, 1.9776587955745657, 2.1167691684994665, 2.0318329414347414, 2.1377825323065749, 2.0487522292193718, 1.8928156844940147, 2.0301131586412398, 1.8700800434443543, 1.818208930288016, 1.9389266717914311, 1.8240389789961431, 1.8084104578155769, 1.9093985307262111, 1.8500256738955043, 1.8992261639508596, 1.9163933284754688, 1.8718254411446234, 2.1587708856929297, 1.9056522467107657, 1.9127912240234892, 1.8629032629570459, 1.8638302189039153, 1.9780062818399007, 1.9477989733296639, 1.9549007270437857, 1.9631144984808961, 1.8363979052746886, 1.8275960865413441, 1.8801273982928926, 1.9076152915130442, 1.9362674160727833, 1.9268890113258481, 1.9329347930650807, 1.8905280307469725, 1.8377846243019289, 1.9675106188466063, 2.1302610751140221, 1.863857577940651], 'fneg': array([2, 2, 4, 5, 4, 5, 5, 2, 4, 2, 1, 4, 1, 1, 2, 1, 2, 3, 2, 6, 2, 2, 2,
       2, 4, 4, 4, 4, 1, 1, 2, 2, 4, 4, 4, 2, 1, 4, 5, 2]), 'sensitivity': array([0.75, 0.91666667, 0.5, 0.29166667, 0.41666667, 0.25, 0.41666667,
       0.79166667, 0.41666667, 0.95833333, 1.0, 0.625, 1.0, 1.0, 0.75, 1.0,
       0.75, 0.75, 0.91666667, 0.20833333, 0.75, 0.75, 1.0, 1.0, 0.5,
       0.54166667, 0.54166667, 0.54166667, 1.0, 1.0, 0.875, 0.75,
       0.66666667, 0.70833333, 0.70833333, 0.79166667, 1.0, 0.54166667,
       0.25, 1.0]), 'tpos': array([4, 4, 2, 1, 2, 1, 1, 4, 2, 4, 5, 2, 5, 5, 4, 5, 4, 3, 4, 0, 4, 4, 4,
       4, 2, 2, 2, 2, 5, 5, 4, 4, 2, 2, 2, 4, 5, 2, 1, 4])}, {'specificity': array([0.675, 0.325, 0.175, 0.9, 0.85, 0.55, 0.975, 0.4, 0.925, 0.5, 0.05,
       0.725, 0.1, 0.7, 0.45, 0.775, 0.875, 1.0, 0.275, 0.425, 0.575,
       0.375, 0.35, 0.2, 0.6, 0.625, 0.075, 0.825, 0.475, 0.15, 0.025,
       0.75, 0.25, 0.225, 0.8, 0.525, 0.3, 0.95, 0.65, 0.125]), 'tneg': array([4, 1, 1, 6, 6, 3, 7, 1, 6, 2, 0, 4, 1, 4, 1, 4, 6, 9, 1, 1, 3, 1, 1,
       1, 4, 4, 1, 6, 1, 1, 0, 4, 1, 1, 5, 3, 1, 6, 4, 1]), 'fpos': array([ 6,  9,  9,  4,  4,  7,  3,  9,  4,  8, 10,  6,  9,  6,  9,  6,  4,
        1,  9,  9,  7,  9,  9,  9,  6,  6,  9,  4,  9,  9, 10,  6,  9,  9,
        5,  7,  9,  4,  6,  9]), 'threshold': [1.94315231608007, 1.7890973965650414, 1.6489821719510078, 2.0367494911598429, 2.0244414643113218, 1.9055175420112727, 2.1113553799398042, 1.8253520334252771, 2.036898793571805, 1.8741092581221772, 1.5811295047494445, 1.958583149688895, 1.588649621976485, 1.9480395769532057, 1.8604268135078674, 1.972197268435782, 2.029176690286183, 2.2374992885353655, 1.7527580053247567, 1.851598460520629, 1.907108785173482, 1.809453793204848, 1.7914660078180806, 1.698233981603785, 1.9097043116789645, 1.9347065138510722, 1.5885509411133536, 1.9994312893765596, 1.8616681632577707, 1.6152675357359874, 1.5382718701377707, 1.9633528343836257, 1.7192699227686246, 1.7169014342486948, 1.9881400036440993, 1.902476655356413, 1.7853786300120316, 2.0455980469015032, 1.9350336073846204, 1.5962025825689581], 'fneg': array([4, 1, 0, 6, 5, 2, 6, 1, 6, 2, 0, 4, 0, 4, 1, 4, 5, 6, 0, 1, 2, 1, 1,
       0, 2, 3, 0, 5, 1, 0, 0, 4, 0, 0, 4, 2, 1, 6, 3, 0]), 'sensitivity': array([0.70833333, 0.83333333, 1.0, 0.45833333, 0.45833333, 0.75,
       0.45833333, 0.79166667, 0.45833333, 0.75, 1.0, 0.58333333, 1.0,
       0.66666667, 0.75, 0.58333333, 0.45833333, 0.25, 0.875, 0.75, 0.75,
       0.79166667, 0.83333333, 0.91666667, 0.75, 0.70833333, 1.0,
       0.54166667, 0.75, 1.0, 1.0, 0.58333333, 0.91666667, 0.91666667,
       0.58333333, 0.75, 0.83333333, 0.45833333, 0.70833333, 1.0]), 'tpos': array([2, 5, 6, 0, 1, 4, 0, 5, 0, 4, 6, 2, 6, 2, 5, 2, 1, 0, 6, 5, 4, 5, 5,
       6, 4, 3, 6, 1, 5, 6, 6, 2, 6, 6, 2, 4, 5, 0, 3, 6])}, {'specificity': array([0.6, 0.525, 0.225, 0.575, 0.85, 0.775, 0.9, 0.95, 0.45, 0.4, 0.325,
       0.125, 0.675, 0.05, 0.25, 0.425, 0.7, 0.5, 0.75, 0.875, 1.0, 0.725,
       0.2, 0.35, 0.625, 0.375, 0.65, 0.175, 0.55, 0.8, 0.825, 0.075, 0.1,
       0.925, 0.3, 0.275, 0.475, 0.15, 0.975, 0.025]), 'tneg': array([ 7,  6,  3,  7,  9,  9,  9, 11,  5,  4,  4,  1,  8,  1,  4,  5,  8,
        5,  8,  9, 12,  8,  1,  4,  7,  4,  8,  1,  6,  9,  9,  1,  1,  9,
        4,  4,  5,  1, 12,  0]), 'fpos': array([ 5,  6,  9,  5,  3,  3,  3,  1,  7,  8,  8, 11,  4, 11,  8,  7,  4,
        7,  4,  3,  0,  4, 11,  8,  5,  8,  4, 11,  6,  3,  3, 11, 11,  3,
        8,  8,  7, 11,  0, 12]), 'threshold': [1.907970025139893, 1.8889399925526142, 1.7930757535510451, 1.9064276432093719, 2.0070455858644314, 1.9790630723572358, 2.0638603959212936, 2.1382680508051561, 1.8848525239644132, 1.8394086142531056, 1.8218967766008423, 1.7200227190257875, 1.9346730757015043, 1.6869307511314431, 1.8021240121610627, 1.849853034814529, 1.9450182795135733, 1.886026626672958, 1.9531045330033221, 2.0431966979744871, 2.4983989771571067, 1.9472734231707909, 1.7702064550881496, 1.8289983197126156, 1.9126386939702602, 1.8322994301971625, 1.9221514243908497, 1.7664984010291165, 1.9023628093749412, 1.9899028165577291, 1.9923702340910336, 1.6934005076788972, 1.7028697446076673, 2.0883432078302389, 1.8205115970913028, 1.8152876401828739, 1.8857571014378478, 1.752086190454283, 2.2955367313388466, 1.5949859562288409], 'fneg': array([0, 0, 0, 0, 2, 2, 2, 3, 0, 0, 0, 0, 0, 0, 0, 0, 0, 0, 0, 2, 4, 0, 0,
       0, 0, 0, 0, 0, 0, 2, 2, 0, 0, 3, 0, 0, 0, 0, 3, 0]), 'sensitivity': array([0.70833333, 0.75, 1.0, 0.70833333, 0.58333333, 0.625, 0.45833333,
       0.375, 0.75, 0.95833333, 1.0, 1.0, 0.70833333, 1.0, 1.0, 0.91666667,
       0.66666667, 0.75, 0.66666667, 0.5, 0.041666667, 0.66666667, 1.0,
       0.95833333, 0.70833333, 0.95833333, 0.70833333, 1.0, 0.70833333,
       0.58333333, 0.58333333, 1.0, 1.0, 0.41666667, 1.0, 1.0, 0.75, 1.0,
       0.125, 1.0]), 'tpos': array([4, 4, 4, 4, 2, 2, 2, 1, 4, 4, 4, 4, 4, 4, 4, 4, 4, 4, 4, 2, 0, 4, 4,
       4, 4, 4, 4, 4, 4, 2, 2, 4, 4, 1, 4, 4, 4, 4, 1, 4])}, {'specificity': array([0.25641026, 0.38461538, 0.17948718, 0.48717949, 0.51282051,
       0.61538462, 0.64102564, 0.79487179, 0.8974359, 0.69230769,
       0.53846154, 0.66666667, 0.82051282, 0.43589744, 0.30769231,
       0.58974359, 0.41025641, 0.74358974, 0.23076923, 0.97435897, 1.0,
       0.15384615, 0.20512821, 0.56410256, 0.12820513, 0.28205128,
       0.87179487, 0.076923077, 0.1025641, 0.76923077, 0.46153846,
       0.025641026, 0.94871795, 0.35897436, 0.84615385, 0.71794872,
       0.92307692, 0.33333333, 0.051282051]), 'tneg': array([ 2,  3,  2,  6,  6,  7,  7,  9, 12,  8,  6,  8,  9,  4,  2,  7,  3,
        8,  2, 14, 14,  2,  2,  7,  2,  2, 12,  2,  2,  8,  4,  1, 13,  3,
       12,  8, 13,  2,  1]), 'fpos': array([12, 11, 12,  8,  8,  7,  7,  5,  2,  6,  8,  6,  5, 10, 12,  7, 11,
        6, 12,  0,  0, 12, 12,  7, 12, 12,  2, 12, 12,  6, 10, 13,  1, 11,
        2,  6,  1, 12, 13]), 'threshold': [1.9064191231010552, 1.94149904340441, 1.8991161067351525, 1.9808690140497973, 1.9896807495586373, 2.0265639031713629, 2.0286771574233589, 2.0704676711043182, 2.1103469533461503, 2.04455209531857, 1.9961777644103562, 2.0364180003974939, 2.0751987018307139, 1.9509944915300974, 1.9144989853357146, 2.0173955166605828, 1.9455863033728462, 2.0567457126553945, 1.9036847855388563, 2.176682780576733, 2.37201273413846, 1.8953715990300037, 1.9026906913021879, 2.0151096002666398, 1.8826056752611655, 1.9137844552368868, 2.1093814057913134, 1.8717399419143588, 1.8729446371980463, 2.0596297585797649, 1.9630913364218516, 1.858646840123779, 2.1615132082678388, 1.9328699052618452, 2.0985724544406046, 2.0495736232287274, 2.156285336796206, 1.9202024217225893, 1.8596789752049503], 'fneg': array([0, 0, 0, 0, 0, 0, 0, 0, 0, 0, 0, 0, 0, 0, 0, 0, 0, 0, 0, 1, 1, 0, 0,
       0, 0, 0, 0, 0, 0, 0, 0, 0, 1, 0, 0, 0, 0, 0, 0]), 'sensitivity': array([0.92307692, 0.88461538, 0.92307692, 0.80769231, 0.76923077,
       0.61538462, 0.61538462, 0.53846154, 0.46153846, 0.61538462,
       0.76923077, 0.61538462, 0.53846154, 0.88461538, 0.92307692,
       0.69230769, 0.88461538, 0.61538462, 0.92307692, 0.30769231, 0.0,
       0.92307692, 0.92307692, 0.69230769, 0.96153846, 0.92307692,
       0.46153846, 0.96153846, 0.96153846, 0.61538462, 0.80769231,
       0.96153846, 0.34615385, 0.88461538, 0.5, 0.61538462, 0.34615385,
       0.88461538, 0.96153846]), 'tpos': array([1, 1, 1, 1, 1, 1, 1, 1, 1, 1, 1, 1, 1, 1, 1, 1, 1, 1, 1, 0, 0, 1, 1,
       1, 1, 1, 1, 1, 1, 1, 1, 1, 0, 1, 1, 1, 1, 1, 1])}], <Model object at 0x0000000000000A34>)
