# fold = 1
# threshold = 0.285584991316
# requested specificity = 0.825396825397
# actual training-set specificity = 
# tpos = 3
# tneg = 12
# fpos = 5
# fneg = 1
# raw predictions:
[0.266440098975 0.427803620953 0.384865651117 0.220599451481 0.202886507221
 0.228230563412 0.228067350156 0.211717099317 0.327561913366 0.414836203855
 0.335718047103 0.201782696657 0.309799883777 0.22299092929 0.211517138225
 0.312289358114 0.253387273428 0.291738912616 0.248162923832 0.203946290139
 0.20229502205]
# truth:
[2.5880475 2.1580608 2.6134189 0.79934055 1.3579348 1.382017 1.3031961
 2.0318123 2.7136585 1.8469553 1.4593925 2.1027766 2.6190933 1.8000294
 0.30103 1.948413 2.0406023 0.49136169 1.1271048 1.6928469 0.0]
# fold = 2
# threshold = 0.295800804238
# requested specificity = 0.875
# actual training-set specificity = 
# tpos = 1
# tneg = 17
# fpos = 1
# fneg = 1
# raw predictions:
[0.38485945027 0.191619225646 0.336505944098 0.217633449677 0.157848420006
 0.286216087655 0.294666287472 0.182968037095 0.28138456111 0.163121428011
 0.198990716353 0.164334267836 0.163749278268 0.158871874585 0.132802330455
 0.23627395957 0.201126960631 0.290377671893 0.186102801063 0.191948671367]
# truth:
[2.286681 1.7767012 3.3837436 0.30103 3.3837436 1.5263393 1.1643529
 1.6532125 2.2796669 1.5024271 1.3961993 2.2355284 2.2000293 1.9355073
 1.4712917 1.6866363 1.5786392 2.1195858 1.666518 1.5263393]
# fold = 3
# threshold = 0.202575145156
# requested specificity = 0.8125
# actual training-set specificity = 
# tpos = 4
# tneg = 7
# fpos = 4
# fneg = 5
# raw predictions:
[0.265860365512 0.678255673081 0.0898785439533 0.207220606947
 0.144315155925 0.371409418774 0.0941038374337 0.144426850637
 0.146799309176 0.182986810365 0.581762729825 0.851726393424 0.101697046196
 0.106887458927 0.180958128184 0.24708327984 0.0845875380906 0.458983120112
 0.153999629853 0.13384349454]
# truth:
[2.5366847 3.3837436 1.5717088 1.8920946 2.4834446 2.2367891 2.1664301
 2.8121108 2.1804126 1.6042261 2.9914033 2.7567882 3.3837436 3.3837436
 2.1433271 2.3380579 1.0374265 1.9355073 2.5161386 1.5024271]
# fold = 4
# threshold = 0.702476575853
# requested specificity = 1.0
# actual training-set specificity = 
# tpos = 6
# tneg = 0
# fpos = 14
# fneg = 0
# raw predictions:
[1.0 1.0 1.0 1.0 1.0 1.0 1.0 1.0 1.0 1.0 1.0 1.0 1.0 1.0 1.0 1.0 1.0 1.0
 1.0 1.0]
# truth:
[2.5375673 3.2980448 1.1172713 2.5627685 1.3384565 1.8709888 2.512551
 1.687529 1.1430148 2.2671717 2.3398488 1.6009729 2.4637437 3.3837436
 1.6884198 1.3483049 2.1598678 0.30103 0.70757018 2.1525941]
# fold = 5
# threshold = 0.220618506355
# requested specificity = 0.815384615385
# actual training-set specificity = 
# tpos = 4
# tneg = 10
# fpos = 4
# fneg = 1
# raw predictions:
[0.380415401802 0.287979511758 0.172461875263 0.240928927391 0.261165941985
 0.719290937499 0.160198619683 0.544315069052 0.190439204205 0.387517062838
 0.875865916282 0.157919576067 0.134544171089 0.205250045689 0.144979774002
 0.172366774402 0.155473830169 0.195764672456 0.152850691483]
# truth:
[2.5779511 2.4350476 1.376577 2.0297895 1.8469553 3.3837436 2.2000293
 3.3837436 1.7024305 2.0338257 2.0674428 1.3710679 1.9020029 2.3583156
 0.61278386 1.39794 1.9703469 2.6887757 1.1643529]
# fold = overall performance
# tpos = 18
# tneg = 46
# fpos = 28
# fneg = 8
