#lasso
([{'specificity': array([0.21428571, 0.14285714, 0.92857143, 0.64285714, 0.57142857, 0.5,
       0.35714286, 0.71428571, 1.0, 0.42857143, 0.85714286, 0.28571429,
       0.071428571, 0.78571429]), 'tneg': array([ 5,  4, 10, 10,  9,  9,  7, 10, 11,  9, 10,  7,  2, 10]), 'fpos': array([6, 7, 1, 1, 2, 2, 4, 1, 0, 2, 1, 4, 9, 1]), 'threshold': [0.845018338470316, 0.26851321175564458, 5.0858987551634911, 4.0149488343353568, 3.5050792869196394, 3.1434243455950206, 2.825287200382713, 4.1138256174687768, 6.0823469441229712, 3.1007305170270412, 4.6288739018218825, 2.7016151976925458, -0.78910426270050338, 4.1384373546837994], 'fneg': array([2, 2, 6, 6, 6, 4, 4, 6, 6, 4, 6, 4, 1, 6]), 'sensitivity': array([0.1875, 0.29166667, 0.0, 0.0, 0.0, 0.0, 0.0, 0.0, 0.0, 0.0, 0.0,
       0.0, 0.45833333, 0.0]), 'tpos': array([4, 4, 0, 0, 0, 2, 2, 0, 0, 2, 0, 2, 5, 0])}, {'specificity': array([0.96825397, 0.98412698, 0.84126984, 0.17460317, 0.41269841,
       0.80952381, 0.9047619, 0.76190476, 0.25396825, 0.58730159,
       0.15873016, 0.87301587, 0.36507937, 0.6984127, 0.92063492,
       0.11111111, 0.71428571, 0.63492063, 0.3015873, 0.68253968,
       0.46031746, 0.66666667, 0.82539683, 0.73015873, 0.49206349,
       0.3968254, 0.31746032, 0.85714286, 0.42857143, 0.095238095, 1.0,
       0.93650794, 0.38095238, 0.14285714, 0.65079365, 0.23809524,
       0.79365079, 0.28571429, 0.44444444, 0.047619048, 0.55555556,
       0.53968254, 0.34920635, 0.57142857, 0.22222222, 0.015873016,
       0.77777778, 0.33333333, 0.063492063, 0.19047619, 0.20634921,
       0.6031746, 0.12698413, 0.61904762, 0.74603175, 0.88888889,
       0.52380952, 0.50793651, 0.95238095, 0.47619048, 0.26984127,
       0.079365079, 0.031746032]), 'tneg': array([11, 11,  8,  2,  4,  8, 10,  8,  2,  8,  2,  8,  4,  8, 10,  2,  8,
        8,  4,  8,  5,  8,  8,  8,  5,  4,  4,  8,  4,  1, 11, 10,  4,  2,
        8,  2,  8,  2,  4,  0,  8,  8,  4,  8,  2,  0,  8,  4,  0,  2,  2,
        8,  2,  8,  8,  8,  6,  5, 11,  5,  2,  1,  0]), 'fpos': array([ 0,  0,  3,  9,  7,  3,  1,  3,  9,  3,  9,  3,  7,  3,  1,  9,  3,
        3,  7,  3,  6,  3,  3,  3,  6,  7,  7,  3,  7, 10,  0,  1,  7,  9,
        3,  9,  3,  9,  7, 11,  3,  3,  7,  3,  9, 11,  3,  7, 11,  9,  9,
        3,  9,  3,  3,  3,  5,  6,  0,  6,  9, 10, 11]), 'threshold': [302.8582745678209, 344.32915792005076, 192.20276375422083, 145.05377695892676, 156.03688341133554, 187.64170506217826, 217.91287264804728, 182.46063485344675, 147.7547698823131, 165.55618820447828, 144.1865745056617, 199.22635254751233, 152.005156826356, 175.67605084292444, 227.1824871884987, 139.14239023610003, 176.2470780836926, 168.07196198531014, 150.71973385333814, 174.87650517419036, 158.49669378686841, 170.03146525699933, 187.76319555527797, 177.27981748050351, 159.35278803152355, 154.84899179659834, 150.87199554061809, 199.13492251776651, 156.38659499098017, 135.49287254310866, 351.65929354109511, 227.32512778180239, 153.4972159783093, 143.33810046383721, 169.11067281258619, 146.59907861989851, 186.44128395064365, 148.43986375967756, 157.93954974596292, 118.60794775875887, 163.0965609247092, 162.46087730651158, 151.281645562012, 163.36427449105403, 146.24438071252854, 113.73893547624643, 186.18238744380463, 150.94099848437921, 128.66412554552028, 145.4503533029206, 145.87440208967729, 166.68528761124333, 142.40609392962202, 167.19755407378844, 180.50734011804997, 201.89239312701508, 161.39917246070141, 159.36303587107312, 248.93564296178749, 158.97808145607053, 148.26093924605718, 134.19917157713002, 116.64984093323749], 'fneg': array([5, 5, 3, 1, 1, 2, 3, 2, 1, 2, 1, 3, 1, 2, 3, 1, 2, 2, 1, 2, 2, 2, 2,
       2, 2, 1, 1, 3, 1, 1, 5, 3, 1, 1, 2, 1, 2, 1, 2, 0, 2, 2, 1, 2, 1, 0,
       2, 1, 1, 1, 1, 2, 1, 2, 2, 3, 2, 2, 3, 2, 1, 1, 0]), 'sensitivity': array([1, 1, 1, 1, 1, 1, 1, 1, 1, 1, 1, 1, 1, 1, 1, 1, 1, 1, 1, 1, 1, 1, 1,
       1, 1, 1, 1, 1, 1, 1, 1, 1, 1, 1, 1, 1, 1, 1, 1, 1, 1, 1, 1, 1, 1, 1,
       1, 1, 1, 1, 1, 1, 1, 1, 1, 1, 1, 1, 1, 1, 1, 1, 1]), 'tpos': array([0, 0, 2, 4, 4, 3, 2, 3, 4, 3, 4, 2, 4, 3, 2, 4, 3, 3, 4, 3, 3, 3, 3,
       3, 3, 4, 4, 2, 4, 4, 0, 2, 4, 4, 3, 4, 3, 4, 3, 5, 3, 3, 4, 3, 4, 5,
       3, 4, 4, 4, 4, 3, 4, 3, 3, 2, 3, 3, 2, 3, 4, 4, 5])}, {'specificity': array([0.85714286, 0.028571429, 0.6, 0.51428571, 0.48571429, 0.8,
       0.28571429, 0.25714286, 0.68571429, 0.82857143, 0.77142857,
       0.74285714, 0.91428571, 1.0, 0.45714286, 0.37142857, 0.31428571,
       0.22857143, 0.71428571, 0.94285714, 0.42857143, 0.88571429,
       0.14285714, 0.4, 0.62857143, 0.54285714, 0.11428571, 0.65714286,
       0.2, 0.17142857, 0.085714286, 0.57142857, 0.057142857, 0.97142857,
       0.34285714]), 'tneg': array([8, 0, 7, 6, 6, 8, 2, 2, 7, 8, 7, 7, 9, 9, 6, 5, 2, 2, 7, 9, 6, 9, 0,
       6, 7, 6, 0, 7, 2, 0, 0, 6, 0, 9, 5]), 'fpos': array([1, 9, 2, 3, 3, 1, 7, 7, 2, 1, 2, 2, 0, 0, 3, 4, 7, 7, 2, 0, 3, 0, 9,
       3, 2, 3, 9, 2, 7, 9, 9, 3, 9, 0, 4]), 'threshold': [3.2111081651498563, -0.10899536401607035, 2.1085180106840284, 1.9120099157619033, 1.8852514055216532, 2.9770595452156163, 1.21092092981391, 1.1837368915008342, 2.4369132533977393, 3.0701498023723941, 2.7535842310089915, 2.5877740409998631, 3.778708406050507, 4.0266586678827814, 1.8838277575848035, 1.6056699527407619, 1.287099959315491, 1.1224941037256335, 2.4872622006545138, 3.8020665881083815, 1.8635526407273457, 3.6071848001449442, 0.29346890997162656, 1.7990627606781022, 2.2484827591896868, 1.9394206154583547, -0.043424737306585914, 2.3315235470528193, 0.99914993883686831, 0.6403606412082532, -0.060712784933061537, 1.9752298837969613, -0.063039262597367918, 3.9149308679438759, 1.5935636901419201], 'fneg': array([5, 0, 3, 3, 3, 4, 1, 1, 3, 4, 3, 3, 5, 5, 3, 2, 1, 1, 3, 5, 3, 5, 0,
       3, 3, 3, 0, 3, 1, 1, 0, 3, 0, 5, 2]), 'sensitivity': array([0.068965517, 0.86206897, 0.31034483, 0.31034483, 0.31034483,
       0.068965517, 0.51724138, 0.51724138, 0.17241379, 0.068965517,
       0.13793103, 0.13793103, 0.0, 0.0, 0.31034483, 0.31034483,
       0.44827586, 0.51724138, 0.13793103, 0.0, 0.31034483, 0.0,
       0.79310345, 0.31034483, 0.17241379, 0.31034483, 0.86206897,
       0.17241379, 0.55172414, 0.72413793, 0.86206897, 0.31034483,
       0.86206897, 0.0, 0.31034483]), 'tpos': array([1, 6, 3, 3, 3, 2, 5, 5, 3, 2, 3, 3, 1, 1, 3, 4, 5, 5, 3, 1, 3, 1, 6,
       3, 3, 3, 6, 3, 5, 5, 6, 3, 6, 1, 4])}, {'specificity': array([0.65517241, 0.4137931, 0.10344828, 0.79310345, 0.86206897,
       0.75862069, 0.72413793, 0.24137931, 0.68965517, 0.62068966,
       0.89655172, 1.0, 0.96551724, 0.51724138, 0.48275862, 0.34482759,
       0.82758621, 0.17241379, 0.27586207, 0.55172414, 0.44827586,
       0.068965517, 0.13793103, 0.20689655, 0.37931034, 0.31034483,
       0.034482759, 0.93103448, 0.5862069]), 'tneg': array([12, 11,  2, 13, 13, 13, 13,  8, 13, 12, 14, 14, 14, 12, 12, 11, 13,
        5,  9, 12, 12,  1,  5,  5, 11, 11,  1, 14, 12]), 'fpos': array([ 2,  3, 12,  1,  1,  1,  1,  6,  1,  2,  0,  0,  0,  2,  2,  3,  1,
        9,  5,  2,  2, 13,  9,  9,  3,  3, 13,  0,  2]), 'threshold': [2.8837176109258236, 1.6931304132435596, -1.0800812522568606, 3.3293210440985144, 4.0888528361431913, 3.28253378992866, 3.2017331600086134, 0.49677096149294409, 3.1433571388277493, 2.8242830584146223, 4.2942786082452962, 5.4467556245569657, 4.7944453399943479, 2.4664292296509731, 2.2587078207827731, 1.653605002568086, 3.4259718419125322, 0.046734739638490064, 1.3444546615120827, 2.6246479562680962, 2.1886435903094084, -1.1503463705442951, -0.0065387955852234114, 0.26835846638648242, 1.6668950580980639, 1.492178635181604, -1.3593326348518078, 4.5051173828343725, 2.6790355469966327], 'fneg': array([2, 0, 0, 2, 2, 2, 2, 0, 2, 2, 2, 2, 2, 1, 1, 0, 2, 0, 0, 2, 0, 0, 0,
       0, 0, 0, 0, 2, 2]), 'sensitivity': array([0.11764706, 0.23529412, 0.91176471, 0.088235294, 0.0, 0.088235294,
       0.088235294, 0.58823529, 0.088235294, 0.11764706, 0.0, 0.0, 0.0,
       0.14705882, 0.14705882, 0.23529412, 0.058823529, 0.73529412,
       0.35294118, 0.11764706, 0.14705882, 0.94117647, 0.76470588,
       0.70588235, 0.23529412, 0.29411765, 0.94117647, 0.0, 0.11764706]), 'tpos': array([0, 2, 2, 0, 0, 0, 0, 2, 0, 0, 0, 0, 0, 1, 1, 2, 0, 2, 2, 0, 2, 2, 2,
       2, 2, 2, 2, 0, 0])}, {'specificity': array([0.65116279, 0.3255814, 0.046511628, 0.6744186, 0.51162791,
       0.60465116, 0.69767442, 0.34883721, 0.88372093, 0.97674419,
       0.25581395, 0.27906977, 0.20930233, 0.093023256, 0.1627907,
       0.90697674, 0.023255814, 0.13953488, 0.81395349, 0.74418605,
       0.58139535, 0.86046512, 0.79069767, 0.8372093, 1.0, 0.76744186,
       0.46511628, 0.39534884, 0.23255814, 0.30232558, 0.93023256,
       0.48837209, 0.11627907, 0.53488372, 0.72093023, 0.55813953,
       0.069767442, 0.18604651, 0.37209302, 0.41860465, 0.62790698,
       0.95348837, 0.44186047]), 'tneg': array([ 9,  7,  2,  9,  9,  9,  9,  7, 11, 11,  7,  7,  7,  4,  4, 11,  0,
        4, 11, 10,  9, 11, 11, 11, 12, 10,  8,  8,  7,  7, 11,  9,  4,  9,
        9,  9,  3,  5,  7,  8,  9, 11,  8]), 'fpos': array([ 3,  5, 10,  3,  3,  3,  3,  5,  1,  1,  5,  5,  5,  8,  8,  1, 12,
        8,  1,  2,  3,  1,  1,  1,  0,  2,  4,  4,  5,  5,  1,  3,  8,  3,
        3,  3,  9,  7,  5,  4,  3,  1,  4]), 'threshold': [2.0888957833002664, 1.8332130170277223, 1.2610673783412321, 2.1042044377837268, 2.0293984154153297, 2.0547422822251993, 2.1666116575447822, 1.8464149061365476, 2.6138860257216061, 2.8212019984201708, 1.7686309086507168, 1.7928422266218524, 1.6991288499564574, 1.3819344864772871, 1.5028357307655915, 2.6962716725353904, 0.857515663585072, 1.4800436803514629, 2.466500604922488, 2.229205838826092, 2.0486573494647407, 2.4958162705731226, 2.34939112686106, 2.4945006519084112, 3.2027451530140092, 2.2301248412181462, 1.912918440188734, 1.8899590629177216, 1.7291999649094008, 1.8115054102641091, 2.7718094844160635, 2.0110834032794318, 1.4151345623289418, 2.0383950657237295, 2.1994479372191176, 2.03987727044219, 1.2865943668359656, 1.545905536297433, 1.8529824330649565, 1.8958944991703604, 2.0706378599336275, 2.7968031257618744, 1.9083152628765319], 'fneg': array([2, 2, 1, 2, 2, 2, 2, 2, 2, 3, 1, 2, 1, 1, 1, 2, 0, 1, 2, 2, 2, 2, 2,
       2, 3, 2, 2, 2, 1, 2, 3, 2, 1, 2, 2, 2, 1, 1, 2, 2, 2, 3, 2]), 'sensitivity': array([0.57142857, 0.66666667, 1.0, 0.57142857, 0.57142857, 0.57142857,
       0.52380952, 0.66666667, 0.14285714, 0.14285714, 0.71428571,
       0.66666667, 0.76190476, 1.0, 1.0, 0.14285714, 1.0, 1.0, 0.28571429,
       0.47619048, 0.57142857, 0.28571429, 0.38095238, 0.28571429, 0.0,
       0.47619048, 0.66666667, 0.66666667, 0.71428571, 0.66666667,
       0.14285714, 0.57142857, 1.0, 0.57142857, 0.52380952, 0.57142857,
       1.0, 0.95238095, 0.66666667, 0.66666667, 0.57142857, 0.14285714,
       0.66666667]), 'tpos': array([1, 1, 2, 1, 1, 1, 1, 1, 1, 0, 2, 1, 2, 2, 2, 1, 3, 2, 1, 1, 1, 1, 1,
       1, 0, 1, 1, 1, 2, 1, 0, 1, 2, 1, 1, 1, 2, 2, 1, 1, 1, 0, 1])}], <Model object at 0x0000000000000707>)
#lasso
([{'specificity': array([0.57142857, 0.095238095, 0.66666667, 0.33333333, 0.28571429, 1.0,
       0.61904762, 0.19047619, 0.80952381, 0.47619048, 0.14285714,
       0.23809524, 0.52380952, 0.42857143, 0.9047619, 0.95238095,
       0.85714286, 0.76190476, 0.71428571, 0.38095238, 0.047619048]), 'tneg': array([ 9,  5, 10,  7,  7, 12, 10,  5, 11,  8,  5,  6,  9,  8, 12, 12, 12,
       11, 11,  7,  5]), 'fpos': array([3, 7, 2, 5, 5, 0, 2, 7, 1, 4, 7, 6, 3, 4, 0, 0, 0, 1, 1, 5, 7]), 'threshold': [2.6243977207916949, -0.59049858748427164, 3.112458506025531, 1.1349112927686109, 0.83829020931453235, 5.1535149161450651, 2.7922361781634759, 0.45306945620956562, 4.0024429808600264, 2.4761584597209367, -0.28830230967214643, 0.55437878631254534, 2.6049664062908287, 1.9691082358244154, 4.6560095538664132, 4.6860447529305986, 4.6067146880174068, 3.6140437955851445, 3.5888409181213867, 1.2565685949636065, -1.0590937864565992], 'fneg': array([5, 1, 5, 3, 3, 5, 5, 3, 5, 5, 2, 3, 5, 4, 5, 5, 5, 5, 5, 3, 1]), 'sensitivity': array([0.095238095, 0.52380952, 0.047619048, 0.23809524, 0.23809524, 0.0,
       0.095238095, 0.26190476, 0.023809524, 0.095238095, 0.42857143,
       0.26190476, 0.095238095, 0.11904762, 0.0, 0.0, 0.0, 0.023809524,
       0.047619048, 0.23809524, 0.5952381]), 'tpos': array([0, 4, 0, 2, 2, 0, 0, 2, 0, 0, 3, 2, 0, 1, 0, 0, 0, 0, 0, 2, 4])}, {'specificity': array([0.953125, 0.96875, 0.734375, 0.8125, 0.75, 0.21875, 0.46875, 0.5625,
       0.875, 0.3125, 0.359375, 0.171875, 0.421875, 0.6875, 0.125,
       0.703125, 0.65625, 0.390625, 0.375, 0.671875, 0.765625, 0.453125,
       0.4375, 0.890625, 0.484375, 0.0625, 0.09375, 0.859375, 0.9375,
       0.984375, 0.90625, 0.15625, 0.265625, 0.78125, 0.296875, 0.515625,
       0.046875, 0.71875, 0.53125, 0.40625, 0.234375, 0.015625, 0.546875,
       0.796875, 0.34375, 0.109375, 0.1875, 0.25, 0.625, 0.203125, 0.84375,
       0.140625, 0.609375, 0.578125, 0.5, 0.59375, 0.921875, 0.078125,
       0.03125, 1.0, 0.328125, 0.640625, 0.828125, 0.28125]), 'tneg': array([10, 10,  7,  7,  7,  0,  1,  3,  8,  0,  0,  0,  1,  5,  0,  6,  4,
        1,  0,  5,  7,  1,  1,  8,  2,  0,  0,  8, 10, 10,  9,  0,  0,  7,
        0,  2,  0,  7,  3,  1,  0,  0,  3,  7,  0,  0,  0,  0,  4,  0,  8,
        0,  4,  4,  2,  4, 10,  0,  0, 10,  0,  4,  7,  0]), 'fpos': array([ 0,  0,  3,  3,  3, 10,  9,  7,  2, 10, 10, 10,  9,  5, 10,  4,  6,
        9, 10,  5,  3,  9,  9,  2,  8, 10, 10,  2,  0,  0,  1, 10, 10,  3,
       10,  8, 10,  3,  7,  9, 10, 10,  7,  3, 10, 10, 10, 10,  6, 10,  2,
       10,  6,  6,  8,  6,  0, 10, 10,  0, 10,  6,  3, 10]), 'threshold': [288.47105517484448, 324.68165643041283, 171.25450034296313, 179.71573008950395, 172.9473647428668, 136.20651388521711, 147.953405303467, 152.91297410312509, 207.51916886947629, 139.40712361058954, 140.73168323972595, 135.30669248649525, 142.821223223834, 166.16036590787044, 133.12584337631725, 168.78018624300125, 159.42692579598838, 142.61019749172664, 141.12961853542106, 164.98729947142039, 174.52691208388191, 147.184582440872, 143.2515154666246, 210.71695275750793, 148.1648414677382, 116.74003816136627, 129.95305873940845, 190.53164962559683, 274.66786864592189, 330.56782255655565, 214.46201994504531, 135.27770268943849, 138.58637102012031, 175.35474340260936, 139.34989710250594, 151.13260921800756, 112.02366396546647, 170.17059242470469, 151.50133450555148, 142.77143539098728, 136.89023785742768, 108.10991736341833, 151.50556702827191, 178.45346341528122, 140.68957124696311, 131.55759576038449, 135.54386132842561, 137.4910756666234, 158.52742175177016, 135.69248907824505, 187.98226467609953, 134.31082448470255, 158.26979099605606, 153.68682869046097, 150.9719426619989, 154.20617903686517, 235.56489357013834, 126.47876635865936, 111.81745333945504, 351.46908732638246, 140.26427741121952, 159.29016214031555, 183.65031022897838, 139.32918137653013], 'fneg': array([6, 6, 4, 4, 4, 2, 2, 2, 5, 2, 2, 2, 2, 3, 2, 4, 3, 2, 2, 3, 4, 2, 2,
       5, 2, 0, 2, 5, 6, 6, 5, 2, 2, 4, 2, 2, 0, 4, 2, 2, 2, 0, 2, 4, 2, 2,
       2, 2, 2, 2, 5, 2, 2, 2, 2, 2, 5, 2, 0, 6, 2, 3, 4, 2]), 'sensitivity': array([1, 1, 1, 1, 1, 1, 1, 1, 1, 1, 1, 1, 1, 1, 1, 1, 1, 1, 1, 1, 1, 1, 1,
       1, 1, 1, 1, 1, 1, 1, 1, 1, 1, 1, 1, 1, 1, 1, 1, 1, 1, 1, 1, 1, 1, 1,
       1, 1, 1, 1, 1, 1, 1, 1, 1, 1, 1, 1, 1, 1, 1, 1, 1, 1]), 'tpos': array([0, 0, 2, 2, 2, 4, 4, 4, 1, 4, 4, 4, 4, 3, 4, 2, 3, 4, 4, 3, 2, 4, 4,
       1, 4, 6, 4, 1, 0, 0, 1, 4, 4, 2, 4, 4, 6, 2, 4, 4, 4, 6, 4, 2, 4, 4,
       4, 4, 4, 4, 1, 4, 4, 4, 4, 4, 1, 4, 6, 0, 4, 3, 2, 4])}, {'specificity': array([0.83333333, 0.86111111, 0.41666667, 0.16666667, 0.25, 0.91666667,
       0.72222222, 0.55555556, 0.33333333, 0.055555556, 0.19444444,
       0.58333333, 0.77777778, 0.27777778, 0.36111111, 0.88888889, 1.0,
       0.97222222, 0.61111111, 0.66666667, 0.11111111, 0.75, 0.52777778,
       0.5, 0.44444444, 0.027777778, 0.13888889, 0.47222222, 0.083333333,
       0.38888889, 0.80555556, 0.30555556, 0.94444444, 0.69444444,
       0.63888889, 0.22222222]), 'tneg': array([14, 14, 13, 10, 11, 14, 14, 14, 12,  7, 11, 14, 14, 12, 13, 14, 15,
       15, 14, 14,  9, 14, 14, 14, 13,  7,  9, 13,  8, 13, 14, 12, 14, 14,
       14, 11]), 'fpos': array([1, 1, 2, 5, 4, 1, 1, 1, 3, 8, 4, 1, 1, 3, 2, 1, 0, 0, 1, 1, 6, 1, 1,
       1, 2, 8, 6, 2, 7, 2, 1, 3, 1, 1, 1, 4]), 'threshold': [5.188610845832442, 5.57810944714043, 3.2932144035519735, 1.0132562607284554, 1.6208493311615393, 5.8998773148107873, 4.9388331468730158, 4.0766330606320542, 2.4351780866870221, -0.28119296206080313, 1.2099707017800347, 4.1240507016367749, 5.0823485919221714, 1.95956554795869, 3.1477733900663125, 5.6440205728951316, 7.5975903850557236, 7.0289900235312732, 4.17344213016973, 4.48981366255958, 0.5850096009274921, 5.0474894207457011, 3.9408408647656419, 3.8345139179433172, 3.4965247358178639, -0.29474169180604259, 0.59108755200480978, 3.5521917816994826, 0.19684757633817274, 3.204083164702066, 5.1535050478162132, 2.1178968270501697, 5.9401740106339593, 4.52535864368923, 4.3730780435971317, 1.5853063848542284], 'fneg': array([1, 1, 1, 0, 0, 1, 1, 1, 0, 0, 0, 1, 1, 0, 1, 1, 1, 1, 1, 1, 0, 1, 1,
       1, 1, 0, 0, 1, 0, 1, 1, 0, 1, 1, 1, 0]), 'sensitivity': array([0.0, 0.0, 0.0, 0.14285714, 0.10714286, 0.0, 0.0, 0.0, 0.071428571,
       0.35714286, 0.10714286, 0.0, 0.0, 0.071428571, 0.0, 0.0, 0.0, 0.0,
       0.0, 0.0, 0.21428571, 0.0, 0.0, 0.0, 0.0, 0.35714286, 0.21428571,
       0.0, 0.25, 0.0, 0.0, 0.071428571, 0.0, 0.0, 0.0, 0.10714286]), 'tpos': array([0, 0, 0, 1, 1, 0, 0, 0, 1, 1, 1, 0, 0, 1, 0, 0, 0, 0, 0, 0, 1, 0, 0,
       0, 0, 1, 1, 0, 1, 0, 0, 1, 0, 0, 0, 1])}, {'specificity': array([0.96875, 0.984375, 0.71875, 0.78125, 0.703125, 0.21875, 0.25,
       0.328125, 0.171875, 0.078125, 0.828125, 0.359375, 0.140625, 0.65625,
       0.6875, 0.640625, 0.5625, 0.890625, 0.28125, 0.609375, 0.59375,
       0.765625, 0.5, 0.796875, 0.375, 0.859375, 0.390625, 0.0625, 0.125,
       0.9375, 0.84375, 0.90625, 0.953125, 1.0, 0.875, 0.15625, 0.546875,
       0.734375, 0.3125, 0.40625, 0.046875, 0.671875, 0.34375, 0.015625,
       0.421875, 0.75, 0.09375, 0.203125, 0.515625, 0.234375, 0.8125,
       0.1875, 0.53125, 0.484375, 0.46875, 0.453125, 0.4375, 0.625,
       0.921875, 0.296875, 0.109375, 0.03125, 0.578125, 0.265625]), 'tneg': array([13, 13, 12, 12, 12,  2,  3,  5,  1,  0, 13,  8,  1, 12, 12, 12, 11,
       13,  5, 12, 11, 12, 10, 13,  9, 13,  9,  0,  0, 13, 13, 13, 13, 13,
       13,  1, 11, 12,  5,  9,  0, 12,  7,  0,  9, 12,  0,  2, 11,  3, 13,
        1, 11, 10, 10,  9,  9, 12, 13,  5,  0,  0, 11,  4]), 'fpos': array([ 1,  1,  2,  2,  2, 12, 11,  9, 13, 14,  1,  6, 13,  2,  2,  2,  3,
        1,  9,  2,  3,  2,  4,  1,  5,  1,  5, 14, 14,  1,  1,  1,  1,  1,
        1, 13,  3,  2,  9,  5, 14,  2,  7, 14,  5,  2, 14, 12,  3, 11,  1,
       13,  3,  4,  4,  5,  5,  2,  1,  9, 14, 14,  3, 10]), 'threshold': [260.20899742341186, 293.93951354081344, 155.99158195212817, 163.91979242869562, 155.52417234879897, 124.66344423922651, 126.43207179513681, 127.83992722209115, 123.01671878952412, 107.05941191975087, 170.00187351812608, 131.33469474755788, 120.92334316724657, 151.65242630313674, 154.71711926623823, 151.6292553205538, 144.67024139115159, 195.93300880857743, 127.17522927572786, 150.44540877538125, 146.12790683266914, 159.88540908596414, 139.282250691278, 169.30858236541795, 134.3052087329263, 192.00816021731561, 134.66304962100392, 105.38575069926179, 117.48842911976722, 227.9312970867974, 172.66315179414181, 209.26556142044566, 247.72791663867292, 299.30100614428574, 195.16755104078544, 122.9512565771648, 144.1806413529763, 158.85686656391911, 127.60087769478815, 135.16477643796245, 101.54977090372104, 153.389201282441, 129.74606700139418, 98.425642654291664, 136.09457572435383, 158.95850921080304, 108.86319515184115, 124.08400582557327, 142.22509811953307, 125.3225970027119, 169.70414400619455, 123.02682421701253, 143.39217353491915, 139.03944610782125, 138.56078715799586, 137.42166447269105, 136.14008750695209, 151.28566863027277, 213.57358581481597, 127.54344909983763, 116.24155653612843, 99.098347023137222, 145.26102915000055, 126.63827198265487], 'fneg': array([2, 2, 1, 1, 1, 0, 0, 0, 0, 0, 1, 0, 0, 1, 1, 1, 1, 2, 0, 1, 1, 1, 1,
       1, 1, 2, 1, 0, 0, 2, 1, 2, 2, 2, 2, 0, 1, 1, 0, 1, 0, 1, 0, 0, 1, 1,
       0, 0, 1, 0, 1, 0, 1, 1, 1, 1, 1, 1, 2, 0, 0, 0, 1, 0]), 'sensitivity': array([1, 1, 1, 1, 1, 1, 1, 1, 1, 1, 1, 1, 1, 1, 1, 1, 1, 1, 1, 1, 1, 1, 1,
       1, 1, 1, 1, 1, 1, 1, 1, 1, 1, 1, 1, 1, 1, 1, 1, 1, 1, 1, 1, 1, 1, 1,
       1, 1, 1, 1, 1, 1, 1, 1, 1, 1, 1, 1, 1, 1, 1, 1, 1, 1]), 'tpos': array([0, 0, 1, 1, 1, 2, 2, 2, 2, 2, 1, 2, 2, 1, 1, 1, 1, 0, 2, 1, 1, 1, 1,
       1, 1, 0, 1, 2, 2, 0, 1, 0, 0, 0, 0, 2, 1, 1, 2, 1, 2, 1, 2, 2, 1, 1,
       2, 2, 1, 2, 1, 2, 1, 1, 1, 1, 1, 1, 0, 2, 2, 2, 1, 2])}, {'specificity': array([0.82142857, 0.89285714, 0.10714286, 0.85714286, 0.96428571,
       0.67857143, 0.25, 0.17857143, 0.75, 0.21428571, 0.32142857,
       0.46428571, 0.92857143, 0.39285714, 0.71428571, 0.57142857,
       0.60714286, 0.42857143, 0.071428571, 0.35714286, 0.5, 0.64285714,
       0.28571429, 0.78571429, 1.0, 0.53571429, 0.14285714, 0.035714286]), 'tneg': array([9, 9, 6, 9, 9, 9, 7, 6, 9, 6, 7, 8, 9, 7, 9, 9, 9, 7, 2, 7, 9, 9, 7,
       9, 9, 9, 6, 1]), 'fpos': array([0, 0, 3, 0, 0, 0, 2, 3, 0, 3, 2, 1, 0, 2, 0, 0, 0, 2, 7, 2, 0, 0, 2,
       0, 0, 0, 3, 8]), 'threshold': [5.1836278289999456, 5.5464278813306027, 1.1011745065055172, 5.2528141614472617, 5.8651079491693663, 4.3244858267884911, 2.2187807336314216, 1.3208658139729952, 4.6154396749098261, 1.57491975237722, 2.5972989406859028, 3.6602845119753589, 5.658075089332498, 3.2797308919332764, 4.5828776965051041, 4.1188930931273608, 4.2267866135850252, 3.4198268433847385, -1.0737870721114096, 2.6036149237199, 3.7469947949287037, 4.2527827335291448, 2.5193536315345137, 4.9967122122687293, 5.8938173198070229, 3.8751338546520313, 1.2033781308492977, -2.2195952012813764], 'fneg': array([3, 3, 2, 3, 3, 3, 2, 2, 3, 2, 2, 2, 3, 2, 3, 3, 3, 2, 0, 2, 2, 3, 2,
       3, 3, 3, 2, 0]), 'sensitivity': array([0.0, 0.0, 0.16216216, 0.0, 0.0, 0.0, 0.10810811, 0.13513514, 0.0,
       0.10810811, 0.081081081, 0.0, 0.0, 0.0, 0.0, 0.0, 0.0, 0.0,
       0.51351351, 0.081081081, 0.0, 0.0, 0.081081081, 0.0, 0.0, 0.0,
       0.16216216, 0.78378378]), 'tpos': array([3, 3, 4, 3, 3, 3, 4, 4, 3, 4, 4, 4, 3, 4, 3, 3, 3, 4, 6, 4, 4, 3, 4,
       3, 3, 3, 4, 6])}], <Model object at 0x0000000000000D5E>)
#lasso
([{'specificity': array([0.33333333, 1.0, 0.73015873, 0.77777778, 0.71428571, 0.36507937,
       0.9047619, 0.6984127, 0.53968254, 0.84126984, 0.31746032,
       0.93650794, 0.11111111, 0.61904762, 0.65079365, 0.6031746,
       0.95238095, 0.23809524, 0.58730159, 0.41269841, 0.57142857,
       0.68253968, 0.3968254, 0.26984127, 0.82539683, 0.88888889,
       0.34920635, 0.92063492, 0.079365079, 0.047619048, 0.85714286,
       0.96825397, 0.12698413, 0.15873016, 0.74603175, 0.031746032,
       0.52380952, 0.63492063, 0.28571429, 0.50793651, 0.19047619,
       0.47619048, 0.76190476, 0.3015873, 0.063492063, 0.22222222,
       0.17460317, 0.55555556, 0.14285714, 0.80952381, 0.095238095,
       0.66666667, 0.44444444, 0.87301587, 0.49206349, 0.46031746,
       0.42857143, 0.98412698, 0.38095238, 0.25396825, 0.015873016,
       0.79365079, 0.20634921]), 'tneg': array([ 3, 10,  9,  9,  9,  4, 10,  9,  7, 10,  3, 10,  2,  9,  9,  9, 10,
        3,  9,  5,  8,  9,  5,  3, 10, 10,  3, 10,  0,  0, 10, 10,  2,  2,
        9,  0,  7,  9,  3,  7,  3,  5,  9,  3,  0,  3,  3,  8,  2, 10,  2,
        9,  5, 10,  6,  5,  5, 10,  5,  3,  0, 10,  3]), 'fpos': array([ 8,  1,  2,  2,  2,  7,  1,  2,  4,  1,  8,  1,  9,  2,  2,  2,  1,
        8,  2,  6,  3,  2,  6,  8,  1,  1,  8,  1, 11, 11,  1,  1,  9,  9,
        2, 11,  4,  2,  8,  4,  8,  6,  2,  8, 11,  8,  8,  3,  9,  1,  9,
        2,  6,  1,  5,  6,  6,  1,  6,  8, 11,  1,  8]), 'threshold': [155.83663738257388, 340.65098843591829, 182.34755814535851, 189.95465791111914, 182.02615038630674, 156.62863283984805, 217.27365138939064, 181.64817488589642, 163.99754920497531, 198.37629653381561, 154.53742878064375, 226.54337584255404, 140.572199738259, 177.15041424794853, 178.82381214152525, 176.30180854432459, 227.73071905546888, 147.31262795631002, 173.91310021594632, 158.34291309631311, 169.26784533009644, 179.36727586806376, 157.44309122189898, 149.24973369508888, 198.32377394456128, 216.16628937184291, 155.87808044635432, 222.53529721164011, 130.16967860276142, 123.48292371403433, 200.85238878010867, 242.06086922327097, 143.44209266269422, 144.43833002925248, 184.9705065832909, 118.05584866114658, 163.40709900769153, 178.668236760295, 150.13549971616791, 162.85991760085184, 145.84784787454723, 159.9993834495919, 185.39939555424274, 150.83308221046363, 129.52877594188212, 145.98873248956843, 145.74009300037068, 166.44926782459044, 143.67917300011536, 197.35100891839505, 140.27825126379435, 179.04274834974436, 159.44482102002638, 201.05035479673052, 160.22634101114952, 159.51800421851138, 158.83586891554646, 246.05009018423243, 157.16940009996017, 148.24378933604569, 116.74019224930888, 192.3379009216761, 145.8667396700929], 'fneg': array([0, 6, 2, 5, 2, 0, 5, 2, 0, 5, 0, 5, 0, 1, 2, 1, 5, 0, 1, 0, 1, 2, 0,
       0, 5, 5, 0, 5, 0, 0, 5, 5, 0, 0, 2, 0, 0, 2, 0, 0, 0, 0, 2, 0, 0, 0,
       0, 0, 0, 5, 0, 2, 0, 5, 0, 0, 0, 5, 0, 0, 0, 5, 0]), 'sensitivity': array([1, 1, 1, 1, 1, 1, 1, 1, 1, 1, 1, 1, 1, 1, 1, 1, 1, 1, 1, 1, 1, 1, 1,
       1, 1, 1, 1, 1, 1, 1, 1, 1, 1, 1, 1, 1, 1, 1, 1, 1, 1, 1, 1, 1, 1, 1,
       1, 1, 1, 1, 1, 1, 1, 1, 1, 1, 1, 1, 1, 1, 1, 1, 1]), 'tpos': array([6, 0, 4, 1, 4, 6, 1, 4, 6, 1, 6, 1, 6, 5, 4, 5, 1, 6, 5, 6, 5, 4, 6,
       6, 1, 1, 6, 1, 6, 6, 1, 1, 6, 6, 4, 6, 6, 4, 6, 6, 6, 6, 4, 6, 6, 6,
       6, 6, 6, 1, 6, 4, 6, 1, 6, 6, 6, 1, 6, 6, 6, 1, 6])}, {'specificity': array([0.19512195, 0.48780488, 0.073170732, 0.87804878, 0.70731707,
       0.14634146, 0.097560976, 0.29268293, 0.24390244, 0.17073171,
       0.92682927, 0.46341463, 0.3902439, 0.63414634, 0.43902439,
       0.36585366, 1.0, 0.024390244, 0.58536585, 0.68292683, 0.34146341,
       0.6097561, 0.90243902, 0.73170732, 0.82926829, 0.26829268,
       0.65853659, 0.95121951, 0.41463415, 0.31707317, 0.2195122,
       0.53658537, 0.51219512, 0.7804878, 0.85365854, 0.75609756,
       0.56097561, 0.80487805, 0.97560976, 0.12195122, 0.048780488]), 'tneg': array([ 5,  7,  2, 12,  9,  4,  2,  5,  5,  5, 12,  6,  5,  8,  6,  5, 14,
        2,  8,  8,  5,  8, 12, 10, 12,  5,  8, 12,  5,  5,  5,  8,  8, 12,
       12, 10,  8, 12, 14,  4,  2]), 'fpos': array([ 9,  7, 12,  2,  5, 10, 12,  9,  9,  9,  2,  8,  9,  6,  8,  9,  0,
       12,  6,  6,  9,  6,  2,  4,  2,  9,  6,  2,  9,  9,  9,  6,  6,  2,
        2,  4,  6,  2,  0, 10, 12]), 'threshold': [2.0511809054893027, 2.0564260608861744, 2.0500164672648213, 2.0688414239090807, 2.0594127475034969, 2.0508333306141195, 2.0501262782720597, 2.0526351814203889, 2.0518010401154063, 2.0510963394950923, 2.0803604449865403, 2.0561657396871973, 2.0536437340891407, 2.0582684188996589, 2.0546751800491738, 2.0535316193544779, 2.0976202588174058, 2.049985558921875, 2.0576443967335267, 2.0586830418417619, 2.0533882603166189, 2.0578825445560422, 2.0755392714244336, 2.0617043803590955, 2.0675190363730516, 2.0522817992323228, 2.0583957478341883, 2.0810403805370403, 2.0543747835918733, 2.0529447927873878, 2.0512262121286526, 2.0571319613645223, 2.0571178030397252, 2.0673935792170548, 2.0686436393108161, 2.0630566683573228, 2.0572556907249506, 2.06740457644387, 2.0970414736508629, 2.0505050677419536, 2.0499886545556016], 'fneg': array([0, 1, 0, 2, 1, 0, 0, 0, 0, 0, 2, 1, 1, 1, 1, 1, 2, 0, 1, 1, 0, 1, 2,
       1, 2, 0, 1, 2, 1, 0, 0, 1, 1, 2, 2, 2, 1, 2, 2, 0, 0]), 'sensitivity': array([0.82608696, 0.7826087, 0.86956522, 0.52173913, 0.7826087,
       0.86956522, 0.86956522, 0.7826087, 0.7826087, 0.82608696,
       0.34782609, 0.7826087, 0.7826087, 0.7826087, 0.7826087, 0.7826087,
       0.0, 0.91304348, 0.7826087, 0.7826087, 0.7826087, 0.7826087,
       0.43478261, 0.69565217, 0.52173913, 0.7826087, 0.7826087,
       0.34782609, 0.7826087, 0.7826087, 0.82608696, 0.7826087, 0.7826087,
       0.52173913, 0.52173913, 0.69565217, 0.7826087, 0.52173913, 0.0,
       0.86956522, 0.86956522]), 'tpos': array([2, 1, 2, 0, 1, 2, 2, 2, 2, 2, 0, 1, 1, 1, 1, 1, 0, 2, 1, 1, 2, 1, 0,
       1, 0, 2, 1, 0, 1, 2, 2, 1, 1, 0, 0, 0, 1, 0, 0, 2, 2])}, {'specificity': array([0.52631579, 0.84210526, 0.65789474, 0.97368421, 0.92105263,
       0.68421053, 0.65789474, 0.52631579, 0.52631579, 0.57894737,
       0.52631579, 0.52631579, 0.52631579, 0.52631579, 0.76315789,
       0.57894737, 0.86842105, 1.0, 0.73684211, 0.52631579, 0.52631579,
       0.52631579, 0.52631579, 0.52631579, 0.73684211, 0.81578947,
       0.81578947, 0.94736842, 0.52631579, 0.52631579, 0.52631579,
       0.52631579, 0.52631579, 0.89473684, 0.52631579, 0.60526316,
       0.52631579, 0.52631579]), 'tneg': array([ 8, 11,  9, 15, 15, 10,  9,  8,  8,  9,  8,  8,  8,  8, 11,  9, 14,
       15, 11,  8,  8,  8,  8,  8, 11, 11, 11, 15,  8,  8,  8,  8,  8, 15,
        8,  9,  8,  8]), 'fpos': array([7, 4, 6, 0, 0, 5, 6, 7, 7, 6, 7, 7, 7, 7, 4, 6, 1, 0, 4, 7, 7, 7, 7,
       7, 4, 4, 4, 0, 7, 7, 7, 7, 7, 0, 7, 6, 7, 7]), 'threshold': [2.023792610390625, 2.0398713551361141, 2.0267160185261686, 2.129035303270189, 2.0603352120849179, 2.0274468705600541, 2.0267160185261686, 2.023792610390625, 2.023792610390625, 2.024523462424511, 2.023792610390625, 2.023792610390625, 2.023792610390625, 2.023792610390625, 2.0303702786955977, 2.024523462424511, 2.0537575437799451, 2.207967322929862, 2.0296394266617117, 2.023792610390625, 2.023792610390625, 2.023792610390625, 2.023792610390625, 2.023792610390625, 2.0296394266617117, 2.0391405031022281, 2.0391405031022281, 2.0844533292031513, 2.023792610390625, 2.023792610390625, 2.023792610390625, 2.023792610390625, 2.023792610390625, 2.0588735080171463, 2.023792610390625, 2.0259851664922826, 2.023792610390625, 2.023792610390625], 'fneg': array([0, 0, 0, 1, 1, 0, 0, 0, 0, 0, 0, 0, 0, 0, 0, 0, 1, 1, 0, 0, 0, 0, 0,
       0, 0, 0, 0, 1, 0, 0, 0, 0, 0, 1, 0, 0, 0, 0]), 'sensitivity': array([0.76923077, 0.5, 0.69230769, 0.11538462, 0.38461538, 0.61538462,
       0.69230769, 0.76923077, 0.76923077, 0.69230769, 0.76923077,
       0.76923077, 0.76923077, 0.76923077, 0.57692308, 0.69230769,
       0.42307692, 0.0, 0.57692308, 0.76923077, 0.76923077, 0.76923077,
       0.76923077, 0.76923077, 0.57692308, 0.5, 0.5, 0.23076923,
       0.76923077, 0.76923077, 0.76923077, 0.76923077, 0.76923077,
       0.42307692, 0.76923077, 0.69230769, 0.76923077, 0.76923077]), 'tpos': array([1, 1, 1, 0, 0, 1, 1, 1, 1, 1, 1, 1, 1, 1, 1, 1, 0, 0, 1, 1, 1, 1, 1,
       1, 1, 1, 1, 0, 1, 1, 1, 1, 1, 0, 1, 1, 1, 1])}, {'specificity': array([0.984375, 0.796875, 0.171875, 0.34375, 0.765625, 0.703125, 0.78125,
       0.84375, 0.328125, 0.90625, 0.625, 0.65625, 0.578125, 0.921875,
       0.46875, 0.265625, 0.609375, 0.390625, 0.59375, 0.734375, 0.515625,
       0.296875, 0.359375, 0.890625, 0.0625, 0.03125, 0.078125, 0.96875,
       0.875, 0.9375, 0.3125, 0.109375, 0.203125, 0.71875, 0.375, 0.5,
       0.671875, 0.484375, 0.21875, 0.75, 0.28125, 0.046875, 0.09375,
       0.15625, 0.140625, 0.53125, 0.1875, 0.828125, 0.125, 0.546875,
       0.6875, 0.453125, 0.859375, 0.4375, 0.40625, 0.640625, 0.953125,
       0.421875, 0.234375, 0.015625, 1.0, 0.5625, 0.8125, 0.25]), 'tneg': array([11,  9,  2,  3,  9,  9,  9, 10,  3, 11,  7,  7,  7, 11,  6,  2,  7,
        3,  7,  9,  6,  3,  3, 11,  1,  1,  1, 11, 10, 11,  3,  1,  2,  9,
        3,  6,  9,  6,  2,  9,  2,  1,  1,  2,  2,  7,  2, 10,  2,  7,  9,
        5, 10,  4,  3,  7, 11,  3,  2,  0, 11,  7,  9,  2]), 'fpos': array([ 0,  2,  9,  8,  2,  2,  2,  1,  8,  0,  4,  4,  4,  0,  5,  9,  4,
        8,  4,  2,  5,  8,  8,  0, 10, 10, 10,  0,  1,  0,  8, 10,  9,  2,
        8,  5,  2,  5,  9,  2,  9, 10, 10,  9,  9,  4,  9,  1,  9,  4,  2,
        6,  1,  7,  8,  4,  0,  8,  9, 11,  0,  4,  2,  9]), 'threshold': [858.8181071252701, 480.80747103868805, 365.66891350477982, 392.97513503913927, 475.49773486663867, 457.48482704095767, 476.38542141580336, 500.21840999873888, 390.50996265012526, 565.867676771798, 442.33907158723491, 444.71353362706321, 425.00222840887079, 575.88881883508247, 408.237436423488, 372.720959289381, 442.14225395074806, 398.11229951635369, 427.4721911046293, 468.15975790386744, 410.21491668020423, 380.62155845846365, 394.79780238719394, 562.73883586018439, 324.84554294617874, 309.00524207144895, 343.73345940179371, 669.81398082578016, 507.60459005676535, 609.35867348588476, 382.30970962904922, 356.00444191702263, 367.70475253192575, 463.63518890443595, 397.41105734022244, 409.8286723616817, 453.64959147850391, 408.82349001147952, 368.11793900709449, 468.59310521325051, 376.72593276864956, 319.16205815844557, 348.24281673584989, 365.61403977674718, 365.32003374072747, 416.36641380695289, 366.46567633241864, 499.16186102207342, 361.50332215208033, 419.3910646481956, 453.72976122143262, 405.82881650971734, 504.69178569801852, 402.69021493618646, 399.31491507025953, 444.033370723959, 626.72318339359845, 400.97987266540866, 371.78407670657293, 288.937501430831, 931.5509656728143, 424.17617263761463, 486.52039848466745, 371.98188900572279], 'fneg': array([5, 4, 0, 1, 4, 3, 4, 4, 0, 5, 1, 2, 1, 5, 1, 0, 1, 1, 1, 3, 1, 0, 1,
       5, 0, 0, 0, 5, 4, 5, 0, 0, 0, 3, 1, 1, 3, 1, 0, 3, 0, 0, 0, 0, 0, 1,
       0, 4, 0, 1, 3, 1, 4, 1, 1, 2, 5, 1, 0, 0, 5, 1, 4, 0]), 'sensitivity': array([1, 1, 1, 1, 1, 1, 1, 1, 1, 1, 1, 1, 1, 1, 1, 1, 1, 1, 1, 1, 1, 1, 1,
       1, 1, 1, 1, 1, 1, 1, 1, 1, 1, 1, 1, 1, 1, 1, 1, 1, 1, 1, 1, 1, 1, 1,
       1, 1, 1, 1, 1, 1, 1, 1, 1, 1, 1, 1, 1, 1, 1, 1, 1, 1]), 'tpos': array([0, 1, 5, 4, 1, 2, 1, 1, 5, 0, 4, 3, 4, 0, 4, 5, 4, 4, 4, 2, 4, 5, 4,
       0, 5, 5, 5, 0, 1, 0, 5, 5, 5, 2, 4, 4, 2, 4, 5, 2, 5, 5, 5, 5, 5, 4,
       5, 1, 5, 4, 2, 4, 1, 4, 4, 3, 0, 4, 5, 5, 0, 4, 1, 5])}, {'specificity': array([0.93333333, 0.2, 0.46666667, 0.088888889, 0.84444444, 0.91111111,
       0.66666667, 0.44444444, 0.24444444, 0.88888889, 0.42222222,
       0.33333333, 0.57777778, 0.68888889, 0.48888889, 0.17777778, 0.4,
       0.31111111, 0.066666667, 0.95555556, 1.0, 0.066666667, 0.62222222,
       0.73333333, 0.28888889, 0.55555556, 0.86666667, 0.71111111,
       0.82222222, 0.6, 0.75555556, 0.37777778, 0.64444444, 0.35555556,
       0.26666667, 0.22222222, 0.51111111, 0.77777778, 0.53333333,
       0.11111111, 0.13333333, 0.8, 0.97777778, 0.15555556, 0.066666667]), 'tneg': array([9, 2, 4, 1, 8, 9, 6, 4, 4, 8, 4, 4, 6, 6, 4, 1, 4, 4, 0, 9, 9, 0, 6,
       7, 4, 6, 8, 6, 7, 6, 7, 4, 6, 4, 4, 2, 4, 7, 5, 1, 1, 7, 9, 1, 0]), 'fpos': array([0, 7, 5, 8, 1, 0, 3, 5, 5, 1, 5, 5, 3, 3, 5, 8, 5, 5, 9, 0, 0, 9, 3,
       2, 5, 3, 1, 3, 2, 3, 2, 5, 3, 5, 5, 7, 5, 2, 4, 8, 8, 2, 0, 8, 9]), 'threshold': [2.47204043742636, 1.960767707914004, 2.0226124225620503, 1.9470380194168278, 2.1689998077406645, 2.3630421483114228, 2.0578279247951423, 2.0214347998696662, 1.9779148223791321, 2.3048185810005055, 2.0195430205997766, 1.9898064914121738, 2.0443353453359809, 2.0644477375080252, 2.0297551201224886, 1.9578935389305254, 2.0019680912593758, 1.9884845660832891, 1.9466735845230769, 2.4833288648495593, 2.5083260427403253, 1.9466735845230769, 2.0492240923035476, 2.1049549023055016, 1.9867942446118083, 2.0397855680910175, 2.2479729623949973, 2.0848481690603786, 2.1534077663935909, 2.0458366586482803, 2.1370811963320944, 1.9998737224056931, 2.0503711567905549, 1.9984261688991489, 1.9815653961362536, 1.9613019106154026, 2.0307686339341466, 2.1519285228962857, 2.0323944436387209, 1.9485976196764197, 1.9510376720036056, 2.1520581892841961, 2.501501687547969, 1.9527990226281282, 1.9466735845230769], 'fneg': array([5, 2, 2, 1, 4, 4, 2, 2, 2, 4, 2, 2, 2, 2, 2, 2, 2, 2, 1, 6, 6, 1, 2,
       2, 2, 2, 4, 2, 4, 2, 4, 2, 2, 2, 2, 2, 2, 4, 2, 1, 1, 4, 6, 1, 1]), 'sensitivity': array([0.15, 0.8, 0.7, 0.9, 0.45, 0.2, 0.7, 0.7, 0.75, 0.25, 0.7, 0.7, 0.7,
       0.7, 0.7, 0.8, 0.7, 0.7, 0.95, 0.1, 0.0, 0.95, 0.7, 0.55, 0.75, 0.7,
       0.35, 0.6, 0.45, 0.7, 0.5, 0.7, 0.7, 0.7, 0.75, 0.8, 0.7, 0.45, 0.7,
       0.85, 0.85, 0.45, 0.0, 0.85, 0.95]), 'tpos': array([1, 4, 4, 5, 2, 2, 4, 4, 4, 2, 4, 4, 4, 4, 4, 4, 4, 4, 5, 0, 0, 5, 4,
       4, 4, 4, 2, 4, 2, 4, 2, 4, 4, 4, 4, 4, 4, 2, 4, 5, 5, 2, 0, 5, 5])}], <Model object at 0x00000000000013B5>)
#lasso
([{'specificity': array([1.0, 0.47368421, 0.052631579, 0.55263158, 0.42105263, 0.63157895,
       0.73684211, 0.94736842, 0.15789474, 0.68421053, 0.23684211,
       0.34210526, 0.10526316, 0.078947368, 0.81578947, 0.28947368,
       0.60526316, 0.31578947, 0.89473684, 0.57894737, 0.76315789,
       0.65789474, 0.78947368, 0.18421053, 0.39473684, 0.92105263,
       0.84210526, 0.36842105, 0.44736842, 0.86842105, 0.71052632,
       0.026315789, 0.26315789, 0.13157895, 0.5, 0.97368421, 0.52631579,
       0.21052632]), 'tneg': array([11,  4,  1,  5,  4,  7,  7, 11,  1,  7,  2,  3,  1,  1,  8,  2,  5,
        3, 11,  5,  8,  7,  8,  1,  4, 11, 11,  3,  4, 11,  7,  1,  2,  1,
        4, 11,  4,  1]), 'fpos': array([ 1,  8, 11,  7,  8,  5,  5,  1, 11,  5, 10,  9, 11, 11,  4, 10,  7,
        9,  1,  7,  4,  5,  4, 11,  8,  1,  1,  9,  8,  1,  5, 11, 10, 11,
        8,  1,  8, 11]), 'threshold': [3.5900962915305845, 1.7449018510328953, 0.46073068054838173, 1.805326868509187, 1.6082260103023742, 2.0435092716087286, 2.1693880680570068, 3.2508515565656531, 0.80699327005039967, 2.1288170312981074, 1.068701374831974, 1.2363671230230144, 0.60762943230214028, 0.48026305367569688, 2.6287888681897882, 1.1352518898203767, 1.9167925549311995, 1.216822399758565, 2.9154981814477576, 1.8909841817006805, 2.2646415077918993, 2.0783089528620344, 2.6220150804579703, 0.92083947070999428, 1.4751980858507228, 2.9191672135372668, 2.7949227559384204, 1.3368710093515754, 1.7344825383256717, 2.8555652365895776, 2.1620481613680504, 0.44861086669570072, 1.0769456792486705, 0.75374078212682383, 1.7516571583615004, 3.3734904288578651, 1.7850962466809188, 0.94308829029053154], 'fneg': array([4, 0, 0, 0, 0, 1, 1, 3, 0, 1, 0, 0, 0, 0, 2, 0, 1, 0, 3, 1, 1, 1, 2,
       0, 0, 3, 2, 0, 0, 2, 1, 0, 0, 0, 0, 4, 0, 0]), 'sensitivity': array([0.0, 0.36, 0.88, 0.36, 0.44, 0.36, 0.32, 0.04, 0.8, 0.32, 0.72,
       0.68, 0.8, 0.84, 0.16, 0.68, 0.36, 0.68, 0.08, 0.36, 0.32, 0.32,
       0.16, 0.76, 0.48, 0.08, 0.12, 0.52, 0.36, 0.12, 0.32, 0.88, 0.72,
       0.8, 0.36, 0.04, 0.36, 0.76]), 'tpos': array([1, 5, 5, 5, 5, 4, 4, 2, 5, 4, 5, 5, 5, 5, 3, 5, 4, 5, 2, 4, 4, 4, 3,
       5, 5, 2, 3, 5, 5, 3, 4, 5, 5, 5, 5, 1, 5, 5])}, {'specificity': array([0.390625, 0.96875, 0.765625, 0.171875, 0.75, 0.546875, 0.84375,
       0.234375, 0.78125, 0.578125, 0.28125, 0.125, 0.640625, 0.890625,
       0.109375, 0.703125, 0.515625, 0.328125, 0.265625, 0.671875,
       0.421875, 0.5625, 0.484375, 0.859375, 0.375, 0.875, 0.359375,
       0.0625, 0.046875, 0.828125, 0.921875, 0.953125, 0.984375, 0.90625,
       0.34375, 0.609375, 0.25, 0.3125, 0.4375, 0.46875, 0.6875, 0.53125,
       0.203125, 0.03125, 0.40625, 0.734375, 0.09375, 0.140625, 0.15625,
       0.59375, 0.21875, 0.71875, 0.5, 0.8125, 0.65625, 0.9375, 0.453125,
       0.078125, 0.015625, 1.0, 0.1875, 0.625, 0.796875, 0.296875]), 'tneg': array([ 2, 12,  8,  0,  8,  4, 11,  0,  8,  4,  1,  0,  5, 11,  0,  6,  4,
        1,  1,  6,  3,  4,  4, 11,  2, 11,  2,  0,  0, 11, 12, 12, 12, 11,
        1,  4,  1,  1,  3,  4,  6,  4,  0,  0,  3,  8,  0,  0,  0,  4,  0,
        7,  4, 11,  5, 12,  4,  0,  0, 12,  0,  5,  9,  1]), 'fpos': array([10,  0,  4, 12,  4,  8,  1, 12,  4,  8, 11, 12,  7,  1, 12,  6,  8,
       11, 11,  6,  9,  8,  8,  1, 10,  1, 10, 12, 12,  1,  0,  0,  0,  1,
       11,  8, 11, 11,  9,  8,  6,  8, 12, 12,  9,  4, 12, 12, 12,  8, 12,
        5,  8,  1,  7,  0,  8, 12, 12,  0, 12,  7,  3, 11]), 'threshold': [101.92464361061697, 196.053200971357, 122.69731906169874, 94.794416992730916, 122.45620442501497, 105.94316007611349, 140.05046748439111, 95.737528077472035, 122.87125596137285, 106.79690916561168, 96.836206331281915, 93.083363389076425, 112.22831261397182, 144.93920802256574, 91.100846615706587, 117.09656968230664, 105.59526110153907, 98.4543946231676, 96.43601131819004, 114.38854194174579, 102.86186579232087, 105.94565360027821, 104.98181300702292, 140.2468077480668, 101.9177871325374, 144.88581507449482, 101.88624413403971, 83.870485029212631, 79.863762316069426, 130.30316402261988, 158.13639270848151, 185.93951538768397, 224.71783665009917, 145.58165927903943, 98.856808237850814, 107.79308525555916, 96.333280135614061, 97.093043212575864, 103.00723318408001, 104.92840352991846, 116.18243909897052, 105.75507232237395, 95.193553478240048, 75.476468590166249, 102.78304303907017, 120.26467820075537, 89.90316072591844, 93.7530597295274, 93.753788705372841, 107.24314024184162, 95.600714671102736, 117.54124199833967, 105.44310778501129, 129.91988328734229, 113.63036018734802, 162.0374388120336, 104.27913631198372, 88.621192138651438, 74.248142761765109, 239.62044756233473, 95.178509313635331, 109.06139503257909, 125.55889638974956, 96.923603820687887], 'fneg': array([1, 4, 4, 1, 4, 1, 4, 1, 4, 1, 1, 1, 1, 4, 1, 3, 1, 1, 1, 2, 1, 1, 1,
       4, 1, 4, 1, 1, 0, 4, 4, 4, 4, 4, 1, 1, 1, 1, 1, 1, 3, 1, 1, 0, 1, 4,
       1, 1, 1, 1, 1, 3, 1, 4, 1, 4, 1, 1, 0, 4, 1, 1, 4, 1]), 'sensitivity': array([1, 1, 1, 1, 1, 1, 1, 1, 1, 1, 1, 1, 1, 1, 1, 1, 1, 1, 1, 1, 1, 1, 1,
       1, 1, 1, 1, 1, 1, 1, 1, 1, 1, 1, 1, 1, 1, 1, 1, 1, 1, 1, 1, 1, 1, 1,
       1, 1, 1, 1, 1, 1, 1, 1, 1, 1, 1, 1, 1, 1, 1, 1, 1, 1]), 'tpos': array([3, 0, 0, 3, 0, 3, 0, 3, 0, 3, 3, 3, 3, 0, 3, 1, 3, 3, 3, 2, 3, 3, 3,
       0, 3, 0, 3, 3, 4, 0, 0, 0, 0, 0, 3, 3, 3, 3, 3, 3, 1, 3, 3, 4, 3, 0,
       3, 3, 3, 3, 3, 1, 3, 0, 3, 0, 3, 3, 4, 0, 3, 3, 0, 3])}, {'specificity': array([0.86956522, 0.26086957, 0.086956522, 0.2173913, 0.47826087,
       0.7826087, 0.65217391, 0.60869565, 0.43478261, 1.0, 0.17391304,
       0.82608696, 0.34782609, 0.56521739, 0.13043478, 0.52173913,
       0.39130435, 0.043478261, 0.91304348, 0.95652174, 0.73913043,
       0.69565217, 0.30434783]), 'tneg': array([13, 12,  1, 12, 13, 13, 13, 13, 13, 14,  8, 13, 13, 13,  7, 13, 13,
        1, 13, 14, 13, 13, 13]), 'fpos': array([ 1,  2, 13,  2,  1,  1,  1,  1,  1,  0,  6,  1,  1,  1,  7,  1,  1,
       13,  1,  0,  1,  1,  1]), 'threshold': [4.0634798301401087, 1.3739963961591917, -1.3295456405132915, 1.3474895228345107, 2.6665616964938796, 3.419538917803024, 2.9324710098257873, 2.8689841486324568, 2.5220303017386794, 4.7135448360231775, 0.93327342191290086, 3.6158445028384794, 1.8887230586712216, 2.7504187073626625, 0.42362712660735879, 2.7138173648180963, 2.093367307237755, -1.380336502511389, 4.0814990202994315, 4.3001319157945854, 3.3091232930734, 3.2849430813283726, 1.5351508709052577], 'fneg': array([2, 0, 0, 0, 1, 2, 2, 2, 1, 2, 0, 2, 1, 1, 0, 1, 1, 0, 2, 2, 2, 2, 0]), 'sensitivity': array([0.0, 0.26829268, 0.85365854, 0.26829268, 0.073170732, 0.048780488,
       0.073170732, 0.073170732, 0.073170732, 0.0, 0.31707317, 0.024390244,
       0.17073171, 0.073170732, 0.46341463, 0.073170732, 0.14634146,
       0.85365854, 0.0, 0.0, 0.048780488, 0.048780488, 0.24390244]), 'tpos': array([0, 2, 2, 2, 1, 0, 0, 0, 1, 0, 2, 0, 1, 1, 2, 1, 1, 2, 0, 0, 0, 0, 2])}, {'specificity': array([0.77192982, 0.78947368, 0.75438596, 0.35087719, 0.087719298,
       0.38596491, 0.29824561, 0.84210526, 0.12280702, 0.68421053,
       0.64912281, 0.070175439, 0.36842105, 0.71929825, 0.22807018,
       0.10526316, 0.14035088, 0.9122807, 0.59649123, 0.57894737,
       0.8245614, 0.43859649, 0.28070175, 0.50877193, 0.47368421,
       0.45614035, 0.42105263, 0.96491228, 0.98245614, 0.94736842, 1.0,
       0.052631579, 0.19298246, 0.21052632, 0.63157895, 0.40350877,
       0.85964912, 0.24561404, 0.15789474, 0.26315789, 0.52631579,
       0.1754386, 0.80701754, 0.92982456, 0.70175439, 0.61403509,
       0.66666667, 0.49122807, 0.33333333, 0.89473684, 0.01754386,
       0.73684211, 0.87719298, 0.56140351, 0.54385965, 0.31578947,
       0.035087719]), 'tneg': array([11, 11, 11,  7,  4,  7,  6, 11,  4, 10, 10,  4,  7, 11,  5,  4,  4,
       12,  9,  8, 11,  8,  6,  8,  8,  8,  8, 12, 12, 12, 12,  4,  5,  5,
       10,  7, 11,  5,  5,  6,  8,  5, 11, 12, 10, 10, 10,  8,  7, 12,  1,
       11, 11,  8,  8,  6,  4]), 'fpos': array([ 1,  1,  1,  5,  8,  5,  6,  1,  8,  2,  2,  8,  5,  1,  7,  8,  8,
        0,  3,  4,  1,  4,  6,  4,  4,  4,  4,  0,  0,  0,  0,  8,  7,  7,
        2,  5,  1,  7,  7,  6,  4,  7,  1,  0,  2,  2,  2,  4,  5,  0, 11,
        1,  1,  4,  4,  6,  8]), 'threshold': [9.0788726663572668, 9.56266406476504, 9.0019799950771517, 4.2245963838555216, 1.5413505469703894, 4.6514348499434988, 3.6062785870896334, 10.50091002261604, 1.9826588694042011, 8.41178382499706, 8.3212757975816931, 1.1893726925273995, 4.5993403647059878, 8.8480370435859932, 3.1614533703643097, 1.7372968706329282, 2.0334466068180954, 11.626302857711499, 7.5091695476210845, 6.9343414252825522, 9.7260181970411583, 5.753805634216449, 3.5820619054375258, 6.4774969209938149, 5.9178619792139768, 5.8160696202424687, 5.7077154926850815, 14.813519368148921, 24.38963216626577, 12.976784576352857, 26.387671809691316, 1.1309983389477316, 2.5462784972943129, 3.0734975854643678, 8.2245523364471467, 4.9371347542160029, 10.931985724294155, 3.4230925580299836, 2.2861748271758358, 3.5124359678101156, 6.4786473368864925, 2.405401348239629, 9.5959023746134555, 11.753494483154583, 8.45444384674233, 8.2211277354151147, 8.3571527294390151, 6.4488226644716411, 4.1465949048532, 11.523555348824939, -0.34730473472652545, 8.96747165761247, 11.239969003455192, 6.8105452282261831, 6.568551359059053, 3.6354962296127606, 0.83520731844606644], 'fneg': array([4, 4, 4, 2, 0, 2, 2, 4, 0, 4, 4, 0, 2, 4, 2, 0, 0, 4, 3, 2, 4, 2, 2,
       2, 2, 2, 2, 4, 4, 4, 4, 0, 1, 2, 4, 2, 4, 2, 1, 2, 2, 1, 4, 4, 4, 4,
       4, 2, 2, 4, 0, 4, 4, 2, 2, 2, 0]), 'sensitivity': array([0.0, 0.0, 0.0, 0.0, 0.28571429, 0.0, 0.14285714, 0.0, 0.28571429,
       0.0, 0.0, 0.28571429, 0.0, 0.0, 0.28571429, 0.28571429, 0.28571429,
       0.0, 0.0, 0.0, 0.0, 0.0, 0.14285714, 0.0, 0.0, 0.0, 0.0, 0.0, 0.0,
       0.0, 0.0, 0.42857143, 0.28571429, 0.28571429, 0.0, 0.0, 0.0,
       0.14285714, 0.28571429, 0.14285714, 0.0, 0.28571429, 0.0, 0.0, 0.0,
       0.0, 0.0, 0.0, 0.0, 0.0, 0.57142857, 0.0, 0.0, 0.0, 0.0, 0.14285714,
       0.42857143]), 'tpos': array([0, 0, 0, 2, 4, 2, 2, 0, 4, 0, 0, 4, 2, 0, 2, 4, 4, 0, 1, 2, 0, 2, 2,
       2, 2, 2, 2, 0, 0, 0, 0, 4, 3, 2, 0, 2, 0, 2, 3, 2, 2, 3, 0, 0, 0, 0,
       0, 2, 2, 0, 4, 0, 0, 2, 2, 2, 4])}, {'specificity': array([0.85185185, 0.44444444, 0.11111111, 0.40740741, 0.2962963,
       0.59259259, 0.7037037, 0.18518519, 0.66666667, 0.48148148,
       0.62962963, 0.37037037, 0.51851852, 1.0, 0.25925926, 0.81481481,
       0.33333333, 0.55555556, 0.074074074, 0.92592593, 0.22222222,
       0.037037037, 0.96296296, 0.88888889, 0.77777778, 0.74074074,
       0.14814815]), 'tneg': array([12,  9,  2,  9,  9, 11, 12,  7, 12,  9, 12,  9, 11, 12,  9, 12,  9,
       11,  1, 12,  9,  1, 12, 12, 12, 12,  7]), 'fpos': array([ 0,  3, 10,  3,  3,  1,  0,  5,  0,  3,  0,  3,  1,  0,  3,  0,  3,
        1, 11,  0,  3, 11,  0,  0,  0,  0,  5]), 'threshold': [3.2877613146323279, 1.4994628772705672, -0.47958798707804218, 1.4847551579666096, 1.2355372578768153, 2.3682627741023126, 2.8550871550332739, 0.6133822889402778, 2.6346752071798272, 1.5552130160984097, 2.4783350796467936, 1.3932996910865914, 2.340807297852038, 3.7488044728774961, 1.1830234279414662, 3.1204813536996143, 1.2383240502056716, 2.3576560137751339, -0.53779596973776012, 3.4772366312401815, 1.1633877336424967, -0.7814334000588492, 3.4936316187145868, 3.4503285789106513, 2.9084701143519798, 2.8947128937171414, 0.35759532374321257], 'fneg': array([3, 2, 0, 2, 2, 2, 2, 1, 2, 2, 2, 2, 2, 3, 2, 3, 2, 2, 0, 3, 2, 0, 3,
       3, 3, 2, 1]), 'sensitivity': array([0.026315789, 0.28947368, 0.89473684, 0.28947368, 0.42105263,
       0.078947368, 0.026315789, 0.60526316, 0.026315789, 0.26315789,
       0.078947368, 0.36842105, 0.078947368, 0.0, 0.42105263, 0.026315789,
       0.42105263, 0.078947368, 0.92105263, 0.0, 0.42105263, 0.97368421,
       0.0, 0.0, 0.026315789, 0.026315789, 0.71052632]), 'tpos': array([0, 1, 3, 1, 1, 1, 1, 2, 1, 1, 1, 1, 1, 0, 1, 0, 1, 1, 3, 0, 1, 3, 0,
       0, 0, 1, 2])}], <Model object at 0x0000000000001A0C>)
#lasso
([{'specificity': array([0.703125, 0.90625, 0.9375, 0.453125, 0.734375, 0.578125, 0.484375,
       0.15625, 0.625, 0.859375, 0.34375, 0.140625, 0.125, 0.640625, 0.875,
       0.65625, 0.765625, 0.46875, 0.328125, 0.5, 0.890625, 0.84375,
       0.40625, 0.28125, 0.21875, 0.828125, 0.53125, 0.3125, 0.1875,
       0.359375, 0.6875, 0.375, 0.71875, 0.203125, 0.796875, 0.953125, 1.0,
       0.546875, 0.171875, 0.984375, 0.609375, 0.109375, 0.25, 0.03125,
       0.4375, 0.421875, 0.265625, 0.296875, 0.015625, 0.75, 0.78125,
       0.5625, 0.046875, 0.59375, 0.0625, 0.921875, 0.8125, 0.234375,
       0.390625, 0.671875, 0.09375, 0.96875, 0.515625, 0.078125]), 'tneg': array([ 8, 10, 10,  7,  8,  7,  7,  1,  7,  9,  6,  0,  0,  7,  9,  7,  8,
        7,  5,  7,  9,  9,  7,  2,  2,  9,  7,  4,  1,  7,  7,  7,  8,  1,
        9, 10, 10,  7,  1, 10,  7,  0,  2,  0,  7,  7,  2,  2,  0,  8,  9,
        7,  0,  7,  0, 10,  9,  2,  7,  7,  0, 10,  7,  0]), 'fpos': array([ 3,  1,  1,  4,  3,  4,  4, 10,  4,  2,  5, 11, 11,  4,  2,  4,  3,
        4,  6,  4,  2,  2,  4,  9,  9,  2,  4,  7, 10,  4,  4,  4,  3, 10,
        2,  1,  1,  4, 10,  1,  4, 11,  9, 11,  4,  4,  9,  9, 11,  3,  2,
        4, 11,  4, 11,  1,  2,  9,  4,  4, 11,  1,  4, 11]), 'threshold': [146.0948422001232, 197.61829531504756, 226.76293462710285, 122.15229960513852, 147.47658063570822, 129.9474004087229, 126.03878945867925, 96.456845503852435, 133.5512555915241, 185.1555679179134, 115.20174972428619, 95.101996220050012, 94.9288309436477, 134.83213764756238, 186.95064006288817, 135.44174628718105, 159.12712512466084, 122.62438286021379, 113.44677372156025, 126.88236487798203, 188.98095094298981, 182.23539255976439, 120.546028188277, 107.88152762869447, 103.23161437535033, 176.832579624039, 127.71506482863873, 110.68428425885473, 99.08382073961377, 118.64924202326891, 142.83333757241772, 119.1721797202, 146.75742908144164, 99.670045015183661, 172.87157072464348, 255.05897128456806, 362.02159598488066, 129.15437342675028, 98.726183898525619, 293.43214782814204, 132.13035501182844, 89.711580097906733, 106.50686445316546, 74.572970095557849, 121.75353348270082, 120.66257576600809, 106.53302881247952, 107.96837224451411, 67.701681482242023, 157.27569437955091, 167.0952019591, 129.74489025019622, 79.660604461053921, 131.12666260101045, 82.71962837252731, 205.63707880052257, 173.05925682703835, 105.69677709803682, 119.65257716715553, 135.79069373925637, 86.9961270452426, 271.39557855889285, 127.14462507571999, 86.959564590064886], 'fneg': array([4, 6, 6, 2, 4, 3, 2, 0, 3, 5, 2, 0, 0, 3, 5, 4, 5, 2, 2, 2, 6, 5, 2,
       2, 1, 5, 2, 2, 0, 2, 4, 2, 4, 0, 5, 6, 6, 2, 0, 6, 3, 0, 2, 0, 2, 2,
       2, 2, 0, 4, 5, 2, 0, 3, 0, 6, 5, 2, 2, 4, 0, 6, 2, 0]), 'sensitivity': array([1, 1, 1, 1, 1, 1, 1, 1, 1, 1, 1, 1, 1, 1, 1, 1, 1, 1, 1, 1, 1, 1, 1,
       1, 1, 1, 1, 1, 1, 1, 1, 1, 1, 1, 1, 1, 1, 1, 1, 1, 1, 1, 1, 1, 1, 1,
       1, 1, 1, 1, 1, 1, 1, 1, 1, 1, 1, 1, 1, 1, 1, 1, 1, 1]), 'tpos': array([2, 0, 0, 4, 2, 3, 4, 6, 3, 1, 4, 6, 6, 3, 1, 2, 1, 4, 4, 4, 0, 1, 4,
       4, 5, 1, 4, 4, 6, 4, 2, 4, 2, 6, 1, 0, 0, 4, 6, 0, 3, 6, 4, 6, 4, 4,
       4, 4, 6, 2, 1, 4, 6, 3, 6, 0, 1, 4, 4, 2, 6, 0, 4, 6])}, {'specificity': array([0.90566038, 0.71698113, 0.98113208, 0.96226415, 0.37735849,
       0.39622642, 0.45283019, 0.75471698, 0.58490566, 0.83018868,
       0.79245283, 0.8490566, 0.86792453, 0.9245283, 0.20754717,
       0.35849057, 0.26415094, 0.47169811, 0.52830189, 0.18867925,
       0.77358491, 0.67924528, 0.94339623, 0.037735849, 0.094339623,
       0.13207547, 0.43396226, 0.62264151, 0.69811321, 0.41509434,
       0.64150943, 0.88679245, 1.0, 0.49056604, 0.60377358, 0.11320755,
       0.32075472, 0.33962264, 0.22641509, 0.50943396, 0.056603774,
       0.56603774, 0.81132075, 0.075471698, 0.30188679, 0.16981132,
       0.28301887, 0.54716981, 0.1509434, 0.24528302, 0.66037736,
       0.73584906, 0.018867925]), 'tneg': array([11,  9, 11, 11,  4,  4,  4,  9,  6, 11, 10, 11, 11, 11,  3,  4,  3,
        4,  6,  3, 10,  9, 11,  0,  3,  3,  4,  6,  9,  4,  7, 11, 11,  4,
        6,  3,  3,  3,  3,  5,  0,  6, 11,  0,  3,  3,  3,  6,  3,  3,  9,
        9,  0]), 'fpos': array([ 1,  3,  1,  1,  8,  8,  8,  3,  6,  1,  2,  1,  1,  1,  9,  8,  9,
        8,  6,  9,  2,  3,  1, 12,  9,  9,  8,  6,  3,  8,  5,  1,  1,  8,
        6,  9,  9,  9,  9,  7, 12,  6,  1, 12,  9,  9,  9,  6,  9,  9,  3,
        3, 12]), 'threshold': [3.5783438846678832, 2.7559309580147531, 5.6621032310314448, 5.6510189648411631, 2.1569011353470118, 2.1650801733674094, 2.2111338066343191, 2.8597560257953494, 2.3911845614060407, 3.201548768514769, 3.0839110282670612, 3.2416661911865989, 3.3931470452276411, 3.9631737445066637, 2.0479622301100275, 2.1538160319844049, 2.107855758305448, 2.2165817324931312, 2.2967443183920606, 2.043715496162759, 2.997464600690027, 2.7397539091157412, 4.5988797418079272, 1.852087485911551, 1.9761043361310691, 2.0208375751832182, 2.208847748698394, 2.5368801095780671, 2.7504021682051913, 2.2087744868694545, 2.5946759166556266, 3.5210588852376157, 5.8185946486007341, 2.2489999321334126, 2.4080567752614614, 2.013733808632634, 2.1339984242197541, 2.1354701138774241, 2.05768959127592, 2.2805162448510372, 1.893581472514043, 2.3700889257768956, 3.1859947335863041, 1.9417182832413427, 2.1128165804736723, 2.0434299461685073, 2.1116927543835482, 2.3121135777159467, 2.032902495329667, 2.096752129822959, 2.7066043862391282, 2.7805746021475537, 1.1566497625717829], 'fneg': array([3, 1, 4, 4, 0, 0, 0, 1, 0, 2, 2, 2, 2, 3, 0, 0, 0, 0, 0, 0, 1, 1, 4,
       0, 0, 0, 0, 0, 1, 0, 1, 3, 4, 0, 0, 0, 0, 0, 0, 0, 0, 0, 2, 0, 0, 0,
       0, 0, 0, 0, 1, 1, 0]), 'sensitivity': array([0.16666667, 0.25, 0.083333333, 0.083333333, 0.75, 0.75, 0.66666667,
       0.25, 0.41666667, 0.16666667, 0.16666667, 0.16666667, 0.16666667,
       0.083333333, 1.0, 0.75, 0.91666667, 0.58333333, 0.5, 1.0,
       0.16666667, 0.25, 0.083333333, 1.0, 1.0, 1.0, 0.66666667,
       0.33333333, 0.25, 0.66666667, 0.33333333, 0.16666667, 0.083333333,
       0.5, 0.41666667, 1.0, 0.83333333, 0.75, 1.0, 0.5, 1.0, 0.41666667,
       0.16666667, 1.0, 0.83333333, 1.0, 0.91666667, 0.5, 1.0, 0.91666667,
       0.25, 0.25, 1.0]), 'tpos': array([1, 3, 0, 0, 4, 4, 4, 3, 4, 2, 2, 2, 2, 1, 4, 4, 4, 4, 4, 4, 3, 3, 0,
       4, 4, 4, 4, 4, 3, 4, 3, 1, 0, 4, 4, 4, 4, 4, 4, 4, 4, 4, 2, 4, 4, 4,
       4, 4, 4, 4, 3, 3, 4])}, {'specificity': array([0.91176471, 0.52941176, 0.11764706, 0.44117647, 0.47058824,
       0.79411765, 0.17647059, 0.32352941, 0.38235294, 0.058823529,
       0.20588235, 0.55882353, 0.73529412, 0.5, 1.0, 0.76470588,
       0.70588235, 0.23529412, 0.41176471, 0.88235294, 0.61764706,
       0.67647059, 0.088235294, 0.29411765, 0.26470588, 0.35294118,
       0.64705882, 0.97058824, 0.14705882, 0.029411765, 0.94117647,
       0.85294118, 0.82352941, 0.58823529]), 'tneg': array([11,  9,  1,  8,  8, 11,  4,  8,  8,  0,  4,  9, 11,  8, 11, 11, 11,
        4,  8, 11, 10, 11,  0,  5,  4,  8, 10, 11,  3,  0, 11, 11, 11,  9]), 'fpos': array([ 0,  2, 10,  3,  3,  0,  7,  3,  3, 11,  7,  2,  0,  3,  0,  0,  0,
        7,  3,  0,  1,  0, 11,  6,  7,  3,  1,  0,  8, 11,  0,  0,  0,  2]), 'threshold': [3.020869618360738, 1.6847643516566606, 0.20614074628551449, 1.4875755588227537, 1.5497289985463476, 2.69760242127035, 0.70396344174351522, 1.0227400966117783, 1.2088478546050703, 0.13237209747490297, 0.71254866138469941, 1.7264173848144004, 2.4161167242251778, 1.6054458278426171, 3.3653323652040585, 2.5655775118384252, 2.402327436317325, 0.72962242886549311, 1.4483404942018097, 2.8958884451142959, 1.8929845860873431, 2.3858654267673938, 0.1626513652230317, 0.81381838087847891, 0.75956321467284615, 1.1667697015176959, 1.9630872364936689, 3.1624337796556814, 0.34578768364112111, -0.019379355722235037, 3.1423297580432297, 2.7374868452612344, 2.7272083064215238, 1.7760331204598197], 'fneg': array([5, 0, 0, 0, 0, 5, 0, 0, 0, 0, 0, 1, 5, 0, 5, 5, 5, 0, 0, 5, 2, 5, 0,
       0, 0, 0, 3, 5, 0, 0, 5, 5, 5, 1]), 'sensitivity': array([0.032258065, 0.25806452, 0.87096774, 0.35483871, 0.35483871,
       0.064516129, 0.77419355, 0.70967742, 0.48387097, 0.87096774,
       0.77419355, 0.25806452, 0.12903226, 0.35483871, 0.0, 0.064516129,
       0.12903226, 0.77419355, 0.35483871, 0.032258065, 0.22580645,
       0.12903226, 0.87096774, 0.77419355, 0.77419355, 0.58064516,
       0.22580645, 0.0, 0.80645161, 0.93548387, 0.0, 0.032258065,
       0.064516129, 0.22580645]), 'tpos': array([0, 5, 5, 5, 5, 0, 5, 5, 5, 5, 5, 4, 0, 5, 0, 0, 0, 5, 5, 0, 3, 0, 5,
       5, 5, 5, 2, 0, 5, 5, 0, 0, 0, 4])}, {'specificity': array([0.60714286, 0.94642857, 0.98214286, 0.71428571, 0.92857143,
       0.85714286, 0.25, 0.089285714, 0.23214286, 0.17857143, 0.51785714,
       0.35714286, 0.80357143, 0.10714286, 0.46428571, 0.19642857,
       0.071428571, 0.053571429, 0.017857143, 0.125, 0.14285714,
       0.16071429, 0.89285714, 0.28571429, 0.33928571, 0.41071429,
       0.91071429, 0.96428571, 0.375, 0.035714286, 0.30357143, 0.21428571,
       0.5, 0.64285714, 0.58928571, 0.42857143, 0.625, 0.32142857,
       0.57142857, 0.39285714, 0.55357143, 0.83928571, 0.53571429,
       0.76785714, 0.67857143, 0.875, 0.69642857, 0.73214286, 0.75,
       0.82142857, 0.26785714, 1.0, 0.44642857, 0.66071429, 0.78571429,
       0.48214286]), 'tneg': array([10, 12, 12, 11, 12, 12,  4,  1,  4,  1,  9,  6, 12,  1,  8,  2,  1,
        1,  1,  1,  1,  1, 12,  4,  6,  6, 12, 12,  6,  1,  5,  4,  8, 10,
       10,  8, 10,  6,  9,  6,  9, 12,  9, 12, 11, 12, 11, 12, 12, 12,  4,
       12,  8, 10, 12,  8]), 'fpos': array([ 2,  0,  0,  1,  0,  0,  8, 11,  8, 11,  3,  6,  0, 11,  4, 10, 11,
       11, 11, 11, 11, 11,  0,  8,  6,  6,  0,  0,  6, 11,  7,  8,  4,  2,
        2,  4,  2,  6,  3,  6,  3,  0,  3,  0,  1,  0,  1,  0,  0,  0,  8,
        0,  4,  2,  0,  4]), 'threshold': [220.9905352192161, 409.39403223378918, 485.77500364194646, 237.3603819614867, 369.35641566567887, 300.7408947744907, 119.67450294901278, 64.735469513629354, 112.75803086856314, 76.1512515465162, 200.86939518384236, 162.48112637520163, 270.49822478395583, 64.814737193989387, 194.11474089943454, 92.987369297476732, 59.72953521024457, 37.198286415963004, 15.127540874094098, 67.261300728316428, 68.910468725705243, 69.202382971204415, 301.51334796709961, 131.35563460734136, 154.36110327064469, 170.67442085913649, 360.79864957562251, 441.54974205993614, 163.79353248550893, 25.694215945903061, 140.47150944385496, 107.31416357042468, 194.99658837543785, 231.23449414423831, 218.45596579158948, 181.06595733975303, 222.47773989396049, 150.34556941741593, 208.21469627454763, 168.24033108434549, 204.75182247460737, 282.98008351305481, 201.374955572895, 263.91389987150507, 236.18730782653483, 300.76922515176892, 236.54622352976728, 241.18167822855517, 248.14128763281912, 271.87844614251975, 121.69765079634276, 516.11609863236208, 190.56602059376488, 231.89474806390479, 269.95186450367066, 194.4723032553843], 'fneg': array([3, 4, 4, 3, 4, 3, 1, 1, 1, 1, 3, 2, 3, 1, 3, 1, 1, 0, 0, 1, 1, 1, 3,
       2, 2, 3, 4, 4, 2, 0, 2, 1, 3, 3, 3, 3, 3, 2, 3, 2, 3, 3, 3, 3, 3, 3,
       3, 3, 3, 3, 1, 4, 3, 3, 3, 3]), 'sensitivity': array([0.0, 0.0, 0.0, 0.0, 0.0, 0.0, 0.0, 0.0, 0.0, 0.0, 0.0, 0.0, 0.0,
       0.0, 0.0, 0.0, 0.0, 0.0, 0.0, 0.0, 0.0, 0.0, 0.0, 0.0, 0.0, 0.0,
       0.0, 0.0, 0.0, 0.0, 0.0, 0.0, 0.0, 0.0, 0.0, 0.0, 0.0, 0.0, 0.0,
       0.0, 0.0, 0.0, 0.0, 0.0, 0.0, 0.0, 0.0, 0.0, 0.0, 0.0, 0.0, 0.0,
       0.0, 0.0, 0.0, 0.0]), 'tpos': array([1, 0, 0, 1, 0, 1, 3, 3, 3, 3, 1, 2, 1, 3, 1, 3, 3, 4, 4, 3, 3, 3, 1,
       2, 2, 1, 0, 0, 2, 4, 2, 3, 1, 1, 1, 1, 1, 2, 1, 2, 1, 1, 1, 1, 1, 1,
       1, 1, 1, 1, 3, 0, 1, 1, 1, 1])}, {'specificity': array([0.11111111, 0.055555556, 0.88888889, 0.44444444, 0.5, 0.77777778,
       0.72222222, 0.27777778, 0.55555556, 0.83333333, 0.38888889,
       0.33333333, 0.22222222, 0.94444444, 1.0, 0.66666667, 0.61111111,
       0.16666667]), 'tneg': array([ 7,  7, 11,  8,  9, 10, 10,  8,  9, 10,  8,  8,  8, 11, 11,  9,  9,
        8]), 'fpos': array([4, 4, 0, 3, 2, 1, 1, 3, 2, 1, 3, 3, 3, 0, 0, 2, 2, 3]), 'threshold': [0.66078329674043657, -0.054186843082111968, 6.1177762517949335, 3.4757206638061064, 3.6821311024732069, 5.1113175951195569, 4.99941091947487, 1.9642580549831783, 4.2118414456157751, 5.3528269647049971, 3.4757007415741583, 3.0789554900060456, 1.836709270079774, 6.33456050808577, 6.5352776762227895, 4.7359940941046279, 4.6910314495110077, 1.04615001604449], 'fneg': array([4, 4, 4, 4, 4, 4, 4, 4, 4, 4, 4, 4, 4, 4, 4, 4, 4, 4]), 'sensitivity': array([0.27659574, 0.34042553, 0.0, 0.042553191, 0.042553191, 0.0, 0.0,
       0.10638298, 0.0, 0.0, 0.042553191, 0.042553191, 0.12765957, 0.0,
       0.0, 0.0, 0.0, 0.23404255]), 'tpos': array([1, 1, 1, 1, 1, 1, 1, 1, 1, 1, 1, 1, 1, 1, 1, 1, 1, 1])}], <Model object at 0x0000000000002063>)
