# fold = 1
# threshold = 2.22044604925e-16
# requested specificity = 0.842105263158
# actual training-set specificity = 
# tpos = 4
# tneg = 0
# fpos = 17
# fneg = 0
# raw predictions:
[3.3636484935e-05 0.923084549378 1.0 1.0 2.22044604925e-16
 2.22044604925e-16 2.22044604925e-16 2.22044604925e-16 2.22044604925e-16
 2.22044604925e-16 2.22044604925e-16 2.22044604925e-16 2.22044604925e-16
 2.22044604925e-16 2.22044604925e-16 2.22044604925e-16 2.22044604925e-16
 2.22044604925e-16 1.0 2.22044604925e-16 2.22044604925e-16]
# truth:
[3.3837436 3.3837436 2.1580608 2.2367891 1.6042261 1.5024271 1.7024305
 2.0318123 1.8469553 2.2355284 3.3837436 2.3583156 1.9355073 1.4712917
 1.6866363 1.5786392 1.0374265 2.5161386 2.1525941 1.6928469 1.5263393]
# fold = 2
# threshold = 4.07573612027e-08
# requested specificity = 1.0
# actual training-set specificity = 
# tpos = 3
# tneg = 15
# fpos = 0
# fneg = 2
# raw predictions:
[2.22044604925e-16 2.22044604925e-16 2.22044604925e-16 2.22044604925e-16
 1.0 2.22044604925e-16 2.22044604925e-16 2.22044604925e-16
 2.22044604925e-16 2.22044604925e-16 2.22044604925e-16 1.0
 2.22044604925e-16 2.22044604925e-16 2.22044604925e-16 1.0
 2.22044604925e-16 2.22044604925e-16 2.22044604925e-16 2.22044604925e-16]
# truth:
[1.5717088 1.376577 3.3837436 2.4834446 3.3837436 2.2000293 2.1664301
 2.1804126 1.3384565 1.1643529 1.3961993 2.9914033 1.6884198 1.3710679
 2.2000293 2.6190933 0.61278386 1.8000294 2.1195858 1.5024271]
# fold = 3
# threshold = 2.22044604925e-16
# requested specificity = 0.852459016393
# actual training-set specificity = 
# tpos = 7
# tneg = 0
# fpos = 13
# fneg = 0
# raw predictions:
[2.22044604925e-16 2.22044604925e-16 2.22044604925e-16 2.22044604925e-16
 2.22044604925e-16 1.0 2.22044604925e-16 2.22044604925e-16
 2.22044604925e-16 2.22044604925e-16 2.22044604925e-16 2.22044604925e-16
 2.22044604925e-16 2.22044604925e-16 2.22044604925e-16 2.22044604925e-16
 1.0 2.22044604925e-16 2.22044604925e-16 1.0]
# truth:
[2.5366847 2.5779511 1.7767012 0.30103 2.5627685 2.6134189 0.79934055
 1.6532125 1.8709888 2.512551 2.4637437 1.4593925 2.1433271 2.1598678
 0.30103 1.948413 2.6887757 1.9355073 0.70757018 1.666518]
