# fold = 1
# threshold = 0.584591297719
# requested specificity = 0.9
# actual training-set specificity = 0.901639344262
# tpos = 1
# tneg = 16
# fpos = 1
# fneg = 3
# raw predictions:
[-1.57778987684 -3.37183308590 2.50609350333 -3.31280540468 -1.34402062249
 -1.15318366697 -1.88948015601 1.06581350337 -2.03860643791 -3.30901171383
 -1.03495178103 -2.34696571415 -1.04823477957 -2.91935627198 -3.04363932437
 -2.50974637021 -3.52765473222 -0.836881872954 -2.36411325978
 -2.42629131510 -2.75261793701]
# truth:
[2.2000293 0.79934055 3.3837436 1.5024271 1.3031961 2.0318123 1.3961993
 2.0338257 3.3837436 2.2355284 3.3837436 1.4712917 1.39794 0.30103
 2.6887757 1.1643529 1.9355073 0.49136169 1.5024271 1.5263393 0.0]
# fold = 2
# threshold = 0.969669029212
# requested specificity = 0.9
# actual training-set specificity = 0.914285714286
# tpos = 4
# tneg = 11
# fpos = 3
# fneg = 2
# raw predictions:
[-0.942891459686 8.23830073745 1.26499711681 -6.08389620809 1.68201856960
 7.72432765680 -2.99378358579 -5.21204860496 -1.81204534365 -2.95872428533
 2.96584358005 -0.99069566115 -6.76859498934 10.6685117987 -6.52793388397
 -2.50160901654 -1.56614954280 -2.59085878507 -8.34854910639 15.7217700759]
# truth:
[2.5366847 2.5779511 3.3837436 2.0297895 3.3837436 2.2367891 1.3384565
 1.6532125 1.6042261 2.512551 2.2671717 2.2796669 1.6009729 2.7567882
 1.3483049 2.1433271 1.6866363 1.8000294 0.30103 2.1525941]
# fold = 3
# threshold = 0.976700412666
# requested specificity = 0.9
# actual training-set specificity = 0.901408450704
# tpos = 3
# tneg = 14
# fpos = 1
# fneg = 2
# raw predictions:
[4.66964703527 -0.528271274496 -1.57557941589 -8.59435647601 12.3124653149
 6.30457410674 -3.13928641999 -1.28147457823 -6.63023167408 -2.82387010427
 3.63984052462 -2.39576922294 -2.99346998465 -2.67520020006 0.676693533847
 0.586007606046 -6.74586201301 -1.22780005493 -6.99744922477 -5.11565295738]
# truth:
[2.5375673 2.286681 0.30103 2.5627685 1.5263393 2.6134189 1.1643529
 1.687529 1.3579348 1.382017 2.7136585 1.8469553 1.4593925 1.9355073
 2.3380579 1.5786392 1.948413 1.0374265 2.5161386 0.70757018]
# fold = 4
# threshold = 1.0
# requested specificity = 0.9
# actual training-set specificity = 1.0
# tpos = 1
# tneg = 13
# fpos = 1
# fneg = 5
# raw predictions:
[-550.343932640 -256.841892008 -71.0475933344 -271.377620886 -363.441492616
 -286.388197184 -352.037059444 1200.64935404 -206.817732139 -401.190280390
 -406.240362919 -596.951711108 -397.440918279 -278.750264206 -137.668696506
 -146.468009916 -286.695007146 -768.833147105 310.624601560 -861.752778376]
# truth:
[3.2980448 1.5717088 2.4350476 1.376577 1.8920946 1.8469553 2.4834446
 3.3837436 2.1804126 2.4637437 1.6884198 1.9020029 3.3837436 2.3583156
 2.1027766 2.1598678 1.9703469 2.1195858 1.666518 1.6928469]
# fold = 5
# threshold = 0.82342197117
# requested specificity = 0.9
# actual training-set specificity = 0.914285714286
# tpos = 1
# tneg = 11
# fpos = 3
# fneg = 4
# raw predictions:
[-16.4648809157 -0.846665778035 -0.601023853699 -4.81149050975
 3.14177943295 2.45626439360 -0.582736139156 -1.48428987926 -11.7523300275
 -8.78117871135 -4.41321916346 1.88937789535 9.58632675985 -5.01973240603
 -1.32511746852 -0.451929113467 -1.39435659974 -2.74247987222
 -3.29871888374]
# truth:
[3.3837436 1.7767012 2.5880475 1.1172713 2.1580608 2.1664301 2.8121108
 1.8709888 1.1430148 1.7024305 2.3398488 2.9914033 2.0674428 1.3710679
 2.2000293 2.6190933 0.61278386 2.0406023 1.1271048]
# fold = overall performance
# Area under ROC curve = 0.861746361746
# tpos = 10
# tneg = 65
# fpos = 9
# fneg = 16
