# fold = 1
# threshold = 1.93897811702
# requested specificity = 0.682926829268
# actual training-set specificity = 0.702127659574
# tpos = 0
# tneg = 15
# fpos = 0
# fneg = 6
# raw predictions:
[1.865707 1.9086098 1.876534 1.8728981 1.8963412 1.9089193 1.8591083
 1.8456973 1.8381602 1.8897271 1.8917613 1.8897727 1.8137136 1.8588902
 1.8646301 1.85114 1.8668216 1.8784992 1.8857175 1.8411348 1.8220372]
# truth:
[2.5375673 3.2980448 1.7767012 3.3837436 2.0297895 1.8469553 2.6134189
 2.1664301 1.3384565 1.6042261 3.3837436 2.0338257 3.3837436 1.9020029
 1.39794 0.30103 1.948413 1.0374265 1.1643529 0.70757018 1.5024271]
# fold = 2
# threshold = 2.05869045800
# requested specificity = 0.742857142857
# actual training-set specificity = 0.75
# tpos = 2
# tneg = 11
# fpos = 5
# fneg = 2
# raw predictions:
[2.1238086 1.7632772 1.9179631 1.7297865 1.6791877 2.0198225 1.604111
 1.7164092 1.4647422 3.3191861 3.4562066 1.4837953 1.585206 2.2528236
 2.1647694 1.9669422 1.8162164 2.2898988 2.1431772 2.0429331]
# truth:
[2.4350476 0.30103 1.8920946 2.2000293 2.8121108 1.8709888 1.382017
 1.6009729 2.0318123 2.7567882 2.0674428 1.4593925 1.3483049 2.3583156
 1.6866363 1.8000294 2.6887757 1.9355073 1.1271048 1.6928469]
# fold = 3
# threshold = 2.02163778705
# requested specificity = 0.780487804878
# actual training-set specificity = 0.795918367347
# tpos = 2
# tneg = 9
# fpos = 9
# fneg = 0
# raw predictions:
[2.3040306 1.6575182 2.1608003 2.5533499 2.4951491 2.0783823 1.5587191
 1.5311038 1.8178878 1.9787496 2.0805969 2.7603973 2.2955191 1.6706446
 1.7373692 2.1379773 2.2638323 1.8246628 2.0264613 1.5609247]
# truth:
[2.286681 1.5717088 2.5880475 2.1580608 2.2367891 1.5263393 1.6532125
 1.3579348 1.5024271 1.7024305 1.3961993 2.7136585 1.8469553 2.2355284
 2.2000293 2.1433271 2.3380579 2.1195858 1.666518 0.0]
# fold = 4
# threshold = 1.68772426058
# requested specificity = 0.232558139535
# actual training-set specificity = 0.25
# tpos = 0
# tneg = 13
# fpos = 0
# fneg = 7
# raw predictions:
[-56.207161 -68.40934 -210.61253 -51.613533 -90.615139 -610.246 -181.05691
 -137.50759 -90.107112 -135.39307 -74.562163 -76.526773 -50.449177
 -50.606042 -47.627526 -57.241454 -30.371841 -29.588196 -67.387922
 -42.132075]
# truth:
[2.5366847 2.5779511 1.376577 3.3837436 3.3837436 2.1804126 2.2671717
 1.3031961 2.3398488 2.9914033 3.3837436 3.3837436 2.1027766 1.9355073
 1.4712917 0.61278386 0.30103 1.5786392 2.1525941 1.5263393]
# fold = 5
# threshold = 1.99796203817
# requested specificity = 0.756097560976
# actual training-set specificity = 0.77358490566
# tpos = 3
# tneg = 12
# fpos = 0
# fneg = 4
# raw predictions:
[2.0770908 1.8400694 1.9010162 1.8729083 1.8847231 1.8878369 2.0198579
 1.8808601 1.8639139 1.9592659 1.7786131 1.9249265 1.7797993 1.8155621
 2.0383062 1.9309968 1.9133061 1.7723064 1.9489465]
# truth:
[3.3837436 1.1172713 2.5627685 2.4834446 1.1643529 0.79934055 2.512551
 1.687529 1.1430148 2.2796669 2.4637437 1.6884198 1.3710679 2.1598678
 2.6190933 1.9703469 2.0406023 2.5161386 0.49136169]
# fold = overall performance
# Area under ROC curve = 0.506237006237
# tpos = 7
# tneg = 60
# fpos = 14
# fneg = 19
