#adalasso
([{'specificity': array([0.90322581, 0.16129032, 0.9516129, 0.80645161, 0.20967742,
       0.4516129, 0.67741935, 0.30645161, 0.096774194, 0.87096774,
       0.75806452, 0.53225806, 0.91935484, 0.77419355, 0.61290323,
       0.32258065, 0.11290323, 0.83870968, 0.43548387, 0.69354839,
       0.93548387, 0.33870968, 0.5483871, 0.24193548, 0.19354839,
       0.35483871, 0.82258065, 0.41935484, 0.064516129, 0.064516129,
       0.88709677, 0.98387097, 1.0, 0.5, 0.58064516, 0.064516129,
       0.29032258, 0.64516129, 0.17741935, 0.38709677, 0.51612903,
       0.79032258, 0.62903226, 0.27419355, 0.96774194, 0.56451613,
       0.70967742, 0.85483871, 0.40322581, 0.59677419, 0.37096774,
       0.22580645, 0.48387097, 0.46774194, 0.66129032, 0.72580645,
       0.74193548, 0.12903226, 0.14516129, 0.25806452, 0.080645161,
       0.064516129]), 'tneg': array([0, 0, 0, 0, 0, 0, 0, 0, 0, 0, 0, 0, 0, 0, 0, 0, 0, 0, 0, 0, 0, 0, 0,
       0, 0, 0, 0, 0, 0, 0, 0, 0, 0, 0, 0, 0, 0, 0, 0, 0, 0, 0, 0, 0, 0, 0,
       0, 0, 0, 0, 0, 0, 0, 0, 0, 0, 0, 0, 0, 0, 0, 0]), 'fpos': array([13, 13, 13, 13, 13, 13, 13, 13, 13, 13, 13, 13, 13, 13, 13, 13, 13,
       13, 13, 13, 13, 13, 13, 13, 13, 13, 13, 13, 13, 13, 13, 13, 13, 13,
       13, 13, 13, 13, 13, 13, 13, 13, 13, 13, 13, 13, 13, 13, 13, 13, 13,
       13, 13, 13, 13, 13, 13, 13, 13, 13, 13, 13]), 'threshold': [0.26637101002047614, 0.26577068209492083, 0.26651607858267129, 0.26620632286948287, 0.26577941397532334, 0.26586523263342238, 0.26599311665422881, 0.26581613368853935, 0.26576036440616707, 0.26627935803838831, 0.26606843712926931, 0.26588938961842312, 0.2664223069455508, 0.26608183549446945, 0.26591410723087222, 0.26581742228228539, 0.26576216081666854, 0.26625705955402384, 0.26586097296891864, 0.26599621107035337, 0.26649369826104269, 0.26581970736691757, 0.26589538058513207, 0.26578149627434394, 0.2657754260719784, 0.26582993464838756, 0.26623673207048215, 0.26583658361534879, 0.2657598587745385, 0.2657598587745385, 0.26633216898357875, 0.26653046667651187, 0.26653984610472509, 0.26588516897595077, 0.26590216568665931, 0.2657598587745385, 0.26581552747762516, 0.26596455625350202, 0.26577493455513024, 0.2658318962671497, 0.26588906603955703, 0.26617810311787521, 0.26595161174686455, 0.26579742479284557, 0.26651873954045185, 0.26589746424908095, 0.26602412155695404, 0.2662681960699082, 0.26583367728049279, 0.2659037577157104, 0.26583166853671558, 0.26578015518464132, 0.26587678357991157, 0.26587655189814102, 0.26598765847122752, 0.26604473489382052, 0.26606519917696897, 0.26576252826522556, 0.26576591372535913, 0.26578432793740359, 0.26575990941618799, 0.2657598587745385], 'fneg': array([0, 0, 0, 0, 0, 0, 0, 0, 0, 0, 0, 0, 0, 0, 0, 0, 0, 0, 0, 0, 0, 0, 0,
       0, 0, 0, 0, 0, 0, 0, 0, 0, 0, 0, 0, 0, 0, 0, 0, 0, 0, 0, 0, 0, 0, 0,
       0, 0, 0, 0, 0, 0, 0, 0, 0, 0, 0, 0, 0, 0, 0, 0]), 'sensitivity': array([1, 1, 1, 1, 1, 1, 1, 1, 1, 1, 1, 1, 1, 1, 1, 1, 1, 1, 1, 1, 1, 1, 1,
       1, 1, 1, 1, 1, 1, 1, 1, 1, 1, 1, 1, 1, 1, 1, 1, 1, 1, 1, 1, 1, 1, 1,
       1, 1, 1, 1, 1, 1, 1, 1, 1, 1, 1, 1, 1, 1, 1, 1]), 'tpos': array([4, 4, 4, 4, 4, 4, 4, 4, 4, 4, 4, 4, 4, 4, 4, 4, 4, 4, 4, 4, 4, 4, 4,
       4, 4, 4, 4, 4, 4, 4, 4, 4, 4, 4, 4, 4, 4, 4, 4, 4, 4, 4, 4, 4, 4, 4,
       4, 4, 4, 4, 4, 4, 4, 4, 4, 4, 4, 4, 4, 4, 4, 4])}, {'specificity': array([0.88888889, 0.6031746, 0.98412698, 0.71428571, 0.87301587,
       0.79365079, 0.76190476, 0.52380952, 0.55555556, 0.77777778,
       0.84126984, 0.66666667, 0.96825397, 0.82539683, 0.85714286,
       0.95238095, 0.92063492, 0.46031746, 0.6031746, 0.46031746,
       0.93650794, 0.52380952, 0.46031746, 0.46031746, 0.46031746,
       0.9047619, 0.46031746, 0.6031746, 0.46031746, 0.73015873,
       0.52380952, 0.82539683, 1.0, 0.46031746, 0.65079365, 0.65079365,
       0.46031746, 0.46031746, 0.46031746, 0.46031746, 0.46031746,
       0.52380952, 0.53968254, 0.46031746, 0.46031746, 0.46031746,
       0.46031746, 0.65079365, 0.74603175, 0.46031746, 0.46031746,
       0.6984127, 0.6984127, 0.46031746, 0.46031746, 0.46031746,
       0.46031746, 0.46031746, 0.46031746, 0.46031746, 0.46031746,
       0.46031746, 0.46031746]), 'tneg': array([ 9,  5, 10,  6,  9,  6,  6,  4,  5,  6,  7,  6, 10,  7,  9, 10, 10,
        4,  5,  4, 10,  4,  4,  4,  4,  9,  4,  5,  4,  6,  4,  7, 10,  4,
        6,  6,  4,  4,  4,  4,  4,  4,  4,  4,  4,  4,  4,  6,  6,  4,  4,
        6,  6,  4,  4,  4,  4,  4,  4,  4,  4,  4,  4]), 'fpos': array([1, 5, 0, 4, 1, 4, 4, 6, 5, 4, 3, 4, 0, 3, 1, 0, 0, 6, 5, 6, 0, 6, 6,
       6, 6, 1, 6, 5, 6, 4, 6, 3, 0, 6, 4, 4, 6, 6, 6, 6, 6, 6, 6, 6, 6, 6,
       6, 4, 4, 6, 6, 4, 4, 6, 6, 6, 6, 6, 6, 6, 6, 6, 6]), 'threshold': [0.24224806281300412, 0.24200428312543423, 0.24285076469678679, 0.24208884082933477, 0.24223313272608915, 0.24217341863881825, 0.2421634672648075, 0.24198439011721945, 0.24199930976901601, 0.2421684429170311, 0.2421883462215576, 0.24206396882925699, 0.24284577951782449, 0.24218337029108189, 0.24222317968260571, 0.24269625647406345, 0.24249698975110004, 0.24197941703910791, 0.24200428312543423, 0.24197941703910791, 0.24255675808652213, 0.24198439011721945, 0.24197941703910791, 0.24197941703910791, 0.24197941703910791, 0.24228290211697312, 0.24197941703910791, 0.24200428312543423, 0.24197941703910791, 0.24214854072552192, 0.24198439011721945, 0.24218337029108189, 0.24323483219352809, 0.24197941703910791, 0.24201920361214208, 0.24201920361214208, 0.24197941703910791, 0.24197941703910791, 0.24197941703910791, 0.24197941703910791, 0.24197941703910791, 0.24198439011721945, 0.24198936326490822, 0.24197941703910791, 0.24197941703910791, 0.24197941703910791, 0.24197941703910791, 0.24201920361214208, 0.24215849168214784, 0.24197941703910791, 0.24197941703910791, 0.24208386629017878, 0.24208386629017878, 0.24197941703910791, 0.24197941703910791, 0.24197941703910791, 0.24197941703910791, 0.24197941703910791, 0.24197941703910791, 0.24197941703910791, 0.24197941703910791, 0.24197941703910791, 0.24197941703910791], 'fneg': array([2, 1, 4, 1, 2, 1, 1, 1, 1, 1, 1, 1, 4, 1, 1, 4, 4, 0, 1, 0, 4, 1, 0,
       0, 0, 2, 0, 1, 0, 1, 1, 1, 6, 0, 1, 1, 0, 0, 0, 0, 0, 1, 1, 0, 0, 0,
       0, 1, 1, 0, 0, 1, 1, 0, 0, 0, 0, 0, 0, 0, 0, 0, 0]), 'sensitivity': array([1, 1, 1, 1, 1, 1, 1, 1, 1, 1, 1, 1, 1, 1, 1, 1, 1, 1, 1, 1, 1, 1, 1,
       1, 1, 1, 1, 1, 1, 1, 1, 1, 1, 1, 1, 1, 1, 1, 1, 1, 1, 1, 1, 1, 1, 1,
       1, 1, 1, 1, 1, 1, 1, 1, 1, 1, 1, 1, 1, 1, 1, 1, 1]), 'tpos': array([4, 5, 2, 5, 4, 5, 5, 5, 5, 5, 5, 5, 2, 5, 5, 2, 2, 6, 5, 6, 2, 5, 6,
       6, 6, 4, 6, 5, 6, 5, 5, 5, 0, 6, 5, 5, 6, 6, 6, 6, 6, 5, 5, 6, 6, 6,
       6, 5, 5, 6, 6, 5, 5, 6, 6, 6, 6, 6, 6, 6, 6, 6, 6])}, {'specificity': array([0.890625, 0.609375, 0.984375, 0.28125, 0.671875, 0.859375, 0.703125,
       0.4375, 0.390625, 0.515625, 0.71875, 0.78125, 0.640625, 0.96875,
       0.796875, 0.8125, 0.9375, 0.625, 0.546875, 0.34375, 0.734375,
       0.78125, 0.90625, 0.953125, 0.25, 0.25, 0.203125, 0.875, 0.203125,
       0.34375, 0.203125, 0.6875, 0.453125, 0.75, 0.84375, 1.0, 0.53125,
       0.59375, 0.25, 0.203125, 0.203125, 0.203125, 0.203125, 0.203125,
       0.203125, 0.203125, 0.59375, 0.421875, 0.28125, 0.59375, 0.65625,
       0.375, 0.375, 0.921875, 0.5, 0.5, 0.203125, 0.203125, 0.203125,
       0.828125, 0.421875, 0.46875, 0.3125, 0.3125]), 'tneg': array([8, 5, 9, 2, 7, 8, 7, 3, 2, 3, 7, 8, 6, 9, 8, 8, 8, 5, 5, 2, 7, 8, 8,
       8, 2, 2, 0, 8, 0, 2, 0, 7, 3, 7, 8, 9, 5, 5, 2, 0, 0, 0, 0, 0, 0, 0,
       5, 2, 2, 5, 6, 2, 2, 8, 3, 3, 0, 0, 0, 8, 2, 3, 2, 2]), 'fpos': array([ 2,  5,  1,  8,  3,  2,  3,  7,  8,  7,  3,  2,  4,  1,  2,  2,  2,
        5,  5,  8,  3,  2,  2,  2,  8,  8, 10,  2, 10,  8, 10,  3,  7,  3,
        2,  1,  5,  5,  8, 10, 10, 10, 10, 10, 10, 10,  5,  8,  8,  5,  4,
        8,  8,  2,  7,  7, 10, 10, 10,  2,  8,  7,  8,  8]), 'threshold': [0.27608455798372872, 0.2168220087170819, 0.42235613004714356, 0.20862805274297458, 0.23016554010963775, 0.26076643192878407, 0.24571872798087635, 0.211038599939323, 0.20949285275064208, 0.21234877437971034, 0.24668934867379769, 0.25096576652476948, 0.22612155455396199, 0.41869096187927113, 0.25796665023277265, 0.25856724560921795, 0.32546049445081499, 0.21724872909880352, 0.21536961941220473, 0.20870895344910287, 0.24775384305823348, 0.25096576652476948, 0.27828081800756033, 0.34059586112982632, 0.20858761105028853, 0.20858761105028853, 0.20854717513115728, 0.27199096632359626, 0.20854717513115728, 0.20870895344910287, 0.20854717513115728, 0.24286738905395269, 0.21120179520775612, 0.24993797706870943, 0.26049737678528834, 0.4598068233994414, 0.2145945014627807, 0.21620074241857923, 0.20858761105028853, 0.20854717513115728, 0.20854717513115728, 0.20854717513115728, 0.20854717513115728, 0.20854717513115728, 0.20854717513115728, 0.20854717513115728, 0.21620074241857923, 0.20976276428529822, 0.20862805274297458, 0.21620074241857923, 0.22906706342404995, 0.20939754190791815, 0.20939754190791815, 0.29755851280969514, 0.21192300530721117, 0.21192300530721117, 0.20854717513115728, 0.20854717513115728, 0.20854717513115728, 0.25869172490708153, 0.20976276428529822, 0.21139365227981113, 0.20866850020923858, 0.20866850020923858], 'fneg': array([4, 2, 5, 1, 2, 3, 3, 2, 1, 2, 3, 3, 2, 5, 3, 3, 4, 2, 2, 1, 3, 3, 4,
       4, 1, 1, 0, 4, 0, 1, 0, 2, 2, 3, 3, 5, 2, 2, 1, 0, 0, 0, 0, 0, 0, 0,
       2, 2, 1, 2, 2, 1, 1, 4, 2, 2, 0, 0, 0, 3, 2, 2, 1, 1]), 'sensitivity': array([1, 1, 1, 1, 1, 1, 1, 1, 1, 1, 1, 1, 1, 1, 1, 1, 1, 1, 1, 1, 1, 1, 1,
       1, 1, 1, 1, 1, 1, 1, 1, 1, 1, 1, 1, 1, 1, 1, 1, 1, 1, 1, 1, 1, 1, 1,
       1, 1, 1, 1, 1, 1, 1, 1, 1, 1, 1, 1, 1, 1, 1, 1, 1, 1]), 'tpos': array([1, 3, 0, 4, 3, 2, 2, 3, 4, 3, 2, 2, 3, 0, 2, 2, 1, 3, 3, 4, 2, 2, 1,
       1, 4, 4, 5, 1, 5, 4, 5, 3, 3, 2, 2, 0, 3, 3, 4, 5, 5, 5, 5, 5, 5, 5,
       3, 3, 4, 3, 3, 4, 4, 1, 3, 3, 5, 5, 5, 2, 3, 3, 4, 4])}, {'specificity': array([0.73015873, 0.14285714, 0.96825397, 0.92063492, 0.77777778,
       0.22222222, 0.76190476, 0.44444444, 0.84126984, 0.79365079,
       0.85714286, 0.11111111, 0.80952381, 0.3968254, 0.12698413,
       0.58730159, 0.38095238, 0.66666667, 0.41269841, 0.74603175,
       0.26984127, 0.53968254, 0.17460317, 0.63492063, 0.15873016,
       0.47619048, 0.6984127, 0.11111111, 0.11111111, 0.9047619,
       0.88888889, 0.93650794, 1.0, 0.68253968, 0.55555556, 0.11111111,
       0.20634921, 0.11111111, 0.11111111, 0.65079365, 0.28571429,
       0.46031746, 0.87301587, 0.34920635, 0.49206349, 0.31746032,
       0.82539683, 0.98412698, 0.50793651, 0.71428571, 0.25396825,
       0.61904762, 0.3015873, 0.19047619, 0.33333333, 0.42857143,
       0.52380952, 0.57142857, 0.6031746, 0.23809524, 0.95238095,
       0.36507937, 0.11111111]), 'tneg': array([10,  2, 12, 12, 11,  3, 11,  6, 12, 11, 12,  0, 11,  6,  2,  9,  6,
        9,  6, 10,  3,  8,  2,  9,  2,  6,  9,  0,  0, 12, 12, 12, 12,  9,
        8,  0,  3,  0,  0,  9,  3,  6, 12,  5,  7,  3, 11, 12,  7, 10,  3,
        9,  3,  3,  3,  6,  7,  8,  9,  3, 12,  6,  0]), 'fpos': array([ 2, 10,  0,  0,  1,  9,  1,  6,  0,  1,  0, 12,  1,  6, 10,  3,  6,
        3,  6,  2,  9,  4, 10,  3, 10,  6,  3, 12, 12,  0,  0,  0,  0,  3,
        4, 12,  9, 12, 12,  3,  9,  6,  0,  7,  5,  9,  1,  0,  5,  2,  9,
        3,  9,  9,  9,  6,  5,  4,  3,  9,  0,  6, 12]), 'threshold': [0.24474805435110261, 0.24461804406568016, 0.24485289525377996, 0.24484698230600294, 0.24475740157872841, 0.24461959731147318, 0.24475710614856, 0.24463951011227916, 0.24478240806762569, 0.24476309384779704, 0.24479065977845449, 0.24461696587878601, 0.24477439252247996, 0.24463404552943707, 0.24461704725572012, 0.24468457094440085, 0.24463373816974401, 0.24471133484587287, 0.24463511244465719, 0.24475149986407832, 0.24462251276121802, 0.24466484438885366, 0.24461827758284499, 0.24470570213781473, 0.24461807213490713, 0.24465620041128441, 0.24472962275850779, 0.24461696587878601, 0.24461696587878601, 0.24484040316749295, 0.2448300630093897, 0.24484870647308893, 0.24485291791255512, 0.24472635063836626, 0.24466679014973364, 0.24461696587878601, 0.2446195560330249, 0.24461696587878601, 0.24461696587878601, 0.24470618580077005, 0.24462384972450857, 0.24465470315248639, 0.24479484387616668, 0.24462890819860525, 0.24465741506615124, 0.24462489726747602, 0.2447804175566678, 0.24485290870742754, 0.24465893663412763, 0.24474190904556192, 0.24462224055722964, 0.24469798839085433, 0.24462407546138792, 0.2446192640176226, 0.24462493713125175, 0.24463559978747812, 0.24466115388859128, 0.24467744507457409, 0.24468777757261542, 0.24462060397115643, 0.24485076380530854, 0.24463166797502997, 0.24461696587878601], 'fneg': array([2, 0, 4, 4, 2, 0, 2, 1, 2, 2, 2, 0, 2, 1, 0, 2, 1, 2, 1, 2, 1, 2, 0,
       2, 0, 2, 2, 0, 0, 4, 3, 4, 4, 2, 2, 0, 0, 0, 0, 2, 1, 2, 2, 1, 2, 1,
       2, 4, 2, 2, 1, 2, 1, 0, 1, 1, 2, 2, 2, 1, 4, 1, 0]), 'sensitivity': array([1, 1, 1, 1, 1, 1, 1, 1, 1, 1, 1, 1, 1, 1, 1, 1, 1, 1, 1, 1, 1, 1, 1,
       1, 1, 1, 1, 1, 1, 1, 1, 1, 1, 1, 1, 1, 1, 1, 1, 1, 1, 1, 1, 1, 1, 1,
       1, 1, 1, 1, 1, 1, 1, 1, 1, 1, 1, 1, 1, 1, 1, 1, 1]), 'tpos': array([2, 4, 0, 0, 2, 4, 2, 3, 2, 2, 2, 4, 2, 3, 4, 2, 3, 2, 3, 2, 3, 2, 4,
       2, 4, 2, 2, 4, 4, 0, 1, 0, 0, 2, 2, 4, 4, 4, 4, 2, 3, 2, 2, 3, 2, 3,
       2, 0, 2, 2, 3, 2, 3, 4, 3, 3, 2, 2, 2, 3, 0, 3, 4])}, {'specificity': array([0.875, 0.8125, 0.796875, 0.9375, 0.921875, 0.296875, 0.484375,
       0.765625, 0.578125, 0.578125, 0.25, 0.375, 0.53125, 0.640625,
       0.640625, 0.984375, 0.96875, 0.65625, 0.859375, 0.859375, 0.671875,
       0.375, 0.578125, 0.640625, 0.734375, 0.90625, 0.71875, 0.25, 0.1875,
       0.6875, 0.375, 0.390625, 0.1875, 0.640625, 0.796875, 0.953125, 1.0,
       0.890625, 0.828125, 0.4375, 0.25, 0.1875, 0.1875, 0.25, 0.296875,
       0.1875, 0.1875, 0.1875, 0.1875, 0.4375, 0.515625, 0.296875, 0.4375,
       0.46875, 0.46875, 0.75, 0.1875, 0.1875, 0.1875, 0.1875, 0.703125,
       0.5, 0.328125, 0.328125]), 'tneg': array([11, 11, 11, 11, 11,  4,  7, 11,  8,  8,  3,  5,  8,  8,  8, 12, 12,
        9, 11, 11,  9,  5,  8,  8,  9, 11,  9,  3,  0,  9,  5,  5,  0,  8,
       11, 11, 12, 11, 11,  5,  3,  0,  0,  3,  4,  0,  0,  0,  0,  5,  8,
        4,  5,  5,  5, 11,  0,  0,  0,  0,  9,  7,  4,  4]), 'fpos': array([ 1,  1,  1,  1,  1,  8,  5,  1,  4,  4,  9,  7,  4,  4,  4,  0,  0,
        3,  1,  1,  3,  7,  4,  4,  3,  1,  3,  9, 12,  3,  7,  7, 12,  4,
        1,  1,  0,  1,  1,  7,  9, 12, 12,  9,  8, 12, 12, 12, 12,  7,  4,
        8,  7,  7,  7,  1, 12, 12, 12, 12,  3,  5,  8,  8]), 'threshold': [0.27092992391428528, 0.27090273520198083, 0.27087136574162135, 0.27097384776389472, 0.27096338929864983, 0.27077936182938439, 0.27080236096554244, 0.27087032013226192, 0.27081804289879913, 0.27081804289879913, 0.27077831644328243, 0.2707814526092, 0.27081699741882242, 0.27082117935395145, 0.27082117935395145, 0.27100313281584498, 0.27100208688689448, 0.27082849783810292, 0.2709288781628747, 0.2709288781628747, 0.27083477092346148, 0.2707814526092, 0.27081804289879913, 0.27082117935395145, 0.27085986417819147, 0.27093933579112062, 0.27085777301781921, 0.27077831644328243, 0.27077727105971777, 0.27084208963847828, 0.2707814526092, 0.27078249800291371, 0.27077727105971777, 0.27082117935395145, 0.27087136574162135, 0.27099162773687618, 0.27109204604549342, 0.27093201542471573, 0.27091528362535933, 0.27078563419927815, 0.27077831644328243, 0.27077727105971777, 0.27077727105971777, 0.27077831644328243, 0.27077936182938439, 0.27077727105971777, 0.27077727105971777, 0.27077727105971777, 0.27077727105971777, 0.27078563419927815, 0.27081490646648027, 0.27077936182938439, 0.27078563419927815, 0.27079922464739309, 0.27079922464739309, 0.2708640465293779, 0.27077727105971777, 0.27077727105971777, 0.27077727105971777, 0.27077727105971777, 0.2708546362962872, 0.27080863367034352, 0.2707804072180236, 0.2707804072180236], 'fneg': array([3, 3, 3, 3, 3, 1, 1, 3, 1, 1, 1, 1, 1, 1, 1, 3, 3, 2, 3, 3, 3, 1, 1,
       1, 3, 3, 3, 1, 0, 3, 1, 1, 0, 1, 3, 3, 3, 3, 3, 1, 1, 0, 0, 1, 1, 0,
       0, 0, 0, 1, 1, 1, 1, 1, 1, 3, 0, 0, 0, 0, 3, 1, 1, 1]), 'sensitivity': array([1, 1, 1, 1, 1, 1, 1, 1, 1, 1, 1, 1, 1, 1, 1, 1, 1, 1, 1, 1, 1, 1, 1,
       1, 1, 1, 1, 1, 1, 1, 1, 1, 1, 1, 1, 1, 1, 1, 1, 1, 1, 1, 1, 1, 1, 1,
       1, 1, 1, 1, 1, 1, 1, 1, 1, 1, 1, 1, 1, 1, 1, 1, 1, 1]), 'tpos': array([0, 0, 0, 0, 0, 2, 2, 0, 2, 2, 2, 2, 2, 2, 2, 0, 0, 1, 0, 0, 0, 2, 2,
       2, 0, 0, 0, 2, 3, 0, 2, 2, 3, 2, 0, 0, 0, 0, 0, 2, 2, 3, 3, 2, 2, 3,
       3, 3, 3, 2, 2, 2, 2, 2, 2, 0, 3, 3, 3, 3, 0, 2, 2, 2])}], <Model object at 0x00000000000003DC>)
