#lasso
([{'specificity': array([0.58536585, 0.36585366, 0.56097561, 0.68292683, 0.51219512,
       0.73170732, 0.90243902, 0.46341463, 0.29268293, 0.12195122,
       0.80487805, 0.65853659, 0.073170732, 0.17073171, 0.43902439,
       0.95121951, 0.2195122, 0.87804878, 0.63414634, 0.6097561, 1.0,
       0.92682927, 0.097560976, 0.75609756, 0.48780488, 0.34146341,
       0.53658537, 0.82926829, 0.3902439, 0.24390244, 0.14634146,
       0.7804878, 0.31707317, 0.19512195, 0.41463415, 0.70731707,
       0.26829268, 0.048780488, 0.97560976, 0.85365854, 0.024390244]), 'tneg': array([ 4,  2,  4,  4,  3,  4,  8,  3,  2,  0,  6,  4,  0,  1,  2,  9,  1,
        7,  4,  4, 10,  8,  0,  6,  3,  2,  4,  6,  2,  2,  1,  6,  2,  1,
        2,  4,  2,  0,  9,  6,  0]), 'fpos': array([ 6,  8,  6,  6,  7,  6,  2,  7,  8, 10,  4,  6, 10,  9,  8,  1,  9,
        3,  6,  6,  0,  2, 10,  4,  7,  8,  6,  4,  8,  8,  9,  4,  8,  9,
        8,  6,  8, 10,  1,  4, 10]), 'threshold': [1.8913828111587072, 1.8033831764600834, 1.8872413904647296, 1.9136548000896605, 1.8710942966187092, 1.9366233020052521, 2.0719186928256388, 1.8421700997270196, 1.7650185931671916, 1.6516747254914679, 2.0326217310895771, 1.909634450742663, 1.6251617960962461, 1.6996246613272938, 1.8325333854625308, 2.1764249844813692, 1.7220936965640805, 2.0508441494892278, 1.904401085083268, 1.8993219577481464, 2.5962986812967173, 2.0841437607637294, 1.6316494598124789, 1.9791932632225724, 1.8597944884961455, 1.7983741702871903, 1.8822128204925073, 2.0337355689200365, 1.8042985459107699, 1.7356383133378508, 1.6794709464732773, 2.0016637103925068, 1.7761406637199055, 1.7144591496216688, 1.8064498966338833, 1.9358646166598936, 1.7438541172873974, 1.4472646773098838, 2.3426753726364673, 2.0384166389153351, 1.32213232632703], 'fneg': array([0, 0, 0, 2, 0, 2, 3, 0, 0, 0, 3, 2, 0, 0, 0, 4, 0, 3, 0, 0, 7, 3, 0,
       3, 0, 0, 0, 3, 0, 0, 0, 3, 0, 0, 0, 2, 0, 0, 6, 3, 0]), 'sensitivity': array([0.66666667, 0.95238095, 0.66666667, 0.57142857, 0.71428571,
       0.57142857, 0.38095238, 0.85714286, 0.95238095, 1.0, 0.42857143,
       0.57142857, 1.0, 1.0, 0.85714286, 0.23809524, 0.95238095,
       0.38095238, 0.57142857, 0.61904762, 0.047619048, 0.38095238, 1.0,
       0.52380952, 0.80952381, 0.95238095, 0.71428571, 0.42857143,
       0.95238095, 0.95238095, 1.0, 0.47619048, 0.95238095, 0.95238095,
       0.95238095, 0.57142857, 0.95238095, 1.0, 0.095238095, 0.42857143,
       1.0]), 'tpos': array([7, 7, 7, 5, 7, 5, 4, 7, 7, 7, 4, 5, 7, 7, 7, 3, 7, 4, 7, 7, 0, 4, 7,
       4, 7, 7, 7, 4, 7, 7, 7, 4, 7, 7, 7, 5, 7, 7, 1, 4, 7])}, {'specificity': array([0.31578947, 0.76315789, 0.55263158, 0.68421053, 0.92105263,
       0.97368421, 0.26315789, 0.5, 0.84210526, 0.47368421, 0.18421053,
       0.63157895, 0.052631579, 0.28947368, 0.78947368, 0.36842105,
       0.71052632, 0.10526316, 0.57894737, 0.73684211, 0.13157895,
       0.44736842, 0.86842105, 0.52631579, 0.026315789, 0.94736842,
       0.60526316, 0.15789474, 0.39473684, 0.21052632, 0.34210526,
       0.89473684, 0.23684211, 0.65789474, 0.078947368, 1.0, 0.81578947,
       0.42105263]), 'tneg': array([ 5, 11,  6, 10, 12, 14,  3,  6, 12,  6,  1,  7,  0,  5, 12,  5, 10,
        0,  6, 10,  0,  6, 12,  6,  0, 12,  6,  0,  5,  3,  5, 12,  3,  8,
        0, 14, 12,  5]), 'fpos': array([ 9,  3,  8,  4,  2,  0, 11,  8,  2,  8, 13,  7, 14,  9,  2,  9,  4,
       14,  8,  4, 14,  8,  2,  8, 14,  2,  8, 14,  9, 11,  9,  2, 11,  6,
       14,  0,  2,  9]), 'threshold': [1.9659986722468128, 2.0579863754008056, 2.00075227025897, 2.0461041300048595, 2.1212165550376478, 2.1560572202403927, 1.9394100154809331, 1.9963631185680417, 2.0719927951994475, 1.9956246458209415, 1.9147908936646076, 2.0112485282040455, 1.8749415859035326, 1.9659118689653934, 2.0630288480916317, 1.9727069209256123, 2.0514411623273889, 1.8965655025314605, 2.0009000532099463, 2.0551221490489087, 1.9045804630231407, 1.9891221830556969, 2.0789840729006372, 1.9968057512643327, 1.8581669176647211, 2.1261963965574151, 2.0074301299950048, 1.9132380237241158, 1.9756123449805993, 1.926037679578396, 1.9704153231945254, 2.085699101660154, 1.930780379654478, 2.0349870038070224, 1.8958015713335403, 2.1986569912799161, 2.0677814657152518, 1.9773186850541142], 'fneg': array([0, 0, 0, 0, 2, 2, 0, 0, 0, 0, 0, 0, 0, 0, 0, 0, 0, 0, 0, 0, 0, 0, 1,
       0, 0, 2, 0, 0, 0, 0, 0, 1, 0, 0, 0, 2, 0, 0]), 'sensitivity': array([0.92, 0.56, 0.8, 0.6, 0.36, 0.2, 0.96, 0.8, 0.52, 0.84, 1.0, 0.72,
       1.0, 0.92, 0.52, 0.92, 0.6, 1.0, 0.8, 0.56, 1.0, 0.84, 0.52, 0.8,
       1.0, 0.36, 0.8, 1.0, 0.92, 1.0, 0.92, 0.48, 0.96, 0.64, 1.0, 0.08,
       0.52, 0.92]), 'tpos': array([2, 2, 2, 2, 0, 0, 2, 2, 2, 2, 2, 2, 2, 2, 2, 2, 2, 2, 2, 2, 2, 2, 1,
       2, 2, 0, 2, 2, 2, 2, 2, 1, 2, 2, 2, 0, 2, 2])}, {'specificity': array([0.975, 0.5, 0.55, 0.45, 0.725, 0.875, 0.85, 0.95, 0.475, 0.35,
       0.325, 0.625, 0.1, 0.125, 0.375, 0.275, 0.525, 0.675, 0.925, 0.65,
       1.0, 0.7, 0.775, 0.425, 0.3, 0.8, 0.6, 0.075, 0.825, 0.15, 0.225,
       0.175, 0.25, 0.4, 0.575, 0.75, 0.2, 0.9, 0.05, 0.025]), 'tneg': array([10, 10, 10, 10, 10, 10, 10, 10, 10, 10, 10, 10, 10, 10, 10, 10, 10,
       10, 10, 10, 10, 10, 10, 10, 10, 10, 10, 10, 10, 10, 10, 10, 10, 10,
       10, 10, 10, 10, 10, 10]), 'fpos': array([0, 0, 0, 0, 0, 0, 0, 0, 0, 0, 0, 0, 0, 0, 0, 0, 0, 0, 0, 0, 0, 0, 0,
       0, 0, 0, 0, 0, 0, 0, 0, 0, 0, 0, 0, 0, 0, 0, 0, 0]), 'threshold': [2.4493132007466283, 1.8026354289654105, 1.8103788524086366, 1.7958458083859228, 1.9693589409962484, 2.1370039355509696, 2.1114850834351753, 2.344697557733689, 1.7973958620635908, 1.7098536770080637, 1.6888137698958667, 1.8306875414240287, 1.4679139636815632, 1.5581330396842128, 1.7397322158249065, 1.6835796294494663, 1.8076558238514733, 1.8753703911128332, 2.3227687649769311, 1.8412756301924842, 2.4734474429688262, 1.9018835203327456, 1.9872299587053781, 1.7680503969461356, 1.6866585975658861, 2.0494190709715596, 1.8300166091519778, 1.4099765061034686, 2.0649644416909352, 1.5649825848564758, 1.6327395687088577, 1.5767290757076204, 1.6825364697085621, 1.7595503182217529, 1.8204849930143439, 1.9761256012739685, 1.5944781386685551, 2.1434323573428906, 1.394789716076283, 1.2772524360179052], 'fneg': array([5, 5, 5, 5, 5, 5, 5, 5, 5, 5, 5, 5, 5, 5, 5, 5, 5, 5, 5, 5, 5, 5, 5,
       5, 5, 5, 5, 5, 5, 5, 5, 5, 5, 5, 5, 5, 5, 5, 5, 5]), 'sensitivity': array([0.125, 0.75, 0.75, 0.75, 0.54166667, 0.375, 0.45833333, 0.20833333,
       0.75, 0.875, 0.875, 0.75, 1.0, 1.0, 0.83333333, 0.91666667, 0.75,
       0.625, 0.29166667, 0.70833333, 0.125, 0.625, 0.54166667, 0.79166667,
       0.875, 0.45833333, 0.75, 1.0, 0.45833333, 1.0, 1.0, 1.0, 0.91666667,
       0.79166667, 0.75, 0.54166667, 1.0, 0.375, 1.0, 1.0]), 'tpos': array([0, 0, 0, 0, 0, 0, 0, 0, 0, 0, 0, 0, 0, 0, 0, 0, 0, 0, 0, 0, 0, 0, 0,
       0, 0, 0, 0, 0, 0, 0, 0, 0, 0, 0, 0, 0, 0, 0, 0, 0])}, {'specificity': array([0.78571429, 0.35714286, 0.76190476, 0.64285714, 0.73809524,
       0.45238095, 0.66666667, 0.9047619, 0.26190476, 0.85714286,
       0.30952381, 0.16666667, 0.54761905, 0.57142857, 0.14285714,
       0.19047619, 0.33333333, 0.80952381, 0.38095238, 0.69047619,
       0.071428571, 0.47619048, 0.71428571, 0.97619048, 0.095238095,
       0.95238095, 0.61904762, 0.88095238, 0.023809524, 0.92857143, 0.5,
       0.11904762, 0.4047619, 0.21428571, 0.42857143, 0.23809524,
       0.52380952, 0.28571429, 0.5952381, 0.047619048, 1.0, 0.83333333]), 'tneg': array([ 9,  2,  9,  8,  9,  8,  8, 10,  2,  9,  2,  1,  8,  8,  1,  1,  2,
        9,  3,  8,  1,  8,  9, 11,  1, 10,  8,  9,  0, 10,  8,  1,  3,  1,
        4,  1,  8,  2,  8,  1, 12,  9]), 'fpos': array([ 3, 10,  3,  4,  3,  4,  4,  2, 10,  3, 10, 11,  4,  4, 11, 11, 10,
        3,  9,  4, 11,  4,  3,  1, 11,  2,  4,  3, 12,  2,  4, 11,  9, 11,
        8, 11,  4, 10,  4, 11,  0,  3]), 'threshold': [1.9889111959799743, 1.9380421130817271, 1.9883357000106363, 1.9785840931146561, 1.9873845319744603, 1.9570433821947382, 1.9818391714395158, 2.022906326595066, 1.9235049643702404, 1.9959936050082914, 1.9375450319018639, 1.9100446441238486, 1.9627821325199331, 1.9639866627460112, 1.9098212226215847, 1.9125416993008875, 1.9379946540385062, 1.9910926341433228, 1.9417097977450037, 1.9847571538420787, 1.9000800481850433, 1.9571241814150326, 1.986769705730161, 2.0350408364103263, 1.9044621677336233, 2.0264911602423838, 1.9765292879584158, 1.9998160336672644, 1.8790859098412531, 2.0256290176046168, 1.96069445193143, 1.9091956241280925, 1.9432983165607221, 1.9160211687191555, 1.9502955039506353, 1.9161937399880973, 1.9617829603495878, 1.9247040829834663, 1.9757609660527091, 1.8996623745309247, 2.065246304422788, 1.9936910921914954], 'fneg': array([1, 0, 1, 1, 1, 0, 1, 4, 0, 2, 0, 0, 0, 0, 0, 0, 0, 2, 0, 1, 0, 0, 1,
       4, 0, 4, 1, 2, 0, 4, 0, 0, 0, 0, 0, 0, 0, 0, 1, 0, 4, 2]), 'sensitivity': array([0.57142857, 0.9047619, 0.57142857, 0.57142857, 0.57142857,
       0.76190476, 0.57142857, 0.38095238, 0.95238095, 0.57142857,
       0.9047619, 1.0, 0.66666667, 0.66666667, 1.0, 1.0, 0.9047619,
       0.57142857, 0.9047619, 0.57142857, 1.0, 0.76190476, 0.57142857,
       0.23809524, 1.0, 0.38095238, 0.57142857, 0.52380952, 1.0,
       0.38095238, 0.76190476, 1.0, 0.9047619, 1.0, 0.80952381, 1.0,
       0.71428571, 0.95238095, 0.61904762, 1.0, 0.095238095, 0.57142857]), 'tpos': array([3, 4, 3, 3, 3, 4, 3, 0, 4, 2, 4, 4, 4, 4, 4, 4, 4, 2, 4, 3, 4, 4, 3,
       0, 4, 0, 3, 2, 4, 0, 4, 4, 4, 4, 4, 4, 4, 4, 3, 4, 0, 2])}, {'specificity': array([0.56410256, 0.53846154, 0.58974359, 0.61538462, 0.82051282, 1.0,
       0.97435897, 0.94871795, 0.38461538, 0.33333333, 0.076923077,
       0.84615385, 0.69230769, 0.12820513, 0.15384615, 0.25641026,
       0.66666667, 0.30769231, 0.79487179, 0.8974359, 0.28205128,
       0.74358974, 0.48717949, 0.35897436, 0.64102564, 0.46153846,
       0.051282051, 0.43589744, 0.1025641, 0.17948718, 0.51282051,
       0.23076923, 0.41025641, 0.76923077, 0.20512821, 0.87179487,
       0.92307692, 0.71794872, 0.025641026]), 'tneg': array([ 6,  5,  7,  7, 10, 12, 12, 12,  2,  2,  0, 10,  9,  0,  0,  0,  9,
        2, 10, 12,  1, 10,  5,  2,  9,  4,  0,  4,  0,  0,  5,  0,  4, 10,
        0, 12, 12,  9,  0]), 'fpos': array([ 7,  8,  6,  6,  3,  1,  1,  1, 11, 11, 13,  3,  4, 13, 13, 13,  4,
       11,  3,  1, 12,  3,  8, 11,  4,  9, 13,  9, 13, 13,  8, 13,  9,  3,
       13,  1,  1,  4, 13]), 'threshold': [1.8625288485353029, 1.8410453830542504, 1.8737833760684628, 1.8786490401954017, 2.0204957638719971, 2.2744139101889882, 2.2311701207162953, 2.2167643103131276, 1.778049811097419, 1.7666849092770951, 1.6586957141954906, 2.0363977731809704, 1.9472138576366582, 1.6698815057344438, 1.6799116312533613, 1.7416332147195588, 1.8898337703614037, 1.7663699414177552, 2.0120391646025428, 2.1675786983467416, 1.7572175055935486, 1.9848208791233686, 1.8328685105415259, 1.7699442929314557, 1.8887180402131092, 1.8128487615099733, 1.6082373513405779, 1.8115713604889763, 1.6683442194700033, 1.6858026430220989, 1.834828814090089, 1.7346626595610473, 1.8043288665959023, 1.9900698549684068, 1.7078218815271766, 2.1362235729796386, 2.1974831127027024, 1.9607465405507958, 1.5864244044467997], 'fneg': array([1, 1, 1, 1, 1, 2, 2, 2, 0, 0, 0, 1, 1, 0, 0, 0, 1, 0, 1, 2, 0, 1, 1,
       0, 1, 0, 0, 0, 0, 0, 1, 0, 0, 1, 0, 2, 2, 1, 0]), 'sensitivity': array([0.88, 0.92, 0.88, 0.84, 0.68, 0.28, 0.28, 0.28, 0.96, 0.96, 1.0,
       0.64, 0.72, 1.0, 1.0, 0.96, 0.84, 0.96, 0.68, 0.32, 0.96, 0.72,
       0.92, 0.96, 0.84, 0.96, 1.0, 0.96, 1.0, 1.0, 0.92, 0.96, 0.96, 0.72,
       1.0, 0.44, 0.28, 0.72, 1.0]), 'tpos': array([1, 1, 1, 1, 1, 0, 0, 0, 2, 2, 2, 1, 1, 2, 2, 2, 1, 2, 1, 0, 2, 1, 1,
       2, 1, 2, 2, 2, 2, 2, 1, 2, 2, 1, 2, 0, 0, 1, 2])}], <Model object at 0x00000000000003DC>)
#lasso
([{'specificity': array([0.475, 0.375, 0.325, 0.8, 0.95, 0.55, 0.7, 0.85, 0.325, 0.825,
       0.625, 0.35, 0.9, 0.325, 0.325, 0.875, 0.775, 0.525, 0.325, 1.0,
       0.925, 0.325, 0.325, 0.325, 0.5, 0.4, 0.325, 0.45, 0.75, 0.725,
       0.425, 0.675, 0.325, 0.325, 0.6, 0.65, 0.325, 0.575, 1.0, 0.325]), 'tneg': array([ 6,  4,  2,  6,  9,  6,  6,  6,  2,  6,  6,  4,  6,  2,  2,  6,  6,
        6,  2, 10,  8,  2,  2,  2,  6,  4,  2,  6,  6,  6,  6,  6,  2,  2,
        6,  6,  2,  6, 10,  2]), 'fpos': array([4, 6, 8, 4, 1, 4, 4, 4, 8, 4, 4, 6, 4, 8, 8, 4, 4, 4, 8, 0, 2, 8, 8,
       8, 4, 6, 8, 4, 4, 4, 4, 4, 8, 8, 4, 4, 8, 4, 0, 8]), 'threshold': [1.8498777998881373, 1.8491521483413551, 1.8490999740203464, 1.8829903461387194, 1.9561000545393572, 1.8525618788466938, 1.8731530921549178, 1.8872722951843988, 1.8490999740203464, 1.886663720797561, 1.8561998405002131, 1.8491363952251085, 1.9073179465707713, 1.8490999740203464, 1.8490999740203464, 1.9026158304085634, 1.8810475458182618, 1.8525588542483746, 1.8490999740203464, 1.9751249039929517, 1.9453197560045705, 1.8490999740203464, 1.8490999740203464, 1.8490999740203464, 1.8512420197550907, 1.8491655069839321, 1.8490999740203464, 1.8497888262875766, 1.8800591322924867, 1.8741998552232704, 1.849524930084214, 1.8730518941361498, 1.8490999740203464, 1.8490999740203464, 1.8542416651382987, 1.8593523572741011, 1.8490999740203464, 1.8525759425987542, 1.9751249039929517, 1.8490999740203464], 'fneg': array([2, 0, 0, 3, 6, 2, 3, 3, 0, 3, 2, 0, 4, 0, 0, 4, 3, 2, 0, 7, 5, 0, 0,
       0, 2, 1, 0, 2, 3, 3, 2, 3, 0, 0, 2, 2, 0, 2, 7, 0]), 'sensitivity': array([0.73913043, 0.82608696, 0.86956522, 0.52173913, 0.13043478,
       0.73913043, 0.52173913, 0.47826087, 0.86956522, 0.47826087,
       0.69565217, 0.82608696, 0.26086957, 0.86956522, 0.86956522,
       0.30434783, 0.52173913, 0.73913043, 0.86956522, 0.0, 0.2173913,
       0.86956522, 0.86956522, 0.86956522, 0.73913043, 0.82608696,
       0.86956522, 0.73913043, 0.52173913, 0.52173913, 0.73913043,
       0.52173913, 0.86956522, 0.86956522, 0.73913043, 0.65217391,
       0.86956522, 0.73913043, 0.0, 0.86956522]), 'tpos': array([5, 7, 7, 4, 1, 5, 4, 4, 7, 4, 5, 7, 3, 7, 7, 3, 4, 5, 7, 0, 2, 7, 7,
       7, 5, 6, 7, 5, 4, 4, 5, 4, 7, 7, 5, 5, 7, 5, 0, 7])}, {'specificity': array([0.38461538, 0.17948718, 0.74358974, 0.69230769, 0.30769231,
       0.33333333, 0.28205128, 0.51282051, 0.15384615, 0.58974359,
       0.1025641, 0.20512821, 0.35897436, 0.76923077, 0.46153846,
       0.051282051, 0.71794872, 0.076923077, 0.41025641, 0.64102564,
       0.48717949, 0.82051282, 0.025641026, 0.8974359, 0.53846154,
       0.66666667, 0.87179487, 0.84615385, 0.12820513, 0.23076923,
       0.43589744, 0.56410256, 0.25641026, 0.61538462, 1.0, 0.97435897,
       0.94871795, 0.92307692, 0.79487179]), 'tneg': array([ 2,  1,  9,  8,  1,  2,  1,  4,  1,  7,  1,  1,  2, 10,  2,  1,  9,
        1,  2,  7,  4, 10,  0, 12,  5,  8, 12, 10,  1,  1,  2,  5,  1,  7,
       12, 12, 12, 12, 10]), 'fpos': array([10, 11,  3,  4, 11, 10, 11,  8, 11,  5, 11, 11, 10,  2, 10, 11,  3,
       11, 10,  5,  8,  2, 12,  0,  7,  4,  0,  2, 11, 11, 10,  7, 11,  5,
        0,  0,  0,  0,  2]), 'threshold': [1.873655579898998, 1.8606812992802384, 1.8977507781946756, 1.8950428330896538, 1.8665567086089929, 1.8734128421113778, 1.8652777297977767, 1.8815653804991441, 1.8599836809233175, 1.8863249844981522, 1.8587947064822474, 1.8612030585095034, 1.8736324044024781, 1.8995615418147895, 1.8754466065902469, 1.855117707173555, 1.8974505424014936, 1.857257611171937, 1.8740690566562903, 1.8924498776108762, 1.8798292963244159, 1.9038214067759851, 1.8448657183616524, 1.9164265643773131, 1.8847173115427391, 1.8935065419247761, 1.9148943327467378, 1.9082622818117405, 1.8595690821741313, 1.8629021747563006, 1.87483477585789, 1.8852488587747271, 1.8642526932331491, 1.8920746858572421, 1.9366001442557905, 1.9357727254136372, 1.9254190896091765, 1.925156221606827, 1.9008304370845943], 'fneg': array([0, 0, 2, 2, 0, 0, 0, 0, 0, 1, 0, 0, 0, 2, 0, 0, 2, 0, 0, 2, 0, 3, 0,
       3, 0, 2, 3, 3, 0, 0, 0, 1, 0, 1, 4, 4, 4, 4, 2]), 'sensitivity': array([0.88, 0.96, 0.52, 0.56, 0.92, 0.88, 0.92, 0.84, 0.96, 0.72, 0.96,
       0.96, 0.88, 0.52, 0.88, 1.0, 0.52, 0.96, 0.88, 0.6, 0.84, 0.48, 1.0,
       0.32, 0.76, 0.6, 0.36, 0.4, 0.96, 0.96, 0.88, 0.76, 0.92, 0.6, 0.04,
       0.08, 0.16, 0.2, 0.48]), 'tpos': array([4, 4, 2, 2, 4, 4, 4, 4, 4, 3, 4, 4, 4, 2, 4, 4, 2, 4, 4, 2, 4, 1, 4,
       1, 4, 2, 1, 1, 4, 4, 4, 3, 4, 3, 0, 0, 0, 0, 2])}, {'specificity': array([0.41463415, 0.048780488, 0.58536585, 0.43902439, 0.68292683,
       0.7804878, 0.97560976, 0.87804878, 0.95121951, 0.24390244,
       0.31707317, 0.29268293, 0.92682927, 0.51219512, 0.097560976,
       0.26829268, 0.63414634, 0.65853659, 0.46341463, 0.73170732,
       0.12195122, 0.17073171, 0.3902439, 0.2195122, 0.75609756,
       0.36585366, 0.024390244, 0.53658537, 0.90243902, 0.6097561,
       0.14634146, 0.073170732, 0.82926829, 0.70731707, 0.48780488,
       0.19512195, 0.80487805, 0.34146341, 1.0, 0.85365854, 0.56097561]), 'tneg': array([ 7,  0,  8,  8,  8,  9, 14, 13, 14,  3,  5,  4, 13,  8,  1,  4,  8,
        8,  8,  9,  1,  2,  7,  3,  9,  7,  0,  8, 13,  8,  2,  0, 10,  8,
        8,  2,  9,  7, 14, 10,  8]), 'fpos': array([ 7, 14,  6,  6,  6,  5,  0,  1,  0, 11,  9, 10,  1,  6, 13, 10,  6,
        6,  6,  5, 13, 12,  7, 11,  5,  7, 14,  6,  1,  6, 12, 14,  4,  6,
        6, 12,  5,  7,  0,  4,  6]), 'threshold': [1.7849554529739302, 1.4948147701103869, 1.85316242653506, 1.8046697252656467, 1.9090102040782637, 1.9518700679627405, 2.2391395269000323, 2.1106693707333823, 2.1693702628006375, 1.7148462788573124, 1.7320309540031333, 1.7254332704071018, 2.1261612962436147, 1.8269592377198123, 1.5950682583218183, 1.7234687449287203, 1.8945920787677015, 1.9016746135749074, 1.8155154849031256, 1.9469517164955321, 1.598087804621763, 1.6583762575471006, 1.78217302464346, 1.7047372629811908, 1.948327847966419, 1.7479183736836761, 1.4422437159525416, 1.8418822384116886, 2.1127136061702783, 1.8747773153797327, 1.6132170831891652, 1.580340654776619, 2.0146112260216222, 1.920002884821564, 1.815894660394539, 1.674369051117087, 1.9770980862771768, 1.7433893307003985, 2.3237803847613741, 2.0304450694384135, 1.8446864941507453], 'fneg': array([1, 0, 2, 2, 2, 2, 2, 2, 2, 1, 1, 1, 2, 2, 1, 1, 2, 2, 2, 2, 1, 1, 1,
       1, 2, 1, 0, 2, 2, 2, 1, 1, 2, 2, 2, 1, 2, 1, 2, 2, 2]), 'sensitivity': array([0.82608696, 1.0, 0.73913043, 0.7826087, 0.69565217, 0.60869565,
       0.2173913, 0.39130435, 0.34782609, 0.95652174, 0.95652174,
       0.95652174, 0.34782609, 0.7826087, 1.0, 0.95652174, 0.69565217,
       0.69565217, 0.7826087, 0.60869565, 1.0, 1.0, 0.86956522, 0.95652174,
       0.60869565, 0.95652174, 1.0, 0.73913043, 0.39130435, 0.73913043,
       1.0, 1.0, 0.56521739, 0.69565217, 0.7826087, 1.0, 0.56521739,
       0.95652174, 0.2173913, 0.56521739, 0.73913043]), 'tpos': array([1, 2, 0, 0, 0, 0, 0, 0, 0, 1, 1, 1, 0, 0, 1, 1, 0, 0, 0, 0, 1, 1, 1,
       1, 0, 1, 2, 0, 0, 0, 1, 1, 0, 0, 0, 1, 0, 1, 0, 0, 0])}, {'specificity': array([0.375, 0.2, 0.625, 0.425, 0.9, 0.95, 0.275, 0.325, 0.85, 0.25, 0.55,
       0.65, 0.225, 0.4, 0.775, 0.725, 1.0, 0.025, 0.15, 0.925, 0.45,
       0.875, 0.825, 0.975, 0.475, 0.8, 0.525, 0.05, 0.075, 0.575, 0.7,
       0.125, 0.175, 0.675, 0.75, 0.1, 0.6, 0.35, 0.5, 0.3]), 'tneg': array([0, 0, 0, 0, 0, 0, 0, 0, 0, 0, 0, 0, 0, 0, 0, 0, 0, 0, 0, 0, 0, 0, 0,
       0, 0, 0, 0, 0, 0, 0, 0, 0, 0, 0, 0, 0, 0, 0, 0, 0]), 'fpos': array([14, 14, 14, 14, 14, 14, 14, 14, 14, 14, 14, 14, 14, 14, 14, 14, 14,
       14, 14, 14, 14, 14, 14, 14, 14, 14, 14, 14, 14, 14, 14, 14, 14, 14,
       14, 14, 14, 14, 14, 14]), 'threshold': [1.71863753182358, 1.5720459194279226, 1.9307871077405032, 1.7378897022826045, 2.3627933644198178, 2.4237368718228884, 1.6404410455694414, 1.6798763779213912, 2.2247126616903019, 1.6098335212434005, 1.8104796149458446, 1.9316312244425324, 1.5916918307656562, 1.7355533495233881, 2.0903740441359817, 1.9882909116637677, 2.9108012002890327, 1.2922723100548494, 1.5218841970875492, 2.3696627323838695, 1.7415855581090225, 2.3226678364282805, 2.1790747284194163, 2.4974178295696525, 1.7450642604325939, 2.1267493149093983, 1.8041504503972941, 1.4133576365858662, 1.4555625736769056, 1.8144812421616618, 1.9772760477667852, 1.5198235098988782, 1.5441174703152591, 1.974289566439688, 2.0002758067973145, 1.515089589485747, 1.8636253744278024, 1.6963053848563303, 1.7459270685559547, 1.6627806440938615], 'fneg': array([0, 0, 0, 0, 0, 0, 0, 0, 0, 0, 0, 0, 0, 0, 0, 0, 0, 0, 0, 0, 0, 0, 0,
       0, 0, 0, 0, 0, 0, 0, 0, 0, 0, 0, 0, 0, 0, 0, 0, 0]), 'sensitivity': array([0.875, 1.0, 0.83333333, 0.875, 0.29166667, 0.29166667, 0.91666667,
       0.91666667, 0.375, 0.95833333, 0.83333333, 0.79166667, 1.0, 0.875,
       0.54166667, 0.75, 0.041666667, 1.0, 1.0, 0.29166667, 0.875,
       0.33333333, 0.45833333, 0.25, 0.875, 0.5, 0.83333333, 1.0, 1.0,
       0.83333333, 0.75, 1.0, 1.0, 0.75, 0.70833333, 1.0, 0.83333333,
       0.875, 0.875, 0.91666667]), 'tpos': array([2, 2, 2, 2, 2, 2, 2, 2, 2, 2, 2, 2, 2, 2, 2, 2, 2, 2, 2, 2, 2, 2, 2,
       2, 2, 2, 2, 2, 2, 2, 2, 2, 2, 2, 2, 2, 2, 2, 2, 2])}, {'specificity': array([0.088888889, 0.46666667, 0.37777778, 0.77777778, 0.86666667,
       0.68888889, 0.88888889, 0.28888889, 0.15555556, 0.42222222,
       0.22222222, 0.8, 0.44444444, 0.24444444, 0.33333333, 0.93333333,
       0.57777778, 0.55555556, 0.62222222, 0.82222222, 0.26666667, 0.2,
       0.97777778, 0.66666667, 0.75555556, 0.17777778, 0.95555556,
       0.84444444, 1.0, 0.31111111, 0.51111111, 0.71111111, 0.044444444,
       0.53333333, 0.64444444, 0.13333333, 0.11111111, 0.73333333,
       0.022222222, 0.066666667, 0.48888889, 0.91111111, 0.35555556, 0.4,
       0.6]), 'tneg': array([11, 11, 11, 11, 11, 11, 11, 11, 11, 11, 11, 11, 11, 11, 11, 11, 11,
       11, 11, 11, 11, 11, 11, 11, 11, 11, 11, 11, 11, 11, 11, 11, 11, 11,
       11, 11, 11, 11, 11, 11, 11, 11, 11, 11, 11]), 'fpos': array([0, 0, 0, 0, 0, 0, 0, 0, 0, 0, 0, 0, 0, 0, 0, 0, 0, 0, 0, 0, 0, 0, 0,
       0, 0, 0, 0, 0, 0, 0, 0, 0, 0, 0, 0, 0, 0, 0, 0, 0, 0, 0, 0, 0, 0]), 'threshold': [1.1840550199627475, 1.6756584950008109, 1.5934466708323078, 2.1149239792070262, 2.2893760660232374, 1.9166382100076498, 2.3011695887094294, 1.4879812513611879, 1.2615058623273081, 1.6174064754280035, 1.3629700228483952, 2.1250569771778625, 1.6523752506834419, 1.3942358797643268, 1.5172987492649201, 2.3728124497542353, 1.7942092288644604, 1.7323357558717896, 1.8265777655091782, 2.1805621664786528, 1.4782160546933518, 1.3479693089412095, 2.6208027746577325, 1.881235234817219, 2.03867969753582, 1.3096277510322079, 2.512368302637991, 2.214534776036202, 2.7978229463067072, 1.5127336189454512, 1.691738158846809, 1.9169790822107073, 0.89747988641809573, 1.7128618129260498, 1.8639180373491282, 1.2547495749324742, 1.2030729551850521, 1.9888572863963023, 0.76966736283760806, 0.93763128705237542, 1.6784674274674085, 2.3550840063521381, 1.5645152065997658, 1.6056007431333341, 1.8081115644469565], 'fneg': array([4, 4, 4, 4, 4, 4, 4, 4, 4, 4, 4, 4, 4, 4, 4, 4, 4, 4, 4, 4, 4, 4, 4,
       4, 4, 4, 4, 4, 4, 4, 4, 4, 4, 4, 4, 4, 4, 4, 4, 4, 4, 4, 4, 4, 4]), 'sensitivity': array([1.0, 0.75, 0.85, 0.65, 0.45, 0.75, 0.45, 1.0, 1.0, 0.85, 1.0, 0.65,
       0.85, 1.0, 1.0, 0.35, 0.75, 0.75, 0.75, 0.6, 1.0, 1.0, 0.25, 0.75,
       0.65, 1.0, 0.3, 0.55, 0.15, 1.0, 0.75, 0.75, 1.0, 0.75, 0.75, 1.0,
       1.0, 0.7, 1.0, 1.0, 0.75, 0.4, 0.85, 0.85, 0.75]), 'tpos': array([0, 0, 0, 0, 0, 0, 0, 0, 0, 0, 0, 0, 0, 0, 0, 0, 0, 0, 0, 0, 0, 0, 0,
       0, 0, 0, 0, 0, 0, 0, 0, 0, 0, 0, 0, 0, 0, 0, 0, 0, 0, 0, 0, 0, 0])}], <Model object at 0x0000000000000708>)
#lasso
([{'specificity': array([0.29268293, 0.12195122, 0.43902439, 0.26829268, 0.31707317,
       0.63414634, 0.68292683, 0.87804878, 0.70731707, 0.34146341,
       0.73170732, 0.53658537, 0.46341463, 0.7804878, 0.82926829, 1.0,
       0.24390244, 0.75609756, 0.85365854, 0.17073171, 0.2195122,
       0.6097561, 0.36585366, 0.14634146, 0.19512195, 0.073170732,
       0.90243902, 0.097560976, 0.048780488, 0.56097561, 0.41463415,
       0.024390244, 0.97560976, 0.95121951, 0.51219512, 0.92682927,
       0.65853659, 0.58536585, 0.80487805, 0.48780488, 0.3902439]), 'tneg': array([ 4,  0,  5,  3,  4,  7,  7,  9,  7,  4,  7,  7,  5,  7,  7, 10,  2,
        7,  7,  1,  1,  7,  4,  1,  1,  0,  9,  0,  0,  7,  5,  0, 10,  9,
        7,  9,  7,  7,  7,  7,  4]), 'fpos': array([ 7, 11,  6,  8,  7,  4,  4,  2,  4,  7,  4,  4,  6,  4,  4,  1,  9,
        4,  4, 10, 10,  4,  7, 10, 10, 11,  2, 11, 11,  4,  6, 11,  1,  2,
        4,  2,  4,  4,  4,  4,  7]), 'threshold': [1.9318779458603785, 1.90701447372002, 1.948189187271016, 1.9302809894644459, 1.9325153229705363, 1.9733082034774585, 1.9768712289019059, 2.011891184247439, 1.9784030789136, 1.9338440148888934, 1.9828614174934409, 1.9659053824219031, 1.9509869921664815, 1.9953868714104697, 1.9997683959263619, 2.0408175250585221, 1.9293071500560914, 1.9949176607701888, 2.0055901906009863, 1.9115091818540662, 1.9162203176080115, 1.9724329508377383, 1.9361178506946928, 1.9084586174728975, 1.9146187679998767, 1.898993753874697, 2.0127616989284545, 1.9027129530399172, 1.8935231707471762, 1.9668845586066408, 1.9457816983546321, 1.880351665792013, 2.0338632679001258, 2.0280084692949134, 1.9624850317896943, 2.0202359608997993, 1.9752707661680189, 1.9699883949671455, 1.9993536404178953, 1.9533304335945856, 1.9362806650001272], 'fneg': array([1, 1, 3, 1, 1, 5, 5, 6, 5, 2, 5, 5, 3, 5, 6, 6, 1, 5, 6, 1, 1, 5, 2,
       1, 1, 1, 6, 1, 1, 5, 3, 0, 6, 6, 5, 6, 5, 5, 5, 5, 2]), 'sensitivity': array([0.90909091, 1.0, 0.81818182, 0.90909091, 0.90909091, 0.54545455,
       0.54545455, 0.27272727, 0.54545455, 0.86363636, 0.45454545,
       0.81818182, 0.81818182, 0.31818182, 0.31818182, 0.0, 0.90909091,
       0.31818182, 0.31818182, 1.0, 1.0, 0.59090909, 0.86363636, 1.0, 1.0,
       1.0, 0.22727273, 1.0, 1.0, 0.77272727, 0.81818182, 1.0, 0.0,
       0.090909091, 0.81818182, 0.22727273, 0.54545455, 0.72727273,
       0.31818182, 0.81818182, 0.86363636]), 'tpos': array([5, 5, 3, 5, 5, 1, 1, 0, 1, 4, 1, 1, 3, 1, 0, 0, 5, 1, 0, 5, 5, 1, 4,
       5, 5, 5, 0, 5, 5, 1, 3, 6, 0, 0, 1, 0, 1, 1, 1, 1, 4])}, {'specificity': array([0.64102564, 0.48717949, 0.56410256, 0.35897436, 0.82051282,
       0.92307692, 0.94871795, 0.97435897, 0.8974359, 0.28205128,
       0.25641026, 0.74358974, 0.1025641, 0.41025641, 0.076923077,
       0.38461538, 0.33333333, 0.71794872, 0.30769231, 0.84615385,
       0.15384615, 0.43589744, 0.051282051, 0.025641026, 0.46153846,
       0.87179487, 0.79487179, 0.23076923, 0.58974359, 0.53846154,
       0.66666667, 0.69230769, 0.12820513, 0.51282051, 0.20512821,
       0.76923077, 1.0, 0.61538462, 0.17948718]), 'tneg': array([ 8,  8,  8,  5, 10, 11, 11, 11, 10,  5,  5, 10,  2,  5,  2,  5,  5,
        9,  5, 10,  3,  7,  2,  0,  7, 10, 10,  5,  8,  8,  9,  9,  3,  8,
        5, 10, 12,  8,  3]), 'fpos': array([ 4,  4,  4,  7,  2,  1,  1,  1,  2,  7,  7,  2, 10,  7, 10,  7,  7,
        3,  7,  2,  9,  5, 10, 12,  5,  2,  2,  7,  4,  4,  3,  3,  9,  4,
        7,  2,  0,  4,  9]), 'threshold': [1.8079732251880512, 1.7756777107282271, 1.7944451082662896, 1.7318511713313058, 1.8672275707401458, 1.9827483369531047, 1.9935129659837678, 2.1744277885468803, 1.9483653786306492, 1.7218502476309259, 1.7193597155711833, 1.8473101180134992, 1.6955609203074225, 1.7333373410492312, 1.687229785589349, 1.7330742355757769, 1.7266640815194692, 1.8430043412678796, 1.7262442708955708, 1.8857880293876612, 1.7010299498975416, 1.7445460751739617, 1.6862739209255111, 1.6054010822211273, 1.7466470192397186, 1.9394014383845417, 1.8507764241201237, 1.7170848189362571, 1.7950000656956435, 1.7909680166950974, 1.8308252984564812, 1.8341428268284012, 1.700236594637444, 1.7838336120055878, 1.7145863081748896, 1.8488436981198022, 2.3533031046501454, 1.8003617050979808, 1.7052060076985574], 'fneg': array([2, 1, 2, 0, 2, 2, 2, 4, 2, 0, 0, 2, 0, 0, 0, 0, 0, 2, 0, 2, 0, 0, 0,
       0, 0, 2, 2, 0, 2, 2, 2, 2, 0, 1, 0, 2, 4, 2, 0]), 'sensitivity': array([0.76, 0.8, 0.8, 0.92, 0.6, 0.36, 0.32, 0.2, 0.48, 0.96, 0.96, 0.64,
       0.96, 0.92, 1.0, 0.92, 0.96, 0.68, 0.96, 0.6, 0.96, 0.92, 1.0, 1.0,
       0.92, 0.48, 0.64, 0.96, 0.8, 0.8, 0.72, 0.72, 0.96, 0.8, 0.96, 0.64,
       0.08, 0.76, 0.96]), 'tpos': array([2, 3, 2, 4, 2, 2, 2, 0, 2, 4, 4, 2, 4, 4, 4, 4, 4, 2, 4, 2, 4, 4, 4,
       4, 4, 2, 2, 4, 2, 2, 2, 2, 4, 3, 4, 2, 0, 2, 4])}, {'specificity': array([0.6, 0.275, 0.25, 0.7, 0.825, 0.9, 0.95, 0.925, 0.775, 0.125, 0.325,
       0.425, 0.15, 0.45, 0.375, 0.725, 0.975, 1.0, 0.225, 0.2, 0.675, 0.1,
       0.35, 0.05, 0.3, 0.475, 0.85, 0.575, 0.55, 0.5, 0.4, 0.525, 0.625,
       0.875, 0.175, 0.65, 0.075, 0.75, 0.8, 0.025]), 'tneg': array([12, 12, 12, 12, 12, 12, 12, 12, 12, 12, 12, 12, 12, 12, 12, 12, 12,
       12, 12, 12, 12, 12, 12, 12, 12, 12, 12, 12, 12, 12, 12, 12, 12, 12,
       12, 12, 12, 12, 12, 12]), 'fpos': array([0, 0, 0, 0, 0, 0, 0, 0, 0, 0, 0, 0, 0, 0, 0, 0, 0, 0, 0, 0, 0, 0, 0,
       0, 0, 0, 0, 0, 0, 0, 0, 0, 0, 0, 0, 0, 0, 0, 0, 0]), 'threshold': [1.8645552150763747, 1.7532431402292823, 1.7478619075574353, 1.8953353584954713, 1.97500999083031, 2.1171532308745578, 2.1927518393496377, 2.1172281922642817, 1.9057235370946817, 1.7189014920810832, 1.7625690371452771, 1.8177387234995612, 1.7325266238371806, 1.819863465775903, 1.7829714066983868, 1.8977852411434073, 2.3639874968347074, 2.4068279804933042, 1.7467989670691639, 1.7438793688088095, 1.8950578207340787, 1.7180448361812453, 1.7721747194044437, 1.668835978201594, 1.7542803714640529, 1.8349963158366232, 1.9780372398093056, 1.8628960725582449, 1.8562914994253292, 1.8528544794866606, 1.813210906840679, 1.8552154335595152, 1.8711578358364402, 2.0122330351227289, 1.7433316419907246, 1.8937361709025384, 1.6711880515742572, 1.9022501715537978, 1.9341361213571866, 1.5481985005809023], 'fneg': array([4, 4, 4, 4, 4, 4, 4, 4, 4, 4, 4, 4, 4, 4, 4, 4, 4, 4, 4, 4, 4, 4, 4,
       4, 4, 4, 4, 4, 4, 4, 4, 4, 4, 4, 4, 4, 4, 4, 4, 4]), 'sensitivity': array([0.70833333, 1.0, 1.0, 0.70833333, 0.5, 0.33333333, 0.16666667,
       0.33333333, 0.66666667, 1.0, 1.0, 0.875, 1.0, 0.875, 1.0,
       0.66666667, 0.16666667, 0.16666667, 1.0, 1.0, 0.70833333, 1.0, 1.0,
       1.0, 1.0, 0.75, 0.45833333, 0.70833333, 0.75, 0.75, 0.91666667,
       0.75, 0.70833333, 0.41666667, 1.0, 0.70833333, 1.0, 0.66666667,
       0.58333333, 1.0]), 'tpos': array([0, 0, 0, 0, 0, 0, 0, 0, 0, 0, 0, 0, 0, 0, 0, 0, 0, 0, 0, 0, 0, 0, 0,
       0, 0, 0, 0, 0, 0, 0, 0, 0, 0, 0, 0, 0, 0, 0, 0, 0])}, {'specificity': array([0.57894737, 0.39473684, 0.36842105, 0.84210526, 0.68421053,
       0.94736842, 0.81578947, 0.55263158, 0.18421053, 0.60526316,
       0.10526316, 0.28947368, 0.23684211, 0.34210526, 0.92105263, 1.0,
       0.44736842, 0.13157895, 0.63157895, 0.21052632, 0.078947368,
       0.31578947, 0.47368421, 0.65789474, 0.73684211, 0.15789474,
       0.42105263, 0.5, 0.52631579, 0.71052632, 0.26315789, 0.89473684,
       0.052631579, 0.76315789, 0.97368421, 0.78947368, 0.86842105,
       0.026315789]), 'tneg': array([12, 12, 12, 12, 12, 12, 12, 12, 12, 12, 12, 12, 12, 12, 12, 12, 12,
       12, 12, 12, 12, 12, 12, 12, 12, 12, 12, 12, 12, 12, 12, 12, 12, 12,
       12, 12, 12, 12]), 'fpos': array([0, 0, 0, 0, 0, 0, 0, 0, 0, 0, 0, 0, 0, 0, 0, 0, 0, 0, 0, 0, 0, 0, 0,
       0, 0, 0, 0, 0, 0, 0, 0, 0, 0, 0, 0, 0, 0, 0]), 'threshold': [1.8506689725483123, 1.7849975233579247, 1.7847351525512272, 1.9835244329453694, 1.8978337587472645, 2.1222312972747215, 1.9762173087565169, 1.8489271335128539, 1.737356336745383, 1.8575114377397342, 1.7148448521633883, 1.7549614468320147, 1.7450975764529404, 1.7733841918150097, 2.1098775503969196, 2.5393655130323234, 1.8068245904173153, 1.7258074166817237, 1.8842602376205815, 1.7394302076451311, 1.6501379019368025, 1.7647242548526372, 1.8104912444259527, 1.8912989691468278, 1.9248888176175834, 1.7339444860966784, 1.8045983489982023, 1.8141052884938895, 1.8278141685096521, 1.9203061808774837, 1.752576433145328, 2.0406763649932214, 1.6205117738399963, 1.9369098471439128, 2.439250343065293, 1.9419107607878741, 1.9927614170809178, 1.5136118888943595], 'fneg': array([4, 4, 4, 4, 4, 4, 4, 4, 4, 4, 4, 4, 4, 4, 4, 4, 4, 4, 4, 4, 4, 4, 4,
       4, 4, 4, 4, 4, 4, 4, 4, 4, 4, 4, 4, 4, 4, 4]), 'sensitivity': array([0.73076923, 0.96153846, 0.96153846, 0.53846154, 0.65384615,
       0.26923077, 0.53846154, 0.76923077, 1.0, 0.73076923, 1.0, 1.0, 1.0,
       0.96153846, 0.26923077, 0.0, 0.84615385, 1.0, 0.69230769, 1.0, 1.0,
       0.96153846, 0.84615385, 0.69230769, 0.65384615, 1.0, 0.84615385,
       0.80769231, 0.80769231, 0.65384615, 1.0, 0.38461538, 1.0,
       0.61538462, 0.076923077, 0.57692308, 0.53846154, 1.0]), 'tpos': array([0, 0, 0, 0, 0, 0, 0, 0, 0, 0, 0, 0, 0, 0, 0, 0, 0, 0, 0, 0, 0, 0, 0,
       0, 0, 0, 0, 0, 0, 0, 0, 0, 0, 0, 0, 0, 0, 0])}, {'specificity': array([0.95, 0.35, 0.325, 0.15, 0.375, 0.675, 0.8, 0.85, 0.9, 0.75, 0.65,
       0.275, 0.1, 0.725, 0.125, 0.225, 0.4, 0.575, 0.45, 0.5, 0.925, 1.0,
       0.475, 0.2, 0.175, 0.025, 0.825, 0.425, 0.05, 0.25, 0.6, 0.525,
       0.55, 0.875, 0.3, 0.775, 0.975, 0.7, 0.625, 0.075]), 'tneg': array([13, 13, 13, 13, 13, 13, 13, 13, 13, 13, 13, 13, 13, 13, 13, 13, 13,
       13, 13, 13, 13, 13, 13, 13, 13, 13, 13, 13, 13, 13, 13, 13, 13, 13,
       13, 13, 13, 13, 13, 13]), 'fpos': array([0, 0, 0, 0, 0, 0, 0, 0, 0, 0, 0, 0, 0, 0, 0, 0, 0, 0, 0, 0, 0, 0, 0,
       0, 0, 0, 0, 0, 0, 0, 0, 0, 0, 0, 0, 0, 0, 0, 0, 0]), 'threshold': [2.2209315043221856, 1.7902953126055554, 1.7837806627007309, 1.713005905640256, 1.7977006993053628, 1.9387972255716868, 2.0596645048907085, 2.0912740835168062, 2.1232774050465735, 1.9467426364165832, 1.9373116268775514, 1.7609798907392222, 1.6540076211427601, 1.9458422932341828, 1.7019449362454164, 1.7448254032786552, 1.8158731232194345, 1.9063201429337371, 1.834846164027925, 1.8391215563932242, 2.2079424908404683, 2.7285059365987685, 1.8366045259058337, 1.7325745136098953, 1.7171647740134475, 1.5497334223146144, 2.0835408563300404, 1.825172201351982, 1.6295191703916174, 1.7460243572391998, 1.9084184611689825, 1.8451514351172458, 1.9035225623094663, 2.0981321919843334, 1.7684879052976943, 1.9842497098465124, 2.3478727381855187, 1.9429556044925789, 1.9092691362931367, 1.6414451545922071], 'fneg': array([2, 2, 2, 2, 2, 2, 2, 2, 2, 2, 2, 2, 2, 2, 2, 2, 2, 2, 2, 2, 2, 2, 2,
       2, 2, 2, 2, 2, 2, 2, 2, 2, 2, 2, 2, 2, 2, 2, 2, 2]), 'sensitivity': array([0.28, 0.96, 0.96, 1.0, 0.96, 0.72, 0.52, 0.44, 0.36, 0.72, 0.72,
       1.0, 1.0, 0.72, 1.0, 1.0, 0.92, 0.72, 0.88, 0.88, 0.28, 0.0, 0.88,
       1.0, 1.0, 1.0, 0.44, 0.92, 1.0, 1.0, 0.72, 0.84, 0.72, 0.44, 1.0,
       0.64, 0.2, 0.72, 0.72, 1.0]), 'tpos': array([0, 0, 0, 0, 0, 0, 0, 0, 0, 0, 0, 0, 0, 0, 0, 0, 0, 0, 0, 0, 0, 0, 0,
       0, 0, 0, 0, 0, 0, 0, 0, 0, 0, 0, 0, 0, 0, 0, 0, 0])}], <Model object at 0x0000000000000A34>)
#lasso
([{'specificity': array([0.47368421, 0.42105263, 0.89473684, 0.92105263, 1.0, 0.65789474,
       0.86842105, 0.15789474, 0.078947368, 0.13157895, 0.31578947,
       0.57894737, 0.63157895, 0.026315789, 0.94736842, 0.18421053,
       0.28947368, 0.10526316, 0.44736842, 0.71052632, 0.68421053,
       0.34210526, 0.73684211, 0.84210526, 0.81578947, 0.60526316,
       0.21052632, 0.55263158, 0.39473684, 0.26315789, 0.23684211, 0.5,
       0.52631579, 0.97368421, 0.78947368, 0.76315789, 0.36842105,
       0.052631579]), 'tneg': array([ 3,  3, 13, 13, 15,  8, 12,  2,  2,  2,  2,  5,  7,  0, 14,  2,  2,
        2,  3,  8,  8,  3,  9, 11,  9,  7,  2,  5,  3,  2,  2,  5,  5, 14,
        9,  9,  3,  2]), 'fpos': array([12, 12,  2,  2,  0,  7,  3, 13, 13, 13, 13, 10,  8, 15,  1, 13, 13,
       13, 12,  7,  7, 12,  6,  4,  6,  8, 13, 10, 12, 13, 13, 10, 10,  1,
        6,  6, 12, 13]), 'threshold': [1.9190746138736392, 1.9188139083824012, 2.2144118708641516, 2.2208705998311089, 2.3508519406173733, 1.946559916875426, 2.0996299614507263, 1.8951112814330866, 1.8932955032767114, 1.8942879784256319, 1.911721840638535, 1.92890433420343, 1.9413280114526001, 1.87235258634839, 2.2623267132573832, 1.8965601420248479, 1.9110345265325053, 1.8937981638572046, 1.919034883600832, 1.9553557435418476, 1.9510028115451019, 1.9124751871152719, 1.9643478514406718, 2.0563666372731966, 1.9815703469199106, 1.9369514510362691, 1.9010315134579481, 1.9270381805846932, 1.9138810470383576, 1.9085095834898409, 1.904268358990439, 1.9220712209646422, 1.9252888865585831, 2.2787389154184776, 1.9712140803496228, 1.967204433254754, 1.9135827848582223, 1.8885834538465507], 'fneg': array([0, 0, 2, 2, 2, 0, 2, 0, 0, 0, 0, 0, 0, 0, 2, 0, 0, 0, 0, 0, 0, 0, 0,
       1, 0, 0, 0, 0, 0, 0, 0, 0, 0, 2, 0, 0, 0, 0]), 'sensitivity': array([0.96, 0.96, 0.36, 0.36, 0.16, 0.8, 0.48, 1.0, 1.0, 1.0, 1.0, 0.96,
       0.88, 1.0, 0.32, 1.0, 1.0, 1.0, 0.96, 0.76, 0.8, 1.0, 0.76, 0.56,
       0.72, 0.92, 1.0, 0.96, 0.96, 1.0, 1.0, 0.96, 0.96, 0.32, 0.72, 0.76,
       0.96, 1.0]), 'tpos': array([2, 2, 0, 0, 0, 2, 0, 2, 2, 2, 2, 2, 2, 2, 0, 2, 2, 2, 2, 2, 2, 2, 2,
       1, 2, 2, 2, 2, 2, 2, 2, 2, 2, 0, 2, 2, 2, 2])}, {'specificity': array([0.4, 0.3, 0.9, 0.925, 0.95, 0.75, 0.875, 0.85, 0.625, 0.6, 0.3, 0.3,
       0.825, 0.525, 0.3, 0.975, 0.3, 0.7, 0.3, 0.3, 0.5, 0.475, 0.8,
       0.775, 0.35, 0.55, 0.45, 0.725, 0.3, 0.325, 0.375, 0.675, 0.65, 0.3,
       0.575, 1.0, 0.3, 0.425, 0.3, 0.3]), 'tneg': array([ 7,  4, 11, 11, 11, 10, 11, 10,  7,  7,  4,  4, 10,  7,  4, 11,  4,
       10,  4,  4,  7,  7, 10, 10,  4,  7,  7, 10,  4,  4,  5, 10,  7,  4,
        7, 11,  4,  7,  4,  4]), 'fpos': array([4, 7, 0, 0, 0, 1, 0, 1, 4, 4, 7, 7, 1, 4, 7, 0, 7, 1, 7, 7, 4, 4, 1,
       1, 7, 4, 4, 1, 7, 7, 6, 1, 4, 7, 4, 0, 7, 4, 7, 7]), 'threshold': [1.8672753330693661, 1.8671107714962432, 2.0726826811727554, 2.1175035913577416, 2.1505648371551351, 1.9233979074214076, 2.0721553763470495, 1.9550143733859531, 1.8753559551187715, 1.8752878301664571, 1.8671107714962432, 1.8671107714962432, 1.9418718609403436, 1.8752049595534688, 1.8671107714962432, 2.1574401489010397, 1.8671107714962432, 1.9116155347163768, 1.8671107714962432, 1.8671107714962432, 1.8721234113857959, 1.8687227671211355, 1.9395588566070046, 1.9258474565725885, 1.8671895133242429, 1.8752382847465923, 1.8681052188521043, 1.9231610921109814, 1.8671107714962432, 1.8671494051272093, 1.8671971810677934, 1.9110257082894129, 1.8791429356930931, 1.8671107714962432, 1.8752449483106508, 2.1620239849781897, 1.8671107714962432, 1.867449419749458, 1.8671107714962432, 1.8671107714962432], 'fneg': array([1, 1, 4, 4, 5, 2, 4, 2, 2, 2, 1, 1, 2, 2, 1, 5, 1, 2, 1, 1, 2, 1, 2,
       2, 1, 2, 1, 2, 1, 1, 1, 2, 2, 1, 2, 5, 1, 1, 1, 1]), 'sensitivity': array([0.875, 0.91666667, 0.375, 0.29166667, 0.25, 0.625, 0.375, 0.625,
       0.79166667, 0.79166667, 0.91666667, 0.91666667, 0.625, 0.79166667,
       0.91666667, 0.25, 0.91666667, 0.625, 0.91666667, 0.91666667,
       0.79166667, 0.79166667, 0.625, 0.625, 0.91666667, 0.79166667,
       0.79166667, 0.625, 0.91666667, 0.91666667, 0.875, 0.625, 0.79166667,
       0.91666667, 0.79166667, 0.0, 0.91666667, 0.79166667, 0.91666667,
       0.91666667]), 'tpos': array([4, 4, 1, 1, 0, 3, 1, 3, 3, 3, 4, 4, 3, 3, 4, 0, 4, 3, 4, 4, 3, 4, 3,
       3, 4, 3, 4, 3, 4, 4, 4, 3, 3, 4, 3, 0, 4, 4, 4, 4])}, {'specificity': array([1.0, 0.58974359, 0.30769231, 0.69230769, 0.48717949, 0.8974359,
       0.97435897, 0.61538462, 0.82051282, 0.076923077, 0.28205128,
       0.33333333, 0.53846154, 0.23076923, 0.43589744, 0.56410256,
       0.94871795, 0.66666667, 0.79487179, 0.15384615, 0.17948718,
       0.92307692, 0.46153846, 0.84615385, 0.41025641, 0.74358974,
       0.35897436, 0.12820513, 0.38461538, 0.25641026, 0.20512821,
       0.64102564, 0.51282051, 0.025641026, 0.051282051, 0.87179487,
       0.76923077, 0.71794872, 0.1025641]), 'tneg': array([11,  4,  2,  4,  4,  9, 10,  4,  5,  1,  2,  3,  4,  2,  4,  4, 10,
        4,  5,  2,  2,  9,  4,  7,  4,  5,  3,  1,  3,  2,  2,  4,  4,  0,
        1,  8,  5,  4,  1]), 'fpos': array([ 0,  7,  9,  7,  7,  2,  1,  7,  6, 10,  9,  8,  7,  9,  7,  7,  1,
        7,  6,  9,  9,  2,  7,  4,  7,  6,  8, 10,  8,  9,  9,  7,  7, 11,
       10,  3,  6,  7, 10]), 'threshold': [2.3074566486397776, 1.8732737618216497, 1.814646840400693, 1.8978723762329193, 1.8621759055428044, 2.0562533513281833, 2.1411047632728217, 1.8852128344050296, 1.9677133766074284, 1.7574443316178221, 1.8141498957211721, 1.8256759758371688, 1.867822816731979, 1.8051942789794702, 1.8566455707255634, 1.872191746888336, 2.107279176139198, 1.8970687584603407, 1.9668586376984973, 1.77574542822678, 1.7866939625005682, 2.0799771348126006, 1.8615061696798654, 2.00285604062329, 1.8492558374017407, 1.9308146632207974, 1.8258673007640462, 1.760194123797787, 1.834898259785803, 1.8091135975578849, 1.8015364655731991, 1.8871794058175579, 1.8661982581039409, 1.7354408101718732, 1.744588117244789, 2.0081565346653503, 1.9446849999187552, 1.9142397304535113, 1.758157121462341], 'fneg': array([4, 1, 0, 1, 1, 2, 3, 1, 1, 0, 0, 0, 1, 0, 1, 1, 2, 1, 1, 0, 0, 2, 1,
       1, 1, 1, 0, 0, 1, 0, 0, 1, 1, 0, 0, 2, 1, 1, 0]), 'sensitivity': array([0.0, 0.76, 0.96, 0.72, 0.8, 0.32, 0.2, 0.72, 0.6, 1.0, 0.96, 0.96,
       0.8, 0.96, 0.84, 0.76, 0.2, 0.72, 0.6, 1.0, 0.96, 0.2, 0.8, 0.4,
       0.84, 0.64, 0.96, 1.0, 0.88, 0.96, 0.96, 0.72, 0.8, 1.0, 1.0, 0.36,
       0.64, 0.64, 1.0]), 'tpos': array([1, 4, 5, 4, 4, 3, 2, 4, 4, 5, 5, 5, 4, 5, 4, 4, 3, 4, 4, 5, 5, 3, 4,
       4, 4, 4, 5, 5, 4, 5, 5, 4, 4, 5, 5, 3, 4, 4, 5])}, {'specificity': array([0.53846154, 0.17948718, 0.51282051, 0.46153846, 0.92307692,
       0.94871795, 0.97435897, 0.38461538, 0.71794872, 0.84615385,
       0.051282051, 0.076923077, 0.20512821, 0.56410256, 0.48717949,
       0.82051282, 0.025641026, 0.66666667, 0.74358974, 0.8974359,
       0.23076923, 0.43589744, 0.79487179, 0.35897436, 0.69230769,
       0.87179487, 0.64102564, 0.28205128, 0.1025641, 0.30769231,
       0.25641026, 0.33333333, 0.41025641, 0.61538462, 0.12820513,
       0.15384615, 1.0, 0.76923077, 0.58974359]), 'tneg': array([ 5,  1,  5,  5, 10, 11, 11,  4,  8,  9,  1,  1,  1,  5,  5,  9,  1,
        8,  8, 10,  1,  5,  8,  4,  8,  9,  8,  3,  1,  3,  3,  4,  4,  7,
        1,  1, 11,  8,  5]), 'fpos': array([ 6, 10,  6,  6,  1,  0,  0,  7,  3,  2, 10, 10, 10,  6,  6,  2, 10,
        3,  3,  1, 10,  6,  3,  7,  3,  2,  3,  8, 10,  8,  8,  7,  7,  4,
       10, 10,  0,  3,  6]), 'threshold': [1.922569750974821, 1.8680747992646896, 1.9225380370811551, 1.9124715798860388, 2.0325642949219573, 2.0940626278542256, 2.1758717431747825, 1.8916116692013241, 1.9689739822689343, 2.001431944060875, 1.847435883096209, 1.8478174645777126, 1.8727819296971988, 1.9247028308986269, 1.9190605132382284, 1.9982901949863983, 1.8451922204153717, 1.9552077311251095, 1.9828727865788831, 2.0182050502246427, 1.8736562888464856, 1.9104623257619697, 1.9900090356497111, 1.8893920966774354, 1.9585252689505941, 2.0064043152795334, 1.9515354541270824, 1.8830443426896328, 1.8516044087409853, 1.8849156348424454, 1.879978975402645, 1.8855374997764929, 1.8960549859507632, 1.938260329787227, 1.8577368876043412, 1.8594342250482188, 2.1804006470709232, 1.9887500682169292, 1.9272436861878282], 'fneg': array([1, 0, 1, 1, 3, 3, 5, 0, 2, 3, 0, 0, 0, 1, 1, 3, 0, 1, 3, 3, 0, 0, 3,
       0, 1, 3, 1, 0, 0, 0, 0, 0, 0, 1, 0, 0, 5, 3, 1]), 'sensitivity': array([0.84, 1.0, 0.84, 0.88, 0.48, 0.32, 0.12, 1.0, 0.68, 0.6, 1.0, 1.0,
       1.0, 0.84, 0.88, 0.64, 1.0, 0.68, 0.68, 0.52, 1.0, 0.88, 0.64, 1.0,
       0.68, 0.6, 0.72, 1.0, 1.0, 1.0, 1.0, 1.0, 1.0, 0.72, 1.0, 1.0, 0.08,
       0.64, 0.8]), 'tpos': array([4, 5, 4, 4, 2, 2, 0, 5, 3, 2, 5, 5, 5, 4, 4, 2, 5, 4, 2, 2, 5, 5, 2,
       5, 4, 2, 4, 5, 5, 5, 5, 5, 5, 4, 5, 5, 0, 2, 4])}, {'specificity': array([0.39473684, 0.5, 0.55263158, 0.42105263, 0.94736842, 0.86842105,
       0.92105263, 0.36842105, 0.26315789, 0.21052632, 0.71052632,
       0.84210526, 0.63157895, 0.47368421, 0.97368421, 0.57894737,
       0.81578947, 0.18421053, 0.15789474, 0.078947368, 0.13157895,
       0.10526316, 0.28947368, 0.78947368, 0.60526316, 0.34210526,
       0.026315789, 0.89473684, 0.68421053, 0.23684211, 0.44736842,
       0.76315789, 0.52631579, 0.73684211, 1.0, 0.65789474, 0.31578947,
       0.052631579]), 'tneg': array([ 1,  2,  2,  1, 10,  8, 10,  1,  1,  0,  8,  8,  5,  2, 10,  3,  8,
        0,  0,  0,  0,  0,  1,  8,  5,  1,  0,  8,  7,  0,  1,  8,  2,  8,
       10,  6,  1,  0]), 'fpos': array([10,  9,  9, 10,  1,  3,  1, 10, 10, 11,  3,  3,  6,  9,  1,  8,  3,
       11, 11, 11, 11, 11, 10,  3,  6, 10, 11,  3,  4, 11, 10,  3,  9,  3,
        1,  5, 10, 11]), 'threshold': [1.7182715459058064, 1.7552957461021972, 1.7668307656189333, 1.7246405430784217, 2.1894091178340886, 1.9709537260666421, 2.1375233860448875, 1.7167221980160397, 1.7045605829828661, 1.681692872785908, 1.876944658188874, 1.9579885432950084, 1.8169106105524191, 1.7476711468600841, 2.2689225643677835, 1.7995201102758716, 1.9460238448213121, 1.6757526525941797, 1.6709416049052894, 1.6467386148882883, 1.6625614307274887, 1.6561378242830909, 1.7045964310496913, 1.9045941265977144, 1.8114100991010811, 1.7147323976381863, 1.6160948661089294, 2.0567626337322538, 1.8434340518818995, 1.6871407863451744, 1.7296605356227344, 1.901900295902154, 1.7628607632399811, 1.8826806895636721, 2.3302986780018258, 1.8191196050476044, 1.7117398187627069, 1.6429077403137766], 'fneg': array([0, 0, 0, 0, 2, 2, 2, 0, 0, 0, 1, 2, 0, 0, 2, 0, 2, 0, 0, 0, 0, 0, 0,
       2, 0, 0, 0, 2, 1, 0, 0, 2, 0, 1, 2, 0, 0, 0]), 'sensitivity': array([0.96296296, 0.88888889, 0.88888889, 0.96296296, 0.37037037,
       0.55555556, 0.40740741, 0.96296296, 1.0, 1.0, 0.62962963,
       0.55555556, 0.77777778, 0.92592593, 0.25925926, 0.81481481,
       0.55555556, 1.0, 1.0, 1.0, 1.0, 1.0, 1.0, 0.59259259, 0.77777778,
       0.96296296, 1.0, 0.48148148, 0.74074074, 1.0, 0.96296296,
       0.59259259, 0.88888889, 0.62962963, 0.22222222, 0.77777778,
       0.96296296, 1.0]), 'tpos': array([4, 4, 4, 4, 2, 2, 2, 4, 4, 4, 3, 2, 4, 4, 2, 4, 2, 4, 4, 4, 4, 4, 4,
       2, 4, 4, 4, 2, 3, 4, 4, 2, 4, 3, 2, 4, 4, 4])}], <Model object at 0x0000000000000D60>)
#lasso
([{'specificity': array([1.0, 0.56097561, 0.36585366, 0.46341463, 0.53658537, 0.63414634,
       0.87804878, 0.90243902, 0.95121951, 0.31707317, 0.48780488,
       0.26829268, 0.12195122, 0.85365854, 0.73170732, 0.048780488,
       0.17073171, 0.073170732, 0.19512195, 0.97560976, 0.29268293,
       0.68292683, 0.24390244, 0.80487805, 0.14634146, 0.82926829,
       0.2195122, 0.34146341, 0.024390244, 0.51219512, 0.7804878,
       0.43902439, 0.097560976, 0.41463415, 0.3902439, 0.6097561,
       0.70731707, 0.92682927, 0.65853659, 0.75609756, 0.58536585]), 'tneg': array([9, 4, 2, 2, 4, 5, 7, 9, 9, 0, 2, 0, 0, 7, 6, 0, 0, 0, 0, 9, 0, 6, 0,
       7, 0, 7, 0, 2, 0, 3, 6, 2, 0, 2, 2, 5, 6, 9, 6, 6, 4]), 'fpos': array([ 1,  6,  8,  8,  6,  5,  3,  1,  1, 10,  8, 10, 10,  3,  4, 10, 10,
       10, 10,  1, 10,  4, 10,  3, 10,  3, 10,  8, 10,  7,  4,  8, 10,  8,
        8,  5,  4,  1,  4,  4,  6]), 'threshold': [2.2887137911131918, 1.8441404095839722, 1.7407114285961796, 1.7594620811809483, 1.8194264063600221, 1.9078267132820406, 2.0476854868197765, 2.1051175821278747, 2.2237846570272808, 1.6748075465209795, 1.764949992710112, 1.6681110844294282, 1.603702847260307, 2.0471975547334331, 1.9416652446589571, 1.5387986509144849, 1.6105158418837076, 1.5575341167574504, 1.6145605285413929, 2.2298402796589269, 1.673844137833973, 1.9138888862905081, 1.6669995717894026, 2.0007566474204506, 1.6048488329324322, 2.0085633314714779, 1.6186514661767379, 1.7253183313288076, 1.3939216538937713, 1.8103774077496015, 1.9519621272040659, 1.7567083541596109, 1.5662076035678756, 1.7566934901765932, 1.7540774286243823, 1.8858749904171681, 1.917618261651562, 2.1166228172387695, 1.9126565165300526, 1.9493248684702402, 1.8538896102506413], 'fneg': array([4, 3, 2, 2, 3, 4, 4, 4, 4, 1, 2, 1, 0, 4, 4, 0, 0, 0, 0, 4, 1, 4, 1,
       4, 0, 4, 0, 1, 0, 3, 4, 2, 0, 2, 2, 4, 4, 4, 4, 4, 3]), 'sensitivity': array([0.17391304, 0.7826087, 0.95652174, 0.95652174, 0.82608696,
       0.7826087, 0.56521739, 0.52173913, 0.30434783, 0.95652174,
       0.95652174, 0.95652174, 1.0, 0.56521739, 0.7826087, 1.0, 1.0, 1.0,
       1.0, 0.26086957, 0.95652174, 0.7826087, 0.95652174, 0.65217391, 1.0,
       0.60869565, 1.0, 0.95652174, 1.0, 0.86956522, 0.73913043,
       0.95652174, 1.0, 0.95652174, 0.95652174, 0.7826087, 0.7826087,
       0.47826087, 0.7826087, 0.73913043, 0.7826087]), 'tpos': array([3, 4, 5, 5, 4, 3, 3, 3, 3, 6, 5, 6, 7, 3, 3, 7, 7, 7, 7, 3, 6, 3, 6,
       3, 7, 3, 7, 6, 7, 4, 3, 5, 7, 5, 5, 3, 3, 3, 3, 3, 4])}, {'specificity': array([0.28571429, 0.19047619, 0.26190476, 0.73809524, 0.23809524,
       0.83333333, 0.9047619, 0.5952381, 0.45238095, 0.42857143,
       0.85714286, 0.71428571, 0.57142857, 0.11904762, 1.0, 0.69047619,
       0.38095238, 0.30952381, 0.76190476, 0.97619048, 0.61904762,
       0.47619048, 0.095238095, 0.35714286, 0.21428571, 0.95238095,
       0.80952381, 0.92857143, 0.54761905, 0.047619048, 0.071428571,
       0.4047619, 0.64285714, 0.5, 0.16666667, 0.88095238, 0.78571429,
       0.52380952, 0.33333333, 0.66666667, 0.14285714, 0.023809524]), 'tneg': array([11, 11, 11, 11, 11, 11, 11, 11, 11, 11, 11, 11, 11, 11, 11, 11, 11,
       11, 11, 11, 11, 11, 11, 11, 11, 11, 11, 11, 11, 11, 11, 11, 11, 11,
       11, 11, 11, 11, 11, 11, 11, 11]), 'fpos': array([0, 0, 0, 0, 0, 0, 0, 0, 0, 0, 0, 0, 0, 0, 0, 0, 0, 0, 0, 0, 0, 0, 0,
       0, 0, 0, 0, 0, 0, 0, 0, 0, 0, 0, 0, 0, 0, 0, 0, 0, 0, 0]), 'threshold': [1.6469657449457902, 1.4843881695234942, 1.6442283508656888, 2.0187099144709495, 1.6361264807061255, 2.1928634791819022, 2.3023108160351828, 1.8250181346074621, 1.7427224878610206, 1.7317077787939621, 2.2327448882613394, 1.9119271444299533, 1.8179550800131632, 1.4101467099226954, 2.4394155692052228, 1.8810559819813635, 1.6961696180418873, 1.6682210539743054, 2.0213119073209795, 2.3783656546707532, 1.8498795258878407, 1.7582095673041946, 1.3695524240058967, 1.671998436494698, 1.5438574528266575, 2.3749442842370567, 2.0549326302719795, 2.3669397621682275, 1.8174318899068824, 1.2451916993097389, 1.3015905765135263, 1.7089566262805225, 1.8648308470558921, 1.7796216096448145, 1.4536462991705477, 2.2955777513195534, 2.0326629119594122, 1.7882742844283039, 1.6719189400469543, 1.8705296341437783, 1.41885944683822, 0.8852644905876661], 'fneg': array([5, 5, 5, 5, 5, 5, 5, 5, 5, 5, 5, 5, 5, 5, 5, 5, 5, 5, 5, 5, 5, 5, 5,
       5, 5, 5, 5, 5, 5, 5, 5, 5, 5, 5, 5, 5, 5, 5, 5, 5, 5, 5]), 'sensitivity': array([0.95652174, 1.0, 0.95652174, 0.91304348, 0.95652174, 0.65217391,
       0.47826087, 0.95652174, 0.95652174, 0.95652174, 0.56521739,
       0.91304348, 0.95652174, 1.0, 0.2173913, 0.95652174, 0.95652174,
       0.95652174, 0.91304348, 0.34782609, 0.95652174, 0.95652174, 1.0,
       0.95652174, 1.0, 0.34782609, 0.82608696, 0.39130435, 0.95652174,
       1.0, 1.0, 0.95652174, 0.95652174, 0.95652174, 1.0, 0.47826087,
       0.86956522, 0.95652174, 0.95652174, 0.95652174, 1.0, 1.0]), 'tpos': array([0, 0, 0, 0, 0, 0, 0, 0, 0, 0, 0, 0, 0, 0, 0, 0, 0, 0, 0, 0, 0, 0, 0,
       0, 0, 0, 0, 0, 0, 0, 0, 0, 0, 0, 0, 0, 0, 0, 0, 0, 0, 0])}, {'specificity': array([0.4, 0.075, 0.6, 0.525, 0.65, 0.3, 0.825, 0.425, 0.475, 0.325, 0.1,
       0.925, 0.15, 0.2, 0.35, 0.95, 0.45, 0.675, 0.575, 0.85, 1.0, 0.625,
       0.05, 0.8, 0.175, 0.5, 0.25, 0.9, 0.025, 0.275, 0.75, 0.725, 0.55,
       0.225, 0.875, 0.975, 0.775, 0.7, 0.375, 0.125]), 'tneg': array([ 5,  2,  8,  7,  9,  5, 10,  6,  6,  5,  2, 10,  4,  4,  5, 10,  6,
        9,  8, 10, 11,  8,  2, 10,  4,  6,  5, 10,  1,  5, 10, 10,  7,  5,
       10, 11, 10,  9,  5,  2]), 'fpos': array([ 6,  9,  3,  4,  2,  6,  1,  5,  5,  6,  9,  1,  7,  7,  6,  1,  5,
        2,  3,  1,  0,  3,  9,  1,  7,  5,  6,  1, 10,  6,  1,  1,  4,  6,
        1,  0,  1,  2,  6,  9]), 'threshold': [1.9158781908305951, 1.7314835544525078, 2.0003073103622024, 1.9670020398157391, 2.0226380393708037, 1.8819422173148874, 2.1137133582620606, 1.9369087120748296, 1.9458175951104706, 1.8863028753109938, 1.7521978621074645, 2.170429327349745, 1.8124113919870752, 1.8308796950801816, 1.9055535327674866, 2.1857889543947273, 1.9391164573723061, 2.0446685185006328, 1.9852764655539297, 2.1224890236625629, 2.3384721809098834, 2.0024848722235147, 1.7297355294139876, 2.1090220584637955, 1.8166247389616721, 1.9514337842813907, 1.8453507395410791, 2.1500129794134066, 1.6758807480161004, 1.8509630360400973, 2.0740816690427462, 2.0595231818375983, 1.9731650983503994, 1.8402176016462206, 2.1231736806078492, 2.2294126312212352, 2.0863535182137998, 2.0482292402796158, 1.9060462533677822, 1.7701519053078068], 'fneg': array([1, 0, 3, 2, 4, 1, 4, 1, 2, 1, 0, 5, 0, 0, 1, 5, 1, 4, 3, 4, 5, 3, 0,
       4, 0, 2, 0, 5, 0, 0, 4, 4, 2, 0, 4, 5, 4, 4, 1, 0]), 'sensitivity': array([0.8, 1.0, 0.64, 0.72, 0.6, 0.84, 0.56, 0.8, 0.76, 0.84, 1.0, 0.4,
       0.96, 0.96, 0.8, 0.4, 0.76, 0.6, 0.68, 0.56, 0.16, 0.64, 1.0, 0.6,
       0.96, 0.76, 0.92, 0.52, 1.0, 0.92, 0.6, 0.6, 0.68, 0.96, 0.56, 0.2,
       0.6, 0.6, 0.8, 1.0]), 'tpos': array([4, 5, 2, 3, 1, 4, 1, 4, 3, 4, 5, 0, 5, 5, 4, 0, 4, 1, 2, 1, 0, 2, 5,
       1, 5, 3, 5, 0, 5, 5, 1, 1, 3, 5, 1, 0, 1, 1, 4, 5])}, {'specificity': array([0.95, 0.175, 0.45, 0.925, 0.75, 0.425, 0.775, 0.825, 0.375, 0.225,
       0.15, 0.9, 0.6, 0.25, 0.275, 0.1, 0.5, 0.675, 0.525, 0.55, 0.975,
       1.0, 0.875, 0.35, 0.125, 0.85, 0.025, 0.3, 0.8, 0.4, 0.2, 0.325,
       0.075, 0.575, 0.65, 0.625, 0.725, 0.7, 0.475, 0.05]), 'tneg': array([14,  1,  6, 12,  9,  6,  9,  9,  4,  1,  1, 12,  7,  1,  1,  0,  6,
        8,  6,  6, 14, 14, 10,  4,  0,  9,  0,  1,  9,  5,  1,  4,  0,  6,
        8,  8,  9,  9,  6,  0]), 'fpos': array([ 0, 13,  8,  2,  5,  8,  5,  5, 10, 13, 13,  2,  7, 13, 13, 14,  8,
        6,  8,  8,  0,  0,  4, 10, 14,  5, 14, 13,  5,  9, 13, 10, 14,  8,
        6,  6,  5,  5,  8, 14]), 'threshold': [2.2652942126231368, 1.8283351827576182, 1.9335219407929607, 2.0608539403041091, 2.0172806005504622, 1.9276445698140139, 2.0223681054048552, 2.0254856912541088, 1.9013873041562635, 1.8497532459033519, 1.8217852440426328, 2.0599041651190317, 1.9708442991222921, 1.8594204348889629, 1.8632850551588565, 1.7976374159549962, 1.9411196332662544, 1.9936125780283498, 1.9458776440363836, 1.9591668357357133, 2.2720762663711609, 2.47029073127124, 2.0431852622567042, 1.8945139630185957, 1.8066166249624625, 2.0362490282792276, 1.6946440854980067, 1.8704591525057328, 2.0247453449716404, 1.9244821026490238, 1.836173994827208, 1.886452639090114, 1.7628080402440625, 1.9667355204748602, 1.9899668206863721, 1.9732612395246556, 2.0091566594900843, 2.00564160157532, 1.9396592390947802, 1.7239134083546861], 'fneg': array([1, 0, 1, 1, 1, 0, 1, 1, 0, 0, 0, 1, 1, 0, 0, 0, 1, 1, 1, 1, 1, 2, 1,
       0, 0, 1, 0, 0, 1, 0, 0, 0, 0, 1, 1, 1, 1, 1, 1, 0]), 'sensitivity': array([0.24, 0.96, 0.88, 0.56, 0.68, 0.88, 0.64, 0.6, 0.88, 0.96, 0.96,
       0.56, 0.8, 0.92, 0.92, 1.0, 0.88, 0.68, 0.88, 0.88, 0.2, 0.08, 0.56,
       0.88, 1.0, 0.56, 1.0, 0.92, 0.6, 0.88, 0.96, 0.88, 1.0, 0.88, 0.76,
       0.8, 0.68, 0.68, 0.88, 1.0]), 'tpos': array([1, 2, 1, 1, 1, 2, 1, 1, 2, 2, 2, 1, 1, 2, 2, 2, 1, 1, 1, 1, 1, 0, 1,
       2, 2, 1, 2, 2, 1, 2, 2, 2, 2, 1, 1, 1, 1, 1, 1, 2])}, {'specificity': array([1.0, 0.57142857, 0.26190476, 0.16666667, 0.73809524, 0.5952381,
       0.45238095, 0.66666667, 0.30952381, 0.61904762, 0.78571429,
       0.33333333, 0.21428571, 0.54761905, 0.071428571, 0.095238095,
       0.14285714, 0.97619048, 0.42857143, 0.71428571, 0.38095238,
       0.83333333, 0.47619048, 0.92857143, 0.19047619, 0.9047619,
       0.69047619, 0.4047619, 0.023809524, 0.52380952, 0.85714286,
       0.80952381, 0.047619048, 0.35714286, 0.11904762, 0.5, 0.23809524,
       0.88095238, 0.76190476, 0.95238095, 0.64285714, 0.28571429]), 'tneg': array([9, 8, 4, 2, 8, 8, 5, 8, 4, 8, 8, 4, 2, 6, 2, 2, 2, 9, 4, 8, 4, 8, 5,
       8, 2, 8, 8, 4, 0, 5, 8, 8, 1, 4, 2, 5, 2, 8, 8, 8, 8, 4]), 'fpos': array([ 2,  3,  7,  9,  3,  3,  6,  3,  7,  3,  3,  7,  9,  5,  9,  9,  9,
        2,  7,  3,  7,  3,  6,  3,  9,  3,  3,  7, 11,  6,  3,  3, 10,  7,
        9,  6,  9,  3,  3,  3,  3,  7]), 'threshold': [2.2941990259730751, 1.9642112454828655, 1.7758042835142065, 1.6951530181941235, 2.0025043402831897, 1.9684912977122138, 1.8585368611741253, 1.9799382428573746, 1.786792396933941, 1.9717296252719527, 2.0348067431287706, 1.7924526412263977, 1.7192064373407328, 1.9259269159268231, 1.6585475793739748, 1.6599499496285795, 1.6921658892114029, 2.2088396508420507, 1.8244904624117375, 2.0024343790254546, 1.8208013101497675, 2.1183648781618682, 1.8931451474519354, 2.1645813858817609, 1.6964806561510111, 2.138178752279956, 1.9929838029754434, 1.8217231702115171, 1.5115090035052945, 1.905748881473974, 2.1195382396661042, 2.0625716844522337, 1.633954394435936, 1.8001068257400361, 1.6722482911662855, 1.904891395109082, 1.7670567320652824, 2.1353444677538636, 2.0048087698896837, 2.1850284365052794, 1.9795860079482857, 1.7761521878028386], 'fneg': array([5, 2, 0, 0, 2, 2, 1, 2, 0, 2, 2, 0, 0, 2, 0, 0, 0, 5, 1, 2, 1, 4, 1,
       5, 0, 4, 2, 1, 0, 1, 4, 2, 0, 0, 0, 1, 0, 4, 2, 5, 2, 0]), 'sensitivity': array([0.043478261, 0.69565217, 0.95652174, 1.0, 0.65217391, 0.65217391,
       0.86956522, 0.65217391, 0.95652174, 0.65217391, 0.56521739,
       0.95652174, 0.95652174, 0.73913043, 1.0, 1.0, 1.0, 0.26086957,
       0.91304348, 0.65217391, 0.91304348, 0.39130435, 0.7826087,
       0.34782609, 1.0, 0.34782609, 0.65217391, 0.91304348, 1.0, 0.7826087,
       0.39130435, 0.47826087, 1.0, 0.95652174, 1.0, 0.7826087, 0.95652174,
       0.39130435, 0.65217391, 0.30434783, 0.65217391, 0.95652174]), 'tpos': array([0, 3, 5, 5, 3, 3, 4, 3, 5, 3, 3, 5, 5, 3, 5, 5, 5, 0, 4, 3, 4, 1, 4,
       0, 5, 1, 3, 4, 5, 4, 1, 3, 5, 5, 5, 4, 5, 1, 3, 0, 3, 5])}], <Model object at 0x000000000000108C>)
