# fold = 1
# threshold = 0.241385515544
# requested specificity = 0.8125
# actual training-set specificity = 
# tpos = 3
# tneg = 10
# fpos = 5
# fneg = 3
# raw predictions:
[0.200851216253 0.25181878602 0.178432115831 0.522606089337 0.178432115831
 0.25181878602 0.178432115831 0.301151905223 0.186814453215 0.241385515544
 0.684746969521 0.191987749478 0.178432115831 0.178432115831 0.178432115831
 0.245523170254 0.178432115831 0.178432115831 0.355556794228 0.178432115831
 0.178432115831]
# truth:
[2.5779511 0.30103 1.1172713 1.5263393 2.1664301 1.8709888 1.3579348
 2.2671717 2.3398488 2.4637437 2.7567882 1.6884198 1.9020029 3.3837436
 2.2000293 2.6190933 0.61278386 1.5786392 1.948413 2.6887757 0.0]
# fold = 2
# threshold = 0.706630999222
# requested specificity = 1.0
# actual training-set specificity = 
# tpos = 4
# tneg = 0
# fpos = 16
# fneg = 0
# raw predictions:
[1.0 1.0 1.0 1.0 1.0 1.0 1.0 1.0 1.0 1.0 1.0 1.0 1.0 1.0 1.0 1.0 1.0 1.0
 1.0 1.0]
# truth:
[3.3837436 2.5627685 1.8469553 2.2367891 2.2000293 1.1643529 2.512551
 1.687529 1.382017 1.3031961 2.0318123 2.7136585 1.4593925 2.1598678
 1.6866363 0.30103 1.9703469 1.9355073 1.666518 1.6928469]
# fold = 3
# threshold = 0.261757580631
# requested specificity = 0.828125
# actual training-set specificity = 
# tpos = 1
# tneg = 13
# fpos = 3
# fneg = 3
# raw predictions:
[0.251971677109 0.169330977608 0.245579424604 0.464752499503 0.464616901382
 0.168344778652 0.190222032005 0.221079956705 0.189675001385 0.920474468403
 0.20369466431 0.141985492971 0.161832123128 0.150367544152 0.11423573572
 0.357175722826 0.131126719418 0.219714363801 0.136564329686 0.229984964736]
# truth:
[2.5375673 1.7767012 2.5880475 2.1580608 2.6134189 1.3384565 0.79934055
 1.6042261 1.3961993 2.0674428 1.8469553 1.3483049 2.2355284 1.9355073
 1.4712917 2.3380579 0.30103 2.5161386 0.70757018 1.1271048]
# fold = 4
# threshold = 0.58259611849
# requested specificity = 1.0
# actual training-set specificity = 
# tpos = 0
# tneg = 12
# fpos = 1
# fneg = 7
# raw predictions:
[0.343055275971 0.227834089464 0.195433153008 0.0995270760218
 0.217647431222 0.273993787928 0.191022628863 0.312105161049 0.286589896824
 0.327352910629 0.248355259052 0.166702491698 0.211087078055 0.130805274133
 0.159613373662 0.159099597517 0.418023505622 0.925656889508 0.116753171695
 0.209506235543]
# truth:
[2.286681 3.2980448 1.8920946 3.3837436 2.4834446 3.3837436 2.8121108
 2.1804126 3.3837436 2.2796669 3.3837436 2.3583156 2.1027766 1.39794
 1.8000294 2.0406023 2.1195858 2.1525941 1.5024271 1.5263393]
# fold = 5
# threshold = 0.344712050263
# requested specificity = 0.923076923077
# actual training-set specificity = 
# tpos = 1
# tneg = 13
# fpos = 1
# fneg = 4
# raw predictions:
[0.282087748444 0.137306830491 0.261961527084 0.274997236423 0.160596037857
 0.277612487735 0.115397680144 0.119122520043 0.120226233712 0.183008176708
 0.167224612511 0.405093457848 0.557520508001 0.141234769142 0.150132500827
 0.189943642069 0.146733949936 0.181356750809 0.135107434273]
# truth:
[2.5366847 1.5717088 2.4350476 3.3837436 1.376577 2.0297895 1.6532125
 1.1430148 1.5024271 1.7024305 1.6009729 2.0338257 2.9914033 1.3710679
 3.3837436 2.1433271 1.0374265 1.1643529 0.49136169]
# fold = overall performance
# tpos = 9
# tneg = 48
# fpos = 26
# fneg = 17
