# fold = 1
# threshold = 1.85466399141
# requested specificity = 0.864406779661
# actual training-set specificity = 0.861111111111
# tpos = 7
# tneg = 29
# fpos = 8
# fneg = 2
# raw predictions:
[1.6548636 2.0234943 1.7290162 1.8653078 1.8932234 2.4173407 1.5309544
 2.1261304 1.7302934 1.8090093 1.7594431 1.9054184 1.9027522 2.0306254
 1.7804385 2.1351387 1.5281159 1.3611177 1.6122524 1.7206178 2.2018582
 1.4886622 1.5158788 1.1294084 1.3923001 1.5314552 1.4806526 1.5833021
 1.3157852 1.5208526 1.5982087 1.7149135 2.3966792 1.7867795 1.6773715
 1.9813836 1.7248034 2.0261757 2.2062794 1.9569952 1.372369 1.1111883
 1.3018348 1.3130324 1.6522016 1.4570378]
# truth:
[2.9395193 1.7075702 1.9867717 2.0681859 2.447158 3.1172713 1.39794
 2.4031205 1.146128 2.2741578 1.6232493 2.7535831 1.8388491 2.665581
 1.9242793 2.4533183 1.7558749 1.50515 1.69897 1.4313638 2.5428254
 0.47712126 0.69897 0.95424251 1.30103 1.2787536 1.1139434 1.763428
 1.4771213 1.7781513 1.9542425 1.39794 2.3222193 2.2148438 2.5327544
 1.8750613 0.84509804 2.2355284 1.763428 1.7160033 1.69897 0.60205999
 1.5185139 0.84509804 0.90308999 1.1760913]
# fold = 2
# threshold = 1.93998433591
# requested specificity = 0.850877192982
# actual training-set specificity = 0.847222222222
# tpos = 4
# tneg = 31
# fpos = 6
# fneg = 4
# raw predictions:
[2.002606 2.8680856 1.8231542 1.7213128 2.2860074 1.8389953 1.6601152
 1.8344124 1.4888866 1.8110141 1.6832366 1.2891292 1.7910013 2.3532262
 1.4679832 1.7513313 1.1617662 1.6030014 1.6571351 1.2119132 1.1292216
 1.4480612 1.7772432 0.96372611 2.0237175 1.328118 0.98088558 1.6659224
 1.9079162 1.5817315 1.4487691 1.8500091 2.0568918 2.6862825 2.2514774
 1.7164031 2.0458984 1.5785049 1.4688099 1.965775 1.6959381 1.9053569
 1.6578511 1.9326574 1.3861396]
# truth:
[1.8976271 2.6127839 1.4149733 1.9731279 2.2695129 3.007321 1.3802112
 2.4116197 0.95424251 1.3222193 1.50515 0.47712126 1.9684829 2.7160033
 2.1003705 1.3617278 1.9138139 1.6720979 1.0413927 1.50515 1.2552725
 1.2787536 2.6232493 1.0413927 2.1367206 0.30103 0.90308999 1.8976271
 2.0934217 1.1760913 1.1139434 2.6580114 1.9590414 3.0170333 1.6627578
 1.6334685 0.30103 2.20412 0.95424251 2.6803355 1.8325089 1.4913617 0.69897
 2.209515 1.0413927]
# fold = 3
# threshold = 1.98212925573
# requested specificity = 0.877192982456
# actual training-set specificity = 0.875
# tpos = 5
# tneg = 35
# fpos = 2
# fneg = 3
# raw predictions:
[1.4947794 1.5480398 2.0085658 1.6158741 1.7893397 1.770289 1.7367508
 1.9461942 2.1849053 1.5706795 1.4678919 1.9150479 1.8655385 2.4902857
 1.8374605 1.4975377 5.7703112 1.1573309 1.8518217 1.3420953 1.2672385
 1.4649287 1.4150732 1.797737 1.249643 1.165588 1.0043129 2.482632 1.237451
 1.7230164 1.751412 1.3876509 1.9529109 1.7256992 2.0800586 1.5423766
 2.0364444 1.9765003 1.5755497 1.755809 1.2058225 1.8468859 1.6890394
 1.4784912 1.4913161]
# truth:
[2.4166405 1.0791812 2.748188 1.1760913 2.252853 1.9912261 0.95424251
 2.372912 2.4502491 1.5563025 1.4149733 1.8129134 1.2304489 2.5132176
 2.1303338 1.3222193 3.5854607 1.0 0.69897 1.6434527 2.155336 1.8750613
 1.2304489 1.6901961 0.84509804 0.90308999 0.69897 2.808211 1.1760913
 1.544068 2.4683473 1.2304489 2.1673173 1.5185139 2.0334238 1.20412
 1.7242759 2.0211893 0.95424251 1.7323938 0.90308999 1.6720979 1.7923917
 1.748188 2.1986571]
# fold = 4
# threshold = 1.94823485412
# requested specificity = 0.884297520661
# actual training-set specificity = 0.879194630872
# tpos = 6
# tneg = 27
# fpos = 5
# fneg = 7
# raw predictions:
[1.3394134 1.4150933 1.9899066 1.6886739 2.0378773 1.5065609 1.3953047
 1.6651854 2.568432 1.6461451 1.4910776 2.4012604 1.7879276 1.951103
 3.2025473 1.1235124 1.6126906 1.127625 2.7610267 1.2350609 1.2277137
 1.9075725 1.2992179 1.8335853 1.2106046 2.0538732 1.3063527 1.6267533
 1.2490316 1.3627292 1.4421102 1.8508902 1.8675753 2.3542703 1.8631416
 1.3413401 1.818579 1.9935527 2.2332377 1.9081938 1.8452823 1.1800616
 1.6237633 1.7597989 1.8399176]
# truth:
[1.2304489 1.20412 1.6812412 1.447158 1.5314789 0.77815125 1.4913617
 2.3961993 2.9571282 2.0827854 1.748188 2.587711 2.4899585 1.9344985
 3.2219356 0.60205999 2.7101174 1.30103 3.2479733 0.90308999 1.7853298
 2.5118834 1.3617278 2.2380461 1.3424227 1.3802112 1.50515 1.7993405
 1.39794 1.4313638 2.9395193 2.307496 2.6106602 2.5158738 1.4771213
 1.3802112 2.1958997 2.6273659 1.5682017 2.5854607 1.1139434 0.95424251
 1.5682017 1.770852 1.30103]
# fold = 5
# threshold = 1.94632344765
# requested specificity = 0.882882882883
# actual training-set specificity = 0.881118881119
# tpos = 2
# tneg = 31
# fpos = 7
# fneg = 4
# raw predictions:
[1.3048953 1.8511747 1.8359475 2.0036426 1.7298534 2.0149045 1.90584
 1.5555592 1.513061 2.3607335 1.5505829 1.6504926 0.96726262 1.3805528
 1.7567688 2.0182868 1.2592905 1.4096834 1.4841303 1.5051751 1.8996852
 1.0680635 1.6989876 1.1743734 1.9593814 1.9061676 1.986409 2.1722593
 1.4521201 1.3855433 1.6634462 1.5273913 1.471137 1.4614358 1.2752503
 2.0828703 1.6879407 2.0024914 1.9291795 1.5702817 1.3191868 1.7686202
 1.7008051 1.76763]
# truth:
[0.90308999 1.7323938 2.6232493 2.1271048 1.544068 2.0569049 1.447158
 1.1760913 1.1139434 2.5820634 1.0413927 1.6532125 1.1139434 1.4771213
 2.544068 2.392697 1.30103 1.0413927 1.447158 0.84509804 1.6434527
 1.2787536 1.94939 0.77815125 1.7853298 2.3747483 2.1643529 1.6232493
 1.6901961 1.1139434 1.1139434 0.95424251 1.3424227 1.1760913 1.8195439
 1.3617278 1.8195439 1.6434527 1.7993405 2.0863598 0.84509804 2.4031205
 1.2787536 2.161368]
# fold = overall performance
# Area under ROC curve = 0.827473631341
# tpos = 24
# tneg = 153
# fpos = 28
# fneg = 20
