# fold = 1
# threshold = 1.93468724170
# requested specificity = 0.915254237288
# actual training-set specificity = 0.91095890411
# tpos = 4
# tneg = 30
# fpos = 5
# fneg = 7
# raw predictions:
[1.9368828 1.4726444 1.7376847 1.9023955 1.8358211 1.8874578 1.7945731
 1.7300359 1.7283039 1.8801807 1.9188934 1.8020553 2.0400162 1.8096159
 1.7813416 1.9434444 1.5510191 1.8192553 1.585798 1.9819211 1.4859906
 1.6375305 1.3980928 1.4150977 1.3063325 1.7604369 1.6340067 2.2053432
 2.003734 1.521808 2.1965496 1.9244785 1.6727547 1.8804197 2.0743239
 1.520008 1.5583457 1.1059453 1.2815004 1.8312984 1.636015 2.1440165
 1.4997471 1.4690078 1.7796205 1.3609078]
# truth:
[1.8976271 1.20412 1.9867717 2.748188 2.1271048 2.0681859 2.0569049
 1.4149733 2.3961993 1.9912261 2.372912 2.2741578 2.4502491 2.4116197
 1.6232493 1.3222193 1.1139434 2.4899585 1.69897 1.9344985 0.47712126
 0.69897 1.30103 1.30103 0.90308999 1.6434527 1.8976271 2.808211 1.3802112
 1.544068 2.5158738 2.1673173 2.5327544 1.8750613 1.6627578 1.1139434
 1.7242759 0.60205999 1.8195439 2.6273659 0.90308999 2.5854607 0.69897
 2.0863598 2.209515 1.0413927]
# fold = 2
# threshold = 1.96507889445
# requested specificity = 0.873873873874
# actual training-set specificity = 0.869565217391
# tpos = 0
# tneg = 37
# fpos = 6
# fneg = 2
# raw predictions:
[1.4133189 1.4207276 1.6041987 2.2597556 1.546811 1.5771733 1.7066306
 1.7800995 1.5091267 1.5627438 1.8692113 1.8066734 1.3594737 1.6921941
 1.1551438 1.6175806 1.3596021 1.3564581 1.3007723 1.1499911 1.4632037
 1.6667579 1.2275676 1.5627263 2.0202924 1.8715557 1.6735192 2.0054407
 1.4944693 1.383774 1.431217 1.6322811 2.2042557 1.3778954 1.66129
 1.7750405 1.2332331 2.0978521 2.1105756 1.6282038 1.8762267 1.8019693
 1.2327691 1.7695239 1.4381849]
# truth:
[1.2304489 1.4913617 1.1760913 2.2695129 1.1760913 1.39794 2.252853
 0.95424251 0.95424251 1.5563025 1.8129134 1.9242793 1.7558749 1.50515
 1.50515 1.6532125 1.6434527 1.4771213 1.2787536 1.50515 1.447158 1.94939
 0.84509804 1.763428 2.0934217 2.3747483 1.1760913 2.1643529 1.2304489
 1.1139434 1.4313638 1.9542425 1.6232493 1.3802112 2.1958997 2.20412
 0.84509804 2.0211893 1.3617278 1.8325089 1.7323938 1.1139434 0.95424251
 2.4031205 2.1986571]
# fold = 3
# threshold = 1.85739835111
# requested specificity = 0.864406779661
# actual training-set specificity = 0.864864864865
# tpos = 6
# tneg = 29
# fpos = 4
# fneg = 6
# raw predictions:
[1.7460283 1.6116053 1.5151589 1.6343923 1.8794158 1.9444193 1.70995
 1.6825727 1.552189 1.5726241 1.8538719 2.0761053 1.9507139 2.7738589
 1.5574312 3.6049127 1.5955209 1.60773 1.6041509 1.6422224 1.5501812
 1.728555 1.4897261 1.5095975 1.553718 1.8203558 1.4813254 1.4915786
 1.5170237 1.4949226 1.7581692 1.7423511 1.9703519 1.5543476 2.8017831
 1.9533372 1.6832776 1.7789688 1.5857713 1.6746936 1.4279166 1.4076251
 1.4635792 1.9195594 1.5467159]
# truth:
[1.7323938 2.6232493 1.0791812 0.77815125 1.447158 2.4031205 1.146128
 1.3802112 1.4149733 2.0827854 1.2304489 2.5132176 2.4533183 2.587711
 1.0413927 3.2219356 1.0 0.60205999 0.69897 2.7101174 2.544068 2.392697
 1.2552725 1.2787536 1.7853298 2.1367206 0.90308999 1.3617278 2.2380461
 0.69897 2.6106602 1.39794 2.2148438 1.5185139 3.0170333 1.5185139
 0.95424251 2.6803355 0.95424251 1.5682017 0.90308999 0.84509804 1.1760913
 2.161368 1.6720979]
# fold = 4
# threshold = 1.87922254849
# requested specificity = 0.908333333333
# actual training-set specificity = 0.904761904762
# tpos = 5
# tneg = 27
# fpos = 7
# fneg = 6
# raw predictions:
[1.6359513 1.5468627 1.7237302 2.0638304 2.4335675 1.836623 1.6137183
 1.7004099 2.3024719 1.7871132 1.8814463 1.9375931 1.9123442 1.5654328
 1.4065109 1.5728334 1.2310879 1.1375857 1.6528775 1.9319342 1.2644008
 1.2931202 1.5347167 1.6774514 1.1456998 1.526803 1.8289643 1.3871737
 1.5414687 1.2901665 1.7465534 1.4875575 1.8267369 1.8927261 2.0202006
 2.3458427 1.8954077 1.4553656 1.7949697 1.9525754 1.355355 1.358473
 1.2775815 1.7373214 1.7421466]
# truth:
[2.9395193 2.4166405 1.6812412 1.5314789 2.6127839 2.447158 1.544068
 1.9731279 3.1172713 3.007321 1.8388491 2.665581 2.1303338 1.748188
 0.47712126 1.3222193 2.1003705 0.95424251 1.3617278 3.2479733 1.9138139
 2.155336 1.8750613 1.6901961 1.0413927 1.0413927 2.5118834 0.77815125
 0.30103 1.4771213 1.7853298 1.1760913 2.4683473 2.6580114 1.9590414
 2.3222193 2.0334238 1.4771213 1.6334685 1.7160033 1.1139434 1.69897
 1.3424227 1.770852 1.7923917]
# fold = 5
# threshold = 2.03414757826
# requested specificity = 0.890756302521
# actual training-set specificity = 0.889655172414
# tpos = 6
# tneg = 30
# fpos = 6
# fneg = 2
# raw predictions:
[1.1585639 2.5720291 1.654473 2.5347386 2.1515448 1.8909366 2.5306188
 1.9660514 2.4396934 5.8347164 2.7269637 0.85428376 1.0632972 1.4285988
 1.4445112 1.3674339 1.4197002 1.6325243 1.561102 0.92979335 1.1385333
 0.95121026 1.2391156 1.7111644 1.6209579 1.2680392 1.4921654 1.9690794
 1.8405569 1.3681544 2.4149293 2.4299965 1.4944202 1.6056636 1.4535624
 2.0355906 1.7261366 2.1722973 1.9408093 2.0579486 1.6689913 1.7700369
 1.8948718 1.4876229]
# truth:
[0.90308999 1.7075702 1.447158 2.9571282 2.7535831 1.4313638 2.5820634
 1.9684829 2.5428254 3.5854607 2.7160033 1.1139434 1.30103 1.6720979
 1.0413927 1.2304489 1.1139434 2.6232493 0.84509804 1.2787536 1.3424227
 0.90308999 1.50515 1.7781513 1.7993405 1.39794 2.9395193 2.307496
 0.84509804 1.6901961 2.2355284 1.763428 1.20412 0.95424251 1.1760913
 0.30103 1.8195439 1.6434527 1.4913617 1.7993405 1.5682017 1.2787536
 1.30103 1.748188]
# fold = overall performance
# Area under ROC curve = 0.819186338523
# tpos = 21
# tneg = 153
# fpos = 28
# fneg = 23
