# fold = 1
# threshold = 1.93274534734
# requested specificity = 0.872881355932
# actual training-set specificity = 0.868965517241
# tpos = 5
# tneg = 30
# fpos = 6
# fneg = 5
# raw predictions:
[1.5668426 1.9218223 1.3096127 1.7056563 1.8764763 1.9244256 1.7660669
 1.5258586 1.4485238 2.5932887 1.8151012 1.7001639 2.4602685 1.6283868
 2.1569126 1.6753626 1.555348 1.2294397 1.2225743 1.3179383 2.6604268
 1.3506222 1.4648552 1.0970866 1.2766529 1.9806361 1.8625548 1.9929169
 1.3337192 1.8540902 1.8291178 1.8078787 1.9855849 2.5799708 1.6206238
 1.7821596 1.9632572 1.3143455 2.1538864 1.7429731 1.6436958 2.087146
 1.8896062 1.8463555 1.6508507 1.852602]
# truth:
[2.9395193 1.8976271 0.90308999 1.447158 2.1271048 2.447158 1.4149733
 0.77815125 1.4913617 3.1172713 1.447158 2.3961993 2.9571282 1.3802112
 2.4502491 2.0827854 1.748188 1.50515 0.60205999 0.47712126 3.2479733
 1.2787536 1.447158 0.69897 1.3424227 2.0934217 2.4683473 2.1643529 1.39794
 2.307496 2.6106602 2.2148438 2.1673173 3.0170333 1.8750613 0.84509804
 1.7160033 0.84509804 1.3617278 0.95424251 0.90308999 1.6434527 1.4913617
 1.1139434 1.5682017 1.6720979]
# fold = 2
# threshold = 1.99180159350
# requested specificity = 0.904347826087
# actual training-set specificity = 0.900709219858
# tpos = 4
# tneg = 36
# fpos = 4
# fneg = 1
# raw predictions:
[1.9963119 1.8415869 1.8475509 1.5792424 2.0996171 1.6632001 1.7317964
 2.0111643 1.7189451 2.0653495 2.4160774 1.7660244 1.7297936 1.4466085
 1.6164368 1.847073 1.5231887 1.6128118 1.5004251 1.6583824 0.94980901
 1.4535145 1.2365363 1.9412292 1.2449773 1.1363065 1.844874 0.95498814
 1.8945884 1.7106581 1.6912213 1.3555974 1.6210202 2.3767685 1.8632184
 1.3698317 2.2505455 1.6009628 1.3365363 2.2198646 1.3082884 1.6253209
 1.7924056 1.3268354 1.4877686]
# truth:
[1.6812412 1.7323938 1.9867717 1.0791812 1.5314789 2.252853 1.9912261
 2.372912 2.2741578 2.665581 2.5132176 1.9242793 1.50515 1.1139434 1.69897
 1.9684829 1.0413927 1.6532125 1.3222193 2.1003705 0.95424251 2.155336
 1.7853298 2.1367206 0.84509804 0.90308999 2.2380461 0.90308999 2.3747483
 1.7781513 1.1760913 1.1139434 1.9542425 2.5158738 1.4771213 1.3802112
 1.763428 1.69897 0.95424251 1.5682017 0.90308999 0.69897 2.161368
 1.0413927 2.1986571]
# fold = 3
# threshold = 2.01043081019
# requested specificity = 0.909836065574
# actual training-set specificity = 0.906666666667
# tpos = 7
# tneg = 27
# fpos = 4
# fneg = 7
# raw predictions:
[1.4567204 2.4156437 2.6622849 2.0069614 2.1903387 2.1625978 1.9308988
 1.8674342 1.2697414 2.5721938 6.3474383 4.2799235 1.8550817 1.3579951
 1.8082092 1.7294764 1.8805262 1.3857056 1.4457102 1.3942436 1.403981
 1.7890818 1.5849047 1.9654942 1.8237415 1.4354062 1.400504 1.2688517
 2.586541 2.1223272 1.2013711 1.7118601 1.3485335 1.4848558 1.9640533
 1.5464415 1.5798232 2.0472538 1.8693946 1.0438816 1.9748198 2.0075701
 2.4654809 1.8958757 1.6570983]
# truth:
[2.4166405 1.7075702 2.6127839 1.9731279 2.2695129 2.7535831 1.8129134
 1.3222193 1.7558749 2.5428254 3.5854607 3.2219356 0.69897 1.4771213
 1.3617278 2.544068 2.392697 1.9138139 1.2787536 1.8750613 1.2304489
 1.6901961 0.84509804 2.5118834 1.94939 1.763428 1.3617278 0.30103 2.808211
 1.3802112 1.50515 1.544068 1.2304489 2.9395193 1.9590414 2.5327544
 1.1139434 1.7242759 2.20412 1.5185139 2.0211893 2.6273659 2.5854607
 2.209515 1.2787536]
# fold = 4
# threshold = 1.94901017044
# requested specificity = 0.881355932203
# actual training-set specificity = 0.881118881119
# tpos = 4
# tneg = 33
# fpos = 5
# fneg = 3
# raw predictions:
[1.5325286 1.8072705 1.958778 2.0244752 1.8000493 1.8897847 1.7211342
 2.053995 2.005262 1.8692973 1.8299264 1.6314104 1.6798876 2.1204156
 2.0697647 1.4303682 1.7415697 2.0524235 2.3925402 1.5869587 1.4462402
 1.5600391 1.2653368 1.5998423 1.5393178 1.7695792 1.2224186 1.4340119
 1.375129 1.6836931 1.6333999 2.4141679 1.9384594 1.8922069 1.5894754
 1.4477566 1.2169651 1.3163204 1.1310824 1.7114097 1.8151693 1.374804
 1.3804691 1.6861542 1.5003802]
# truth:
[1.20412 2.6232493 2.748188 2.0681859 1.544068 2.0569049 1.1760913 3.007321
 0.95424251 1.146128 1.6232493 0.95424251 1.5563025 1.2304489 2.4533183
 0.47712126 1.4313638 1.9344985 2.7160033 0.69897 1.30103 1.6434527
 1.2552725 2.6232493 1.0413927 1.6434527 1.2787536 0.77815125 1.4771213
 1.8976271 1.4313638 2.3222193 1.6334685 1.6232493 1.1139434 2.1958997
 0.95424251 1.3424227 0.60205999 1.8325089 1.7323938 2.0863598 1.1760913
 1.770852 2.4031205]
# fold = 5
# threshold = 2.00031966868
# requested specificity = 0.897435897436
# actual training-set specificity = 0.896551724138
# tpos = 4
# tneg = 32
# fpos = 4
# fneg = 4
# raw predictions:
[1.3737875 1.5129553 1.5403386 2.2366045 1.8758623 1.3697214 1.8307397
 1.8584573 2.5047349 1.7980031 2.3784902 1.1803773 1.5833652 1.000758
 1.1940802 1.2760409 1.3199269 1.5500298 1.5906123 1.174524 1.3008368
 0.97815669 1.9821112 1.3453708 1.6497403 1.8297814 1.574019 1.632499
 2.0815834 2.2299022 1.4503555 2.3229935 1.5442988 1.4283483 2.0663705
 2.0470999 1.2695237 1.8277032 1.9611862 1.2413249 1.295583 1.8315927
 1.5699601 1.3649514]
# truth:
[1.2304489 1.1760913 1.39794 2.4031205 2.4116197 1.4149733 1.8388491
 2.1303338 2.587711 2.4899585 2.5820634 1.0 2.7101174 1.1139434 1.30103
 1.30103 0.90308999 1.6720979 1.0413927 1.50515 1.1139434 1.0413927
 1.7853298 1.1760913 1.7993405 2.6580114 1.39794 1.5185139 2.0334238
 1.6627578 1.6901961 2.2355284 1.20412 1.1760913 0.30103 2.6803355
 1.8195439 1.8195439 1.7993405 0.95424251 0.84509804 1.30103 1.7923917
 1.748188]
# fold = overall performance
# Area under ROC curve = 0.814917127072
# tpos = 24
# tneg = 158
# fpos = 23
# fneg = 20
