# fold = 1
# threshold = 1.93037888561
# requested specificity = 0.849557522124
# actual training-set specificity = 0.847222222222
# tpos = 4
# tneg = 32
# fpos = 5
# fneg = 5
# raw predictions:
[1.8251995 1.5974336 1.6115874 1.6125939 1.9835006 1.5991349 1.752511
 1.9038083 1.7387798 1.3186831 1.5569558 1.5599957 1.2814478 1.8214385
 1.6941837 1.8045704 1.199024 1.052582 1.3692052 1.5420328 1.0376929
 1.8782784 1.0850501 2.4847321 2.0478176 1.226764 1.6806069 1.8035592
 1.3556052 1.4330066 1.4236763 2.3436947 2.3906067 1.5472775 2.0058228
 2.7242682 1.6943404 2.1808521 1.3736909 1.7268431 1.9689665 1.1514418
 1.2404134 1.3304891 1.2527351 1.3238473]
# truth:
[1.4149733 0.77815125 1.39794 1.146128 2.372912 1.5563025 2.0827854
 1.8388491 2.1303338 1.7558749 1.1139434 1.0413927 0.47712126 0.69897
 2.7101174 2.544068 0.90308999 1.0413927 1.0413927 0.84509804 1.2787536
 2.1367206 0.69897 2.808211 1.3802112 1.1760913 1.7993405 2.4683473
 1.1139434 1.4313638 2.9395193 2.5158738 2.3222193 2.5327544 2.0334238
 3.0170333 1.6334685 1.6232493 1.1139434 1.1139434 1.7242759 0.60205999
 0.95424251 1.8195439 0.90308999 1.1760913]
# fold = 2
# threshold = 1.94655549771
# requested specificity = 0.87610619469
# actual training-set specificity = 0.87074829932
# tpos = 5
# tneg = 31
# fpos = 3
# fneg = 6
# raw predictions:
[1.3593955 1.2955836 1.5542276 2.3128886 1.7394888 1.9252502 1.9170709
 1.776183 1.5016492 1.6430551 2.1981716 1.7231684 1.677371 1.4703096
 1.3560645 1.9960018 2.0215195 1.158879 1.8365264 1.4718976 1.6075244
 1.1867816 1.1717101 1.1239157 1.3457867 1.3257942 1.9689821 1.2743872
 1.4933939 1.6329723 1.8366965 1.4622667 1.281281 1.6051416 1.9630165
 1.9001069 2.0116963 1.4323 1.8854177 1.2555528 1.9662193 1.7626652
 1.2432066 1.7798313 1.3903492]
# truth:
[1.2304489 0.90308999 2.4166405 1.7075702 2.6232493 2.447158 2.0569049
 1.9731279 1.1760913 2.252853 2.4031205 0.95424251 2.2741578 0.95424251
 1.4149733 2.7535831 2.665581 1.50515 1.9684829 1.3222193 2.1003705 1.0
 0.60205999 1.30103 1.6434527 1.4771213 2.392697 1.30103 1.8750613
 2.6232493 2.3747483 1.2304489 1.39794 1.9542425 1.9590414 2.1673173
 1.7160033 1.1760913 2.6803355 0.84509804 2.6273659 1.1139434 0.95424251
 2.161368 2.1986571]
# fold = 3
# threshold = 1.95734275399
# requested specificity = 0.87610619469
# actual training-set specificity = 0.875
# tpos = 6
# tneg = 32
# fpos = 5
# fneg = 2
# raw predictions:
[1.5900494 1.4642221 1.8799509 1.9718288 1.6567158 2.7837064 2.2335586
 2.2661733 1.9814244 1.8453194 2.5833622 1.8298142 1.7021817 1.9011969
 1.8357453 1.5727544 2.3952611 5.7696994 1.3793953 1.2032038 1.2838765
 1.4298366 1.4375188 1.0654191 1.3840873 1.1323206 1.4705822 1.1681523
 1.2730236 1.671256 1.8963464 1.3087512 2.3346802 1.6971809 1.4432783
 1.3387569 1.0707925 2.0490701 2.2118351 1.5165021 1.493295 1.7731193
 1.9104741 1.5891048 1.3738331]
# truth:
[1.447158 1.0791812 2.1271048 2.0681859 1.544068 3.1172713 2.2695129
 2.4502491 2.4116197 1.6232493 2.5132176 1.9242793 1.50515 2.4899585
 1.4313638 1.6532125 2.5428254 3.5854607 0.69897 1.9138139 2.155336
 1.6720979 1.0413927 1.50515 1.2304489 1.7853298 1.447158 1.3424227 1.50515
 1.7781513 2.6580114 1.3802112 2.2355284 2.1958997 1.69897 1.3424227
 1.5185139 2.0211893 1.5682017 0.69897 2.0863598 1.770852 2.209515
 1.7923917 1.748188]
# fold = 4
# threshold = 2.02857072131
# requested specificity = 0.879310344828
# actual training-set specificity = 0.875862068966
# tpos = 4
# tneg = 32
# fpos = 4
# fneg = 5
# raw predictions:
[1.9648522 1.8924063 1.8706972 1.8089748 2.3030968 3.0955484 1.4197059
 1.6992668 1.9024737 1.7820671 1.782141 1.5261078 2.3466272 2.5103863
 1.6179952 1.9508362 1.0135623 1.8442336 2.7450745 1.3419094 1.9758684
 1.6903695 1.5637314 1.2246145 1.1901185 1.2812376 1.9820588 1.8512962
 1.5873252 1.8485611 1.7711523 2.300997 1.5218253 1.5032711 2.1677852
 1.8605465 2.0841831 1.804352 1.8831368 2.0130398 1.3761281 1.8716552
 1.9120773 1.4734664 1.8922169]
# truth:
[1.8976271 1.7323938 1.9867717 2.748188 1.5314789 2.6127839 1.4913617
 2.3961993 3.007321 1.9912261 1.8129134 1.748188 2.4533183 2.587711 1.69897
 1.9344985 0.95424251 1.3617278 3.2479733 1.1139434 2.5118834 1.94939
 1.763428 0.77815125 0.90308999 0.30103 1.7853298 2.307496 1.39794
 1.4771213 0.84509804 1.763428 1.20412 0.95424251 0.30103 0.95424251
 1.7323938 0.90308999 2.5854607 1.7993405 0.84509804 1.2787536 1.30103
 1.0413927 1.6720979]
# fold = 5
# threshold = 1.90049922652
# requested specificity = 0.867256637168
# actual training-set specificity = 0.868055555556
# tpos = 5
# tneg = 30
# fpos = 7
# fneg = 2
# raw predictions:
[1.7335334 1.4904147 1.765526 1.700797 1.7796262 2.45219 1.8859991
 2.0265518 2.0726614 1.407583 2.0811202 3.7799727 2.5099074 1.1817269
 1.4605744 1.6206096 1.2661152 1.4769809 1.6985546 1.7526636 1.3455182
 1.6359401 1.748355 1.3589184 1.2793808 1.6521602 1.9667816 1.5198758
 1.5470089 2.045911 2.0175161 1.8521152 1.7361744 1.6970308 2.0499247
 1.4840417 1.4035777 1.9359673 1.7393891 1.8138948 2.1628664 1.7306268
 1.4940867 1.5635312]
# truth:
[2.9395193 1.20412 1.6812412 1.1760913 1.447158 2.9571282 1.3802112
 1.3222193 1.2304489 0.47712126 2.5820634 3.2219356 2.7160033 1.1139434
 1.30103 1.2787536 1.2552725 1.2787536 1.6901961 1.6434527 0.84509804
 1.3617278 2.2380461 1.4771213 0.90308999 1.8976271 2.0934217 1.1760913
 1.544068 2.1643529 2.6106602 2.2148438 1.5185139 1.8750613 1.6627578
 1.6901961 2.20412 1.3617278 1.8325089 1.8195439 1.6434527 1.4913617
 1.5682017 2.4031205]
# fold = overall performance
# Area under ROC curve = 0.825590155701
# tpos = 24
# tneg = 157
# fpos = 24
# fneg = 20
