# fold = 1
# threshold = 1.13215103871e-11
# requested specificity = 0.798611111111
# actual training-set specificity = 0.805555555556
# tpos = 8
# tneg = 32
# fpos = 5
# fneg = 1
# raw predictions:
[6.46572818761e-12 1.58569167998e-11 2.26417708794e-12 3.77757197638e-12
 5.17113726295e-12 1.13641510089e-11 2.0070374024e-11 3.36215586129e-11
 5.47443938409e-12 3.93822708982e-11 2.71423164317e-12 2.57478081225e-12
 2.00822605521e-12 3.22915874379e-12 5.45003962251e-12 1.96969228051e-12
 1.82273805335e-12 3.60968616152e-12 2.00936281593e-12 2.19681481074e-12
 3.139201975e-12 5.03985039769e-12 2.67927440268e-12 7.47135556408e-12
 1.4557310798e-11 2.15554153929e-12 2.57746351438e-12 6.61728008147e-12
 2.82358521433e-12 3.25697365631e-12 5.53262507184e-12 1.38152182169e-11
 9.36766162921e-12 4.49738363776e-11 1.18004811907e-11 8.30191772503e-10
 2.05209984416e-11 5.47984017885e-12 2.16698802589e-11 1.97120053724e-12
 2.86940090971e-12 1.30595714042e-11 1.09084526492e-11 1.07767831296e-11
 4.93188881419e-12 9.75157379439e-12]
# truth:
[1.7323938 2.748188 0.77815125 1.1760913 1.3802112 2.4116197 2.7535831
 2.5132176 1.50515 2.5820634 1.0413927 0.60205999 0.69897 0.69897 2.7101174
 1.1139434 1.30103 1.6434527 1.9138139 1.30103 0.90308999 1.8750613 1.50515
 1.2787536 2.1367206 0.90308999 0.30103 2.2380461 1.3424227 1.8976271
 1.1760913 2.4683473 2.307496 2.5158738 1.9590414 3.0170333 1.8750613
 0.84509804 2.1958997 0.60205999 1.8195439 0.90308999 1.1139434 2.0863598
 1.1760913 1.30103]
# fold = 2
# threshold = 4.81775535185e-17
# requested specificity = 0.806896551724
# actual training-set specificity = 0.809523809524
# tpos = 9
# tneg = 30
# fpos = 4
# fneg = 2
# raw predictions:
[2.32603366043e-17 2.21366598645e-17 2.88246855663e-17 9.41089281745e-17
 2.06791474151e-17 5.32807511839e-17 9.52474247014e-18 6.73069870517e-17
 1.72615057802e-17 3.65699034203e-17 3.1466842339e-17 1.72939669935e-17
 2.03767299669e-17 6.19381696109e-17 2.19038428221e-17 7.25333496687e-16
 1.95670347741e-17 2.96059671435e-17 1.19251140668e-14 8.44032616825e-18
 2.09789535616e-16 1.20769447612e-17 2.42797994809e-17 2.76136380588e-17
 5.03530831794e-17 6.60732621868e-18 1.95092648638e-17 2.84875726138e-17
 1.25282117962e-17 2.1803025777e-17 9.12191557928e-16 3.99221210947e-17
 4.06698979816e-17 4.31471649437e-17 3.34880946435e-17 1.62871793238e-17
 8.9203961684e-17 7.61686194094e-18 8.7451907511e-17 4.11723689509e-17
 2.01035004292e-17 1.1107127917e-17 4.97852990636e-17 6.56192553444e-17
 3.16232857194e-17]
# truth:
[1.2304489 0.90308999 1.6812412 2.6232493 2.6127839 2.0681859 1.1760913
 2.9571282 1.146128 2.2741578 1.6232493 1.8388491 1.2304489 2.665581
 1.748188 2.587711 1.1139434 1.3222193 3.2219356 1.0 3.2479733 1.2552725
 1.2304489 1.6434527 2.5118834 1.2787536 1.4771213 2.3747483 1.1139434
 1.9542425 2.6106602 1.39794 2.2148438 2.1673173 1.6334685 1.6232493
 1.763428 1.1139434 1.69897 0.95424251 1.3424227 0.90308999 1.7993405
 2.4031205 1.2787536]
# fold = 3
# threshold = 0.749447340852
# requested specificity = 0.804195804196
# actual training-set specificity = 0.806896551724
# tpos = 4
# tneg = 27
# fpos = 9
# fneg = 5
# raw predictions:
[0.751099613892 0.525400350245 0.574943267953 0.66046402302 0.855239495393
 0.649296882906 0.729750017678 0.810104433913 0.712018823175 0.803362312384
 0.757424846726 0.805670080882 0.603835404074 0.728752710481 0.538088650499
 0.729880981772 0.870619045331 0.415580987499 0.386430769899 0.639157575179
 0.575118007929 0.496706836694 0.495136788409 0.624422029351 0.505563634916
 0.520060337522 0.585985707697 0.52925750219 0.393096352125 0.610742155455
 0.696167501261 0.650958855465 0.419877555357 0.59187383832 0.63480106179
 0.710115826188 0.880211581743 0.379091271002 0.59970052388 0.935203981173
 0.636411957613 0.884176962608 0.756043080245 0.773365842606 0.775796965459]
# truth:
[1.8976271 2.4166405 1.447158 1.0791812 2.447158 2.0569049 1.4913617
 2.4031205 2.372912 1.8129134 1.9242793 2.4533183 1.7558749 2.4899585
 1.50515 1.4313638 1.9344985 0.47712126 0.95424251 2.392697 1.2787536
 2.155336 1.0413927 1.1139434 1.0413927 1.0413927 1.447158 1.763428
 0.77815125 1.3617278 1.7853298 0.90308999 1.2304489 1.5185139 2.5327544
 1.6627578 1.7242759 0.84509804 1.8195439 2.5854607 0.69897 1.5682017
 1.770852 2.209515 2.161368]
# fold = 4
# threshold = 4.87905769238e-11
# requested specificity = 0.827586206897
# actual training-set specificity = 0.833333333333
# tpos = 5
# tneg = 28
# fpos = 9
# fneg = 3
# raw predictions:
[9.71641062014e-13 5.59690959397e-12 1.06620035295e-09 1.66083440149e-11
 5.48739810904e-12 7.33172925127e-12 1.64437448234e-09 3.78373502622e-10
 1.00163513655e-12 9.73993659829e-13 3.46078895415e-13 1.34653968778e-12
 7.22238091229e-13 2.18818259757e-13 8.86034116641e-13 3.95766211405e-11
 1.89012640051e-12 2.5186209863e-12 2.58137228739e-12 1.58116494042e-12
 0.000104494331168 1.77955165328e-10 3.69488898103e-13 8.46601552627e-12
 1.19036406067e-10 2.02750089887e-13 8.71097858689e-14 3.22004796632e-10
 6.78991590222e-13 3.07742309587e-12 9.27244980002e-10 6.53489518118e-13
 7.28056097113e-10 2.93973944268e-13 4.35623829217e-12 7.53711745647e-11
 8.1379475063e-11 5.38253992761e-10 1.1616147711e-10 4.45952769646e-10
 2.28066341927e-12 5.71195296784e-13 5.63642276708e-12 7.64797075603e-13
 1.23708817219e-12]
# truth:
[2.9395193 1.20412 1.7075702 1.9867717 2.1271048 1.4149733 3.1172713
 2.2695129 1.39794 2.252853 3.007321 0.95424251 1.5563025 1.4149733
 1.3222193 2.1303338 0.47712126 1.69897 1.9684829 1.6532125 3.5854607
 2.7160033 2.1003705 1.3617278 2.6232493 0.84509804 0.69897 1.3802112
 1.544068 2.6580114 2.3222193 1.6901961 0.30103 2.20412 1.5185139
 0.95424251 2.6273659 1.3617278 0.95424251 1.7323938 0.95424251 0.84509804
 1.7923917 1.748188 2.1986571]
# fold = 5
# threshold = 0.901385700611
# requested specificity = 0.786206896552
# actual training-set specificity = 0.791666666667
# tpos = 4
# tneg = 27
# fpos = 10
# fneg = 3
# raw predictions:
[0.979857412925 0.511359448457 0.385677553579 0.779689688395 0.604854589842
 0.561118999652 0.97017703942 0.320905179943 0.447454289788 0.827509063461
 0.46785807845 0.177868599948 0.47904668513 0.852579056929 0.418713367056
 0.931074157211 0.884508980596 0.200969471908 0.469115778924 0.997533637487
 0.702099546027 0.72702543764 0.528001110703 0.764659860082 0.930360570872
 0.179553893467 0.397043726949 0.913538186489 0.985682066316 0.676627700135
 0.231305857486 0.232837532515 0.988503418114 0.76388300816 0.524345994074
 0.172556767256 0.945614419608 0.986045983633 0.854833082141 0.98933409245
 0.983628300837 0.971491018126 0.781023617418 0.92308047464]
# truth:
[1.5314789 1.544068 1.9731279 1.447158 2.3961993 1.9912261 2.4502491
 0.95424251 2.0827854 2.5428254 1.30103 1.4771213 2.544068 1.6720979
 1.7853298 1.6901961 1.94939 0.84509804 2.0934217 2.808211 1.1760913
 1.50515 1.7781513 1.7993405 2.1643529 1.39794 1.4313638 2.9395193
 2.0334238 1.4771213 1.3802112 1.1139434 2.2355284 1.7160033 1.20412
 1.1760913 2.6803355 2.0211893 1.8325089 1.5682017 1.6434527 1.4913617
 1.0413927 1.6720979]
# fold = overall performance
# Area under ROC curve = 0.787920642893
# tpos = 30
# tneg = 144
# fpos = 37
# fneg = 14
