# fold = 1
# threshold = 1.87812400243
# requested specificity = 0.880341880342
# actual training-set specificity = 0.876712328767
# tpos = 6
# tneg = 29
# fpos = 6
# fneg = 5
# raw predictions:
[1.9418524 1.8863187 2.4020677 1.7373582 1.5304285 1.9015781 1.777307
 1.7478608 1.9194477 1.9394055 2.2839516 1.600124 2.0776257 1.7991168
 1.7886556 1.527394 1.2572726 1.6013185 1.1449148 1.5175055 1.6640711
 1.2952418 1.6768412 1.1312965 1.5131455 1.838449 1.7162816 1.8036487
 1.3680387 1.1884088 2.1205719 1.9604257 1.4974993 1.8049397 1.5922276
 1.5844972 1.8207346 1.4658221 2.168204 1.949499 1.4578073 1.275397
 1.2519241 1.6818209 1.67861 1.4858839]
# truth:
[1.7075702 2.748188 3.1172713 1.447158 1.39794 3.007321 2.4116197 2.0827854
 1.8388491 1.3222193 2.5132176 1.748188 2.4533183 2.4899585 1.9684829
 1.0413927 2.1003705 2.7101174 1.1139434 1.6434527 1.3617278 1.7853298
 1.6901961 1.0413927 1.0413927 2.5118834 2.1367206 1.94939 0.77815125
 0.90308999 2.808211 1.3802112 1.1760913 2.4683473 1.2304489 1.9542425
 1.6232493 1.3802112 1.763428 1.7160033 1.20412 1.5185139 1.8195439
 2.0211893 1.6720979 1.748188]
# fold = 2
# threshold = 1.96518066925
# requested specificity = 0.888888888889
# actual training-set specificity = 0.885714285714
# tpos = 2
# tneg = 32
# fpos = 9
# fneg = 2
# raw predictions:
[2.0346949 1.3886588 1.2216248 1.562796 1.9148551 2.0145441 1.5348623
 1.9346291 2.2368193 1.523806 2.1871005 1.752174 1.5470401 1.4517138
 2.0921372 5.787825 1.1621941 1.4485467 0.82018893 1.1256118 1.0860435
 1.4653166 0.97518689 1.22188 1.932744 1.0575449 1.9983024 2.2276397
 2.0070285 1.422956 1.4617761 1.9080286 2.1862347 2.3059271 1.449148
 1.6947005 1.5541115 1.8437204 1.8812087 1.1150563 1.5428264 1.3342798
 1.6644319 1.8298606 1.5891682]
# truth:
[1.8976271 1.20412 0.90308999 2.4166405 2.0681859 2.0569049 1.4913617
 1.9731279 2.2695129 1.1760913 2.4502491 2.1303338 1.69897 1.3222193
 1.9344985 3.5854607 0.60205999 0.69897 0.95424251 1.30103 1.50515 1.447158
 1.2787536 0.90308999 2.2380461 0.69897 1.7853298 2.0934217 2.1643529
 1.4313638 2.9395193 2.1673173 1.6627578 2.2355284 1.3424227 1.7323938
 1.8195439 1.4913617 1.7993405 0.95424251 1.5682017 0.84509804 1.770852
 2.209515 1.2787536]
# fold = 3
# threshold = 1.98653404785
# requested specificity = 0.868421052632
# actual training-set specificity = 0.868965517241
# tpos = 6
# tneg = 33
# fpos = 3
# fneg = 3
# raw predictions:
[1.4659945 1.6250179 3.1091112 2.0691912 1.8340408 1.6763326 1.9431187
 1.5039575 1.9283724 2.3146675 2.2741836 3.3617427 1.080061 1.1577825
 2.6746451 1.3966433 1.4309099 1.0930184 1.4623628 1.6032863 1.278966
 1.3857083 1.2713478 1.1713448 1.2575586 1.6855226 1.321809 1.9702407
 2.3327037 1.7788206 1.7073488 1.4739689 1.7474462 1.9214403 1.3720419
 1.6316396 1.5645492 1.4810078 2.0497854 1.6977687 2.3182666 1.2958085
 1.6550281 1.9498391 1.5051396]
# truth:
[1.2304489 1.447158 2.6127839 2.447158 0.95424251 1.146128 1.8129134
 1.1139434 1.4313638 2.5820634 2.5428254 3.2219356 1.30103 1.30103
 3.2479733 2.155336 1.8750613 1.2552725 1.1139434 2.6232493 0.84509804
 1.3617278 0.30103 1.3424227 1.50515 1.7781513 1.39794 2.6580114 2.3222193
 2.2148438 1.5185139 2.5327544 1.8750613 0.84509804 1.1139434 1.1139434
 1.69897 1.1760913 0.30103 1.8325089 1.5682017 0.90308999 0.69897 1.30103
 1.7923917]
# fold = 4
# threshold = 1.96026674742
# requested specificity = 0.880341880342
# actual training-set specificity = 0.875862068966
# tpos = 4
# tneg = 31
# fpos = 5
# fneg = 5
# raw predictions:
[1.5362131 2.0102653 1.8864391 1.7304415 2.0863458 1.6418074 1.4990819
 1.5414532 1.7059639 1.5894829 1.9807653 1.7187076 1.7293733 1.2091703
 1.5918008 2.415101 1.2303237 1.6969697 1.3697857 1.4512363 1.8864168
 1.3145691 1.3991732 1.8279013 1.5740015 1.3653284 1.8236146 1.8692472
 2.339039 2.0245804 1.584297 1.7977768 1.8365744 1.222095 1.4703984
 2.0019652 1.356585 2.13927 1.7229812 2.0590632 1.827997 1.6870925 1.417525
 1.8336557 1.3925379]
# truth:
[2.9395193 1.6812412 1.7323938 2.6232493 1.5314789 1.544068 0.77815125
 1.1760913 2.2741578 1.3802112 2.7535831 1.2304489 1.9242793 1.50515
 1.6532125 2.7160033 1.0 2.544068 1.2787536 0.84509804 1.6434527 1.4771213
 1.1760913 2.3747483 1.544068 1.1139434 2.307496 2.6106602 2.5158738
 1.9590414 1.39794 1.4771213 1.7242759 0.60205999 0.95424251 2.6803355
 0.84509804 1.3617278 0.90308999 1.6434527 1.1139434 2.0863598 1.1760913
 2.161368 1.0413927]
# fold = 5
# threshold = 1.90533518586
# requested specificity = 0.872881355932
# actual training-set specificity = 0.871621621622
# tpos = 6
# tneg = 32
# fpos = 1
# fneg = 5
# raw predictions:
[1.7174373 1.3860377 1.7822394 1.7050765 1.7901187 1.7475143 2.3220199
 1.8534852 2.1406015 1.9020719 1.7514802 1.5619085 1.6130819 1.5635996
 2.0586203 1.5482373 2.6976541 1.654497 1.4013617 1.5130125 1.6550295
 1.5511252 1.5727438 1.3030924 1.5720024 1.2882194 1.4864838 1.5207664
 1.6005047 1.5864669 1.6457297 1.641004 1.9188308 2.8641231 1.8414285
 1.4453743 1.5312419 1.1980067 1.3731564 1.8372203 1.7778573 2.1743173
 1.6919025 1.5785535]
# truth:
[1.9867717 1.0791812 2.1271048 1.4149733 2.252853 2.3961993 2.9571282
 1.9912261 2.4031205 2.372912 1.6232493 0.95424251 1.5563025 1.4149733
 2.665581 1.7558749 2.587711 1.50515 0.47712126 0.47712126 0.69897
 1.4771213 2.392697 1.9138139 1.2787536 0.90308999 1.6720979 1.0413927
 1.2304489 1.763428 1.8976271 1.7993405 2.0334238 3.0170333 1.6334685
 1.6901961 2.1958997 0.95424251 2.20412 2.6273659 0.95424251 2.5854607
 2.4031205 2.1986571]
# fold = overall performance
