# Site = pointlakeshore
# Method = spls-select
# fold = 1
# threshold = 1.88752699009
# requested specificity = 0.9
# actual training-set specificity = 1.21322874683
# tpos = 3
# tneg = 11
# fpos = 1
# fneg = 2
# raw predictions:
[2.07075030508126, 1.6876885922667297, 1.5499747348459165, 1.3547390042269092, 1.4558041135411242, 1.215300131090062, 1.4583833163995534, 1.5166764350691806, 2.030230987557257, 1.3876476042245485, 1.4294609861086085, 1.0353578527026395, 1.4116349490525497, 2.263964937177288, 1.8756326362476363, 2.446082660637394, 1.363607205097537]
# truth:
array('d', [1.294466226, 2.886547123, 0.30102999600000002, 1.193124598, 1.489958479, 0.79934054899999996, 1.434568904, 1.600972896, 2.454997217, 1.784617293, 1.797267541, 0.30102999600000002, 1.913813852, 2.420120848, 3.19119942, 3.113843119, 1.120573931])
# fitted:
[1.2776051074340122, 1.2202877548379951, 1.8288353277591622, 2.008016818765765, 2.1426997049557714, 1.5766747450936298, 1.7631504265076692, 1.499894029040108, 1.340603957482565, 2.57284365616427, 1.8961252155618764, 1.8019971658021428, 1.7947745920801685, 1.4436575546707748, 1.6297191162488571, 1.3923562394149256, 1.4521546476638276, 2.318685091028027, 0.89685613006502596, 0.84139923203741518, 1.4050375882421846, 1.1818833428203213, 1.302623340586189, 2.181207664171124, 1.6315614962446523, 1.496452939038163, 0.94901351877022588, 1.8280532810896102, 2.2060329054961727, 0.91721619679082489, 1.1616954945502318, 1.8875269900896785, 1.0258780479474803, 1.1181478551635962, 0.76921533753775639, 0.70220003236273132, 0.95550572197771255, 2.30369328314928, 2.0250946782683883, 1.401688443108966, 1.2010986696627524, 1.4032723193504006, 1.4111217127843794, 1.3782190128220435, 1.6856324650318773, 1.645105289832748, 1.2038551227085867, 0.91249091442840868, 1.3367405481733101, 1.8373707975405051, 1.4249815565312674, 0.55056982115594644, 1.706338094392501, 1.1567608265700637, 1.235069966096856, 1.5229249252842716, 1.6188853973088608, 1.186161918169701, 1.5124655741114237, 1.1905324805250435, 1.4060844844997773]
# actual:
[0.47712125500000002, 1.907411361, 1.227886705, 1.774516966, 1.769377326, 0.87506126299999998, 0.61278385700000004, 0.61278385700000004, 1.59439255, 3.298044843, 2.495544338, 2.561816664, 1.72427587, 1.812913357, 1.555094449, 1.589949601, 0.49136169400000002, 3.238773502, 1.206825876, 0.70757017600000005, 0.0, 1.271841607, 1.238046103, 1.309630167, 1.59439255, 1.334453751, 0.0, 1.588831726, 3.298044843, 1.779596491, 2.061829307, 1.675778342, 0.70757017600000005, 0.0, 1.127104798, 1.320146286, 0.99122607600000001, 2.058805487, 2.033825694, 1.537819095, 0.0, 1.465382851, 1.394451681, 1.729974286, 1.190331698, 1.439332694, 1.376576957, 0.98677173399999996, 2.197556213, 2.08278537, 1.682145076, 1.025305865, 2.208441356, 1.037426498, 0.71600334399999999, 0.61278385700000004, 1.607455023, 0.30102999600000002, 3.383743576, 2.45909079, 2.314709693]
# fold = 2
# threshold = 0.537197788204
# requested specificity = 0
# actual training-set specificity = 0.0101358073246
# tpos = 2
# tneg = 1
# fpos = 12
# fneg = 0
# raw predictions:
[1.3855852701185836, 1.619614495487987, 2.1555144890922433, 1.960949542456003, 1.5586943884948152, 1.4780571014572632, 0.29585858490130867, 1.0173629781661333, 1.3705927790398689, 1.531429622388317, 1.0709574442895917, 1.6905176005526856, 0.75512091001334536, 1.0733501265810113, 1.6005052850626702]
# truth:
array('d', [0.47712125500000002, 0.61278385700000004, 2.495544338, 2.561816664, 1.589949601, 1.334453751, 1.320146286, 0.0, 1.465382851, 1.190331698, 2.197556213, 2.08278537, 1.025305865, 2.208441356, 1.607455023])
# fitted:
[1.890052019927615, 1.9683281677607452, 1.3617722613571157, 1.9255526382785226, 2.2039279521491584, 2.042687645913371, 1.58443077491968, 1.8118748978792851, 1.4999066803989019, 1.223310499668627, 2.3733194122919756, 1.2550421945870633, 1.976288171765051, 1.392898705185093, 1.1197109149355606, 1.3362547554709887, 1.3661702345956535, 1.7782047907107332, 1.4679660360698084, 1.962351702934437, 1.5291147621191281, 0.70473542638071007, 0.98829363997978792, 1.3264446779632402, 2.0731305032519862, 1.3491503757482188, 1.1248981882509261, 1.6727046435147084, 1.374618726593182, 1.8872371920754723, 1.7252730022783087, 0.81030142525116766, 0.98529899615536121, 1.7736756954171007, 1.8320807932099164, 2.6123352229783814, 2.431247042400453, 2.4067232256254933, 0.84171788367479061, 2.0758790378099024, 1.1830821377824288, 1.8036992922231052, 0.93484824406696054, 0.88190747851661111, 0.53719778820446717, 1.4572701955755385, 0.81366594099851397, 1.9460521670353868, 2.1864623856554544, 1.5493211453245086, 1.3825849639313674, 1.5501862225190508, 1.9432533817850581, 1.1432309449886127, 0.66686137270805079, 1.7425362207577686, 1.1598216303558897, 2.1781883352682243, 1.4997818222410286, 1.0099241874034997, 1.7919405259975267, 0.97999815187603145, 1.195418974307296]
# actual:
[1.294466226, 2.886547123, 1.907411361, 1.227886705, 1.774516966, 1.769377326, 0.30102999600000002, 0.87506126299999998, 0.61278385700000004, 1.59439255, 3.298044843, 1.193124598, 1.72427587, 1.489958479, 0.79934054899999996, 1.434568904, 1.812913357, 1.555094449, 0.49136169400000002, 3.238773502, 1.600972896, 1.206825876, 0.70757017600000005, 0.0, 2.454997217, 1.784617293, 1.271841607, 1.797267541, 1.238046103, 1.309630167, 1.59439255, 0.0, 0.30102999600000002, 1.588831726, 1.913813852, 2.420120848, 3.298044843, 3.19119942, 1.779596491, 3.113843119, 2.061829307, 1.675778342, 0.70757017600000005, 0.0, 1.127104798, 1.120573931, 0.99122607600000001, 2.058805487, 2.033825694, 1.537819095, 1.394451681, 1.729974286, 1.439332694, 1.376576957, 0.98677173399999996, 1.682145076, 1.037426498, 0.71600334399999999, 0.61278385700000004, 0.30102999600000002, 3.383743576, 2.45909079, 2.314709693]
# fold = 3
# threshold = 1.93959697542
# requested specificity = 0.9
# actual training-set specificity = 1.16357297741
# tpos = 0
# tneg = 14
# fpos = 1
# fneg = 1
# raw predictions:
[2.937452205714539, 1.9211684612162343, 1.3642023546523756, 1.4558868744177107, 1.5666905288955322, 0.50506692566881883, 0.84443434173697252, 0.83470524439479499, 1.7280515198194564, 0.9127078829563775, 0.65215371868515981, 1.005245438807567, 1.3227948306126955, 1.3129289422218156, 1.4430877767863257, 1.0663936560546208]
# truth:
array('d', [1.769377326, 1.555094449, 0.70757017600000005, 0.0, 1.271841607, 1.59439255, 0.70757017600000005, 0.99122607600000001, 2.033825694, 1.394451681, 1.729974286, 1.376576957, 1.682145076, 1.037426498, 0.30102999600000002, 3.383743576])
# fitted:
[1.2359732091651345, 2.6975794753187445, 2.9189682269596857, 1.1766247743684415, 1.7617679453505044, 1.8495906750137077, 0.97115839366053891, 1.3979629350162144, 1.0509469831456793, 1.5296815065345983, 1.1270458150950218, 2.736241997879336, 1.7228387151408984, 2.17266291065442, 1.2686392634992527, 1.6137861140097223, 2.1385121453492784, 1.6619298016208768, 1.5949857184971885, 1.8712945055306816, 0.92258123393538649, 1.261440859938549, 2.5892865553695943, 1.7910540542796483, 1.581282086127832, 2.4018524278694637, 1.7233580857076267, 1.8297574356352844, 1.3473357055769295, 1.4341158248806951, 1.2351430697973533, 0.12989236751616359, 0.55508437187904125, 1.2164864541483969, 1.8197365593135002, 2.446908894492341, 2.4523327786832434, 2.500904243456508, 1.1161367375021776, 2.8975503248599006, 1.9395969754190565, 1.5236547004767242, 0.56008296536929958, 1.0514767103539213, 0.98606442983602283, 1.4096197892795657, 2.5556385949941554, 1.4887487496543108, 0.70590076074005537, 1.0725322432345499, 1.245592559461881, 1.6508591736381535, 0.65016161148577123, 1.3933915624894313, 2.1345040188939755, 0.79032128627625686, 2.395879710391984, 1.4550452358640502, 0.61070185760486162, 1.5984414501240387, 1.1310895626632336, 1.135237299969139]
# actual:
[0.47712125500000002, 1.294466226, 2.886547123, 1.907411361, 1.227886705, 1.774516966, 0.30102999600000002, 0.87506126299999998, 0.61278385700000004, 0.61278385700000004, 1.59439255, 3.298044843, 2.495544338, 2.561816664, 1.193124598, 1.72427587, 1.489958479, 0.79934054899999996, 1.434568904, 1.812913357, 1.589949601, 0.49136169400000002, 3.238773502, 1.600972896, 1.206825876, 2.454997217, 1.784617293, 1.797267541, 1.238046103, 1.309630167, 1.334453751, 0.0, 0.30102999600000002, 1.588831726, 1.913813852, 2.420120848, 3.298044843, 3.19119942, 1.779596491, 3.113843119, 2.061829307, 1.675778342, 0.0, 1.127104798, 1.320146286, 1.120573931, 2.058805487, 1.537819095, 0.0, 1.465382851, 1.190331698, 1.439332694, 0.98677173399999996, 2.197556213, 2.08278537, 1.025305865, 2.208441356, 0.71600334399999999, 0.61278385700000004, 1.607455023, 2.45909079, 2.314709693]
# fold = 4
# threshold = 1.87824083472
# requested specificity = 0.9
# actual training-set specificity = 1.17996193232
# tpos = 0
# tneg = 10
# fpos = 5
# fneg = 0
# raw predictions:
[3.439283402319411, 1.2763532818507568, 2.322147626246978, 1.5531962796715708, 1.6429027603667228, 0.4653562298186209, 1.2923650222140237, 0.88708839667527806, 2.270212495615876, 1.4808673073322047, 0.8942677932437888, 2.3648451597868476, 0.83009819400794482, 2.4651209609173614, 1.2655285043443645]
# truth:
array('d', [1.774516966, 1.59439255, 1.72427587, 1.812913357, 0.49136169400000002, 1.206825876, 1.238046103, 0.0, 1.588831726, 1.675778342, 1.127104798, 2.058805487, 0.98677173399999996, 0.71600334399999999, 2.314709693])
# fitted:
[1.238703871886114, 2.2859004308747117, 2.1208432088782696, 1.23198843203526, 2.146513495771602, 2.449696319001581, 1.3422792608644678, 1.8782408347214674, 1.689873080009313, 1.4313310153805077, 2.6952540945851045, 2.2539026578066226, 1.8144622543984794, 1.2786749345051158, 1.3168670260506565, 1.0412030290666792, 1.2715203194126246, 1.6293228562454474, 1.5686850483827441, 2.2454933863666255, 1.4537920339363208, 0.54326889554021229, 1.1696228205991224, 2.2662688269263436, 1.5156489213853217, 0.94024208127672004, 1.7693353216063559, 1.8433103416010446, 1.443547148439973, 1.4275166247010225, 1.060827244988738, 1.7203463458596582, 3.010231357203138, 2.701321277427958, 2.7564882667947606, 0.77052098311252704, 2.2497589402466773, 1.0902520111341565, 1.1309091408908882, 0.93910649487549591, 0.87958493816727512, 1.4468689100308714, 0.83362248332930977, 2.415761081829823, 1.3396486272081594, 1.1346543251678425, 1.3423936077118222, 1.252264451653991, 1.3665653815162417, 1.5072304839195283, 1.8110859820077072, 1.481135953420181, 1.105367238187991, 1.8143232694076832, 1.886824941439688, 0.60862131744477621, 1.342457417712914, 1.2148805146895296, 1.4130914734071047, 1.4343349254760565, 1.1129911292175394, 1.620610742782039, 1.3634911844821003]
# actual:
[0.47712125500000002, 1.294466226, 2.886547123, 1.907411361, 1.227886705, 1.769377326, 0.30102999600000002, 0.87506126299999998, 0.61278385700000004, 0.61278385700000004, 3.298044843, 2.495544338, 2.561816664, 1.193124598, 1.489958479, 0.79934054899999996, 1.434568904, 1.555094449, 1.589949601, 3.238773502, 1.600972896, 0.70757017600000005, 0.0, 2.454997217, 1.784617293, 1.271841607, 1.797267541, 1.309630167, 1.59439255, 1.334453751, 0.30102999600000002, 1.913813852, 2.420120848, 3.298044843, 3.19119942, 1.779596491, 3.113843119, 2.061829307, 0.70757017600000005, 0.0, 1.320146286, 1.120573931, 0.99122607600000001, 2.033825694, 1.537819095, 0.0, 1.465382851, 1.394451681, 1.729974286, 1.190331698, 1.439332694, 1.376576957, 2.197556213, 2.08278537, 1.682145076, 1.025305865, 2.208441356, 1.037426498, 0.61278385700000004, 1.607455023, 0.30102999600000002, 3.383743576, 2.45909079]
# fold = 5
# threshold = 1.91591542292
# requested specificity = 0.9
# actual training-set specificity = 1.18830634299
# tpos = 3
# tneg = 8
# fpos = 3
# fneg = 1
# raw predictions:
[1.1041459993415639, 1.98420921656183, 1.8489934333401328, 1.538686148747783, 2.7572887082584803, 2.033351393427712, 2.2716172871078393, 2.2835516429843064, 0.50389332116845331, 0.93411090459810819, 0.83036976702836474, 1.6722589026892354, 2.167635913850079, 1.4905544968618725, 1.1053094647860315]
# truth:
array('d', [1.907411361, 1.227886705, 0.87506126299999998, 0.61278385700000004, 3.298044843, 3.238773502, 1.309630167, 3.298044843, 1.779596491, 2.061829307, 0.0, 1.537819095, 1.439332694, 0.61278385700000004, 2.45909079])
# fitted:
[1.1453995484722372, 1.9108285762395907, 1.8013999460794985, 1.8905567282229503, 2.256604439001209, 1.431910290800174, 1.5738343296438973, 1.3542103678054236, 2.021523015961518, 1.9624975473635433, 1.3984237608427663, 1.7088077084061395, 1.2850794934293024, 0.98255466936199642, 1.4522089773093512, 1.3267441891359026, 1.764994962878084, 1.610223930017315, 1.3428775687480914, 1.6892031492281685, 0.87146256790895893, 1.0114738346487042, 1.5220954962119508, 2.04914201233138, 1.2640254287701764, 1.103113467903038, 1.7050831191851301, 1.3033417981832123, 1.5588319872332361, 1.4384011602368916, 0.70896043290394417, 0.74968174885244965, 2.2617828624498038, 1.421296132246607, 2.495388977083293, 2.035886738792099, 2.5925700621358847, 2.0614971218296443, 1.0401399026930762, 0.37448103904374574, 0.58334539646178762, 1.5462106275488499, 0.72491177672076479, 2.239724879790302, 2.12511822062146, 1.226111852702947, 1.4869617672018298, 1.5602319131584093, 1.4177529562092033, 1.3719600959373721, 1.3534116548000885, 0.58994585398926724, 1.2707866378837673, 1.9159154229175421, 1.625199201998217, 0.60783455924298024, 1.3764294103163803, 1.3039173467746792, 1.5380816365845047, 1.581644827619039, 0.98277683010397954, 1.8531450922578499, 1.3531727295683949]
# actual:
[0.47712125500000002, 1.294466226, 2.886547123, 1.774516966, 1.769377326, 0.30102999600000002, 0.61278385700000004, 1.59439255, 2.495544338, 2.561816664, 1.193124598, 1.72427587, 1.489958479, 0.79934054899999996, 1.434568904, 1.812913357, 1.555094449, 1.589949601, 0.49136169400000002, 1.600972896, 1.206825876, 0.70757017600000005, 0.0, 2.454997217, 1.784617293, 1.271841607, 1.797267541, 1.238046103, 1.59439255, 1.334453751, 0.0, 0.30102999600000002, 1.588831726, 1.913813852, 2.420120848, 3.19119942, 3.113843119, 1.675778342, 0.70757017600000005, 1.127104798, 1.320146286, 1.120573931, 0.99122607600000001, 2.058805487, 2.033825694, 0.0, 1.465382851, 1.394451681, 1.729974286, 1.190331698, 1.376576957, 0.98677173399999996, 2.197556213, 2.08278537, 1.682145076, 1.025305865, 2.208441356, 1.037426498, 0.71600334399999999, 1.607455023, 0.30102999600000002, 3.383743576, 2.314709693]
# Area under ROC curve = 0.786616161616
# aggregate.tpos = 8
# aggregate.tneg = 44
# aggregate.fpos = 22
# aggregate.fneg = 4
# variables: wvperpmean12, dirwvhperpmean1, logbeachturbiditybeach, dirwvhperpmean2
# decision threshold: 1.91777993734
