# Site = pointlakeshore
# Method = adalasso-weighted
# Site = pointlakeshore
# Method = adalasso-weighted
# Site = pointlakeshore
# Method = adalasso-weighted
# Site = pointlakeshore
# Method = adalasso-weighted
# Site = pointlakeshore
# Method = adalasso-weighted
# Site = pointlakeshore
# Method = adalasso-weighted
# fold = 1
# threshold = 0.893745433071
# requested specificity = 0.9
# actual training-set specificity = 0.907407407407
# tpos = 0
# tneg = 11
# fpos = 1
# fneg = 5
# raw predictions:
[0.87728040485224557, 0.87800714275575775, 0.88073868529097155, 0.88680748001217835, 0.87545347207805546, 0.88301930999614253, 0.89267451042036883, 0.88599711592968267, 0.87731556768229868, 0.88416988701262456, 0.87490696852259808, 0.88072611541686763, 0.88809707329391718, 0.87924621080101562, 0.89031608819434149, 0.89202575250803573, 0.894013946612082]
# truth:
array('d', [1.294466226, 2.886547123, 0.30102999600000002, 1.193124598, 1.489958479, 0.79934054899999996, 1.434568904, 1.600972896, 2.454997217, 1.784617293, 1.797267541, 0.30102999600000002, 1.913813852, 2.420120848, 3.19119942, 3.113843119, 1.120573931])
# fitted:
[0.88253871063809364, 0.88695847182019694, 0.89164856865280695, 0.88588908071898531, 0.87614524092738166, 0.89397044473647591, 0.88799387440054689, 0.88957439820557971, 0.88915466145717892, 0.87638082330793832, 0.87818306949826541, 0.87996547573159545, 0.88777472040644634, 0.89226126883765078, 0.89419666964244005, 0.89400925349146776, 0.89063787127888272, 0.88334640812763987, 0.88607837047383664, 0.88555899636777757, 0.89262280153626294, 0.88364448376473959, 0.89387703684102005, 0.88081887511887991, 0.89307996031856518, 0.89341504316434583, 0.88002319531072093, 0.88359608181733074, 0.87617990794913514, 0.88656393180107795, 0.88825518122762259, 0.87528632158388031, 0.88698226175763462, 0.88447586640874432, 0.87989947551817427, 0.88436729574994011, 0.88611688700286551, 0.87530117358355075, 0.87799797804625357, 0.89409049309515187, 0.88391108229030368, 0.88948254720133912, 0.89374543307108834, 0.88380323469339739, 0.88656566859794017, 0.88545847401765643, 0.88954117571861413, 0.88765144441935973, 0.8935735794779609, 0.88466826264990328, 0.87755269952036374, 0.88568173022982666, 0.87542464505075068, 0.87491552245899196, 0.87648514649429365, 0.88485778847879049, 0.89361613597880307, 0.87956321885150412, 0.87462319337788252, 0.87770720323310569, 0.89231118386967101]
# actual:
[0.0, 0.0, 0.0, 0.0, 0.0, 0.0, 0.0, 0.0, 0.0, 1.0, 1.0, 1.0, 0.0, 0.0, 0.0, 0.0, 0.0, 1.0, 0.0, 0.0, 0.0, 0.0, 0.0, 0.0, 0.0, 0.0, 0.0, 0.0, 1.0, 0.0, 0.0, 0.0, 0.0, 0.0, 0.0, 0.0, 0.0, 0.0, 0.0, 0.0, 0.0, 0.0, 0.0, 0.0, 0.0, 0.0, 0.0, 0.0, 0.0, 0.0, 0.0, 0.0, 0.0, 0.0, 0.0, 0.0, 0.0, 0.0, 1.0, 1.0, 0.0]
# fold = 2
# threshold = 0.848115344383
# requested specificity = 0.9
# actual training-set specificity = 0.905660377358
# tpos = 0
# tneg = 12
# fpos = 1
# fneg = 2
# raw predictions:
[0.84976445530314471, 0.84716110783942389, 0.84688158356882848, 0.84035402305861229, 0.8475493538842741, 0.82517721615157846, 0.84156458245537558, 0.84130347024319707, 0.84725645037213659, 0.84427439406644378, 0.84219008170305298, 0.84430782503380619, 0.84261639528812793, 0.84137388205111063, 0.83350233254881279]
# truth:
array('d', [0.47712125500000002, 0.61278385700000004, 2.495544338, 2.561816664, 1.589949601, 1.334453751, 1.320146286, 0.0, 1.465382851, 1.190331698, 2.197556213, 2.08278537, 1.025305865, 2.208441356, 1.607455023])
# fitted:
[0.84944419471180765, 0.81764995199401136, 0.84816880711474951, 0.83722725441785251, 0.84479061498546548, 0.84156458245537558, 0.81992985285368625, 0.84203565109185785, 0.84811534438271785, 0.84626427224699907, 0.84050148424258675, 0.82742944932382168, 0.84318183270609759, 0.84434139146797771, 0.84613783209804017, 0.84844153452005633, 0.84622190860892887, 0.84275420364644082, 0.84264377567319493, 0.84471989552135751, 0.85322543729971001, 0.84639269247953985, 0.84312353237658699, 0.8475493538842741, 0.84269880714282719, 0.84388339741420815, 0.84661130277104069, 0.85889664875108651, 0.84489784219658681, 0.84027090081188383, 0.83764215312441448, 0.84312353237658699, 0.84464977595277302, 0.84497010829333175, 0.82822156809929359, 0.82510367883934244, 0.82892115609001571, 0.8322673655167393, 0.84643595028388585, 0.82439931491960461, 0.84688158356882848, 0.84213828781729116, 0.84004644032345066, 0.84219008170305298, 0.84329967186262456, 0.83870795727301628, 0.8414211530049619, 0.84267124608346977, 0.84237392628678009, 0.837285310483036, 0.84297954109180939, 0.8388641843022242, 0.83986711854335183, 0.84185900699975502, 0.84253478836992746, 0.84369459706478811, 0.84318183270609759, 0.83796707431753348, 0.84780175129857727, 0.84275420364644082, 0.84234741418754777, 0.8401885879342389, 0.83409588843986515]
# actual:
[0.0, 1.0, 0.0, 0.0, 0.0, 0.0, 0.0, 0.0, 0.0, 0.0, 1.0, 0.0, 0.0, 0.0, 0.0, 0.0, 0.0, 0.0, 0.0, 1.0, 0.0, 0.0, 0.0, 0.0, 1.0, 0.0, 0.0, 0.0, 0.0, 0.0, 0.0, 0.0, 0.0, 0.0, 0.0, 1.0, 1.0, 1.0, 0.0, 1.0, 0.0, 0.0, 0.0, 0.0, 0.0, 0.0, 0.0, 0.0, 0.0, 0.0, 0.0, 0.0, 0.0, 0.0, 0.0, 0.0, 0.0, 0.0, 0.0, 0.0, 1.0, 1.0, 0.0]
# Site = pointlakeshore
# Method = adalasso-weighted
# fold = 1
# threshold = 0.893745433071
# requested specificity = 0.9
# actual training-set specificity = 0.907407407407
# tpos = 0
# tneg = 11
# fpos = 1
# fneg = 5
# raw predictions:
[0.87728040485224557, 0.87800714275575775, 0.88073868529097155, 0.88680748001217835, 0.87545347207805546, 0.88301930999614253, 0.89267451042036883, 0.88599711592968267, 0.87731556768229868, 0.88416988701262456, 0.87490696852259808, 0.88072611541686763, 0.88809707329391718, 0.87924621080101562, 0.89031608819434149, 0.89202575250803573, 0.894013946612082]
# truth:
array('d', [1.294466226, 2.886547123, 0.30102999600000002, 1.193124598, 1.489958479, 0.79934054899999996, 1.434568904, 1.600972896, 2.454997217, 1.784617293, 1.797267541, 0.30102999600000002, 1.913813852, 2.420120848, 3.19119942, 3.113843119, 1.120573931])
# fitted:
[0.88253871063809364, 0.88695847182019694, 0.89164856865280695, 0.88588908071898531, 0.87614524092738166, 0.89397044473647591, 0.88799387440054689, 0.88957439820557971, 0.88915466145717892, 0.87638082330793832, 0.87818306949826541, 0.87996547573159545, 0.88777472040644634, 0.89226126883765078, 0.89419666964244005, 0.89400925349146776, 0.89063787127888272, 0.88334640812763987, 0.88607837047383664, 0.88555899636777757, 0.89262280153626294, 0.88364448376473959, 0.89387703684102005, 0.88081887511887991, 0.89307996031856518, 0.89341504316434583, 0.88002319531072093, 0.88359608181733074, 0.87617990794913514, 0.88656393180107795, 0.88825518122762259, 0.87528632158388031, 0.88698226175763462, 0.88447586640874432, 0.87989947551817427, 0.88436729574994011, 0.88611688700286551, 0.87530117358355075, 0.87799797804625357, 0.89409049309515187, 0.88391108229030368, 0.88948254720133912, 0.89374543307108834, 0.88380323469339739, 0.88656566859794017, 0.88545847401765643, 0.88954117571861413, 0.88765144441935973, 0.8935735794779609, 0.88466826264990328, 0.87755269952036374, 0.88568173022982666, 0.87542464505075068, 0.87491552245899196, 0.87648514649429365, 0.88485778847879049, 0.89361613597880307, 0.87956321885150412, 0.87462319337788252, 0.87770720323310569, 0.89231118386967101]
# actual:
[0.0, 0.0, 0.0, 0.0, 0.0, 0.0, 0.0, 0.0, 0.0, 1.0, 1.0, 1.0, 0.0, 0.0, 0.0, 0.0, 0.0, 1.0, 0.0, 0.0, 0.0, 0.0, 0.0, 0.0, 0.0, 0.0, 0.0, 0.0, 1.0, 0.0, 0.0, 0.0, 0.0, 0.0, 0.0, 0.0, 0.0, 0.0, 0.0, 0.0, 0.0, 0.0, 0.0, 0.0, 0.0, 0.0, 0.0, 0.0, 0.0, 0.0, 0.0, 0.0, 0.0, 0.0, 0.0, 0.0, 0.0, 0.0, 1.0, 1.0, 0.0]
# fold = 2
# threshold = 0.848115344383
# requested specificity = 0.9
# actual training-set specificity = 0.905660377358
# tpos = 0
# tneg = 12
# fpos = 1
# fneg = 2
# raw predictions:
[0.84976445530314471, 0.84716110783942389, 0.84688158356882848, 0.84035402305861229, 0.8475493538842741, 0.82517721615157846, 0.84156458245537558, 0.84130347024319707, 0.84725645037213659, 0.84427439406644378, 0.84219008170305298, 0.84430782503380619, 0.84261639528812793, 0.84137388205111063, 0.83350233254881279]
# truth:
array('d', [0.47712125500000002, 0.61278385700000004, 2.495544338, 2.561816664, 1.589949601, 1.334453751, 1.320146286, 0.0, 1.465382851, 1.190331698, 2.197556213, 2.08278537, 1.025305865, 2.208441356, 1.607455023])
# fitted:
[0.84944419471180765, 0.81764995199401136, 0.84816880711474951, 0.83722725441785251, 0.84479061498546548, 0.84156458245537558, 0.81992985285368625, 0.84203565109185785, 0.84811534438271785, 0.84626427224699907, 0.84050148424258675, 0.82742944932382168, 0.84318183270609759, 0.84434139146797771, 0.84613783209804017, 0.84844153452005633, 0.84622190860892887, 0.84275420364644082, 0.84264377567319493, 0.84471989552135751, 0.85322543729971001, 0.84639269247953985, 0.84312353237658699, 0.8475493538842741, 0.84269880714282719, 0.84388339741420815, 0.84661130277104069, 0.85889664875108651, 0.84489784219658681, 0.84027090081188383, 0.83764215312441448, 0.84312353237658699, 0.84464977595277302, 0.84497010829333175, 0.82822156809929359, 0.82510367883934244, 0.82892115609001571, 0.8322673655167393, 0.84643595028388585, 0.82439931491960461, 0.84688158356882848, 0.84213828781729116, 0.84004644032345066, 0.84219008170305298, 0.84329967186262456, 0.83870795727301628, 0.8414211530049619, 0.84267124608346977, 0.84237392628678009, 0.837285310483036, 0.84297954109180939, 0.8388641843022242, 0.83986711854335183, 0.84185900699975502, 0.84253478836992746, 0.84369459706478811, 0.84318183270609759, 0.83796707431753348, 0.84780175129857727, 0.84275420364644082, 0.84234741418754777, 0.8401885879342389, 0.83409588843986515]
# actual:
[0.0, 1.0, 0.0, 0.0, 0.0, 0.0, 0.0, 0.0, 0.0, 0.0, 1.0, 0.0, 0.0, 0.0, 0.0, 0.0, 0.0, 0.0, 0.0, 1.0, 0.0, 0.0, 0.0, 0.0, 1.0, 0.0, 0.0, 0.0, 0.0, 0.0, 0.0, 0.0, 0.0, 0.0, 0.0, 1.0, 1.0, 1.0, 0.0, 1.0, 0.0, 0.0, 0.0, 0.0, 0.0, 0.0, 0.0, 0.0, 0.0, 0.0, 0.0, 0.0, 0.0, 0.0, 0.0, 0.0, 0.0, 0.0, 0.0, 0.0, 1.0, 1.0, 0.0]
# fold = 3
# threshold = 0.834195461498
# requested specificity = 0.9
# actual training-set specificity = 0.901960784314
# tpos = 0
# tneg = 11
# fpos = 4
# fneg = 1
# raw predictions:
[0.81621774458660801, 0.82714377392520422, 0.84194955173940067, 0.83519316979357128, 0.83456260472126775, 0.8181027944795155, 0.8268492270435629, 0.83678464393192975, 0.80960169428817996, 0.83046117114664997, 0.82355538879490153, 0.82602101094857516, 0.81273528001356943, 0.82526184747867992, 0.82921067204323051, 0.82695549221261]
# truth:
array('d', [1.769377326, 1.555094449, 0.70757017600000005, 0.0, 1.271841607, 1.59439255, 0.70757017600000005, 0.99122607600000001, 2.033825694, 1.394451681, 1.729974286, 1.376576957, 1.682145076, 1.037426498, 0.30102999600000002, 3.383743576])
# fitted:
[0.81769877434116556, 0.81104030546608474, 0.81019004858986654, 0.82471187291153225, 0.83166709598874133, 0.8281254362893512, 0.82316323492582733, 0.82160782824289935, 0.8217192102050892, 0.81746038232964968, 0.83419546149829027, 0.81439629832116378, 0.81028312518414225, 0.81930834215847392, 0.82487074605593114, 0.82578445190667094, 0.83119456828279348, 0.82858423219655675, 0.82966698344185719, 0.83020213306123447, 0.82431713942696194, 0.82482141274426535, 0.81091840478497745, 0.81742326078926852, 0.84369736004430929, 0.81191146344623044, 0.82181193058742963, 0.8218308955851279, 0.82813209621691608, 0.81073457681355554, 0.82099720943347476, 0.82688714235618066, 0.82042942326971169, 0.8044700873407199, 0.8102401486630475, 0.80864305719541307, 0.81373805416031797, 0.8128891734777145, 0.83512424666337992, 0.81205682969987247, 0.82877066691730716, 0.82226232839765834, 0.83674912139727997, 0.82097577141975275, 0.83046294833593715, 0.82359222714898483, 0.81822072477867569, 0.82322647469696275, 0.82890597829254886, 0.8185395588991291, 0.82842720043317852, 0.81448898957592297, 0.83575569149504791, 0.82063097203344959, 0.82024125793394997, 0.82944373985688047, 0.83396633599870684, 0.81295026736893494, 0.82501179437156502, 0.82529564068965677, 0.82925400463488919, 0.83588386122698022]
# actual:
[0.0, 0.0, 1.0, 0.0, 0.0, 0.0, 0.0, 0.0, 0.0, 0.0, 0.0, 1.0, 1.0, 1.0, 0.0, 0.0, 0.0, 0.0, 0.0, 0.0, 0.0, 0.0, 1.0, 0.0, 0.0, 1.0, 0.0, 0.0, 0.0, 0.0, 0.0, 0.0, 0.0, 0.0, 0.0, 1.0, 1.0, 1.0, 0.0, 1.0, 0.0, 0.0, 0.0, 0.0, 0.0, 0.0, 0.0, 0.0, 0.0, 0.0, 0.0, 0.0, 0.0, 0.0, 0.0, 0.0, 0.0, 0.0, 0.0, 0.0, 1.0, 0.0]
# Site = pointlakeshore
# Method = adalasso-weighted
# fold = 1
# threshold = 0.893745433071
# requested specificity = 0.9
# actual training-set specificity = 0.907407407407
# tpos = 0
# tneg = 11
# fpos = 1
# fneg = 5
# raw predictions:
[0.87728040485224557, 0.87800714275575775, 0.88073868529097155, 0.88680748001217835, 0.87545347207805546, 0.88301930999614253, 0.89267451042036883, 0.88599711592968267, 0.87731556768229868, 0.88416988701262456, 0.87490696852259808, 0.88072611541686763, 0.88809707329391718, 0.87924621080101562, 0.89031608819434149, 0.89202575250803573, 0.894013946612082]
# truth:
array('d', [1.294466226, 2.886547123, 0.30102999600000002, 1.193124598, 1.489958479, 0.79934054899999996, 1.434568904, 1.600972896, 2.454997217, 1.784617293, 1.797267541, 0.30102999600000002, 1.913813852, 2.420120848, 3.19119942, 3.113843119, 1.120573931])
# fitted:
[0.88253871063809364, 0.88695847182019694, 0.89164856865280695, 0.88588908071898531, 0.87614524092738166, 0.89397044473647591, 0.88799387440054689, 0.88957439820557971, 0.88915466145717892, 0.87638082330793832, 0.87818306949826541, 0.87996547573159545, 0.88777472040644634, 0.89226126883765078, 0.89419666964244005, 0.89400925349146776, 0.89063787127888272, 0.88334640812763987, 0.88607837047383664, 0.88555899636777757, 0.89262280153626294, 0.88364448376473959, 0.89387703684102005, 0.88081887511887991, 0.89307996031856518, 0.89341504316434583, 0.88002319531072093, 0.88359608181733074, 0.87617990794913514, 0.88656393180107795, 0.88825518122762259, 0.87528632158388031, 0.88698226175763462, 0.88447586640874432, 0.87989947551817427, 0.88436729574994011, 0.88611688700286551, 0.87530117358355075, 0.87799797804625357, 0.89409049309515187, 0.88391108229030368, 0.88948254720133912, 0.89374543307108834, 0.88380323469339739, 0.88656566859794017, 0.88545847401765643, 0.88954117571861413, 0.88765144441935973, 0.8935735794779609, 0.88466826264990328, 0.87755269952036374, 0.88568173022982666, 0.87542464505075068, 0.87491552245899196, 0.87648514649429365, 0.88485778847879049, 0.89361613597880307, 0.87956321885150412, 0.87462319337788252, 0.87770720323310569, 0.89231118386967101]
# actual:
[0.0, 0.0, 0.0, 0.0, 0.0, 0.0, 0.0, 0.0, 0.0, 1.0, 1.0, 1.0, 0.0, 0.0, 0.0, 0.0, 0.0, 1.0, 0.0, 0.0, 0.0, 0.0, 0.0, 0.0, 0.0, 0.0, 0.0, 0.0, 1.0, 0.0, 0.0, 0.0, 0.0, 0.0, 0.0, 0.0, 0.0, 0.0, 0.0, 0.0, 0.0, 0.0, 0.0, 0.0, 0.0, 0.0, 0.0, 0.0, 0.0, 0.0, 0.0, 0.0, 0.0, 0.0, 0.0, 0.0, 0.0, 0.0, 1.0, 1.0, 0.0]
# fold = 2
# threshold = 0.848115344383
# requested specificity = 0.9
# actual training-set specificity = 0.905660377358
# tpos = 0
# tneg = 12
# fpos = 1
# fneg = 2
# raw predictions:
[0.84976445530314471, 0.84716110783942389, 0.84688158356882848, 0.84035402305861229, 0.8475493538842741, 0.82517721615157846, 0.84156458245537558, 0.84130347024319707, 0.84725645037213659, 0.84427439406644378, 0.84219008170305298, 0.84430782503380619, 0.84261639528812793, 0.84137388205111063, 0.83350233254881279]
# truth:
array('d', [0.47712125500000002, 0.61278385700000004, 2.495544338, 2.561816664, 1.589949601, 1.334453751, 1.320146286, 0.0, 1.465382851, 1.190331698, 2.197556213, 2.08278537, 1.025305865, 2.208441356, 1.607455023])
# fitted:
[0.84944419471180765, 0.81764995199401136, 0.84816880711474951, 0.83722725441785251, 0.84479061498546548, 0.84156458245537558, 0.81992985285368625, 0.84203565109185785, 0.84811534438271785, 0.84626427224699907, 0.84050148424258675, 0.82742944932382168, 0.84318183270609759, 0.84434139146797771, 0.84613783209804017, 0.84844153452005633, 0.84622190860892887, 0.84275420364644082, 0.84264377567319493, 0.84471989552135751, 0.85322543729971001, 0.84639269247953985, 0.84312353237658699, 0.8475493538842741, 0.84269880714282719, 0.84388339741420815, 0.84661130277104069, 0.85889664875108651, 0.84489784219658681, 0.84027090081188383, 0.83764215312441448, 0.84312353237658699, 0.84464977595277302, 0.84497010829333175, 0.82822156809929359, 0.82510367883934244, 0.82892115609001571, 0.8322673655167393, 0.84643595028388585, 0.82439931491960461, 0.84688158356882848, 0.84213828781729116, 0.84004644032345066, 0.84219008170305298, 0.84329967186262456, 0.83870795727301628, 0.8414211530049619, 0.84267124608346977, 0.84237392628678009, 0.837285310483036, 0.84297954109180939, 0.8388641843022242, 0.83986711854335183, 0.84185900699975502, 0.84253478836992746, 0.84369459706478811, 0.84318183270609759, 0.83796707431753348, 0.84780175129857727, 0.84275420364644082, 0.84234741418754777, 0.8401885879342389, 0.83409588843986515]
# actual:
[0.0, 1.0, 0.0, 0.0, 0.0, 0.0, 0.0, 0.0, 0.0, 0.0, 1.0, 0.0, 0.0, 0.0, 0.0, 0.0, 0.0, 0.0, 0.0, 1.0, 0.0, 0.0, 0.0, 0.0, 1.0, 0.0, 0.0, 0.0, 0.0, 0.0, 0.0, 0.0, 0.0, 0.0, 0.0, 1.0, 1.0, 1.0, 0.0, 1.0, 0.0, 0.0, 0.0, 0.0, 0.0, 0.0, 0.0, 0.0, 0.0, 0.0, 0.0, 0.0, 0.0, 0.0, 0.0, 0.0, 0.0, 0.0, 0.0, 0.0, 1.0, 1.0, 0.0]
# fold = 3
# threshold = 0.834195461498
# requested specificity = 0.9
# actual training-set specificity = 0.901960784314
# tpos = 0
# tneg = 11
# fpos = 4
# fneg = 1
# raw predictions:
[0.81621774458660801, 0.82714377392520422, 0.84194955173940067, 0.83519316979357128, 0.83456260472126775, 0.8181027944795155, 0.8268492270435629, 0.83678464393192975, 0.80960169428817996, 0.83046117114664997, 0.82355538879490153, 0.82602101094857516, 0.81273528001356943, 0.82526184747867992, 0.82921067204323051, 0.82695549221261]
# truth:
array('d', [1.769377326, 1.555094449, 0.70757017600000005, 0.0, 1.271841607, 1.59439255, 0.70757017600000005, 0.99122607600000001, 2.033825694, 1.394451681, 1.729974286, 1.376576957, 1.682145076, 1.037426498, 0.30102999600000002, 3.383743576])
# fitted:
[0.81769877434116556, 0.81104030546608474, 0.81019004858986654, 0.82471187291153225, 0.83166709598874133, 0.8281254362893512, 0.82316323492582733, 0.82160782824289935, 0.8217192102050892, 0.81746038232964968, 0.83419546149829027, 0.81439629832116378, 0.81028312518414225, 0.81930834215847392, 0.82487074605593114, 0.82578445190667094, 0.83119456828279348, 0.82858423219655675, 0.82966698344185719, 0.83020213306123447, 0.82431713942696194, 0.82482141274426535, 0.81091840478497745, 0.81742326078926852, 0.84369736004430929, 0.81191146344623044, 0.82181193058742963, 0.8218308955851279, 0.82813209621691608, 0.81073457681355554, 0.82099720943347476, 0.82688714235618066, 0.82042942326971169, 0.8044700873407199, 0.8102401486630475, 0.80864305719541307, 0.81373805416031797, 0.8128891734777145, 0.83512424666337992, 0.81205682969987247, 0.82877066691730716, 0.82226232839765834, 0.83674912139727997, 0.82097577141975275, 0.83046294833593715, 0.82359222714898483, 0.81822072477867569, 0.82322647469696275, 0.82890597829254886, 0.8185395588991291, 0.82842720043317852, 0.81448898957592297, 0.83575569149504791, 0.82063097203344959, 0.82024125793394997, 0.82944373985688047, 0.83396633599870684, 0.81295026736893494, 0.82501179437156502, 0.82529564068965677, 0.82925400463488919, 0.83588386122698022]
# actual:
[0.0, 0.0, 1.0, 0.0, 0.0, 0.0, 0.0, 0.0, 0.0, 0.0, 0.0, 1.0, 1.0, 1.0, 0.0, 0.0, 0.0, 0.0, 0.0, 0.0, 0.0, 0.0, 1.0, 0.0, 0.0, 1.0, 0.0, 0.0, 0.0, 0.0, 0.0, 0.0, 0.0, 0.0, 0.0, 1.0, 1.0, 1.0, 0.0, 1.0, 0.0, 0.0, 0.0, 0.0, 0.0, 0.0, 0.0, 0.0, 0.0, 0.0, 0.0, 0.0, 0.0, 0.0, 0.0, 0.0, 0.0, 0.0, 0.0, 0.0, 1.0, 0.0]
# fold = 4
# threshold = 0.839110408657
# requested specificity = 0.9
# actual training-set specificity = 0.901960784314
# tpos = 0
# tneg = 13
# fpos = 2
# fneg = 0
# raw predictions:
[0.42415278166668668, 0.8302425308978908, 0.62918429210129745, 0.82015191571130508, 0.82564257186613488, 0.84890437543267161, 0.82492816531637858, 0.8376984935331957, 0.81532284900760643, 0.79827968481060441, 0.83406405847396536, 0.80272380682692313, 0.8457698084729478, 0.78052352360603383, 0.83347834083975336]
# truth:
array('d', [1.774516966, 1.59439255, 1.72427587, 1.812913357, 0.49136169400000002, 1.206825876, 1.238046103, 0.0, 1.588831726, 1.675778342, 1.127104798, 2.058805487, 0.98677173399999996, 0.71600334399999999, 2.314709693])
# fitted:
[0.82429725643858354, 0.81427122236937322, 0.80645793568885005, 0.81913711888673491, 0.68921355133828399, 0.79668460889155968, 0.81024705951147091, 0.80480741305686387, 0.82081479430738735, 0.82163814292296888, 0.72555082374073065, 0.79113958227006786, 0.79954845050216272, 0.83044161183714837, 0.82448047245405109, 0.83283051800076113, 0.82945846210030061, 0.78119333293342375, 0.82394330300292296, 0.81154457009061909, 0.82006876733941181, 0.83625229051199457, 0.82904955311004791, 0.79403264583101396, 0.82229866265515716, 0.83534837074874335, 0.82007139144661156, 0.81323754700270612, 0.81874098661791905, 0.82339706892381015, 0.83243152736564829, 0.81398919193559849, 0.62019006977910796, 0.67969746669447673, 0.67240743999286534, 0.84448305189351014, 0.79936344210500176, 0.82622961869691125, 0.83592250243636557, 0.84283552371338333, 0.84275386512696937, 0.82654567318041661, 0.84421502370907986, 0.79400766262607203, 0.82297407483436547, 0.83845060635995272, 0.82649794897554141, 0.82235548242389378, 0.82204588930282529, 0.81180066798979356, 0.80234700480016641, 0.833672043468493, 0.83245698334713047, 0.81788122808098351, 0.81950289219384409, 0.83911040865719255, 0.84019112681691899, 0.83301870143731938, 0.81584482880505926, 0.81075395746545464, 0.83694110062493288, 0.79301317987644127, 0.83587229983035605]
# actual:
[0.0, 0.0, 1.0, 0.0, 0.0, 0.0, 0.0, 0.0, 0.0, 0.0, 1.0, 1.0, 1.0, 0.0, 0.0, 0.0, 0.0, 0.0, 0.0, 1.0, 0.0, 0.0, 0.0, 1.0, 0.0, 0.0, 0.0, 0.0, 0.0, 0.0, 0.0, 0.0, 1.0, 1.0, 1.0, 0.0, 1.0, 0.0, 0.0, 0.0, 0.0, 0.0, 0.0, 0.0, 0.0, 0.0, 0.0, 0.0, 0.0, 0.0, 0.0, 0.0, 0.0, 0.0, 0.0, 0.0, 0.0, 0.0, 0.0, 0.0, 0.0, 1.0, 1.0]
# fold = 5
# threshold = 0.881126019051
# requested specificity = 0.9
# actual training-set specificity = 0.909090909091
# tpos = 1
# tneg = 9
# fpos = 2
# fneg = 3
# raw predictions:
[0.88214213359337235, 0.87444973681757832, 0.86966807946561064, 0.87346446143210932, 0.86283549917365576, 0.86082159757731247, 0.86278118715560326, 0.86464980949648662, 0.87561576998218238, 0.88462121022612095, 0.88105080420296389, 0.87094639381892902, 0.86725050065252451, 0.87781400020278355, 0.88265946188824673]
# truth:
array('d', [1.907411361, 1.227886705, 0.87506126299999998, 0.61278385700000004, 3.298044843, 3.238773502, 1.309630167, 3.298044843, 1.779596491, 2.061829307, 0.0, 1.537819095, 1.439332694, 0.61278385700000004, 2.45909079])
# fitted:
[0.87495278324345116, 0.86152940146777568, 0.86475276932164813, 0.87458994919024013, 0.86408390057992135, 0.8772849645838583, 0.86951235146050232, 0.87942797658972338, 0.8633184317487953, 0.86556717316604381, 0.87618742575839703, 0.87985640302545776, 0.87615742158682453, 0.88089253377467247, 0.87519668324407052, 0.88001280426116757, 0.87459212359161187, 0.86966296157305134, 0.87234634025233027, 0.87396109896810947, 0.88382761151307976, 0.88430619071284533, 0.87540657829598334, 0.86553662232622508, 0.88057307303570964, 0.87950335744929364, 0.86760628112220828, 0.87722107541243299, 0.86617521703645184, 0.87353766324252846, 0.8798130822817356, 0.87241513439811502, 0.85878038658705902, 0.86447988667960673, 0.86336038547329064, 0.86699948784867198, 0.86306079573453487, 0.87205955454802586, 0.88116962995672443, 0.87686213714472694, 0.88149798860591366, 0.87160043988329428, 0.88112601905091514, 0.8655142108376761, 0.86092039576199264, 0.87376456665053215, 0.87226435975273109, 0.8780450037848806, 0.87171607094984238, 0.87696819712966423, 0.87631199273105287, 0.87976396155092718, 0.86946248344954125, 0.86861608542980584, 0.86216869975720267, 0.88440380970943855, 0.87485429940923842, 0.87604459258716605, 0.86417179903669661, 0.87553867425613863, 0.87907899223586872, 0.8715207262480944, 0.87806698300312558]
# actual:
[0.0, 0.0, 1.0, 0.0, 0.0, 0.0, 0.0, 0.0, 1.0, 1.0, 0.0, 0.0, 0.0, 0.0, 0.0, 0.0, 0.0, 0.0, 0.0, 0.0, 0.0, 0.0, 0.0, 1.0, 0.0, 0.0, 0.0, 0.0, 0.0, 0.0, 0.0, 0.0, 0.0, 0.0, 1.0, 1.0, 1.0, 0.0, 0.0, 0.0, 0.0, 0.0, 0.0, 0.0, 0.0, 0.0, 0.0, 0.0, 0.0, 0.0, 0.0, 0.0, 0.0, 0.0, 0.0, 0.0, 0.0, 0.0, 0.0, 0.0, 0.0, 1.0, 0.0]
# Area under ROC curve = 0.392676767677
# aggregate.tpos = 1
# aggregate.tneg = 56
# aggregate.fpos = 10
# aggregate.fneg = 11
# variables: wvperpmean12
# decision threshold: 0.854422974275
