# Site = FS
# Method = adalasso-unweighted-select
# Site = FS
# Method = adalasso-unweighted-select
# Site = FS
# Method = adalasso-unweighted-select
# fold = 1
# threshold = 0.0208856955034
# requested specificity = 0.0151515151515
# actual training-set specificity = 0.03125
# tpos = 0
# tneg = 18
# fpos = 3
# fneg = 1
# raw predictions:
[-0.635526666841 -1.93156093613 2.11908095137 -1.24653131809 -1.72827629403
 0.539521661754 1.76423018443 -2.51098979274 -3.02136232245 -1.41859391827
 -0.318938927206 -0.502651093846 -2.56202392498 -2.68457154060
 -3.24638794436 -5.74212895804 -2.11386491217 -2.76683832818 -3.10721751848
 -3.61178633350 -3.53688211997 -3.82832945346]
# truth:
[2.0557605 1.1986571 1.5786392 1.0374265 1.9100905 1.7160033 1.9822712
 2.1580608 1.0863598 1.8709888 1.4983106 3.3837436 1.6009729 1.5211381
 0.79934055 0.0 0.49136169 1.8597386 1.6599162 1.2988531 1.4116197 0.0]
# fold = 2
# threshold = 0.000258126989874
# requested specificity = 0.0149253731343
# actual training-set specificity = 0.0298507462687
# tpos = 1
# tneg = 16
# fpos = 2
# fneg = 2
# raw predictions:
[-8.06814994995 -3.32564875061 -6.26661331090 -0.597466612112
 -5.64103852849 -8.27105854680 0.187196747147 -5.98451481315 -4.27549460709
 -6.27297063590 -4.74209887129 -4.25271757202 -6.24689449709 4.81888678602
 -2.36782087743 -1.30604576109 -8.60974227720 -3.51156138087 2.40498157883
 -5.80028489926 -0.735202100831]
# truth:
[2.512551 1.813581 1.9813655 1.5899496 1.40824 1.519828 1.920645 1.6314438
 1.4653829 1.8260748 1.4248816 0.98677173 1.9100905 1.5211381 1.4955443
 1.5211381 1.3263359 1.0827854 3.0048371 2.1348144 3.3837436]
# Site = FS
# Method = adalasso-unweighted-select
# fold = 1
# threshold = 0.0158004515437
# requested specificity = 0.0151515151515
# actual training-set specificity = 0.0298507462687
# tpos = 0
# tneg = 17
# fpos = 1
# fneg = 4
# raw predictions:
[-2.09321302219 -2.56450897366 -0.644380656817 -1.94537435252
 -1.84278675531 -1.27384110151 -3.09416759653 -2.75937018214 -2.33212120291
 -3.57469888088 -0.354611511053 -2.72112225451 -3.79930066998
 -0.950753807702 -2.03545732797 -4.28840261587 -3.79930066998
 -1.88325244824 1.87268385475 -3.04735170320 -1.6321421822 -4.02164519259]
# truth:
[2.0557605 2.4752352 1.5786392 2.512551 2.2119211 1.2671717 1.8709888
 1.4983106 1.6009729 0.0 2.4141374 1.9100905 2.7989267 1.4955443 1.5211381
 1.3263359 1.350248 1.8597386 1.7951846 1.748188 2.3174365 0.0]
# Site = FS
# Method = adalasso-unweighted-select
# fold = 1
# threshold = 0.0229675027711
# requested specificity = 0.0151515151515
# actual training-set specificity = 0.0298507462687
# tpos = 1
# tneg = 17
# fpos = 1
# fneg = 3
# raw predictions:
[-2.41476154457 -0.62463276619 -1.87827728478 -1.40072925142 -1.78573959974
 -2.28874117934 -1.96255098481 -2.72569155620 -2.03372861588 -1.25286189067
 -2.40513429520 -2.57626742949 -1.0104169771 1.84559857821 -0.670641329336
 -3.26224946145 -2.50885709063 -3.08581290202 -1.82236891370 2.22398798685
 -2.64649098567 -3.55495938138]
# truth:
[2.4752352 1.5786392 2.512551 1.9100905 2.2119211 1.6803355 1.813581
 1.5899496 0.61278386 1.2671717 1.519828 1.4983106 1.920645 3.3837436
 1.5145478 1.5211381 0.61278386 1.0043214 1.8597386 1.7951846 3.2387735 0.0]
# fold = 2
# threshold = 0.0407653449891
# requested specificity = 0.0149253731343
# actual training-set specificity = 0.0298507462687
# tpos = 0
# tneg = 17
# fpos = 1
# fneg = 3
# raw predictions:
[-2.23292952941 0.335965360394 -1.20875606546 -2.53419546948 -1.63169776273
 -2.41043906521 -0.441264447841 -1.27906077672 -2.13140117797
 -2.08277673323 -2.74277117046 -2.17128387523 -2.31533427689 -2.64786325644
 -2.68679793924 -2.93909420656 -3.23796630344 -2.82444089818 -2.98532357746
 -2.66230094846 -1.65278405571]
# truth:
[0.92941893 1.7923917 1.3031961 1.4955443 3.3837436 3.1503265 1.9822712
 3.3837436 1.6009729 1.2944662 1.7435098 1.6314438 0.87506126 0.61278386
 1.4248816 0.98677173 1.3263359 1.0827854 1.350248 1.39794 2.3174365]
# fold = 3
# threshold = 0.0864173170822
# requested specificity = 0.0147058823529
# actual training-set specificity = 0.0289855072464
# tpos = 1
# tneg = 16
# fpos = 0
# fneg = 3
# raw predictions:
[-2.32915363449 7.44246174617 -1.65224579811 -1.98535168599 -2.34443372109
 -2.02355190249 -2.20232891571 -1.42457250777 -2.11370441343 -2.17176874251
 -2.24052913221 -2.25122519283 -2.11981644807 -0.503183285797
 -1.76379043029 -2.14884861261 -2.25733722747 -2.19163285509 -2.45903437059
 -0.518463372397]
# truth:
[1.1986571 3.3837436 2.6190933 2.1580608 1.1303338 1.40824 1.6042261
 1.8000294 1.3673559 1.4653829 0.79934055 1.8260748 1.9100905 3.0048371
 1.8241258 1.2455127 1.2988531 1.748188 2.1348144 3.3837436]
# fold = 4
# threshold = 0.0461635386848
# requested specificity = 0.0149253731343
# actual training-set specificity = 0.0422535211268
# tpos = 2
# tneg = 12
# fpos = 2
# fneg = 5
# raw predictions:
[1.88977842582 -2.56592747470 -2.40216984733 -2.92341144559 -2.33474023605
 -1.34256167017 -2.91913020042 -0.689671783229 -2.23627159737
 -1.68506128299 -2.13887326997 2.58548076435 -2.71256012144 -2.26409969091
 -3.03686444233 -1.72787373459 -3.0186691504 6.88813215040 -1.47099902497
 1.84696597421 -0.208031702702]
# truth:
[3.3837436 2.3960249 1.0374265 1.4842998 1.7160033 2.4401216 1.0863598
 2.2119211 1.8842288 3.3837436 2.4141374 2.2828486 1.7874605 1.2718416
 0.86923172 1.8088859 2.7989267 1.5211381 2.0021661 3.0048371 1.9872192]
# fold = 5
# threshold = 0.0528377361546
# requested specificity = 0.0147058823529
# actual training-set specificity = 0.030303030303
# tpos = 0
# tneg = 19
# fpos = 0
# fneg = 1
# raw predictions:
[-1.69868439972 -0.94567483593 -1.01588488017 -1.93853251231 -2.19306717637
 -1.90273470763 -2.29366334358 -2.57052271313 -0.92210484507 -2.14032809768
 -2.16839292109 -4.63918868199 -2.15226385205 -0.982375550356
 -1.66347111791 -2.32169109206 -1.95516509133 -2.15627280747 -2.42690035984
 -2.41634985320]
# truth:
[2.0557605 1.5888317 1.2900346 1.8920946 1.9813655 2.2362853 1.8709888 0.0
 3.1138431 1.7024305 1.146128 0.0 0.49136169 1.4955443 1.5211381 1.4199557
 1.6599162 1.7664128 1.70927 1.4116197]
# Area under ROC curve = 0.955417956656
# aggregate.tpos = 4
# aggregate.tneg = 81
# aggregate.fpos = 4
# aggregate.fneg = 15
# variables: fischercreekturbidity, fischercreekturbiditylog
# decision threshold: 0.257501431545
# Site = FS
# Method = adalasso-unweighted-select
# Site = FS
# Method = adalasso-unweighted-select
# fold = 1
# threshold = 9.04091309842e-08
# requested specificity = 0.0151515151515
# actual training-set specificity = 0.030303030303
# tpos = 0
# tneg = 14
# fpos = 5
# fneg = 3
# raw predictions:
[-10.5162386028 0.480275989417 -0.410180555241 4.06683197201 -14.7890636439
 -0.952609990484 2.17936541046 -4.08937344583 -3.53095484698 -5.81804926062
 -8.69555893353 -4.89107920994 -4.39206859898 0.601003131021 1.79513944584
 -9.48535921468 -5.24643224851 -7.90997326548 -11.9174813305 -7.23358589409
 -8.96258949176 -18.2655752895]
# truth:
[2.0557605 1.5888317 3.3837436 1.5786392 2.512551 3.3837436 1.9822712
 1.6803355 1.813581 1.5899496 1.6042261 1.4983106 2.2828486 1.6314438
 1.2718416 1.8260748 0.86923172 0.61278386 1.4955443 1.3263359 1.8241258
 1.70927]
# fold = 2
# threshold = 0.0490817102505
# requested specificity = 0.0149253731343
# actual training-set specificity = 0.0428571428571
# tpos = 3
# tneg = 14
# fpos = 1
# fneg = 3
# raw predictions:
[-1.79539043840 -2.15911168364 -2.80658709182 -2.11783835084 -2.66213042705
 -2.29325001521 -1.71284377282 13.3261268634 -2.36805793090 -2.79884834192
 -2.67244876024 -2.90461125720 -2.83754209141 -2.60795917776 -2.73693834273
 0.144456202844 2.05334784450 -2.63375501075 -2.70598334314 -3.15741042056
 0.118660369848]
# truth:
[2.6190933 1.7160033 1.0863598 2.2119211 1.9813655 0.61278386 1.2671717
 3.3837436 1.2944662 1.7435098 1.4653829 2.7989267 1.0827854 2.0021661
 1.4199557 3.0048371 1.7951846 3.2387735 1.748188 2.1348144 3.3837436]
# Site = FS
# Method = adalasso-unweighted-select
# fold = 1
# threshold = 0.0708017275317
# requested specificity = 0.0151515151515
# actual training-set specificity = 0.0441176470588
# tpos = 2
# tneg = 17
# fpos = 0
# fneg = 3
# raw predictions:
[-2.20034692536 -2.53798876937 -1.38310018929 -2.12169172306 -2.17348905140
 -1.62673947446 -2.47659934319 -2.22144954061 9.55764660838 -1.47134748943
 0.82883757289 -2.14279433831 -2.43439411268 -0.985987338664 -2.24447057543
 -2.12169172306 -2.30394158204 -2.12936540133 -2.27516528852
 -0.799900640545 -2.20993902320 -2.31161526032]
# truth:
[0.92941893 1.1986571 1.5888317 2.4401216 1.6803355 1.2671717 1.8842288
 1.519828 3.3837436 1.920645 3.3837436 1.6009729 1.7435098 2.4141374
 0.87506126 1.7874605 1.2718416 0.86923172 1.9100905 1.9872192 1.6599162
 3.2387735]
# fold = 2
# threshold = 0.0615549799794
# requested specificity = 0.0149253731343
# actual training-set specificity = 0.0298507462687
# tpos = 2
# tneg = 17
# fpos = 1
# fneg = 1
# raw predictions:
[-1.13643840689 -1.41670390251 -2.17838446181 -1.71976518560 -1.80506141985
 -1.98230509299 -2.32274284340 -0.990703602286 -2.43062181173
 -2.38220080666 -3.41163086183 -2.21701730511 -1.06442944182 -2.33897878511
 -2.57570869466 9.41489642021 1.76545905998 -2.40960878356 -2.40269392143
 0.230000229912 -1.55404859450]
# truth:
[1.3031961 1.9100905 1.4842998 1.7160033 1.813581 1.40824 1.6042261
 3.1138431 1.8260748 1.4248816 0.0 0.49136169 1.4955443 1.4199557 1.350248
 3.0048371 1.7951846 1.70927 1.4116197 3.3837436 2.3174365]
# fold = 3
# threshold = 0.0536466196694
# requested specificity = 0.0147058823529
# actual training-set specificity = 0.0289855072464
# tpos = 0
# tneg = 15
# fpos = 1
# fneg = 4
# raw predictions:
[0.152312963221 -1.18108338978 -2.31152416040 -1.72884523037 -1.87069590622
 -2.46210410862 -2.15003262174 -2.40972847446 -1.40367983496 -2.62577796537
 -2.43373397345 -2.63668955582 -2.44901020008 -2.63450723773 -2.66724200908
 -0.0877420266805 -2.03000512679 -2.43809860963 -2.59304319402
 -2.49920351615]
# truth:
[1.7923917 1.5786392 1.8920946 2.6190933 3.3837436 1.9813655 0.61278386
 1.4983106 1.8000294 0.0 1.7024305 1.5211381 1.146128 1.8088859 2.7989267
 3.0048371 1.8597386 1.2455127 1.2988531 1.748188]
# fold = 4
# threshold = 0.0784972138709
# requested specificity = 0.0149253731343
# actual training-set specificity = 0.0294117647059
# tpos = 2
# tneg = 17
# fpos = 0
# fneg = 2
# raw predictions:
[4.54069333977 0.849712571244 -1.40363118794 -2.20826499548 -0.772473476523
 -1.48483276485 -1.86315829362 -2.02925242821 -2.35036775507 -2.09938106281
 -2.28946657239 -2.08646263012 -2.17873714933 -2.47955208197 -2.35405873584
 -2.37251363968 -2.20826499548 -2.31530343777 -2.23041088009 -2.60135444733
 -2.45002423582]
# truth:
[3.3837436 2.3960249 1.2900346 3.1503265 1.9822712 3.3837436 2.2119211
 2.1580608 1.0863598 2.2362853 1.8709888 1.6314438 0.61278386 1.3263359
 1.0043214 1.0827854 2.0021661 1.39794 1.7664128 2.1348144 0.0]
# fold = 5
# threshold = 0.0263651854287
# requested specificity = 0.0147058823529
# actual training-set specificity = 0.0294117647059
# tpos = 1
# tneg = 15
# fpos = 2
# fneg = 2
# raw predictions:
[-1.33820404995 -3.15720270544 6.44366624866 -2.19744272493 -2.53475431699
 -3.37794299155 -1.06559965704 -3.50069007884 -3.33391541354 -2.50817397961
 -3.19325398637 0.65287932165 -2.92168967133 -3.37910379259 -3.49335919772
 -3.18147593822 -3.39136127521 3.60075103857 -2.05282698135 -3.12892634551]
# truth:
[2.0557605 2.4752352 3.3837436 1.0374265 2.512551 1.4955443 2.2119211
 1.5899496 1.1303338 1.5145478 1.2944662 2.2828486 1.3673559 1.4653829
 0.79934055 0.61278386 0.98677173 1.5211381 1.5211381 1.8241258]
# Area under ROC curve = 0.960990712074
# aggregate.tpos = 7
# aggregate.tneg = 81
# aggregate.fpos = 4
# aggregate.fneg = 12
# variables: fischercreekturbidity, fischercreekturbiditylog
# decision threshold: 0.257501431545
