# Site = FS
# Method = spls-select
# Site = FS
# Method = spls-select
# Site = FS
# Method = spls-select
# Site = FS
# Method = spls-select
# Site = FS
# Method = spls-select
# Site = FS
# Method = spls-select
# Site = FS
# Method = spls-select
# Site = FS
# Method = spls-select
# Site = FS
# Method = spls-select
# fold = 1
# threshold = 1.97080573252
# requested specificity = 0.898305084746
# actual training-set specificity = 0.913043478261
# tpos = 1
# tneg = 13
# fpos = 3
# fneg = 5
# raw predictions:
[1.209839 2.0389613 1.9466315 1.6585965 1.6804733 2.0159276 1.8474138
 1.8975855 2.0177424 1.954775 1.8793815 1.1433267 1.4791748 1.8957757
 1.8418694 1.6033468 1.5444639 1.1365224 1.8257881 2.0670024 1.7959228
 1.7988112]
# truth:
[3.3837436 2.3960249 1.9100905 3.1503265 3.3837436 2.2119211 1.9813655
 0.61278386 1.1303338 1.2671717 1.40824 1.6042261 2.2362853 0.87506126
 1.3673559 1.4653829 1.4248816 0.61278386 2.7989267 1.4199557 3.2387735
 2.1348144]
# fold = 2
# threshold = 1.99821472815
# requested specificity = 0.851063829787
# actual training-set specificity = 0.859375
# tpos = 0
# tneg = 16
# fpos = 5
# fneg = 0
# raw predictions:
[1.7319332 1.8093201 2.1751495 2.0309283 1.8761544 1.8831895 1.5666064
 1.9151996 1.56133 1.5261541 1.5303752 1.8490689 1.7312296 1.5419833
 2.5761548 2.2732903 2.4424864 1.6981643 1.6791693 1.9366569 1.7611292]
# truth:
[1.8920946 1.4842998 1.9822712 2.1580608 1.6803355 1.5899496 1.8842288
 1.4983106 1.2718416 0.79934055 0.61278386 0.86923172 0.49136169 1.5211381
 1.0043214 1.9872192 1.8241258 1.6599162 1.7951846 1.70927 2.3174365]
# Site = FS
# Method = spls-select
# fold = 1
# threshold = 2.17399998020
# requested specificity = 0.882352941176
# actual training-set specificity = 0.892307692308
# tpos = 1
# tneg = 19
# fpos = 1
# fneg = 1
# raw predictions:
[1.7729363 2.4386429 1.7208334 2.3200504 1.5341075 1.9970768 1.3920713
 1.1699533 1.8527596 1.4154041 1.5264848 1.6070826 1.6406366 2.0463351
 1.7176312 1.654251 1.6988562 1.196861 1.4617726 1.5219553 1.458538
 1.8947986]
# truth:
[0.92941893 2.3960249 2.512551 2.2119211 1.0863598 1.813581 1.8842288
 1.6042261 1.4983106 1.5145478 1.2944662 0.87506126 1.3673559 1.146128
 0.79934055 1.8088859 0.61278386 1.4199557 1.2455127 2.1348144 1.4116197
 2.3174365]
# fold = 2
# threshold = 2.18726275625
# requested specificity = 0.931034482759
# actual training-set specificity = 0.942028985507
# tpos = 4
# tneg = 13
# fpos = 3
# fneg = 1
# raw predictions:
[3.1767046 3.1423644 2.5475083 2.062571 2.0255551 1.861237 2.190792
 2.3396755 1.7676443 1.8962901 1.9958384 1.5663764 2.0327776 2.3734273
 1.6116895 0.5769719 0.83275233 1.6811506 1.8813363 1.4888599 2.6786899]
# truth:
[3.3837436 3.3837436 1.5786392 1.2900346 1.0374265 2.6190933 3.3837436
 1.9822712 1.6803355 2.2119211 1.9813655 1.40824 1.519828 1.7874605
 1.8260748 1.4248816 0.98677173 1.5211381 1.0043214 2.0021661 3.0048371]
# fold = 3
# threshold = 2.12411395818
# requested specificity = 0.909090909091
# actual training-set specificity = 0.911764705882
# tpos = 1
# tneg = 15
# fpos = 2
# fneg = 2
# raw predictions:
[2.0472724 1.9356153 1.6149602 1.2849941 1.8686888 1.7915151 1.8044655
 1.9906101 1.7490511 2.06435 1.6340269 1.3041653 1.6499215 2.1775162
 3.2932105 2.3141842 1.3464873 1.3043476 1.5550225 1.3748106]
# truth:
[2.0557605 1.5888317 1.8920946 1.4955443 1.7160033 3.1503265 2.1580608
 2.2362853 1.8709888 1.8000294 1.6314438 1.5211381 1.2718416 1.4955443
 3.0048371 1.7951846 3.2387735 1.2988531 1.748188 1.70927]
# fold = 4
# threshold = 2.06761007759
# requested specificity = 0.910714285714
# actual training-set specificity = 0.913043478261
# tpos = 2
# tneg = 15
# fpos = 1
# fneg = 3
# raw predictions:
[1.8669793 1.7891686 1.3183785 2.276107 1.9753076 1.3189898 1.654087
 1.3848784 3.0639913 1.7669057 2.0361754 1.1402013 1.4387876 0.6916818
 1.6745182 1.0806669 1.5361375 2.0856637 1.7643028 1.9716682 1.475271]
# truth:
[1.7923917 1.9100905 1.4842998 3.3837436 2.4401216 1.5899496 0.61278386
 1.1303338 3.3837436 1.920645 2.4141374 3.1138431 1.4653829 0.0 1.9100905
 1.0827854 1.350248 1.8597386 1.8241258 1.6599162 1.7664128]
# fold = 5
# threshold = 2.07771115772
# requested specificity = 0.912280701754
# actual training-set specificity = 0.927536231884
# tpos = 2
# tneg = 13
# fpos = 3
# fneg = 2
# raw predictions:
[1.6159538 1.2386807 2.027073 2.1587473 5.6551528 1.6784766 1.4092313
 1.3078927 2.3868143 1.5574489 1.4230988 1.647095 1.5199636 1.2548844
 1.9798584 1.138948 2.4300499 1.4200775 2.5531335 1.2139229]
# truth:
[2.4752352 1.1986571 1.3031961 1.2671717 3.3837436 1.6009729 1.7435098 0.0
 2.2828486 1.7024305 0.61278386 0.86923172 0.49136169 2.7989267 1.5211381
 1.3263359 1.9872192 1.39794 3.3837436 0.0]
# Area under ROC curve = 0.745510835913
# aggregate.tpos = 10
# aggregate.tneg = 75
# aggregate.fpos = 10
# aggregate.fneg = 9
# variables: precipitationsheboyganrsum72hrsqrt, turbiditybeachlog, fischercreekturbiditylog
# decision threshold: 2.13756601953
