# Site = pointlakeshore
# Method = galogistic-weighted
# Site = pointlakeshore
# Method = galogistic-weighted
# Site = pointlakeshore
# Method = galogistic-weighted
# Site = pointlakeshore
# Method = galogistic-weighted
# Site = pointlakeshore
# Method = galogistic-weighted
# fold = 1
# threshold = 2.22044604925e-16
# requested specificity = 0.9
# actual training-set specificity = 0.944444444444
# tpos = 3
# tneg = 9
# fpos = 3
# fneg = 2
# raw predictions:
[79.476642603873884, 364.29941236593754, -137.73289917271583, -113.66258064351088, 160.81496978452972, -281.8077109330153, -616.944876527573, -96.1622057454363, 38.981033157264356, -278.37579269873936, 106.8364322194103, -72.131219329470582, -60.3879321956089, 217.78686076765808, -230.87777140930089, -678.51975993026917, -597.28015996465024]
# truth:
array('d', [1.294466226, 2.886547123, 0.30102999600000002, 1.193124598, 1.489958479, 0.79934054899999996, 1.434568904, 1.600972896, 2.454997217, 1.784617293, 1.797267541, 0.30102999600000002, 1.913813852, 2.420120848, 3.19119942, 3.113843119, 1.120573931])
# fitted:
[2.2204460492503126e-16, 2.2204460492503126e-16, 2.2204460492503126e-16, 2.2204460492503126e-16, 2.2204460492503126e-16, 2.2204460492503126e-16, 2.2204460492503126e-16, 2.2204460492503126e-16, 2.2204460492503126e-16, 0.99999999999999978, 0.99999999999894618, 0.99999999999999978, 2.2204460492503126e-16, 2.2204460492503126e-16, 2.2204460492503126e-16, 2.2204460492503126e-16, 2.2204460492503126e-16, 0.99999999864020273, 2.2204460492503126e-16, 2.2204460492503126e-16, 2.2204460492503126e-16, 2.2204460492503126e-16, 2.2204460492503126e-16, 2.2204460492503126e-16, 2.2204460492503126e-16, 2.2204460492503126e-16, 2.8151238114410395e-09, 2.2204460492503126e-16, 0.99999999999999978, 2.2204460492503126e-16, 2.2204460492503126e-16, 2.1801221385648031e-11, 2.2204460492503126e-16, 2.2204460492503126e-16, 2.2204460492503126e-16, 2.2204460492503126e-16, 2.2204460492503126e-16, 2.2204460492503126e-16, 2.2204460492503126e-16, 2.2204460492503126e-16, 2.2204460492503126e-16, 2.2204460492503126e-16, 2.2204460492503126e-16, 2.2204460492503126e-16, 2.2204460492503126e-16, 2.2204460492503126e-16, 2.2204460492503126e-16, 2.2204460492503126e-16, 2.2204460492503126e-16, 2.2204460492503126e-16, 4.4419270726258093e-09, 2.2204460492503126e-16, 2.2204460492503126e-16, 2.2204460492503126e-16, 2.2204460492503126e-16, 2.2204460492503126e-16, 2.2204460492503126e-16, 2.2204460492503126e-16, 0.99999999605882695, 0.99999999999999978, 2.2204460492503126e-16]
# actual:
[-2.1073424033402409e-08, -2.1073424033402409e-08, -2.1073424033402409e-08, -2.1073424033402409e-08, -2.1073424033402409e-08, -2.1073424033402409e-08, -2.1073424033402409e-08, -2.1073424033402409e-08, -2.1073424033402409e-08, 1.0000000210734241, 1.000001451772823, 1.0000000210734241, -2.1073424033402409e-08, -2.1073424033402409e-08, -2.1073424033402409e-08, -2.1073424033402409e-08, -2.1073424033402409e-08, 1.000052148374332, -2.1073424033402409e-08, -2.1073424033402409e-08, -2.1073424033402409e-08, -2.1073424033402409e-08, -2.1073424033402409e-08, -2.1073424033402409e-08, -2.1073424033402409e-08, -2.1073424033402409e-08, -7.5032162157408889e-05, -2.1073424033402409e-08, 1.0000000210734241, -2.1073424033402409e-08, -2.1073424033402409e-08, -6.6031937018076693e-06, -2.1073424033402409e-08, -2.1073424033402409e-08, -2.1073424033402409e-08, -2.1073424033402409e-08, -2.1073424033402409e-08, -2.1073424033402409e-08, -2.1073424033402409e-08, -2.1073424033402409e-08, -2.1073424033402409e-08, -2.1073424033402409e-08, -2.1073424033402409e-08, -2.1073424033402409e-08, -2.1073424033402409e-08, -2.1073424033402409e-08, -2.1073424033402409e-08, -2.1073424033402409e-08, -2.1073424033402409e-08, -2.1073424033402409e-08, -9.4249757327271734e-05, -2.1073424033402409e-08, -2.1073424033402409e-08, -2.1073424033402409e-08, -2.1073424033402409e-08, -2.1073424033402409e-08, -2.1073424033402409e-08, -2.1073424033402409e-08, 1.0000887786377244, 1.0000000210734241, -2.1073424033402409e-08]
# Site = pointlakeshore
# Method = galogistic-weighted
# fold = 1
# threshold = 2.22044604925e-16
# requested specificity = 0
# actual training-set specificity = 0.907407407407
# tpos = 2
# tneg = 9
# fpos = 3
# fneg = 3
# raw predictions:
[336.40680521786516, -586.73638796849627, 327.45980866311328, -1249.0757978199854, -562.72418484554294, -585.40218257799006, -769.5976329212931, -950.0746974309269, 202.29362429502029, -580.51810311969632, 604.08386702244752, -301.36149412432434, -891.8956670497281, 238.12058278683085, -2679.1076759500197, -2534.9750254594528, -1863.508976744886]
# truth:
array('d', [1.294466226, 2.886547123, 0.30102999600000002, 1.193124598, 1.489958479, 0.79934054899999996, 1.434568904, 1.600972896, 2.454997217, 1.784617293, 1.797267541, 0.30102999600000002, 1.913813852, 2.420120848, 3.19119942, 3.113843119, 1.120573931])
# fitted:
[2.2204460492503126e-16, 2.2204460492503126e-16, 2.2204460492503126e-16, 2.2204460492503126e-16, 2.2204460492503126e-16, 2.2204460492503126e-16, 8.9636857381088598e-11, 1.2365040627360626e-11, 2.2204460492503126e-16, 0.99999999999999978, 0.99999999999999978, 0.99999995349864179, 2.2204460492503126e-16, 2.2204460492503126e-16, 2.2204460492503126e-16, 2.2204460492503126e-16, 2.2204460492503126e-16, 0.99999999999999978, 2.2204460492503126e-16, 2.2204460492503126e-16, 2.2204460492503126e-16, 2.2204460492503126e-16, 2.2204460492503126e-16, 2.2204460492503126e-16, 2.2204460492503126e-16, 2.2204460492503126e-16, 4.0654850336925342e-08, 2.2204460492503126e-16, 0.99999999999999978, 2.2204460492503126e-16, 2.2204460492503126e-16, 2.2204460492503126e-16, 2.2204460492503126e-16, 2.2204460492503126e-16, 2.2204460492503126e-16, 2.2204460492503126e-16, 2.2204460492503126e-16, 2.2204460492503126e-16, 2.2204460492503126e-16, 2.2204460492503126e-16, 2.2204460492503126e-16, 2.2204460492503126e-16, 2.2204460492503126e-16, 2.2204460492503126e-16, 2.2204460492503126e-16, 3.3651988277951607e-13, 2.2204460492503126e-16, 2.2204460492503126e-16, 2.2204460492503126e-16, 2.2204460492503126e-16, 2.2204460492503126e-16, 2.2204460492503126e-16, 2.2204460492503126e-16, 2.2204460492503126e-16, 2.7574989040170763e-08, 2.2204460492503126e-16, 2.2204460492503126e-16, 2.2204460492503126e-16, 0.99999998284763325, 0.99999999999999978, 2.2204460492503126e-16]
# actual:
[-2.1073424033402409e-08, -2.1073424033402409e-08, -2.1073424033402409e-08, -2.1073424033402409e-08, -2.1073424033402409e-08, -2.1073424033402409e-08, -1.3389231818209978e-05, -4.9729139192277761e-06, -2.1073424033402409e-08, 1.0000000210734241, 1.0000000210734241, 1.0003049169693616, -2.1073424033402409e-08, -2.1073424033402409e-08, -2.1073424033402409e-08, -2.1073424033402409e-08, -2.1073424033402409e-08, 1.0000000210734241, -2.1073424033402409e-08, -2.1073424033402409e-08, -2.1073424033402409e-08, -2.1073424033402409e-08, -2.1073424033402409e-08, -2.1073424033402409e-08, -2.1073424033402409e-08, -2.1073424033402409e-08, -0.00028510790679071629, -2.1073424033402409e-08, 1.0000000210734241, -2.1073424033402409e-08, -2.1073424033402409e-08, -2.1073424033402409e-08, -2.1073424033402409e-08, -2.1073424033402409e-08, -2.1073424033402409e-08, -2.1073424033402409e-08, -2.1073424033402409e-08, -2.1073424033402409e-08, -2.1073424033402409e-08, -2.1073424033402409e-08, -2.1073424033402409e-08, -2.1073424033402409e-08, -2.1073424033402409e-08, -2.1073424033402409e-08, -2.1073424033402409e-08, -8.2051123691012167e-07, -2.1073424033402409e-08, -2.1073424033402409e-08, -2.1073424033402409e-08, -2.1073424033402409e-08, -2.1073424033402409e-08, -2.1073424033402409e-08, -2.1073424033402409e-08, -2.1073424033402409e-08, -0.00023481275147503979, -2.1073424033402409e-08, -2.1073424033402409e-08, -2.1073424033402409e-08, 1.0001851982192151, 1.0000000210734241, -2.1073424033402409e-08]
# fold = 2
# threshold = 2.40302941493e-11
# requested specificity = 0.9
# actual training-set specificity = 0.905660377358
# tpos = 0
# tneg = 13
# fpos = 0
# fneg = 2
# raw predictions:
[-468.88366706160696, -1211.7038254755171, -1160.0384142295548, -171.37623563081442, -1056.7931331251791, -826.18320367551985, -2365.4562468351437, -775.58943268837857, -3630.2275231761473, -1775.753019372162, -3010.9191782761268, -1079.3777721807176, -1420.1970815667421, -215.20141025698996, -2332.9587923382651]
# truth:
array('d', [0.47712125500000002, 0.61278385700000004, 2.495544338, 2.561816664, 1.589949601, 1.334453751, 1.320146286, 0.0, 1.465382851, 1.190331698, 2.197556213, 2.08278537, 1.025305865, 2.208441356, 1.607455023])
# fitted:
[2.2204460492503126e-16, 0.99999999999999978, 2.2204460492503126e-16, 2.2204460492503126e-16, 2.2204460492503126e-16, 2.2204460492503126e-16, 2.2204460492503126e-16, 2.2204460492503126e-16, 2.2204460492503126e-16, 2.2204460492503126e-16, 0.99999999999999978, 2.2204460492503126e-16, 2.2204460492503126e-16, 2.2204460492503126e-16, 2.2204460492503126e-16, 2.2204460492503126e-16, 2.2204460492503126e-16, 2.2204460492503126e-16, 2.2204460492503126e-16, 0.99999999461074296, 2.2204460492503126e-16, 2.2204460492503126e-16, 1.7353201193783401e-08, 2.2204460492503126e-16, 0.99999999950598562, 2.2204460492503126e-16, 2.2204460492503126e-16, 2.2204460492503126e-16, 2.2204460492503126e-16, 2.2204460492503126e-16, 2.2204460492503126e-16, 2.2204460492503126e-16, 2.2204460492503126e-16, 7.5022027631857313e-09, 6.8100400046550679e-09, 0.99999999999999978, 0.99999999999999978, 0.99999999999999978, 2.2204460492503126e-16, 0.99999999999999978, 2.2204460492503126e-16, 2.2204460492503126e-16, 2.2204460492503126e-16, 2.2204460492503126e-16, 2.2204460492503126e-16, 2.2204460492503126e-16, 2.2204460492503126e-16, 2.2204460492503126e-16, 2.2204460492503126e-16, 2.2204460492503126e-16, 2.2204460492503126e-16, 2.2204460492503126e-16, 2.2204460492503126e-16, 2.2204460492503126e-16, 2.2204460492503126e-16, 2.2204460492503126e-16, 2.0075803889394356e-08, 2.4030294149293359e-11, 2.2204460492503126e-16, 2.0597242050704125e-09, 0.99999999999999978, 0.99999996322585449, 2.2204460492503126e-16]
# actual:
[-2.1073424033402409e-08, 1.0000000210734241, -2.1073424033402409e-08, -2.1073424033402409e-08, -2.1073424033402409e-08, -2.1073424033402409e-08, -2.1073424033402409e-08, -2.1073424033402409e-08, -2.1073424033402409e-08, -2.1073424033402409e-08, 1.0000000210734241, -2.1073424033402409e-08, -2.1073424033402409e-08, -2.1073424033402409e-08, -2.1073424033402409e-08, -2.1073424033402409e-08, -2.1073424033402409e-08, -2.1073424033402409e-08, -2.1073424033402409e-08, 1.000103814233417, -2.1073424033402409e-08, -2.1073424033402409e-08, -0.00018627919207984365, -2.1073424033402409e-08, 1.0000314324309159, -2.1073424033402409e-08, -2.1073424033402409e-08, -2.1073424033402409e-08, -2.1073424033402409e-08, -2.1073424033402409e-08, -2.1073424033402409e-08, -2.1073424033402409e-08, -2.1073424033402409e-08, -0.0001224849696541057, -0.00011669828894211592, 1.0000000210734241, 1.0000000210734241, 1.0000000210734241, -2.1073424033402409e-08, 1.0000000210734241, -2.1073424033402409e-08, -2.1073424033402409e-08, -2.1073424033402409e-08, -2.1073424033402409e-08, -2.1073424033402409e-08, -2.1073424033402409e-08, -2.1073424033402409e-08, -2.1073424033402409e-08, -2.1073424033402409e-08, -2.1073424033402409e-08, -2.1073424033402409e-08, -2.1073424033402409e-08, -2.1073424033402409e-08, -2.1073424033402409e-08, -2.1073424033402409e-08, -2.1073424033402409e-08, -0.00020035858648698824, -6.9325560490865334e-06, -2.1073424033402409e-08, -6.4180868954377541e-05, 1.0000000210734241, 1.0002711611099266, -2.1073424033402409e-08]
# fold = 3
# threshold = 6.35064916744e-11
# requested specificity = 0.9
# actual training-set specificity = 0.901960784314
# tpos = 0
# tneg = 13
# fpos = 2
# fneg = 1
# raw predictions:
[-93.8736801266205, -176.6054869464715, -270.45160451538624, -702.01226219133082, -245.06500563161163, -10.902232664046066, -255.67899305271195, -174.2758477649077, 217.07435573902313, -528.6270295951299, -107.99332754714339, -1049.6454073714165, -194.35835651790518, -138.76257540845322, 124.319272178723, -214.01697938285122]
# truth:
array('d', [1.769377326, 1.555094449, 0.70757017600000005, 0.0, 1.271841607, 1.59439255, 0.70757017600000005, 0.99122607600000001, 2.033825694, 1.394451681, 1.729974286, 1.376576957, 1.682145076, 1.037426498, 0.30102999600000002, 3.383743576])
# fitted:
[2.2204460492503126e-16, 1.5738570783190222e-09, 0.99999999999999978, 2.2204460492503126e-16, 2.2204460492503126e-16, 2.2204460492503126e-16, 2.2204460492503126e-16, 2.2204460492503126e-16, 2.2204460492503126e-16, 2.2204460492503126e-16, 2.2204460492503126e-16, 0.99999999999999978, 0.99999999825283947, 0.99999999999999978, 6.3506491674411449e-11, 2.2204460492503126e-16, 1.110571518389635e-09, 2.2204460492503126e-16, 2.2204460492503126e-16, 2.2204460492503126e-16, 2.2204460492503126e-16, 2.2204460492503126e-16, 0.99999999999999978, 2.2204460492503126e-16, 2.2204460492503126e-16, 0.99999999999999978, 2.2204460492503126e-16, 2.2204460492503126e-16, 2.2204460492503126e-16, 2.2204460492503126e-16, 8.3816967999418971e-10, 2.7630963692455453e-11, 2.2204460492503126e-16, 2.2204460492503126e-16, 9.3238508469473049e-10, 0.99999999999999978, 0.99999999999999978, 0.9999999976828946, 2.2204460492503126e-16, 0.99999999999999978, 2.2204460492503126e-16, 2.2204460492503126e-16, 2.2204460492503126e-16, 2.2204460492503126e-16, 2.2204460492503126e-16, 2.2204460492503126e-16, 2.2204460492503126e-16, 2.2204460492503126e-16, 2.2204460492503126e-16, 2.2204460492503126e-16, 2.2204460492503126e-16, 2.2204460492503126e-16, 2.2204460492503126e-16, 2.2204460492503126e-16, 2.2204460492503126e-16, 2.2204460492503126e-16, 2.2204460492503126e-16, 1.0532922509681476e-09, 2.2204460492503126e-16, 2.2204460492503126e-16, 0.99999999973121867, 3.8167509115920121e-11]
# actual:
[-2.1073424033402409e-08, -5.6102918716180327e-05, 1.0000000210734241, -2.1073424033402409e-08, -2.1073424033402409e-08, -2.1073424033402409e-08, -2.1073424033402409e-08, -2.1073424033402409e-08, -2.1073424033402409e-08, -2.1073424033402409e-08, -2.1073424033402409e-08, 1.0000000210734241, 1.0000591110371904, 1.0000000210734241, -1.1269943890434187e-05, -2.1073424033402409e-08, -4.712789136982553e-05, -2.1073424033402409e-08, -2.1073424033402409e-08, -2.1073424033402409e-08, -2.1073424033402409e-08, -2.1073424033402409e-08, 1.0000000210734241, -2.1073424033402409e-08, -2.1073424033402409e-08, 1.0000000210734241, -2.1073424033402409e-08, -2.1073424033402409e-08, -2.1073424033402409e-08, -2.1073424033402409e-08, -4.0942287150018067e-05, -7.4338150620026085e-06, -2.1073424033402409e-08, -2.1073424033402409e-08, -4.3182051708545839e-05, 1.0000000210734241, 1.0000000210734241, 1.0000680727208124, -2.1073424033402409e-08, 1.0000000210734241, -2.1073424033402409e-08, -2.1073424033402409e-08, -2.1073424033402409e-08, -2.1073424033402409e-08, -2.1073424033402409e-08, -2.1073424033402409e-08, -2.1073424033402409e-08, -2.1073424033402409e-08, -2.1073424033402409e-08, -2.1073424033402409e-08, -2.1073424033402409e-08, -2.1073424033402409e-08, -2.1073424033402409e-08, -2.1073424033402409e-08, -2.1073424033402409e-08, -2.1073424033402409e-08, -2.1073424033402409e-08, -4.5896492212490366e-05, -2.1073424033402409e-08, -2.1073424033402409e-08, 1.000023185133588, -8.7369486339505479e-06]
# fold = 4
# threshold = 2.40040148971e-08
# requested specificity = 0.9
# actual training-set specificity = 0.901960784314
# tpos = 0
# tneg = 11
# fpos = 4
# fneg = 0
# raw predictions:
[1199.3341024356673, -2694.9815119383243, 1039.6247814461792, 223.13774526664818, 8.263422547414532, -2815.3817529734592, -2695.5864775092709, -4867.5006889131018, -685.4961370229048, -3175.4763531029562, -8153.4023215561465, -1897.6816294428661, -8325.5546879351677, -300.14257362353379, -3109.2669194412051]
# truth:
array('d', [1.774516966, 1.59439255, 1.72427587, 1.812913357, 0.49136169400000002, 1.206825876, 1.238046103, 0.0, 1.588831726, 1.675778342, 1.127104798, 2.058805487, 0.98677173399999996, 0.71600334399999999, 2.314709693])
# fitted:
[2.2204460492503126e-16, 2.2204460492503126e-16, 0.99999995133981379, 2.2204460492503126e-16, 2.2204460492503126e-16, 2.2204460492503126e-16, 2.2204460492503126e-16, 2.2204460492503126e-16, 2.2204460492503126e-16, 2.2204460492503126e-16, 0.99999999999999978, 0.99999999727438738, 0.99999999999999978, 2.2204460492503126e-16, 2.2204460492503126e-16, 2.2204460492503126e-16, 2.2204460492503126e-16, 2.4004014897146175e-08, 2.2204460492503126e-16, 0.99999999999999978, 9.1206385018556199e-08, 2.2204460492503126e-16, 2.2204460492503126e-16, 0.99999999999999978, 2.2204460492503126e-16, 2.2204460492503126e-16, 3.2689601979541788e-08, 2.2204460492503126e-16, 2.2204460492503126e-16, 2.2204460492503126e-16, 2.2204460492503126e-16, 4.2166903609183854e-08, 0.99999999999999978, 0.99999999999999978, 0.99999999999999978, 2.2204460492503126e-16, 0.9999999090377063, 2.2204460492503126e-16, 2.2204460492503126e-16, 2.2204460492503126e-16, 2.2204460492503126e-16, 2.2204460492503126e-16, 2.2204460492503126e-16, 3.7709769223773109e-08, 2.2204460492503126e-16, 2.2204460492503126e-16, 2.2204460492503126e-16, 2.2204460492503126e-16, 2.2204460492503126e-16, 6.6368864072800978e-10, 2.2204460492503126e-16, 2.2204460492503126e-16, 2.2204460492503126e-16, 2.2204460492503126e-16, 2.2204460492503126e-16, 2.2204460492503126e-16, 2.2204460492503126e-16, 2.2204460492503126e-16, 2.2204460492503126e-16, 2.6522428520418659e-08, 2.2204460492503126e-16, 0.99999999999999978, 0.99999992485964673]
# actual:
[-2.1073424033402409e-08, -2.1073424033402409e-08, 1.0003119134764948, -2.1073424033402409e-08, -2.1073424033402409e-08, -2.1073424033402409e-08, -2.1073424033402409e-08, -2.1073424033402409e-08, -2.1073424033402409e-08, -2.1073424033402409e-08, 1.0000000210734241, 1.000073829687605, 1.0000000210734241, -2.1073424033402409e-08, -2.1073424033402409e-08, -2.1073424033402409e-08, -2.1073424033402409e-08, -0.00021908334480712002, -2.1073424033402409e-08, 1.0000000210734241, -0.00042700688344309582, -2.1073424033402409e-08, -2.1073424033402409e-08, 1.0000000210734241, -2.1073424033402409e-08, -2.1073424033402409e-08, -0.00025566088673574858, -2.1073424033402409e-08, -2.1073424033402409e-08, -2.1073424033402409e-08, -2.1073424033402409e-08, -0.00029036067196600316, 1.0000000210734241, 1.0000000210734241, 1.0000000210734241, -2.1073424033402409e-08, 1.0004264352333283, -2.1073424033402409e-08, -2.1073424033402409e-08, -2.1073424033402409e-08, -2.1073424033402409e-08, -2.1073424033402409e-08, -2.1073424033402409e-08, -0.00027458847226164031, -2.1073424033402409e-08, -2.1073424033402409e-08, -2.1073424033402409e-08, -2.1073424033402409e-08, -2.1073424033402409e-08, -3.643252610762658e-05, -2.1073424033402409e-08, -2.1073424033402409e-08, -2.1073424033402409e-08, -2.1073424033402409e-08, -2.1073424033402409e-08, -2.1073424033402409e-08, -2.1073424033402409e-08, -2.1073424033402409e-08, -2.1073424033402409e-08, -0.00023028817006888344, -2.1073424033402409e-08, 1.0000000210734241, 1.000387585422513]
# fold = 5
# threshold = 2.22044604925e-16
# requested specificity = 0.9
# actual training-set specificity = 0.927272727273
# tpos = 3
# tneg = 10
# fpos = 1
# fneg = 1
# raw predictions:
[-1606.6248365295166, -1352.4511981030696, -2905.5547898047594, -1960.7043205997177, 50.02356508170358, 872.86274825870294, -1302.0318794779485, 1166.1455354872617, -5053.19948484691, -2259.9477683392006, -3399.0698570048107, -3335.9702812072769, 488.84027411574635, -1192.7462424380487, -5395.468682739498]
# truth:
array('d', [1.907411361, 1.227886705, 0.87506126299999998, 0.61278385700000004, 3.298044843, 3.238773502, 1.309630167, 3.298044843, 1.779596491, 2.061829307, 0.0, 1.537819095, 1.439332694, 0.61278385700000004, 2.45909079])
# fitted:
[2.2204460492503126e-16, 2.2204460492503126e-16, 0.99999999999999978, 8.8573924848242654e-08, 2.2204460492503126e-16, 2.2204460492503126e-16, 2.2204460492503126e-16, 2.2204460492503126e-16, 0.99999999999999978, 0.99999999999999978, 2.2204460492503126e-16, 2.2204460492503126e-16, 2.2204460492503126e-16, 2.2204460492503126e-16, 2.2204460492503126e-16, 2.2204460492503126e-16, 2.2204460492503126e-16, 2.2204460492503126e-16, 2.2204460492503126e-16, 9.3039133335978315e-08, 2.2204460492503126e-16, 2.2204460492503126e-16, 2.2204460492503126e-16, 0.99999985056863749, 2.2204460492503126e-16, 2.2204460492503126e-16, 2.2204460492503126e-16, 2.2204460492503126e-16, 2.2204460492503126e-16, 2.2204460492503126e-16, 2.2204460492503126e-16, 2.2204460492503126e-16, 2.2204460492503126e-16, 3.3951409938880094e-09, 0.99999999999999978, 0.99999999999999978, 0.9999999478917091, 2.2204460492503126e-16, 2.2204460492503126e-16, 2.2204460492503126e-16, 2.2204460492503126e-16, 2.2204460492503126e-16, 2.2204460492503126e-16, 2.2204460492503126e-16, 1.3265484327036591e-07, 2.2204460492503126e-16, 2.2204460492503126e-16, 2.2204460492503126e-16, 2.2204460492503126e-16, 2.2204460492503126e-16, 2.2204460492503126e-16, 2.2204460492503126e-16, 2.2204460492503126e-16, 2.2204460492503126e-16, 2.2204460492503126e-16, 2.2204460492503126e-16, 2.2204460492503126e-16, 2.2204460492503126e-16, 2.2204460492503126e-16, 2.2204460492503126e-16, 2.2204460492503126e-16, 0.9999999423106769, 2.2204460492503126e-16]
# actual:
[-2.1073424033402409e-08, -2.1073424033402409e-08, 1.0000000210734241, -0.0004208007908972389, -2.1073424033402409e-08, -2.1073424033402409e-08, -2.1073424033402409e-08, -2.1073424033402409e-08, 1.0000000210734241, 1.0000000210734241, -2.1073424033402409e-08, -2.1073424033402409e-08, -2.1073424033402409e-08, -2.1073424033402409e-08, -2.1073424033402409e-08, -2.1073424033402409e-08, -2.1073424033402409e-08, -2.1073424033402409e-08, -2.1073424033402409e-08, -0.00043127487255715776, -2.1073424033402409e-08, -2.1073424033402409e-08, -2.1073424033402409e-08, 1.0005465339754769, -2.1073424033402409e-08, -2.1073424033402409e-08, -2.1073424033402409e-08, -2.1073424033402409e-08, -2.1073424033402409e-08, -2.1073424033402409e-08, -2.1073424033402409e-08, -2.1073424033402409e-08, -2.1073424033402409e-08, -8.2399772897857513e-05, 1.0000000210734241, 1.0000000210734241, 1.0003227738272296, -2.1073424033402409e-08, -2.1073424033402409e-08, -2.1073424033402409e-08, -2.1073424033402409e-08, -2.1073424033402409e-08, -2.1073424033402409e-08, -2.1073424033402409e-08, -0.00051494957563088552, -2.1073424033402409e-08, -2.1073424033402409e-08, -2.1073424033402409e-08, -2.1073424033402409e-08, -2.1073424033402409e-08, -2.1073424033402409e-08, -2.1073424033402409e-08, -2.1073424033402409e-08, -2.1073424033402409e-08, -2.1073424033402409e-08, -2.1073424033402409e-08, -2.1073424033402409e-08, -2.1073424033402409e-08, -2.1073424033402409e-08, -2.1073424033402409e-08, -2.1073424033402409e-08, 1.0003396166393006, -2.1073424033402409e-08]
# Area under ROC curve = 0.353535353535
# aggregate.tpos = 5
# aggregate.tneg = 56
# aggregate.fpos = 10
# aggregate.fneg = 7
# variables: logmrqmean6, seawatertemp0stdev12hr, seawatertemp0mean48hr, seawatertemp0stdev120hr, dcperpmean12, pointbeachessumgdp6hrsqrt, logkrqmean120, logtribmolashcreektribturbidity, dirwvhperpmean2
# decision threshold: 2.22044604925e-16
