# Site = pointlakeshore
# Method = gbm-unweighted
# Site = pointlakeshore
# Method = gbm-unweighted
# Site = pointlakeshore
# Method = gbm-unweighted
# Site = pointlakeshore
# Method = gbm-unweighted
# Site = pointlakeshore
# Method = gbm-unweighted
# Site = pointlakeshore
# Method = gbm-unweighted
# Site = pointlakeshore
# Method = gbm-unweighted
# Site = pointlakeshore
# Method = gbm-unweighted
# Site = pointlakeshore
# Method = gbm-unweighted
# Site = pointlakeshore
# Method = gbm-unweighted
# Site = pointlakeshore
# Method = gbm-unweighted
# Site = pointlakeshore
# Method = gbm-unweighted
# fold = 1
# threshold = 1.80004580440
# requested specificity = 0.9
# actual training-set specificity = 0.888888888889
# tpos = 4
# tneg = 11
# fpos = 1
# fneg = 1
# raw predictions:
[2.1928865220316816, 2.104837186238361, 1.327609444349346, 1.5094813176527147, 1.7254588347631117, 1.0880091627817732, 1.3564143228462557, 1.521253980120471, 2.0056206681007005, 1.3845736240302042, 1.678318035332652, 1.350906743467539, 1.2751386034098367, 2.266929249520625, 1.8397444042545308, 1.7204140992003543, 1.4302185330686694]
# truth:
array('d', [1.294466226, 2.886547123, 0.30102999600000002, 1.193124598, 1.489958479, 0.79934054899999996, 1.434568904, 1.600972896, 2.454997217, 1.784617293, 1.797267541, 0.30102999600000002, 1.913813852, 2.420120848, 3.19119942, 3.113843119, 1.120573931])
# fitted:
[0.9416595716068924, 1.5910879037498957, 1.4218710987437941, 1.709170590585833, 1.9281134380616174, 1.1110499695550598, 0.95683558251284795, 0.99716299349001847, 1.2651671521922436, 2.3742982592825905, 2.1037466392184356, 2.2038630039850977, 1.583544182379299, 1.7193207368990047, 1.5391731336014485, 1.547265742461825, 0.9884060509814615, 2.269702357741633, 1.2750843742644, 0.9997940069309138, 0.8630776298295304, 1.206831860868683, 1.2819548507991512, 1.470123153564992, 1.4746834895735035, 1.2594472068663505, 0.75133901309002915, 1.6394929663873405, 2.4084378423407693, 1.5412379785467325, 1.6798506673820934, 1.703637043036491, 1.0374869841073717, 0.72872966401656214, 1.2885099028822356, 1.2651878435785249, 1.0646464062361363, 2.0389215497707114, 2.06811616826235, 1.5579657874792032, 0.69992505790174198, 1.3952802767606214, 1.3521065922966185, 1.769432230257661, 1.287887791123485, 1.6433054330161612, 1.3993359216430872, 1.1808549735345244, 1.8000458043957304, 1.8406258319578732, 1.7898404984018979, 1.2130896248605303, 1.936925356118256, 1.4585405446730289, 1.3560566130537464, 0.77947449776285138, 1.5146959019035107, 1.0142600068882346, 1.9948292398027336, 1.8188746232151607, 1.700349495093453]
# actual:
[0.47712125500000002, 1.907411361, 1.227886705, 1.774516966, 1.769377326, 0.87506126299999998, 0.61278385700000004, 0.61278385700000004, 1.59439255, 3.298044843, 2.495544338, 2.561816664, 1.72427587, 1.812913357, 1.555094449, 1.589949601, 0.49136169400000002, 3.238773502, 1.206825876, 0.70757017600000005, 0.0, 1.271841607, 1.238046103, 1.309630167, 1.59439255, 1.334453751, 0.0, 1.588831726, 3.298044843, 1.779596491, 2.061829307, 1.675778342, 0.70757017600000005, 0.0, 1.127104798, 1.320146286, 0.99122607600000001, 2.058805487, 2.033825694, 1.537819095, 0.0, 1.465382851, 1.394451681, 1.729974286, 1.190331698, 1.439332694, 1.376576957, 0.98677173399999996, 2.197556213, 2.08278537, 1.682145076, 1.025305865, 2.208441356, 1.037426498, 0.71600334399999999, 0.61278385700000004, 1.607455023, 0.30102999600000002, 3.383743576, 2.45909079, 2.314709693]
# fold = 2
# threshold = 1.74520241358
# requested specificity = 0.9
# actual training-set specificity = 0.88679245283
# tpos = 0
# tneg = 13
# fpos = 0
# fneg = 2
# raw predictions:
[1.4374174063047542, 1.3355431007172396, 1.5624530568181787, 1.6603106494934523, 1.5545503355747354, 1.2022539503591214, 1.2635414000283392, 1.1446936222204613, 1.3093811811469591, 1.3521379870703436, 1.3947857216266908, 1.59771345191562, 1.3627824549211902, 1.3048307221457576, 1.4430724600101312]
# truth:
array('d', [0.47712125500000002, 0.61278385700000004, 2.495544338, 2.561816664, 1.589949601, 1.334453751, 1.320146286, 0.0, 1.465382851, 1.190331698, 2.197556213, 2.08278537, 1.025305865, 2.208441356, 1.607455023])
# fitted:
[1.8931563908531381, 2.3386723890529635, 1.5913467308083442, 1.4817287670026011, 1.7097081587815697, 1.894684034983016, 1.072206828201434, 1.1942857270663785, 1.0627279827531886, 1.3594968564182264, 2.168751813362677, 1.4064624090648599, 1.6215964835428913, 1.5613800736990304, 1.1052143226174085, 1.3770707728256, 1.6587082837149498, 1.5675043939581443, 1.097410354589043, 2.1917882496705015, 1.5546836755788347, 1.2396053086360965, 1.089479139654461, 0.96367252780959822, 2.02121679916337, 1.6065624120435338, 1.3244071571571978, 1.7320494808036198, 1.268098817171011, 1.4913055071372372, 1.4910364862255148, 0.85012039309398202, 0.91628977098348829, 1.6355620328593699, 1.7634446530032852, 2.3850759948490037, 2.515771638764375, 2.350799541433853, 1.5859187437263496, 2.183871499751457, 1.7452024135764768, 1.638368343482194, 1.0511750437292005, 0.854525993302788, 1.274965954235931, 1.2865007347954998, 1.20455739959455, 1.960561309467753, 1.9996291387482248, 1.518501115410433, 1.3108796859831662, 1.6260654546696893, 1.574771484282745, 1.3482806537918277, 1.1546240077408554, 1.6320124968355336, 1.2569363145377053, 1.4153537109541277, 0.97268987292667497, 1.1568675318271149, 2.003429251079109, 1.6666314119964387, 1.6236425879287966]
# actual:
[1.294466226, 2.886547123, 1.907411361, 1.227886705, 1.774516966, 1.769377326, 0.30102999600000002, 0.87506126299999998, 0.61278385700000004, 1.59439255, 3.298044843, 1.193124598, 1.72427587, 1.489958479, 0.79934054899999996, 1.434568904, 1.812913357, 1.555094449, 0.49136169400000007, 3.238773502, 1.600972896, 1.206825876, 0.70757017600000005, 0.0, 2.454997217, 1.784617293, 1.271841607, 1.797267541, 1.238046103, 1.309630167, 1.59439255, 0.0, 0.30102999600000002, 1.588831726, 1.913813852, 2.420120848, 3.298044843, 3.19119942, 1.779596491, 3.113843119, 2.061829307, 1.675778342, 0.70757017600000005, 0.0, 1.127104798, 1.120573931, 0.99122607600000001, 2.058805487, 2.033825694, 1.537819095, 1.394451681, 1.729974286, 1.439332694, 1.376576957, 0.98677173399999996, 1.682145076, 1.037426498, 0.71600334399999999, 0.61278385700000004, 0.30102999600000002, 3.383743576, 2.45909079, 2.314709693]
# fold = 3
# threshold = 1.83437366691
# requested specificity = 0.9
# actual training-set specificity = 0.882352941176
# tpos = 0
# tneg = 12
# fpos = 3
# fneg = 1
# raw predictions:
[2.1437720794418467, 1.6084570327432899, 1.668765714007329, 1.536952181634712, 1.3454181231705156, 1.4746342134191788, 1.379670366641514, 1.349902698980776, 2.181352478651506, 1.377520644519962, 1.5689909273112492, 1.2182623347494392, 1.9234242858303254, 1.669584808646439, 1.56753216934988, 1.5317038269285879]
# truth:
array('d', [1.769377326, 1.555094449, 0.70757017600000005, 0.0, 1.271841607, 1.59439255, 0.70757017600000005, 0.99122607600000001, 2.033825694, 1.394451681, 1.729974286, 1.376576957, 1.682145076, 1.037426498, 0.30102999600000002, 3.383743576])
# fitted:
[0.84679828849453731, 1.9217783748363033, 2.4336861366859166, 1.598303202951775, 1.4373569967459627, 1.6404152567781918, 0.82031619792097055, 1.2063484122024275, 0.97900712391168798, 1.0707960656683382, 1.3679361357426765, 2.3871391451979407, 2.0599016349647647, 2.29850176398483, 1.3883016325862894, 1.5709483233370696, 1.6230570413400882, 1.0314004157641326, 1.460658730728503, 1.7120591620040213, 1.5498538770832748, 1.0357044600911183, 2.422717626700382, 1.5684000131810438, 1.4203767476808022, 2.2601296944221536, 1.637175483852152, 1.7214881094612209, 1.3042732052671129, 1.5727221190884835, 1.2762739430217134, 0.55915559969287976, 0.80506079383946694, 1.7848272425762186, 1.7435896024241633, 2.51913979182582, 2.62805560359912, 2.4860318934288714, 1.5941183410891833, 2.381788354351725, 1.8343736669108623, 1.6073379090923425, 0.70277305786194721, 1.1824792978373342, 1.293768549172694, 1.3080844436932415, 2.0342311345425785, 1.4805801068036955, 0.65289699995346218, 1.4054630362752822, 1.278095074160888, 1.6962268142634696, 1.1495747251161819, 1.788185992149308, 1.9143174809374608, 1.3411999976790248, 1.9060558303036224, 1.3711731813762922, 0.77033353005700955, 1.6016999946092272, 1.899909531315054, 1.8459356016114277]
# actual:
[0.47712125500000002, 1.294466226, 2.886547123, 1.907411361, 1.227886705, 1.774516966, 0.30102999600000002, 0.87506126299999998, 0.61278385700000004, 0.61278385700000004, 1.59439255, 3.298044843, 2.495544338, 2.561816664, 1.193124598, 1.72427587, 1.489958479, 0.79934054899999996, 1.434568904, 1.812913357, 1.589949601, 0.49136169400000007, 3.238773502, 1.600972896, 1.206825876, 2.454997217, 1.784617293, 1.797267541, 1.238046103, 1.309630167, 1.334453751, 0.0, 0.30102999600000002, 1.588831726, 1.913813852, 2.420120848, 3.298044843, 3.19119942, 1.779596491, 3.113843119, 2.061829307, 1.675778342, 0.0, 1.127104798, 1.320146286, 1.120573931, 2.058805487, 1.537819095, 0.0, 1.465382851, 1.190331698, 1.439332694, 0.98677173399999996, 2.197556213, 2.08278537, 1.025305865, 2.208441356, 0.71600334399999999, 0.61278385700000004, 1.607455023, 2.45909079, 2.314709693]
