# Site = FS
# Method = adapt-select
# Site = FS
# Method = adapt-select
# Site = FS
# Method = adapt-select
# fold = 1
# threshold = 2.19143465742
# requested specificity = 0.944444444444
# actual training-set specificity = 0.957746478873
# tpos = 3
# tneg = 13
# fpos = 1
# fneg = 5
# raw predictions:
[1.4184516 1.7200235 1.5437359 1.1480864 1.5569528 1.5421351 1.8618949
 1.6427098 2.7550982 1.3163146 1.9564813 0.96343992 2.2944901 0.97241439
 0.96813469 1.4642631 1.4613939 0.80585106 2.7291483 1.1462674 1.3771648
 2.3897171]
# truth:
[2.4752352 1.9100905 1.8920946 1.4955443 1.9813655 0.61278386 1.8709888
 1.4983106 3.3837436 1.2944662 2.4141374 3.1138431 2.2828486 0.87506126
 1.3673559 1.7874605 0.61278386 2.7989267 3.0048371 3.2387735 2.1348144
 3.3837436]
# fold = 2
# threshold = 2.16122607810
# requested specificity = 0.867924528302
# actual training-set specificity = 0.876923076923
# tpos = 1
# tneg = 16
# fpos = 4
# fneg = 0
# raw predictions:
[1.6355012 1.2362904 2.2005503 2.4161665 1.4221239 1.3948973 1.2435593
 2.3204626 2.0025418 1.8787977 2.0085083 2.1189998 1.7523422 1.3947063
 1.2312382 2.2410438 1.0938536 2.3289453 1.6447267 1.5375299 1.540478]
# truth:
[0.92941893 1.1986571 1.7923917 2.3960249 1.4842998 1.5899496 1.1303338
 1.2671717 1.40824 1.519828 1.920645 1.8000294 1.146128 1.4248816
 0.98677173 1.4955443 1.3263359 1.7951846 1.748188 1.7664128 1.4116197]
# fold = 3
# threshold = 2.04866610205
# requested specificity = 0.864406779661
# actual training-set specificity = 0.87323943662
# tpos = 4
# tneg = 12
# fpos = 2
# fneg = 2
# raw predictions:
[2.7337844 2.9291801 2.1261419 1.8490124 1.6345997 1.8734767 1.7314431
 1.8260948 2.451953 2.117778 1.4074943 1.4835618 1.7618906 1.4295209
 1.6345997 2.8936358 1.8638796 1.5141071 1.4809016 1.2727535]
# truth:
[3.3837436 3.3837436 1.5786392 2.512551 3.1503265 2.2119211 1.6803355
 1.813581 3.3837436 1.5145478 0.0 0.79934055 0.86923172 1.0827854 2.0021661
 3.0048371 1.8597386 1.39794 1.70927 0.0]
# fold = 4
# threshold = 2.05252906788
# requested specificity = 0.865384615385
# actual training-set specificity = 0.878787878788
# tpos = 1
# tneg = 14
# fpos = 5
# fneg = 1
# raw predictions:
[2.2143172 2.3079412 2.004583 2.0406067 2.0594728 1.8435223 1.7355858
 2.2127741 1.8034966 1.3101887 1.7271276 1.4557417 1.8042478 1.170482
 0.30255363 1.5216665 1.4659906 2.5246715 1.4458831 1.2646729 2.1120928]
# truth:
[2.0557605 1.2900346 1.3031961 1.7160033 3.3837436 2.4401216 2.1580608
 2.2119211 2.2362853 1.7435098 1.6314438 1.4653829 1.2718416 0.61278386 0.0
 1.9100905 0.49136169 1.9872192 1.2455127 1.2988531 2.3174365]
# fold = 5
# threshold = 2.12917300005
# requested specificity = 0.879310344828
# actual training-set specificity = 0.89552238806
# tpos = 1
# tneg = 17
# fpos = 1
# fneg = 1
# raw predictions:
[1.912261 1.96586 1.828533 2.4068617 2.1887352 1.2329862 1.5181253 1.105114
 1.6374822 1.5360199 1.3739189 1.4856893 1.6110446 2.066886 2.097217
 1.3779384 1.4831945 1.4075804 1.8865172 1.9583701]
# truth:
[1.5888317 1.0374265 2.6190933 3.3837436 1.9822712 1.0863598 1.8842288
 1.6042261 1.6009729 1.7024305 1.5211381 1.8260748 1.8088859 1.5211381
 1.5211381 1.0043214 1.4199557 1.350248 1.8241258 1.6599162]
# Area under ROC curve = 0.722600619195
# aggregate.tpos = 10
# aggregate.tneg = 72
# aggregate.fpos = 13
# aggregate.fneg = 9
# variables: turbiditybeachlog, fischercreekturbiditylog
# decision threshold: 2.12027163884
