# Site = pointlakeshore
# Method = gbm-weighted
# Site = pointlakeshore
# Method = gbm-weighted
# fold = 1
# threshold = 1.80644350532
# requested specificity = 0.9
# actual training-set specificity = 0.888888888889
# tpos = 5
# tneg = 11
# fpos = 1
# fneg = 0
# raw predictions:
[2.070580480735954, 1.9990589708130693, 1.5329508791117978, 1.5737316116791023, 1.72307579714547, 1.363421983472926, 1.5012015486452033, 1.6046883187547747, 1.9040710085406605, 1.5070615875677724, 1.7581975547349238, 1.5433856179600625, 1.5397756231439583, 2.0703560951258275, 1.8347926256311622, 1.812275931515555, 1.5657154033439984]
# truth:
array('d', [1.294466226, 2.886547123, 0.30102999600000002, 1.193124598, 1.489958479, 0.79934054899999996, 1.434568904, 1.600972896, 2.454997217, 1.784617293, 1.797267541, 0.30102999600000002, 1.913813852, 2.420120848, 3.19119942, 3.113843119, 1.120573931])
# fitted:
[1.3016662676518243, 1.6119354853104726, 1.5786558846652683, 1.7370929915541764, 1.9591510141486366, 1.4098906046436253, 1.3197701593344973, 1.3325043960209144, 1.4083597932332173, 2.1437330908889143, 1.9716806175581998, 2.008148995873989, 1.6254196929715747, 1.6945108451147468, 1.6175921607026285, 1.6137753485999224, 1.333897388626842, 2.068500617921104, 1.4801328256879716, 1.3485759859530295, 1.2659677004111223, 1.4090055172414189, 1.4504509376323378, 1.6421497441139878, 1.5969837229718682, 1.4332120992237092, 1.2027853357597478, 1.783181975885351, 2.18309099691149, 1.6041350407456634, 1.6633033740090013, 1.7454942441584191, 1.3462145035126534, 1.1847436358119068, 1.4916439346162365, 1.4392482805738938, 1.3690496677121837, 1.976144023302551, 2.0307452496996024, 1.6259745425389331, 1.171828037916389, 1.5084128707131026, 1.4901469295564187, 1.8046740100016305, 1.4850258045120424, 1.728560676993416, 1.542301813482137, 1.4161631301326283, 1.7507659573122043, 1.8064435053169166, 1.8711829173057242, 1.4430660512282174, 1.8895115845652166, 1.6570702865295373, 1.6453454004252606, 1.2011960102462778, 1.59269991635003, 1.4038587909646552, 1.923303514400568, 1.7623957124182677, 1.638977054767687]
# actual:
[0.47712125500000002, 1.907411361, 1.227886705, 1.774516966, 1.769377326, 0.87506126299999998, 0.61278385700000004, 0.61278385700000004, 1.59439255, 3.298044843, 2.495544338, 2.561816664, 1.72427587, 1.812913357, 1.555094449, 1.589949601, 0.49136169400000007, 3.238773502, 1.206825876, 0.70757017600000005, 0.0, 1.271841607, 1.238046103, 1.309630167, 1.59439255, 1.334453751, 0.0, 1.588831726, 3.298044843, 1.779596491, 2.061829307, 1.675778342, 0.70757017600000005, 0.0, 1.127104798, 1.320146286, 0.99122607600000001, 2.058805487, 2.033825694, 1.537819095, 0.0, 1.465382851, 1.394451681, 1.729974286, 1.190331698, 1.439332694, 1.376576957, 0.98677173399999996, 2.197556213, 2.08278537, 1.682145076, 1.025305865, 2.208441356, 1.037426498, 0.71600334399999999, 0.61278385700000004, 1.607455023, 0.30102999600000002, 3.383743576, 2.45909079, 2.314709693]
# fold = 2
# threshold = 1.84758840843
# requested specificity = 0.9
# actual training-set specificity = 0.88679245283
# tpos = 0
# tneg = 13
# fpos = 0
# fneg = 2
# raw predictions:
[1.5169951601395477, 1.4900554115219786, 1.7150688869761381, 1.7798661950458774, 1.7346840944529802, 1.3135044717309674, 1.3972266416656363, 1.246841265650331, 1.4049395884607403, 1.4568249521093892, 1.4800945882562702, 1.7012527834981257, 1.4507413969373826, 1.3819304674218889, 1.5390166440356756]
# truth:
array('d', [0.47712125500000002, 0.61278385700000004, 2.495544338, 2.561816664, 1.589949601, 1.334453751, 1.320146286, 0.0, 1.465382851, 1.190331698, 2.197556213, 2.08278537, 1.025305865, 2.208441356, 1.607455023])
# fitted:
[2.08810838946217, 2.3578980608957654, 1.6593199671769074, 1.6228422146042514, 1.8038060749558924, 1.9981245677159485, 1.235543969251714, 1.3913862168446989, 1.211859116366871, 1.447679035167766, 2.301941949812001, 1.4984779236344454, 1.7444827674838992, 1.644870834037188, 1.2742333614808041, 1.4856732774766417, 1.73376530941254, 1.685741550942272, 1.253618038875439, 2.311949446893384, 1.6380399873513158, 1.3959569054747503, 1.2393382043435626, 1.1211183081152438, 2.0513310263772944, 1.6631318794611212, 1.4232282163891439, 1.8380956335920968, 1.3872489346051036, 1.6561677513070265, 1.6144621611323926, 1.0317428328406542, 1.0746030690953672, 1.8475884084340264, 1.886655556614438, 2.4304257008542574, 2.588120951624445, 2.454622870966937, 1.6830761137631702, 2.313875793081061, 1.7904043092926927, 1.704914941221748, 1.2050247314313776, 1.0469536114812026, 1.4003804642735038, 1.4123150183405475, 1.344015497021953, 2.0407812694701115, 2.1301060031202943, 1.6361717840229877, 1.429694158526499, 1.7044315076718613, 1.7010100916900184, 1.482874667218164, 1.2881747264374763, 1.7597178242720681, 1.3908826769548564, 1.5962801656107817, 1.1248567089164332, 1.3155876470387125, 2.136124329040392, 1.676253354969187, 1.6442739032810094]
# actual:
[1.294466226, 2.886547123, 1.907411361, 1.227886705, 1.774516966, 1.769377326, 0.30102999600000002, 0.87506126299999998, 0.61278385700000004, 1.59439255, 3.298044843, 1.193124598, 1.72427587, 1.489958479, 0.79934054899999996, 1.434568904, 1.812913357, 1.555094449, 0.49136169400000007, 3.238773502, 1.600972896, 1.206825876, 0.70757017600000005, 0.0, 2.454997217, 1.784617293, 1.271841607, 1.797267541, 1.238046103, 1.309630167, 1.59439255, 0.0, 0.30102999600000002, 1.588831726, 1.913813852, 2.420120848, 3.298044843, 3.19119942, 1.779596491, 3.113843119, 2.061829307, 1.675778342, 0.70757017600000005, 0.0, 1.127104798, 1.120573931, 0.99122607600000001, 2.058805487, 2.033825694, 1.537819095, 1.394451681, 1.729974286, 1.439332694, 1.376576957, 0.98677173399999996, 1.682145076, 1.037426498, 0.71600334399999999, 0.61278385700000004, 0.30102999600000002, 3.383743576, 2.45909079, 2.314709693]
# fold = 3
# threshold = 1.87490591705
# requested specificity = 0.9
# actual training-set specificity = 0.882352941176
# tpos = 0
# tneg = 12
# fpos = 3
# fneg = 1
# raw predictions:
[2.1068200005215534, 1.6445036548836736, 1.687614993963437, 1.590384649251128, 1.4881808984013194, 1.5762835404987827, 1.4637446303743305, 1.5092714694862106, 2.227004424867806, 1.5035648541407727, 1.6100159431059729, 1.3336351520729024, 2.0349784017308234, 1.7478121558725202, 1.7045918885604987, 1.66517289434226]
# truth:
array('d', [1.769377326, 1.555094449, 0.70757017600000005, 0.0, 1.271841607, 1.59439255, 0.70757017600000005, 0.99122607600000001, 2.033825694, 1.394451681, 1.729974286, 1.376576957, 1.682145076, 1.037426498, 0.30102999600000002, 3.383743576])
# fitted:
[1.0415331051935375, 2.1331576471268616, 2.371958525653697, 1.6437117342732308, 1.555041240975232, 1.717561053655563, 1.02381458988931, 1.3544060094591532, 1.1637664949782107, 1.2397431843518798, 1.4327362837337043, 2.368139938341625, 2.1184119876970366, 2.2573664704537286, 1.4892938945833878, 1.6602227164128416, 1.6772444053384892, 1.227609729823507, 1.5258889773513942, 1.7499210570903376, 1.598206357097453, 1.2249911291738276, 2.4260116754724286, 1.6452394294564572, 1.5554022131887082, 2.2230729014907866, 1.6808916720443137, 1.7747685339771002, 1.3997291586352827, 1.7513794790183925, 1.3900382622224035, 0.84239252276351684, 1.0363076713877697, 1.9884727950694312, 1.8749059170471967, 2.492561454564118, 2.590761534481044, 2.413125458519361, 1.6503312516093103, 2.3635251100986516, 1.8600797756802736, 1.644274875908519, 0.95354030776670329, 1.291945133998605, 1.3716345844144822, 1.4128590966071217, 2.0313818463198747, 1.5417130893969255, 0.88993170129659049, 1.493305131074311, 1.4087120400072117, 1.7790458946683303, 1.28319871202252, 1.8030281946248776, 1.9262022759368593, 1.4449909400416827, 1.9300345469384335, 1.5490971055618301, 0.97057105092217055, 1.6469879850113425, 1.8674485297540575, 1.7779469536553947]
# actual:
[0.47712125500000002, 1.294466226, 2.886547123, 1.907411361, 1.227886705, 1.774516966, 0.30102999600000002, 0.87506126299999998, 0.61278385700000004, 0.61278385700000004, 1.59439255, 3.298044843, 2.495544338, 2.561816664, 1.193124598, 1.72427587, 1.489958479, 0.79934054899999996, 1.434568904, 1.812913357, 1.589949601, 0.49136169400000007, 3.238773502, 1.600972896, 1.206825876, 2.454997217, 1.784617293, 1.797267541, 1.238046103, 1.309630167, 1.334453751, 0.0, 0.30102999600000002, 1.588831726, 1.913813852, 2.420120848, 3.298044843, 3.19119942, 1.779596491, 3.113843119, 2.061829307, 1.675778342, 0.0, 1.127104798, 1.320146286, 1.120573931, 2.058805487, 1.537819095, 0.0, 1.465382851, 1.190331698, 1.439332694, 0.98677173399999996, 2.197556213, 2.08278537, 1.025305865, 2.208441356, 0.71600334399999999, 0.61278385700000004, 1.607455023, 2.45909079, 2.314709693]
# fold = 4
# threshold = 1.91008432601
# requested specificity = 0.9
# actual training-set specificity = 0.882352941176
# tpos = 0
# tneg = 12
# fpos = 3
# fneg = 0
# raw predictions:
[1.673089642073468, 1.2309437883969894, 1.6007613604324404, 1.5329048850176856, 1.6004571867244957, 1.4875344791482617, 1.396140601425226, 1.10851917629499, 1.9705552965111148, 1.6316115012374721, 1.3703590208089556, 2.0106204780902703, 1.4210035147148359, 2.1699407984954493, 1.315421159584575]
# truth:
array('d', [1.774516966, 1.59439255, 1.72427587, 1.812913357, 0.49136169400000002, 1.206825876, 1.238046103, 0.0, 1.588831726, 1.675778342, 1.127104798, 2.058805487, 0.98677173399999996, 0.71600334399999999, 2.314709693])
# fitted:
[1.1580515952767583, 2.11292805172395, 2.4135646010293867, 1.5444573026510167, 1.5927400610548645, 2.0957770872939907, 1.1427347320482946, 1.4601933468437072, 1.2294976846634096, 1.236945170395162, 2.4554852233018964, 2.176167252415063, 2.176381397861986, 1.426398811859141, 1.6630324869808797, 1.2201902206791058, 1.547825420574085, 1.7009766077011779, 1.7437969375668578, 2.361582747665849, 1.6395515248714951, 1.2304213091629903, 1.0967397788751023, 2.244214617134308, 1.659319896696307, 1.392324144928093, 1.8808934719474852, 1.7373095741739162, 1.6110357200915821, 1.3769926594548263, 1.163278668033947, 1.9440286975779155, 2.5239759387903, 2.611682257841531, 2.4757654163451903, 1.658653939356486, 2.324395086769416, 1.714067929733373, 1.1411407100451836, 1.0343263818066506, 1.4315153686091482, 1.4186108211644861, 1.2955792424337236, 2.2171170121774297, 1.6001250017740067, 1.0458545564432265, 1.5174356615913107, 1.4342944767303252, 1.7556686897265166, 1.4297682245192316, 1.7899069864827384, 1.518103396182422, 1.7681393582471414, 1.9100843260089315, 1.9153430326651022, 1.3809189921201734, 1.8219848782812058, 1.4684187396614687, 1.0873517590533077, 1.6513289572282142, 1.293012438587108, 2.168195645007408, 1.700487368304194]
# actual:
[0.47712125500000002, 1.294466226, 2.886547123, 1.907411361, 1.227886705, 1.769377326, 0.30102999600000002, 0.87506126299999998, 0.61278385700000004, 0.61278385700000004, 3.298044843, 2.495544338, 2.561816664, 1.193124598, 1.489958479, 0.79934054899999996, 1.434568904, 1.555094449, 1.589949601, 3.238773502, 1.600972896, 0.70757017600000005, 0.0, 2.454997217, 1.784617293, 1.271841607, 1.797267541, 1.309630167, 1.59439255, 1.334453751, 0.30102999600000002, 1.913813852, 2.420120848, 3.298044843, 3.19119942, 1.779596491, 3.113843119, 2.061829307, 0.70757017600000005, 0.0, 1.320146286, 1.120573931, 0.99122607600000001, 2.033825694, 1.537819095, 0.0, 1.465382851, 1.394451681, 1.729974286, 1.190331698, 1.439332694, 1.376576957, 2.197556213, 2.08278537, 1.682145076, 1.025305865, 2.208441356, 1.037426498, 0.61278385700000004, 1.607455023, 0.30102999600000002, 3.383743576, 2.45909079]
# fold = 5
# threshold = 1.75895537899
# requested specificity = 0.9
# actual training-set specificity = 0.890909090909
# tpos = 3
# tneg = 8
# fpos = 3
# fneg = 1
# raw predictions:
[1.4453765324933552, 1.6275911011847317, 1.7851263437123919, 1.4837490049170958, 1.8553979810968122, 1.8268114373092994, 1.7844789741352511, 1.9665243197147422, 1.4911986611143375, 1.4463274536467548, 1.4265216470501498, 1.5808485570843076, 1.8558939876514635, 1.3241998585633699, 1.3555017408039651]
# truth:
array('d', [1.907411361, 1.227886705, 0.87506126299999998, 0.61278385700000004, 3.298044843, 3.238773502, 1.309630167, 3.298044843, 1.779596491, 2.061829307, 0.0, 1.537819095, 1.439332694, 0.61278385700000004, 2.45909079])
# fitted:
[1.3331573765426488, 1.7973535948052137, 1.943019006360273, 1.7148905303298099, 1.8693141629946224, 1.3191903644406162, 1.3856894401327569, 1.4924553105005338, 1.8831139952355427, 1.928219536417707, 1.5011543052505614, 1.6187585339494404, 1.5159600219574625, 1.3165488122541666, 1.5253491584064638, 1.6049045534484832, 1.6140389759899378, 1.655873124069609, 1.3416362294077842, 1.5633145913875444, 1.4039022345813446, 1.3237130731320705, 1.291077477560811, 1.9397066798432892, 1.5510482231383211, 1.4463983297784064, 1.758955378989143, 1.4683588891404662, 1.5577731244593387, 1.4556333024776818, 1.1913769459418038, 1.2662794192053437, 1.7231405250906693, 1.747673131889862, 2.041564080018897, 2.0373276607188515, 1.954664255900914, 1.602609446276477, 1.3173716273462264, 1.4187641185114506, 1.4246084169099647, 1.46522338210637, 1.3255575758907086, 1.868796293541134, 1.9334316817203006, 1.2551411457422537, 1.5249235092342564, 1.4695719424731562, 1.7360744837256679, 1.4863071042425926, 1.5276968845790013, 1.4142317464253178, 1.7500623619534614, 1.8280045877625484, 1.7486206894057972, 1.4169655191599073, 1.7049284225217853, 1.3839675464902803, 1.626304694089203, 1.621828794082594, 1.3290636137568532, 1.791273593560152, 1.5360826112952009]
# actual:
[0.47712125500000002, 1.294466226, 2.886547123, 1.774516966, 1.769377326, 0.30102999600000002, 0.61278385700000004, 1.59439255, 2.495544338, 2.561816664, 1.193124598, 1.72427587, 1.489958479, 0.79934054899999996, 1.434568904, 1.812913357, 1.555094449, 1.589949601, 0.49136169400000007, 1.600972896, 1.206825876, 0.70757017600000005, 0.0, 2.454997217, 1.784617293, 1.271841607, 1.797267541, 1.238046103, 1.59439255, 1.334453751, 0.0, 0.30102999600000002, 1.588831726, 1.913813852, 2.420120848, 3.19119942, 3.113843119, 1.675778342, 0.70757017600000005, 1.127104798, 1.320146286, 1.120573931, 0.99122607600000001, 2.058805487, 2.033825694, 0.0, 1.465382851, 1.394451681, 1.729974286, 1.190331698, 1.376576957, 0.98677173399999996, 2.197556213, 2.08278537, 1.682145076, 1.025305865, 2.208441356, 1.037426498, 0.71600334399999999, 1.607455023, 0.30102999600000002, 3.383743576, 2.314709693]
# Area under ROC curve = 0.810606060606
# aggregate.tpos = 8
# aggregate.tneg = 56
# aggregate.fpos = 10
# aggregate.fneg = 4
# Site = pointlakeshore
# Method = gbm-weighted
# fold = 1
# threshold = 1.80824219714
# requested specificity = 0.9
# actual training-set specificity = 0.888888888889
# tpos = 4
# tneg = 11
# fpos = 1
# fneg = 1
# raw predictions:
[2.043330306956367, 1.9693665355922438, 1.5493396548148137, 1.5731045251948692, 1.7145337301799781, 1.3917372441760993, 1.5154576369204091, 1.5919024948863692, 1.9020405509304281, 1.5131284473187092, 1.7698081398266767, 1.5651545609124473, 1.5417291793845749, 2.038719626932332, 1.8110781237844094, 1.805507033375598, 1.5733786897589743]
# truth:
array('d', [1.294466226, 2.886547123, 0.30102999600000002, 1.193124598, 1.489958479, 0.79934054899999996, 1.434568904, 1.600972896, 2.454997217, 1.784617293, 1.797267541, 0.30102999600000002, 1.913813852, 2.420120848, 3.19119942, 3.113843119, 1.120573931])
# fitted:
[1.3339838593562596, 1.6159581297793761, 1.5800811929728438, 1.7324263764399408, 1.9494445450760305, 1.4306291876169472, 1.349334141644158, 1.3470969395432952, 1.42027330264643, 2.1161581664555293, 1.9605293415167566, 1.986713348814543, 1.6219769820489753, 1.691907676270265, 1.6199586925328455, 1.6221454002329308, 1.3499610831266087, 2.041794853652098, 1.4862842602178332, 1.357743834302998, 1.2861691336523704, 1.4289633284650083, 1.463233488978882, 1.647700823635951, 1.6049165774827079, 1.4463176844436296, 1.2431170594398009, 1.7763616828261817, 2.13777019736553, 1.5992355609714233, 1.6624106611546996, 1.751036314228112, 1.3649578646614737, 1.2232126712399793, 1.5093130828658208, 1.454143796661794, 1.3879867622399387, 1.9686185531746339, 2.009115365777437, 1.6304462858020254, 1.2109309748622363, 1.5193211448449973, 1.5035392237512404, 1.8082421971418683, 1.4945037231147904, 1.7290409529385444, 1.5472451426417315, 1.433801440557135, 1.7510011389327327, 1.8000375260560195, 1.8747867697402885, 1.4562741691529337, 1.8785031916838095, 1.6472640841193447, 1.650986880237379, 1.2298821048088695, 1.5936301006313227, 1.4220263536033448, 1.9028707411927257, 1.7432304497359117, 1.634318332950819]
# actual:
[0.47712125500000002, 1.907411361, 1.227886705, 1.774516966, 1.769377326, 0.87506126299999998, 0.61278385700000004, 0.61278385700000004, 1.59439255, 3.298044843, 2.495544338, 2.561816664, 1.72427587, 1.812913357, 1.555094449, 1.589949601, 0.49136169400000007, 3.238773502, 1.206825876, 0.70757017600000005, 0.0, 1.271841607, 1.238046103, 1.309630167, 1.59439255, 1.334453751, 0.0, 1.588831726, 3.298044843, 1.779596491, 2.061829307, 1.675778342, 0.70757017600000005, 0.0, 1.127104798, 1.320146286, 0.99122607600000001, 2.058805487, 2.033825694, 1.537819095, 0.0, 1.465382851, 1.394451681, 1.729974286, 1.190331698, 1.439332694, 1.376576957, 0.98677173399999996, 2.197556213, 2.08278537, 1.682145076, 1.025305865, 2.208441356, 1.037426498, 0.71600334399999999, 0.61278385700000004, 1.607455023, 0.30102999600000002, 3.383743576, 2.45909079, 2.314709693]
# fold = 2
# threshold = 1.85930022530
# requested specificity = 0.9
# actual training-set specificity = 0.88679245283
# tpos = 0
# tneg = 13
# fpos = 0
# fneg = 2
# raw predictions:
[1.5240905832698044, 1.510491641880525, 1.7242287697141467, 1.782477386053758, 1.7401471385651122, 1.3316559198836593, 1.4132343655332016, 1.2804534251387143, 1.428698218095724, 1.4819637835253285, 1.4991787344116063, 1.7112988807154104, 1.4778403235083075, 1.428607056911961, 1.555972478063243]
# truth:
array('d', [0.47712125500000002, 0.61278385700000004, 2.495544338, 2.561816664, 1.589949601, 1.334453751, 1.320146286, 0.0, 1.465382851, 1.190331698, 2.197556213, 2.08278537, 1.025305865, 2.208441356, 1.607455023])
# fitted:
[2.0837201088097688, 2.3199410979615918, 1.6666303222618206, 1.6283113752088405, 1.8050032856419218, 1.9839971437669406, 1.2588362834516464, 1.4145613049637311, 1.234083425920188, 1.4528688296957129, 2.2808739321272786, 1.5059123824494416, 1.7421089868570028, 1.6510402823652772, 1.2962395285855617, 1.4879587537714294, 1.729607028319025, 1.6889641512253317, 1.2881361143769152, 2.2908045977605735, 1.6442023180210377, 1.4219870550048535, 1.271212125534933, 1.149765387844877, 2.0409515207572797, 1.6658106092702807, 1.4447295997739875, 1.8416249691941646, 1.4069100209175873, 1.6683133435115491, 1.6166484041278328, 1.0818616730019572, 1.1241044592369083, 1.8593002253036735, 1.8793463231938914, 2.397442516447265, 2.543441887719444, 2.410339324231219, 1.6870954544126402, 2.282030830500114, 1.7929860977758751, 1.710279021601714, 1.2333387637662814, 1.0823863573746961, 1.4198716204707023, 1.4298315588435506, 1.3733495068448318, 2.030557585411097, 2.120356568958219, 1.6401527608032531, 1.4414717550533578, 1.7084217457851194, 1.7282705528048161, 1.496360104104336, 1.3107058610751574, 1.77377830353972, 1.4253424898250218, 1.621150811211025, 1.1680675793685782, 1.3562297703431776, 2.108427254772066, 1.6903156463681193, 1.6476628181335575]
# actual:
[1.294466226, 2.886547123, 1.907411361, 1.227886705, 1.774516966, 1.769377326, 0.30102999600000002, 0.87506126299999998, 0.61278385700000004, 1.59439255, 3.298044843, 1.193124598, 1.72427587, 1.489958479, 0.79934054899999996, 1.434568904, 1.812913357, 1.555094449, 0.49136169400000007, 3.238773502, 1.600972896, 1.206825876, 0.70757017600000005, 0.0, 2.454997217, 1.784617293, 1.271841607, 1.797267541, 1.238046103, 1.309630167, 1.59439255, 0.0, 0.30102999600000002, 1.588831726, 1.913813852, 2.420120848, 3.298044843, 3.19119942, 1.779596491, 3.113843119, 2.061829307, 1.675778342, 0.70757017600000005, 0.0, 1.127104798, 1.120573931, 0.99122607600000001, 2.058805487, 2.033825694, 1.537819095, 1.394451681, 1.729974286, 1.439332694, 1.376576957, 0.98677173399999996, 1.682145076, 1.037426498, 0.71600334399999999, 0.61278385700000004, 0.30102999600000002, 3.383743576, 2.45909079, 2.314709693]
# fold = 3
# threshold = 1.86949318320
# requested specificity = 0.9
# actual training-set specificity = 0.882352941176
# tpos = 0
# tneg = 12
# fpos = 3
# fneg = 1
# raw predictions:
[2.105024187128802, 1.6476844704357785, 1.6894078180577916, 1.5944718250938272, 1.4836358107621326, 1.5745838166976354, 1.459080957466343, 1.503046550702046, 2.2168879878424117, 1.4937392072489633, 1.60727779942025, 1.349619989433462, 2.0255497612066113, 1.746901035695828, 1.6903655896383387, 1.6528948640824688]
# truth:
array('d', [1.769377326, 1.555094449, 0.70757017600000005, 0.0, 1.271841607, 1.59439255, 0.70757017600000005, 0.99122607600000001, 2.033825694, 1.394451681, 1.729974286, 1.376576957, 1.682145076, 1.037426498, 0.30102999600000002, 3.383743576])
# fitted:
[1.0662825489065855, 2.130313644346915, 2.3544664898106498, 1.6330184467546272, 1.55265351647022, 1.707271058234435, 1.0473478026831915, 1.3686664059361042, 1.1766956140717733, 1.2579461007843873, 1.437075582115058, 2.3609679728673436, 2.1087252663841767, 2.251214778918286, 1.497384975146796, 1.6521038885509005, 1.6724042924282911, 1.235451492118076, 1.5307327437336902, 1.7478152395126638, 1.6028437727406784, 1.2426273141063642, 2.413926120114443, 1.649101871936455, 1.5611762509926097, 2.212298469680119, 1.6826881565283174, 1.7719699187851052, 1.3967563493781319, 1.7570529485392634, 1.3970820435178077, 0.85483198263629279, 1.0452679660940611, 1.9767119780625144, 1.869493183202253, 2.4878363809272814, 2.582846745840644, 2.406530516500472, 1.6510311377204268, 2.353713771149959, 1.8562801117709382, 1.6437436722224048, 0.9701957116463712, 1.2991575163488354, 1.375893590683507, 1.4171762867245623, 2.0281744200324088, 1.5497848319146546, 0.90712325672941252, 1.4925884841039252, 1.4073816381922752, 1.7919875622518675, 1.2937156328530963, 1.8049337627678495, 1.9282534187260934, 1.4585263437779523, 1.9297251421281974, 1.5565923539684086, 0.97099219528033076, 1.6498956171273698, 1.87021556644721, 1.777315876403958]
# actual:
[0.47712125500000002, 1.294466226, 2.886547123, 1.907411361, 1.227886705, 1.774516966, 0.30102999600000002, 0.87506126299999998, 0.61278385700000004, 0.61278385700000004, 1.59439255, 3.298044843, 2.495544338, 2.561816664, 1.193124598, 1.72427587, 1.489958479, 0.79934054899999996, 1.434568904, 1.812913357, 1.589949601, 0.49136169400000007, 3.238773502, 1.600972896, 1.206825876, 2.454997217, 1.784617293, 1.797267541, 1.238046103, 1.309630167, 1.334453751, 0.0, 0.30102999600000002, 1.588831726, 1.913813852, 2.420120848, 3.298044843, 3.19119942, 1.779596491, 3.113843119, 2.061829307, 1.675778342, 0.0, 1.127104798, 1.320146286, 1.120573931, 2.058805487, 1.537819095, 0.0, 1.465382851, 1.190331698, 1.439332694, 0.98677173399999996, 2.197556213, 2.08278537, 1.025305865, 2.208441356, 0.71600334399999999, 0.61278385700000004, 1.607455023, 2.45909079, 2.314709693]
# fold = 4
# threshold = 1.91015844951
# requested specificity = 0.9
# actual training-set specificity = 0.882352941176
# tpos = 0
# tneg = 12
# fpos = 3
# fneg = 0
# raw predictions:
[1.6727402813398886, 1.23705995066876, 1.5927269630046126, 1.5457276782202196, 1.5922259682802844, 1.500212289583445, 1.3955746381263579, 1.103147474112993, 1.9547682477857715, 1.6315065412610585, 1.3597748831928038, 2.009762081515191, 1.4187961672596359, 2.1715261867803752, 1.309985095835317]
# truth:
array('d', [1.774516966, 1.59439255, 1.72427587, 1.812913357, 0.49136169400000002, 1.206825876, 1.238046103, 0.0, 1.588831726, 1.675778342, 1.127104798, 2.058805487, 0.98677173399999996, 0.71600334399999999, 2.314709693])
# fitted:
[1.1631291113589997, 2.1059039020718986, 2.410164331290818, 1.5499019936714764, 1.5947875152398328, 2.0947431373267498, 1.1464101612150648, 1.4622820578516065, 1.2209346942393404, 1.2337581417514736, 2.455251079625113, 2.1666490516066133, 2.189636524342243, 1.4205688679986657, 1.6673115388623918, 1.217454986687346, 1.5436325445338706, 1.69632315105461, 1.7387553932041617, 2.34668919584585, 1.6373452434977809, 1.2396275313337992, 1.0973406873080394, 2.2428592200192106, 1.6611845201192588, 1.3896881404156358, 1.8732916627934422, 1.7271382122831183, 1.6059673906259933, 1.377231698578755, 1.1545970567817576, 1.9419623941967352, 2.5267527240043375, 2.610139721336139, 2.472498037516219, 1.6667895721058543, 2.3161411987191376, 1.7299662511885263, 1.1438320857744435, 1.0324028570622597, 1.4282640744039592, 1.4207678832006294, 1.292672672864386, 2.2176263390938353, 1.598271270090782, 1.0351262414361462, 1.5180405653505402, 1.4333328550950395, 1.7520199500505065, 1.428147482347845, 1.7797591523693728, 1.513427710358656, 1.771764373866601, 1.9101584495148225, 1.9110809893437484, 1.3819729247246049, 1.8002978121377855, 1.467041572808281, 1.090663423118774, 1.6511072638578546, 1.2991513653589948, 2.1695811438384056, 1.7015557869714844]
# actual:
[0.47712125500000002, 1.294466226, 2.886547123, 1.907411361, 1.227886705, 1.769377326, 0.30102999600000002, 0.87506126299999998, 0.61278385700000004, 0.61278385700000004, 3.298044843, 2.495544338, 2.561816664, 1.193124598, 1.489958479, 0.79934054899999996, 1.434568904, 1.555094449, 1.589949601, 3.238773502, 1.600972896, 0.70757017600000005, 0.0, 2.454997217, 1.784617293, 1.271841607, 1.797267541, 1.309630167, 1.59439255, 1.334453751, 0.30102999600000002, 1.913813852, 2.420120848, 3.298044843, 3.19119942, 1.779596491, 3.113843119, 2.061829307, 0.70757017600000005, 0.0, 1.320146286, 1.120573931, 0.99122607600000001, 2.033825694, 1.537819095, 0.0, 1.465382851, 1.394451681, 1.729974286, 1.190331698, 1.439332694, 1.376576957, 2.197556213, 2.08278537, 1.682145076, 1.025305865, 2.208441356, 1.037426498, 0.61278385700000004, 1.607455023, 0.30102999600000002, 3.383743576, 2.45909079]
# fold = 5
# threshold = 1.77707730021
# requested specificity = 0.9
# actual training-set specificity = 0.890909090909
# tpos = 3
# tneg = 8
# fpos = 3
# fneg = 1
# raw predictions:
[1.4456444729662217, 1.629928127391406, 1.7938835197354206, 1.4771309942521687, 1.8615959527116281, 1.8391600199681581, 1.7985433515780278, 1.9751776266470607, 1.4816824297103381, 1.4406581432272434, 1.4176949117618152, 1.5746437130204243, 1.8758788235738981, 1.2937996041223894, 1.3293132386359012]
# truth:
array('d', [1.907411361, 1.227886705, 0.87506126299999998, 0.61278385700000004, 3.298044843, 3.238773502, 1.309630167, 3.298044843, 1.779596491, 2.061829307, 0.0, 1.537819095, 1.439332694, 0.61278385700000004, 2.45909079])
# fitted:
[1.3107295243444574, 1.7957445241539918, 1.9606495514108444, 1.7194003030114933, 1.8834136363196057, 1.3033099184557502, 1.3709784960451859, 1.4864463155533711, 1.8926056525954258, 1.9487528032496708, 1.4921523428830905, 1.6197777292407132, 1.5087410736773022, 1.30550176163997, 1.515039007272427, 1.6103532769863374, 1.607603861849802, 1.6537489862531385, 1.3306591910331869, 1.5586267031715548, 1.3937848553633645, 1.2968711902741716, 1.265529957030401, 1.961838585899389, 1.5535523877862123, 1.4413230925707958, 1.777077300207267, 1.463363223113103, 1.5559634348710791, 1.452283437129481, 1.153384192283085, 1.241398619185834, 1.7182102656490608, 1.7593162626889558, 2.0589380934287016, 2.06091403228796, 1.9741653652398372, 1.6029686125669238, 1.2989563364561245, 1.4114729714351977, 1.4139183910041067, 1.455011204627924, 1.3139200720837698, 1.8873952462343047, 1.9546927796928413, 1.2352518117075584, 1.522525354850891, 1.4650302505575683, 1.739178455199631, 1.476003763774381, 1.5242344553510585, 1.3964983797152197, 1.7534968147801142, 1.8365919447105776, 1.7471496210983635, 1.3952831358105282, 1.7078916073305244, 1.3677978610898383, 1.6207173972004016, 1.6255583567699903, 1.3179673498193003, 1.808551283409303, 1.529400688984159]
# actual:
[0.47712125500000002, 1.294466226, 2.886547123, 1.774516966, 1.769377326, 0.30102999600000002, 0.61278385700000004, 1.59439255, 2.495544338, 2.561816664, 1.193124598, 1.72427587, 1.489958479, 0.79934054899999996, 1.434568904, 1.812913357, 1.555094449, 1.589949601, 0.49136169400000007, 1.600972896, 1.206825876, 0.70757017600000005, 0.0, 2.454997217, 1.784617293, 1.271841607, 1.797267541, 1.238046103, 1.59439255, 1.334453751, 0.0, 0.30102999600000002, 1.588831726, 1.913813852, 2.420120848, 3.19119942, 3.113843119, 1.675778342, 0.70757017600000005, 1.127104798, 1.320146286, 1.120573931, 0.99122607600000001, 2.058805487, 2.033825694, 0.0, 1.465382851, 1.394451681, 1.729974286, 1.190331698, 1.376576957, 0.98677173399999996, 2.197556213, 2.08278537, 1.682145076, 1.025305865, 2.208441356, 1.037426498, 0.71600334399999999, 1.607455023, 0.30102999600000002, 3.383743576, 2.314709693]
# Area under ROC curve = 0.809343434343
# aggregate.tpos = 7
# aggregate.tneg = 56
# aggregate.fpos = 10
# aggregate.fneg = 5
# variables: logkrqmean12, logmrqmean6, manitowocrsumgdp2hrsqrt, beachsc, wvperpmean12, logmrqmean120, scperpmean6, mrqmin72, logmrqmean1, dirwvhperpmean6, dcparlmean24, airtempmean12hr, dcperpmean120, wndparlmean2, scperpmean2, dirwvhparlmean1, seawatertemp0stdev12hr, manitowocrsumgdp48hrsqrt, airtempmean72hr, krqmin6, logmrqmean12, wndparlmean6, krqmax24, airtempstdev120hr, airtempstdev24hr, logkrqmean48, wvperpmean1, wvparlmean24, dirwvhparlmean12, sig.waveheightmean12hr, krqmin2, wvperpmean24, scparlmean24, krqmin12, seawatertemp0mean24hr, dcparlmean48, seawatertemp0stdev48hr, mrqmin6, mrqmax24, logkrqmean24, krqmin48, wvparlmean1, dirwvhparlmean2, tribmolashcreektribturbidity, pointbeachessumgdp48hrsqrt, dcperpmean24, wvperpmean6, mrqmin2, dcperpmean48, logkrqmean6, krqmin1, cloudcovermean48hr, mrqmin12, manitowocrsumgdp6hrsqrt, airtempmean1hr, heightabovesealevelmin1hr, dirwvhparlmean6, wndparlmean1, mrqdifference6, dcparlmean12, dirwvhperpmean24, seawatertemp0mean2hr, wvperpmean2, mrqmin48, logmrqmean48, scparlmean48, scparlmean120, airtempstdev72hr, airtempstdev12hr, sig.waveheightmean1hr, mrqmin1, airtempmean24hr, krqdifference6, mrqmin120, seawatertemp0mean1hr, heightabovesealevelmean24hr, seawatertemp0mean12hr, scperpmean24, seawatertemp0mean48hr, seawatertemp0stdev72hr, scperpmean48, seawatertemp0stdev24hr, seawatertemp0stdev120hr, heightabovesealevelmin24hr, dirwvhperpmean1, wvparlmean12, cloudcovermean24hr, dcperpmean12, cloudcovermean1hr, scparlmean12, seawatertemp0mean120hr, wndparlmean12, pointbeachessumgdp24hrsqrt, dcparlmean1, scperpmean120, wndperpmean2, sig.waveheightmean6hr, manitowocrsumgdp24hrsqrt, airtempmean6hr, logmrqmean24, seawatertemp0mean72hr, wndperpmean6, manitowocrsumgdp12hrsqrt, dcparlmean72, wndperpmean12, krqmin24, manitowocrsumgdp1hrsqrt, airtempmean2hr, sig.waveheightmean2hr, airtempmean48hr, logbeachturbiditybeach, beachturbiditybeach, dcparlmean6, krqmin120, logkrqmean2, scperpmean12, heightabovesealevelmax1hr, heightabovesealevelmean1hr, dcperpmean1, airtempmean120hr, pointbeachessumgdp120hrsqrt, scparlmean1, cloudcovermean2hr, mrqmin24, manitowocrsumgdp72hrsqrt, dcparlmean2, pointbeachessumgdp6hrsqrt, heightabovesealeveldiff24hr, heightabovesealevelmax24hr, dcperpmean72, scparlmean72, manitowocrsumgdp120hrsqrt, logkrqmean72, airtempstdev6hr, cloudcovermean12hr, cloudcovermean6hr, airtempstdev48hr, logkrqmean1, pointbeachessumgdp72hrsqrt, wndparlmean24, wvparlmean6, dcperpmean6, wndperpmean1, scparlmean6, logkrqmean120, tribmolashcreektribsc, seawatertemp0stdev6hr, dirwvhparlmean24, scperpmean1, jday, krqmin72, pointbeachessumgdp12hrsqrt, logmrqmean2, wvparlmean2, wndperpmean24, dcperpmean2, scparlmean2, pointbeachessumgdp2hrsqrt, dirwvhperpmean12, sig.waveheightmean24hr, dcparlmean120, seawatertemp0mean6hr, logtribmolashcreektribturbidity, scperpmean72, pointbeachessumgdp1hrsqrt, dirwvhperpmean2, logmrqmean72
# decision threshold: 1.83775410437
