# Site = pointlakeshore
# Method = adalasso-weighted-select
# fold = 1
# threshold = 0.00238881946061
# requested specificity = 0
# actual training-set specificity = 0.0185185185185
# tpos = 0
# tneg = 12
# fpos = 0
# fneg = 5
# raw predictions:
[-0.75004414904855166, -0.96366080905062179, -1.7765043216052716, -3.641779548440922, -0.21780178652347812, -2.467587246931313, -5.529912545876125, -3.3877513459066484, -0.76035478698218051, -2.820683553977309, -0.059890478771969229, -1.7727271648308207, -4.049324765028862, -1.3304118763699175, -4.760304225385432, -5.316737884480756, -5.973648352472515]
# truth:
array('d', [1.294466226, 2.886547123, 0.30102999600000002, 1.193124598, 1.489958479, 0.79934054899999996, 1.434568904, 1.600972896, 2.454997217, 1.784617293, 1.797267541, 0.30102999600000002, 1.913813852, 2.420120848, 3.19119942, 3.113843119, 1.120573931])
# fitted:
[0.089399462673776131, 0.024380553404441365, 0.0055228861424887303, 0.033764289587001346, 0.39686572545933668, 0.0025754315806372201, 0.017696027464777445, 0.010758160166246021, 0.012289734609259653, 0.38057137317261253, 0.26589761071360291, 0.17583884222451629, 0.018945346416049367, 0.0045232302353934899, 0.0023888194606091684, 0.0025424409269815978, 0.0076569994505873481, 0.071248904243020134, 0.031886968974110398, 0.037288569753324612, 0.0040182595054541262, 0.06543227534614017, 0.0026565518779720419, 0.14177696083023872, 0.0034576061965276928, 0.0030957223632802574, 0.17335264079001156, 0.066346658364420844, 0.39445424970909726, 0.027511149425348359, 0.016309348791120271, 0.45774081704371034, 0.024203024130313486, 0.0514122824266472, 0.17871470836575598, 0.053072102791313719, 0.031517204299357379, 0.45667498079805524, 0.27668600174837277, 0.002474705672208203, 0.060597221240974122, 0.011076724553627666, 0.002775072646588534, 0.062512691782297139, 0.027496568914226437, 0.038428475695146895, 0.0108723516273313, 0.019684696257701941, 0.0029376047025606832, 0.048587810370654405, 0.30365472460502929, 0.035939698881275101, 0.44782625097547901, 0.48441565841733469, 0.37343002901418837, 0.045946182231793427, 0.0028965150336477796, 0.19391581645529032, 0.50546797613373629, 0.29413929034196606, 0.0044500129850426505]
# actual:
[0.0, 0.0, 0.0, 0.0, 0.0, 0.0, 0.0, 0.0, 0.0, 1.0, 1.0, 1.0, 0.0, 0.0, 0.0, 0.0, 0.0, 1.0, 0.0, 0.0, 0.0, 0.0, 0.0, 0.0, 0.0, 0.0, 0.0, 0.0, 1.0, 0.0, 0.0, 0.0, 0.0, 0.0, 0.0, 0.0, 0.0, 0.0, 0.0, 0.0, 0.0, 0.0, 0.0, 0.0, 0.0, 0.0, 0.0, 0.0, 0.0, 0.0, 0.0, 0.0, 0.0, 0.0, 0.0, 0.0, 0.0, 0.0, 1.0, 1.0, 0.0]
# fold = 2
# threshold = 0.0084585428165
# requested specificity = 0
# actual training-set specificity = 0.0188679245283
# tpos = 0
# tneg = 12
# fpos = 1
# fneg = 2
# raw predictions:
[-3.289496005116059, -2.882718502460986, -2.839381165909955, -1.8452603031345543, -2.9430199282334866, 0.3452752318367831, -2.0270931802320518, -1.9877775736434262, -2.8975152284029777, -2.4382501124696416, -2.1214888569762396, -2.4433588207137333, -2.1859992759425784, -1.9983742911377695, -0.83658291668949269]
# truth:
array('d', [0.47712125500000002, 0.61278385700000004, 2.495544338, 2.561816664, 1.589949601, 1.334453751, 1.320146286, 0.0, 1.465382851, 1.190331698, 2.197556213, 2.08278537, 1.025305865, 2.208441356, 1.607455023])
# fitted:
[0.037718958697066388, 0.79838804604595415, 0.045673254765094866, 0.20089472894029009, 0.074658693107733667, 0.11638753051017194, 0.74413110782992875, 0.10927626239061075, 0.04603810774568938, 0.060431936798418323, 0.13384865914035468, 0.50750572189615983, 0.093487105638853124, 0.079549106388554378, 0.061549697275942068, 0.043852934594802391, 0.06080439274674914, 0.099134091029727617, 0.10063875417280493, 0.07541056315798525, 0.021054394316006877, 0.059315384386398634, 0.094240365291018577, 0.050067447978449482, 0.09988649806674478, 0.084821756222680011, 0.057457334598526658, 0.0084585428164960907, 0.073531298951927102, 0.13790315810457227, 0.19124557142296289, 0.094240365291018577, 0.076162635907166334, 0.072779997736568208, 0.4796055964691967, 0.58795412834367211, 0.45498008303398807, 0.34111368882323606, 0.058943480447089615, 0.61145097622072897, 0.055232820993688099, 0.10777611945798443, 0.14194388100670441, 0.10702569536989021, 0.091980371876547284, 0.16801028197750104, 0.11862765505985684, 0.10026264554484998, 0.10439748539006669, 0.1995241244142337, 0.09612312550627243, 0.16479091041924424, 0.14523921976593474, 0.11189910318369815, 0.10214278103838209, 0.087082376041796611, 0.093487105638853124, 0.18392581469592606, 0.048232429105881651, 0.099134091029727617, 0.10477310102495478, 0.13937414149978272, 0.2844223626616495]
# actual:
[0.0, 1.0, 0.0, 0.0, 0.0, 0.0, 0.0, 0.0, 0.0, 0.0, 1.0, 0.0, 0.0, 0.0, 0.0, 0.0, 0.0, 0.0, 0.0, 1.0, 0.0, 0.0, 0.0, 0.0, 1.0, 0.0, 0.0, 0.0, 0.0, 0.0, 0.0, 0.0, 0.0, 0.0, 0.0, 1.0, 1.0, 1.0, 0.0, 1.0, 0.0, 0.0, 0.0, 0.0, 0.0, 0.0, 0.0, 0.0, 0.0, 0.0, 0.0, 0.0, 0.0, 0.0, 0.0, 0.0, 0.0, 0.0, 0.0, 0.0, 1.0, 1.0, 0.0]
# fold = 3
# threshold = 0.00076708186762
# requested specificity = 0
# actual training-set specificity = 0.0196078431373
# tpos = 0
# tneg = 14
# fpos = 1
# fneg = 1
# raw predictions:
[-0.97406766796762057, -3.3440232471479137, -6.75293197836495, -5.166894417776967, -5.021559993628279, -1.3749478132458028, -3.2786105146815303, -5.535697933528665, 0.40825310628539346, -4.086916899531591, -2.5530340613207767, -3.0951510724715234, -0.24177263921235787, -2.9275921993870613, -3.8055381868006415, -3.302199643616442]
# truth:
array('d', [1.769377326, 1.555094449, 0.70757017600000005, 0.0, 1.271841607, 1.59439255, 0.70757017600000005, 0.99122607600000001, 2.033825694, 1.394451681, 1.729974286, 1.376576957, 1.682145076, 1.037426498, 0.30102999600000002, 3.383743576])
# fitted:
[0.21606326960584882, 0.52768592817706872, 0.57122101924551938, 0.056970573213429986, 0.012619221277027496, 0.027580753460759378, 0.078178186118062279, 0.10630834381744374, 0.10403549127597486, 0.22478956935672567, 0.0071239443889733025, 0.35669702711832463, 0.56650362576934143, 0.16341718199275346, 0.055122666883180384, 0.045525985280849619, 0.014026101183581347, 0.024960198205862871, 0.01968486728313977, 0.017489767881976943, 0.061810412417112055, 0.055690494489414197, 0.53397857053354536, 0.2261698690170863, 0.00076708186761987197, 0.48248781950013769, 0.10217548426212934, 0.10179859539219872, 0.027540907028561087, 0.54344106099225653, 0.11953699973037871, 0.036018973190727166, 0.13305466053002216, 0.81081466946493963, 0.56868357317864926, 0.6469075828433033, 0.38899194278077964, 0.43194729226441264, 0.0057603094157852959, 0.47493808436907603, 0.023964614432663497, 0.093544380882598463, 0.003960429302323952, 0.12002566135970154, 0.016507130263043682, 0.071684991735989911, 0.19779480315373604, 0.077189034211588972, 0.023265888396897423, 0.18720241321007727, 0.02582923777569434, 0.35223783064653852, 0.0049820309184503324, 0.12811792899809199, 0.13780392552012863, 0.020676645093367807, 0.0075058508928414524, 0.42881815310289351, 0.053528462963317987, 0.050448409105461771, 0.021557016490009653, 0.0048370567453333048]
# actual:
[0.0, 0.0, 1.0, 0.0, 0.0, 0.0, 0.0, 0.0, 0.0, 0.0, 0.0, 1.0, 1.0, 1.0, 0.0, 0.0, 0.0, 0.0, 0.0, 0.0, 0.0, 0.0, 1.0, 0.0, 0.0, 1.0, 0.0, 0.0, 0.0, 0.0, 0.0, 0.0, 0.0, 0.0, 0.0, 1.0, 1.0, 1.0, 0.0, 1.0, 0.0, 0.0, 0.0, 0.0, 0.0, 0.0, 0.0, 0.0, 0.0, 0.0, 0.0, 0.0, 0.0, 0.0, 0.0, 0.0, 0.0, 0.0, 0.0, 0.0, 1.0, 0.0]
# Site = pointlakeshore
# Method = adalasso-weighted-select
# fold = 1
# threshold = 0.00238881946061
# requested specificity = 0
# actual training-set specificity = 0.0185185185185
# tpos = 0
# tneg = 12
# fpos = 0
# fneg = 5
# raw predictions:
[-0.75004414904855166, -0.96366080905062179, -1.7765043216052716, -3.641779548440922, -0.21780178652347812, -2.467587246931313, -5.529912545876125, -3.3877513459066484, -0.76035478698218051, -2.820683553977309, -0.059890478771969229, -1.7727271648308207, -4.049324765028862, -1.3304118763699175, -4.760304225385432, -5.316737884480756, -5.973648352472515]
# truth:
array('d', [1.294466226, 2.886547123, 0.30102999600000002, 1.193124598, 1.489958479, 0.79934054899999996, 1.434568904, 1.600972896, 2.454997217, 1.784617293, 1.797267541, 0.30102999600000002, 1.913813852, 2.420120848, 3.19119942, 3.113843119, 1.120573931])
# fitted:
[0.089399462673776131, 0.024380553404441365, 0.0055228861424887303, 0.033764289587001346, 0.39686572545933668, 0.0025754315806372201, 0.017696027464777445, 0.010758160166246021, 0.012289734609259653, 0.38057137317261253, 0.26589761071360291, 0.17583884222451629, 0.018945346416049367, 0.0045232302353934899, 0.0023888194606091684, 0.0025424409269815978, 0.0076569994505873481, 0.071248904243020134, 0.031886968974110398, 0.037288569753324612, 0.0040182595054541262, 0.06543227534614017, 0.0026565518779720419, 0.14177696083023872, 0.0034576061965276928, 0.0030957223632802574, 0.17335264079001156, 0.066346658364420844, 0.39445424970909726, 0.027511149425348359, 0.016309348791120271, 0.45774081704371034, 0.024203024130313486, 0.0514122824266472, 0.17871470836575598, 0.053072102791313719, 0.031517204299357379, 0.45667498079805524, 0.27668600174837277, 0.002474705672208203, 0.060597221240974122, 0.011076724553627666, 0.002775072646588534, 0.062512691782297139, 0.027496568914226437, 0.038428475695146895, 0.0108723516273313, 0.019684696257701941, 0.0029376047025606832, 0.048587810370654405, 0.30365472460502929, 0.035939698881275101, 0.44782625097547901, 0.48441565841733469, 0.37343002901418837, 0.045946182231793427, 0.0028965150336477796, 0.19391581645529032, 0.50546797613373629, 0.29413929034196606, 0.0044500129850426505]
# actual:
[0.0, 0.0, 0.0, 0.0, 0.0, 0.0, 0.0, 0.0, 0.0, 1.0, 1.0, 1.0, 0.0, 0.0, 0.0, 0.0, 0.0, 1.0, 0.0, 0.0, 0.0, 0.0, 0.0, 0.0, 0.0, 0.0, 0.0, 0.0, 1.0, 0.0, 0.0, 0.0, 0.0, 0.0, 0.0, 0.0, 0.0, 0.0, 0.0, 0.0, 0.0, 0.0, 0.0, 0.0, 0.0, 0.0, 0.0, 0.0, 0.0, 0.0, 0.0, 0.0, 0.0, 0.0, 0.0, 0.0, 0.0, 0.0, 1.0, 1.0, 0.0]
# fold = 2
# threshold = 0.0084585428165
# requested specificity = 0
# actual training-set specificity = 0.0188679245283
# tpos = 0
# tneg = 12
# fpos = 1
# fneg = 2
# raw predictions:
[-3.289496005116059, -2.882718502460986, -2.839381165909955, -1.8452603031345543, -2.9430199282334866, 0.3452752318367831, -2.0270931802320518, -1.9877775736434262, -2.8975152284029777, -2.4382501124696416, -2.1214888569762396, -2.4433588207137333, -2.1859992759425784, -1.9983742911377695, -0.83658291668949269]
# truth:
array('d', [0.47712125500000002, 0.61278385700000004, 2.495544338, 2.561816664, 1.589949601, 1.334453751, 1.320146286, 0.0, 1.465382851, 1.190331698, 2.197556213, 2.08278537, 1.025305865, 2.208441356, 1.607455023])
# fitted:
[0.037718958697066388, 0.79838804604595415, 0.045673254765094866, 0.20089472894029009, 0.074658693107733667, 0.11638753051017194, 0.74413110782992875, 0.10927626239061075, 0.04603810774568938, 0.060431936798418323, 0.13384865914035468, 0.50750572189615983, 0.093487105638853124, 0.079549106388554378, 0.061549697275942068, 0.043852934594802391, 0.06080439274674914, 0.099134091029727617, 0.10063875417280493, 0.07541056315798525, 0.021054394316006877, 0.059315384386398634, 0.094240365291018577, 0.050067447978449482, 0.09988649806674478, 0.084821756222680011, 0.057457334598526658, 0.0084585428164960907, 0.073531298951927102, 0.13790315810457227, 0.19124557142296289, 0.094240365291018577, 0.076162635907166334, 0.072779997736568208, 0.4796055964691967, 0.58795412834367211, 0.45498008303398807, 0.34111368882323606, 0.058943480447089615, 0.61145097622072897, 0.055232820993688099, 0.10777611945798443, 0.14194388100670441, 0.10702569536989021, 0.091980371876547284, 0.16801028197750104, 0.11862765505985684, 0.10026264554484998, 0.10439748539006669, 0.1995241244142337, 0.09612312550627243, 0.16479091041924424, 0.14523921976593474, 0.11189910318369815, 0.10214278103838209, 0.087082376041796611, 0.093487105638853124, 0.18392581469592606, 0.048232429105881651, 0.099134091029727617, 0.10477310102495478, 0.13937414149978272, 0.2844223626616495]
# actual:
[0.0, 1.0, 0.0, 0.0, 0.0, 0.0, 0.0, 0.0, 0.0, 0.0, 1.0, 0.0, 0.0, 0.0, 0.0, 0.0, 0.0, 0.0, 0.0, 1.0, 0.0, 0.0, 0.0, 0.0, 1.0, 0.0, 0.0, 0.0, 0.0, 0.0, 0.0, 0.0, 0.0, 0.0, 0.0, 1.0, 1.0, 1.0, 0.0, 1.0, 0.0, 0.0, 0.0, 0.0, 0.0, 0.0, 0.0, 0.0, 0.0, 0.0, 0.0, 0.0, 0.0, 0.0, 0.0, 0.0, 0.0, 0.0, 0.0, 0.0, 1.0, 1.0, 0.0]
# fold = 3
# threshold = 0.00076708186762
# requested specificity = 0
# actual training-set specificity = 0.0196078431373
# tpos = 0
# tneg = 14
# fpos = 1
# fneg = 1
# raw predictions:
[-0.97406766796762057, -3.3440232471479137, -6.75293197836495, -5.166894417776967, -5.021559993628279, -1.3749478132458028, -3.2786105146815303, -5.535697933528665, 0.40825310628539346, -4.086916899531591, -2.5530340613207767, -3.0951510724715234, -0.24177263921235787, -2.9275921993870613, -3.8055381868006415, -3.302199643616442]
# truth:
array('d', [1.769377326, 1.555094449, 0.70757017600000005, 0.0, 1.271841607, 1.59439255, 0.70757017600000005, 0.99122607600000001, 2.033825694, 1.394451681, 1.729974286, 1.376576957, 1.682145076, 1.037426498, 0.30102999600000002, 3.383743576])
# fitted:
[0.21606326960584882, 0.52768592817706872, 0.57122101924551938, 0.056970573213429986, 0.012619221277027496, 0.027580753460759378, 0.078178186118062279, 0.10630834381744374, 0.10403549127597486, 0.22478956935672567, 0.0071239443889733025, 0.35669702711832463, 0.56650362576934143, 0.16341718199275346, 0.055122666883180384, 0.045525985280849619, 0.014026101183581347, 0.024960198205862871, 0.01968486728313977, 0.017489767881976943, 0.061810412417112055, 0.055690494489414197, 0.53397857053354536, 0.2261698690170863, 0.00076708186761987197, 0.48248781950013769, 0.10217548426212934, 0.10179859539219872, 0.027540907028561087, 0.54344106099225653, 0.11953699973037871, 0.036018973190727166, 0.13305466053002216, 0.81081466946493963, 0.56868357317864926, 0.6469075828433033, 0.38899194278077964, 0.43194729226441264, 0.0057603094157852959, 0.47493808436907603, 0.023964614432663497, 0.093544380882598463, 0.003960429302323952, 0.12002566135970154, 0.016507130263043682, 0.071684991735989911, 0.19779480315373604, 0.077189034211588972, 0.023265888396897423, 0.18720241321007727, 0.02582923777569434, 0.35223783064653852, 0.0049820309184503324, 0.12811792899809199, 0.13780392552012863, 0.020676645093367807, 0.0075058508928414524, 0.42881815310289351, 0.053528462963317987, 0.050448409105461771, 0.021557016490009653, 0.0048370567453333048]
# actual:
[0.0, 0.0, 1.0, 0.0, 0.0, 0.0, 0.0, 0.0, 0.0, 0.0, 0.0, 1.0, 1.0, 1.0, 0.0, 0.0, 0.0, 0.0, 0.0, 0.0, 0.0, 0.0, 1.0, 0.0, 0.0, 1.0, 0.0, 0.0, 0.0, 0.0, 0.0, 0.0, 0.0, 0.0, 0.0, 1.0, 1.0, 1.0, 0.0, 1.0, 0.0, 0.0, 0.0, 0.0, 0.0, 0.0, 0.0, 0.0, 0.0, 0.0, 0.0, 0.0, 0.0, 0.0, 0.0, 0.0, 0.0, 0.0, 0.0, 0.0, 1.0, 0.0]
# fold = 4
# threshold = 0.00201900292276
# requested specificity = 0
# actual training-set specificity = 0.0196078431373
# tpos = 0
# tneg = 11
# fpos = 4
# fneg = 0
# raw predictions:
[6.762643613236364, -4.701856746243478, 2.490951896425816, -3.6823161312020294, -3.059541264547747, -7.02409038147043, -3.5414836116431543, -3.8547803549805666, 0.30626514284775264, -1.6745178062159207, -2.8083828527966013, -1.2240960812844983, -5.587148170329543, 0.29697598219940879, -5.100786970184788]
# truth:
array('d', [1.774516966, 1.59439255, 1.72427587, 1.812913357, 0.49136169400000002, 1.206825876, 1.238046103, 0.0, 1.588831726, 1.675778342, 1.127104798, 2.058805487, 0.98677173399999996, 0.71600334399999999, 2.314709693])
# fitted:
[0.12598642463249474, 0.35690642054498994, 0.45405620131846797, 0.057566166177194178, 0.52247153820839765, 0.3276465533882939, 0.096828487606529734, 0.14140486691571153, 0.082805717581132809, 0.14181220115099405, 0.84977969495068972, 0.58217095384715467, 0.21837013319174295, 0.037176249757760502, 0.017941820944390396, 0.019435804550735947, 0.01877513046907562, 0.13608554343222409, 0.051303517871856663, 0.38420557097902497, 0.14987510496785164, 0.0020190029227552283, 0.0080454947771633149, 0.49986519821839981, 0.077630498256553215, 0.0069360267408525257, 0.083659368089637767, 0.37590738013854996, 0.14351555478287251, 0.083611394120277613, 0.065300937001515, 0.38617075414414642, 0.99471636515828932, 0.95473982383202605, 0.96633961707236182, 0.0043587069033485274, 0.44910719553003225, 0.024344228708492326, 0.022384810555149192, 0.0035996183612223816, 0.0097596753006809686, 0.051797532788928763, 0.0033780111075875164, 0.58237386953486425, 0.0621219152419384, 0.014799831253516112, 0.10466891736678485, 0.021748328711618629, 0.061275746055464625, 0.043239603419169145, 0.34038564173232544, 0.027686869091814042, 0.063421242229663582, 0.11176139121045824, 0.26348906747911705, 0.013267268920317842, 0.0062635310942526822, 0.031792157479425522, 0.061870924770441295, 0.070691728772641918, 0.015008203017627999, 0.098783305357648746, 0.015559160291221527]
# actual:
[0.0, 0.0, 1.0, 0.0, 0.0, 0.0, 0.0, 0.0, 0.0, 0.0, 1.0, 1.0, 1.0, 0.0, 0.0, 0.0, 0.0, 0.0, 0.0, 1.0, 0.0, 0.0, 0.0, 1.0, 0.0, 0.0, 0.0, 0.0, 0.0, 0.0, 0.0, 0.0, 1.0, 1.0, 1.0, 0.0, 1.0, 0.0, 0.0, 0.0, 0.0, 0.0, 0.0, 0.0, 0.0, 0.0, 0.0, 0.0, 0.0, 0.0, 0.0, 0.0, 0.0, 0.0, 0.0, 0.0, 0.0, 0.0, 0.0, 0.0, 0.0, 1.0, 1.0]
# fold = 5
# threshold = 0.00310929447886
# requested specificity = 0
# actual training-set specificity = 0.0181818181818
# tpos = 1
# tneg = 11
# fpos = 0
# fneg = 3
# raw predictions:
[-5.158124621351083, -3.149475494941612, -1.9534848443194297, -2.899894193498736, -0.30761405259812913, 0.16430409776908403, -0.29481096002839952, -0.73777781491184879, -3.447021507877334, -5.829631113543997, -4.866391962860512, -2.2695039753615722, -1.362953946158897, -4.0145337616220536, -5.297234368689071]
# truth:
array('d', [1.907411361, 1.227886705, 0.87506126299999998, 0.61278385700000004, 3.298044843, 3.238773502, 1.309630167, 3.298044843, 1.779596491, 2.061829307, 0.0, 1.537819095, 1.439332694, 0.61278385700000004, 2.45909079])
# fitted:
[0.036349433652297675, 0.49977536746960249, 0.31813964446233406, 0.039729194706080877, 0.35363819032639116, 0.020289438700379428, 0.12840149687883701, 0.011694983646322538, 0.39612324004667704, 0.27745249432667424, 0.026758752710934006, 0.010459315693207126, 0.026960454048107249, 0.0079683637601528547, 0.034230584219495826, 0.010040315020596448, 0.039708095796849294, 0.12431095467233473, 0.06794669307973758, 0.046287542354952083, 0.0036356776585700769, 0.0031929531975205959, 0.032500329536888403, 0.27892344473663533, 0.0086679796586742099, 0.011467850114663098, 0.19011187120258283, 0.020621159978103508, 0.24913636148385437, 0.051252429387148433, 0.010578315610179481, 0.066862852820170932, 0.65403332574891115, 0.33241457259722623, 0.39375222488308365, 0.21380104940540326, 0.41077335672700677, 0.072636784281671654, 0.0074059087685206266, 0.022582800882280575, 0.0067889199804225886, 0.080748051574551255, 0.0074918176952710356, 0.28000535981213615, 0.53526306121518807, 0.048534083102477331, 0.069258876834850422, 0.016713559512427197, 0.078632915836274866, 0.021985444891094628, 0.0259365082224037, 0.010714823213280622, 0.12978007654861815, 0.15506879855457328, 0.46239064886040576, 0.00310929447885611, 0.037239250102457135, 0.027731866115560385, 0.34887796973005125, 0.031453851295015323, 0.012804033640636942, 0.08223529808632267, 0.016619687134375609]
# actual:
[0.0, 0.0, 1.0, 0.0, 0.0, 0.0, 0.0, 0.0, 1.0, 1.0, 0.0, 0.0, 0.0, 0.0, 0.0, 0.0, 0.0, 0.0, 0.0, 0.0, 0.0, 0.0, 0.0, 1.0, 0.0, 0.0, 0.0, 0.0, 0.0, 0.0, 0.0, 0.0, 0.0, 0.0, 1.0, 1.0, 1.0, 0.0, 0.0, 0.0, 0.0, 0.0, 0.0, 0.0, 0.0, 0.0, 0.0, 0.0, 0.0, 0.0, 0.0, 0.0, 0.0, 0.0, 0.0, 0.0, 0.0, 0.0, 0.0, 0.0, 0.0, 1.0, 0.0]
# Area under ROC curve = 0.0757575757576
# aggregate.tpos = 1
# aggregate.tneg = 60
# aggregate.fpos = 6
# aggregate.fneg = 11
# variables: wvperpmean12
# decision threshold: 0.373015283526
