['..\\bin', 'C:\\Condor\\execute\\dir_4424\\bin', 'C:\\Condor\\execute\\dir_4424\\bin\\IronPython 2.7\\Lib', 'C:\\Condor\\execute\\dir_4424\\bin\\IronPython 2.7\\DLLs', 'C:\\Condor\\execute\\dir_4424\\bin\\IronPython 2.7\\Lib\\site-packages', 'C:\\Condor\\execute\\dir_4424\\code', 'C:\\Condor\\execute\\dir_4424\\code', 'C:\\Condor\\execute\\dir_4424\\bin\\IronPython 2.7\\Lib', 'C:\\Condor\\execute\\dir_4424\\bin\\IronPython 2.7\\DLLs', 'C:\\Condor\\execute\\dir_4424\\bin\\IronPython 2.7', 'C:\\Condor\\execute\\dir_4424\\bin\\IronPython 2.7\\lib\\site-packages']
Loading required package: lars
Loaded lars 1.1


Attaching package: 'pls'

The following object(s) are masked from 'package:stats':

    loadings

Loading required package: survival
Loading required package: splines
Loading required package: lattice
Loaded gbm 1.6.3.2

This is mgcv 1.7-18. For overview type 'help("mgcv-package")'.
Loading required package: censReg
Loading required package: maxLik
Loading required package: miscTools
Loading required package: glmnet
Loading required package: Matrix
Loaded glmnet 1.7.4

Loading required package: spls
Loading required package: MASS
Loading required package: nnet
s: 10
m: 16
d: (758, 0)
mm: (47, 6)
locs: ['fisher']
tasks: ['adalasso-weighted-select']
seed: 0.105823167326
['fisher']
list: length: 79, values: [ 0  1  2  3  4  5  6  7  8  9 10 11 12 13 14 15 16 17 18 19 20 21 22 23 24
 25 26 27 28 29 30 31 32 33 34 35 36 37 38 39 40 41 42 43 44 45 46 47 48 49
 50 51 52 53 54 55 56 57 58 59 60 61 62 63 64 65 66 67 68 69 70 71 72 73 74
 75 76 77 78]
q: 0.8
position: 63.0
list: length: 79, values: [ 0  1  2  3  4  5  6  7  8  9 10 11 12 13 14 15 16 17 18 19 20 21 22 23 24
 25 26 27 28 29 30 31 32 33 34 35 36 37 38 39 40 41 42 43 44 45 46 47 48 49
 50 51 52 53 54 55 56 57 58 59 60 61 62 63 64 65 66 67 68 69 70 71 72 73 74
 75 76 77 78]
q: 0.6
position: 47.0
list: length: 79, values: [ 0  1  2  3  4  5  6  7  8  9 10 11 12 13 14 15 16 17 18 19 20 21 22 23 24
 25 26 27 28 29 30 31 32 33 34 35 36 37 38 39 40 41 42 43 44 45 46 47 48 49
 50 51 52 53 54 55 56 57 58 59 60 61 62 63 64 65 66 67 68 69 70 71 72 73 74
 75 76 77 78]
q: 0.4
position: 32.0
list: length: 79, values: [ 0  1  2  3  4  5  6  7  8  9 10 11 12 13 14 15 16 17 18 19 20 21 22 23 24
 25 26 27 28 29 30 31 32 33 34 35 36 37 38 39 40 41 42 43 44 45 46 47 48 49
 50 51 52 53 54 55 56 57 58 59 60 61 62 63 64 65 66 67 68 69 70 71 72 73 74
 75 76 77 78]
q: 0.2
position: 16.0
outer fold: 1
list: length: 62, values: [ 0  1  2  3  4  5  6  7  8  9 10 11 12 13 14 15 16 17 18 19 20 21 22 23 24
 25 26 27 28 29 30 31 32 33 34 35 36 37 38 39 40 41 42 43 44 45 46 47 48 49
 50 51 52 53 54 55 56 57 58 59 60 61]
q: 0.8
position: 49.0
list: length: 62, values: [ 0  1  2  3  4  5  6  7  8  9 10 11 12 13 14 15 16 17 18 19 20 21 22 23 24
 25 26 27 28 29 30 31 32 33 34 35 36 37 38 39 40 41 42 43 44 45 46 47 48 49
 50 51 52 53 54 55 56 57 58 59 60 61]
q: 0.6
position: 37.0
list: length: 62, values: [ 0  1  2  3  4  5  6  7  8  9 10 11 12 13 14 15 16 17 18 19 20 21 22 23 24
 25 26 27 28 29 30 31 32 33 34 35 36 37 38 39 40 41 42 43 44 45 46 47 48 49
 50 51 52 53 54 55 56 57 58 59 60 61]
q: 0.4
position: 25.0
list: length: 62, values: [ 0  1  2  3  4  5  6  7  8  9 10 11 12 13 14 15 16 17 18 19 20 21 22 23 24
 25 26 27 28 29 30 31 32 33 34 35 36 37 38 39 40 41 42 43 44 45 46 47 48 49
 50 51 52 53 54 55 56 57 58 59 60 61]
q: 0.2
position: 13.0
inner fold: 1.0
as.formula(obj='observation~ .')
adalasso(formula=r_6647077, family='binomial', verbose=TRUE, adapt=TRUE, overshrink=TRUE, selectvars=TRUE, weights=r_17079017, data=r_47003529)
[1] "family is binomial"
$`1`
NULL

[1] "lambda: 0.204432301530105, nonzero: 51"
predict.adalasso(obj=r_68407333, newx=r_94341056)
inner fold: 2.0
as.formula(obj='observation~ .')
adalasso(formula=r_76256722, family='binomial', verbose=TRUE, adapt=TRUE, overshrink=TRUE, selectvars=TRUE, weights=r_63978798, data=r_36577189)
[1] "family is binomial"
$`1`
NULL

[1] "lambda: 0.17269881330526, nonzero: 93"
predict.adalasso(obj=r_80050443, newx=r_17892375)
inner fold: 3.0
as.formula(obj='observation~ .')
adalasso(formula=r_36544962, family='binomial', verbose=TRUE, adapt=TRUE, overshrink=TRUE, selectvars=TRUE, weights=r_59701796, data=r_73418012)
[1] "family is binomial"
[1] 51
[1] "lambda: 0.138413811229348, nonzero: 51"
predict.adalasso(obj=r_073458986, newx=r_12231665)
inner fold: 4.0
as.formula(obj='observation~ .')
adalasso(formula=r_30230515, family='binomial', verbose=TRUE, adapt=TRUE, overshrink=TRUE, selectvars=TRUE, weights=r_020193343, data=r_71518790)
[1] "family is binomial"
$`1`
NULL

[1] "lambda: 0.211632098459312, nonzero: 51"
predict.adalasso(obj=r_37192492, newx=r_95831925)
inner fold: 5.0
as.formula(obj='observation~ .')
adalasso(formula=r_87735548, family='binomial', verbose=TRUE, adapt=TRUE, overshrink=TRUE, selectvars=TRUE, weights=r_77271819, data=r_66976658)
[1] "family is binomial"
$`1`
NULL

[1] "lambda: 0.140724835767172, nonzero: 93"
predict.adalasso(obj=r_39396573, newx=r_38971254)
as.formula(obj='observation~ .')
adalasso(formula=r_29193720, family='binomial', verbose=TRUE, adapt=TRUE, overshrink=TRUE, selectvars=TRUE, weights=r_26142887, data=r_24202175)
[1] "family is binomial"
$`1`
NULL

[1] "lambda: 0.186069650146209, nonzero: 51"
list: length: 55, values: [0.00191964077674 0.00253723881884 0.00468813726141 0.00478169541775
 0.00478169541775 0.00516603369798 0.00721490707037 0.00721490707037
 0.00757249685427 0.00806387956178 0.00896411454484 0.010056117727
 0.0116683141214 0.0139067116515 0.0147569759607 0.014930246195
 0.0154564960876 0.0165379895285 0.0172804746344 0.0178486245749
 0.0182327660395 0.0200146092833 0.0212508518206 0.0227419637567
 0.0247362357847 0.0275298044885 0.0302249916128 0.0302249916128
 0.0330479108097 0.033839840735 0.0349103754602 0.0382217545901
 0.0413875712333 0.0425694193491 0.0437674975585 0.048403533789
 0.0516183425329 0.0535942202838 0.0576502559749 0.0579944733791
 0.0698761956405 0.0748273636648 0.0759909479343 0.123568176475
 0.146381097334 0.185043879829 0.1882325078 0.192502192032 0.202179290284
 0.207593751081 0.213032760277 0.254393030155 0.263853295147 0.38026714324
 0.566428124737]
q: 0.02
position: 2.0
predict.adalasso(obj=r_8589792, newx=r_71697923)
outer fold: 2
list: length: 63, values: [ 0  1  2  3  4  5  6  7  8  9 10 11 12 13 14 15 16 17 18 19 20 21 22 23 24
 25 26 27 28 29 30 31 32 33 34 35 36 37 38 39 40 41 42 43 44 45 46 47 48 49
 50 51 52 53 54 55 56 57 58 59 60 61 62]
q: 0.8
position: 50.0
list: length: 63, values: [ 0  1  2  3  4  5  6  7  8  9 10 11 12 13 14 15 16 17 18 19 20 21 22 23 24
 25 26 27 28 29 30 31 32 33 34 35 36 37 38 39 40 41 42 43 44 45 46 47 48 49
 50 51 52 53 54 55 56 57 58 59 60 61 62]
q: 0.6
position: 38.0
list: length: 63, values: [ 0  1  2  3  4  5  6  7  8  9 10 11 12 13 14 15 16 17 18 19 20 21 22 23 24
 25 26 27 28 29 30 31 32 33 34 35 36 37 38 39 40 41 42 43 44 45 46 47 48 49
 50 51 52 53 54 55 56 57 58 59 60 61 62]
q: 0.4
position: 25.0
list: length: 63, values: [ 0  1  2  3  4  5  6  7  8  9 10 11 12 13 14 15 16 17 18 19 20 21 22 23 24
 25 26 27 28 29 30 31 32 33 34 35 36 37 38 39 40 41 42 43 44 45 46 47 48 49
 50 51 52 53 54 55 56 57 58 59 60 61 62]
q: 0.2
position: 13.0
inner fold: 1.0
as.formula(obj='observation~ .')
adalasso(formula=r_97767172, family='binomial', verbose=TRUE, adapt=TRUE, overshrink=TRUE, selectvars=TRUE, weights=r_5521690, data=r_53184790)
[1] "family is binomial"
[1] 121
[1] "lambda: 0.141981574068947, nonzero: 121"
predict.adalasso(obj=r_43934628, newx=r_12994294)
inner fold: 2.0
as.formula(obj='observation~ .')
adalasso(formula=r_50698577, family='binomial', verbose=TRUE, adapt=TRUE, overshrink=TRUE, selectvars=TRUE, weights=r_29439179, data=r_044958365)
[1] "family is binomial"
[1] 39 51
[1] "lambda: 0.0921840255097097, nonzero: 39,51"
predict.adalasso(obj=r_16009301, newx=r_30510022)
inner fold: 3.0
as.formula(obj='observation~ .')
adalasso(formula=r_75162627, family='binomial', verbose=TRUE, adapt=TRUE, overshrink=TRUE, selectvars=TRUE, weights=r_27717978, data=r_36098096)
[1] "family is binomial"
$`1`
NULL

[1] "lambda: 0.162881539203875, nonzero: 51,121"
predict.adalasso(obj=r_91468305, newx=r_72531984)
inner fold: 4.0
as.formula(obj='observation~ .')
adalasso(formula=r_50248717, family='binomial', verbose=TRUE, adapt=TRUE, overshrink=TRUE, selectvars=TRUE, weights=r_76005800, data=r_067488949)
[1] "family is binomial"
[1]  12  29  39  48  51  93 121
[1] "lambda: 0.0896704539493635, nonzero: 12,29,39,48,51,93,121"
predict.adalasso(obj=r_66974221, newx=r_70160054)
inner fold: 5.0
as.formula(obj='observation~ .')
adalasso(formula=r_09683337, family='binomial', verbose=TRUE, adapt=TRUE, overshrink=TRUE, selectvars=TRUE, weights=r_16021617, data=r_036835677)
[1] "family is binomial"
$`1`
NULL

[1] "lambda: 0.135584486338187, nonzero: 121"
predict.adalasso(obj=r_36697797, newx=r_52563299)
as.formula(obj='observation~ .')
adalasso(formula=r_59653452, family='binomial', verbose=TRUE, adapt=TRUE, overshrink=TRUE, selectvars=TRUE, weights=r_82579424, data=r_54253394)
[1] "family is binomial"
[1]  29  39  51 121
[1] "lambda: 0.0974441782548177, nonzero: 29,39,51,121"
list: length: 53, values: [2.1049601258e-05 0.000150841204794 0.000179270987773 0.00390484206711
 0.00552179147221 0.00633305531108 0.0065530313113 0.00782400417663
 0.00882747846246 0.00884321032683 0.0154353570451 0.0171620825442
 0.0172029146555 0.0176447727451 0.0182042829833 0.0193113732375
 0.0196316888336 0.0197220533763 0.0200172476361 0.0200821194698
 0.0201358149164 0.0215774563973 0.0226395417999 0.0275999013304
 0.0311430779617 0.0326620582361 0.0328364461116 0.0339002653419
 0.0350980999406 0.0364490902988 0.0372492777486 0.0413144246572
 0.0413668304722 0.0416668995528 0.0421694977996 0.0421929556682
 0.0434879595497 0.0444626941074 0.0447366599174 0.055120511989
 0.0574576996104 0.0586567372938 0.0594035694782 0.0718722566028
 0.0751380544382 0.0907501862213 0.10777576352 0.136153438302
 0.140482148916 0.14393200755 0.207660253086 0.318749254122 0.322517299409]
q: 0.0196078431373
position: 2.0
predict.adalasso(obj=r_084498873, newx=r_52725718)
outer fold: 3
list: length: 64, values: [ 0  1  2  3  4  5  6  7  8  9 10 11 12 13 14 15 16 17 18 19 20 21 22 23 24
 25 26 27 28 29 30 31 32 33 34 35 36 37 38 39 40 41 42 43 44 45 46 47 48 49
 50 51 52 53 54 55 56 57 58 59 60 61 62 63]
q: 0.8
position: 51.0
list: length: 64, values: [ 0  1  2  3  4  5  6  7  8  9 10 11 12 13 14 15 16 17 18 19 20 21 22 23 24
 25 26 27 28 29 30 31 32 33 34 35 36 37 38 39 40 41 42 43 44 45 46 47 48 49
 50 51 52 53 54 55 56 57 58 59 60 61 62 63]
q: 0.6
position: 38.0
list: length: 64, values: [ 0  1  2  3  4  5  6  7  8  9 10 11 12 13 14 15 16 17 18 19 20 21 22 23 24
 25 26 27 28 29 30 31 32 33 34 35 36 37 38 39 40 41 42 43 44 45 46 47 48 49
 50 51 52 53 54 55 56 57 58 59 60 61 62 63]
q: 0.4
position: 26.0
list: length: 64, values: [ 0  1  2  3  4  5  6  7  8  9 10 11 12 13 14 15 16 17 18 19 20 21 22 23 24
 25 26 27 28 29 30 31 32 33 34 35 36 37 38 39 40 41 42 43 44 45 46 47 48 49
 50 51 52 53 54 55 56 57 58 59 60 61 62 63]
q: 0.2
position: 13.0
inner fold: 1.0
as.formula(obj='observation~ .')
adalasso(formula=r_21810211, family='binomial', verbose=TRUE, adapt=TRUE, overshrink=TRUE, selectvars=TRUE, weights=r_091963029, data=r_66544200)
[1] "family is binomial"
[1] 93
[1] "lambda: 0.205272575421745, nonzero: 93"
predict.adalasso(obj=r_63867130, newx=r_32494219)
inner fold: 2.0
as.formula(obj='observation~ .')
adalasso(formula=r_10438269, family='binomial', verbose=TRUE, adapt=TRUE, overshrink=TRUE, selectvars=TRUE, weights=r_96594088, data=r_40698433)
[1] "family is binomial"
[1]  2 51 93
[1] "lambda: 0.182401861618395, nonzero: 2,51,93"
predict.adalasso(obj=r_14897114, newx=r_34112534)
inner fold: 3.0
as.formula(obj='observation~ .')
adalasso(formula=r_12305035, family='binomial', verbose=TRUE, adapt=TRUE, overshrink=TRUE, selectvars=TRUE, weights=r_13629899, data=r_19835016)
[1] "family is binomial"
$`1`
NULL

[1] "lambda: 0.181560109088966, nonzero: 93"
predict.adalasso(obj=r_58485619, newx=r_16763834)
inner fold: 4.0
as.formula(obj='observation~ .')
adalasso(formula=r_015822866, family='binomial', verbose=TRUE, adapt=TRUE, overshrink=TRUE, selectvars=TRUE, weights=r_80562771, data=r_71170506)
[1] "family is binomial"
[1] 51 93
[1] "lambda: 0.181123718474324, nonzero: 51,93"
predict.adalasso(obj=r_10018768, newx=r_021225537)
inner fold: 5.0
as.formula(obj='observation~ .')
adalasso(formula=r_77128652, family='binomial', verbose=TRUE, adapt=TRUE, overshrink=TRUE, selectvars=TRUE, weights=r_11361270, data=r_7204276)
[1] "family is binomial"
[1]  2 51 93
[1] "lambda: 0.171711791389606, nonzero: 2,51,93"
predict.adalasso(obj=r_87193147, newx=r_21003697)
as.formula(obj='observation~ .')
adalasso(formula=r_81874036, family='binomial', verbose=TRUE, adapt=TRUE, overshrink=TRUE, selectvars=TRUE, weights=r_010978299, data=r_43475743)
[1] "family is binomial"
[1] 51 93
[1] "lambda: 0.170997622224328, nonzero: 51,93"
list: length: 49, values: [0.000467678466041 0.0135270336266 0.0208043528597 0.0228698662456
 0.0264831125934 0.0268479134545 0.0280271094624 0.0303407558189
 0.0307659524145 0.0341007644989 0.0371370231952 0.0413576166676
 0.0426164781315 0.0446305413238 0.0448142844893 0.0483071626847
 0.0500123065769 0.0503040727898 0.0530873887587 0.0539076230541
 0.0586373733791 0.0594993060103 0.0626381752383 0.0665409584495
 0.0718172553486 0.0761555433655 0.0772623883085 0.0792078485223
 0.0793031462283 0.0837188827747 0.0864413343188 0.0908514963187
 0.0921723892043 0.0927140749346 0.102731581161 0.110058051726
 0.113601144681 0.123036101432 0.130021936922 0.153129380971 0.206965666419
 0.318751073736 0.319300142615 0.324313954678 0.421405837422 0.463819751645
 0.497510068003 0.547024598434 0.643464489441]
q: 0.0192307692308
position: 1.0
predict.adalasso(obj=r_72651440, newx=r_69242452)
outer fold: 4
list: length: 63, values: [ 0  1  2  3  4  5  6  7  8  9 10 11 12 13 14 15 16 17 18 19 20 21 22 23 24
 25 26 27 28 29 30 31 32 33 34 35 36 37 38 39 40 41 42 43 44 45 46 47 48 49
 50 51 52 53 54 55 56 57 58 59 60 61 62]
q: 0.8
position: 50.0
list: length: 63, values: [ 0  1  2  3  4  5  6  7  8  9 10 11 12 13 14 15 16 17 18 19 20 21 22 23 24
 25 26 27 28 29 30 31 32 33 34 35 36 37 38 39 40 41 42 43 44 45 46 47 48 49
 50 51 52 53 54 55 56 57 58 59 60 61 62]
q: 0.6
position: 38.0
list: length: 63, values: [ 0  1  2  3  4  5  6  7  8  9 10 11 12 13 14 15 16 17 18 19 20 21 22 23 24
 25 26 27 28 29 30 31 32 33 34 35 36 37 38 39 40 41 42 43 44 45 46 47 48 49
 50 51 52 53 54 55 56 57 58 59 60 61 62]
q: 0.4
position: 25.0
list: length: 63, values: [ 0  1  2  3  4  5  6  7  8  9 10 11 12 13 14 15 16 17 18 19 20 21 22 23 24
 25 26 27 28 29 30 31 32 33 34 35 36 37 38 39 40 41 42 43 44 45 46 47 48 49
 50 51 52 53 54 55 56 57 58 59 60 61 62]
q: 0.2
position: 13.0
inner fold: 1.0
as.formula(obj='observation~ .')
adalasso(formula=r_30632761, family='binomial', verbose=TRUE, adapt=TRUE, overshrink=TRUE, selectvars=TRUE, weights=r_6262854, data=r_89298579)
[1] "family is binomial"
$`1`
NULL

[1] "lambda: 0.183560540933359, nonzero: 93"
predict.adalasso(obj=r_78417348, newx=r_76127419)
inner fold: 2.0
as.formula(obj='observation~ .')
adalasso(formula=r_47064308, family='binomial', verbose=TRUE, adapt=TRUE, overshrink=TRUE, selectvars=TRUE, weights=r_63233947, data=r_69804042)
[1] "family is binomial"
$`1`
NULL

[1] "lambda: 0.1976781916412, nonzero: 93"
predict.adalasso(obj=r_48431092, newx=r_57606535)
inner fold: 3.0
as.formula(obj='observation~ .')
adalasso(formula=r_94429792, family='binomial', verbose=TRUE, adapt=TRUE, overshrink=TRUE, selectvars=TRUE, weights=r_49020398, data=r_57358278)
[1] "family is binomial"
$`1`
NULL

[1] "lambda: 0.225454192367741, nonzero: 93"
predict.adalasso(obj=r_63700918, newx=r_13429210)
inner fold: 4.0
as.formula(obj='observation~ .')
adalasso(formula=r_46985728, family='binomial', verbose=TRUE, adapt=TRUE, overshrink=TRUE, selectvars=TRUE, weights=r_13364923, data=r_086074663)
[1] "family is binomial"
$`1`
NULL

[1] "lambda: 0.226868742504608, nonzero: 29"
predict.adalasso(obj=r_99676301, newx=r_72254969)
inner fold: 5.0
as.formula(obj='observation~ .')
adalasso(formula=r_38969241, family='binomial', verbose=TRUE, adapt=TRUE, overshrink=TRUE, selectvars=TRUE, weights=r_32769977, data=r_14259547)
[1] "family is binomial"
[1] 93
[1] "lambda: 0.194374249141985, nonzero: 93"
predict.adalasso(obj=r_56657351, newx=r_015548591)
as.formula(obj='observation~ .')
adalasso(formula=r_30160459, family='binomial', verbose=TRUE, adapt=TRUE, overshrink=TRUE, selectvars=TRUE, weights=r_89575649, data=r_077602244)
[1] "family is binomial"
$`1`
NULL

[1] "lambda: 0.20743927064735, nonzero: 93"
list: length: 49, values: [0.0510353491249 0.051916631148 0.0623409367945 0.0631369596588
 0.064484758316 0.064484758316 0.0650313427688 0.0650313427688
 0.0650313427688 0.0658593061416 0.0658593061416 0.0666970589593
 0.073455469341 0.0743821539909 0.0753195789764 0.0772270519322
 0.0772270519322 0.078523189682 0.078523189682 0.0791786953286
 0.0825317976398 0.0849553404255 0.0849553404255 0.086013634863
 0.086013634863 0.0899968880143 0.0899968880143 0.0907387435199
 0.0926175136239 0.0953064572933 0.0953064572933 0.0964801006919
 0.0992689175406 0.0992689175406 0.102543764433 0.122796052993
 0.13494614916 0.14139317576 0.15803715785 0.16351639039 0.171699251092
 0.205458347119 0.275987757013 0.294380520944 0.308633366128 0.369172252634
 0.397969323629 0.444131571828 0.978985463851]
q: 0.0196078431373
position: 1.0
predict.adalasso(obj=r_87386643, newx=r_55261036)
outer fold: 5
list: length: 64, values: [ 0  1  2  3  4  5  6  7  8  9 10 11 12 13 14 15 16 17 18 19 20 21 22 23 24
 25 26 27 28 29 30 31 32 33 34 35 36 37 38 39 40 41 42 43 44 45 46 47 48 49
 50 51 52 53 54 55 56 57 58 59 60 61 62 63]
q: 0.8
position: 51.0
list: length: 64, values: [ 0  1  2  3  4  5  6  7  8  9 10 11 12 13 14 15 16 17 18 19 20 21 22 23 24
 25 26 27 28 29 30 31 32 33 34 35 36 37 38 39 40 41 42 43 44 45 46 47 48 49
 50 51 52 53 54 55 56 57 58 59 60 61 62 63]
q: 0.6
position: 38.0
list: length: 64, values: [ 0  1  2  3  4  5  6  7  8  9 10 11 12 13 14 15 16 17 18 19 20 21 22 23 24
 25 26 27 28 29 30 31 32 33 34 35 36 37 38 39 40 41 42 43 44 45 46 47 48 49
 50 51 52 53 54 55 56 57 58 59 60 61 62 63]
q: 0.4
position: 26.0
list: length: 64, values: [ 0  1  2  3  4  5  6  7  8  9 10 11 12 13 14 15 16 17 18 19 20 21 22 23 24
 25 26 27 28 29 30 31 32 33 34 35 36 37 38 39 40 41 42 43 44 45 46 47 48 49
 50 51 52 53 54 55 56 57 58 59 60 61 62 63]
q: 0.2
position: 13.0
inner fold: 1.0
as.formula(obj='observation~ .')
adalasso(formula=r_75267386, family='binomial', verbose=TRUE, adapt=TRUE, overshrink=TRUE, selectvars=TRUE, weights=r_87095356, data=r_31580790)
[1] "family is binomial"
[1]   2  18  29  51  63  82 121
[1] "lambda: 0.0784767051653879, nonzero: 2,18,29,51,63,82,121"
predict.adalasso(obj=r_80036972, newx=r_067050192)
inner fold: 2.0
as.formula(obj='observation~ .')
adalasso(formula=r_52989620, family='binomial', verbose=TRUE, adapt=TRUE, overshrink=TRUE, selectvars=TRUE, weights=r_011509287, data=r_26095126)
[1] "family is binomial"
[1]  2 51
[1] "lambda: 0.205709845003946, nonzero: 2,51"
predict.adalasso(obj=r_45937516, newx=r_85184461)
inner fold: 3.0
as.formula(obj='observation~ .')
adalasso(formula=r_25001289, family='binomial', verbose=TRUE, adapt=TRUE, overshrink=TRUE, selectvars=TRUE, weights=r_55842205, data=r_40595291)
[1] "family is binomial"
$`1`
NULL

[1] "lambda: 0.152506287455495, nonzero: 93"
predict.adalasso(obj=r_86051625, newx=r_47388875)
inner fold: 4.0
as.formula(obj='observation~ .')
adalasso(formula=r_23555751, family='binomial', verbose=TRUE, adapt=TRUE, overshrink=TRUE, selectvars=TRUE, weights=r_17453815, data=r_48352392)
[1] "family is binomial"
[1]  2 48
[1] "lambda: 0.159730456462599, nonzero: 2,48"
predict.adalasso(obj=r_73324568, newx=r_22096077)
inner fold: 5.0
as.formula(obj='observation~ .')
adalasso(formula=r_89961911, family='binomial', verbose=TRUE, adapt=TRUE, overshrink=TRUE, selectvars=TRUE, weights=r_092335221, data=r_43343731)
[1] "family is binomial"
$`1`
NULL

[1] "lambda: 0.146100948389363, nonzero: 51"
predict.adalasso(obj=r_19838201, newx=r_87124565)
as.formula(obj='observation~ .')
adalasso(formula=r_16152259, family='binomial', verbose=TRUE, adapt=TRUE, overshrink=TRUE, selectvars=TRUE, weights=r_73753530, data=r_14737861)
[1] "family is binomial"
$`1`
NULL

[1] "lambda: 0.171852235877219, nonzero: 29,51"
list: length: 50, values: [0.000519755932212 0.015311831614 0.0226250082953 0.024575204656
 0.0297904120769 0.0331671747854 0.0344983019019 0.0350604373858
 0.0364984988504 0.0405870911764 0.0430177605087 0.045728763653
 0.048715720673 0.0488177601851 0.0497306363497 0.0500095170711
 0.0561552052313 0.0578236919071 0.0579882148853 0.0586752019487
 0.0593045480575 0.0607500733698 0.0655237737394 0.06954289951
 0.0696493166005 0.0720187205409 0.0837943680208 0.0845800868574
 0.0880366366183 0.0920471321123 0.0967466506703 0.0983687444966
 0.108321139193 0.113893102029 0.114399780621 0.127357551825 0.130575124953
 0.142271860478 0.177643346696 0.211673105295 0.26140337042 0.3053455581
 0.336435842126 0.349570406128 0.3997615606 0.412043208232 0.433048886288
 0.496240306963 0.612059298498 0.649050889221]
q: 0.0192307692308
position: 1.0
predict.adalasso(obj=r_208022, newx=r_46074983)
as.formula(obj='observation~ .')
adalasso(formula=r_096448220, family='binomial', verbose=TRUE, adapt=TRUE, overshrink=TRUE, selectvars=TRUE, weights=r_93899757, data=r_48583166)
[1] "family is binomial"
[1] 51 93
[1] "lambda: 0.147072018807039, nonzero: 51,93"
list: length: 64, values: [0.000592135047615 0.0143529602665 0.0211438759644 0.0214860825193
 0.0234124943131 0.0242072395255 0.0263088359727 0.0271119648068
 0.0289722789278 0.0305629054002 0.0325510680328 0.033356345639
 0.0336574550117 0.0350610525601 0.0364691685867 0.0400623705471
 0.0423263499715 0.0430509327819 0.0436689624094 0.0447030386213
 0.0471783082436 0.0473445644843 0.0476294153063 0.0497598277988
 0.0520419512944 0.052346132142 0.0543656007222 0.0545331633483
 0.0550688277284 0.058750361252 0.0648167395246 0.0684032300524
 0.0696922818349 0.0725083087225 0.0728576121343 0.0760268325699
 0.0761991947712 0.0764157882444 0.0794816338103 0.0796775999615
 0.0814392801563 0.081867289517 0.0838629574582 0.091231672235
 0.0933493340993 0.094217821472 0.0953875432167 0.10782663163
 0.111092734002 0.13919093057 0.148116667529 0.176300967668 0.181381529307
 0.226689942023 0.241002550256 0.2586059285 0.262269870222 0.315000507753
 0.347182204367 0.365224517213 0.397541436801 0.48180329797 0.507769463916
 0.836811348365]
q: 0.9
position: 57.0
