['..\\bin', 'C:\\Condor\\execute\\dir_3628\\bin', 'C:\\Condor\\execute\\dir_3628\\bin\\IronPython 2.7\\Lib', 'C:\\Condor\\execute\\dir_3628\\bin\\IronPython 2.7\\DLLs', 'C:\\Condor\\execute\\dir_3628\\bin\\IronPython 2.7\\Lib\\site-packages', 'C:\\Condor\\execute\\dir_3628\\code', 'C:\\Condor\\execute\\dir_3628\\code', 'C:\\Condor\\execute\\dir_3628\\bin\\IronPython 2.7\\Lib', 'C:\\Condor\\execute\\dir_3628\\bin\\IronPython 2.7\\DLLs', 'C:\\Condor\\execute\\dir_3628\\bin\\IronPython 2.7', 'C:\\Condor\\execute\\dir_3628\\bin\\IronPython 2.7\\lib\\site-packages']
Loading required package: lars
Loaded lars 1.1


Attaching package: 'pls'

The following object(s) are masked from 'package:stats':

    loadings

Loading required package: survival
Loading required package: splines
Loading required package: lattice
Loaded gbm 1.6.3.2

This is mgcv 1.7-18. For overview type 'help("mgcv-package")'.
Loading required package: censReg
Loading required package: maxLik
Loading required package: miscTools
Loading required package: glmnet
Loading required package: Matrix
Loaded glmnet 1.7.4

Loading required package: spls
Loading required package: MASS
Loading required package: nnet
s: 10
m: 16
d: (5, 1)
mm: (0, 5)
locs: ['pointlakeshore']
tasks: ['adalasso-unweighted-select']
seed: 0.728359806414
['pointlakeshore']
list: length: 78, values: [ 0  1  2  3  4  5  6  7  8  9 10 11 12 13 14 15 16 17 18 19 20 21 22 23 24
 25 26 27 28 29 30 31 32 33 34 35 36 37 38 39 40 41 42 43 44 45 46 47 48 49
 50 51 52 53 54 55 56 57 58 59 60 61 62 63 64 65 66 67 68 69 70 71 72 73 74
 75 76 77]
q: 0.8
position: 62.0
list: length: 78, values: [ 0  1  2  3  4  5  6  7  8  9 10 11 12 13 14 15 16 17 18 19 20 21 22 23 24
 25 26 27 28 29 30 31 32 33 34 35 36 37 38 39 40 41 42 43 44 45 46 47 48 49
 50 51 52 53 54 55 56 57 58 59 60 61 62 63 64 65 66 67 68 69 70 71 72 73 74
 75 76 77]
q: 0.6
position: 47.0
list: length: 78, values: [ 0  1  2  3  4  5  6  7  8  9 10 11 12 13 14 15 16 17 18 19 20 21 22 23 24
 25 26 27 28 29 30 31 32 33 34 35 36 37 38 39 40 41 42 43 44 45 46 47 48 49
 50 51 52 53 54 55 56 57 58 59 60 61 62 63 64 65 66 67 68 69 70 71 72 73 74
 75 76 77]
q: 0.4
position: 31.0
list: length: 78, values: [ 0  1  2  3  4  5  6  7  8  9 10 11 12 13 14 15 16 17 18 19 20 21 22 23 24
 25 26 27 28 29 30 31 32 33 34 35 36 37 38 39 40 41 42 43 44 45 46 47 48 49
 50 51 52 53 54 55 56 57 58 59 60 61 62 63 64 65 66 67 68 69 70 71 72 73 74
 75 76 77]
q: 0.2
position: 16.0
outer fold: 1
list: length: 61, values: [ 0  1  2  3  4  5  6  7  8  9 10 11 12 13 14 15 16 17 18 19 20 21 22 23 24
 25 26 27 28 29 30 31 32 33 34 35 36 37 38 39 40 41 42 43 44 45 46 47 48 49
 50 51 52 53 54 55 56 57 58 59 60]
q: 0.8
position: 48.0
list: length: 61, values: [ 0  1  2  3  4  5  6  7  8  9 10 11 12 13 14 15 16 17 18 19 20 21 22 23 24
 25 26 27 28 29 30 31 32 33 34 35 36 37 38 39 40 41 42 43 44 45 46 47 48 49
 50 51 52 53 54 55 56 57 58 59 60]
q: 0.6
position: 36.0
list: length: 61, values: [ 0  1  2  3  4  5  6  7  8  9 10 11 12 13 14 15 16 17 18 19 20 21 22 23 24
 25 26 27 28 29 30 31 32 33 34 35 36 37 38 39 40 41 42 43 44 45 46 47 48 49
 50 51 52 53 54 55 56 57 58 59 60]
q: 0.4
position: 24.0
list: length: 61, values: [ 0  1  2  3  4  5  6  7  8  9 10 11 12 13 14 15 16 17 18 19 20 21 22 23 24
 25 26 27 28 29 30 31 32 33 34 35 36 37 38 39 40 41 42 43 44 45 46 47 48 49
 50 51 52 53 54 55 56 57 58 59 60]
q: 0.2
position: 12.0
inner fold: 1.0
as.formula(obj='logec~ .')
adalasso(formula=r_38500533, family='binomial', verbose=TRUE, adapt=TRUE, overshrink=TRUE, selectvars=TRUE, weights=r_041295710, data=r_95248040)
[1] "family is binomial"
[1] 44 81
[1] "lambda: 0.153980455982237, nonzero: 44,81"
predict.adalasso(obj=r_6529166, newx=r_96707135)
inner fold: 2.0
as.formula(obj='logec~ .')
adalasso(formula=r_96735483, family='binomial', verbose=TRUE, adapt=TRUE, overshrink=TRUE, selectvars=TRUE, weights=r_63387966, data=r_32043400)
[1] "family is binomial"
$`1`
NULL

[1] "lambda: 0.145637057642179, nonzero: 5,32,81"
predict.adalasso(obj=r_74274421, newx=r_48251850)
inner fold: 3.0
as.formula(obj='logec~ .')
adalasso(formula=r_64056917, family='binomial', verbose=TRUE, adapt=TRUE, overshrink=TRUE, selectvars=TRUE, weights=r_50626397, data=r_68330353)
[1] "family is binomial"
$`1`
NULL

[1] "lambda: 0.151471277239261, nonzero: 5"
predict.adalasso(obj=r_47964442, newx=r_11547281)
inner fold: 4.0
as.formula(obj='logec~ .')
adalasso(formula=r_79518946, family='binomial', verbose=TRUE, adapt=TRUE, overshrink=TRUE, selectvars=TRUE, weights=r_67891528, data=r_53898202)
[1] "family is binomial"
$`1`
NULL

[1] "lambda: 0.122797637931821, nonzero: 85"
predict.adalasso(obj=r_63974493, newx=r_33344679)
inner fold: 5.0
as.formula(obj='logec~ .')
adalasso(formula=r_27370202, family='binomial', verbose=TRUE, adapt=TRUE, overshrink=TRUE, selectvars=TRUE, weights=r_29749151, data=r_86551978)
[1] "family is binomial"
$`1`
NULL

[1] "lambda: 0.15379464938114, nonzero: 28"
predict.adalasso(obj=r_023090160, newx=r_42720363)
as.formula(obj='logec~ .')
adalasso(formula=r_34867952, family='binomial', verbose=TRUE, adapt=TRUE, overshrink=TRUE, selectvars=TRUE, weights=r_76939608, data=r_2850806)
[1] "family is binomial"
$`1`
NULL

[1] "lambda: 0.128204012223462, nonzero: 5,81"
list: length: 52, values: [0.00559313228981 0.00783499960676 0.0137828896049 0.0138254279358
 0.0147958841226 0.0150696578904 0.0181510745603 0.0185688344282
 0.0186147501946 0.0195990358971 0.0200841072366 0.0237477896028
 0.0241360976559 0.0305229746567 0.0310298423987 0.0311068059704
 0.0314406880141 0.0327523675017 0.0331953629318 0.0384916720346
 0.0385219581824 0.0454053439865 0.045594319064 0.0457295863501
 0.0481625549635 0.0481736782135 0.0506605352837 0.0565264058497
 0.0600895346505 0.0617653042102 0.0674006006244 0.0701520200107
 0.0733167808225 0.07539387979 0.079832036082 0.0845548039909
 0.0847397588603 0.118369147963 0.122270132255 0.133275955696
 0.140176702718 0.150415101535 0.159465158293 0.198737752716 0.249507029923
 0.298256453181 0.327609155542 0.354630273446 0.361921007956 0.55641699727
 0.62086614208 0.655088234453]
q: 0.0204081632653
position: 2.0
predict.adalasso(obj=r_16234930, newx=r_78865892)
outer fold: 2
list: length: 63, values: [ 0  1  2  3  4  5  6  7  8  9 10 11 12 13 14 15 16 17 18 19 20 21 22 23 24
 25 26 27 28 29 30 31 32 33 34 35 36 37 38 39 40 41 42 43 44 45 46 47 48 49
 50 51 52 53 54 55 56 57 58 59 60 61 62]
q: 0.8
position: 50.0
list: length: 63, values: [ 0  1  2  3  4  5  6  7  8  9 10 11 12 13 14 15 16 17 18 19 20 21 22 23 24
 25 26 27 28 29 30 31 32 33 34 35 36 37 38 39 40 41 42 43 44 45 46 47 48 49
 50 51 52 53 54 55 56 57 58 59 60 61 62]
q: 0.6
position: 38.0
list: length: 63, values: [ 0  1  2  3  4  5  6  7  8  9 10 11 12 13 14 15 16 17 18 19 20 21 22 23 24
 25 26 27 28 29 30 31 32 33 34 35 36 37 38 39 40 41 42 43 44 45 46 47 48 49
 50 51 52 53 54 55 56 57 58 59 60 61 62]
q: 0.4
position: 25.0
list: length: 63, values: [ 0  1  2  3  4  5  6  7  8  9 10 11 12 13 14 15 16 17 18 19 20 21 22 23 24
 25 26 27 28 29 30 31 32 33 34 35 36 37 38 39 40 41 42 43 44 45 46 47 48 49
 50 51 52 53 54 55 56 57 58 59 60 61 62]
q: 0.2
position: 13.0
inner fold: 1.0
as.formula(obj='logec~ .')
adalasso(formula=r_098605300, family='binomial', verbose=TRUE, adapt=TRUE, overshrink=TRUE, selectvars=TRUE, weights=r_39605322, data=r_76882945)
[1] "family is binomial"
$`1`
NULL

[1] "lambda: 0.149784859284509, nonzero: 5,28"
predict.adalasso(obj=r_20795691, newx=r_13869312)
inner fold: 2.0
as.formula(obj='logec~ .')
adalasso(formula=r_14848408, family='binomial', verbose=TRUE, adapt=TRUE, overshrink=TRUE, selectvars=TRUE, weights=r_24378681, data=r_92957972)
[1] "family is binomial"
[1]  17  28  31  45  61  81 111
[1] "lambda: 0.106892624615615, nonzero: 17,28,31,45,61,81,111"
predict.adalasso(obj=r_12048142, newx=r_1220656)
inner fold: 3.0
as.formula(obj='logec~ .')
adalasso(formula=r_65021302, family='binomial', verbose=TRUE, adapt=TRUE, overshrink=TRUE, selectvars=TRUE, weights=r_078388061, data=r_76751634)
[1] "family is binomial"
$`1`
NULL

[1] "lambda: 0.154482336599093, nonzero: 20,111"
predict.adalasso(obj=r_54009332, newx=r_61721766)
inner fold: 4.0
as.formula(obj='logec~ .')
adalasso(formula=r_73029972, family='binomial', verbose=TRUE, adapt=TRUE, overshrink=TRUE, selectvars=TRUE, weights=r_39757055, data=r_47861494)
[1] "family is binomial"
$`1`
NULL

[1] "lambda: 0.1556055246763, nonzero: 81,112"
predict.adalasso(obj=r_49905453, newx=r_78484825)
inner fold: 5.0
as.formula(obj='logec~ .')
adalasso(formula=r_6423778, family='binomial', verbose=TRUE, adapt=TRUE, overshrink=TRUE, selectvars=TRUE, weights=r_5971266, data=r_84962253)
[1] "family is binomial"
$`1`
NULL

[1] "lambda: 0.168531788507289, nonzero: 45,81"
predict.adalasso(obj=r_75513337, newx=r_100892)
as.formula(obj='logec~ .')
adalasso(formula=r_65967513, family='binomial', verbose=TRUE, adapt=TRUE, overshrink=TRUE, selectvars=TRUE, weights=r_55227343, data=r_22803656)
[1] "family is binomial"
[1]  28  31  45  51  81 111
[1] "lambda: 0.100728405100425, nonzero: 28,31,45,51,81,111"
list: length: 53, values: [2.70123011838e-06 5.25172929344e-06 6.7269631247e-06 7.50774889569e-06
 2.92266054566e-05 3.10210782724e-05 3.73355337698e-05 4.05154036528e-05
 6.10236382389e-05 6.31834229152e-05 7.47170298367e-05 8.99024381678e-05
 9.63249989611e-05 0.000111906983807 0.000142658232034 0.000166222404098
 0.000181045267193 0.000323571304104 0.000329872817008 0.000353631142279
 0.000372093931629 0.000829070366216 0.00127209588878 0.00135294391387
 0.00165619743895 0.0016596709245 0.00236492746738 0.00245589142811
 0.00314087283935 0.00355660360487 0.00437107644684 0.00511562244929
 0.00517127926835 0.00847293611123 0.00870320331255 0.0107786728854
 0.012264281342 0.0170337089192 0.0248901083437 0.0255528368587
 0.026630259759 0.0670422986262 0.0764031678886 0.0876948112111
 0.125597549787 0.166836981304 0.174031367482 0.214753026897 0.225412635045
 0.349436132777 0.420295009663 0.442620245558 0.57033658137]
q: 0.0196078431373
position: 2.0
predict.adalasso(obj=r_085260533, newx=r_54752739)
outer fold: 3
list: length: 62, values: [ 0  1  2  3  4  5  6  7  8  9 10 11 12 13 14 15 16 17 18 19 20 21 22 23 24
 25 26 27 28 29 30 31 32 33 34 35 36 37 38 39 40 41 42 43 44 45 46 47 48 49
 50 51 52 53 54 55 56 57 58 59 60 61]
q: 0.8
position: 49.0
list: length: 62, values: [ 0  1  2  3  4  5  6  7  8  9 10 11 12 13 14 15 16 17 18 19 20 21 22 23 24
 25 26 27 28 29 30 31 32 33 34 35 36 37 38 39 40 41 42 43 44 45 46 47 48 49
 50 51 52 53 54 55 56 57 58 59 60 61]
q: 0.6
position: 37.0
list: length: 62, values: [ 0  1  2  3  4  5  6  7  8  9 10 11 12 13 14 15 16 17 18 19 20 21 22 23 24
 25 26 27 28 29 30 31 32 33 34 35 36 37 38 39 40 41 42 43 44 45 46 47 48 49
 50 51 52 53 54 55 56 57 58 59 60 61]
q: 0.4
position: 25.0
list: length: 62, values: [ 0  1  2  3  4  5  6  7  8  9 10 11 12 13 14 15 16 17 18 19 20 21 22 23 24
 25 26 27 28 29 30 31 32 33 34 35 36 37 38 39 40 41 42 43 44 45 46 47 48 49
 50 51 52 53 54 55 56 57 58 59 60 61]
q: 0.2
position: 13.0
inner fold: 1.0
as.formula(obj='logec~ .')
adalasso(formula=r_83536921, family='binomial', verbose=TRUE, adapt=TRUE, overshrink=TRUE, selectvars=TRUE, weights=r_43740450, data=r_2533592)
[1] "family is binomial"
$`1`
NULL

[1] "lambda: 0.15969477495489, nonzero: 34,164"
predict.adalasso(obj=r_77848561, newx=r_31722087)
inner fold: 2.0
as.formula(obj='logec~ .')
adalasso(formula=r_0031007044, family='binomial', verbose=TRUE, adapt=TRUE, overshrink=TRUE, selectvars=TRUE, weights=r_02793307, data=r_94151373)
[1] "family is binomial"
$`1`
NULL

[1] "lambda: 0.154861195838604, nonzero: 112"
predict.adalasso(obj=r_2721777, newx=r_94071446)
inner fold: 3.0
as.formula(obj='logec~ .')
adalasso(formula=r_20818451, family='binomial', verbose=TRUE, adapt=TRUE, overshrink=TRUE, selectvars=TRUE, weights=r_17833887, data=r_33617179)
[1] "family is binomial"
$`1`
NULL

[1] "lambda: 0.1727608548877, nonzero: 5,32,111"
predict.adalasso(obj=r_035574689, newx=r_060833733)
inner fold: 4.0
as.formula(obj='logec~ .')
adalasso(formula=r_86227173, family='binomial', verbose=TRUE, adapt=TRUE, overshrink=TRUE, selectvars=TRUE, weights=r_36291731, data=r_037999596)
[1] "family is binomial"
[1]   5  34 112
[1] "lambda: 0.146757686238779, nonzero: 5,34,112"
predict.adalasso(obj=r_88411247, newx=r_85325078)
inner fold: 5.0
as.formula(obj='logec~ .')
adalasso(formula=r_58099119, family='binomial', verbose=TRUE, adapt=TRUE, overshrink=TRUE, selectvars=TRUE, weights=r_48799405, data=r_24272248)
[1] "family is binomial"
$`1`
NULL

[1] "lambda: 0.12126929056254, nonzero: 10,81"
predict.adalasso(obj=r_60262866, newx=r_18271287)
as.formula(obj='logec~ .')
adalasso(formula=r_61638000, family='binomial', verbose=TRUE, adapt=TRUE, overshrink=TRUE, selectvars=TRUE, weights=r_32745925, data=r_27947452)
[1] "family is binomial"
$`1`
NULL

[1] "lambda: 0.155947888773977, nonzero: 112"
list: length: 52, values: [0.0753702077954 0.077572958878 0.0786368208339 0.0803789141365
 0.0805003479034 0.0808046649827 0.0812324717448 0.0819706604301
 0.0840954756018 0.0843487172498 0.0847298779795 0.0850487051429
 0.0869194447594 0.0869194447594 0.0877700794017 0.0880992452915
 0.0926187729989 0.0940077098425 0.0947091562352 0.0949910446557
 0.096483309333 0.0987975049235 0.0992368815544 0.099973040362
 0.100120853437 0.101310364558 0.101684650449 0.103194079971 0.104492651129
 0.105108723836 0.106272503512 0.106506617616 0.106741185867 0.110073167348
 0.113992418968 0.114574031557 0.115577092529 0.116926375097 0.120446405049
 0.12290258009 0.125491755368 0.129787140948 0.132499442493 0.137094190405
 0.13816584991 0.138851471288 0.143327395809 0.149585848481 0.163673756205
 0.240615183227 0.656634672378 0.810422432906]
q: 0.02
position: 2.0
predict.adalasso(obj=r_96656401, newx=r_60982245)
outer fold: 4
list: length: 63, values: [ 0  1  2  3  4  5  6  7  8  9 10 11 12 13 14 15 16 17 18 19 20 21 22 23 24
 25 26 27 28 29 30 31 32 33 34 35 36 37 38 39 40 41 42 43 44 45 46 47 48 49
 50 51 52 53 54 55 56 57 58 59 60 61 62]
q: 0.8
position: 50.0
list: length: 63, values: [ 0  1  2  3  4  5  6  7  8  9 10 11 12 13 14 15 16 17 18 19 20 21 22 23 24
 25 26 27 28 29 30 31 32 33 34 35 36 37 38 39 40 41 42 43 44 45 46 47 48 49
 50 51 52 53 54 55 56 57 58 59 60 61 62]
q: 0.6
position: 38.0
list: length: 63, values: [ 0  1  2  3  4  5  6  7  8  9 10 11 12 13 14 15 16 17 18 19 20 21 22 23 24
 25 26 27 28 29 30 31 32 33 34 35 36 37 38 39 40 41 42 43 44 45 46 47 48 49
 50 51 52 53 54 55 56 57 58 59 60 61 62]
q: 0.4
position: 25.0
list: length: 63, values: [ 0  1  2  3  4  5  6  7  8  9 10 11 12 13 14 15 16 17 18 19 20 21 22 23 24
 25 26 27 28 29 30 31 32 33 34 35 36 37 38 39 40 41 42 43 44 45 46 47 48 49
 50 51 52 53 54 55 56 57 58 59 60 61 62]
q: 0.2
position: 13.0
inner fold: 1.0
as.formula(obj='logec~ .')
adalasso(formula=r_78807578, family='binomial', verbose=TRUE, adapt=TRUE, overshrink=TRUE, selectvars=TRUE, weights=r_47778066, data=r_96143461)
[1] "family is binomial"
[1]   5  32  44 163
[1] "lambda: 0.142104210962923, nonzero: 5,32,44,163"
predict.adalasso(obj=r_5066045, newx=r_3503204)
inner fold: 2.0
as.formula(obj='logec~ .')
adalasso(formula=r_78414952, family='binomial', verbose=TRUE, adapt=TRUE, overshrink=TRUE, selectvars=TRUE, weights=r_58631583, data=r_84644533)
[1] "family is binomial"
[1]  20  61 111 159 163
[1] "lambda: 0.142860483279619, nonzero: 20,61,111,159,163"
predict.adalasso(obj=r_3883316, newx=r_82149455)
inner fold: 3.0
as.formula(obj='logec~ .')
adalasso(formula=r_11454924, family='binomial', verbose=TRUE, adapt=TRUE, overshrink=TRUE, selectvars=TRUE, weights=r_74853057, data=r_90563692)
[1] "family is binomial"
$`1`
NULL

[1] "lambda: 0.172303936270058, nonzero: 5"
predict.adalasso(obj=r_04645530, newx=r_90205055)
inner fold: 4.0
as.formula(obj='logec~ .')
adalasso(formula=r_6326233, family='binomial', verbose=TRUE, adapt=TRUE, overshrink=TRUE, selectvars=TRUE, weights=r_076675470, data=r_68810122)
[1] "family is binomial"
$`1`
NULL

[1] "lambda: 0.1650852506913, nonzero: 5,44"
predict.adalasso(obj=r_86336812, newx=r_45097079)
inner fold: 5.0
as.formula(obj='logec~ .')
adalasso(formula=r_51809897, family='binomial', verbose=TRUE, adapt=TRUE, overshrink=TRUE, selectvars=TRUE, weights=r_70562691, data=r_61545832)
[1] "family is binomial"
$`1`
NULL

[1] "lambda: 0.160254220537442, nonzero: 5"
predict.adalasso(obj=r_74750639, newx=r_70922655)
