['..\\bin', 'C:\\Condor\\execute\\dir_2884\\bin', 'C:\\Condor\\execute\\dir_2884\\bin\\IronPython 2.7\\Lib', 'C:\\Condor\\execute\\dir_2884\\bin\\IronPython 2.7\\DLLs', 'C:\\Condor\\execute\\dir_2884\\bin\\IronPython 2.7\\Lib\\site-packages', 'C:\\Condor\\execute\\dir_2884\\code', 'C:\\Condor\\execute\\dir_2884\\code', 'C:\\Condor\\execute\\dir_2884\\bin\\IronPython 2.7\\Lib', 'C:\\Condor\\execute\\dir_2884\\bin\\IronPython 2.7\\DLLs', 'C:\\Condor\\execute\\dir_2884\\bin\\IronPython 2.7', 'C:\\Condor\\execute\\dir_2884\\bin\\IronPython 2.7\\lib\\site-packages']
Loading required package: lars
Loaded lars 1.1


Attaching package: 'pls'

The following object(s) are masked from 'package:stats':

    loadings

Loading required package: survival
Loading required package: splines
Loading required package: lattice
Loaded gbm 1.6.3.2

This is mgcv 1.7-18. For overview type 'help("mgcv-package")'.
Loading required package: censReg
Loading required package: maxLik
Loading required package: miscTools
Loading required package: glmnet
Loading required package: Matrix
Loaded glmnet 1.7.4

Loading required package: spls
Loading required package: MASS
Loading required package: nnet
s: 10
m: 16
d: (33, 9)
mm: (2, 1)
locs: ['pointlighthouse']
tasks: ['adalasso-weighted']
seed: 0.157656539782
['pointlighthouse']
list: length: 78, values: [ 0  1  2  3  4  5  6  7  8  9 10 11 12 13 14 15 16 17 18 19 20 21 22 23 24
 25 26 27 28 29 30 31 32 33 34 35 36 37 38 39 40 41 42 43 44 45 46 47 48 49
 50 51 52 53 54 55 56 57 58 59 60 61 62 63 64 65 66 67 68 69 70 71 72 73 74
 75 76 77]
q: 0.8
position: 62.0
list: length: 78, values: [ 0  1  2  3  4  5  6  7  8  9 10 11 12 13 14 15 16 17 18 19 20 21 22 23 24
 25 26 27 28 29 30 31 32 33 34 35 36 37 38 39 40 41 42 43 44 45 46 47 48 49
 50 51 52 53 54 55 56 57 58 59 60 61 62 63 64 65 66 67 68 69 70 71 72 73 74
 75 76 77]
q: 0.6
position: 47.0
list: length: 78, values: [ 0  1  2  3  4  5  6  7  8  9 10 11 12 13 14 15 16 17 18 19 20 21 22 23 24
 25 26 27 28 29 30 31 32 33 34 35 36 37 38 39 40 41 42 43 44 45 46 47 48 49
 50 51 52 53 54 55 56 57 58 59 60 61 62 63 64 65 66 67 68 69 70 71 72 73 74
 75 76 77]
q: 0.4
position: 31.0
list: length: 78, values: [ 0  1  2  3  4  5  6  7  8  9 10 11 12 13 14 15 16 17 18 19 20 21 22 23 24
 25 26 27 28 29 30 31 32 33 34 35 36 37 38 39 40 41 42 43 44 45 46 47 48 49
 50 51 52 53 54 55 56 57 58 59 60 61 62 63 64 65 66 67 68 69 70 71 72 73 74
 75 76 77]
q: 0.2
position: 16.0
outer fold: 1
list: length: 61, values: [ 0  1  2  3  4  5  6  7  8  9 10 11 12 13 14 15 16 17 18 19 20 21 22 23 24
 25 26 27 28 29 30 31 32 33 34 35 36 37 38 39 40 41 42 43 44 45 46 47 48 49
 50 51 52 53 54 55 56 57 58 59 60]
q: 0.8
position: 48.0
list: length: 61, values: [ 0  1  2  3  4  5  6  7  8  9 10 11 12 13 14 15 16 17 18 19 20 21 22 23 24
 25 26 27 28 29 30 31 32 33 34 35 36 37 38 39 40 41 42 43 44 45 46 47 48 49
 50 51 52 53 54 55 56 57 58 59 60]
q: 0.6
position: 36.0
list: length: 61, values: [ 0  1  2  3  4  5  6  7  8  9 10 11 12 13 14 15 16 17 18 19 20 21 22 23 24
 25 26 27 28 29 30 31 32 33 34 35 36 37 38 39 40 41 42 43 44 45 46 47 48 49
 50 51 52 53 54 55 56 57 58 59 60]
q: 0.4
position: 24.0
list: length: 61, values: [ 0  1  2  3  4  5  6  7  8  9 10 11 12 13 14 15 16 17 18 19 20 21 22 23 24
 25 26 27 28 29 30 31 32 33 34 35 36 37 38 39 40 41 42 43 44 45 46 47 48 49
 50 51 52 53 54 55 56 57 58 59 60]
q: 0.2
position: 12.0
inner fold: 1.0
as.formula(obj='logec~ .')
adalasso(formula=r_5327535, family='binomial', verbose=TRUE, adapt=TRUE, overshrink=TRUE, selectvars=FALSE, weights=r_71442320, data=r_52434130)
[1] "family is binomial"
[1]  51 111 123 146
[1] "lambda: 0.10325841615093, nonzero: 51,111,123,146"
predict.adalasso(obj=r_16990661, newx=r_76653853)
inner fold: 2.0
as.formula(obj='logec~ .')
adalasso(formula=r_67045276, family='binomial', verbose=TRUE, adapt=TRUE, overshrink=TRUE, selectvars=FALSE, weights=r_95312288, data=r_31223309)
[1] "family is binomial"
[1] 89 95
[1] "lambda: 0.114286446588951, nonzero: 89,95"
predict.adalasso(obj=r_69499335, newx=r_45197267)
inner fold: 3.0
as.formula(obj='logec~ .')
adalasso(formula=r_12996014, family='binomial', verbose=TRUE, adapt=TRUE, overshrink=TRUE, selectvars=FALSE, weights=r_82056458, data=r_32592663)
[1] "family is binomial"
$`1`
NULL

[1] "lambda: 0.160714214139533, nonzero: 112"
predict.adalasso(obj=r_84018131, newx=r_3515023)
inner fold: 4.0
as.formula(obj='logec~ .')
adalasso(formula=r_53819566, family='binomial', verbose=TRUE, adapt=TRUE, overshrink=TRUE, selectvars=FALSE, weights=r_40892959, data=r_47186079)
[1] "family is binomial"
$`1`
NULL

[1] "lambda: 0.0934859573674117, nonzero: 146"
predict.adalasso(obj=r_08742511, newx=r_56212622)
inner fold: 5.0
as.formula(obj='logec~ .')
adalasso(formula=r_34937444, family='binomial', verbose=TRUE, adapt=TRUE, overshrink=TRUE, selectvars=FALSE, weights=r_72838224, data=r_66590774)
[1] "family is binomial"
$`1`
NULL

[1] "lambda: 0.124201907018902, nonzero: 112"
predict.adalasso(obj=r_49006520, newx=r_94128032)
as.formula(obj='logec~ .')
adalasso(formula=r_34001524, family='binomial', verbose=TRUE, adapt=TRUE, overshrink=TRUE, selectvars=FALSE, weights=r_68710770, data=r_95062138)
[1] "family is binomial"
[1]  89  95 111 112 146
[1] "lambda: 0.0823536688586532, nonzero: 89,95,111,112,146"
list: length: 52, values: [0.737210171944 0.819431287284 0.850363793614 0.855643185204 0.857798674214
 0.867497336613 0.867972688999 0.868818995746 0.880140710623 0.880517479028
 0.880841453802 0.881103703239 0.881610026206 0.887438664192 0.892303191192
 0.903524947283 0.906736408222 0.90775183852 0.910319373431 0.910671376552
 0.912465221112 0.912696451084 0.91362177338 0.913941996419 0.915425814811
 0.916722865958 0.918165251207 0.919120844237 0.91960130907 0.923584964781
 0.92370734809 0.923858267936 0.924043621152 0.928608696291 0.929329718546
 0.930576807031 0.931062318947 0.933055432086 0.933392061494 0.933718648029
 0.935814135449 0.935928051998 0.937049564126 0.937361826544 0.939055595786
 0.942039986781 0.942389713905 0.944687781141 0.948663831048 0.949455893082
 0.950646642722 0.953669887207]
q: 0.836734693878
position: 43.0
predict.adalasso(obj=r_080881851, newx=r_9530317)
outer fold: 2
list: length: 63, values: [ 0  1  2  3  4  5  6  7  8  9 10 11 12 13 14 15 16 17 18 19 20 21 22 23 24
 25 26 27 28 29 30 31 32 33 34 35 36 37 38 39 40 41 42 43 44 45 46 47 48 49
 50 51 52 53 54 55 56 57 58 59 60 61 62]
q: 0.8
position: 50.0
list: length: 63, values: [ 0  1  2  3  4  5  6  7  8  9 10 11 12 13 14 15 16 17 18 19 20 21 22 23 24
 25 26 27 28 29 30 31 32 33 34 35 36 37 38 39 40 41 42 43 44 45 46 47 48 49
 50 51 52 53 54 55 56 57 58 59 60 61 62]
q: 0.6
position: 38.0
list: length: 63, values: [ 0  1  2  3  4  5  6  7  8  9 10 11 12 13 14 15 16 17 18 19 20 21 22 23 24
 25 26 27 28 29 30 31 32 33 34 35 36 37 38 39 40 41 42 43 44 45 46 47 48 49
 50 51 52 53 54 55 56 57 58 59 60 61 62]
q: 0.4
position: 25.0
list: length: 63, values: [ 0  1  2  3  4  5  6  7  8  9 10 11 12 13 14 15 16 17 18 19 20 21 22 23 24
 25 26 27 28 29 30 31 32 33 34 35 36 37 38 39 40 41 42 43 44 45 46 47 48 49
 50 51 52 53 54 55 56 57 58 59 60 61 62]
q: 0.2
position: 13.0
inner fold: 1.0
as.formula(obj='logec~ .')
adalasso(formula=r_94603132, family='binomial', verbose=TRUE, adapt=TRUE, overshrink=TRUE, selectvars=FALSE, weights=r_89162312, data=r_90529088)
[1] "family is binomial"
[1] 111 140 159
[1] "lambda: 0.131146191259605, nonzero: 111,140,159"
predict.adalasso(obj=r_6779552, newx=r_95535744)
inner fold: 2.0
as.formula(obj='logec~ .')
adalasso(formula=r_9551711, family='binomial', verbose=TRUE, adapt=TRUE, overshrink=TRUE, selectvars=FALSE, weights=r_53592130, data=r_42830861)
[1] "family is binomial"
$`1`
NULL

[1] "lambda: 0.147374380843191, nonzero: 111"
predict.adalasso(obj=r_00088494131, newx=r_90095325)
inner fold: 3.0
as.formula(obj='logec~ .')
adalasso(formula=r_94784279, family='binomial', verbose=TRUE, adapt=TRUE, overshrink=TRUE, selectvars=FALSE, weights=r_27726791, data=r_38296784)
[1] "family is binomial"
$`1`
NULL

[1] "lambda: 0.138189502497822, nonzero: 111"
predict.adalasso(obj=r_29029025, newx=r_54921491)
inner fold: 4.0
as.formula(obj='logec~ .')
adalasso(formula=r_82663138, family='binomial', verbose=TRUE, adapt=TRUE, overshrink=TRUE, selectvars=FALSE, weights=r_15005656, data=r_67878555)
[1] "family is binomial"
$`1`
NULL

[1] "lambda: 0.104377732709573, nonzero: 159"
predict.adalasso(obj=r_041306665, newx=r_3007537)
inner fold: 5.0
as.formula(obj='logec~ .')
adalasso(formula=r_78807662, family='binomial', verbose=TRUE, adapt=TRUE, overshrink=TRUE, selectvars=FALSE, weights=r_0075461459, data=r_52694623)
[1] "family is binomial"
$`1`
NULL

[1] "lambda: 0.150870692193796, nonzero: 111"
predict.adalasso(obj=r_34105892, newx=r_54181969)
as.formula(obj='logec~ .')
adalasso(formula=r_79686022, family='binomial', verbose=TRUE, adapt=TRUE, overshrink=TRUE, selectvars=FALSE, weights=r_44790064, data=r_035263966)
[1] "family is binomial"
$`1`
NULL

[1] "lambda: 0.140251338598234, nonzero: 111"
list: length: 53, values: [0.847964304292 0.848822040045 0.854110388579 0.85724827088 0.857707995719
 0.860957827321 0.861071620044 0.861383134916 0.861427956045 0.862591357621
 0.863090088216 0.863410688376 0.863464039614 0.863707769691 0.864196875455
 0.86434923175 0.864880533196 0.865856986877 0.865960514564 0.866870838088
 0.866961933526 0.867208833456 0.86739256215 0.867442660436 0.867544313204
 0.867740385046 0.867834455012 0.867902696601 0.867944072266 0.868452631255
 0.868799653093 0.86883237667 0.86883237667 0.868931799446 0.869067388093
 0.86918899881 0.869331559132 0.869609895133 0.869985375484 0.870130881943
 0.870173219148 0.870412492143 0.870927191638 0.871001544267 0.871102385646
 0.872112251342 0.872738520606 0.8732163363 0.873786972572 0.873786972572
 0.874579845703 0.878314951191 0.881347327462]
q: 0.877551020408
position: 46.0
predict.adalasso(obj=r_80976117, newx=r_26391157)
outer fold: 3
list: length: 62, values: [ 0  1  2  3  4  5  6  7  8  9 10 11 12 13 14 15 16 17 18 19 20 21 22 23 24
 25 26 27 28 29 30 31 32 33 34 35 36 37 38 39 40 41 42 43 44 45 46 47 48 49
 50 51 52 53 54 55 56 57 58 59 60 61]
q: 0.8
position: 49.0
list: length: 62, values: [ 0  1  2  3  4  5  6  7  8  9 10 11 12 13 14 15 16 17 18 19 20 21 22 23 24
 25 26 27 28 29 30 31 32 33 34 35 36 37 38 39 40 41 42 43 44 45 46 47 48 49
 50 51 52 53 54 55 56 57 58 59 60 61]
q: 0.6
position: 37.0
list: length: 62, values: [ 0  1  2  3  4  5  6  7  8  9 10 11 12 13 14 15 16 17 18 19 20 21 22 23 24
 25 26 27 28 29 30 31 32 33 34 35 36 37 38 39 40 41 42 43 44 45 46 47 48 49
 50 51 52 53 54 55 56 57 58 59 60 61]
q: 0.4
position: 25.0
list: length: 62, values: [ 0  1  2  3  4  5  6  7  8  9 10 11 12 13 14 15 16 17 18 19 20 21 22 23 24
 25 26 27 28 29 30 31 32 33 34 35 36 37 38 39 40 41 42 43 44 45 46 47 48 49
 50 51 52 53 54 55 56 57 58 59 60 61]
q: 0.2
position: 13.0
inner fold: 1.0
as.formula(obj='logec~ .')
adalasso(formula=r_45245592, family='binomial', verbose=TRUE, adapt=TRUE, overshrink=TRUE, selectvars=FALSE, weights=r_14573559, data=r_71933969)
[1] "family is binomial"
$`1`
NULL

[1] "lambda: 0.118919281496959, nonzero: 159"
predict.adalasso(obj=r_43616759, newx=r_75397951)
inner fold: 2.0
as.formula(obj='logec~ .')
adalasso(formula=r_62429300, family='binomial', verbose=TRUE, adapt=TRUE, overshrink=TRUE, selectvars=FALSE, weights=r_22472955, data=r_10431495)
[1] "family is binomial"
$`1`
NULL

[1] "lambda: 0.173298618665469, nonzero: 111"
predict.adalasso(obj=r_83327590, newx=r_97628159)
inner fold: 3.0
as.formula(obj='logec~ .')
adalasso(formula=r_90141405, family='binomial', verbose=TRUE, adapt=TRUE, overshrink=TRUE, selectvars=FALSE, weights=r_33846231, data=r_36232969)
[1] "family is binomial"
[1] 111
[1] "lambda: 0.140424625013098, nonzero: 111"
predict.adalasso(obj=r_21189539, newx=r_17630138)
inner fold: 4.0
as.formula(obj='logec~ .')
adalasso(formula=r_013703272, family='binomial', verbose=TRUE, adapt=TRUE, overshrink=TRUE, selectvars=FALSE, weights=r_48037837, data=r_33261749)
[1] "family is binomial"
$`1`
NULL

[1] "lambda: 0.159639769478853, nonzero: 44"
predict.adalasso(obj=r_68891602, newx=r_89805481)
inner fold: 5.0
as.formula(obj='logec~ .')
adalasso(formula=r_74971048, family='binomial', verbose=TRUE, adapt=TRUE, overshrink=TRUE, selectvars=FALSE, weights=r_53136341, data=r_058789296)
[1] "family is binomial"
$`1`
NULL

[1] "lambda: 0.185282082066893, nonzero: 159"
predict.adalasso(obj=r_26563520, newx=r_6515215)
as.formula(obj='logec~ .')
adalasso(formula=r_65443329, family='binomial', verbose=TRUE, adapt=TRUE, overshrink=TRUE, selectvars=FALSE, weights=r_83319393, data=r_37616769)
[1] "family is binomial"
$`1`
NULL

[1] "lambda: 0.148897240917296, nonzero: 111"
list: length: 51, values: [0.839380585354 0.851588785681 0.854835602999 0.854979510313 0.855373364852
 0.855430020916 0.856252747456 0.856899536562 0.857424479612 0.857528851733
 0.857933190995 0.859115948615 0.859784879655 0.861143230454 0.861834702439
 0.862286729692 0.862401084539 0.862710957121 0.862879222093 0.862879222093
 0.862894732317 0.86294148151 0.863004330196 0.863131841681 0.863377742701
 0.863495696821 0.863529787695 0.863581255637 0.863581255637 0.863633127184
 0.864270461728 0.864746084042 0.865370931057 0.865719153483 0.866188704393
 0.866370600871 0.866423519518 0.866722537239 0.867304266413 0.867365422017
 0.867458254547 0.867584144267 0.86794357241 0.868843885633 0.869624224755
 0.870219126415 0.870929065767 0.870929065767 0.871914533037 0.873160276462
 0.876541576376]
q: 0.791666666667
position: 40.0
predict.adalasso(obj=r_61675578, newx=r_71806760)
outer fold: 4
list: length: 63, values: [ 0  1  2  3  4  5  6  7  8  9 10 11 12 13 14 15 16 17 18 19 20 21 22 23 24
 25 26 27 28 29 30 31 32 33 34 35 36 37 38 39 40 41 42 43 44 45 46 47 48 49
 50 51 52 53 54 55 56 57 58 59 60 61 62]
q: 0.8
position: 50.0
list: length: 63, values: [ 0  1  2  3  4  5  6  7  8  9 10 11 12 13 14 15 16 17 18 19 20 21 22 23 24
 25 26 27 28 29 30 31 32 33 34 35 36 37 38 39 40 41 42 43 44 45 46 47 48 49
 50 51 52 53 54 55 56 57 58 59 60 61 62]
q: 0.6
position: 38.0
list: length: 63, values: [ 0  1  2  3  4  5  6  7  8  9 10 11 12 13 14 15 16 17 18 19 20 21 22 23 24
 25 26 27 28 29 30 31 32 33 34 35 36 37 38 39 40 41 42 43 44 45 46 47 48 49
 50 51 52 53 54 55 56 57 58 59 60 61 62]
q: 0.4
position: 25.0
list: length: 63, values: [ 0  1  2  3  4  5  6  7  8  9 10 11 12 13 14 15 16 17 18 19 20 21 22 23 24
 25 26 27 28 29 30 31 32 33 34 35 36 37 38 39 40 41 42 43 44 45 46 47 48 49
 50 51 52 53 54 55 56 57 58 59 60 61 62]
q: 0.2
position: 13.0
inner fold: 1.0
as.formula(obj='logec~ .')
adalasso(formula=r_38805938, family='binomial', verbose=TRUE, adapt=TRUE, overshrink=TRUE, selectvars=FALSE, weights=r_98030972, data=r_29044114)
[1] "family is binomial"
$`1`
NULL

[1] "lambda: 0.185348325674339, nonzero: 159"
predict.adalasso(obj=r_018508261, newx=r_96865997)
inner fold: 2.0
as.formula(obj='logec~ .')
adalasso(formula=r_015146113, family='binomial', verbose=TRUE, adapt=TRUE, overshrink=TRUE, selectvars=FALSE, weights=r_30016991, data=r_81339400)
[1] "family is binomial"
$`1`
NULL

[1] "lambda: 0.140907128879646, nonzero: 137"
predict.adalasso(obj=r_60461203, newx=r_99329258)
inner fold: 3.0
as.formula(obj='logec~ .')
adalasso(formula=r_75464361, family='binomial', verbose=TRUE, adapt=TRUE, overshrink=TRUE, selectvars=FALSE, weights=r_45324909, data=r_084748906)
[1] "family is binomial"
$`1`
NULL

[1] "lambda: 0.161813948959813, nonzero: 111"
predict.adalasso(obj=r_16492440, newx=r_63833949)
inner fold: 4.0
as.formula(obj='logec~ .')
adalasso(formula=r_63133501, family='binomial', verbose=TRUE, adapt=TRUE, overshrink=TRUE, selectvars=FALSE, weights=r_915536, data=r_29169251)
[1] "family is binomial"
[1]  81 111 159
[1] "lambda: 0.103770765551533, nonzero: 81,111,159"
predict.adalasso(obj=r_74583382, newx=r_37497630)
inner fold: 5.0
as.formula(obj='logec~ .')
adalasso(formula=r_89529942, family='binomial', verbose=TRUE, adapt=TRUE, overshrink=TRUE, selectvars=FALSE, weights=r_87955046, data=r_73936994)
[1] "family is binomial"
$`1`
NULL

[1] "lambda: 0.166165947531358, nonzero: 159"
predict.adalasso(obj=r_98784959, newx=r_84256320)
as.formula(obj='logec~ .')
adalasso(formula=r_40554096, family='binomial', verbose=TRUE, adapt=TRUE, overshrink=TRUE, selectvars=FALSE, weights=r_75508870, data=r_81778769)
[1] "family is binomial"
[1]  81 111 159
[1] "lambda: 0.132829275535909, nonzero: 81,111,159"
list: length: 52, values: [0.786856277836 0.806122366691 0.811190730654 0.818438682062 0.823213000119
 0.823418246489 0.823684985076 0.82443013955 0.825512765578 0.831600304137
 0.838093213298 0.846767936527 0.847601816492 0.852978722669 0.853350793725
 0.85447901415 0.855665968557 0.858961133608 0.859150840471 0.865420006756
 0.865982055083 0.86668378671 0.866814101987 0.867848148111 0.868311551495
 0.868797977958 0.868963998036 0.871491671593 0.871877277455 0.872675991881
 0.872710936345 0.873432872635 0.874783229042 0.874866049869 0.875564516771
 0.875640785846 0.87574880922 0.876350068418 0.878187937672 0.87853838873
 0.879763905349 0.880686874344 0.881138481237 0.884272190944 0.885219192764
 0.885567126419 0.886090058903 0.890219607621 0.893551589241 0.895526837106
 0.899719373118 0.901460355771]
q: 0.775510204082
position: 40.0
predict.adalasso(obj=r_20878657, newx=r_46070674)
outer fold: 5
list: length: 63, values: [ 0  1  2  3  4  5  6  7  8  9 10 11 12 13 14 15 16 17 18 19 20 21 22 23 24
 25 26 27 28 29 30 31 32 33 34 35 36 37 38 39 40 41 42 43 44 45 46 47 48 49
 50 51 52 53 54 55 56 57 58 59 60 61 62]
q: 0.8
position: 50.0
list: length: 63, values: [ 0  1  2  3  4  5  6  7  8  9 10 11 12 13 14 15 16 17 18 19 20 21 22 23 24
 25 26 27 28 29 30 31 32 33 34 35 36 37 38 39 40 41 42 43 44 45 46 47 48 49
 50 51 52 53 54 55 56 57 58 59 60 61 62]
q: 0.6
position: 38.0
list: length: 63, values: [ 0  1  2  3  4  5  6  7  8  9 10 11 12 13 14 15 16 17 18 19 20 21 22 23 24
 25 26 27 28 29 30 31 32 33 34 35 36 37 38 39 40 41 42 43 44 45 46 47 48 49
 50 51 52 53 54 55 56 57 58 59 60 61 62]
q: 0.4
position: 25.0
list: length: 63, values: [ 0  1  2  3  4  5  6  7  8  9 10 11 12 13 14 15 16 17 18 19 20 21 22 23 24
 25 26 27 28 29 30 31 32 33 34 35 36 37 38 39 40 41 42 43 44 45 46 47 48 49
 50 51 52 53 54 55 56 57 58 59 60 61 62]
q: 0.2
position: 13.0
inner fold: 1.0
as.formula(obj='logec~ .')
adalasso(formula=r_13303132, family='binomial', verbose=TRUE, adapt=TRUE, overshrink=TRUE, selectvars=FALSE, weights=r_21229053, data=r_98208443)
[1] "family is binomial"
$`1`
NULL

[1] "lambda: 0.128570588499369, nonzero: 10"
predict.adalasso(obj=r_51118712, newx=r_19006394)
inner fold: 2.0
as.formula(obj='logec~ .')
adalasso(formula=r_3774152, family='binomial', verbose=TRUE, adapt=TRUE, overshrink=TRUE, selectvars=FALSE, weights=r_78216769, data=r_35766202)
[1] "family is binomial"
[1]  10  25 111 146
[1] "lambda: 0.0957272779882095, nonzero: 10,25,111,146"
predict.adalasso(obj=r_29884866, newx=r_56967942)
inner fold: 3.0
as.formula(obj='logec~ .')
adalasso(formula=r_041713535, family='binomial', verbose=TRUE, adapt=TRUE, overshrink=TRUE, selectvars=FALSE, weights=r_25676590, data=r_34626667)
[1] "family is binomial"
$`1`
NULL

[1] "lambda: 0.125873825979768, nonzero: 10"
predict.adalasso(obj=r_97882472, newx=r_028118950)
inner fold: 4.0
as.formula(obj='logec~ .')
adalasso(formula=r_44110600, family='binomial', verbose=TRUE, adapt=TRUE, overshrink=TRUE, selectvars=FALSE, weights=r_84018892, data=r_89715709)
[1] "family is binomial"
$`1`
NULL

[1] "lambda: 0.136321073540666, nonzero: 61"
predict.adalasso(obj=r_978720, newx=r_56804201)
inner fold: 5.0
as.formula(obj='logec~ .')
adalasso(formula=r_95713100, family='binomial', verbose=TRUE, adapt=TRUE, overshrink=TRUE, selectvars=FALSE, weights=r_04850993, data=r_43638705)
[1] "family is binomial"
$`1`
NULL

[1] "lambda: 0.123541138655074, nonzero: 159"
predict.adalasso(obj=r_53362334, newx=r_70690694)
as.formula(obj='logec~ .')
adalasso(formula=r_12525499, family='binomial', verbose=TRUE, adapt=TRUE, overshrink=TRUE, selectvars=FALSE, weights=r_43921297, data=r_1316764)
[1] "family is binomial"
$`1`
NULL

[1] "lambda: 0.130079209548548, nonzero: 159"
list: length: 52, values: [0.856554352418 0.856908031015 0.858552429726 0.859835111821 0.861890426552
 0.862254720012 0.86409856138 0.864894981416 0.867491731801 0.867566575882
 0.868361114227 0.868454384815 0.871372826624 0.871403079748 0.871407592402
 0.871443015125 0.871756930685 0.871897830977 0.872513561685 0.872668220606
 0.873172967239 0.873226210497 0.873257093729 0.87359835488 0.873629805889
 0.873689121278 0.873784144839 0.874070568508 0.874250729456 0.874310631282
 0.874994715977 0.875076229223 0.875083291133 0.875175585362 0.87520836655
 0.875266918566 0.875641147155 0.875932496467 0.87621027732 0.876233935553
 0.876259676732 0.876278993221 0.87685779254 0.877306741534 0.877463501678
 0.877844726968 0.878201358234 0.878361673295 0.878714431064 0.88045792592
 0.880763193136 0.883037248487]
q: 0.836734693878
position: 43.0
predict.adalasso(obj=r_3356682, newx=r_88034552)
Error in if (obj[["selectvars"]] == TRUE) { : argument is of length zero
In addition: There were 50 or more warnings (use warnings() to see the first 50)
