['..\\bin', 'C:\\Condor\\execute\\dir_2552\\bin', 'C:\\Condor\\execute\\dir_2552\\bin\\IronPython 2.7\\Lib', 'C:\\Condor\\execute\\dir_2552\\bin\\IronPython 2.7\\DLLs', 'C:\\Condor\\execute\\dir_2552\\bin\\IronPython 2.7\\Lib\\site-packages', 'C:\\Condor\\execute\\dir_2552\\code', 'C:\\Condor\\execute\\dir_2552\\code', 'C:\\Condor\\execute\\dir_2552\\bin\\IronPython 2.7\\Lib', 'C:\\Condor\\execute\\dir_2552\\bin\\IronPython 2.7\\DLLs', 'C:\\Condor\\execute\\dir_2552\\bin\\IronPython 2.7', 'C:\\Condor\\execute\\dir_2552\\bin\\IronPython 2.7\\lib\\site-packages']
Loading required package: lars
Loaded lars 1.1


Attaching package: 'pls'

The following object(s) are masked from 'package:stats':

    loadings

Loading required package: survival
Loading required package: splines
Loading required package: lattice
Loaded gbm 1.6.3.2

This is mgcv 1.7-18. For overview type 'help("mgcv-package")'.
Loading required package: censReg
Loading required package: maxLik
Loading required package: miscTools
Loading required package: glmnet
Loading required package: Matrix
Loaded glmnet 1.7.4

Loading required package: spls
Loading required package: MASS
Loading required package: nnet
s: 10
m: 16
d: (634, 6)
mm: (39, 10)
locs: ['hika']
tasks: ['spls-select']
seed: 0.336539916434
['hika']
list: length: 85, values: [ 0  1  2  3  4  5  6  7  8  9 10 11 12 13 14 15 16 17 18 19 20 21 22 23 24
 25 26 27 28 29 30 31 32 33 34 35 36 37 38 39 40 41 42 43 44 45 46 47 48 49
 50 51 52 53 54 55 56 57 58 59 60 61 62 63 64 65 66 67 68 69 70 71 72 73 74
 75 76 77 78 79 80 81 82 83 84]
q: 0.8
position: 68.0
list: length: 85, values: [ 0  1  2  3  4  5  6  7  8  9 10 11 12 13 14 15 16 17 18 19 20 21 22 23 24
 25 26 27 28 29 30 31 32 33 34 35 36 37 38 39 40 41 42 43 44 45 46 47 48 49
 50 51 52 53 54 55 56 57 58 59 60 61 62 63 64 65 66 67 68 69 70 71 72 73 74
 75 76 77 78 79 80 81 82 83 84]
q: 0.6
position: 51.0
list: length: 85, values: [ 0  1  2  3  4  5  6  7  8  9 10 11 12 13 14 15 16 17 18 19 20 21 22 23 24
 25 26 27 28 29 30 31 32 33 34 35 36 37 38 39 40 41 42 43 44 45 46 47 48 49
 50 51 52 53 54 55 56 57 58 59 60 61 62 63 64 65 66 67 68 69 70 71 72 73 74
 75 76 77 78 79 80 81 82 83 84]
q: 0.4
position: 34.0
list: length: 85, values: [ 0  1  2  3  4  5  6  7  8  9 10 11 12 13 14 15 16 17 18 19 20 21 22 23 24
 25 26 27 28 29 30 31 32 33 34 35 36 37 38 39 40 41 42 43 44 45 46 47 48 49
 50 51 52 53 54 55 56 57 58 59 60 61 62 63 64 65 66 67 68 69 70 71 72 73 74
 75 76 77 78 79 80 81 82 83 84]
q: 0.2
position: 17.0
outer fold: 1
list: length: 67, values: [ 0  1  2  3  4  5  6  7  8  9 10 11 12 13 14 15 16 17 18 19 20 21 22 23 24
 25 26 27 28 29 30 31 32 33 34 35 36 37 38 39 40 41 42 43 44 45 46 47 48 49
 50 51 52 53 54 55 56 57 58 59 60 61 62 63 64 65 66]
q: 0.8
position: 53.0
list: length: 67, values: [ 0  1  2  3  4  5  6  7  8  9 10 11 12 13 14 15 16 17 18 19 20 21 22 23 24
 25 26 27 28 29 30 31 32 33 34 35 36 37 38 39 40 41 42 43 44 45 46 47 48 49
 50 51 52 53 54 55 56 57 58 59 60 61 62 63 64 65 66]
q: 0.6
position: 40.0
list: length: 67, values: [ 0  1  2  3  4  5  6  7  8  9 10 11 12 13 14 15 16 17 18 19 20 21 22 23 24
 25 26 27 28 29 30 31 32 33 34 35 36 37 38 39 40 41 42 43 44 45 46 47 48 49
 50 51 52 53 54 55 56 57 58 59 60 61 62 63 64 65 66]
q: 0.4
position: 27.0
list: length: 67, values: [ 0  1  2  3  4  5  6  7  8  9 10 11 12 13 14 15 16 17 18 19 20 21 22 23 24
 25 26 27 28 29 30 31 32 33 34 35 36 37 38 39 40 41 42 43 44 45 46 47 48 49
 50 51 52 53 54 55 56 57 58 59 60 61 62 63 64 65 66]
q: 0.2
position: 14.0
inner fold: 1.0
as.formula(obj='observation~.')
spls.wrap(formula=r_47156610, data=r_8670106, selectvars=TRUE)
eta = 0.1 
eta = 0.15 
eta = 0.2 
eta = 0.25 
eta = 0.3 
eta = 0.35 
eta = 0.4 
eta = 0.45 
eta = 0.5 
eta = 0.55 
eta = 0.6 
eta = 0.65 
eta = 0.7 
eta = 0.75 
eta = 0.8 
eta = 0.85 
eta = 0.9 

Optimal parameters: eta = 0.15, K = 1
10 % completed...
20 % completed...
30 % completed...
40 % completed...
50 % completed...
60 % completed...
70 % completed...
80 % completed...
90 % completed...
100 % completed...
predict(obj=r_40611530, newx=r_4798933)
inner fold: 2.0
as.formula(obj='observation~.')
spls.wrap(formula=r_25276297, data=r_35258745, selectvars=TRUE)
eta = 0.1 
eta = 0.15 
eta = 0.2 
eta = 0.25 
eta = 0.3 
eta = 0.35 
eta = 0.4 
eta = 0.45 
eta = 0.5 
eta = 0.55 
eta = 0.6 
eta = 0.65 
eta = 0.7 
eta = 0.75 
eta = 0.8 
eta = 0.85 
eta = 0.9 

Optimal parameters: eta = 0.75, K = 5
10 % completed...
20 % completed...
30 % completed...
40 % completed...
50 % completed...
60 % completed...
70 % completed...
80 % completed...
90 % completed...
100 % completed...
predict(obj=r_27423439, newx=r_10417033)
inner fold: 3.0
as.formula(obj='observation~.')
spls.wrap(formula=r_57638482, data=r_32389267, selectvars=TRUE)
eta = 0.1 
eta = 0.15 
eta = 0.2 
eta = 0.25 
eta = 0.3 
eta = 0.35 
eta = 0.4 
eta = 0.45 
eta = 0.5 
eta = 0.55 
eta = 0.6 
eta = 0.65 
eta = 0.7 
eta = 0.75 
eta = 0.8 
eta = 0.85 
eta = 0.9 

Optimal parameters: eta = 0.1, K = 1
10 % completed...
20 % completed...
30 % completed...
40 % completed...
50 % completed...
60 % completed...
70 % completed...
80 % completed...
90 % completed...
100 % completed...
predict(obj=r_73943516, newx=r_59424105)
inner fold: 4.0
as.formula(obj='observation~.')
spls.wrap(formula=r_92187801, data=r_86082947, selectvars=TRUE)
eta = 0.1 
eta = 0.15 
eta = 0.2 
eta = 0.25 
eta = 0.3 
eta = 0.35 
eta = 0.4 
eta = 0.45 
eta = 0.5 
eta = 0.55 
eta = 0.6 
eta = 0.65 
eta = 0.7 
eta = 0.75 
eta = 0.8 
eta = 0.85 
eta = 0.9 

Optimal parameters: eta = 0.75, K = 4
10 % completed...
20 % completed...
30 % completed...
40 % completed...
50 % completed...
60 % completed...
70 % completed...
80 % completed...
90 % completed...
100 % completed...
predict(obj=r_83590722, newx=r_33616553)
inner fold: 5.0
as.formula(obj='observation~.')
spls.wrap(formula=r_18431385, data=r_7961312, selectvars=TRUE)
eta = 0.1 
eta = 0.15 
eta = 0.2 
eta = 0.25 
eta = 0.3 
eta = 0.35 
eta = 0.4 
eta = 0.45 
eta = 0.5 
eta = 0.55 
eta = 0.6 
eta = 0.65 
eta = 0.7 
eta = 0.75 
eta = 0.8 
eta = 0.85 
eta = 0.9 

Optimal parameters: eta = 0.8, K = 5
10 % completed...
20 % completed...
30 % completed...
40 % completed...
50 % completed...
60 % completed...
70 % completed...
80 % completed...
90 % completed...
100 % completed...
predict(obj=r_60601009, newx=r_15676715)
as.formula(obj='observation~.')
spls.wrap(formula=r_64150989, data=r_19197590, selectvars=TRUE)
eta = 0.1 
eta = 0.15 
eta = 0.2 
eta = 0.25 
eta = 0.3 
eta = 0.35 
eta = 0.4 
eta = 0.45 
eta = 0.5 
eta = 0.55 
eta = 0.6 
eta = 0.65 
eta = 0.7 
eta = 0.75 
eta = 0.8 
eta = 0.85 
eta = 0.9 

Optimal parameters: eta = 0.35, K = 1
10 % completed...
20 % completed...
30 % completed...
40 % completed...
50 % completed...
60 % completed...
70 % completed...
80 % completed...
90 % completed...
100 % completed...
list: length: 50, values: [0.301029996 0.301029996 0.612783857 0.707570176 0.799340549 1.037426498
 1.117271296 1.1430148 1.164352856 1.164352856 1.303196057 1.338456494
 1.348304863 1.371067862 1.376576957 1.382017043 1.396199347 1.397940009
 1.459392488 1.471291711 1.526339277 1.571708832 1.57863921 1.686636269
 1.688419822 1.776701184 1.800029359 1.846955325 1.846955325 1.870988814
 1.892094603 1.902002891 2.029789471 2.031812271 2.033825694 2.04060234
 2.067442843 2.119585775 2.14332713 2.158060794 2.159867847 2.166430114
 2.200029267 2.200029267 2.235528447 2.236789099 2.286680969 2.338057875
 2.339848783 2.35831564]
q: 0.9
position: 45.0
predict(obj=r_10431562, newx=r_89779895)
outer fold: 2
list: length: 68, values: [ 0  1  2  3  4  5  6  7  8  9 10 11 12 13 14 15 16 17 18 19 20 21 22 23 24
 25 26 27 28 29 30 31 32 33 34 35 36 37 38 39 40 41 42 43 44 45 46 47 48 49
 50 51 52 53 54 55 56 57 58 59 60 61 62 63 64 65 66 67]
q: 0.8
position: 54.0
list: length: 68, values: [ 0  1  2  3  4  5  6  7  8  9 10 11 12 13 14 15 16 17 18 19 20 21 22 23 24
 25 26 27 28 29 30 31 32 33 34 35 36 37 38 39 40 41 42 43 44 45 46 47 48 49
 50 51 52 53 54 55 56 57 58 59 60 61 62 63 64 65 66 67]
q: 0.6
position: 41.0
list: length: 68, values: [ 0  1  2  3  4  5  6  7  8  9 10 11 12 13 14 15 16 17 18 19 20 21 22 23 24
 25 26 27 28 29 30 31 32 33 34 35 36 37 38 39 40 41 42 43 44 45 46 47 48 49
 50 51 52 53 54 55 56 57 58 59 60 61 62 63 64 65 66 67]
q: 0.4
position: 27.0
list: length: 68, values: [ 0  1  2  3  4  5  6  7  8  9 10 11 12 13 14 15 16 17 18 19 20 21 22 23 24
 25 26 27 28 29 30 31 32 33 34 35 36 37 38 39 40 41 42 43 44 45 46 47 48 49
 50 51 52 53 54 55 56 57 58 59 60 61 62 63 64 65 66 67]
q: 0.2
position: 14.0
inner fold: 1.0
as.formula(obj='observation~.')
spls.wrap(formula=r_26772482, data=r_44083647, selectvars=TRUE)
eta = 0.1 
eta = 0.15 
eta = 0.2 
eta = 0.25 
eta = 0.3 
eta = 0.35 
eta = 0.4 
eta = 0.45 
eta = 0.5 
eta = 0.55 
eta = 0.6 
eta = 0.65 
eta = 0.7 
eta = 0.75 
eta = 0.8 
eta = 0.85 
eta = 0.9 

Optimal parameters: eta = 0.1, K = 1
10 % completed...
20 % completed...
30 % completed...
40 % completed...
50 % completed...
60 % completed...
70 % completed...
80 % completed...
90 % completed...
100 % completed...
predict(obj=r_17073337, newx=r_018278582)
inner fold: 2.0
as.formula(obj='observation~.')
spls.wrap(formula=r_70934944, data=r_58698568, selectvars=TRUE)
eta = 0.1 
eta = 0.15 
eta = 0.2 
eta = 0.25 
eta = 0.3 
eta = 0.35 
eta = 0.4 
eta = 0.45 
eta = 0.5 
eta = 0.55 
eta = 0.6 
eta = 0.65 
eta = 0.7 
eta = 0.75 
eta = 0.8 
eta = 0.85 
eta = 0.9 

Optimal parameters: eta = 0.3, K = 1
10 % completed...
20 % completed...
30 % completed...
40 % completed...
50 % completed...
60 % completed...
70 % completed...
80 % completed...
90 % completed...
100 % completed...
predict(obj=r_1291380, newx=r_074129319)
inner fold: 3.0
as.formula(obj='observation~.')
spls.wrap(formula=r_63011163, data=r_95370285, selectvars=TRUE)
eta = 0.1 
eta = 0.15 
eta = 0.2 
eta = 0.25 
eta = 0.3 
eta = 0.35 
eta = 0.4 
eta = 0.45 
eta = 0.5 
eta = 0.55 
eta = 0.6 
eta = 0.65 
eta = 0.7 
eta = 0.75 
eta = 0.8 
eta = 0.85 
eta = 0.9 

Optimal parameters: eta = 0.15, K = 1
10 % completed...
20 % completed...
30 % completed...
40 % completed...
50 % completed...
60 % completed...
70 % completed...
80 % completed...
90 % completed...
100 % completed...
predict(obj=r_82319223, newx=r_086040956)
inner fold: 4.0
as.formula(obj='observation~.')
spls.wrap(formula=r_0082484865, data=r_8755885, selectvars=TRUE)
eta = 0.1 
eta = 0.15 
eta = 0.2 
eta = 0.25 
eta = 0.3 
eta = 0.35 
eta = 0.4 
eta = 0.45 
eta = 0.5 
eta = 0.55 
eta = 0.6 
eta = 0.65 
eta = 0.7 
eta = 0.75 
eta = 0.8 
eta = 0.85 
eta = 0.9 

Optimal parameters: eta = 0.7, K = 2
10 % completed...
20 % completed...
30 % completed...
40 % completed...
50 % completed...
60 % completed...
70 % completed...
80 % completed...
90 % completed...
100 % completed...
predict(obj=r_64980588, newx=r_96983735)
inner fold: 5.0
as.formula(obj='observation~.')
spls.wrap(formula=r_020606009, data=r_82504927, selectvars=TRUE)
eta = 0.1 
eta = 0.15 
eta = 0.2 
eta = 0.25 
eta = 0.3 
eta = 0.35 
eta = 0.4 
eta = 0.45 
eta = 0.5 
eta = 0.55 
eta = 0.6 
eta = 0.65 
eta = 0.7 
eta = 0.75 
eta = 0.8 
eta = 0.85 
eta = 0.9 

Optimal parameters: eta = 0.5, K = 2
10 % completed...
20 % completed...
30 % completed...
40 % completed...
50 % completed...
60 % completed...
70 % completed...
80 % completed...
90 % completed...
100 % completed...
predict(obj=r_69151954, newx=r_93922687)
as.formula(obj='observation~.')
spls.wrap(formula=r_74224163, data=r_087347860, selectvars=TRUE)
eta = 0.1 
eta = 0.15 
eta = 0.2 
eta = 0.25 
eta = 0.3 
eta = 0.35 
eta = 0.4 
eta = 0.45 
eta = 0.5 
eta = 0.55 
eta = 0.6 
eta = 0.65 
eta = 0.7 
eta = 0.75 
eta = 0.8 
eta = 0.85 
eta = 0.9 

Optimal parameters: eta = 0.45, K = 2
10 % completed...
20 % completed...
30 % completed...
40 % completed...
50 % completed...
60 % completed...
70 % completed...
80 % completed...
90 % completed...
100 % completed...
list: length: 45, values: [0.696192008088 0.98085509386 1.00703195594 1.15395347010 1.23039647880
 1.24983480319 1.29327662620 1.4489500462 1.46513101476 1.49523107985
 1.50080404070 1.53998209454 1.54419554214 1.57618884954 1.62846606598
 1.64035108661 1.77043318298 1.78604255569 1.78770733707 1.78921537048
 1.79560227736 1.82063920450 1.84767616966 1.88776552762 1.95399212209
 1.97680776215 2.03027380133 2.03627076237 2.04472513936 2.07125225147
 2.09826109904 2.09971221687 2.10774376649 2.11920782221 2.12079755172
 2.13781898867 2.13810101387 2.15097967517 2.18873886481 2.32632730013
 2.39102906260 2.39291908968 2.44078135044 2.50583478199 2.56145211355]
q: 0.727272727273
position: 32.0
predict(obj=r_59176569, newx=r_41937771)
outer fold: 3
list: length: 68, values: [ 0  1  2  3  4  5  6  7  8  9 10 11 12 13 14 15 16 17 18 19 20 21 22 23 24
 25 26 27 28 29 30 31 32 33 34 35 36 37 38 39 40 41 42 43 44 45 46 47 48 49
 50 51 52 53 54 55 56 57 58 59 60 61 62 63 64 65 66 67]
q: 0.8
position: 54.0
list: length: 68, values: [ 0  1  2  3  4  5  6  7  8  9 10 11 12 13 14 15 16 17 18 19 20 21 22 23 24
 25 26 27 28 29 30 31 32 33 34 35 36 37 38 39 40 41 42 43 44 45 46 47 48 49
 50 51 52 53 54 55 56 57 58 59 60 61 62 63 64 65 66 67]
q: 0.6
position: 41.0
list: length: 68, values: [ 0  1  2  3  4  5  6  7  8  9 10 11 12 13 14 15 16 17 18 19 20 21 22 23 24
 25 26 27 28 29 30 31 32 33 34 35 36 37 38 39 40 41 42 43 44 45 46 47 48 49
 50 51 52 53 54 55 56 57 58 59 60 61 62 63 64 65 66 67]
q: 0.4
position: 27.0
list: length: 68, values: [ 0  1  2  3  4  5  6  7  8  9 10 11 12 13 14 15 16 17 18 19 20 21 22 23 24
 25 26 27 28 29 30 31 32 33 34 35 36 37 38 39 40 41 42 43 44 45 46 47 48 49
 50 51 52 53 54 55 56 57 58 59 60 61 62 63 64 65 66 67]
q: 0.2
position: 14.0
inner fold: 1.0
as.formula(obj='observation~.')
spls.wrap(formula=r_547175, data=r_16683429, selectvars=TRUE)
eta = 0.1 
eta = 0.15 
eta = 0.2 
eta = 0.25 
eta = 0.3 
eta = 0.35 
eta = 0.4 
eta = 0.45 
eta = 0.5 
eta = 0.55 
eta = 0.6 
eta = 0.65 
eta = 0.7 
eta = 0.75 
eta = 0.8 
eta = 0.85 
eta = 0.9 

Optimal parameters: eta = 0.45, K = 2
10 % completed...
20 % completed...
30 % completed...
40 % completed...
50 % completed...
60 % completed...
70 % completed...
80 % completed...
90 % completed...
100 % completed...
predict(obj=r_80268156, newx=r_48801164)
inner fold: 2.0
as.formula(obj='observation~.')
spls.wrap(formula=r_13343215, data=r_64938409, selectvars=TRUE)
eta = 0.1 
eta = 0.15 
eta = 0.2 
eta = 0.25 
eta = 0.3 
eta = 0.35 
eta = 0.4 
eta = 0.45 
eta = 0.5 
eta = 0.55 
eta = 0.6 
eta = 0.65 
eta = 0.7 
eta = 0.75 
eta = 0.8 
eta = 0.85 
eta = 0.9 

Optimal parameters: eta = 0.6, K = 3
10 % completed...
20 % completed...
30 % completed...
40 % completed...
50 % completed...
60 % completed...
70 % completed...
80 % completed...
90 % completed...
100 % completed...
predict(obj=r_24425739, newx=r_7008317)
inner fold: 3.0
as.formula(obj='observation~.')
spls.wrap(formula=r_096159838, data=r_62391445, selectvars=TRUE)
eta = 0.1 
eta = 0.15 
eta = 0.2 
eta = 0.25 
eta = 0.3 
eta = 0.35 
eta = 0.4 
eta = 0.45 
eta = 0.5 
eta = 0.55 
eta = 0.6 
eta = 0.65 
eta = 0.7 
eta = 0.75 
eta = 0.8 
eta = 0.85 
eta = 0.9 

Optimal parameters: eta = 0.9, K = 2
10 % completed...
20 % completed...
30 % completed...
40 % completed...
50 % completed...
60 % completed...
70 % completed...
80 % completed...
90 % completed...
100 % completed...
predict(obj=r_12562307, newx=r_72881687)
inner fold: 4.0
as.formula(obj='observation~.')
spls.wrap(formula=r_70799673, data=r_41718432, selectvars=TRUE)
eta = 0.1 
eta = 0.15 
eta = 0.2 
eta = 0.25 
eta = 0.3 
eta = 0.35 
eta = 0.4 
eta = 0.45 
eta = 0.5 
eta = 0.55 
eta = 0.6 
eta = 0.65 
eta = 0.7 
eta = 0.75 
eta = 0.8 
eta = 0.85 
eta = 0.9 

Optimal parameters: eta = 0.45, K = 1
10 % completed...
20 % completed...
30 % completed...
40 % completed...
50 % completed...
60 % completed...
70 % completed...
80 % completed...
90 % completed...
100 % completed...
predict(obj=r_79709558, newx=r_57357342)
inner fold: 5.0
as.formula(obj='observation~.')
spls.wrap(formula=r_57427062, data=r_69362980, selectvars=TRUE)
eta = 0.1 
eta = 0.15 
eta = 0.2 
eta = 0.25 
eta = 0.3 
eta = 0.35 
eta = 0.4 
eta = 0.45 
eta = 0.5 
eta = 0.55 
eta = 0.6 
eta = 0.65 
eta = 0.7 
eta = 0.75 
eta = 0.8 
eta = 0.85 
eta = 0.9 

Optimal parameters: eta = 0.9, K = 2
10 % completed...
20 % completed...
30 % completed...
40 % completed...
50 % completed...
60 % completed...
70 % completed...
80 % completed...
90 % completed...
100 % completed...
predict(obj=r_31720189, newx=r_78897575)
as.formula(obj='observation~.')
spls.wrap(formula=r_75642032, data=r_16848995, selectvars=TRUE)
eta = 0.1 
eta = 0.15 
eta = 0.2 
eta = 0.25 
eta = 0.3 
eta = 0.35 
eta = 0.4 
eta = 0.45 
eta = 0.5 
eta = 0.55 
eta = 0.6 
eta = 0.65 
eta = 0.7 
eta = 0.75 
eta = 0.8 
eta = 0.85 
eta = 0.9 

Optimal parameters: eta = 0.35, K = 3
10 % completed...
20 % completed...
30 % completed...
40 % completed...
50 % completed...
60 % completed...
70 % completed...
80 % completed...
90 % completed...
100 % completed...
list: length: 51, values: [0.369033422421 0.438544811059 0.589901572404 0.79234796291 1.08458452723
 1.22175233453 1.25137124814 1.26443617021 1.28886581349 1.36481975662
 1.38753136474 1.39174430850 1.4260061672 1.44817909141 1.53078078525
 1.54277753108 1.55078886458 1.55913419623 1.56873855985 1.57484005238
 1.64125593120 1.64913205107 1.65962970514 1.73524112487 1.74945630236
 1.75522415148 1.76160669360 1.77651180193 1.79004662327 1.80664613554
 1.85937956913 1.87195354993 1.87947715873 1.88278672400 1.90076356920
 1.90372492814 1.96729575698 1.99723555492 2.00982260273 2.06518300104
 2.13719241728 2.14463381628 2.14617092329 2.18074324919 2.22103470438
 2.35627747405 2.39289746927 2.40763071416 2.43719373935 2.47746822492
 2.95285587514]
q: 0.974358974359
position: 49.0
predict(obj=r_18446531, newx=r_96305024)
outer fold: 4
list: length: 68, values: [ 0  1  2  3  4  5  6  7  8  9 10 11 12 13 14 15 16 17 18 19 20 21 22 23 24
 25 26 27 28 29 30 31 32 33 34 35 36 37 38 39 40 41 42 43 44 45 46 47 48 49
 50 51 52 53 54 55 56 57 58 59 60 61 62 63 64 65 66 67]
q: 0.8
position: 54.0
list: length: 68, values: [ 0  1  2  3  4  5  6  7  8  9 10 11 12 13 14 15 16 17 18 19 20 21 22 23 24
 25 26 27 28 29 30 31 32 33 34 35 36 37 38 39 40 41 42 43 44 45 46 47 48 49
 50 51 52 53 54 55 56 57 58 59 60 61 62 63 64 65 66 67]
q: 0.6
position: 41.0
list: length: 68, values: [ 0  1  2  3  4  5  6  7  8  9 10 11 12 13 14 15 16 17 18 19 20 21 22 23 24
 25 26 27 28 29 30 31 32 33 34 35 36 37 38 39 40 41 42 43 44 45 46 47 48 49
 50 51 52 53 54 55 56 57 58 59 60 61 62 63 64 65 66 67]
q: 0.4
position: 27.0
list: length: 68, values: [ 0  1  2  3  4  5  6  7  8  9 10 11 12 13 14 15 16 17 18 19 20 21 22 23 24
 25 26 27 28 29 30 31 32 33 34 35 36 37 38 39 40 41 42 43 44 45 46 47 48 49
 50 51 52 53 54 55 56 57 58 59 60 61 62 63 64 65 66 67]
q: 0.2
position: 14.0
inner fold: 1.0
as.formula(obj='observation~.')
spls.wrap(formula=r_62050110, data=r_57470104, selectvars=TRUE)
eta = 0.1 
eta = 0.15 
eta = 0.2 
eta = 0.25 
eta = 0.3 
eta = 0.35 
eta = 0.4 
eta = 0.45 
eta = 0.5 
eta = 0.55 
eta = 0.6 
eta = 0.65 
eta = 0.7 
eta = 0.75 
eta = 0.8 
eta = 0.85 
eta = 0.9 

Optimal parameters: eta = 0.9, K = 2
10 % completed...
20 % completed...
30 % completed...
40 % completed...
50 % completed...
60 % completed...
70 % completed...
80 % completed...
90 % completed...
100 % completed...
predict(obj=r_685149, newx=r_7450710)
inner fold: 2.0
as.formula(obj='observation~.')
spls.wrap(formula=r_55751492, data=r_83573057, selectvars=TRUE)
eta = 0.1 
eta = 0.15 
eta = 0.2 
eta = 0.25 
eta = 0.3 
eta = 0.35 
eta = 0.4 
eta = 0.45 
eta = 0.5 
eta = 0.55 
eta = 0.6 
eta = 0.65 
eta = 0.7 
eta = 0.75 
eta = 0.8 
eta = 0.85 
eta = 0.9 

Optimal parameters: eta = 0.9, K = 2
10 % completed...
20 % completed...
30 % completed...
40 % completed...
50 % completed...
60 % completed...
70 % completed...
80 % completed...
90 % completed...
100 % completed...
predict(obj=r_23914042, newx=r_9029110)
inner fold: 3.0
as.formula(obj='observation~.')
spls.wrap(formula=r_40872152, data=r_12201986, selectvars=TRUE)
eta = 0.1 
eta = 0.15 
eta = 0.2 
eta = 0.25 
eta = 0.3 
eta = 0.35 
eta = 0.4 
eta = 0.45 
eta = 0.5 
eta = 0.55 
eta = 0.6 
eta = 0.65 
eta = 0.7 
eta = 0.75 
eta = 0.8 
eta = 0.85 
eta = 0.9 

Optimal parameters: eta = 0.55, K = 4
10 % completed...
20 % completed...
30 % completed...
40 % completed...
50 % completed...
60 % completed...
70 % completed...
80 % completed...
90 % completed...
100 % completed...
predict(obj=r_70066254, newx=r_44891873)
inner fold: 4.0
as.formula(obj='observation~.')
spls.wrap(formula=r_10746659, data=r_48654746, selectvars=TRUE)
eta = 0.1 
eta = 0.15 
eta = 0.2 
eta = 0.25 
eta = 0.3 
eta = 0.35 
eta = 0.4 
eta = 0.45 
eta = 0.5 
eta = 0.55 
eta = 0.6 
eta = 0.65 
eta = 0.7 
eta = 0.75 
eta = 0.8 
eta = 0.85 
eta = 0.9 

Optimal parameters: eta = 0.1, K = 2
10 % completed...
20 % completed...
30 % completed...
40 % completed...
50 % completed...
60 % completed...
70 % completed...
80 % completed...
90 % completed...
100 % completed...
predict(obj=r_19992799, newx=r_97937475)
inner fold: 5.0
as.formula(obj='observation~.')
spls.wrap(formula=r_93442691, data=r_79242045, selectvars=TRUE)
eta = 0.1 
eta = 0.15 
eta = 0.2 
eta = 0.25 
eta = 0.3 
eta = 0.35 
eta = 0.4 
eta = 0.45 
eta = 0.5 
eta = 0.55 
eta = 0.6 
eta = 0.65 
eta = 0.7 
eta = 0.75 
eta = 0.8 
eta = 0.85 
eta = 0.9 

Optimal parameters: eta = 0.9, K = 3
10 % completed...
20 % completed...
30 % completed...
40 % completed...
50 % completed...
60 % completed...
70 % completed...
80 % completed...
90 % completed...
100 % completed...
predict(obj=r_23320814, newx=r_95070041)
as.formula(obj='observation~.')
spls.wrap(formula=r_58690744, data=r_2057769, selectvars=TRUE)
eta = 0.1 
eta = 0.15 
eta = 0.2 
eta = 0.25 
eta = 0.3 
eta = 0.35 
eta = 0.4 
eta = 0.45 
eta = 0.5 
eta = 0.55 
eta = 0.6 
eta = 0.65 
eta = 0.7 
eta = 0.75 
eta = 0.8 
eta = 0.85 
eta = 0.9 

Optimal parameters: eta = 0.15, K = 2
10 % completed...
20 % completed...
30 % completed...
40 % completed...
50 % completed...
60 % completed...
70 % completed...
80 % completed...
90 % completed...
100 % completed...
list: length: 46, values: [0.601961780716 0.735499740905 0.938585171985 1.03867549475 1.08122233078
 1.24591861072 1.32525311393 1.32867434739 1.3564086811 1.36798313267
 1.37551425360 1.38676678621 1.42039861991 1.48559858295 1.52490427485
 1.52900231466 1.54545547490 1.57929150052 1.60866467535 1.61067627632
 1.64755238829 1.73611044226 1.74273461091 1.76111058697 1.82087633340
 1.94066492964 1.97694255320 1.97884158176 2.01073373867 2.01153537908
 2.01801050817 2.02254395781 2.10185415171 2.10443771472 2.14215434979
 2.16079011550 2.19782667897 2.22029787058 2.22275298916 2.25495778684
 2.34083550200 2.37938223511 2.39037548695 2.41815630235 2.54038379376
 2.66010396050]
q: 0.875
position: 40.0
predict(obj=r_9293934, newx=r_11479924)
outer fold: 5
list: length: 69, values: [ 0  1  2  3  4  5  6  7  8  9 10 11 12 13 14 15 16 17 18 19 20 21 22 23 24
 25 26 27 28 29 30 31 32 33 34 35 36 37 38 39 40 41 42 43 44 45 46 47 48 49
 50 51 52 53 54 55 56 57 58 59 60 61 62 63 64 65 66 67 68]
q: 0.8
position: 55.0
list: length: 69, values: [ 0  1  2  3  4  5  6  7  8  9 10 11 12 13 14 15 16 17 18 19 20 21 22 23 24
 25 26 27 28 29 30 31 32 33 34 35 36 37 38 39 40 41 42 43 44 45 46 47 48 49
 50 51 52 53 54 55 56 57 58 59 60 61 62 63 64 65 66 67 68]
q: 0.6
position: 41.0
list: length: 69, values: [ 0  1  2  3  4  5  6  7  8  9 10 11 12 13 14 15 16 17 18 19 20 21 22 23 24
 25 26 27 28 29 30 31 32 33 34 35 36 37 38 39 40 41 42 43 44 45 46 47 48 49
 50 51 52 53 54 55 56 57 58 59 60 61 62 63 64 65 66 67 68]
q: 0.4
position: 28.0
list: length: 69, values: [ 0  1  2  3  4  5  6  7  8  9 10 11 12 13 14 15 16 17 18 19 20 21 22 23 24
 25 26 27 28 29 30 31 32 33 34 35 36 37 38 39 40 41 42 43 44 45 46 47 48 49
 50 51 52 53 54 55 56 57 58 59 60 61 62 63 64 65 66 67 68]
q: 0.2
position: 14.0
inner fold: 1.0
as.formula(obj='observation~.')
spls.wrap(formula=r_78472602, data=r_89380046, selectvars=TRUE)
eta = 0.1 
eta = 0.15 
eta = 0.2 
eta = 0.25 
eta = 0.3 
eta = 0.35 
eta = 0.4 
eta = 0.45 
eta = 0.5 
eta = 0.55 
eta = 0.6 
eta = 0.65 
eta = 0.7 
eta = 0.75 
eta = 0.8 
eta = 0.85 
eta = 0.9 

Optimal parameters: eta = 0.55, K = 1
10 % completed...
20 % completed...
30 % completed...
40 % completed...
50 % completed...
60 % completed...
70 % completed...
80 % completed...
90 % completed...
100 % completed...
predict(obj=r_21867465, newx=r_59046724)
inner fold: 2.0
as.formula(obj='observation~.')
spls.wrap(formula=r_42169725, data=r_42384464, selectvars=TRUE)
eta = 0.1 
eta = 0.15 
eta = 0.2 
eta = 0.25 
eta = 0.3 
eta = 0.35 
eta = 0.4 
eta = 0.45 
eta = 0.5 
eta = 0.55 
eta = 0.6 
eta = 0.65 
eta = 0.7 
eta = 0.75 
eta = 0.8 
eta = 0.85 
eta = 0.9 

Optimal parameters: eta = 0.6, K = 1
10 % completed...
20 % completed...
30 % completed...
40 % completed...
50 % completed...
60 % completed...
70 % completed...
80 % completed...
90 % completed...
100 % completed...
predict(obj=r_044083472, newx=r_73107104)
inner fold: 3.0
as.formula(obj='observation~.')
spls.wrap(formula=r_83403497, data=r_1839962, selectvars=TRUE)
eta = 0.1 
eta = 0.15 
eta = 0.2 
eta = 0.25 
eta = 0.3 
eta = 0.35 
eta = 0.4 
eta = 0.45 
eta = 0.5 
eta = 0.55 
eta = 0.6 
eta = 0.65 
eta = 0.7 
eta = 0.75 
eta = 0.8 
eta = 0.85 
eta = 0.9 

Optimal parameters: eta = 0.55, K = 2
10 % completed...
20 % completed...
30 % completed...
40 % completed...
50 % completed...
60 % completed...
70 % completed...
80 % completed...
90 % completed...
100 % completed...
predict(obj=r_27741964, newx=r_937096)
inner fold: 4.0
as.formula(obj='observation~.')
spls.wrap(formula=r_76926373, data=r_39659357, selectvars=TRUE)
eta = 0.1 
eta = 0.15 
eta = 0.2 
eta = 0.25 
eta = 0.3 
eta = 0.35 
eta = 0.4 
eta = 0.45 
eta = 0.5 
eta = 0.55 
eta = 0.6 
eta = 0.65 
eta = 0.7 
eta = 0.75 
eta = 0.8 
eta = 0.85 
eta = 0.9 

Optimal parameters: eta = 0.6, K = 1
10 % completed...
20 % completed...
30 % completed...
40 % completed...
50 % completed...
60 % completed...
70 % completed...
80 % completed...
90 % completed...
100 % completed...
predict(obj=r_99600359, newx=r_27708451)
inner fold: 5.0
as.formula(obj='observation~.')
spls.wrap(formula=r_64670121, data=r_21197839, selectvars=TRUE)
eta = 0.1 
eta = 0.15 
eta = 0.2 
eta = 0.25 
eta = 0.3 
eta = 0.35 
eta = 0.4 
eta = 0.45 
eta = 0.5 
eta = 0.55 
eta = 0.6 
eta = 0.65 
eta = 0.7 
eta = 0.75 
eta = 0.8 
eta = 0.85 
eta = 0.9 

Optimal parameters: eta = 0.1, K = 1
10 % completed...
20 % completed...
30 % completed...
40 % completed...
50 % completed...
60 % completed...
70 % completed...
80 % completed...
90 % completed...
100 % completed...
predict(obj=r_22350973, newx=r_94448184)
as.formula(obj='observation~.')
spls.wrap(formula=r_5271845, data=r_19279283, selectvars=TRUE)
eta = 0.1 
eta = 0.15 
eta = 0.2 
eta = 0.25 
eta = 0.3 
eta = 0.35 
eta = 0.4 
eta = 0.45 
eta = 0.5 
eta = 0.55 
eta = 0.6 
eta = 0.65 
eta = 0.7 
eta = 0.75 
eta = 0.8 
eta = 0.85 
eta = 0.9 

Optimal parameters: eta = 0.5, K = 2
10 % completed...
20 % completed...
30 % completed...
40 % completed...
50 % completed...
60 % completed...
70 % completed...
80 % completed...
90 % completed...
100 % completed...
list: length: 52, values: [0.857482631665 0.912504410845 0.963876127933 0.977284706377 1.20583605031
 1.22182216022 1.24845281861 1.29649525734 1.29933923578 1.36464145777
 1.41765382538 1.55646243094 1.57938154497 1.58239238247 1.60145117963
 1.60254054048 1.60818850080 1.62037354889 1.63850930331 1.64507919026
 1.64515653729 1.65095368060 1.70025314659 1.74083584184 1.74863376922
 1.78299375719 1.78446936895 1.80534556259 1.81466018111 1.84566125728
 1.84812605047 1.84870798275 1.86042428537 1.88904858416 1.99095003181
 1.99453736706 1.99872203590 2.00311687901 2.05553887836 2.08971671205
 2.09065176207 2.09642254289 2.21361902004 2.25353321326 2.3270534424
 2.33500119342 2.41922663804 2.42084959090 2.45945334575 2.51359345095
 2.55258298808 2.78217820585]
q: 0.926829268293
position: 48.0
predict(obj=r_89371844, newx=r_26254931)
as.formula(obj='observation~.')
spls.wrap(formula=r_40995956, data=r_3889602, selectvars=TRUE)
eta = 0.1 
eta = 0.15 
eta = 0.2 
eta = 0.25 
eta = 0.3 
eta = 0.35 
eta = 0.4 
eta = 0.45 
eta = 0.5 
eta = 0.55 
eta = 0.6 
eta = 0.65 
eta = 0.7 
eta = 0.75 
eta = 0.8 
eta = 0.85 
eta = 0.9 

Optimal parameters: eta = 0.35, K = 2
10 % completed...
20 % completed...
30 % completed...
40 % completed...
50 % completed...
60 % completed...
70 % completed...
80 % completed...
90 % completed...
100 % completed...
list: length: 61, values: [0.725572873413 0.826299867855 0.919348021643 1.10630485338 1.12073721546
 1.16993258056 1.17375930988 1.24097315024 1.28350452641 1.29828886097
 1.31235975713 1.32777308753 1.34291442445 1.36038813479 1.36399265878
 1.42708153651 1.44201979622 1.52127451931 1.52432320116 1.56481235690
 1.57022675152 1.62080490083 1.64612267490 1.65725474483 1.66231259532
 1.70044378436 1.70369002304 1.72703843017 1.75105962208 1.76368954962
 1.7796200887 1.80845347218 1.89378108105 1.90384650011 1.90661262677
 1.93501510182 1.93712838125 1.95763658261 1.95966079001 1.96747811990
 1.99145723589 1.99268172002 2.00045768008 2.01924865388 2.03092908508
 2.03298989833 2.06179293741 2.09005406268 2.10789335784 2.11216594573
 2.11962650654 2.18564467552 2.25576535359 2.26636105475 2.26681654074
 2.28431507743 2.32823249387 2.42812935618 2.57256116178 2.61617417242
 2.82590075939]
q: 0.9
position: 54.0
