# Seed = 0.0563749333115
# Site = maslowski
# Method = galm
# fold = 1
# threshold = 2.38194871183
# requested specificity = 0.975609756098
# actual training-set specificity = 0.980392156863
# tpos = 0
# tneg = 15
# fpos = 0
# fneg = 1
# raw predictions:
[2.2966331 1.974741 1.7976504 1.4723295 1.5400106 1.1249546 0.95367708
 1.636251 1.4139967 1.3480922 1.2497418 1.344253 0.99873657 1.4110598
 1.4322246 2.0458248]
# truth:
[1.3856063 2.9914033 1.6954817 1.8344207 2.2671717 1.4456042 2.006038
 1.2576786 1.5899496 1.5024271 2.286681 1.5263393 2.1142773 1.3031961
 1.6963564 1.382017]
# fold = 2
# threshold = 2.14161665053
# requested specificity = 0.93023255814
# actual training-set specificity = 0.943396226415
# tpos = 0
# tneg = 10
# fpos = 3
# fneg = 2
# raw predictions:
[1.4905781 2.1616697 1.2419434 1.6100332 1.7633293 1.6677022 1.6060552
 1.4295918 1.3375844 1.3490946 1.238314 1.616753 2.4320873 1.5325109
 2.9910446]
# truth:
[1.075547 1.5611014 1.7581546 1.4785665 2.7629785 3.3837436 2.0652061
 1.5728716 0.99122608 2.1051694 1.8802418 1.4983106 2.1664301 1.3856063
 2.2913689]
# fold = 3
# threshold = 2.31984349649
# requested specificity = 0.955555555556
# actual training-set specificity = 0.962962962963
# tpos = 1
# tneg = 12
# fpos = 0
# fneg = 1
# raw predictions:
[2.0962889 1.4372434 1.8007154 1.578989 1.5553503 2.0057604 2.6094924
 1.3475229 2.1926172 1.3944678 1.5493095 1.5497979 1.5631156 1.5769181]
# truth:
[1.8773713 0.93449845 2.3147097 0.71600334 1.6812412 2.1251558 2.5627685
 1.7566361 2.3040595 0.97772361 1.6551384 3.3837436 1.30103 1.8382192]
# fold = 4
# threshold = 2.31443514423
# requested specificity = 0.975
# actual training-set specificity = 0.980769230769
# tpos = 1
# tneg = 12
# fpos = 2
# fneg = 0
# raw predictions:
[2.1110398 2.6178872 2.8737348 0.94730452 1.0046068 1.7851971 0.96690822
 2.5561351 1.6146782 1.8323141 2.2276528 1.0761815 1.0445185 1.223934
 1.3242119]
# truth:
[1.70927 3.1503265 2.0557605 1.7767012 0.61278386 2.1664301 1.7024305
 0.30103 1.3344538 1.4548449 1.6821451 1.7715875 1.0374265 2.0195317
 1.9822712]
# fold = 5
# threshold = 2.77426586038
# requested specificity = 1.0
# actual training-set specificity = 1.0
# tpos = 0
# tneg = 12
# fpos = 0
# fneg = 2
# raw predictions:
[2.6975339 1.8112461 2.5631076 1.8795273 1.0027971 1.7036264 1.5308768
 1.5035414 2.5675911 1.5783012 1.5446435 1.5052972 1.5619542 1.8589774]
# truth:
[2.0318123 0.79934055 2.1525941 2.7383841 2.0338257 2.0318123 1.5327544
 1.1303338 2.0182843 0.71600334 2.6386889 1.161368 2.1752218 1.2068259]
# Area under ROC curve = 0.731060606061
# aggregate.tpos = 2
# aggregate.tneg = 61
# aggregate.fpos = 5
# aggregate.fneg = 6
# variables: maslowskisum12sqrt, wcqmean48log, beachturbiditybeach, meairtemperaturecover48hrx3y12
# decision threshold: 2.13477819621
