# Seed = 0.499913376269
# Site = kreher
# Method = galm
# fold = 1
# threshold = 2.03277069365
# requested specificity = 0.914285714286
# actual training-set specificity = 0.931818181818
# tpos = 0
# tneg = 11
# fpos = 1
# fneg = 3
# raw predictions:
[1.9229561 1.6053743 1.588578 1.4621198 1.8289764 2.6696219 0.42396946
 1.0174714 1.1066671 1.3195073 1.3103012 1.659809 1.4300221 1.6204427
 1.436703]
# truth:
[2.9914033 0.0 2.7136585 0.93449845 2.3960249 1.7024305 0.0 0.30103
 0.61278386 1.4842998 0.71600334 1.1931246 1.392697 1.4955443 0.61278386]
# fold = 2
# threshold = 1.77688068724
# requested specificity = 0.861111111111
# actual training-set specificity = 0.866666666667
# tpos = 3
# tneg = 8
# fpos = 3
# fneg = 0
# raw predictions:
[1.9512264 0.15049274 1.9879673 1.3323278 1.4770373 3.7703544 2.8888888
 1.3598201 0.5063197 1.1414024 2.2779781 2.0519244 1.4964202 1.0685402]
# truth:
[1.4742163 0.61278386 0.49136169 1.5888317 0.92427929 1.9464523 3.3837436
 0.87506126 0.0 1.0413927 2.4549972 2.512551 1.6009729 2.2370408]
# fold = 3
# threshold = 1.94380113013
# requested specificity = 0.9
# actual training-set specificity = 0.914893617021
# tpos = 1
# tneg = 8
# fpos = 1
# fneg = 3
# raw predictions:
[0.30734514 0.41600979 0.48554121 2.630704 0.71204514 1.2253243 1.0717225
 1.9194318 1.1421582 1.1035777 2.200278 1.7700262 1.8265668]
# truth:
[0.0 2.6386889 2.0406023 2.3040595 0.0 0.71600334 2.8615344 2.1504494
 2.4879863 2.2367891 2.7629785 1.5658478 1.7795965]
# fold = 4
# threshold = 2.18151846220
# requested specificity = 0.944444444444
# actual training-set specificity = 0.954545454545
# tpos = 2
# tneg = 10
# fpos = 2
# fneg = 0
# raw predictions:
[1.0083237 -0.20979463 1.0646821 -0.16651864 3.624423 2.2032535 2.1303619
 1.2595977 1.7681329 2.2474668 1.6954062 2.7612059 1.1400127 0.76918897]
# truth:
[1.1271048 1.4899585 0.79934055 0.0 2.5985717 2.7136585 1.2068259 0.30103
 1.1643529 2.3529539 1.5854607 0.86923172 0.8573325 1.4393327]
# fold = 5
# threshold = 2.04258045192
# requested specificity = 0.918918918919
# actual training-set specificity = 0.931818181818
# tpos = 0
# tneg = 10
# fpos = 2
# fneg = 1
# raw predictions:
[2.0752186 1.2336134 1.2341973 1.4953549 3.45632 0.65995573 0.53412751
 1.3041658 1.6416496 1.3187472 1.2003077 1.1407774 2.0046508]
# truth:
[2.1316187 1.2855573 1.1303338 1.1903317 1.6812412 0.0 0.30103 1.2329961
 2.1525941 0.79934055 1.0374265 0.99122608 2.8615344]
# Area under ROC curve = 0.71978021978
# aggregate.tpos = 6
# aggregate.tneg = 47
# aggregate.fpos = 9
# aggregate.fneg = 7
# variables: minheightabovemodelsealevelmover24hrx3y12, wcqmean48log, beachturbiditybeachlog, meairtemperaturecover48hrx3y12
# decision threshold: 1.99788401045
