# Seed = 0.163463691304
# Site = neshotah
# Method = gbmcv-weighted
# fold = 1
# threshold = -3.10688469118
# requested specificity = 0.9
# actual training-set specificity = 0.905660377358
# tpos = 1
# tneg = 12
# fpos = 3
# fneg = 0
# raw predictions:
[-3.4746132 -4.2187932 -3.5795321 -1.7191016 -3.2646728 -3.5334921
 -3.0822274 -3.0139568 -2.1577329 -3.6802686 -4.0297864 -3.4381665
 -3.5714361 -3.5737064 -3.2616496 -3.3561826]
# truth:
[1.2148438 1.1398791 1.8680564 1.9947569 1.4232459 1.161368 2.0413927
 1.2988531 3.1138431 1.6384893 0.79934055 2.1711412 1.7355989 1.7737864
 0.98677173 1.7505084]
# fold = 2
# threshold = -2.82782836055
# requested specificity = 0.9
# actual training-set specificity = 0.907407407407
# tpos = 0
# tneg = 8
# fpos = 6
# fneg = 0
# raw predictions:
[-2.8069044 -2.84586 -4.013104 -2.6231441 -2.8107792 -2.3913 0.25549555
 -3.4933886 -3.7551864 -3.5581786 -3.4264705 -2.4767116 -3.2136046
 -2.8348701]
# truth:
[1.6170003 0.61278386 1.7846173 1.6201361 1.3856063 1.2329961 2.0726175
 1.20412 1.1643529 0.79239169 1.7226339 1.8175654 1.0791812 1.6444386]
# fold = 3
# threshold = -2.48863302883
# requested specificity = 0.9
# actual training-set specificity = 0.907407407407
# tpos = 1
# tneg = 12
# fpos = 2
# fneg = 0
# raw predictions:
[-3.0373354 -2.4245567 -3.1451765 -3.2051006 -3.2111879 -2.8509046
 -2.6966394 -2.8454034 -1.1786987 -3.1982675 -2.282009 -3.3462864
 -2.6516132 -2.5503322 -2.8247106]
# truth:
[1.2671717 2.0759118 1.5378191 0.79934055 1.382017 1.948413 1.8469553
 0.61278386 2.7875313 0.71600334 1.8920946 1.075547 0.47712126 1.4785665
 2.079543]
# fold = 4
# threshold = -1.25419907837
# requested specificity = 1.0
# actual training-set specificity = 1.0
# tpos = 0
# tneg = 13
# fpos = 0
# fneg = 1
# raw predictions:
[-2.5573925 -3.1031004 -3.4985356 -2.7110889 -1.9067609 -3.3060639
 -2.3226902 -4.1485974 -3.2743133 -3.8352102 -3.0629982 -2.8659955
 -4.1899578 -4.1871216]
# truth:
[1.9036325 1.0374265 2.2652896 0.0 2.4549972 1.510545 2.3232521 0.70757018
 1.4593925 1.7795965 1.3483049 1.9580858 1.4440448 1.1335389]
# fold = 5
# threshold = -3.22676844518
# requested specificity = 0.9
# actual training-set specificity = 0.910714285714
# tpos = 2
# tneg = 6
# fpos = 6
# fneg = 0
# raw predictions:
[-3.2534683 -2.9842333 -3.813709 -4.0015354 -3.1139625 -2.4107695
 -3.0027647 -2.7855044 -1.9811309 -1.5058653 -3.600084 -4.0438378
 -2.9978273 -4.0843552]
# truth:
[1.6730209 2.112605 1.8088859 0.0 1.1271048 1.9057959 1.4456042 0.70757018
 2.836767 2.0437551 0.79934055 0.49136169 2.9914033 1.5502284]
# Area under ROC curve = 0.952941176471
# aggregate.tpos = 4
# aggregate.tneg = 51
# aggregate.fpos = 17
# aggregate.fneg = 1
# variables: tribneshotanorthstormwateroutfallwaterelevation, minheightabovesealevelmover24hr14120, meancloudcoverover1hr14120, perpvwatersurfacemean120hr, perpwaveheightmean6hr
# decision threshold: -2.93478072584
