# Seed = 0.499913376269
# Site = kreher
# Method = galogistic-unweighted
# fold = 1
# threshold = 0.660146891038
# requested specificity = 0.9
# actual training-set specificity = 0.907407407407
# tpos = 2
# tneg = 10
# fpos = 2
# fneg = 1
# raw predictions:
[4.33980281775 -0.501781974363 -7.02163750320 1.88841157716 53.0354095307
 -0.577442536561 -7.67378858578 -14.8976239220 -24.3169278586
 -8.60416238034 -20.6170217748 -1.42637431261 -9.13887214133 7.14941592747
 -5.76777965546]
# truth:
[2.9914033 0.0 2.7136585 0.93449845 2.3960249 1.7024305 0.0 0.30103
 0.61278386 1.4842998 0.71600334 1.1931246 1.392697 1.4955443 0.61278386]
# fold = 2
# threshold = 0.145537253684
# requested specificity = 0.659090909091
# actual training-set specificity = 0.666666666667
# tpos = 0
# tneg = 10
# fpos = 1
# fneg = 3
# raw predictions:
[-0.170228653806 -1.42301880412 1.50586362689 -1.10262488001 -2.48680623352
 -0.148496238891 -0.94318700818 -4.64768564126 -2.66390615743
 -4.65128115694 -1.40694872920 -2.81306746649 -3.86666252079 -1.87794446635]
# truth:
[1.4742163 0.61278386 0.49136169 1.5888317 0.92427929 1.9464523 3.3837436
 0.87506126 0.0 1.0413927 2.4549972 2.512551 1.6009729 2.2370408]
# fold = 3
# threshold = 1.0
# requested specificity = 0.9
# actual training-set specificity = 1.0
# tpos = 0
# tneg = 8
# fpos = 1
# fneg = 4
# raw predictions:
[-450.364868583 -377.141554707 -346.705365926 -492.616691925 -1588.07393774
 -294.753710808 -467.862379946 500.751885815 -247.799074075 -149.860898983
 -214.683709002 -501.282404906 -31.4300720522]
# truth:
[0.0 2.6386889 2.0406023 2.3040595 0.0 0.71600334 2.8615344 2.1504494
 2.4879863 2.2367891 2.7629785 1.5658478 1.7795965]
# fold = 4
# threshold = 1.0
# requested specificity = 0.9
# actual training-set specificity = 1.0
# tpos = 1
# tneg = 9
# fpos = 3
# fneg = 1
# raw predictions:
[118.362103235 -5476.60506681 -551.173834026 -952.162343846 532.924297131
 -883.248397324 -1615.57639076 151.037948292 211.866871042 -347.173814163
 -300.137839657 -1556.28123161 -58.2284658987 -103.096193586]
# truth:
[1.1271048 1.4899585 0.79934055 0.0 2.5985717 2.7136585 1.2068259 0.30103
 1.1643529 2.3529539 1.5854607 0.86923172 0.8573325 1.4393327]
# fold = 5
# threshold = 0.59848503927
# requested specificity = 0.9
# actual training-set specificity = 0.909090909091
# tpos = 0
# tneg = 12
# fpos = 0
# fneg = 1
# raw predictions:
[0.178394998035 -0.393958904375 -3.13101085443 -0.378246237425
 -1.16746420873 -2.66701759486 -2.60466447428 -2.34947030169
 -0.672600364559 -2.46853597601 -4.02007642498 -4.28456033757
 -4.02559884145]
# truth:
[2.1316187 1.2855573 1.1303338 1.1903317 1.6812412 0.0 0.30103 1.2329961
 2.1525941 0.79934055 1.0374265 0.99122608 2.8615344]
# Area under ROC curve = 0.861263736264
# aggregate.tpos = 3
# aggregate.tneg = 49
# aggregate.fpos = 7
# aggregate.fneg = 10
# variables: perpwindmean6hr, wcrainsum6sqrt, wcrainsum12sqrt, minheightabovemodelsealevelmover24hrx3y12
# decision threshold: 0.582933188455
