#lasso
([{'specificity': array([0.96551724, 0.72413793, 0.86206897, 0.89655172, 0.13793103,
       0.20689655, 0.44827586, 0.0, 0.96551724, 0.13793103, 0.89655172,
       0.96551724, 0.89655172]), 'tneg': array([8, 5, 5, 6, 1, 3, 4, 0, 8, 2, 5, 8, 7]), 'fpos': array([0, 3, 3, 2, 7, 5, 4, 8, 0, 6, 3, 0, 1]), 'threshold': [2.6005235687279709, 2.2098474870351756, 2.3022263749459939, 2.4008755237810679, 2.0360577089744694, 2.0703830999572395, 2.116990937170808, 1.8743203526207406, 2.6005235687279709, 2.0360577089744694, 2.3521754715836982, 2.6005235687279709, 2.4775498575845245], 'fneg': array([3, 0, 1, 2, 0, 0, 0, 0, 4, 0, 2, 2, 2]), 'sensitivity': array([0.0, 0.94117647, 0.82352941, 0.58823529, 1.0, 1.0, 1.0, 1.0, 0.0,
       1.0, 0.58823529, 0.0, 0.58823529]), 'tpos': array([2, 5, 4, 3, 5, 5, 5, 5, 1, 5, 3, 3, 3])}, {'specificity': array([0.64516129, 0.32258065, 0.87096774, 0.4516129, 0.96774194,
       0.96774194, 0.22580645, 0.25806452, 0.87096774, 0.38709677,
       0.87096774, 0.77419355]), 'tneg': array([3, 1, 5, 2, 5, 5, 0, 1, 5, 2, 5, 4]), 'fpos': array([3, 5, 1, 4, 1, 1, 6, 5, 1, 4, 1, 2]), 'threshold': [2.1630148711654296, 1.9776734734781081, 2.4119300220766644, 2.078923882197353, 2.6619803344079447, 2.7021646499150682, 1.825169687839463, 1.8510422423520714, 2.3202024332582822, 2.0118921344358558, 2.3353357085103181, 2.2169098467406552], 'fneg': array([2, 1, 4, 2, 5, 6, 0, 0, 2, 1, 3, 2]), 'sensitivity': array([0.875, 1.0, 0.75, 1.0, 0.375, 0.375, 1.0, 1.0, 0.75, 1.0, 0.75, 0.75]), 'tpos': array([4, 5, 2, 4, 1, 0, 6, 6, 4, 5, 3, 4])}, {'specificity': array([0.17857143, 0.75, 0.96428571, 0.17857143, 0.42857143, 0.32142857,
       0.25, 0.71428571, 0.57142857, 0.14285714, 0.42857143]), 'tneg': array([2, 7, 7, 1, 5, 4, 3, 7, 7, 0, 6]), 'fpos': array([6, 1, 1, 7, 3, 4, 5, 1, 1, 8, 2]), 'threshold': [1.8056277987379366, 2.271906719205802, 2.7788585916568094, 1.8056277987379366, 2.0016366776267591, 1.9010932609425546, 1.8391813124232272, 2.2174353775321021, 2.0977241230148822, 1.7870562893531936, 2.0016366776267591], 'fneg': array([0, 2, 3, 0, 0, 0, 0, 1, 0, 0, 0]), 'sensitivity': array([1.0, 0.9, 0.6, 1.0, 1.0, 1.0, 1.0, 0.9, 0.9, 1.0, 1.0]), 'tpos': array([3, 1, 0, 3, 3, 3, 3, 2, 3, 3, 3])}, {'specificity': array([0.82758621, 0.72413793, 0.62068966, 0.93103448, 0.51724138,
       0.86206897, 0.51724138, 0.82758621, 0.51724138, 0.79310345,
       0.51724138, 0.51724138]), 'tneg': array([7, 5, 4, 8, 2, 7, 0, 6, 1, 5, 3, 4]), 'fpos': array([1, 3, 4, 0, 6, 1, 8, 2, 7, 3, 5, 4]), 'threshold': [2.367536557111904, 2.20463007725047, 2.1776006324932147, 2.5143449651559795, 2.1452364489738813, 2.4219167991465587, 2.1452364489738813, 2.2781578570661192, 2.1452364489738813, 2.2409573729602386, 2.1452364489738813, 2.1452364489738813], 'fneg': array([2, 1, 1, 3, 0, 3, 0, 2, 0, 2, 0, 0]), 'sensitivity': array([0.66666667, 0.72222222, 0.77777778, 0.22222222, 0.94444444,
       0.38888889, 0.94444444, 0.66666667, 0.94444444, 0.72222222,
       0.94444444, 0.94444444]), 'tpos': array([2, 3, 3, 1, 4, 1, 4, 2, 4, 2, 4, 4])}, {'specificity': array([0.0, 0.0, 0.0, 0.0, 0.0, 0.0, 0.0, 0.0, 0.0, 0.0, 0.0]), 'tneg': array([3, 2, 0, 0, 3, 1, 4, 6, 5, 7, 8]), 'fpos': array([5, 6, 8, 8, 5, 7, 4, 2, 3, 1, 0]), 'threshold': [2.8173057245692847, 2.8173057245692847, 2.8173057245692847, 2.8173057245692847, 2.8173057245692847, 2.8173057245692847, 2.8173057245692847, 2.8173057245692847, 2.8173057245692847, 2.8173057245692847, 2.8173057245692847], 'fneg': array([1, 1, 0, 1, 2, 1, 2, 2, 2, 2, 2]), 'sensitivity': array([1.0, 1.0, 1.0, 1.0, 1.0, 1.0, 1.0, 1.0, 1.0, 1.0, 1.0]), 'tpos': array([2, 2, 3, 2, 1, 2, 1, 1, 1, 1, 1])}], <Model object at 0x0000000000000716>)
#lasso
([{'specificity': array([0.96428571, 0.35714286, 0.46428571, 0.035714286, 0.0, 0.96428571,
       0.35714286, 0.64285714, 0.89285714, 0.071428571, 0.0, 0.035714286,
       0.25]), 'tneg': array([7, 5, 5, 1, 0, 7, 4, 5, 6, 2, 0, 1, 3]), 'fpos': array([0, 2, 2, 6, 7, 0, 3, 2, 1, 5, 7, 6, 4]), 'threshold': [2.2846593767087242, 2.2417836984203094, 2.243990492872681, 2.1922754841666769, 2.1847446130606891, 2.2846593767087242, 2.2380908220015741, 2.25071925255211, 2.266962803069692, 2.2018258494263319, 2.1751991482845545, 2.1922754841666769, 2.214986202546612], 'fneg': array([4, 2, 3, 2, 1, 5, 2, 4, 4, 2, 0, 1, 2]), 'sensitivity': array([0.21052632, 0.84210526, 0.73684211, 0.94736842, 1.0, 0.21052632,
       0.84210526, 0.68421053, 0.36842105, 0.94736842, 1.0, 0.94736842,
       0.94736842]), 'tpos': array([2, 4, 3, 4, 5, 1, 4, 2, 2, 4, 6, 5, 4])}, {'specificity': array([0.96551724, 0.96551724, 0.96551724, 0.96551724, 0.96551724,
       0.96551724, 0.96551724, 0.96551724, 0.96551724, 0.96551724,
       0.96551724, 0.96551724]), 'tneg': array([2, 8, 8, 8, 6, 4, 5, 3, 4, 7, 1, 0]), 'fpos': array([7, 1, 1, 1, 3, 5, 4, 6, 5, 2, 8, 9]), 'threshold': [2.5682429782815768, 2.5682429782815768, 2.5682429782815768, 2.5682429782815768, 2.5682429782815768, 2.5682429782815768, 2.5682429782815768, 2.5682429782815768, 2.5682429782815768, 2.5682429782815768, 2.5682429782815768, 2.5682429782815768], 'fneg': array([0, 2, 1, 3, 1, 1, 1, 0, 0, 1, 0, 0]), 'sensitivity': array([0.15789474, 0.15789474, 0.15789474, 0.15789474, 0.15789474,
       0.15789474, 0.15789474, 0.15789474, 0.15789474, 0.15789474,
       0.15789474, 0.15789474]), 'tpos': array([3, 1, 2, 0, 2, 2, 2, 3, 3, 2, 3, 3])}, {'specificity': array([0.96666667, 0.96666667, 0.96666667, 0.96666667, 0.96666667,
       0.96666667, 0.96666667, 0.96666667, 0.96666667, 0.96666667,
       0.96666667, 0.96666667]), 'tneg': array([5, 2, 4, 7, 7, 6, 5, 3, 2, 2, 1, 0]), 'fpos': array([2, 5, 3, 0, 0, 1, 2, 4, 5, 5, 6, 7]), 'threshold': [2.8700993414487015, 2.8700993414487015, 2.8700993414487015, 2.8700993414487015, 2.8700993414487015, 2.8700993414487015, 2.8700993414487015, 2.8700993414487015, 2.8700993414487015, 2.8700993414487015, 2.8700993414487015, 2.8700993414487015], 'fneg': array([2, 0, 2, 3, 4, 3, 3, 2, 2, 1, 0, 0]), 'sensitivity': array([0.33333333, 0.33333333, 0.33333333, 0.33333333, 0.33333333,
       0.33333333, 0.33333333, 0.33333333, 0.33333333, 0.33333333,
       0.33333333, 0.33333333]), 'tpos': array([3, 5, 3, 2, 1, 2, 2, 3, 3, 4, 5, 5])}, {'specificity': array([0.42857143, 0.42857143, 0.32142857, 0.85714286, 0.96428571, 0.75,
       0.67857143, 0.071428571, 0.32142857, 0.17857143, 0.25, 0.53571429]), 'tneg': array([3, 3, 3, 5, 6, 4, 3, 0, 2, 1, 2, 3]), 'fpos': array([4, 4, 4, 2, 1, 3, 4, 7, 5, 6, 5, 4]), 'threshold': [2.2069779790032205, 2.2069779790032205, 2.2058091639218165, 2.208444124451737, 2.2088829995023658, 2.2080017064982513, 2.2078600556909169, 2.2043308713777887, 2.2058091639218165, 2.2051205550365882, 2.2052884429171575, 2.2074307032121387], 'fneg': array([3, 2, 1, 5, 5, 5, 5, 0, 1, 0, 0, 4]), 'sensitivity': array([0.65, 0.65, 0.85, 0.2, 0.05, 0.35, 0.4, 1.0, 0.85, 0.95, 0.95, 0.65]), 'tpos': array([2, 3, 4, 0, 0, 0, 0, 5, 4, 5, 5, 1])}, {'specificity': array([0.39285714, 0.17857143, 0.78571429, 0.46428571, 0.78571429, 0.0,
       0.78571429, 0.46428571, 0.46428571, 0.78571429, 0.71428571]), 'tneg': array([2, 1, 8, 3, 7, 0, 7, 5, 4, 7, 6]), 'fpos': array([7, 8, 1, 6, 2, 9, 2, 4, 5, 2, 3]), 'threshold': [2.2515322496502743, 2.2478551902030035, 2.3155053575136328, 2.2548318551606359, 2.3057174973912562, 2.3593365080748456, 2.2871628456363498, 2.2548318551606359, 2.2548318551606359, 2.3057174973912562, 2.2803645195218629], 'fneg': array([0, 0, 2, 0, 1, 0, 0, 0, 0, 2, 0]), 'sensitivity': array([0.80952381, 0.9047619, 0.66666667, 0.76190476, 0.66666667, 1.0,
       0.66666667, 0.76190476, 0.76190476, 0.66666667, 0.66666667]), 'tpos': array([2, 2, 0, 2, 1, 2, 2, 2, 2, 0, 2])}], <Model object at 0x0000000000000D06>)
#lasso
([{'specificity': array([0.86206897, 0.31034483, 0.62068966, 0.55172414, 0.82758621,
       0.82758621, 0.10344828, 0.55172414, 0.55172414, 0.55172414,
       0.75862069, 0.31034483, 0.51724138]), 'tneg': array([9, 1, 5, 5, 7, 8, 0, 4, 3, 4, 6, 1, 2]), 'fpos': array([ 1,  9,  5,  5,  3,  2, 10,  6,  7,  6,  4,  9,  8]), 'threshold': [2.3246874566585252, 2.0252952655835452, 2.1522533311146, 2.1429059099309753, 2.2617789243201294, 2.2617789243201294, 1.9280875878243604, 2.1429059099309753, 2.1381045288761751, 2.1429059099309753, 2.1949458827162722, 2.0252952655835452, 2.1294945993086238], 'fneg': array([3, 0, 3, 2, 3, 3, 0, 1, 1, 2, 3, 1, 1]), 'sensitivity': array([0.44444444, 1.0, 0.83333333, 0.88888889, 0.55555556, 0.55555556,
       1.0, 0.88888889, 0.88888889, 0.88888889, 0.83333333, 1.0, 0.94444444]), 'tpos': array([0, 3, 0, 1, 0, 0, 3, 2, 2, 1, 0, 2, 2])}, {'specificity': array([0.75, 0.85714286, 0.64285714, 0.60714286, 0.89285714, 0.89285714,
       0.89285714, 0.75, 0.0, 0.35714286, 0.71428571, 0.35714286]), 'tneg': array([4, 5, 2, 1, 6, 8, 7, 3, 0, 0, 3, 0]), 'fpos': array([5, 4, 7, 8, 3, 1, 2, 6, 9, 9, 6, 9]), 'threshold': [2.3170051824219069, 2.3339413336463739, 2.2902528639037731, 2.2579293584047484, 2.3439448750843215, 2.4015197039555307, 2.3733771946830315, 2.3170051824219069, 2.696259934809357, 2.1171310864754491, 2.3147308103311666, 2.1171310864754491], 'fneg': array([3, 3, 2, 2, 3, 3, 3, 3, 0, 1, 2, 2]), 'sensitivity': array([0.6, 0.5, 0.7, 0.7, 0.45, 0.45, 0.45, 0.6, 0.95, 0.85, 0.6, 0.85]), 'tpos': array([0, 0, 1, 1, 0, 0, 0, 0, 3, 2, 1, 1])}, {'specificity': array([0.66666667, 0.3, 0.56666667, 0.43333333, 0.2, 0.46666667,
       0.46666667, 0.16666667, 0.96666667, 0.53333333, 0.2, 0.0]), 'tneg': array([7, 4, 7, 4, 2, 5, 6, 1, 8, 7, 3, 0]), 'fpos': array([2, 5, 2, 5, 7, 4, 3, 8, 1, 2, 6, 9]), 'threshold': [2.203471836986981, 2.1945762445970449, 2.2019258346636392, 2.1962887285134554, 2.1894817233820136, 2.1974265134427635, 2.1974265134427635, 2.187899246874343, 2.2125863583315892, 2.1989751150757928, 2.1907093941172997, 2.1788370471182894], 'fneg': array([3, 0, 2, 1, 0, 1, 1, 0, 3, 1, 0, 0]), 'sensitivity': array([0.55555556, 0.83333333, 0.55555556, 0.77777778, 0.94444444,
       0.77777778, 0.77777778, 0.94444444, 0.22222222, 0.66666667,
       0.94444444, 1.0]), 'tpos': array([0, 3, 1, 2, 3, 2, 2, 3, 0, 2, 3, 3])}, {'specificity': array([0.96428571, 0.85714286, 0.28571429, 0.57142857, 0.14285714,
       0.89285714, 0.85714286, 0.64285714, 0.89285714, 0.42857143,
       0.39285714, 0.89285714]), 'tneg': array([7, 4, 1, 3, 0, 6, 4, 3, 4, 2, 1, 5]), 'fpos': array([0, 3, 6, 4, 7, 1, 3, 4, 3, 5, 6, 2]), 'threshold': [2.155450761206446, 2.1462715910212609, 2.1271478490133671, 2.1374667483404952, 2.1243855884510072, 2.1512080129175715, 2.1462715910212609, 2.1413175397673445, 2.1486159424912996, 2.1344758105457831, 2.1333616553217407, 2.1486159424912996], 'fneg': array([4, 2, 0, 1, 0, 4, 3, 2, 4, 1, 1, 4]), 'sensitivity': array([0.05, 0.35, 0.95, 0.7, 1.0, 0.35, 0.35, 0.65, 0.35, 0.75, 0.85, 0.35]), 'tpos': array([1, 3, 5, 4, 5, 1, 2, 3, 1, 4, 4, 1])}, {'specificity': array([0.34482759, 0.65517241, 0.44827586, 0.48275862, 0.96551724,
       0.89655172, 0.0, 0.13793103, 0.4137931, 0.75862069, 0.44827586]), 'tneg': array([2, 5, 3, 4, 6, 5, 0, 1, 2, 5, 4]), 'fpos': array([4, 1, 3, 2, 0, 1, 6, 5, 4, 1, 2]), 'threshold': [2.0844141668094283, 2.1191480670087262, 2.1017008011860474, 2.1085771724676974, 2.2676685543461952, 2.2208983034310905, 2.0662489518077862, 2.0739087071594975, 2.0942310312502341, 2.1240691377439207, 2.108119332077024], 'fneg': array([0, 2, 1, 2, 4, 4, 0, 0, 1, 3, 1]), 'sensitivity': array([0.95, 0.7, 0.85, 0.75, 0.0, 0.5, 1.0, 0.95, 0.95, 0.65, 0.85]), 'tpos': array([5, 3, 4, 3, 1, 1, 5, 5, 4, 2, 4])}], <Model object at 0x00000000000012F6>)
#lasso
([{'specificity': array([0.96666667, 0.96666667, 0.96666667, 0.96666667, 0.96666667,
       0.96666667, 0.96666667, 0.96666667, 0.96666667, 0.96666667,
       0.96666667, 0.96666667, 0.96666667]), 'tneg': array([5, 3, 1, 6, 6, 5, 4, 3, 1, 1, 2, 1, 0]), 'fpos': array([1, 3, 5, 0, 0, 1, 2, 3, 5, 5, 4, 5, 6]), 'threshold': [3.0457934619823512, 3.0457934619823512, 3.0457934619823512, 3.0457934619823512, 3.0457934619823512, 3.0457934619823512, 3.0457934619823512, 3.0457934619823512, 3.0457934619823512, 3.0457934619823512, 3.0457934619823512, 3.0457934619823512, 3.0457934619823512], 'fneg': array([4, 4, 0, 6, 5, 5, 4, 3, 3, 2, 3, 1, 0]), 'sensitivity': array([0.29411765, 0.29411765, 0.29411765, 0.29411765, 0.29411765,
       0.29411765, 0.29411765, 0.29411765, 0.29411765, 0.29411765,
       0.29411765, 0.29411765, 0.29411765]), 'tpos': array([3, 3, 7, 1, 2, 2, 3, 4, 4, 5, 4, 6, 7])}, {'specificity': array([0.96774194, 0.96774194, 0.96774194, 0.96774194, 0.96774194,
       0.96774194, 0.96774194, 0.96774194, 0.96774194, 0.96774194,
       0.96774194, 0.96774194]), 'tneg': array([5, 5, 3, 7, 6, 4, 3, 5, 3, 2, 1, 0]), 'fpos': array([2, 2, 4, 0, 1, 3, 4, 2, 4, 5, 6, 7]), 'threshold': [2.9230790579639052, 2.9230790579639052, 2.9230790579639052, 2.9230790579639052, 2.9230790579639052, 2.9230790579639052, 2.9230790579639052, 2.9230790579639052, 2.9230790579639052, 2.9230790579639052, 2.9230790579639052, 2.9230790579639052], 'fneg': array([3, 2, 0, 4, 4, 2, 2, 4, 1, 0, 0, 0]), 'sensitivity': array([0.29411765, 0.29411765, 0.29411765, 0.29411765, 0.29411765,
       0.29411765, 0.29411765, 0.29411765, 0.29411765, 0.29411765,
       0.29411765, 0.29411765]), 'tpos': array([2, 3, 5, 1, 1, 3, 3, 1, 4, 5, 5, 5])}, {'specificity': array([0.73076923, 0.69230769, 0.84615385, 0.11538462, 0.84615385, 0.5,
       0.15384615, 0.038461538, 0.61538462, 0.34615385, 0.34615385,
       0.11538462]), 'tneg': array([7, 7, 8, 1, 7, 5, 2, 0, 6, 3, 4, 2]), 'fpos': array([1, 1, 0, 7, 1, 3, 6, 8, 2, 5, 4, 6]), 'threshold': [2.2589283249611674, 2.2585369923612, 2.261436065044462, 2.2478627087130381, 2.261436065044462, 2.2545586649792968, 2.2482889285149694, 2.2455828735184937, 2.2569009770966151, 2.2510184761587149, 2.2510184761587149, 2.2478627087130381], 'fneg': array([2, 1, 3, 0, 3, 1, 1, 0, 1, 1, 1, 0]), 'sensitivity': array([0.45454545, 0.45454545, 0.31818182, 1.0, 0.31818182, 0.77272727,
       0.95454545, 1.0, 0.68181818, 0.90909091, 0.90909091, 1.0]), 'tpos': array([2, 3, 1, 4, 1, 3, 3, 4, 3, 3, 3, 4])}, {'specificity': array([0.18518519, 0.25925926, 0.96296296, 0.33333333, 0.96296296,
       0.92592593, 0.48148148, 0.66666667, 0.7037037, 0.66666667,
       0.92592593, 0.48148148]), 'tneg': array([0, 1, 9, 2, 8, 7, 4, 5, 6, 5, 6, 3]), 'fpos': array([10,  9,  1,  8,  2,  3,  6,  5,  4,  5,  4,  7]), 'threshold': [1.5506263406962817, 1.8267563749148441, 2.820122699893457, 1.9104128351272365, 2.7052150074734858, 2.5530290132476559, 2.0339829766943844, 2.2095918664287169, 2.341083931007589, 2.249632798297565, 2.5530290132476559, 2.0339829766943844], 'fneg': array([0, 0, 2, 0, 2, 2, 0, 0, 1, 1, 2, 0]), 'sensitivity': array([1.0, 1.0, 0.33333333, 1.0, 0.33333333, 0.57142857, 1.0, 0.95238095,
       0.9047619, 0.95238095, 0.57142857, 1.0]), 'tpos': array([2, 2, 0, 2, 0, 0, 2, 2, 1, 1, 0, 2])}, {'specificity': array([0.96551724, 0.55172414, 0.82758621, 0.48275862, 0.75862069,
       0.068965517, 0.89655172, 0.10344828, 0.5862069, 0.34482759,
       0.72413793]), 'tneg': array([6, 4, 6, 3, 5, 0, 6, 1, 5, 2, 5]), 'fpos': array([1, 3, 1, 4, 2, 7, 1, 6, 2, 5, 2]), 'threshold': [2.4940418307519474, 2.1974619770055117, 2.3868411889470282, 2.1804099494168745, 2.2873599602599408, 1.9588997246243627, 2.4074358817862258, 1.9842099027431572, 2.2062702254686322, 2.140058908750011, 2.257613565371603], 'fneg': array([4, 0, 2, 0, 2, 0, 3, 0, 0, 0, 1]), 'sensitivity': array([0.35, 0.8, 0.45, 0.8, 0.65, 1.0, 0.45, 1.0, 0.8, 0.9, 0.7]), 'tpos': array([0, 4, 2, 4, 2, 4, 1, 4, 4, 4, 3])}], <Model object at 0x00000000000018E6>)
