# fold = 1
# threshold = 2.59991127825
# requested specificity = 0.967741935484
# actual training-set specificity = 0.945945945946
# tpos = 5
# tneg = 0
# fpos = 11
# fneg = 0
# raw predictions:
[167.03535 135.69059 71.313394 287.0668 141.93173 253.26354 211.54662
 112.55876 44.093552 45.305093 41.277308 29.531406 46.363745 14.893322
 11.637872 11.673102]
# truth:
[3.1138 2.6888 2.4366 2.2871 1.7952 1.5843 1.8681 1.4928 3.3837 1.7308
 1.6375 1.3201 1.1903 2.3516 2.2238 3.3837]
# fold = 2
# threshold = 2.52750398909
# requested specificity = 0.966666666667
# actual training-set specificity = 0.945945945946
# tpos = 5
# tneg = 0
# fpos = 10
# fneg = 0
# raw predictions:
[44.75748 211.84576 384.5481 380.50775 324.5462 233.15968 175.35431
 88.680061 36.541437 56.609191 59.952079 216.05626 31.974787 34.390025
 20.89675]
# truth:
[3.0492 1.3032 2.3829 2.0969 2.2695 3.0492 1.7024 2.1912 0.9345 1.8899
 2.5628 1.2068 2.2227 2.588 2.3041]
# fold = 3
# threshold = 2.52717116171
# requested specificity = 0.966666666667
# actual training-set specificity = 0.945945945946
# tpos = 3
# tneg = 7
# fpos = 3
# fneg = 2
# raw predictions:
[1.9723513 3.0035085 2.5258547 2.5800216 2.9104697 2.2814814 2.0951995
 1.8155102 1.8263404 2.9195173 2.7357604 2.5386855 2.1706201 2.4124003
 2.0067458]
# truth:
[1.0374 1.3541 2.6888 3.3837 2.3577 2.5367 1.8651 1.1173 1.5441 3.0804
 3.3837 2.3398 1.9504 2.236 1.8681]
# fold = 4
# threshold = 2.59612294944
# requested specificity = 0.964285714286
# actual training-set specificity = 0.945945945946
# tpos = 1
# tneg = 8
# fpos = 1
# fneg = 5
# raw predictions:
[2.1859528 2.1596881 2.9365655 2.1038425 2.0703922 2.1173339 1.90839
 2.6968489 1.6651877 2.2704112 2.3707008 1.9400242 2.1098196 2.1761051
 2.399867]
# truth:
[1.6599 3.2388 3.3837 1.6464 2.2363 2.0195 2.1196 2.3308 0.7076 2.8615
 3.1138 1.9939 3.3837 2.1761 3.3837]
# fold = 5
# threshold = 2.28361879813
# requested specificity = 0.8125
# actual training-set specificity = 0.815789473684
# tpos = 4
# tneg = 7
# fpos = 2
# fneg = 1
# raw predictions:
[2.1925348 2.1470797 2.3869158 2.3126861 2.3542024 2.3155066 2.4291916
 1.8998708 2.0961115 2.4364091 2.079414 2.1422174 2.2714346 2.2588844]
# truth:
[0.0 1.933 3.298 2.6387 2.588 2.2867 3.3837 1.8848 2.2227 2.1878 1.0374
 1.9934 2.6638 1.7582]
# fold = overall performance
# tpos = 18
# tneg = 22
# fpos = 27
# fneg = 8
