# fold = 1
# threshold = 2.34589906251
# requested specificity = 0.818181818182
# actual training-set specificity = 0.806451612903
# tpos = 0
# tneg = 16
# fpos = 2
# fneg = 8
# raw predictions:
[2.1156751 2.149282 2.1572851 2.1761281 2.1826076 2.1085137 2.1052384
 1.8495937 1.9018982 1.9384596 2.09839 2.1153921 2.1745651 2.1810021
 2.1975846 2.3154394 2.3081635 2.3149666 2.3179101 2.2146616 2.2232219
 2.2346112 2.2954656 2.3222999 2.3649477 2.3786134]
# truth:
[3.1138 2.6888 2.6888 1.933 2.3577 3.3837 1.3032 2.5367 2.2695 1.6464
 1.7952 3.3837 2.2363 2.0195 2.1912 0.9345 1.5441 1.8899 2.5628 1.7308
 1.6375 1.9934 1.3201 3.1138 2.3041 2.2238]
# fold = 2
# threshold = 2.34687168292
# requested specificity = 0.826086956522
# actual training-set specificity = 0.8125
# tpos = 1
# tneg = 10
# fpos = 7
# fneg = 7
# raw predictions:
[2.3378955 2.358908 2.1659995 2.216661 2.2680458 1.9074909 1.9784949
 2.1386278 2.2233077 2.254113 2.3485803 2.2539975 2.0321852 1.994332
 2.0108958 2.0909187 2.1815321 2.1896486 2.1991258 2.3522297 2.3632389
 2.386076 2.3958072 2.3980601 2.4167445]
# truth:
[1.0374 1.3541 1.6599 2.4366 3.2388 2.2867 3.0492 2.1196 1.8848 2.2227
 2.3308 3.0804 1.5843 1.2068 1.4928 3.3837 2.2227 2.588 2.8615 1.9939
 1.7582 2.236 2.3516 2.1761 3.3837]
# fold = 3
# threshold = 2.34223252417
# requested specificity = 0.869565217391
# actual training-set specificity = 0.857142857143
# tpos = 2
# tneg = 12
# fpos = 2
# fneg = 8
# raw predictions:
[2.219037 2.2245506 2.1811451 2.1264856 2.1166962 2.5569999 2.4743534
 2.4287507 2.3571808 2.3133726 2.2902271 2.2018166 2.261836 2.3069998
 2.1185692 2.1120428 2.1430488 2.1438761 2.159589 2.1330442 2.1479282
 2.133549 2.1459199 2.1313128]
# truth:
[3.0492 0.0 3.298 2.6387 3.3837 2.3829 2.588 2.0969 2.2871 1.8651 1.7024
 1.1173 2.1878 1.8681 0.7076 1.0374 2.6638 1.1903 3.3837 2.3398 1.9504
 3.3837 1.8681 3.3837]
# fold = overall performance
# tpos = 3
# tneg = 38
# fpos = 11
# fneg = 23
