#lasso
([{'specificity': array([0.31034483, 0.79310345, 0.96551724, 0.48275862, 0.96551724,
       0.48275862, 0.37931034, 0.96551724, 0.96551724, 0.96551724,
       0.34482759, 0.96551724, 0.93103448]), 'tneg': array([0, 4, 5, 3, 6, 3, 2, 5, 6, 8, 1, 7, 4]), 'fpos': array([8, 4, 3, 5, 2, 5, 6, 3, 2, 0, 7, 1, 4]), 'threshold': [1.8210014363787637, 2.3126829842642431, 2.6002583471290723, 1.9975034074926203, 2.7003734407912354, 1.9975034074926203, 1.912473412756813, 2.6002583471290723, 2.9209992418187838, 3.0904998181488, 1.8712082180898904, 2.9209992418187838, 2.5563761420961728], 'fneg': array([0, 1, 2, 0, 3, 1, 0, 3, 4, 4, 0, 4, 2]), 'sensitivity': array([1.0, 0.76470588, 0.47058824, 1.0, 0.47058824, 1.0, 1.0, 0.47058824,
       0.47058824, 0.47058824, 1.0, 0.47058824, 0.52941176]), 'tpos': array([5, 4, 3, 5, 2, 4, 5, 2, 1, 1, 5, 1, 3])}, {'specificity': array([0.96428571, 0.96428571, 0.96428571, 0.96428571, 0.96428571,
       0.96428571, 0.96428571, 0.96428571, 0.96428571, 0.96428571,
       0.96428571, 0.96428571]), 'tneg': array([4, 7, 7, 5, 4, 6, 3, 4, 2, 1, 0, 0]), 'fpos': array([4, 1, 1, 3, 4, 2, 5, 4, 6, 7, 8, 8]), 'threshold': [3.2309320778139354, 3.2309320778139354, 3.2309320778139354, 3.2309320778139354, 3.2309320778139354, 3.2309320778139354, 3.2309320778139354, 3.2309320778139354, 3.2309320778139354, 3.2309320778139354, 3.2309320778139354, 3.2309320778139354], 'fneg': array([1, 3, 4, 3, 3, 3, 1, 2, 1, 1, 1, 0]), 'sensitivity': array([0.36842105, 0.36842105, 0.36842105, 0.36842105, 0.36842105,
       0.36842105, 0.36842105, 0.36842105, 0.36842105, 0.36842105,
       0.36842105, 0.36842105]), 'tpos': array([3, 1, 0, 1, 1, 1, 3, 2, 3, 3, 3, 4])}, {'specificity': array([0.96774194, 0.96774194, 0.96774194, 0.96774194, 0.96774194,
       0.96774194, 0.96774194, 0.96774194, 0.96774194, 0.96774194,
       0.96774194]), 'tneg': array([4, 4, 1, 6, 3, 5, 4, 2, 1, 0, 0]), 'fpos': array([2, 2, 5, 0, 3, 1, 2, 4, 5, 6, 6]), 'threshold': [3.1378873403973939, 3.1378873403973939, 3.1378873403973939, 3.1378873403973939, 3.1378873403973939, 3.1378873403973939, 3.1378873403973939, 3.1378873403973939, 3.1378873403973939, 3.1378873403973939, 3.1378873403973939], 'fneg': array([3, 2, 1, 4, 2, 4, 4, 2, 2, 1, 0]), 'sensitivity': array([0.47058824, 0.47058824, 0.47058824, 0.47058824, 0.47058824,
       0.47058824, 0.47058824, 0.47058824, 0.47058824, 0.47058824,
       0.47058824]), 'tpos': array([2, 3, 4, 1, 3, 1, 1, 3, 3, 4, 5])}, {'specificity': array([0.65517241, 0.96551724, 0.96551724, 0.75862069, 0.96551724,
       0.65517241, 0.86206897, 0.75862069, 0.4137931, 0.068965517,
       0.44827586, 0.37931034]), 'tneg': array([4, 6, 6, 5, 7, 3, 5, 4, 2, 0, 3, 1]), 'fpos': array([4, 2, 2, 3, 1, 5, 3, 4, 6, 8, 5, 7]), 'threshold': [2.111177531066228, 2.5789312395208279, 2.5789312395208279, 2.1742874216320351, 2.7296708345680525, 2.111177531066228, 2.3113694669232689, 2.1742874216320351, 1.9828345022953395, 1.3629128807258646, 2.0040489012384994, 1.9117865565354291], 'fneg': array([1, 3, 4, 2, 4, 1, 3, 2, 0, 0, 0, 0]), 'sensitivity': array([1.0, 0.66666667, 0.66666667, 1.0, 0.66666667, 1.0, 0.88888889, 1.0,
       1.0, 1.0, 1.0, 1.0]), 'tpos': array([3, 1, 0, 2, 0, 3, 1, 2, 4, 4, 4, 4])}, {'specificity': array([0.55172414, 0.62068966, 0.13793103, 0.10344828, 0.96551724, 0.0,
       0.068965517, 0.93103448, 0.24137931, 0.13793103, 0.55172414]), 'tneg': array([7, 8, 4, 2, 9, 0, 1, 9, 5, 3, 6]), 'fpos': array([2, 1, 5, 7, 0, 9, 8, 0, 4, 6, 3]), 'threshold': [2.167654684724647, 2.2313404550283167, 1.9076681646383185, 1.8153481049954523, 2.7619282287621414, 1.6013876271725902, 1.7171016094080729, 2.725486608491718, 2.0209395262386418, 1.9076681646383185, 2.167654684724647], 'fneg': array([0, 0, 0, 0, 1, 0, 0, 0, 0, 0, 0]), 'sensitivity': array([1.0, 0.94736842, 1.0, 1.0, 0.26315789, 1.0, 1.0, 0.57894737, 1.0,
       1.0, 1.0]), 'tpos': array([2, 2, 2, 2, 1, 2, 2, 2, 2, 2, 2])}], <Model object at 0x0000000000000716>)
#lasso
([{'specificity': array([0.0, 0.96296296, 0.55555556, 0.62962963, 0.96296296, 0.22222222,
       0.77777778, 0.96296296, 0.0, 0.33333333, 0.22222222, 0.77777778,
       0.85185185]), 'tneg': array([0, 9, 5, 6, 9, 3, 7, 8, 1, 4, 2, 7, 7]), 'fpos': array([9, 0, 4, 3, 0, 6, 2, 1, 8, 5, 7, 2, 2]), 'threshold': [2.8960810178162277, 2.8960810178162277, 2.2336618552992857, 2.2670181396488633, 2.8960810178162277, 1.9705794256688209, 2.3942813907039033, 2.6896766103176555, 1.6193318590657562, 2.1073464128167605, 1.9705794256688209, 2.450756415827247, 2.5048255305095144], 'fneg': array([0, 3, 0, 0, 2, 0, 0, 2, 0, 0, 0, 1, 2]), 'sensitivity': array([1.0, 0.2, 0.95, 0.95, 0.2, 1.0, 0.85, 0.2, 1.0, 1.0, 1.0, 0.85, 0.45]), 'tpos': array([4, 1, 4, 4, 2, 4, 4, 2, 4, 4, 4, 3, 2])}, {'specificity': array([0.96153846, 0.96153846, 0.96153846, 0.96153846, 0.96153846,
       0.96153846, 0.96153846, 0.96153846, 0.96153846, 0.96153846,
       0.65384615, 0.23076923]), 'tneg': array([5, 5, 5, 6, 3, 4, 6, 1, 5, 2, 0, 0]), 'fpos': array([2, 2, 2, 1, 4, 3, 1, 6, 2, 5, 7, 7]), 'threshold': [3.1555958612838486, 3.1555958612838486, 3.1555958612838486, 3.1555958612838486, 3.1555958612838486, 3.1555958612838486, 3.1555958612838486, 2.6295843501118474, 3.1555958612838486, 2.7016313312968365, 2.1734744156424757, 1.7071615073651651], 'fneg': array([1, 4, 2, 4, 1, 1, 5, 1, 3, 1, 1, 0]), 'sensitivity': array([0.40909091, 0.40909091, 0.40909091, 0.40909091, 0.40909091,
       0.40909091, 0.40909091, 0.40909091, 0.40909091, 0.40909091,
       0.81818182, 1.0]), 'tpos': array([4, 1, 3, 1, 4, 4, 0, 4, 2, 4, 4, 5])}, {'specificity': array([0.78571429, 0.82142857, 0.35714286, 0.67857143, 0.92857143,
       0.92857143, 0.82142857, 0.21428571, 0.57142857, 0.96428571,
       0.82142857, 0.57142857]), 'tneg': array([3, 3, 1, 3, 5, 4, 3, 0, 1, 5, 3, 2]), 'fpos': array([3, 3, 5, 3, 1, 2, 3, 6, 5, 1, 3, 4]), 'threshold': [2.2349918922025021, 2.367116988574927, 1.9620893857167081, 2.1562606744876471, 2.5003126211775024, 2.4748745870722804, 2.367116988574927, 1.8931722799637556, 2.0613301814685618, 2.81949367337133, 2.367116988574927, 2.0613301814685618], 'fneg': array([2, 3, 0, 1, 5, 5, 4, 0, 1, 6, 5, 1]), 'sensitivity': array([0.85, 0.8, 1.0, 0.9, 0.45, 0.45, 0.8, 1.0, 1.0, 0.25, 0.8, 1.0]), 'tpos': array([4, 3, 6, 5, 1, 1, 2, 6, 5, 0, 1, 5])}, {'specificity': array([0.96153846, 0.96153846, 0.96153846, 0.96153846, 0.96153846,
       0.96153846, 0.96153846, 0.96153846, 0.96153846, 0.96153846,
       0.96153846, 0.96153846]), 'tneg': array([2, 7, 7, 6, 3, 4, 5, 3, 1, 1, 2, 0]), 'fpos': array([6, 1, 1, 2, 5, 4, 3, 5, 7, 7, 6, 8]), 'threshold': [3.1067847310931107, 3.1067847310931107, 3.1067847310931107, 3.1067847310931107, 3.1067847310931107, 3.1067847310931107, 3.1067847310931107, 3.1067847310931107, 3.1067847310931107, 3.1067847310931107, 3.1067847310931107, 3.1067847310931107], 'fneg': array([2, 3, 4, 3, 3, 3, 3, 2, 1, 0, 1, 0]), 'sensitivity': array([0.22727273, 0.22727273, 0.22727273, 0.22727273, 0.22727273,
       0.22727273, 0.22727273, 0.22727273, 0.22727273, 0.22727273,
       0.22727273, 0.22727273]), 'tpos': array([2, 1, 0, 1, 1, 1, 1, 2, 3, 4, 3, 4])}, {'specificity': array([0.071428571, 0.75, 0.0, 0.53571429, 0.071428571, 0.85714286,
       0.46428571, 0.25, 0.75, 0.92857143, 0.071428571]), 'tneg': array([2, 6, 0, 5, 0, 6, 4, 3, 6, 7, 1]), 'fpos': array([5, 1, 7, 2, 7, 1, 3, 4, 1, 0, 6]), 'threshold': [2.0924043503080378, 2.300259139619973, 2.501454090886404, 2.1509803183324974, 2.0924043503080378, 2.3911514439161103, 2.1437525363691288, 2.1133626265854231, 2.3161218787149633, 2.4871008223339222, 2.0924043503080378], 'fneg': array([1, 1, 0, 1, 1, 3, 1, 1, 2, 3, 1]), 'sensitivity': array([0.95238095, 0.71428571, 1.0, 0.76190476, 0.95238095, 0.42857143,
       0.80952381, 0.85714286, 0.71428571, 0.23809524, 0.95238095]), 'tpos': array([3, 3, 4, 3, 3, 1, 3, 3, 2, 1, 3])}], <Model object at 0x0000000000000D06>)
#lasso
([{'specificity': array([0.96296296, 0.96296296, 0.96296296, 0.96296296, 0.96296296,
       0.96296296, 0.96296296, 0.96296296, 0.96296296, 0.96296296,
       0.96296296, 0.96296296, 0.96296296]), 'tneg': array([6, 5, 2, 8, 7, 6, 3, 4, 1, 2, 0, 0, 0]), 'fpos': array([3, 4, 7, 1, 2, 3, 6, 5, 8, 7, 9, 9, 9]), 'threshold': [3.0501947108459926, 3.0501947108459926, 3.0501947108459926, 3.0501947108459926, 3.0501947108459926, 3.0501947108459926, 3.0501947108459926, 3.0501947108459926, 3.0501947108459926, 3.0501947108459926, 3.0501947108459926, 3.0501947108459926, 3.0501947108459926], 'fneg': array([3, 3, 2, 4, 4, 4, 3, 3, 2, 3, 2, 1, 0]), 'sensitivity': array([0.45, 0.45, 0.45, 0.45, 0.45, 0.45, 0.45, 0.45, 0.45, 0.45, 0.45,
       0.45, 0.45]), 'tpos': array([1, 1, 2, 0, 0, 0, 1, 1, 2, 1, 2, 3, 4])}, {'specificity': array([0.96666667, 0.46666667, 0.73333333, 0.53333333, 0.5, 0.96666667,
       0.033333333, 0.3, 0.96666667, 0.96666667, 0.6, 0.66666667]), 'tneg': array([7, 1, 6, 3, 2, 8, 0, 1, 7, 7, 4, 5]), 'fpos': array([1, 7, 2, 5, 6, 0, 8, 7, 1, 1, 4, 3]), 'threshold': [2.8604211263714392, 2.0776912761248778, 2.2648767030194308, 2.157025616086651, 2.1386949775811135, 2.8604211263714392, 1.5152063925799202, 1.9292393026428749, 2.7203245166007628, 2.5497792730486331, 2.2093968114058429, 2.25274030093486], 'fneg': array([3, 1, 1, 1, 1, 3, 0, 0, 2, 1, 1, 1]), 'sensitivity': array([0.61111111, 1.0, 0.83333333, 1.0, 1.0, 0.61111111, 1.0, 1.0,
       0.61111111, 0.61111111, 0.88888889, 0.83333333]), 'tpos': array([1, 3, 3, 3, 3, 1, 4, 4, 2, 3, 3, 3])}, {'specificity': array([0.90322581, 0.96774194, 0.96774194, 0.032258065, 0.90322581,
       0.90322581, 0.38709677, 0.58064516, 0.0, 0.90322581, 0.5483871,
       0.4516129]), 'tneg': array([4, 6, 6, 1, 4, 4, 2, 4, 0, 5, 3, 3]), 'fpos': array([2, 0, 0, 5, 2, 2, 4, 2, 6, 1, 3, 3]), 'threshold': [2.2425816467180271, 2.465003969753695, 2.465003969753695, 2.0670752497324956, 2.2491952051342854, 2.2491952051342854, 2.1605510332627174, 2.1823140892836412, 2.039436145554693, 2.326199219589753, 2.1743813378090762, 2.1632059333668239], 'fneg': array([2, 4, 5, 0, 3, 4, 0, 1, 0, 4, 1, 0]), 'sensitivity': array([0.58823529, 0.23529412, 0.23529412, 1.0, 0.58823529, 0.58823529,
       0.82352941, 0.76470588, 1.0, 0.58823529, 0.76470588, 0.82352941]), 'tpos': array([4, 2, 1, 6, 3, 2, 6, 5, 6, 2, 5, 6])}, {'specificity': array([0.96551724, 0.96551724, 0.96551724, 0.96551724, 0.96551724,
       0.96551724, 0.96551724, 0.96551724, 0.96551724, 0.96551724,
       0.96551724, 0.96551724]), 'tneg': array([8, 7, 7, 6, 5, 6, 8, 4, 2, 3, 1, 0]), 'fpos': array([1, 2, 2, 3, 4, 3, 1, 5, 7, 6, 8, 9]), 'threshold': [2.8130690040447544, 2.8130690040447544, 2.8130690040447544, 2.8130690040447544, 2.8130690040447544, 2.8130690040447544, 2.8130690040447544, 2.8130690040447544, 2.8130690040447544, 2.8130690040447544, 2.8130690040447544, 2.8130690040447544], 'fneg': array([2, 2, 1, 1, 0, 0, 3, 0, 0, 0, 0, 0]), 'sensitivity': array([0.47368421, 0.47368421, 0.47368421, 0.47368421, 0.47368421,
       0.47368421, 0.47368421, 0.47368421, 0.47368421, 0.47368421,
       0.47368421, 0.47368421]), 'tpos': array([1, 1, 2, 2, 3, 3, 0, 3, 3, 3, 3, 3])}, {'specificity': array([0.2, 0.93333333, 0.86666667, 0.96666667, 0.63333333, 0.73333333,
       0.43333333, 0.7, 0.8, 0.13333333, 0.66666667]), 'tneg': array([1, 7, 7, 7, 3, 5, 2, 4, 6, 0, 4]), 'fpos': array([6, 0, 0, 0, 4, 2, 5, 3, 1, 7, 3]), 'threshold': [1.9284585934845606, 2.4242546958645042, 2.3500513336546218, 2.6136256440886054, 2.1436985915628259, 2.2678147725116715, 2.0994032960724689, 2.2376896476856816, 2.3108052300740733, 1.8795794047496612, 2.230005076935603], 'fneg': array([0, 2, 1, 3, 0, 1, 0, 1, 1, 0, 0]), 'sensitivity': array([1.0, 0.52631579, 0.68421053, 0.47368421, 0.89473684, 0.68421053,
       0.94736842, 0.73684211, 0.68421053, 1.0, 0.78947368]), 'tpos': array([4, 2, 3, 1, 4, 3, 4, 3, 3, 4, 4])}], <Model object at 0x00000000000012F6>)
#lasso
([{'specificity': array([0.67741935, 0.83870968, 0.96774194, 0.61290323, 0.096774194,
       0.032258065, 0.032258065, 0.93548387, 0.032258065, 0.12903226,
       0.032258065, 0.61290323, 0.87096774]), 'tneg': array([8, 8, 9, 6, 4, 3, 0, 9, 1, 5, 2, 7, 8]), 'fpos': array([1, 1, 0, 3, 5, 6, 9, 0, 8, 4, 7, 2, 1]), 'threshold': [2.1685804053147359, 2.2619035731374413, 2.526374020519556, 2.1220130105211217, 1.7039293057176881, 1.5718906244505684, 1.5718906244505684, 2.4427468344574939, 1.5718906244505684, 1.7166243928232905, 1.5718906244505684, 2.1220130105211217, 2.3070126993794737], 'fneg': array([0, 1, 3, 0, 0, 0, 0, 2, 0, 0, 0, 0, 2]), 'sensitivity': array([0.8125, 0.6875, 0.375, 0.9375, 1.0, 1.0, 1.0, 0.5, 1.0, 1.0, 1.0,
       0.9375, 0.625]), 'tpos': array([4, 3, 1, 4, 4, 4, 4, 2, 4, 4, 4, 4, 2])}, {'specificity': array([0.96666667, 0.96666667, 0.96666667, 0.96666667, 0.96666667,
       0.96666667, 0.96666667, 0.96666667, 0.96666667, 0.96666667,
       0.96666667, 0.96666667]), 'tneg': array([4, 5, 3, 2, 9, 8, 7, 2, 3, 6, 1, 0]), 'fpos': array([ 6,  5,  7,  8,  1,  2,  3,  8,  7,  4,  9, 10]), 'threshold': [3.0407614288156637, 3.0407614288156637, 3.0407614288156637, 3.0407614288156637, 3.0407614288156637, 3.0407614288156637, 3.0407614288156637, 3.0407614288156637, 3.0407614288156637, 3.0407614288156637, 3.0407614288156637, 3.0407614288156637], 'fneg': array([2, 2, 1, 0, 2, 2, 2, 1, 2, 2, 0, 0]), 'sensitivity': array([0.5, 0.5, 0.5, 0.5, 0.5, 0.5, 0.5, 0.5, 0.5, 0.5, 0.5, 0.5]), 'tpos': array([0, 0, 1, 2, 0, 0, 0, 1, 0, 0, 2, 2])}, {'specificity': array([0.90625, 0.9375, 0.96875, 0.96875, 0.5625, 0.71875, 0.84375, 0.0,
       0.0, 0.40625, 0.0, 0.875]), 'tneg': array([4, 4, 5, 6, 2, 2, 3, 0, 0, 1, 0, 4]), 'fpos': array([3, 3, 2, 1, 5, 5, 4, 7, 7, 6, 7, 3]), 'threshold': [2.5341835496330773, 2.5874539234328839, 2.6529256771518748, 2.6529256771518748, 2.0251542254066144, 2.1067779098292654, 2.250141347045477, 2.9645998318999229, 1.317596429928849, 1.890215494073316, 2.9645998318999229, 2.3542786522875976], 'fneg': array([4, 5, 5, 5, 2, 3, 3, 1, 2, 2, 0, 3]), 'sensitivity': array([0.4375, 0.3125, 0.25, 0.25, 0.875, 0.75, 0.6875, 1.0, 1.0, 0.9375,
       1.0, 0.6875]), 'tpos': array([1, 0, 0, 0, 3, 2, 2, 4, 3, 3, 5, 2])}, {'specificity': array([0.74193548, 0.67741935, 0.83870968, 0.96774194, 0.41935484,
       0.35483871, 0.70967742, 0.16129032, 0.80645161, 0.16129032,
       0.51612903, 0.51612903]), 'tneg': array([ 8,  6, 10, 10,  3,  2,  7,  1,  9,  0,  5,  4]), 'fpos': array([ 3,  5,  1,  1,  8,  9,  4, 10,  2, 11,  6,  7]), 'threshold': [2.2703996204781056, 2.1971025114490685, 2.4353853039921218, 2.9533782298728433, 1.9637136389128036, 1.925627508089049, 2.22705616077106, 1.5492548311237027, 2.3624958732344519, 1.5492548311237027, 2.0386551794058803, 2.0386551794058803], 'fneg': array([0, 0, 0, 1, 0, 0, 0, 0, 0, 0, 0, 0]), 'sensitivity': array([1.0, 1.0, 0.82352941, 0.52941176, 1.0, 1.0, 1.0, 1.0, 0.82352941,
       1.0, 1.0, 1.0]), 'tpos': array([1, 1, 1, 0, 1, 1, 1, 1, 1, 1, 1, 1])}, {'specificity': array([0.96969697, 0.75757576, 0.42424242, 0.96969697, 0.96969697,
       0.24242424, 0.18181818, 0.45454545, 0.87878788, 0.75757576,
       0.90909091]), 'tneg': array([4, 3, 2, 4, 4, 1, 0, 3, 3, 3, 3]), 'fpos': array([1, 2, 3, 1, 1, 4, 5, 2, 2, 2, 2]), 'threshold': [2.3312084423941513, 2.18957408465339, 2.0434139035207322, 2.3312084423941513, 2.4218532469037246, 1.8571090003196566, 1.7741552984906734, 2.0906154184857213, 2.2751920614766115, 2.18957408465339, 2.2928922188115362], 'fneg': array([4, 2, 0, 5, 6, 0, 0, 0, 3, 1, 4]), 'sensitivity': array([0.4375, 0.875, 1.0, 0.4375, 0.4375, 1.0, 1.0, 0.9375, 0.8125, 0.875,
       0.4375]), 'tpos': array([2, 4, 6, 1, 0, 6, 6, 6, 3, 5, 2])}], <Model object at 0x00000000000018E6>)
#lasso
([{'specificity': array([0.80645161, 0.90322581, 0.93548387, 0.58064516, 0.67741935,
       0.80645161, 0.4516129, 0.51612903, 0.96774194, 0.64516129,
       0.67741935, 0.90322581, 0.38709677]), 'tneg': array([6, 7, 7, 2, 4, 5, 1, 2, 8, 3, 5, 6, 0]), 'fpos': array([2, 1, 1, 6, 4, 3, 7, 6, 0, 5, 3, 2, 8]), 'threshold': [2.3023291476518657, 2.4601099710648207, 2.5324259934731961, 2.1372837916965244, 2.1770366944530122, 2.2935973053657053, 1.9622681761090202, 2.0459632018550447, 2.6756992106848592, 2.1691415606647961, 2.1770366944530122, 2.4601099710648207, 1.9011923715730337], 'fneg': array([2, 3, 4, 1, 1, 2, 0, 0, 4, 1, 1, 3, 0]), 'sensitivity': array([0.82352941, 0.58823529, 0.47058824, 0.94117647, 0.82352941,
       0.82352941, 1.0, 1.0, 0.47058824, 0.82352941, 0.82352941,
       0.58823529, 1.0]), 'tpos': array([3, 2, 1, 4, 4, 3, 5, 5, 1, 4, 4, 2, 5])}, {'specificity': array([0.96296296, 0.96296296, 0.96296296, 0.96296296, 0.96296296,
       0.96296296, 0.96296296, 0.96296296, 0.96296296, 0.96296296,
       0.96296296, 0.96296296]), 'tneg': array([2, 5, 4, 6, 7, 9, 8, 3, 1, 3, 0, 0]), 'fpos': array([ 8,  5,  6,  4,  3,  1,  2,  7,  9,  7, 10, 10]), 'threshold': [3.0528040989426346, 3.0528040989426346, 3.0528040989426346, 3.0528040989426346, 3.0528040989426346, 3.0528040989426346, 3.0528040989426346, 3.0528040989426346, 3.0528040989426346, 3.0528040989426346, 3.0528040989426346, 3.0528040989426346], 'fneg': array([1, 2, 2, 2, 2, 2, 2, 2, 1, 1, 1, 0]), 'sensitivity': array([0.63636364, 0.63636364, 0.63636364, 0.63636364, 0.63636364,
       0.63636364, 0.63636364, 0.63636364, 0.63636364, 0.63636364,
       0.63636364, 0.63636364]), 'tpos': array([1, 0, 0, 0, 0, 0, 0, 0, 1, 1, 1, 2])}, {'specificity': array([0.93548387, 0.48387097, 0.4516129, 0.96774194, 0.22580645,
       0.93548387, 0.41935484, 0.61290323, 0.61290323, 0.74193548,
       0.41935484, 0.5483871]), 'tneg': array([6, 2, 1, 7, 0, 6, 1, 4, 4, 5, 1, 3]), 'fpos': array([1, 5, 6, 0, 7, 1, 6, 3, 3, 2, 6, 4]), 'threshold': [2.493169932084899, 2.0847003276262766, 2.0655954987194409, 2.5811674193099003, 1.7235279559641392, 2.5560104765638196, 1.9942161011995199, 2.1051960791979054, 2.1051960791979054, 2.2955415096648015, 1.9942161011995199, 2.0920180434455036], 'fneg': array([3, 2, 2, 4, 0, 4, 1, 2, 3, 3, 0, 2]), 'sensitivity': array([0.38888889, 1.0, 1.0, 0.22222222, 1.0, 0.38888889, 1.0, 1.0, 1.0,
       0.77777778, 1.0, 1.0]), 'tpos': array([2, 3, 3, 1, 5, 1, 4, 3, 2, 2, 5, 3])}, {'specificity': array([0.033333333, 0.63333333, 0.6, 0.9, 0.83333333, 0.66666667,
       0.66666667, 0.16666667, 0.0, 0.16666667, 0.66666667, 0.9]), 'tneg': array([1, 5, 4, 8, 8, 6, 5, 2, 0, 3, 7, 8]), 'fpos': array([7, 3, 4, 0, 0, 2, 3, 6, 8, 5, 1, 0]), 'threshold': [1.5026764725196031, 2.1437489596828514, 2.0733123327125615, 2.4198052366218272, 2.3379105911317555, 2.1622546041046493, 2.1622546041046493, 1.6866227353494154, 2.9481980009834095, 1.6866227353494154, 2.2092086947458958, 2.5555297931835383], 'fneg': array([0, 0, 0, 2, 1, 1, 1, 0, 0, 0, 1, 3]), 'sensitivity': array([1.0, 0.94736842, 0.94736842, 0.52631579, 0.68421053, 0.89473684,
       0.89473684, 1.0, 1.0, 1.0, 0.89473684, 0.52631579]), 'tpos': array([4, 4, 4, 2, 3, 3, 3, 4, 4, 4, 3, 1])}, {'specificity': array([0.96875, 0.96875, 0.96875, 0.96875, 0.96875, 0.96875, 0.96875,
       0.96875, 0.96875, 0.96875, 0.96875, 0.96875]), 'tneg': array([3, 3, 0, 6, 6, 3, 5, 4, 1, 0, 2, 1]), 'fpos': array([3, 3, 6, 0, 0, 3, 1, 2, 5, 6, 4, 5]), 'threshold': [2.7355578473136095, 2.7355578473136095, 2.7355578473136095, 2.7355578473136095, 2.7355578473136095, 2.7355578473136095, 2.7355578473136095, 2.7355578473136095, 2.7355578473136095, 2.7355578473136095, 2.7355578473136095, 2.7355578473136095], 'fneg': array([3, 2, 0, 5, 4, 4, 4, 4, 2, 1, 2, 1]), 'sensitivity': array([0.35294118, 0.35294118, 0.35294118, 0.35294118, 0.35294118,
       0.35294118, 0.35294118, 0.35294118, 0.35294118, 0.35294118,
       0.35294118, 0.35294118]), 'tpos': array([3, 4, 6, 1, 2, 2, 2, 2, 4, 5, 4, 5])}], <Model object at 0x0000000000001ED6>)
