# fold = 1
# threshold = -0.4568543627
# requested specificity = 0.818181818182
# actual training-set specificity = 0.806451612903
# tpos = 4
# tneg = 12
# fpos = 6
# fneg = 4
# raw predictions:
[-0.48544717 -0.65576642 -0.35163248 -0.64289746 -0.32279411 -0.38185923
 -0.69777224 -0.54618114 -0.44077143 -0.62956296 -0.70748546 -0.47874818
 -0.41618603 -0.62491531 -0.57615321 -0.53582335 -0.68029359 -0.47926225
 -0.39567537 -0.63342652 -0.34856443 -0.3582778 -0.46941746 -0.32329888
 -0.55277881 -0.42071854]
# truth:
[3.1138 2.6888 2.6888 1.933 2.3577 3.3837 1.3032 2.5367 2.2695 1.6464
 1.7952 3.3837 2.2363 2.0195 2.1912 0.9345 1.5441 1.8899 2.5628 1.7308
 1.6375 1.9934 1.3201 3.1138 2.3041 2.2238]
# fold = 2
# threshold = 0.0293812607448
# requested specificity = 0.913043478261
# actual training-set specificity = 0.90625
# tpos = 4
# tneg = 15
# fpos = 2
# fneg = 4
# raw predictions:
[-0.98140612 0.5170668 -0.98877138 0.08260172 -0.97360286 -1.1617931
 0.30796569 -1.2734969 -1.542527 -0.29337324 0.37115254 0.53373837
 -1.519049 -1.1513192 -0.9646535 -0.27213509 -0.40435664 0.074687954
 -0.66389391 -1.0648461 0.0045776567 -0.9750446 -0.90666964 -0.77229881
 -1.0348659]
# truth:
[1.0374 1.3541 1.6599 2.4366 3.2388 2.2867 3.0492 2.1196 1.8848 2.2227
 2.3308 3.0804 1.5843 1.2068 1.4928 3.3837 2.2227 2.588 2.8615 1.9939
 1.7582 2.236 2.3516 2.1761 3.3837]
# fold = 3
# threshold = -0.451222766845
# requested specificity = 0.869565217391
# actual training-set specificity = 0.857142857143
# tpos = 4
# tneg = 9
# fpos = 5
# fneg = 6
# raw predictions:
[-0.51855657 -0.84938901 0.046404306 -0.51539407 -0.57583042 -0.54174829
 -0.12894599 -1.1148508 -0.043796812 -1.4665199 -1.3741523 -1.5515809
 -0.019838727 -0.20819899 -1.4707484 -0.8018763 -0.39600939 -1.5510636
 -0.28490842 -0.13750748 -0.13135931 -0.85904238 -0.66853591 -1.1943607]
# truth:
[3.0492 0.0 3.298 2.6387 3.3837 2.3829 2.588 2.0969 2.2871 1.8651 1.7024
 1.1173 2.1878 1.8681 0.7076 1.0374 2.6638 1.1903 3.3837 2.3398 1.9504
 3.3837 1.8681 3.3837]
# fold = overall performance
# tpos = 12
# tneg = 36
# fpos = 13
# fneg = 14
