#lasso
([{'specificity': array([0.94444444, 0.44444444, 0.44444444, 0.61111111, 0.55555556,
       0.66666667, 0.22222222, 0.88888889, 0.94444444, 0.44444444,
       0.38888889, 0.61111111, 0.16666667, 0.88888889, 0.61111111,
       0.66666667, 0.94444444]), 'tneg': array([12,  5,  4,  7,  6,  9,  1, 11, 11,  3,  2,  7,  0, 11,  8, 10, 11]), 'fpos': array([ 1,  8,  9,  6,  7,  4, 12,  2,  2, 10, 11,  6, 13,  2,  5,  3,  2]), 'threshold': [2.9719538804064469, 1.8342823796461725, 1.8342823796461725, 2.0449879021504405, 1.9231916554383788, 2.1386504416729428, 1.5109986389998975, 2.3976013549760067, 2.5653991588235194, 1.8342823796461725, 1.6560733827952561, 2.0449879021504405, 1.4618889011677192, 2.3976013549760067, 2.0449879021504405, 2.1386504416729428, 2.5653991588235194], 'fneg': array([4, 0, 0, 1, 0, 1, 0, 1, 4, 0, 0, 0, 0, 2, 1, 1, 3]), 'sensitivity': array([0.57142857, 1.0, 1.0, 1.0, 1.0, 1.0, 1.0, 0.64285714, 0.57142857,
       1.0, 1.0, 1.0, 1.0, 0.64285714, 1.0, 1.0, 0.57142857]), 'tpos': array([0, 4, 4, 3, 4, 3, 4, 3, 0, 4, 4, 4, 4, 2, 3, 3, 1])}, {'specificity': array([0.95652174, 0.95652174, 0.95652174, 0.95652174, 0.95652174,
       0.95652174, 0.95652174, 0.95652174, 0.95652174, 0.95652174,
       0.95652174, 0.95652174, 0.95652174, 0.95652174, 0.95652174,
       0.95652174]), 'tneg': array([2, 5, 5, 3, 5, 6, 6, 5, 5, 4, 3, 1, 1, 3, 1, 0]), 'fpos': array([4, 1, 1, 3, 1, 0, 0, 1, 1, 2, 3, 5, 5, 3, 5, 6]), 'threshold': [2.7939293860081738, 2.7939293860081738, 2.7939293860081738, 2.7939293860081738, 2.7939293860081738, 2.7939293860081738, 2.7939293860081738, 2.7939293860081738, 2.7939293860081738, 2.7939293860081738, 2.7939293860081738, 2.7939293860081738, 2.7939293860081738, 2.7939293860081738, 2.7939293860081738, 2.7939293860081738], 'fneg': array([2, 5, 4, 3, 6, 8, 9, 8, 7, 4, 4, 2, 1, 2, 0, 0]), 'sensitivity': array([0.5, 0.5, 0.5, 0.5, 0.5, 0.5, 0.5, 0.5, 0.5, 0.5, 0.5, 0.5, 0.5,
       0.5, 0.5, 0.5]), 'tpos': array([ 8,  5,  6,  7,  4,  2,  1,  2,  3,  6,  6,  8,  9,  8, 10, 10])}, {'specificity': array([0.5, 0.38888889, 0.77777778, 0.83333333, 0.38888889, 0.72222222,
       0.055555556, 0.94444444, 0.38888889, 0.44444444, 0.38888889,
       0.88888889, 0.5, 0.77777778, 0.94444444, 0.72222222]), 'tneg': array([ 7,  1, 10, 11,  3,  9,  0, 12,  2,  5,  4, 11,  6, 10, 11,  8]), 'fpos': array([ 5, 11,  2,  1,  9,  3, 12,  0, 10,  7,  8,  1,  6,  2,  1,  4]), 'threshold': [2.1049358104276776, 1.9704494569786353, 2.3667269881487027, 2.480558691196614, 1.9704494569786353, 2.1775492954754272, 1.6584378161107136, 2.5884860173055078, 1.9704494569786353, 2.0860484308328431, 1.9704494569786353, 2.5368231101117962, 2.1049358104276776, 2.3667269881487027, 2.5884860173055078, 2.1775492954754272], 'fneg': array([0, 0, 0, 1, 0, 0, 0, 3, 0, 0, 0, 2, 0, 1, 3, 0]), 'sensitivity': array([0.93333333, 1.0, 0.86666667, 0.6, 1.0, 0.86666667, 1.0, 0.4, 1.0,
       1.0, 1.0, 0.53333333, 0.93333333, 0.86666667, 0.4, 0.86666667]), 'tpos': array([4, 4, 4, 3, 4, 4, 4, 1, 4, 4, 4, 2, 4, 3, 1, 4])}], <Model object at 0x000000000000051C>)
#lasso
([{'specificity': array([0.63636364, 0.90909091, 0.22727273, 0.86363636, 0.63636364,
       0.86363636, 0.40909091, 0.13636364, 0.95454545, 0.95454545,
       0.63636364, 0.63636364, 0.0, 0.22727273, 0.81818182, 0.86363636,
       0.68181818, 0.45454545]), 'tneg': array([ 7, 10,  3,  9,  7,  9,  4,  1, 10, 10,  6,  5,  0,  2,  8,  9,  8,
        5]), 'fpos': array([ 4,  1,  8,  2,  4,  2,  7, 10,  1,  1,  5,  6, 11,  9,  3,  2,  3,
        6]), 'threshold': [2.2782918167404529, 2.3442239566972844, 2.2564234316814011, 2.3279530966953854, 2.2782918167404529, 2.3279530966953854, 2.2684821110748321, 2.2483977809377476, 2.3983887014688832, 2.3983887014688832, 2.2782918167404529, 2.2782918167404529, 2.2414631072034066, 2.2564234316814011, 2.3004949757947761, 2.3279530966953854, 2.2874785474337767, 2.2747814769121835], 'fneg': array([2, 5, 0, 4, 1, 5, 0, 0, 7, 6, 1, 1, 0, 0, 3, 3, 2, 0]), 'sensitivity': array([0.7, 0.2, 0.9, 0.3, 0.7, 0.3, 0.7, 0.9, 0.2, 0.2, 0.7, 0.7, 1.0,
       0.9, 0.4, 0.3, 0.7, 0.7]), 'tpos': array([5, 2, 7, 3, 6, 2, 7, 7, 0, 1, 6, 6, 7, 7, 4, 4, 5, 7])}, {'specificity': array([0.95454545, 0.95454545, 0.95454545, 0.95454545, 0.95454545,
       0.95454545, 0.95454545, 0.95454545, 0.95454545, 0.95454545,
       0.95454545, 0.95454545, 0.95454545, 0.95454545, 0.95454545,
       0.95454545]), 'tneg': array([ 3,  6,  5,  2, 10,  9,  8,  6,  5,  4,  7,  2,  3,  2,  1,  0]), 'fpos': array([ 8,  5,  6,  9,  1,  2,  3,  5,  6,  7,  4,  9,  8,  9, 10, 11]), 'threshold': [3.1406402934815079, 3.1406402934815079, 3.1406402934815079, 3.1406402934815079, 3.1406402934815079, 3.1406402934815079, 3.1406402934815079, 3.1406402934815079, 3.1406402934815079, 3.1406402934815079, 3.1406402934815079, 3.1406402934815079, 3.1406402934815079, 3.1406402934815079, 3.1406402934815079, 3.1406402934815079], 'fneg': array([2, 4, 3, 0, 5, 5, 5, 5, 4, 3, 5, 1, 3, 2, 0, 0]), 'sensitivity': array([0.66666667, 0.66666667, 0.66666667, 0.66666667, 0.66666667,
       0.66666667, 0.66666667, 0.66666667, 0.66666667, 0.66666667,
       0.66666667, 0.66666667, 0.66666667, 0.66666667, 0.66666667,
       0.66666667]), 'tpos': array([3, 1, 2, 5, 0, 0, 0, 0, 1, 2, 0, 4, 2, 3, 5, 5])}, {'specificity': array([0.36363636, 0.59090909, 0.36363636, 0.72727273, 0.59090909,
       0.59090909, 0.59090909, 0.95454545, 0.68181818, 0.90909091, 0.0,
       0.68181818, 0.95454545, 0.77272727, 0.90909091, 0.95454545]), 'tneg': array([ 1,  2,  1,  7,  5,  4,  3, 10,  6,  8,  0,  6, 11,  7,  7,  9]), 'fpos': array([10,  9, 10,  4,  6,  7,  8,  1,  5,  3, 11,  5,  0,  4,  4,  2]), 'threshold': [1.9961551172578864, 2.1327006093985954, 1.9961551172578864, 2.3506793235269763, 2.1327006093985954, 2.1327006093985954, 2.1327006093985954, 2.6648944405184802, 2.22718841906662, 2.4557807317591283, 2.7967057867454277, 2.3298492428727942, 2.7967057867454277, 2.3614596607108229, 2.4557807317591283, 2.6648944405184802], 'fneg': array([0, 1, 1, 2, 1, 1, 1, 4, 1, 4, 0, 2, 4, 3, 4, 4]), 'sensitivity': array([1.0, 0.91666667, 1.0, 0.58333333, 0.91666667, 0.91666667,
       0.91666667, 0.41666667, 0.91666667, 0.5, 1.0, 0.91666667,
       0.41666667, 0.58333333, 0.5, 0.41666667]), 'tpos': array([5, 4, 4, 3, 4, 4, 4, 1, 4, 1, 5, 3, 1, 2, 1, 1])}], <Model object at 0x0000000000000912>)
#lasso
([{'specificity': array([0.0, 0.0, 0.95238095, 0.95238095, 0.95238095, 0.80952381,
       0.95238095, 0.95238095, 0.57142857, 0.9047619, 0.66666667, 0.0, 0.0,
       0.0, 0.0, 0.95238095, 0.66666667, 0.80952381]), 'tneg': array([ 0,  0, 10,  8,  8,  7,  9,  9,  4,  8,  6,  3,  0,  0,  0,  8,  5,
        7]), 'fpos': array([10, 10,  0,  2,  2,  3,  1,  1,  6,  2,  4,  7, 10, 10, 10,  2,  5,
        3]), 'threshold': [2.2509036296037479, 2.2509036296037479, 2.2509036296037479, 2.1917056614904111, 2.1917056614904111, 2.1361227879983771, 2.1917056614904111, 2.1917056614904111, 2.1322219557473514, 2.1610120820072112, 2.1326106213842, 2.1318423957868777, 2.2509036296037479, 2.2509036296037479, 2.2509036296037479, 2.1917056614904111, 2.1326106213842, 2.1361227879983771], 'fneg': array([0, 0, 7, 5, 4, 2, 7, 6, 2, 3, 2, 2, 0, 0, 0, 6, 2, 3]), 'sensitivity': array([1.0, 1.0, 0.25, 0.25, 0.25, 0.33333333, 0.25, 0.25, 0.5, 0.25,
       0.41666667, 1.0, 1.0, 1.0, 1.0, 0.25, 0.41666667, 0.33333333]), 'tpos': array([8, 8, 1, 3, 4, 6, 1, 2, 6, 5, 6, 6, 8, 8, 8, 2, 6, 5])}, {'specificity': array([0.95, 0.7, 0.5, 0.5, 0.2, 0.95, 0.2, 0.2, 0.2, 0.75, 0.0, 0.35,
       0.95, 0.7, 0.1, 0.0, 0.35]), 'tneg': array([12,  9,  8,  8,  6, 11,  4,  5,  3, 10,  1,  8, 12,  8,  2,  0,  7]), 'fpos': array([ 0,  3,  4,  4,  6,  1,  8,  7,  9,  2, 11,  4,  0,  4, 10, 12,  5]), 'threshold': [2.5537832012025592, 2.2400094846015235, 2.1146048019953727, 2.1146048019953727, 1.9696561687176946, 2.5152404651280476, 1.9158407363289087, 1.9158407363289087, 1.9158407363289087, 2.3170047984420776, 1.7597498553264384, 1.9874641058420939, 2.5537832012025592, 2.2400094846015235, 1.893503703811968, 1.7597498553264384, 1.9874641058420939], 'fneg': array([4, 3, 2, 1, 0, 3, 0, 0, 0, 3, 0, 0, 3, 3, 0, 0, 0]), 'sensitivity': array([0.42857143, 0.71428571, 0.78571429, 0.78571429, 0.92857143,
       0.42857143, 0.92857143, 0.92857143, 0.92857143, 0.71428571, 1.0,
       0.85714286, 0.42857143, 0.71428571, 1.0, 1.0, 0.85714286]), 'tpos': array([1, 2, 3, 4, 5, 2, 5, 5, 5, 2, 5, 5, 2, 2, 5, 5, 5])}, {'specificity': array([0.80952381, 0.33333333, 0.9047619, 0.71428571, 0.0, 0.33333333,
       0.61904762, 0.14285714, 0.61904762, 0.38095238, 0.47619048,
       0.47619048, 0.47619048, 0.52380952, 0.14285714, 0.9047619]), 'tneg': array([11,  4, 12, 10,  0,  3, 10,  2,  9,  5,  8,  7,  6,  8,  1, 12]), 'fpos': array([ 1,  8,  0,  2, 12,  9,  2, 10,  3,  7,  4,  5,  6,  4, 11,  0]), 'threshold': [2.4792359371185806, 2.0926712495470925, 2.5828002425903933, 2.3088599470358075, 1.6679951095043961, 2.0926712495470925, 2.2177908191341285, 1.9633198624918968, 2.2177908191341285, 2.1200763482385221, 2.1374856949105, 2.1374856949105, 2.1374856949105, 2.1649215183453641, 1.9586051338100408, 2.5513387002257542], 'fneg': array([2, 0, 3, 2, 0, 0, 1, 0, 1, 0, 0, 0, 0, 1, 0, 2]), 'sensitivity': array([0.57142857, 0.92857143, 0.42857143, 0.71428571, 1.0, 0.92857143,
       0.85714286, 1.0, 0.85714286, 0.92857143, 0.92857143, 0.92857143,
       0.92857143, 0.92857143, 1.0, 0.42857143]), 'tpos': array([2, 4, 1, 2, 4, 4, 3, 4, 3, 4, 4, 4, 4, 3, 4, 2])}], <Model object at 0x0000000000000D08>)
