#PLS
([{'specificity': array([0.27272727, 0.31818182, 0.0, 0.0, 0.0, 0.045454545, 0.40909091,
       0.31818182, 0.59090909, 0.59090909, 0.59090909, 0.59090909,
       0.81818182, 0.86363636, 0.86363636, 0.95454545, 0.95454545]), 'tneg': array([2, 3, 0, 0, 0, 1, 5, 4, 6, 6, 6, 7, 7, 8, 8, 9, 9]), 'fpos': array([7, 6, 9, 9, 9, 8, 4, 5, 3, 3, 3, 2, 2, 1, 1, 0, 0]), 'threshold': [2.0763273845480539, 2.1026611144324825, 2.34224439504293, 2.34224439504293, 1.7655878214758229, 1.8585145621732768, 2.2227177735134545, 2.1026611144324825, 2.2721153430030725, 2.2788065791871093, 2.2788065791871093, 2.2788065791871093, 2.3112215324764813, 2.3290497859882282, 2.3290497859882282, 2.34224439504293, 2.34224439504293], 'fneg': array([2, 2, 1, 0, 2, 2, 2, 2, 2, 3, 4, 4, 5, 5, 6, 6, 7]), 'sensitivity': array([0.9, 0.9, 1.0, 1.0, 1.0, 1.0, 0.6, 0.9, 0.4, 0.4, 0.4, 0.4, 0.0,
       0.0, 0.0, 0.0, 0.0]), 'tpos': array([6, 6, 7, 8, 6, 6, 6, 6, 6, 5, 4, 4, 3, 3, 2, 2, 1])}, {'specificity': array([0.66666667, 0.71428571, 0.42857143, 0.52380952, 0.52380952, 0.0,
       0.14285714, 0.42857143, 0.42857143, 0.52380952, 0.52380952,
       0.095238095, 0.28571429, 0.52380952, 0.71428571, 0.71428571]), 'tneg': array([7, 8, 4, 6, 7, 0, 2, 3, 4, 6, 5, 1, 2, 5, 8, 9]), 'fpos': array([ 3,  2,  6,  4,  3, 10,  8,  7,  6,  4,  5,  9,  8,  5,  2,  1]), 'threshold': [2.3337204919568419, 2.3398518213882102, 2.2022639588856348, 2.2789790714663725, 2.2886494065481497, 1.8008992320829347, 1.9687986668702282, 2.2022639588856348, 2.2022639588856348, 2.2886494065481497, 2.2789790714663725, 1.9070532421099267, 2.0924718077167377, 2.2789790714663725, 2.3398518213882102, 2.3398518213882102], 'fneg': array([5, 5, 1, 3, 4, 0, 0, 1, 2, 4, 3, 0, 1, 2, 6, 6]), 'sensitivity': array([0.25, 0.25, 0.83333333, 0.58333333, 0.58333333, 0.83333333,
       0.83333333, 0.83333333, 0.83333333, 0.58333333, 0.58333333,
       0.83333333, 0.83333333, 0.58333333, 0.25, 0.25]), 'tpos': array([1, 1, 5, 3, 2, 6, 6, 5, 4, 2, 3, 6, 5, 4, 0, 0])}, {'specificity': array([0.68421053, 0.47368421, 0.57894737, 0.15789474, 0.15789474,
       0.63157895, 0.36842105, 0.10526316, 0.15789474, 0.15789474,
       0.36842105, 0.47368421, 0.73684211, 0.89473684, 0.94736842,
       0.94736842]), 'tneg': array([ 7,  5,  6,  2,  3,  6,  5,  0,  1,  4,  5,  5,  8,  9, 10, 11]), 'fpos': array([ 5,  7,  6, 10,  9,  6,  7, 12, 11,  8,  7,  7,  4,  3,  2,  1]), 'threshold': [2.3595040409571815, 2.2934282356259161, 2.3374559931078021, 2.08355834787351, 2.08355834787351, 2.3480421241739666, 2.1996654698305376, 1.9886330017485758, 2.035112133235641, 2.08355834787351, 2.1996654698305376, 2.2934282356259161, 2.3759252305051839, 2.3996896145559909, 2.4089282128885814, 2.4089282128885814], 'fneg': array([4, 2, 3, 0, 0, 4, 0, 0, 0, 0, 1, 3, 4, 4, 4, 4]), 'sensitivity': array([0.35714286, 0.71428571, 0.42857143, 0.85714286, 0.85714286,
       0.42857143, 0.78571429, 0.85714286, 0.85714286, 0.85714286,
       0.78571429, 0.71428571, 0.28571429, 0.21428571, 0.14285714,
       0.14285714]), 'tpos': array([0, 2, 1, 4, 4, 0, 4, 4, 4, 4, 3, 1, 0, 0, 0, 0])}], <Model object at 0x0000000000000911>)
#PLS
([{'specificity': array([0.35294118, 0.35294118, 0.41176471, 0.47058824, 0.35294118, 0.0,
       0.29411765, 0.29411765, 0.47058824, 0.52941176, 0.29411765,
       0.29411765, 0.29411765, 0.35294118, 0.35294118, 0.41176471,
       0.76470588, 0.94117647]), 'tneg': array([ 6,  7, 11, 12,  8,  0,  3,  4, 12, 13,  1,  2,  5,  9, 10, 11, 14,
       14]), 'fpos': array([ 9,  8,  4,  3,  7, 15, 12, 11,  3,  2, 14, 13, 10,  6,  5,  4,  1,
        1]), 'threshold': [2.3628067070891841, 2.3628067070891841, 2.3879378064803904, 2.4416301988583213, 2.3628067070891841, 2.5184092962698079, 2.2931270537318, 2.2931270537318, 2.4463015489002355, 2.4635354565430996, 2.2931270537318, 2.2931270537318, 2.2931270537318, 2.3628067070891841, 2.3628067070891841, 2.4177156847975985, 2.4998640037967923, 2.5119074254547114], 'fneg': array([0, 0, 0, 1, 0, 0, 0, 0, 2, 2, 0, 0, 0, 0, 0, 1, 2, 3]), 'sensitivity': array([0.66666667, 0.66666667, 0.6, 0.53333333, 0.66666667, 1.0, 0.8, 0.8,
       0.53333333, 0.33333333, 0.8, 0.8, 0.8, 0.66666667, 0.66666667, 0.6,
       0.13333333, 0.066666667]), 'tpos': array([3, 3, 3, 2, 3, 3, 3, 3, 1, 1, 3, 3, 3, 3, 3, 2, 1, 0])}, {'specificity': array([0.45833333, 0.66666667, 0.625, 0.0, 0.0, 0.0, 0.20833333, 0.875,
       0.79166667, 0.70833333, 0.70833333, 0.75, 0.79166667, 0.875,
       0.91666667, 0.91666667]), 'tneg': array([2, 2, 2, 1, 1, 0, 1, 5, 4, 3, 3, 4, 5, 5, 6, 7]), 'fpos': array([6, 6, 6, 7, 7, 8, 7, 3, 4, 5, 5, 4, 3, 3, 2, 1]), 'threshold': [2.0389864799359505, 2.0684775278281875, 2.0564413141792959, 1.7773876361699625, 2.3110888881126717, 2.3110888881126717, 1.9475986424857692, 2.242258483862491, 2.2313229601276761, 2.176319891252219, 2.176319891252219, 2.21708539178825, 2.2313229601276761, 2.2665436233735603, 2.2918397487108058, 2.2918397487108058], 'fneg': array([2, 4, 3, 1, 0, 0, 2, 7, 6, 4, 5, 5, 6, 8, 8, 8]), 'sensitivity': array([0.8, 0.7, 0.7, 0.9, 0.9, 0.9, 0.9, 0.3, 0.3, 0.6, 0.6, 0.3, 0.3,
       0.3, 0.2, 0.2]), 'tpos': array([6, 4, 5, 7, 8, 8, 6, 1, 2, 4, 3, 3, 2, 0, 0, 0])}, {'specificity': array([0.82608696, 0.52173913, 0.43478261, 0.56521739, 0.043478261,
       0.043478261, 0.043478261, 0.17391304, 0.2173913, 0.2173913,
       0.39130435, 0.69565217, 0.73913043, 0.30434783, 0.82608696,
       0.91304348]), 'tneg': array([8, 6, 6, 6, 2, 0, 1, 2, 3, 4, 5, 6, 7, 4, 8, 9]), 'fpos': array([1, 3, 3, 3, 7, 9, 8, 7, 6, 5, 4, 3, 2, 5, 1, 0]), 'threshold': [2.349690054436488, 2.0890332028759668, 2.0444400280651194, 2.1642043145614687, 1.7518957686169234, 1.7348266083278505, 1.7348266083278505, 1.8892265005007907, 1.9131430488110284, 1.9131430488110284, 2.0080329685655811, 2.2955200297667493, 2.3059859397470897, 1.9506873713557307, 2.349690054436488, 2.3835204916233019], 'fneg': array([5, 3, 2, 4, 0, 0, 0, 1, 1, 1, 2, 5, 5, 2, 6, 6]), 'sensitivity': array([0.090909091, 0.72727273, 0.72727273, 0.72727273, 1.0, 1.0, 1.0,
       0.81818182, 0.81818182, 0.81818182, 0.81818182, 0.36363636,
       0.18181818, 0.81818182, 0.090909091, 0.0]), 'tpos': array([2, 4, 5, 3, 7, 7, 7, 6, 6, 6, 5, 2, 2, 5, 1, 1])}], <Model object at 0x00000000000010FC>)
#PLS
([{'specificity': array([0.34782609, 0.39130435, 0.47826087, 0.39130435, 0.13043478,
       0.34782609, 0.39130435, 0.52173913, 0.69565217, 0.47826087,
       0.39130435, 0.34782609, 0.86956522, 0.86956522, 0.043478261,
       0.043478261, 0.043478261, 0.0]), 'tneg': array([ 4,  5,  7,  6,  3,  5,  6,  8,  9,  7,  6,  5, 10, 11,  0,  2,  1,
        0]), 'fpos': array([ 8,  7,  5,  6,  9,  7,  6,  4,  3,  5,  6,  7,  2,  1, 12, 10, 11,
       12]), 'threshold': [1.9955419307226248, 2.0379247829344185, 2.1371072284644885, 2.1003902134102304, 1.9557035802759495, 2.0258558074361508, 2.081186983954729, 2.1725630190672836, 2.2592145866722859, 2.1371072284644885, 2.1003902134102304, 1.9955419307226248, 2.3102054330921762, 2.3102054330921762, 1.9234682583394216, 1.9234682583394216, 1.9234682583394216, 2.3817691577147921], 'fneg': array([1, 3, 5, 4, 1, 2, 3, 6, 6, 6, 5, 1, 6, 6, 1, 1, 1, 0]), 'sensitivity': array([0.9, 0.8, 0.5, 0.8, 1.0, 0.9, 0.8, 0.5, 0.4, 0.5, 0.8, 0.9, 0.2,
       0.2, 1.0, 1.0, 1.0, 1.0]), 'tpos': array([5, 3, 1, 2, 5, 4, 3, 0, 0, 0, 1, 5, 0, 0, 5, 5, 5, 6])}, {'specificity': array([0.42857143, 0.71428571, 0.71428571, 0.9047619, 0.9047619, 0.9047619,
       0.71428571, 0.66666667, 0.66666667, 0.33333333, 0.66666667,
       0.95238095, 0.28571429, 0.0, 0.0, 0.42857143, 0.047619048]), 'tneg': array([ 4, 10,  9, 10, 12, 11,  8,  7,  5,  3,  6, 13,  3,  1,  0,  4,  2]), 'fpos': array([10,  4,  5,  4,  2,  3,  6,  7,  9, 11,  8,  1, 11, 13, 14, 10, 12]), 'threshold': [2.2022124463229673, 2.2904572556132772, 2.2904572556132772, 2.4563496048740072, 2.5061057877048118, 2.5061057877048118, 2.2904572556132772, 2.2577902847392806, 2.2577902847392806, 2.1881325226445685, 2.2577902847392806, 2.6044148968902712, 2.1803963574825542, 2.1469874075304896, 2.1469874075304896, 2.2022124463229673, 2.1629911757378273], 'fneg': array([2, 2, 2, 3, 3, 3, 2, 2, 2, 1, 2, 3, 0, 0, 0, 1, 0]), 'sensitivity': array([0.69230769, 0.53846154, 0.53846154, 0.30769231, 0.30769231,
       0.30769231, 0.53846154, 0.61538462, 0.61538462, 0.69230769,
       0.61538462, 0.076923077, 0.76923077, 1.0, 1.0, 0.69230769,
       0.84615385]), 'tpos': array([1, 1, 1, 0, 0, 0, 1, 1, 1, 2, 1, 0, 3, 3, 3, 2, 3])}, {'specificity': array([0.46153846, 0.38461538, 0.076923077, 0.11538462, 0.15384615,
       0.69230769, 0.69230769, 0.76923077, 0.076923077, 0.34615385,
       0.34615385, 0.53846154, 0.57692308, 0.76923077, 0.76923077,
       0.92307692]), 'tneg': array([4, 4, 0, 1, 2, 4, 5, 8, 0, 2, 3, 4, 4, 6, 7, 8]), 'fpos': array([5, 5, 9, 8, 7, 5, 4, 1, 9, 7, 6, 5, 5, 3, 2, 1]), 'threshold': [2.1942184327897305, 2.176148271200792, 2.0372481328367846, 2.0891602980546677, 2.11995745985113, 2.2591156620110286, 2.2591156620110286, 2.2688708692188215, 2.0372481328367846, 2.1728742333298405, 2.1750261164137696, 2.2041360228076035, 2.2070977844568236, 2.2688708692188215, 2.2688708692188215, 2.2972822755866456], 'fneg': array([3, 2, 0, 1, 1, 6, 6, 6, 1, 2, 2, 4, 5, 6, 6, 7]), 'sensitivity': array([0.66666667, 0.66666667, 1.0, 0.88888889, 0.88888889, 0.22222222,
       0.22222222, 0.11111111, 1.0, 0.77777778, 0.77777778, 0.55555556,
       0.44444444, 0.11111111, 0.11111111, 0.11111111]), 'tpos': array([4, 5, 7, 6, 6, 1, 1, 1, 6, 5, 5, 3, 2, 1, 1, 0])}], <Model object at 0x00000000000018E7>)
