#lasso
([{'specificity': array([0.0, 0.81481481, 0.0, 0.11111111, 0.96296296, 0.96296296,
       0.44444444, 0.40740741, 0.96296296, 0.48148148, 0.0, 0.48148148,
       0.18518519]), 'tneg': array([0, 5, 1, 1, 7, 7, 2, 1, 6, 4, 0, 3, 1]), 'fpos': array([8, 3, 7, 7, 1, 1, 6, 7, 2, 4, 8, 5, 7]), 'threshold': [2.2205038748008796, 2.2145832379282413, 2.2205038748008796, 2.184939192772247, 2.2205038748008796, 2.2205038748008796, 2.1962409162066905, 2.1934076796232689, 2.2181991518641988, 2.1996548507472382, 2.2205038748008796, 2.1996548507472382, 2.1867501161315137], 'fneg': array([0, 4, 1, 2, 4, 5, 4, 4, 4, 4, 1, 4, 3]), 'sensitivity': array([1.0, 0.52631579, 1.0, 1.0, 0.31578947, 0.31578947, 0.73684211,
       0.73684211, 0.31578947, 0.73684211, 1.0, 0.73684211, 0.89473684]), 'tpos': array([5, 1, 4, 3, 1, 0, 1, 1, 1, 1, 4, 1, 2])}, {'specificity': array([0.51724138, 0.72413793, 0.86206897, 0.27586207, 0.89655172,
       0.068965517, 0.86206897, 0.44827586, 0.17241379, 0.65517241, 0.0,
       0.13793103]), 'tneg': array([4, 5, 5, 3, 6, 1, 5, 3, 3, 5, 0, 2]), 'fpos': array([3, 2, 2, 4, 1, 6, 2, 4, 4, 2, 7, 5]), 'threshold': [2.2356614019862131, 2.2682702146266216, 2.2884209596514298, 2.1993370646751997, 2.3278825242312768, 2.1539289940492843, 2.2884209596514298, 2.221261399701322, 2.1930721872276391, 2.2525945937428671, 2.1320855664427416, 2.1813060403697571], 'fneg': array([2, 3, 4, 1, 5, 0, 5, 2, 0, 2, 0, 0]), 'sensitivity': array([0.66666667, 0.66666667, 0.55555556, 0.88888889, 0.44444444, 1.0,
       0.55555556, 0.72222222, 0.94444444, 0.66666667, 1.0, 0.94444444]), 'tpos': array([3, 2, 1, 4, 0, 5, 0, 3, 5, 3, 5, 5])}, {'specificity': array([0.96296296, 0.48148148, 0.88888889, 0.59259259, 0.59259259,
       0.55555556, 0.0, 0.0, 0.92592593, 0.0, 0.2962963]), 'tneg': array([9, 4, 7, 5, 6, 4, 1, 0, 8, 2, 3]), 'fpos': array([ 1,  6,  3,  5,  4,  6,  9, 10,  2,  8,  7]), 'threshold': [2.8666754646210495, 2.0911044460740911, 2.4105559765897535, 2.1929864956189271, 2.2085669745156911, 2.1836677431444964, 2.8666754646210495, 2.8666754646210495, 2.6279503027653592, 2.8666754646210495, 2.0006162872241449], 'fneg': array([1, 0, 1, 1, 1, 1, 0, 0, 1, 0, 0]), 'sensitivity': array([0.33333333, 0.95238095, 0.76190476, 0.95238095, 0.95238095,
       0.95238095, 1.0, 1.0, 0.71428571, 1.0, 1.0]), 'tpos': array([0, 1, 0, 0, 0, 0, 1, 1, 0, 1, 1])}, {'specificity': array([0.0, 0.0, 0.0, 0.0, 0.0, 0.0, 0.0, 0.0, 0.0, 0.0, 0.0, 0.0]), 'tneg': array([2, 1, 4, 0, 2, 3, 7, 5, 5, 6, 8, 9]), 'fpos': array([7, 8, 5, 9, 7, 6, 2, 4, 4, 3, 1, 0]), 'threshold': [2.6013645155928877, 2.6013645155928877, 2.6013645155928877, 2.6013645155928877, 2.6013645155928877, 2.6013645155928877, 2.6013645155928877, 2.6013645155928877, 2.6013645155928877, 2.6013645155928877, 2.6013645155928877, 2.6013645155928877], 'fneg': array([0, 0, 1, 0, 1, 1, 2, 1, 2, 2, 2, 2]), 'sensitivity': array([1.0, 1.0, 1.0, 1.0, 1.0, 1.0, 1.0, 1.0, 1.0, 1.0, 1.0, 1.0]), 'tpos': array([3, 3, 2, 3, 2, 2, 1, 2, 1, 1, 1, 1])}, {'specificity': array([0.74193548, 0.22580645, 0.77419355, 0.80645161, 0.80645161,
       0.41935484, 0.4516129, 0.70967742, 0.87096774, 0.70967742,
       0.70967742]), 'tneg': array([2, 0, 2, 2, 2, 0, 0, 2, 3, 2, 1]), 'fpos': array([2, 4, 2, 2, 2, 4, 4, 2, 1, 2, 3]), 'threshold': [2.187461652554493, 1.956910054901216, 2.2161816462477937, 2.2333164247385775, 2.268417390091416, 2.0596459471887028, 2.0794608564718398, 2.1670683546696172, 2.3212615624967987, 2.1670683546696172, 2.1670683546696172], 'fneg': array([4, 0, 5, 6, 7, 1, 2, 2, 7, 3, 2]), 'sensitivity': array([0.70588235, 1.0, 0.64705882, 0.52941176, 0.52941176, 0.88235294,
       0.88235294, 0.70588235, 0.23529412, 0.70588235, 0.70588235]), 'tpos': array([3, 7, 2, 1, 0, 6, 5, 5, 0, 4, 5])}], <Model object at 0x0000000000000716>)
#lasso
([{'specificity': array([0.16129032, 0.32258065, 0.35483871, 0.29032258, 0.41935484,
       0.25806452, 0.16129032, 0.29032258, 0.16129032, 0.64516129,
       0.51612903, 0.35483871, 0.64516129]), 'tneg': array([ 1,  5,  6,  4,  8,  3,  2,  5,  0, 10,  9,  7,  9]), 'fpos': array([10,  6,  5,  7,  3,  8,  9,  6, 11,  1,  2,  4,  2]), 'threshold': [1.8057839342123809, 2.0093865910670581, 2.0234124018630948, 1.9477913120809602, 2.0557576290111395, 1.936268083456516, 1.8057839342123809, 1.9477913120809602, 1.8057839342123809, 2.1130339205005892, 2.0830411995538602, 2.0234124018630948, 2.0997668180568234], 'fneg': array([0, 1, 1, 0, 1, 0, 0, 0, 0, 2, 1, 1, 2]), 'sensitivity': array([1.0, 1.0, 1.0, 1.0, 1.0, 1.0, 1.0, 1.0, 1.0, 0.9375, 1.0, 1.0,
       0.9375]), 'tpos': array([2, 1, 1, 2, 1, 2, 2, 2, 2, 0, 1, 1, 0])}, {'specificity': array([0.96774194, 0.96774194, 0.96774194, 0.96774194, 0.96774194,
       0.96774194, 0.96774194, 0.96774194, 0.96774194, 0.96774194,
       0.96774194, 0.96774194]), 'tneg': array([3, 2, 4, 5, 8, 7, 3, 1, 2, 6, 0, 0]), 'fpos': array([5, 6, 4, 3, 0, 1, 5, 7, 6, 2, 8, 8]), 'threshold': [2.5895151787256196, 2.5895151787256196, 2.5895151787256196, 2.5895151787256196, 2.5895151787256196, 2.5895151787256196, 2.5895151787256196, 2.5895151787256196, 2.5895151787256196, 2.5895151787256196, 2.5895151787256196, 2.5895151787256196], 'fneg': array([2, 1, 3, 3, 3, 3, 3, 1, 2, 3, 1, 0]), 'sensitivity': array([0.17647059, 0.17647059, 0.17647059, 0.17647059, 0.17647059,
       0.17647059, 0.17647059, 0.17647059, 0.17647059, 0.17647059,
       0.17647059, 0.17647059]), 'tpos': array([2, 3, 1, 1, 1, 1, 1, 3, 2, 1, 3, 4])}, {'specificity': array([0.96774194, 0.96774194, 0.96774194, 0.96774194, 0.96774194,
       0.96774194, 0.96774194, 0.96774194, 0.96774194, 0.96774194,
       0.96774194, 0.96774194]), 'tneg': array([4, 2, 6, 0, 3, 2, 2, 4, 5, 5, 1, 0]), 'fpos': array([3, 5, 1, 7, 4, 5, 5, 3, 2, 2, 6, 7]), 'threshold': [2.7581455312622087, 2.7581455312622087, 2.7581455312622087, 2.7581455312622087, 2.7581455312622087, 2.7581455312622087, 2.7581455312622087, 2.7581455312622087, 2.7581455312622087, 2.7581455312622087, 2.7581455312622087, 2.7581455312622087], 'fneg': array([3, 1, 5, 1, 3, 3, 2, 4, 4, 5, 1, 0]), 'sensitivity': array([0.11764706, 0.11764706, 0.11764706, 0.11764706, 0.11764706,
       0.11764706, 0.11764706, 0.11764706, 0.11764706, 0.11764706,
       0.11764706, 0.11764706]), 'tpos': array([2, 4, 0, 4, 2, 2, 3, 1, 1, 0, 4, 5])}, {'specificity': array([0.96666667, 0.96666667, 0.96666667, 0.96666667, 0.96666667,
       0.96666667, 0.96666667, 0.96666667, 0.96666667, 0.96666667,
       0.96666667, 0.96666667]), 'tneg': array([5, 8, 9, 6, 8, 7, 4, 2, 4, 3, 1, 0]), 'fpos': array([ 5,  2,  1,  4,  2,  3,  6,  8,  6,  7,  9, 10]), 'threshold': [2.7117163616279045, 2.7117163616279045, 2.7117163616279045, 2.7117163616279045, 2.7117163616279045, 2.7117163616279045, 2.7117163616279045, 2.7117163616279045, 2.7117163616279045, 2.7117163616279045, 2.7117163616279045, 2.7117163616279045], 'fneg': array([1, 1, 2, 1, 2, 1, 1, 0, 0, 0, 0, 0]), 'sensitivity': array([0.33333333, 0.33333333, 0.33333333, 0.33333333, 0.33333333,
       0.33333333, 0.33333333, 0.33333333, 0.33333333, 0.33333333,
       0.33333333, 0.33333333]), 'tpos': array([1, 1, 0, 1, 0, 1, 1, 2, 2, 2, 2, 2])}, {'specificity': array([0.8125, 0.6875, 0.96875, 0.71875, 0.6875, 0.8125, 0.71875, 0.09375,
       0.6875, 0.84375, 0.71875]), 'tneg': array([6, 2, 7, 3, 1, 6, 4, 0, 2, 6, 5]), 'fpos': array([1, 5, 0, 4, 6, 1, 3, 7, 5, 1, 2]), 'threshold': [2.1776025073088965, 2.0710387025772103, 2.3892102341801271, 2.0881525792272155, 2.0710387025772103, 2.2299242229033402, 2.0881525792272155, 1.8808829404162852, 2.0710387025772103, 2.24163401158118, 2.1006934840147236], 'fneg': array([1, 1, 3, 1, 0, 2, 1, 0, 0, 3, 1]), 'sensitivity': array([0.52941176, 0.82352941, 0.11764706, 0.82352941, 0.82352941,
       0.52941176, 0.82352941, 1.0, 0.82352941, 0.29411765, 0.82352941]), 'tpos': array([3, 3, 1, 3, 4, 2, 3, 4, 4, 1, 3])}], <Model object at 0x0000000000000D06>)
