# fold = 1
# threshold = 0.105417429631
# requested specificity = 0.875
# actual training-set specificity = 0.88679245283
# tpos = 0
# tneg = 17
# fpos = 0
# fneg = 0
# raw predictions:
[0.0953829216092 0.0831278708344 0.0940877058713 0.0861412575346
 0.0946677500104 0.0887147977374 0.105400162742 0.0804522572362
 0.0951395145612 0.0882966550705 0.0863067637123 0.0980411466453
 0.0908519908961 0.0897620971787 0.0833919519042 0.0970833312275
 0.0830358756995]
# truth:
[0.93449845 1.2988531 1.161368 1.6294096 0.61278386 1.2380461 2.2526103 0.0
 1.7923917 1.3710679 0.49136169 2.064458 0.79934055 0.0 1.2944662 1.2576786
 2.1379867]
# fold = 2
# threshold = 0.0486924599505
# requested specificity = 0.979591836735
# actual training-set specificity = 0.983050847458
# tpos = 1
# tneg = 11
# fpos = 0
# fneg = 3
# raw predictions:
[0.0404336737769 0.0468195868124 0.0416037652648 0.0416037652648
 0.0453608995489 0.0398386231016 0.0399043230925 0.0404336737769
 0.0520855852665 0.0476953070513 0.04418654454 0.0418324669782
 0.0395551194244 0.0395768585484 0.0394682773687]
# truth:
[1.161368 1.4983106 0.47712126 0.30103 1.2329961 1.1643529 3.3837436
 3.3837436 2.9914033 0.0 3.2387735 0.92427929 0.0 1.2741578 1.9585639]
# fold = 3
# threshold = 0.0935029321018
# requested specificity = 0.9
# actual training-set specificity = 0.909090909091
# tpos = 0
# tneg = 13
# fpos = 2
# fneg = 1
# raw predictions:
[0.0885670388602 0.0823698206685 0.0895064127729 0.0861883141579
 0.0727635681298 0.0731909414878 0.112943725853 0.0816827325442
 0.0760256498278 0.0748021102408 0.0726452620479 0.0936219898424
 0.0794471122185 0.0778198267997 0.0692001589661 0.0714253493752]
# truth:
[3.0803739 1.0863598 0.30103 2.112605 1.9703469 1.0791812 1.3541084
 1.7363965 1.3961993 1.3541084 1.5024271 2.0318123 1.392697 1.9818186
 1.5658478 1.519828]
# fold = 4
# threshold = 0.0999251685012
# requested specificity = 0.897959183673
# actual training-set specificity = 0.910714285714
# tpos = 0
# tneg = 14
# fpos = 0
# fneg = 1
# raw predictions:
[0.0950383335249 0.0957603763328 0.0879746115551 0.0823193013095
 0.0794337131465 0.0814387407382 0.0998048303373 0.0799737831208
 0.075698824215 0.0759803035188 0.0763571035085 0.0942354336641
 0.0780980903147 0.0762627431202 0.082547128031]
# truth:
[3.0803739 1.7810369 0.30103 0.47712126 0.94448267 2.0211893 1.7226339
 1.1303338 0.0 2.0211893 0.61278386 1.9222063 0.61278386 0.79934055
 0.79934055]
# fold = 5
# threshold = 0.0790038242674
# requested specificity = 0.901960784314
# actual training-set specificity = 0.912280701754
# tpos = 0
# tneg = 12
# fpos = 1
# fneg = 2
# raw predictions:
[0.0639292880438 0.0701081889882 0.073193945519 0.078709192438
 0.0650885939661 0.047557597151 0.0565079249709 0.0497651733287
 0.249127908716 0.065646827393 0.0647724235764 0.0544838904499
 0.0480930109699 0.0551674547803 0.0581542439351]
# truth:
[1.8260748 3.3837436 1.8048207 1.8344207 1.7715875 1.1702617 2.4879863
 1.363612 2.3710679 0.0 1.1986571 0.70757018 1.0374265 0.30103 1.7923917]
# Seed = 0.648894043032
# Site = PT1
# Method = adalasso
# Area under ROC curve = 0.714285714286
# aggregate.tpos = 1
# aggregate.tneg = 67
# aggregate.fpos = 3
# aggregate.fneg = 7
# variables: beachturbiditybeach
