# fold = 1
# threshold = 0.106412211389
# requested specificity = 0.818181818182
# actual training-set specificity = 0.822222222222
# tpos = 2
# tneg = 11
# fpos = 0
# fneg = 2
# raw predictions:
[0.101334646652 0.101476930016 0.101522498108 0.101437072821 0.109060491919
 0.142355891686 0.101545092853 0.100659607436 0.100354694426 0.10393181002
 0.102696386169 0.101741950258 0.103371736401 0.101391538745 0.101377215157]
# truth:
[1.5888317 2.6386889 2.0406023 0.93449845 2.8615344 2.5985717 1.2329961
 2.4879863 2.2367891 1.5854607 1.1931246 1.392697 0.86923172 0.79934055
 0.61278386]
# fold = 2
# threshold = 0.118268981032
# requested specificity = 0.888888888889
# actual training-set specificity = 0.911111111111
# tpos = 1
# tneg = 9
# fpos = 2
# fneg = 2
# raw predictions:
[0.114605062509 0.111040356108 0.123895186193 0.12117678607 0.136414986502
 0.114605062509 0.111040356108 0.106766648609 0.107169184843 0.106766648609
 0.106766648609 0.107169184843 0.110625081052 0.111040356108]
# truth:
[0.0 1.1303338 2.3960249 1.6812412 1.9464523 0.0 0.30103 0.0 0.30103
 2.4549972 2.512551 2.2370408 1.0374265 0.99122608]
# fold = 3
# threshold = 0.10004911497
# requested specificity = 0.866666666667
# actual training-set specificity = 0.913043478261
# tpos = 1
# tneg = 9
# fpos = 1
# fneg = 2
# raw predictions:
[0.10004911497 0.10004911497 0.10004911497 0.10004911497 0.107808905502
 0.10004911497 0.10004911497 0.10004911497 0.10004911497 0.102578925082
 0.10004911497 0.10004911497 0.10004911497]
# truth:
[2.3040595 0.79934055 0.0 0.0 3.3837436 2.7136585 0.61278386 1.4842998
 1.1643529 0.71600334 2.7629785 2.1525941 0.8573325]
# fold = 4
# threshold = 0.127231154715
# requested specificity = 0.840909090909
# actual training-set specificity = 0.886363636364
# tpos = 1
# tneg = 8
# fpos = 4
# fneg = 1
# raw predictions:
[0.179705978864 0.152363333777 0.129838267972 0.125944446032 0.128529075977
 0.125944446032 0.127231154715 0.125944446032 0.127231154715 0.124668891266
 0.123404431269 0.144999313432 0.125944446032 0.124668891266]
# truth:
[2.9914033 0.49136169 1.2855573 0.0 1.1903317 1.7024305 1.4899585 0.0
 0.71600334 1.2068259 1.0413927 1.4955443 1.5658478 2.8615344]
# fold = 5
# threshold = 0.132750183378
# requested specificity = 0.795454545455
# actual training-set specificity = 0.840909090909
# tpos = 0
# tneg = 10
# fpos = 2
# fneg = 1
# raw predictions:
[0.136587604848 0.131805206464 0.142518407881 0.131805206464 0.131805206464
 0.131805206464 0.132750183378 0.130865941275 0.129932367727 0.129932367727
 0.130865941275 0.130865941275 0.131805206464]
# truth:
[1.4742163 0.61278386 2.1316187 1.1271048 2.7136585 0.92427929 0.30103
 0.87506126 2.1504494 2.3529539 1.6009729 1.7795965 1.4393327]
# Seed = 0.681882856863
# Site = KR
# Method = adalasso
# Area under ROC curve = 0.571428571429
# aggregate.tpos = 5
# aggregate.tneg = 47
# aggregate.fpos = 9
# aggregate.fneg = 8
# variables: tribwhittleseycreekathwy1304026321tribdischarge
