# fold = 1
# threshold = 0.327626488127
# requested specificity = 0.666666666667
# actual training-set specificity = 0.682926829268
# tpos = 3
# tneg = 8
# fpos = 0
# fneg = 5
# raw predictions:
[0.331942251477 0.327533792816 0.327079780374 0.326024760017 0.32403060593
 0.326607580562 0.32333047122 0.330795411744 0.323837068722 0.332465052072
 0.323137152285 0.324593126691 0.324408637755 0.324565449876 0.323680439871
 0.323247612852]
# truth:
[2.6888 2.4366 3.298 3.2388 1.7024 1.8848 1.5441 2.5628 0.7076 3.3837 2.588
 1.3201 2.6638 1.9939 1.7582 2.3516]
# fold = 2
# threshold = 0.267678219854
# requested specificity = 0.510204081633
# actual training-set specificity = 0.527777777778
# tpos = 1
# tneg = 2
# fpos = 11
# fneg = 1
# raw predictions:
[0.464050469276 0.375868803825 0.866811828167 0.460853528663 0.567688021036
 0.308880143528 0.395193820565 0.597452671398 0.416324796786 0.180091683482
 0.410453790959 0.406872039142 0.507463327396 0.263824960505 0.190323933932]
# truth:
[1.6599 1.933 3.3837 2.2695 2.2871 1.6464 2.2363 2.3308 2.1878 1.5843
 1.8681 1.6375 2.2227 2.236 3.3837]
# fold = 3
# threshold = 0.337862129077
# requested specificity = 0.632653061224
# actual training-set specificity = 0.666666666667
# tpos = 5
# tneg = 6
# fpos = 4
# fneg = 0
# raw predictions:
[0.334784992213 0.472562291103 0.373054758707 0.365108969056 0.433569596452
 0.320735645044 0.333844502486 0.363565722486 0.315595504499 0.338497111712
 0.311675278974 0.432833085866 0.401660473158 0.354962410718 0.301117223088]
# truth:
[1.0374 3.1138 2.5367 2.2867 3.0492 1.7952 2.0195 2.1912 2.2227 1.2068
 1.4928 3.3837 3.1138 2.3398 2.3041]
# fold = 4
# threshold = 0.324862344064
# requested specificity = 0.595744680851
# actual training-set specificity = 0.625
# tpos = 4
# tneg = 6
# fpos = 3
# fneg = 2
# raw predictions:
[0.516258674694 0.562896814191 0.405347086001 0.343904163535 0.309819946343
 0.387807895821 0.374946443706 0.347596028124 0.276096746114 0.286517719432
 0.31539074336 0.313999832971 0.278804881038 0.246935578582 0.267581562812]
# truth:
[1.3541 3.0492 2.6387 3.3837 1.3032 2.588 2.0969 2.1196 1.1173 1.8899
 1.0374 2.8615 1.1903 2.1761 3.3837]
# fold = 5
# threshold = 0.237036694796
# requested specificity = 0.666666666667
# actual training-set specificity = 0.675
# tpos = 5
# tneg = 7
# fpos = 2
# fneg = 0
# raw predictions:
[0.388760282558 0.287329226951 0.8648415134 0.349756476638 0.147706929232
 0.586088529933 0.0250409120011 0.749925266832 0.16519036457 0.192845530369
 0.233881231272 0.105733169622 0.121623066786 0.278858782865]
# truth:
[2.6888 0.0 2.3577 2.3829 1.8651 3.3837 0.9345 3.0804 1.7308 1.9934 1.9504
 1.8681 2.2238 3.3837]
# Seed = 0.552850432268
# Site = RA
# Method = adalasso
# Area under ROC curve = 0.7284144427
# aggregate.tpos = 18
# aggregate.tneg = 29
# aggregate.fpos = 20
# aggregate.fneg = 8
# variables: scperpmean672, beachwaveheightmanual, tribsouthstormwateroutfallwaterelevation, wvhmean24, atdifference2, meanseawatertemperaturecover672hrx138y16sigma0, beachturbiditybeach, qmin336, meancloudcoverover24hr13816
