# fold = 1
# threshold = 0.1535379459
# requested specificity = 0.895833333333
# actual training-set specificity = 0.897959183673
# tpos = 1
# tneg = 13
# fpos = 3
# fneg = 0
# raw predictions:
[0.155174428055 0.153945737201 0.145566703015 0.145488752869 0.148079442829
 0.14784235957 0.1535379459 0.16948701751 0.165293608983 0.148871989425
 0.145177298585 0.147369134294 0.15014734006 0.150948993341 0.148396042352
 0.14393701354 0.143320183221]
# truth:
[1.5502284 0.87506126 0.99122608 1.8488047 1.40824 1.7520484 0.86332286
 3.3837436 0.92427929 1.5888317 1.8998205 1.3909351 0.92941893 1.4785665
 2.0591846 1.8175654 0.87506126]
# fold = 2
# threshold = 0.146790061941
# requested specificity = 0.8
# actual training-set specificity = 0.807692307692
# tpos = 0
# tneg = 9
# fpos = 4
# fneg = 2
# raw predictions:
[0.142733774021 0.154898468914 0.154291565161 0.141631673003 0.148537127869
 0.137651904795 0.144616954856 0.143587980485 0.127443048195 0.136382386221
 0.123557499708 0.140971410164 0.134634998884 0.140917899199 0.149392460882]
# truth:
[1.6599162 1.2253093 2.007321 1.1931246 0.30103 1.243038 3.0196147
 2.4659774 0.0 0.71600334 0.61278386 1.3673559 1.7846173 1.1903317 0.30103]
# fold = 3
# threshold = 0.149477198193
# requested specificity = 0.84
# actual training-set specificity = 0.843137254902
# tpos = 0
# tneg = 12
# fpos = 2
# fneg = 2
# raw predictions:
[0.136315982347 0.159558342902 0.143676688652 0.141801920148 0.174702780962
 0.148961131344 0.145593195016 0.143821169094 0.138173044314 0.140871501784
 0.143317960997 0.137789002738 0.140837046731 0.133832326573 0.135072403434
 0.139212730186]
# truth:
[1.1986571 1.806858 1.2576786 2.6386889 2.112605 0.79934055 1.7520484
 1.6170003 1.8048207 0.0 2.3946268 0.0 1.1271048 1.0791812 0.92427929
 0.79934055]
# fold = 4
# threshold = 0.0944622828767
# requested specificity = 0.918367346939
# actual training-set specificity = 0.927272727273
# tpos = 2
# tneg = 9
# fpos = 1
# fneg = 3
# raw predictions:
[0.0862743671286 0.0835357666601 0.0964378471643 0.0878541141184
 0.0885476180731 0.0816341654091 0.0831630201456 0.0852571922757
 0.0950730231277 0.0962435760894 0.0825400429718 0.0916298388919
 0.083536790796 0.0851952981332 0.0822992326961]
# truth:
[2.6134189 1.6042261 1.8260748 1.0413927 1.544068 0.71600334 1.2671717
 0.49136169 3.3837436 2.8380931 1.0334238 1.7489629 1.6294096 3.3837436
 2.4549972]
# fold = 5
# threshold = 0.119041940753
# requested specificity = 0.877551020408
# actual training-set specificity = 0.88679245283
# tpos = 0
# tneg = 10
# fpos = 2
# fneg = 3
# raw predictions:
[0.114806649118 0.114012156076 0.111420738167 0.11211100874 0.111420738167
 0.112016418985 0.111609644213 0.133130968663 0.111620412851 0.111420738167
 0.121696996215 0.111420738167 0.112720463812 0.111423509348 0.111420738167]
# truth:
[1.1643529 3.2980448 1.6314438 2.6799727 1.6821451 2.0318123 2.0166155
 2.25042 1.2068259 2.2250507 0.86923172 1.8299467 2.1945143 2.4141374
 1.7371926]
# Seed = 0.531001581651
# Site = PT3
# Method = adalasso
# Area under ROC curve = 0.618934911243
# aggregate.tpos = 3
# aggregate.tneg = 53
# aggregate.fpos = 12
# aggregate.fneg = 10
# variables: uploadpointbeachesarea500484473935e7sumover48hrgeographicalmeankgm2, logbeachturbiditybeach
