# fold = 1
# threshold = 0.116292871024
# requested specificity = 0.847826086957
# actual training-set specificity = 0.857142857143
# tpos = 0
# tneg = 11
# fpos = 5
# fneg = 0
# raw predictions:
[0.116292871024 0.109717338994 0.109717338994 0.111286144774 0.152401735509
 0.109717338994 0.118497858106 0.125525424555 0.110412178243 0.110412178243
 0.109544229247 0.112519860822 0.112342887286 0.117207253135 0.117207253135
 0.110064278116]
# truth:
[1.70927 1.5611014 1.7581546 1.8344207 2.0338257 1.2576786 2.0182843
 1.5728716 2.286681 0.30103 1.30103 2.1752218 2.1664301 1.4548449 1.6821451
 1.9822712]
# fold = 2
# threshold = 0.115852129788
# requested specificity = 0.913043478261
# actual training-set specificity = 0.924528301887
# tpos = 0
# tneg = 11
# fpos = 1
# fneg = 2
# raw predictions:
[0.0271976503774 0.0258629254754 0.0387742865134 0.045292364561
 0.157610484283 0.0883083995551 0.0301015371019 0.0272569682463
 0.0323887276763 0.0334770602607 0.0302273214578 0.034655076759
 0.0399265572528 0.0401871464016]
# truth:
[0.93449845 0.71600334 1.4456042 2.006038 2.1251558 2.0557605 1.7566361
 0.99122608 0.71600334 2.6386889 1.6551384 3.3837436 1.6963564 1.7715875]
# fold = 3
# threshold = 0.0641084313048
# requested specificity = 0.933333333333
# actual training-set specificity = 0.944444444444
# tpos = 3
# tneg = 11
# fpos = 0
# fneg = 1
# raw predictions:
[0.0585895867273 0.0724894367377 0.0645413192249 0.0580628746152
 0.0956100112596 0.0574107323808 0.0578011877029 0.0575406081551
 0.0574107323808 0.057670759761 0.0574107323808 0.0574107323808
 0.0575406081551 0.0614290552542 0.0574107323808]
# truth:
[1.075547 2.9914033 3.1503265 2.7383841 2.5627685 1.7767012 1.5327544
 0.61278386 1.5899496 1.7024305 0.97772361 1.5024271 1.3856063 2.2913689
 1.0374265]
# fold = 4
# threshold = 0.0974577883788
# requested specificity = 0.808510638298
# actual training-set specificity = 0.826923076923
# tpos = 1
# tneg = 6
# fpos = 7
# fneg = 0
# raw predictions:
[0.0979910186132 0.0979910186132 0.0963990882316 0.09834794877
 0.0963990882316 0.105733305112 0.102166139238 0.0963990882316
 0.101796916364 0.111789252188 0.0992453456606 0.0971037409214
 0.0965748219771 0.0963990882316]
# truth:
[1.3856063 1.8773713 0.79934055 1.6954817 1.6812412 2.1525941 2.7629785
 1.1303338 2.3040595 2.1664301 1.161368 1.3344538 2.1142773 1.2068259]
# fold = 5
# threshold = 0.0923080683952
# requested specificity = 0.913043478261
# actual training-set specificity = 0.923076923077
# tpos = 0
# tneg = 12
# fpos = 1
# fneg = 1
# raw predictions:
[0.101076366865 0.0915220377925 0.0852027489725 0.0847146757279
 0.0904833618833 0.0813686654398 0.0888943862098 0.0843260453011
 0.0843260453011 0.0838907714374 0.0847146757279 0.0837461342995
 0.0851049307558 0.0855459161114]
# truth:
[2.3147097 2.0318123 2.2671717 1.4785665 3.3837436 2.0318123 2.0652061
 2.1051694 1.4983106 1.5263393 1.3031961 2.0195317 1.382017 1.8382192]
# Seed = 0.540390778983
# Site = MS
# Method = adalasso
# Area under ROC curve = 0.776923076923
# aggregate.tpos = 4
# aggregate.tneg = 51
# aggregate.fpos = 14
# aggregate.fneg = 4
# variables: wcqmaxdiff48
