# Site = pointlakeshore
# Method = gbm-weighted
# fold = 1
# threshold = 1.80824219714
# requested specificity = 0.9
# actual training-set specificity = 0.888888888889
# tpos = 4
# tneg = 11
# fpos = 1
# fneg = 1
# raw predictions:
[2.043330306956367, 1.9693665355922438, 1.5493396548148137, 1.5731045251948692, 1.7145337301799781, 1.3917372441760993, 1.5154576369204091, 1.5919024948863692, 1.9020405509304281, 1.5131284473187092, 1.7698081398266767, 1.5651545609124473, 1.5417291793845749, 2.038719626932332, 1.8110781237844094, 1.805507033375598, 1.5733786897589743]
# truth:
array('d', [1.294466226, 2.886547123, 0.30102999600000002, 1.193124598, 1.489958479, 0.79934054899999996, 1.434568904, 1.600972896, 2.454997217, 1.784617293, 1.797267541, 0.30102999600000002, 1.913813852, 2.420120848, 3.19119942, 3.113843119, 1.120573931])
# fitted:
[1.3339838593562596, 1.6159581297793761, 1.5800811929728438, 1.7324263764399408, 1.9494445450760305, 1.4306291876169472, 1.349334141644158, 1.3470969395432952, 1.42027330264643, 2.1161581664555293, 1.9605293415167566, 1.986713348814543, 1.6219769820489753, 1.691907676270265, 1.6199586925328455, 1.6221454002329308, 1.3499610831266087, 2.041794853652098, 1.4862842602178332, 1.357743834302998, 1.2861691336523704, 1.4289633284650083, 1.463233488978882, 1.647700823635951, 1.6049165774827079, 1.4463176844436296, 1.2431170594398009, 1.7763616828261817, 2.13777019736553, 1.5992355609714233, 1.6624106611546996, 1.751036314228112, 1.3649578646614737, 1.2232126712399793, 1.5093130828658208, 1.454143796661794, 1.3879867622399387, 1.9686185531746339, 2.009115365777437, 1.6304462858020254, 1.2109309748622363, 1.5193211448449973, 1.5035392237512404, 1.8082421971418683, 1.4945037231147904, 1.7290409529385444, 1.5472451426417315, 1.433801440557135, 1.7510011389327327, 1.8000375260560195, 1.8747867697402885, 1.4562741691529337, 1.8785031916838095, 1.6472640841193447, 1.650986880237379, 1.2298821048088695, 1.5936301006313227, 1.4220263536033448, 1.9028707411927257, 1.7432304497359117, 1.634318332950819]
# actual:
[0.47712125500000002, 1.907411361, 1.227886705, 1.774516966, 1.769377326, 0.87506126299999998, 0.61278385700000004, 0.61278385700000004, 1.59439255, 3.298044843, 2.495544338, 2.561816664, 1.72427587, 1.812913357, 1.555094449, 1.589949601, 0.49136169400000007, 3.238773502, 1.206825876, 0.70757017600000005, 0.0, 1.271841607, 1.238046103, 1.309630167, 1.59439255, 1.334453751, 0.0, 1.588831726, 3.298044843, 1.779596491, 2.061829307, 1.675778342, 0.70757017600000005, 0.0, 1.127104798, 1.320146286, 0.99122607600000001, 2.058805487, 2.033825694, 1.537819095, 0.0, 1.465382851, 1.394451681, 1.729974286, 1.190331698, 1.439332694, 1.376576957, 0.98677173399999996, 2.197556213, 2.08278537, 1.682145076, 1.025305865, 2.208441356, 1.037426498, 0.71600334399999999, 0.61278385700000004, 1.607455023, 0.30102999600000002, 3.383743576, 2.45909079, 2.314709693]
# fold = 2
# threshold = 1.85930022530
# requested specificity = 0.9
# actual training-set specificity = 0.88679245283
# tpos = 0
# tneg = 13
# fpos = 0
# fneg = 2
# raw predictions:
[1.5240905832698044, 1.510491641880525, 1.7242287697141467, 1.782477386053758, 1.7401471385651122, 1.3316559198836593, 1.4132343655332016, 1.2804534251387143, 1.428698218095724, 1.4819637835253285, 1.4991787344116063, 1.7112988807154104, 1.4778403235083075, 1.428607056911961, 1.555972478063243]
# truth:
array('d', [0.47712125500000002, 0.61278385700000004, 2.495544338, 2.561816664, 1.589949601, 1.334453751, 1.320146286, 0.0, 1.465382851, 1.190331698, 2.197556213, 2.08278537, 1.025305865, 2.208441356, 1.607455023])
# fitted:
[2.0837201088097688, 2.3199410979615918, 1.6666303222618206, 1.6283113752088405, 1.8050032856419218, 1.9839971437669406, 1.2588362834516464, 1.4145613049637311, 1.234083425920188, 1.4528688296957129, 2.2808739321272786, 1.5059123824494416, 1.7421089868570028, 1.6510402823652772, 1.2962395285855617, 1.4879587537714294, 1.729607028319025, 1.6889641512253317, 1.2881361143769152, 2.2908045977605735, 1.6442023180210377, 1.4219870550048535, 1.271212125534933, 1.149765387844877, 2.0409515207572797, 1.6658106092702807, 1.4447295997739875, 1.8416249691941646, 1.4069100209175873, 1.6683133435115491, 1.6166484041278328, 1.0818616730019572, 1.1241044592369083, 1.8593002253036735, 1.8793463231938914, 2.397442516447265, 2.543441887719444, 2.410339324231219, 1.6870954544126402, 2.282030830500114, 1.7929860977758751, 1.710279021601714, 1.2333387637662814, 1.0823863573746961, 1.4198716204707023, 1.4298315588435506, 1.3733495068448318, 2.030557585411097, 2.120356568958219, 1.6401527608032531, 1.4414717550533578, 1.7084217457851194, 1.7282705528048161, 1.496360104104336, 1.3107058610751574, 1.77377830353972, 1.4253424898250218, 1.621150811211025, 1.1680675793685782, 1.3562297703431776, 2.108427254772066, 1.6903156463681193, 1.6476628181335575]
# actual:
[1.294466226, 2.886547123, 1.907411361, 1.227886705, 1.774516966, 1.769377326, 0.30102999600000002, 0.87506126299999998, 0.61278385700000004, 1.59439255, 3.298044843, 1.193124598, 1.72427587, 1.489958479, 0.79934054899999996, 1.434568904, 1.812913357, 1.555094449, 0.49136169400000007, 3.238773502, 1.600972896, 1.206825876, 0.70757017600000005, 0.0, 2.454997217, 1.784617293, 1.271841607, 1.797267541, 1.238046103, 1.309630167, 1.59439255, 0.0, 0.30102999600000002, 1.588831726, 1.913813852, 2.420120848, 3.298044843, 3.19119942, 1.779596491, 3.113843119, 2.061829307, 1.675778342, 0.70757017600000005, 0.0, 1.127104798, 1.120573931, 0.99122607600000001, 2.058805487, 2.033825694, 1.537819095, 1.394451681, 1.729974286, 1.439332694, 1.376576957, 0.98677173399999996, 1.682145076, 1.037426498, 0.71600334399999999, 0.61278385700000004, 0.30102999600000002, 3.383743576, 2.45909079, 2.314709693]
# fold = 3
# threshold = 1.86949318320
# requested specificity = 0.9
# actual training-set specificity = 0.882352941176
# tpos = 0
# tneg = 12
# fpos = 3
# fneg = 1
# raw predictions:
[2.105024187128802, 1.6476844704357785, 1.6894078180577916, 1.5944718250938272, 1.4836358107621326, 1.5745838166976354, 1.459080957466343, 1.503046550702046, 2.2168879878424117, 1.4937392072489633, 1.60727779942025, 1.349619989433462, 2.0255497612066113, 1.746901035695828, 1.6903655896383387, 1.6528948640824688]
# truth:
array('d', [1.769377326, 1.555094449, 0.70757017600000005, 0.0, 1.271841607, 1.59439255, 0.70757017600000005, 0.99122607600000001, 2.033825694, 1.394451681, 1.729974286, 1.376576957, 1.682145076, 1.037426498, 0.30102999600000002, 3.383743576])
# fitted:
[1.0662825489065855, 2.130313644346915, 2.3544664898106498, 1.6330184467546272, 1.55265351647022, 1.707271058234435, 1.0473478026831915, 1.3686664059361042, 1.1766956140717733, 1.2579461007843873, 1.437075582115058, 2.3609679728673436, 2.1087252663841767, 2.251214778918286, 1.497384975146796, 1.6521038885509005, 1.6724042924282911, 1.235451492118076, 1.5307327437336902, 1.7478152395126638, 1.6028437727406784, 1.2426273141063642, 2.413926120114443, 1.649101871936455, 1.5611762509926097, 2.212298469680119, 1.6826881565283174, 1.7719699187851052, 1.3967563493781319, 1.7570529485392634, 1.3970820435178077, 0.85483198263629279, 1.0452679660940611, 1.9767119780625144, 1.869493183202253, 2.4878363809272814, 2.582846745840644, 2.406530516500472, 1.6510311377204268, 2.353713771149959, 1.8562801117709382, 1.6437436722224048, 0.9701957116463712, 1.2991575163488354, 1.375893590683507, 1.4171762867245623, 2.0281744200324088, 1.5497848319146546, 0.90712325672941252, 1.4925884841039252, 1.4073816381922752, 1.7919875622518675, 1.2937156328530963, 1.8049337627678495, 1.9282534187260934, 1.4585263437779523, 1.9297251421281974, 1.5565923539684086, 0.97099219528033076, 1.6498956171273698, 1.87021556644721, 1.777315876403958]
# actual:
[0.47712125500000002, 1.294466226, 2.886547123, 1.907411361, 1.227886705, 1.774516966, 0.30102999600000002, 0.87506126299999998, 0.61278385700000004, 0.61278385700000004, 1.59439255, 3.298044843, 2.495544338, 2.561816664, 1.193124598, 1.72427587, 1.489958479, 0.79934054899999996, 1.434568904, 1.812913357, 1.589949601, 0.49136169400000007, 3.238773502, 1.600972896, 1.206825876, 2.454997217, 1.784617293, 1.797267541, 1.238046103, 1.309630167, 1.334453751, 0.0, 0.30102999600000002, 1.588831726, 1.913813852, 2.420120848, 3.298044843, 3.19119942, 1.779596491, 3.113843119, 2.061829307, 1.675778342, 0.0, 1.127104798, 1.320146286, 1.120573931, 2.058805487, 1.537819095, 0.0, 1.465382851, 1.190331698, 1.439332694, 0.98677173399999996, 2.197556213, 2.08278537, 1.025305865, 2.208441356, 0.71600334399999999, 0.61278385700000004, 1.607455023, 2.45909079, 2.314709693]
# fold = 4
# threshold = 1.91015844951
# requested specificity = 0.9
# actual training-set specificity = 0.882352941176
# tpos = 0
# tneg = 12
# fpos = 3
# fneg = 0
# raw predictions:
[1.6727402813398886, 1.23705995066876, 1.5927269630046126, 1.5457276782202196, 1.5922259682802844, 1.500212289583445, 1.3955746381263579, 1.103147474112993, 1.9547682477857715, 1.6315065412610585, 1.3597748831928038, 2.009762081515191, 1.4187961672596359, 2.1715261867803752, 1.309985095835317]
# truth:
array('d', [1.774516966, 1.59439255, 1.72427587, 1.812913357, 0.49136169400000002, 1.206825876, 1.238046103, 0.0, 1.588831726, 1.675778342, 1.127104798, 2.058805487, 0.98677173399999996, 0.71600334399999999, 2.314709693])
# fitted:
[1.1631291113589997, 2.1059039020718986, 2.410164331290818, 1.5499019936714764, 1.5947875152398328, 2.0947431373267498, 1.1464101612150648, 1.4622820578516065, 1.2209346942393404, 1.2337581417514736, 2.455251079625113, 2.1666490516066133, 2.189636524342243, 1.4205688679986657, 1.6673115388623918, 1.217454986687346, 1.5436325445338706, 1.69632315105461, 1.7387553932041617, 2.34668919584585, 1.6373452434977809, 1.2396275313337992, 1.0973406873080394, 2.2428592200192106, 1.6611845201192588, 1.3896881404156358, 1.8732916627934422, 1.7271382122831183, 1.6059673906259933, 1.377231698578755, 1.1545970567817576, 1.9419623941967352, 2.5267527240043375, 2.610139721336139, 2.472498037516219, 1.6667895721058543, 2.3161411987191376, 1.7299662511885263, 1.1438320857744435, 1.0324028570622597, 1.4282640744039592, 1.4207678832006294, 1.292672672864386, 2.2176263390938353, 1.598271270090782, 1.0351262414361462, 1.5180405653505402, 1.4333328550950395, 1.7520199500505065, 1.428147482347845, 1.7797591523693728, 1.513427710358656, 1.771764373866601, 1.9101584495148225, 1.9110809893437484, 1.3819729247246049, 1.8002978121377855, 1.467041572808281, 1.090663423118774, 1.6511072638578546, 1.2991513653589948, 2.1695811438384056, 1.7015557869714844]
# actual:
[0.47712125500000002, 1.294466226, 2.886547123, 1.907411361, 1.227886705, 1.769377326, 0.30102999600000002, 0.87506126299999998, 0.61278385700000004, 0.61278385700000004, 3.298044843, 2.495544338, 2.561816664, 1.193124598, 1.489958479, 0.79934054899999996, 1.434568904, 1.555094449, 1.589949601, 3.238773502, 1.600972896, 0.70757017600000005, 0.0, 2.454997217, 1.784617293, 1.271841607, 1.797267541, 1.309630167, 1.59439255, 1.334453751, 0.30102999600000002, 1.913813852, 2.420120848, 3.298044843, 3.19119942, 1.779596491, 3.113843119, 2.061829307, 0.70757017600000005, 0.0, 1.320146286, 1.120573931, 0.99122607600000001, 2.033825694, 1.537819095, 0.0, 1.465382851, 1.394451681, 1.729974286, 1.190331698, 1.439332694, 1.376576957, 2.197556213, 2.08278537, 1.682145076, 1.025305865, 2.208441356, 1.037426498, 0.61278385700000004, 1.607455023, 0.30102999600000002, 3.383743576, 2.45909079]
# fold = 5
# threshold = 1.77707730021
# requested specificity = 0.9
# actual training-set specificity = 0.890909090909
# tpos = 3
# tneg = 8
# fpos = 3
# fneg = 1
# raw predictions:
[1.4456444729662217, 1.629928127391406, 1.7938835197354206, 1.4771309942521687, 1.8615959527116281, 1.8391600199681581, 1.7985433515780278, 1.9751776266470607, 1.4816824297103381, 1.4406581432272434, 1.4176949117618152, 1.5746437130204243, 1.8758788235738981, 1.2937996041223894, 1.3293132386359012]
# truth:
array('d', [1.907411361, 1.227886705, 0.87506126299999998, 0.61278385700000004, 3.298044843, 3.238773502, 1.309630167, 3.298044843, 1.779596491, 2.061829307, 0.0, 1.537819095, 1.439332694, 0.61278385700000004, 2.45909079])
# fitted:
[1.3107295243444574, 1.7957445241539918, 1.9606495514108444, 1.7194003030114933, 1.8834136363196057, 1.3033099184557502, 1.3709784960451859, 1.4864463155533711, 1.8926056525954258, 1.9487528032496708, 1.4921523428830905, 1.6197777292407132, 1.5087410736773022, 1.30550176163997, 1.515039007272427, 1.6103532769863374, 1.607603861849802, 1.6537489862531385, 1.3306591910331869, 1.5586267031715548, 1.3937848553633645, 1.2968711902741716, 1.265529957030401, 1.961838585899389, 1.5535523877862123, 1.4413230925707958, 1.777077300207267, 1.463363223113103, 1.5559634348710791, 1.452283437129481, 1.153384192283085, 1.241398619185834, 1.7182102656490608, 1.7593162626889558, 2.0589380934287016, 2.06091403228796, 1.9741653652398372, 1.6029686125669238, 1.2989563364561245, 1.4114729714351977, 1.4139183910041067, 1.455011204627924, 1.3139200720837698, 1.8873952462343047, 1.9546927796928413, 1.2352518117075584, 1.522525354850891, 1.4650302505575683, 1.739178455199631, 1.476003763774381, 1.5242344553510585, 1.3964983797152197, 1.7534968147801142, 1.8365919447105776, 1.7471496210983635, 1.3952831358105282, 1.7078916073305244, 1.3677978610898383, 1.6207173972004016, 1.6255583567699903, 1.3179673498193003, 1.808551283409303, 1.529400688984159]
# actual:
[0.47712125500000002, 1.294466226, 2.886547123, 1.774516966, 1.769377326, 0.30102999600000002, 0.61278385700000004, 1.59439255, 2.495544338, 2.561816664, 1.193124598, 1.72427587, 1.489958479, 0.79934054899999996, 1.434568904, 1.812913357, 1.555094449, 1.589949601, 0.49136169400000007, 1.600972896, 1.206825876, 0.70757017600000005, 0.0, 2.454997217, 1.784617293, 1.271841607, 1.797267541, 1.238046103, 1.59439255, 1.334453751, 0.0, 0.30102999600000002, 1.588831726, 1.913813852, 2.420120848, 3.19119942, 3.113843119, 1.675778342, 0.70757017600000005, 1.127104798, 1.320146286, 1.120573931, 0.99122607600000001, 2.058805487, 2.033825694, 0.0, 1.465382851, 1.394451681, 1.729974286, 1.190331698, 1.376576957, 0.98677173399999996, 2.197556213, 2.08278537, 1.682145076, 1.025305865, 2.208441356, 1.037426498, 0.71600334399999999, 1.607455023, 0.30102999600000002, 3.383743576, 2.314709693]
# Area under ROC curve = 0.809343434343
# aggregate.tpos = 7
# aggregate.tneg = 56
# aggregate.fpos = 10
# aggregate.fneg = 5
# variables: logkrqmean12, logmrqmean6, manitowocrsumgdp2hrsqrt, beachsc, wvperpmean12, logmrqmean120, scperpmean6, mrqmin72, logmrqmean1, dirwvhperpmean6, dcparlmean24, airtempmean12hr, dcperpmean120, wndparlmean2, scperpmean2, dirwvhparlmean1, seawatertemp0stdev12hr, manitowocrsumgdp48hrsqrt, airtempmean72hr, krqmin6, logmrqmean12, wndparlmean6, krqmax24, airtempstdev120hr, airtempstdev24hr, logkrqmean48, wvperpmean1, wvparlmean24, dirwvhparlmean12, sig.waveheightmean12hr, krqmin2, wvperpmean24, scparlmean24, krqmin12, seawatertemp0mean24hr, dcparlmean48, seawatertemp0stdev48hr, mrqmin6, mrqmax24, logkrqmean24, krqmin48, wvparlmean1, dirwvhparlmean2, tribmolashcreektribturbidity, pointbeachessumgdp48hrsqrt, dcperpmean24, wvperpmean6, mrqmin2, dcperpmean48, logkrqmean6, krqmin1, cloudcovermean48hr, mrqmin12, manitowocrsumgdp6hrsqrt, airtempmean1hr, heightabovesealevelmin1hr, dirwvhparlmean6, wndparlmean1, mrqdifference6, dcparlmean12, dirwvhperpmean24, seawatertemp0mean2hr, wvperpmean2, mrqmin48, logmrqmean48, scparlmean48, scparlmean120, airtempstdev72hr, airtempstdev12hr, sig.waveheightmean1hr, mrqmin1, airtempmean24hr, krqdifference6, mrqmin120, seawatertemp0mean1hr, heightabovesealevelmean24hr, seawatertemp0mean12hr, scperpmean24, seawatertemp0mean48hr, seawatertemp0stdev72hr, scperpmean48, seawatertemp0stdev24hr, seawatertemp0stdev120hr, heightabovesealevelmin24hr, dirwvhperpmean1, wvparlmean12, cloudcovermean24hr, dcperpmean12, cloudcovermean1hr, scparlmean12, seawatertemp0mean120hr, wndparlmean12, pointbeachessumgdp24hrsqrt, dcparlmean1, scperpmean120, wndperpmean2, sig.waveheightmean6hr, manitowocrsumgdp24hrsqrt, airtempmean6hr, logmrqmean24, seawatertemp0mean72hr, wndperpmean6, manitowocrsumgdp12hrsqrt, dcparlmean72, wndperpmean12, krqmin24, manitowocrsumgdp1hrsqrt, airtempmean2hr, sig.waveheightmean2hr, airtempmean48hr, logbeachturbiditybeach, beachturbiditybeach, dcparlmean6, krqmin120, logkrqmean2, scperpmean12, heightabovesealevelmax1hr, heightabovesealevelmean1hr, dcperpmean1, airtempmean120hr, pointbeachessumgdp120hrsqrt, scparlmean1, cloudcovermean2hr, mrqmin24, manitowocrsumgdp72hrsqrt, dcparlmean2, pointbeachessumgdp6hrsqrt, heightabovesealeveldiff24hr, heightabovesealevelmax24hr, dcperpmean72, scparlmean72, manitowocrsumgdp120hrsqrt, logkrqmean72, airtempstdev6hr, cloudcovermean12hr, cloudcovermean6hr, airtempstdev48hr, logkrqmean1, pointbeachessumgdp72hrsqrt, wndparlmean24, wvparlmean6, dcperpmean6, wndperpmean1, scparlmean6, logkrqmean120, tribmolashcreektribsc, seawatertemp0stdev6hr, dirwvhparlmean24, scperpmean1, jday, krqmin72, pointbeachessumgdp12hrsqrt, logmrqmean2, wvparlmean2, wndperpmean24, dcperpmean2, scparlmean2, pointbeachessumgdp2hrsqrt, dirwvhperpmean12, sig.waveheightmean24hr, dcparlmean120, seawatertemp0mean6hr, logtribmolashcreektribturbidity, scperpmean72, pointbeachessumgdp1hrsqrt, dirwvhperpmean2, logmrqmean72
# decision threshold: 1.83775410437
